 ******* Program HYDRUS
 ******* 
 Welcome to HYDRUS-1D                                                    
 Date:   3. 3.2022    Time:  23: 2: 8
 Units: L = cm   , T = days , M = mg   

----------------------------------------------------------
 Time       [T]        0.0000
----------------------------------------------------------
 Sub-region num.                     1
----------------------------------------------------------
 Length   [L]        0.30000E+03  0.30000E+03
 W-volume [L]        0.10189E+03  0.10189E+03
 In-flow  [L/T]      0.00000E+00  0.00000E+00
 h Mean   [L]       -0.70770E+02 -0.70770E+02
 ConcVol  [M/L2] 1   0.26005E+00  0.26005E+00
 cMean    [M/L3] 1   0.25562E-02  0.25562E-02
 SorbVolIm[M/L2] 1   0.44470E+02  0.44470E+02
 sMeanIm  [-]    1   0.10223E+00  0.10223E+00
 Top Flux [L/T]      0.31789E-01
 Bot Flux [L/T]     -0.98521E+00
----------------------------------------------------------

----------------------------------------------------------
 Time       [T]        1.0000
----------------------------------------------------------
 Sub-region num.                     1
----------------------------------------------------------
 Length   [L]        0.30000E+03  0.30000E+03
 W-volume [L]        0.10181E+03  0.10181E+03
 In-flow  [L/T]     -0.80731E+00 -0.80731E+00
 h Mean   [L]       -0.70516E+02 -0.70516E+02
 ConcVol  [M/L2] 1   0.25979E+00  0.25979E+00
 cMean    [M/L3] 1   0.25558E-02  0.25558E-02
 SorbVolIm[M/L2] 1   0.44468E+02  0.44468E+02
 sMeanIm  [-]    1   0.10223E+00  0.10223E+00
 Top Flux [L/T]      0.19028E-01
 Bot Flux [L/T]     -0.75105E+00
 WatBalT  [L]       -0.76741E-05
 WatBalR  [%]              0.001
 CncBalT  [M]    1   0.64850E-04
 CncBalR  [%]    1         3.727
----------------------------------------------------------
 
 Calculation time [sec]  1.000005006790161E-002
