 ******* Program HYDRUS
 ******* 
 Welcome to HYDRUS-1D                                                    
 Date:  28. 3.2022    Time:   8:57:35
 Units: L = cm   , T = days , M = mg   

----------------------------------------------------------
 Time       [T]        0.0000
----------------------------------------------------------
 Sub-region num.                     1
----------------------------------------------------------
 Length   [L]        0.30000E+03  0.30000E+03
 W-volume [L]        0.11082E+03  0.11082E+03
 In-flow  [L/T]      0.00000E+00  0.00000E+00
 h Mean   [L]        0.87701E+02  0.87701E+02
 ConcVol  [M/L2] 1   0.98725E-01  0.98725E-01
 cMean    [M/L3] 1   0.89118E-03  0.89118E-03
 SorbVolIm[M/L2] 1   0.46520E+02  0.46520E+02
 sMeanIm  [-]    1   0.10694E+00  0.10694E+00
 Top Flux [L/T]      0.46174E-01
 Bot Flux [L/T]      0.14480E+00
----------------------------------------------------------

----------------------------------------------------------
 Time       [T]        1.0000
----------------------------------------------------------
 Sub-region num.                     1
----------------------------------------------------------
 Length   [L]        0.30000E+03  0.30000E+03
 W-volume [L]        0.11073E+03  0.11073E+03
 In-flow  [L/T]      0.99454E-01  0.99454E-01
 h Mean   [L]        0.83735E+02  0.83735E+02
 ConcVol  [M/L2] 1   0.98642E-01  0.98642E-01
 cMean    [M/L3] 1   0.89121E-03  0.89121E-03
 SorbVolIm[M/L2] 1   0.46521E+02  0.46521E+02
 sMeanIm  [-]    1   0.10694E+00  0.10694E+00
 Top Flux [L/T]      0.48442E-01
 Bot Flux [L/T]      0.15297E+00
 WatBalT  [L]       -0.89311E-02
 WatBalR  [%]              2.221
 CncBalT  [M]    1   0.76294E-04
 CncBalR  [%]    1        85.643
----------------------------------------------------------
 
 Calculation time [sec]  9.999990463256836E-003
