 All solute fluxes and cumulative solute fluxes are positive into the region

       Time         cvTop        cvBot      Sum(cvTop)   Sum(cvBot)     cvCh0        cvCh1         cTop        cRoot         cBot        cvRoot    Sum(cvRoot)  Sum(cvNEql) TLevel      cGWL        cRunOff   Sum(cRunOff)    (cv(i),    Sum(cv(i)), i=1,NObs)
        [T]        [M/L2/T]     [M/L2/T]      [M/L2]       [M/L2]       [M/L2]      [M/L2]        [M/L3]      [M/L3]        [M/L3]      [M/L2/T]      [M/L2]       [M/L2]              [M/L3]        [M/L2]      [M/L3]      [M/L2/T]      [M/L2]
        0.0100  0.00000E+00 -0.13085E-02  0.00000E+00 -0.13085E-04  0.00000E+00  0.00000E+00  0.10664E-02  0.10705E-02  0.88166E-03  0.42163E-05  0.42163E-07  0.60891E-05       1  0.88310E-03  0.00000E+00  0.00000E+00  0.13806E-03  0.13806E-05 -0.29133E-03 -0.29133E-05  0.82801E-04  0.82801E-06
        0.0200  0.00000E+00 -0.17181E-02  0.00000E+00 -0.30266E-04  0.00000E+00  0.00000E+00  0.10665E-02  0.10702E-02  0.88172E-03  0.42154E-05  0.84316E-07  0.91565E-05       2  0.88310E-03  0.00000E+00  0.00000E+00  0.12670E-03  0.26476E-05 -0.27879E-03 -0.57011E-05  0.79172E-04  0.16197E-05
        0.0330  0.00000E+00 -0.14879E-02  0.00000E+00 -0.49608E-04  0.00000E+00  0.00000E+00  0.10661E-02  0.10704E-02  0.88168E-03  0.42159E-05  0.13912E-06  0.95609E-05       3  0.88310E-03  0.00000E+00  0.00000E+00  0.97943E-04  0.39209E-05 -0.25915E-03 -0.90701E-05  0.73308E-04  0.25727E-05
        0.0499  0.00000E+00 -0.13126E-02  0.00000E+00 -0.71791E-04  0.00000E+00  0.00000E+00  0.10656E-02  0.10704E-02  0.88167E-03  0.42157E-05  0.21037E-06  0.10223E-04       4  0.88309E-03  0.00000E+00  0.00000E+00  0.38616E-04  0.45735E-05 -0.23246E-03 -0.12999E-04  0.65695E-04  0.36830E-05
        0.0719  0.00000E+00 -0.11914E-02  0.00000E+00 -0.97967E-04  0.00000E+00  0.00000E+00  0.10645E-02  0.10704E-02  0.88166E-03  0.42158E-05  0.30299E-06  0.92853E-05       5  0.88309E-03  0.00000E+00  0.00000E+00 -0.65634E-04  0.31315E-05 -0.18897E-03 -0.17150E-04  0.54097E-04  0.48715E-05
        0.1004  0.00000E+00 -0.10881E-02  0.00000E+00 -0.12904E-03  0.00000E+00  0.00000E+00  0.10628E-02  0.10704E-02  0.88165E-03  0.42158E-05  0.42340E-06  0.29449E-05       6  0.88309E-03  0.00000E+00  0.00000E+00 -0.22533E-03 -0.33041E-05 -0.11006E-03 -0.20294E-04  0.34689E-04  0.58622E-05
        0.1376  0.00000E+00 -0.99802E-03  0.00000E+00 -0.16610E-03  0.00000E+00  0.00000E+00  0.10604E-02  0.10704E-02  0.88164E-03  0.42159E-05  0.57993E-06 -0.16639E-04       7  0.88309E-03  0.00000E+00  0.00000E+00 -0.45556E-03 -0.20219E-04 -0.18582E-03 -0.27193E-04 -0.30402E-05  0.57494E-05
        0.1858  0.00000E+00 -0.91401E-03  0.00000E+00 -0.21022E-03  0.00000E+00  0.00000E+00  0.10573E-02  0.10703E-02  0.88164E-03  0.42157E-05  0.78341E-06 -0.66429E-04       8  0.88309E-03  0.00000E+00  0.00000E+00 -0.75772E-03 -0.56792E-04 -0.86362E-03 -0.68878E-04 -0.82753E-04  0.17550E-05
        0.2358  0.00000E+00 -0.83990E-03  0.00000E+00 -0.25221E-03  0.00000E+00  0.00000E+00  0.10545E-02  0.10702E-02  0.88163E-03  0.42153E-05  0.99418E-06 -0.14735E-03       9  0.88309E-03  0.00000E+00  0.00000E+00 -0.10501E-02 -0.10930E-03 -0.17930E-02 -0.15853E-03 -0.20633E-03 -0.85613E-05
        0.2858  0.00000E+00 -0.77919E-03  0.00000E+00 -0.29117E-03  0.00000E+00  0.00000E+00  0.10528E-02  0.10701E-02  0.88163E-03  0.42150E-05  0.12049E-05 -0.24832E-03      10  0.88309E-03  0.00000E+00  0.00000E+00 -0.12244E-02 -0.17052E-03 -0.27772E-02 -0.29739E-03 -0.36660E-03 -0.26891E-04
        0.3358  0.00000E+00 -0.72866E-03  0.00000E+00 -0.32760E-03  0.00000E+00  0.00000E+00  0.10522E-02  0.10701E-02  0.88163E-03  0.42148E-05  0.14157E-05 -0.35442E-03      11  0.88309E-03  0.00000E+00  0.00000E+00 -0.12778E-02 -0.23441E-03 -0.35894E-02 -0.47686E-03 -0.54454E-03 -0.54118E-04
        0.3858  0.00000E+00 -0.68568E-03  0.00000E+00 -0.36189E-03  0.00000E+00  0.00000E+00  0.10515E-02  0.10700E-02  0.88162E-03  0.42147E-05  0.16264E-05 -0.46330E-03      12  0.88309E-03  0.00000E+00  0.00000E+00 -0.13175E-02 -0.30029E-03 -0.42239E-02 -0.68805E-03 -0.71275E-03 -0.89756E-04
        0.4358  0.00000E+00 -0.64899E-03  0.00000E+00 -0.39434E-03  0.00000E+00  0.00000E+00  0.10511E-02  0.10699E-02  0.88162E-03  0.42143E-05  0.18371E-05 -0.57431E-03      13  0.88309E-03  0.00000E+00  0.00000E+00 -0.13416E-02 -0.36737E-03 -0.47621E-02 -0.92616E-03 -0.86507E-03 -0.13301E-03
        0.4858  0.00000E+00 -0.61795E-03  0.00000E+00 -0.42524E-03  0.00000E+00  0.00000E+00  0.10507E-02  0.10698E-02  0.88162E-03  0.42141E-05  0.20478E-05 -0.68514E-03      14  0.88309E-03  0.00000E+00  0.00000E+00 -0.13461E-02 -0.43467E-03 -0.51627E-02 -0.11843E-02 -0.10076E-02 -0.18339E-03
        0.5358  0.00000E+00 -0.59242E-03  0.00000E+00 -0.45486E-03  0.00000E+00  0.00000E+00  0.10506E-02  0.10697E-02  0.88162E-03  0.42138E-05  0.22585E-05 -0.79458E-03      15  0.88309E-03  0.00000E+00  0.00000E+00 -0.13324E-02 -0.50130E-03 -0.54279E-02 -0.14557E-02 -0.11302E-02 -0.23990E-03
        0.5858  0.00000E+00 -0.57230E-03  0.00000E+00 -0.48347E-03  0.00000E+00  0.00000E+00  0.10505E-02  0.10697E-02  0.88162E-03  0.42137E-05  0.24692E-05 -0.90038E-03      16  0.88309E-03  0.00000E+00  0.00000E+00 -0.13001E-02 -0.56630E-03 -0.55806E-02 -0.17347E-02 -0.12287E-02 -0.30133E-03
        0.6358  0.00000E+00 -0.55759E-03  0.00000E+00 -0.51135E-03  0.00000E+00  0.00000E+00  0.10506E-02  0.10696E-02  0.88162E-03  0.42135E-05  0.26799E-05 -0.10014E-02      17  0.88309E-03  0.00000E+00  0.00000E+00 -0.12521E-02 -0.62891E-03 -0.56277E-02 -0.20161E-02 -0.13025E-02 -0.36646E-03
        0.6858  0.00000E+00 -0.54828E-03  0.00000E+00 -0.53877E-03  0.00000E+00  0.00000E+00  0.10508E-02  0.10696E-02  0.88162E-03  0.42134E-05  0.28906E-05 -0.10962E-02      18  0.88309E-03  0.00000E+00  0.00000E+00 -0.11912E-02 -0.68846E-03 -0.55876E-02 -0.22955E-02 -0.13507E-02 -0.43399E-03
        0.7358  0.00000E+00 -0.54433E-03  0.00000E+00 -0.56598E-03  0.00000E+00  0.00000E+00  0.10511E-02  0.10696E-02  0.88163E-03  0.42133E-05  0.31012E-05 -0.11845E-02      19  0.88309E-03  0.00000E+00  0.00000E+00 -0.11222E-02 -0.74457E-03 -0.54763E-02 -0.25693E-02 -0.13767E-02 -0.50282E-03
        0.7858  0.00000E+00 -0.54560E-03  0.00000E+00 -0.59326E-03  0.00000E+00  0.00000E+00  0.10533E-02  0.10696E-02  0.88163E-03  0.42133E-05  0.33119E-05 -0.12449E-02      20  0.88309E-03  0.00000E+00  0.00000E+00 -0.84811E-03 -0.78698E-03 -0.49418E-02 -0.28164E-02 -0.13431E-02 -0.56998E-03
        0.8358  0.00000E+00 -0.55177E-03  0.00000E+00 -0.62085E-03  0.00000E+00  0.00000E+00  0.10555E-02  0.10698E-02  0.88163E-03  0.42140E-05  0.35226E-05 -0.12749E-02      21  0.88309E-03  0.00000E+00  0.00000E+00 -0.55505E-03 -0.81473E-03 -0.41815E-02 -0.30255E-02 -0.12528E-02 -0.63262E-03
        0.8858  0.00000E+00 -0.56234E-03  0.00000E+00 -0.64897E-03  0.00000E+00  0.00000E+00  0.10579E-02  0.10698E-02  0.88163E-03  0.42141E-05  0.37333E-05 -0.12831E-02      22  0.88309E-03  0.00000E+00  0.00000E+00 -0.26402E-03 -0.82793E-03 -0.33339E-02 -0.31922E-02 -0.11214E-02 -0.68869E-03
        0.9358  0.00000E+00 -0.57660E-03  0.00000E+00 -0.67780E-03  0.00000E+00  0.00000E+00  0.10601E-02  0.10700E-02  0.88164E-03  0.42147E-05  0.39440E-05 -0.12745E-02      23  0.88309E-03  0.00000E+00  0.00000E+00 -0.21124E-04 -0.82899E-03 -0.25572E-02 -0.33200E-02 -0.97523E-03 -0.73745E-03
        0.9679  0.00000E+00 -0.59015E-03  0.00000E+00 -0.69673E-03  0.00000E+00  0.00000E+00  0.10612E-02  0.10700E-02  0.88164E-03  0.42147E-05  0.40793E-05 -0.12660E-02      24  0.88309E-03  0.00000E+00  0.00000E+00  0.11611E-03 -0.82526E-03 -0.21190E-02 -0.33880E-02 -0.88207E-03 -0.76575E-03
        1.0000  0.00000E+00 -0.60184E-03  0.00000E+00 -0.71604E-03  0.00000E+00  0.00000E+00  0.10619E-02  0.10701E-02  0.88164E-03  0.42149E-05  0.42145E-05 -0.12564E-02      25  0.88309E-03  0.00000E+00  0.00000E+00  0.16163E-03 -0.82008E-03 -0.17649E-02 -0.34446E-02 -0.79482E-03 -0.79125E-03
end
