 ******* Program HYDRUS
 ******* 
 Welcome to HYDRUS-1D                                                    
 Date:  28. 3.2022    Time:   8:57:47
 Units: L = cm   , T = days , M = mg   


 Time:        0.0000


 Node      Depth      Head Moisture       K          C         Flux        Sink         Kappa   v/KsTop   Temp   Conc(1..NS) Sorb(1...NS)
           [L]        [L]    [-]        [L/T]      [1/L]      [L/T]        [1/T]         [-]      [-]      [C]      [M/L*3]

   1     0.0000    -175.079 0.2965   0.1715E+01  0.4133E-03 -0.5242E-01  0.0000E+00      -1  -0.121E-02   20.00  0.1044E-02  0.1252E+00
   2    -3.0000    -172.169 0.2977   0.1780E+01  0.4170E-03 -0.1299E+00  0.0000E+00      -1  -0.299E-02   20.00  0.1050E-02  0.1260E+00
   3    -6.0000    -169.513 0.2988   0.1839E+01  0.4205E-03 -0.2819E+00  0.0000E+00      -1  -0.649E-02   20.00  0.1058E-02  0.1270E+00
   4    -9.0000    -167.086 0.2998   0.1893E+01  0.4237E-03 -0.4262E+00  0.7957E-03      -1  -0.981E-02   20.00  0.1058E-02  0.1270E+00
   5   -12.0000    -164.862 0.3008   0.1942E+01  0.4266E-03 -0.5621E+00  0.7959E-03      -1  -0.129E-01   20.00  0.1049E-02  0.1260E+00
   6   -15.0000    -162.821 0.3016   0.1988E+01  0.4292E-03 -0.6901E+00  0.7962E-03      -1  -0.159E-01   20.00  0.1030E-02  0.1237E+00
   7   -18.0000    -160.944 0.3024   0.2030E+01  0.4317E-03 -0.8104E+00  0.7964E-03      -1  -0.186E-01   20.00  0.9977E-03  0.1198E+00
   8   -21.0000    -159.216 0.3031   0.2068E+01  0.4339E-03 -0.9222E+00  0.7745E-03      -1  -0.212E-01   20.00  0.9604E-03  0.1152E+00
   9   -24.0000    -157.619 0.3038   0.2104E+01  0.4360E-03 -0.1025E+01  0.7193E-03      -1  -0.236E-01   20.00  0.9277E-03  0.1112E+00
  10   -27.0000    -156.139 0.3044   0.2137E+01  0.4379E-03 -0.1119E+01  0.6641E-03      -1  -0.258E-01   20.00  0.9053E-03  0.1085E+00
  11   -30.0000    -154.762 0.3050   0.2167E+01  0.4397E-03 -0.1205E+01  0.6089E-03      -1  -0.277E-01   20.00  0.8931E-03  0.1071E+00
  12   -33.0000    -153.476 0.3055   0.2196E+01  0.4414E-03 -0.1284E+01  0.5537E-03      -1  -0.295E-01   20.00  0.8869E-03  0.1064E+00
  13   -36.0000    -152.270 0.3060   0.2223E+01  0.4429E-03 -0.1357E+01  0.4984E-03      -1  -0.312E-01   20.00  0.8845E-03  0.1061E+00
  14   -39.0000    -151.132 0.3065   0.2263E+01  0.4443E-03 -0.1424E+01  0.4431E-03      -1  -0.328E-01   20.00  0.8836E-03  0.1060E+00
  15   -42.0000    -150.042 0.3070   0.2307E+01  0.4456E-03 -0.1482E+01  0.3877E-03      -1  -0.341E-01   20.00  0.8834E-03  0.1060E+00
  16   -45.0000    -148.988 0.3075   0.2349E+01  0.4468E-03 -0.1534E+01  0.3324E-03      -1  -0.353E-01   20.00  0.8834E-03  0.1060E+00
  17   -48.0000    -147.960 0.3080   0.2390E+01  0.4480E-03 -0.1576E+01  0.2770E-03      -1  -0.363E-01   20.00  0.8834E-03  0.1060E+00
  18   -51.0000    -146.946 0.3085   0.2430E+01  0.4491E-03 -0.1611E+01  0.2217E-03      -1  -0.371E-01   20.00  0.8834E-03  0.1060E+00
  19   -54.0000    -145.938 0.3089   0.2470E+01  0.4503E-03 -0.1639E+01  0.1663E-03      -1  -0.377E-01   20.00  0.8834E-03  0.1060E+00
  20   -57.0000    -144.927 0.3094   0.2511E+01  0.4515E-03 -0.1660E+01  0.1109E-03      -1  -0.382E-01   20.00  0.8834E-03  0.1060E+00
  21   -60.0000    -143.904 0.3099   0.2551E+01  0.4527E-03 -0.1673E+01  0.5543E-04      -1  -0.385E-01   20.00  0.8834E-03  0.1060E+00
  22   -63.0000    -142.862 0.3104   0.2593E+01  0.4539E-03 -0.1682E+01  0.0000E+00      -1  -0.387E-01   20.00  0.8834E-03  0.1060E+00
  23   -66.0000    -141.795 0.3108   0.2635E+01  0.4551E-03 -0.1683E+01  0.0000E+00      -1  -0.387E-01   20.00  0.8834E-03  0.1060E+00
  24   -69.0000    -140.694 0.3114   0.2679E+01  0.4564E-03 -0.1680E+01  0.0000E+00      -1  -0.386E-01   20.00  0.8834E-03  0.1060E+00
  25   -72.0000    -139.556 0.3119   0.2725E+01  0.4577E-03 -0.1671E+01  0.0000E+00      -1  -0.384E-01   20.00  0.8834E-03  0.1060E+00
  26   -75.0000    -138.373 0.3124   0.2772E+01  0.4591E-03 -0.1657E+01  0.0000E+00      -1  -0.381E-01   20.00  0.8834E-03  0.1060E+00
  27   -78.0000    -137.142 0.3130   0.2821E+01  0.4605E-03 -0.1639E+01  0.0000E+00      -1  -0.377E-01   20.00  0.8834E-03  0.1060E+00
  28   -81.0000    -135.859 0.3136   0.2872E+01  0.4620E-03 -0.1618E+01  0.0000E+00      -1  -0.372E-01   20.00  0.8834E-03  0.1060E+00
  29   -84.0000    -134.522 0.3142   0.2925E+01  0.4635E-03 -0.1593E+01  0.0000E+00      -1  -0.367E-01   20.00  0.8834E-03  0.1060E+00
  30   -87.0000    -133.126 0.3149   0.2981E+01  0.4651E-03 -0.1565E+01  0.0000E+00      -1  -0.360E-01   20.00  0.8834E-03  0.1060E+00
  31   -90.0000    -131.671 0.3155   0.3039E+01  0.4668E-03 -0.1535E+01  0.0000E+00      -1  -0.353E-01   20.00  0.8834E-03  0.1060E+00
  32   -93.0000    -130.156 0.3162   0.3099E+01  0.4686E-03 -0.1503E+01  0.0000E+00      -1  -0.346E-01   20.00  0.8834E-03  0.1060E+00
  33   -96.0000    -128.581 0.3170   0.3162E+01  0.4704E-03 -0.1469E+01  0.0000E+00      -1  -0.338E-01   20.00  0.8834E-03  0.1060E+00
  34   -99.0000    -126.944 0.3177   0.3227E+01  0.4723E-03 -0.1434E+01  0.0000E+00      -1  -0.330E-01   20.00  0.8834E-03  0.1060E+00
  35  -102.0000    -125.247 0.3185   0.3295E+01  0.4742E-03 -0.1398E+01  0.0000E+00      -1  -0.322E-01   20.00  0.8834E-03  0.1060E+00
  36  -105.0000    -123.490 0.3193   0.3365E+01  0.4763E-03 -0.1362E+01  0.0000E+00      -1  -0.313E-01   20.00  0.8834E-03  0.1060E+00
  37  -108.0000    -121.675 0.3201   0.3437E+01  0.4784E-03 -0.1325E+01  0.0000E+00      -1  -0.305E-01   20.00  0.8834E-03  0.1060E+00
  38  -111.0000    -119.800 0.3210   0.3529E+01  0.4802E-03 -0.1287E+01  0.0000E+00      -1  -0.296E-01   20.00  0.8833E-03  0.1060E+00
  39  -114.0000    -117.859 0.3220   0.3657E+01  0.4816E-03 -0.1249E+01  0.0000E+00      -1  -0.287E-01   20.00  0.8833E-03  0.1060E+00
  40  -117.0000    -115.850 0.3230   0.3790E+01  0.4830E-03 -0.1210E+01  0.0000E+00      -1  -0.278E-01   20.00  0.8833E-03  0.1060E+00
  41  -120.0000    -113.776 0.3240   0.3926E+01  0.4845E-03 -0.1172E+01  0.0000E+00      -1  -0.270E-01   20.00  0.8833E-03  0.1060E+00
  42  -123.0000    -111.642 0.3250   0.4067E+01  0.4860E-03 -0.1134E+01  0.0000E+00      -1  -0.261E-01   20.00  0.8833E-03  0.1060E+00
  43  -126.0000    -109.450 0.3261   0.4212E+01  0.4876E-03 -0.1097E+01  0.0000E+00      -1  -0.253E-01   20.00  0.8833E-03  0.1060E+00
  44  -129.0000    -107.206 0.3272   0.4360E+01  0.4892E-03 -0.1063E+01  0.0000E+00      -1  -0.245E-01   20.00  0.8833E-03  0.1060E+00
  45  -132.0000    -104.913 0.3283   0.4511E+01  0.4908E-03 -0.1027E+01  0.0000E+00      -1  -0.236E-01   20.00  0.8833E-03  0.1060E+00
  46  -135.0000    -102.573 0.3295   0.4666E+01  0.4925E-03 -0.9926E+00  0.0000E+00      -1  -0.228E-01   20.00  0.8833E-03  0.1060E+00
  47  -138.0000    -100.190 0.3306   0.4823E+01  0.4942E-03 -0.9610E+00  0.0000E+00      -1  -0.221E-01   20.00  0.8833E-03  0.1060E+00
  48  -141.0000     -97.769 0.3318   0.4983E+01  0.4959E-03 -0.9299E+00  0.0000E+00      -1  -0.214E-01   20.00  0.8833E-03  0.1060E+00
  49  -144.0000     -95.310 0.3330   0.5150E+01  0.4975E-03 -0.8992E+00  0.0000E+00      -1  -0.207E-01   20.00  0.8833E-03  0.1060E+00
  50  -147.0000     -92.813 0.3343   0.5404E+01  0.4974E-03 -0.8702E+00  0.0000E+00      -1  -0.200E-01   20.00  0.8833E-03  0.1060E+00
  51  -150.0000     -90.277 0.3355   0.5661E+01  0.4973E-03 -0.8420E+00  0.0000E+00      -1  -0.194E-01   20.00  0.8833E-03  0.1060E+00
  52  -153.0000     -87.706 0.3368   0.5923E+01  0.4972E-03 -0.8147E+00  0.0000E+00      -1  -0.187E-01   20.00  0.8833E-03  0.1060E+00
  53  -156.0000     -85.103 0.3381   0.6187E+01  0.4970E-03 -0.7893E+00  0.0000E+00      -1  -0.182E-01   20.00  0.8833E-03  0.1060E+00
  54  -159.0000     -82.472 0.3394   0.6454E+01  0.4969E-03 -0.7654E+00  0.0000E+00      -1  -0.176E-01   20.00  0.8833E-03  0.1060E+00
  55  -162.0000     -79.815 0.3408   0.6724E+01  0.4968E-03 -0.7426E+00  0.0000E+00      -1  -0.171E-01   20.00  0.8833E-03  0.1060E+00
  56  -165.0000     -77.135 0.3421   0.6997E+01  0.4967E-03 -0.7204E+00  0.0000E+00      -1  -0.166E-01   20.00  0.8833E-03  0.1060E+00
  57  -168.0000     -74.432 0.3434   0.7326E+01  0.4953E-03 -0.6994E+00  0.0000E+00      -1  -0.161E-01   20.00  0.8833E-03  0.1060E+00
  58  -171.0000     -71.707 0.3448   0.7726E+01  0.4925E-03 -0.6805E+00  0.0000E+00      -1  -0.157E-01   20.00  0.8833E-03  0.1060E+00
  59  -174.0000     -68.961 0.3461   0.8129E+01  0.4896E-03 -0.6633E+00  0.0000E+00      -1  -0.153E-01   20.00  0.8833E-03  0.1060E+00
  60  -177.0000     -66.197 0.3475   0.8534E+01  0.4866E-03 -0.6452E+00  0.0000E+00      -1  -0.148E-01   20.00  0.8833E-03  0.1060E+00
  61  -180.0000     -63.415 0.3488   0.8943E+01  0.4837E-03 -0.6285E+00  0.0000E+00      -1  -0.145E-01   20.00  0.8833E-03  0.1060E+00
  62  -183.0000     -60.619 0.3502   0.9353E+01  0.4808E-03 -0.6139E+00  0.0000E+00      -1  -0.141E-01   20.00  0.8833E-03  0.1060E+00
  63  -186.0000     -57.808 0.3515   0.9881E+01  0.4753E-03 -0.5994E+00  0.0000E+00      -1  -0.138E-01   20.00  0.8833E-03  0.1060E+00
  64  -189.0000     -54.983 0.3528   0.1045E+02  0.4689E-03 -0.5862E+00  0.0000E+00      -1  -0.135E-01   20.00  0.8833E-03  0.1060E+00
  65  -192.0000     -52.145 0.3542   0.1102E+02  0.4626E-03 -0.5742E+00  0.0000E+00      -1  -0.132E-01   20.00  0.8833E-03  0.1060E+00
  66  -195.0000     -49.296 0.3555   0.1159E+02  0.4562E-03 -0.5623E+00  0.0000E+00      -1  -0.129E-01   20.00  0.8833E-03  0.1060E+00
  67  -198.0000     -46.436 0.3568   0.1223E+02  0.4484E-03 -0.5531E+00  0.0000E+00      -1  -0.127E-01   20.00  0.8833E-03  0.1060E+00
  68  -201.0000     -43.567 0.3581   0.1298E+02  0.4383E-03 -0.5446E+00  0.0000E+00      -1  -0.125E-01   20.00  0.8833E-03  0.1060E+00
  69  -204.0000     -40.688 0.3593   0.1374E+02  0.4282E-03 -0.5352E+00  0.0000E+00      -1  -0.123E-01   20.00  0.8833E-03  0.1060E+00
  70  -207.0000     -37.801 0.3606   0.1449E+02  0.4181E-03 -0.5253E+00  0.0000E+00      -1  -0.121E-01   20.00  0.8833E-03  0.1060E+00
  71  -210.0000     -34.905 0.3617   0.1544E+02  0.4043E-03 -0.5195E+00  0.0000E+00      -1  -0.120E-01   20.00  0.8833E-03  0.1060E+00
  72  -213.0000     -32.003 0.3629   0.1640E+02  0.3902E-03 -0.5137E+00  0.0000E+00      -1  -0.118E-01   20.00  0.8833E-03  0.1060E+00
  73  -216.0000     -29.093 0.3640   0.1742E+02  0.3752E-03 -0.5058E+00  0.0000E+00      -1  -0.116E-01   20.00  0.8833E-03  0.1060E+00
  74  -219.0000     -26.177 0.3651   0.1860E+02  0.3572E-03 -0.5019E+00  0.0000E+00      -1  -0.115E-01   20.00  0.8833E-03  0.1060E+00
  75  -222.0000     -23.255 0.3661   0.1982E+02  0.3387E-03 -0.4962E+00  0.0000E+00      -1  -0.114E-01   20.00  0.8833E-03  0.1060E+00
  76  -225.0000     -20.327 0.3671   0.2125E+02  0.3168E-03 -0.4923E+00  0.0000E+00      -1  -0.113E-01   20.00  0.8833E-03  0.1060E+00
  77  -228.0000     -17.394 0.3680   0.2280E+02  0.2930E-03 -0.4904E+00  0.0000E+00      -1  -0.113E-01   20.00  0.8833E-03  0.1060E+00
  78  -231.0000     -14.456 0.3688   0.2452E+02  0.2665E-03 -0.4870E+00  0.0000E+00      -1  -0.112E-01   20.00  0.8833E-03  0.1060E+00
  79  -234.0000     -11.513 0.3695   0.2652E+02  0.2361E-03 -0.4826E+00  0.0000E+00      -1  -0.111E-01   20.00  0.8833E-03  0.1060E+00
  80  -237.0000      -8.565 0.3702   0.2889E+02  0.2007E-03 -0.4827E+00  0.0000E+00      -1  -0.111E-01   20.00  0.8833E-03  0.1060E+00
  81  -240.0000      -5.613 0.3707   0.3175E+02  0.1588E-03 -0.4840E+00  0.0000E+00      -1  -0.111E-01   20.00  0.8833E-03  0.1060E+00
  82  -243.0000      -2.656 0.3711   0.3562E+02  0.1039E-03 -0.4787E+00  0.0000E+00      -1  -0.110E-01   20.00  0.8833E-03  0.1060E+00
  83  -246.0000       0.308 0.3713   0.4346E+02  0.0000E+00 -0.4763E+00  0.0000E+00      -1  -0.110E-01   20.00  0.8833E-03  0.1060E+00
  84  -249.0000       3.275 0.3713   0.4346E+02  0.0000E+00 -0.4781E+00  0.0000E+00      -1  -0.110E-01   20.00  0.8833E-03  0.1060E+00
  85  -252.0000       6.242 0.3713   0.4346E+02  0.0000E+00 -0.4781E+00  0.0000E+00      -1  -0.110E-01   20.00  0.8833E-03  0.1060E+00
  86  -255.0000       9.209 0.3713   0.4346E+02  0.0000E+00 -0.4781E+00  0.0000E+00      -1  -0.110E-01   20.00  0.8833E-03  0.1060E+00
  87  -258.0000      12.176 0.3713   0.4346E+02  0.0000E+00 -0.4781E+00  0.0000E+00      -1  -0.110E-01   20.00  0.8833E-03  0.1060E+00
  88  -261.0000      15.143 0.3713   0.4346E+02  0.0000E+00 -0.4781E+00  0.0000E+00      -1  -0.110E-01   20.00  0.8833E-03  0.1060E+00
  89  -264.0000      18.110 0.3713   0.4346E+02  0.0000E+00 -0.4781E+00  0.0000E+00      -1  -0.110E-01   20.00  0.8833E-03  0.1060E+00
  90  -267.0000      21.077 0.3713   0.4346E+02  0.0000E+00 -0.4781E+00  0.0000E+00      -1  -0.110E-01   20.00  0.8833E-03  0.1060E+00
  91  -270.0000      24.044 0.3713   0.4346E+02  0.0000E+00 -0.4853E+00  0.0000E+00      -1  -0.112E-01   20.00  0.8833E-03  0.1060E+00
  92  -273.0000      27.010 0.3713   0.4346E+02  0.0000E+00 -0.4853E+00  0.0000E+00      -1  -0.112E-01   20.00  0.8833E-03  0.1060E+00
  93  -276.0000      29.977 0.3713   0.4346E+02  0.0000E+00 -0.4781E+00  0.0000E+00      -1  -0.110E-01   20.00  0.8833E-03  0.1060E+00
  94  -279.0000      32.944 0.3713   0.4346E+02  0.0000E+00 -0.4781E+00  0.0000E+00      -1  -0.110E-01   20.00  0.8833E-03  0.1060E+00
  95  -282.0000      35.911 0.3713   0.4346E+02  0.0000E+00 -0.4781E+00  0.0000E+00      -1  -0.110E-01   20.00  0.8833E-03  0.1060E+00
  96  -285.0000      38.878 0.3713   0.4346E+02  0.0000E+00 -0.4781E+00  0.0000E+00      -1  -0.110E-01   20.00  0.8833E-03  0.1060E+00
  97  -288.0000      41.845 0.3713   0.4346E+02  0.0000E+00 -0.4781E+00  0.0000E+00      -1  -0.110E-01   20.00  0.8834E-03  0.1060E+00
  98  -291.0000      44.812 0.3713   0.4346E+02  0.0000E+00 -0.4781E+00  0.0000E+00      -1  -0.110E-01   20.00  0.8833E-03  0.1060E+00
  99  -294.0000      47.779 0.3713   0.4346E+02  0.0000E+00 -0.4781E+00  0.0000E+00      -1  -0.110E-01   20.00  0.8825E-03  0.1059E+00
 100  -297.0000      50.746 0.3713   0.4346E+02  0.0000E+00 -0.4781E+00  0.0000E+00      -1  -0.110E-01   20.00  0.8816E-03  0.1058E+00
 101  -300.0000      53.713 0.3713   0.4346E+02  0.0000E+00 -0.4780E+00  0.0000E+00      -1  -0.110E-01   20.00  0.8816E-03  0.1057E+00
end


 Time:        1.0000


 Node      Depth      Head Moisture       K          C         Flux        Sink         Kappa   v/KsTop   Temp   Conc(1..NS) Sorb(1...NS)
           [L]        [L]    [-]        [L/T]      [1/L]      [L/T]        [1/T]         [-]      [-]      [C]      [M/L*3]

   1     0.0000    -163.995 0.3011   0.1960E+01  0.4276E-03  0.2574E-01  0.0000E+00      -1   0.592E-03   20.00  0.1038E-02  0.1245E+00
   2    -3.0000    -161.064 0.3023   0.2025E+01  0.4314E-03 -0.1161E+00  0.0000E+00      -1  -0.267E-02   20.00  0.1049E-02  0.1259E+00
   3    -6.0000    -158.336 0.3035   0.2086E+01  0.4350E-03 -0.2538E+00  0.0000E+00      -1  -0.584E-02   20.00  0.1057E-02  0.1268E+00
   4    -9.0000    -155.792 0.3045   0.2143E+01  0.4383E-03 -0.3854E+00  0.7970E-03      -1  -0.887E-02   20.00  0.1057E-02  0.1268E+00
   5   -12.0000    -153.413 0.3055   0.2196E+01  0.4414E-03 -0.5136E+00  0.7973E-03      -1  -0.118E-01   20.00  0.1048E-02  0.1258E+00
   6   -15.0000    -151.191 0.3065   0.2260E+01  0.4442E-03 -0.6421E+00  0.7975E-03      -1  -0.148E-01   20.00  0.1028E-02  0.1235E+00
   7   -18.0000    -149.112 0.3075   0.2343E+01  0.4466E-03 -0.7669E+00  0.7977E-03      -1  -0.176E-01   20.00  0.9969E-03  0.1197E+00
   8   -21.0000    -147.154 0.3084   0.2421E+01  0.4489E-03 -0.8850E+00  0.7758E-03      -1  -0.204E-01   20.00  0.9609E-03  0.1153E+00
   9   -24.0000    -145.305 0.3092   0.2495E+01  0.4510E-03 -0.9967E+00  0.7205E-03      -1  -0.229E-01   20.00  0.9291E-03  0.1114E+00
  10   -27.0000    -143.551 0.3100   0.2565E+01  0.4531E-03 -0.1102E+01  0.6652E-03      -1  -0.254E-01   20.00  0.9068E-03  0.1087E+00
  11   -30.0000    -141.882 0.3108   0.2632E+01  0.4550E-03 -0.1201E+01  0.6099E-03      -1  -0.276E-01   20.00  0.8941E-03  0.1072E+00
  12   -33.0000    -140.288 0.3115   0.2696E+01  0.4568E-03 -0.1294E+01  0.5546E-03      -1  -0.298E-01   20.00  0.8877E-03  0.1065E+00
  13   -36.0000    -138.761 0.3123   0.2757E+01  0.4586E-03 -0.1380E+01  0.4992E-03      -1  -0.318E-01   20.00  0.8847E-03  0.1061E+00
  14   -39.0000    -137.292 0.3129   0.2815E+01  0.4603E-03 -0.1461E+01  0.4438E-03      -1  -0.336E-01   20.00  0.8836E-03  0.1060E+00
  15   -42.0000    -135.874 0.3136   0.2872E+01  0.4620E-03 -0.1536E+01  0.3884E-03      -1  -0.353E-01   20.00  0.8834E-03  0.1060E+00
  16   -45.0000    -134.500 0.3142   0.2927E+01  0.4636E-03 -0.1605E+01  0.3330E-03      -1  -0.369E-01   20.00  0.8834E-03  0.1060E+00
  17   -48.0000    -133.164 0.3148   0.2980E+01  0.4651E-03 -0.1668E+01  0.2775E-03      -1  -0.384E-01   20.00  0.8834E-03  0.1060E+00
  18   -51.0000    -131.859 0.3154   0.3032E+01  0.4666E-03 -0.1727E+01  0.2220E-03      -1  -0.397E-01   20.00  0.8834E-03  0.1060E+00
  19   -54.0000    -130.581 0.3160   0.3083E+01  0.4681E-03 -0.1780E+01  0.1665E-03      -1  -0.410E-01   20.00  0.8834E-03  0.1060E+00
  20   -57.0000    -129.323 0.3166   0.3134E+01  0.4696E-03 -0.1829E+01  0.1110E-03      -1  -0.421E-01   20.00  0.8834E-03  0.1060E+00
  21   -60.0000    -128.082 0.3172   0.3183E+01  0.4710E-03 -0.1872E+01  0.5553E-04      -1  -0.431E-01   20.00  0.8834E-03  0.1060E+00
  22   -63.0000    -126.852 0.3178   0.3232E+01  0.4724E-03 -0.1911E+01  0.0000E+00      -1  -0.440E-01   20.00  0.8834E-03  0.1060E+00
  23   -66.0000    -125.630 0.3183   0.3281E+01  0.4738E-03 -0.1946E+01  0.0000E+00      -1  -0.448E-01   20.00  0.8834E-03  0.1060E+00
  24   -69.0000    -124.412 0.3189   0.3329E+01  0.4752E-03 -0.1977E+01  0.0000E+00      -1  -0.455E-01   20.00  0.8834E-03  0.1060E+00
  25   -72.0000    -123.193 0.3195   0.3378E+01  0.4766E-03 -0.2004E+01  0.0000E+00      -1  -0.461E-01   20.00  0.8834E-03  0.1060E+00
  26   -75.0000    -121.971 0.3200   0.3427E+01  0.4781E-03 -0.2026E+01  0.0000E+00      -1  -0.466E-01   20.00  0.8834E-03  0.1060E+00
  27   -78.0000    -120.741 0.3206   0.3476E+01  0.4795E-03 -0.2046E+01  0.0000E+00      -1  -0.471E-01   20.00  0.8834E-03  0.1060E+00
  28   -81.0000    -119.496 0.3212   0.3551E+01  0.4805E-03 -0.2062E+01  0.0000E+00      -1  -0.475E-01   20.00  0.8834E-03  0.1060E+00
  29   -84.0000    -118.224 0.3218   0.3635E+01  0.4814E-03 -0.2076E+01  0.0000E+00      -1  -0.478E-01   20.00  0.8834E-03  0.1060E+00
  30   -87.0000    -116.922 0.3224   0.3721E+01  0.4823E-03 -0.2087E+01  0.0000E+00      -1  -0.480E-01   20.00  0.8834E-03  0.1060E+00
  31   -90.0000    -115.589 0.3231   0.3809E+01  0.4833E-03 -0.2095E+01  0.0000E+00      -1  -0.482E-01   20.00  0.8834E-03  0.1060E+00
  32   -93.0000    -114.222 0.3238   0.3899E+01  0.4842E-03 -0.2101E+01  0.0000E+00      -1  -0.483E-01   20.00  0.8834E-03  0.1060E+00
  33   -96.0000    -112.821 0.3245   0.3991E+01  0.4852E-03 -0.2104E+01  0.0000E+00      -1  -0.484E-01   20.00  0.8834E-03  0.1060E+00
  34   -99.0000    -111.385 0.3252   0.4086E+01  0.4862E-03 -0.2105E+01  0.0000E+00      -1  -0.484E-01   20.00  0.8834E-03  0.1060E+00
  35  -102.0000    -109.913 0.3259   0.4183E+01  0.4873E-03 -0.2104E+01  0.0000E+00      -1  -0.484E-01   20.00  0.8834E-03  0.1060E+00
  36  -105.0000    -108.404 0.3266   0.4283E+01  0.4884E-03 -0.2102E+01  0.0000E+00      -1  -0.484E-01   20.00  0.8834E-03  0.1060E+00
  37  -108.0000    -106.858 0.3274   0.4385E+01  0.4894E-03 -0.2098E+01  0.0000E+00      -1  -0.483E-01   20.00  0.8834E-03  0.1060E+00
  38  -111.0000    -105.275 0.3282   0.4489E+01  0.4906E-03 -0.2093E+01  0.0000E+00      -1  -0.482E-01   20.00  0.8834E-03  0.1060E+00
  39  -114.0000    -103.655 0.3289   0.4596E+01  0.4917E-03 -0.2087E+01  0.0000E+00      -1  -0.480E-01   20.00  0.8834E-03  0.1060E+00
  40  -117.0000    -101.999 0.3298   0.4705E+01  0.4929E-03 -0.2079E+01  0.0000E+00      -1  -0.478E-01   20.00  0.8834E-03  0.1060E+00
  41  -120.0000    -100.307 0.3306   0.4817E+01  0.4941E-03 -0.2071E+01  0.0000E+00      -1  -0.477E-01   20.00  0.8834E-03  0.1060E+00
  42  -123.0000     -98.579 0.3314   0.4930E+01  0.4953E-03 -0.2062E+01  0.0000E+00      -1  -0.474E-01   20.00  0.8834E-03  0.1060E+00
  43  -126.0000     -96.817 0.3323   0.5047E+01  0.4966E-03 -0.2053E+01  0.0000E+00      -1  -0.472E-01   20.00  0.8833E-03  0.1060E+00
  44  -129.0000     -95.018 0.3332   0.5181E+01  0.4975E-03 -0.2042E+01  0.0000E+00      -1  -0.470E-01   20.00  0.8833E-03  0.1060E+00
  45  -132.0000     -93.176 0.3341   0.5369E+01  0.4974E-03 -0.2032E+01  0.0000E+00      -1  -0.467E-01   20.00  0.8833E-03  0.1060E+00
  46  -135.0000     -91.289 0.3350   0.5560E+01  0.4973E-03 -0.2021E+01  0.0000E+00      -1  -0.465E-01   20.00  0.8833E-03  0.1060E+00
  47  -138.0000     -89.357 0.3360   0.5756E+01  0.4972E-03 -0.2009E+01  0.0000E+00      -1  -0.462E-01   20.00  0.8833E-03  0.1060E+00
  48  -141.0000     -87.383 0.3370   0.5957E+01  0.4972E-03 -0.1998E+01  0.0000E+00      -1  -0.460E-01   20.00  0.8833E-03  0.1060E+00
  49  -144.0000     -85.370 0.3380   0.6161E+01  0.4971E-03 -0.1987E+01  0.0000E+00      -1  -0.457E-01   20.00  0.8833E-03  0.1060E+00
  50  -147.0000     -83.318 0.3390   0.6370E+01  0.4970E-03 -0.1975E+01  0.0000E+00      -1  -0.454E-01   20.00  0.8833E-03  0.1060E+00
  51  -150.0000     -81.231 0.3401   0.6582E+01  0.4969E-03 -0.1964E+01  0.0000E+00      -1  -0.452E-01   20.00  0.8833E-03  0.1060E+00
  52  -153.0000     -79.109 0.3411   0.6797E+01  0.4968E-03 -0.1952E+01  0.0000E+00      -1  -0.449E-01   20.00  0.8833E-03  0.1060E+00
  53  -156.0000     -76.954 0.3422   0.7016E+01  0.4967E-03 -0.1941E+01  0.0000E+00      -1  -0.447E-01   20.00  0.8833E-03  0.1060E+00
  54  -159.0000     -74.767 0.3433   0.7278E+01  0.4957E-03 -0.1931E+01  0.0000E+00      -1  -0.444E-01   20.00  0.8833E-03  0.1060E+00
  55  -162.0000     -72.543 0.3444   0.7605E+01  0.4933E-03 -0.1920E+01  0.0000E+00      -1  -0.442E-01   20.00  0.8833E-03  0.1060E+00
  56  -165.0000     -70.282 0.3455   0.7936E+01  0.4909E-03 -0.1910E+01  0.0000E+00      -1  -0.439E-01   20.00  0.8833E-03  0.1060E+00
  57  -168.0000     -67.988 0.3466   0.8273E+01  0.4885E-03 -0.1900E+01  0.0000E+00      -1  -0.437E-01   20.00  0.8833E-03  0.1060E+00
  58  -171.0000     -65.661 0.3477   0.8614E+01  0.4861E-03 -0.1891E+01  0.0000E+00      -1  -0.435E-01   20.00  0.8833E-03  0.1060E+00
  59  -174.0000     -63.305 0.3489   0.8960E+01  0.4836E-03 -0.1881E+01  0.0000E+00      -1  -0.433E-01   20.00  0.8833E-03  0.1060E+00
  60  -177.0000     -60.921 0.3500   0.9310E+01  0.4811E-03 -0.1872E+01  0.0000E+00      -1  -0.431E-01   20.00  0.8833E-03  0.1060E+00
  61  -180.0000     -58.509 0.3512   0.9741E+01  0.4768E-03 -0.1864E+01  0.0000E+00      -1  -0.429E-01   20.00  0.8833E-03  0.1060E+00
  62  -183.0000     -56.068 0.3523   0.1023E+02  0.4714E-03 -0.1856E+01  0.0000E+00      -1  -0.427E-01   20.00  0.8833E-03  0.1060E+00
  63  -186.0000     -53.599 0.3535   0.1073E+02  0.4658E-03 -0.1849E+01  0.0000E+00      -1  -0.425E-01   20.00  0.8833E-03  0.1060E+00
  64  -189.0000     -51.103 0.3547   0.1123E+02  0.4602E-03 -0.1842E+01  0.0000E+00      -1  -0.424E-01   20.00  0.8833E-03  0.1060E+00
  65  -192.0000     -48.583 0.3558   0.1173E+02  0.4546E-03 -0.1835E+01  0.0000E+00      -1  -0.422E-01   20.00  0.8833E-03  0.1060E+00
  66  -195.0000     -46.040 0.3570   0.1233E+02  0.4470E-03 -0.1828E+01  0.0000E+00      -1  -0.421E-01   20.00  0.8833E-03  0.1060E+00
  67  -198.0000     -43.472 0.3581   0.1301E+02  0.4380E-03 -0.1823E+01  0.0000E+00      -1  -0.419E-01   20.00  0.8833E-03  0.1060E+00
  68  -201.0000     -40.881 0.3592   0.1369E+02  0.4289E-03 -0.1817E+01  0.0000E+00      -1  -0.418E-01   20.00  0.8833E-03  0.1060E+00
  69  -204.0000     -38.269 0.3604   0.1437E+02  0.4197E-03 -0.1812E+01  0.0000E+00      -1  -0.417E-01   20.00  0.8833E-03  0.1060E+00
  70  -207.0000     -35.636 0.3614   0.1520E+02  0.4078E-03 -0.1807E+01  0.0000E+00      -1  -0.416E-01   20.00  0.8833E-03  0.1060E+00
  71  -210.0000     -32.983 0.3625   0.1608E+02  0.3950E-03 -0.1803E+01  0.0000E+00      -1  -0.415E-01   20.00  0.8833E-03  0.1060E+00
  72  -213.0000     -30.310 0.3636   0.1696E+02  0.3820E-03 -0.1799E+01  0.0000E+00      -1  -0.414E-01   20.00  0.8833E-03  0.1060E+00
  73  -216.0000     -27.618 0.3646   0.1802E+02  0.3661E-03 -0.1796E+01  0.0000E+00      -1  -0.413E-01   20.00  0.8833E-03  0.1060E+00
  74  -219.0000     -24.908 0.3655   0.1912E+02  0.3494E-03 -0.1793E+01  0.0000E+00      -1  -0.412E-01   20.00  0.8833E-03  0.1060E+00
  75  -222.0000     -22.180 0.3665   0.2035E+02  0.3306E-03 -0.1790E+01  0.0000E+00      -1  -0.412E-01   20.00  0.8833E-03  0.1060E+00
  76  -225.0000     -19.435 0.3674   0.2168E+02  0.3101E-03 -0.1787E+01  0.0000E+00      -1  -0.411E-01   20.00  0.8833E-03  0.1060E+00
  77  -228.0000     -16.674 0.3682   0.2321E+02  0.2866E-03 -0.1785E+01  0.0000E+00      -1  -0.411E-01   20.00  0.8833E-03  0.1060E+00
  78  -231.0000     -13.896 0.3689   0.2490E+02  0.2608E-03 -0.1783E+01  0.0000E+00      -1  -0.410E-01   20.00  0.8833E-03  0.1060E+00
  79  -234.0000     -11.103 0.3696   0.2684E+02  0.2314E-03 -0.1782E+01  0.0000E+00      -1  -0.410E-01   20.00  0.8833E-03  0.1060E+00
  80  -237.0000      -8.294 0.3702   0.2913E+02  0.1972E-03 -0.1780E+01  0.0000E+00      -1  -0.410E-01   20.00  0.8833E-03  0.1060E+00
  81  -240.0000      -5.469 0.3708   0.3192E+02  0.1564E-03 -0.1779E+01  0.0000E+00      -1  -0.409E-01   20.00  0.8833E-03  0.1060E+00
  82  -243.0000      -2.627 0.3711   0.3567E+02  0.1033E-03 -0.1779E+01  0.0000E+00      -1  -0.409E-01   20.00  0.8833E-03  0.1060E+00
  83  -246.0000       0.238 0.3713   0.4346E+02  0.0000E+00 -0.1778E+01  0.0000E+00      -1  -0.409E-01   20.00  0.8833E-03  0.1060E+00
  84  -249.0000       3.116 0.3713   0.4346E+02  0.0000E+00 -0.1778E+01  0.0000E+00      -1  -0.409E-01   20.00  0.8833E-03  0.1060E+00
  85  -252.0000       5.993 0.3713   0.4346E+02  0.0000E+00 -0.1778E+01  0.0000E+00      -1  -0.409E-01   20.00  0.8833E-03  0.1060E+00
  86  -255.0000       8.870 0.3713   0.4346E+02  0.0000E+00 -0.1778E+01  0.0000E+00      -1  -0.409E-01   20.00  0.8833E-03  0.1060E+00
  87  -258.0000      11.747 0.3713   0.4346E+02  0.0000E+00 -0.1778E+01  0.0000E+00      -1  -0.409E-01   20.00  0.8833E-03  0.1060E+00
  88  -261.0000      14.625 0.3713   0.4346E+02  0.0000E+00 -0.1778E+01  0.0000E+00      -1  -0.409E-01   20.00  0.8833E-03  0.1060E+00
  89  -264.0000      17.502 0.3713   0.4346E+02  0.0000E+00 -0.1778E+01  0.0000E+00      -1  -0.409E-01   20.00  0.8833E-03  0.1060E+00
  90  -267.0000      20.379 0.3713   0.4346E+02  0.0000E+00 -0.1778E+01  0.0000E+00      -1  -0.409E-01   20.00  0.8833E-03  0.1060E+00
  91  -270.0000      23.256 0.3713   0.4346E+02  0.0000E+00 -0.1778E+01  0.0000E+00      -1  -0.409E-01   20.00  0.8833E-03  0.1060E+00
  92  -273.0000      26.134 0.3713   0.4346E+02  0.0000E+00 -0.1778E+01  0.0000E+00      -1  -0.409E-01   20.00  0.8833E-03  0.1060E+00
  93  -276.0000      29.011 0.3713   0.4346E+02  0.0000E+00 -0.1778E+01  0.0000E+00      -1  -0.409E-01   20.00  0.8833E-03  0.1060E+00
  94  -279.0000      31.888 0.3713   0.4346E+02  0.0000E+00 -0.1778E+01  0.0000E+00      -1  -0.409E-01   20.00  0.8833E-03  0.1060E+00
  95  -282.0000      34.765 0.3713   0.4346E+02  0.0000E+00 -0.1778E+01  0.0000E+00      -1  -0.409E-01   20.00  0.8833E-03  0.1060E+00
  96  -285.0000      37.642 0.3713   0.4346E+02  0.0000E+00 -0.1778E+01  0.0000E+00      -1  -0.409E-01   20.00  0.8833E-03  0.1060E+00
  97  -288.0000      40.520 0.3713   0.4346E+02  0.0000E+00 -0.1778E+01  0.0000E+00      -1  -0.409E-01   20.00  0.8833E-03  0.1060E+00
  98  -291.0000      43.397 0.3713   0.4346E+02  0.0000E+00 -0.1778E+01  0.0000E+00      -1  -0.409E-01   20.00  0.8832E-03  0.1060E+00
  99  -294.0000      46.274 0.3713   0.4346E+02  0.0000E+00 -0.1778E+01  0.0000E+00      -1  -0.409E-01   20.00  0.8825E-03  0.1059E+00
 100  -297.0000      49.151 0.3713   0.4346E+02  0.0000E+00 -0.1778E+01  0.0000E+00      -1  -0.409E-01   20.00  0.8818E-03  0.1058E+00
 101  -300.0000      52.029 0.3713   0.4346E+02  0.0000E+00 -0.1778E+01  0.0000E+00      -1  -0.409E-01   20.00  0.8818E-03  0.1057E+00
end
