 ******* Program HYDRUS
 ******* 
 Welcome to HYDRUS-1D                                                    
 Date:  29. 3.2022    Time:  17:27:39
 Units: L = cm   , T = days , M = mg   


 Time:        0.0000


 Node      Depth      Head Moisture       K          C         Flux        Sink         Kappa   v/KsTop   Temp   Conc(1..NS) Sorb(1...NS)
           [L]        [L]    [-]        [L/T]      [1/L]      [L/T]        [1/T]         [-]      [-]      [C]      [M/L*3]

   1     0.0000    -177.706 0.2954   0.1656E+01  0.4098E-03 -0.5516E-01  0.0000E+00      -1  -0.127E-02   20.00  0.1026E-02  0.1231E+00
   2    -3.0000    -174.804 0.2966   0.1721E+01  0.4136E-03 -0.1300E+00  0.0000E+00      -1  -0.299E-02   20.00  0.1039E-02  0.1246E+00
   3    -6.0000    -172.155 0.2977   0.1780E+01  0.4171E-03 -0.2762E+00  0.0000E+00      -1  -0.635E-02   20.00  0.1047E-02  0.1256E+00
   4    -9.0000    -169.732 0.2987   0.1834E+01  0.4202E-03 -0.4142E+00  0.8291E-03      -1  -0.953E-02   20.00  0.1047E-02  0.1257E+00
   5   -12.0000    -167.508 0.2997   0.1883E+01  0.4231E-03 -0.5441E+00  0.8294E-03      -1  -0.125E-01   20.00  0.1039E-02  0.1247E+00
   6   -15.0000    -165.464 0.3005   0.1929E+01  0.4258E-03 -0.6661E+00  0.8297E-03      -1  -0.153E-01   20.00  0.1020E-02  0.1225E+00
   7   -18.0000    -163.579 0.3013   0.1971E+01  0.4282E-03 -0.7800E+00  0.8299E-03      -1  -0.179E-01   20.00  0.9913E-03  0.1191E+00
   8   -21.0000    -161.838 0.3020   0.2010E+01  0.4305E-03 -0.8857E+00  0.8302E-03      -1  -0.204E-01   20.00  0.9585E-03  0.1150E+00
   9   -24.0000    -160.223 0.3027   0.2046E+01  0.4326E-03 -0.9827E+00  0.7908E-03      -1  -0.226E-01   20.00  0.9294E-03  0.1114E+00
  10   -27.0000    -158.720 0.3033   0.2079E+01  0.4345E-03 -0.1072E+01  0.7416E-03      -1  -0.247E-01   20.00  0.9080E-03  0.1088E+00
  11   -30.0000    -157.316 0.3039   0.2111E+01  0.4364E-03 -0.1153E+01  0.6923E-03      -1  -0.265E-01   20.00  0.8948E-03  0.1073E+00
  12   -33.0000    -155.997 0.3045   0.2140E+01  0.4381E-03 -0.1225E+01  0.6429E-03      -1  -0.282E-01   20.00  0.8877E-03  0.1065E+00
  13   -36.0000    -154.752 0.3050   0.2168E+01  0.4397E-03 -0.1289E+01  0.5936E-03      -1  -0.297E-01   20.00  0.8846E-03  0.1061E+00
  14   -39.0000    -153.566 0.3055   0.2194E+01  0.4413E-03 -0.1345E+01  0.5442E-03      -1  -0.310E-01   20.00  0.8836E-03  0.1060E+00
  15   -42.0000    -152.431 0.3059   0.2219E+01  0.4427E-03 -0.1396E+01  0.4948E-03      -1  -0.321E-01   20.00  0.8834E-03  0.1060E+00
  16   -45.0000    -151.334 0.3064   0.2255E+01  0.4441E-03 -0.1440E+01  0.4454E-03      -1  -0.331E-01   20.00  0.8834E-03  0.1060E+00
  17   -48.0000    -150.258 0.3069   0.2298E+01  0.4453E-03 -0.1477E+01  0.3960E-03      -1  -0.340E-01   20.00  0.8834E-03  0.1060E+00
  18   -51.0000    -149.191 0.3074   0.2341E+01  0.4465E-03 -0.1507E+01  0.3465E-03      -1  -0.347E-01   20.00  0.8834E-03  0.1060E+00
  19   -54.0000    -148.122 0.3079   0.2383E+01  0.4478E-03 -0.1530E+01  0.2971E-03      -1  -0.352E-01   20.00  0.8834E-03  0.1060E+00
  20   -57.0000    -147.043 0.3084   0.2426E+01  0.4490E-03 -0.1546E+01  0.2476E-03      -1  -0.356E-01   20.00  0.8834E-03  0.1060E+00
  21   -60.0000    -145.946 0.3089   0.2470E+01  0.4503E-03 -0.1557E+01  0.1981E-03      -1  -0.358E-01   20.00  0.8834E-03  0.1060E+00
  22   -63.0000    -144.824 0.3094   0.2515E+01  0.4516E-03 -0.1561E+01  0.1486E-03      -1  -0.359E-01   20.00  0.8834E-03  0.1060E+00
  23   -66.0000    -143.669 0.3100   0.2561E+01  0.4529E-03 -0.1558E+01  0.9907E-04      -1  -0.359E-01   20.00  0.8834E-03  0.1060E+00
  24   -69.0000    -142.475 0.3105   0.2608E+01  0.4543E-03 -0.1552E+01  0.4954E-04      -1  -0.357E-01   20.00  0.8834E-03  0.1060E+00
  25   -72.0000    -141.238 0.3111   0.2658E+01  0.4557E-03 -0.1540E+01  0.0000E+00      -1  -0.354E-01   20.00  0.8834E-03  0.1060E+00
  26   -75.0000    -139.952 0.3117   0.2709E+01  0.4572E-03 -0.1524E+01  0.0000E+00      -1  -0.351E-01   20.00  0.8834E-03  0.1060E+00
  27   -78.0000    -138.614 0.3123   0.2762E+01  0.4588E-03 -0.1505E+01  0.0000E+00      -1  -0.346E-01   20.00  0.8834E-03  0.1060E+00
  28   -81.0000    -137.220 0.3130   0.2818E+01  0.4604E-03 -0.1481E+01  0.0000E+00      -1  -0.341E-01   20.00  0.8834E-03  0.1060E+00
  29   -84.0000    -135.768 0.3136   0.2876E+01  0.4621E-03 -0.1455E+01  0.0000E+00      -1  -0.335E-01   20.00  0.8834E-03  0.1060E+00
  30   -87.0000    -134.256 0.3143   0.2936E+01  0.4638E-03 -0.1426E+01  0.0000E+00      -1  -0.328E-01   20.00  0.8834E-03  0.1060E+00
  31   -90.0000    -132.683 0.3151   0.2999E+01  0.4656E-03 -0.1395E+01  0.0000E+00      -1  -0.321E-01   20.00  0.8834E-03  0.1060E+00
  32   -93.0000    -131.048 0.3158   0.3064E+01  0.4675E-03 -0.1362E+01  0.0000E+00      -1  -0.313E-01   20.00  0.8834E-03  0.1060E+00
  33   -96.0000    -129.351 0.3166   0.3131E+01  0.4695E-03 -0.1329E+01  0.0000E+00      -1  -0.306E-01   20.00  0.8834E-03  0.1060E+00
  34   -99.0000    -127.594 0.3174   0.3201E+01  0.4715E-03 -0.1294E+01  0.0000E+00      -1  -0.298E-01   20.00  0.8834E-03  0.1060E+00
  35  -102.0000    -125.776 0.3183   0.3274E+01  0.4736E-03 -0.1258E+01  0.0000E+00      -1  -0.289E-01   20.00  0.8834E-03  0.1060E+00
  36  -105.0000    -123.899 0.3191   0.3349E+01  0.4758E-03 -0.1222E+01  0.0000E+00      -1  -0.281E-01   20.00  0.8834E-03  0.1060E+00
  37  -108.0000    -121.966 0.3200   0.3426E+01  0.4780E-03 -0.1186E+01  0.0000E+00      -1  -0.273E-01   20.00  0.8834E-03  0.1060E+00
  38  -111.0000    -119.975 0.3209   0.3517E+01  0.4801E-03 -0.1149E+01  0.0000E+00      -1  -0.264E-01   20.00  0.8833E-03  0.1060E+00
  39  -114.0000    -117.921 0.3220   0.3653E+01  0.4816E-03 -0.1111E+01  0.0000E+00      -1  -0.256E-01   20.00  0.8833E-03  0.1060E+00
  40  -117.0000    -115.801 0.3230   0.3793E+01  0.4831E-03 -0.1074E+01  0.0000E+00      -1  -0.247E-01   20.00  0.8833E-03  0.1060E+00
  41  -120.0000    -113.621 0.3241   0.3937E+01  0.4846E-03 -0.1038E+01  0.0000E+00      -1  -0.239E-01   20.00  0.8833E-03  0.1060E+00
  42  -123.0000    -111.383 0.3252   0.4084E+01  0.4862E-03 -0.1001E+01  0.0000E+00      -1  -0.230E-01   20.00  0.8833E-03  0.1060E+00
  43  -126.0000    -109.092 0.3263   0.4235E+01  0.4878E-03 -0.9652E+00  0.0000E+00      -1  -0.222E-01   20.00  0.8833E-03  0.1060E+00
  44  -129.0000    -106.751 0.3274   0.4390E+01  0.4895E-03 -0.9310E+00  0.0000E+00      -1  -0.214E-01   20.00  0.8833E-03  0.1060E+00
  45  -132.0000    -104.365 0.3286   0.4547E+01  0.4912E-03 -0.8977E+00  0.0000E+00      -1  -0.207E-01   20.00  0.8833E-03  0.1060E+00
  46  -135.0000    -101.936 0.3298   0.4708E+01  0.4929E-03 -0.8650E+00  0.0000E+00      -1  -0.199E-01   20.00  0.8833E-03  0.1060E+00
  47  -138.0000     -99.468 0.3310   0.4870E+01  0.4947E-03 -0.8341E+00  0.0000E+00      -1  -0.192E-01   20.00  0.8833E-03  0.1060E+00
  48  -141.0000     -96.964 0.3322   0.5036E+01  0.4964E-03 -0.8042E+00  0.0000E+00      -1  -0.185E-01   20.00  0.8833E-03  0.1060E+00
  49  -144.0000     -94.425 0.3335   0.5240E+01  0.4975E-03 -0.7752E+00  0.0000E+00      -1  -0.178E-01   20.00  0.8833E-03  0.1060E+00
  50  -147.0000     -91.850 0.3348   0.5501E+01  0.4974E-03 -0.7476E+00  0.0000E+00      -1  -0.172E-01   20.00  0.8833E-03  0.1060E+00
  51  -150.0000     -89.241 0.3361   0.5767E+01  0.4972E-03 -0.7212E+00  0.0000E+00      -1  -0.166E-01   20.00  0.8833E-03  0.1060E+00
  52  -153.0000     -86.601 0.3374   0.6035E+01  0.4971E-03 -0.6955E+00  0.0000E+00      -1  -0.160E-01   20.00  0.8833E-03  0.1060E+00
  53  -156.0000     -83.933 0.3387   0.6306E+01  0.4970E-03 -0.6711E+00  0.0000E+00      -1  -0.154E-01   20.00  0.8833E-03  0.1060E+00
  54  -159.0000     -81.240 0.3400   0.6580E+01  0.4969E-03 -0.6476E+00  0.0000E+00      -1  -0.149E-01   20.00  0.8833E-03  0.1060E+00
  55  -162.0000     -78.524 0.3414   0.6855E+01  0.4967E-03 -0.6257E+00  0.0000E+00      -1  -0.144E-01   20.00  0.8833E-03  0.1060E+00
  56  -165.0000     -75.788 0.3428   0.7133E+01  0.4966E-03 -0.6059E+00  0.0000E+00      -1  -0.139E-01   20.00  0.8833E-03  0.1060E+00
  57  -168.0000     -73.032 0.3441   0.7531E+01  0.4939E-03 -0.5857E+00  0.0000E+00      -1  -0.135E-01   20.00  0.8833E-03  0.1060E+00
  58  -171.0000     -70.255 0.3455   0.7939E+01  0.4909E-03 -0.5671E+00  0.0000E+00      -1  -0.130E-01   20.00  0.8833E-03  0.1060E+00
  59  -174.0000     -67.461 0.3468   0.8349E+01  0.4880E-03 -0.5505E+00  0.0000E+00      -1  -0.127E-01   20.00  0.8833E-03  0.1060E+00
  60  -177.0000     -64.651 0.3482   0.8761E+01  0.4850E-03 -0.5340E+00  0.0000E+00      -1  -0.123E-01   20.00  0.8833E-03  0.1060E+00
  61  -180.0000     -61.827 0.3496   0.9176E+01  0.4820E-03 -0.5187E+00  0.0000E+00      -1  -0.119E-01   20.00  0.8833E-03  0.1060E+00
  62  -183.0000     -58.990 0.3510   0.9644E+01  0.4779E-03 -0.5055E+00  0.0000E+00      -1  -0.116E-01   20.00  0.8833E-03  0.1060E+00
  63  -186.0000     -56.141 0.3523   0.1022E+02  0.4715E-03 -0.4914E+00  0.0000E+00      -1  -0.113E-01   20.00  0.8833E-03  0.1060E+00
  64  -189.0000     -53.279 0.3536   0.1079E+02  0.4651E-03 -0.4797E+00  0.0000E+00      -1  -0.110E-01   20.00  0.8833E-03  0.1060E+00
  65  -192.0000     -50.408 0.3550   0.1137E+02  0.4587E-03 -0.4693E+00  0.0000E+00      -1  -0.108E-01   20.00  0.8833E-03  0.1060E+00
  66  -195.0000     -47.527 0.3563   0.1194E+02  0.4522E-03 -0.4570E+00  0.0000E+00      -1  -0.105E-01   20.00  0.8833E-03  0.1060E+00
  67  -198.0000     -44.637 0.3576   0.1270E+02  0.4421E-03 -0.4461E+00  0.0000E+00      -1  -0.103E-01   20.00  0.8833E-03  0.1060E+00
  68  -201.0000     -41.738 0.3589   0.1346E+02  0.4319E-03 -0.4393E+00  0.0000E+00      -1  -0.101E-01   20.00  0.8833E-03  0.1060E+00
  69  -204.0000     -38.833 0.3601   0.1422E+02  0.4217E-03 -0.4318E+00  0.0000E+00      -1  -0.993E-02   20.00  0.8833E-03  0.1060E+00
  70  -207.0000     -35.920 0.3613   0.1511E+02  0.4092E-03 -0.4231E+00  0.0000E+00      -1  -0.973E-02   20.00  0.8833E-03  0.1060E+00
  71  -210.0000     -33.001 0.3625   0.1607E+02  0.3951E-03 -0.4146E+00  0.0000E+00      -1  -0.954E-02   20.00  0.8833E-03  0.1060E+00
  72  -213.0000     -30.075 0.3637   0.1704E+02  0.3809E-03 -0.4098E+00  0.0000E+00      -1  -0.943E-02   20.00  0.8833E-03  0.1060E+00
  73  -216.0000     -27.145 0.3647   0.1821E+02  0.3632E-03 -0.4062E+00  0.0000E+00      -1  -0.935E-02   20.00  0.8833E-03  0.1060E+00
  74  -219.0000     -24.209 0.3658   0.1940E+02  0.3451E-03 -0.3982E+00  0.0000E+00      -1  -0.916E-02   20.00  0.8833E-03  0.1060E+00
  75  -222.0000     -21.268 0.3668   0.2079E+02  0.3238E-03 -0.3949E+00  0.0000E+00      -1  -0.909E-02   20.00  0.8833E-03  0.1060E+00
  76  -225.0000     -18.323 0.3677   0.2226E+02  0.3012E-03 -0.3938E+00  0.0000E+00      -1  -0.906E-02   20.00  0.8833E-03  0.1060E+00
  77  -228.0000     -15.374 0.3686   0.2396E+02  0.2752E-03 -0.3875E+00  0.0000E+00      -1  -0.892E-02   20.00  0.8833E-03  0.1060E+00
  78  -231.0000     -12.420 0.3693   0.2589E+02  0.2458E-03 -0.3846E+00  0.0000E+00      -1  -0.885E-02   20.00  0.8833E-03  0.1060E+00
  79  -234.0000      -9.463 0.3700   0.2811E+02  0.2123E-03 -0.3850E+00  0.0000E+00      -1  -0.886E-02   20.00  0.8833E-03  0.1060E+00
  80  -237.0000      -6.502 0.3706   0.3082E+02  0.1723E-03 -0.3815E+00  0.0000E+00      -1  -0.878E-02   20.00  0.8833E-03  0.1060E+00
  81  -240.0000      -3.537 0.3710   0.3430E+02  0.1224E-03 -0.3822E+00  0.0000E+00      -1  -0.879E-02   20.00  0.8833E-03  0.1060E+00
  82  -243.0000      -0.568 0.3713   0.4012E+02  0.4319E-04 -0.3803E+00  0.0000E+00      -1  -0.875E-02   20.00  0.8833E-03  0.1060E+00
  83  -246.0000       2.405 0.3713   0.4346E+02  0.0000E+00 -0.3764E+00  0.0000E+00      -1  -0.866E-02   20.00  0.8833E-03  0.1060E+00
  84  -249.0000       5.379 0.3713   0.4346E+02  0.0000E+00 -0.3767E+00  0.0000E+00      -1  -0.867E-02   20.00  0.8833E-03  0.1060E+00
  85  -252.0000       8.353 0.3713   0.4346E+02  0.0000E+00 -0.3839E+00  0.0000E+00      -1  -0.883E-02   20.00  0.8833E-03  0.1060E+00
  86  -255.0000      11.326 0.3713   0.4346E+02  0.0000E+00 -0.3839E+00  0.0000E+00      -1  -0.883E-02   20.00  0.8833E-03  0.1060E+00
  87  -258.0000      14.300 0.3713   0.4346E+02  0.0000E+00 -0.3767E+00  0.0000E+00      -1  -0.867E-02   20.00  0.8833E-03  0.1060E+00
  88  -261.0000      17.274 0.3713   0.4346E+02  0.0000E+00 -0.3767E+00  0.0000E+00      -1  -0.867E-02   20.00  0.8833E-03  0.1060E+00
  89  -264.0000      20.248 0.3713   0.4346E+02  0.0000E+00 -0.3767E+00  0.0000E+00      -1  -0.867E-02   20.00  0.8833E-03  0.1060E+00
  90  -267.0000      23.222 0.3713   0.4346E+02  0.0000E+00 -0.3839E+00  0.0000E+00      -1  -0.883E-02   20.00  0.8833E-03  0.1060E+00
  91  -270.0000      26.195 0.3713   0.4346E+02  0.0000E+00 -0.3839E+00  0.0000E+00      -1  -0.883E-02   20.00  0.8833E-03  0.1060E+00
  92  -273.0000      29.169 0.3713   0.4346E+02  0.0000E+00 -0.3767E+00  0.0000E+00      -1  -0.867E-02   20.00  0.8833E-03  0.1060E+00
  93  -276.0000      32.143 0.3713   0.4346E+02  0.0000E+00 -0.3767E+00  0.0000E+00      -1  -0.867E-02   20.00  0.8833E-03  0.1060E+00
  94  -279.0000      35.117 0.3713   0.4346E+02  0.0000E+00 -0.3839E+00  0.0000E+00      -1  -0.883E-02   20.00  0.8833E-03  0.1060E+00
  95  -282.0000      38.090 0.3713   0.4346E+02  0.0000E+00 -0.3839E+00  0.0000E+00      -1  -0.883E-02   20.00  0.8833E-03  0.1060E+00
  96  -285.0000      41.064 0.3713   0.4346E+02  0.0000E+00 -0.3767E+00  0.0000E+00      -1  -0.867E-02   20.00  0.8833E-03  0.1060E+00
  97  -288.0000      44.038 0.3713   0.4346E+02  0.0000E+00 -0.3767E+00  0.0000E+00      -1  -0.867E-02   20.00  0.8834E-03  0.1060E+00
  98  -291.0000      47.012 0.3713   0.4346E+02  0.0000E+00 -0.3767E+00  0.0000E+00      -1  -0.867E-02   20.00  0.8833E-03  0.1060E+00
  99  -294.0000      49.986 0.3713   0.4346E+02  0.0000E+00 -0.3839E+00  0.0000E+00      -1  -0.883E-02   20.00  0.8826E-03  0.1059E+00
 100  -297.0000      52.959 0.3713   0.4346E+02  0.0000E+00 -0.3839E+00  0.0000E+00      -1  -0.883E-02   20.00  0.8815E-03  0.1058E+00
 101  -300.0000      55.933 0.3713   0.4346E+02  0.0000E+00 -0.3767E+00  0.0000E+00      -1  -0.867E-02   20.00  0.8815E-03  0.1056E+00
end


 Time:        1.0000


 Node      Depth      Head Moisture       K          C         Flux        Sink         Kappa   v/KsTop   Temp   Conc(1..NS) Sorb(1...NS)
           [L]        [L]    [-]        [L/T]      [1/L]      [L/T]        [1/T]         [-]      [-]      [C]      [M/L*3]

   1     0.0000    -169.355 0.2989   0.1840E+01  0.4206E-03  0.1828E-01  0.0000E+00      -1   0.421E-03   20.00  0.1022E-02  0.1226E+00
   2    -3.0000    -166.430 0.3001   0.1906E+01  0.4244E-03 -0.1094E+00  0.0000E+00      -1  -0.252E-02   20.00  0.1037E-02  0.1245E+00
   3    -6.0000    -163.697 0.3012   0.1967E+01  0.4280E-03 -0.2332E+00  0.0000E+00      -1  -0.537E-02   20.00  0.1045E-02  0.1255E+00
   4    -9.0000    -161.139 0.3023   0.2024E+01  0.4313E-03 -0.3515E+00  0.8303E-03      -1  -0.809E-02   20.00  0.1046E-02  0.1256E+00
   5   -12.0000    -158.737 0.3033   0.2078E+01  0.4345E-03 -0.4634E+00  0.8305E-03      -1  -0.107E-01   20.00  0.1037E-02  0.1246E+00
   6   -15.0000    -156.476 0.3043   0.2129E+01  0.4374E-03 -0.5699E+00  0.8308E-03      -1  -0.131E-01   20.00  0.1019E-02  0.1224E+00
   7   -18.0000    -154.342 0.3051   0.2176E+01  0.4402E-03 -0.6709E+00  0.8311E-03      -1  -0.154E-01   20.00  0.9913E-03  0.1190E+00
   8   -21.0000    -152.325 0.3060   0.2221E+01  0.4428E-03 -0.7703E+00  0.8313E-03      -1  -0.177E-01   20.00  0.9590E-03  0.1151E+00
   9   -24.0000    -150.416 0.3069   0.2291E+01  0.4451E-03 -0.8680E+00  0.7919E-03      -1  -0.200E-01   20.00  0.9300E-03  0.1115E+00
  10   -27.0000    -148.596 0.3077   0.2364E+01  0.4472E-03 -0.9602E+00  0.7426E-03      -1  -0.221E-01   20.00  0.9087E-03  0.1089E+00
  11   -30.0000    -146.852 0.3085   0.2434E+01  0.4492E-03 -0.1046E+01  0.6932E-03      -1  -0.241E-01   20.00  0.8956E-03  0.1074E+00
  12   -33.0000    -145.174 0.3093   0.2501E+01  0.4512E-03 -0.1126E+01  0.6439E-03      -1  -0.259E-01   20.00  0.8884E-03  0.1066E+00
  13   -36.0000    -143.554 0.3100   0.2566E+01  0.4531E-03 -0.1200E+01  0.5944E-03      -1  -0.276E-01   20.00  0.8848E-03  0.1061E+00
  14   -39.0000    -141.981 0.3108   0.2629E+01  0.4549E-03 -0.1269E+01  0.5450E-03      -1  -0.292E-01   20.00  0.8836E-03  0.1060E+00
  15   -42.0000    -140.450 0.3115   0.2690E+01  0.4567E-03 -0.1332E+01  0.4956E-03      -1  -0.306E-01   20.00  0.8834E-03  0.1060E+00
  16   -45.0000    -138.952 0.3122   0.2749E+01  0.4584E-03 -0.1389E+01  0.4461E-03      -1  -0.320E-01   20.00  0.8834E-03  0.1060E+00
  17   -48.0000    -137.482 0.3128   0.2808E+01  0.4601E-03 -0.1442E+01  0.3966E-03      -1  -0.332E-01   20.00  0.8834E-03  0.1060E+00
  18   -51.0000    -136.033 0.3135   0.2866E+01  0.4618E-03 -0.1490E+01  0.3471E-03      -1  -0.343E-01   20.00  0.8834E-03  0.1060E+00
  19   -54.0000    -134.601 0.3142   0.2923E+01  0.4634E-03 -0.1532E+01  0.2975E-03      -1  -0.353E-01   20.00  0.8834E-03  0.1060E+00
  20   -57.0000    -133.179 0.3148   0.2980E+01  0.4651E-03 -0.1571E+01  0.2480E-03      -1  -0.361E-01   20.00  0.8834E-03  0.1060E+00
  21   -60.0000    -131.763 0.3155   0.3036E+01  0.4667E-03 -0.1605E+01  0.1984E-03      -1  -0.369E-01   20.00  0.8834E-03  0.1060E+00
  22   -63.0000    -130.350 0.3161   0.3093E+01  0.4684E-03 -0.1635E+01  0.1488E-03      -1  -0.376E-01   20.00  0.8834E-03  0.1060E+00
  23   -66.0000    -128.936 0.3168   0.3149E+01  0.4700E-03 -0.1661E+01  0.9923E-04      -1  -0.382E-01   20.00  0.8834E-03  0.1060E+00
  24   -69.0000    -127.516 0.3175   0.3206E+01  0.4716E-03 -0.1684E+01  0.4962E-04      -1  -0.388E-01   20.00  0.8834E-03  0.1060E+00
  25   -72.0000    -126.088 0.3181   0.3263E+01  0.4733E-03 -0.1704E+01  0.0000E+00      -1  -0.392E-01   20.00  0.8834E-03  0.1060E+00
  26   -75.0000    -124.649 0.3188   0.3320E+01  0.4750E-03 -0.1720E+01  0.0000E+00      -1  -0.396E-01   20.00  0.8834E-03  0.1060E+00
  27   -78.0000    -123.196 0.3195   0.3378E+01  0.4766E-03 -0.1733E+01  0.0000E+00      -1  -0.399E-01   20.00  0.8834E-03  0.1060E+00
  28   -81.0000    -121.727 0.3201   0.3436E+01  0.4783E-03 -0.1743E+01  0.0000E+00      -1  -0.401E-01   20.00  0.8834E-03  0.1060E+00
  29   -84.0000    -120.239 0.3208   0.3502E+01  0.4800E-03 -0.1751E+01  0.0000E+00      -1  -0.403E-01   20.00  0.8834E-03  0.1060E+00
  30   -87.0000    -118.721 0.3216   0.3602E+01  0.4810E-03 -0.1757E+01  0.0000E+00      -1  -0.404E-01   20.00  0.8834E-03  0.1060E+00
  31   -90.0000    -117.165 0.3223   0.3705E+01  0.4821E-03 -0.1760E+01  0.0000E+00      -1  -0.405E-01   20.00  0.8834E-03  0.1060E+00
  32   -93.0000    -115.572 0.3231   0.3810E+01  0.4833E-03 -0.1762E+01  0.0000E+00      -1  -0.405E-01   20.00  0.8834E-03  0.1060E+00
  33   -96.0000    -113.940 0.3239   0.3917E+01  0.4844E-03 -0.1761E+01  0.0000E+00      -1  -0.405E-01   20.00  0.8834E-03  0.1060E+00
  34   -99.0000    -112.269 0.3247   0.4027E+01  0.4856E-03 -0.1759E+01  0.0000E+00      -1  -0.405E-01   20.00  0.8834E-03  0.1060E+00
  35  -102.0000    -110.560 0.3256   0.4140E+01  0.4868E-03 -0.1755E+01  0.0000E+00      -1  -0.404E-01   20.00  0.8834E-03  0.1060E+00
  36  -105.0000    -108.813 0.3264   0.4255E+01  0.4881E-03 -0.1750E+01  0.0000E+00      -1  -0.403E-01   20.00  0.8834E-03  0.1060E+00
  37  -108.0000    -107.028 0.3273   0.4373E+01  0.4893E-03 -0.1744E+01  0.0000E+00      -1  -0.401E-01   20.00  0.8834E-03  0.1060E+00
  38  -111.0000    -105.207 0.3282   0.4493E+01  0.4906E-03 -0.1737E+01  0.0000E+00      -1  -0.400E-01   20.00  0.8834E-03  0.1060E+00
  39  -114.0000    -103.349 0.3291   0.4616E+01  0.4919E-03 -0.1730E+01  0.0000E+00      -1  -0.398E-01   20.00  0.8833E-03  0.1060E+00
  40  -117.0000    -101.455 0.3300   0.4741E+01  0.4933E-03 -0.1721E+01  0.0000E+00      -1  -0.396E-01   20.00  0.8833E-03  0.1060E+00
  41  -120.0000     -99.528 0.3310   0.4868E+01  0.4946E-03 -0.1712E+01  0.0000E+00      -1  -0.394E-01   20.00  0.8833E-03  0.1060E+00
  42  -123.0000     -97.566 0.3319   0.4997E+01  0.4960E-03 -0.1703E+01  0.0000E+00      -1  -0.392E-01   20.00  0.8833E-03  0.1060E+00
  43  -126.0000     -95.572 0.3329   0.5128E+01  0.4974E-03 -0.1693E+01  0.0000E+00      -1  -0.389E-01   20.00  0.8833E-03  0.1060E+00
  44  -129.0000     -93.540 0.3339   0.5331E+01  0.4974E-03 -0.1683E+01  0.0000E+00      -1  -0.387E-01   20.00  0.8833E-03  0.1060E+00
  45  -132.0000     -91.466 0.3350   0.5542E+01  0.4973E-03 -0.1672E+01  0.0000E+00      -1  -0.385E-01   20.00  0.8833E-03  0.1060E+00
  46  -135.0000     -89.351 0.3360   0.5757E+01  0.4972E-03 -0.1662E+01  0.0000E+00      -1  -0.382E-01   20.00  0.8833E-03  0.1060E+00
  47  -138.0000     -87.198 0.3371   0.5975E+01  0.4971E-03 -0.1651E+01  0.0000E+00      -1  -0.380E-01   20.00  0.8833E-03  0.1060E+00
  48  -141.0000     -85.009 0.3382   0.6198E+01  0.4970E-03 -0.1640E+01  0.0000E+00      -1  -0.377E-01   20.00  0.8833E-03  0.1060E+00
  49  -144.0000     -82.787 0.3393   0.6423E+01  0.4969E-03 -0.1630E+01  0.0000E+00      -1  -0.375E-01   20.00  0.8833E-03  0.1060E+00
  50  -147.0000     -80.532 0.3404   0.6653E+01  0.4968E-03 -0.1619E+01  0.0000E+00      -1  -0.373E-01   20.00  0.8833E-03  0.1060E+00
  51  -150.0000     -78.248 0.3415   0.6885E+01  0.4967E-03 -0.1609E+01  0.0000E+00      -1  -0.370E-01   20.00  0.8833E-03  0.1060E+00
  52  -153.0000     -75.935 0.3427   0.7119E+01  0.4966E-03 -0.1599E+01  0.0000E+00      -1  -0.368E-01   20.00  0.8833E-03  0.1060E+00
  53  -156.0000     -73.591 0.3438   0.7451E+01  0.4944E-03 -0.1589E+01  0.0000E+00      -1  -0.366E-01   20.00  0.8833E-03  0.1060E+00
  54  -159.0000     -71.215 0.3450   0.7799E+01  0.4919E-03 -0.1580E+01  0.0000E+00      -1  -0.364E-01   20.00  0.8833E-03  0.1060E+00
  55  -162.0000     -68.807 0.3462   0.8152E+01  0.4894E-03 -0.1571E+01  0.0000E+00      -1  -0.361E-01   20.00  0.8833E-03  0.1060E+00
  56  -165.0000     -66.371 0.3474   0.8510E+01  0.4868E-03 -0.1562E+01  0.0000E+00      -1  -0.359E-01   20.00  0.8833E-03  0.1060E+00
  57  -168.0000     -63.909 0.3486   0.8871E+01  0.4842E-03 -0.1554E+01  0.0000E+00      -1  -0.357E-01   20.00  0.8833E-03  0.1060E+00
  58  -171.0000     -61.422 0.3498   0.9236E+01  0.4816E-03 -0.1545E+01  0.0000E+00      -1  -0.356E-01   20.00  0.8833E-03  0.1060E+00
  59  -174.0000     -58.912 0.3510   0.9660E+01  0.4777E-03 -0.1538E+01  0.0000E+00      -1  -0.354E-01   20.00  0.8833E-03  0.1060E+00
  60  -177.0000     -56.376 0.3522   0.1017E+02  0.4720E-03 -0.1531E+01  0.0000E+00      -1  -0.352E-01   20.00  0.8833E-03  0.1060E+00
  61  -180.0000     -53.815 0.3534   0.1068E+02  0.4663E-03 -0.1524E+01  0.0000E+00      -1  -0.351E-01   20.00  0.8833E-03  0.1060E+00
  62  -183.0000     -51.232 0.3546   0.1120E+02  0.4605E-03 -0.1517E+01  0.0000E+00      -1  -0.349E-01   20.00  0.8833E-03  0.1060E+00
  63  -186.0000     -48.628 0.3558   0.1172E+02  0.4547E-03 -0.1511E+01  0.0000E+00      -1  -0.348E-01   20.00  0.8833E-03  0.1060E+00
  64  -189.0000     -46.004 0.3570   0.1234E+02  0.4469E-03 -0.1505E+01  0.0000E+00      -1  -0.346E-01   20.00  0.8833E-03  0.1060E+00
  65  -192.0000     -43.360 0.3581   0.1304E+02  0.4376E-03 -0.1500E+01  0.0000E+00      -1  -0.345E-01   20.00  0.8833E-03  0.1060E+00
  66  -195.0000     -40.695 0.3593   0.1374E+02  0.4282E-03 -0.1495E+01  0.0000E+00      -1  -0.344E-01   20.00  0.8833E-03  0.1060E+00
  67  -198.0000     -38.013 0.3605   0.1444E+02  0.4188E-03 -0.1490E+01  0.0000E+00      -1  -0.343E-01   20.00  0.8833E-03  0.1060E+00
  68  -201.0000     -35.313 0.3616   0.1531E+02  0.4062E-03 -0.1485E+01  0.0000E+00      -1  -0.342E-01   20.00  0.8833E-03  0.1060E+00
  69  -204.0000     -32.595 0.3627   0.1621E+02  0.3931E-03 -0.1482E+01  0.0000E+00      -1  -0.341E-01   20.00  0.8833E-03  0.1060E+00
  70  -207.0000     -29.862 0.3637   0.1711E+02  0.3799E-03 -0.1478E+01  0.0000E+00      -1  -0.340E-01   20.00  0.8833E-03  0.1060E+00
  71  -210.0000     -27.112 0.3647   0.1823E+02  0.3630E-03 -0.1475E+01  0.0000E+00      -1  -0.339E-01   20.00  0.8833E-03  0.1060E+00
  72  -213.0000     -24.348 0.3657   0.1935E+02  0.3460E-03 -0.1472E+01  0.0000E+00      -1  -0.339E-01   20.00  0.8833E-03  0.1060E+00
  73  -216.0000     -21.568 0.3667   0.2064E+02  0.3261E-03 -0.1469E+01  0.0000E+00      -1  -0.338E-01   20.00  0.8833E-03  0.1060E+00
  74  -219.0000     -18.775 0.3676   0.2201E+02  0.3051E-03 -0.1467E+01  0.0000E+00      -1  -0.337E-01   20.00  0.8833E-03  0.1060E+00
  75  -222.0000     -15.967 0.3684   0.2362E+02  0.2804E-03 -0.1464E+01  0.0000E+00      -1  -0.337E-01   20.00  0.8833E-03  0.1060E+00
  76  -225.0000     -13.146 0.3691   0.2540E+02  0.2531E-03 -0.1463E+01  0.0000E+00      -1  -0.337E-01   20.00  0.8833E-03  0.1060E+00
  77  -228.0000     -10.312 0.3698   0.2745E+02  0.2222E-03 -0.1461E+01  0.0000E+00      -1  -0.336E-01   20.00  0.8833E-03  0.1060E+00
  78  -231.0000      -7.465 0.3704   0.2986E+02  0.1863E-03 -0.1460E+01  0.0000E+00      -1  -0.336E-01   20.00  0.8833E-03  0.1060E+00
  79  -234.0000      -4.605 0.3709   0.3291E+02  0.1421E-03 -0.1459E+01  0.0000E+00      -1  -0.336E-01   20.00  0.8833E-03  0.1060E+00
  80  -237.0000      -1.730 0.3712   0.3726E+02  0.8142E-04 -0.1458E+01  0.0000E+00      -1  -0.336E-01   20.00  0.8833E-03  0.1060E+00
  81  -240.0000       1.162 0.3713   0.4346E+02  0.0000E+00 -0.1458E+01  0.0000E+00      -1  -0.336E-01   20.00  0.8833E-03  0.1060E+00
  82  -243.0000       4.061 0.3713   0.4346E+02  0.0000E+00 -0.1458E+01  0.0000E+00      -1  -0.336E-01   20.00  0.8833E-03  0.1060E+00
  83  -246.0000       6.961 0.3713   0.4346E+02  0.0000E+00 -0.1458E+01  0.0000E+00      -1  -0.336E-01   20.00  0.8833E-03  0.1060E+00
  84  -249.0000       9.860 0.3713   0.4346E+02  0.0000E+00 -0.1458E+01  0.0000E+00      -1  -0.336E-01   20.00  0.8833E-03  0.1060E+00
  85  -252.0000      12.759 0.3713   0.4346E+02  0.0000E+00 -0.1458E+01  0.0000E+00      -1  -0.336E-01   20.00  0.8833E-03  0.1060E+00
  86  -255.0000      15.659 0.3713   0.4346E+02  0.0000E+00 -0.1458E+01  0.0000E+00      -1  -0.336E-01   20.00  0.8833E-03  0.1060E+00
  87  -258.0000      18.558 0.3713   0.4346E+02  0.0000E+00 -0.1458E+01  0.0000E+00      -1  -0.336E-01   20.00  0.8833E-03  0.1060E+00
  88  -261.0000      21.457 0.3713   0.4346E+02  0.0000E+00 -0.1458E+01  0.0000E+00      -1  -0.336E-01   20.00  0.8833E-03  0.1060E+00
  89  -264.0000      24.357 0.3713   0.4346E+02  0.0000E+00 -0.1458E+01  0.0000E+00      -1  -0.336E-01   20.00  0.8833E-03  0.1060E+00
  90  -267.0000      27.256 0.3713   0.4346E+02  0.0000E+00 -0.1458E+01  0.0000E+00      -1  -0.336E-01   20.00  0.8833E-03  0.1060E+00
  91  -270.0000      30.155 0.3713   0.4346E+02  0.0000E+00 -0.1458E+01  0.0000E+00      -1  -0.336E-01   20.00  0.8833E-03  0.1060E+00
  92  -273.0000      33.055 0.3713   0.4346E+02  0.0000E+00 -0.1458E+01  0.0000E+00      -1  -0.336E-01   20.00  0.8833E-03  0.1060E+00
  93  -276.0000      35.954 0.3713   0.4346E+02  0.0000E+00 -0.1458E+01  0.0000E+00      -1  -0.336E-01   20.00  0.8833E-03  0.1060E+00
  94  -279.0000      38.854 0.3713   0.4346E+02  0.0000E+00 -0.1458E+01  0.0000E+00      -1  -0.336E-01   20.00  0.8833E-03  0.1060E+00
  95  -282.0000      41.753 0.3713   0.4346E+02  0.0000E+00 -0.1458E+01  0.0000E+00      -1  -0.336E-01   20.00  0.8833E-03  0.1060E+00
  96  -285.0000      44.652 0.3713   0.4346E+02  0.0000E+00 -0.1458E+01  0.0000E+00      -1  -0.336E-01   20.00  0.8833E-03  0.1060E+00
  97  -288.0000      47.552 0.3713   0.4346E+02  0.0000E+00 -0.1458E+01  0.0000E+00      -1  -0.336E-01   20.00  0.8833E-03  0.1060E+00
  98  -291.0000      50.451 0.3713   0.4346E+02  0.0000E+00 -0.1458E+01  0.0000E+00      -1  -0.336E-01   20.00  0.8832E-03  0.1060E+00
  99  -294.0000      53.350 0.3713   0.4346E+02  0.0000E+00 -0.1458E+01  0.0000E+00      -1  -0.336E-01   20.00  0.8825E-03  0.1059E+00
 100  -297.0000      56.250 0.3713   0.4346E+02  0.0000E+00 -0.1458E+01  0.0000E+00      -1  -0.336E-01   20.00  0.8816E-03  0.1058E+00
 101  -300.0000      59.149 0.3713   0.4346E+02  0.0000E+00 -0.1458E+01  0.0000E+00      -1  -0.336E-01   20.00  0.8816E-03  0.1057E+00
end
