 All solute fluxes and cumulative solute fluxes are positive into the region

       Time         cvTop        cvBot      Sum(cvTop)   Sum(cvBot)     cvCh0        cvCh1         cTop        cRoot         cBot        cvRoot    Sum(cvRoot)  Sum(cvNEql) TLevel      cGWL        cRunOff   Sum(cRunOff)    (cv(i),    Sum(cv(i)), i=1,NObs)
        [T]        [M/L2/T]     [M/L2/T]      [M/L2]       [M/L2]       [M/L2]      [M/L2]        [M/L3]      [M/L3]        [M/L3]      [M/L2/T]      [M/L2]       [M/L2]              [M/L3]        [M/L2]      [M/L3]      [M/L2/T]      [M/L2]
        0.0100  0.00000E+00 -0.25275E-02  0.00000E+00 -0.25275E-04  0.00000E+00  0.00000E+00  0.10079E-02  0.91358E-03  0.88124E-03  0.98062E-04  0.98062E-06  0.40680E-06       1  0.88314E-03  0.00000E+00  0.00000E+00  0.30064E-04  0.30064E-06 -0.63975E-03 -0.63975E-05 -0.54844E-03 -0.54844E-05
        0.0230  0.00000E+00 -0.30579E-02  0.00000E+00 -0.65028E-04  0.00000E+00  0.00000E+00  0.10079E-02  0.91359E-03  0.88136E-03  0.98063E-04  0.22554E-05  0.53018E-05       2  0.88314E-03  0.00000E+00  0.00000E+00  0.29383E-04  0.68261E-06 -0.62538E-03 -0.14527E-04 -0.53889E-03 -0.12490E-04
        0.0399  0.00000E+00 -0.27369E-02  0.00000E+00 -0.11128E-03  0.00000E+00  0.00000E+00  0.10079E-02  0.91358E-03  0.88126E-03  0.98062E-04  0.39127E-05  0.24403E-05       3  0.88314E-03  0.00000E+00  0.00000E+00  0.27995E-04  0.11557E-05 -0.60859E-03 -0.24813E-04 -0.52535E-03 -0.21368E-04
        0.0619  0.00000E+00 -0.24890E-02  0.00000E+00 -0.16597E-03  0.00000E+00  0.00000E+00  0.10079E-02  0.91359E-03  0.88128E-03  0.98063E-04  0.60671E-05  0.30949E-05       4  0.88314E-03  0.00000E+00  0.00000E+00  0.25101E-04  0.17072E-05 -0.59035E-03 -0.37783E-04 -0.50998E-03 -0.32573E-04
        0.0904  0.00000E+00 -0.23016E-02  0.00000E+00 -0.23170E-03  0.00000E+00  0.00000E+00  0.10078E-02  0.91359E-03  0.88124E-03  0.98062E-04  0.88679E-05  0.25560E-05       5  0.88313E-03  0.00000E+00  0.00000E+00  0.19611E-04  0.22673E-05 -0.56996E-03 -0.54061E-04 -0.49259E-03 -0.46642E-04
        0.1276  0.00000E+00 -0.21324E-02  0.00000E+00 -0.31088E-03  0.00000E+00  0.00000E+00  0.10078E-02  0.91359E-03  0.88124E-03  0.98063E-04  0.12509E-04  0.26010E-05       6  0.88313E-03  0.00000E+00  0.00000E+00  0.98242E-05  0.26321E-05 -0.54975E-03 -0.74473E-04 -0.47326E-03 -0.64213E-04
        0.1758  0.00000E+00 -0.19756E-02  0.00000E+00 -0.40623E-03  0.00000E+00  0.00000E+00  0.10077E-02  0.91358E-03  0.88122E-03  0.98062E-04  0.17242E-04  0.15280E-05       7  0.88313E-03  0.00000E+00  0.00000E+00  0.47763E-05  0.28626E-05 -0.53049E-03 -0.10008E-03 -0.45250E-03 -0.86055E-04
        0.2258  0.00000E+00 -0.18346E-02  0.00000E+00 -0.49796E-03  0.00000E+00  0.00000E+00  0.10077E-02  0.91358E-03  0.88122E-03  0.98062E-04  0.22145E-04  0.51200E-06       8  0.88313E-03  0.00000E+00  0.00000E+00  0.58142E-06  0.28917E-05 -0.51740E-03 -0.12595E-03 -0.43612E-03 -0.10786E-03
        0.2758  0.00000E+00 -0.17170E-02  0.00000E+00 -0.58381E-03  0.00000E+00  0.00000E+00  0.10077E-02  0.91358E-03  0.88121E-03  0.98062E-04  0.27048E-04 -0.51105E-06       9  0.88312E-03  0.00000E+00  0.00000E+00  0.14106E-06  0.28987E-05 -0.50349E-03 -0.15112E-03 -0.42070E-03 -0.12890E-03
        0.3258  0.00000E+00 -0.16164E-02  0.00000E+00 -0.66463E-03  0.00000E+00  0.00000E+00  0.10079E-02  0.91358E-03  0.88121E-03  0.98062E-04  0.31952E-04  0.26385E-05      10  0.88312E-03  0.00000E+00  0.00000E+00  0.27370E-04  0.42673E-05 -0.47257E-03 -0.17475E-03 -0.39990E-03 -0.14889E-03
        0.3758  0.00000E+00 -0.15281E-02  0.00000E+00 -0.74104E-03  0.00000E+00  0.00000E+00  0.10082E-02  0.91360E-03  0.88120E-03  0.98064E-04  0.36855E-04  0.16944E-04      11  0.88312E-03  0.00000E+00  0.00000E+00  0.73902E-04  0.79624E-05 -0.43278E-03 -0.19639E-03 -0.36345E-03 -0.16706E-03
        0.4258  0.00000E+00 -0.14487E-02  0.00000E+00 -0.81347E-03  0.00000E+00  0.00000E+00  0.10086E-02  0.91363E-03  0.88120E-03  0.98068E-04  0.41758E-04  0.41505E-04      12  0.88312E-03  0.00000E+00  0.00000E+00  0.10653E-03  0.13289E-04 -0.38359E-03 -0.21557E-03 -0.31910E-03 -0.18302E-03
        0.4758  0.00000E+00 -0.13755E-02  0.00000E+00 -0.88225E-03  0.00000E+00  0.00000E+00  0.10088E-02  0.91364E-03  0.88119E-03  0.98069E-04  0.46662E-04  0.72514E-04      13  0.88312E-03  0.00000E+00  0.00000E+00  0.12335E-03  0.19457E-04 -0.33113E-03 -0.23213E-03 -0.27179E-03 -0.19661E-03
        0.5258  0.00000E+00 -0.13072E-02  0.00000E+00 -0.94761E-03  0.00000E+00  0.00000E+00  0.10088E-02  0.91366E-03  0.88119E-03  0.98072E-04  0.51565E-04  0.10709E-03      14  0.88312E-03  0.00000E+00  0.00000E+00  0.12266E-03  0.25590E-04 -0.28050E-03 -0.24615E-03 -0.22726E-03 -0.20797E-03
        0.5758  0.00000E+00 -0.12423E-02  0.00000E+00 -0.10097E-02  0.00000E+00  0.00000E+00  0.10087E-02  0.91366E-03  0.88118E-03  0.98072E-04  0.56469E-04  0.14080E-03      15  0.88312E-03  0.00000E+00  0.00000E+00  0.10509E-03  0.30844E-04 -0.23721E-03 -0.25801E-03 -0.18964E-03 -0.21745E-03
        0.6258  0.00000E+00 -0.11800E-02  0.00000E+00 -0.10687E-02  0.00000E+00  0.00000E+00  0.10084E-02  0.91367E-03  0.88118E-03  0.98072E-04  0.61372E-04  0.17026E-03      16  0.88312E-03  0.00000E+00  0.00000E+00  0.71620E-04  0.34425E-04 -0.20615E-03 -0.26832E-03 -0.16215E-03 -0.22556E-03
        0.6758  0.00000E+00 -0.11200E-02  0.00000E+00 -0.11247E-02  0.00000E+00  0.00000E+00  0.10081E-02  0.91365E-03  0.88118E-03  0.98071E-04  0.66276E-04  0.19176E-03      17  0.88312E-03  0.00000E+00  0.00000E+00  0.24893E-04  0.35670E-04 -0.19178E-03 -0.27791E-03 -0.14729E-03 -0.23293E-03
        0.7258  0.00000E+00 -0.10621E-02  0.00000E+00 -0.11778E-02  0.00000E+00  0.00000E+00  0.10078E-02  0.91364E-03  0.88117E-03  0.98069E-04  0.71179E-04  0.20301E-03      18  0.88312E-03  0.00000E+00  0.00000E+00 -0.11112E-05  0.35614E-04 -0.19354E-03 -0.28759E-03 -0.14583E-03 -0.24022E-03
        0.7758  0.00000E+00 -0.10065E-02  0.00000E+00 -0.12282E-02  0.00000E+00  0.00000E+00  0.10078E-02  0.91361E-03  0.88117E-03  0.98066E-04  0.76083E-04  0.20389E-03      19  0.88312E-03  0.00000E+00  0.00000E+00 -0.16330E-06  0.35606E-04 -0.19643E-03 -0.29741E-03 -0.15533E-03 -0.24798E-03
        0.8258  0.00000E+00 -0.95375E-03  0.00000E+00 -0.12758E-02  0.00000E+00  0.00000E+00  0.10079E-02  0.91359E-03  0.88117E-03  0.98064E-04  0.80986E-04  0.20253E-03      20  0.88312E-03  0.00000E+00  0.00000E+00  0.40144E-05  0.35807E-04 -0.19447E-03 -0.30713E-03 -0.16152E-03 -0.25606E-03
        0.8758  0.00000E+00 -0.90398E-03  0.00000E+00 -0.13210E-02  0.00000E+00  0.00000E+00  0.10079E-02  0.91360E-03  0.88117E-03  0.98065E-04  0.85889E-04  0.20199E-03      21  0.88312E-03  0.00000E+00  0.00000E+00  0.99133E-05  0.36302E-04 -0.18855E-03 -0.31656E-03 -0.16418E-03 -0.26427E-03
        0.9258  0.00000E+00 -0.85735E-03  0.00000E+00 -0.13639E-02  0.00000E+00  0.00000E+00  0.10080E-02  0.91359E-03  0.88116E-03  0.98064E-04  0.90792E-04  0.20155E-03      22  0.88312E-03  0.00000E+00  0.00000E+00  0.21917E-04  0.37398E-04 -0.18174E-03 -0.32565E-03 -0.16385E-03 -0.27246E-03
        0.9629  0.00000E+00 -0.81897E-03  0.00000E+00 -0.13943E-02  0.00000E+00  0.00000E+00  0.10080E-02  0.91360E-03  0.88116E-03  0.98064E-04  0.94429E-04  0.20169E-03      23  0.88312E-03  0.00000E+00  0.00000E+00  0.27107E-04  0.38403E-04 -0.17673E-03 -0.33220E-03 -0.16257E-03 -0.27849E-03
        1.0000  0.00000E+00 -0.78812E-03  0.00000E+00 -0.14235E-02  0.00000E+00  0.00000E+00  0.10081E-02  0.91359E-03  0.88116E-03  0.98064E-04  0.98066E-04  0.20176E-03      24  0.88312E-03  0.00000E+00  0.00000E+00  0.28860E-04  0.39474E-04 -0.17227E-03 -0.33859E-03 -0.16043E-03 -0.28444E-03
end
