 ******* Program HYDRUS
 ******* 
 Welcome to HYDRUS-1D                                                    
 Date:  28. 3.2022    Time:   8:57: 0
 Units: L = cm   , T = days , M = mg   

----------------------------------------------------------
 Time       [T]        0.0000
----------------------------------------------------------
 Sub-region num.                     1
----------------------------------------------------------
 Length   [L]        0.30000E+03  0.30000E+03
 W-volume [L]        0.10273E+03  0.10273E+03
 In-flow  [L/T]      0.00000E+00  0.00000E+00
 h Mean   [L]       -0.64697E+02 -0.64697E+02
 ConcVol  [M/L2] 1   0.91146E-01  0.91146E-01
 cMean    [M/L3] 1   0.88771E-03  0.88771E-03
 SorbVolIm[M/L2] 1   0.46338E+02  0.46338E+02
 sMeanIm  [-]    1   0.10652E+00  0.10652E+00
 Top Flux [L/T]     -0.41296E-01
 Bot Flux [L/T]     -0.12604E+01
----------------------------------------------------------

----------------------------------------------------------
 Time       [T]        1.0000
----------------------------------------------------------
 Sub-region num.                     1
----------------------------------------------------------
 Length   [L]        0.30000E+03  0.30000E+03
 W-volume [L]        0.10326E+03  0.10326E+03
 In-flow  [L/T]     -0.18566E+01 -0.18566E+01
 h Mean   [L]       -0.59909E+02 -0.59909E+02
 ConcVol  [M/L2] 1   0.91612E-01  0.91612E-01
 cMean    [M/L3] 1   0.88769E-03  0.88769E-03
 SorbVolIm[M/L2] 1   0.46336E+02  0.46336E+02
 sMeanIm  [-]    1   0.10652E+00  0.10652E+00
 Top Flux [L/T]     -0.43070E-01
 Bot Flux [L/T]     -0.18032E+01
 WatBalT  [L]        0.45896E-05
 WatBalR  [%]              0.000
 CncBalT  [M]    1   0.20599E-03
 CncBalR  [%]    1        17.320
----------------------------------------------------------
 
 Calculation time [sec]  1.000002026557922E-002
