 ******* Program HYDRUS
 ******* 
 Welcome to HYDRUS-1D                                                    
 Date:  27. 3.2022    Time:  16:25:58
 Units: L = cm   , T = days , M = mg   

----------------------------------------------------------
 Time       [T]        0.0000
----------------------------------------------------------
 Sub-region num.                     1
----------------------------------------------------------
 Length   [L]        0.30000E+03  0.30000E+03
 W-volume [L]        0.99487E+02  0.99487E+02
 In-flow  [L/T]      0.00000E+00  0.00000E+00
 h Mean   [L]       -0.93960E+02 -0.93960E+02
 ConcVol  [M/L2] 1   0.88928E-01  0.88928E-01
 cMean    [M/L3] 1   0.89540E-03  0.89540E-03
 SorbVolIm[M/L2] 1   0.46740E+02  0.46740E+02
 sMeanIm  [-]    1   0.10745E+00  0.10745E+00
 Top Flux [L/T]      0.55673E-01
 Bot Flux [L/T]     -0.52159E+00
----------------------------------------------------------

----------------------------------------------------------
 Time       [T]        1.0000
----------------------------------------------------------
 Sub-region num.                     1
----------------------------------------------------------
 Length   [L]        0.30000E+03  0.30000E+03
 W-volume [L]        0.10011E+03  0.10011E+03
 In-flow  [L/T]     -0.10717E+01 -0.10717E+01
 h Mean   [L]       -0.89212E+02 -0.89212E+02
 ConcVol  [M/L2] 1   0.89490E-01  0.89490E-01
 cMean    [M/L3] 1   0.89540E-03  0.89540E-03
 SorbVolIm[M/L2] 1   0.46739E+02  0.46739E+02
 sMeanIm  [-]    1   0.10745E+00  0.10745E+00
 Top Flux [L/T]      0.86915E-01
 Bot Flux [L/T]     -0.91580E+00
 WatBalT  [L]       -0.24855E-04
 WatBalR  [%]              0.001
 CncBalT  [M]    1   0.49591E-04
 CncBalR  [%]    1         7.820
----------------------------------------------------------
 
 Calculation time [sec]  1.000005006790161E-002
