 All solute fluxes and cumulative solute fluxes are positive into the region

       Time         cvTop        cvBot      Sum(cvTop)   Sum(cvBot)     cvCh0        cvCh1         cTop        cRoot         cBot        cvRoot    Sum(cvRoot)  Sum(cvNEql) TLevel      cGWL        cRunOff   Sum(cRunOff)    (cv(i),    Sum(cv(i)), i=1,NObs)
        [T]        [M/L2/T]     [M/L2/T]      [M/L2]       [M/L2]       [M/L2]      [M/L2]        [M/L3]      [M/L3]        [M/L3]      [M/L2/T]      [M/L2]       [M/L2]              [M/L3]        [M/L2]      [M/L3]      [M/L2/T]      [M/L2]
        0.0100  0.00000E+00 -0.14743E-02  0.00000E+00 -0.14743E-04  0.00000E+00  0.00000E+00  0.10660E-02  0.69171E-03  0.84492E-03  0.22686E-05  0.22686E-07 -0.34833E-01       1  0.88620E-03  0.00000E+00  0.00000E+00  0.80643E-04  0.80643E-06 -0.97367E-02 -0.97367E-04 -0.44796E-02 -0.44796E-04
        0.0156  0.00000E+00  0.00000E+00  0.00000E+00 -0.14743E-04  0.00000E+00  0.00000E+00  0.10028E-02  0.10783E-02  0.81200E-03  0.33859E-05  0.41488E-07 -0.29154E-01       2  0.86808E-03  0.00000E+00  0.00000E+00  0.45840E-04  0.10610E-05 -0.89034E-02 -0.14681E-03 -0.40854E-02 -0.67482E-04
        0.0211  0.00000E+00  0.00000E+00  0.00000E+00 -0.14743E-04  0.00000E+00  0.00000E+00  0.10019E-02  0.10057E-02  0.82916E-03  0.31835E-05  0.59166E-07 -0.29100E-01       3  0.87031E-03  0.00000E+00  0.00000E+00  0.29686E-04  0.12258E-05 -0.80570E-02 -0.19155E-03 -0.39477E-02 -0.89403E-04
        0.0283  0.00000E+00  0.00000E+00  0.00000E+00 -0.14743E-04  0.00000E+00  0.00000E+00  0.10022E-02  0.10024E-02  0.82995E-03  0.31742E-05  0.82080E-07 -0.29335E-01       4  0.87399E-03  0.00000E+00  0.00000E+00  0.93377E-05  0.12932E-05 -0.72843E-02 -0.24413E-03 -0.37661E-02 -0.11659E-03
        0.0377  0.00000E+00  0.00000E+00  0.00000E+00 -0.14743E-04  0.00000E+00  0.00000E+00  0.10021E-02  0.10023E-02  0.84122E-03  0.31738E-05  0.11186E-06 -0.29582E-01       5  0.87684E-03  0.00000E+00  0.00000E+00 -0.23827E-04  0.10696E-05 -0.65307E-02 -0.30542E-03 -0.35329E-02 -0.14974E-03
        0.0499  0.00000E+00  0.00000E+00  0.00000E+00 -0.14743E-04  0.00000E+00  0.00000E+00  0.10016E-02  0.10023E-02  0.84265E-03  0.31739E-05  0.15059E-06 -0.29820E-01       6  0.87870E-03  0.00000E+00  0.00000E+00 -0.78634E-04  0.11030E-06 -0.58349E-02 -0.37660E-03 -0.32625E-02 -0.18955E-03
        0.0658  0.00000E+00  0.00000E+00  0.00000E+00 -0.14743E-04  0.00000E+00  0.00000E+00  0.10009E-02  0.10023E-02  0.85145E-03  0.31739E-05  0.20092E-06 -0.30052E-01       7  0.88036E-03  0.00000E+00  0.00000E+00 -0.16789E-03 -0.25524E-05 -0.52223E-02 -0.45943E-03 -0.29745E-02 -0.23672E-03
        0.0864  0.00000E+00  0.00000E+00  0.00000E+00 -0.14743E-04  0.00000E+00  0.00000E+00  0.99957E-03  0.10023E-02  0.85243E-03  0.31739E-05  0.26636E-06 -0.30272E-01       8  0.88131E-03  0.00000E+00  0.00000E+00 -0.30393E-03 -0.88189E-05 -0.47313E-02 -0.55698E-03 -0.26908E-02 -0.29220E-03
        0.1132  0.00000E+00  0.00000E+00  0.00000E+00 -0.14743E-04  0.00000E+00  0.00000E+00  0.99764E-03  0.10023E-02  0.86080E-03  0.31738E-05  0.35143E-06 -0.30480E-01       9  0.88197E-03  0.00000E+00  0.00000E+00 -0.50213E-03 -0.22278E-04 -0.44392E-02 -0.67596E-03 -0.24417E-02 -0.35765E-03
        0.1480  0.00000E+00  0.00000E+00  0.00000E+00 -0.14743E-04  0.00000E+00  0.00000E+00  0.99502E-03  0.10023E-02  0.86101E-03  0.31739E-05  0.46202E-06 -0.30671E-01      10  0.88250E-03  0.00000E+00  0.00000E+00 -0.77148E-03 -0.49159E-04 -0.44222E-02 -0.83005E-03 -0.22489E-02 -0.43601E-03
        0.1933  0.00000E+00  0.00000E+00  0.00000E+00 -0.14743E-04  0.00000E+00  0.00000E+00  0.99173E-03  0.10023E-02  0.87118E-03  0.31738E-05  0.60578E-06 -0.30852E-01      11  0.88290E-03  0.00000E+00  0.00000E+00 -0.11130E-02 -0.99577E-04 -0.48681E-02 -0.10506E-02 -0.21708E-02 -0.53434E-03
        0.2433  0.00000E+00  0.00000E+00  0.00000E+00 -0.14743E-04  0.00000E+00  0.00000E+00  0.98851E-03  0.10023E-02  0.86971E-03  0.31738E-05  0.76447E-06 -0.31016E-01      12  0.88315E-03  0.00000E+00  0.00000E+00 -0.14578E-02 -0.17247E-03 -0.57051E-02 -0.13358E-02 -0.22395E-02 -0.64631E-03
        0.2933  0.00000E+00 -0.26999E-05  0.00000E+00 -0.14878E-04  0.00000E+00  0.00000E+00  0.98607E-03  0.10023E-02  0.88023E-03  0.31738E-05  0.92316E-06 -0.31172E-01      13  0.88326E-03  0.00000E+00  0.00000E+00 -0.17155E-02 -0.25824E-03 -0.66709E-02 -0.16694E-02 -0.24151E-02 -0.76707E-03
        0.3433  0.00000E+00 -0.32065E-03  0.00000E+00 -0.30910E-04  0.00000E+00  0.00000E+00  0.98420E-03  0.10023E-02  0.88193E-03  0.31737E-05  0.10818E-05 -0.31326E-01      14  0.88339E-03  0.00000E+00  0.00000E+00 -0.19033E-02 -0.35341E-03 -0.76282E-02 -0.20508E-02 -0.26549E-02 -0.89982E-03
        0.3933  0.00000E+00 -0.85370E-03  0.00000E+00 -0.73595E-04  0.00000E+00  0.00000E+00  0.98275E-03  0.10022E-02  0.88092E-03  0.31735E-05  0.12405E-05 -0.31501E-01      15  0.88332E-03  0.00000E+00  0.00000E+00 -0.20413E-02 -0.45547E-03 -0.85255E-02 -0.24770E-02 -0.29273E-02 -0.10462E-02
        0.4433  0.00000E+00 -0.12251E-02  0.00000E+00 -0.13485E-03  0.00000E+00  0.00000E+00  0.98169E-03  0.10021E-02  0.88175E-03  0.31733E-05  0.13992E-05 -0.31697E-01      16  0.88338E-03  0.00000E+00  0.00000E+00 -0.21208E-02 -0.56151E-03 -0.92455E-02 -0.29393E-02 -0.31962E-02 -0.12060E-02
        0.4933  0.00000E+00 -0.14932E-02  0.00000E+00 -0.20951E-03  0.00000E+00  0.00000E+00  0.98111E-03  0.10020E-02  0.88120E-03  0.31729E-05  0.15578E-05 -0.31898E-01      17  0.88333E-03  0.00000E+00  0.00000E+00 -0.21414E-02 -0.66858E-03 -0.97111E-02 -0.34249E-02 -0.34209E-02 -0.13770E-02
        0.5433  0.00000E+00 -0.16994E-02  0.00000E+00 -0.29448E-03  0.00000E+00  0.00000E+00  0.98096E-03  0.10019E-02  0.88166E-03  0.31727E-05  0.17165E-05 -0.32098E-01      18  0.88337E-03  0.00000E+00  0.00000E+00 -0.21008E-02 -0.77362E-03 -0.98769E-02 -0.39187E-02 -0.35692E-02 -0.15555E-02
        0.5933  0.00000E+00 -0.18676E-02  0.00000E+00 -0.38786E-03  0.00000E+00  0.00000E+00  0.98127E-03  0.10019E-02  0.88135E-03  0.31726E-05  0.18751E-05 -0.32285E-01      19  0.88334E-03  0.00000E+00  0.00000E+00 -0.20024E-02 -0.87374E-03 -0.97298E-02 -0.44052E-02 -0.36194E-02 -0.17365E-02
        0.6433  0.00000E+00 -0.20130E-02  0.00000E+00 -0.48851E-03  0.00000E+00  0.00000E+00  0.98201E-03  0.10019E-02  0.88163E-03  0.31726E-05  0.20337E-05 -0.32453E-01      20  0.88337E-03  0.00000E+00  0.00000E+00 -0.18492E-02 -0.96620E-03 -0.92828E-02 -0.48694E-02 -0.35640E-02 -0.19147E-02
        0.6933  0.00000E+00 -0.21448E-02  0.00000E+00 -0.59575E-03  0.00000E+00  0.00000E+00  0.98313E-03  0.10019E-02  0.88145E-03  0.31728E-05  0.21924E-05 -0.32593E-01      21  0.88335E-03  0.00000E+00  0.00000E+00 -0.16496E-02 -0.10487E-02 -0.85828E-02 -0.52985E-02 -0.34095E-02 -0.20851E-02
        0.7433  0.00000E+00 -0.22655E-02  0.00000E+00 -0.70902E-03  0.00000E+00  0.00000E+00  0.98466E-03  0.10020E-02  0.88161E-03  0.31730E-05  0.23510E-05 -0.32704E-01      22  0.88336E-03  0.00000E+00  0.00000E+00 -0.14033E-02 -0.11188E-02 -0.76706E-02 -0.56820E-02 -0.31689E-02 -0.22436E-02
        0.7933  0.00000E+00 -0.23745E-02  0.00000E+00 -0.82775E-03  0.00000E+00  0.00000E+00  0.98699E-03  0.10021E-02  0.88152E-03  0.31733E-05  0.25097E-05 -0.32776E-01      23  0.88335E-03  0.00000E+00  0.00000E+00 -0.10681E-02 -0.11723E-02 -0.65078E-02 -0.60074E-02 -0.28426E-02 -0.23857E-02
        0.8433  0.00000E+00 -0.24683E-02  0.00000E+00 -0.95116E-03  0.00000E+00  0.00000E+00  0.98958E-03  0.10022E-02  0.88162E-03  0.31736E-05  0.26684E-05 -0.32813E-01      24  0.88336E-03  0.00000E+00  0.00000E+00 -0.71523E-03 -0.12080E-02 -0.52647E-02 -0.62707E-02 -0.24687E-02 -0.25092E-02
        0.8933  0.00000E+00 -0.25425E-02  0.00000E+00 -0.10783E-02  0.00000E+00  0.00000E+00  0.99232E-03  0.10022E-02  0.88156E-03  0.31736E-05  0.28270E-05 -0.32822E-01      25  0.88337E-03  0.00000E+00  0.00000E+00 -0.37045E-03 -0.12265E-02 -0.40953E-02 -0.64754E-02 -0.20910E-02 -0.26137E-02
        0.9433  0.00000E+00 -0.25930E-02  0.00000E+00 -0.12079E-02  0.00000E+00  0.00000E+00  0.99473E-03  0.10023E-02  0.88162E-03  0.31737E-05  0.29857E-05 -0.32812E-01      26  0.88338E-03  0.00000E+00  0.00000E+00 -0.89804E-04 -0.12310E-02 -0.31507E-02 -0.66329E-02 -0.17495E-02 -0.27012E-02
        0.9717  0.00000E+00 -0.26192E-02  0.00000E+00 -0.12821E-02  0.00000E+00  0.00000E+00  0.99575E-03  0.10022E-02  0.88159E-03  0.31737E-05  0.30756E-05 -0.32803E-01      27  0.88337E-03  0.00000E+00  0.00000E+00  0.13424E-04 -0.12306E-02 -0.27062E-02 -0.67096E-02 -0.15756E-02 -0.27458E-02
        1.0000  0.00000E+00 -0.26286E-02  0.00000E+00 -0.13566E-02  0.00000E+00  0.00000E+00  0.99623E-03  0.10023E-02  0.88162E-03  0.31737E-05  0.31656E-05 -0.32794E-01      28  0.88338E-03  0.00000E+00  0.00000E+00  0.62857E-04 -0.12289E-02 -0.23693E-02 -0.67768E-02 -0.14310E-02 -0.27864E-02
end
