 ******* Program HYDRUS
 ******* 
 Welcome to HYDRUS-1D                                                    
 Date:  28. 3.2022    Time:   8:57: 9
 Units: L = cm   , T = days , M = mg   


    TLevel      Time           dt     ItrW ItrC    ItCum  KodT  KodB Converg  Peclet   Courant

        1  0.1000000E-01  0.10000E-01    2    1        2    -4     3     T     0.030     0.018
        2  0.2000000E-01  0.10000E-01    2    1        4    -4     3     T     0.030     0.018
        3  0.3300000E-01  0.13000E-01    2    1        6    -4     3     T     0.030     0.022
        4  0.4990000E-01  0.16900E-01    2    1        8    -4     3     T     0.030     0.028
        5  0.7187000E-01  0.21970E-01    2    1       10    -4     3     T     0.030     0.035
        6  0.1004310E+00  0.28561E-01    2    1       12    -4     3     T     0.030     0.044
        7  0.1375603E+00  0.37129E-01    2    1       14    -4     3     T     0.030     0.054
        8  0.1858284E+00  0.48268E-01    2    1       16    -4     3     T     0.030     0.066
        9  0.2358284E+00  0.50000E-01    2    1       18    -4     3     T     0.030     0.064
       10  0.2858284E+00  0.50000E-01    2    1       20    -4     3     T     0.030     0.062
       11  0.3358284E+00  0.50000E-01    2    1       22    -4     3     T     0.030     0.059
       12  0.3858284E+00  0.50000E-01    2    1       24    -4     3     T     0.030     0.057
       13  0.4358284E+00  0.50000E-01    2    1       26    -4     3     T     0.030     0.056
       14  0.4858284E+00  0.50000E-01    2    1       28    -4     3     T     0.030     0.054
       15  0.5358284E+00  0.50000E-01    2    1       30    -4     3     T     0.030     0.053
       16  0.5858284E+00  0.50000E-01    2    1       32    -4     3     T     0.030     0.052
       17  0.6358284E+00  0.50000E-01    2    1       34    -4     3     T     0.029     0.051
       18  0.6858284E+00  0.50000E-01    2    1       36    -4     3     T     0.029     0.050
       19  0.7358284E+00  0.50000E-01    2    1       38    -4     3     T     0.029     0.049
       20  0.7858284E+00  0.50000E-01    2    1       40    -4     3     T     0.029     0.048
       21  0.8358284E+00  0.50000E-01    2    1       42    -4     3     T     0.029     0.047
       22  0.8858284E+00  0.50000E-01    2    1       44    -4     3     T     0.029     0.046
       23  0.9358284E+00  0.50000E-01    2    1       46    -4     3     T     0.029     0.045
       24  0.9679142E+00  0.32086E-01    2    1       48    -4     3     T     0.029     0.029
       25  0.1000000E+01  0.32086E-01    2    1       50    -4     3     T     0.029     0.028
end
