 All solute fluxes and cumulative solute fluxes are positive into the region

       Time         cvTop        cvBot      Sum(cvTop)   Sum(cvBot)     cvCh0        cvCh1         cTop        cRoot         cBot        cvRoot    Sum(cvRoot)  Sum(cvNEql) TLevel      cGWL        cRunOff   Sum(cRunOff)    (cv(i),    Sum(cv(i)), i=1,NObs)
        [T]        [M/L2/T]     [M/L2/T]      [M/L2]       [M/L2]       [M/L2]      [M/L2]        [M/L3]      [M/L3]        [M/L3]      [M/L2/T]      [M/L2]       [M/L2]              [M/L3]        [M/L2]      [M/L3]      [M/L2/T]      [M/L2]
        0.0100  0.00000E+00 -0.22302E-02  0.00000E+00 -0.22302E-04  0.00000E+00  0.00000E+00  0.99883E-03  0.10020E-02  0.88176E-03  0.75360E-05  0.75360E-07  0.19316E-05       1  0.88315E-03  0.00000E+00  0.00000E+00  0.12310E-03  0.12310E-05 -0.33381E-03 -0.33381E-05 -0.27333E-03 -0.27333E-05
        0.0200  0.00000E+00 -0.29420E-02  0.00000E+00 -0.51722E-04  0.00000E+00  0.00000E+00  0.99871E-03  0.10021E-02  0.88182E-03  0.75368E-05  0.15073E-06  0.88483E-05       2  0.88314E-03  0.00000E+00  0.00000E+00  0.11046E-03  0.23357E-05 -0.32574E-03 -0.65955E-05 -0.27167E-03 -0.54500E-05
        0.0330  0.00000E+00 -0.25737E-02  0.00000E+00 -0.85180E-04  0.00000E+00  0.00000E+00  0.99851E-03  0.10020E-02  0.88177E-03  0.75368E-05  0.24871E-06  0.76991E-05       3  0.88314E-03  0.00000E+00  0.00000E+00  0.82669E-04  0.34104E-05 -0.31933E-03 -0.10747E-04 -0.26891E-03 -0.89458E-05
        0.0499  0.00000E+00 -0.22847E-02  0.00000E+00 -0.12379E-03  0.00000E+00  0.00000E+00  0.99796E-03  0.10020E-02  0.88176E-03  0.75369E-05  0.37608E-06  0.85653E-05       4  0.88314E-03  0.00000E+00  0.00000E+00  0.25075E-04  0.38341E-05 -0.32577E-03 -0.16252E-04 -0.26608E-03 -0.13443E-04
        0.0719  0.00000E+00 -0.20764E-02  0.00000E+00 -0.16941E-03  0.00000E+00  0.00000E+00  0.99700E-03  0.10020E-02  0.88174E-03  0.75368E-05  0.54166E-06  0.73327E-05       5  0.88314E-03  0.00000E+00  0.00000E+00 -0.68760E-04  0.23235E-05 -0.36590E-03 -0.24291E-04 -0.26513E-03 -0.19267E-04
        0.1004  0.00000E+00 -0.18974E-02  0.00000E+00 -0.22360E-03  0.00000E+00  0.00000E+00  0.99549E-03  0.10020E-02  0.88173E-03  0.75368E-05  0.75692E-06  0.13797E-05       6  0.88314E-03  0.00000E+00  0.00000E+00 -0.21263E-03 -0.37496E-05 -0.48072E-03 -0.38021E-04 -0.27214E-03 -0.27040E-04
        0.1376  0.00000E+00 -0.17417E-02  0.00000E+00 -0.28827E-03  0.00000E+00  0.00000E+00  0.99334E-03  0.10020E-02  0.88172E-03  0.75368E-05  0.10368E-05 -0.17336E-04       7  0.88314E-03  0.00000E+00  0.00000E+00 -0.42220E-03 -0.19425E-04 -0.74493E-03 -0.65680E-04 -0.30078E-03 -0.38208E-04
        0.1858  0.00000E+00 -0.15981E-02  0.00000E+00 -0.36541E-03  0.00000E+00  0.00000E+00  0.99058E-03  0.10020E-02  0.88171E-03  0.75366E-05  0.14005E-05 -0.64700E-04       8  0.88314E-03  0.00000E+00  0.00000E+00 -0.70041E-03 -0.53233E-04 -0.12758E-02 -0.12726E-03 -0.37930E-03 -0.56516E-04
        0.2358  0.00000E+00 -0.14729E-02  0.00000E+00 -0.43906E-03  0.00000E+00  0.00000E+00  0.98797E-03  0.10020E-02  0.88170E-03  0.75363E-05  0.17774E-05 -0.14198E-03       9  0.88314E-03  0.00000E+00  0.00000E+00 -0.97160E-03 -0.10181E-03 -0.19806E-02 -0.22629E-03 -0.50679E-03 -0.81855E-04
        0.2858  0.00000E+00 -0.13718E-02  0.00000E+00 -0.50765E-03  0.00000E+00  0.00000E+00  0.98639E-03  0.10020E-02  0.88170E-03  0.75363E-05  0.21542E-05 -0.23944E-03      10  0.88313E-03  0.00000E+00  0.00000E+00 -0.11404E-02 -0.15883E-03 -0.27314E-02 -0.36286E-03 -0.67310E-03 -0.11551E-03
        0.3358  0.00000E+00 -0.12895E-02  0.00000E+00 -0.57212E-03  0.00000E+00  0.00000E+00  0.98567E-03  0.10020E-02  0.88170E-03  0.75364E-05  0.25310E-05 -0.34441E-03      11  0.88313E-03  0.00000E+00  0.00000E+00 -0.12054E-02 -0.21911E-03 -0.33492E-02 -0.53032E-03 -0.85180E-03 -0.15810E-03
        0.3858  0.00000E+00 -0.12213E-02  0.00000E+00 -0.63319E-03  0.00000E+00  0.00000E+00  0.98499E-03  0.10020E-02  0.88170E-03  0.75364E-05  0.29078E-05 -0.45414E-03      12  0.88313E-03  0.00000E+00  0.00000E+00 -0.12528E-02 -0.28175E-03 -0.38480E-02 -0.72272E-03 -0.10272E-02 -0.20946E-03
        0.4358  0.00000E+00 -0.11645E-02  0.00000E+00 -0.69141E-03  0.00000E+00  0.00000E+00  0.98450E-03  0.10019E-02  0.88169E-03  0.75360E-05  0.32846E-05 -0.56767E-03      13  0.88313E-03  0.00000E+00  0.00000E+00 -0.12819E-02 -0.34584E-03 -0.42318E-02 -0.93430E-03 -0.11881E-02 -0.26886E-03
        0.4858  0.00000E+00 -0.11177E-02  0.00000E+00 -0.74730E-03  0.00000E+00  0.00000E+00  0.98415E-03  0.10019E-02  0.88169E-03  0.75360E-05  0.36614E-05 -0.68203E-03      14  0.88313E-03  0.00000E+00  0.00000E+00 -0.12896E-02 -0.41032E-03 -0.45159E-02 -0.11601E-02 -0.13286E-02 -0.33529E-03
        0.5358  0.00000E+00 -0.10800E-02  0.00000E+00 -0.80130E-03  0.00000E+00  0.00000E+00  0.98399E-03  0.10018E-02  0.88169E-03  0.75357E-05  0.40382E-05 -0.79526E-03      15  0.88313E-03  0.00000E+00  0.00000E+00 -0.12758E-02 -0.47411E-03 -0.47004E-02 -0.13951E-02 -0.14450E-02 -0.40754E-03
        0.5858  0.00000E+00 -0.10511E-02  0.00000E+00 -0.85385E-03  0.00000E+00  0.00000E+00  0.98398E-03  0.10018E-02  0.88169E-03  0.75356E-05  0.44150E-05 -0.90448E-03      16  0.88313E-03  0.00000E+00  0.00000E+00 -0.12408E-02 -0.53615E-03 -0.47885E-02 -0.16345E-02 -0.15347E-02 -0.48428E-03
        0.6358  0.00000E+00 -0.10308E-02  0.00000E+00 -0.90539E-03  0.00000E+00  0.00000E+00  0.98413E-03  0.10018E-02  0.88170E-03  0.75355E-05  0.47917E-05 -0.10079E-02      17  0.88313E-03  0.00000E+00  0.00000E+00 -0.11872E-02 -0.59551E-03 -0.47861E-02 -0.18739E-02 -0.15971E-02 -0.56413E-03
        0.6858  0.00000E+00 -0.10185E-02  0.00000E+00 -0.95632E-03  0.00000E+00  0.00000E+00  0.98441E-03  0.10018E-02  0.88170E-03  0.75354E-05  0.51685E-05 -0.11037E-02      18  0.88313E-03  0.00000E+00  0.00000E+00 -0.11184E-02 -0.65143E-03 -0.47054E-02 -0.21091E-02 -0.16325E-02 -0.64576E-03
        0.7358  0.00000E+00 -0.10137E-02  0.00000E+00 -0.10070E-02  0.00000E+00  0.00000E+00  0.98479E-03  0.10018E-02  0.88170E-03  0.75353E-05  0.55453E-05 -0.11912E-02      19  0.88313E-03  0.00000E+00  0.00000E+00 -0.10396E-02 -0.70341E-03 -0.45618E-02 -0.23372E-02 -0.16360E-02 -0.72756E-03
        0.7858  0.00000E+00 -0.10156E-02  0.00000E+00 -0.10578E-02  0.00000E+00  0.00000E+00  0.98675E-03  0.10018E-02  0.88171E-03  0.75353E-05  0.59221E-05 -0.12519E-02      20  0.88313E-03  0.00000E+00  0.00000E+00 -0.78481E-03 -0.74265E-03 -0.40802E-02 -0.25412E-02 -0.15715E-02 -0.80613E-03
        0.8358  0.00000E+00 -0.10233E-02  0.00000E+00 -0.11090E-02  0.00000E+00  0.00000E+00  0.98876E-03  0.10019E-02  0.88171E-03  0.75361E-05  0.62989E-05 -0.12836E-02      21  0.88313E-03  0.00000E+00  0.00000E+00 -0.51424E-03 -0.76836E-03 -0.34288E-02 -0.27127E-02 -0.14431E-02 -0.87828E-03
        0.8858  0.00000E+00 -0.10354E-02  0.00000E+00 -0.11607E-02  0.00000E+00  0.00000E+00  0.99098E-03  0.10019E-02  0.88171E-03  0.75359E-05  0.66757E-05 -0.12940E-02      22  0.88313E-03  0.00000E+00  0.00000E+00 -0.24769E-03 -0.78074E-03 -0.27258E-02 -0.28490E-02 -0.12751E-02 -0.94204E-03
        0.9358  0.00000E+00 -0.10505E-02  0.00000E+00 -0.12132E-02  0.00000E+00  0.00000E+00  0.99291E-03  0.10020E-02  0.88172E-03  0.75365E-05  0.70525E-05 -0.12881E-02      23  0.88313E-03  0.00000E+00  0.00000E+00 -0.27298E-04 -0.78211E-03 -0.20921E-02 -0.29536E-02 -0.10967E-02 -0.99687E-03
        0.9679  0.00000E+00 -0.10640E-02  0.00000E+00 -0.12474E-02  0.00000E+00  0.00000E+00  0.99401E-03  0.10019E-02  0.88172E-03  0.75362E-05  0.72943E-05 -0.12813E-02      24  0.88313E-03  0.00000E+00  0.00000E+00  0.97345E-04 -0.77899E-03 -0.17426E-02 -0.30095E-02 -0.98902E-03 -0.10286E-02
        1.0000  0.00000E+00 -0.10749E-02  0.00000E+00 -0.12819E-02  0.00000E+00  0.00000E+00  0.99453E-03  0.10020E-02  0.88173E-03  0.75364E-05  0.75361E-05 -0.12733E-02      25  0.88313E-03  0.00000E+00  0.00000E+00  0.14257E-03 -0.77441E-03 -0.14716E-02 -0.30567E-02 -0.89138E-03 -0.10572E-02
end
