 ******* Program HYDRUS
 ******* 
 Welcome to HYDRUS-1D                                                    
 Date:  29. 3.2022    Time:  17:27:46
 Units: L = cm   , T = days , M = mg   


 Time:        0.0000


 Node      Depth      Head Moisture       K          C         Flux        Sink         Kappa   v/KsTop   Temp   Conc(1..NS) Sorb(1...NS)
           [L]        [L]    [-]        [L/T]      [1/L]      [L/T]        [1/T]         [-]      [-]      [C]      [M/L*3]

   1     0.0000    -201.134 0.2862   0.1235E+01  0.3802E-03  0.1419E-01  0.0000E+00      -1   0.327E-03   20.00  0.1020E-02  0.1224E+00
   2    -3.0000    -198.100 0.2872   0.1270E+01  0.3839E-03  0.1182E-01  0.0000E+00      -1   0.272E-03   20.00  0.1036E-02  0.1243E+00
   3    -6.0000    -195.078 0.2883   0.1305E+01  0.3875E-03  0.7366E-02  0.0000E+00      -1   0.169E-03   20.00  0.1044E-02  0.1253E+00
   4    -9.0000    -192.066 0.2894   0.1339E+01  0.3912E-03  0.5387E-02  0.1563E-02      -1   0.124E-03   20.00  0.1045E-02  0.1254E+00
   5   -12.0000    -189.054 0.2907   0.1403E+01  0.3951E-03  0.5376E-02  0.1564E-02      -1   0.124E-03   20.00  0.1037E-02  0.1244E+00
   6   -15.0000    -186.043 0.2919   0.1470E+01  0.3990E-03  0.5393E-02  0.1565E-02      -1   0.124E-03   20.00  0.1019E-02  0.1223E+00
   7   -18.0000    -183.032 0.2932   0.1538E+01  0.4029E-03  0.5639E-02  0.1566E-02      -1   0.130E-03   20.00  0.9916E-03  0.1190E+00
   8   -21.0000    -180.021 0.2944   0.1605E+01  0.4068E-03  0.6701E-02  0.1567E-02      -1   0.154E-03   20.00  0.9592E-03  0.1151E+00
   9   -24.0000    -177.007 0.2957   0.1672E+01  0.4108E-03  0.8084E-02  0.1551E-02      -1   0.186E-03   20.00  0.9309E-03  0.1117E+00
  10   -27.0000    -173.992 0.2969   0.1739E+01  0.4147E-03  0.9285E-02  0.1470E-02      -1   0.214E-03   20.00  0.9093E-03  0.1091E+00
  11   -30.0000    -170.975 0.2982   0.1806E+01  0.4186E-03  0.1085E-01  0.1389E-02      -1   0.250E-03   20.00  0.8959E-03  0.1075E+00
  12   -33.0000    -167.956 0.2995   0.1873E+01  0.4225E-03  0.1250E-01  0.1308E-02      -1   0.288E-03   20.00  0.8884E-03  0.1066E+00
  13   -36.0000    -164.935 0.3007   0.1941E+01  0.4265E-03  0.1424E-01  0.1227E-02      -1   0.328E-03   20.00  0.8842E-03  0.1061E+00
  14   -39.0000    -161.912 0.3020   0.2008E+01  0.4304E-03  0.1608E-01  0.1146E-02      -1   0.370E-03   20.00  0.8834E-03  0.1060E+00
  15   -42.0000    -158.887 0.3033   0.2076E+01  0.4343E-03  0.1765E-01  0.1064E-02      -1   0.406E-03   20.00  0.8834E-03  0.1060E+00
  16   -45.0000    -155.861 0.3045   0.2143E+01  0.4383E-03  0.1930E-01  0.9830E-03      -1   0.444E-03   20.00  0.8834E-03  0.1060E+00
  17   -48.0000    -152.833 0.3058   0.2210E+01  0.4422E-03  0.2072E-01  0.9014E-03      -1   0.477E-03   20.00  0.8834E-03  0.1060E+00
  18   -51.0000    -149.805 0.3071   0.2316E+01  0.4458E-03  0.2165E-01  0.8198E-03      -1   0.498E-03   20.00  0.8834E-03  0.1060E+00
  19   -54.0000    -146.777 0.3085   0.2437E+01  0.4493E-03  0.2316E-01  0.7381E-03      -1   0.533E-03   20.00  0.8833E-03  0.1060E+00
  20   -57.0000    -143.748 0.3099   0.2558E+01  0.4528E-03  0.2428E-01  0.6563E-03      -1   0.559E-03   20.00  0.8833E-03  0.1060E+00
  21   -60.0000    -140.720 0.3113   0.2678E+01  0.4563E-03  0.2454E-01  0.5745E-03      -1   0.565E-03   20.00  0.8833E-03  0.1060E+00
  22   -63.0000    -137.693 0.3127   0.2799E+01  0.4598E-03  0.2519E-01  0.4926E-03      -1   0.580E-03   20.00  0.8833E-03  0.1060E+00
  23   -66.0000    -134.666 0.3141   0.2920E+01  0.4633E-03  0.2578E-01  0.4106E-03      -1   0.593E-03   20.00  0.8833E-03  0.1060E+00
  24   -69.0000    -131.640 0.3155   0.3040E+01  0.4668E-03  0.2583E-01  0.3286E-03      -1   0.594E-03   20.00  0.8833E-03  0.1060E+00
  25   -72.0000    -128.615 0.3169   0.3161E+01  0.4703E-03  0.2580E-01  0.2465E-03      -1   0.594E-03   20.00  0.8833E-03  0.1060E+00
  26   -75.0000    -125.591 0.3183   0.3281E+01  0.4738E-03  0.2514E-01  0.1644E-03      -1   0.578E-03   20.00  0.8833E-03  0.1060E+00
  27   -78.0000    -122.569 0.3197   0.3402E+01  0.4773E-03  0.2441E-01  0.8222E-04      -1   0.562E-03   20.00  0.8833E-03  0.1060E+00
  28   -81.0000    -119.548 0.3212   0.3546E+01  0.4804E-03  0.2431E-01  0.0000E+00      -1   0.559E-03   20.00  0.8833E-03  0.1060E+00
  29   -84.0000    -116.528 0.3226   0.3745E+01  0.4826E-03  0.2304E-01  0.0000E+00      -1   0.530E-03   20.00  0.8833E-03  0.1060E+00
  30   -87.0000    -113.511 0.3241   0.3944E+01  0.4847E-03  0.2167E-01  0.0000E+00      -1   0.499E-03   20.00  0.8833E-03  0.1060E+00
  31   -90.0000    -110.495 0.3256   0.4143E+01  0.4868E-03  0.2139E-01  0.0000E+00      -1   0.492E-03   20.00  0.8833E-03  0.1060E+00
  32   -93.0000    -107.480 0.3271   0.4342E+01  0.4890E-03  0.2023E-01  0.0000E+00      -1   0.465E-03   20.00  0.8833E-03  0.1060E+00
  33   -96.0000    -104.467 0.3285   0.4541E+01  0.4911E-03  0.1890E-01  0.0000E+00      -1   0.435E-03   20.00  0.8833E-03  0.1060E+00
  34   -99.0000    -101.455 0.3300   0.4739E+01  0.4933E-03  0.1815E-01  0.0000E+00      -1   0.418E-03   20.00  0.8833E-03  0.1060E+00
  35  -102.0000     -98.444 0.3315   0.4938E+01  0.4954E-03  0.1643E-01  0.0000E+00      -1   0.378E-03   20.00  0.8833E-03  0.1060E+00
  36  -105.0000     -95.435 0.3330   0.5137E+01  0.4975E-03  0.1549E-01  0.0000E+00      -1   0.356E-03   20.00  0.8833E-03  0.1060E+00
  37  -108.0000     -92.426 0.3345   0.5443E+01  0.4974E-03  0.1539E-01  0.0000E+00      -1   0.354E-03   20.00  0.8833E-03  0.1060E+00
  38  -111.0000     -89.418 0.3360   0.5749E+01  0.4972E-03  0.1336E-01  0.0000E+00      -1   0.307E-03   20.00  0.8833E-03  0.1060E+00
  39  -114.0000     -86.412 0.3375   0.6054E+01  0.4971E-03  0.1211E-01  0.0000E+00      -1   0.279E-03   20.00  0.8833E-03  0.1060E+00
  40  -117.0000     -83.406 0.3390   0.6359E+01  0.4970E-03  0.1163E-01  0.0000E+00      -1   0.268E-03   20.00  0.8833E-03  0.1060E+00
  41  -120.0000     -80.401 0.3405   0.6665E+01  0.4968E-03  0.9966E-02  0.0000E+00      -1   0.229E-03   20.00  0.8833E-03  0.1060E+00
  42  -123.0000     -77.397 0.3420   0.6970E+01  0.4967E-03  0.9316E-02  0.0000E+00      -1   0.214E-03   20.00  0.8833E-03  0.1060E+00
  43  -126.0000     -74.393 0.3434   0.7332E+01  0.4953E-03  0.8548E-02  0.0000E+00      -1   0.197E-03   20.00  0.8833E-03  0.1060E+00
  44  -129.0000     -71.390 0.3449   0.7772E+01  0.4921E-03  0.6437E-02  0.0000E+00      -1   0.148E-03   20.00  0.8833E-03  0.1060E+00
  45  -132.0000     -68.388 0.3464   0.8213E+01  0.4890E-03  0.5472E-02  0.0000E+00      -1   0.126E-03   20.00  0.8833E-03  0.1060E+00
  46  -135.0000     -65.386 0.3479   0.8653E+01  0.4858E-03  0.5771E-02  0.0000E+00      -1   0.133E-03   20.00  0.8833E-03  0.1060E+00
  47  -138.0000     -62.384 0.3493   0.9094E+01  0.4826E-03  0.4516E-02  0.0000E+00      -1   0.104E-03   20.00  0.8833E-03  0.1060E+00
  48  -141.0000     -59.383 0.3508   0.9565E+01  0.4788E-03  0.3198E-02  0.0000E+00      -1   0.736E-04   20.00  0.8833E-03  0.1060E+00
  49  -144.0000     -56.382 0.3522   0.1017E+02  0.4721E-03  0.3387E-02  0.0000E+00      -1   0.779E-04   20.00  0.8833E-03  0.1060E+00
  50  -147.0000     -53.381 0.3536   0.1077E+02  0.4653E-03  0.1744E-02  0.0000E+00      -1   0.401E-04   20.00  0.8833E-03  0.1060E+00
  51  -150.0000     -50.381 0.3550   0.1137E+02  0.4586E-03  0.1945E-02  0.0000E+00      -1   0.448E-04   20.00  0.8833E-03  0.1060E+00
  52  -153.0000     -47.380 0.3564   0.1198E+02  0.4518E-03  0.1945E-02  0.0000E+00      -1   0.448E-04   20.00  0.8833E-03  0.1060E+00
  53  -156.0000     -44.380 0.3577   0.1277E+02  0.4412E-03  0.0000E+00  0.0000E+00      -1   0.000E+00   20.00  0.8833E-03  0.1060E+00
  54  -159.0000     -41.380 0.3590   0.1355E+02  0.4307E-03 -0.2323E-02  0.0000E+00      -1  -0.535E-04   20.00  0.8833E-03  0.1060E+00
  55  -162.0000     -38.381 0.3603   0.1434E+02  0.4201E-03 -0.2323E-02  0.0000E+00      -1  -0.535E-04   20.00  0.8833E-03  0.1060E+00
  56  -165.0000     -35.381 0.3615   0.1528E+02  0.4066E-03  0.0000E+00  0.0000E+00      -1   0.000E+00   20.00  0.8833E-03  0.1060E+00
  57  -168.0000     -32.381 0.3627   0.1628E+02  0.3921E-03 -0.2797E-02  0.0000E+00      -1  -0.643E-04   20.00  0.8833E-03  0.1060E+00
  58  -171.0000     -29.382 0.3639   0.1730E+02  0.3770E-03 -0.2797E-02  0.0000E+00      -1  -0.643E-04   20.00  0.8833E-03  0.1060E+00
  59  -174.0000     -26.382 0.3650   0.1852E+02  0.3585E-03 -0.3188E-02  0.0000E+00      -1  -0.734E-04   20.00  0.8833E-03  0.1060E+00
  60  -177.0000     -23.383 0.3661   0.1976E+02  0.3397E-03 -0.3188E-02  0.0000E+00      -1  -0.734E-04   20.00  0.8833E-03  0.1060E+00
  61  -180.0000     -20.383 0.3671   0.2122E+02  0.3172E-03 -0.3674E-02  0.0000E+00      -1  -0.845E-04   20.00  0.8833E-03  0.1060E+00
  62  -183.0000     -17.384 0.3680   0.2280E+02  0.2929E-03 -0.7619E-02  0.0000E+00      -1  -0.175E-03   20.00  0.8833E-03  0.1060E+00
  63  -186.0000     -14.385 0.3688   0.2457E+02  0.2658E-03 -0.3945E-02  0.0000E+00      -1  -0.908E-04   20.00  0.8833E-03  0.1060E+00
  64  -189.0000     -11.385 0.3696   0.2662E+02  0.2347E-03 -0.4636E-02  0.0000E+00      -1  -0.107E-03   20.00  0.8833E-03  0.1060E+00
  65  -192.0000      -8.386 0.3702   0.2905E+02  0.1984E-03 -0.4639E-02  0.0000E+00      -1  -0.107E-03   20.00  0.8833E-03  0.1060E+00
  66  -195.0000      -5.386 0.3708   0.3201E+02  0.1550E-03 -0.5675E-02  0.0000E+00      -1  -0.131E-03   20.00  0.8833E-03  0.1060E+00
  67  -198.0000      -2.387 0.3712   0.3606E+02  0.9790E-04 -0.5672E-02  0.0000E+00      -1  -0.131E-03   20.00  0.8833E-03  0.1060E+00
  68  -201.0000       0.613 0.3713   0.4346E+02  0.0000E+00  0.0000E+00  0.0000E+00      -1   0.000E+00   20.00  0.8833E-03  0.1060E+00
  69  -204.0000       3.613 0.3713   0.4346E+02  0.0000E+00 -0.7243E-02  0.0000E+00      -1  -0.167E-03   20.00  0.8833E-03  0.1060E+00
  70  -207.0000       6.612 0.3713   0.4346E+02  0.0000E+00 -0.7241E-02  0.0000E+00      -1  -0.167E-03   20.00  0.8833E-03  0.1060E+00
  71  -210.0000       9.612 0.3713   0.4346E+02  0.0000E+00  0.2591E-05  0.0000E+00      -1   0.596E-07   20.00  0.8833E-03  0.1060E+00
  72  -213.0000      12.612 0.3713   0.4346E+02  0.0000E+00 -0.7247E-02  0.0000E+00      -1  -0.167E-03   20.00  0.8833E-03  0.1060E+00
  73  -216.0000      15.611 0.3713   0.4346E+02  0.0000E+00 -0.7247E-02  0.0000E+00      -1  -0.167E-03   20.00  0.8833E-03  0.1060E+00
  74  -219.0000      18.611 0.3713   0.4346E+02  0.0000E+00 -0.7239E-02  0.0000E+00      -1  -0.167E-03   20.00  0.8833E-03  0.1060E+00
  75  -222.0000      21.610 0.3713   0.4346E+02  0.0000E+00 -0.7239E-02  0.0000E+00      -1  -0.167E-03   20.00  0.8833E-03  0.1060E+00
  76  -225.0000      24.610 0.3713   0.4346E+02  0.0000E+00  0.0000E+00  0.0000E+00      -1   0.000E+00   20.00  0.8833E-03  0.1060E+00
  77  -228.0000      27.610 0.3713   0.4346E+02  0.0000E+00 -0.7254E-02  0.0000E+00      -1  -0.167E-03   20.00  0.8833E-03  0.1060E+00
  78  -231.0000      30.609 0.3713   0.4346E+02  0.0000E+00 -0.7241E-02  0.0000E+00      -1  -0.167E-03   20.00  0.8833E-03  0.1060E+00
  79  -234.0000      33.609 0.3713   0.4346E+02  0.0000E+00  0.1295E-04  0.0000E+00      -1   0.298E-06   20.00  0.8833E-03  0.1060E+00
  80  -237.0000      36.609 0.3713   0.4346E+02  0.0000E+00 -0.7239E-02  0.0000E+00      -1  -0.167E-03   20.00  0.8833E-03  0.1060E+00
  81  -240.0000      39.608 0.3713   0.4346E+02  0.0000E+00 -0.7239E-02  0.0000E+00      -1  -0.167E-03   20.00  0.8833E-03  0.1060E+00
  82  -243.0000      42.608 0.3713   0.4346E+02  0.0000E+00  0.0000E+00  0.0000E+00      -1   0.000E+00   20.00  0.8833E-03  0.1060E+00
  83  -246.0000      45.608 0.3713   0.4346E+02  0.0000E+00 -0.7268E-02  0.0000E+00      -1  -0.167E-03   20.00  0.8833E-03  0.1060E+00
  84  -249.0000      48.607 0.3713   0.4346E+02  0.0000E+00 -0.7268E-02  0.0000E+00      -1  -0.167E-03   20.00  0.8833E-03  0.1060E+00
  85  -252.0000      51.607 0.3713   0.4346E+02  0.0000E+00 -0.7239E-02  0.0000E+00      -1  -0.167E-03   20.00  0.8833E-03  0.1060E+00
  86  -255.0000      54.606 0.3713   0.4346E+02  0.0000E+00 -0.7239E-02  0.0000E+00      -1  -0.167E-03   20.00  0.8833E-03  0.1060E+00
  87  -258.0000      57.606 0.3713   0.4346E+02  0.0000E+00  0.0000E+00  0.0000E+00      -1   0.000E+00   20.00  0.8833E-03  0.1060E+00
  88  -261.0000      60.606 0.3713   0.4346E+02  0.0000E+00 -0.7239E-02  0.0000E+00      -1  -0.167E-03   20.00  0.8833E-03  0.1060E+00
  89  -264.0000      63.605 0.3713   0.4346E+02  0.0000E+00 -0.7211E-02  0.0000E+00      -1  -0.166E-03   20.00  0.8833E-03  0.1060E+00
  90  -267.0000      66.605 0.3713   0.4346E+02  0.0000E+00  0.2850E-04  0.0000E+00      -1   0.656E-06   20.00  0.8833E-03  0.1060E+00
  91  -270.0000      69.605 0.3713   0.4346E+02  0.0000E+00 -0.7295E-02  0.0000E+00      -1  -0.168E-03   20.00  0.8833E-03  0.1060E+00
  92  -273.0000      72.604 0.3713   0.4346E+02  0.0000E+00 -0.7295E-02  0.0000E+00      -1  -0.168E-03   20.00  0.8833E-03  0.1060E+00
  93  -276.0000      75.604 0.3713   0.4346E+02  0.0000E+00  0.0000E+00  0.0000E+00      -1   0.000E+00   20.00  0.8833E-03  0.1060E+00
  94  -279.0000      78.604 0.3713   0.4346E+02  0.0000E+00 -0.7239E-02  0.0000E+00      -1  -0.167E-03   20.00  0.8833E-03  0.1060E+00
  95  -282.0000      81.603 0.3713   0.4346E+02  0.0000E+00 -0.7239E-02  0.0000E+00      -1  -0.167E-03   20.00  0.8833E-03  0.1060E+00
  96  -285.0000      84.603 0.3713   0.4346E+02  0.0000E+00 -0.7239E-02  0.0000E+00      -1  -0.167E-03   20.00  0.8833E-03  0.1060E+00
  97  -288.0000      87.602 0.3713   0.4346E+02  0.0000E+00 -0.7239E-02  0.0000E+00      -1  -0.167E-03   20.00  0.8834E-03  0.1060E+00
  98  -291.0000      90.602 0.3713   0.4346E+02  0.0000E+00  0.0000E+00  0.0000E+00      -1   0.000E+00   20.00  0.8833E-03  0.1060E+00
  99  -294.0000      93.602 0.3713   0.4346E+02  0.0000E+00 -0.7239E-02  0.0000E+00      -1  -0.167E-03   20.00  0.8827E-03  0.1059E+00
 100  -297.0000      96.601 0.3713   0.4346E+02  0.0000E+00 -0.7239E-02  0.0000E+00      -1  -0.167E-03   20.00  0.8800E-03  0.1057E+00
 101  -300.0000      99.601 0.3713   0.4346E+02  0.0000E+00  0.0000E+00  0.0000E+00      -1   0.000E+00   20.00  0.8800E-03  0.1054E+00
end


 Time:        1.0000


 Node      Depth      Head Moisture       K          C         Flux        Sink         Kappa   v/KsTop   Temp   Conc(1..NS) Sorb(1...NS)
           [L]        [L]    [-]        [L/T]      [1/L]      [L/T]        [1/T]         [-]      [-]      [C]      [M/L*3]

   1     0.0000    -210.373 0.2827   0.1120E+01  0.3682E-03  0.1997E-01  0.0000E+00      -1   0.459E-03   20.00  0.1021E-02  0.1225E+00
   2    -3.0000    -207.307 0.2838   0.1155E+01  0.3718E-03  0.3028E-01  0.0000E+00      -1   0.697E-03   20.00  0.1035E-02  0.1243E+00
   3    -6.0000    -204.216 0.2849   0.1190E+01  0.3755E-03  0.4041E-01  0.0000E+00      -1   0.930E-03   20.00  0.1044E-02  0.1253E+00
   4    -9.0000    -201.103 0.2860   0.1226E+01  0.3792E-03  0.5303E-01  0.1560E-02      -1   0.122E-02   20.00  0.1045E-02  0.1254E+00
   5   -12.0000    -197.957 0.2872   0.1261E+01  0.3830E-03  0.6822E-01  0.1561E-02      -1   0.157E-02   20.00  0.1037E-02  0.1244E+00
   6   -15.0000    -194.779 0.2883   0.1298E+01  0.3868E-03  0.8343E-01  0.1562E-02      -1   0.192E-02   20.00  0.1019E-02  0.1223E+00
   7   -18.0000    -191.572 0.2894   0.1335E+01  0.3907E-03  0.9851E-01  0.1563E-02      -1   0.227E-02   20.00  0.9915E-03  0.1190E+00
   8   -21.0000    -188.339 0.2908   0.1400E+01  0.3949E-03  0.1140E+00  0.1564E-02      -1   0.262E-02   20.00  0.9592E-03  0.1151E+00
   9   -24.0000    -185.084 0.2921   0.1473E+01  0.3991E-03  0.1298E+00  0.1549E-02      -1   0.299E-02   20.00  0.9309E-03  0.1117E+00
  10   -27.0000    -181.811 0.2935   0.1546E+01  0.4034E-03  0.1449E+00  0.1468E-02      -1   0.333E-02   20.00  0.9093E-03  0.1091E+00
  11   -30.0000    -178.522 0.2949   0.1620E+01  0.4077E-03  0.1592E+00  0.1387E-02      -1   0.366E-02   20.00  0.8960E-03  0.1075E+00
  12   -33.0000    -175.222 0.2963   0.1695E+01  0.4121E-03  0.1725E+00  0.1307E-02      -1   0.397E-02   20.00  0.8884E-03  0.1066E+00
  13   -36.0000    -171.912 0.2976   0.1769E+01  0.4164E-03  0.1848E+00  0.1226E-02      -1   0.425E-02   20.00  0.8843E-03  0.1061E+00
  14   -39.0000    -168.595 0.2990   0.1844E+01  0.4208E-03  0.1961E+00  0.1145E-02      -1   0.451E-02   20.00  0.8833E-03  0.1060E+00
  15   -42.0000    -165.274 0.3004   0.1918E+01  0.4252E-03  0.2065E+00  0.1063E-02      -1   0.475E-02   20.00  0.8833E-03  0.1060E+00
  16   -45.0000    -161.950 0.3018   0.1993E+01  0.4295E-03  0.2158E+00  0.9821E-03      -1   0.497E-02   20.00  0.8833E-03  0.1060E+00
  17   -48.0000    -158.624 0.3032   0.2068E+01  0.4339E-03  0.2241E+00  0.9007E-03      -1   0.516E-02   20.00  0.8833E-03  0.1060E+00
  18   -51.0000    -155.299 0.3046   0.2143E+01  0.4383E-03  0.2315E+00  0.8192E-03      -1   0.533E-02   20.00  0.8833E-03  0.1060E+00
  19   -54.0000    -151.976 0.3060   0.2218E+01  0.4426E-03  0.2378E+00  0.7376E-03      -1   0.547E-02   20.00  0.8833E-03  0.1060E+00
  20   -57.0000    -148.660 0.3075   0.2343E+01  0.4466E-03  0.2433E+00  0.6559E-03      -1   0.560E-02   20.00  0.8833E-03  0.1060E+00
  21   -60.0000    -145.353 0.3091   0.2476E+01  0.4505E-03  0.2480E+00  0.5742E-03      -1   0.571E-02   20.00  0.8833E-03  0.1060E+00
  22   -63.0000    -142.058 0.3106   0.2609E+01  0.4543E-03  0.2517E+00  0.4924E-03      -1   0.579E-02   20.00  0.8833E-03  0.1060E+00
  23   -66.0000    -138.774 0.3121   0.2741E+01  0.4582E-03  0.2545E+00  0.4105E-03      -1   0.586E-02   20.00  0.8833E-03  0.1060E+00
  24   -69.0000    -135.501 0.3137   0.2873E+01  0.4620E-03  0.2566E+00  0.3285E-03      -1   0.590E-02   20.00  0.8833E-03  0.1060E+00
  25   -72.0000    -132.238 0.3152   0.3004E+01  0.4658E-03  0.2578E+00  0.2464E-03      -1   0.593E-02   20.00  0.8833E-03  0.1060E+00
  26   -75.0000    -128.986 0.3167   0.3134E+01  0.4696E-03  0.2584E+00  0.1644E-03      -1   0.594E-02   20.00  0.8833E-03  0.1060E+00
  27   -78.0000    -125.743 0.3182   0.3265E+01  0.4734E-03  0.2582E+00  0.8220E-04      -1   0.594E-02   20.00  0.8833E-03  0.1060E+00
  28   -81.0000    -122.511 0.3197   0.3394E+01  0.4771E-03  0.2575E+00  0.0000E+00      -1   0.592E-02   20.00  0.8833E-03  0.1060E+00
  29   -84.0000    -119.289 0.3212   0.3548E+01  0.4804E-03  0.2563E+00  0.0000E+00      -1   0.590E-02   20.00  0.8833E-03  0.1060E+00
  30   -87.0000    -116.079 0.3228   0.3761E+01  0.4827E-03  0.2548E+00  0.0000E+00      -1   0.586E-02   20.00  0.8833E-03  0.1060E+00
  31   -90.0000    -112.882 0.3244   0.3973E+01  0.4850E-03  0.2532E+00  0.0000E+00      -1   0.583E-02   20.00  0.8833E-03  0.1060E+00
  32   -93.0000    -109.696 0.3259   0.4184E+01  0.4873E-03  0.2514E+00  0.0000E+00      -1   0.578E-02   20.00  0.8833E-03  0.1060E+00
  33   -96.0000    -106.521 0.3275   0.4395E+01  0.4896E-03  0.2495E+00  0.0000E+00      -1   0.574E-02   20.00  0.8833E-03  0.1060E+00
  34   -99.0000    -103.355 0.3291   0.4604E+01  0.4918E-03  0.2475E+00  0.0000E+00      -1   0.570E-02   20.00  0.8833E-03  0.1060E+00
  35  -102.0000    -100.198 0.3306   0.4814E+01  0.4941E-03  0.2455E+00  0.0000E+00      -1   0.565E-02   20.00  0.8833E-03  0.1060E+00
  36  -105.0000     -97.049 0.3321   0.5022E+01  0.4963E-03  0.2435E+00  0.0000E+00      -1   0.560E-02   20.00  0.8833E-03  0.1060E+00
  37  -108.0000     -93.908 0.3337   0.5281E+01  0.4975E-03  0.2414E+00  0.0000E+00      -1   0.556E-02   20.00  0.8833E-03  0.1060E+00
  38  -111.0000     -90.775 0.3353   0.5600E+01  0.4973E-03  0.2394E+00  0.0000E+00      -1   0.551E-02   20.00  0.8833E-03  0.1060E+00
  39  -114.0000     -87.651 0.3368   0.5918E+01  0.4972E-03  0.2373E+00  0.0000E+00      -1   0.546E-02   20.00  0.8833E-03  0.1060E+00
  40  -117.0000     -84.535 0.3384   0.6236E+01  0.4970E-03  0.2353E+00  0.0000E+00      -1   0.541E-02   20.00  0.8833E-03  0.1060E+00
  41  -120.0000     -81.425 0.3399   0.6552E+01  0.4969E-03  0.2334E+00  0.0000E+00      -1   0.537E-02   20.00  0.8833E-03  0.1060E+00
  42  -123.0000     -78.321 0.3415   0.6868E+01  0.4967E-03  0.2315E+00  0.0000E+00      -1   0.533E-02   20.00  0.8833E-03  0.1060E+00
  43  -126.0000     -75.222 0.3430   0.7200E+01  0.4962E-03  0.2296E+00  0.0000E+00      -1   0.528E-02   20.00  0.8833E-03  0.1060E+00
  44  -129.0000     -72.130 0.3445   0.7654E+01  0.4930E-03  0.2279E+00  0.0000E+00      -1   0.524E-02   20.00  0.8833E-03  0.1060E+00
  45  -132.0000     -69.044 0.3461   0.8108E+01  0.4897E-03  0.2262E+00  0.0000E+00      -1   0.520E-02   20.00  0.8833E-03  0.1060E+00
  46  -135.0000     -65.962 0.3476   0.8560E+01  0.4865E-03  0.2245E+00  0.0000E+00      -1   0.517E-02   20.00  0.8833E-03  0.1060E+00
  47  -138.0000     -62.886 0.3491   0.9012E+01  0.4832E-03  0.2230E+00  0.0000E+00      -1   0.513E-02   20.00  0.8833E-03  0.1060E+00
  48  -141.0000     -59.814 0.3506   0.9468E+01  0.4799E-03  0.2215E+00  0.0000E+00      -1   0.510E-02   20.00  0.8833E-03  0.1060E+00
  49  -144.0000     -56.746 0.3520   0.1008E+02  0.4730E-03  0.2201E+00  0.0000E+00      -1   0.506E-02   20.00  0.8833E-03  0.1060E+00
  50  -147.0000     -53.683 0.3534   0.1070E+02  0.4661E-03  0.2188E+00  0.0000E+00      -1   0.503E-02   20.00  0.8833E-03  0.1060E+00
  51  -150.0000     -50.623 0.3549   0.1131E+02  0.4593E-03  0.2175E+00  0.0000E+00      -1   0.500E-02   20.00  0.8833E-03  0.1060E+00
  52  -153.0000     -47.567 0.3563   0.1193E+02  0.4524E-03  0.2163E+00  0.0000E+00      -1   0.498E-02   20.00  0.8833E-03  0.1060E+00
  53  -156.0000     -44.515 0.3576   0.1272E+02  0.4418E-03  0.2152E+00  0.0000E+00      -1   0.495E-02   20.00  0.8833E-03  0.1060E+00
  54  -159.0000     -41.466 0.3590   0.1352E+02  0.4311E-03  0.2142E+00  0.0000E+00      -1   0.493E-02   20.00  0.8833E-03  0.1060E+00
  55  -162.0000     -38.420 0.3603   0.1432E+02  0.4204E-03  0.2132E+00  0.0000E+00      -1   0.491E-02   20.00  0.8833E-03  0.1060E+00
  56  -165.0000     -35.377 0.3615   0.1528E+02  0.4067E-03  0.2123E+00  0.0000E+00      -1   0.488E-02   20.00  0.8833E-03  0.1060E+00
  57  -168.0000     -32.336 0.3628   0.1628E+02  0.3920E-03  0.2115E+00  0.0000E+00      -1   0.487E-02   20.00  0.8833E-03  0.1060E+00
  58  -171.0000     -29.299 0.3639   0.1733E+02  0.3766E-03  0.2107E+00  0.0000E+00      -1   0.485E-02   20.00  0.8833E-03  0.1060E+00
  59  -174.0000     -26.264 0.3650   0.1856E+02  0.3579E-03  0.2100E+00  0.0000E+00      -1   0.483E-02   20.00  0.8833E-03  0.1060E+00
  60  -177.0000     -23.231 0.3661   0.1982E+02  0.3387E-03  0.2094E+00  0.0000E+00      -1   0.482E-02   20.00  0.8833E-03  0.1060E+00
  61  -180.0000     -20.200 0.3671   0.2130E+02  0.3160E-03  0.2089E+00  0.0000E+00      -1   0.481E-02   20.00  0.8833E-03  0.1060E+00
  62  -183.0000     -17.172 0.3680   0.2291E+02  0.2912E-03  0.2084E+00  0.0000E+00      -1   0.479E-02   20.00  0.8833E-03  0.1060E+00
  63  -186.0000     -14.146 0.3689   0.2472E+02  0.2636E-03  0.2079E+00  0.0000E+00      -1   0.478E-02   20.00  0.8833E-03  0.1060E+00
  64  -189.0000     -11.121 0.3696   0.2681E+02  0.2318E-03  0.2076E+00  0.0000E+00      -1   0.478E-02   20.00  0.8833E-03  0.1060E+00
  65  -192.0000      -8.099 0.3703   0.2928E+02  0.1949E-03  0.2073E+00  0.0000E+00      -1   0.477E-02   20.00  0.8833E-03  0.1060E+00
  66  -195.0000      -5.079 0.3708   0.3234E+02  0.1503E-03  0.2070E+00  0.0000E+00      -1   0.476E-02   20.00  0.8833E-03  0.1060E+00
  67  -198.0000      -2.061 0.3712   0.3661E+02  0.9041E-04  0.2069E+00  0.0000E+00      -1   0.476E-02   20.00  0.8833E-03  0.1060E+00
  68  -201.0000       0.954 0.3713   0.4346E+02  0.0000E+00  0.2068E+00  0.0000E+00      -1   0.476E-02   20.00  0.8833E-03  0.1060E+00
  69  -204.0000       3.969 0.3713   0.4346E+02  0.0000E+00  0.2068E+00  0.0000E+00      -1   0.476E-02   20.00  0.8833E-03  0.1060E+00
  70  -207.0000       6.983 0.3713   0.4346E+02  0.0000E+00  0.2068E+00  0.0000E+00      -1   0.476E-02   20.00  0.8833E-03  0.1060E+00
  71  -210.0000       9.997 0.3713   0.4346E+02  0.0000E+00  0.2068E+00  0.0000E+00      -1   0.476E-02   20.00  0.8833E-03  0.1060E+00
  72  -213.0000      13.011 0.3713   0.4346E+02  0.0000E+00  0.2068E+00  0.0000E+00      -1   0.476E-02   20.00  0.8833E-03  0.1060E+00
  73  -216.0000      16.026 0.3713   0.4346E+02  0.0000E+00  0.2068E+00  0.0000E+00      -1   0.476E-02   20.00  0.8833E-03  0.1060E+00
  74  -219.0000      19.040 0.3713   0.4346E+02  0.0000E+00  0.2068E+00  0.0000E+00      -1   0.476E-02   20.00  0.8833E-03  0.1060E+00
  75  -222.0000      22.054 0.3713   0.4346E+02  0.0000E+00  0.2068E+00  0.0000E+00      -1   0.476E-02   20.00  0.8833E-03  0.1060E+00
  76  -225.0000      25.069 0.3713   0.4346E+02  0.0000E+00  0.2068E+00  0.0000E+00      -1   0.476E-02   20.00  0.8833E-03  0.1060E+00
  77  -228.0000      28.083 0.3713   0.4346E+02  0.0000E+00  0.2068E+00  0.0000E+00      -1   0.476E-02   20.00  0.8833E-03  0.1060E+00
  78  -231.0000      31.097 0.3713   0.4346E+02  0.0000E+00  0.2068E+00  0.0000E+00      -1   0.476E-02   20.00  0.8833E-03  0.1060E+00
  79  -234.0000      34.111 0.3713   0.4346E+02  0.0000E+00  0.2068E+00  0.0000E+00      -1   0.476E-02   20.00  0.8833E-03  0.1060E+00
  80  -237.0000      37.126 0.3713   0.4346E+02  0.0000E+00  0.2068E+00  0.0000E+00      -1   0.476E-02   20.00  0.8833E-03  0.1060E+00
  81  -240.0000      40.140 0.3713   0.4346E+02  0.0000E+00  0.2068E+00  0.0000E+00      -1   0.476E-02   20.00  0.8833E-03  0.1060E+00
  82  -243.0000      43.154 0.3713   0.4346E+02  0.0000E+00  0.2068E+00  0.0000E+00      -1   0.476E-02   20.00  0.8833E-03  0.1060E+00
  83  -246.0000      46.168 0.3713   0.4346E+02  0.0000E+00  0.2068E+00  0.0000E+00      -1   0.476E-02   20.00  0.8833E-03  0.1060E+00
  84  -249.0000      49.183 0.3713   0.4346E+02  0.0000E+00  0.2068E+00  0.0000E+00      -1   0.476E-02   20.00  0.8833E-03  0.1060E+00
  85  -252.0000      52.197 0.3713   0.4346E+02  0.0000E+00  0.2068E+00  0.0000E+00      -1   0.476E-02   20.00  0.8833E-03  0.1060E+00
  86  -255.0000      55.211 0.3713   0.4346E+02  0.0000E+00  0.2068E+00  0.0000E+00      -1   0.476E-02   20.00  0.8833E-03  0.1060E+00
  87  -258.0000      58.226 0.3713   0.4346E+02  0.0000E+00  0.2068E+00  0.0000E+00      -1   0.476E-02   20.00  0.8833E-03  0.1060E+00
  88  -261.0000      61.240 0.3713   0.4346E+02  0.0000E+00  0.2068E+00  0.0000E+00      -1   0.476E-02   20.00  0.8833E-03  0.1060E+00
  89  -264.0000      64.254 0.3713   0.4346E+02  0.0000E+00  0.2068E+00  0.0000E+00      -1   0.476E-02   20.00  0.8833E-03  0.1060E+00
  90  -267.0000      67.268 0.3713   0.4346E+02  0.0000E+00  0.2068E+00  0.0000E+00      -1   0.476E-02   20.00  0.8833E-03  0.1060E+00
  91  -270.0000      70.283 0.3713   0.4346E+02  0.0000E+00  0.2068E+00  0.0000E+00      -1   0.476E-02   20.00  0.8833E-03  0.1060E+00
  92  -273.0000      73.297 0.3713   0.4346E+02  0.0000E+00  0.2068E+00  0.0000E+00      -1   0.476E-02   20.00  0.8833E-03  0.1060E+00
  93  -276.0000      76.311 0.3713   0.4346E+02  0.0000E+00  0.2068E+00  0.0000E+00      -1   0.476E-02   20.00  0.8833E-03  0.1060E+00
  94  -279.0000      79.326 0.3713   0.4346E+02  0.0000E+00  0.2068E+00  0.0000E+00      -1   0.476E-02   20.00  0.8833E-03  0.1060E+00
  95  -282.0000      82.340 0.3713   0.4346E+02  0.0000E+00  0.2068E+00  0.0000E+00      -1   0.476E-02   20.00  0.8833E-03  0.1060E+00
  96  -285.0000      85.354 0.3713   0.4346E+02  0.0000E+00  0.2068E+00  0.0000E+00      -1   0.476E-02   20.00  0.8833E-03  0.1060E+00
  97  -288.0000      88.368 0.3713   0.4346E+02  0.0000E+00  0.2068E+00  0.0000E+00      -1   0.476E-02   20.00  0.8833E-03  0.1060E+00
  98  -291.0000      91.383 0.3713   0.4346E+02  0.0000E+00  0.2069E+00  0.0000E+00      -1   0.476E-02   20.00  0.8833E-03  0.1060E+00
  99  -294.0000      94.397 0.3713   0.4346E+02  0.0000E+00  0.2069E+00  0.0000E+00      -1   0.476E-02   20.00  0.8824E-03  0.1059E+00
 100  -297.0000      97.411 0.3713   0.4346E+02  0.0000E+00  0.2069E+00  0.0000E+00      -1   0.476E-02   20.00  0.8812E-03  0.1057E+00
 101  -300.0000     100.425 0.3713   0.4346E+02  0.0000E+00  0.2068E+00  0.0000E+00      -1   0.476E-02   20.00  0.8764E-03  0.1053E+00
end
