 All solute fluxes and cumulative solute fluxes are positive into the region

       Time         cvTop        cvBot      Sum(cvTop)   Sum(cvBot)     cvCh0        cvCh1         cTop        cRoot         cBot        cvRoot    Sum(cvRoot)  Sum(cvNEql) TLevel      cGWL        cRunOff   Sum(cRunOff)    (cv(i),    Sum(cv(i)), i=1,NObs)
        [T]        [M/L2/T]     [M/L2/T]      [M/L2]       [M/L2]       [M/L2]      [M/L2]        [M/L3]      [M/L3]        [M/L3]      [M/L2/T]      [M/L2]       [M/L2]              [M/L3]        [M/L2]      [M/L3]      [M/L2/T]      [M/L2]
        0.0100  0.00000E+00 -0.38180E-04  0.00000E+00 -0.38180E-06  0.00000E+00  0.00000E+00  0.10729E-02  0.91512E-03  0.86982E-03  0.24763E-04  0.24763E-06 -0.77994E-05       1  0.88274E-03  0.00000E+00  0.00000E+00  0.10650E-04  0.10650E-06 -0.74402E-05 -0.74402E-07  0.12716E-03  0.12716E-05
        0.0200  0.00000E+00  0.00000E+00  0.00000E+00 -0.38180E-06  0.00000E+00  0.00000E+00  0.10725E-02  0.91516E-03  0.86714E-03  0.24763E-04  0.49526E-06 -0.16805E-04       2  0.88269E-03  0.00000E+00  0.00000E+00 -0.27049E-04 -0.16399E-06 -0.74085E-05 -0.14849E-06  0.12460E-03  0.25176E-05
        0.0330  0.00000E+00  0.00000E+00  0.00000E+00 -0.38180E-06  0.00000E+00  0.00000E+00  0.10717E-02  0.91515E-03  0.86845E-03  0.24763E-04  0.81718E-06 -0.26615E-04       3  0.88274E-03  0.00000E+00  0.00000E+00 -0.10420E-03 -0.15185E-05 -0.75774E-05 -0.24699E-06  0.12065E-03  0.40861E-05
        0.0499  0.00000E+00  0.00000E+00  0.00000E+00 -0.38180E-06  0.00000E+00  0.00000E+00  0.10705E-02  0.91515E-03  0.86889E-03  0.24763E-04  0.12357E-05 -0.39790E-04       4  0.88278E-03  0.00000E+00  0.00000E+00 -0.25504E-03 -0.58287E-05 -0.80653E-05 -0.38330E-06  0.11463E-03  0.60233E-05
        0.0719  0.00000E+00  0.00000E+00  0.00000E+00 -0.38180E-06  0.00000E+00  0.00000E+00  0.10685E-02  0.91514E-03  0.86934E-03  0.24763E-04  0.17797E-05 -0.62255E-04       5  0.88280E-03  0.00000E+00  0.00000E+00 -0.52741E-03 -0.17416E-04 -0.94314E-05 -0.59051E-06  0.10192E-03  0.82625E-05
        0.1004  0.00000E+00  0.00000E+00  0.00000E+00 -0.38180E-06  0.00000E+00  0.00000E+00  0.10651E-02  0.91512E-03  0.86967E-03  0.24762E-04  0.24870E-05 -0.10651E-03       6  0.88281E-03  0.00000E+00  0.00000E+00 -0.96883E-03 -0.45087E-04 -0.25273E-03 -0.78087E-05  0.69617E-04  0.10251E-04
        0.1376  0.00000E+00  0.00000E+00  0.00000E+00 -0.38180E-06  0.00000E+00  0.00000E+00  0.10600E-02  0.91510E-03  0.86994E-03  0.24761E-04  0.34063E-05 -0.20041E-03       7  0.88282E-03  0.00000E+00  0.00000E+00 -0.16392E-02 -0.10595E-03 -0.87289E-03 -0.40218E-04 -0.21014E-04  0.94706E-05
        0.1858  0.00000E+00  0.00000E+00  0.00000E+00 -0.38180E-06  0.00000E+00  0.00000E+00  0.10531E-02  0.91509E-03  0.87014E-03  0.24761E-04  0.46015E-05 -0.40036E-03       8  0.88282E-03  0.00000E+00  0.00000E+00 -0.25161E-02 -0.22740E-03 -0.22662E-02 -0.14961E-03 -0.28710E-03 -0.43873E-05
        0.2358  0.00000E+00  0.00000E+00  0.00000E+00 -0.38180E-06  0.00000E+00  0.00000E+00  0.10466E-02  0.91510E-03  0.87028E-03  0.24762E-04  0.58396E-05 -0.70344E-03       9  0.88283E-03  0.00000E+00  0.00000E+00 -0.33850E-02 -0.39664E-03 -0.43573E-02 -0.36747E-03 -0.77647E-03 -0.43211E-04
        0.2858  0.00000E+00  0.00000E+00  0.00000E+00 -0.38180E-06  0.00000E+00  0.00000E+00  0.10408E-02  0.91517E-03  0.87037E-03  0.24764E-04  0.70778E-05 -0.10999E-02      10  0.88283E-03  0.00000E+00  0.00000E+00 -0.40936E-02 -0.60133E-03 -0.72993E-02 -0.73244E-03 -0.15796E-02 -0.12219E-03
        0.3358  0.00000E+00  0.00000E+00  0.00000E+00 -0.38180E-06  0.00000E+00  0.00000E+00  0.10361E-02  0.91525E-03  0.87046E-03  0.24767E-04  0.83161E-05 -0.15743E-02      11  0.88283E-03  0.00000E+00  0.00000E+00 -0.47168E-02 -0.83717E-03 -0.10562E-01 -0.12605E-02 -0.27484E-02 -0.25961E-03
        0.3858  0.00000E+00  0.00000E+00  0.00000E+00 -0.38180E-06  0.00000E+00  0.00000E+00  0.10321E-02  0.91539E-03  0.87056E-03  0.24772E-04  0.95547E-05 -0.21018E-02      12  0.88283E-03  0.00000E+00  0.00000E+00 -0.51322E-02 -0.10938E-02 -0.13870E-01 -0.19540E-02 -0.41778E-02 -0.46850E-03
        0.4358  0.00000E+00  0.00000E+00  0.00000E+00 -0.38180E-06  0.00000E+00  0.00000E+00  0.10294E-02  0.91553E-03  0.87073E-03  0.24776E-04  0.10794E-04 -0.26613E-02      13  0.88284E-03  0.00000E+00  0.00000E+00 -0.54334E-02 -0.13655E-02 -0.16647E-01 -0.27864E-02 -0.58413E-02 -0.76057E-03
        0.4858  0.00000E+00  0.00000E+00  0.00000E+00 -0.38180E-06  0.00000E+00  0.00000E+00  0.10276E-02  0.91566E-03  0.87102E-03  0.24779E-04  0.12032E-04 -0.32282E-02      14  0.88285E-03  0.00000E+00  0.00000E+00 -0.55215E-02 -0.16415E-02 -0.18695E-01 -0.37211E-02 -0.73167E-02 -0.11264E-02
        0.5358  0.00000E+00 -0.18594E-04  0.00000E+00 -0.13115E-05  0.00000E+00  0.00000E+00  0.10271E-02  0.91577E-03  0.87847E-03  0.24782E-04  0.13272E-04 -0.37589E-02      15  0.88296E-03  0.00000E+00  0.00000E+00 -0.54740E-02 -0.19152E-02 -0.19659E-01 -0.47041E-02 -0.84823E-02 -0.15505E-02
        0.5858  0.00000E+00 -0.10595E-03  0.00000E+00 -0.66088E-05  0.00000E+00  0.00000E+00  0.10276E-02  0.91585E-03  0.87812E-03  0.24784E-04  0.14511E-04 -0.42356E-02      16  0.88294E-03  0.00000E+00  0.00000E+00 -0.52170E-02 -0.21761E-02 -0.19559E-01 -0.56820E-02 -0.90344E-02 -0.20022E-02
        0.6358  0.00000E+00 -0.27788E-03  0.00000E+00 -0.20503E-04  0.00000E+00  0.00000E+00  0.10294E-02  0.91590E-03  0.87857E-03  0.24785E-04  0.15750E-04 -0.46552E-02      17  0.88296E-03  0.00000E+00  0.00000E+00 -0.48324E-02 -0.24177E-02 -0.18400E-01 -0.66020E-02 -0.90379E-02 -0.24541E-02
        0.6858  0.00000E+00 -0.52301E-03  0.00000E+00 -0.46654E-04  0.00000E+00  0.00000E+00  0.10322E-02  0.91589E-03  0.87854E-03  0.24784E-04  0.16989E-04 -0.50003E-02      18  0.88296E-03  0.00000E+00  0.00000E+00 -0.42760E-02 -0.26315E-02 -0.16561E-01 -0.74300E-02 -0.85143E-02 -0.28798E-02
        0.7358  0.00000E+00 -0.84846E-03  0.00000E+00 -0.89077E-04  0.00000E+00  0.00000E+00  0.10359E-02  0.91584E-03  0.87888E-03  0.24782E-04  0.18228E-04 -0.52637E-02      19  0.88297E-03  0.00000E+00  0.00000E+00 -0.36234E-02 -0.28127E-02 -0.14170E-01 -0.81386E-02 -0.76748E-02 -0.32636E-02
        0.7858  0.00000E+00 -0.12484E-02  0.00000E+00 -0.15150E-03  0.00000E+00  0.00000E+00  0.10407E-02  0.91577E-03  0.87896E-03  0.24780E-04  0.19467E-04 -0.54407E-02      20  0.88298E-03  0.00000E+00  0.00000E+00 -0.28297E-02 -0.29541E-02 -0.11504E-01 -0.87137E-02 -0.65957E-02 -0.35934E-02
        0.8358  0.00000E+00 -0.16957E-02  0.00000E+00 -0.23628E-03  0.00000E+00  0.00000E+00  0.10461E-02  0.91566E-03  0.87921E-03  0.24777E-04  0.20706E-04 -0.55278E-02      21  0.88299E-03  0.00000E+00  0.00000E+00 -0.19877E-02 -0.30535E-02 -0.87859E-02 -0.91530E-02 -0.54320E-02 -0.38650E-02
        0.8858  0.00000E+00 -0.21451E-02  0.00000E+00 -0.34354E-03  0.00000E+00  0.00000E+00  0.10517E-02  0.91558E-03  0.87931E-03  0.24774E-04  0.21945E-04 -0.55393E-02      22  0.88299E-03  0.00000E+00  0.00000E+00 -0.11368E-02 -0.31104E-02 -0.63481E-02 -0.94704E-02 -0.42847E-02 -0.40792E-02
        0.9358  0.00000E+00 -0.25510E-02  0.00000E+00 -0.47109E-03  0.00000E+00  0.00000E+00  0.10569E-02  0.91546E-03  0.87946E-03  0.24771E-04  0.23183E-04 -0.55016E-02      23  0.88300E-03  0.00000E+00  0.00000E+00 -0.40759E-03 -0.31308E-02 -0.44518E-02 -0.96930E-02 -0.33420E-02 -0.42463E-02
        0.9679  0.00000E+00 -0.28409E-02  0.00000E+00 -0.56224E-03  0.00000E+00  0.00000E+00  0.10592E-02  0.91540E-03  0.87949E-03  0.24769E-04  0.23978E-04 -0.54670E-02      24  0.88301E-03  0.00000E+00  0.00000E+00 -0.92984E-04 -0.31337E-02 -0.35255E-02 -0.98061E-02 -0.28500E-02 -0.43378E-02
        1.0000  0.00000E+00 -0.30212E-02  0.00000E+00 -0.65918E-03  0.00000E+00  0.00000E+00  0.10601E-02  0.91535E-03  0.87956E-03  0.24768E-04  0.24773E-04 -0.54322E-02      25  0.88302E-03  0.00000E+00  0.00000E+00  0.29408E-04 -0.31328E-02 -0.28551E-02 -0.98978E-02 -0.24550E-02 -0.44165E-02
end
