 ******* Program HYDRUS
 ******* 
 Welcome to HYDRUS-1D                                                    
 Date:  29. 3.2022    Time:  17:26:21
 Units: L = cm   , T = days , M = mg   


 Time:        0.0000


 Node      Depth      Head Moisture       K          C         Flux        Sink         Kappa   v/KsTop   Temp   Conc(1..NS) Sorb(1...NS)
           [L]        [L]    [-]        [L/T]      [1/L]      [L/T]        [1/T]         [-]      [-]      [C]      [M/L*3]

   1     0.0000    -229.534 0.2759   0.9074E+00  0.3458E-03  0.1110E-01  0.0000E+00      -1   0.255E-03   20.00  0.8495E-03  0.1019E+00
   2    -3.0000    -226.498 0.2770   0.9424E+00  0.3495E-03  0.8429E-02  0.0000E+00      -1   0.194E-03   20.00  0.8641E-03  0.1037E+00
   3    -6.0000    -223.480 0.2781   0.9772E+00  0.3531E-03  0.3212E-02  0.0000E+00      -1   0.739E-04   20.00  0.8734E-03  0.1048E+00
   4    -9.0000    -220.478 0.2792   0.1012E+01  0.3568E-03  0.1586E-03  0.1002E-02      -1   0.365E-05   20.00  0.8791E-03  0.1055E+00
   5   -12.0000    -217.479 0.2803   0.1046E+01  0.3604E-03 -0.5271E-03  0.1003E-02      -1  -0.121E-04   20.00  0.8825E-03  0.1059E+00
   6   -15.0000    -214.481 0.2813   0.1081E+01  0.3640E-03 -0.7202E-03  0.1004E-02      -1  -0.166E-04   20.00  0.8833E-03  0.1060E+00
   7   -18.0000    -211.483 0.2824   0.1115E+01  0.3677E-03 -0.9305E-03  0.1005E-02      -1  -0.214E-04   20.00  0.8833E-03  0.1060E+00
   8   -21.0000    -208.486 0.2835   0.1150E+01  0.3713E-03 -0.7605E-03  0.1006E-02      -1  -0.175E-04   20.00  0.8833E-03  0.1060E+00
   9   -24.0000    -205.487 0.2846   0.1185E+01  0.3749E-03 -0.5963E-03  0.9720E-03      -1  -0.137E-04   20.00  0.8833E-03  0.1060E+00
  10   -27.0000    -202.489 0.2857   0.1219E+01  0.3786E-03 -0.6079E-03  0.9155E-03      -1  -0.140E-04   20.00  0.8833E-03  0.1060E+00
  11   -30.0000    -199.490 0.2867   0.1254E+01  0.3822E-03 -0.4176E-03  0.8589E-03      -1  -0.961E-05   20.00  0.8833E-03  0.1060E+00
  12   -33.0000    -196.491 0.2878   0.1288E+01  0.3858E-03 -0.6451E-03  0.8022E-03      -1  -0.148E-04   20.00  0.8833E-03  0.1060E+00
  13   -36.0000    -193.493 0.2889   0.1323E+01  0.3895E-03 -0.1110E-02  0.7454E-03      -1  -0.255E-04   20.00  0.8833E-03  0.1060E+00
  14   -39.0000    -190.496 0.2901   0.1371E+01  0.3932E-03 -0.1847E-02  0.6885E-03      -1  -0.425E-04   20.00  0.8833E-03  0.1060E+00
  15   -42.0000    -187.501 0.2913   0.1438E+01  0.3971E-03 -0.2885E-02  0.6315E-03      -1  -0.664E-04   20.00  0.8833E-03  0.1060E+00
  16   -45.0000    -184.508 0.2926   0.1505E+01  0.4010E-03 -0.4534E-02  0.5744E-03      -1  -0.104E-03   20.00  0.8833E-03  0.1060E+00
  17   -48.0000    -181.519 0.2938   0.1571E+01  0.4049E-03 -0.6566E-02  0.5173E-03      -1  -0.151E-03   20.00  0.8833E-03  0.1060E+00
  18   -51.0000    -178.533 0.2951   0.1638E+01  0.4088E-03 -0.8756E-02  0.4601E-03      -1  -0.201E-03   20.00  0.8833E-03  0.1060E+00
  19   -54.0000    -175.551 0.2963   0.1704E+01  0.4126E-03 -0.1109E-01  0.4028E-03      -1  -0.255E-03   20.00  0.8833E-03  0.1060E+00
  20   -57.0000    -172.572 0.2975   0.1771E+01  0.4165E-03 -0.1390E-01  0.3454E-03      -1  -0.320E-03   20.00  0.8833E-03  0.1060E+00
  21   -60.0000    -169.598 0.2988   0.1837E+01  0.4204E-03 -0.1717E-01  0.2880E-03      -1  -0.395E-03   20.00  0.8833E-03  0.1060E+00
  22   -63.0000    -166.628 0.3000   0.1903E+01  0.4243E-03 -0.2032E-01  0.2305E-03      -1  -0.468E-03   20.00  0.8833E-03  0.1060E+00
  23   -66.0000    -163.662 0.3013   0.1969E+01  0.4281E-03 -0.2398E-01  0.1730E-03      -1  -0.552E-03   20.00  0.8833E-03  0.1060E+00
  24   -69.0000    -160.701 0.3025   0.2035E+01  0.4320E-03 -0.2818E-01  0.1154E-03      -1  -0.648E-03   20.00  0.8833E-03  0.1060E+00
  25   -72.0000    -157.745 0.3037   0.2101E+01  0.4358E-03 -0.3259E-01  0.5771E-04      -1  -0.750E-03   20.00  0.8833E-03  0.1060E+00
  26   -75.0000    -154.794 0.3050   0.2167E+01  0.4397E-03 -0.3687E-01  0.0000E+00      -1  -0.848E-03   20.00  0.8833E-03  0.1060E+00
  27   -78.0000    -151.847 0.3062   0.2235E+01  0.4435E-03 -0.4161E-01  0.0000E+00      -1  -0.957E-03   20.00  0.8833E-03  0.1060E+00
  28   -81.0000    -148.905 0.3076   0.2352E+01  0.4469E-03 -0.4708E-01  0.0000E+00      -1  -0.108E-02   20.00  0.8833E-03  0.1060E+00
  29   -84.0000    -145.967 0.3089   0.2469E+01  0.4503E-03 -0.5272E-01  0.0000E+00      -1  -0.121E-02   20.00  0.8833E-03  0.1060E+00
  30   -87.0000    -143.033 0.3103   0.2586E+01  0.4537E-03 -0.5778E-01  0.0000E+00      -1  -0.133E-02   20.00  0.8833E-03  0.1060E+00
  31   -90.0000    -140.101 0.3116   0.2703E+01  0.4571E-03 -0.6264E-01  0.0000E+00      -1  -0.144E-02   20.00  0.8833E-03  0.1060E+00
  32   -93.0000    -137.172 0.3130   0.2820E+01  0.4604E-03 -0.6769E-01  0.0000E+00      -1  -0.156E-02   20.00  0.8833E-03  0.1060E+00
  33   -96.0000    -134.245 0.3143   0.2936E+01  0.4638E-03 -0.7295E-01  0.0000E+00      -1  -0.168E-02   20.00  0.8833E-03  0.1060E+00
  34   -99.0000    -131.321 0.3157   0.3053E+01  0.4672E-03 -0.7838E-01  0.0000E+00      -1  -0.180E-02   20.00  0.8833E-03  0.1060E+00
  35  -102.0000    -128.399 0.3170   0.3169E+01  0.4706E-03 -0.8294E-01  0.0000E+00      -1  -0.191E-02   20.00  0.8833E-03  0.1060E+00
  36  -105.0000    -125.478 0.3184   0.3286E+01  0.4740E-03 -0.8764E-01  0.0000E+00      -1  -0.202E-02   20.00  0.8833E-03  0.1060E+00
  37  -108.0000    -122.559 0.3197   0.3402E+01  0.4773E-03 -0.9258E-01  0.0000E+00      -1  -0.213E-02   20.00  0.8833E-03  0.1060E+00
  38  -111.0000    -119.641 0.3211   0.3539E+01  0.4804E-03 -0.9773E-01  0.0000E+00      -1  -0.225E-02   20.00  0.8833E-03  0.1060E+00
  39  -114.0000    -116.724 0.3225   0.3732E+01  0.4824E-03 -0.1020E+00  0.0000E+00      -1  -0.235E-02   20.00  0.8833E-03  0.1060E+00
  40  -117.0000    -113.805 0.3240   0.3925E+01  0.4845E-03 -0.1066E+00  0.0000E+00      -1  -0.245E-02   20.00  0.8833E-03  0.1060E+00
  41  -120.0000    -110.887 0.3254   0.4117E+01  0.4866E-03 -0.1118E+00  0.0000E+00      -1  -0.257E-02   20.00  0.8833E-03  0.1060E+00
  42  -123.0000    -107.968 0.3268   0.4310E+01  0.4886E-03 -0.1156E+00  0.0000E+00      -1  -0.266E-02   20.00  0.8833E-03  0.1060E+00
  43  -126.0000    -105.048 0.3283   0.4502E+01  0.4907E-03 -0.1193E+00  0.0000E+00      -1  -0.274E-02   20.00  0.8833E-03  0.1060E+00
  44  -129.0000    -102.127 0.3297   0.4695E+01  0.4928E-03 -0.1236E+00  0.0000E+00      -1  -0.284E-02   20.00  0.8833E-03  0.1060E+00
  45  -132.0000     -99.206 0.3311   0.4888E+01  0.4949E-03 -0.1287E+00  0.0000E+00      -1  -0.296E-02   20.00  0.8833E-03  0.1060E+00
  46  -135.0000     -96.285 0.3326   0.5080E+01  0.4969E-03 -0.1317E+00  0.0000E+00      -1  -0.303E-02   20.00  0.8833E-03  0.1060E+00
  47  -138.0000     -93.361 0.3340   0.5348E+01  0.4974E-03 -0.1347E+00  0.0000E+00      -1  -0.310E-02   20.00  0.8833E-03  0.1060E+00
  48  -141.0000     -90.436 0.3355   0.5645E+01  0.4973E-03 -0.1392E+00  0.0000E+00      -1  -0.320E-02   20.00  0.8833E-03  0.1060E+00
  49  -144.0000     -87.509 0.3369   0.5943E+01  0.4972E-03 -0.1426E+00  0.0000E+00      -1  -0.328E-02   20.00  0.8833E-03  0.1060E+00
  50  -147.0000     -84.580 0.3384   0.6240E+01  0.4970E-03 -0.1456E+00  0.0000E+00      -1  -0.335E-02   20.00  0.8833E-03  0.1060E+00
  51  -150.0000     -81.649 0.3398   0.6538E+01  0.4969E-03 -0.1493E+00  0.0000E+00      -1  -0.343E-02   20.00  0.8833E-03  0.1060E+00
  52  -153.0000     -78.717 0.3413   0.6836E+01  0.4968E-03 -0.1515E+00  0.0000E+00      -1  -0.348E-02   20.00  0.8833E-03  0.1060E+00
  53  -156.0000     -75.782 0.3428   0.7134E+01  0.4966E-03 -0.1540E+00  0.0000E+00      -1  -0.354E-02   20.00  0.8833E-03  0.1060E+00
  54  -159.0000     -72.846 0.3442   0.7559E+01  0.4937E-03 -0.1574E+00  0.0000E+00      -1  -0.362E-02   20.00  0.8833E-03  0.1060E+00
  55  -162.0000     -69.907 0.3456   0.7990E+01  0.4906E-03 -0.1597E+00  0.0000E+00      -1  -0.368E-02   20.00  0.8833E-03  0.1060E+00
  56  -165.0000     -66.966 0.3471   0.8422E+01  0.4875E-03 -0.1628E+00  0.0000E+00      -1  -0.374E-02   20.00  0.8833E-03  0.1060E+00
  57  -168.0000     -64.023 0.3485   0.8853E+01  0.4844E-03 -0.1637E+00  0.0000E+00      -1  -0.377E-02   20.00  0.8833E-03  0.1060E+00
  58  -171.0000     -61.077 0.3500   0.9286E+01  0.4812E-03 -0.1660E+00  0.0000E+00      -1  -0.382E-02   20.00  0.8833E-03  0.1060E+00
  59  -174.0000     -58.130 0.3514   0.9816E+01  0.4760E-03 -0.1686E+00  0.0000E+00      -1  -0.388E-02   20.00  0.8833E-03  0.1060E+00
  60  -177.0000     -55.180 0.3528   0.1041E+02  0.4694E-03 -0.1699E+00  0.0000E+00      -1  -0.391E-02   20.00  0.8833E-03  0.1060E+00
  61  -180.0000     -52.228 0.3541   0.1100E+02  0.4628E-03 -0.1722E+00  0.0000E+00      -1  -0.396E-02   20.00  0.8833E-03  0.1060E+00
  62  -183.0000     -49.274 0.3555   0.1159E+02  0.4562E-03 -0.1741E+00  0.0000E+00      -1  -0.400E-02   20.00  0.8833E-03  0.1060E+00
  63  -186.0000     -46.318 0.3569   0.1226E+02  0.4480E-03 -0.1760E+00  0.0000E+00      -1  -0.405E-02   20.00  0.8833E-03  0.1060E+00
  64  -189.0000     -43.360 0.3581   0.1304E+02  0.4376E-03 -0.1758E+00  0.0000E+00      -1  -0.404E-02   20.00  0.8833E-03  0.1060E+00
  65  -192.0000     -40.399 0.3594   0.1381E+02  0.4272E-03 -0.1772E+00  0.0000E+00      -1  -0.408E-02   20.00  0.8833E-03  0.1060E+00
  66  -195.0000     -37.437 0.3607   0.1460E+02  0.4165E-03 -0.1805E+00  0.0000E+00      -1  -0.415E-02   20.00  0.8833E-03  0.1060E+00
  67  -198.0000     -34.473 0.3619   0.1558E+02  0.4022E-03 -0.1790E+00  0.0000E+00      -1  -0.412E-02   20.00  0.8833E-03  0.1060E+00
  68  -201.0000     -31.506 0.3631   0.1657E+02  0.3878E-03 -0.1796E+00  0.0000E+00      -1  -0.413E-02   20.00  0.8833E-03  0.1060E+00
  69  -204.0000     -28.538 0.3642   0.1765E+02  0.3718E-03 -0.1825E+00  0.0000E+00      -1  -0.420E-02   20.00  0.8833E-03  0.1060E+00
  70  -207.0000     -25.568 0.3653   0.1885E+02  0.3535E-03 -0.1822E+00  0.0000E+00      -1  -0.419E-02   20.00  0.8833E-03  0.1060E+00
  71  -210.0000     -22.596 0.3663   0.2014E+02  0.3338E-03 -0.1849E+00  0.0000E+00      -1  -0.425E-02   20.00  0.8833E-03  0.1060E+00
  72  -213.0000     -19.623 0.3673   0.2159E+02  0.3115E-03 -0.1835E+00  0.0000E+00      -1  -0.422E-02   20.00  0.8833E-03  0.1060E+00
  73  -216.0000     -16.647 0.3682   0.2323E+02  0.2864E-03 -0.1822E+00  0.0000E+00      -1  -0.419E-02   20.00  0.8833E-03  0.1060E+00
  74  -219.0000     -13.670 0.3690   0.2505E+02  0.2585E-03 -0.1839E+00  0.0000E+00      -1  -0.423E-02   20.00  0.8833E-03  0.1060E+00
  75  -222.0000     -10.691 0.3697   0.2716E+02  0.2266E-03 -0.1860E+00  0.0000E+00      -1  -0.428E-02   20.00  0.8833E-03  0.1060E+00
  76  -225.0000      -7.711 0.3704   0.2964E+02  0.1895E-03 -0.1883E+00  0.0000E+00      -1  -0.433E-02   20.00  0.8833E-03  0.1060E+00
  77  -228.0000      -4.729 0.3709   0.3276E+02  0.1443E-03 -0.1869E+00  0.0000E+00      -1  -0.430E-02   20.00  0.8833E-03  0.1060E+00
  78  -231.0000      -1.745 0.3712   0.3723E+02  0.8188E-04 -0.1875E+00  0.0000E+00      -1  -0.431E-02   20.00  0.8833E-03  0.1060E+00
  79  -234.0000       1.241 0.3713   0.4346E+02  0.0000E+00 -0.1883E+00  0.0000E+00      -1  -0.433E-02   20.00  0.8833E-03  0.1060E+00
  80  -237.0000       4.228 0.3713   0.4346E+02  0.0000E+00 -0.1811E+00  0.0000E+00      -1  -0.417E-02   20.00  0.8833E-03  0.1060E+00
  81  -240.0000       7.216 0.3713   0.4346E+02  0.0000E+00 -0.1811E+00  0.0000E+00      -1  -0.417E-02   20.00  0.8833E-03  0.1060E+00
  82  -243.0000      10.203 0.3713   0.4346E+02  0.0000E+00 -0.1883E+00  0.0000E+00      -1  -0.433E-02   20.00  0.8833E-03  0.1060E+00
  83  -246.0000      13.190 0.3713   0.4346E+02  0.0000E+00 -0.1883E+00  0.0000E+00      -1  -0.433E-02   20.00  0.8833E-03  0.1060E+00
  84  -249.0000      16.177 0.3713   0.4346E+02  0.0000E+00 -0.1883E+00  0.0000E+00      -1  -0.433E-02   20.00  0.8833E-03  0.1060E+00
  85  -252.0000      19.164 0.3713   0.4346E+02  0.0000E+00 -0.1883E+00  0.0000E+00      -1  -0.433E-02   20.00  0.8833E-03  0.1060E+00
  86  -255.0000      22.151 0.3713   0.4346E+02  0.0000E+00 -0.1883E+00  0.0000E+00      -1  -0.433E-02   20.00  0.8833E-03  0.1060E+00
  87  -258.0000      25.138 0.3713   0.4346E+02  0.0000E+00 -0.1811E+00  0.0000E+00      -1  -0.417E-02   20.00  0.8833E-03  0.1060E+00
  88  -261.0000      28.126 0.3713   0.4346E+02  0.0000E+00 -0.1811E+00  0.0000E+00      -1  -0.417E-02   20.00  0.8833E-03  0.1060E+00
  89  -264.0000      31.113 0.3713   0.4346E+02  0.0000E+00 -0.1883E+00  0.0000E+00      -1  -0.433E-02   20.00  0.8833E-03  0.1060E+00
  90  -267.0000      34.100 0.3713   0.4346E+02  0.0000E+00 -0.1883E+00  0.0000E+00      -1  -0.433E-02   20.00  0.8833E-03  0.1060E+00
  91  -270.0000      37.087 0.3713   0.4346E+02  0.0000E+00 -0.1883E+00  0.0000E+00      -1  -0.433E-02   20.00  0.8833E-03  0.1060E+00
  92  -273.0000      40.074 0.3713   0.4346E+02  0.0000E+00 -0.1883E+00  0.0000E+00      -1  -0.433E-02   20.00  0.8833E-03  0.1060E+00
  93  -276.0000      43.061 0.3713   0.4346E+02  0.0000E+00 -0.1811E+00  0.0000E+00      -1  -0.417E-02   20.00  0.8833E-03  0.1060E+00
  94  -279.0000      46.049 0.3713   0.4346E+02  0.0000E+00 -0.1811E+00  0.0000E+00      -1  -0.417E-02   20.00  0.8833E-03  0.1060E+00
  95  -282.0000      49.036 0.3713   0.4346E+02  0.0000E+00 -0.1883E+00  0.0000E+00      -1  -0.433E-02   20.00  0.8833E-03  0.1060E+00
  96  -285.0000      52.023 0.3713   0.4346E+02  0.0000E+00 -0.1883E+00  0.0000E+00      -1  -0.433E-02   20.00  0.8833E-03  0.1060E+00
  97  -288.0000      55.010 0.3713   0.4346E+02  0.0000E+00 -0.1883E+00  0.0000E+00      -1  -0.433E-02   20.00  0.8834E-03  0.1060E+00
  98  -291.0000      57.997 0.3713   0.4346E+02  0.0000E+00 -0.1883E+00  0.0000E+00      -1  -0.433E-02   20.00  0.8833E-03  0.1060E+00
  99  -294.0000      60.984 0.3713   0.4346E+02  0.0000E+00 -0.1883E+00  0.0000E+00      -1  -0.433E-02   20.00  0.8825E-03  0.1059E+00
 100  -297.0000      63.971 0.3713   0.4346E+02  0.0000E+00 -0.1811E+00  0.0000E+00      -1  -0.417E-02   20.00  0.8816E-03  0.1058E+00
 101  -300.0000      66.959 0.3713   0.4346E+02  0.0000E+00 -0.1739E+00  0.0000E+00      -1  -0.400E-02   20.00  0.8816E-03  0.1057E+00
end


 Time:        1.0000


 Node      Depth      Head Moisture       K          C         Flux        Sink         Kappa   v/KsTop   Temp   Conc(1..NS) Sorb(1...NS)
           [L]        [L]    [-]        [L/T]      [1/L]      [L/T]        [1/T]         [-]      [-]      [C]      [M/L*3]

   1     0.0000    -222.281 0.2785   0.9908E+00  0.3546E-03  0.9794E-02  0.0000E+00      -1   0.225E-03   20.00  0.8488E-03  0.1018E+00
   2    -3.0000    -219.288 0.2796   0.1025E+01  0.3582E-03 -0.1401E-01  0.0000E+00      -1  -0.322E-03   20.00  0.8640E-03  0.1037E+00
   3    -6.0000    -216.362 0.2807   0.1059E+01  0.3617E-03 -0.3654E-01  0.0000E+00      -1  -0.841E-03   20.00  0.8733E-03  0.1048E+00
   4    -9.0000    -213.494 0.2817   0.1092E+01  0.3652E-03 -0.5595E-01  0.1004E-02      -1  -0.129E-02   20.00  0.8791E-03  0.1055E+00
   5   -12.0000    -210.669 0.2827   0.1125E+01  0.3686E-03 -0.7201E-01  0.1005E-02      -1  -0.166E-02   20.00  0.8824E-03  0.1059E+00
   6   -15.0000    -207.878 0.2837   0.1157E+01  0.3720E-03 -0.8612E-01  0.1006E-02      -1  -0.198E-02   20.00  0.8833E-03  0.1060E+00
   7   -18.0000    -205.115 0.2847   0.1189E+01  0.3754E-03 -0.9821E-01  0.1006E-02      -1  -0.226E-02   20.00  0.8833E-03  0.1060E+00
   8   -21.0000    -202.373 0.2857   0.1220E+01  0.3787E-03 -0.1083E+00  0.1007E-02      -1  -0.249E-02   20.00  0.8833E-03  0.1060E+00
   9   -24.0000    -199.647 0.2867   0.1252E+01  0.3820E-03 -0.1165E+00  0.9734E-03      -1  -0.268E-02   20.00  0.8833E-03  0.1060E+00
  10   -27.0000    -196.931 0.2877   0.1283E+01  0.3853E-03 -0.1229E+00  0.9167E-03      -1  -0.283E-02   20.00  0.8833E-03  0.1060E+00
  11   -30.0000    -194.222 0.2886   0.1314E+01  0.3886E-03 -0.1277E+00  0.8599E-03      -1  -0.294E-02   20.00  0.8833E-03  0.1060E+00
  12   -33.0000    -191.514 0.2896   0.1349E+01  0.3919E-03 -0.1315E+00  0.8030E-03      -1  -0.303E-02   20.00  0.8833E-03  0.1060E+00
  13   -36.0000    -188.804 0.2908   0.1409E+01  0.3954E-03 -0.1342E+00  0.7461E-03      -1  -0.309E-02   20.00  0.8833E-03  0.1060E+00
  14   -39.0000    -186.086 0.2919   0.1470E+01  0.3989E-03 -0.1355E+00  0.6891E-03      -1  -0.312E-02   20.00  0.8833E-03  0.1060E+00
  15   -42.0000    -183.357 0.2930   0.1531E+01  0.4025E-03 -0.1356E+00  0.6320E-03      -1  -0.312E-02   20.00  0.8833E-03  0.1060E+00
  16   -45.0000    -180.617 0.2942   0.1592E+01  0.4061E-03 -0.1346E+00  0.5749E-03      -1  -0.310E-02   20.00  0.8833E-03  0.1060E+00
  17   -48.0000    -177.865 0.2953   0.1653E+01  0.4096E-03 -0.1328E+00  0.5176E-03      -1  -0.306E-02   20.00  0.8833E-03  0.1060E+00
  18   -51.0000    -175.100 0.2965   0.1714E+01  0.4132E-03 -0.1303E+00  0.4604E-03      -1  -0.300E-02   20.00  0.8833E-03  0.1060E+00
  19   -54.0000    -172.321 0.2976   0.1776E+01  0.4169E-03 -0.1273E+00  0.4030E-03      -1  -0.293E-02   20.00  0.8833E-03  0.1060E+00
  20   -57.0000    -169.530 0.2988   0.1839E+01  0.4205E-03 -0.1237E+00  0.3456E-03      -1  -0.285E-02   20.00  0.8833E-03  0.1060E+00
  21   -60.0000    -166.725 0.3000   0.1901E+01  0.4241E-03 -0.1199E+00  0.2881E-03      -1  -0.276E-02   20.00  0.8833E-03  0.1060E+00
  22   -63.0000    -163.908 0.3012   0.1964E+01  0.4278E-03 -0.1158E+00  0.2306E-03      -1  -0.266E-02   20.00  0.8833E-03  0.1060E+00
  23   -66.0000    -161.079 0.3023   0.2027E+01  0.4315E-03 -0.1116E+00  0.1730E-03      -1  -0.257E-02   20.00  0.8833E-03  0.1060E+00
  24   -69.0000    -158.239 0.3035   0.2090E+01  0.4352E-03 -0.1073E+00  0.1154E-03      -1  -0.247E-02   20.00  0.8833E-03  0.1060E+00
  25   -72.0000    -155.387 0.3047   0.2154E+01  0.4389E-03 -0.1031E+00  0.5772E-04      -1  -0.237E-02   20.00  0.8833E-03  0.1060E+00
  26   -75.0000    -152.526 0.3059   0.2217E+01  0.4426E-03 -0.9885E-01  0.0000E+00      -1  -0.227E-02   20.00  0.8833E-03  0.1060E+00
  27   -78.0000    -149.654 0.3072   0.2322E+01  0.4460E-03 -0.9443E-01  0.0000E+00      -1  -0.217E-02   20.00  0.8833E-03  0.1060E+00
  28   -81.0000    -146.770 0.3085   0.2437E+01  0.4493E-03 -0.8978E-01  0.0000E+00      -1  -0.207E-02   20.00  0.8833E-03  0.1060E+00
  29   -84.0000    -143.875 0.3099   0.2553E+01  0.4527E-03 -0.8514E-01  0.0000E+00      -1  -0.196E-02   20.00  0.8833E-03  0.1060E+00
  30   -87.0000    -140.970 0.3112   0.2668E+01  0.4561E-03 -0.8056E-01  0.0000E+00      -1  -0.185E-02   20.00  0.8833E-03  0.1060E+00
  31   -90.0000    -138.056 0.3126   0.2785E+01  0.4594E-03 -0.7606E-01  0.0000E+00      -1  -0.175E-02   20.00  0.8833E-03  0.1060E+00
  32   -93.0000    -135.134 0.3139   0.2901E+01  0.4628E-03 -0.7166E-01  0.0000E+00      -1  -0.165E-02   20.00  0.8833E-03  0.1060E+00
  33   -96.0000    -132.205 0.3153   0.3018E+01  0.4662E-03 -0.6739E-01  0.0000E+00      -1  -0.155E-02   20.00  0.8833E-03  0.1060E+00
  34   -99.0000    -129.268 0.3166   0.3135E+01  0.4696E-03 -0.6325E-01  0.0000E+00      -1  -0.146E-02   20.00  0.8833E-03  0.1060E+00
  35  -102.0000    -126.326 0.3180   0.3252E+01  0.4730E-03 -0.5926E-01  0.0000E+00      -1  -0.136E-02   20.00  0.8833E-03  0.1060E+00
  36  -105.0000    -123.378 0.3194   0.3369E+01  0.4764E-03 -0.5542E-01  0.0000E+00      -1  -0.128E-02   20.00  0.8833E-03  0.1060E+00
  37  -108.0000    -120.425 0.3207   0.3488E+01  0.4798E-03 -0.5170E-01  0.0000E+00      -1  -0.119E-02   20.00  0.8833E-03  0.1060E+00
  38  -111.0000    -117.466 0.3222   0.3683E+01  0.4819E-03 -0.4804E-01  0.0000E+00      -1  -0.111E-02   20.00  0.8833E-03  0.1060E+00
  39  -114.0000    -114.503 0.3236   0.3879E+01  0.4840E-03 -0.4447E-01  0.0000E+00      -1  -0.102E-02   20.00  0.8833E-03  0.1060E+00
  40  -117.0000    -111.535 0.3251   0.4074E+01  0.4861E-03 -0.4107E-01  0.0000E+00      -1  -0.945E-03   20.00  0.8833E-03  0.1060E+00
  41  -120.0000    -108.564 0.3265   0.4270E+01  0.4882E-03 -0.3782E-01  0.0000E+00      -1  -0.870E-03   20.00  0.8833E-03  0.1060E+00
  42  -123.0000    -105.589 0.3280   0.4467E+01  0.4903E-03 -0.3474E-01  0.0000E+00      -1  -0.799E-03   20.00  0.8833E-03  0.1060E+00
  43  -126.0000    -102.610 0.3295   0.4663E+01  0.4924E-03 -0.3181E-01  0.0000E+00      -1  -0.732E-03   20.00  0.8833E-03  0.1060E+00
  44  -129.0000     -99.630 0.3309   0.4860E+01  0.4946E-03 -0.2902E-01  0.0000E+00      -1  -0.668E-03   20.00  0.8833E-03  0.1060E+00
  45  -132.0000     -96.646 0.3324   0.5057E+01  0.4967E-03 -0.2638E-01  0.0000E+00      -1  -0.607E-03   20.00  0.8833E-03  0.1060E+00
  46  -135.0000     -93.661 0.3339   0.5318E+01  0.4974E-03 -0.2387E-01  0.0000E+00      -1  -0.549E-03   20.00  0.8833E-03  0.1060E+00
  47  -138.0000     -90.673 0.3353   0.5621E+01  0.4973E-03 -0.2146E-01  0.0000E+00      -1  -0.494E-03   20.00  0.8833E-03  0.1060E+00
  48  -141.0000     -87.684 0.3368   0.5925E+01  0.4972E-03 -0.1919E-01  0.0000E+00      -1  -0.441E-03   20.00  0.8833E-03  0.1060E+00
  49  -144.0000     -84.693 0.3383   0.6229E+01  0.4970E-03 -0.1704E-01  0.0000E+00      -1  -0.392E-03   20.00  0.8833E-03  0.1060E+00
  50  -147.0000     -81.700 0.3398   0.6533E+01  0.4969E-03 -0.1501E-01  0.0000E+00      -1  -0.345E-03   20.00  0.8833E-03  0.1060E+00
  51  -150.0000     -78.707 0.3413   0.6837E+01  0.4968E-03 -0.1310E-01  0.0000E+00      -1  -0.301E-03   20.00  0.8833E-03  0.1060E+00
  52  -153.0000     -75.712 0.3428   0.7141E+01  0.4966E-03 -0.1130E-01  0.0000E+00      -1  -0.260E-03   20.00  0.8833E-03  0.1060E+00
  53  -156.0000     -72.716 0.3443   0.7578E+01  0.4935E-03 -0.9615E-02  0.0000E+00      -1  -0.221E-03   20.00  0.8833E-03  0.1060E+00
  54  -159.0000     -69.719 0.3457   0.8018E+01  0.4904E-03 -0.8037E-02  0.0000E+00      -1  -0.185E-03   20.00  0.8833E-03  0.1060E+00
  55  -162.0000     -66.722 0.3472   0.8457E+01  0.4872E-03 -0.6547E-02  0.0000E+00      -1  -0.151E-03   20.00  0.8833E-03  0.1060E+00
  56  -165.0000     -63.724 0.3487   0.8897E+01  0.4840E-03 -0.5145E-02  0.0000E+00      -1  -0.118E-03   20.00  0.8833E-03  0.1060E+00
  57  -168.0000     -60.726 0.3501   0.9337E+01  0.4809E-03 -0.3827E-02  0.0000E+00      -1  -0.881E-04   20.00  0.8833E-03  0.1060E+00
  58  -171.0000     -57.727 0.3516   0.9897E+01  0.4751E-03 -0.2614E-02  0.0000E+00      -1  -0.601E-04   20.00  0.8833E-03  0.1060E+00
  59  -174.0000     -54.727 0.3530   0.1050E+02  0.4684E-03 -0.1498E-02  0.0000E+00      -1  -0.345E-04   20.00  0.8833E-03  0.1060E+00
  60  -177.0000     -51.727 0.3544   0.1110E+02  0.4616E-03 -0.4588E-03  0.0000E+00      -1  -0.106E-04   20.00  0.8833E-03  0.1060E+00
  61  -180.0000     -48.727 0.3558   0.1170E+02  0.4549E-03  0.5277E-03  0.0000E+00      -1   0.121E-04   20.00  0.8833E-03  0.1060E+00
  62  -183.0000     -45.727 0.3571   0.1241E+02  0.4459E-03  0.1426E-02  0.0000E+00      -1   0.328E-04   20.00  0.8833E-03  0.1060E+00
  63  -186.0000     -42.727 0.3584   0.1320E+02  0.4354E-03  0.2233E-02  0.0000E+00      -1   0.514E-04   20.00  0.8833E-03  0.1060E+00
  64  -189.0000     -39.726 0.3597   0.1399E+02  0.4248E-03  0.3000E-02  0.0000E+00      -1   0.690E-04   20.00  0.8833E-03  0.1060E+00
  65  -192.0000     -36.725 0.3610   0.1484E+02  0.4131E-03  0.3685E-02  0.0000E+00      -1   0.848E-04   20.00  0.8833E-03  0.1060E+00
  66  -195.0000     -33.725 0.3622   0.1583E+02  0.3986E-03  0.4304E-02  0.0000E+00      -1   0.990E-04   20.00  0.8833E-03  0.1060E+00
  67  -198.0000     -30.724 0.3634   0.1682E+02  0.3841E-03  0.4888E-02  0.0000E+00      -1   0.112E-03   20.00  0.8833E-03  0.1060E+00
  68  -201.0000     -27.723 0.3645   0.1798E+02  0.3668E-03  0.5407E-02  0.0000E+00      -1   0.124E-03   20.00  0.8833E-03  0.1060E+00
  69  -204.0000     -24.722 0.3656   0.1919E+02  0.3483E-03  0.5876E-02  0.0000E+00      -1   0.135E-03   20.00  0.8833E-03  0.1060E+00
  70  -207.0000     -21.721 0.3666   0.2057E+02  0.3272E-03  0.6297E-02  0.0000E+00      -1   0.145E-03   20.00  0.8833E-03  0.1060E+00
  71  -210.0000     -18.720 0.3676   0.2203E+02  0.3047E-03  0.6646E-02  0.0000E+00      -1   0.153E-03   20.00  0.8833E-03  0.1060E+00
  72  -213.0000     -15.719 0.3685   0.2376E+02  0.2782E-03  0.6955E-02  0.0000E+00      -1   0.160E-03   20.00  0.8833E-03  0.1060E+00
  73  -216.0000     -12.718 0.3692   0.2569E+02  0.2488E-03  0.7233E-02  0.0000E+00      -1   0.166E-03   20.00  0.8833E-03  0.1060E+00
  74  -219.0000      -9.718 0.3700   0.2791E+02  0.2153E-03  0.7463E-02  0.0000E+00      -1   0.172E-03   20.00  0.8833E-03  0.1060E+00
  75  -222.0000      -6.717 0.3705   0.3061E+02  0.1754E-03  0.7644E-02  0.0000E+00      -1   0.176E-03   20.00  0.8833E-03  0.1060E+00
  76  -225.0000      -3.716 0.3710   0.3405E+02  0.1259E-03  0.7778E-02  0.0000E+00      -1   0.179E-03   20.00  0.8833E-03  0.1060E+00
  77  -228.0000      -0.715 0.3713   0.3966E+02  0.4927E-04  0.7853E-02  0.0000E+00      -1   0.181E-03   20.00  0.8833E-03  0.1060E+00
  78  -231.0000       2.285 0.3713   0.4346E+02  0.0000E+00  0.7871E-02  0.0000E+00      -1   0.181E-03   20.00  0.8833E-03  0.1060E+00
  79  -234.0000       5.286 0.3713   0.4346E+02  0.0000E+00  0.7873E-02  0.0000E+00      -1   0.181E-03   20.00  0.8833E-03  0.1060E+00
  80  -237.0000       8.286 0.3713   0.4346E+02  0.0000E+00  0.7875E-02  0.0000E+00      -1   0.181E-03   20.00  0.8833E-03  0.1060E+00
  81  -240.0000      11.287 0.3713   0.4346E+02  0.0000E+00  0.7875E-02  0.0000E+00      -1   0.181E-03   20.00  0.8833E-03  0.1060E+00
  82  -243.0000      14.287 0.3713   0.4346E+02  0.0000E+00  0.7875E-02  0.0000E+00      -1   0.181E-03   20.00  0.8833E-03  0.1060E+00
  83  -246.0000      17.288 0.3713   0.4346E+02  0.0000E+00  0.7875E-02  0.0000E+00      -1   0.181E-03   20.00  0.8833E-03  0.1060E+00
  84  -249.0000      20.288 0.3713   0.4346E+02  0.0000E+00  0.7875E-02  0.0000E+00      -1   0.181E-03   20.00  0.8833E-03  0.1060E+00
  85  -252.0000      23.289 0.3713   0.4346E+02  0.0000E+00  0.7875E-02  0.0000E+00      -1   0.181E-03   20.00  0.8833E-03  0.1060E+00
  86  -255.0000      26.289 0.3713   0.4346E+02  0.0000E+00  0.7875E-02  0.0000E+00      -1   0.181E-03   20.00  0.8833E-03  0.1060E+00
  87  -258.0000      29.290 0.3713   0.4346E+02  0.0000E+00  0.7862E-02  0.0000E+00      -1   0.181E-03   20.00  0.8833E-03  0.1060E+00
  88  -261.0000      32.291 0.3713   0.4346E+02  0.0000E+00  0.7849E-02  0.0000E+00      -1   0.181E-03   20.00  0.8833E-03  0.1060E+00
  89  -264.0000      35.291 0.3713   0.4346E+02  0.0000E+00  0.7849E-02  0.0000E+00      -1   0.181E-03   20.00  0.8833E-03  0.1060E+00
  90  -267.0000      38.292 0.3713   0.4346E+02  0.0000E+00  0.7849E-02  0.0000E+00      -1   0.181E-03   20.00  0.8833E-03  0.1060E+00
  91  -270.0000      41.292 0.3713   0.4346E+02  0.0000E+00  0.7849E-02  0.0000E+00      -1   0.181E-03   20.00  0.8833E-03  0.1060E+00
  92  -273.0000      44.293 0.3713   0.4346E+02  0.0000E+00  0.7875E-02  0.0000E+00      -1   0.181E-03   20.00  0.8833E-03  0.1060E+00
  93  -276.0000      47.293 0.3713   0.4346E+02  0.0000E+00  0.7875E-02  0.0000E+00      -1   0.181E-03   20.00  0.8833E-03  0.1060E+00
  94  -279.0000      50.294 0.3713   0.4346E+02  0.0000E+00  0.7875E-02  0.0000E+00      -1   0.181E-03   20.00  0.8833E-03  0.1060E+00
  95  -282.0000      53.294 0.3713   0.4346E+02  0.0000E+00  0.7875E-02  0.0000E+00      -1   0.181E-03   20.00  0.8833E-03  0.1060E+00
  96  -285.0000      56.295 0.3713   0.4346E+02  0.0000E+00  0.7875E-02  0.0000E+00      -1   0.181E-03   20.00  0.8833E-03  0.1060E+00
  97  -288.0000      59.295 0.3713   0.4346E+02  0.0000E+00  0.7875E-02  0.0000E+00      -1   0.181E-03   20.00  0.8833E-03  0.1060E+00
  98  -291.0000      62.296 0.3713   0.4346E+02  0.0000E+00  0.7849E-02  0.0000E+00      -1   0.181E-03   20.00  0.8833E-03  0.1060E+00
  99  -294.0000      65.297 0.3713   0.4346E+02  0.0000E+00  0.7849E-02  0.0000E+00      -1   0.181E-03   20.00  0.8825E-03  0.1059E+00
 100  -297.0000      68.297 0.3713   0.4346E+02  0.0000E+00  0.7904E-02  0.0000E+00      -1   0.182E-03   20.00  0.8818E-03  0.1058E+00
 101  -300.0000      71.298 0.3713   0.4346E+02  0.0000E+00  0.7958E-02  0.0000E+00      -1   0.183E-03   20.00  0.8800E-03  0.1056E+00
end
