 All solute fluxes and cumulative solute fluxes are positive into the region

       Time         cvTop        cvBot      Sum(cvTop)   Sum(cvBot)     cvCh0        cvCh1         cTop        cRoot         cBot        cvRoot    Sum(cvRoot)  Sum(cvNEql) TLevel      cGWL        cRunOff   Sum(cRunOff)    (cv(i),    Sum(cv(i)), i=1,NObs)
        [T]        [M/L2/T]     [M/L2/T]      [M/L2]       [M/L2]       [M/L2]      [M/L2]        [M/L3]      [M/L3]        [M/L3]      [M/L2/T]      [M/L2]       [M/L2]              [M/L3]        [M/L2]      [M/L3]      [M/L2/T]      [M/L2]
        0.0100  0.00000E+00  0.00000E+00  0.00000E+00  0.00000E+00  0.00000E+00  0.00000E+00  0.92540E-03  0.90340E-03  0.87877E-03  0.48416E-04  0.48416E-06 -0.52159E-05       1  0.88319E-03  0.00000E+00  0.00000E+00  0.37361E-04  0.37361E-06  0.69338E-04  0.69338E-06  0.20551E-03  0.20551E-05
        0.0200  0.00000E+00  0.00000E+00  0.00000E+00  0.00000E+00  0.00000E+00  0.00000E+00  0.92538E-03  0.90340E-03  0.87935E-03  0.48416E-04  0.96832E-06 -0.49823E-05       2  0.88319E-03  0.00000E+00  0.00000E+00  0.34897E-04  0.72257E-06  0.67721E-04  0.13706E-05  0.20219E-03  0.40770E-05
        0.0330  0.00000E+00  0.00000E+00  0.00000E+00  0.00000E+00  0.00000E+00  0.00000E+00  0.92531E-03  0.90340E-03  0.87915E-03  0.48416E-04  0.15977E-05 -0.66039E-05       3  0.88318E-03  0.00000E+00  0.00000E+00  0.28991E-04  0.10995E-05  0.64981E-04  0.22153E-05  0.19747E-03  0.66441E-05
        0.0499  0.00000E+00  0.00000E+00  0.00000E+00  0.00000E+00  0.00000E+00  0.00000E+00  0.92521E-03  0.90340E-03  0.87897E-03  0.48416E-04  0.24160E-05 -0.88486E-05       4  0.88318E-03  0.00000E+00  0.00000E+00  0.16994E-04  0.13867E-05  0.61642E-04  0.32571E-05  0.19174E-03  0.98845E-05
        0.0719  0.00000E+00  0.00000E+00  0.00000E+00  0.00000E+00  0.00000E+00  0.00000E+00  0.92500E-03  0.90340E-03  0.87881E-03  0.48416E-04  0.34797E-05 -0.12675E-04       5  0.88318E-03  0.00000E+00  0.00000E+00 -0.39416E-05  0.13001E-05  0.56779E-04  0.45045E-05  0.18422E-03  0.13932E-04
        0.1004  0.00000E+00  0.00000E+00  0.00000E+00  0.00000E+00  0.00000E+00  0.00000E+00  0.92467E-03  0.90340E-03  0.87868E-03  0.48416E-04  0.48625E-05 -0.18947E-04       6  0.88318E-03  0.00000E+00  0.00000E+00 -0.33649E-04  0.33899E-06  0.49291E-04  0.59123E-05  0.17396E-03  0.18900E-04
        0.1376  0.00000E+00  0.00000E+00  0.00000E+00  0.00000E+00  0.00000E+00  0.00000E+00  0.92414E-03  0.90340E-03  0.87855E-03  0.48416E-04  0.66601E-05 -0.29775E-04       7  0.88318E-03  0.00000E+00  0.00000E+00 -0.82192E-04 -0.27127E-05  0.36617E-04  0.72719E-05  0.15840E-03  0.24781E-04
        0.1858  0.00000E+00  0.00000E+00  0.00000E+00  0.00000E+00  0.00000E+00  0.00000E+00  0.92331E-03  0.90340E-03  0.87844E-03  0.48416E-04  0.89971E-05 -0.48980E-04       8  0.88317E-03  0.00000E+00  0.00000E+00 -0.15458E-03 -0.10174E-04  0.14404E-04  0.79671E-05  0.13290E-03  0.31196E-04
        0.2358  0.00000E+00  0.00000E+00  0.00000E+00  0.00000E+00  0.00000E+00  0.00000E+00  0.92242E-03  0.90339E-03  0.87834E-03  0.48416E-04  0.11418E-04 -0.75028E-04       9  0.88317E-03  0.00000E+00  0.00000E+00 -0.23195E-03 -0.21772E-04 -0.34258E-04  0.62542E-05  0.99163E-04  0.36154E-04
        0.2858  0.00000E+00  0.00000E+00  0.00000E+00  0.00000E+00  0.00000E+00  0.00000E+00  0.92190E-03  0.90339E-03  0.87827E-03  0.48416E-04  0.13839E-04 -0.10485E-03      10  0.88317E-03  0.00000E+00  0.00000E+00 -0.27336E-03 -0.35440E-04 -0.12461E-03  0.23619E-07  0.60531E-04  0.39181E-04
        0.3358  0.00000E+00  0.00000E+00  0.00000E+00  0.00000E+00  0.00000E+00  0.00000E+00  0.92180E-03  0.90340E-03  0.87821E-03  0.48416E-04  0.16259E-04 -0.13377E-03      11  0.88317E-03  0.00000E+00  0.00000E+00 -0.27424E-03 -0.49152E-04 -0.19070E-03 -0.95116E-05  0.26800E-04  0.40521E-04
        0.3858  0.00000E+00  0.00000E+00  0.00000E+00  0.00000E+00  0.00000E+00  0.00000E+00  0.92171E-03  0.90341E-03  0.87817E-03  0.48417E-04  0.18680E-04 -0.15986E-03      12  0.88317E-03  0.00000E+00  0.00000E+00 -0.27514E-03 -0.62909E-04 -0.23525E-03 -0.21274E-04  0.36654E-05  0.40704E-04
        0.4358  0.00000E+00  0.00000E+00  0.00000E+00  0.00000E+00  0.00000E+00  0.00000E+00  0.92162E-03  0.90342E-03  0.87814E-03  0.48417E-04  0.21101E-04 -0.18358E-03      13  0.88317E-03  0.00000E+00  0.00000E+00 -0.27508E-03 -0.76663E-04 -0.26256E-03 -0.34402E-04 -0.12616E-04  0.40073E-04
        0.4858  0.00000E+00  0.00000E+00  0.00000E+00  0.00000E+00  0.00000E+00  0.00000E+00  0.92154E-03  0.90343E-03  0.87813E-03  0.48418E-04  0.23522E-04 -0.20544E-03      14  0.88317E-03  0.00000E+00  0.00000E+00 -0.27452E-03 -0.90389E-04 -0.28009E-03 -0.48406E-04 -0.23995E-04  0.38874E-04
        0.5358  0.00000E+00  0.00000E+00  0.00000E+00  0.00000E+00  0.00000E+00  0.00000E+00  0.92147E-03  0.90344E-03  0.87812E-03  0.48418E-04  0.25943E-04 -0.22626E-03      15  0.88317E-03  0.00000E+00  0.00000E+00 -0.27296E-03 -0.10404E-03 -0.29262E-03 -0.63037E-04 -0.33273E-04  0.37210E-04
        0.5858  0.00000E+00  0.00000E+00  0.00000E+00  0.00000E+00  0.00000E+00  0.00000E+00  0.92141E-03  0.90344E-03  0.87813E-03  0.48418E-04  0.28364E-04 -0.24682E-03      16  0.88317E-03  0.00000E+00  0.00000E+00 -0.27075E-03 -0.11757E-03 -0.30325E-03 -0.78200E-04 -0.43052E-04  0.35057E-04
        0.6358  0.00000E+00  0.00000E+00  0.00000E+00  0.00000E+00  0.00000E+00  0.00000E+00  0.92135E-03  0.90344E-03  0.87814E-03  0.48418E-04  0.30785E-04 -0.26798E-03      17  0.88317E-03  0.00000E+00  0.00000E+00 -0.26774E-03 -0.13096E-03 -0.31413E-03 -0.93906E-04 -0.55380E-04  0.32288E-04
        0.6858  0.00000E+00  0.00000E+00  0.00000E+00  0.00000E+00  0.00000E+00  0.00000E+00  0.92130E-03  0.90344E-03  0.87817E-03  0.48418E-04  0.33206E-04 -0.29045E-03      18  0.88317E-03  0.00000E+00  0.00000E+00 -0.26431E-03 -0.14418E-03 -0.32727E-03 -0.11027E-03 -0.71422E-04  0.28717E-04
        0.7358  0.00000E+00  0.00000E+00  0.00000E+00  0.00000E+00  0.00000E+00  0.00000E+00  0.92125E-03  0.90343E-03  0.87820E-03  0.48417E-04  0.35626E-04 -0.31485E-03      19  0.88317E-03  0.00000E+00  0.00000E+00 -0.26052E-03 -0.15720E-03 -0.34448E-03 -0.12749E-03 -0.91472E-04  0.24144E-04
        0.7858  0.00000E+00  0.00000E+00  0.00000E+00  0.00000E+00  0.00000E+00  0.00000E+00  0.92192E-03  0.90341E-03  0.87824E-03  0.48416E-04  0.38047E-04 -0.33627E-03      20  0.88317E-03  0.00000E+00  0.00000E+00 -0.18599E-03 -0.16650E-03 -0.32464E-03 -0.14373E-03 -0.10763E-03  0.18762E-04
        0.8358  0.00000E+00  0.00000E+00  0.00000E+00  0.00000E+00  0.00000E+00  0.00000E+00  0.92263E-03  0.90341E-03  0.87828E-03  0.48416E-04  0.40468E-04 -0.35146E-03      21  0.88317E-03  0.00000E+00  0.00000E+00 -0.11246E-03 -0.17212E-03 -0.27418E-03 -0.15743E-03 -0.10850E-03  0.13337E-04
        0.8858  0.00000E+00  0.00000E+00  0.00000E+00  0.00000E+00  0.00000E+00  0.00000E+00  0.92329E-03  0.90341E-03  0.87833E-03  0.48416E-04  0.42889E-04 -0.36163E-03      22  0.88317E-03  0.00000E+00  0.00000E+00 -0.46004E-04 -0.17442E-03 -0.20798E-03 -0.16783E-03 -0.98481E-04  0.84132E-05
        0.9358  0.00000E+00  0.00000E+00  0.00000E+00  0.00000E+00  0.00000E+00  0.00000E+00  0.92383E-03  0.90341E-03  0.87838E-03  0.48417E-04  0.45310E-04 -0.36798E-03      23  0.88317E-03  0.00000E+00  0.00000E+00  0.38180E-05 -0.17423E-03 -0.14218E-03 -0.17494E-03 -0.81174E-04  0.43545E-05
        0.9679  0.00000E+00  0.00000E+00  0.00000E+00  0.00000E+00  0.00000E+00  0.00000E+00  0.92410E-03  0.90341E-03  0.87842E-03  0.48416E-04  0.46863E-04 -0.37112E-03      24  0.88317E-03  0.00000E+00  0.00000E+00  0.31418E-04 -0.17323E-03 -0.10385E-03 -0.17827E-03 -0.68754E-04  0.21485E-05
        1.0000  0.00000E+00  0.00000E+00  0.00000E+00  0.00000E+00  0.00000E+00  0.00000E+00  0.92424E-03  0.90341E-03  0.87846E-03  0.48416E-04  0.48417E-04 -0.37380E-03      25  0.88317E-03  0.00000E+00  0.00000E+00  0.40458E-04 -0.17193E-03 -0.73106E-04 -0.18062E-03 -0.55825E-04  0.35730E-06
end
