 ******* Program HYDRUS
 ******* 
 Welcome to HYDRUS-1D                                                    
 Date:  28. 3.2022    Time:   8:57: 4
 Units: L = cm   , T = days , M = mg   

----------------------------------------------------------
 Time       [T]        0.0000
----------------------------------------------------------
 Sub-region num.                     1
----------------------------------------------------------
 Length   [L]        0.30000E+03  0.30000E+03
 W-volume [L]        0.10072E+03  0.10072E+03
 In-flow  [L/T]      0.00000E+00  0.00000E+00
 h Mean   [L]       -0.77263E+02 -0.77263E+02
 ConcVol  [M/L2] 1   0.88994E-01  0.88994E-01
 cMean    [M/L3] 1   0.88367E-03  0.88367E-03
 SorbVolIm[M/L2] 1   0.46129E+02  0.46129E+02
 sMeanIm  [-]    1   0.10604E+00  0.10604E+00
 Top Flux [L/T]      0.33049E-01
 Bot Flux [L/T]      0.24626E+00
----------------------------------------------------------

----------------------------------------------------------
 Time       [T]        1.0000
----------------------------------------------------------
 Sub-region num.                     1
----------------------------------------------------------
 Length   [L]        0.30000E+03  0.30000E+03
 W-volume [L]        0.10198E+03  0.10198E+03
 In-flow  [L/T]     -0.19296E+00 -0.19296E+00
 h Mean   [L]       -0.67013E+02 -0.67013E+02
 ConcVol  [M/L2] 1   0.90110E-01  0.90110E-01
 cMean    [M/L3] 1   0.88370E-03  0.88370E-03
 SorbVolIm[M/L2] 1   0.46128E+02  0.46128E+02
 sMeanIm  [-]    1   0.10604E+00  0.10604E+00
 Top Flux [L/T]     -0.20330E-01
 Bot Flux [L/T]     -0.12766E+00
 WatBalT  [L]        0.30518E-04
 WatBalR  [%]              0.002
 CncBalT  [M]    1   0.26703E-04
 CncBalR  [%]    1         2.391
----------------------------------------------------------
 
 Calculation time [sec]  0.000000000000000E+000
