 ******* Program HYDRUS
 ******* 
 Welcome to HYDRUS-1D                                                    
 Date:  29. 3.2022    Time:  17:26:13
 Units: L = cm   , T = days , M = mg   


 Time:        0.0000


 Node      Depth      Head Moisture       K          C         Flux        Sink         Kappa   v/KsTop   Temp   Conc(1..NS) Sorb(1...NS)
           [L]        [L]    [-]        [L/T]      [1/L]      [L/T]        [1/T]         [-]      [-]      [C]      [M/L*3]

   1     0.0000    -213.888 0.2816   0.1088E+01  0.3647E-03  0.3796E-01  0.0000E+00      -1   0.873E-03   20.00  0.1031E-02  0.1237E+00
   2    -3.0000    -210.785 0.2827   0.1124E+01  0.3685E-03  0.3534E-01  0.0000E+00      -1   0.813E-03   20.00  0.1041E-02  0.1250E+00
   3    -6.0000    -207.699 0.2838   0.1159E+01  0.3722E-03  0.2989E-01  0.0000E+00      -1   0.688E-03   20.00  0.1052E-02  0.1262E+00
   4    -9.0000    -204.630 0.2849   0.1194E+01  0.3760E-03  0.2525E-01  0.1445E-02      -1   0.581E-03   20.00  0.1052E-02  0.1262E+00
   5   -12.0000    -201.572 0.2860   0.1230E+01  0.3797E-03  0.2170E-01  0.1446E-02      -1   0.499E-03   20.00  0.1044E-02  0.1253E+00
   6   -15.0000    -198.524 0.2871   0.1265E+01  0.3834E-03  0.1746E-01  0.1447E-02      -1   0.402E-03   20.00  0.1025E-02  0.1230E+00
   7   -18.0000    -195.489 0.2882   0.1300E+01  0.3870E-03  0.1231E-01  0.1448E-02      -1   0.283E-03   20.00  0.9941E-03  0.1193E+00
   8   -21.0000    -192.467 0.2893   0.1335E+01  0.3907E-03  0.6649E-02  0.1328E-02      -1   0.153E-03   20.00  0.9560E-03  0.1147E+00
   9   -24.0000    -189.459 0.2905   0.1394E+01  0.3945E-03 -0.7995E-03  0.1208E-02      -1  -0.184E-04   20.00  0.9235E-03  0.1108E+00
  10   -27.0000    -186.470 0.2917   0.1461E+01  0.3984E-03 -0.9837E-02  0.1088E-02      -1  -0.226E-03   20.00  0.9027E-03  0.1083E+00
  11   -30.0000    -183.499 0.2930   0.1527E+01  0.4023E-03 -0.1996E-01  0.9679E-03      -1  -0.459E-03   20.00  0.8917E-03  0.1070E+00
  12   -33.0000    -180.548 0.2942   0.1593E+01  0.4061E-03 -0.3090E-01  0.8474E-03      -1  -0.711E-03   20.00  0.8852E-03  0.1062E+00
  13   -36.0000    -177.615 0.2954   0.1658E+01  0.4100E-03 -0.4239E-01  0.7268E-03      -1  -0.975E-03   20.00  0.8841E-03  0.1061E+00
  14   -39.0000    -174.701 0.2967   0.1723E+01  0.4138E-03 -0.5466E-01  0.6060E-03      -1  -0.126E-02   20.00  0.8834E-03  0.1060E+00
  15   -42.0000    -171.805 0.2979   0.1788E+01  0.4175E-03 -0.6804E-01  0.4850E-03      -1  -0.157E-02   20.00  0.8833E-03  0.1060E+00
  16   -45.0000    -168.929 0.2991   0.1852E+01  0.4213E-03 -0.8219E-01  0.3639E-03      -1  -0.189E-02   20.00  0.8833E-03  0.1060E+00
  17   -48.0000    -166.071 0.3003   0.1915E+01  0.4250E-03 -0.9650E-01  0.2427E-03      -1  -0.222E-02   20.00  0.8833E-03  0.1060E+00
  18   -51.0000    -163.231 0.3014   0.1979E+01  0.4287E-03 -0.1116E+00  0.1214E-03      -1  -0.257E-02   20.00  0.8833E-03  0.1060E+00
  19   -54.0000    -160.409 0.3026   0.2042E+01  0.4323E-03 -0.1270E+00  0.0000E+00      -1  -0.292E-02   20.00  0.8833E-03  0.1060E+00
  20   -57.0000    -157.604 0.3038   0.2104E+01  0.4360E-03 -0.1428E+00  0.0000E+00      -1  -0.329E-02   20.00  0.8833E-03  0.1060E+00
  21   -60.0000    -154.816 0.3050   0.2166E+01  0.4396E-03 -0.1582E+00  0.0000E+00      -1  -0.364E-02   20.00  0.8833E-03  0.1060E+00
  22   -63.0000    -152.042 0.3061   0.2228E+01  0.4432E-03 -0.1744E+00  0.0000E+00      -1  -0.401E-02   20.00  0.8833E-03  0.1060E+00
  23   -66.0000    -149.283 0.3074   0.2337E+01  0.4464E-03 -0.1917E+00  0.0000E+00      -1  -0.441E-02   20.00  0.8833E-03  0.1060E+00
  24   -69.0000    -146.534 0.3087   0.2447E+01  0.4496E-03 -0.2084E+00  0.0000E+00      -1  -0.480E-02   20.00  0.8833E-03  0.1060E+00
  25   -72.0000    -143.794 0.3099   0.2556E+01  0.4528E-03 -0.2245E+00  0.0000E+00      -1  -0.517E-02   20.00  0.8833E-03  0.1060E+00
  26   -75.0000    -141.061 0.3112   0.2665E+01  0.4559E-03 -0.2408E+00  0.0000E+00      -1  -0.554E-02   20.00  0.8833E-03  0.1060E+00
  27   -78.0000    -138.336 0.3124   0.2773E+01  0.4591E-03 -0.2570E+00  0.0000E+00      -1  -0.591E-02   20.00  0.8833E-03  0.1060E+00
  28   -81.0000    -135.617 0.3137   0.2882E+01  0.4622E-03 -0.2724E+00  0.0000E+00      -1  -0.627E-02   20.00  0.8833E-03  0.1060E+00
  29   -84.0000    -132.903 0.3150   0.2990E+01  0.4654E-03 -0.2871E+00  0.0000E+00      -1  -0.660E-02   20.00  0.8833E-03  0.1060E+00
  30   -87.0000    -130.193 0.3162   0.3098E+01  0.4685E-03 -0.3016E+00  0.0000E+00      -1  -0.694E-02   20.00  0.8833E-03  0.1060E+00
  31   -90.0000    -127.487 0.3175   0.3206E+01  0.4716E-03 -0.3158E+00  0.0000E+00      -1  -0.727E-02   20.00  0.8833E-03  0.1060E+00
  32   -93.0000    -124.784 0.3187   0.3313E+01  0.4748E-03 -0.3297E+00  0.0000E+00      -1  -0.759E-02   20.00  0.8833E-03  0.1060E+00
  33   -96.0000    -122.084 0.3200   0.3421E+01  0.4779E-03 -0.3428E+00  0.0000E+00      -1  -0.789E-02   20.00  0.8833E-03  0.1060E+00
  34   -99.0000    -119.384 0.3212   0.3556E+01  0.4805E-03 -0.3561E+00  0.0000E+00      -1  -0.819E-02   20.00  0.8833E-03  0.1060E+00
  35  -102.0000    -116.683 0.3226   0.3735E+01  0.4825E-03 -0.3697E+00  0.0000E+00      -1  -0.851E-02   20.00  0.8833E-03  0.1060E+00
  36  -105.0000    -113.978 0.3239   0.3913E+01  0.4844E-03 -0.3821E+00  0.0000E+00      -1  -0.879E-02   20.00  0.8833E-03  0.1060E+00
  37  -108.0000    -111.269 0.3252   0.4092E+01  0.4863E-03 -0.3941E+00  0.0000E+00      -1  -0.907E-02   20.00  0.8833E-03  0.1060E+00
  38  -111.0000    -108.556 0.3265   0.4271E+01  0.4882E-03 -0.4057E+00  0.0000E+00      -1  -0.933E-02   20.00  0.8833E-03  0.1060E+00
  39  -114.0000    -105.839 0.3279   0.4450E+01  0.4902E-03 -0.4168E+00  0.0000E+00      -1  -0.959E-02   20.00  0.8833E-03  0.1060E+00
  40  -117.0000    -103.118 0.3292   0.4630E+01  0.4921E-03 -0.4274E+00  0.0000E+00      -1  -0.983E-02   20.00  0.8833E-03  0.1060E+00
  41  -120.0000    -100.393 0.3305   0.4809E+01  0.4940E-03 -0.4376E+00  0.0000E+00      -1  -0.101E-01   20.00  0.8833E-03  0.1060E+00
  42  -123.0000     -97.664 0.3319   0.4989E+01  0.4960E-03 -0.4478E+00  0.0000E+00      -1  -0.103E-01   20.00  0.8833E-03  0.1060E+00
  43  -126.0000     -94.931 0.3332   0.5188E+01  0.4975E-03 -0.4573E+00  0.0000E+00      -1  -0.105E-01   20.00  0.8833E-03  0.1060E+00
  44  -129.0000     -92.191 0.3346   0.5467E+01  0.4974E-03 -0.4663E+00  0.0000E+00      -1  -0.107E-01   20.00  0.8833E-03  0.1060E+00
  45  -132.0000     -89.443 0.3360   0.5746E+01  0.4972E-03 -0.4748E+00  0.0000E+00      -1  -0.109E-01   20.00  0.8833E-03  0.1060E+00
  46  -135.0000     -86.687 0.3373   0.6026E+01  0.4971E-03 -0.4840E+00  0.0000E+00      -1  -0.111E-01   20.00  0.8833E-03  0.1060E+00
  47  -138.0000     -83.925 0.3387   0.6307E+01  0.4970E-03 -0.4918E+00  0.0000E+00      -1  -0.113E-01   20.00  0.8833E-03  0.1060E+00
  48  -141.0000     -81.155 0.3401   0.6588E+01  0.4969E-03 -0.4984E+00  0.0000E+00      -1  -0.115E-01   20.00  0.8833E-03  0.1060E+00
  49  -144.0000     -78.379 0.3415   0.6870E+01  0.4967E-03 -0.5060E+00  0.0000E+00      -1  -0.116E-01   20.00  0.8833E-03  0.1060E+00
  50  -147.0000     -75.597 0.3429   0.7155E+01  0.4966E-03 -0.5136E+00  0.0000E+00      -1  -0.118E-01   20.00  0.8833E-03  0.1060E+00
  51  -150.0000     -72.808 0.3442   0.7564E+01  0.4936E-03 -0.5191E+00  0.0000E+00      -1  -0.119E-01   20.00  0.8833E-03  0.1060E+00
  52  -153.0000     -70.009 0.3456   0.7975E+01  0.4907E-03 -0.5248E+00  0.0000E+00      -1  -0.121E-01   20.00  0.8833E-03  0.1060E+00
  53  -156.0000     -67.203 0.3470   0.8387E+01  0.4877E-03 -0.5323E+00  0.0000E+00      -1  -0.122E-01   20.00  0.8833E-03  0.1060E+00
  54  -159.0000     -64.390 0.3483   0.8800E+01  0.4847E-03 -0.5365E+00  0.0000E+00      -1  -0.123E-01   20.00  0.8833E-03  0.1060E+00
  55  -162.0000     -61.569 0.3497   0.9213E+01  0.4818E-03 -0.5413E+00  0.0000E+00      -1  -0.125E-01   20.00  0.8833E-03  0.1060E+00
  56  -165.0000     -58.742 0.3511   0.9693E+01  0.4773E-03 -0.5470E+00  0.0000E+00      -1  -0.126E-01   20.00  0.8833E-03  0.1060E+00
  57  -168.0000     -55.907 0.3524   0.1026E+02  0.4710E-03 -0.5504E+00  0.0000E+00      -1  -0.127E-01   20.00  0.8833E-03  0.1060E+00
  58  -171.0000     -53.064 0.3537   0.1083E+02  0.4646E-03 -0.5558E+00  0.0000E+00      -1  -0.128E-01   20.00  0.8833E-03  0.1060E+00
  59  -174.0000     -50.215 0.3551   0.1140E+02  0.4583E-03 -0.5605E+00  0.0000E+00      -1  -0.129E-01   20.00  0.8833E-03  0.1060E+00
  60  -177.0000     -47.359 0.3564   0.1199E+02  0.4517E-03 -0.5629E+00  0.0000E+00      -1  -0.130E-01   20.00  0.8833E-03  0.1060E+00
  61  -180.0000     -44.496 0.3577   0.1274E+02  0.4416E-03 -0.5664E+00  0.0000E+00      -1  -0.130E-01   20.00  0.8833E-03  0.1060E+00
  62  -183.0000     -41.626 0.3589   0.1349E+02  0.4315E-03 -0.5684E+00  0.0000E+00      -1  -0.131E-01   20.00  0.8833E-03  0.1060E+00
  63  -186.0000     -38.749 0.3602   0.1424E+02  0.4214E-03 -0.5731E+00  0.0000E+00      -1  -0.132E-01   20.00  0.8833E-03  0.1060E+00
  64  -189.0000     -35.867 0.3613   0.1512E+02  0.4089E-03 -0.5748E+00  0.0000E+00      -1  -0.132E-01   20.00  0.8833E-03  0.1060E+00
  65  -192.0000     -32.977 0.3625   0.1608E+02  0.3950E-03 -0.5758E+00  0.0000E+00      -1  -0.132E-01   20.00  0.8833E-03  0.1060E+00
  66  -195.0000     -30.082 0.3637   0.1704E+02  0.3810E-03 -0.5804E+00  0.0000E+00      -1  -0.134E-01   20.00  0.8833E-03  0.1060E+00
  67  -198.0000     -27.181 0.3647   0.1820E+02  0.3634E-03 -0.5819E+00  0.0000E+00      -1  -0.134E-01   20.00  0.8833E-03  0.1060E+00
  68  -201.0000     -24.274 0.3658   0.1938E+02  0.3455E-03 -0.5854E+00  0.0000E+00      -1  -0.135E-01   20.00  0.8833E-03  0.1060E+00
  69  -204.0000     -21.362 0.3667   0.2074E+02  0.3245E-03 -0.5876E+00  0.0000E+00      -1  -0.135E-01   20.00  0.8833E-03  0.1060E+00
  70  -207.0000     -18.444 0.3677   0.2219E+02  0.3023E-03 -0.5852E+00  0.0000E+00      -1  -0.135E-01   20.00  0.8833E-03  0.1060E+00
  71  -210.0000     -15.520 0.3685   0.2387E+02  0.2765E-03 -0.5855E+00  0.0000E+00      -1  -0.135E-01   20.00  0.8833E-03  0.1060E+00
  72  -213.0000     -12.591 0.3693   0.2577E+02  0.2475E-03 -0.5893E+00  0.0000E+00      -1  -0.136E-01   20.00  0.8833E-03  0.1060E+00
  73  -216.0000      -9.657 0.3700   0.2796E+02  0.2146E-03 -0.5932E+00  0.0000E+00      -1  -0.136E-01   20.00  0.8833E-03  0.1060E+00
  74  -219.0000      -6.718 0.3705   0.3061E+02  0.1754E-03 -0.5937E+00  0.0000E+00      -1  -0.137E-01   20.00  0.8833E-03  0.1060E+00
  75  -222.0000      -3.773 0.3710   0.3398E+02  0.1270E-03 -0.5894E+00  0.0000E+00      -1  -0.136E-01   20.00  0.8833E-03  0.1060E+00
  76  -225.0000      -0.821 0.3713   0.3936E+02  0.5322E-04 -0.5901E+00  0.0000E+00      -1  -0.136E-01   20.00  0.8833E-03  0.1060E+00
  77  -228.0000       2.136 0.3713   0.4346E+02  0.0000E+00 -0.5938E+00  0.0000E+00      -1  -0.137E-01   20.00  0.8833E-03  0.1060E+00
  78  -231.0000       5.095 0.3713   0.4346E+02  0.0000E+00 -0.5940E+00  0.0000E+00      -1  -0.137E-01   20.00  0.8833E-03  0.1060E+00
  79  -234.0000       8.054 0.3713   0.4346E+02  0.0000E+00 -0.5867E+00  0.0000E+00      -1  -0.135E-01   20.00  0.8833E-03  0.1060E+00
  80  -237.0000      11.014 0.3713   0.4346E+02  0.0000E+00 -0.5867E+00  0.0000E+00      -1  -0.135E-01   20.00  0.8833E-03  0.1060E+00
  81  -240.0000      13.973 0.3713   0.4346E+02  0.0000E+00 -0.5940E+00  0.0000E+00      -1  -0.137E-01   20.00  0.8833E-03  0.1060E+00
  82  -243.0000      16.932 0.3713   0.4346E+02  0.0000E+00 -0.5940E+00  0.0000E+00      -1  -0.137E-01   20.00  0.8833E-03  0.1060E+00
  83  -246.0000      19.891 0.3713   0.4346E+02  0.0000E+00 -0.5940E+00  0.0000E+00      -1  -0.137E-01   20.00  0.8833E-03  0.1060E+00
  84  -249.0000      22.850 0.3713   0.4346E+02  0.0000E+00 -0.5940E+00  0.0000E+00      -1  -0.137E-01   20.00  0.8833E-03  0.1060E+00
  85  -252.0000      25.809 0.3713   0.4346E+02  0.0000E+00 -0.5868E+00  0.0000E+00      -1  -0.135E-01   20.00  0.8833E-03  0.1060E+00
  86  -255.0000      28.769 0.3713   0.4346E+02  0.0000E+00 -0.5867E+00  0.0000E+00      -1  -0.135E-01   20.00  0.8833E-03  0.1060E+00
  87  -258.0000      31.728 0.3713   0.4346E+02  0.0000E+00 -0.5940E+00  0.0000E+00      -1  -0.137E-01   20.00  0.8833E-03  0.1060E+00
  88  -261.0000      34.687 0.3713   0.4346E+02  0.0000E+00 -0.5940E+00  0.0000E+00      -1  -0.137E-01   20.00  0.8833E-03  0.1060E+00
  89  -264.0000      37.646 0.3713   0.4346E+02  0.0000E+00 -0.5940E+00  0.0000E+00      -1  -0.137E-01   20.00  0.8833E-03  0.1060E+00
  90  -267.0000      40.605 0.3713   0.4346E+02  0.0000E+00 -0.5940E+00  0.0000E+00      -1  -0.137E-01   20.00  0.8833E-03  0.1060E+00
  91  -270.0000      43.564 0.3713   0.4346E+02  0.0000E+00 -0.5868E+00  0.0000E+00      -1  -0.135E-01   20.00  0.8833E-03  0.1060E+00
  92  -273.0000      46.524 0.3713   0.4346E+02  0.0000E+00 -0.5867E+00  0.0000E+00      -1  -0.135E-01   20.00  0.8833E-03  0.1060E+00
  93  -276.0000      49.483 0.3713   0.4346E+02  0.0000E+00 -0.5940E+00  0.0000E+00      -1  -0.137E-01   20.00  0.8833E-03  0.1060E+00
  94  -279.0000      52.442 0.3713   0.4346E+02  0.0000E+00 -0.5940E+00  0.0000E+00      -1  -0.137E-01   20.00  0.8833E-03  0.1060E+00
  95  -282.0000      55.401 0.3713   0.4346E+02  0.0000E+00 -0.5940E+00  0.0000E+00      -1  -0.137E-01   20.00  0.8833E-03  0.1060E+00
  96  -285.0000      58.360 0.3713   0.4346E+02  0.0000E+00 -0.5940E+00  0.0000E+00      -1  -0.137E-01   20.00  0.8833E-03  0.1060E+00
  97  -288.0000      61.319 0.3713   0.4346E+02  0.0000E+00 -0.5868E+00  0.0000E+00      -1  -0.135E-01   20.00  0.8833E-03  0.1060E+00
  98  -291.0000      64.279 0.3713   0.4346E+02  0.0000E+00 -0.5868E+00  0.0000E+00      -1  -0.135E-01   20.00  0.8832E-03  0.1060E+00
  99  -294.0000      67.238 0.3713   0.4346E+02  0.0000E+00 -0.5940E+00  0.0000E+00      -1  -0.137E-01   20.00  0.8825E-03  0.1059E+00
 100  -297.0000      70.197 0.3713   0.4346E+02  0.0000E+00 -0.5940E+00  0.0000E+00      -1  -0.137E-01   20.00  0.8816E-03  0.1058E+00
 101  -300.0000      73.156 0.3713   0.4346E+02  0.0000E+00 -0.5940E+00  0.0000E+00      -1  -0.137E-01   20.00  0.8816E-03  0.1057E+00
end


 Time:        1.0000


 Node      Depth      Head Moisture       K          C         Flux        Sink         Kappa   v/KsTop   Temp   Conc(1..NS) Sorb(1...NS)
           [L]        [L]    [-]        [L/T]      [1/L]      [L/T]        [1/T]         [-]      [-]      [C]      [M/L*3]

   1     0.0000    -233.573 0.2746   0.8618E+00  0.3410E-03  0.5416E-01  0.0000E+00      -1   0.125E-02   20.00  0.1033E-02  0.1239E+00
   2    -3.0000    -230.366 0.2757   0.8968E+00  0.3447E-03  0.6618E-01  0.0000E+00      -1   0.152E-02   20.00  0.1041E-02  0.1250E+00
   3    -6.0000    -227.131 0.2768   0.9324E+00  0.3484E-03  0.7661E-01  0.0000E+00      -1   0.176E-02   20.00  0.1052E-02  0.1262E+00
   4    -9.0000    -223.873 0.2779   0.9686E+00  0.3522E-03  0.8807E-01  0.1438E-02      -1   0.203E-02   20.00  0.1052E-02  0.1262E+00
   5   -12.0000    -220.586 0.2791   0.1005E+01  0.3561E-03  0.1007E+00  0.1439E-02      -1   0.232E-02   20.00  0.1044E-02  0.1253E+00
   6   -15.0000    -217.273 0.2802   0.1043E+01  0.3600E-03  0.1123E+00  0.1441E-02      -1   0.258E-02   20.00  0.1025E-02  0.1230E+00
   7   -18.0000    -213.940 0.2814   0.1081E+01  0.3640E-03  0.1226E+00  0.1442E-02      -1   0.282E-02   20.00  0.9939E-03  0.1193E+00
   8   -21.0000    -210.593 0.2826   0.1119E+01  0.3680E-03  0.1315E+00  0.1323E-02      -1   0.302E-02   20.00  0.9560E-03  0.1147E+00
   9   -24.0000    -207.236 0.2838   0.1158E+01  0.3721E-03  0.1386E+00  0.1204E-02      -1   0.319E-02   20.00  0.9237E-03  0.1108E+00
  10   -27.0000    -203.874 0.2850   0.1196E+01  0.3762E-03  0.1440E+00  0.1084E-02      -1   0.331E-02   20.00  0.9028E-03  0.1083E+00
  11   -30.0000    -200.514 0.2863   0.1235E+01  0.3803E-03  0.1476E+00  0.9644E-03      -1   0.340E-02   20.00  0.8917E-03  0.1070E+00
  12   -33.0000    -197.158 0.2875   0.1274E+01  0.3843E-03  0.1495E+00  0.8445E-03      -1   0.344E-02   20.00  0.8852E-03  0.1062E+00
  13   -36.0000    -193.810 0.2887   0.1313E+01  0.3884E-03  0.1497E+00  0.7244E-03      -1   0.344E-02   20.00  0.8841E-03  0.1061E+00
  14   -39.0000    -190.475 0.2899   0.1361E+01  0.3926E-03  0.1480E+00  0.6041E-03      -1   0.340E-02   20.00  0.8834E-03  0.1060E+00
  15   -42.0000    -187.160 0.2913   0.1436E+01  0.3970E-03  0.1444E+00  0.4836E-03      -1   0.332E-02   20.00  0.8833E-03  0.1060E+00
  16   -45.0000    -183.870 0.2927   0.1510E+01  0.4013E-03  0.1394E+00  0.3630E-03      -1   0.321E-02   20.00  0.8833E-03  0.1060E+00
  17   -48.0000    -180.606 0.2941   0.1583E+01  0.4056E-03  0.1330E+00  0.2421E-03      -1   0.306E-02   20.00  0.8833E-03  0.1060E+00
  18   -51.0000    -177.366 0.2955   0.1656E+01  0.4098E-03  0.1254E+00  0.1211E-03      -1   0.288E-02   20.00  0.8833E-03  0.1060E+00
  19   -54.0000    -174.151 0.2968   0.1728E+01  0.4141E-03  0.1167E+00  0.0000E+00      -1   0.269E-02   20.00  0.8833E-03  0.1060E+00
  20   -57.0000    -170.960 0.2981   0.1800E+01  0.4182E-03  0.1073E+00  0.0000E+00      -1   0.247E-02   20.00  0.8833E-03  0.1060E+00
  21   -60.0000    -167.793 0.2995   0.1871E+01  0.4224E-03  0.9757E-01  0.0000E+00      -1   0.225E-02   20.00  0.8833E-03  0.1060E+00
  22   -63.0000    -164.647 0.3008   0.1942E+01  0.4265E-03  0.8753E-01  0.0000E+00      -1   0.201E-02   20.00  0.8833E-03  0.1060E+00
  23   -66.0000    -161.522 0.3021   0.2012E+01  0.4306E-03  0.7732E-01  0.0000E+00      -1   0.178E-02   20.00  0.8833E-03  0.1060E+00
  24   -69.0000    -158.416 0.3034   0.2081E+01  0.4347E-03  0.6702E-01  0.0000E+00      -1   0.154E-02   20.00  0.8833E-03  0.1060E+00
  25   -72.0000    -155.328 0.3047   0.2150E+01  0.4387E-03  0.5670E-01  0.0000E+00      -1   0.130E-02   20.00  0.8833E-03  0.1060E+00
  26   -75.0000    -152.257 0.3060   0.2219E+01  0.4427E-03  0.4601E-01  0.0000E+00      -1   0.106E-02   20.00  0.8833E-03  0.1060E+00
  27   -78.0000    -149.204 0.3074   0.2334E+01  0.4463E-03  0.3488E-01  0.0000E+00      -1   0.802E-03   20.00  0.8833E-03  0.1060E+00
  28   -81.0000    -146.167 0.3088   0.2455E+01  0.4499E-03  0.2376E-01  0.0000E+00      -1   0.547E-03   20.00  0.8833E-03  0.1060E+00
  29   -84.0000    -143.146 0.3102   0.2576E+01  0.4534E-03  0.1284E-01  0.0000E+00      -1   0.295E-03   20.00  0.8833E-03  0.1060E+00
  30   -87.0000    -140.137 0.3116   0.2696E+01  0.4569E-03  0.2144E-02  0.0000E+00      -1   0.493E-04   20.00  0.8833E-03  0.1060E+00
  31   -90.0000    -137.141 0.3130   0.2816E+01  0.4603E-03 -0.8291E-02  0.0000E+00      -1  -0.191E-03   20.00  0.8833E-03  0.1060E+00
  32   -93.0000    -134.155 0.3144   0.2935E+01  0.4638E-03 -0.1846E-01  0.0000E+00      -1  -0.425E-03   20.00  0.8833E-03  0.1060E+00
  33   -96.0000    -131.178 0.3157   0.3054E+01  0.4673E-03 -0.2834E-01  0.0000E+00      -1  -0.652E-03   20.00  0.8833E-03  0.1060E+00
  34   -99.0000    -128.210 0.3171   0.3173E+01  0.4707E-03 -0.3793E-01  0.0000E+00      -1  -0.873E-03   20.00  0.8833E-03  0.1060E+00
  35  -102.0000    -125.250 0.3185   0.3291E+01  0.4741E-03 -0.4720E-01  0.0000E+00      -1  -0.109E-02   20.00  0.8833E-03  0.1060E+00
  36  -105.0000    -122.296 0.3198   0.3409E+01  0.4775E-03 -0.5617E-01  0.0000E+00      -1  -0.129E-02   20.00  0.8833E-03  0.1060E+00
  37  -108.0000    -119.348 0.3212   0.3554E+01  0.4805E-03 -0.6506E-01  0.0000E+00      -1  -0.150E-02   20.00  0.8833E-03  0.1060E+00
  38  -111.0000    -116.405 0.3227   0.3748E+01  0.4826E-03 -0.7388E-01  0.0000E+00      -1  -0.170E-02   20.00  0.8833E-03  0.1060E+00
  39  -114.0000    -113.466 0.3241   0.3942E+01  0.4847E-03 -0.8237E-01  0.0000E+00      -1  -0.190E-02   20.00  0.8833E-03  0.1060E+00
  40  -117.0000    -110.531 0.3256   0.4136E+01  0.4868E-03 -0.9053E-01  0.0000E+00      -1  -0.208E-02   20.00  0.8833E-03  0.1060E+00
  41  -120.0000    -107.598 0.3270   0.4330E+01  0.4889E-03 -0.9835E-01  0.0000E+00      -1  -0.226E-02   20.00  0.8833E-03  0.1060E+00
  42  -123.0000    -104.667 0.3284   0.4524E+01  0.4909E-03 -0.1059E+00  0.0000E+00      -1  -0.244E-02   20.00  0.8833E-03  0.1060E+00
  43  -126.0000    -101.738 0.3299   0.4717E+01  0.4930E-03 -0.1131E+00  0.0000E+00      -1  -0.260E-02   20.00  0.8833E-03  0.1060E+00
  44  -129.0000     -98.811 0.3313   0.4910E+01  0.4951E-03 -0.1199E+00  0.0000E+00      -1  -0.276E-02   20.00  0.8833E-03  0.1060E+00
  45  -132.0000     -95.884 0.3327   0.5104E+01  0.4972E-03 -0.1265E+00  0.0000E+00      -1  -0.291E-02   20.00  0.8833E-03  0.1060E+00
  46  -135.0000     -92.959 0.3342   0.5384E+01  0.4974E-03 -0.1329E+00  0.0000E+00      -1  -0.306E-02   20.00  0.8833E-03  0.1060E+00
  47  -138.0000     -90.032 0.3357   0.5682E+01  0.4973E-03 -0.1390E+00  0.0000E+00      -1  -0.320E-02   20.00  0.8833E-03  0.1060E+00
  48  -141.0000     -87.105 0.3371   0.5980E+01  0.4971E-03 -0.1447E+00  0.0000E+00      -1  -0.333E-02   20.00  0.8833E-03  0.1060E+00
  49  -144.0000     -84.178 0.3386   0.6277E+01  0.4970E-03 -0.1503E+00  0.0000E+00      -1  -0.346E-02   20.00  0.8833E-03  0.1060E+00
  50  -147.0000     -81.249 0.3400   0.6575E+01  0.4969E-03 -0.1555E+00  0.0000E+00      -1  -0.358E-02   20.00  0.8833E-03  0.1060E+00
  51  -150.0000     -78.320 0.3415   0.6873E+01  0.4967E-03 -0.1605E+00  0.0000E+00      -1  -0.369E-02   20.00  0.8833E-03  0.1060E+00
  52  -153.0000     -75.389 0.3430   0.7181E+01  0.4964E-03 -0.1652E+00  0.0000E+00      -1  -0.380E-02   20.00  0.8833E-03  0.1060E+00
  53  -156.0000     -72.457 0.3444   0.7612E+01  0.4933E-03 -0.1696E+00  0.0000E+00      -1  -0.390E-02   20.00  0.8833E-03  0.1060E+00
  54  -159.0000     -69.523 0.3458   0.8042E+01  0.4902E-03 -0.1738E+00  0.0000E+00      -1  -0.400E-02   20.00  0.8833E-03  0.1060E+00
  55  -162.0000     -66.587 0.3473   0.8473E+01  0.4871E-03 -0.1778E+00  0.0000E+00      -1  -0.409E-02   20.00  0.8833E-03  0.1060E+00
  56  -165.0000     -63.649 0.3487   0.8905E+01  0.4840E-03 -0.1815E+00  0.0000E+00      -1  -0.418E-02   20.00  0.8833E-03  0.1060E+00
  57  -168.0000     -60.709 0.3501   0.9336E+01  0.4809E-03 -0.1851E+00  0.0000E+00      -1  -0.426E-02   20.00  0.8833E-03  0.1060E+00
  58  -171.0000     -57.768 0.3515   0.9884E+01  0.4752E-03 -0.1884E+00  0.0000E+00      -1  -0.433E-02   20.00  0.8833E-03  0.1060E+00
  59  -174.0000     -54.824 0.3529   0.1048E+02  0.4686E-03 -0.1914E+00  0.0000E+00      -1  -0.440E-02   20.00  0.8833E-03  0.1060E+00
  60  -177.0000     -51.877 0.3543   0.1107E+02  0.4620E-03 -0.1943E+00  0.0000E+00      -1  -0.447E-02   20.00  0.8833E-03  0.1060E+00
  61  -180.0000     -48.929 0.3557   0.1166E+02  0.4554E-03 -0.1970E+00  0.0000E+00      -1  -0.453E-02   20.00  0.8833E-03  0.1060E+00
  62  -183.0000     -45.979 0.3570   0.1234E+02  0.4469E-03 -0.1995E+00  0.0000E+00      -1  -0.459E-02   20.00  0.8833E-03  0.1060E+00
  63  -186.0000     -43.026 0.3583   0.1312E+02  0.4365E-03 -0.2017E+00  0.0000E+00      -1  -0.464E-02   20.00  0.8833E-03  0.1060E+00
  64  -189.0000     -40.071 0.3596   0.1389E+02  0.4261E-03 -0.2039E+00  0.0000E+00      -1  -0.469E-02   20.00  0.8833E-03  0.1060E+00
  65  -192.0000     -37.114 0.3608   0.1471E+02  0.4150E-03 -0.2058E+00  0.0000E+00      -1  -0.473E-02   20.00  0.8833E-03  0.1060E+00
  66  -195.0000     -34.155 0.3620   0.1569E+02  0.4007E-03 -0.2075E+00  0.0000E+00      -1  -0.477E-02   20.00  0.8833E-03  0.1060E+00
  67  -198.0000     -31.193 0.3632   0.1667E+02  0.3864E-03 -0.2091E+00  0.0000E+00      -1  -0.481E-02   20.00  0.8833E-03  0.1060E+00
  68  -201.0000     -28.230 0.3643   0.1777E+02  0.3700E-03 -0.2106E+00  0.0000E+00      -1  -0.485E-02   20.00  0.8833E-03  0.1060E+00
  69  -204.0000     -25.264 0.3654   0.1897E+02  0.3517E-03 -0.2119E+00  0.0000E+00      -1  -0.488E-02   20.00  0.8833E-03  0.1060E+00
  70  -207.0000     -22.297 0.3664   0.2028E+02  0.3316E-03 -0.2131E+00  0.0000E+00      -1  -0.490E-02   20.00  0.8833E-03  0.1060E+00
  71  -210.0000     -19.327 0.3674   0.2173E+02  0.3094E-03 -0.2141E+00  0.0000E+00      -1  -0.493E-02   20.00  0.8833E-03  0.1060E+00
  72  -213.0000     -16.356 0.3683   0.2339E+02  0.2839E-03 -0.2150E+00  0.0000E+00      -1  -0.495E-02   20.00  0.8833E-03  0.1060E+00
  73  -216.0000     -13.382 0.3691   0.2524E+02  0.2557E-03 -0.2158E+00  0.0000E+00      -1  -0.497E-02   20.00  0.8833E-03  0.1060E+00
  74  -219.0000     -10.407 0.3698   0.2737E+02  0.2234E-03 -0.2165E+00  0.0000E+00      -1  -0.498E-02   20.00  0.8833E-03  0.1060E+00
  75  -222.0000      -7.430 0.3704   0.2989E+02  0.1859E-03 -0.2170E+00  0.0000E+00      -1  -0.499E-02   20.00  0.8833E-03  0.1060E+00
  76  -225.0000      -4.451 0.3709   0.3310E+02  0.1395E-03 -0.2174E+00  0.0000E+00      -1  -0.500E-02   20.00  0.8833E-03  0.1060E+00
  77  -228.0000      -1.469 0.3712   0.3777E+02  0.7448E-04 -0.2176E+00  0.0000E+00      -1  -0.501E-02   20.00  0.8833E-03  0.1060E+00
  78  -231.0000       1.515 0.3713   0.4346E+02  0.0000E+00 -0.2177E+00  0.0000E+00      -1  -0.501E-02   20.00  0.8833E-03  0.1060E+00
  79  -234.0000       4.500 0.3713   0.4346E+02  0.0000E+00 -0.2177E+00  0.0000E+00      -1  -0.501E-02   20.00  0.8833E-03  0.1060E+00
  80  -237.0000       7.485 0.3713   0.4346E+02  0.0000E+00 -0.2177E+00  0.0000E+00      -1  -0.501E-02   20.00  0.8833E-03  0.1060E+00
  81  -240.0000      10.470 0.3713   0.4346E+02  0.0000E+00 -0.2177E+00  0.0000E+00      -1  -0.501E-02   20.00  0.8833E-03  0.1060E+00
  82  -243.0000      13.455 0.3713   0.4346E+02  0.0000E+00 -0.2177E+00  0.0000E+00      -1  -0.501E-02   20.00  0.8833E-03  0.1060E+00
  83  -246.0000      16.440 0.3713   0.4346E+02  0.0000E+00 -0.2177E+00  0.0000E+00      -1  -0.501E-02   20.00  0.8833E-03  0.1060E+00
  84  -249.0000      19.425 0.3713   0.4346E+02  0.0000E+00 -0.2177E+00  0.0000E+00      -1  -0.501E-02   20.00  0.8833E-03  0.1060E+00
  85  -252.0000      22.410 0.3713   0.4346E+02  0.0000E+00 -0.2177E+00  0.0000E+00      -1  -0.501E-02   20.00  0.8833E-03  0.1060E+00
  86  -255.0000      25.395 0.3713   0.4346E+02  0.0000E+00 -0.2177E+00  0.0000E+00      -1  -0.501E-02   20.00  0.8833E-03  0.1060E+00
  87  -258.0000      28.380 0.3713   0.4346E+02  0.0000E+00 -0.2177E+00  0.0000E+00      -1  -0.501E-02   20.00  0.8833E-03  0.1060E+00
  88  -261.0000      31.365 0.3713   0.4346E+02  0.0000E+00 -0.2177E+00  0.0000E+00      -1  -0.501E-02   20.00  0.8833E-03  0.1060E+00
  89  -264.0000      34.350 0.3713   0.4346E+02  0.0000E+00 -0.2177E+00  0.0000E+00      -1  -0.501E-02   20.00  0.8833E-03  0.1060E+00
  90  -267.0000      37.335 0.3713   0.4346E+02  0.0000E+00 -0.2177E+00  0.0000E+00      -1  -0.501E-02   20.00  0.8833E-03  0.1060E+00
  91  -270.0000      40.320 0.3713   0.4346E+02  0.0000E+00 -0.2177E+00  0.0000E+00      -1  -0.501E-02   20.00  0.8833E-03  0.1060E+00
  92  -273.0000      43.305 0.3713   0.4346E+02  0.0000E+00 -0.2177E+00  0.0000E+00      -1  -0.501E-02   20.00  0.8833E-03  0.1060E+00
  93  -276.0000      46.290 0.3713   0.4346E+02  0.0000E+00 -0.2177E+00  0.0000E+00      -1  -0.501E-02   20.00  0.8833E-03  0.1060E+00
  94  -279.0000      49.275 0.3713   0.4346E+02  0.0000E+00 -0.2177E+00  0.0000E+00      -1  -0.501E-02   20.00  0.8833E-03  0.1060E+00
  95  -282.0000      52.260 0.3713   0.4346E+02  0.0000E+00 -0.2177E+00  0.0000E+00      -1  -0.501E-02   20.00  0.8833E-03  0.1060E+00
  96  -285.0000      55.244 0.3713   0.4346E+02  0.0000E+00 -0.2177E+00  0.0000E+00      -1  -0.501E-02   20.00  0.8833E-03  0.1060E+00
  97  -288.0000      58.229 0.3713   0.4346E+02  0.0000E+00 -0.2177E+00  0.0000E+00      -1  -0.501E-02   20.00  0.8834E-03  0.1060E+00
  98  -291.0000      61.214 0.3713   0.4346E+02  0.0000E+00 -0.2177E+00  0.0000E+00      -1  -0.501E-02   20.00  0.8833E-03  0.1060E+00
  99  -294.0000      64.199 0.3713   0.4346E+02  0.0000E+00 -0.2176E+00  0.0000E+00      -1  -0.501E-02   20.00  0.8825E-03  0.1059E+00
 100  -297.0000      67.184 0.3713   0.4346E+02  0.0000E+00 -0.2177E+00  0.0000E+00      -1  -0.501E-02   20.00  0.8816E-03  0.1058E+00
 101  -300.0000      70.169 0.3713   0.4346E+02  0.0000E+00 -0.2177E+00  0.0000E+00      -1  -0.501E-02   20.00  0.8816E-03  0.1057E+00
end
