 All solute fluxes and cumulative solute fluxes are positive into the region

       Time         cvTop        cvBot      Sum(cvTop)   Sum(cvBot)     cvCh0        cvCh1         cTop        cRoot         cBot        cvRoot    Sum(cvRoot)  Sum(cvNEql) TLevel      cGWL        cRunOff   Sum(cRunOff)    (cv(i),    Sum(cv(i)), i=1,NObs)
        [T]        [M/L2/T]     [M/L2/T]      [M/L2]       [M/L2]       [M/L2]      [M/L2]        [M/L3]      [M/L3]        [M/L3]      [M/L2/T]      [M/L2]       [M/L2]              [M/L3]        [M/L2]      [M/L3]      [M/L2/T]      [M/L2]
        0.0100  0.00000E+00  0.00000E+00  0.00000E+00  0.00000E+00  0.00000E+00  0.00000E+00  0.96540E-03  0.90298E-03  0.87450E-03  0.81247E-04  0.81247E-06 -0.73380E-05       1  0.88310E-03  0.00000E+00  0.00000E+00  0.29072E-04  0.29072E-06  0.39561E-06  0.39561E-08  0.53486E-04  0.53486E-06
        0.0200  0.00000E+00  0.00000E+00  0.00000E+00  0.00000E+00  0.00000E+00  0.00000E+00  0.96527E-03  0.90299E-03  0.87286E-03  0.81247E-04  0.16249E-05 -0.12851E-04       2  0.88307E-03  0.00000E+00  0.00000E+00  0.21962E-04  0.51034E-06  0.27660E-06  0.67221E-08  0.52925E-04  0.10641E-05
        0.0330  0.00000E+00  0.00000E+00  0.00000E+00  0.00000E+00  0.00000E+00  0.00000E+00  0.96516E-03  0.90299E-03  0.87352E-03  0.81247E-04  0.26811E-05 -0.19379E-04       3  0.88309E-03  0.00000E+00  0.00000E+00  0.56332E-05  0.58357E-06 -0.83247E-07  0.56399E-08  0.52084E-04  0.17412E-05
        0.0499  0.00000E+00  0.00000E+00  0.00000E+00  0.00000E+00  0.00000E+00  0.00000E+00  0.96496E-03  0.90299E-03  0.87386E-03  0.81247E-04  0.40542E-05 -0.26820E-04       4  0.88309E-03  0.00000E+00  0.00000E+00 -0.60763E-05  0.48088E-06 -0.99894E-06 -0.11242E-07  0.50781E-04  0.25994E-05
        0.0719  0.00000E+00  0.00000E+00  0.00000E+00  0.00000E+00  0.00000E+00  0.00000E+00  0.96474E-03  0.90299E-03  0.87417E-03  0.81247E-04  0.58392E-05 -0.36261E-04       5  0.88310E-03  0.00000E+00  0.00000E+00 -0.27008E-04 -0.11248E-06 -0.32673E-05 -0.83025E-07  0.48072E-04  0.36555E-05
        0.1004  0.00000E+00  0.00000E+00  0.00000E+00  0.00000E+00  0.00000E+00  0.00000E+00  0.96436E-03  0.90299E-03  0.87442E-03  0.81247E-04  0.81597E-05 -0.49227E-04       6  0.88310E-03  0.00000E+00  0.00000E+00 -0.62885E-04 -0.19085E-05 -0.83738E-05 -0.32219E-06  0.41699E-04  0.48465E-05
        0.1376  0.00000E+00  0.00000E+00  0.00000E+00  0.00000E+00  0.00000E+00  0.00000E+00  0.96376E-03  0.90299E-03  0.87463E-03  0.81246E-04  0.11176E-04 -0.69306E-04       7  0.88311E-03  0.00000E+00  0.00000E+00 -0.12018E-03 -0.63706E-05 -0.85992E-04 -0.35150E-05  0.26140E-04  0.58171E-05
        0.1858  0.00000E+00  0.00000E+00  0.00000E+00  0.00000E+00  0.00000E+00  0.00000E+00  0.96288E-03  0.90298E-03  0.87480E-03  0.81246E-04  0.15098E-04 -0.10353E-03       8  0.88311E-03  0.00000E+00  0.00000E+00 -0.20428E-03 -0.16231E-04 -0.24159E-03 -0.15176E-04 -0.10463E-04  0.53120E-05
        0.2358  0.00000E+00  0.00000E+00  0.00000E+00  0.00000E+00  0.00000E+00  0.00000E+00  0.96200E-03  0.90298E-03  0.87492E-03  0.81246E-04  0.19160E-04 -0.14981E-03       9  0.88311E-03  0.00000E+00  0.00000E+00 -0.29345E-03 -0.30903E-04 -0.45173E-03 -0.37763E-04 -0.67205E-04  0.19518E-05
        0.2858  0.00000E+00  0.00000E+00  0.00000E+00  0.00000E+00  0.00000E+00  0.00000E+00  0.96128E-03  0.90298E-03  0.87502E-03  0.81246E-04  0.23222E-04 -0.20607E-03      10  0.88311E-03  0.00000E+00  0.00000E+00 -0.36868E-03 -0.49337E-04 -0.68678E-03 -0.72101E-04 -0.14087E-03 -0.50916E-05
        0.3358  0.00000E+00  0.00000E+00  0.00000E+00  0.00000E+00  0.00000E+00  0.00000E+00  0.96071E-03  0.90298E-03  0.87510E-03  0.81246E-04  0.27285E-04 -0.26620E-03      11  0.88311E-03  0.00000E+00  0.00000E+00 -0.42218E-03 -0.70446E-04 -0.92260E-03 -0.11823E-03 -0.22021E-03 -0.16102E-04
        0.3858  0.00000E+00  0.00000E+00  0.00000E+00  0.00000E+00  0.00000E+00  0.00000E+00  0.96031E-03  0.90300E-03  0.87518E-03  0.81248E-04  0.31347E-04 -0.32342E-03      12  0.88311E-03  0.00000E+00  0.00000E+00 -0.46653E-03 -0.93772E-04 -0.11497E-02 -0.17572E-03 -0.29612E-03 -0.30908E-04
        0.4358  0.00000E+00  0.00000E+00  0.00000E+00  0.00000E+00  0.00000E+00  0.00000E+00  0.95997E-03  0.90303E-03  0.87527E-03  0.81250E-04  0.35410E-04 -0.37690E-03      13  0.88312E-03  0.00000E+00  0.00000E+00 -0.49427E-03 -0.11849E-03 -0.13470E-02 -0.24307E-03 -0.36706E-03 -0.49261E-04
        0.4858  0.00000E+00  0.00000E+00  0.00000E+00  0.00000E+00  0.00000E+00  0.00000E+00  0.95982E-03  0.90305E-03  0.87536E-03  0.81252E-04  0.39472E-04 -0.42640E-03      14  0.88312E-03  0.00000E+00  0.00000E+00 -0.50720E-03 -0.14385E-03 -0.14994E-02 -0.31803E-03 -0.42940E-03 -0.70731E-04
        0.5358  0.00000E+00  0.00000E+00  0.00000E+00  0.00000E+00  0.00000E+00  0.00000E+00  0.95975E-03  0.90306E-03  0.87546E-03  0.81254E-04  0.43535E-04 -0.47164E-03      15  0.88312E-03  0.00000E+00  0.00000E+00 -0.50116E-03 -0.16890E-03 -0.15946E-02 -0.39776E-03 -0.48070E-03 -0.94766E-04
        0.5858  0.00000E+00  0.00000E+00  0.00000E+00  0.00000E+00  0.00000E+00  0.00000E+00  0.95987E-03  0.90307E-03  0.87558E-03  0.81255E-04  0.47598E-04 -0.51290E-03      16  0.88312E-03  0.00000E+00  0.00000E+00 -0.47908E-03 -0.19286E-03 -0.16273E-02 -0.47913E-03 -0.51934E-03 -0.12073E-03
        0.6358  0.00000E+00  0.00000E+00  0.00000E+00  0.00000E+00  0.00000E+00  0.00000E+00  0.96008E-03  0.90307E-03  0.87570E-03  0.81255E-04  0.51660E-04 -0.55058E-03      17  0.88312E-03  0.00000E+00  0.00000E+00 -0.44035E-03 -0.21487E-03 -0.15981E-02 -0.55903E-03 -0.54417E-03 -0.14794E-03
        0.6858  0.00000E+00  0.00000E+00  0.00000E+00  0.00000E+00  0.00000E+00  0.00000E+00  0.96042E-03  0.90307E-03  0.87585E-03  0.81254E-04  0.55723E-04 -0.58543E-03      18  0.88312E-03  0.00000E+00  0.00000E+00 -0.38915E-03 -0.23433E-03 -0.15136E-02 -0.63471E-03 -0.55519E-03 -0.17570E-03
        0.7358  0.00000E+00  0.00000E+00  0.00000E+00  0.00000E+00  0.00000E+00  0.00000E+00  0.96083E-03  0.90305E-03  0.87603E-03  0.81253E-04  0.59786E-04 -0.61822E-03      19  0.88313E-03  0.00000E+00  0.00000E+00 -0.32813E-03 -0.25074E-03 -0.13861E-02 -0.70402E-03 -0.55502E-03 -0.20345E-03
        0.7858  0.00000E+00 -0.61283E-05  0.00000E+00 -0.30641E-06  0.00000E+00  0.00000E+00  0.96152E-03  0.90303E-03  0.88007E-03  0.81251E-04  0.63848E-04 -0.63700E-03      20  0.88317E-03  0.00000E+00  0.00000E+00 -0.24112E-03 -0.26279E-03 -0.12005E-02 -0.76404E-03 -0.53877E-03 -0.23039E-03
        0.8358  0.00000E+00 -0.25383E-04  0.00000E+00 -0.15756E-05  0.00000E+00  0.00000E+00  0.96223E-03  0.90302E-03  0.87983E-03  0.81249E-04  0.67911E-04 -0.63689E-03      21  0.88316E-03  0.00000E+00  0.00000E+00 -0.15378E-03 -0.27048E-03 -0.98825E-03 -0.81346E-03 -0.49467E-03 -0.25512E-03
        0.8858  0.00000E+00 -0.51937E-04  0.00000E+00 -0.41724E-05  0.00000E+00  0.00000E+00  0.96290E-03  0.90303E-03  0.88001E-03  0.81250E-04  0.71973E-04 -0.62780E-03      22  0.88316E-03  0.00000E+00  0.00000E+00 -0.75094E-04 -0.27424E-03 -0.77165E-03 -0.85204E-03 -0.43409E-03 -0.27683E-03
        0.9358  0.00000E+00 -0.78295E-04  0.00000E+00 -0.80872E-05  0.00000E+00  0.00000E+00  0.96342E-03  0.90301E-03  0.87991E-03  0.81249E-04  0.76036E-04 -0.61260E-03      23  0.88316E-03  0.00000E+00  0.00000E+00 -0.15896E-04 -0.27503E-03 -0.57782E-03 -0.88093E-03 -0.36684E-03 -0.29517E-03
        0.9679  0.00000E+00 -0.99304E-04  0.00000E+00 -0.11273E-04  0.00000E+00  0.00000E+00  0.96363E-03  0.90302E-03  0.87999E-03  0.81249E-04  0.78643E-04 -0.60159E-03      24  0.88316E-03  0.00000E+00  0.00000E+00  0.80690E-05 -0.27477E-03 -0.47006E-03 -0.89601E-03 -0.32417E-03 -0.30557E-03
        1.0000  0.00000E+00 -0.11487E-03  0.00000E+00 -0.14959E-04  0.00000E+00  0.00000E+00  0.96379E-03  0.90301E-03  0.87996E-03  0.81248E-04  0.81250E-04 -0.59052E-03      25  0.88316E-03  0.00000E+00  0.00000E+00  0.33186E-04 -0.27371E-03 -0.38598E-03 -0.90840E-03 -0.28478E-03 -0.31471E-03
end
