 All solute fluxes and cumulative solute fluxes are positive into the region

       Time         cvTop        cvBot      Sum(cvTop)   Sum(cvBot)     cvCh0        cvCh1         cTop        cRoot         cBot        cvRoot    Sum(cvRoot)  Sum(cvNEql) TLevel      cGWL        cRunOff   Sum(cRunOff)    (cv(i),    Sum(cv(i)), i=1,NObs)
        [T]        [M/L2/T]     [M/L2/T]      [M/L2]       [M/L2]       [M/L2]      [M/L2]        [M/L3]      [M/L3]        [M/L3]      [M/L2/T]      [M/L2]       [M/L2]              [M/L3]        [M/L2]      [M/L3]      [M/L2/T]      [M/L2]
        0.0100  0.00000E+00 -0.39662E-03  0.00000E+00 -0.39662E-05  0.00000E+00  0.00000E+00  0.10846E-02  0.91403E-03  0.88019E-03  0.38322E-04  0.38322E-06  0.28589E-06       1  0.88303E-03  0.00000E+00  0.00000E+00  0.24538E-04  0.24538E-06  0.18191E-04  0.18191E-06  0.24904E-03  0.24904E-05
        0.0200  0.00000E+00 -0.69080E-03  0.00000E+00 -0.10874E-04  0.00000E+00  0.00000E+00  0.10846E-02  0.91400E-03  0.87992E-03  0.38319E-04  0.76641E-06  0.53140E-05       2  0.88300E-03  0.00000E+00  0.00000E+00  0.19896E-04  0.44434E-06  0.17902E-04  0.36092E-06  0.24646E-03  0.49551E-05
        0.0330  0.00000E+00 -0.49348E-03  0.00000E+00 -0.17289E-04  0.00000E+00  0.00000E+00  0.10845E-02  0.91401E-03  0.87988E-03  0.38320E-04  0.12646E-05  0.55646E-05       3  0.88298E-03  0.00000E+00  0.00000E+00  0.91174E-05  0.56286E-06  0.17399E-04  0.58711E-06  0.24252E-03  0.81078E-05
        0.0499  0.00000E+00 -0.34271E-03  0.00000E+00 -0.23081E-04  0.00000E+00  0.00000E+00  0.10842E-02  0.91400E-03  0.87981E-03  0.38319E-04  0.19122E-05  0.71319E-05       4  0.88298E-03  0.00000E+00  0.00000E+00 -0.20025E-04  0.22444E-06  0.16565E-04  0.86706E-06  0.23770E-03  0.12125E-04
        0.0719  0.00000E+00 -0.23839E-03  0.00000E+00 -0.28319E-04  0.00000E+00  0.00000E+00  0.10835E-02  0.91400E-03  0.87978E-03  0.38320E-04  0.27540E-05  0.78018E-05       5  0.88298E-03  0.00000E+00  0.00000E+00 -0.86933E-04 -0.16855E-05  0.15032E-04  0.11973E-05  0.23108E-03  0.17202E-04
        0.1004  0.00000E+00 -0.15160E-03  0.00000E+00 -0.32648E-04  0.00000E+00  0.00000E+00  0.10824E-02  0.91400E-03  0.87974E-03  0.38319E-04  0.38485E-05  0.62312E-05       6  0.88298E-03  0.00000E+00  0.00000E+00 -0.20082E-03 -0.74211E-05  0.11946E-04  0.15385E-05  0.22123E-03  0.23520E-04
        0.1376  0.00000E+00 -0.80026E-04  0.00000E+00 -0.35620E-04  0.00000E+00  0.00000E+00  0.10807E-02  0.91400E-03  0.87971E-03  0.38319E-04  0.52713E-05 -0.17146E-05       7  0.88297E-03  0.00000E+00  0.00000E+00 -0.38539E-03 -0.21730E-04  0.56434E-05  0.17481E-05  0.20428E-03  0.31105E-04
        0.1858  0.00000E+00 -0.23409E-04  0.00000E+00 -0.36750E-04  0.00000E+00  0.00000E+00  0.10783E-02  0.91400E-03  0.87806E-03  0.38319E-04  0.71208E-05 -0.28412E-04       8  0.88294E-03  0.00000E+00  0.00000E+00 -0.65940E-03 -0.53558E-04 -0.70087E-05  0.14098E-05  0.17154E-03  0.39385E-04
        0.2358  0.00000E+00  0.00000E+00  0.00000E+00 -0.36750E-04  0.00000E+00  0.00000E+00  0.10757E-02  0.91400E-03  0.87827E-03  0.38319E-04  0.90368E-05 -0.73829E-04       9  0.88295E-03  0.00000E+00  0.00000E+00 -0.95165E-03 -0.10114E-03 -0.24045E-03 -0.10613E-04  0.12282E-03  0.45526E-04
        0.2858  0.00000E+00  0.00000E+00  0.00000E+00 -0.36750E-04  0.00000E+00  0.00000E+00  0.10737E-02  0.91401E-03  0.87757E-03  0.38320E-04  0.10953E-04 -0.13256E-03      10  0.88293E-03  0.00000E+00  0.00000E+00 -0.11788E-02 -0.16008E-03 -0.52655E-03 -0.36940E-04  0.59627E-04  0.48508E-04
        0.3358  0.00000E+00  0.00000E+00  0.00000E+00 -0.36750E-04  0.00000E+00  0.00000E+00  0.10723E-02  0.91403E-03  0.87759E-03  0.38321E-04  0.12869E-04 -0.19618E-03      11  0.88294E-03  0.00000E+00  0.00000E+00 -0.13217E-02 -0.22616E-03 -0.77209E-03 -0.75545E-04 -0.88711E-05  0.48064E-04
        0.3858  0.00000E+00  0.00000E+00  0.00000E+00 -0.36750E-04  0.00000E+00  0.00000E+00  0.10712E-02  0.91407E-03  0.87722E-03  0.38323E-04  0.14785E-04 -0.25553E-03      12  0.88293E-03  0.00000E+00  0.00000E+00 -0.14377E-02 -0.29805E-03 -0.10280E-02 -0.12695E-03 -0.87887E-04  0.43670E-04
        0.4358  0.00000E+00  0.00000E+00  0.00000E+00 -0.36750E-04  0.00000E+00  0.00000E+00  0.10703E-02  0.91411E-03  0.87719E-03  0.38325E-04  0.16701E-04 -0.31057E-03      13  0.88293E-03  0.00000E+00  0.00000E+00 -0.15100E-02 -0.37355E-03 -0.12574E-02 -0.18982E-03 -0.16424E-03  0.35458E-04
        0.4858  0.00000E+00  0.00000E+00  0.00000E+00 -0.36750E-04  0.00000E+00  0.00000E+00  0.10698E-02  0.91415E-03  0.87698E-03  0.38327E-04  0.18618E-04 -0.36104E-03      14  0.88292E-03  0.00000E+00  0.00000E+00 -0.15425E-02 -0.45067E-03 -0.14495E-02 -0.26229E-03 -0.23614E-03  0.23651E-04
        0.5358  0.00000E+00  0.00000E+00  0.00000E+00 -0.36750E-04  0.00000E+00  0.00000E+00  0.10695E-02  0.91418E-03  0.87693E-03  0.38328E-04  0.20534E-04 -0.40772E-03      15  0.88292E-03  0.00000E+00  0.00000E+00 -0.15261E-02 -0.52698E-03 -0.15873E-02 -0.34165E-03 -0.30111E-03  0.85955E-05
        0.5858  0.00000E+00  0.00000E+00  0.00000E+00 -0.36750E-04  0.00000E+00  0.00000E+00  0.10696E-02  0.91419E-03  0.87679E-03  0.38329E-04  0.22451E-04 -0.45141E-03      16  0.88292E-03  0.00000E+00  0.00000E+00 -0.14680E-02 -0.60038E-03 -0.16643E-02 -0.42487E-03 -0.35744E-03 -0.92766E-05
        0.6358  0.00000E+00  0.00000E+00  0.00000E+00 -0.36750E-04  0.00000E+00  0.00000E+00  0.10700E-02  0.91420E-03  0.87675E-03  0.38329E-04  0.24367E-04 -0.49351E-03      17  0.88292E-03  0.00000E+00  0.00000E+00 -0.13672E-02 -0.66874E-03 -0.16787E-02 -0.50881E-03 -0.40387E-03 -0.29470E-04
        0.6858  0.00000E+00  0.00000E+00  0.00000E+00 -0.36750E-04  0.00000E+00  0.00000E+00  0.10708E-02  0.91419E-03  0.87667E-03  0.38329E-04  0.26283E-04 -0.53535E-03      18  0.88291E-03  0.00000E+00  0.00000E+00 -0.12345E-02 -0.73046E-03 -0.16355E-02 -0.59058E-03 -0.44011E-03 -0.51476E-04
        0.7358  0.00000E+00  0.00000E+00  0.00000E+00 -0.36750E-04  0.00000E+00  0.00000E+00  0.10717E-02  0.91416E-03  0.87664E-03  0.38328E-04  0.28200E-04 -0.57847E-03      19  0.88291E-03  0.00000E+00  0.00000E+00 -0.10769E-02 -0.78431E-03 -0.15444E-02 -0.66780E-03 -0.46639E-03 -0.74795E-04
        0.7858  0.00000E+00  0.00000E+00  0.00000E+00 -0.36750E-04  0.00000E+00  0.00000E+00  0.10737E-02  0.91413E-03  0.87660E-03  0.38326E-04  0.30116E-04 -0.61830E-03      20  0.88291E-03  0.00000E+00  0.00000E+00 -0.79508E-03 -0.82406E-03 -0.13725E-02 -0.73643E-03 -0.47762E-03 -0.98676E-04
        0.8358  0.00000E+00  0.00000E+00  0.00000E+00 -0.36750E-04  0.00000E+00  0.00000E+00  0.10758E-02  0.91410E-03  0.87659E-03  0.38325E-04  0.32032E-04 -0.64438E-03      21  0.88291E-03  0.00000E+00  0.00000E+00 -0.51042E-03 -0.84958E-03 -0.11536E-02 -0.79411E-03 -0.45883E-03 -0.12162E-03
        0.8858  0.00000E+00  0.00000E+00  0.00000E+00 -0.36750E-04  0.00000E+00  0.00000E+00  0.10779E-02  0.91410E-03  0.87659E-03  0.38325E-04  0.33949E-04 -0.65801E-03      22  0.88291E-03  0.00000E+00  0.00000E+00 -0.25153E-03 -0.86216E-03 -0.91648E-03 -0.83993E-03 -0.41881E-03 -0.14256E-03
        0.9358  0.00000E+00  0.00000E+00  0.00000E+00 -0.36750E-04  0.00000E+00  0.00000E+00  0.10795E-02  0.91408E-03  0.87661E-03  0.38323E-04  0.35865E-04 -0.66378E-03      23  0.88291E-03  0.00000E+00  0.00000E+00 -0.56750E-04 -0.86500E-03 -0.69611E-03 -0.87474E-03 -0.36544E-03 -0.16083E-03
        0.9679  0.00000E+00  0.00000E+00  0.00000E+00 -0.36750E-04  0.00000E+00  0.00000E+00  0.10801E-02  0.91408E-03  0.87663E-03  0.38323E-04  0.37094E-04 -0.66519E-03      24  0.88291E-03  0.00000E+00  0.00000E+00  0.12157E-04 -0.86461E-03 -0.56991E-03 -0.89302E-03 -0.32924E-03 -0.17139E-03
        1.0000  0.00000E+00  0.00000E+00  0.00000E+00 -0.36750E-04  0.00000E+00  0.00000E+00  0.10803E-02  0.91406E-03  0.87665E-03  0.38322E-04  0.38324E-04 -0.66637E-03      25  0.88291E-03  0.00000E+00  0.00000E+00  0.30509E-04 -0.86363E-03 -0.46713E-03 -0.90801E-03 -0.29267E-03 -0.18078E-03
end
