 ******* Program HYDRUS
 ******* 
 Welcome to HYDRUS-1D                                                    
 Date:  28. 3.2022    Time:   8:58:31
 Units: L = cm   , T = days , M = mg   

----------------------------------------------------------
 Time       [T]        0.0000
----------------------------------------------------------
 Sub-region num.                     1
----------------------------------------------------------
 Length   [L]        0.30000E+03  0.30000E+03
 W-volume [L]        0.10967E+03  0.10967E+03
 In-flow  [L/T]      0.00000E+00  0.00000E+00
 h Mean   [L]        0.48526E+02  0.48526E+02
 ConcVol  [M/L2] 1   0.98092E-01  0.98092E-01
 cMean    [M/L3] 1   0.89537E-03  0.89537E-03
 SorbVolIm[M/L2] 1   0.46739E+02  0.46739E+02
 sMeanIm  [-]    1   0.10745E+00  0.10745E+00
 Top Flux [L/T]      0.25125E-01
 Bot Flux [L/T]     -0.56503E+00
----------------------------------------------------------

----------------------------------------------------------
 Time       [T]        1.0000
----------------------------------------------------------
 Sub-region num.                     1
----------------------------------------------------------
 Length   [L]        0.30000E+03  0.30000E+03
 W-volume [L]        0.11011E+03  0.11011E+03
 In-flow  [L/T]     -0.58892E+00 -0.58892E+00
 h Mean   [L]        0.60295E+02  0.60295E+02
 ConcVol  [M/L2] 1   0.98500E-01  0.98500E-01
 cMean    [M/L3] 1   0.89540E-03  0.89540E-03
 SorbVolIm[M/L2] 1   0.46739E+02  0.46739E+02
 sMeanIm  [-]    1   0.10745E+00  0.10745E+00
 Top Flux [L/T]      0.24485E-01
 Bot Flux [L/T]     -0.52679E+00
 WatBalT  [L]       -0.75102E-05
 WatBalR  [%]              0.000
 CncBalT  [M]    1   0.32425E-03
 CncBalR  [%]    1        72.846
----------------------------------------------------------
 
 Calculation time [sec]  9.999999776482582E-003
