 ******* Program HYDRUS
 ******* 
 Welcome to HYDRUS-1D                                                    
 Date:  29. 3.2022    Time:  17:27:23
 Units: L = cm   , T = days , M = mg   


 Time:        0.0000


 Node      Depth      Head Moisture       K          C         Flux        Sink         Kappa   v/KsTop   Temp   Conc(1..NS) Sorb(1...NS)
           [L]        [L]    [-]        [L/T]      [1/L]      [L/T]        [1/T]         [-]      [-]      [C]      [M/L*3]

   1     0.0000     -55.683 0.3525   0.1031E+02  0.4705E-03  0.3536E-01  0.0000E+00      -1   0.814E-03   20.00  0.8359E-03  0.1003E+00
   2    -3.0000     -52.673 0.3539   0.1091E+02  0.4638E-03  0.3824E-01  0.0000E+00      -1   0.880E-03   20.00  0.8505E-03  0.1021E+00
   3    -6.0000     -49.662 0.3553   0.1151E+02  0.4570E-03  0.4227E-01  0.0000E+00      -1   0.973E-03   20.00  0.8634E-03  0.1036E+00
   4    -9.0000     -46.651 0.3567   0.1217E+02  0.4492E-03  0.4894E-01  0.1836E-03      -1   0.113E-02   20.00  0.8733E-03  0.1048E+00
   5   -12.0000     -43.638 0.3580   0.1296E+02  0.4386E-03  0.5617E-01  0.1836E-03      -1   0.129E-02   20.00  0.8791E-03  0.1055E+00
   6   -15.0000     -40.625 0.3593   0.1375E+02  0.4280E-03  0.5960E-01  0.1836E-03      -1   0.137E-02   20.00  0.8817E-03  0.1058E+00
   7   -18.0000     -37.612 0.3607   0.1455E+02  0.4174E-03  0.6576E-01  0.1836E-03      -1   0.151E-02   20.00  0.8833E-03  0.1060E+00
   8   -21.0000     -34.598 0.3619   0.1554E+02  0.4028E-03  0.7253E-01  0.1836E-03      -1   0.167E-02   20.00  0.8834E-03  0.1060E+00
   9   -24.0000     -31.584 0.3631   0.1654E+02  0.3882E-03  0.7730E-01  0.1817E-03      -1   0.178E-02   20.00  0.8833E-03  0.1060E+00
  10   -27.0000     -28.570 0.3642   0.1763E+02  0.3720E-03  0.8244E-01  0.1722E-03      -1   0.190E-02   20.00  0.8834E-03  0.1060E+00
  11   -30.0000     -25.556 0.3653   0.1886E+02  0.3534E-03  0.8485E-01  0.1626E-03      -1   0.195E-02   20.00  0.8833E-03  0.1060E+00
  12   -33.0000     -22.543 0.3664   0.2017E+02  0.3334E-03  0.9105E-01  0.1530E-03      -1   0.209E-02   20.00  0.8834E-03  0.1060E+00
  13   -36.0000     -19.529 0.3673   0.2164E+02  0.3108E-03  0.9745E-01  0.1435E-03      -1   0.224E-02   20.00  0.8833E-03  0.1060E+00
  14   -39.0000     -16.516 0.3682   0.2330E+02  0.2853E-03  0.9715E-01  0.1339E-03      -1   0.224E-02   20.00  0.8833E-03  0.1060E+00
  15   -42.0000     -13.504 0.3690   0.2516E+02  0.2568E-03  0.1009E+00  0.1244E-03      -1   0.232E-02   20.00  0.8833E-03  0.1060E+00
  16   -45.0000     -10.492 0.3698   0.2731E+02  0.2243E-03  0.1049E+00  0.1148E-03      -1   0.241E-02   20.00  0.8833E-03  0.1060E+00
  17   -48.0000      -7.481 0.3704   0.2985E+02  0.1865E-03  0.1048E+00  0.1052E-03      -1   0.241E-02   20.00  0.8833E-03  0.1060E+00
  18   -51.0000      -4.471 0.3709   0.3308E+02  0.1397E-03  0.1056E+00  0.9566E-04      -1   0.243E-02   20.00  0.8833E-03  0.1060E+00
  19   -54.0000      -1.462 0.3712   0.3780E+02  0.7409E-04  0.1073E+00  0.8609E-04      -1   0.247E-02   20.00  0.8833E-03  0.1060E+00
  20   -57.0000       1.546 0.3713   0.4346E+02  0.0000E+00  0.1121E+00  0.7653E-04      -1   0.258E-02   20.00  0.8833E-03  0.1060E+00
  21   -60.0000       4.554 0.3713   0.4346E+02  0.0000E+00  0.1087E+00  0.6696E-04      -1   0.250E-02   20.00  0.8833E-03  0.1060E+00
  22   -63.0000       7.561 0.3713   0.4346E+02  0.0000E+00  0.1087E+00  0.5739E-04      -1   0.250E-02   20.00  0.8833E-03  0.1060E+00
  23   -66.0000      10.569 0.3713   0.4346E+02  0.0000E+00  0.1159E+00  0.4783E-04      -1   0.267E-02   20.00  0.8833E-03  0.1060E+00
  24   -69.0000      13.577 0.3713   0.4346E+02  0.0000E+00  0.1087E+00  0.3826E-04      -1   0.250E-02   20.00  0.8833E-03  0.1060E+00
  25   -72.0000      16.584 0.3713   0.4346E+02  0.0000E+00  0.1087E+00  0.2870E-04      -1   0.250E-02   20.00  0.8833E-03  0.1060E+00
  26   -75.0000      19.592 0.3713   0.4346E+02  0.0000E+00  0.1159E+00  0.1913E-04      -1   0.267E-02   20.00  0.8833E-03  0.1060E+00
  27   -78.0000      22.600 0.3713   0.4346E+02  0.0000E+00  0.1087E+00  0.9566E-05      -1   0.250E-02   20.00  0.8833E-03  0.1060E+00
  28   -81.0000      25.607 0.3713   0.4346E+02  0.0000E+00  0.1087E+00  0.0000E+00      -1   0.250E-02   20.00  0.8833E-03  0.1060E+00
  29   -84.0000      28.615 0.3713   0.4346E+02  0.0000E+00  0.1159E+00  0.0000E+00      -1   0.267E-02   20.00  0.8833E-03  0.1060E+00
  30   -87.0000      31.623 0.3713   0.4346E+02  0.0000E+00  0.1087E+00  0.0000E+00      -1   0.250E-02   20.00  0.8833E-03  0.1060E+00
  31   -90.0000      34.630 0.3713   0.4346E+02  0.0000E+00  0.1087E+00  0.0000E+00      -1   0.250E-02   20.00  0.8833E-03  0.1060E+00
  32   -93.0000      37.638 0.3713   0.4346E+02  0.0000E+00  0.1159E+00  0.0000E+00      -1   0.267E-02   20.00  0.8833E-03  0.1060E+00
  33   -96.0000      40.646 0.3713   0.4346E+02  0.0000E+00  0.1087E+00  0.0000E+00      -1   0.250E-02   20.00  0.8833E-03  0.1060E+00
  34   -99.0000      43.653 0.3713   0.4346E+02  0.0000E+00  0.1087E+00  0.0000E+00      -1   0.250E-02   20.00  0.8833E-03  0.1060E+00
  35  -102.0000      46.661 0.3713   0.4346E+02  0.0000E+00  0.1159E+00  0.0000E+00      -1   0.267E-02   20.00  0.8833E-03  0.1060E+00
  36  -105.0000      49.669 0.3713   0.4346E+02  0.0000E+00  0.1159E+00  0.0000E+00      -1   0.267E-02   20.00  0.8833E-03  0.1060E+00
  37  -108.0000      52.677 0.3713   0.4346E+02  0.0000E+00  0.1087E+00  0.0000E+00      -1   0.250E-02   20.00  0.8833E-03  0.1060E+00
  38  -111.0000      55.684 0.3713   0.4346E+02  0.0000E+00  0.1087E+00  0.0000E+00      -1   0.250E-02   20.00  0.8833E-03  0.1060E+00
  39  -114.0000      58.692 0.3713   0.4346E+02  0.0000E+00  0.1159E+00  0.0000E+00      -1   0.267E-02   20.00  0.8833E-03  0.1060E+00
  40  -117.0000      61.700 0.3713   0.4346E+02  0.0000E+00  0.1087E+00  0.0000E+00      -1   0.250E-02   20.00  0.8833E-03  0.1060E+00
  41  -120.0000      64.707 0.3713   0.4346E+02  0.0000E+00  0.1086E+00  0.0000E+00      -1   0.250E-02   20.00  0.8833E-03  0.1060E+00
  42  -123.0000      67.715 0.3713   0.4346E+02  0.0000E+00  0.1159E+00  0.0000E+00      -1   0.267E-02   20.00  0.8833E-03  0.1060E+00
  43  -126.0000      70.723 0.3713   0.4346E+02  0.0000E+00  0.1087E+00  0.0000E+00      -1   0.250E-02   20.00  0.8833E-03  0.1060E+00
  44  -129.0000      73.730 0.3713   0.4346E+02  0.0000E+00  0.1087E+00  0.0000E+00      -1   0.250E-02   20.00  0.8833E-03  0.1060E+00
  45  -132.0000      76.738 0.3713   0.4346E+02  0.0000E+00  0.1159E+00  0.0000E+00      -1   0.267E-02   20.00  0.8833E-03  0.1060E+00
  46  -135.0000      79.746 0.3713   0.4346E+02  0.0000E+00  0.1087E+00  0.0000E+00      -1   0.250E-02   20.00  0.8833E-03  0.1060E+00
  47  -138.0000      82.753 0.3713   0.4346E+02  0.0000E+00  0.1087E+00  0.0000E+00      -1   0.250E-02   20.00  0.8833E-03  0.1060E+00
  48  -141.0000      85.761 0.3713   0.4346E+02  0.0000E+00  0.1159E+00  0.0000E+00      -1   0.267E-02   20.00  0.8833E-03  0.1060E+00
  49  -144.0000      88.769 0.3713   0.4346E+02  0.0000E+00  0.1087E+00  0.0000E+00      -1   0.250E-02   20.00  0.8833E-03  0.1060E+00
  50  -147.0000      91.776 0.3713   0.4346E+02  0.0000E+00  0.1087E+00  0.0000E+00      -1   0.250E-02   20.00  0.8833E-03  0.1060E+00
  51  -150.0000      94.784 0.3713   0.4346E+02  0.0000E+00  0.1159E+00  0.0000E+00      -1   0.267E-02   20.00  0.8833E-03  0.1060E+00
  52  -153.0000      97.792 0.3713   0.4346E+02  0.0000E+00  0.1087E+00  0.0000E+00      -1   0.250E-02   20.00  0.8833E-03  0.1060E+00
  53  -156.0000     100.799 0.3713   0.4346E+02  0.0000E+00  0.1087E+00  0.0000E+00      -1   0.250E-02   20.00  0.8833E-03  0.1060E+00
  54  -159.0000     103.807 0.3713   0.4346E+02  0.0000E+00  0.1159E+00  0.0000E+00      -1   0.267E-02   20.00  0.8833E-03  0.1060E+00
  55  -162.0000     106.815 0.3713   0.4346E+02  0.0000E+00  0.1087E+00  0.0000E+00      -1   0.250E-02   20.00  0.8833E-03  0.1060E+00
  56  -165.0000     109.822 0.3713   0.4346E+02  0.0000E+00  0.1087E+00  0.0000E+00      -1   0.250E-02   20.00  0.8833E-03  0.1060E+00
  57  -168.0000     112.830 0.3713   0.4346E+02  0.0000E+00  0.1159E+00  0.0000E+00      -1   0.267E-02   20.00  0.8833E-03  0.1060E+00
  58  -171.0000     115.838 0.3713   0.4346E+02  0.0000E+00  0.1159E+00  0.0000E+00      -1   0.267E-02   20.00  0.8833E-03  0.1060E+00
  59  -174.0000     118.846 0.3713   0.4346E+02  0.0000E+00  0.1087E+00  0.0000E+00      -1   0.250E-02   20.00  0.8833E-03  0.1060E+00
  60  -177.0000     121.853 0.3713   0.4346E+02  0.0000E+00  0.1087E+00  0.0000E+00      -1   0.250E-02   20.00  0.8833E-03  0.1060E+00
  61  -180.0000     124.861 0.3713   0.4346E+02  0.0000E+00  0.1159E+00  0.0000E+00      -1   0.267E-02   20.00  0.8833E-03  0.1060E+00
  62  -183.0000     127.869 0.3713   0.4346E+02  0.0000E+00  0.1087E+00  0.0000E+00      -1   0.250E-02   20.00  0.8833E-03  0.1060E+00
  63  -186.0000     130.876 0.3713   0.4346E+02  0.0000E+00  0.1087E+00  0.0000E+00      -1   0.250E-02   20.00  0.8833E-03  0.1060E+00
  64  -189.0000     133.884 0.3713   0.4346E+02  0.0000E+00  0.1158E+00  0.0000E+00      -1   0.267E-02   20.00  0.8833E-03  0.1060E+00
  65  -192.0000     136.892 0.3713   0.4346E+02  0.0000E+00  0.1087E+00  0.0000E+00      -1   0.250E-02   20.00  0.8833E-03  0.1060E+00
  66  -195.0000     139.899 0.3713   0.4346E+02  0.0000E+00  0.1087E+00  0.0000E+00      -1   0.250E-02   20.00  0.8833E-03  0.1060E+00
  67  -198.0000     142.907 0.3713   0.4346E+02  0.0000E+00  0.1158E+00  0.0000E+00      -1   0.267E-02   20.00  0.8833E-03  0.1060E+00
  68  -201.0000     145.915 0.3713   0.4346E+02  0.0000E+00  0.1087E+00  0.0000E+00      -1   0.250E-02   20.00  0.8833E-03  0.1060E+00
  69  -204.0000     148.922 0.3713   0.4346E+02  0.0000E+00  0.1087E+00  0.0000E+00      -1   0.250E-02   20.00  0.8833E-03  0.1060E+00
  70  -207.0000     151.930 0.3713   0.4346E+02  0.0000E+00  0.1159E+00  0.0000E+00      -1   0.267E-02   20.00  0.8833E-03  0.1060E+00
  71  -210.0000     154.938 0.3713   0.4346E+02  0.0000E+00  0.1088E+00  0.0000E+00      -1   0.250E-02   20.00  0.8833E-03  0.1060E+00
  72  -213.0000     157.945 0.3713   0.4346E+02  0.0000E+00  0.1087E+00  0.0000E+00      -1   0.250E-02   20.00  0.8833E-03  0.1060E+00
  73  -216.0000     160.953 0.3713   0.4346E+02  0.0000E+00  0.1158E+00  0.0000E+00      -1   0.267E-02   20.00  0.8833E-03  0.1060E+00
  74  -219.0000     163.961 0.3713   0.4346E+02  0.0000E+00  0.1087E+00  0.0000E+00      -1   0.250E-02   20.00  0.8833E-03  0.1060E+00
  75  -222.0000     166.968 0.3713   0.4346E+02  0.0000E+00  0.1087E+00  0.0000E+00      -1   0.250E-02   20.00  0.8833E-03  0.1060E+00
  76  -225.0000     169.976 0.3713   0.4346E+02  0.0000E+00  0.1158E+00  0.0000E+00      -1   0.267E-02   20.00  0.8833E-03  0.1060E+00
  77  -228.0000     172.984 0.3713   0.4346E+02  0.0000E+00  0.1087E+00  0.0000E+00      -1   0.250E-02   20.00  0.8833E-03  0.1060E+00
  78  -231.0000     175.991 0.3713   0.4346E+02  0.0000E+00  0.1087E+00  0.0000E+00      -1   0.250E-02   20.00  0.8833E-03  0.1060E+00
  79  -234.0000     178.999 0.3713   0.4346E+02  0.0000E+00  0.1159E+00  0.0000E+00      -1   0.267E-02   20.00  0.8833E-03  0.1060E+00
  80  -237.0000     182.007 0.3713   0.4346E+02  0.0000E+00  0.1088E+00  0.0000E+00      -1   0.250E-02   20.00  0.8833E-03  0.1060E+00
  81  -240.0000     185.014 0.3713   0.4346E+02  0.0000E+00  0.1087E+00  0.0000E+00      -1   0.250E-02   20.00  0.8833E-03  0.1060E+00
  82  -243.0000     188.022 0.3713   0.4346E+02  0.0000E+00  0.1158E+00  0.0000E+00      -1   0.267E-02   20.00  0.8833E-03  0.1060E+00
  83  -246.0000     191.030 0.3713   0.4346E+02  0.0000E+00  0.1158E+00  0.0000E+00      -1   0.267E-02   20.00  0.8833E-03  0.1060E+00
  84  -249.0000     194.038 0.3713   0.4346E+02  0.0000E+00  0.1087E+00  0.0000E+00      -1   0.250E-02   20.00  0.8833E-03  0.1060E+00
  85  -252.0000     197.045 0.3713   0.4346E+02  0.0000E+00  0.1087E+00  0.0000E+00      -1   0.250E-02   20.00  0.8833E-03  0.1060E+00
  86  -255.0000     200.053 0.3713   0.4346E+02  0.0000E+00  0.1159E+00  0.0000E+00      -1   0.267E-02   20.00  0.8833E-03  0.1060E+00
  87  -258.0000     203.061 0.3713   0.4346E+02  0.0000E+00  0.1087E+00  0.0000E+00      -1   0.250E-02   20.00  0.8833E-03  0.1060E+00
  88  -261.0000     206.068 0.3713   0.4346E+02  0.0000E+00  0.1087E+00  0.0000E+00      -1   0.250E-02   20.00  0.8833E-03  0.1060E+00
  89  -264.0000     209.076 0.3713   0.4346E+02  0.0000E+00  0.1159E+00  0.0000E+00      -1   0.267E-02   20.00  0.8833E-03  0.1060E+00
  90  -267.0000     212.084 0.3713   0.4346E+02  0.0000E+00  0.1087E+00  0.0000E+00      -1   0.250E-02   20.00  0.8833E-03  0.1060E+00
  91  -270.0000     215.091 0.3713   0.4346E+02  0.0000E+00  0.1087E+00  0.0000E+00      -1   0.250E-02   20.00  0.8833E-03  0.1060E+00
  92  -273.0000     218.099 0.3713   0.4346E+02  0.0000E+00  0.1158E+00  0.0000E+00      -1   0.267E-02   20.00  0.8833E-03  0.1060E+00
  93  -276.0000     221.107 0.3713   0.4346E+02  0.0000E+00  0.1087E+00  0.0000E+00      -1   0.250E-02   20.00  0.8833E-03  0.1060E+00
  94  -279.0000     224.114 0.3713   0.4346E+02  0.0000E+00  0.1087E+00  0.0000E+00      -1   0.250E-02   20.00  0.8833E-03  0.1060E+00
  95  -282.0000     227.122 0.3713   0.4346E+02  0.0000E+00  0.1159E+00  0.0000E+00      -1   0.267E-02   20.00  0.8833E-03  0.1060E+00
  96  -285.0000     230.130 0.3713   0.4346E+02  0.0000E+00  0.1087E+00  0.0000E+00      -1   0.250E-02   20.00  0.8833E-03  0.1060E+00
  97  -288.0000     233.137 0.3713   0.4346E+02  0.0000E+00  0.1087E+00  0.0000E+00      -1   0.250E-02   20.00  0.8833E-03  0.1060E+00
  98  -291.0000     236.145 0.3713   0.4346E+02  0.0000E+00  0.1159E+00  0.0000E+00      -1   0.267E-02   20.00  0.8834E-03  0.1060E+00
  99  -294.0000     239.153 0.3713   0.4346E+02  0.0000E+00  0.1087E+00  0.0000E+00      -1   0.250E-02   20.00  0.8823E-03  0.1059E+00
 100  -297.0000     242.160 0.3713   0.4346E+02  0.0000E+00  0.1087E+00  0.0000E+00      -1   0.250E-02   20.00  0.8778E-03  0.1053E+00
 101  -300.0000     245.168 0.3713   0.4346E+02  0.0000E+00  0.1158E+00  0.0000E+00      -1   0.267E-02   20.00  0.8734E-03  0.1049E+00
end


 Time:        1.0000


 Node      Depth      Head Moisture       K          C         Flux        Sink         Kappa   v/KsTop   Temp   Conc(1..NS) Sorb(1...NS)
           [L]        [L]    [-]        [L/T]      [1/L]      [L/T]        [1/T]         [-]      [-]      [C]      [M/L*3]

   1     0.0000     -54.016 0.3533   0.1064E+02  0.4668E-03  0.3335E-01  0.0000E+00      -1   0.767E-03   20.00  0.8352E-03  0.1002E+00
   2    -3.0000     -51.011 0.3547   0.1124E+02  0.4601E-03  0.3985E-02  0.0000E+00      -1   0.917E-04   20.00  0.8505E-03  0.1021E+00
   3    -6.0000     -48.013 0.3561   0.1184E+02  0.4534E-03 -0.2487E-01  0.0000E+00      -1  -0.572E-03   20.00  0.8632E-03  0.1036E+00
   4    -9.0000     -45.023 0.3574   0.1259E+02  0.4436E-03 -0.5211E-01  0.1836E-03      -1  -0.120E-02   20.00  0.8730E-03  0.1048E+00
   5   -12.0000     -42.038 0.3587   0.1338E+02  0.4331E-03 -0.7791E-01  0.1836E-03      -1  -0.179E-02   20.00  0.8789E-03  0.1055E+00
   6   -15.0000     -39.058 0.3600   0.1416E+02  0.4226E-03 -0.1033E+00  0.1836E-03      -1  -0.238E-02   20.00  0.8816E-03  0.1058E+00
   7   -18.0000     -36.082 0.3613   0.1504E+02  0.4101E-03 -0.1272E+00  0.1836E-03      -1  -0.293E-02   20.00  0.8832E-03  0.1060E+00
   8   -21.0000     -33.108 0.3624   0.1603E+02  0.3957E-03 -0.1496E+00  0.1836E-03      -1  -0.344E-02   20.00  0.8833E-03  0.1060E+00
   9   -24.0000     -30.137 0.3636   0.1701E+02  0.3813E-03 -0.1710E+00  0.1817E-03      -1  -0.394E-02   20.00  0.8833E-03  0.1060E+00
  10   -27.0000     -27.168 0.3647   0.1819E+02  0.3635E-03 -0.1911E+00  0.1722E-03      -1  -0.440E-02   20.00  0.8833E-03  0.1060E+00
  11   -30.0000     -24.200 0.3658   0.1940E+02  0.3452E-03 -0.2101E+00  0.1626E-03      -1  -0.484E-02   20.00  0.8833E-03  0.1060E+00
  12   -33.0000     -21.233 0.3668   0.2080E+02  0.3237E-03 -0.2279E+00  0.1530E-03      -1  -0.524E-02   20.00  0.8833E-03  0.1060E+00
  13   -36.0000     -18.266 0.3677   0.2228E+02  0.3009E-03 -0.2434E+00  0.1435E-03      -1  -0.560E-02   20.00  0.8833E-03  0.1060E+00
  14   -39.0000     -15.299 0.3686   0.2399E+02  0.2747E-03 -0.2576E+00  0.1339E-03      -1  -0.593E-02   20.00  0.8833E-03  0.1060E+00
  15   -42.0000     -12.330 0.3693   0.2593E+02  0.2451E-03 -0.2708E+00  0.1244E-03      -1  -0.623E-02   20.00  0.8833E-03  0.1060E+00
  16   -45.0000      -9.361 0.3700   0.2817E+02  0.2114E-03 -0.2817E+00  0.1148E-03      -1  -0.648E-02   20.00  0.8833E-03  0.1060E+00
  17   -48.0000      -6.390 0.3706   0.3091E+02  0.1709E-03 -0.2905E+00  0.1052E-03      -1  -0.668E-02   20.00  0.8833E-03  0.1060E+00
  18   -51.0000      -3.417 0.3710   0.3445E+02  0.1204E-03 -0.2972E+00  0.9566E-04      -1  -0.684E-02   20.00  0.8833E-03  0.1060E+00
  19   -54.0000      -0.441 0.3713   0.4070E+02  0.3559E-04 -0.3001E+00  0.8609E-04      -1  -0.691E-02   20.00  0.8833E-03  0.1060E+00
  20   -57.0000       2.537 0.3713   0.4346E+02  0.0000E+00 -0.3003E+00  0.7653E-04      -1  -0.691E-02   20.00  0.8833E-03  0.1060E+00
  21   -60.0000       5.517 0.3713   0.4346E+02  0.0000E+00 -0.3001E+00  0.6696E-04      -1  -0.690E-02   20.00  0.8833E-03  0.1060E+00
  22   -63.0000       8.496 0.3713   0.4346E+02  0.0000E+00 -0.2999E+00  0.5739E-04      -1  -0.690E-02   20.00  0.8833E-03  0.1060E+00
  23   -66.0000      11.475 0.3713   0.4346E+02  0.0000E+00 -0.2997E+00  0.4783E-04      -1  -0.690E-02   20.00  0.8833E-03  0.1060E+00
  24   -69.0000      14.455 0.3713   0.4346E+02  0.0000E+00 -0.2996E+00  0.3826E-04      -1  -0.689E-02   20.00  0.8833E-03  0.1060E+00
  25   -72.0000      17.434 0.3713   0.4346E+02  0.0000E+00 -0.2995E+00  0.2870E-04      -1  -0.689E-02   20.00  0.8833E-03  0.1060E+00
  26   -75.0000      20.413 0.3713   0.4346E+02  0.0000E+00 -0.2994E+00  0.1913E-04      -1  -0.689E-02   20.00  0.8833E-03  0.1060E+00
  27   -78.0000      23.393 0.3713   0.4346E+02  0.0000E+00 -0.2994E+00  0.9566E-05      -1  -0.689E-02   20.00  0.8833E-03  0.1060E+00
  28   -81.0000      26.372 0.3713   0.4346E+02  0.0000E+00 -0.2994E+00  0.0000E+00      -1  -0.689E-02   20.00  0.8833E-03  0.1060E+00
  29   -84.0000      29.351 0.3713   0.4346E+02  0.0000E+00 -0.2994E+00  0.0000E+00      -1  -0.689E-02   20.00  0.8833E-03  0.1060E+00
  30   -87.0000      32.331 0.3713   0.4346E+02  0.0000E+00 -0.2994E+00  0.0000E+00      -1  -0.689E-02   20.00  0.8833E-03  0.1060E+00
  31   -90.0000      35.310 0.3713   0.4346E+02  0.0000E+00 -0.2994E+00  0.0000E+00      -1  -0.689E-02   20.00  0.8833E-03  0.1060E+00
  32   -93.0000      38.289 0.3713   0.4346E+02  0.0000E+00 -0.2994E+00  0.0000E+00      -1  -0.689E-02   20.00  0.8833E-03  0.1060E+00
  33   -96.0000      41.269 0.3713   0.4346E+02  0.0000E+00 -0.2994E+00  0.0000E+00      -1  -0.689E-02   20.00  0.8833E-03  0.1060E+00
  34   -99.0000      44.248 0.3713   0.4346E+02  0.0000E+00 -0.2994E+00  0.0000E+00      -1  -0.689E-02   20.00  0.8833E-03  0.1060E+00
  35  -102.0000      47.227 0.3713   0.4346E+02  0.0000E+00 -0.2994E+00  0.0000E+00      -1  -0.689E-02   20.00  0.8833E-03  0.1060E+00
  36  -105.0000      50.207 0.3713   0.4346E+02  0.0000E+00 -0.2994E+00  0.0000E+00      -1  -0.689E-02   20.00  0.8833E-03  0.1060E+00
  37  -108.0000      53.186 0.3713   0.4346E+02  0.0000E+00 -0.2994E+00  0.0000E+00      -1  -0.689E-02   20.00  0.8833E-03  0.1060E+00
  38  -111.0000      56.165 0.3713   0.4346E+02  0.0000E+00 -0.2994E+00  0.0000E+00      -1  -0.689E-02   20.00  0.8833E-03  0.1060E+00
  39  -114.0000      59.145 0.3713   0.4346E+02  0.0000E+00 -0.2994E+00  0.0000E+00      -1  -0.689E-02   20.00  0.8833E-03  0.1060E+00
  40  -117.0000      62.124 0.3713   0.4346E+02  0.0000E+00 -0.2994E+00  0.0000E+00      -1  -0.689E-02   20.00  0.8833E-03  0.1060E+00
  41  -120.0000      65.103 0.3713   0.4346E+02  0.0000E+00 -0.2994E+00  0.0000E+00      -1  -0.689E-02   20.00  0.8833E-03  0.1060E+00
  42  -123.0000      68.083 0.3713   0.4346E+02  0.0000E+00 -0.2994E+00  0.0000E+00      -1  -0.689E-02   20.00  0.8833E-03  0.1060E+00
  43  -126.0000      71.062 0.3713   0.4346E+02  0.0000E+00 -0.2994E+00  0.0000E+00      -1  -0.689E-02   20.00  0.8833E-03  0.1060E+00
  44  -129.0000      74.041 0.3713   0.4346E+02  0.0000E+00 -0.2994E+00  0.0000E+00      -1  -0.689E-02   20.00  0.8833E-03  0.1060E+00
  45  -132.0000      77.021 0.3713   0.4346E+02  0.0000E+00 -0.2994E+00  0.0000E+00      -1  -0.689E-02   20.00  0.8833E-03  0.1060E+00
  46  -135.0000      80.000 0.3713   0.4346E+02  0.0000E+00 -0.2994E+00  0.0000E+00      -1  -0.689E-02   20.00  0.8833E-03  0.1060E+00
  47  -138.0000      82.979 0.3713   0.4346E+02  0.0000E+00 -0.2994E+00  0.0000E+00      -1  -0.689E-02   20.00  0.8833E-03  0.1060E+00
  48  -141.0000      85.959 0.3713   0.4346E+02  0.0000E+00 -0.2994E+00  0.0000E+00      -1  -0.689E-02   20.00  0.8833E-03  0.1060E+00
  49  -144.0000      88.938 0.3713   0.4346E+02  0.0000E+00 -0.2994E+00  0.0000E+00      -1  -0.689E-02   20.00  0.8833E-03  0.1060E+00
  50  -147.0000      91.917 0.3713   0.4346E+02  0.0000E+00 -0.2994E+00  0.0000E+00      -1  -0.689E-02   20.00  0.8833E-03  0.1060E+00
  51  -150.0000      94.897 0.3713   0.4346E+02  0.0000E+00 -0.2994E+00  0.0000E+00      -1  -0.689E-02   20.00  0.8833E-03  0.1060E+00
  52  -153.0000      97.876 0.3713   0.4346E+02  0.0000E+00 -0.2994E+00  0.0000E+00      -1  -0.689E-02   20.00  0.8833E-03  0.1060E+00
  53  -156.0000     100.855 0.3713   0.4346E+02  0.0000E+00 -0.2994E+00  0.0000E+00      -1  -0.689E-02   20.00  0.8833E-03  0.1060E+00
  54  -159.0000     103.835 0.3713   0.4346E+02  0.0000E+00 -0.2994E+00  0.0000E+00      -1  -0.689E-02   20.00  0.8833E-03  0.1060E+00
  55  -162.0000     106.814 0.3713   0.4346E+02  0.0000E+00 -0.2994E+00  0.0000E+00      -1  -0.689E-02   20.00  0.8833E-03  0.1060E+00
  56  -165.0000     109.793 0.3713   0.4346E+02  0.0000E+00 -0.2994E+00  0.0000E+00      -1  -0.689E-02   20.00  0.8833E-03  0.1060E+00
  57  -168.0000     112.773 0.3713   0.4346E+02  0.0000E+00 -0.2994E+00  0.0000E+00      -1  -0.689E-02   20.00  0.8833E-03  0.1060E+00
  58  -171.0000     115.752 0.3713   0.4346E+02  0.0000E+00 -0.2994E+00  0.0000E+00      -1  -0.689E-02   20.00  0.8833E-03  0.1060E+00
  59  -174.0000     118.731 0.3713   0.4346E+02  0.0000E+00 -0.2994E+00  0.0000E+00      -1  -0.689E-02   20.00  0.8833E-03  0.1060E+00
  60  -177.0000     121.711 0.3713   0.4346E+02  0.0000E+00 -0.2994E+00  0.0000E+00      -1  -0.689E-02   20.00  0.8833E-03  0.1060E+00
  61  -180.0000     124.690 0.3713   0.4346E+02  0.0000E+00 -0.2993E+00  0.0000E+00      -1  -0.689E-02   20.00  0.8833E-03  0.1060E+00
  62  -183.0000     127.669 0.3713   0.4346E+02  0.0000E+00 -0.2993E+00  0.0000E+00      -1  -0.689E-02   20.00  0.8833E-03  0.1060E+00
  63  -186.0000     130.649 0.3713   0.4346E+02  0.0000E+00 -0.2993E+00  0.0000E+00      -1  -0.689E-02   20.00  0.8833E-03  0.1060E+00
  64  -189.0000     133.628 0.3713   0.4346E+02  0.0000E+00 -0.2993E+00  0.0000E+00      -1  -0.689E-02   20.00  0.8833E-03  0.1060E+00
  65  -192.0000     136.607 0.3713   0.4346E+02  0.0000E+00 -0.2993E+00  0.0000E+00      -1  -0.689E-02   20.00  0.8833E-03  0.1060E+00
  66  -195.0000     139.587 0.3713   0.4346E+02  0.0000E+00 -0.2993E+00  0.0000E+00      -1  -0.689E-02   20.00  0.8833E-03  0.1060E+00
  67  -198.0000     142.566 0.3713   0.4346E+02  0.0000E+00 -0.2993E+00  0.0000E+00      -1  -0.689E-02   20.00  0.8833E-03  0.1060E+00
  68  -201.0000     145.545 0.3713   0.4346E+02  0.0000E+00 -0.2993E+00  0.0000E+00      -1  -0.689E-02   20.00  0.8833E-03  0.1060E+00
  69  -204.0000     148.525 0.3713   0.4346E+02  0.0000E+00 -0.2993E+00  0.0000E+00      -1  -0.689E-02   20.00  0.8833E-03  0.1060E+00
  70  -207.0000     151.504 0.3713   0.4346E+02  0.0000E+00 -0.2993E+00  0.0000E+00      -1  -0.689E-02   20.00  0.8833E-03  0.1060E+00
  71  -210.0000     154.483 0.3713   0.4346E+02  0.0000E+00 -0.2993E+00  0.0000E+00      -1  -0.689E-02   20.00  0.8833E-03  0.1060E+00
  72  -213.0000     157.463 0.3713   0.4346E+02  0.0000E+00 -0.2993E+00  0.0000E+00      -1  -0.689E-02   20.00  0.8833E-03  0.1060E+00
  73  -216.0000     160.442 0.3713   0.4346E+02  0.0000E+00 -0.2993E+00  0.0000E+00      -1  -0.689E-02   20.00  0.8833E-03  0.1060E+00
  74  -219.0000     163.421 0.3713   0.4346E+02  0.0000E+00 -0.2993E+00  0.0000E+00      -1  -0.689E-02   20.00  0.8833E-03  0.1060E+00
  75  -222.0000     166.401 0.3713   0.4346E+02  0.0000E+00 -0.2993E+00  0.0000E+00      -1  -0.689E-02   20.00  0.8833E-03  0.1060E+00
  76  -225.0000     169.380 0.3713   0.4346E+02  0.0000E+00 -0.2993E+00  0.0000E+00      -1  -0.689E-02   20.00  0.8833E-03  0.1060E+00
  77  -228.0000     172.359 0.3713   0.4346E+02  0.0000E+00 -0.2993E+00  0.0000E+00      -1  -0.689E-02   20.00  0.8833E-03  0.1060E+00
  78  -231.0000     175.339 0.3713   0.4346E+02  0.0000E+00 -0.2993E+00  0.0000E+00      -1  -0.689E-02   20.00  0.8833E-03  0.1060E+00
  79  -234.0000     178.318 0.3713   0.4346E+02  0.0000E+00 -0.2993E+00  0.0000E+00      -1  -0.689E-02   20.00  0.8833E-03  0.1060E+00
  80  -237.0000     181.297 0.3713   0.4346E+02  0.0000E+00 -0.2993E+00  0.0000E+00      -1  -0.689E-02   20.00  0.8833E-03  0.1060E+00
  81  -240.0000     184.277 0.3713   0.4346E+02  0.0000E+00 -0.2993E+00  0.0000E+00      -1  -0.689E-02   20.00  0.8833E-03  0.1060E+00
  82  -243.0000     187.256 0.3713   0.4346E+02  0.0000E+00 -0.2994E+00  0.0000E+00      -1  -0.689E-02   20.00  0.8833E-03  0.1060E+00
  83  -246.0000     190.235 0.3713   0.4346E+02  0.0000E+00 -0.2995E+00  0.0000E+00      -1  -0.689E-02   20.00  0.8833E-03  0.1060E+00
  84  -249.0000     193.215 0.3713   0.4346E+02  0.0000E+00 -0.2994E+00  0.0000E+00      -1  -0.689E-02   20.00  0.8833E-03  0.1060E+00
  85  -252.0000     196.194 0.3713   0.4346E+02  0.0000E+00 -0.2994E+00  0.0000E+00      -1  -0.689E-02   20.00  0.8833E-03  0.1060E+00
  86  -255.0000     199.173 0.3713   0.4346E+02  0.0000E+00 -0.2994E+00  0.0000E+00      -1  -0.689E-02   20.00  0.8833E-03  0.1060E+00
  87  -258.0000     202.153 0.3713   0.4346E+02  0.0000E+00 -0.2994E+00  0.0000E+00      -1  -0.689E-02   20.00  0.8833E-03  0.1060E+00
  88  -261.0000     205.132 0.3713   0.4346E+02  0.0000E+00 -0.2994E+00  0.0000E+00      -1  -0.689E-02   20.00  0.8833E-03  0.1060E+00
  89  -264.0000     208.111 0.3713   0.4346E+02  0.0000E+00 -0.2994E+00  0.0000E+00      -1  -0.689E-02   20.00  0.8833E-03  0.1060E+00
  90  -267.0000     211.091 0.3713   0.4346E+02  0.0000E+00 -0.2994E+00  0.0000E+00      -1  -0.689E-02   20.00  0.8833E-03  0.1060E+00
  91  -270.0000     214.070 0.3713   0.4346E+02  0.0000E+00 -0.2994E+00  0.0000E+00      -1  -0.689E-02   20.00  0.8833E-03  0.1060E+00
  92  -273.0000     217.049 0.3713   0.4346E+02  0.0000E+00 -0.2994E+00  0.0000E+00      -1  -0.689E-02   20.00  0.8833E-03  0.1060E+00
  93  -276.0000     220.029 0.3713   0.4346E+02  0.0000E+00 -0.2994E+00  0.0000E+00      -1  -0.689E-02   20.00  0.8833E-03  0.1060E+00
  94  -279.0000     223.008 0.3713   0.4346E+02  0.0000E+00 -0.2994E+00  0.0000E+00      -1  -0.689E-02   20.00  0.8833E-03  0.1060E+00
  95  -282.0000     225.987 0.3713   0.4346E+02  0.0000E+00 -0.2994E+00  0.0000E+00      -1  -0.689E-02   20.00  0.8833E-03  0.1060E+00
  96  -285.0000     228.967 0.3713   0.4346E+02  0.0000E+00 -0.2994E+00  0.0000E+00      -1  -0.689E-02   20.00  0.8833E-03  0.1060E+00
  97  -288.0000     231.946 0.3713   0.4346E+02  0.0000E+00 -0.2994E+00  0.0000E+00      -1  -0.689E-02   20.00  0.8833E-03  0.1060E+00
  98  -291.0000     234.925 0.3713   0.4346E+02  0.0000E+00 -0.2994E+00  0.0000E+00      -1  -0.689E-02   20.00  0.8833E-03  0.1060E+00
  99  -294.0000     237.905 0.3713   0.4346E+02  0.0000E+00 -0.2994E+00  0.0000E+00      -1  -0.689E-02   20.00  0.8821E-03  0.1059E+00
 100  -297.0000     240.884 0.3713   0.4346E+02  0.0000E+00 -0.2994E+00  0.0000E+00      -1  -0.689E-02   20.00  0.8774E-03  0.1053E+00
 101  -300.0000     243.863 0.3713   0.4346E+02  0.0000E+00 -0.2993E+00  0.0000E+00      -1  -0.689E-02   20.00  0.8774E-03  0.1051E+00
end
