 ******* Program HYDRUS
 ******* 
 Welcome to HYDRUS-1D                                                    
 Date:  28. 3.2022    Time:   8:56:35
 Units: L = cm   , T = days , M = mg   

----------------------------------------------------------
 Time       [T]        0.0000
----------------------------------------------------------
 Sub-region num.                     1
----------------------------------------------------------
 Length   [L]        0.30000E+03  0.30000E+03
 W-volume [L]        0.10099E+03  0.10099E+03
 In-flow  [L/T]      0.00000E+00  0.00000E+00
 h Mean   [L]       -0.78361E+02 -0.78361E+02
 ConcVol  [M/L2] 1   0.89847E-01  0.89847E-01
 cMean    [M/L3] 1   0.89088E-03  0.89088E-03
 SorbVolIm[M/L2] 1   0.46505E+02  0.46505E+02
 sMeanIm  [-]    1   0.10691E+00  0.10691E+00
 Top Flux [L/T]      0.12971E-01
 Bot Flux [L/T]     -0.82577E+00
----------------------------------------------------------

----------------------------------------------------------
 Time       [T]        1.0000
----------------------------------------------------------
 Sub-region num.                     1
----------------------------------------------------------
 Length   [L]        0.30000E+03  0.30000E+03
 W-volume [L]        0.10050E+03  0.10050E+03
 In-flow  [L/T]     -0.25535E+00 -0.25535E+00
 h Mean   [L]       -0.81350E+02 -0.81350E+02
 ConcVol  [M/L2] 1   0.89412E-01  0.89412E-01
 cMean    [M/L3] 1   0.89091E-03  0.89091E-03
 SorbVolIm[M/L2] 1   0.46505E+02  0.46505E+02
 sMeanIm  [-]    1   0.10691E+00  0.10691E+00
 Top Flux [L/T]      0.11018E-01
 Bot Flux [L/T]     -0.18613E+00
 WatBalT  [L]        0.11742E-04
 WatBalR  [%]              0.002
 CncBalT  [M]    1   0.53406E-04
 CncBalR  [%]    1        10.359
----------------------------------------------------------
 
 Calculation time [sec]  1.999998092651367E-002
