 All solute fluxes and cumulative solute fluxes are positive into the region

       Time         cvTop        cvBot      Sum(cvTop)   Sum(cvBot)     cvCh0        cvCh1         cTop        cRoot         cBot        cvRoot    Sum(cvRoot)  Sum(cvNEql) TLevel      cGWL        cRunOff   Sum(cRunOff)    (cv(i),    Sum(cv(i)), i=1,NObs)
        [T]        [M/L2/T]     [M/L2/T]      [M/L2]       [M/L2]       [M/L2]      [M/L2]        [M/L3]      [M/L3]        [M/L3]      [M/L2/T]      [M/L2]       [M/L2]              [M/L3]        [M/L2]      [M/L3]      [M/L2/T]      [M/L2]
        0.0100  0.00000E+00  0.00000E+00  0.00000E+00  0.00000E+00  0.00000E+00  0.00000E+00  0.10615E-02  0.10083E-02  0.87528E-03  0.80898E-05  0.80898E-07 -0.10683E-04       1  0.88296E-03  0.00000E+00  0.00000E+00  0.47997E-04  0.47997E-06 -0.20769E-03 -0.20769E-05  0.20626E-03  0.20626E-05
        0.0200  0.00000E+00  0.00000E+00  0.00000E+00  0.00000E+00  0.00000E+00  0.00000E+00  0.10613E-02  0.10081E-02  0.87255E-03  0.80887E-05  0.16178E-06 -0.22362E-04       2  0.88288E-03  0.00000E+00  0.00000E+00  0.34084E-04  0.82080E-06 -0.20206E-03 -0.40975E-05  0.20358E-03  0.40984E-05
        0.0330  0.00000E+00  0.00000E+00  0.00000E+00  0.00000E+00  0.00000E+00  0.00000E+00  0.10610E-02  0.10082E-02  0.87439E-03  0.80891E-05  0.26694E-06 -0.33871E-04       3  0.88295E-03  0.00000E+00  0.00000E+00  0.79050E-06  0.83108E-06 -0.19214E-03 -0.65953E-05  0.19935E-03  0.66900E-05
        0.0499  0.00000E+00  0.00000E+00  0.00000E+00  0.00000E+00  0.00000E+00  0.00000E+00  0.10604E-02  0.10081E-02  0.87496E-03  0.80890E-05  0.40365E-06 -0.47115E-04       4  0.88296E-03  0.00000E+00  0.00000E+00 -0.50609E-04 -0.24216E-07 -0.17777E-03 -0.95996E-05  0.19345E-03  0.99593E-05
        0.0719  0.00000E+00  0.00000E+00  0.00000E+00  0.00000E+00  0.00000E+00  0.00000E+00  0.10594E-02  0.10081E-02  0.87559E-03  0.80892E-05  0.58137E-06 -0.64106E-04       5  0.88299E-03  0.00000E+00  0.00000E+00 -0.14124E-03 -0.31272E-05 -0.15308E-03 -0.12963E-04  0.18422E-03  0.14007E-04
        0.1004  0.00000E+00  0.00000E+00  0.00000E+00  0.00000E+00  0.00000E+00  0.00000E+00  0.10579E-02  0.10081E-02  0.87603E-03  0.80893E-05  0.81240E-06 -0.89040E-04       6  0.88300E-03  0.00000E+00  0.00000E+00 -0.28580E-03 -0.11290E-04 -0.10629E-03 -0.15999E-04  0.16809E-03  0.18808E-04
        0.1376  0.00000E+00  0.00000E+00  0.00000E+00  0.00000E+00  0.00000E+00  0.00000E+00  0.10556E-02  0.10082E-02  0.87641E-03  0.80896E-05  0.11128E-05 -0.13090E-03       7  0.88301E-03  0.00000E+00  0.00000E+00 -0.49462E-03 -0.29655E-04 -0.36794E-04 -0.17365E-04  0.13614E-03  0.23862E-04
        0.1858  0.00000E+00  0.00000E+00  0.00000E+00  0.00000E+00  0.00000E+00  0.00000E+00  0.10528E-02  0.10081E-02  0.87669E-03  0.80897E-05  0.15032E-05 -0.20789E-03       8  0.88302E-03  0.00000E+00  0.00000E+00 -0.77098E-03 -0.66869E-04 -0.61087E-03 -0.46850E-04  0.67236E-04  0.27108E-04
        0.2358  0.00000E+00  0.00000E+00  0.00000E+00  0.00000E+00  0.00000E+00  0.00000E+00  0.10501E-02  0.10081E-02  0.87688E-03  0.80883E-05  0.19077E-05 -0.31696E-03       9  0.88302E-03  0.00000E+00  0.00000E+00 -0.10409E-02 -0.11891E-03 -0.13354E-02 -0.11362E-03 -0.36318E-04  0.25292E-04
        0.2858  0.00000E+00  0.00000E+00  0.00000E+00  0.00000E+00  0.00000E+00  0.00000E+00  0.10481E-02  0.10081E-02  0.87700E-03  0.80864E-05  0.23120E-05 -0.45255E-03      10  0.88303E-03  0.00000E+00  0.00000E+00 -0.12568E-02 -0.18175E-03 -0.22824E-02 -0.22774E-03 -0.18466E-03  0.16059E-04
        0.3358  0.00000E+00  0.00000E+00  0.00000E+00  0.00000E+00  0.00000E+00  0.00000E+00  0.10466E-02  0.10081E-02  0.87708E-03  0.80844E-05  0.27162E-05 -0.60796E-03      11  0.88303E-03  0.00000E+00  0.00000E+00 -0.14075E-02 -0.25213E-03 -0.32861E-02 -0.39205E-03 -0.37496E-03 -0.26890E-05
        0.3858  0.00000E+00  0.00000E+00  0.00000E+00  0.00000E+00  0.00000E+00  0.00000E+00  0.10454E-02  0.10081E-02  0.87713E-03  0.80820E-05  0.31203E-05 -0.77841E-03      12  0.88303E-03  0.00000E+00  0.00000E+00 -0.15197E-02 -0.32812E-03 -0.42734E-02 -0.60572E-03 -0.59920E-03 -0.32649E-04
        0.4358  0.00000E+00  0.00000E+00  0.00000E+00  0.00000E+00  0.00000E+00  0.00000E+00  0.10445E-02  0.10080E-02  0.87718E-03  0.80797E-05  0.35243E-05 -0.95885E-03      13  0.88303E-03  0.00000E+00  0.00000E+00 -0.16016E-02 -0.40820E-03 -0.51121E-02 -0.86132E-03 -0.83886E-03 -0.74592E-04
        0.4858  0.00000E+00  0.00000E+00  0.00000E+00  0.00000E+00  0.00000E+00  0.00000E+00  0.10441E-02  0.10080E-02  0.87723E-03  0.80776E-05  0.39282E-05 -0.11423E-02      14  0.88303E-03  0.00000E+00  0.00000E+00 -0.16216E-02 -0.48928E-03 -0.57875E-02 -0.11507E-02 -0.10757E-02 -0.12838E-03
        0.5358  0.00000E+00  0.00000E+00  0.00000E+00  0.00000E+00  0.00000E+00  0.00000E+00  0.10439E-02  0.10079E-02  0.87729E-03  0.80755E-05  0.43319E-05 -0.13214E-02      15  0.88303E-03  0.00000E+00  0.00000E+00 -0.16093E-02 -0.56974E-03 -0.63982E-02 -0.14706E-02 -0.13071E-02 -0.19373E-03
        0.5858  0.00000E+00  0.00000E+00  0.00000E+00  0.00000E+00  0.00000E+00  0.00000E+00  0.10442E-02  0.10079E-02  0.87736E-03  0.80744E-05  0.47357E-05 -0.14891E-02      16  0.88304E-03  0.00000E+00  0.00000E+00 -0.15370E-02 -0.64660E-03 -0.66674E-02 -0.18040E-02 -0.15014E-02 -0.26880E-03
        0.6358  0.00000E+00  0.00000E+00  0.00000E+00  0.00000E+00  0.00000E+00  0.00000E+00  0.10447E-02  0.10078E-02  0.87747E-03  0.80729E-05  0.51393E-05 -0.16399E-02      17  0.88304E-03  0.00000E+00  0.00000E+00 -0.14321E-02 -0.71820E-03 -0.66344E-02 -0.21357E-02 -0.16282E-02 -0.35021E-03
        0.6858  0.00000E+00  0.00000E+00  0.00000E+00  0.00000E+00  0.00000E+00  0.00000E+00  0.10456E-02  0.10078E-02  0.87761E-03  0.80730E-05  0.55430E-05 -0.17691E-02      18  0.88304E-03  0.00000E+00  0.00000E+00 -0.12798E-02 -0.78219E-03 -0.63330E-02 -0.24523E-02 -0.16804E-02 -0.43423E-03
        0.7358  0.00000E+00  0.00000E+00  0.00000E+00  0.00000E+00  0.00000E+00  0.00000E+00  0.10467E-02  0.10077E-02  0.87780E-03  0.80729E-05  0.59466E-05 -0.18741E-02      19  0.88305E-03  0.00000E+00  0.00000E+00 -0.11062E-02 -0.83750E-03 -0.58319E-02 -0.27439E-02 -0.16633E-02 -0.51740E-03
        0.7858  0.00000E+00  0.00000E+00  0.00000E+00  0.00000E+00  0.00000E+00  0.00000E+00  0.10487E-02  0.10078E-02  0.87805E-03  0.80739E-05  0.63503E-05 -0.19472E-02      20  0.88305E-03  0.00000E+00  0.00000E+00 -0.84511E-03 -0.87975E-03 -0.50807E-02 -0.29980E-02 -0.15755E-02 -0.59617E-03
        0.8358  0.00000E+00  0.00000E+00  0.00000E+00  0.00000E+00  0.00000E+00  0.00000E+00  0.10507E-02  0.10078E-02  0.87836E-03  0.80752E-05  0.67541E-05 -0.19885E-02      21  0.88307E-03  0.00000E+00  0.00000E+00 -0.57336E-03 -0.90842E-03 -0.42084E-02 -0.32084E-02 -0.14325E-02 -0.66779E-03
        0.8858  0.00000E+00  0.00000E+00  0.00000E+00  0.00000E+00  0.00000E+00  0.00000E+00  0.10529E-02  0.10078E-02  0.87874E-03  0.80768E-05  0.71579E-05 -0.20041E-02      22  0.88308E-03  0.00000E+00  0.00000E+00 -0.30578E-03 -0.92371E-03 -0.33292E-02 -0.33749E-02 -0.12582E-02 -0.73071E-03
        0.9358  0.00000E+00 -0.22989E-04  0.00000E+00 -0.11495E-05  0.00000E+00  0.00000E+00  0.10548E-02  0.10079E-02  0.88129E-03  0.80785E-05  0.75618E-05 -0.19952E-02      23  0.88313E-03  0.00000E+00  0.00000E+00 -0.86151E-04 -0.92802E-03 -0.25526E-02 -0.35025E-02 -0.10782E-02 -0.78462E-03
        0.9679  0.00000E+00 -0.62288E-04  0.00000E+00 -0.31480E-05  0.00000E+00  0.00000E+00  0.10557E-02  0.10079E-02  0.88116E-03  0.80800E-05  0.78211E-05 -0.19829E-02      24  0.88312E-03  0.00000E+00  0.00000E+00  0.61679E-05 -0.92782E-03 -0.21248E-02 -0.35707E-02 -0.96701E-03 -0.81565E-03
        1.0000  0.00000E+00 -0.95404E-04  0.00000E+00 -0.62091E-05  0.00000E+00  0.00000E+00  0.10561E-02  0.10079E-02  0.88124E-03  0.80808E-05  0.80804E-05 -0.19703E-02      25  0.88312E-03  0.00000E+00  0.00000E+00  0.62084E-04 -0.92583E-03 -0.17857E-02 -0.36280E-02 -0.86580E-03 -0.84343E-03
end
