 ******* Program HYDRUS
 ******* 
 Welcome to HYDRUS-1D                                                    
 Date:  28. 3.2022    Time:   8:56:51
 Units: L = cm   , T = days , M = mg   

----------------------------------------------------------
 Time       [T]        0.0000
----------------------------------------------------------
 Sub-region num.                     1
----------------------------------------------------------
 Length   [L]        0.30000E+03  0.30000E+03
 W-volume [L]        0.10271E+03  0.10271E+03
 In-flow  [L/T]      0.00000E+00  0.00000E+00
 h Mean   [L]       -0.64555E+02 -0.64555E+02
 ConcVol  [M/L2] 1   0.10545E+00  0.10545E+00
 cMean    [M/L3] 1   0.10498E-02  0.10498E-02
 SorbVolIm[M/L2] 1   0.46698E+02  0.46698E+02
 sMeanIm  [-]    1   0.10735E+00  0.10735E+00
 Top Flux [L/T]     -0.18644E-01
 Bot Flux [L/T]     -0.20717E+01
----------------------------------------------------------

----------------------------------------------------------
 Time       [T]        1.0000
----------------------------------------------------------
 Sub-region num.                     1
----------------------------------------------------------
 Length   [L]        0.30000E+03  0.30000E+03
 W-volume [L]        0.10085E+03  0.10085E+03
 In-flow  [L/T]     -0.95396E+00 -0.95396E+00
 h Mean   [L]       -0.79954E+02 -0.79954E+02
 ConcVol  [M/L2] 1   0.90082E-01  0.90082E-01
 cMean    [M/L3] 1   0.89497E-03  0.89497E-03
 SorbVolIm[M/L2] 1   0.46717E+02  0.46717E+02
 sMeanIm  [-]    1   0.10740E+00  0.10740E+00
 Top Flux [L/T]     -0.11179E-04
 Bot Flux [L/T]     -0.87601E+00
 WatBalT  [L]       -0.25034E-04
 WatBalR  [%]              0.001
 CncBalT  [M]    1   0.50659E-02
 CncBalR  [%]    1        32.969
----------------------------------------------------------
 
 Calculation time [sec]  9.999990463256836E-003
