 ******* Program HYDRUS
 ******* 
 Welcome to HYDRUS-1D                                                    
 Date:  29. 3.2022    Time:  17:28: 2
 Units: L = cm   , T = days , M = mg   


 Time:        0.0000


 Node      Depth      Head Moisture       K          C         Flux        Sink         Kappa   v/KsTop   Temp   Conc(1..NS) Sorb(1...NS)
           [L]        [L]    [-]        [L/T]      [1/L]      [L/T]        [1/T]         [-]      [-]      [C]      [M/L*3]

   1     0.0000    -194.960 0.2884   0.1306E+01  0.3877E-03  0.1326E-02  0.0000E+00      -1   0.305E-04   20.00  0.1051E-02  0.1260E+00
   2    -3.0000    -191.957 0.2895   0.1341E+01  0.3913E-03 -0.1534E-01  0.0000E+00      -1  -0.353E-03   20.00  0.1060E-02  0.1272E+00
   3    -6.0000    -189.027 0.2907   0.1404E+01  0.3951E-03 -0.4856E-01  0.0000E+00      -1  -0.112E-02   20.00  0.1041E-02  0.1249E+00
   4    -9.0000    -186.163 0.2919   0.1468E+01  0.3988E-03 -0.7977E-01  0.1015E-02      -1  -0.184E-02   20.00  0.1036E-02  0.1243E+00
   5   -12.0000    -183.352 0.2930   0.1530E+01  0.4025E-03 -0.1086E+00  0.1015E-02      -1  -0.250E-02   20.00  0.1026E-02  0.1232E+00
   6   -15.0000    -180.588 0.2942   0.1592E+01  0.4061E-03 -0.1371E+00  0.1016E-02      -1  -0.315E-02   20.00  0.1011E-02  0.1213E+00
   7   -18.0000    -177.868 0.2953   0.1653E+01  0.4096E-03 -0.1652E+00  0.1016E-02      -1  -0.380E-02   20.00  0.9889E-03  0.1187E+00
   8   -21.0000    -175.187 0.2964   0.1712E+01  0.4131E-03 -0.1925E+00  0.1017E-02      -1  -0.443E-02   20.00  0.9633E-03  0.1156E+00
   9   -24.0000    -172.542 0.2976   0.1771E+01  0.4166E-03 -0.2195E+00  0.1007E-02      -1  -0.505E-02   20.00  0.9386E-03  0.1126E+00
  10   -27.0000    -169.930 0.2986   0.1829E+01  0.4200E-03 -0.2462E+00  0.9543E-03      -1  -0.566E-02   20.00  0.9186E-03  0.1102E+00
  11   -30.0000    -167.349 0.2997   0.1887E+01  0.4233E-03 -0.2725E+00  0.9016E-03      -1  -0.627E-02   20.00  0.9037E-03  0.1084E+00
  12   -33.0000    -164.796 0.3008   0.1944E+01  0.4266E-03 -0.2985E+00  0.8489E-03      -1  -0.687E-02   20.00  0.8936E-03  0.1072E+00
  13   -36.0000    -162.270 0.3018   0.2000E+01  0.4299E-03 -0.3245E+00  0.7962E-03      -1  -0.747E-02   20.00  0.8878E-03  0.1065E+00
  14   -39.0000    -159.769 0.3029   0.2056E+01  0.4332E-03 -0.3503E+00  0.7434E-03      -1  -0.806E-02   20.00  0.8851E-03  0.1062E+00
  15   -42.0000    -157.292 0.3039   0.2111E+01  0.4364E-03 -0.3759E+00  0.6906E-03      -1  -0.865E-02   20.00  0.8835E-03  0.1060E+00
  16   -45.0000    -154.837 0.3049   0.2166E+01  0.4396E-03 -0.4007E+00  0.6377E-03      -1  -0.922E-02   20.00  0.8833E-03  0.1060E+00
  17   -48.0000    -152.402 0.3060   0.2220E+01  0.4428E-03 -0.4262E+00  0.5847E-03      -1  -0.981E-02   20.00  0.8834E-03  0.1060E+00
  18   -51.0000    -149.984 0.3071   0.2309E+01  0.4456E-03 -0.4530E+00  0.5317E-03      -1  -0.104E-01   20.00  0.8834E-03  0.1060E+00
  19   -54.0000    -147.578 0.3082   0.2405E+01  0.4484E-03 -0.4803E+00  0.4787E-03      -1  -0.111E-01   20.00  0.8834E-03  0.1060E+00
  20   -57.0000    -145.182 0.3093   0.2501E+01  0.4512E-03 -0.5072E+00  0.4256E-03      -1  -0.117E-01   20.00  0.8834E-03  0.1060E+00
  21   -60.0000    -142.795 0.3104   0.2596E+01  0.4539E-03 -0.5343E+00  0.3725E-03      -1  -0.123E-01   20.00  0.8833E-03  0.1060E+00
  22   -63.0000    -140.417 0.3115   0.2690E+01  0.4567E-03 -0.5610E+00  0.3194E-03      -1  -0.129E-01   20.00  0.8833E-03  0.1060E+00
  23   -66.0000    -138.046 0.3126   0.2785E+01  0.4594E-03 -0.5872E+00  0.2662E-03      -1  -0.135E-01   20.00  0.8833E-03  0.1060E+00
  24   -69.0000    -135.682 0.3137   0.2879E+01  0.4622E-03 -0.6133E+00  0.2131E-03      -1  -0.141E-01   20.00  0.8833E-03  0.1060E+00
  25   -72.0000    -133.324 0.3148   0.2973E+01  0.4649E-03 -0.6387E+00  0.1598E-03      -1  -0.147E-01   20.00  0.8833E-03  0.1060E+00
  26   -75.0000    -130.971 0.3158   0.3067E+01  0.4676E-03 -0.6645E+00  0.1066E-03      -1  -0.153E-01   20.00  0.8833E-03  0.1060E+00
  27   -78.0000    -128.624 0.3169   0.3160E+01  0.4703E-03 -0.6895E+00  0.5330E-04      -1  -0.159E-01   20.00  0.8833E-03  0.1060E+00
  28   -81.0000    -126.280 0.3180   0.3254E+01  0.4730E-03 -0.7142E+00  0.0000E+00      -1  -0.164E-01   20.00  0.8833E-03  0.1060E+00
  29   -84.0000    -123.941 0.3191   0.3347E+01  0.4757E-03 -0.7391E+00  0.0000E+00      -1  -0.170E-01   20.00  0.8833E-03  0.1060E+00
  30   -87.0000    -121.605 0.3202   0.3440E+01  0.4784E-03 -0.7625E+00  0.0000E+00      -1  -0.175E-01   20.00  0.8833E-03  0.1060E+00
  31   -90.0000    -119.268 0.3213   0.3564E+01  0.4806E-03 -0.7863E+00  0.0000E+00      -1  -0.181E-01   20.00  0.8833E-03  0.1060E+00
  32   -93.0000    -116.926 0.3224   0.3719E+01  0.4823E-03 -0.8106E+00  0.0000E+00      -1  -0.187E-01   20.00  0.8833E-03  0.1060E+00
  33   -96.0000    -114.576 0.3236   0.3874E+01  0.4840E-03 -0.8341E+00  0.0000E+00      -1  -0.192E-01   20.00  0.8833E-03  0.1060E+00
  34   -99.0000    -112.218 0.3247   0.4029E+01  0.4856E-03 -0.8568E+00  0.0000E+00      -1  -0.197E-01   20.00  0.8833E-03  0.1060E+00
  35  -102.0000    -109.852 0.3259   0.4185E+01  0.4873E-03 -0.8788E+00  0.0000E+00      -1  -0.202E-01   20.00  0.8833E-03  0.1060E+00
  36  -105.0000    -107.478 0.3271   0.4342E+01  0.4890E-03 -0.9009E+00  0.0000E+00      -1  -0.207E-01   20.00  0.8833E-03  0.1060E+00
  37  -108.0000    -105.097 0.3282   0.4499E+01  0.4907E-03 -0.9222E+00  0.0000E+00      -1  -0.212E-01   20.00  0.8833E-03  0.1060E+00
  38  -111.0000    -102.708 0.3294   0.4657E+01  0.4924E-03 -0.9421E+00  0.0000E+00      -1  -0.217E-01   20.00  0.8833E-03  0.1060E+00
  39  -114.0000    -100.311 0.3306   0.4815E+01  0.4941E-03 -0.9621E+00  0.0000E+00      -1  -0.221E-01   20.00  0.8833E-03  0.1060E+00
  40  -117.0000     -97.907 0.3318   0.4973E+01  0.4958E-03 -0.9822E+00  0.0000E+00      -1  -0.226E-01   20.00  0.8833E-03  0.1060E+00
  41  -120.0000     -95.496 0.3329   0.5132E+01  0.4975E-03 -0.1001E+01  0.0000E+00      -1  -0.230E-01   20.00  0.8833E-03  0.1060E+00
  42  -123.0000     -93.072 0.3341   0.5377E+01  0.4974E-03 -0.1018E+01  0.0000E+00      -1  -0.234E-01   20.00  0.8833E-03  0.1060E+00
  43  -126.0000     -90.632 0.3354   0.5625E+01  0.4973E-03 -0.1037E+01  0.0000E+00      -1  -0.239E-01   20.00  0.8833E-03  0.1060E+00
  44  -129.0000     -88.178 0.3366   0.5875E+01  0.4972E-03 -0.1053E+01  0.0000E+00      -1  -0.242E-01   20.00  0.8833E-03  0.1060E+00
  45  -132.0000     -85.708 0.3378   0.6126E+01  0.4971E-03 -0.1070E+01  0.0000E+00      -1  -0.246E-01   20.00  0.8833E-03  0.1060E+00
  46  -135.0000     -83.226 0.3391   0.6378E+01  0.4970E-03 -0.1086E+01  0.0000E+00      -1  -0.250E-01   20.00  0.8833E-03  0.1060E+00
  47  -138.0000     -80.730 0.3403   0.6631E+01  0.4968E-03 -0.1101E+01  0.0000E+00      -1  -0.253E-01   20.00  0.8833E-03  0.1060E+00
  48  -141.0000     -78.222 0.3416   0.6886E+01  0.4967E-03 -0.1115E+01  0.0000E+00      -1  -0.257E-01   20.00  0.8833E-03  0.1060E+00
  49  -144.0000     -75.702 0.3428   0.7142E+01  0.4966E-03 -0.1129E+01  0.0000E+00      -1  -0.260E-01   20.00  0.8833E-03  0.1060E+00
  50  -147.0000     -73.167 0.3440   0.7512E+01  0.4940E-03 -0.1143E+01  0.0000E+00      -1  -0.263E-01   20.00  0.8833E-03  0.1060E+00
  51  -150.0000     -70.615 0.3453   0.7886E+01  0.4913E-03 -0.1155E+01  0.0000E+00      -1  -0.266E-01   20.00  0.8833E-03  0.1060E+00
  52  -153.0000     -68.046 0.3466   0.8263E+01  0.4886E-03 -0.1167E+01  0.0000E+00      -1  -0.269E-01   20.00  0.8833E-03  0.1060E+00
  53  -156.0000     -65.463 0.3478   0.8642E+01  0.4859E-03 -0.1179E+01  0.0000E+00      -1  -0.271E-01   20.00  0.8833E-03  0.1060E+00
  54  -159.0000     -62.865 0.3491   0.9023E+01  0.4831E-03 -0.1189E+01  0.0000E+00      -1  -0.274E-01   20.00  0.8833E-03  0.1060E+00
  55  -162.0000     -60.254 0.3504   0.9406E+01  0.4804E-03 -0.1201E+01  0.0000E+00      -1  -0.276E-01   20.00  0.8833E-03  0.1060E+00
  56  -165.0000     -57.629 0.3516   0.9917E+01  0.4749E-03 -0.1211E+01  0.0000E+00      -1  -0.279E-01   20.00  0.8833E-03  0.1060E+00
  57  -168.0000     -54.987 0.3528   0.1045E+02  0.4689E-03 -0.1220E+01  0.0000E+00      -1  -0.281E-01   20.00  0.8833E-03  0.1060E+00
  58  -171.0000     -52.330 0.3541   0.1098E+02  0.4630E-03 -0.1227E+01  0.0000E+00      -1  -0.282E-01   20.00  0.8833E-03  0.1060E+00
  59  -174.0000     -49.658 0.3553   0.1152E+02  0.4570E-03 -0.1236E+01  0.0000E+00      -1  -0.284E-01   20.00  0.8833E-03  0.1060E+00
  60  -177.0000     -46.974 0.3566   0.1209E+02  0.4503E-03 -0.1246E+01  0.0000E+00      -1  -0.287E-01   20.00  0.8833E-03  0.1060E+00
  61  -180.0000     -44.275 0.3577   0.1280E+02  0.4408E-03 -0.1251E+01  0.0000E+00      -1  -0.288E-01   20.00  0.8833E-03  0.1060E+00
  62  -183.0000     -41.561 0.3589   0.1351E+02  0.4313E-03 -0.1258E+01  0.0000E+00      -1  -0.289E-01   20.00  0.8833E-03  0.1060E+00
  63  -186.0000     -38.834 0.3601   0.1422E+02  0.4217E-03 -0.1263E+01  0.0000E+00      -1  -0.291E-01   20.00  0.8833E-03  0.1060E+00
  64  -189.0000     -36.093 0.3613   0.1505E+02  0.4100E-03 -0.1270E+01  0.0000E+00      -1  -0.292E-01   20.00  0.8833E-03  0.1060E+00
  65  -192.0000     -33.340 0.3624   0.1596E+02  0.3967E-03 -0.1276E+01  0.0000E+00      -1  -0.294E-01   20.00  0.8833E-03  0.1060E+00
  66  -195.0000     -30.573 0.3635   0.1687E+02  0.3833E-03 -0.1279E+01  0.0000E+00      -1  -0.294E-01   20.00  0.8833E-03  0.1060E+00
  67  -198.0000     -27.794 0.3645   0.1795E+02  0.3672E-03 -0.1286E+01  0.0000E+00      -1  -0.296E-01   20.00  0.8833E-03  0.1060E+00
  68  -201.0000     -25.003 0.3655   0.1908E+02  0.3500E-03 -0.1289E+01  0.0000E+00      -1  -0.297E-01   20.00  0.8833E-03  0.1060E+00
  69  -204.0000     -22.199 0.3665   0.2034E+02  0.3308E-03 -0.1292E+01  0.0000E+00      -1  -0.297E-01   20.00  0.8833E-03  0.1060E+00
  70  -207.0000     -19.384 0.3674   0.2171E+02  0.3097E-03 -0.1293E+01  0.0000E+00      -1  -0.297E-01   20.00  0.8833E-03  0.1060E+00
  71  -210.0000     -16.556 0.3682   0.2328E+02  0.2856E-03 -0.1297E+01  0.0000E+00      -1  -0.298E-01   20.00  0.8833E-03  0.1060E+00
  72  -213.0000     -13.718 0.3690   0.2502E+02  0.2590E-03 -0.1303E+01  0.0000E+00      -1  -0.300E-01   20.00  0.8833E-03  0.1060E+00
  73  -216.0000     -10.868 0.3697   0.2702E+02  0.2286E-03 -0.1304E+01  0.0000E+00      -1  -0.300E-01   20.00  0.8833E-03  0.1060E+00
  74  -219.0000      -8.007 0.3703   0.2938E+02  0.1934E-03 -0.1301E+01  0.0000E+00      -1  -0.299E-01   20.00  0.8833E-03  0.1060E+00
  75  -222.0000      -5.133 0.3708   0.3230E+02  0.1509E-03 -0.1305E+01  0.0000E+00      -1  -0.300E-01   20.00  0.8833E-03  0.1060E+00
  76  -225.0000      -2.248 0.3712   0.3630E+02  0.9463E-04 -0.1309E+01  0.0000E+00      -1  -0.301E-01   20.00  0.8833E-03  0.1060E+00
  77  -228.0000       0.654 0.3713   0.4346E+02  0.0000E+00 -0.1303E+01  0.0000E+00      -1  -0.300E-01   20.00  0.8833E-03  0.1060E+00
  78  -231.0000       3.564 0.3713   0.4346E+02  0.0000E+00 -0.1304E+01  0.0000E+00      -1  -0.300E-01   20.00  0.8833E-03  0.1060E+00
  79  -234.0000       6.474 0.3713   0.4346E+02  0.0000E+00 -0.1311E+01  0.0000E+00      -1  -0.302E-01   20.00  0.8833E-03  0.1060E+00
  80  -237.0000       9.383 0.3713   0.4346E+02  0.0000E+00 -0.1311E+01  0.0000E+00      -1  -0.302E-01   20.00  0.8833E-03  0.1060E+00
  81  -240.0000      12.293 0.3713   0.4346E+02  0.0000E+00 -0.1304E+01  0.0000E+00      -1  -0.300E-01   20.00  0.8833E-03  0.1060E+00
  82  -243.0000      15.203 0.3713   0.4346E+02  0.0000E+00 -0.1304E+01  0.0000E+00      -1  -0.300E-01   20.00  0.8833E-03  0.1060E+00
  83  -246.0000      18.113 0.3713   0.4346E+02  0.0000E+00 -0.1304E+01  0.0000E+00      -1  -0.300E-01   20.00  0.8833E-03  0.1060E+00
  84  -249.0000      21.023 0.3713   0.4346E+02  0.0000E+00 -0.1311E+01  0.0000E+00      -1  -0.302E-01   20.00  0.8833E-03  0.1060E+00
  85  -252.0000      23.932 0.3713   0.4346E+02  0.0000E+00 -0.1311E+01  0.0000E+00      -1  -0.302E-01   20.00  0.8833E-03  0.1060E+00
  86  -255.0000      26.842 0.3713   0.4346E+02  0.0000E+00 -0.1304E+01  0.0000E+00      -1  -0.300E-01   20.00  0.8833E-03  0.1060E+00
  87  -258.0000      29.752 0.3713   0.4346E+02  0.0000E+00 -0.1304E+01  0.0000E+00      -1  -0.300E-01   20.00  0.8833E-03  0.1060E+00
  88  -261.0000      32.662 0.3713   0.4346E+02  0.0000E+00 -0.1304E+01  0.0000E+00      -1  -0.300E-01   20.00  0.8833E-03  0.1060E+00
  89  -264.0000      35.572 0.3713   0.4346E+02  0.0000E+00 -0.1304E+01  0.0000E+00      -1  -0.300E-01   20.00  0.8833E-03  0.1060E+00
  90  -267.0000      38.482 0.3713   0.4346E+02  0.0000E+00 -0.1311E+01  0.0000E+00      -1  -0.302E-01   20.00  0.8833E-03  0.1060E+00
  91  -270.0000      41.391 0.3713   0.4346E+02  0.0000E+00 -0.1311E+01  0.0000E+00      -1  -0.302E-01   20.00  0.8833E-03  0.1060E+00
  92  -273.0000      44.301 0.3713   0.4346E+02  0.0000E+00 -0.1304E+01  0.0000E+00      -1  -0.300E-01   20.00  0.8833E-03  0.1060E+00
  93  -276.0000      47.211 0.3713   0.4346E+02  0.0000E+00 -0.1304E+01  0.0000E+00      -1  -0.300E-01   20.00  0.8833E-03  0.1060E+00
  94  -279.0000      50.121 0.3713   0.4346E+02  0.0000E+00 -0.1304E+01  0.0000E+00      -1  -0.300E-01   20.00  0.8833E-03  0.1060E+00
  95  -282.0000      53.031 0.3713   0.4346E+02  0.0000E+00 -0.1311E+01  0.0000E+00      -1  -0.302E-01   20.00  0.8833E-03  0.1060E+00
  96  -285.0000      55.940 0.3713   0.4346E+02  0.0000E+00 -0.1311E+01  0.0000E+00      -1  -0.302E-01   20.00  0.8833E-03  0.1060E+00
  97  -288.0000      58.850 0.3713   0.4346E+02  0.0000E+00 -0.1304E+01  0.0000E+00      -1  -0.300E-01   20.00  0.8833E-03  0.1060E+00
  98  -291.0000      61.760 0.3713   0.4346E+02  0.0000E+00 -0.1304E+01  0.0000E+00      -1  -0.300E-01   20.00  0.8831E-03  0.1060E+00
  99  -294.0000      64.670 0.3713   0.4346E+02  0.0000E+00 -0.1304E+01  0.0000E+00      -1  -0.300E-01   20.00  0.8821E-03  0.1059E+00
 100  -297.0000      67.580 0.3713   0.4346E+02  0.0000E+00 -0.1311E+01  0.0000E+00      -1  -0.302E-01   20.00  0.8801E-03  0.1056E+00
 101  -300.0000      70.489 0.3713   0.4346E+02  0.0000E+00 -0.1318E+01  0.0000E+00      -1  -0.303E-01   20.00  0.8801E-03  0.1054E+00
end


 Time:        1.0000


 Node      Depth      Head Moisture       K          C         Flux        Sink         Kappa   v/KsTop   Temp   Conc(1..NS) Sorb(1...NS)
           [L]        [L]    [-]        [L/T]      [1/L]      [L/T]        [1/T]         [-]      [-]      [C]      [M/L*3]

   1     0.0000    -217.258 0.2803   0.1044E+01  0.3601E-03  0.1284E-01  0.0000E+00      -1   0.295E-03   20.00  0.1051E-02  0.1261E+00
   2    -3.0000    -214.231 0.2814   0.1078E+01  0.3637E-03  0.6359E-02  0.0000E+00      -1   0.146E-03   20.00  0.1060E-02  0.1272E+00
   3    -6.0000    -211.223 0.2824   0.1112E+01  0.3673E-03 -0.1973E-03  0.0000E+00      -1  -0.454E-05   20.00  0.1041E-02  0.1249E+00
   4    -9.0000    -208.232 0.2835   0.1147E+01  0.3709E-03 -0.5070E-02  0.1010E-02      -1  -0.117E-03   20.00  0.1036E-02  0.1243E+00
   5   -12.0000    -205.249 0.2846   0.1181E+01  0.3745E-03 -0.8190E-02  0.1011E-02      -1  -0.188E-03   20.00  0.1027E-02  0.1232E+00
   6   -15.0000    -202.273 0.2856   0.1215E+01  0.3781E-03 -0.1118E-01  0.1011E-02      -1  -0.257E-03   20.00  0.1011E-02  0.1213E+00
   7   -18.0000    -199.304 0.2867   0.1249E+01  0.3817E-03 -0.1414E-01  0.1012E-02      -1  -0.325E-03   20.00  0.9891E-03  0.1187E+00
   8   -21.0000    -196.341 0.2878   0.1283E+01  0.3853E-03 -0.1714E-01  0.1013E-02      -1  -0.394E-03   20.00  0.9633E-03  0.1156E+00
   9   -24.0000    -193.384 0.2888   0.1317E+01  0.3889E-03 -0.2025E-01  0.1003E-02      -1  -0.466E-03   20.00  0.9384E-03  0.1126E+00
  10   -27.0000    -190.433 0.2899   0.1360E+01  0.3925E-03 -0.2415E-01  0.9506E-03      -1  -0.556E-03   20.00  0.9184E-03  0.1102E+00
  11   -30.0000    -187.490 0.2912   0.1426E+01  0.3964E-03 -0.2893E-01  0.8983E-03      -1  -0.666E-03   20.00  0.9034E-03  0.1084E+00
  12   -33.0000    -184.555 0.2924   0.1492E+01  0.4002E-03 -0.3409E-01  0.8460E-03      -1  -0.784E-03   20.00  0.8934E-03  0.1072E+00
  13   -36.0000    -181.627 0.2936   0.1557E+01  0.4041E-03 -0.3965E-01  0.7936E-03      -1  -0.912E-03   20.00  0.8876E-03  0.1065E+00
  14   -39.0000    -178.707 0.2949   0.1623E+01  0.4079E-03 -0.4561E-01  0.7411E-03      -1  -0.105E-02   20.00  0.8850E-03  0.1062E+00
  15   -42.0000    -175.796 0.2961   0.1688E+01  0.4117E-03 -0.5197E-01  0.6885E-03      -1  -0.120E-02   20.00  0.8834E-03  0.1060E+00
  16   -45.0000    -172.892 0.2973   0.1753E+01  0.4155E-03 -0.5873E-01  0.6359E-03      -1  -0.135E-02   20.00  0.8833E-03  0.1060E+00
  17   -48.0000    -169.997 0.2985   0.1818E+01  0.4193E-03 -0.6587E-01  0.5832E-03      -1  -0.152E-02   20.00  0.8833E-03  0.1060E+00
  18   -51.0000    -167.109 0.2997   0.1883E+01  0.4231E-03 -0.7338E-01  0.5304E-03      -1  -0.169E-02   20.00  0.8833E-03  0.1060E+00
  19   -54.0000    -164.230 0.3009   0.1948E+01  0.4269E-03 -0.8125E-01  0.4776E-03      -1  -0.187E-02   20.00  0.8833E-03  0.1060E+00
  20   -57.0000    -161.359 0.3021   0.2012E+01  0.4306E-03 -0.8945E-01  0.4247E-03      -1  -0.206E-02   20.00  0.8833E-03  0.1060E+00
  21   -60.0000    -158.497 0.3033   0.2076E+01  0.4344E-03 -0.9798E-01  0.3718E-03      -1  -0.225E-02   20.00  0.8833E-03  0.1060E+00
  22   -63.0000    -155.643 0.3045   0.2140E+01  0.4381E-03 -0.1068E+00  0.3188E-03      -1  -0.246E-02   20.00  0.8833E-03  0.1060E+00
  23   -66.0000    -152.796 0.3057   0.2204E+01  0.4419E-03 -0.1161E+00  0.2658E-03      -1  -0.267E-02   20.00  0.8833E-03  0.1060E+00
  24   -69.0000    -149.957 0.3070   0.2299E+01  0.4453E-03 -0.1262E+00  0.2127E-03      -1  -0.290E-02   20.00  0.8833E-03  0.1060E+00
  25   -72.0000    -147.125 0.3083   0.2412E+01  0.4486E-03 -0.1368E+00  0.1596E-03      -1  -0.315E-02   20.00  0.8833E-03  0.1060E+00
  26   -75.0000    -144.297 0.3096   0.2526E+01  0.4519E-03 -0.1476E+00  0.1064E-03      -1  -0.340E-02   20.00  0.8833E-03  0.1060E+00
  27   -78.0000    -141.475 0.3109   0.2639E+01  0.4552E-03 -0.1585E+00  0.5323E-04      -1  -0.365E-02   20.00  0.8833E-03  0.1060E+00
  28   -81.0000    -138.658 0.3122   0.2752E+01  0.4585E-03 -0.1696E+00  0.0000E+00      -1  -0.390E-02   20.00  0.8833E-03  0.1060E+00
  29   -84.0000    -135.845 0.3136   0.2865E+01  0.4617E-03 -0.1805E+00  0.0000E+00      -1  -0.415E-02   20.00  0.8833E-03  0.1060E+00
  30   -87.0000    -133.036 0.3149   0.2977E+01  0.4650E-03 -0.1913E+00  0.0000E+00      -1  -0.440E-02   20.00  0.8833E-03  0.1060E+00
  31   -90.0000    -130.230 0.3162   0.3089E+01  0.4683E-03 -0.2019E+00  0.0000E+00      -1  -0.465E-02   20.00  0.8833E-03  0.1060E+00
  32   -93.0000    -127.428 0.3175   0.3202E+01  0.4715E-03 -0.2123E+00  0.0000E+00      -1  -0.488E-02   20.00  0.8833E-03  0.1060E+00
  33   -96.0000    -124.628 0.3188   0.3314E+01  0.4748E-03 -0.2224E+00  0.0000E+00      -1  -0.512E-02   20.00  0.8833E-03  0.1060E+00
  34   -99.0000    -121.831 0.3200   0.3426E+01  0.4780E-03 -0.2322E+00  0.0000E+00      -1  -0.534E-02   20.00  0.8833E-03  0.1060E+00
  35  -102.0000    -119.034 0.3214   0.3571E+01  0.4807E-03 -0.2421E+00  0.0000E+00      -1  -0.557E-02   20.00  0.8833E-03  0.1060E+00
  36  -105.0000    -116.236 0.3228   0.3756E+01  0.4827E-03 -0.2519E+00  0.0000E+00      -1  -0.580E-02   20.00  0.8833E-03  0.1060E+00
  37  -108.0000    -113.436 0.3241   0.3941E+01  0.4847E-03 -0.2614E+00  0.0000E+00      -1  -0.601E-02   20.00  0.8833E-03  0.1060E+00
  38  -111.0000    -110.634 0.3255   0.4127E+01  0.4867E-03 -0.2705E+00  0.0000E+00      -1  -0.622E-02   20.00  0.8833E-03  0.1060E+00
  39  -114.0000    -107.830 0.3269   0.4312E+01  0.4887E-03 -0.2794E+00  0.0000E+00      -1  -0.643E-02   20.00  0.8833E-03  0.1060E+00
  40  -117.0000    -105.023 0.3283   0.4498E+01  0.4907E-03 -0.2879E+00  0.0000E+00      -1  -0.662E-02   20.00  0.8833E-03  0.1060E+00
  41  -120.0000    -102.214 0.3296   0.4684E+01  0.4927E-03 -0.2961E+00  0.0000E+00      -1  -0.681E-02   20.00  0.8833E-03  0.1060E+00
  42  -123.0000     -99.402 0.3310   0.4869E+01  0.4947E-03 -0.3040E+00  0.0000E+00      -1  -0.699E-02   20.00  0.8833E-03  0.1060E+00
  43  -126.0000     -96.588 0.3324   0.5055E+01  0.4967E-03 -0.3115E+00  0.0000E+00      -1  -0.717E-02   20.00  0.8833E-03  0.1060E+00
  44  -129.0000     -93.771 0.3338   0.5299E+01  0.4974E-03 -0.3188E+00  0.0000E+00      -1  -0.734E-02   20.00  0.8833E-03  0.1060E+00
  45  -132.0000     -90.949 0.3352   0.5586E+01  0.4973E-03 -0.3258E+00  0.0000E+00      -1  -0.750E-02   20.00  0.8833E-03  0.1060E+00
  46  -135.0000     -88.121 0.3366   0.5874E+01  0.4972E-03 -0.3326E+00  0.0000E+00      -1  -0.765E-02   20.00  0.8833E-03  0.1060E+00
  47  -138.0000     -85.289 0.3380   0.6162E+01  0.4971E-03 -0.3390E+00  0.0000E+00      -1  -0.780E-02   20.00  0.8833E-03  0.1060E+00
  48  -141.0000     -82.451 0.3394   0.6451E+01  0.4969E-03 -0.3451E+00  0.0000E+00      -1  -0.794E-02   20.00  0.8833E-03  0.1060E+00
  49  -144.0000     -79.610 0.3408   0.6740E+01  0.4968E-03 -0.3510E+00  0.0000E+00      -1  -0.808E-02   20.00  0.8833E-03  0.1060E+00
  50  -147.0000     -76.764 0.3423   0.7030E+01  0.4967E-03 -0.3566E+00  0.0000E+00      -1  -0.820E-02   20.00  0.8833E-03  0.1060E+00
  51  -150.0000     -73.913 0.3437   0.7396E+01  0.4948E-03 -0.3618E+00  0.0000E+00      -1  -0.832E-02   20.00  0.8833E-03  0.1060E+00
  52  -153.0000     -71.057 0.3451   0.7815E+01  0.4918E-03 -0.3667E+00  0.0000E+00      -1  -0.844E-02   20.00  0.8833E-03  0.1060E+00
  53  -156.0000     -68.195 0.3465   0.8236E+01  0.4888E-03 -0.3714E+00  0.0000E+00      -1  -0.855E-02   20.00  0.8833E-03  0.1060E+00
  54  -159.0000     -65.328 0.3479   0.8657E+01  0.4858E-03 -0.3759E+00  0.0000E+00      -1  -0.865E-02   20.00  0.8833E-03  0.1060E+00
  55  -162.0000     -62.456 0.3493   0.9078E+01  0.4827E-03 -0.3801E+00  0.0000E+00      -1  -0.875E-02   20.00  0.8833E-03  0.1060E+00
  56  -165.0000     -59.579 0.3507   0.9519E+01  0.4793E-03 -0.3841E+00  0.0000E+00      -1  -0.884E-02   20.00  0.8833E-03  0.1060E+00
  57  -168.0000     -56.697 0.3520   0.1010E+02  0.4728E-03 -0.3877E+00  0.0000E+00      -1  -0.892E-02   20.00  0.8833E-03  0.1060E+00
  58  -171.0000     -53.809 0.3534   0.1068E+02  0.4664E-03 -0.3911E+00  0.0000E+00      -1  -0.900E-02   20.00  0.8833E-03  0.1060E+00
  59  -174.0000     -50.917 0.3547   0.1126E+02  0.4599E-03 -0.3944E+00  0.0000E+00      -1  -0.907E-02   20.00  0.8833E-03  0.1060E+00
  60  -177.0000     -48.020 0.3561   0.1184E+02  0.4534E-03 -0.3975E+00  0.0000E+00      -1  -0.914E-02   20.00  0.8833E-03  0.1060E+00
  61  -180.0000     -45.118 0.3574   0.1257E+02  0.4439E-03 -0.4003E+00  0.0000E+00      -1  -0.921E-02   20.00  0.8833E-03  0.1060E+00
  62  -183.0000     -42.211 0.3586   0.1333E+02  0.4337E-03 -0.4028E+00  0.0000E+00      -1  -0.927E-02   20.00  0.8833E-03  0.1060E+00
  63  -186.0000     -39.299 0.3599   0.1409E+02  0.4234E-03 -0.4053E+00  0.0000E+00      -1  -0.932E-02   20.00  0.8833E-03  0.1060E+00
  64  -189.0000     -36.383 0.3611   0.1495E+02  0.4115E-03 -0.4075E+00  0.0000E+00      -1  -0.937E-02   20.00  0.8833E-03  0.1060E+00
  65  -192.0000     -33.463 0.3623   0.1591E+02  0.3974E-03 -0.4094E+00  0.0000E+00      -1  -0.942E-02   20.00  0.8833E-03  0.1060E+00
  66  -195.0000     -30.538 0.3635   0.1688E+02  0.3832E-03 -0.4113E+00  0.0000E+00      -1  -0.946E-02   20.00  0.8833E-03  0.1060E+00
  67  -198.0000     -27.609 0.3646   0.1802E+02  0.3662E-03 -0.4130E+00  0.0000E+00      -1  -0.950E-02   20.00  0.8833E-03  0.1060E+00
  68  -201.0000     -24.675 0.3656   0.1921E+02  0.3481E-03 -0.4145E+00  0.0000E+00      -1  -0.954E-02   20.00  0.8833E-03  0.1060E+00
  69  -204.0000     -21.738 0.3666   0.2055E+02  0.3275E-03 -0.4159E+00  0.0000E+00      -1  -0.957E-02   20.00  0.8833E-03  0.1060E+00
  70  -207.0000     -18.797 0.3676   0.2199E+02  0.3054E-03 -0.4170E+00  0.0000E+00      -1  -0.960E-02   20.00  0.8833E-03  0.1060E+00
  71  -210.0000     -15.852 0.3684   0.2368E+02  0.2795E-03 -0.4181E+00  0.0000E+00      -1  -0.962E-02   20.00  0.8833E-03  0.1060E+00
  72  -213.0000     -12.903 0.3692   0.2556E+02  0.2508E-03 -0.4190E+00  0.0000E+00      -1  -0.964E-02   20.00  0.8833E-03  0.1060E+00
  73  -216.0000      -9.950 0.3699   0.2772E+02  0.2181E-03 -0.4197E+00  0.0000E+00      -1  -0.966E-02   20.00  0.8833E-03  0.1060E+00
  74  -219.0000      -6.993 0.3705   0.3032E+02  0.1796E-03 -0.4203E+00  0.0000E+00      -1  -0.967E-02   20.00  0.8833E-03  0.1060E+00
  75  -222.0000      -4.033 0.3710   0.3363E+02  0.1319E-03 -0.4208E+00  0.0000E+00      -1  -0.968E-02   20.00  0.8833E-03  0.1060E+00
  76  -225.0000      -1.068 0.3713   0.3869E+02  0.6220E-04 -0.4210E+00  0.0000E+00      -1  -0.969E-02   20.00  0.8833E-03  0.1060E+00
  77  -228.0000       1.902 0.3713   0.4346E+02  0.0000E+00 -0.4211E+00  0.0000E+00      -1  -0.969E-02   20.00  0.8833E-03  0.1060E+00
  78  -231.0000       4.873 0.3713   0.4346E+02  0.0000E+00 -0.4211E+00  0.0000E+00      -1  -0.969E-02   20.00  0.8833E-03  0.1060E+00
  79  -234.0000       7.843 0.3713   0.4346E+02  0.0000E+00 -0.4211E+00  0.0000E+00      -1  -0.969E-02   20.00  0.8833E-03  0.1060E+00
  80  -237.0000      10.814 0.3713   0.4346E+02  0.0000E+00 -0.4211E+00  0.0000E+00      -1  -0.969E-02   20.00  0.8833E-03  0.1060E+00
  81  -240.0000      13.785 0.3713   0.4346E+02  0.0000E+00 -0.4211E+00  0.0000E+00      -1  -0.969E-02   20.00  0.8833E-03  0.1060E+00
  82  -243.0000      16.756 0.3713   0.4346E+02  0.0000E+00 -0.4211E+00  0.0000E+00      -1  -0.969E-02   20.00  0.8833E-03  0.1060E+00
  83  -246.0000      19.727 0.3713   0.4346E+02  0.0000E+00 -0.4211E+00  0.0000E+00      -1  -0.969E-02   20.00  0.8833E-03  0.1060E+00
  84  -249.0000      22.698 0.3713   0.4346E+02  0.0000E+00 -0.4211E+00  0.0000E+00      -1  -0.969E-02   20.00  0.8833E-03  0.1060E+00
  85  -252.0000      25.669 0.3713   0.4346E+02  0.0000E+00 -0.4211E+00  0.0000E+00      -1  -0.969E-02   20.00  0.8833E-03  0.1060E+00
  86  -255.0000      28.640 0.3713   0.4346E+02  0.0000E+00 -0.4211E+00  0.0000E+00      -1  -0.969E-02   20.00  0.8833E-03  0.1060E+00
  87  -258.0000      31.611 0.3713   0.4346E+02  0.0000E+00 -0.4211E+00  0.0000E+00      -1  -0.969E-02   20.00  0.8833E-03  0.1060E+00
  88  -261.0000      34.582 0.3713   0.4346E+02  0.0000E+00 -0.4211E+00  0.0000E+00      -1  -0.969E-02   20.00  0.8833E-03  0.1060E+00
  89  -264.0000      37.553 0.3713   0.4346E+02  0.0000E+00 -0.4211E+00  0.0000E+00      -1  -0.969E-02   20.00  0.8833E-03  0.1060E+00
  90  -267.0000      40.524 0.3713   0.4346E+02  0.0000E+00 -0.4211E+00  0.0000E+00      -1  -0.969E-02   20.00  0.8833E-03  0.1060E+00
  91  -270.0000      43.495 0.3713   0.4346E+02  0.0000E+00 -0.4211E+00  0.0000E+00      -1  -0.969E-02   20.00  0.8833E-03  0.1060E+00
  92  -273.0000      46.466 0.3713   0.4346E+02  0.0000E+00 -0.4211E+00  0.0000E+00      -1  -0.969E-02   20.00  0.8833E-03  0.1060E+00
  93  -276.0000      49.437 0.3713   0.4346E+02  0.0000E+00 -0.4211E+00  0.0000E+00      -1  -0.969E-02   20.00  0.8833E-03  0.1060E+00
  94  -279.0000      52.407 0.3713   0.4346E+02  0.0000E+00 -0.4211E+00  0.0000E+00      -1  -0.969E-02   20.00  0.8833E-03  0.1060E+00
  95  -282.0000      55.378 0.3713   0.4346E+02  0.0000E+00 -0.4211E+00  0.0000E+00      -1  -0.969E-02   20.00  0.8833E-03  0.1060E+00
  96  -285.0000      58.349 0.3713   0.4346E+02  0.0000E+00 -0.4211E+00  0.0000E+00      -1  -0.969E-02   20.00  0.8833E-03  0.1060E+00
  97  -288.0000      61.320 0.3713   0.4346E+02  0.0000E+00 -0.4211E+00  0.0000E+00      -1  -0.969E-02   20.00  0.8833E-03  0.1060E+00
  98  -291.0000      64.291 0.3713   0.4346E+02  0.0000E+00 -0.4211E+00  0.0000E+00      -1  -0.969E-02   20.00  0.8833E-03  0.1060E+00
  99  -294.0000      67.262 0.3713   0.4346E+02  0.0000E+00 -0.4211E+00  0.0000E+00      -1  -0.969E-02   20.00  0.8823E-03  0.1059E+00
 100  -297.0000      70.233 0.3713   0.4346E+02  0.0000E+00 -0.4211E+00  0.0000E+00      -1  -0.969E-02   20.00  0.8800E-03  0.1056E+00
 101  -300.0000      73.204 0.3713   0.4346E+02  0.0000E+00 -0.4211E+00  0.0000E+00      -1  -0.969E-02   20.00  0.8800E-03  0.1055E+00
end
