 ******* Program HYDRUS
 ******* 
 Welcome to HYDRUS-1D                                                    
 Date:  29. 3.2022    Time:  17:28:33
 Units: L = cm   , T = days , M = mg   

       Time          rTop        rRoot        vTop         vRoot        vBot       sum(rTop)   sum(rRoot)    sum(vTop)   sum(vRoot)    sum(vBot)      hTop         hRoot        hBot        RunOff    sum(RunOff)     Volume     sum(Infil)    sum(Evap) TLevel Cum(WTrans)  SnowLayer
        [T]         [L/T]        [L/T]        [L/T]        [L/T]        [L/T]         [L]          [L]          [L]         [L]           [L]         [L]           [L]         [L]          [L/T]         [L]          [L]          [L]          [L]

       0.0100  0.35728E-01  0.22999E-02  0.35731E-01  0.22986E-02  0.41626E+00  0.35728E-03  0.22999E-04  0.35731E-03  0.22986E-04  0.41626E-02 -0.94640E+02 -0.50802E+02  0.20823E+03  0.00000E+00  0.00000E+00  0.10987E+03  0.00000E+00  0.35731E-03      1  0.00000E+00      0.000
       0.0230  0.35728E-01  0.22999E-02  0.35726E-01  0.22986E-02  0.37868E+00  0.82174E-03  0.52897E-04  0.82174E-03  0.52868E-04  0.90854E-02 -0.94611E+02 -0.50689E+02  0.20823E+03  0.00000E+00  0.00000E+00  0.10988E+03  0.00000E+00  0.82174E-03      2  0.00000E+00      0.000
       0.0399  0.35728E-01  0.22999E-02  0.35723E-01  0.22986E-02  0.33933E+00  0.14255E-02  0.91765E-04  0.14255E-02  0.91714E-04  0.14820E-01 -0.94543E+02 -0.50539E+02  0.20823E+03  0.00000E+00  0.00000E+00  0.10988E+03  0.00000E+00  0.14255E-02      3  0.00000E+00      0.000
       0.0619  0.35728E-01  0.22999E-02  0.35733E-01  0.22986E-02  0.30838E+00  0.22105E-02  0.14229E-03  0.22105E-02  0.14222E-03  0.21595E-01 -0.94424E+02 -0.50378E+02  0.20823E+03  0.00000E+00  0.00000E+00  0.10989E+03  0.00000E+00  0.22105E-02      4  0.00000E+00      0.000
       0.0904  0.35728E-01  0.22999E-02  0.35728E-01  0.22986E-02  0.27655E+00  0.32309E-02  0.20798E-03  0.32309E-02  0.20787E-03  0.29494E-01 -0.94249E+02 -0.50193E+02  0.20823E+03  0.00000E+00  0.00000E+00  0.10990E+03  0.00000E+00  0.32309E-02      5  0.00000E+00      0.000
       0.1276  0.35728E-01  0.22999E-02  0.35723E-01  0.22986E-02  0.24515E+00  0.45574E-02  0.29337E-03  0.45573E-02  0.29321E-03  0.38596E-01 -0.94023E+02 -0.49990E+02  0.20823E+03  0.00000E+00  0.00000E+00  0.10990E+03  0.00000E+00  0.45573E-02      6  0.00000E+00      0.000
       0.1758  0.35728E-01  0.22999E-02  0.35728E-01  0.22987E-02  0.21244E+00  0.62819E-02  0.40438E-03  0.62818E-02  0.40416E-03  0.48850E-01 -0.93759E+02 -0.49769E+02  0.20823E+03  0.00000E+00  0.00000E+00  0.10991E+03  0.00000E+00  0.62818E-02      7  0.00000E+00      0.000
       0.2386  0.35728E-01  0.22999E-02  0.35733E-01  0.22987E-02  0.17884E+00  0.85238E-02  0.54870E-03  0.85241E-02  0.54840E-03  0.60072E-01 -0.93473E+02 -0.49538E+02  0.20823E+03  0.00000E+00  0.00000E+00  0.10992E+03  0.00000E+00  0.85241E-02      8  0.00000E+00      0.000
       0.3232  0.18167E+00  0.11695E-01  0.18167E+00  0.11688E-01  0.17000E+00  0.23894E-01  0.15381E-02  0.23894E-01  0.15373E-02  0.74454E-01 -0.93936E+02 -0.49560E+02  0.20823E+03  0.00000E+00  0.00000E+00  0.10992E+03  0.00000E+00  0.23894E-01      9  0.00000E+00      0.000
       0.4360  0.37671E+00  0.24250E-01  0.37670E+00  0.24236E-01  0.21465E+00  0.66387E-01  0.42735E-02  0.66388E-01  0.42712E-02  0.98667E-01 -0.95178E+02 -0.50023E+02  0.20823E+03  0.00000E+00  0.00000E+00  0.10990E+03  0.00000E+00  0.66388E-01     10  0.00000E+00      0.000
       0.5770  0.36241E+00  0.23329E-01  0.36241E+00  0.23316E-01  0.26417E+00  0.11749E+00  0.75631E-02  0.11749E+00  0.75589E-02  0.13592E+00 -0.95697E+02 -0.50403E+02  0.20823E+03  0.00000E+00  0.00000E+00  0.10988E+03  0.00000E+00  0.11749E+00     11  0.00000E+00      0.000
       0.7885  0.35728E-01  0.22999E-02  0.35731E-01  0.22987E-02  0.19077E+00  0.12505E+00  0.80495E-02  0.12505E+00  0.80451E-02  0.17627E+00 -0.93699E+02 -0.49659E+02  0.20823E+03  0.00000E+00  0.00000E+00  0.10991E+03  0.00000E+00  0.12505E+00     12  0.00000E+00      0.000
       1.0000  0.35728E-01  0.22999E-02  0.35727E-01  0.22987E-02  0.13993E+00  0.13260E+00  0.85359E-02  0.13260E+00  0.85313E-02  0.20586E+00 -0.93165E+02 -0.49274E+02  0.20823E+03  0.00000E+00  0.00000E+00  0.10993E+03  0.00000E+00  0.13260E+00     13  0.00000E+00      0.000
end
