 ******* Program HYDRUS
 ******* 
 Welcome to HYDRUS-1D                                                    
 Date:  29. 3.2022    Time:  17:26:15
 Units: L = cm   , T = days , M = mg   

       Time          rTop        rRoot        vTop         vRoot        vBot       sum(rTop)   sum(rRoot)    sum(vTop)   sum(vRoot)    sum(vBot)      hTop         hRoot        hBot        RunOff    sum(RunOff)     Volume     sum(Infil)    sum(Evap) TLevel Cum(WTrans)  SnowLayer
        [T]         [L/T]        [L/T]        [L/T]        [L/T]        [L/T]         [L]          [L]          [L]         [L]           [L]         [L]           [L]         [L]          [L/T]         [L]          [L]          [L]          [L]

       0.0100  0.41821E-01  0.51256E-01  0.41822E-01  0.49990E-01 -0.71695E+00  0.41821E-03  0.51256E-03  0.41822E-03  0.49990E-03 -0.71695E-02 -0.26366E+03 -0.22525E+03  0.55845E+02  0.00000E+00  0.00000E+00  0.98831E+02  0.00000E+00  0.41822E-03      1  0.00000E+00      0.000
       0.0230  0.41821E-01  0.51256E-01  0.41823E-01  0.49992E-01 -0.51269E+00  0.96188E-03  0.11789E-02  0.96192E-03  0.11498E-02 -0.13835E-01 -0.26349E+03 -0.22516E+03  0.55845E+02  0.00000E+00  0.00000E+00  0.98823E+02  0.00000E+00  0.96192E-03      2  0.00000E+00      0.000
       0.0399  0.41821E-01  0.51256E-01  0.41821E-01  0.49994E-01 -0.33430E+00  0.16686E-02  0.20451E-02  0.16687E-02  0.19947E-02 -0.19484E-01 -0.26325E+03 -0.22503E+03  0.55845E+02  0.00000E+00  0.00000E+00  0.98816E+02  0.00000E+00  0.16687E-02      3  0.00000E+00      0.000
       0.0619  0.41821E-01  0.51256E-01  0.41819E-01  0.49998E-01 -0.23283E+00  0.25874E-02  0.31712E-02  0.25875E-02  0.30931E-02 -0.24600E-01 -0.26295E+03 -0.22487E+03  0.55845E+02  0.00000E+00  0.00000E+00  0.98809E+02  0.00000E+00  0.25875E-02      4  0.00000E+00      0.000
       0.0904  0.41821E-01  0.51256E-01  0.41821E-01  0.50002E-01 -0.14761E+00  0.37819E-02  0.46351E-02  0.37819E-02  0.45212E-02 -0.28815E-01 -0.26258E+03 -0.22466E+03  0.55845E+02  0.00000E+00  0.00000E+00  0.98802E+02  0.00000E+00  0.37819E-02      5  0.00000E+00      0.000
       0.1276  0.41821E-01  0.51256E-01  0.41821E-01  0.50007E-01 -0.81626E-01  0.53347E-02  0.65382E-02  0.53347E-02  0.63779E-02 -0.31846E-01 -0.26214E+03 -0.22440E+03  0.55845E+02  0.00000E+00  0.00000E+00  0.98795E+02  0.00000E+00  0.53347E-02      6  0.00000E+00      0.000
       0.1758  0.41821E-01  0.51256E-01  0.41822E-01  0.50013E-01 -0.26030E-01  0.73533E-02  0.90122E-02  0.73534E-02  0.87920E-02 -0.33103E-01 -0.26161E+03 -0.22409E+03  0.55845E+02  0.00000E+00  0.00000E+00  0.98790E+02  0.00000E+00  0.73534E-02      7  0.00000E+00      0.000
       0.2386  0.41821E-01  0.51256E-01  0.41823E-01  0.50020E-01  0.20284E-01  0.99775E-02  0.12228E-01  0.99777E-02  0.11931E-01 -0.31830E-01 -0.26101E+03 -0.22373E+03  0.55845E+02  0.00000E+00  0.00000E+00  0.98785E+02  0.00000E+00  0.99777E-02      8  0.00000E+00      0.000
       0.3232  0.21265E+00  0.26063E+00  0.21265E+00  0.25432E+00  0.60075E-01  0.27968E-01  0.34278E-01  0.27968E-01  0.33447E-01 -0.26747E-01 -0.26387E+03 -0.22383E+03  0.55845E+02  0.00000E+00  0.00000E+00  0.98768E+02  0.00000E+00  0.27968E-01      9  0.00000E+00      0.000
       0.4360  0.44095E+00  0.54043E+00  0.44095E+00  0.52684E+00  0.93783E-01  0.77709E-01  0.95240E-01  0.77709E-01  0.92876E-01 -0.16168E-01 -0.27180E+03 -0.22611E+03  0.55845E+02  0.00000E+00  0.00000E+00  0.98700E+02  0.00000E+00  0.77709E-01     10  0.00000E+00      0.000
       0.5770  0.42422E+00  0.51992E+00  0.42422E+00  0.50600E+00  0.12352E+00  0.13753E+00  0.16855E+00  0.13753E+00  0.16422E+00  0.12483E-02 -0.27878E+03 -0.23029E+03  0.55845E+02  0.00000E+00  0.00000E+00  0.98584E+02  0.00000E+00  0.13753E+00     11  0.00000E+00      0.000
       0.7885  0.41821E-01  0.51256E-01  0.41820E-01  0.49855E-01  0.15966E+00  0.14637E+00  0.17939E+00  0.14637E+00  0.17477E+00  0.35018E-01 -0.27371E+03 -0.23227E+03  0.55845E+02  0.00000E+00  0.00000E+00  0.98501E+02  0.00000E+00  0.14637E+00     12  0.00000E+00      0.000
       1.0000  0.41821E-01  0.51256E-01  0.41821E-01  0.49901E-01  0.18818E+00  0.15522E+00  0.19023E+00  0.15522E+00  0.18532E+00  0.74818E-01 -0.27021E+03 -0.23026E+03  0.55845E+02  0.00000E+00  0.00000E+00  0.98522E+02  0.00000E+00  0.15522E+00     13  0.00000E+00      0.000
end
