 All solute fluxes and cumulative solute fluxes are positive into the region

       Time         cvTop        cvBot      Sum(cvTop)   Sum(cvBot)     cvCh0        cvCh1         cTop        cRoot         cBot        cvRoot    Sum(cvRoot)  Sum(cvNEql) TLevel      cGWL        cRunOff   Sum(cRunOff)    (cv(i),    Sum(cv(i)), i=1,NObs)
        [T]        [M/L2/T]     [M/L2/T]      [M/L2]       [M/L2]       [M/L2]      [M/L2]        [M/L3]      [M/L3]        [M/L3]      [M/L2/T]      [M/L2]       [M/L2]              [M/L3]        [M/L2]      [M/L3]      [M/L2/T]      [M/L2]
        0.0100  0.00000E+00 -0.17501E-02  0.00000E+00 -0.17501E-04  0.00000E+00  0.00000E+00  0.85439E-03  0.88303E-03  0.88169E-03  0.99505E-04  0.99505E-06 -0.67471E-06       1  0.88314E-03  0.00000E+00  0.00000E+00  0.28451E-04  0.28451E-06 -0.74105E-03 -0.74105E-05 -0.12417E-02 -0.12417E-04
        0.0200  0.00000E+00 -0.19068E-02  0.00000E+00 -0.36569E-04  0.00000E+00  0.00000E+00  0.85456E-03  0.88310E-03  0.88174E-03  0.99514E-04  0.19902E-05  0.98251E-06       2  0.88314E-03  0.00000E+00  0.00000E+00  0.25092E-04  0.53543E-06 -0.70550E-03 -0.14465E-04 -0.12029E-02 -0.24446E-04
        0.0330  0.00000E+00 -0.18434E-02  0.00000E+00 -0.60533E-04  0.00000E+00  0.00000E+00  0.85449E-03  0.88309E-03  0.88172E-03  0.99512E-04  0.32838E-05  0.80122E-06       3  0.88314E-03  0.00000E+00  0.00000E+00  0.17932E-04  0.76854E-06 -0.66500E-03 -0.23110E-04 -0.11508E-02 -0.39405E-04
        0.0499  0.00000E+00 -0.18016E-02  0.00000E+00 -0.90980E-04  0.00000E+00  0.00000E+00  0.85440E-03  0.88309E-03  0.88172E-03  0.99512E-04  0.49656E-05  0.11571E-05       4  0.88314E-03  0.00000E+00  0.00000E+00  0.43962E-05  0.84284E-06 -0.61999E-03 -0.33588E-04 -0.10917E-02 -0.57855E-04
        0.0719  0.00000E+00 -0.17796E-02  0.00000E+00 -0.13008E-03  0.00000E+00  0.00000E+00  0.85425E-03  0.88309E-03  0.88172E-03  0.99512E-04  0.71519E-05  0.11697E-05       5  0.88314E-03  0.00000E+00  0.00000E+00 -0.58761E-05  0.71374E-06 -0.57910E-03 -0.46311E-04 -0.10242E-02 -0.80356E-04
        0.1004  0.00000E+00 -0.17663E-02  0.00000E+00 -0.18052E-03  0.00000E+00  0.00000E+00  0.85407E-03  0.88309E-03  0.88172E-03  0.99512E-04  0.99940E-05  0.39175E-06       6  0.88314E-03  0.00000E+00  0.00000E+00 -0.23901E-04  0.31096E-07 -0.54327E-03 -0.61827E-04 -0.95249E-03 -0.10756E-03
        0.1376  0.00000E+00 -0.17580E-02  0.00000E+00 -0.24580E-03  0.00000E+00  0.00000E+00  0.85374E-03  0.88308E-03  0.88172E-03  0.99512E-04  0.13689E-04 -0.27951E-05       7  0.88314E-03  0.00000E+00  0.00000E+00 -0.53475E-04 -0.19544E-05 -0.52052E-03 -0.81154E-04 -0.88103E-03 -0.14027E-03
        0.1858  0.00000E+00 -0.17486E-02  0.00000E+00 -0.33020E-03  0.00000E+00  0.00000E+00  0.85326E-03  0.88308E-03  0.88173E-03  0.99511E-04  0.18492E-04 -0.11697E-04       8  0.88314E-03  0.00000E+00  0.00000E+00 -0.98490E-04 -0.67083E-05 -0.51780E-03 -0.10615E-03 -0.81879E-03 -0.17979E-03
        0.2358  0.00000E+00 -0.17341E-02  0.00000E+00 -0.41690E-03  0.00000E+00  0.00000E+00  0.85274E-03  0.88307E-03  0.88173E-03  0.99511E-04  0.23468E-04 -0.26922E-04       9  0.88314E-03  0.00000E+00  0.00000E+00 -0.14754E-03 -0.14085E-04 -0.53817E-03 -0.13306E-03 -0.78050E-03 -0.21882E-03
        0.2858  0.00000E+00 -0.17132E-02  0.00000E+00 -0.50257E-03  0.00000E+00  0.00000E+00  0.85235E-03  0.88307E-03  0.88174E-03  0.99510E-04  0.28443E-04 -0.47073E-04      10  0.88314E-03  0.00000E+00  0.00000E+00 -0.18356E-03 -0.23263E-04 -0.56740E-03 -0.16143E-03 -0.76119E-03 -0.25688E-03
        0.3358  0.00000E+00 -0.16864E-02  0.00000E+00 -0.58689E-03  0.00000E+00  0.00000E+00  0.85213E-03  0.88307E-03  0.88174E-03  0.99510E-04  0.33419E-04 -0.67739E-04      11  0.88314E-03  0.00000E+00  0.00000E+00 -0.20302E-03 -0.33414E-04 -0.59199E-03 -0.19103E-03 -0.74436E-03 -0.29410E-03
        0.3858  0.00000E+00 -0.16545E-02  0.00000E+00 -0.66961E-03  0.00000E+00  0.00000E+00  0.85194E-03  0.88309E-03  0.88174E-03  0.99512E-04  0.38394E-04 -0.84972E-04      12  0.88314E-03  0.00000E+00  0.00000E+00 -0.21861E-03 -0.44345E-04 -0.60956E-03 -0.22150E-03 -0.72219E-03 -0.33021E-03
        0.4358  0.00000E+00 -0.16187E-02  0.00000E+00 -0.75055E-03  0.00000E+00  0.00000E+00  0.85179E-03  0.88311E-03  0.88174E-03  0.99514E-04  0.43370E-04 -0.98973E-04      13  0.88314E-03  0.00000E+00  0.00000E+00 -0.22878E-03 -0.55784E-04 -0.61942E-03 -0.25247E-03 -0.69781E-03 -0.36510E-03
        0.4858  0.00000E+00 -0.15802E-02  0.00000E+00 -0.82956E-03  0.00000E+00  0.00000E+00  0.85170E-03  0.88312E-03  0.88174E-03  0.99515E-04  0.48346E-04 -0.11047E-03      14  0.88314E-03  0.00000E+00  0.00000E+00 -0.23294E-03 -0.67431E-04 -0.62133E-03 -0.28354E-03 -0.67260E-03 -0.39873E-03
        0.5358  0.00000E+00 -0.15398E-02  0.00000E+00 -0.90655E-03  0.00000E+00  0.00000E+00  0.85166E-03  0.88313E-03  0.88174E-03  0.99516E-04  0.53321E-04 -0.12032E-03      15  0.88314E-03  0.00000E+00  0.00000E+00 -0.23058E-03 -0.78960E-04 -0.61537E-03 -0.31431E-03 -0.64852E-03 -0.43115E-03
        0.5858  0.00000E+00 -0.14981E-02  0.00000E+00 -0.98145E-03  0.00000E+00  0.00000E+00  0.85168E-03  0.88313E-03  0.88174E-03  0.99517E-04  0.58297E-04 -0.12966E-03      16  0.88314E-03  0.00000E+00  0.00000E+00 -0.22203E-03 -0.90061E-04 -0.60191E-03 -0.34440E-03 -0.62755E-03 -0.46253E-03
        0.6358  0.00000E+00 -0.14560E-02  0.00000E+00 -0.10543E-02  0.00000E+00  0.00000E+00  0.85175E-03  0.88313E-03  0.88174E-03  0.99517E-04  0.63273E-04 -0.13958E-03      17  0.88314E-03  0.00000E+00  0.00000E+00 -0.20786E-03 -0.10045E-03 -0.58190E-03 -0.37350E-03 -0.60998E-03 -0.49303E-03
        0.6858  0.00000E+00 -0.14139E-02  0.00000E+00 -0.11250E-02  0.00000E+00  0.00000E+00  0.85186E-03  0.88313E-03  0.88174E-03  0.99516E-04  0.68249E-04 -0.15124E-03      18  0.88314E-03  0.00000E+00  0.00000E+00 -0.18923E-03 -0.10992E-03 -0.55686E-03 -0.40134E-03 -0.59729E-03 -0.52289E-03
        0.7358  0.00000E+00 -0.13722E-02  0.00000E+00 -0.11936E-02  0.00000E+00  0.00000E+00  0.85200E-03  0.88311E-03  0.88174E-03  0.99515E-04  0.73225E-04 -0.16554E-03      19  0.88314E-03  0.00000E+00  0.00000E+00 -0.16768E-03 -0.11830E-03 -0.52864E-03 -0.42778E-03 -0.58920E-03 -0.55235E-03
        0.7858  0.00000E+00 -0.13312E-02  0.00000E+00 -0.12601E-02  0.00000E+00  0.00000E+00  0.85241E-03  0.88310E-03  0.88174E-03  0.99513E-04  0.78200E-04 -0.18044E-03      20  0.88314E-03  0.00000E+00  0.00000E+00 -0.12010E-03 -0.12430E-03 -0.48379E-03 -0.45196E-03 -0.58061E-03 -0.58138E-03
        0.8358  0.00000E+00 -0.12912E-02  0.00000E+00 -0.13247E-02  0.00000E+00  0.00000E+00  0.85282E-03  0.88308E-03  0.88174E-03  0.99512E-04  0.83176E-04 -0.19031E-03      21  0.88314E-03  0.00000E+00  0.00000E+00 -0.73202E-04 -0.12797E-03 -0.42831E-03 -0.47338E-03 -0.55540E-03 -0.60915E-03
        0.8858  0.00000E+00 -0.12526E-02  0.00000E+00 -0.13873E-02  0.00000E+00  0.00000E+00  0.85318E-03  0.88310E-03  0.88174E-03  0.99513E-04  0.88152E-04 -0.19533E-03      22  0.88314E-03  0.00000E+00  0.00000E+00 -0.31868E-04 -0.12956E-03 -0.36831E-03 -0.49180E-03 -0.52144E-03 -0.63523E-03
        0.9358  0.00000E+00 -0.12154E-02  0.00000E+00 -0.14481E-02  0.00000E+00  0.00000E+00  0.85351E-03  0.88309E-03  0.88174E-03  0.99512E-04  0.93127E-04 -0.19739E-03      23  0.88314E-03  0.00000E+00  0.00000E+00 -0.18027E-05 -0.12965E-03 -0.31166E-03 -0.50738E-03 -0.48208E-03 -0.65933E-03
        0.9679  0.00000E+00 -0.11857E-02  0.00000E+00 -0.14861E-02  0.00000E+00  0.00000E+00  0.85364E-03  0.88310E-03  0.88174E-03  0.99513E-04  0.96320E-04 -0.19760E-03      24  0.88314E-03  0.00000E+00  0.00000E+00  0.18518E-04 -0.12905E-03 -0.27877E-03 -0.51632E-03 -0.45661E-03 -0.67398E-03
        1.0000  0.00000E+00 -0.11632E-02  0.00000E+00 -0.15235E-02  0.00000E+00  0.00000E+00  0.85375E-03  0.88309E-03  0.88174E-03  0.99512E-04  0.99513E-04 -0.19771E-03      25  0.88314E-03  0.00000E+00  0.00000E+00  0.29303E-04 -0.12811E-03 -0.25197E-03 -0.52441E-03 -0.43188E-03 -0.68784E-03
end
