 All solute fluxes and cumulative solute fluxes are positive into the region

       Time         cvTop        cvBot      Sum(cvTop)   Sum(cvBot)     cvCh0        cvCh1         cTop        cRoot         cBot        cvRoot    Sum(cvRoot)  Sum(cvNEql) TLevel      cGWL        cRunOff   Sum(cRunOff)    (cv(i),    Sum(cv(i)), i=1,NObs)
        [T]        [M/L2/T]     [M/L2/T]      [M/L2]       [M/L2]       [M/L2]      [M/L2]        [M/L3]      [M/L3]        [M/L3]      [M/L2/T]      [M/L2]       [M/L2]              [M/L3]        [M/L2]      [M/L3]      [M/L2/T]      [M/L2]
        0.0100  0.00000E+00 -0.19111E-04  0.00000E+00 -0.19111E-06  0.00000E+00  0.00000E+00  0.00000E+00  0.91544E-03  0.87782E-03  0.00000E+00  0.00000E+00  0.22348E-01       1  0.88307E-03  0.00000E+00  0.00000E+00  0.00000E+00  0.00000E+00 -0.76803E-04 -0.76803E-06 -0.50446E-04 -0.50446E-06
        0.0230  0.00000E+00  0.00000E+00  0.00000E+00 -0.19111E-06  0.00000E+00  0.00000E+00  0.15440E-02  0.92176E-03  0.87616E-03  0.00000E+00  0.00000E+00  0.19307E-01       2  0.88304E-03  0.00000E+00  0.00000E+00  0.85571E-04  0.11124E-05 -0.68657E-04 -0.16606E-05 -0.47644E-04 -0.11238E-05
        0.0399  0.00000E+00  0.00000E+00  0.00000E+00 -0.19111E-06  0.00000E+00  0.00000E+00  0.82445E-03  0.91759E-03  0.87708E-03  0.00000E+00  0.00000E+00  0.20702E-01       3  0.88307E-03  0.00000E+00  0.00000E+00  0.53588E-04  0.20181E-05 -0.59794E-04 -0.26711E-05 -0.43695E-04 -0.18623E-05
        0.0619  0.00000E+00  0.00000E+00  0.00000E+00 -0.19111E-06  0.00000E+00  0.00000E+00  0.12380E-02  0.91369E-03  0.87740E-03  0.00000E+00  0.00000E+00  0.19916E-01       4  0.88307E-03  0.00000E+00  0.00000E+00  0.30367E-04  0.26852E-05 -0.51500E-04 -0.38025E-05 -0.39084E-04 -0.27210E-05
        0.0904  0.00000E+00  0.00000E+00  0.00000E+00 -0.19111E-06  0.00000E+00  0.00000E+00  0.97089E-03  0.91686E-03  0.87776E-03  0.00000E+00  0.00000E+00  0.20421E-01       5  0.88308E-03  0.00000E+00  0.00000E+00  0.42552E-04  0.39006E-05 -0.42313E-04 -0.50110E-05 -0.33689E-04 -0.36831E-05
        0.1276  0.00000E+00  0.00000E+00  0.00000E+00 -0.19111E-06  0.00000E+00  0.00000E+00  0.11617E-02  0.91440E-03  0.87799E-03  0.00000E+00  0.00000E+00  0.20054E-01       6  0.88308E-03  0.00000E+00  0.00000E+00  0.19104E-04  0.46099E-05 -0.35837E-04 -0.63417E-05 -0.27955E-04 -0.47211E-05
        0.1758  0.00000E+00  0.00000E+00  0.00000E+00 -0.19111E-06  0.00000E+00  0.00000E+00  0.10139E-02  0.91637E-03  0.87823E-03  0.00000E+00  0.00000E+00  0.20335E-01       7  0.88308E-03  0.00000E+00  0.00000E+00  0.84315E-05  0.50169E-05 -0.33604E-04 -0.79637E-05 -0.22492E-04 -0.58067E-05
        0.2258  0.00000E+00  0.00000E+00  0.00000E+00 -0.19111E-06  0.00000E+00  0.00000E+00  0.11326E-02  0.91473E-03  0.87837E-03  0.00000E+00  0.00000E+00  0.20104E-01       8  0.88308E-03  0.00000E+00  0.00000E+00 -0.99516E-05  0.45193E-05 -0.36583E-04 -0.97928E-05 -0.18802E-04 -0.67468E-05
        0.2758  0.00000E+00  0.00000E+00  0.00000E+00 -0.19111E-06  0.00000E+00  0.00000E+00  0.10367E-02  0.91612E-03  0.87849E-03  0.00000E+00  0.00000E+00  0.20289E-01       9  0.88308E-03  0.00000E+00  0.00000E+00  0.33300E-05  0.46858E-05 -0.34308E-04 -0.11508E-04 -0.15523E-04 -0.75230E-05
        0.3258  0.00000E+00  0.00000E+00  0.00000E+00 -0.19111E-06  0.00000E+00  0.00000E+00  0.11154E-02  0.91494E-03  0.87856E-03  0.00000E+00  0.00000E+00  0.20143E-01      10  0.88308E-03  0.00000E+00  0.00000E+00  0.10734E-03  0.10053E-04 -0.92331E-05 -0.11970E-04 -0.60079E-05 -0.78234E-05
        0.3758  0.00000E+00  0.00000E+00  0.00000E+00 -0.19111E-06  0.00000E+00  0.00000E+00  0.10543E-02  0.91595E-03  0.87863E-03  0.00000E+00  0.00000E+00  0.20279E-01      11  0.88309E-03  0.00000E+00  0.00000E+00  0.21471E-03  0.20788E-04 -0.67052E-05 -0.12305E-04  0.12907E-04 -0.71780E-05
        0.4258  0.00000E+00  0.00000E+00  0.00000E+00 -0.19111E-06  0.00000E+00  0.00000E+00  0.11057E-02  0.91511E-03  0.87867E-03  0.00000E+00  0.00000E+00  0.20201E-01      12  0.88309E-03  0.00000E+00  0.00000E+00  0.24943E-03  0.33259E-04 -0.34628E-05 -0.12478E-04  0.37397E-04 -0.53082E-05
        0.4758  0.00000E+00  0.00000E+00  0.00000E+00 -0.19111E-06  0.00000E+00  0.00000E+00  0.10654E-02  0.91583E-03  0.87870E-03  0.00000E+00  0.00000E+00  0.20308E-01      13  0.88309E-03  0.00000E+00  0.00000E+00  0.29960E-03  0.48240E-04 -0.80773E-06 -0.12519E-04  0.65145E-04 -0.20509E-05
        0.5258  0.00000E+00  0.00000E+00  0.00000E+00 -0.19111E-06  0.00000E+00  0.00000E+00  0.10986E-02  0.91523E-03  0.87870E-03  0.00000E+00  0.00000E+00  0.20270E-01      14  0.88309E-03  0.00000E+00  0.00000E+00  0.27647E-03  0.62063E-04  0.17041E-05 -0.12433E-04  0.91116E-04  0.25049E-05
        0.5758  0.00000E+00  0.00000E+00  0.00000E+00 -0.19111E-06  0.00000E+00  0.00000E+00  0.10716E-02  0.91574E-03  0.87869E-03  0.00000E+00  0.00000E+00  0.20350E-01      15  0.88309E-03  0.00000E+00  0.00000E+00  0.25997E-03  0.75062E-04  0.28469E-05 -0.12291E-04  0.11178E-03  0.80941E-05
        0.6258  0.00000E+00  0.00000E+00  0.00000E+00 -0.19111E-06  0.00000E+00  0.00000E+00  0.10926E-02  0.91532E-03  0.87867E-03  0.00000E+00  0.00000E+00  0.20329E-01      16  0.88309E-03  0.00000E+00  0.00000E+00  0.18890E-03  0.84507E-04  0.32571E-05 -0.12128E-04  0.12490E-03  0.14339E-04
        0.6758  0.00000E+00  0.00000E+00  0.00000E+00 -0.19111E-06  0.00000E+00  0.00000E+00  0.10740E-02  0.91567E-03  0.87862E-03  0.00000E+00  0.00000E+00  0.20379E-01      17  0.88309E-03  0.00000E+00  0.00000E+00  0.10715E-03  0.89864E-04  0.21174E-05 -0.12022E-04  0.12888E-03  0.20783E-04
        0.7258  0.00000E+00  0.00000E+00  0.00000E+00 -0.19111E-06  0.00000E+00  0.00000E+00  0.10868E-02  0.91536E-03  0.87857E-03  0.00000E+00  0.00000E+00  0.20356E-01      18  0.88308E-03  0.00000E+00  0.00000E+00 -0.25796E-05  0.89735E-04  0.50311E-07 -0.12020E-04  0.12168E-03  0.26867E-04
        0.7758  0.00000E+00  0.00000E+00  0.00000E+00 -0.19111E-06  0.00000E+00  0.00000E+00  0.10750E-02  0.91560E-03  0.87851E-03  0.00000E+00  0.00000E+00  0.20379E-01      19  0.88308E-03  0.00000E+00  0.00000E+00 -0.51071E-05  0.89480E-04 -0.16672E-05 -0.12103E-04  0.10801E-03  0.32267E-04
        0.8258  0.00000E+00  0.00000E+00  0.00000E+00 -0.19111E-06  0.00000E+00  0.00000E+00  0.10844E-02  0.91539E-03  0.87844E-03  0.00000E+00  0.00000E+00  0.20359E-01      20  0.88308E-03  0.00000E+00  0.00000E+00  0.58657E-05  0.89773E-04 -0.27325E-05 -0.12240E-04  0.95882E-04  0.37061E-04
        0.8758  0.00000E+00  0.00000E+00  0.00000E+00 -0.19111E-06  0.00000E+00  0.00000E+00  0.10772E-02  0.91556E-03  0.87837E-03  0.00000E+00  0.00000E+00  0.20374E-01      21  0.88308E-03  0.00000E+00  0.00000E+00  0.24183E-04  0.90982E-04 -0.33380E-05 -0.12407E-04  0.86525E-04  0.41387E-04
        0.9258  0.00000E+00  0.00000E+00  0.00000E+00 -0.19111E-06  0.00000E+00  0.00000E+00  0.10834E-02  0.91542E-03  0.87831E-03  0.00000E+00  0.00000E+00  0.20361E-01      22  0.88308E-03  0.00000E+00  0.00000E+00  0.36290E-04  0.92797E-04 -0.36196E-05 -0.12588E-04  0.79698E-04  0.45372E-04
        0.9629  0.00000E+00  0.00000E+00  0.00000E+00 -0.19111E-06  0.00000E+00  0.00000E+00  0.10788E-02  0.91554E-03  0.87826E-03  0.00000E+00  0.00000E+00  0.20370E-01      23  0.88308E-03  0.00000E+00  0.00000E+00  0.42246E-04  0.94364E-04 -0.37680E-05 -0.12728E-04  0.75707E-04  0.48180E-04
        1.0000  0.00000E+00  0.00000E+00  0.00000E+00 -0.19111E-06  0.00000E+00  0.00000E+00  0.10824E-02  0.91544E-03  0.87822E-03  0.00000E+00  0.00000E+00  0.20362E-01      24  0.88308E-03  0.00000E+00  0.00000E+00  0.43638E-04  0.95982E-04 -0.38747E-05 -0.12871E-04  0.72639E-04  0.50874E-04
end
