 All solute fluxes and cumulative solute fluxes are positive into the region

       Time         cvTop        cvBot      Sum(cvTop)   Sum(cvBot)     cvCh0        cvCh1         cTop        cRoot         cBot        cvRoot    Sum(cvRoot)  Sum(cvNEql) TLevel      cGWL        cRunOff   Sum(cRunOff)    (cv(i),    Sum(cv(i)), i=1,NObs)
        [T]        [M/L2/T]     [M/L2/T]      [M/L2]       [M/L2]       [M/L2]      [M/L2]        [M/L3]      [M/L3]        [M/L3]      [M/L2/T]      [M/L2]       [M/L2]              [M/L3]        [M/L2]      [M/L3]      [M/L2/T]      [M/L2]
        0.0100  0.00000E+00  0.00000E+00  0.00000E+00  0.00000E+00  0.00000E+00  0.00000E+00  0.84038E-03  0.88264E-03  0.87503E-03  0.80756E-04  0.80756E-06 -0.12945E-04       1  0.88286E-03  0.00000E+00  0.00000E+00  0.25725E-04  0.25725E-06  0.73921E-04  0.73921E-06  0.10713E-03  0.10713E-05
        0.0230  0.00000E+00  0.00000E+00  0.00000E+00  0.00000E+00  0.00000E+00  0.00000E+00  0.84028E-03  0.88268E-03  0.87168E-03  0.80759E-04  0.18574E-05 -0.27501E-04       2  0.88277E-03  0.00000E+00  0.00000E+00  0.25609E-04  0.59017E-06  0.72043E-04  0.16758E-05  0.10520E-03  0.24389E-05
        0.0399  0.00000E+00  0.00000E+00  0.00000E+00  0.00000E+00  0.00000E+00  0.00000E+00  0.84030E-03  0.88267E-03  0.87456E-03  0.80758E-04  0.32222E-05 -0.41634E-04       3  0.88287E-03  0.00000E+00  0.00000E+00  0.25083E-04  0.10141E-05  0.69507E-04  0.28504E-05  0.10238E-03  0.41690E-05
        0.0619  0.00000E+00  0.00000E+00  0.00000E+00  0.00000E+00  0.00000E+00  0.00000E+00  0.84028E-03  0.88268E-03  0.87477E-03  0.80759E-04  0.49965E-05 -0.56252E-04       4  0.88287E-03  0.00000E+00  0.00000E+00  0.24017E-04  0.15417E-05  0.66468E-04  0.43107E-05  0.99013E-04  0.63444E-05
        0.0904  0.00000E+00  0.00000E+00  0.00000E+00  0.00000E+00  0.00000E+00  0.00000E+00  0.84027E-03  0.88267E-03  0.87569E-03  0.80758E-04  0.73031E-05 -0.72218E-04       5  0.88290E-03  0.00000E+00  0.00000E+00  0.21977E-04  0.21694E-05  0.62829E-04  0.61052E-05  0.94841E-04  0.90531E-05
        0.1276  0.00000E+00  0.00000E+00  0.00000E+00  0.00000E+00  0.00000E+00  0.00000E+00  0.84023E-03  0.88267E-03  0.87602E-03  0.80759E-04  0.10302E-04 -0.89677E-04       6  0.88293E-03  0.00000E+00  0.00000E+00  0.18337E-04  0.28503E-05  0.58471E-04  0.82762E-05  0.89950E-04  0.12393E-04
        0.1758  0.00000E+00  0.00000E+00  0.00000E+00  0.00000E+00  0.00000E+00  0.00000E+00  0.84018E-03  0.88267E-03  0.87650E-03  0.80758E-04  0.14200E-04 -0.10947E-03       7  0.88295E-03  0.00000E+00  0.00000E+00  0.12234E-04  0.34408E-05  0.53131E-04  0.10841E-04  0.84323E-04  0.16463E-04
        0.2258  0.00000E+00  0.00000E+00  0.00000E+00  0.00000E+00  0.00000E+00  0.00000E+00  0.84011E-03  0.88267E-03  0.87668E-03  0.80759E-04  0.18238E-04 -0.12782E-03       8  0.88295E-03  0.00000E+00  0.00000E+00  0.48130E-05  0.36814E-05  0.47756E-04  0.13228E-04  0.79150E-04  0.20420E-04
        0.2758  0.00000E+00  0.00000E+00  0.00000E+00  0.00000E+00  0.00000E+00  0.00000E+00  0.84021E-03  0.88267E-03  0.87690E-03  0.80758E-04  0.22275E-04 -0.14436E-03       9  0.88296E-03  0.00000E+00  0.00000E+00  0.16001E-04  0.44815E-05  0.45071E-04  0.15482E-04  0.75120E-04  0.24176E-04
        0.3258  0.00000E+00  0.00000E+00  0.00000E+00  0.00000E+00  0.00000E+00  0.00000E+00  0.84085E-03  0.88267E-03  0.87698E-03  0.80759E-04  0.26313E-04 -0.15655E-03      10  0.88296E-03  0.00000E+00  0.00000E+00  0.82780E-04  0.86205E-05  0.51213E-04  0.18043E-04  0.74828E-04  0.27918E-04
        0.3758  0.00000E+00  0.00000E+00  0.00000E+00  0.00000E+00  0.00000E+00  0.00000E+00  0.84147E-03  0.88268E-03  0.87708E-03  0.80759E-04  0.30351E-04 -0.16221E-03      11  0.88296E-03  0.00000E+00  0.00000E+00  0.13674E-03  0.15457E-04  0.63274E-04  0.21206E-04  0.80977E-04  0.31967E-04
        0.4258  0.00000E+00  0.00000E+00  0.00000E+00  0.00000E+00  0.00000E+00  0.00000E+00  0.84189E-03  0.88269E-03  0.87711E-03  0.80760E-04  0.34389E-04 -0.16234E-03      12  0.88296E-03  0.00000E+00  0.00000E+00  0.17469E-03  0.24191E-04  0.78940E-04  0.25153E-04  0.91766E-04  0.36555E-04
        0.4758  0.00000E+00  0.00000E+00  0.00000E+00  0.00000E+00  0.00000E+00  0.00000E+00  0.84216E-03  0.88269E-03  0.87716E-03  0.80760E-04  0.38427E-04 -0.15886E-03      13  0.88296E-03  0.00000E+00  0.00000E+00  0.19356E-03  0.33869E-04  0.94028E-04  0.29855E-04  0.10533E-03  0.41821E-04
        0.5258  0.00000E+00  0.00000E+00  0.00000E+00  0.00000E+00  0.00000E+00  0.00000E+00  0.84222E-03  0.88270E-03  0.87718E-03  0.80761E-04  0.42465E-04 -0.15355E-03      14  0.88296E-03  0.00000E+00  0.00000E+00  0.19284E-03  0.43511E-04  0.10611E-03  0.35160E-04  0.11915E-03  0.47779E-04
        0.5758  0.00000E+00  0.00000E+00  0.00000E+00  0.00000E+00  0.00000E+00  0.00000E+00  0.84209E-03  0.88270E-03  0.87719E-03  0.80761E-04  0.46503E-04 -0.14862E-03      15  0.88296E-03  0.00000E+00  0.00000E+00  0.17233E-03  0.52128E-04  0.11344E-03  0.40832E-04  0.13108E-03  0.54333E-04
        0.6258  0.00000E+00  0.00000E+00  0.00000E+00  0.00000E+00  0.00000E+00  0.00000E+00  0.84176E-03  0.88270E-03  0.87719E-03  0.80761E-04  0.50542E-04 -0.14596E-03      16  0.88296E-03  0.00000E+00  0.00000E+00  0.13367E-03  0.58811E-04  0.11476E-03  0.46570E-04  0.13930E-03  0.61298E-04
        0.6758  0.00000E+00  0.00000E+00  0.00000E+00  0.00000E+00  0.00000E+00  0.00000E+00  0.84126E-03  0.88269E-03  0.87719E-03  0.80760E-04  0.54580E-04 -0.14737E-03      17  0.88296E-03  0.00000E+00  0.00000E+00  0.79320E-04  0.62777E-04  0.10826E-03  0.51983E-04  0.14217E-03  0.68406E-04
        0.7258  0.00000E+00  0.00000E+00  0.00000E+00  0.00000E+00  0.00000E+00  0.00000E+00  0.84062E-03  0.88269E-03  0.87717E-03  0.80760E-04  0.58618E-04 -0.15408E-03      18  0.88296E-03  0.00000E+00  0.00000E+00  0.13260E-04  0.63440E-04  0.94793E-04  0.56723E-04  0.13890E-03  0.75351E-04
        0.7758  0.00000E+00  0.00000E+00  0.00000E+00  0.00000E+00  0.00000E+00  0.00000E+00  0.84048E-03  0.88268E-03  0.87715E-03  0.80759E-04  0.62655E-04 -0.16489E-03      19  0.88296E-03  0.00000E+00  0.00000E+00  0.48841E-05  0.63685E-04  0.82956E-04  0.60870E-04  0.13099E-03  0.81901E-04
        0.8258  0.00000E+00  0.00000E+00  0.00000E+00  0.00000E+00  0.00000E+00  0.00000E+00  0.84057E-03  0.88267E-03  0.87713E-03  0.80759E-04  0.66693E-04 -0.17629E-03      20  0.88296E-03  0.00000E+00  0.00000E+00  0.12183E-04  0.64294E-04  0.74871E-04  0.64614E-04  0.12301E-03  0.88051E-04
        0.8758  0.00000E+00  0.00000E+00  0.00000E+00  0.00000E+00  0.00000E+00  0.00000E+00  0.84063E-03  0.88268E-03  0.87710E-03  0.80759E-04  0.70731E-04 -0.18731E-03      21  0.88296E-03  0.00000E+00  0.00000E+00  0.18376E-04  0.65213E-04  0.69770E-04  0.68102E-04  0.11580E-03  0.93841E-04
        0.9258  0.00000E+00  0.00000E+00  0.00000E+00  0.00000E+00  0.00000E+00  0.00000E+00  0.84069E-03  0.88267E-03  0.87707E-03  0.80759E-04  0.74769E-04 -0.19814E-03      22  0.88296E-03  0.00000E+00  0.00000E+00  0.22812E-04  0.66353E-04  0.66124E-04  0.71409E-04  0.10975E-03  0.99329E-04
        0.9629  0.00000E+00  0.00000E+00  0.00000E+00  0.00000E+00  0.00000E+00  0.00000E+00  0.84071E-03  0.88267E-03  0.87705E-03  0.80759E-04  0.77764E-04 -0.20605E-03      23  0.88296E-03  0.00000E+00  0.00000E+00  0.24755E-04  0.67271E-04  0.63985E-04  0.73782E-04  0.10580E-03  0.10325E-03
        1.0000  0.00000E+00  0.00000E+00  0.00000E+00  0.00000E+00  0.00000E+00  0.00000E+00  0.84072E-03  0.88267E-03  0.87702E-03  0.80758E-04  0.80759E-04 -0.21394E-03      24  0.88296E-03  0.00000E+00  0.00000E+00  0.25403E-04  0.68213E-04  0.62193E-04  0.76088E-04  0.10241E-03  0.10705E-03
end
