 All solute fluxes and cumulative solute fluxes are positive into the region

       Time         cvTop        cvBot      Sum(cvTop)   Sum(cvBot)     cvCh0        cvCh1         cTop        cRoot         cBot        cvRoot    Sum(cvRoot)  Sum(cvNEql) TLevel      cGWL        cRunOff   Sum(cRunOff)    (cv(i),    Sum(cv(i)), i=1,NObs)
        [T]        [M/L2/T]     [M/L2/T]      [M/L2]       [M/L2]       [M/L2]      [M/L2]        [M/L3]      [M/L3]        [M/L3]      [M/L2/T]      [M/L2]       [M/L2]              [M/L3]        [M/L2]      [M/L3]      [M/L2/T]      [M/L2]
        0.0100  0.00000E+00 -0.71710E-03  0.00000E+00 -0.71710E-05  0.00000E+00  0.00000E+00  0.92417E-03  0.90629E-03  0.88147E-03  0.18527E-04  0.18527E-06 -0.34039E-05       1  0.88322E-03  0.00000E+00  0.00000E+00  0.93966E-04  0.93966E-06 -0.12499E-03 -0.12499E-05 -0.17678E-03 -0.17678E-05
        0.0230  0.00000E+00 -0.65042E-03  0.00000E+00 -0.15627E-04  0.00000E+00  0.00000E+00  0.92433E-03  0.90630E-03  0.88143E-03  0.18528E-04  0.42613E-06  0.42994E-06       2  0.88321E-03  0.00000E+00  0.00000E+00  0.93028E-04  0.21490E-05 -0.12061E-03 -0.28179E-05 -0.17490E-03 -0.40416E-05
        0.0399  0.00000E+00 -0.66201E-03  0.00000E+00 -0.26814E-04  0.00000E+00  0.00000E+00  0.92433E-03  0.90630E-03  0.88145E-03  0.18527E-04  0.73924E-06  0.39554E-05       3  0.88322E-03  0.00000E+00  0.00000E+00  0.92597E-04  0.37139E-05 -0.11428E-03 -0.47492E-05 -0.17183E-03 -0.69454E-05
        0.0619  0.00000E+00 -0.66386E-03  0.00000E+00 -0.41400E-04  0.00000E+00  0.00000E+00  0.92434E-03  0.90630E-03  0.88144E-03  0.18527E-04  0.11463E-05  0.89265E-05       4  0.88321E-03  0.00000E+00  0.00000E+00  0.91519E-04  0.57246E-05 -0.10764E-03 -0.71142E-05 -0.16745E-03 -0.10624E-04
        0.0904  0.00000E+00 -0.65636E-03  0.00000E+00 -0.60146E-04  0.00000E+00  0.00000E+00  0.92433E-03  0.90630E-03  0.88145E-03  0.18527E-04  0.16754E-05  0.14869E-04       5  0.88321E-03  0.00000E+00  0.00000E+00  0.89584E-04  0.82832E-05 -0.10067E-03 -0.99895E-05 -0.16157E-03 -0.15239E-04
        0.1276  0.00000E+00 -0.64146E-03  0.00000E+00 -0.83963E-04  0.00000E+00  0.00000E+00  0.92432E-03  0.90630E-03  0.88145E-03  0.18527E-04  0.23634E-05  0.22422E-04       6  0.88321E-03  0.00000E+00  0.00000E+00  0.86109E-04  0.11480E-04 -0.93932E-04 -0.13477E-04 -0.15415E-03 -0.20962E-04
        0.1758  0.00000E+00 -0.61895E-03  0.00000E+00 -0.11384E-03  0.00000E+00  0.00000E+00  0.92429E-03  0.90630E-03  0.88145E-03  0.18527E-04  0.32576E-05  0.31480E-04       7  0.88321E-03  0.00000E+00  0.00000E+00  0.80357E-04  0.15359E-04 -0.87322E-04 -0.17692E-04 -0.14517E-03 -0.27969E-04
        0.2258  0.00000E+00 -0.59191E-03  0.00000E+00 -0.14343E-03  0.00000E+00  0.00000E+00  0.92424E-03  0.90630E-03  0.88144E-03  0.18527E-04  0.41840E-05  0.40395E-04       8  0.88321E-03  0.00000E+00  0.00000E+00  0.73402E-04  0.19029E-04 -0.81852E-04 -0.21785E-04 -0.13700E-03 -0.34820E-04
        0.2758  0.00000E+00 -0.56434E-03  0.00000E+00 -0.17165E-03  0.00000E+00  0.00000E+00  0.92487E-03  0.90630E-03  0.88144E-03  0.18527E-04  0.51104E-05  0.51463E-04       9  0.88321E-03  0.00000E+00  0.00000E+00  0.14005E-03  0.26031E-04 -0.55764E-04 -0.24573E-04 -0.12472E-03 -0.41056E-04
        0.3258  0.00000E+00 -0.53750E-03  0.00000E+00 -0.19853E-03  0.00000E+00  0.00000E+00  0.92740E-03  0.90630E-03  0.88144E-03  0.18528E-04  0.60368E-05  0.74288E-04      10  0.88321E-03  0.00000E+00  0.00000E+00  0.39969E-03  0.46016E-04  0.11015E-04 -0.24022E-04 -0.90859E-04 -0.45598E-04
        0.3758  0.00000E+00 -0.51149E-03  0.00000E+00 -0.22410E-03  0.00000E+00  0.00000E+00  0.92947E-03  0.90632E-03  0.88144E-03  0.18528E-04  0.69632E-05  0.11107E-03      11  0.88321E-03  0.00000E+00  0.00000E+00  0.58405E-03  0.75219E-04  0.56897E-04 -0.21177E-04 -0.28990E-04 -0.47048E-04
        0.4258  0.00000E+00 -0.48596E-03  0.00000E+00 -0.24840E-03  0.00000E+00  0.00000E+00  0.93075E-03  0.90633E-03  0.88144E-03  0.18528E-04  0.78895E-05  0.15794E-03      12  0.88321E-03  0.00000E+00  0.00000E+00  0.70897E-03  0.11067E-03  0.10772E-03 -0.15791E-04  0.48074E-04 -0.44644E-04
        0.4758  0.00000E+00 -0.46043E-03  0.00000E+00 -0.27142E-03  0.00000E+00  0.00000E+00  0.93154E-03  0.90634E-03  0.88144E-03  0.18528E-04  0.88159E-05  0.21099E-03      13  0.88321E-03  0.00000E+00  0.00000E+00  0.76437E-03  0.14889E-03  0.15330E-03 -0.81262E-05  0.12887E-03 -0.38201E-04
        0.5258  0.00000E+00 -0.43452E-03  0.00000E+00 -0.29315E-03  0.00000E+00  0.00000E+00  0.93168E-03  0.90633E-03  0.88143E-03  0.18528E-04  0.97423E-05  0.26495E-03      14  0.88321E-03  0.00000E+00  0.00000E+00  0.76084E-03  0.18693E-03  0.18794E-03  0.12709E-05  0.20133E-03 -0.28135E-04
        0.5758  0.00000E+00 -0.40782E-03  0.00000E+00 -0.31354E-03  0.00000E+00  0.00000E+00  0.93130E-03  0.90634E-03  0.88143E-03  0.18528E-04  0.10669E-04  0.31506E-03      15  0.88321E-03  0.00000E+00  0.00000E+00  0.69185E-03  0.22152E-03  0.20343E-03  0.11442E-04  0.25619E-03 -0.15325E-04
        0.6258  0.00000E+00 -0.37996E-03  0.00000E+00 -0.33253E-03  0.00000E+00  0.00000E+00  0.93030E-03  0.90633E-03  0.88143E-03  0.18527E-04  0.11595E-04  0.35642E-03      16  0.88321E-03  0.00000E+00  0.00000E+00  0.56358E-03  0.24970E-03  0.20065E-03  0.21475E-04  0.28748E-03 -0.95148E-06
        0.6758  0.00000E+00 -0.35092E-03  0.00000E+00 -0.35008E-03  0.00000E+00  0.00000E+00  0.92872E-03  0.90632E-03  0.88143E-03  0.18527E-04  0.12521E-04  0.38539E-03      17  0.88321E-03  0.00000E+00  0.00000E+00  0.37319E-03  0.26836E-03  0.17776E-03  0.30362E-04  0.29098E-03  0.13597E-04
        0.7258  0.00000E+00 -0.32101E-03  0.00000E+00 -0.36613E-03  0.00000E+00  0.00000E+00  0.92644E-03  0.90630E-03  0.88142E-03  0.18527E-04  0.13448E-04  0.39921E-03      18  0.88321E-03  0.00000E+00  0.00000E+00  0.12273E-03  0.27450E-03  0.13760E-03  0.37242E-04  0.26591E-03  0.26893E-04
        0.7758  0.00000E+00 -0.29071E-03  0.00000E+00 -0.38067E-03  0.00000E+00  0.00000E+00  0.92580E-03  0.90629E-03  0.88142E-03  0.18527E-04  0.14374E-04  0.40593E-03      19  0.88321E-03  0.00000E+00  0.00000E+00  0.69835E-04  0.27799E-03  0.10264E-03  0.42375E-04  0.22506E-03  0.38146E-04
        0.8258  0.00000E+00 -0.26071E-03  0.00000E+00 -0.39370E-03  0.00000E+00  0.00000E+00  0.92590E-03  0.90630E-03  0.88142E-03  0.18527E-04  0.15300E-04  0.41227E-03      20  0.88321E-03  0.00000E+00  0.00000E+00  0.76034E-04  0.28179E-03  0.78001E-04  0.46275E-04  0.18753E-03  0.47522E-04
        0.8758  0.00000E+00 -0.23167E-03  0.00000E+00 -0.40529E-03  0.00000E+00  0.00000E+00  0.92595E-03  0.90630E-03  0.88141E-03  0.18527E-04  0.16227E-04  0.41861E-03      21  0.88321E-03  0.00000E+00  0.00000E+00  0.81684E-04  0.28587E-03  0.62210E-04  0.49385E-04  0.15695E-03  0.55370E-04
        0.9258  0.00000E+00 -0.20410E-03  0.00000E+00 -0.41549E-03  0.00000E+00  0.00000E+00  0.92602E-03  0.90630E-03  0.88141E-03  0.18527E-04  0.17153E-04  0.42524E-03      22  0.88321E-03  0.00000E+00  0.00000E+00  0.85439E-04  0.29015E-03  0.51914E-04  0.51981E-04  0.13362E-03  0.62051E-04
        0.9629  0.00000E+00 -0.18140E-03  0.00000E+00 -0.42222E-03  0.00000E+00  0.00000E+00  0.92605E-03  0.90630E-03  0.88141E-03  0.18527E-04  0.17840E-04  0.43017E-03      23  0.88321E-03  0.00000E+00  0.00000E+00  0.87188E-04  0.29338E-03  0.46225E-04  0.53695E-04  0.11950E-03  0.66483E-04
        1.0000  0.00000E+00 -0.16338E-03  0.00000E+00 -0.42828E-03  0.00000E+00  0.00000E+00  0.92608E-03  0.90630E-03  0.88141E-03  0.18527E-04  0.18527E-04  0.43522E-03      24  0.88321E-03  0.00000E+00  0.00000E+00  0.87648E-04  0.29663E-03  0.42118E-04  0.55257E-04  0.10848E-03  0.70506E-04
end
