 ******* Program HYDRUS
 ******* 
 Welcome to HYDRUS-1D                                                    
 Date:  28. 3.2022    Time:   8:56:19
 Units: L = cm   , T = days , M = mg   

       Time          rTop        rRoot        vTop         vRoot        vBot       sum(rTop)   sum(rRoot)    sum(vTop)   sum(vRoot)    sum(vBot)      hTop         hRoot        hBot        RunOff    sum(RunOff)     Volume     sum(Infil)    sum(Evap) TLevel Cum(WTrans)  SnowLayer
        [T]         [L/T]        [L/T]        [L/T]        [L/T]        [L/T]         [L]          [L]          [L]         [L]           [L]         [L]           [L]         [L]          [L/T]         [L]          [L]          [L]          [L]

       0.0100  0.75999E-01  0.25719E-01  0.76003E-01  0.25447E-01 -0.72906E+00  0.75999E-03  0.25719E-03  0.76003E-03  0.25447E-03 -0.72906E-02 -0.19514E+03 -0.17155E+03  0.85684E+02  0.00000E+00  0.00000E+00  0.10296E+03  0.39465E-06  0.76042E-03      1  0.00000E+00      0.000
       0.0230  0.75830E-01  0.25719E-01  0.75828E-01  0.25446E-01 -0.74674E+00  0.17458E-02  0.59153E-03  0.17458E-02  0.58527E-03 -0.16998E-01 -0.19541E+03 -0.17176E+03  0.85684E+02  0.00000E+00  0.00000E+00  0.10295E+03  0.31049E-05  0.17489E-02      2  0.00000E+00      0.000
       0.0399  0.75413E-01  0.25719E-01  0.75415E-01  0.25445E-01 -0.75536E+00  0.30202E-02  0.10262E-02  0.30203E-02  0.10153E-02 -0.29764E-01 -0.19578E+03 -0.17207E+03  0.85684E+02  0.00000E+00  0.00000E+00  0.10293E+03  0.13671E-04  0.30340E-02      3  0.00000E+00      0.000
       0.0619  0.74546E-01  0.25719E-01  0.74545E-01  0.25443E-01 -0.75094E+00  0.46580E-02  0.15912E-02  0.46581E-02  0.15743E-02 -0.46262E-01 -0.19621E+03 -0.17245E+03  0.85684E+02  0.00000E+00  0.00000E+00  0.10291E+03  0.46456E-04  0.47045E-02      4  0.00000E+00      0.000
       0.0904  0.72896E-01  0.25719E-01  0.72899E-01  0.25440E-01 -0.73834E+00  0.67400E-02  0.23258E-02  0.67401E-02  0.23009E-02 -0.67350E-01 -0.19674E+03 -0.17295E+03  0.85684E+02  0.00000E+00  0.00000E+00  0.10289E+03  0.13621E-03  0.68763E-02      5  0.00000E+00      0.000
       0.1276  0.69951E-01  0.25719E-01  0.69950E-01  0.25438E-01 -0.71712E+00  0.93372E-02  0.32807E-02  0.93373E-02  0.32453E-02 -0.93976E-01 -0.19739E+03 -0.17356E+03  0.85684E+02  0.00000E+00  0.00000E+00  0.10286E+03  0.36222E-03  0.96995E-02      6  0.00000E+00      0.000
       0.1758  0.65025E-01  0.25719E-01  0.65024E-01  0.25434E-01 -0.68728E+00  0.12476E-01  0.45221E-02  0.12476E-01  0.44730E-02 -0.12715E+00 -0.19816E+03 -0.17432E+03  0.85684E+02  0.00000E+00  0.00000E+00  0.10282E+03  0.89380E-03  0.13370E-01      7  0.00000E+00      0.000
       0.2258  0.59064E-01  0.25719E-01  0.59062E-01  0.25430E-01 -0.65578E+00  0.15429E-01  0.58080E-02  0.15429E-01  0.57445E-02 -0.15994E+00 -0.19891E+03 -0.17508E+03  0.85684E+02  0.00000E+00  0.00000E+00  0.10279E+03  0.17425E-02  0.17172E-01      8  0.00000E+00      0.000
       0.2758  0.11754E+00  0.47614E-01  0.11754E+00  0.47073E-01 -0.62472E+00  0.21306E-01  0.81887E-02  0.21306E-01  0.80981E-02 -0.19117E+00 -0.20027E+03 -0.17592E+03  0.85684E+02  0.00000E+00  0.00000E+00  0.10275E+03  0.29041E-02  0.24210E-01      9  0.00000E+00      0.000
       0.3258  0.37041E+00  0.13515E+00  0.37041E+00  0.13357E+00 -0.59487E+00  0.39827E-01  0.14946E-01  0.39827E-01  0.14777E-01 -0.22092E+00 -0.20396E+03 -0.17733E+03  0.85684E+02  0.00000E+00  0.00000E+00  0.10270E+03  0.43627E-02  0.44189E-01     10  0.00000E+00      0.000
       0.3758  0.58506E+00  0.20946E+00  0.58506E+00  0.20692E+00 -0.56569E+00  0.69080E-01  0.25419E-01  0.69080E-01  0.25123E-01 -0.24920E+00 -0.20859E+03 -0.17936E+03  0.85684E+02  0.00000E+00  0.00000E+00  0.10263E+03  0.60735E-02  0.75153E-01     11  0.00000E+00      0.000
       0.4258  0.74049E+00  0.26327E+00  0.74049E+00  0.25992E+00 -0.53696E+00  0.10610E+00  0.38583E-01  0.10610E+00  0.38119E-01 -0.27605E+00 -0.21366E+03 -0.18185E+03  0.85684E+02  0.00000E+00  0.00000E+00  0.10256E+03  0.79668E-02  0.11407E+00     12  0.00000E+00      0.000
       0.4758  0.82147E+00  0.29130E+00  0.82147E+00  0.28741E+00 -0.50778E+00  0.14718E+00  0.53148E-01  0.14718E+00  0.52489E-01 -0.30144E+00 -0.21847E+03 -0.18455E+03  0.85684E+02  0.00000E+00  0.00000E+00  0.10248E+03  0.99553E-02  0.15713E+00     13  0.00000E+00      0.000
       0.5258  0.82008E+00  0.29082E+00  0.82009E+00  0.28676E+00 -0.47815E+00  0.18818E+00  0.67689E-01  0.18818E+00  0.66827E-01 -0.32535E+00 -0.22241E+03 -0.18720E+03  0.85684E+02  0.00000E+00  0.00000E+00  0.10240E+03  0.11942E-01  0.20012E+00     14  0.00000E+00      0.000
       0.5758  0.73647E+00  0.26187E+00  0.73647E+00  0.25807E+00 -0.44720E+00  0.22501E+00  0.80782E-01  0.22501E+00  0.79731E-01 -0.34771E+00 -0.22495E+03 -0.18953E+03  0.85684E+02  0.00000E+00  0.00000E+00  0.10233E+03  0.13831E-01  0.23884E+00     15  0.00000E+00      0.000
       0.6258  0.57880E+00  0.20729E+00  0.57880E+00  0.20420E+00 -0.41493E+00  0.25395E+00  0.91147E-01  0.25395E+00  0.89941E-01 -0.36845E+00 -0.22573E+03 -0.19130E+03  0.85684E+02  0.00000E+00  0.00000E+00  0.10226E+03  0.15534E-01  0.26948E+00     16  0.00000E+00      0.000
       0.6758  0.36252E+00  0.13242E+00  0.36251E+00  0.13042E+00 -0.38133E+00  0.27207E+00  0.97768E-01  0.27207E+00  0.96462E-01 -0.38752E+00 -0.22462E+03 -0.19233E+03  0.85684E+02  0.00000E+00  0.00000E+00  0.10222E+03  0.16984E-01  0.28905E+00     17  0.00000E+00      0.000
       0.7258  0.10879E+00  0.44584E-01  0.10879E+00  0.43913E-01 -0.34706E+00  0.27751E+00  0.99997E-01  0.27751E+00  0.98658E-01 -0.40487E+00 -0.22176E+03 -0.19251E+03  0.85684E+02  0.00000E+00  0.00000E+00  0.10219E+03  0.18135E-01  0.29565E+00     18  0.00000E+00      0.000
       0.7758  0.59270E-01  0.25719E-01  0.59268E-01  0.25334E-01 -0.31258E+00  0.28047E+00  0.10128E+00  0.28047E+00  0.99924E-01 -0.42050E+00 -0.22004E+03 -0.19230E+03  0.85684E+02  0.00000E+00  0.00000E+00  0.10217E+03  0.18973E-01  0.29945E+00     19  0.00000E+00      0.000
       0.8258  0.65211E-01  0.25719E-01  0.65210E-01  0.25337E-01 -0.27898E+00  0.28373E+00  0.10257E+00  0.28373E+00  0.10119E+00 -0.43445E+00 -0.21900E+03 -0.19206E+03  0.85684E+02  0.00000E+00  0.00000E+00  0.10215E+03  0.19515E-01  0.30325E+00     20  0.00000E+00      0.000
       0.8758  0.70254E-01  0.25719E-01  0.70256E-01  0.25338E-01 -0.24670E+00  0.28725E+00  0.10385E+00  0.28725E+00  0.10246E+00 -0.44679E+00 -0.21836E+03 -0.19187E+03  0.85684E+02  0.00000E+00  0.00000E+00  0.10213E+03  0.19804E-01  0.30705E+00     21  0.00000E+00      0.000
       0.9258  0.73905E-01  0.25719E-01  0.73905E-01  0.25340E-01 -0.21642E+00  0.29094E+00  0.10514E+00  0.29094E+00  0.10372E+00 -0.45761E+00 -0.21796E+03 -0.19174E+03  0.85684E+02  0.00000E+00  0.00000E+00  0.10211E+03  0.19911E-01  0.31085E+00     22  0.00000E+00      0.000
       0.9629  0.75498E-01  0.25719E-01  0.75500E-01  0.25340E-01 -0.19520E+00  0.29374E+00  0.10609E+00  0.29374E+00  0.10466E+00 -0.46485E+00 -0.21774E+03 -0.19168E+03  0.85684E+02  0.00000E+00  0.00000E+00  0.10210E+03  0.19931E-01  0.31367E+00     23  0.00000E+00      0.000
       1.0000  0.76038E-01  0.25719E-01  0.76038E-01  0.25341E-01 -0.17552E+00  0.29656E+00  0.10705E+00  0.29656E+00  0.10560E+00 -0.47136E+00 -0.21759E+03 -0.19165E+03  0.85684E+02  0.00000E+00  0.00000E+00  0.10209E+03  0.19931E-01  0.31649E+00     24  0.00000E+00      0.000
end
