 ******* Program HYDRUS
 ******* 
 Welcome to HYDRUS-1D                                                    
 Date:  29. 3.2022    Time:  17:26:15
 Units: L = cm   , T = days , M = mg   

       Time          rTop        rRoot        vTop         vRoot        vBot       sum(rTop)   sum(rRoot)    sum(vTop)   sum(vRoot)    sum(vBot)      hTop         hRoot        hBot        RunOff    sum(RunOff)     Volume     sum(Infil)    sum(Evap) TLevel Cum(WTrans)  SnowLayer
        [T]         [L/T]        [L/T]        [L/T]        [L/T]        [L/T]         [L]          [L]          [L]         [L]           [L]         [L]           [L]         [L]          [L/T]         [L]          [L]          [L]          [L]

       0.0100  0.47351E-01  0.50423E-01  0.47351E-01  0.49204E-01 -0.90259E+00  0.47351E-03  0.50423E-03  0.47351E-03  0.49204E-03 -0.90259E-02 -0.26280E+03 -0.22337E+03  0.61104E+02  0.00000E+00  0.00000E+00  0.99393E+02  0.00000E+00  0.47351E-03      1  0.00000E+00      0.000
       0.0230  0.47351E-01  0.50423E-01  0.47353E-01  0.49207E-01 -0.67932E+00  0.10891E-02  0.11597E-02  0.10891E-02  0.11317E-02 -0.17857E-01 -0.26238E+03 -0.22324E+03  0.61104E+02  0.00000E+00  0.00000E+00  0.99383E+02  0.00000E+00  0.10891E-02      2  0.00000E+00      0.000
       0.0399  0.47351E-01  0.50423E-01  0.47350E-01  0.49211E-01 -0.48059E+00  0.18893E-02  0.20119E-02  0.18893E-02  0.19634E-02 -0.25979E-01 -0.26184E+03 -0.22304E+03  0.61104E+02  0.00000E+00  0.00000E+00  0.99373E+02  0.00000E+00  0.18893E-02      3  0.00000E+00      0.000
       0.0619  0.47351E-01  0.50423E-01  0.47347E-01  0.49216E-01 -0.36199E+00  0.29296E-02  0.31197E-02  0.29295E-02  0.30447E-02 -0.33932E-01 -0.26123E+03 -0.22279E+03  0.61104E+02  0.00000E+00  0.00000E+00  0.99363E+02  0.00000E+00  0.29295E-02      4  0.00000E+00      0.000
       0.0904  0.47351E-01  0.50423E-01  0.47349E-01  0.49223E-01 -0.26019E+00  0.42820E-02  0.45598E-02  0.42818E-02  0.44505E-02 -0.41363E-01 -0.26052E+03 -0.22248E+03  0.61104E+02  0.00000E+00  0.00000E+00  0.99353E+02  0.00000E+00  0.42818E-02      5  0.00000E+00      0.000
       0.1276  0.47351E-01  0.50423E-01  0.47353E-01  0.49231E-01 -0.17851E+00  0.60401E-02  0.64319E-02  0.60400E-02  0.62784E-02 -0.47991E-01 -0.25970E+03 -0.22210E+03  0.61104E+02  0.00000E+00  0.00000E+00  0.99342E+02  0.00000E+00  0.60400E-02      6  0.00000E+00      0.000
       0.1758  0.47351E-01  0.50423E-01  0.47352E-01  0.49240E-01 -0.10710E+00  0.83256E-02  0.88657E-02  0.83256E-02  0.86552E-02 -0.53161E-01 -0.25878E+03 -0.22163E+03  0.61104E+02  0.00000E+00  0.00000E+00  0.99333E+02  0.00000E+00  0.83256E-02      7  0.00000E+00      0.000
       0.2386  0.47351E-01  0.50423E-01  0.47350E-01  0.49250E-01 -0.44985E-01  0.11297E-01  0.12030E-01  0.11297E-01  0.11746E-01 -0.55983E-01 -0.25777E+03 -0.22110E+03  0.61104E+02  0.00000E+00  0.00000E+00  0.99324E+02  0.00000E+00  0.11297E-01      8  0.00000E+00      0.000
       0.3232  0.24077E+00  0.25639E+00  0.24077E+00  0.25042E+00  0.11051E-01  0.31667E-01  0.33721E-01  0.31666E-01  0.32932E-01 -0.55048E-01 -0.26060E+03 -0.22110E+03  0.61104E+02  0.00000E+00  0.00000E+00  0.99300E+02  0.00000E+00  0.31666E-01      9  0.00000E+00      0.000
       0.4360  0.49926E+00  0.53165E+00  0.49926E+00  0.51876E+00  0.61013E-01  0.87985E-01  0.93693E-01  0.87984E-01  0.91450E-01 -0.48166E-01 -0.26895E+03 -0.22348E+03  0.61104E+02  0.00000E+00  0.00000E+00  0.99222E+02  0.00000E+00  0.87984E-01     10  0.00000E+00      0.000
       0.5770  0.48031E+00  0.51147E+00  0.48031E+00  0.49824E+00  0.10589E+00  0.15571E+00  0.16581E+00  0.15571E+00  0.16170E+00 -0.33235E-01 -0.27606E+03 -0.22779E+03  0.61104E+02  0.00000E+00  0.00000E+00  0.99096E+02  0.00000E+00  0.15571E+00     11  0.00000E+00      0.000
       0.7885  0.47351E-01  0.50423E-01  0.47352E-01  0.49094E-01  0.15817E+00  0.16573E+00  0.17648E+00  0.16573E+00  0.17209E+00  0.21828E-03 -0.27023E+03 -0.22977E+03  0.61104E+02  0.00000E+00  0.00000E+00  0.99015E+02  0.00000E+00  0.16573E+00     12  0.00000E+00      0.000
       1.0000  0.47351E-01  0.50423E-01  0.47352E-01  0.49152E-01  0.19564E+00  0.17574E+00  0.18714E+00  0.17574E+00  0.18248E+00  0.41597E-01 -0.26532E+03 -0.22704E+03  0.61104E+02  0.00000E+00  0.00000E+00  0.99036E+02  0.00000E+00  0.17574E+00     13  0.00000E+00      0.000
end
