 All solute fluxes and cumulative solute fluxes are positive into the region

       Time         cvTop        cvBot      Sum(cvTop)   Sum(cvBot)     cvCh0        cvCh1         cTop        cRoot         cBot        cvRoot    Sum(cvRoot)  Sum(cvNEql) TLevel      cGWL        cRunOff   Sum(cRunOff)    (cv(i),    Sum(cv(i)), i=1,NObs)
        [T]        [M/L2/T]     [M/L2/T]      [M/L2]       [M/L2]       [M/L2]      [M/L2]        [M/L3]      [M/L3]        [M/L3]      [M/L2/T]      [M/L2]       [M/L2]              [M/L3]        [M/L2]      [M/L3]      [M/L2/T]      [M/L2]
        0.0100  0.00000E+00 -0.24762E-03  0.00000E+00 -0.24762E-05  0.00000E+00  0.00000E+00  0.88794E-03  0.88322E-03  0.87011E-03  0.27134E-04  0.27134E-06 -0.10157E-04       1  0.88314E-03  0.00000E+00  0.00000E+00  0.49103E-04  0.49103E-06 -0.11413E-03 -0.11413E-05 -0.15153E-03 -0.15153E-05
        0.0200  0.00000E+00  0.00000E+00  0.00000E+00 -0.24762E-05  0.00000E+00  0.00000E+00  0.88801E-03  0.88316E-03  0.86491E-03  0.27133E-04  0.54267E-06 -0.22400E-04       2  0.88309E-03  0.00000E+00  0.00000E+00  0.42262E-04  0.91365E-06 -0.66907E-04 -0.18104E-05 -0.29365E-04 -0.18090E-05
        0.0330  0.00000E+00  0.00000E+00  0.00000E+00 -0.24762E-05  0.00000E+00  0.00000E+00  0.88788E-03  0.88324E-03  0.86656E-03  0.27134E-04  0.89541E-06 -0.35517E-04       3  0.88311E-03  0.00000E+00  0.00000E+00  0.26953E-04  0.12640E-05  0.42172E-05 -0.17556E-05  0.11854E-03 -0.26801E-06
        0.0499  0.00000E+00  0.00000E+00  0.00000E+00 -0.24762E-05  0.00000E+00  0.00000E+00  0.88764E-03  0.88323E-03  0.86667E-03  0.27134E-04  0.13540E-05 -0.51009E-04       4  0.88311E-03  0.00000E+00  0.00000E+00  0.66502E-09  0.12640E-05  0.71742E-04 -0.54314E-06  0.22892E-03  0.36008E-05
        0.0719  0.00000E+00  0.00000E+00  0.00000E+00 -0.24762E-05  0.00000E+00  0.00000E+00  0.88727E-03  0.88324E-03  0.86718E-03  0.27134E-04  0.19501E-05 -0.69675E-04       5  0.88312E-03  0.00000E+00  0.00000E+00 -0.30756E-04  0.58833E-06  0.11448E-03  0.19721E-05  0.29444E-03  0.10070E-04
        0.1004  0.00000E+00  0.00000E+00  0.00000E+00 -0.24762E-05  0.00000E+00  0.00000E+00  0.88680E-03  0.88324E-03  0.86748E-03  0.27134E-04  0.27251E-05 -0.93299E-04       6  0.88312E-03  0.00000E+00  0.00000E+00 -0.84163E-04 -0.18154E-05  0.10776E-03  0.50498E-05  0.29926E-03  0.18617E-04
        0.1376  0.00000E+00  0.00000E+00  0.00000E+00 -0.24762E-05  0.00000E+00  0.00000E+00  0.88605E-03  0.88324E-03  0.86793E-03  0.27134E-04  0.37326E-05 -0.12508E-03       7  0.88313E-03  0.00000E+00  0.00000E+00 -0.17083E-03 -0.81584E-05  0.33977E-04  0.63114E-05  0.24052E-03  0.27547E-04
        0.1858  0.00000E+00  0.00000E+00  0.00000E+00 -0.24762E-05  0.00000E+00  0.00000E+00  0.88493E-03  0.88324E-03  0.86847E-03  0.27134E-04  0.50423E-05 -0.17067E-03       8  0.88313E-03  0.00000E+00  0.00000E+00 -0.30120E-03 -0.22697E-04 -0.12814E-03  0.12623E-06  0.10273E-03  0.32505E-04
        0.2358  0.00000E+00  0.00000E+00  0.00000E+00 -0.24762E-05  0.00000E+00  0.00000E+00  0.88373E-03  0.88324E-03  0.86923E-03  0.27134E-04  0.63990E-05 -0.22356E-03       9  0.88314E-03  0.00000E+00  0.00000E+00 -0.44306E-03 -0.44850E-04 -0.34113E-03 -0.16930E-04 -0.80665E-04  0.28472E-04
        0.2858  0.00000E+00  0.00000E+00  0.00000E+00 -0.24762E-05  0.00000E+00  0.00000E+00  0.88278E-03  0.88325E-03  0.87018E-03  0.27135E-04  0.77557E-05 -0.27923E-03      10  0.88315E-03  0.00000E+00  0.00000E+00 -0.55111E-03 -0.72405E-04 -0.55155E-03 -0.44508E-04 -0.27585E-03  0.14679E-04
        0.3358  0.00000E+00 -0.27805E-04  0.00000E+00 -0.38665E-05  0.00000E+00  0.00000E+00  0.88218E-03  0.88327E-03  0.87649E-03  0.27135E-04  0.91125E-05 -0.31878E-03      11  0.88318E-03  0.00000E+00  0.00000E+00 -0.61540E-03 -0.10317E-03 -0.72307E-03 -0.80661E-04 -0.44984E-03 -0.78127E-05
        0.3858  0.00000E+00 -0.13696E-03  0.00000E+00 -0.10715E-04  0.00000E+00  0.00000E+00  0.88167E-03  0.88328E-03  0.87629E-03  0.27136E-04  0.10469E-04 -0.34665E-03      12  0.88318E-03  0.00000E+00  0.00000E+00 -0.66668E-03 -0.13651E-03 -0.86814E-03 -0.12407E-03 -0.60170E-03 -0.37898E-04
        0.4358  0.00000E+00 -0.29356E-03  0.00000E+00 -0.25393E-04  0.00000E+00  0.00000E+00  0.88128E-03  0.88329E-03  0.87670E-03  0.27136E-04  0.11826E-04 -0.37661E-03      13  0.88318E-03  0.00000E+00  0.00000E+00 -0.70030E-03 -0.17152E-03 -0.98132E-03 -0.17313E-03 -0.72609E-03 -0.74202E-04
        0.4858  0.00000E+00 -0.43469E-03  0.00000E+00 -0.47127E-04  0.00000E+00  0.00000E+00  0.88103E-03  0.88331E-03  0.87665E-03  0.27137E-04  0.13183E-04 -0.40600E-03      14  0.88318E-03  0.00000E+00  0.00000E+00 -0.71439E-03 -0.20724E-03 -0.10607E-02 -0.22617E-03 -0.82561E-03 -0.11548E-03
        0.5358  0.00000E+00 -0.55588E-03  0.00000E+00 -0.74921E-04  0.00000E+00  0.00000E+00  0.88092E-03  0.88331E-03  0.87688E-03  0.27137E-04  0.14540E-04 -0.43502E-03      15  0.88319E-03  0.00000E+00  0.00000E+00 -0.70753E-03 -0.24262E-03 -0.11028E-02 -0.28131E-03 -0.89604E-03 -0.16028E-03
        0.5858  0.00000E+00 -0.65519E-03  0.00000E+00 -0.10768E-03  0.00000E+00  0.00000E+00  0.88098E-03  0.88332E-03  0.87687E-03  0.27137E-04  0.15897E-04 -0.46179E-03      16  0.88318E-03  0.00000E+00  0.00000E+00 -0.68057E-03 -0.27665E-03 -0.11066E-02 -0.33664E-03 -0.93610E-03 -0.20709E-03
        0.6358  0.00000E+00 -0.73161E-03  0.00000E+00 -0.14426E-03  0.00000E+00  0.00000E+00  0.88117E-03  0.88332E-03  0.87700E-03  0.27137E-04  0.17254E-04 -0.48618E-03      17  0.88319E-03  0.00000E+00  0.00000E+00 -0.63531E-03 -0.30841E-03 -0.10746E-02 -0.39037E-03 -0.94659E-03 -0.25442E-03
        0.6858  0.00000E+00 -0.78517E-03  0.00000E+00 -0.18352E-03  0.00000E+00  0.00000E+00  0.88148E-03  0.88332E-03  0.87700E-03  0.27137E-04  0.18610E-04 -0.50720E-03      18  0.88319E-03  0.00000E+00  0.00000E+00 -0.57539E-03 -0.33718E-03 -0.10127E-02 -0.44100E-03 -0.93077E-03 -0.30096E-03
        0.7358  0.00000E+00 -0.81700E-03  0.00000E+00 -0.22437E-03  0.00000E+00  0.00000E+00  0.88188E-03  0.88331E-03  0.87706E-03  0.27137E-04  0.19967E-04 -0.52510E-03      19  0.88319E-03  0.00000E+00  0.00000E+00 -0.50560E-03 -0.36246E-03 -0.92904E-03 -0.48746E-03 -0.89433E-03 -0.34567E-03
        0.7858  0.00000E+00 -0.82187E-03  0.00000E+00 -0.26546E-03  0.00000E+00  0.00000E+00  0.88282E-03  0.88330E-03  0.87705E-03  0.27137E-04  0.21324E-04 -0.53449E-03      20  0.88319E-03  0.00000E+00  0.00000E+00 -0.36695E-03 -0.38081E-03 -0.76632E-03 -0.52577E-03 -0.80245E-03 -0.38580E-03
        0.8358  0.00000E+00 -0.79007E-03  0.00000E+00 -0.30497E-03  0.00000E+00  0.00000E+00  0.88384E-03  0.88329E-03  0.87705E-03  0.27136E-04  0.22681E-04 -0.53267E-03      21  0.88319E-03  0.00000E+00  0.00000E+00 -0.22995E-03 -0.39231E-03 -0.58719E-03 -0.55513E-03 -0.67655E-03 -0.41962E-03
        0.8858  0.00000E+00 -0.72413E-03  0.00000E+00 -0.34117E-03  0.00000E+00  0.00000E+00  0.88476E-03  0.88328E-03  0.87700E-03  0.27136E-04  0.24038E-04 -0.52188E-03      22  0.88319E-03  0.00000E+00  0.00000E+00 -0.10730E-03 -0.39767E-03 -0.41373E-03 -0.57582E-03 -0.53845E-03 -0.44655E-03
        0.9358  0.00000E+00 -0.63608E-03  0.00000E+00 -0.37298E-03  0.00000E+00  0.00000E+00  0.88551E-03  0.88328E-03  0.87696E-03  0.27136E-04  0.25395E-04 -0.50495E-03      23  0.88319E-03  0.00000E+00  0.00000E+00 -0.16476E-04 -0.39850E-03 -0.27153E-03 -0.58939E-03 -0.41024E-03 -0.46706E-03
        0.9679  0.00000E+00 -0.55637E-03  0.00000E+00 -0.39083E-03  0.00000E+00  0.00000E+00  0.88585E-03  0.88326E-03  0.87692E-03  0.27135E-04  0.26265E-04 -0.49242E-03      24  0.88319E-03  0.00000E+00  0.00000E+00  0.30292E-04 -0.39753E-03 -0.20061E-03 -0.59583E-03 -0.33847E-03 -0.47792E-03
        1.0000  0.00000E+00 -0.49354E-03  0.00000E+00 -0.40666E-03  0.00000E+00  0.00000E+00  0.88608E-03  0.88326E-03  0.87688E-03  0.27135E-04  0.27136E-04 -0.47965E-03      25  0.88319E-03  0.00000E+00  0.00000E+00  0.53791E-04 -0.39580E-03 -0.15329E-03 -0.60075E-03 -0.28151E-03 -0.48695E-03
end
