 ******* Program HYDRUS
 ******* 
 Welcome to HYDRUS-1D                                                    
 Date:  29. 3.2022    Time:  17:26:54
 Units: L = cm   , T = days , M = mg   

       Time          rTop        rRoot        vTop         vRoot        vBot       sum(rTop)   sum(rRoot)    sum(vTop)   sum(vRoot)    sum(vBot)      hTop         hRoot        hBot        RunOff    sum(RunOff)     Volume     sum(Infil)    sum(Evap) TLevel Cum(WTrans)  SnowLayer
        [T]         [L/T]        [L/T]        [L/T]        [L/T]        [L/T]         [L]          [L]          [L]         [L]           [L]         [L]           [L]         [L]          [L/T]         [L]          [L]          [L]          [L]

       0.0100  0.68690E-01  0.25516E-01  0.68691E-01  0.25020E-01 -0.10943E+01  0.68690E-03  0.25516E-03  0.68691E-03  0.25020E-03 -0.10943E-01 -0.25405E+03 -0.20196E+03  0.63602E+02  0.00000E+00  0.00000E+00  0.99784E+02  0.00000E+00  0.68691E-03      1  0.00000E+00      0.000
       0.0230  0.68690E-01  0.25516E-01  0.68691E-01  0.25020E-01 -0.83257E+00  0.15799E-02  0.58687E-03  0.15799E-02  0.57546E-03 -0.21766E-01 -0.25378E+03 -0.20190E+03  0.63602E+02  0.00000E+00  0.00000E+00  0.99772E+02  0.00000E+00  0.15799E-02      2  0.00000E+00      0.000
       0.0399  0.68690E-01  0.25516E-01  0.68691E-01  0.25021E-01 -0.59880E+00  0.27407E-02  0.10181E-02  0.27408E-02  0.99833E-03 -0.31886E-01 -0.25343E+03 -0.20182E+03  0.63602E+02  0.00000E+00  0.00000E+00  0.99760E+02  0.00000E+00  0.27408E-02      3  0.00000E+00      0.000
       0.0619  0.68690E-01  0.25516E-01  0.68691E-01  0.25023E-01 -0.45909E+00  0.42498E-02  0.15787E-02  0.42499E-02  0.15481E-02 -0.41972E-01 -0.25303E+03 -0.20171E+03  0.63602E+02  0.00000E+00  0.00000E+00  0.99748E+02  0.00000E+00  0.42499E-02      4  0.00000E+00      0.000
       0.0904  0.68690E-01  0.25516E-01  0.68691E-01  0.25024E-01 -0.33949E+00  0.62117E-02  0.23074E-02  0.62118E-02  0.22628E-02 -0.51669E-01 -0.25256E+03 -0.20157E+03  0.63602E+02  0.00000E+00  0.00000E+00  0.99736E+02  0.00000E+00  0.62118E-02      5  0.00000E+00      0.000
       0.1276  0.68690E-01  0.25516E-01  0.68689E-01  0.25026E-01 -0.24510E+00  0.87621E-02  0.32548E-02  0.87622E-02  0.31920E-02 -0.60769E-01 -0.25203E+03 -0.20139E+03  0.63602E+02  0.00000E+00  0.00000E+00  0.99723E+02  0.00000E+00  0.87622E-02      6  0.00000E+00      0.000
       0.1758  0.68690E-01  0.25516E-01  0.68690E-01  0.25029E-01 -0.16408E+00  0.12078E-01  0.44865E-02  0.12078E-01  0.44001E-02 -0.68689E-01 -0.25143E+03 -0.20119E+03  0.63602E+02  0.00000E+00  0.00000E+00  0.99711E+02  0.00000E+00  0.12078E-01      7  0.00000E+00      0.000
       0.2386  0.68690E-01  0.25516E-01  0.68688E-01  0.25031E-01 -0.95332E-01  0.16388E-01  0.60876E-02  0.16388E-01  0.59708E-02 -0.74671E-01 -0.25075E+03 -0.20095E+03  0.63602E+02  0.00000E+00  0.00000E+00  0.99699E+02  0.00000E+00  0.16388E-01      8  0.00000E+00      0.000
       0.3232  0.34928E+00  0.12975E+00  0.34928E+00  0.12726E+00 -0.35094E-01  0.45938E-01  0.17064E-01  0.45938E-01  0.16737E-01 -0.77640E-01 -0.25550E+03 -0.20130E+03  0.63602E+02  0.00000E+00  0.00000E+00  0.99664E+02  0.00000E+00  0.45938E-01      9  0.00000E+00      0.000
       0.4360  0.72425E+00  0.26904E+00  0.72425E+00  0.26366E+00  0.17466E-01  0.12764E+00  0.47413E-01  0.12764E+00  0.46479E-01 -0.75670E-01 -0.26688E+03 -0.20340E+03  0.63602E+02  0.00000E+00  0.00000E+00  0.99570E+02  0.00000E+00  0.12764E+00     10  0.00000E+00      0.000
       0.5770  0.69677E+00  0.25883E+00  0.69677E+00  0.25336E+00  0.64826E-01  0.22588E+00  0.83909E-01  0.22588E+00  0.82204E-01 -0.66529E-01 -0.27429E+03 -0.20651E+03  0.63602E+02  0.00000E+00  0.00000E+00  0.99444E+02  0.00000E+00  0.22588E+00     11  0.00000E+00      0.000
       0.7885  0.68690E-01  0.25516E-01  0.68693E-01  0.24977E-01  0.11954E+00  0.24041E+00  0.89306E-01  0.24041E+00  0.87487E-01 -0.41246E-01 -0.26261E+03 -0.20731E+03  0.63602E+02  0.00000E+00  0.00000E+00  0.99401E+02  0.00000E+00  0.24041E+00     12  0.00000E+00      0.000
       1.0000  0.68690E-01  0.25516E-01  0.68689E-01  0.24991E-01  0.15734E+00  0.25494E+00  0.94702E-01  0.25494E+00  0.92772E-01 -0.79675E-02 -0.25831E+03 -0.20614E+03  0.63602E+02  0.00000E+00  0.00000E+00  0.99414E+02  0.00000E+00  0.25494E+00     13  0.00000E+00      0.000
end
