 ******* Program HYDRUS
 ******* 
 Welcome to HYDRUS-1D                                                    
 Date:  28. 3.2022    Time:   8:58:36
 Units: L = cm   , T = days , M = mg   

----------------------------------------------------------
 Time       [T]        0.0000
----------------------------------------------------------
 Sub-region num.                     1
----------------------------------------------------------
 Length   [L]        0.30000E+03  0.30000E+03
 W-volume [L]        0.11097E+03  0.11097E+03
 In-flow  [L/T]      0.00000E+00  0.00000E+00
 h Mean   [L]        0.94777E+02  0.94777E+02
 ConcVol  [M/L2] 1   0.99307E-01  0.99307E-01
 cMean    [M/L3] 1   0.89532E-03  0.89532E-03
 SorbVolIm[M/L2] 1   0.46737E+02  0.46737E+02
 sMeanIm  [-]    1   0.10744E+00  0.10744E+00
 Top Flux [L/T]      0.35356E-01
 Bot Flux [L/T]      0.11583E+00
----------------------------------------------------------

----------------------------------------------------------
 Time       [T]        1.0000
----------------------------------------------------------
 Sub-region num.                     1
----------------------------------------------------------
 Length   [L]        0.30000E+03  0.30000E+03
 W-volume [L]        0.11099E+03  0.11099E+03
 In-flow  [L/T]     -0.34090E+00 -0.34090E+00
 h Mean   [L]        0.94909E+02  0.94909E+02
 ConcVol  [M/L2] 1   0.99336E-01  0.99336E-01
 cMean    [M/L3] 1   0.89535E-03  0.89535E-03
 SorbVolIm[M/L2] 1   0.46736E+02  0.46736E+02
 sMeanIm  [-]    1   0.10744E+00  0.10744E+00
 Top Flux [L/T]      0.18664E-01
 Bot Flux [L/T]     -0.29932E+00
 WatBalT  [L]        0.11459E-04
 WatBalR  [%]              0.001
 CncBalT  [M]    1   0.26703E-03
 CncBalR  [%]    1        36.791
----------------------------------------------------------
 
 Calculation time [sec]  9.999990463256836E-003
