 All solute fluxes and cumulative solute fluxes are positive into the region

       Time         cvTop        cvBot      Sum(cvTop)   Sum(cvBot)     cvCh0        cvCh1         cTop        cRoot         cBot        cvRoot    Sum(cvRoot)  Sum(cvNEql) TLevel      cGWL        cRunOff   Sum(cRunOff)    (cv(i),    Sum(cv(i)), i=1,NObs)
        [T]        [M/L2/T]     [M/L2/T]      [M/L2]       [M/L2]       [M/L2]      [M/L2]        [M/L3]      [M/L3]        [M/L3]      [M/L2/T]      [M/L2]       [M/L2]              [M/L3]        [M/L2]      [M/L3]      [M/L2/T]      [M/L2]
        0.0100  0.00000E+00 -0.36389E-02  0.00000E+00 -0.36389E-04  0.00000E+00  0.00000E+00  0.10640E-02  0.10700E-02  0.88176E-03  0.34521E-05  0.34521E-07  0.44573E-04       1  0.88313E-03  0.00000E+00  0.00000E+00  0.10457E-03  0.10457E-05 -0.30839E-02 -0.30839E-04 -0.13819E-02 -0.13819E-04
        0.0230  0.00000E+00 -0.44089E-02  0.00000E+00 -0.93705E-04  0.00000E+00  0.00000E+00  0.10644E-02  0.10708E-02  0.88180E-03  0.34545E-05  0.79429E-07  0.45553E-04       2  0.88318E-03  0.00000E+00  0.00000E+00  0.10149E-03  0.23650E-05 -0.29266E-02 -0.68884E-04 -0.13270E-02 -0.31070E-04
        0.0399  0.00000E+00 -0.39755E-02  0.00000E+00 -0.16089E-03  0.00000E+00  0.00000E+00  0.10644E-02  0.10707E-02  0.88174E-03  0.34542E-05  0.13780E-06  0.49998E-04       3  0.88316E-03  0.00000E+00  0.00000E+00  0.98672E-04  0.40326E-05 -0.27332E-02 -0.11508E-03 -0.12589E-02 -0.52345E-04
        0.0619  0.00000E+00 -0.36583E-02  0.00000E+00 -0.24126E-03  0.00000E+00  0.00000E+00  0.10644E-02  0.10708E-02  0.88175E-03  0.34543E-05  0.21369E-06  0.55451E-04       4  0.88317E-03  0.00000E+00  0.00000E+00  0.92161E-04  0.60574E-05 -0.25352E-02 -0.17077E-03 -0.11830E-02 -0.78336E-04
        0.0904  0.00000E+00 -0.34307E-02  0.00000E+00 -0.33925E-03  0.00000E+00  0.00000E+00  0.10643E-02  0.10708E-02  0.88172E-03  0.34543E-05  0.31235E-06  0.63481E-04       5  0.88315E-03  0.00000E+00  0.00000E+00  0.80516E-04  0.83570E-05 -0.23270E-02 -0.23723E-03 -0.10988E-02 -0.10972E-03
        0.1276  0.00000E+00 -0.32335E-02  0.00000E+00 -0.45931E-03  0.00000E+00  0.00000E+00  0.10641E-02  0.10708E-02  0.88173E-03  0.34543E-05  0.44061E-06  0.72407E-04       6  0.88316E-03  0.00000E+00  0.00000E+00  0.59442E-04  0.10564E-04 -0.21242E-02 -0.31610E-03 -0.10106E-02 -0.14724E-03
        0.1758  0.00000E+00 -0.30535E-02  0.00000E+00 -0.60670E-03  0.00000E+00  0.00000E+00  0.10638E-02  0.10708E-02  0.88171E-03  0.34543E-05  0.60734E-06  0.82494E-04       7  0.88315E-03  0.00000E+00  0.00000E+00  0.23587E-04  0.11702E-04 -0.19386E-02 -0.40967E-03 -0.92189E-03 -0.19174E-03
        0.2258  0.00000E+00 -0.28878E-02  0.00000E+00 -0.75108E-03  0.00000E+00  0.00000E+00  0.10634E-02  0.10708E-02  0.88171E-03  0.34543E-05  0.78005E-06  0.90505E-04       8  0.88316E-03  0.00000E+00  0.00000E+00 -0.13779E-04  0.11014E-04 -0.18079E-02 -0.50007E-03 -0.85089E-03 -0.23429E-03
        0.2758  0.00000E+00 -0.27422E-02  0.00000E+00 -0.88819E-03  0.00000E+00  0.00000E+00  0.10637E-02  0.10708E-02  0.88170E-03  0.34544E-05  0.95277E-06  0.10003E-03       9  0.88315E-03  0.00000E+00  0.00000E+00  0.20686E-04  0.12048E-04 -0.16507E-02 -0.58260E-03 -0.78852E-03 -0.27371E-03
        0.3258  0.00000E+00 -0.26106E-02  0.00000E+00 -0.10187E-02  0.00000E+00  0.00000E+00  0.10663E-02  0.10708E-02  0.88170E-03  0.34544E-05  0.11255E-05  0.12081E-03      10  0.88316E-03  0.00000E+00  0.00000E+00  0.30033E-03  0.27064E-04 -0.12821E-02 -0.64671E-03 -0.71014E-03 -0.30922E-03
        0.3758  0.00000E+00 -0.24887E-02  0.00000E+00 -0.11432E-02  0.00000E+00  0.00000E+00  0.10687E-02  0.10709E-02  0.88170E-03  0.34546E-05  0.12982E-05  0.15316E-03      11  0.88315E-03  0.00000E+00  0.00000E+00  0.49310E-03  0.51719E-04 -0.84917E-03 -0.68917E-03 -0.61852E-03 -0.34014E-03
        0.4258  0.00000E+00 -0.23738E-02  0.00000E+00 -0.12618E-02  0.00000E+00  0.00000E+00  0.10700E-02  0.10708E-02  0.88170E-03  0.34544E-05  0.14709E-05  0.19230E-03      12  0.88316E-03  0.00000E+00  0.00000E+00  0.62278E-03  0.82858E-04 -0.40782E-03 -0.70956E-03 -0.52010E-03 -0.36615E-03
        0.4758  0.00000E+00 -0.22643E-02  0.00000E+00 -0.13751E-02  0.00000E+00  0.00000E+00  0.10709E-02  0.10708E-02  0.88169E-03  0.34544E-05  0.16437E-05  0.23569E-03      13  0.88315E-03  0.00000E+00  0.00000E+00  0.67919E-03  0.11682E-03 -0.35290E-04 -0.71132E-03 -0.42597E-03 -0.38745E-03
        0.5258  0.00000E+00 -0.21597E-02  0.00000E+00 -0.14830E-02  0.00000E+00  0.00000E+00  0.10709E-02  0.10707E-02  0.88169E-03  0.34542E-05  0.18164E-05  0.27816E-03      14  0.88315E-03  0.00000E+00  0.00000E+00  0.67772E-03  0.15070E-03 -0.16077E-03 -0.71936E-03 -0.34368E-03 -0.40463E-03
        0.5758  0.00000E+00 -0.20595E-02  0.00000E+00 -0.15860E-02  0.00000E+00  0.00000E+00  0.10706E-02  0.10708E-02  0.88169E-03  0.34542E-05  0.19891E-05  0.31643E-03      15  0.88315E-03  0.00000E+00  0.00000E+00  0.60513E-03  0.18096E-03 -0.21791E-03 -0.73026E-03 -0.28240E-03 -0.41875E-03
        0.6258  0.00000E+00 -0.19630E-02  0.00000E+00 -0.16842E-02  0.00000E+00  0.00000E+00  0.10695E-02  0.10707E-02  0.88169E-03  0.34542E-05  0.21618E-05  0.34612E-03      16  0.88315E-03  0.00000E+00  0.00000E+00  0.47331E-03  0.20463E-03 -0.20393E-03 -0.74045E-03 -0.24647E-03 -0.43108E-03
        0.6758  0.00000E+00 -0.18700E-02  0.00000E+00 -0.17777E-02  0.00000E+00  0.00000E+00  0.10677E-02  0.10707E-02  0.88168E-03  0.34542E-05  0.23345E-05  0.36490E-03      17  0.88315E-03  0.00000E+00  0.00000E+00  0.27516E-03  0.21838E-03 -0.11879E-03 -0.74639E-03 -0.23452E-03 -0.44280E-03
        0.7258  0.00000E+00 -0.17811E-02  0.00000E+00 -0.18667E-02  0.00000E+00  0.00000E+00  0.10651E-02  0.10707E-02  0.88168E-03  0.34542E-05  0.25072E-05  0.37061E-03      18  0.88315E-03  0.00000E+00  0.00000E+00  0.86425E-05  0.21882E-03 -0.17302E-03 -0.75504E-03 -0.24684E-03 -0.45514E-03
        0.7758  0.00000E+00 -0.16959E-02  0.00000E+00 -0.19515E-02  0.00000E+00  0.00000E+00  0.10646E-02  0.10708E-02  0.88168E-03  0.34543E-05  0.26799E-05  0.37394E-03      19  0.88315E-03  0.00000E+00  0.00000E+00 -0.14236E-04  0.21810E-03 -0.38739E-03 -0.77441E-03 -0.26416E-03 -0.46835E-03
        0.8258  0.00000E+00 -0.16142E-02  0.00000E+00 -0.20322E-02  0.00000E+00  0.00000E+00  0.10650E-02  0.10709E-02  0.88168E-03  0.34546E-05  0.28527E-05  0.37974E-03      20  0.88315E-03  0.00000E+00  0.00000E+00  0.23179E-04  0.21926E-03 -0.49686E-03 -0.79925E-03 -0.27849E-03 -0.48228E-03
        0.8758  0.00000E+00 -0.15363E-02  0.00000E+00 -0.21090E-02  0.00000E+00  0.00000E+00  0.10653E-02  0.10708E-02  0.88167E-03  0.34545E-05  0.30254E-05  0.38676E-03      21  0.88314E-03  0.00000E+00  0.00000E+00  0.58487E-04  0.22219E-03 -0.52650E-03 -0.82558E-03 -0.28446E-03 -0.49650E-03
        0.9258  0.00000E+00 -0.14623E-02  0.00000E+00 -0.21822E-02  0.00000E+00  0.00000E+00  0.10657E-02  0.10709E-02  0.88167E-03  0.34545E-05  0.31981E-05  0.39518E-03      22  0.88314E-03  0.00000E+00  0.00000E+00  0.83038E-04  0.22634E-03 -0.51413E-03 -0.85129E-03 -0.28373E-03 -0.51069E-03
        0.9629  0.00000E+00 -0.14009E-02  0.00000E+00 -0.22341E-02  0.00000E+00  0.00000E+00  0.10658E-02  0.10708E-02  0.88167E-03  0.34544E-05  0.33262E-05  0.40179E-03      23  0.88314E-03  0.00000E+00  0.00000E+00  0.93756E-04  0.22982E-03 -0.49633E-03 -0.86969E-03 -0.28034E-03 -0.52108E-03
        1.0000  0.00000E+00 -0.13513E-02  0.00000E+00 -0.22842E-02  0.00000E+00  0.00000E+00  0.10659E-02  0.10708E-02  0.88167E-03  0.34544E-05  0.34543E-05  0.40872E-03      24  0.88314E-03  0.00000E+00  0.00000E+00  0.97153E-04  0.23342E-03 -0.47646E-03 -0.88736E-03 -0.27512E-03 -0.53129E-03
end
