 ******* Program HYDRUS
 ******* 
 Welcome to HYDRUS-1D                                                    
 Date:  29. 3.2022    Time:  17:26:58
 Units: L = cm   , T = days , M = mg   

----------------------------------------------------------
 Time       [T]        0.0000
----------------------------------------------------------
 Sub-region num.                     1
----------------------------------------------------------
 Length   [L]        0.30000E+03  0.30000E+03
 W-volume [L]        0.98993E+02  0.98993E+02
 In-flow  [L/T]      0.00000E+00  0.00000E+00
 h Mean   [L]       -0.96019E+02 -0.96019E+02
 ConcVol  [M/L2] 1   0.87469E-01  0.87469E-01
 cMean    [M/L3] 1   0.88367E-03  0.88367E-03
 SorbVolIm[M/L2] 1   0.46128E+02  0.46128E+02
 sMeanIm  [-]    1   0.10604E+00  0.10604E+00
 Top Flux [L/T]      0.52223E-02
 Bot Flux [L/T]      0.15939E+00
----------------------------------------------------------

----------------------------------------------------------
 Time       [T]        1.0000
----------------------------------------------------------
 Sub-region num.                     1
----------------------------------------------------------
 Length   [L]        0.30000E+03  0.30000E+03
 W-volume [L]        0.10155E+03  0.10155E+03
 In-flow  [L/T]     -0.86091E+00 -0.86091E+00
 h Mean   [L]       -0.76356E+02 -0.76356E+02
 ConcVol  [M/L2] 1   0.89734E-01  0.89734E-01
 cMean    [M/L3] 1   0.88365E-03  0.88365E-03
 SorbVolIm[M/L2] 1   0.46126E+02  0.46126E+02
 sMeanIm  [-]    1   0.10604E+00  0.10604E+00
 Top Flux [L/T]     -0.63889E-01
 Bot Flux [L/T]     -0.81417E+00
 WatBalT  [L]        0.41962E-04
 WatBalR  [%]              0.001
 CncBalT  [M]    1   0.15259E-03
 CncBalR  [%]    1         6.709
----------------------------------------------------------
 
 Calculation time [sec]  0.000000000000000E+000
