 All solute fluxes and cumulative solute fluxes are positive into the region

       Time         cvTop        cvBot      Sum(cvTop)   Sum(cvBot)     cvCh0        cvCh1         cTop        cRoot         cBot        cvRoot    Sum(cvRoot)  Sum(cvNEql) TLevel      cGWL        cRunOff   Sum(cRunOff)    (cv(i),    Sum(cv(i)), i=1,NObs)
        [T]        [M/L2/T]     [M/L2/T]      [M/L2]       [M/L2]       [M/L2]      [M/L2]        [M/L3]      [M/L3]        [M/L3]      [M/L2/T]      [M/L2]       [M/L2]              [M/L3]        [M/L2]      [M/L3]      [M/L2/T]      [M/L2]
        0.0100  0.00000E+00 -0.12381E-02  0.00000E+00 -0.12381E-04  0.00000E+00  0.00000E+00  0.85531E-03  0.88308E-03  0.88183E-03  0.50111E-04  0.50111E-06 -0.43310E-05       1  0.88316E-03  0.00000E+00  0.00000E+00  0.44003E-04  0.44003E-06 -0.24209E-03 -0.24209E-05 -0.42453E-03 -0.42453E-05
        0.0230  0.00000E+00 -0.13009E-02  0.00000E+00 -0.29293E-04  0.00000E+00  0.00000E+00  0.85544E-03  0.88313E-03  0.88180E-03  0.50114E-04  0.11526E-05 -0.21169E-05       2  0.88315E-03  0.00000E+00  0.00000E+00  0.42538E-04  0.99302E-06 -0.23318E-03 -0.54523E-05 -0.41540E-03 -0.96455E-05
        0.0399  0.00000E+00 -0.12517E-02  0.00000E+00 -0.50447E-04  0.00000E+00  0.00000E+00  0.85541E-03  0.88311E-03  0.88181E-03  0.50113E-04  0.19995E-05 -0.24985E-05       3  0.88315E-03  0.00000E+00  0.00000E+00  0.39765E-04  0.16650E-05 -0.22201E-03 -0.92042E-05 -0.40265E-03 -0.16450E-04
        0.0619  0.00000E+00 -0.12110E-02  0.00000E+00 -0.77053E-04  0.00000E+00  0.00000E+00  0.85537E-03  0.88312E-03  0.88180E-03  0.50113E-04  0.31005E-05 -0.16809E-05       4  0.88315E-03  0.00000E+00  0.00000E+00  0.33953E-04  0.24110E-05 -0.21082E-03 -0.13836E-04 -0.38796E-03 -0.24974E-04
        0.0904  0.00000E+00 -0.11767E-02  0.00000E+00 -0.11066E-03  0.00000E+00  0.00000E+00  0.85529E-03  0.88312E-03  0.88180E-03  0.50113E-04  0.45318E-05 -0.14562E-05       5  0.88315E-03  0.00000E+00  0.00000E+00  0.22886E-04  0.30646E-05 -0.19892E-03 -0.19517E-04 -0.37064E-03 -0.35560E-04
        0.1276  0.00000E+00 -0.11415E-02  0.00000E+00 -0.15304E-03  0.00000E+00  0.00000E+00  0.85514E-03  0.88312E-03  0.88180E-03  0.50113E-04  0.63925E-05 -0.13379E-05       6  0.88315E-03  0.00000E+00  0.00000E+00  0.37520E-05  0.32039E-05 -0.18932E-03 -0.26547E-04 -0.35198E-03 -0.48629E-04
        0.1758  0.00000E+00 -0.11038E-02  0.00000E+00 -0.20632E-03  0.00000E+00  0.00000E+00  0.85498E-03  0.88312E-03  0.88180E-03  0.50113E-04  0.88113E-05 -0.27060E-05       7  0.88315E-03  0.00000E+00  0.00000E+00 -0.87933E-05  0.27795E-05 -0.18381E-03 -0.35419E-04 -0.33316E-03 -0.64710E-04
        0.2258  0.00000E+00 -0.10652E-02  0.00000E+00 -0.25958E-03  0.00000E+00  0.00000E+00  0.85484E-03  0.88312E-03  0.88180E-03  0.50113E-04  0.11317E-04 -0.53815E-05       8  0.88315E-03  0.00000E+00  0.00000E+00 -0.23678E-04  0.15956E-05 -0.18381E-03 -0.44609E-04 -0.31893E-03 -0.80656E-04
        0.2758  0.00000E+00 -0.10290E-02  0.00000E+00 -0.31103E-03  0.00000E+00  0.00000E+00  0.85480E-03  0.88312E-03  0.88180E-03  0.50113E-04  0.13823E-04 -0.85399E-05       9  0.88315E-03  0.00000E+00  0.00000E+00 -0.26621E-04  0.26455E-06 -0.18346E-03 -0.53782E-04 -0.30771E-03 -0.96042E-04
        0.3258  0.00000E+00 -0.99498E-03  0.00000E+00 -0.36078E-03  0.00000E+00  0.00000E+00  0.85521E-03  0.88312E-03  0.88180E-03  0.50113E-04  0.16328E-04 -0.67135E-05      10  0.88315E-03  0.00000E+00  0.00000E+00  0.16719E-04  0.11005E-05 -0.16269E-03 -0.61917E-04 -0.28868E-03 -0.11048E-03
        0.3758  0.00000E+00 -0.96247E-03  0.00000E+00 -0.40890E-03  0.00000E+00  0.00000E+00  0.85591E-03  0.88313E-03  0.88180E-03  0.50114E-04  0.18834E-04  0.55605E-05      11  0.88315E-03  0.00000E+00  0.00000E+00  0.95737E-04  0.58874E-05 -0.13014E-03 -0.68424E-04 -0.25172E-03 -0.12306E-03
        0.4258  0.00000E+00 -0.93111E-03  0.00000E+00 -0.45546E-03  0.00000E+00  0.00000E+00  0.85658E-03  0.88316E-03  0.88180E-03  0.50116E-04  0.21340E-04  0.26871E-04      12  0.88315E-03  0.00000E+00  0.00000E+00  0.14943E-03  0.13359E-04 -0.91842E-04 -0.73016E-04 -0.20472E-03 -0.13330E-03
        0.4758  0.00000E+00 -0.90056E-03  0.00000E+00 -0.50049E-03  0.00000E+00  0.00000E+00  0.85691E-03  0.88318E-03  0.88180E-03  0.50117E-04  0.23846E-04  0.53999E-04      13  0.88315E-03  0.00000E+00  0.00000E+00  0.17644E-03  0.22181E-04 -0.58590E-04 -0.75946E-04 -0.15388E-03 -0.14099E-03
        0.5258  0.00000E+00 -0.87051E-03  0.00000E+00 -0.54401E-03  0.00000E+00  0.00000E+00  0.85699E-03  0.88320E-03  0.88180E-03  0.50118E-04  0.26352E-04  0.83923E-04      14  0.88315E-03  0.00000E+00  0.00000E+00  0.17539E-03  0.30950E-04 -0.31345E-04 -0.77513E-04 -0.10656E-03 -0.14632E-03
        0.5758  0.00000E+00 -0.84069E-03  0.00000E+00 -0.58605E-03  0.00000E+00  0.00000E+00  0.85676E-03  0.88320E-03  0.88180E-03  0.50118E-04  0.28857E-04  0.11273E-03      15  0.88315E-03  0.00000E+00  0.00000E+00  0.14669E-03  0.38285E-04 -0.14000E-04 -0.78213E-04 -0.68442E-04 -0.14974E-03
        0.6258  0.00000E+00 -0.81091E-03  0.00000E+00 -0.62659E-03  0.00000E+00  0.00000E+00  0.85626E-03  0.88320E-03  0.88180E-03  0.50118E-04  0.31363E-04  0.13709E-03      16  0.88315E-03  0.00000E+00  0.00000E+00  0.91701E-04  0.42870E-04 -0.81882E-05 -0.78622E-04 -0.44167E-04 -0.15195E-03
        0.6758  0.00000E+00 -0.78109E-03  0.00000E+00 -0.66565E-03  0.00000E+00  0.00000E+00  0.85550E-03  0.88319E-03  0.88180E-03  0.50118E-04  0.33869E-04  0.15374E-03      17  0.88315E-03  0.00000E+00  0.00000E+00  0.13148E-04  0.43527E-04 -0.15293E-04 -0.79387E-04 -0.35093E-04 -0.15370E-03
        0.7258  0.00000E+00 -0.75117E-03  0.00000E+00 -0.70320E-03  0.00000E+00  0.00000E+00  0.85499E-03  0.88317E-03  0.88180E-03  0.50117E-04  0.36375E-04  0.16047E-03      18  0.88315E-03  0.00000E+00  0.00000E+00 -0.28990E-04  0.42078E-04 -0.34162E-04 -0.81095E-04 -0.44187E-04 -0.15591E-03
        0.7758  0.00000E+00 -0.72134E-03  0.00000E+00 -0.73927E-03  0.00000E+00  0.00000E+00  0.85507E-03  0.88315E-03  0.88180E-03  0.50115E-04  0.38881E-04  0.15949E-03      19  0.88315E-03  0.00000E+00  0.00000E+00 -0.24172E-04  0.40869E-04 -0.47421E-04 -0.83466E-04 -0.64269E-04 -0.15913E-03
        0.8258  0.00000E+00 -0.69176E-03  0.00000E+00 -0.77386E-03  0.00000E+00  0.00000E+00  0.85520E-03  0.88313E-03  0.88180E-03  0.50114E-04  0.41387E-04  0.15789E-03      20  0.88315E-03  0.00000E+00  0.00000E+00 -0.90361E-05  0.40417E-04 -0.53009E-04 -0.86117E-04 -0.78584E-04 -0.16306E-03
        0.8758  0.00000E+00 -0.66272E-03  0.00000E+00 -0.80699E-03  0.00000E+00  0.00000E+00  0.85535E-03  0.88314E-03  0.88180E-03  0.50114E-04  0.43892E-04  0.15765E-03      21  0.88315E-03  0.00000E+00  0.00000E+00  0.45570E-05  0.40645E-04 -0.52126E-04 -0.88723E-04 -0.86893E-04 -0.16740E-03
        0.9258  0.00000E+00 -0.63452E-03  0.00000E+00 -0.83872E-03  0.00000E+00  0.00000E+00  0.85554E-03  0.88313E-03  0.88180E-03  0.50114E-04  0.46398E-04  0.15820E-03      22  0.88315E-03  0.00000E+00  0.00000E+00  0.28977E-04  0.42094E-04 -0.48125E-04 -0.91129E-04 -0.90132E-04 -0.17191E-03
        0.9629  0.00000E+00 -0.61064E-03  0.00000E+00 -0.86137E-03  0.00000E+00  0.00000E+00  0.85569E-03  0.88314E-03  0.88180E-03  0.50114E-04  0.48257E-04  0.15911E-03      23  0.88315E-03  0.00000E+00  0.00000E+00  0.39397E-04  0.43555E-04 -0.44673E-04 -0.92786E-04 -0.90689E-04 -0.17527E-03
        1.0000  0.00000E+00 -0.59103E-03  0.00000E+00 -0.88329E-03  0.00000E+00  0.00000E+00  0.85574E-03  0.88313E-03  0.88179E-03  0.50114E-04  0.50115E-04  0.16008E-03      24  0.88315E-03  0.00000E+00  0.00000E+00  0.42898E-04  0.45146E-04 -0.41504E-04 -0.94325E-04 -0.89826E-04 -0.17860E-03
end
