 ******* Program HYDRUS
 ******* 
 Welcome to HYDRUS-1D                                                    
 Date:  28. 3.2022    Time:   8:57:28
 Units: L = cm   , T = days , M = mg   

       Time          rTop        rRoot        vTop         vRoot        vBot       sum(rTop)   sum(rRoot)    sum(vTop)   sum(vRoot)    sum(vBot)      hTop         hRoot        hBot        RunOff    sum(RunOff)     Volume     sum(Infil)    sum(Evap) TLevel Cum(WTrans)  SnowLayer
        [T]         [L/T]        [L/T]        [L/T]        [L/T]        [L/T]         [L]          [L]          [L]         [L]           [L]         [L]           [L]         [L]          [L/T]         [L]          [L]          [L]          [L]

       0.0100  0.59623E-01  0.74538E-02  0.59630E-01  0.74211E-02 -0.13646E+01  0.59623E-03  0.74538E-04  0.59630E-03  0.74211E-04 -0.13646E-01 -0.14393E+03 -0.12920E+03  0.61450E+02  0.00000E+00  0.00000E+00  0.10398E+03  0.10853E-04  0.60715E-03      1  0.00000E+00      0.000
       0.0200  0.56371E-01  0.74538E-02  0.56366E-01  0.74203E-02 -0.16639E+01  0.11599E-02  0.14908E-03  0.11600E-02  0.14841E-03 -0.30284E-01 -0.14505E+03 -0.13020E+03  0.61450E+02  0.00000E+00  0.00000E+00  0.10396E+03  0.54222E-04  0.12142E-02      2  0.00000E+00      0.000
       0.0330  0.48928E-01  0.74538E-02  0.48933E-01  0.74192E-02 -0.19370E+01  0.17960E-02  0.24597E-03  0.17961E-02  0.24486E-03 -0.55465E-01 -0.14665E+03 -0.13165E+03  0.61450E+02  0.00000E+00  0.00000E+00  0.10394E+03  0.20737E-03  0.20035E-02      3  0.00000E+00      0.000
       0.0499  0.33896E-01  0.74538E-02  0.33892E-01  0.74179E-02 -0.21268E+01  0.23688E-02  0.37194E-03  0.23689E-02  0.37023E-03 -0.91407E-01 -0.14843E+03 -0.13333E+03  0.61450E+02  0.00000E+00  0.00000E+00  0.10390E+03  0.66049E-03  0.30294E-02      4  0.00000E+00      0.000
       0.0719  0.55773E-02  0.74538E-02  0.55742E-02  0.74162E-02 -0.22951E+01  0.24914E-02  0.53570E-03  0.24913E-02  0.53316E-03 -0.14183E+00 -0.15053E+03 -0.13538E+03  0.61450E+02  0.00000E+00  0.00000E+00  0.10385E+03  0.18717E-02  0.43631E-02      5  0.00000E+00      0.000
       0.1004 -0.45209E-01  0.74538E-02 -0.45209E-01  0.74142E-02 -0.24332E+01  0.12002E-02  0.74859E-03  0.12001E-02  0.74492E-03 -0.21132E+00 -0.15284E+03 -0.13775E+03  0.61450E+02  0.00000E+00  0.00000E+00  0.10378E+03  0.48968E-02  0.60969E-02      6  0.00000E+00      0.000
       0.1376 -0.13225E+00  0.74538E-02 -0.13226E+00  0.74119E-02 -0.25399E+01 -0.37103E-02  0.10253E-02 -0.37105E-02  0.10201E-02 -0.30563E+00 -0.15523E+03 -0.14041E+03  0.61450E+02  0.00000E+00  0.00000E+00  0.10369E+03  0.12062E-01  0.83510E-02      7  0.00000E+00      0.000
       0.1858 -0.27349E+00  0.74538E-02 -0.27349E+00  0.74095E-02 -0.26012E+01 -0.16911E-01  0.13851E-02 -0.16911E-01  0.13778E-02 -0.43119E+00 -0.15741E+03 -0.14320E+03  0.61450E+02  0.00000E+00  0.00000E+00  0.10358E+03  0.28193E-01  0.11281E-01      8  0.00000E+00      0.000
       0.2358 -0.44038E+00  0.74538E-02 -0.44039E+00  0.74074E-02 -0.26123E+01 -0.38930E-01  0.17578E-02 -0.38931E-01  0.17481E-02 -0.56180E+00 -0.15879E+03 -0.14546E+03  0.61450E+02  0.00000E+00  0.00000E+00  0.10347E+03  0.53247E-01  0.14317E-01      9  0.00000E+00      0.000
       0.2858 -0.51750E+00  0.19065E-01 -0.51749E+00  0.18942E-01 -0.25870E+01 -0.64805E-01  0.27110E-02 -0.64805E-01  0.26952E-02 -0.69115E+00 -0.16017E+03 -0.14738E+03  0.61450E+02  0.00000E+00  0.00000E+00  0.10337E+03  0.86886E-01  0.22080E-01     10  0.00000E+00      0.000
       0.3358 -0.47522E+00  0.43858E-01 -0.47522E+00  0.43564E-01 -0.25386E+01 -0.88566E-01  0.49039E-02 -0.88566E-01  0.48734E-02 -0.81808E+00 -0.16215E+03 -0.14932E+03  0.61450E+02  0.00000E+00  0.00000E+00  0.10326E+03  0.12851E+00  0.39941E-01     11  0.00000E+00      0.000
       0.3858 -0.44027E+00  0.64358E-01 -0.44027E+00  0.63910E-01 -0.24759E+01 -0.11058E+00  0.81219E-02 -0.11058E+00  0.80689E-02 -0.94188E+00 -0.16423E+03 -0.15128E+03  0.61450E+02  0.00000E+00  0.00000E+00  0.10316E+03  0.17673E+00  0.66150E-01     12  0.00000E+00      0.000
       0.4358 -0.41606E+00  0.78559E-01 -0.41606E+00  0.77990E-01 -0.24048E+01 -0.13138E+00  0.12050E-01 -0.13138E+00  0.11968E-01 -0.10621E+01 -0.16632E+03 -0.15325E+03  0.61450E+02  0.00000E+00  0.00000E+00  0.10306E+03  0.22952E+00  0.98141E-01     13  0.00000E+00      0.000
       0.4858 -0.40496E+00  0.85069E-01 -0.40496E+00  0.84430E-01 -0.23293E+01 -0.15163E+00  0.16303E-01 -0.15163E+00  0.16190E-01 -0.11786E+01 -0.16831E+03 -0.15515E+03  0.61450E+02  0.00000E+00  0.00000E+00  0.10296E+03  0.28442E+00  0.13278E+00     14  0.00000E+00      0.000
       0.5358 -0.40806E+00  0.83253E-01 -0.40806E+00  0.82606E-01 -0.22523E+01 -0.17203E+00  0.20466E-01 -0.17203E+00  0.20320E-01 -0.12912E+01 -0.17010E+03 -0.15694E+03  0.61450E+02  0.00000E+00  0.00000E+00  0.10286E+03  0.33872E+00  0.16669E+00     15  0.00000E+00      0.000
       0.5858 -0.42505E+00  0.73287E-01 -0.42505E+00  0.72700E-01 -0.21751E+01 -0.19329E+00  0.24130E-01 -0.19329E+00  0.23955E-01 -0.13999E+01 -0.17163E+03 -0.15857E+03  0.61450E+02  0.00000E+00  0.00000E+00  0.10277E+03  0.38982E+00  0.19653E+00     16  0.00000E+00      0.000
       0.6358 -0.45427E+00  0.56147E-01 -0.45428E+00  0.55685E-01 -0.20989E+01 -0.21600E+00  0.26938E-01 -0.21600E+00  0.26739E-01 -0.15049E+01 -0.17288E+03 -0.16000E+03  0.61450E+02  0.00000E+00  0.00000E+00  0.10268E+03  0.43540E+00  0.21940E+00     17  0.00000E+00      0.000
       0.6858 -0.49287E+00  0.33511E-01 -0.49286E+00  0.33229E-01 -0.20244E+01 -0.24064E+00  0.28613E-01 -0.24064E+00  0.28401E-01 -0.16061E+01 -0.17383E+03 -0.16121E+03  0.61450E+02  0.00000E+00  0.00000E+00  0.10260E+03  0.47369E+00  0.23304E+00     18  0.00000E+00      0.000
       0.7358 -0.53705E+00  0.75949E-02 -0.53705E+00  0.75299E-02 -0.19526E+01 -0.26750E+00  0.28993E-01 -0.26750E+00  0.28777E-01 -0.17037E+01 -0.17449E+03 -0.16219E+03  0.61450E+02  0.00000E+00  0.00000E+00  0.10253E+03  0.50363E+00  0.23614E+00     19  0.00000E+00      0.000
       0.7858 -0.36652E+00  0.74538E-02 -0.36652E+00  0.73884E-02 -0.18836E+01 -0.28582E+00  0.29366E-01 -0.28582E+00  0.29147E-01 -0.17979E+01 -0.17669E+03 -0.16355E+03  0.61450E+02  0.00000E+00  0.00000E+00  0.10245E+03  0.52499E+00  0.23917E+00     20  0.00000E+00      0.000
       0.8358 -0.20686E+00  0.74538E-02 -0.20686E+00  0.73863E-02 -0.18177E+01 -0.29617E+00  0.29738E-01 -0.29617E+00  0.29516E-01 -0.18888E+01 -0.17937E+03 -0.16525E+03  0.61450E+02  0.00000E+00  0.00000E+00  0.10237E+03  0.53837E+00  0.24221E+00     21  0.00000E+00      0.000
       0.8858 -0.74843E-01  0.74538E-02 -0.74841E-01  0.73837E-02 -0.17547E+01 -0.29991E+00  0.30111E-01 -0.29991E+00  0.29885E-01 -0.19765E+01 -0.18235E+03 -0.16721E+03  0.61450E+02  0.00000E+00  0.00000E+00  0.10229E+03  0.54515E+00  0.24524E+00     22  0.00000E+00      0.000
       0.9358  0.16603E-01  0.74538E-02  0.16601E-01  0.73810E-02 -0.16947E+01 -0.29908E+00  0.30484E-01 -0.29908E+00  0.30254E-01 -0.20613E+01 -0.18528E+03 -0.16929E+03  0.61450E+02  0.00000E+00  0.00000E+00  0.10220E+03  0.54736E+00  0.24828E+00     23  0.00000E+00      0.000
       0.9679  0.49569E-01  0.74538E-02  0.49567E-01  0.73792E-02 -0.16571E+01 -0.29749E+00  0.30723E-01 -0.29749E+00  0.30491E-01 -0.21145E+01 -0.18703E+03 -0.17063E+03  0.61450E+02  0.00000E+00  0.00000E+00  0.10215E+03  0.54771E+00  0.25023E+00     24  0.00000E+00      0.000
       1.0000  0.60708E-01  0.74538E-02  0.60706E-01  0.73775E-02 -0.16205E+01 -0.29554E+00  0.30962E-01 -0.29554E+00  0.30728E-01 -0.21664E+01 -0.18859E+03 -0.17193E+03  0.61450E+02  0.00000E+00  0.00000E+00  0.10209E+03  0.54771E+00  0.25217E+00     25  0.00000E+00      0.000
end
