 ******* Program HYDRUS
 ******* 
 Welcome to HYDRUS-1D                                                    
 Date:  29. 3.2022    Time:  17:28:18
 Units: L = cm   , T = days , M = mg   

----------------------------------------------------------
 Time       [T]        0.0000
----------------------------------------------------------
 Sub-region num.                     1
----------------------------------------------------------
 Length   [L]        0.30000E+03  0.30000E+03
 W-volume [L]        0.10666E+03  0.10666E+03
 In-flow  [L/T]      0.00000E+00  0.00000E+00
 h Mean   [L]       -0.69867E+01 -0.69867E+01
 ConcVol  [M/L2] 1   0.95288E-01  0.95288E-01
 cMean    [M/L3] 1   0.89479E-03  0.89479E-03
 SorbVolIm[M/L2] 1   0.46707E+02  0.46707E+02
 sMeanIm  [-]    1   0.10737E+00  0.10737E+00
 Top Flux [L/T]      0.61116E-02
 Bot Flux [L/T]     -0.21730E+00
----------------------------------------------------------

----------------------------------------------------------
 Time       [T]        1.0000
----------------------------------------------------------
 Sub-region num.                     1
----------------------------------------------------------
 Length   [L]        0.30000E+03  0.30000E+03
 W-volume [L]        0.10709E+03  0.10709E+03
 In-flow  [L/T]      0.38001E+00  0.38001E+00
 h Mean   [L]        0.30870E+01  0.30870E+01
 ConcVol  [M/L2] 1   0.95661E-01  0.95661E-01
 cMean    [M/L3] 1   0.89476E-03  0.89476E-03
 SorbVolIm[M/L2] 1   0.46706E+02  0.46706E+02
 sMeanIm  [-]    1   0.10737E+00  0.10737E+00
 Top Flux [L/T]      0.52407E-01
 Bot Flux [L/T]      0.45406E+00
 WatBalT  [L]       -0.31794E-01
 WatBalR  [%]              3.162
 CncBalT  [M]    1  -0.76294E-05
 CncBalR  [%]    1         1.976
----------------------------------------------------------
 
 Calculation time [sec]  0.000000000000000E+000
