 ******* Program HYDRUS
 ******* 
 Welcome to HYDRUS-1D                                                    
 Date:   3. 3.2022    Time:  23: 2:42
 Units: L = cm   , T = days , M = mg   

----------------------------------------------------------
 Time       [T]        0.0000
----------------------------------------------------------
 Sub-region num.                     1
----------------------------------------------------------
 Length   [L]        0.30000E+03  0.30000E+03
 W-volume [L]        0.96105E+02  0.96105E+02
 In-flow  [L/T]      0.00000E+00  0.00000E+00
 h Mean   [L]       -0.12387E+03 -0.12387E+03
 ConcVol  [M/L2] 1   0.24531E+00  0.24531E+00
 cMean    [M/L3] 1   0.25599E-02  0.25599E-02
 SorbVolIm[M/L2] 1   0.44542E+02  0.44542E+02
 sMeanIm  [-]    1   0.10240E+00  0.10240E+00
 Top Flux [L/T]      0.50816E-01
 Bot Flux [L/T]      0.53607E+00
----------------------------------------------------------

----------------------------------------------------------
 Time       [T]        1.0000
----------------------------------------------------------
 Sub-region num.                     1
----------------------------------------------------------
 Length   [L]        0.30000E+03  0.30000E+03
 W-volume [L]        0.97123E+02  0.97123E+02
 In-flow  [L/T]      0.41296E+00  0.41296E+00
 h Mean   [L]       -0.11310E+03 -0.11310E+03
 ConcVol  [M/L2] 1   0.24802E+00  0.24802E+00
 cMean    [M/L3] 1   0.25597E-02  0.25597E-02
 SorbVolIm[M/L2] 1   0.44539E+02  0.44539E+02
 sMeanIm  [-]    1   0.10239E+00  0.10239E+00
 Top Flux [L/T]      0.90935E-02
 Bot Flux [L/T]      0.56282E+00
 WatBalT  [L]        0.68665E-04
 WatBalR  [%]              0.004
 CncBalT  [M]    1  -0.38147E-04
 CncBalR  [%]    1         1.392
----------------------------------------------------------
 
 Calculation time [sec]  9.999990463256836E-003
