 ******* Program HYDRUS
 ******* 
 Welcome to HYDRUS-1D                                                    
 Date:  28. 3.2022    Time:   8:56:43
 Units: L = cm   , T = days , M = mg   

----------------------------------------------------------
 Time       [T]        0.0000
----------------------------------------------------------
 Sub-region num.                     1
----------------------------------------------------------
 Length   [L]        0.30000E+03  0.30000E+03
 W-volume [L]        0.10283E+03  0.10283E+03
 In-flow  [L/T]      0.00000E+00  0.00000E+00
 h Mean   [L]       -0.55139E+02 -0.55139E+02
 ConcVol  [M/L2] 1   0.91478E-01  0.91478E-01
 cMean    [M/L3] 1   0.89084E-03  0.89084E-03
 SorbVolIm[M/L2] 1   0.46502E+02  0.46502E+02
 sMeanIm  [-]    1   0.10690E+00  0.10690E+00
 Top Flux [L/T]      0.11433E-01
 Bot Flux [L/T]      0.00000E+00
----------------------------------------------------------

----------------------------------------------------------
 Time       [T]        1.0000
----------------------------------------------------------
 Sub-region num.                     1
----------------------------------------------------------
 Length   [L]        0.30000E+03  0.30000E+03
 W-volume [L]        0.10346E+03  0.10346E+03
 In-flow  [L/T]     -0.21601E+00 -0.21601E+00
 h Mean   [L]       -0.49320E+02 -0.49320E+02
 ConcVol  [M/L2] 1   0.92059E-01  0.92059E-01
 cMean    [M/L3] 1   0.89086E-03  0.89086E-03
 SorbVolIm[M/L2] 1   0.46502E+02  0.46502E+02
 sMeanIm  [-]    1   0.10690E+00  0.10690E+00
 Top Flux [L/T]     -0.11033E-01
 Bot Flux [L/T]     -0.13750E+00
 WatBalT  [L]        0.23246E-04
 WatBalR  [%]              0.002
 CncBalT  [M]    1   0.72479E-04
 CncBalR  [%]    1        12.447
----------------------------------------------------------
 
 Calculation time [sec]  0.000000000000000E+000
