 ******* Program HYDRUS
 ******* 
 Welcome to HYDRUS-1D                                                    
 Date:  28. 3.2022    Time:   8:56: 5
 Units: L = cm   , T = days , M = mg   

----------------------------------------------------------
 Time       [T]        0.0000
----------------------------------------------------------
 Sub-region num.                     1
----------------------------------------------------------
 Length   [L]        0.30000E+03  0.30000E+03
 W-volume [L]        0.98508E+02  0.98508E+02
 In-flow  [L/T]      0.00000E+00  0.00000E+00
 h Mean   [L]       -0.10126E+03 -0.10126E+03
 ConcVol  [M/L2] 1   0.87334E-01  0.87334E-01
 cMean    [M/L3] 1   0.88726E-03  0.88726E-03
 SorbVolIm[M/L2] 1   0.46316E+02  0.46316E+02
 sMeanIm  [-]    1   0.10647E+00  0.10647E+00
 Top Flux [L/T]      0.61584E-01
 Bot Flux [L/T]     -0.15938E+00
----------------------------------------------------------

----------------------------------------------------------
 Time       [T]        1.0000
----------------------------------------------------------
 Sub-region num.                     1
----------------------------------------------------------
 Length   [L]        0.30000E+03  0.30000E+03
 W-volume [L]        0.98247E+02  0.98247E+02
 In-flow  [L/T]     -0.21728E-01 -0.21728E-01
 h Mean   [L]       -0.10320E+03 -0.10320E+03
 ConcVol  [M/L2] 1   0.87102E-01  0.87102E-01
 cMean    [M/L3] 1   0.88731E-03  0.88731E-03
 SorbVolIm[M/L2] 1   0.46316E+02  0.46316E+02
 sMeanIm  [-]    1   0.10647E+00  0.10647E+00
 Top Flux [L/T]      0.10369E+00
 Bot Flux [L/T]      0.79250E-01
 WatBalT  [L]       -0.10505E-01
 WatBalR  [%]              2.106
 CncBalT  [M]    1  -0.26703E-04
 CncBalR  [%]    1         6.952
----------------------------------------------------------
 
 Calculation time [sec]  9.999990463256836E-003
