 All solute fluxes and cumulative solute fluxes are positive into the region

       Time         cvTop        cvBot      Sum(cvTop)   Sum(cvBot)     cvCh0        cvCh1         cTop        cRoot         cBot        cvRoot    Sum(cvRoot)  Sum(cvNEql) TLevel      cGWL        cRunOff   Sum(cRunOff)    (cv(i),    Sum(cv(i)), i=1,NObs)
        [T]        [M/L2/T]     [M/L2/T]      [M/L2]       [M/L2]       [M/L2]      [M/L2]        [M/L3]      [M/L3]        [M/L3]      [M/L2/T]      [M/L2]       [M/L2]              [M/L3]        [M/L2]      [M/L3]      [M/L2/T]      [M/L2]
        0.0100  0.00000E+00 -0.12218E-02  0.00000E+00 -0.12218E-04  0.00000E+00  0.00000E+00  0.30181E-02  0.29318E-02  0.25158E-02  0.87628E-05  0.87628E-07  0.24545E-04       1  0.25248E-02  0.00000E+00  0.00000E+00  0.50237E-03  0.50237E-05 -0.21512E-02 -0.21512E-04 -0.22193E-02 -0.22193E-04
        0.0200  0.00000E+00 -0.11598E-02  0.00000E+00 -0.23816E-04  0.00000E+00  0.00000E+00  0.30200E-02  0.29324E-02  0.25157E-02  0.87643E-05  0.17527E-06  0.38348E-04       2  0.25247E-02  0.00000E+00  0.00000E+00  0.45421E-03  0.95657E-05 -0.20318E-02 -0.41830E-04 -0.21521E-02 -0.43714E-04
        0.0330  0.00000E+00 -0.12169E-02  0.00000E+00 -0.39636E-04  0.00000E+00  0.00000E+00  0.30199E-02  0.29327E-02  0.25157E-02  0.87651E-05  0.28922E-06  0.50071E-04       3  0.25246E-02  0.00000E+00  0.00000E+00  0.35988E-03  0.14244E-04 -0.18780E-02 -0.66244E-04 -0.20561E-02 -0.70443E-04
        0.0499  0.00000E+00 -0.12678E-02  0.00000E+00 -0.61062E-04  0.00000E+00  0.00000E+00  0.30166E-02  0.29328E-02  0.25157E-02  0.87657E-05  0.43736E-06  0.59837E-04       4  0.25246E-02  0.00000E+00  0.00000E+00  0.17641E-03  0.17225E-04 -0.17371E-02 -0.95601E-04 -0.19467E-02 -0.10334E-03
        0.0719  0.00000E+00 -0.13143E-02  0.00000E+00 -0.89937E-04  0.00000E+00  0.00000E+00  0.30085E-02  0.29329E-02  0.25157E-02  0.87661E-05  0.62995E-06  0.65337E-04       5  0.25246E-02  0.00000E+00  0.00000E+00 -0.11877E-03  0.14616E-04 -0.16360E-02 -0.13154E-03 -0.18236E-02 -0.14341E-03
        0.1004  0.00000E+00 -0.13650E-02  0.00000E+00 -0.12892E-03  0.00000E+00  0.00000E+00  0.29948E-02  0.29330E-02  0.25157E-02  0.87662E-05  0.88032E-06  0.58311E-04       6  0.25246E-02  0.00000E+00  0.00000E+00 -0.49198E-03  0.56464E-06 -0.16481E-02 -0.17862E-03 -0.17087E-02 -0.19221E-03
        0.1376  0.00000E+00 -0.14224E-02  0.00000E+00 -0.18173E-03  0.00000E+00  0.00000E+00  0.29758E-02  0.29329E-02  0.25158E-02  0.87657E-05  0.12058E-05  0.18011E-04       7  0.25246E-02  0.00000E+00  0.00000E+00 -0.97542E-03 -0.35652E-04 -0.19040E-02 -0.24931E-03 -0.16421E-02 -0.25318E-03
        0.1858  0.00000E+00 -0.14882E-02  0.00000E+00 -0.25357E-03  0.00000E+00  0.00000E+00  0.29533E-02  0.29325E-02  0.25158E-02  0.87640E-05  0.16288E-05 -0.10047E-03       8  0.25246E-02  0.00000E+00  0.00000E+00 -0.15567E-02 -0.11079E-03 -0.26219E-02 -0.37586E-03 -0.17069E-02 -0.33557E-03
        0.2358  0.00000E+00 -0.15547E-02  0.00000E+00 -0.33130E-03  0.00000E+00  0.00000E+00  0.29335E-02  0.29315E-02  0.25158E-02  0.87601E-05  0.20668E-05 -0.30730E-03       9  0.25246E-02  0.00000E+00  0.00000E+00 -0.21088E-02 -0.21623E-03 -0.37264E-02 -0.56219E-03 -0.19338E-02 -0.43226E-03
        0.2858  0.00000E+00 -0.16134E-02  0.00000E+00 -0.41197E-03  0.00000E+00  0.00000E+00  0.29219E-02  0.29301E-02  0.25159E-02  0.87551E-05  0.25046E-05 -0.57548E-03      10  0.25246E-02  0.00000E+00  0.00000E+00 -0.24161E-02 -0.33704E-03 -0.48836E-02 -0.80636E-03 -0.22746E-02 -0.54599E-03
        0.3358  0.00000E+00 -0.16636E-02  0.00000E+00 -0.49515E-03  0.00000E+00  0.00000E+00  0.29187E-02  0.29292E-02  0.25159E-02  0.87511E-05  0.29421E-05 -0.85958E-03      11  0.25246E-02  0.00000E+00  0.00000E+00 -0.24924E-02 -0.46166E-03 -0.57951E-02 -0.10961E-02 -0.26495E-02 -0.67847E-03
        0.3858  0.00000E+00 -0.17063E-02  0.00000E+00 -0.58046E-03  0.00000E+00  0.00000E+00  0.29156E-02  0.29285E-02  0.25159E-02  0.87485E-05  0.33795E-05 -0.11440E-02      12  0.25246E-02  0.00000E+00  0.00000E+00 -0.25513E-02 -0.58922E-03 -0.64584E-02 -0.14190E-02 -0.30053E-02 -0.82873E-03
        0.4358  0.00000E+00 -0.17433E-02  0.00000E+00 -0.66763E-03  0.00000E+00  0.00000E+00  0.29131E-02  0.29276E-02  0.25159E-02  0.87459E-05  0.38168E-05 -0.14317E-02      13  0.25246E-02  0.00000E+00  0.00000E+00 -0.25790E-02 -0.71818E-03 -0.69344E-02 -0.17658E-02 -0.33167E-02 -0.99457E-03
        0.4858  0.00000E+00 -0.17767E-02  0.00000E+00 -0.75646E-03  0.00000E+00  0.00000E+00  0.29113E-02  0.29271E-02  0.25160E-02  0.87443E-05  0.42541E-05 -0.17185E-02      14  0.25246E-02  0.00000E+00  0.00000E+00 -0.25866E-02 -0.84750E-03 -0.72750E-02 -0.21295E-02 -0.35780E-02 -0.11735E-02
        0.5358  0.00000E+00 -0.18086E-02  0.00000E+00 -0.84690E-03  0.00000E+00  0.00000E+00  0.29102E-02  0.29266E-02  0.25160E-02  0.87429E-05  0.46912E-05 -0.20024E-02      15  0.25246E-02  0.00000E+00  0.00000E+00 -0.25652E-02 -0.97576E-03 -0.75043E-02 -0.25047E-02 -0.37897E-02 -0.13630E-02
        0.5858  0.00000E+00 -0.18413E-02  0.00000E+00 -0.93896E-03  0.00000E+00  0.00000E+00  0.29098E-02  0.29263E-02  0.25160E-02  0.87419E-05  0.51283E-05 -0.22806E-02      16  0.25246E-02  0.00000E+00  0.00000E+00 -0.25209E-02 -0.11018E-02 -0.76378E-02 -0.28866E-02 -0.39544E-02 -0.15607E-02
        0.6358  0.00000E+00 -0.18765E-02  0.00000E+00 -0.10328E-02  0.00000E+00  0.00000E+00  0.29101E-02  0.29259E-02  0.25160E-02  0.87410E-05  0.55653E-05 -0.25510E-02      17  0.25246E-02  0.00000E+00  0.00000E+00 -0.24535E-02 -0.12245E-02 -0.76876E-02 -0.32710E-02 -0.40754E-02 -0.17644E-02
        0.6858  0.00000E+00 -0.19158E-02  0.00000E+00 -0.11286E-02  0.00000E+00  0.00000E+00  0.29109E-02  0.29256E-02  0.25161E-02  0.87402E-05  0.60024E-05 -0.28121E-02      18  0.25246E-02  0.00000E+00  0.00000E+00 -0.23695E-02 -0.13430E-02 -0.76676E-02 -0.36544E-02 -0.41566E-02 -0.19723E-02
        0.7358  0.00000E+00 -0.19599E-02  0.00000E+00 -0.12266E-02  0.00000E+00  0.00000E+00  0.29120E-02  0.29252E-02  0.25161E-02  0.87395E-05  0.64393E-05 -0.30633E-02      19  0.25246E-02  0.00000E+00  0.00000E+00 -0.22741E-02 -0.14567E-02 -0.75940E-02 -0.40341E-02 -0.42033E-02 -0.21824E-02
        0.7858  0.00000E+00 -0.20096E-02  0.00000E+00 -0.13271E-02  0.00000E+00  0.00000E+00  0.29259E-02  0.29249E-02  0.25161E-02  0.87388E-05  0.68763E-05 -0.32530E-02      20  0.25246E-02  0.00000E+00  0.00000E+00 -0.17250E-02 -0.15429E-02 -0.68479E-02 -0.43765E-02 -0.40870E-02 -0.23868E-02
        0.8358  0.00000E+00 -0.20647E-02  0.00000E+00 -0.14303E-02  0.00000E+00  0.00000E+00  0.29428E-02  0.29261E-02  0.25162E-02  0.87421E-05  0.73134E-05 -0.33530E-02      21  0.25247E-02  0.00000E+00  0.00000E+00 -0.11470E-02 -0.16003E-02 -0.57337E-02 -0.46632E-02 -0.38039E-02 -0.25770E-02
        0.8858  0.00000E+00 -0.21245E-02  0.00000E+00 -0.15365E-02  0.00000E+00  0.00000E+00  0.29598E-02  0.29265E-02  0.25162E-02  0.87445E-05  0.77506E-05 -0.33879E-02      22  0.25247E-02  0.00000E+00  0.00000E+00 -0.53929E-03 -0.16272E-02 -0.45088E-02 -0.48886E-02 -0.34027E-02 -0.27471E-02
        0.9358  0.00000E+00 -0.21877E-02  0.00000E+00 -0.16459E-02  0.00000E+00  0.00000E+00  0.29770E-02  0.29277E-02  0.25162E-02  0.87484E-05  0.81880E-05 -0.33735E-02      23  0.25247E-02  0.00000E+00  0.00000E+00 -0.32503E-05 -0.16274E-02 -0.34082E-02 -0.50590E-02 -0.29602E-02 -0.28951E-02
        0.9679  0.00000E+00 -0.22410E-02  0.00000E+00 -0.17178E-02  0.00000E+00  0.00000E+00  0.29879E-02  0.29285E-02  0.25162E-02  0.87516E-05  0.84688E-05 -0.33517E-02      24  0.25247E-02  0.00000E+00  0.00000E+00  0.42302E-03 -0.16138E-02 -0.28075E-02 -0.51491E-02 -0.26808E-02 -0.29811E-02
        1.0000  0.00000E+00 -0.22831E-02  0.00000E+00 -0.17911E-02  0.00000E+00  0.00000E+00  0.29959E-02  0.29290E-02  0.25163E-02  0.87535E-05  0.87497E-05 -0.33274E-02      25  0.25247E-02  0.00000E+00  0.00000E+00  0.54918E-03 -0.15962E-02 -0.23396E-02 -0.52242E-02 -0.24220E-02 -0.30589E-02
end
