 ******* Program HYDRUS
 ******* 
 Welcome to HYDRUS-1D                                                    
 Date:  28. 3.2022    Time:   8:56:35
 Units: L = cm   , T = days , M = mg   

----------------------------------------------------------
 Time       [T]        0.0000
----------------------------------------------------------
 Sub-region num.                     1
----------------------------------------------------------
 Length   [L]        0.30000E+03  0.30000E+03
 W-volume [L]        0.98465E+02  0.98465E+02
 In-flow  [L/T]      0.00000E+00  0.00000E+00
 h Mean   [L]       -0.10083E+03 -0.10083E+03
 ConcVol  [M/L2] 1   0.87917E-01  0.87917E-01
 cMean    [M/L3] 1   0.89500E-03  0.89500E-03
 SorbVolIm[M/L2] 1   0.46720E+02  0.46720E+02
 sMeanIm  [-]    1   0.10740E+00  0.10740E+00
 Top Flux [L/T]      0.28260E-01
 Bot Flux [L/T]      0.15939E+00
----------------------------------------------------------

----------------------------------------------------------
 Time       [T]        1.0000
----------------------------------------------------------
 Sub-region num.                     1
----------------------------------------------------------
 Length   [L]        0.30000E+03  0.30000E+03
 W-volume [L]        0.10130E+03  0.10130E+03
 In-flow  [L/T]     -0.43686E+00 -0.43686E+00
 h Mean   [L]       -0.77189E+02 -0.77189E+02
 ConcVol  [M/L2] 1   0.90525E-01  0.90525E-01
 cMean    [M/L3] 1   0.89499E-03  0.89499E-03
 SorbVolIm[M/L2] 1   0.46718E+02  0.46718E+02
 sMeanIm  [-]    1   0.10740E+00  0.10740E+00
 Top Flux [L/T]     -0.60156E-01
 Bot Flux [L/T]     -0.37774E+00
 WatBalT  [L]        0.39577E-04
 WatBalR  [%]              0.001
 CncBalT  [M]    1   0.11444E-04
 CncBalR  [%]    1         0.439
----------------------------------------------------------
 
 Calculation time [sec]  1.000000163912773E-002
