 ******* Program HYDRUS
 ******* 
 Welcome to HYDRUS-1D                                                    
 Date:  29. 3.2022    Time:  17:27:33
 Units: L = cm   , T = days , M = mg   

       Time          rTop        rRoot        vTop         vRoot        vBot       sum(rTop)   sum(rRoot)    sum(vTop)   sum(vRoot)    sum(vBot)      hTop         hRoot        hBot        RunOff    sum(RunOff)     Volume     sum(Infil)    sum(Evap) TLevel Cum(WTrans)  SnowLayer
        [T]         [L/T]        [L/T]        [L/T]        [L/T]        [L/T]         [L]          [L]          [L]         [L]           [L]         [L]           [L]         [L]          [L/T]         [L]          [L]          [L]          [L]

       0.0100  0.36358E-01  0.32033E-01  0.36360E-01  0.31241E-01 -0.79654E+00  0.36358E-03  0.32033E-03  0.36360E-03  0.31241E-03 -0.79654E-02 -0.26489E+03 -0.22478E+03  0.58338E+02  0.00000E+00  0.00000E+00  0.99046E+02  0.00000E+00  0.36360E-03      1  0.00000E+00      0.000
       0.0230  0.36358E-01  0.32033E-01  0.36363E-01  0.31243E-01 -0.57846E+00  0.83625E-03  0.73676E-03  0.83632E-03  0.71857E-03 -0.15485E-01 -0.26454E+03 -0.22465E+03  0.58338E+02  0.00000E+00  0.00000E+00  0.99037E+02  0.00000E+00  0.83632E-03      2  0.00000E+00      0.000
       0.0399  0.36358E-01  0.32033E-01  0.36357E-01  0.31246E-01 -0.38647E+00  0.14507E-02  0.12781E-02  0.14507E-02  0.12466E-02 -0.22017E-01 -0.26408E+03 -0.22446E+03  0.58338E+02  0.00000E+00  0.00000E+00  0.99029E+02  0.00000E+00  0.14507E-02      3  0.00000E+00      0.000
       0.0619  0.36358E-01  0.32033E-01  0.36358E-01  0.31249E-01 -0.27472E+00  0.22495E-02  0.19819E-02  0.22495E-02  0.19332E-02 -0.28052E-01 -0.26355E+03 -0.22423E+03  0.58338E+02  0.00000E+00  0.00000E+00  0.99022E+02  0.00000E+00  0.22495E-02      4  0.00000E+00      0.000
       0.0904  0.36358E-01  0.32033E-01  0.36362E-01  0.31253E-01 -0.17989E+00  0.32879E-02  0.28968E-02  0.32881E-02  0.28258E-02 -0.33190E-01 -0.26292E+03 -0.22393E+03  0.58338E+02  0.00000E+00  0.00000E+00  0.99015E+02  0.00000E+00  0.32881E-02      5  0.00000E+00      0.000
       0.1276  0.36358E-01  0.32033E-01  0.36355E-01  0.31257E-01 -0.10583E+00  0.46379E-02  0.40861E-02  0.46379E-02  0.39863E-02 -0.37120E-01 -0.26219E+03 -0.22356E+03  0.58338E+02  0.00000E+00  0.00000E+00  0.99008E+02  0.00000E+00  0.46379E-02      6  0.00000E+00      0.000
       0.1758  0.36358E-01  0.32033E-01  0.36362E-01  0.31263E-01 -0.42389E-01  0.63929E-02  0.56323E-02  0.63930E-02  0.54953E-02 -0.39166E-01 -0.26135E+03 -0.22311E+03  0.58338E+02  0.00000E+00  0.00000E+00  0.99003E+02  0.00000E+00  0.63930E-02      7  0.00000E+00      0.000
       0.2386  0.36358E-01  0.32033E-01  0.36358E-01  0.31270E-01  0.11217E-01  0.86743E-02  0.76423E-02  0.86744E-02  0.74575E-02 -0.38462E-01 -0.26040E+03 -0.22257E+03  0.58338E+02  0.00000E+00  0.00000E+00  0.99000E+02  0.00000E+00  0.86744E-02      8  0.00000E+00      0.000
       0.3232  0.18488E+00  0.16288E+00  0.18488E+00  0.15901E+00  0.57971E-01  0.24315E-01  0.21423E-01  0.24316E-01  0.20910E-01 -0.33557E-01 -0.26239E+03 -0.22239E+03  0.58338E+02  0.00000E+00  0.00000E+00  0.98986E+02  0.00000E+00  0.24316E-01      9  0.00000E+00      0.000
       0.4360  0.38336E+00  0.33775E+00  0.38336E+00  0.32951E+00  0.97876E-01  0.67559E-01  0.59522E-01  0.67560E-01  0.58080E-01 -0.22516E-01 -0.26834E+03 -0.22378E+03  0.58338E+02  0.00000E+00  0.00000E+00  0.98936E+02  0.00000E+00  0.67560E-01     10  0.00000E+00      0.000
       0.5770  0.36881E+00  0.32493E+00  0.36881E+00  0.31668E+00  0.13131E+00  0.11956E+00  0.10534E+00  0.11956E+00  0.10273E+00 -0.40012E-02 -0.27284E+03 -0.22637E+03  0.58338E+02  0.00000E+00  0.00000E+00  0.98856E+02  0.00000E+00  0.11956E+00     11  0.00000E+00      0.000
       0.7885  0.36358E-01  0.32033E-01  0.36361E-01  0.31219E-01  0.16585E+00  0.12725E+00  0.11211E+00  0.12725E+00  0.10934E+00  0.31078E-01 -0.26692E+03 -0.22689E+03  0.58338E+02  0.00000E+00  0.00000E+00  0.98817E+02  0.00000E+00  0.12725E+00     12  0.00000E+00      0.000
       1.0000  0.36358E-01  0.32033E-01  0.36356E-01  0.31242E-01  0.18989E+00  0.13494E+00  0.11889E+00  0.13494E+00  0.11594E+00  0.71241E-01 -0.26376E+03 -0.22513E+03  0.58338E+02  0.00000E+00  0.00000E+00  0.98842E+02  0.00000E+00  0.13494E+00     13  0.00000E+00      0.000
end
