 ******* Program HYDRUS
 ******* 
 Welcome to HYDRUS-1D                                                    
 Date:  28. 3.2022    Time:   8:56:32
 Units: L = cm   , T = days , M = mg   

----------------------------------------------------------
 Time       [T]        0.0000
----------------------------------------------------------
 Sub-region num.                     1
----------------------------------------------------------
 Length   [L]        0.30000E+03  0.30000E+03
 W-volume [L]        0.10243E+03  0.10243E+03
 In-flow  [L/T]      0.00000E+00  0.00000E+00
 h Mean   [L]       -0.69678E+02 -0.69678E+02
 ConcVol  [M/L2] 1   0.91182E-01  0.91182E-01
 cMean    [M/L3] 1   0.89098E-03  0.89098E-03
 SorbVolIm[M/L2] 1   0.46510E+02  0.46510E+02
 sMeanIm  [-]    1   0.10692E+00  0.10692E+00
 Top Flux [L/T]     -0.49870E-01
 Bot Flux [L/T]     -0.17675E+01
----------------------------------------------------------

----------------------------------------------------------
 Time       [T]        1.0000
----------------------------------------------------------
 Sub-region num.                     1
----------------------------------------------------------
 Length   [L]        0.30000E+03  0.30000E+03
 W-volume [L]        0.10090E+03  0.10090E+03
 In-flow  [L/T]     -0.13710E+01 -0.13710E+01
 h Mean   [L]       -0.81392E+02 -0.81392E+02
 ConcVol  [M/L2] 1   0.89794E-01  0.89794E-01
 cMean    [M/L3] 1   0.89100E-03  0.89100E-03
 SorbVolIm[M/L2] 1   0.46509E+02  0.46509E+02
 sMeanIm  [-]    1   0.10692E+00  0.10692E+00
 Top Flux [L/T]      0.64428E-05
 Bot Flux [L/T]     -0.13125E+01
 WatBalT  [L]       -0.32306E-04
 WatBalR  [%]              0.001
 CncBalT  [M]    1   0.64850E-04
 CncBalR  [%]    1         4.104
----------------------------------------------------------
 
 Calculation time [sec]  9.999990463256836E-003
