 All solute fluxes and cumulative solute fluxes are positive into the region

       Time         cvTop        cvBot      Sum(cvTop)   Sum(cvBot)     cvCh0        cvCh1         cTop        cRoot         cBot        cvRoot    Sum(cvRoot)  Sum(cvNEql) TLevel      cGWL        cRunOff   Sum(cRunOff)    (cv(i),    Sum(cv(i)), i=1,NObs)
        [T]        [M/L2/T]     [M/L2/T]      [M/L2]       [M/L2]       [M/L2]      [M/L2]        [M/L3]      [M/L3]        [M/L3]      [M/L2/T]      [M/L2]       [M/L2]              [M/L3]        [M/L2]      [M/L3]      [M/L2/T]      [M/L2]
        0.0100  0.00000E+00 -0.17550E-02  0.00000E+00 -0.17550E-04  0.00000E+00  0.00000E+00  0.97696E-03  0.91132E-03  0.88170E-03  0.50173E-04  0.50173E-06  0.57997E-06       1  0.88315E-03  0.00000E+00  0.00000E+00  0.35691E-04  0.35691E-06 -0.14303E-02 -0.14303E-04 -0.12494E-02 -0.12494E-04
        0.0200  0.00000E+00 -0.19166E-02  0.00000E+00 -0.36717E-04  0.00000E+00  0.00000E+00  0.97711E-03  0.91137E-03  0.88173E-03  0.50178E-04  0.10035E-05  0.37916E-05       2  0.88314E-03  0.00000E+00  0.00000E+00  0.31938E-04  0.67629E-06 -0.13639E-02 -0.27941E-04 -0.12098E-02 -0.24592E-04
        0.0330  0.00000E+00 -0.18531E-02  0.00000E+00 -0.60807E-04  0.00000E+00  0.00000E+00  0.97706E-03  0.91136E-03  0.88172E-03  0.50177E-04  0.16558E-05  0.53979E-05       3  0.88314E-03  0.00000E+00  0.00000E+00  0.24093E-04  0.98950E-06 -0.12864E-02 -0.44665E-04 -0.11574E-02 -0.39638E-04
        0.0499  0.00000E+00 -0.18112E-02  0.00000E+00 -0.91416E-04  0.00000E+00  0.00000E+00  0.97694E-03  0.91136E-03  0.88172E-03  0.50177E-04  0.25038E-05  0.80158E-05       4  0.88314E-03  0.00000E+00  0.00000E+00  0.82368E-05  0.11287E-05 -0.12012E-02 -0.64965E-04 -0.10979E-02 -0.58193E-04
        0.0719  0.00000E+00 -0.17891E-02  0.00000E+00 -0.13072E-03  0.00000E+00  0.00000E+00  0.97676E-03  0.91135E-03  0.88172E-03  0.50177E-04  0.36062E-05  0.10764E-04       5  0.88314E-03  0.00000E+00  0.00000E+00 -0.66110E-05  0.98346E-06 -0.11223E-02 -0.89621E-04 -0.10299E-02 -0.80820E-04
        0.1004  0.00000E+00 -0.17756E-02  0.00000E+00 -0.18144E-03  0.00000E+00  0.00000E+00  0.97652E-03  0.91135E-03  0.88172E-03  0.50177E-04  0.50393E-05  0.13283E-04       6  0.88314E-03  0.00000E+00  0.00000E+00 -0.29393E-04  0.14397E-06 -0.10533E-02 -0.11970E-03 -0.95774E-03 -0.10817E-03
        0.1376  0.00000E+00 -0.17671E-02  0.00000E+00 -0.24705E-03  0.00000E+00  0.00000E+00  0.97612E-03  0.91135E-03  0.88173E-03  0.50177E-04  0.69024E-05  0.13959E-04       7  0.88314E-03  0.00000E+00  0.00000E+00 -0.66830E-04 -0.23374E-05 -0.10096E-02 -0.15719E-03 -0.88582E-03 -0.14106E-03
        0.1858  0.00000E+00 -0.17573E-02  0.00000E+00 -0.33187E-03  0.00000E+00  0.00000E+00  0.97552E-03  0.91135E-03  0.88173E-03  0.50177E-04  0.93243E-05  0.94340E-05       8  0.88314E-03  0.00000E+00  0.00000E+00 -0.12378E-03 -0.83118E-05 -0.10046E-02 -0.20568E-03 -0.82319E-03 -0.18080E-03
        0.2358  0.00000E+00 -0.17423E-02  0.00000E+00 -0.41898E-03  0.00000E+00  0.00000E+00  0.97487E-03  0.91134E-03  0.88173E-03  0.50177E-04  0.11833E-04 -0.18986E-05       9  0.88314E-03  0.00000E+00  0.00000E+00 -0.18587E-03 -0.17605E-04 -0.10432E-02 -0.25784E-03 -0.78470E-03 -0.22003E-03
        0.2858  0.00000E+00 -0.17211E-02  0.00000E+00 -0.50504E-03  0.00000E+00  0.00000E+00  0.97440E-03  0.91134E-03  0.88174E-03  0.50177E-04  0.14342E-04 -0.18309E-04      10  0.88314E-03  0.00000E+00  0.00000E+00 -0.22893E-03 -0.29052E-04 -0.10963E-02 -0.31265E-03 -0.76482E-03 -0.25827E-03
        0.3358  0.00000E+00 -0.16938E-02  0.00000E+00 -0.58973E-03  0.00000E+00  0.00000E+00  0.97417E-03  0.91135E-03  0.88174E-03  0.50177E-04  0.16851E-04 -0.35045E-04      11  0.88314E-03  0.00000E+00  0.00000E+00 -0.24848E-03 -0.41476E-04 -0.11363E-02 -0.36946E-03 -0.74709E-03 -0.29563E-03
        0.3858  0.00000E+00 -0.16615E-02  0.00000E+00 -0.67280E-03  0.00000E+00  0.00000E+00  0.97396E-03  0.91137E-03  0.88174E-03  0.50178E-04  0.19360E-04 -0.48457E-04      12  0.88314E-03  0.00000E+00  0.00000E+00 -0.26422E-03 -0.54687E-04 -0.11619E-02 -0.42756E-03 -0.72476E-03 -0.33187E-03
        0.4358  0.00000E+00 -0.16253E-02  0.00000E+00 -0.75407E-03  0.00000E+00  0.00000E+00  0.97380E-03  0.91138E-03  0.88174E-03  0.50179E-04  0.21869E-04 -0.58831E-04      13  0.88314E-03  0.00000E+00  0.00000E+00 -0.27444E-03 -0.68409E-04 -0.11734E-02 -0.48623E-03 -0.70010E-03 -0.36687E-03
        0.4858  0.00000E+00 -0.15865E-02  0.00000E+00 -0.83339E-03  0.00000E+00  0.00000E+00  0.97370E-03  0.91140E-03  0.88174E-03  0.50180E-04  0.24378E-04 -0.66860E-04      14  0.88314E-03  0.00000E+00  0.00000E+00 -0.27857E-03 -0.82337E-04 -0.11720E-02 -0.54483E-03 -0.67501E-03 -0.40062E-03
        0.5358  0.00000E+00 -0.15457E-02  0.00000E+00 -0.91068E-03  0.00000E+00  0.00000E+00  0.97365E-03  0.91141E-03  0.88174E-03  0.50181E-04  0.26887E-04 -0.73439E-04      15  0.88314E-03  0.00000E+00  0.00000E+00 -0.27601E-03 -0.96138E-04 -0.11584E-02 -0.60275E-03 -0.65116E-03 -0.43318E-03
        0.5858  0.00000E+00 -0.15039E-02  0.00000E+00 -0.98587E-03  0.00000E+00  0.00000E+00  0.97365E-03  0.91142E-03  0.88174E-03  0.50181E-04  0.29396E-04 -0.79643E-04      16  0.88314E-03  0.00000E+00  0.00000E+00 -0.26715E-03 -0.10950E-03 -0.11335E-02 -0.65942E-03 -0.63032E-03 -0.46470E-03
        0.6358  0.00000E+00 -0.14616E-02  0.00000E+00 -0.10590E-02  0.00000E+00  0.00000E+00  0.97371E-03  0.91141E-03  0.88174E-03  0.50181E-04  0.31905E-04 -0.86562E-04      17  0.88314E-03  0.00000E+00  0.00000E+00 -0.25255E-03 -0.12212E-03 -0.10992E-02 -0.71439E-03 -0.61302E-03 -0.49535E-03
        0.6858  0.00000E+00 -0.14194E-02  0.00000E+00 -0.11299E-02  0.00000E+00  0.00000E+00  0.97381E-03  0.91141E-03  0.88174E-03  0.50180E-04  0.34414E-04 -0.95286E-04      18  0.88314E-03  0.00000E+00  0.00000E+00 -0.23349E-03 -0.13380E-03 -0.10580E-02 -0.76729E-03 -0.60078E-03 -0.52539E-03
        0.7358  0.00000E+00 -0.13776E-02  0.00000E+00 -0.11988E-02  0.00000E+00  0.00000E+00  0.97394E-03  0.91140E-03  0.88174E-03  0.50180E-04  0.36923E-04 -0.10670E-03      19  0.88314E-03  0.00000E+00  0.00000E+00 -0.21156E-03 -0.14438E-03 -0.10127E-02 -0.81792E-03 -0.59293E-03 -0.55503E-03
        0.7858  0.00000E+00 -0.13366E-02  0.00000E+00 -0.12656E-02  0.00000E+00  0.00000E+00  0.97446E-03  0.91138E-03  0.88174E-03  0.50179E-04  0.39432E-04 -0.11784E-03      20  0.88314E-03  0.00000E+00  0.00000E+00 -0.15128E-03 -0.15194E-03 -0.93114E-03 -0.86448E-03 -0.58370E-03 -0.58422E-03
        0.8358  0.00000E+00 -0.12966E-02  0.00000E+00 -0.13305E-02  0.00000E+00  0.00000E+00  0.97497E-03  0.91137E-03  0.88174E-03  0.50178E-04  0.41941E-04 -0.12345E-03      21  0.88314E-03  0.00000E+00  0.00000E+00 -0.91956E-04 -0.15654E-03 -0.82782E-03 -0.90587E-03 -0.55848E-03 -0.61214E-03
        0.8858  0.00000E+00 -0.12580E-02  0.00000E+00 -0.13934E-02  0.00000E+00  0.00000E+00  0.97542E-03  0.91138E-03  0.88174E-03  0.50178E-04  0.44450E-04 -0.12411E-03      22  0.88314E-03  0.00000E+00  0.00000E+00 -0.39540E-04 -0.15851E-03 -0.71415E-03 -0.94158E-03 -0.52437E-03 -0.63836E-03
        0.9358  0.00000E+00 -0.12208E-02  0.00000E+00 -0.14544E-02  0.00000E+00  0.00000E+00  0.97584E-03  0.91137E-03  0.88174E-03  0.50178E-04  0.46958E-04 -0.12169E-03      23  0.88314E-03  0.00000E+00  0.00000E+00 -0.14338E-05 -0.15859E-03 -0.60629E-03 -0.97189E-03 -0.48496E-03 -0.66261E-03
        0.9679  0.00000E+00 -0.11911E-02  0.00000E+00 -0.14926E-02  0.00000E+00  0.00000E+00  0.97602E-03  0.91137E-03  0.88174E-03  0.50178E-04  0.48568E-04 -0.11912E-03      24  0.88314E-03  0.00000E+00  0.00000E+00  0.25012E-04 -0.15778E-03 -0.54329E-03 -0.98932E-03 -0.45935E-03 -0.67735E-03
        1.0000  0.00000E+00 -0.11684E-02  0.00000E+00 -0.15301E-02  0.00000E+00  0.00000E+00  0.97615E-03  0.91136E-03  0.88175E-03  0.50178E-04  0.50178E-04 -0.11646E-03      25  0.88314E-03  0.00000E+00  0.00000E+00  0.36840E-04 -0.15660E-03 -0.49218E-03 -0.10051E-02 -0.43457E-03 -0.69129E-03
end
