 ******* Program HYDRUS
 ******* 
 Welcome to HYDRUS-1D                                                    
 Date:  28. 3.2022    Time:   8:56:57
 Units: L = cm   , T = days , M = mg   

----------------------------------------------------------
 Time       [T]        0.0000
----------------------------------------------------------
 Sub-region num.                     1
----------------------------------------------------------
 Length   [L]        0.30000E+03  0.30000E+03
 W-volume [L]        0.99195E+02  0.99195E+02
 In-flow  [L/T]      0.00000E+00  0.00000E+00
 h Mean   [L]       -0.94862E+02 -0.94862E+02
 ConcVol  [M/L2] 1   0.88654E-01  0.88654E-01
 cMean    [M/L3] 1   0.89535E-03  0.89535E-03
 SorbVolIm[M/L2] 1   0.46737E+02  0.46737E+02
 sMeanIm  [-]    1   0.10744E+00  0.10744E+00
 Top Flux [L/T]     -0.28018E-01
 Bot Flux [L/T]      0.18834E+00
----------------------------------------------------------

----------------------------------------------------------
 Time       [T]        1.0000
----------------------------------------------------------
 Sub-region num.                     1
----------------------------------------------------------
 Length   [L]        0.30000E+03  0.30000E+03
 W-volume [L]        0.98981E+02  0.98981E+02
 In-flow  [L/T]     -0.24604E+00 -0.24604E+00
 h Mean   [L]       -0.96769E+02 -0.96769E+02
 ConcVol  [M/L2] 1   0.88427E-01  0.88427E-01
 cMean    [M/L3] 1   0.89538E-03  0.89538E-03
 SorbVolIm[M/L2] 1   0.46737E+02  0.46737E+02
 sMeanIm  [-]    1   0.10744E+00  0.10744E+00
 Top Flux [L/T]      0.15359E-01
 Bot Flux [L/T]     -0.17270E+00
 WatBalT  [L]       -0.52154E-05
 WatBalR  [%]              0.001
 CncBalT  [M]    1   0.30899E-03
 CncBalR  [%]    1        37.716
----------------------------------------------------------
 
 Calculation time [sec]  0.000000000000000E+000
