 All solute fluxes and cumulative solute fluxes are positive into the region

       Time         cvTop        cvBot      Sum(cvTop)   Sum(cvBot)     cvCh0        cvCh1         cTop        cRoot         cBot        cvRoot    Sum(cvRoot)  Sum(cvNEql) TLevel      cGWL        cRunOff   Sum(cRunOff)    (cv(i),    Sum(cv(i)), i=1,NObs)
        [T]        [M/L2/T]     [M/L2/T]      [M/L2]       [M/L2]       [M/L2]      [M/L2]        [M/L3]      [M/L3]        [M/L3]      [M/L2/T]      [M/L2]       [M/L2]              [M/L3]        [M/L2]      [M/L3]      [M/L2/T]      [M/L2]
        0.0100  0.00000E+00 -0.87084E-03  0.00000E+00 -0.87084E-05  0.00000E+00  0.00000E+00  0.10401E-02  0.98584E-03  0.88160E-03  0.18335E-04  0.18335E-06 -0.70587E-05       1  0.88318E-03  0.00000E+00  0.00000E+00  0.10689E-03  0.10689E-05 -0.78352E-03 -0.78352E-05 -0.50382E-03 -0.50382E-05
        0.0200  0.00000E+00 -0.41700E-03  0.00000E+00 -0.12878E-04  0.00000E+00  0.00000E+00  0.10401E-02  0.98596E-03  0.88156E-03  0.18337E-04  0.36672E-06 -0.58772E-05       2  0.88317E-03  0.00000E+00  0.00000E+00  0.96372E-04  0.20326E-05 -0.76301E-03 -0.15465E-04 -0.49476E-03 -0.99857E-05
        0.0330  0.00000E+00 -0.61344E-03  0.00000E+00 -0.20853E-04  0.00000E+00  0.00000E+00  0.10400E-02  0.98593E-03  0.88160E-03  0.18336E-04  0.60510E-06 -0.20910E-05       3  0.88318E-03  0.00000E+00  0.00000E+00  0.74094E-04  0.29959E-05 -0.73646E-03 -0.25039E-04 -0.48283E-03 -0.16263E-04
        0.0499  0.00000E+00 -0.75592E-03  0.00000E+00 -0.33628E-04  0.00000E+00  0.00000E+00  0.10396E-02  0.98594E-03  0.88161E-03  0.18337E-04  0.91499E-06  0.12776E-05       4  0.88318E-03  0.00000E+00  0.00000E+00  0.28576E-04  0.34788E-05 -0.71704E-03 -0.37157E-04 -0.46998E-03 -0.24205E-04
        0.0719  0.00000E+00 -0.84812E-03  0.00000E+00 -0.52261E-04  0.00000E+00  0.00000E+00  0.10391E-02  0.98593E-03  0.88163E-03  0.18337E-04  0.13178E-05  0.40258E-05       5  0.88318E-03  0.00000E+00  0.00000E+00 -0.20734E-04  0.30233E-05 -0.71302E-03 -0.52822E-04 -0.45564E-03 -0.34216E-04
        0.1004  0.00000E+00 -0.91517E-03  0.00000E+00 -0.78400E-04  0.00000E+00  0.00000E+00  0.10385E-02  0.98593E-03  0.88163E-03  0.18337E-04  0.18416E-05  0.42304E-05       6  0.88318E-03  0.00000E+00  0.00000E+00 -0.80731E-04  0.71750E-06 -0.74942E-03 -0.74226E-04 -0.44415E-03 -0.46901E-04
        0.1376  0.00000E+00 -0.95889E-03  0.00000E+00 -0.11400E-03  0.00000E+00  0.00000E+00  0.10375E-02  0.98592E-03  0.88164E-03  0.18336E-04  0.25224E-05 -0.26515E-05       7  0.88318E-03  0.00000E+00  0.00000E+00 -0.17480E-03 -0.57728E-05 -0.86749E-03 -0.10644E-03 -0.44411E-03 -0.63390E-04
        0.1858  0.00000E+00 -0.98238E-03  0.00000E+00 -0.16142E-03  0.00000E+00  0.00000E+00  0.10362E-02  0.98592E-03  0.88165E-03  0.18336E-04  0.34074E-05 -0.26094E-04       8  0.88318E-03  0.00000E+00  0.00000E+00 -0.30944E-03 -0.20709E-04 -0.11376E-02 -0.16134E-03 -0.47153E-03 -0.86150E-04
        0.2358  0.00000E+00 -0.98779E-03  0.00000E+00 -0.21081E-03  0.00000E+00  0.00000E+00  0.10348E-02  0.98590E-03  0.88165E-03  0.18335E-04  0.43241E-05 -0.68062E-04       9  0.88318E-03  0.00000E+00  0.00000E+00 -0.44964E-03 -0.43191E-04 -0.15280E-02 -0.23775E-03 -0.52974E-03 -0.11264E-03
        0.2858  0.00000E+00 -0.98053E-03  0.00000E+00 -0.25984E-03  0.00000E+00  0.00000E+00  0.10340E-02  0.98591E-03  0.88165E-03  0.18333E-04  0.52408E-05 -0.12243E-03      10  0.88318E-03  0.00000E+00  0.00000E+00 -0.53966E-03 -0.70174E-04 -0.19361E-02 -0.33455E-03 -0.60900E-03 -0.14309E-03
        0.3358  0.00000E+00 -0.96611E-03  0.00000E+00 -0.30814E-03  0.00000E+00  0.00000E+00  0.10337E-02  0.98592E-03  0.88165E-03  0.18332E-04  0.61574E-05 -0.18042E-03      11  0.88318E-03  0.00000E+00  0.00000E+00 -0.57262E-03 -0.98805E-04 -0.22543E-02 -0.44726E-03 -0.69020E-03 -0.17760E-03
        0.3858  0.00000E+00 -0.94848E-03  0.00000E+00 -0.35557E-03  0.00000E+00  0.00000E+00  0.10333E-02  0.98595E-03  0.88165E-03  0.18331E-04  0.70740E-05 -0.23963E-03      12  0.88318E-03  0.00000E+00  0.00000E+00 -0.59798E-03 -0.12870E-03 -0.24943E-02 -0.57198E-03 -0.76404E-03 -0.21580E-03
        0.4358  0.00000E+00 -0.93011E-03  0.00000E+00 -0.40207E-03  0.00000E+00  0.00000E+00  0.10331E-02  0.98595E-03  0.88166E-03  0.18330E-04  0.79905E-05 -0.29976E-03      13  0.88318E-03  0.00000E+00  0.00000E+00 -0.61418E-03 -0.15941E-03 -0.26704E-02 -0.70550E-03 -0.82726E-03 -0.25716E-03
        0.4858  0.00000E+00 -0.91262E-03  0.00000E+00 -0.44770E-03  0.00000E+00  0.00000E+00  0.10329E-02  0.98597E-03  0.88166E-03  0.18330E-04  0.89070E-05 -0.35958E-03      14  0.88318E-03  0.00000E+00  0.00000E+00 -0.62007E-03 -0.19042E-03 -0.27960E-02 -0.84530E-03 -0.87947E-03 -0.30114E-03
        0.5358  0.00000E+00 -0.89708E-03  0.00000E+00 -0.49256E-03  0.00000E+00  0.00000E+00  0.10328E-02  0.98597E-03  0.88166E-03  0.18329E-04  0.98235E-05 -0.41844E-03      15  0.88318E-03  0.00000E+00  0.00000E+00 -0.61492E-03 -0.22116E-03 -0.28745E-02 -0.98903E-03 -0.92067E-03 -0.34717E-03
        0.5858  0.00000E+00 -0.88412E-03  0.00000E+00 -0.53676E-03  0.00000E+00  0.00000E+00  0.10328E-02  0.98598E-03  0.88166E-03  0.18329E-04  0.10740E-04 -0.47527E-03      16  0.88318E-03  0.00000E+00  0.00000E+00 -0.59920E-03 -0.25112E-03 -0.29096E-02 -0.11345E-02 -0.95123E-03 -0.39473E-03
        0.6358  0.00000E+00 -0.87403E-03  0.00000E+00 -0.58046E-03  0.00000E+00  0.00000E+00  0.10329E-02  0.98597E-03  0.88166E-03  0.18329E-04  0.11656E-04 -0.52959E-03      17  0.88318E-03  0.00000E+00  0.00000E+00 -0.57397E-03 -0.27982E-03 -0.29046E-02 -0.12797E-02 -0.97138E-03 -0.44330E-03
        0.6858  0.00000E+00 -0.86687E-03  0.00000E+00 -0.62381E-03  0.00000E+00  0.00000E+00  0.10330E-02  0.98597E-03  0.88166E-03  0.18328E-04  0.12573E-04 -0.58082E-03      18  0.88318E-03  0.00000E+00  0.00000E+00 -0.54127E-03 -0.30688E-03 -0.28651E-02 -0.14230E-02 -0.98138E-03 -0.49237E-03
        0.7358  0.00000E+00 -0.86249E-03  0.00000E+00 -0.66693E-03  0.00000E+00  0.00000E+00  0.10332E-02  0.98596E-03  0.88167E-03  0.18328E-04  0.13489E-04 -0.62895E-03      19  0.88318E-03  0.00000E+00  0.00000E+00 -0.50375E-03 -0.33207E-03 -0.27986E-02 -0.15629E-02 -0.98250E-03 -0.54149E-03
        0.7858  0.00000E+00 -0.86054E-03  0.00000E+00 -0.70996E-03  0.00000E+00  0.00000E+00  0.10343E-02  0.98594E-03  0.88167E-03  0.18328E-04  0.14406E-04 -0.66241E-03      20  0.88318E-03  0.00000E+00  0.00000E+00 -0.36913E-03 -0.35053E-03 -0.25409E-02 -0.16900E-02 -0.95297E-03 -0.58914E-03
        0.8358  0.00000E+00 -0.86050E-03  0.00000E+00 -0.75298E-03  0.00000E+00  0.00000E+00  0.10354E-02  0.98597E-03  0.88167E-03  0.18329E-04  0.15322E-04 -0.67866E-03      21  0.88318E-03  0.00000E+00  0.00000E+00 -0.23127E-03 -0.36209E-03 -0.21707E-02 -0.17985E-02 -0.89016E-03 -0.63365E-03
        0.8858  0.00000E+00 -0.86177E-03  0.00000E+00 -0.79607E-03  0.00000E+00  0.00000E+00  0.10365E-02  0.98593E-03  0.88168E-03  0.18329E-04  0.16238E-04 -0.68224E-03      22  0.88318E-03  0.00000E+00  0.00000E+00 -0.10347E-03 -0.36727E-03 -0.17591E-02 -0.18865E-02 -0.80366E-03 -0.67383E-03
        0.9358  0.00000E+00 -0.86352E-03  0.00000E+00 -0.83925E-03  0.00000E+00  0.00000E+00  0.10373E-02  0.98595E-03  0.88168E-03  0.18330E-04  0.17155E-04 -0.67631E-03      23  0.88319E-03  0.00000E+00  0.00000E+00 -0.51788E-05 -0.36752E-03 -0.13803E-02 -0.19555E-02 -0.70815E-03 -0.70924E-03
        0.9679  0.00000E+00 -0.86494E-03  0.00000E+00 -0.86700E-03  0.00000E+00  0.00000E+00  0.10379E-02  0.98592E-03  0.88168E-03  0.18331E-04  0.17743E-04 -0.67075E-03      24  0.88319E-03  0.00000E+00  0.00000E+00  0.79664E-04 -0.36497E-03 -0.11685E-02 -0.19930E-02 -0.64799E-03 -0.73003E-03
        1.0000  0.00000E+00 -0.86577E-03  0.00000E+00 -0.89478E-03  0.00000E+00  0.00000E+00  0.10383E-02  0.98593E-03  0.88168E-03  0.18332E-04  0.18331E-04 -0.66459E-03      25  0.88319E-03  0.00000E+00  0.00000E+00  0.11353E-03 -0.36133E-03 -0.10013E-02 -0.20251E-02 -0.59186E-03 -0.74902E-03
end
