 All solute fluxes and cumulative solute fluxes are positive into the region

       Time         cvTop        cvBot      Sum(cvTop)   Sum(cvBot)     cvCh0        cvCh1         cTop        cRoot         cBot        cvRoot    Sum(cvRoot)  Sum(cvNEql) TLevel      cGWL        cRunOff   Sum(cRunOff)    (cv(i),    Sum(cv(i)), i=1,NObs)
        [T]        [M/L2/T]     [M/L2/T]      [M/L2]       [M/L2]       [M/L2]      [M/L2]        [M/L3]      [M/L3]        [M/L3]      [M/L2/T]      [M/L2]       [M/L2]              [M/L3]        [M/L2]      [M/L3]      [M/L2/T]      [M/L2]
        0.0100  0.00000E+00 -0.43353E-03  0.00000E+00 -0.43353E-05  0.00000E+00  0.00000E+00  0.10836E-02  0.91547E-03  0.88003E-03  0.00000E+00  0.00000E+00  0.33326E-06       1  0.88310E-03  0.00000E+00  0.00000E+00  0.73772E-04  0.73772E-06  0.48230E-05  0.48230E-07  0.15168E-03  0.15168E-05
        0.0230  0.00000E+00 -0.76673E-03  0.00000E+00 -0.14303E-04  0.00000E+00  0.00000E+00  0.10836E-02  0.91550E-03  0.88015E-03  0.00000E+00  0.00000E+00  0.51195E-05       2  0.88308E-03  0.00000E+00  0.00000E+00  0.73338E-04  0.16911E-05  0.46476E-05  0.10865E-06  0.14830E-03  0.34447E-05
        0.0399  0.00000E+00 -0.60235E-03  0.00000E+00 -0.24483E-04  0.00000E+00  0.00000E+00  0.10836E-02  0.91549E-03  0.88005E-03  0.00000E+00  0.00000E+00  0.57187E-05       3  0.88308E-03  0.00000E+00  0.00000E+00  0.72446E-04  0.29154E-05  0.40238E-05  0.17665E-06  0.14363E-03  0.58721E-05
        0.0619  0.00000E+00 -0.47790E-03  0.00000E+00 -0.34982E-04  0.00000E+00  0.00000E+00  0.10836E-02  0.91550E-03  0.88004E-03  0.00000E+00  0.00000E+00  0.89492E-05       4  0.88308E-03  0.00000E+00  0.00000E+00  0.70638E-04  0.44674E-05  0.34747E-05  0.25299E-06  0.13816E-03  0.89074E-05
        0.0904  0.00000E+00 -0.38849E-03  0.00000E+00 -0.46078E-04  0.00000E+00  0.00000E+00  0.10836E-02  0.91549E-03  0.88000E-03  0.00000E+00  0.00000E+00  0.12244E-04       5  0.88308E-03  0.00000E+00  0.00000E+00  0.67203E-04  0.63867E-05  0.27474E-05  0.33146E-06  0.13153E-03  0.12664E-04
        0.1276  0.00000E+00 -0.31251E-03  0.00000E+00 -0.57681E-04  0.00000E+00  0.00000E+00  0.10835E-02  0.91550E-03  0.87998E-03  0.00000E+00  0.00000E+00  0.16897E-04       6  0.88308E-03  0.00000E+00  0.00000E+00  0.61072E-04  0.86543E-05  0.19301E-05  0.40312E-06  0.12364E-03  0.17255E-04
        0.1758  0.00000E+00 -0.24797E-03  0.00000E+00 -0.69650E-04  0.00000E+00  0.00000E+00  0.10834E-02  0.91550E-03  0.87996E-03  0.00000E+00  0.00000E+00  0.22144E-04       7  0.88308E-03  0.00000E+00  0.00000E+00  0.50759E-04  0.11104E-04  0.86906E-06  0.44507E-06  0.11400E-03  0.22757E-04
        0.2258  0.00000E+00 -0.19491E-03  0.00000E+00 -0.79396E-04  0.00000E+00  0.00000E+00  0.10833E-02  0.91550E-03  0.87994E-03  0.00000E+00  0.00000E+00  0.27347E-04       8  0.88308E-03  0.00000E+00  0.00000E+00  0.38159E-04  0.13012E-04 -0.21726E-06  0.43421E-06  0.10436E-03  0.27976E-04
        0.2758  0.00000E+00 -0.15489E-03  0.00000E+00 -0.87140E-04  0.00000E+00  0.00000E+00  0.10838E-02  0.91550E-03  0.87993E-03  0.00000E+00  0.00000E+00  0.34642E-04       9  0.88308E-03  0.00000E+00  0.00000E+00  0.86307E-04  0.17328E-04 -0.27791E-06  0.42031E-06  0.97563E-04  0.32854E-04
        0.3258  0.00000E+00 -0.12391E-03  0.00000E+00 -0.93335E-04  0.00000E+00  0.00000E+00  0.10862E-02  0.91550E-03  0.87992E-03  0.00000E+00  0.00000E+00  0.54112E-04      10  0.88308E-03  0.00000E+00  0.00000E+00  0.28804E-03  0.31730E-04  0.35345E-05  0.59704E-06  0.10360E-03  0.38034E-04
        0.3758  0.00000E+00 -0.99105E-04  0.00000E+00 -0.98291E-04  0.00000E+00  0.00000E+00  0.10881E-02  0.91551E-03  0.87991E-03  0.00000E+00  0.00000E+00  0.88946E-04      11  0.88308E-03  0.00000E+00  0.00000E+00  0.41874E-03  0.52667E-04  0.95139E-05  0.10727E-05  0.12688E-03  0.44378E-04
        0.4258  0.00000E+00 -0.78583E-04  0.00000E+00 -0.10222E-03  0.00000E+00  0.00000E+00  0.10892E-02  0.91552E-03  0.87991E-03  0.00000E+00  0.00000E+00  0.13519E-03      12  0.88308E-03  0.00000E+00  0.00000E+00  0.50515E-03  0.77924E-04  0.16733E-04  0.19094E-05  0.16252E-03  0.52503E-04
        0.4758  0.00000E+00 -0.60980E-04  0.00000E+00 -0.10527E-03  0.00000E+00  0.00000E+00  0.10900E-02  0.91554E-03  0.87990E-03  0.00000E+00  0.00000E+00  0.18836E-03      13  0.88308E-03  0.00000E+00  0.00000E+00  0.53252E-03  0.10455E-03  0.23684E-04  0.30935E-05  0.20355E-03  0.62681E-04
        0.5258  0.00000E+00 -0.45321E-04  0.00000E+00 -0.10753E-03  0.00000E+00  0.00000E+00  0.10900E-02  0.91554E-03  0.87989E-03  0.00000E+00  0.00000E+00  0.24290E-03      14  0.88308E-03  0.00000E+00  0.00000E+00  0.53024E-03  0.13106E-03  0.29108E-04  0.45489E-05  0.24254E-03  0.74808E-04
        0.5758  0.00000E+00 -0.30635E-04  0.00000E+00 -0.10907E-03  0.00000E+00  0.00000E+00  0.10897E-02  0.91554E-03  0.87989E-03  0.00000E+00  0.00000E+00  0.29351E-03      15  0.88308E-03  0.00000E+00  0.00000E+00  0.47904E-03  0.15501E-03  0.32170E-04  0.61574E-05  0.27499E-03  0.88558E-04
        0.6258  0.00000E+00 -0.16339E-04  0.00000E+00 -0.10988E-03  0.00000E+00  0.00000E+00  0.10888E-02  0.91554E-03  0.87988E-03  0.00000E+00  0.00000E+00  0.33501E-03      16  0.88308E-03  0.00000E+00  0.00000E+00  0.39158E-03  0.17459E-03  0.32172E-04  0.77660E-05  0.29473E-03  0.10329E-03
        0.6758  0.00000E+00 -0.46192E-05  0.00000E+00 -0.11011E-03  0.00000E+00  0.00000E+00  0.10875E-02  0.91553E-03  0.87920E-03  0.00000E+00  0.00000E+00  0.36158E-03      17  0.88307E-03  0.00000E+00  0.00000E+00  0.25592E-03  0.18739E-03  0.28951E-04  0.92136E-05  0.29879E-03  0.11823E-03
        0.7258  0.00000E+00  0.00000E+00  0.00000E+00 -0.11011E-03  0.00000E+00  0.00000E+00  0.10854E-02  0.91552E-03  0.87938E-03  0.00000E+00  0.00000E+00  0.37108E-03      18  0.88307E-03  0.00000E+00  0.00000E+00  0.70209E-04  0.19090E-03  0.22585E-04  0.10343E-04  0.28569E-03  0.13252E-03
        0.7758  0.00000E+00  0.00000E+00  0.00000E+00 -0.11011E-03  0.00000E+00  0.00000E+00  0.10848E-02  0.91550E-03  0.87903E-03  0.00000E+00  0.00000E+00  0.37213E-03      19  0.88307E-03  0.00000E+00  0.00000E+00  0.35049E-04  0.19265E-03  0.17021E-04  0.11194E-04  0.26206E-03  0.14562E-03
        0.8258  0.00000E+00  0.00000E+00  0.00000E+00 -0.11011E-03  0.00000E+00  0.00000E+00  0.10849E-02  0.91550E-03  0.87901E-03  0.00000E+00  0.00000E+00  0.37208E-03      20  0.88307E-03  0.00000E+00  0.00000E+00  0.46747E-04  0.19499E-03  0.12877E-04  0.11838E-04  0.23739E-03  0.15749E-03
        0.8758  0.00000E+00  0.00000E+00  0.00000E+00 -0.11011E-03  0.00000E+00  0.00000E+00  0.10850E-02  0.91550E-03  0.87878E-03  0.00000E+00  0.00000E+00  0.37214E-03      21  0.88306E-03  0.00000E+00  0.00000E+00  0.56722E-04  0.19783E-03  0.10075E-04  0.12341E-04  0.21521E-03  0.16825E-03
        0.9258  0.00000E+00  0.00000E+00  0.00000E+00 -0.11011E-03  0.00000E+00  0.00000E+00  0.10851E-02  0.91550E-03  0.87870E-03  0.00000E+00  0.00000E+00  0.37213E-03      22  0.88306E-03  0.00000E+00  0.00000E+00  0.63565E-04  0.20100E-03  0.81794E-05  0.12750E-04  0.19661E-03  0.17808E-03
        0.9629  0.00000E+00  0.00000E+00  0.00000E+00 -0.11011E-03  0.00000E+00  0.00000E+00  0.10852E-02  0.91550E-03  0.87856E-03  0.00000E+00  0.00000E+00  0.37197E-03      23  0.88306E-03  0.00000E+00  0.00000E+00  0.66601E-04  0.20347E-03  0.70687E-05  0.13013E-04  0.18464E-03  0.18493E-03
        1.0000  0.00000E+00  0.00000E+00  0.00000E+00 -0.11011E-03  0.00000E+00  0.00000E+00  0.10852E-02  0.91550E-03  0.87849E-03  0.00000E+00  0.00000E+00  0.37163E-03      24  0.88306E-03  0.00000E+00  0.00000E+00  0.67486E-04  0.20598E-03  0.62238E-05  0.13243E-04  0.17460E-03  0.19140E-03
end
