 ******* Program HYDRUS
 ******* 
 Welcome to HYDRUS-1D                                                    
 Date:   4. 3.2022    Time:  19:32:17
 Units: L = cm   , T = days , M = mg   

----------------------------------------------------------
 Time       [T]        0.0000
----------------------------------------------------------
 Sub-region num.                     1
----------------------------------------------------------
 Length   [L]        0.30000E+03  0.30000E+03
 W-volume [L]        0.10206E+03  0.10206E+03
 In-flow  [L/T]      0.00000E+00  0.00000E+00
 h Mean   [L]       -0.62008E+02 -0.62008E+02
 ConcVol  [M/L2] 1   0.89685E+00  0.89685E+00
 cMean    [M/L3] 1   0.87921E-02  0.87921E-02
 SorbVolIm[M/L2] 1   0.43159E+02  0.43159E+02
 sMeanIm  [-]    1   0.99217E-01  0.99217E-01
 Top Flux [L/T]      0.29406E-01
 Bot Flux [L/T]      0.36221E+00
----------------------------------------------------------

----------------------------------------------------------
 Time       [T]        1.0000
----------------------------------------------------------
 Sub-region num.                     1
----------------------------------------------------------
 Length   [L]        0.30000E+03  0.30000E+03
 W-volume [L]        0.10186E+03  0.10186E+03
 In-flow  [L/T]      0.22104E+00  0.22104E+00
 h Mean   [L]       -0.64702E+02 -0.64702E+02
 ConcVol  [M/L2] 1   0.89524E+00  0.89524E+00
 cMean    [M/L3] 1   0.87935E-02  0.87935E-02
 SorbVolIm[M/L2] 1   0.43159E+02  0.43159E+02
 sMeanIm  [-]    1   0.99216E-01  0.99216E-01
 Top Flux [L/T]      0.20505E-01
 Bot Flux [L/T]      0.30981E+00
 WatBalT  [L]       -0.59605E-06
 WatBalR  [%]              0.000
 CncBalT  [M]    1   0.28992E-03
 CncBalR  [%]    1        12.351
----------------------------------------------------------
 
 Calculation time [sec]  1.000005006790161E-002
