 All solute fluxes and cumulative solute fluxes are positive into the region

       Time         cvTop        cvBot      Sum(cvTop)   Sum(cvBot)     cvCh0        cvCh1         cTop        cRoot         cBot        cvRoot    Sum(cvRoot)  Sum(cvNEql) TLevel      cGWL        cRunOff   Sum(cRunOff)    (cv(i),    Sum(cv(i)), i=1,NObs)
        [T]        [M/L2/T]     [M/L2/T]      [M/L2]       [M/L2]       [M/L2]      [M/L2]        [M/L3]      [M/L3]        [M/L3]      [M/L2/T]      [M/L2]       [M/L2]              [M/L3]        [M/L2]      [M/L3]      [M/L2/T]      [M/L2]
        0.0100  0.00000E+00 -0.35103E-04  0.00000E+00 -0.35103E-06  0.00000E+00  0.00000E+00  0.10438E-02  0.91569E-03  0.87731E-03  0.22477E-04  0.22477E-06 -0.52009E-06       1  0.88323E-03  0.00000E+00  0.00000E+00  0.49490E-04  0.49490E-06 -0.17907E-04 -0.17907E-06 -0.34787E-04 -0.34787E-06
        0.0200  0.00000E+00 -0.65343E-04  0.00000E+00 -0.10045E-05  0.00000E+00  0.00000E+00  0.10439E-02  0.91572E-03  0.87688E-03  0.22478E-04  0.44955E-06  0.38064E-05       2  0.88321E-03  0.00000E+00  0.00000E+00  0.41380E-04  0.90870E-06 -0.27669E-04 -0.45576E-06 -0.43974E-04 -0.78761E-06
        0.0330  0.00000E+00 -0.55440E-04  0.00000E+00 -0.17252E-05  0.00000E+00  0.00000E+00  0.10437E-02  0.91570E-03  0.87690E-03  0.22477E-04  0.74176E-06  0.69274E-05       3  0.88321E-03  0.00000E+00  0.00000E+00  0.23282E-04  0.12114E-05 -0.54091E-04 -0.11589E-05 -0.46788E-04 -0.13959E-05
        0.0499  0.00000E+00 -0.47105E-04  0.00000E+00 -0.25213E-05  0.00000E+00  0.00000E+00  0.10435E-02  0.91570E-03  0.87688E-03  0.22477E-04  0.11216E-05  0.10968E-04       4  0.88321E-03  0.00000E+00  0.00000E+00 -0.37371E-05  0.11482E-05 -0.72870E-04 -0.23905E-05 -0.44852E-04 -0.21539E-05
        0.0719  0.00000E+00 -0.43226E-04  0.00000E+00 -0.34709E-05  0.00000E+00  0.00000E+00  0.10431E-02  0.91570E-03  0.87688E-03  0.22477E-04  0.16155E-05  0.14980E-04       5  0.88321E-03  0.00000E+00  0.00000E+00 -0.39507E-04  0.28024E-06 -0.11314E-03 -0.48761E-05 -0.50702E-04 -0.32678E-05
        0.1004  0.00000E+00 -0.49042E-04  0.00000E+00 -0.48716E-05  0.00000E+00  0.00000E+00  0.10425E-02  0.91570E-03  0.87689E-03  0.22477E-04  0.22574E-05  0.17938E-04       6  0.88321E-03  0.00000E+00  0.00000E+00 -0.10123E-03 -0.26109E-05 -0.19993E-03 -0.10586E-04 -0.74856E-04 -0.54057E-05
        0.1376  0.00000E+00 -0.76958E-04  0.00000E+00 -0.77290E-05  0.00000E+00  0.00000E+00  0.10416E-02  0.91571E-03  0.87693E-03  0.22478E-04  0.30920E-05  0.16827E-04       7  0.88321E-03  0.00000E+00  0.00000E+00 -0.20009E-03 -0.10040E-04 -0.37511E-03 -0.24514E-04 -0.13693E-03 -0.10490E-04
        0.1858  0.00000E+00 -0.14947E-03  0.00000E+00 -0.14944E-04  0.00000E+00  0.00000E+00  0.10403E-02  0.91571E-03  0.87703E-03  0.22478E-04  0.41770E-05  0.56502E-05       8  0.88321E-03  0.00000E+00  0.00000E+00 -0.34648E-03 -0.26764E-04 -0.69535E-03 -0.58077E-04 -0.26786E-03 -0.23419E-04
        0.2358  0.00000E+00 -0.27727E-03  0.00000E+00 -0.28807E-04  0.00000E+00  0.00000E+00  0.10389E-02  0.91572E-03  0.87716E-03  0.22478E-04  0.53009E-05 -0.18032E-04       9  0.88322E-03  0.00000E+00  0.00000E+00 -0.50312E-03 -0.51920E-04 -0.11065E-02 -0.11340E-03 -0.45303E-03 -0.46071E-04
        0.2858  0.00000E+00 -0.44545E-03  0.00000E+00 -0.51080E-04  0.00000E+00  0.00000E+00  0.10378E-02  0.91574E-03  0.87731E-03  0.22479E-04  0.64248E-05 -0.52109E-04      10  0.88322E-03  0.00000E+00  0.00000E+00 -0.62627E-03 -0.83234E-04 -0.15137E-02 -0.18909E-03 -0.65757E-03 -0.78949E-04
        0.3358  0.00000E+00 -0.62609E-03  0.00000E+00 -0.82384E-04  0.00000E+00  0.00000E+00  0.10370E-02  0.91576E-03  0.87744E-03  0.22479E-04  0.75488E-05 -0.92951E-04      11  0.88322E-03  0.00000E+00  0.00000E+00 -0.70561E-03 -0.11851E-03 -0.18639E-02 -0.28228E-03 -0.85424E-03 -0.12166E-03
        0.3858  0.00000E+00 -0.79843E-03  0.00000E+00 -0.12231E-03  0.00000E+00  0.00000E+00  0.10363E-02  0.91578E-03  0.87756E-03  0.22480E-04  0.86728E-05 -0.13853E-03      12  0.88322E-03  0.00000E+00  0.00000E+00 -0.77020E-03 -0.15702E-03 -0.21695E-02 -0.39076E-03 -0.10360E-02 -0.17346E-03
        0.4358  0.00000E+00 -0.95043E-03  0.00000E+00 -0.16983E-03  0.00000E+00  0.00000E+00  0.10359E-02  0.91580E-03  0.87766E-03  0.22480E-04  0.97968E-05 -0.18770E-03      13  0.88322E-03  0.00000E+00  0.00000E+00 -0.81142E-03 -0.19760E-03 -0.24138E-02 -0.51145E-03 -0.11879E-02 -0.23286E-03
        0.4858  0.00000E+00 -0.10728E-02  0.00000E+00 -0.22347E-03  0.00000E+00  0.00000E+00  0.10355E-02  0.91581E-03  0.87773E-03  0.22480E-04  0.10921E-04 -0.23848E-03      14  0.88322E-03  0.00000E+00  0.00000E+00 -0.82857E-03 -0.23902E-03 -0.25798E-02 -0.64044E-03 -0.13035E-02 -0.29803E-03
        0.5358  0.00000E+00 -0.11603E-02  0.00000E+00 -0.28148E-03  0.00000E+00  0.00000E+00  0.10354E-02  0.91582E-03  0.87779E-03  0.22481E-04  0.12045E-04 -0.28896E-03      15  0.88322E-03  0.00000E+00  0.00000E+00 -0.81925E-03 -0.27999E-03 -0.26516E-02 -0.77302E-03 -0.13740E-02 -0.36673E-03
        0.5858  0.00000E+00 -0.12076E-02  0.00000E+00 -0.34186E-03  0.00000E+00  0.00000E+00  0.10355E-02  0.91582E-03  0.87782E-03  0.22481E-04  0.13169E-04 -0.33715E-03      16  0.88322E-03  0.00000E+00  0.00000E+00 -0.78508E-03 -0.31924E-03 -0.26308E-02 -0.90455E-03 -0.13952E-02 -0.43649E-03
        0.6358  0.00000E+00 -0.12128E-02  0.00000E+00 -0.40250E-03  0.00000E+00  0.00000E+00  0.10358E-02  0.91583E-03  0.87783E-03  0.22481E-04  0.14293E-04 -0.38135E-03      17  0.88322E-03  0.00000E+00  0.00000E+00 -0.72778E-03 -0.35563E-03 -0.25201E-02 -0.10306E-02 -0.13677E-02 -0.50488E-03
        0.6858  0.00000E+00 -0.11791E-02  0.00000E+00 -0.46146E-03  0.00000E+00  0.00000E+00  0.10362E-02  0.91582E-03  0.87783E-03  0.22481E-04  0.15417E-04 -0.42018E-03      18  0.88322E-03  0.00000E+00  0.00000E+00 -0.65206E-03 -0.38823E-03 -0.23328E-02 -0.11472E-02 -0.12968E-02 -0.56972E-03
        0.7358  0.00000E+00 -0.11129E-02  0.00000E+00 -0.51710E-03  0.00000E+00  0.00000E+00  0.10367E-02  0.91582E-03  0.87780E-03  0.22481E-04  0.16541E-04 -0.45285E-03      19  0.88322E-03  0.00000E+00  0.00000E+00 -0.56346E-03 -0.41641E-03 -0.20882E-02 -0.12516E-02 -0.11927E-02 -0.62935E-03
        0.7858  0.00000E+00 -0.10067E-02  0.00000E+00 -0.56743E-03  0.00000E+00  0.00000E+00  0.10378E-02  0.91581E-03  0.87776E-03  0.22480E-04  0.17665E-04 -0.47496E-03      20  0.88322E-03  0.00000E+00  0.00000E+00 -0.41075E-03 -0.43694E-03 -0.16958E-02 -0.13364E-02 -0.10247E-02 -0.68059E-03
        0.8358  0.00000E+00 -0.85742E-03  0.00000E+00 -0.61031E-03  0.00000E+00  0.00000E+00  0.10389E-02  0.91580E-03  0.87768E-03  0.22480E-04  0.18789E-04 -0.48532E-03      21  0.88322E-03  0.00000E+00  0.00000E+00 -0.26004E-03 -0.44994E-03 -0.12826E-02 -0.14005E-02 -0.82688E-03 -0.72193E-03
        0.8858  0.00000E+00 -0.68642E-03  0.00000E+00 -0.64463E-03  0.00000E+00  0.00000E+00  0.10400E-02  0.91578E-03  0.87759E-03  0.22479E-04  0.19913E-04 -0.48634E-03      22  0.88322E-03  0.00000E+00  0.00000E+00 -0.12347E-03 -0.45612E-03 -0.88624E-03 -0.14448E-02 -0.62173E-03 -0.75302E-03
        0.9358  0.00000E+00 -0.51680E-03  0.00000E+00 -0.67047E-03  0.00000E+00  0.00000E+00  0.10409E-02  0.91576E-03  0.87750E-03  0.22479E-04  0.21037E-04 -0.48063E-03      23  0.88322E-03  0.00000E+00  0.00000E+00 -0.21574E-04 -0.45720E-03 -0.55922E-03 -0.14728E-02 -0.43662E-03 -0.77485E-03
        0.9679  0.00000E+00 -0.38737E-03  0.00000E+00 -0.68289E-03  0.00000E+00  0.00000E+00  0.10413E-02  0.91575E-03  0.87744E-03  0.22479E-04  0.21758E-04 -0.47494E-03      24  0.88322E-03  0.00000E+00  0.00000E+00  0.27115E-04 -0.45633E-03 -0.39976E-03 -0.14856E-02 -0.33431E-03 -0.78557E-03
        1.0000  0.00000E+00 -0.30122E-03  0.00000E+00 -0.69256E-03  0.00000E+00  0.00000E+00  0.10415E-02  0.91574E-03  0.87738E-03  0.22479E-04  0.22479E-04 -0.46879E-03      25  0.88322E-03  0.00000E+00  0.00000E+00  0.55202E-04 -0.45456E-03 -0.28601E-03 -0.14948E-02 -0.25262E-03 -0.79368E-03
end
