 All solute fluxes and cumulative solute fluxes are positive into the region

       Time         cvTop        cvBot      Sum(cvTop)   Sum(cvBot)     cvCh0        cvCh1         cTop        cRoot         cBot        cvRoot    Sum(cvRoot)  Sum(cvNEql) TLevel      cGWL        cRunOff   Sum(cRunOff)    (cv(i),    Sum(cv(i)), i=1,NObs)
        [T]        [M/L2/T]     [M/L2/T]      [M/L2]       [M/L2]       [M/L2]      [M/L2]        [M/L3]      [M/L3]        [M/L3]      [M/L2/T]      [M/L2]       [M/L2]              [M/L3]        [M/L2]      [M/L3]      [M/L2/T]      [M/L2]
        0.0100  0.00000E+00 -0.10140E-02  0.00000E+00 -0.10140E-04  0.00000E+00  0.00000E+00  0.10605E-02  0.91419E-03  0.88008E-03  0.27987E-04  0.27987E-06  0.51509E-05       1  0.88297E-03  0.00000E+00  0.00000E+00  0.20986E-04  0.20986E-06 -0.15952E-02 -0.15952E-04 -0.14127E-02 -0.14127E-04
        0.0200  0.00000E+00 -0.12620E-02  0.00000E+00 -0.22761E-04  0.00000E+00  0.00000E+00  0.10607E-02  0.91412E-03  0.88013E-03  0.27986E-04  0.55973E-06  0.98025E-05       2  0.88296E-03  0.00000E+00  0.00000E+00  0.18373E-04  0.39360E-06 -0.15219E-02 -0.31172E-04 -0.13596E-02 -0.27722E-04
        0.0330  0.00000E+00 -0.11673E-02  0.00000E+00 -0.37936E-04  0.00000E+00  0.00000E+00  0.10606E-02  0.91414E-03  0.88009E-03  0.27986E-04  0.92355E-06  0.13555E-04       3  0.88296E-03  0.00000E+00  0.00000E+00  0.12866E-04  0.56086E-06 -0.14332E-02 -0.49804E-04 -0.12942E-02 -0.44546E-04
        0.0499  0.00000E+00 -0.11081E-02  0.00000E+00 -0.56663E-04  0.00000E+00  0.00000E+00  0.10605E-02  0.91413E-03  0.88008E-03  0.27986E-04  0.13965E-05  0.18812E-04       4  0.88296E-03  0.00000E+00  0.00000E+00  0.16601E-05  0.58891E-06 -0.13410E-02 -0.72466E-04 -0.12186E-02 -0.65141E-04
        0.0719  0.00000E+00 -0.10835E-02  0.00000E+00 -0.80467E-04  0.00000E+00  0.00000E+00  0.10603E-02  0.91413E-03  0.88008E-03  0.27986E-04  0.20114E-05  0.25207E-04       5  0.88296E-03  0.00000E+00  0.00000E+00 -0.15066E-04  0.25791E-06 -0.12442E-02 -0.99801E-04 -0.11336E-02 -0.90047E-04
        0.1004  0.00000E+00 -0.10779E-02  0.00000E+00 -0.11125E-03  0.00000E+00  0.00000E+00  0.10601E-02  0.91413E-03  0.88009E-03  0.27986E-04  0.28107E-05  0.32546E-04       6  0.88296E-03  0.00000E+00  0.00000E+00 -0.44573E-04 -0.10152E-05 -0.11528E-02 -0.13273E-03 -0.10426E-02 -0.11982E-03
        0.1376  0.00000E+00 -0.10892E-02  0.00000E+00 -0.15169E-03  0.00000E+00  0.00000E+00  0.10596E-02  0.91413E-03  0.88010E-03  0.27986E-04  0.38497E-05  0.39941E-04       7  0.88296E-03  0.00000E+00  0.00000E+00 -0.93968E-04 -0.45041E-05 -0.10767E-02 -0.17270E-03 -0.95215E-03 -0.15518E-03
        0.1858  0.00000E+00 -0.11120E-02  0.00000E+00 -0.20537E-03  0.00000E+00  0.00000E+00  0.10589E-02  0.91412E-03  0.88012E-03  0.27986E-04  0.52005E-05  0.44958E-04       8  0.88296E-03  0.00000E+00  0.00000E+00 -0.17146E-03 -0.12780E-04 -0.10338E-02 -0.22260E-03 -0.87265E-03 -0.19730E-03
        0.2358  0.00000E+00 -0.11381E-02  0.00000E+00 -0.26227E-03  0.00000E+00  0.00000E+00  0.10581E-02  0.91412E-03  0.88013E-03  0.27986E-04  0.65998E-05  0.44424E-04       9  0.88297E-03  0.00000E+00  0.00000E+00 -0.25927E-03 -0.25743E-04 -0.10339E-02 -0.27429E-03 -0.81866E-03 -0.23823E-03
        0.2858  0.00000E+00 -0.11595E-02  0.00000E+00 -0.32025E-03  0.00000E+00  0.00000E+00  0.10575E-02  0.91413E-03  0.88015E-03  0.27986E-04  0.79991E-05  0.39225E-04      10  0.88297E-03  0.00000E+00  0.00000E+00 -0.32490E-03 -0.41989E-04 -0.10551E-02 -0.32705E-03 -0.78443E-03 -0.27745E-03
        0.3358  0.00000E+00 -0.11737E-02  0.00000E+00 -0.37894E-03  0.00000E+00  0.00000E+00  0.10572E-02  0.91413E-03  0.88016E-03  0.27986E-04  0.93984E-05  0.34060E-04      11  0.88297E-03  0.00000E+00  0.00000E+00 -0.35964E-03 -0.59971E-04 -0.10753E-02 -0.38081E-03 -0.75662E-03 -0.31528E-03
        0.3858  0.00000E+00 -0.11806E-02  0.00000E+00 -0.43796E-03  0.00000E+00  0.00000E+00  0.10569E-02  0.91415E-03  0.88017E-03  0.27987E-04  0.10798E-04  0.33029E-04      12  0.88297E-03  0.00000E+00  0.00000E+00 -0.38816E-03 -0.79379E-04 -0.10923E-02 -0.43543E-03 -0.72793E-03 -0.35168E-03
        0.4358  0.00000E+00 -0.11805E-02  0.00000E+00 -0.49699E-03  0.00000E+00  0.00000E+00  0.10567E-02  0.91417E-03  0.88018E-03  0.27987E-04  0.12197E-04  0.35756E-04      13  0.88297E-03  0.00000E+00  0.00000E+00 -0.40746E-03 -0.99752E-04 -0.11008E-02 -0.49047E-03 -0.69892E-03 -0.38663E-03
        0.4858  0.00000E+00 -0.11743E-02  0.00000E+00 -0.55570E-03  0.00000E+00  0.00000E+00  0.10565E-02  0.91418E-03  0.88018E-03  0.27988E-04  0.13596E-04  0.41189E-04      14  0.88297E-03  0.00000E+00  0.00000E+00 -0.41603E-03 -0.12055E-03 -0.10993E-02 -0.54544E-03 -0.67043E-03 -0.42015E-03
        0.5358  0.00000E+00 -0.11629E-02  0.00000E+00 -0.61385E-03  0.00000E+00  0.00000E+00  0.10564E-02  0.91420E-03  0.88019E-03  0.27988E-04  0.14996E-04  0.48206E-04      15  0.88297E-03  0.00000E+00  0.00000E+00 -0.41294E-03 -0.14120E-03 -0.10860E-02 -0.59974E-03 -0.64375E-03 -0.45233E-03
        0.5858  0.00000E+00 -0.11472E-02  0.00000E+00 -0.67121E-03  0.00000E+00  0.00000E+00  0.10565E-02  0.91420E-03  0.88020E-03  0.27988E-04  0.16395E-04  0.55323E-04      16  0.88297E-03  0.00000E+00  0.00000E+00 -0.39859E-03 -0.16113E-03 -0.10606E-02 -0.65277E-03 -0.61944E-03 -0.48331E-03
        0.6358  0.00000E+00 -0.11281E-02  0.00000E+00 -0.72762E-03  0.00000E+00  0.00000E+00  0.10565E-02  0.91420E-03  0.88020E-03  0.27988E-04  0.17795E-04  0.61119E-04      17  0.88297E-03  0.00000E+00  0.00000E+00 -0.37350E-03 -0.17980E-03 -0.10232E-02 -0.70393E-03 -0.59815E-03 -0.51321E-03
        0.6858  0.00000E+00 -0.11063E-02  0.00000E+00 -0.78293E-03  0.00000E+00  0.00000E+00  0.10567E-02  0.91419E-03  0.88020E-03  0.27988E-04  0.19194E-04  0.64176E-04      18  0.88297E-03  0.00000E+00  0.00000E+00 -0.34161E-03 -0.19689E-03 -0.97568E-03 -0.75271E-03 -0.58030E-03 -0.54223E-03
        0.7358  0.00000E+00 -0.10826E-02  0.00000E+00 -0.83706E-03  0.00000E+00  0.00000E+00  0.10569E-02  0.91418E-03  0.88020E-03  0.27988E-04  0.20594E-04  0.63397E-04      19  0.88297E-03  0.00000E+00  0.00000E+00 -0.30407E-03 -0.21209E-03 -0.92133E-03 -0.79878E-03 -0.56615E-03 -0.57054E-03
        0.7858  0.00000E+00 -0.10577E-02  0.00000E+00 -0.88995E-03  0.00000E+00  0.00000E+00  0.10575E-02  0.91417E-03  0.88021E-03  0.27987E-04  0.21993E-04  0.60739E-04      20  0.88297E-03  0.00000E+00  0.00000E+00 -0.21603E-03 -0.22289E-03 -0.83686E-03 -0.84062E-03 -0.55087E-03 -0.59808E-03
        0.8358  0.00000E+00 -0.10322E-02  0.00000E+00 -0.94156E-03  0.00000E+00  0.00000E+00  0.10582E-02  0.91415E-03  0.88021E-03  0.27987E-04  0.23392E-04  0.62318E-04      21  0.88297E-03  0.00000E+00  0.00000E+00 -0.13170E-03 -0.22947E-03 -0.73810E-03 -0.87753E-03 -0.52410E-03 -0.62429E-03
        0.8858  0.00000E+00 -0.10067E-02  0.00000E+00 -0.99190E-03  0.00000E+00  0.00000E+00  0.10587E-02  0.91416E-03  0.88021E-03  0.27987E-04  0.24792E-04  0.68008E-04      22  0.88297E-03  0.00000E+00  0.00000E+00 -0.59401E-04 -0.23244E-03 -0.63363E-03 -0.90921E-03 -0.49057E-03 -0.64881E-03
        0.9358  0.00000E+00 -0.98136E-03  0.00000E+00 -0.10410E-02  0.00000E+00  0.00000E+00  0.10591E-02  0.91414E-03  0.88021E-03  0.27986E-04  0.26191E-04  0.75935E-04      23  0.88297E-03  0.00000E+00  0.00000E+00 -0.80043E-05 -0.23285E-03 -0.53701E-03 -0.93606E-03 -0.45339E-03 -0.67148E-03
        0.9679  0.00000E+00 -0.96098E-03  0.00000E+00 -0.10718E-02  0.00000E+00  0.00000E+00  0.10593E-02  0.91415E-03  0.88021E-03  0.27986E-04  0.27089E-04  0.81836E-04      24  0.88297E-03  0.00000E+00  0.00000E+00  0.13989E-04 -0.23240E-03 -0.48017E-03 -0.95147E-03 -0.42934E-03 -0.68526E-03
        1.0000  0.00000E+00 -0.94530E-03  0.00000E+00 -0.11021E-02  0.00000E+00  0.00000E+00  0.10594E-02  0.91414E-03  0.88021E-03  0.27986E-04  0.27987E-04  0.87635E-04      25  0.88297E-03  0.00000E+00  0.00000E+00  0.22569E-04 -0.23167E-03 -0.43516E-03 -0.96543E-03 -0.40625E-03 -0.69829E-03
end
