 All solute fluxes and cumulative solute fluxes are positive into the region

       Time         cvTop        cvBot      Sum(cvTop)   Sum(cvBot)     cvCh0        cvCh1         cTop        cRoot         cBot        cvRoot    Sum(cvRoot)  Sum(cvNEql) TLevel      cGWL        cRunOff   Sum(cRunOff)    (cv(i),    Sum(cv(i)), i=1,NObs)
        [T]        [M/L2/T]     [M/L2/T]      [M/L2]       [M/L2]       [M/L2]      [M/L2]        [M/L3]      [M/L3]        [M/L3]      [M/L2/T]      [M/L2]       [M/L2]              [M/L3]        [M/L2]      [M/L3]      [M/L2/T]      [M/L2]
        0.0100  0.00000E+00 -0.31870E-04  0.00000E+00 -0.31870E-06  0.00000E+00  0.00000E+00  0.10213E-02  0.91363E-03  0.87362E-03  0.80942E-04  0.80942E-06 -0.64064E-05       1  0.88309E-03  0.00000E+00  0.00000E+00  0.29596E-04  0.29596E-06 -0.64162E-03 -0.64162E-05 -0.41234E-03 -0.41234E-05
        0.0230  0.00000E+00  0.00000E+00  0.00000E+00 -0.31870E-06  0.00000E+00  0.00000E+00  0.10211E-02  0.91362E-03  0.87118E-03  0.80942E-04  0.18617E-05 -0.13811E-04       2  0.88306E-03  0.00000E+00  0.00000E+00  0.29400E-04  0.67816E-06 -0.60068E-03 -0.14225E-04 -0.39293E-03 -0.92315E-05
        0.0399  0.00000E+00  0.00000E+00  0.00000E+00 -0.31870E-06  0.00000E+00  0.00000E+00  0.10212E-02  0.91362E-03  0.87260E-03  0.80942E-04  0.32296E-05 -0.20890E-04       3  0.88309E-03  0.00000E+00  0.00000E+00  0.29074E-04  0.11695E-05 -0.54770E-03 -0.23481E-04 -0.36614E-03 -0.15419E-04
        0.0619  0.00000E+00  0.00000E+00  0.00000E+00 -0.31870E-06  0.00000E+00  0.00000E+00  0.10212E-02  0.91362E-03  0.87292E-03  0.80942E-04  0.50079E-05 -0.27599E-04       4  0.88309E-03  0.00000E+00  0.00000E+00  0.28429E-04  0.17941E-05 -0.49383E-03 -0.34330E-04 -0.33633E-03 -0.22808E-04
        0.0904  0.00000E+00  0.00000E+00  0.00000E+00 -0.31870E-06  0.00000E+00  0.00000E+00  0.10212E-02  0.91362E-03  0.87352E-03  0.80942E-04  0.73196E-05 -0.33875E-04       5  0.88310E-03  0.00000E+00  0.00000E+00  0.27194E-04  0.25708E-05 -0.43534E-03 -0.46764E-04 -0.30184E-03 -0.31429E-04
        0.1276  0.00000E+00  0.00000E+00  0.00000E+00 -0.31870E-06  0.00000E+00  0.00000E+00  0.10211E-02  0.91362E-03  0.87394E-03  0.80942E-04  0.10325E-04 -0.39039E-04       6  0.88311E-03  0.00000E+00  0.00000E+00  0.24955E-04  0.34973E-05 -0.37655E-03 -0.60745E-04 -0.26424E-03 -0.41241E-04
        0.1758  0.00000E+00  0.00000E+00  0.00000E+00 -0.31870E-06  0.00000E+00  0.00000E+00  0.10211E-02  0.91362E-03  0.87443E-03  0.80942E-04  0.14232E-04 -0.42586E-04       7  0.88312E-03  0.00000E+00  0.00000E+00  0.21233E-04  0.45222E-05 -0.31743E-03 -0.76067E-04 -0.22407E-03 -0.52056E-04
        0.2258  0.00000E+00  0.00000E+00  0.00000E+00 -0.31870E-06  0.00000E+00  0.00000E+00  0.10211E-02  0.91362E-03  0.87477E-03  0.80941E-04  0.18279E-04 -0.43725E-04       8  0.88312E-03  0.00000E+00  0.00000E+00  0.16725E-04  0.53585E-05 -0.26854E-03 -0.89494E-04 -0.18970E-03 -0.61541E-04
        0.2758  0.00000E+00 -0.12311E-04  0.00000E+00 -0.93425E-06  0.00000E+00  0.00000E+00  0.10212E-02  0.91362E-03  0.88046E-03  0.80941E-04  0.22326E-04 -0.28597E-04       9  0.88318E-03  0.00000E+00  0.00000E+00  0.32243E-04  0.69706E-05 -0.22393E-03 -0.10069E-03 -0.16050E-03 -0.69566E-04
        0.3258  0.00000E+00 -0.38722E-04  0.00000E+00 -0.28704E-05  0.00000E+00  0.00000E+00  0.10219E-02  0.91362E-03  0.88012E-03  0.80942E-04  0.26373E-04  0.16581E-05      10  0.88317E-03  0.00000E+00  0.00000E+00  0.10650E-03  0.12296E-04 -0.16339E-03 -0.10886E-03 -0.12945E-03 -0.76039E-04
        0.3758  0.00000E+00 -0.62659E-04  0.00000E+00 -0.60033E-05  0.00000E+00  0.00000E+00  0.10227E-02  0.91363E-03  0.88037E-03  0.80943E-04  0.30420E-04  0.39485E-04      11  0.88318E-03  0.00000E+00  0.00000E+00  0.16638E-03  0.20615E-04 -0.95550E-04 -0.11364E-03 -0.88896E-04 -0.80484E-04
        0.4258  0.00000E+00 -0.78714E-04  0.00000E+00 -0.99390E-05  0.00000E+00  0.00000E+00  0.10231E-02  0.91365E-03  0.88021E-03  0.80945E-04  0.34467E-04  0.85403E-04      12  0.88317E-03  0.00000E+00  0.00000E+00  0.20854E-03  0.31042E-04 -0.26391E-04 -0.11496E-03 -0.44399E-04 -0.82704E-04
        0.4758  0.00000E+00 -0.87956E-04  0.00000E+00 -0.14337E-04  0.00000E+00  0.00000E+00  0.10235E-02  0.91366E-03  0.88033E-03  0.80946E-04  0.38515E-04  0.13525E-03      13  0.88318E-03  0.00000E+00  0.00000E+00  0.22931E-03  0.42507E-04 -0.13791E-04 -0.11565E-03  0.57117E-06 -0.82675E-04
        0.5258  0.00000E+00 -0.91169E-04  0.00000E+00 -0.18895E-04  0.00000E+00  0.00000E+00  0.10235E-02  0.91367E-03  0.88025E-03  0.80947E-04  0.42562E-04  0.18721E-03      14  0.88317E-03  0.00000E+00  0.00000E+00  0.22840E-03  0.53927E-04 -0.15097E-04 -0.11640E-03  0.39647E-04 -0.80693E-04
        0.5758  0.00000E+00 -0.89027E-04  0.00000E+00 -0.23347E-04  0.00000E+00  0.00000E+00  0.10234E-02  0.91367E-03  0.88031E-03  0.80947E-04  0.46609E-04  0.23707E-03      15  0.88318E-03  0.00000E+00  0.00000E+00  0.20546E-03  0.64200E-04 -0.16022E-04 -0.11720E-03  0.71060E-04 -0.77140E-04
        0.6258  0.00000E+00 -0.82411E-04  0.00000E+00 -0.27467E-04  0.00000E+00  0.00000E+00  0.10230E-02  0.91368E-03  0.88026E-03  0.80947E-04  0.50657E-04  0.28236E-03      16  0.88317E-03  0.00000E+00  0.00000E+00  0.16243E-03  0.72322E-04 -0.16397E-04 -0.11802E-03  0.92311E-04 -0.72524E-04
        0.6758  0.00000E+00 -0.72389E-04  0.00000E+00 -0.31087E-04  0.00000E+00  0.00000E+00  0.10225E-02  0.91367E-03  0.88029E-03  0.80946E-04  0.54704E-04  0.31973E-03      17  0.88318E-03  0.00000E+00  0.00000E+00  0.10199E-03  0.77421E-04 -0.16350E-04 -0.11884E-03  0.10192E-03 -0.67428E-04
        0.7258  0.00000E+00 -0.60130E-04  0.00000E+00 -0.34093E-04  0.00000E+00  0.00000E+00  0.10217E-02  0.91365E-03  0.88026E-03  0.80945E-04  0.58751E-04  0.34753E-03      18  0.88317E-03  0.00000E+00  0.00000E+00  0.28649E-04  0.78854E-04 -0.15734E-04 -0.11963E-03  0.98802E-04 -0.62488E-04
        0.7758  0.00000E+00 -0.46994E-04  0.00000E+00 -0.36443E-04  0.00000E+00  0.00000E+00  0.10215E-02  0.91364E-03  0.88028E-03  0.80943E-04  0.62799E-04  0.36626E-03      19  0.88318E-03  0.00000E+00  0.00000E+00  0.16252E-04  0.79666E-04 -0.15254E-04 -0.12039E-03  0.86406E-04 -0.58168E-04
        0.8258  0.00000E+00 -0.33957E-04  0.00000E+00 -0.38141E-04  0.00000E+00  0.00000E+00  0.10216E-02  0.91362E-03  0.88026E-03  0.80942E-04  0.66846E-04  0.38252E-03      20  0.88317E-03  0.00000E+00  0.00000E+00  0.20606E-04  0.80696E-04 -0.14873E-04 -0.12113E-03  0.75478E-04 -0.54394E-04
        0.8758  0.00000E+00 -0.21795E-04  0.00000E+00 -0.39230E-04  0.00000E+00  0.00000E+00  0.10217E-02  0.91363E-03  0.88026E-03  0.80942E-04  0.70893E-04  0.39857E-03      21  0.88318E-03  0.00000E+00  0.00000E+00  0.24330E-04  0.81913E-04 -0.14615E-04 -0.12186E-03  0.66687E-04 -0.51059E-04
        0.9258  0.00000E+00 -0.10995E-04  0.00000E+00 -0.39780E-04  0.00000E+00  0.00000E+00  0.10217E-02  0.91362E-03  0.88025E-03  0.80942E-04  0.74940E-04  0.41405E-03      22  0.88317E-03  0.00000E+00  0.00000E+00  0.26997E-04  0.83263E-04 -0.14412E-04 -0.12258E-03  0.60159E-04 -0.48052E-04
        0.9629  0.00000E+00 -0.29679E-05  0.00000E+00 -0.39890E-04  0.00000E+00  0.00000E+00  0.10217E-02  0.91363E-03  0.87512E-03  0.80942E-04  0.77942E-04  0.41508E-03      23  0.88312E-03  0.00000E+00  0.00000E+00  0.28163E-04  0.84307E-04 -0.14289E-04 -0.12311E-03  0.56184E-04 -0.45968E-04
        1.0000  0.00000E+00  0.00000E+00  0.00000E+00 -0.39890E-04  0.00000E+00  0.00000E+00  0.10217E-02  0.91362E-03  0.87760E-03  0.80942E-04  0.80944E-04  0.41262E-03      24  0.88316E-03  0.00000E+00  0.00000E+00  0.28548E-04  0.85366E-04 -0.14183E-04 -0.12364E-03  0.53064E-04 -0.44000E-04
end
