 ******* Program HYDRUS
 ******* 
 Welcome to HYDRUS-1D                                                    
 Date:  29. 3.2022    Time:  17:27: 5
 Units: L = cm   , T = days , M = mg   


 Time:        0.0000


 Node      Depth      Head Moisture       K          C         Flux        Sink         Kappa   v/KsTop   Temp   Conc(1..NS) Sorb(1...NS)
           [L]        [L]    [-]        [L/T]      [1/L]      [L/T]        [1/T]         [-]      [-]      [C]      [M/L*3]

   1     0.0000    -241.171 0.2717   0.7733E+00  0.3317E-03  0.1708E+00  0.0000E+00      -1   0.393E-02   20.00  0.1058E-02  0.1267E+00
   2    -3.0000    -237.526 0.2730   0.8153E+00  0.3361E-03  0.1780E+00  0.0000E+00      -1   0.409E-02   20.00  0.1060E-02  0.1271E+00
   3    -6.0000    -233.862 0.2744   0.8576E+00  0.3406E-03  0.1901E+00  0.0000E+00      -1   0.437E-02   20.00  0.1062E-02  0.1274E+00
   4    -9.0000    -230.196 0.2757   0.8998E+00  0.3450E-03  0.2002E+00  0.1302E-02      -1   0.461E-02   20.00  0.1062E-02  0.1274E+00
   5   -12.0000    -226.527 0.2770   0.9421E+00  0.3494E-03  0.2077E+00  0.8149E-03      -1   0.478E-02   20.00  0.1061E-02  0.1273E+00
   6   -15.0000    -222.873 0.2783   0.9842E+00  0.3539E-03  0.2085E+00  0.0000E+00      -1   0.480E-02   20.00  0.1056E-02  0.1267E+00
   7   -18.0000    -219.255 0.2796   0.1026E+01  0.3582E-03  0.2042E+00  0.0000E+00      -1   0.470E-02   20.00  0.1024E-02  0.1232E+00
   8   -21.0000    -215.678 0.2809   0.1067E+01  0.3626E-03  0.1965E+00  0.0000E+00      -1   0.452E-02   20.00  0.9222E-03  0.1103E+00
   9   -24.0000    -212.149 0.2822   0.1108E+01  0.3669E-03  0.1855E+00  0.0000E+00      -1   0.427E-02   20.00  0.8895E-03  0.1067E+00
  10   -27.0000    -208.672 0.2834   0.1148E+01  0.3711E-03  0.1720E+00  0.0000E+00      -1   0.396E-02   20.00  0.8845E-03  0.1061E+00
  11   -30.0000    -205.249 0.2847   0.1187E+01  0.3752E-03  0.1565E+00  0.0000E+00      -1   0.360E-02   20.00  0.8841E-03  0.1061E+00
  12   -33.0000    -201.880 0.2859   0.1226E+01  0.3793E-03  0.1392E+00  0.0000E+00      -1   0.320E-02   20.00  0.8835E-03  0.1060E+00
  13   -36.0000    -198.567 0.2871   0.1264E+01  0.3833E-03  0.1199E+00  0.0000E+00      -1   0.276E-02   20.00  0.8834E-03  0.1060E+00
  14   -39.0000    -195.310 0.2882   0.1302E+01  0.3873E-03  0.9963E-01  0.0000E+00      -1   0.229E-02   20.00  0.8834E-03  0.1060E+00
  15   -42.0000    -192.107 0.2894   0.1339E+01  0.3911E-03  0.7669E-01  0.0000E+00      -1   0.176E-02   20.00  0.8834E-03  0.1060E+00
  16   -45.0000    -188.967 0.2907   0.1405E+01  0.3952E-03  0.5121E-01  0.0000E+00      -1   0.118E-02   20.00  0.8834E-03  0.1060E+00
  17   -48.0000    -185.887 0.2920   0.1474E+01  0.3992E-03  0.2497E-01  0.0000E+00      -1   0.575E-03   20.00  0.8834E-03  0.1060E+00
  18   -51.0000    -182.864 0.2932   0.1541E+01  0.4031E-03 -0.1833E-02  0.0000E+00      -1  -0.422E-04   20.00  0.8834E-03  0.1060E+00
  19   -54.0000    -179.893 0.2945   0.1608E+01  0.4070E-03 -0.2866E-01  0.0000E+00      -1  -0.659E-03   20.00  0.8834E-03  0.1060E+00
  20   -57.0000    -176.970 0.2957   0.1673E+01  0.4108E-03 -0.5571E-01  0.0000E+00      -1  -0.128E-02   20.00  0.8833E-03  0.1060E+00
  21   -60.0000    -174.092 0.2969   0.1737E+01  0.4145E-03 -0.8270E-01  0.0000E+00      -1  -0.190E-02   20.00  0.8834E-03  0.1060E+00
  22   -63.0000    -171.255 0.2981   0.1800E+01  0.4182E-03 -0.1097E+00  0.0000E+00      -1  -0.252E-02   20.00  0.8833E-03  0.1060E+00
  23   -66.0000    -168.457 0.2993   0.1862E+01  0.4219E-03 -0.1364E+00  0.0000E+00      -1  -0.314E-02   20.00  0.8833E-03  0.1060E+00
  24   -69.0000    -165.694 0.3004   0.1924E+01  0.4255E-03 -0.1624E+00  0.0000E+00      -1  -0.374E-02   20.00  0.8833E-03  0.1060E+00
  25   -72.0000    -162.963 0.3016   0.1985E+01  0.4290E-03 -0.1884E+00  0.0000E+00      -1  -0.433E-02   20.00  0.8833E-03  0.1060E+00
  26   -75.0000    -160.263 0.3027   0.2045E+01  0.4325E-03 -0.2138E+00  0.0000E+00      -1  -0.492E-02   20.00  0.8833E-03  0.1060E+00
  27   -78.0000    -157.590 0.3038   0.2104E+01  0.4360E-03 -0.2390E+00  0.0000E+00      -1  -0.550E-02   20.00  0.8833E-03  0.1060E+00
  28   -81.0000    -154.944 0.3049   0.2163E+01  0.4395E-03 -0.2637E+00  0.0000E+00      -1  -0.607E-02   20.00  0.8833E-03  0.1060E+00
  29   -84.0000    -152.321 0.3060   0.2222E+01  0.4429E-03 -0.2888E+00  0.0000E+00      -1  -0.664E-02   20.00  0.8833E-03  0.1060E+00
  30   -87.0000    -149.720 0.3072   0.2320E+01  0.4459E-03 -0.3150E+00  0.0000E+00      -1  -0.725E-02   20.00  0.8833E-03  0.1060E+00
  31   -90.0000    -147.135 0.3084   0.2423E+01  0.4489E-03 -0.3405E+00  0.0000E+00      -1  -0.783E-02   20.00  0.8833E-03  0.1060E+00
  32   -93.0000    -144.563 0.3096   0.2525E+01  0.4519E-03 -0.3650E+00  0.0000E+00      -1  -0.840E-02   20.00  0.8833E-03  0.1060E+00
  33   -96.0000    -142.002 0.3107   0.2627E+01  0.4549E-03 -0.3889E+00  0.0000E+00      -1  -0.895E-02   20.00  0.8833E-03  0.1060E+00
  34   -99.0000    -139.451 0.3119   0.2729E+01  0.4578E-03 -0.4117E+00  0.0000E+00      -1  -0.947E-02   20.00  0.8833E-03  0.1060E+00
  35  -102.0000    -136.907 0.3131   0.2830E+01  0.4607E-03 -0.4340E+00  0.0000E+00      -1  -0.999E-02   20.00  0.8833E-03  0.1060E+00
  36  -105.0000    -134.371 0.3143   0.2931E+01  0.4637E-03 -0.4559E+00  0.0000E+00      -1  -0.105E-01   20.00  0.8833E-03  0.1060E+00
  37  -108.0000    -131.840 0.3154   0.3032E+01  0.4666E-03 -0.4771E+00  0.0000E+00      -1  -0.110E-01   20.00  0.8833E-03  0.1060E+00
  38  -111.0000    -129.315 0.3166   0.3133E+01  0.4695E-03 -0.4971E+00  0.0000E+00      -1  -0.114E-01   20.00  0.8833E-03  0.1060E+00
  39  -114.0000    -126.792 0.3178   0.3233E+01  0.4724E-03 -0.5163E+00  0.0000E+00      -1  -0.119E-01   20.00  0.8833E-03  0.1060E+00
  40  -117.0000    -124.273 0.3189   0.3334E+01  0.4754E-03 -0.5356E+00  0.0000E+00      -1  -0.123E-01   20.00  0.8833E-03  0.1060E+00
  41  -120.0000    -121.756 0.3201   0.3434E+01  0.4783E-03 -0.5542E+00  0.0000E+00      -1  -0.128E-01   20.00  0.8833E-03  0.1060E+00
  42  -123.0000    -119.239 0.3213   0.3566E+01  0.4806E-03 -0.5719E+00  0.0000E+00      -1  -0.132E-01   20.00  0.8833E-03  0.1060E+00
  43  -126.0000    -116.716 0.3225   0.3732E+01  0.4824E-03 -0.5897E+00  0.0000E+00      -1  -0.136E-01   20.00  0.8833E-03  0.1060E+00
  44  -129.0000    -114.187 0.3238   0.3899E+01  0.4842E-03 -0.6069E+00  0.0000E+00      -1  -0.140E-01   20.00  0.8833E-03  0.1060E+00
  45  -132.0000    -111.650 0.3250   0.4067E+01  0.4860E-03 -0.6235E+00  0.0000E+00      -1  -0.143E-01   20.00  0.8833E-03  0.1060E+00
  46  -135.0000    -109.107 0.3263   0.4234E+01  0.4878E-03 -0.6393E+00  0.0000E+00      -1  -0.147E-01   20.00  0.8833E-03  0.1060E+00
  47  -138.0000    -106.556 0.3275   0.4403E+01  0.4896E-03 -0.6537E+00  0.0000E+00      -1  -0.150E-01   20.00  0.8833E-03  0.1060E+00
  48  -141.0000    -103.998 0.3288   0.4572E+01  0.4915E-03 -0.6681E+00  0.0000E+00      -1  -0.154E-01   20.00  0.8833E-03  0.1060E+00
  49  -144.0000    -101.433 0.3300   0.4741E+01  0.4933E-03 -0.6818E+00  0.0000E+00      -1  -0.157E-01   20.00  0.8833E-03  0.1060E+00
  50  -147.0000     -98.861 0.3313   0.4910E+01  0.4951E-03 -0.6956E+00  0.0000E+00      -1  -0.160E-01   20.00  0.8833E-03  0.1060E+00
  51  -150.0000     -96.283 0.3326   0.5081E+01  0.4969E-03 -0.7082E+00  0.0000E+00      -1  -0.163E-01   20.00  0.8833E-03  0.1060E+00
  52  -153.0000     -93.695 0.3338   0.5314E+01  0.4974E-03 -0.7200E+00  0.0000E+00      -1  -0.166E-01   20.00  0.8833E-03  0.1060E+00
  53  -156.0000     -91.095 0.3351   0.5578E+01  0.4973E-03 -0.7314E+00  0.0000E+00      -1  -0.168E-01   20.00  0.8833E-03  0.1060E+00
  54  -159.0000     -88.482 0.3364   0.5844E+01  0.4972E-03 -0.7419E+00  0.0000E+00      -1  -0.171E-01   20.00  0.8833E-03  0.1060E+00
  55  -162.0000     -85.857 0.3377   0.6110E+01  0.4971E-03 -0.7534E+00  0.0000E+00      -1  -0.173E-01   20.00  0.8833E-03  0.1060E+00
  56  -165.0000     -83.222 0.3391   0.6378E+01  0.4970E-03 -0.7630E+00  0.0000E+00      -1  -0.176E-01   20.00  0.8833E-03  0.1060E+00
  57  -168.0000     -80.575 0.3404   0.6647E+01  0.4968E-03 -0.7720E+00  0.0000E+00      -1  -0.178E-01   20.00  0.8833E-03  0.1060E+00
  58  -171.0000     -77.919 0.3417   0.6917E+01  0.4967E-03 -0.7819E+00  0.0000E+00      -1  -0.180E-01   20.00  0.8833E-03  0.1060E+00
  59  -174.0000     -75.253 0.3430   0.7206E+01  0.4962E-03 -0.7903E+00  0.0000E+00      -1  -0.182E-01   20.00  0.8833E-03  0.1060E+00
  60  -177.0000     -72.575 0.3443   0.7599E+01  0.4934E-03 -0.7974E+00  0.0000E+00      -1  -0.183E-01   20.00  0.8833E-03  0.1060E+00
  61  -180.0000     -69.883 0.3457   0.7994E+01  0.4905E-03 -0.8057E+00  0.0000E+00      -1  -0.185E-01   20.00  0.8833E-03  0.1060E+00
  62  -183.0000     -67.180 0.3470   0.8390E+01  0.4877E-03 -0.8121E+00  0.0000E+00      -1  -0.187E-01   20.00  0.8833E-03  0.1060E+00
  63  -186.0000     -64.464 0.3483   0.8789E+01  0.4848E-03 -0.8185E+00  0.0000E+00      -1  -0.188E-01   20.00  0.8833E-03  0.1060E+00
  64  -189.0000     -61.739 0.3496   0.9189E+01  0.4819E-03 -0.8262E+00  0.0000E+00      -1  -0.190E-01   20.00  0.8833E-03  0.1060E+00
  65  -192.0000     -59.003 0.3510   0.9641E+01  0.4779E-03 -0.8307E+00  0.0000E+00      -1  -0.191E-01   20.00  0.8833E-03  0.1060E+00
  66  -195.0000     -56.255 0.3522   0.1019E+02  0.4718E-03 -0.8353E+00  0.0000E+00      -1  -0.192E-01   20.00  0.8833E-03  0.1060E+00
  67  -198.0000     -53.495 0.3535   0.1075E+02  0.4656E-03 -0.8413E+00  0.0000E+00      -1  -0.194E-01   20.00  0.8833E-03  0.1060E+00
  68  -201.0000     -50.725 0.3548   0.1130E+02  0.4594E-03 -0.8472E+00  0.0000E+00      -1  -0.195E-01   20.00  0.8833E-03  0.1060E+00
  69  -204.0000     -47.945 0.3561   0.1186E+02  0.4532E-03 -0.8500E+00  0.0000E+00      -1  -0.196E-01   20.00  0.8833E-03  0.1060E+00
  70  -207.0000     -45.154 0.3574   0.1256E+02  0.4439E-03 -0.8543E+00  0.0000E+00      -1  -0.197E-01   20.00  0.8833E-03  0.1060E+00
  71  -210.0000     -42.353 0.3586   0.1330E+02  0.4341E-03 -0.8595E+00  0.0000E+00      -1  -0.198E-01   20.00  0.8833E-03  0.1060E+00
  72  -213.0000     -39.542 0.3598   0.1404E+02  0.4242E-03 -0.8613E+00  0.0000E+00      -1  -0.198E-01   20.00  0.8833E-03  0.1060E+00
  73  -216.0000     -36.721 0.3610   0.1484E+02  0.4130E-03 -0.8619E+00  0.0000E+00      -1  -0.198E-01   20.00  0.8833E-03  0.1060E+00
  74  -219.0000     -33.890 0.3621   0.1578E+02  0.3994E-03 -0.8672E+00  0.0000E+00      -1  -0.200E-01   20.00  0.8833E-03  0.1060E+00
  75  -222.0000     -31.051 0.3633   0.1672E+02  0.3856E-03 -0.8701E+00  0.0000E+00      -1  -0.200E-01   20.00  0.8833E-03  0.1060E+00
  76  -225.0000     -28.202 0.3643   0.1778E+02  0.3697E-03 -0.8717E+00  0.0000E+00      -1  -0.201E-01   20.00  0.8833E-03  0.1060E+00
  77  -228.0000     -25.345 0.3654   0.1894E+02  0.3521E-03 -0.8747E+00  0.0000E+00      -1  -0.201E-01   20.00  0.8833E-03  0.1060E+00
  78  -231.0000     -22.479 0.3664   0.2020E+02  0.3329E-03 -0.8760E+00  0.0000E+00      -1  -0.202E-01   20.00  0.8833E-03  0.1060E+00
  79  -234.0000     -19.605 0.3673   0.2160E+02  0.3114E-03 -0.8755E+00  0.0000E+00      -1  -0.201E-01   20.00  0.8833E-03  0.1060E+00
  80  -237.0000     -16.722 0.3682   0.2318E+02  0.2871E-03 -0.8778E+00  0.0000E+00      -1  -0.202E-01   20.00  0.8833E-03  0.1060E+00
  81  -240.0000     -13.832 0.3690   0.2494E+02  0.2602E-03 -0.8781E+00  0.0000E+00      -1  -0.202E-01   20.00  0.8833E-03  0.1060E+00
  82  -243.0000     -10.933 0.3697   0.2697E+02  0.2294E-03 -0.8782E+00  0.0000E+00      -1  -0.202E-01   20.00  0.8833E-03  0.1060E+00
  83  -246.0000      -8.027 0.3703   0.2936E+02  0.1937E-03 -0.8834E+00  0.0000E+00      -1  -0.203E-01   20.00  0.8833E-03  0.1060E+00
  84  -249.0000      -5.113 0.3708   0.3232E+02  0.1506E-03 -0.8831E+00  0.0000E+00      -1  -0.203E-01   20.00  0.8833E-03  0.1060E+00
  85  -252.0000      -2.190 0.3712   0.3640E+02  0.9318E-04 -0.8803E+00  0.0000E+00      -1  -0.203E-01   20.00  0.8833E-03  0.1060E+00
  86  -255.0000       0.744 0.3713   0.4346E+02  0.0000E+00 -0.8811E+00  0.0000E+00      -1  -0.203E-01   20.00  0.8833E-03  0.1060E+00
  87  -258.0000       3.683 0.3713   0.4346E+02  0.0000E+00 -0.8837E+00  0.0000E+00      -1  -0.203E-01   20.00  0.8833E-03  0.1060E+00
  88  -261.0000       6.622 0.3713   0.4346E+02  0.0000E+00 -0.8837E+00  0.0000E+00      -1  -0.203E-01   20.00  0.8833E-03  0.1060E+00
  89  -264.0000       9.561 0.3713   0.4346E+02  0.0000E+00 -0.8837E+00  0.0000E+00      -1  -0.203E-01   20.00  0.8833E-03  0.1060E+00
  90  -267.0000      12.500 0.3713   0.4346E+02  0.0000E+00 -0.8837E+00  0.0000E+00      -1  -0.203E-01   20.00  0.8833E-03  0.1060E+00
  91  -270.0000      15.439 0.3713   0.4346E+02  0.0000E+00 -0.8765E+00  0.0000E+00      -1  -0.202E-01   20.00  0.8833E-03  0.1060E+00
  92  -273.0000      18.379 0.3713   0.4346E+02  0.0000E+00 -0.8765E+00  0.0000E+00      -1  -0.202E-01   20.00  0.8833E-03  0.1060E+00
  93  -276.0000      21.318 0.3713   0.4346E+02  0.0000E+00 -0.8837E+00  0.0000E+00      -1  -0.203E-01   20.00  0.8833E-03  0.1060E+00
  94  -279.0000      24.257 0.3713   0.4346E+02  0.0000E+00 -0.8837E+00  0.0000E+00      -1  -0.203E-01   20.00  0.8833E-03  0.1060E+00
  95  -282.0000      27.196 0.3713   0.4346E+02  0.0000E+00 -0.8837E+00  0.0000E+00      -1  -0.203E-01   20.00  0.8833E-03  0.1060E+00
  96  -285.0000      30.135 0.3713   0.4346E+02  0.0000E+00 -0.8837E+00  0.0000E+00      -1  -0.203E-01   20.00  0.8833E-03  0.1060E+00
  97  -288.0000      33.074 0.3713   0.4346E+02  0.0000E+00 -0.8837E+00  0.0000E+00      -1  -0.203E-01   20.00  0.8833E-03  0.1060E+00
  98  -291.0000      36.013 0.3713   0.4346E+02  0.0000E+00 -0.8765E+00  0.0000E+00      -1  -0.202E-01   20.00  0.8832E-03  0.1060E+00
  99  -294.0000      38.953 0.3713   0.4346E+02  0.0000E+00 -0.8765E+00  0.0000E+00      -1  -0.202E-01   20.00  0.8825E-03  0.1059E+00
 100  -297.0000      41.892 0.3713   0.4346E+02  0.0000E+00 -0.8837E+00  0.0000E+00      -1  -0.203E-01   20.00  0.8817E-03  0.1058E+00
 101  -300.0000      44.831 0.3713   0.4346E+02  0.0000E+00 -0.8837E+00  0.0000E+00      -1  -0.203E-01   20.00  0.8817E-03  0.1057E+00
end


 Time:        1.0000


 Node      Depth      Head Moisture       K          C         Flux        Sink         Kappa   v/KsTop   Temp   Conc(1..NS) Sorb(1...NS)
           [L]        [L]    [-]        [L/T]      [1/L]      [L/T]        [1/T]         [-]      [-]      [C]      [M/L*3]

   1     0.0000    -197.911 0.2873   0.1271E+01  0.3840E-03  0.1314E+00  0.0000E+00      -1   0.302E-02   20.00  0.1053E-02  0.1262E+00
   2    -3.0000    -194.733 0.2884   0.1308E+01  0.3879E-03  0.2353E-01  0.0000E+00      -1   0.541E-03   20.00  0.1058E-02  0.1271E+00
   3    -6.0000    -191.799 0.2895   0.1342E+01  0.3914E-03 -0.8677E-01  0.0000E+00      -1  -0.200E-02   20.00  0.1062E-02  0.1274E+00
   4    -9.0000    -189.115 0.2906   0.1401E+01  0.3949E-03 -0.1958E+00  0.1316E-02      -1  -0.451E-02   20.00  0.1062E-02  0.1274E+00
   5   -12.0000    -186.634 0.2917   0.1457E+01  0.3982E-03 -0.2962E+00  0.8229E-03      -1  -0.682E-02   20.00  0.1060E-02  0.1273E+00
   6   -15.0000    -184.332 0.2926   0.1508E+01  0.4012E-03 -0.3910E+00  0.0000E+00      -1  -0.900E-02   20.00  0.1053E-02  0.1265E+00
   7   -18.0000    -182.188 0.2935   0.1556E+01  0.4040E-03 -0.4794E+00  0.0000E+00      -1  -0.110E-01   20.00  0.1016E-02  0.1226E+00
   8   -21.0000    -180.179 0.2944   0.1601E+01  0.4066E-03 -0.5603E+00  0.0000E+00      -1  -0.129E-01   20.00  0.9296E-03  0.1110E+00
   9   -24.0000    -178.287 0.2952   0.1643E+01  0.4091E-03 -0.6338E+00  0.0000E+00      -1  -0.146E-01   20.00  0.8925E-03  0.1069E+00
  10   -27.0000    -176.493 0.2959   0.1684E+01  0.4114E-03 -0.7002E+00  0.0000E+00      -1  -0.161E-01   20.00  0.8849E-03  0.1061E+00
  11   -30.0000    -174.782 0.2966   0.1722E+01  0.4137E-03 -0.7597E+00  0.0000E+00      -1  -0.175E-01   20.00  0.8841E-03  0.1061E+00
  12   -33.0000    -173.140 0.2973   0.1758E+01  0.4158E-03 -0.8126E+00  0.0000E+00      -1  -0.187E-01   20.00  0.8835E-03  0.1060E+00
  13   -36.0000    -171.554 0.2980   0.1794E+01  0.4179E-03 -0.8592E+00  0.0000E+00      -1  -0.198E-01   20.00  0.8833E-03  0.1060E+00
  14   -39.0000    -170.014 0.2986   0.1828E+01  0.4199E-03 -0.8998E+00  0.0000E+00      -1  -0.207E-01   20.00  0.8834E-03  0.1060E+00
  15   -42.0000    -168.508 0.2992   0.1862E+01  0.4218E-03 -0.9349E+00  0.0000E+00      -1  -0.215E-01   20.00  0.8834E-03  0.1060E+00
  16   -45.0000    -167.026 0.2999   0.1895E+01  0.4238E-03 -0.9647E+00  0.0000E+00      -1  -0.222E-01   20.00  0.8834E-03  0.1060E+00
  17   -48.0000    -165.562 0.3005   0.1928E+01  0.4257E-03 -0.9896E+00  0.0000E+00      -1  -0.228E-01   20.00  0.8834E-03  0.1060E+00
  18   -51.0000    -164.107 0.3011   0.1960E+01  0.4276E-03 -0.1010E+01  0.0000E+00      -1  -0.232E-01   20.00  0.8834E-03  0.1060E+00
  19   -54.0000    -162.654 0.3017   0.1992E+01  0.4295E-03 -0.1026E+01  0.0000E+00      -1  -0.236E-01   20.00  0.8834E-03  0.1060E+00
  20   -57.0000    -161.197 0.3023   0.2025E+01  0.4314E-03 -0.1039E+01  0.0000E+00      -1  -0.239E-01   20.00  0.8834E-03  0.1060E+00
  21   -60.0000    -159.732 0.3029   0.2057E+01  0.4333E-03 -0.1048E+01  0.0000E+00      -1  -0.241E-01   20.00  0.8834E-03  0.1060E+00
  22   -63.0000    -158.253 0.3035   0.2090E+01  0.4352E-03 -0.1054E+01  0.0000E+00      -1  -0.242E-01   20.00  0.8834E-03  0.1060E+00
  23   -66.0000    -156.756 0.3041   0.2124E+01  0.4371E-03 -0.1057E+01  0.0000E+00      -1  -0.243E-01   20.00  0.8834E-03  0.1060E+00
  24   -69.0000    -155.239 0.3048   0.2157E+01  0.4391E-03 -0.1058E+01  0.0000E+00      -1  -0.243E-01   20.00  0.8833E-03  0.1060E+00
  25   -72.0000    -153.697 0.3054   0.2192E+01  0.4411E-03 -0.1056E+01  0.0000E+00      -1  -0.243E-01   20.00  0.8833E-03  0.1060E+00
  26   -75.0000    -152.129 0.3061   0.2227E+01  0.4432E-03 -0.1053E+01  0.0000E+00      -1  -0.242E-01   20.00  0.8833E-03  0.1060E+00
  27   -78.0000    -150.525 0.3068   0.2289E+01  0.4450E-03 -0.1047E+01  0.0000E+00      -1  -0.241E-01   20.00  0.8833E-03  0.1060E+00
  28   -81.0000    -148.874 0.3076   0.2354E+01  0.4469E-03 -0.1040E+01  0.0000E+00      -1  -0.239E-01   20.00  0.8833E-03  0.1060E+00
  29   -84.0000    -147.176 0.3084   0.2422E+01  0.4489E-03 -0.1031E+01  0.0000E+00      -1  -0.237E-01   20.00  0.8833E-03  0.1060E+00
  30   -87.0000    -145.430 0.3092   0.2491E+01  0.4509E-03 -0.1022E+01  0.0000E+00      -1  -0.235E-01   20.00  0.8833E-03  0.1060E+00
  31   -90.0000    -143.636 0.3100   0.2563E+01  0.4530E-03 -0.1011E+01  0.0000E+00      -1  -0.233E-01   20.00  0.8833E-03  0.1060E+00
  32   -93.0000    -141.797 0.3108   0.2636E+01  0.4551E-03 -0.9999E+00  0.0000E+00      -1  -0.230E-01   20.00  0.8833E-03  0.1060E+00
  33   -96.0000    -139.912 0.3117   0.2711E+01  0.4573E-03 -0.9881E+00  0.0000E+00      -1  -0.227E-01   20.00  0.8833E-03  0.1060E+00
  34   -99.0000    -137.984 0.3126   0.2788E+01  0.4595E-03 -0.9760E+00  0.0000E+00      -1  -0.225E-01   20.00  0.8833E-03  0.1060E+00
  35  -102.0000    -136.013 0.3135   0.2866E+01  0.4618E-03 -0.9637E+00  0.0000E+00      -1  -0.222E-01   20.00  0.8833E-03  0.1060E+00
  36  -105.0000    -134.002 0.3145   0.2947E+01  0.4641E-03 -0.9514E+00  0.0000E+00      -1  -0.219E-01   20.00  0.8833E-03  0.1060E+00
  37  -108.0000    -131.951 0.3154   0.3028E+01  0.4665E-03 -0.9390E+00  0.0000E+00      -1  -0.216E-01   20.00  0.8833E-03  0.1060E+00
  38  -111.0000    -129.863 0.3164   0.3111E+01  0.4689E-03 -0.9268E+00  0.0000E+00      -1  -0.213E-01   20.00  0.8833E-03  0.1060E+00
  39  -114.0000    -127.738 0.3173   0.3196E+01  0.4714E-03 -0.9148E+00  0.0000E+00      -1  -0.210E-01   20.00  0.8833E-03  0.1060E+00
  40  -117.0000    -125.580 0.3183   0.3282E+01  0.4739E-03 -0.9030E+00  0.0000E+00      -1  -0.208E-01   20.00  0.8833E-03  0.1060E+00
  41  -120.0000    -123.390 0.3194   0.3369E+01  0.4764E-03 -0.8916E+00  0.0000E+00      -1  -0.205E-01   20.00  0.8833E-03  0.1060E+00
  42  -123.0000    -121.168 0.3204   0.3458E+01  0.4790E-03 -0.8805E+00  0.0000E+00      -1  -0.203E-01   20.00  0.8833E-03  0.1060E+00
  43  -126.0000    -118.913 0.3215   0.3588E+01  0.4809E-03 -0.8694E+00  0.0000E+00      -1  -0.200E-01   20.00  0.8833E-03  0.1060E+00
  44  -129.0000    -116.621 0.3226   0.3739E+01  0.4825E-03 -0.8584E+00  0.0000E+00      -1  -0.198E-01   20.00  0.8833E-03  0.1060E+00
  45  -132.0000    -114.291 0.3237   0.3893E+01  0.4842E-03 -0.8479E+00  0.0000E+00      -1  -0.195E-01   20.00  0.8833E-03  0.1060E+00
  46  -135.0000    -111.928 0.3249   0.4049E+01  0.4858E-03 -0.8377E+00  0.0000E+00      -1  -0.193E-01   20.00  0.8833E-03  0.1060E+00
  47  -138.0000    -109.533 0.3261   0.4206E+01  0.4875E-03 -0.8280E+00  0.0000E+00      -1  -0.191E-01   20.00  0.8833E-03  0.1060E+00
  48  -141.0000    -107.110 0.3272   0.4366E+01  0.4893E-03 -0.8187E+00  0.0000E+00      -1  -0.188E-01   20.00  0.8833E-03  0.1060E+00
  49  -144.0000    -104.659 0.3284   0.4528E+01  0.4910E-03 -0.8099E+00  0.0000E+00      -1  -0.186E-01   20.00  0.8833E-03  0.1060E+00
  50  -147.0000    -102.183 0.3297   0.4691E+01  0.4927E-03 -0.8015E+00  0.0000E+00      -1  -0.184E-01   20.00  0.8833E-03  0.1060E+00
  51  -150.0000     -99.684 0.3309   0.4856E+01  0.4945E-03 -0.7935E+00  0.0000E+00      -1  -0.183E-01   20.00  0.8833E-03  0.1060E+00
  52  -153.0000     -97.164 0.3321   0.5022E+01  0.4963E-03 -0.7860E+00  0.0000E+00      -1  -0.181E-01   20.00  0.8833E-03  0.1060E+00
  53  -156.0000     -94.622 0.3334   0.5220E+01  0.4975E-03 -0.7788E+00  0.0000E+00      -1  -0.179E-01   20.00  0.8833E-03  0.1060E+00
  54  -159.0000     -92.057 0.3347   0.5480E+01  0.4974E-03 -0.7719E+00  0.0000E+00      -1  -0.178E-01   20.00  0.8833E-03  0.1060E+00
  55  -162.0000     -89.468 0.3359   0.5744E+01  0.4972E-03 -0.7654E+00  0.0000E+00      -1  -0.176E-01   20.00  0.8833E-03  0.1060E+00
  56  -165.0000     -86.857 0.3372   0.6009E+01  0.4971E-03 -0.7593E+00  0.0000E+00      -1  -0.175E-01   20.00  0.8833E-03  0.1060E+00
  57  -168.0000     -84.226 0.3386   0.6276E+01  0.4970E-03 -0.7535E+00  0.0000E+00      -1  -0.173E-01   20.00  0.8833E-03  0.1060E+00
  58  -171.0000     -81.577 0.3399   0.6545E+01  0.4969E-03 -0.7481E+00  0.0000E+00      -1  -0.172E-01   20.00  0.8833E-03  0.1060E+00
  59  -174.0000     -78.912 0.3412   0.6816E+01  0.4968E-03 -0.7430E+00  0.0000E+00      -1  -0.171E-01   20.00  0.8833E-03  0.1060E+00
  60  -177.0000     -76.232 0.3425   0.7088E+01  0.4966E-03 -0.7383E+00  0.0000E+00      -1  -0.170E-01   20.00  0.8833E-03  0.1060E+00
  61  -180.0000     -73.535 0.3439   0.7458E+01  0.4944E-03 -0.7338E+00  0.0000E+00      -1  -0.169E-01   20.00  0.8833E-03  0.1060E+00
  62  -183.0000     -70.822 0.3452   0.7856E+01  0.4915E-03 -0.7297E+00  0.0000E+00      -1  -0.168E-01   20.00  0.8833E-03  0.1060E+00
  63  -186.0000     -68.093 0.3465   0.8256E+01  0.4886E-03 -0.7258E+00  0.0000E+00      -1  -0.167E-01   20.00  0.8833E-03  0.1060E+00
  64  -189.0000     -65.350 0.3479   0.8659E+01  0.4858E-03 -0.7222E+00  0.0000E+00      -1  -0.166E-01   20.00  0.8833E-03  0.1060E+00
  65  -192.0000     -62.594 0.3492   0.9063E+01  0.4828E-03 -0.7188E+00  0.0000E+00      -1  -0.165E-01   20.00  0.8833E-03  0.1060E+00
  66  -195.0000     -59.826 0.3506   0.9476E+01  0.4798E-03 -0.7157E+00  0.0000E+00      -1  -0.165E-01   20.00  0.8833E-03  0.1060E+00
  67  -198.0000     -57.046 0.3519   0.1003E+02  0.4736E-03 -0.7129E+00  0.0000E+00      -1  -0.164E-01   20.00  0.8833E-03  0.1060E+00
  68  -201.0000     -54.252 0.3532   0.1059E+02  0.4673E-03 -0.7102E+00  0.0000E+00      -1  -0.163E-01   20.00  0.8833E-03  0.1060E+00
  69  -204.0000     -51.448 0.3545   0.1116E+02  0.4610E-03 -0.7078E+00  0.0000E+00      -1  -0.163E-01   20.00  0.8833E-03  0.1060E+00
  70  -207.0000     -48.633 0.3558   0.1172E+02  0.4547E-03 -0.7055E+00  0.0000E+00      -1  -0.162E-01   20.00  0.8833E-03  0.1060E+00
  71  -210.0000     -45.809 0.3571   0.1239E+02  0.4462E-03 -0.7034E+00  0.0000E+00      -1  -0.162E-01   20.00  0.8833E-03  0.1060E+00
  72  -213.0000     -42.974 0.3583   0.1314E+02  0.4363E-03 -0.7016E+00  0.0000E+00      -1  -0.161E-01   20.00  0.8833E-03  0.1060E+00
  73  -216.0000     -40.129 0.3596   0.1388E+02  0.4263E-03 -0.6999E+00  0.0000E+00      -1  -0.161E-01   20.00  0.8833E-03  0.1060E+00
  74  -219.0000     -37.276 0.3608   0.1466E+02  0.4157E-03 -0.6984E+00  0.0000E+00      -1  -0.161E-01   20.00  0.8833E-03  0.1060E+00
  75  -222.0000     -34.415 0.3619   0.1560E+02  0.4019E-03 -0.6970E+00  0.0000E+00      -1  -0.160E-01   20.00  0.8833E-03  0.1060E+00
  76  -225.0000     -31.545 0.3631   0.1655E+02  0.3880E-03 -0.6957E+00  0.0000E+00      -1  -0.160E-01   20.00  0.8833E-03  0.1060E+00
  77  -228.0000     -28.667 0.3642   0.1759E+02  0.3726E-03 -0.6946E+00  0.0000E+00      -1  -0.160E-01   20.00  0.8833E-03  0.1060E+00
  78  -231.0000     -25.781 0.3652   0.1876E+02  0.3548E-03 -0.6937E+00  0.0000E+00      -1  -0.160E-01   20.00  0.8833E-03  0.1060E+00
  79  -234.0000     -22.889 0.3662   0.2000E+02  0.3360E-03 -0.6928E+00  0.0000E+00      -1  -0.159E-01   20.00  0.8833E-03  0.1060E+00
  80  -237.0000     -19.989 0.3672   0.2141E+02  0.3143E-03 -0.6921E+00  0.0000E+00      -1  -0.159E-01   20.00  0.8833E-03  0.1060E+00
  81  -240.0000     -17.082 0.3681   0.2298E+02  0.2903E-03 -0.6914E+00  0.0000E+00      -1  -0.159E-01   20.00  0.8833E-03  0.1060E+00
  82  -243.0000     -14.169 0.3689   0.2472E+02  0.2636E-03 -0.6909E+00  0.0000E+00      -1  -0.159E-01   20.00  0.8833E-03  0.1060E+00
  83  -246.0000     -11.250 0.3696   0.2673E+02  0.2331E-03 -0.6904E+00  0.0000E+00      -1  -0.159E-01   20.00  0.8833E-03  0.1060E+00
  84  -249.0000      -8.324 0.3702   0.2910E+02  0.1976E-03 -0.6901E+00  0.0000E+00      -1  -0.159E-01   20.00  0.8833E-03  0.1060E+00
  85  -252.0000      -5.392 0.3708   0.3200E+02  0.1551E-03 -0.6898E+00  0.0000E+00      -1  -0.159E-01   20.00  0.8833E-03  0.1060E+00
  86  -255.0000      -2.453 0.3711   0.3595E+02  0.9938E-04 -0.6897E+00  0.0000E+00      -1  -0.159E-01   20.00  0.8833E-03  0.1060E+00
  87  -258.0000       0.495 0.3713   0.4346E+02  0.0000E+00 -0.6896E+00  0.0000E+00      -1  -0.159E-01   20.00  0.8833E-03  0.1060E+00
  88  -261.0000       3.448 0.3713   0.4346E+02  0.0000E+00 -0.6896E+00  0.0000E+00      -1  -0.159E-01   20.00  0.8833E-03  0.1060E+00
  89  -264.0000       6.400 0.3713   0.4346E+02  0.0000E+00 -0.6896E+00  0.0000E+00      -1  -0.159E-01   20.00  0.8833E-03  0.1060E+00
  90  -267.0000       9.352 0.3713   0.4346E+02  0.0000E+00 -0.6896E+00  0.0000E+00      -1  -0.159E-01   20.00  0.8833E-03  0.1060E+00
  91  -270.0000      12.305 0.3713   0.4346E+02  0.0000E+00 -0.6896E+00  0.0000E+00      -1  -0.159E-01   20.00  0.8833E-03  0.1060E+00
  92  -273.0000      15.257 0.3713   0.4346E+02  0.0000E+00 -0.6896E+00  0.0000E+00      -1  -0.159E-01   20.00  0.8833E-03  0.1060E+00
  93  -276.0000      18.210 0.3713   0.4346E+02  0.0000E+00 -0.6896E+00  0.0000E+00      -1  -0.159E-01   20.00  0.8833E-03  0.1060E+00
  94  -279.0000      21.162 0.3713   0.4346E+02  0.0000E+00 -0.6896E+00  0.0000E+00      -1  -0.159E-01   20.00  0.8833E-03  0.1060E+00
  95  -282.0000      24.114 0.3713   0.4346E+02  0.0000E+00 -0.6896E+00  0.0000E+00      -1  -0.159E-01   20.00  0.8833E-03  0.1060E+00
  96  -285.0000      27.067 0.3713   0.4346E+02  0.0000E+00 -0.6896E+00  0.0000E+00      -1  -0.159E-01   20.00  0.8833E-03  0.1060E+00
  97  -288.0000      30.019 0.3713   0.4346E+02  0.0000E+00 -0.6896E+00  0.0000E+00      -1  -0.159E-01   20.00  0.8833E-03  0.1060E+00
  98  -291.0000      32.972 0.3713   0.4346E+02  0.0000E+00 -0.6896E+00  0.0000E+00      -1  -0.159E-01   20.00  0.8832E-03  0.1060E+00
  99  -294.0000      35.924 0.3713   0.4346E+02  0.0000E+00 -0.6896E+00  0.0000E+00      -1  -0.159E-01   20.00  0.8825E-03  0.1059E+00
 100  -297.0000      38.876 0.3713   0.4346E+02  0.0000E+00 -0.6896E+00  0.0000E+00      -1  -0.159E-01   20.00  0.8816E-03  0.1058E+00
 101  -300.0000      41.829 0.3713   0.4346E+02  0.0000E+00 -0.6895E+00  0.0000E+00      -1  -0.159E-01   20.00  0.8816E-03  0.1057E+00
end
