 ******* Program HYDRUS
 ******* 
 Welcome to HYDRUS-1D                                                    
 Date:  29. 3.2022    Time:  17:26:57
 Units: L = cm   , T = days , M = mg   

----------------------------------------------------------
 Time       [T]        0.0000
----------------------------------------------------------
 Sub-region num.                     1
----------------------------------------------------------
 Length   [L]        0.30000E+03  0.30000E+03
 W-volume [L]        0.10027E+03  0.10027E+03
 In-flow  [L/T]      0.00000E+00  0.00000E+00
 h Mean   [L]       -0.86593E+02 -0.86593E+02
 ConcVol  [M/L2] 1   0.89571E-01  0.89571E-01
 cMean    [M/L3] 1   0.89499E-03  0.89499E-03
 SorbVolIm[M/L2] 1   0.46719E+02  0.46719E+02
 sMeanIm  [-]    1   0.10740E+00  0.10740E+00
 Top Flux [L/T]      0.21308E-01
 Bot Flux [L/T]     -0.95620E+00
----------------------------------------------------------

----------------------------------------------------------
 Time       [T]        1.0000
----------------------------------------------------------
 Sub-region num.                     1
----------------------------------------------------------
 Length   [L]        0.30000E+03  0.30000E+03
 W-volume [L]        0.99304E+02  0.99304E+02
 In-flow  [L/T]     -0.60042E+00 -0.60042E+00
 h Mean   [L]       -0.94518E+02 -0.94518E+02
 ConcVol  [M/L2] 1   0.88692E-01  0.88692E-01
 cMean    [M/L3] 1   0.89503E-03  0.89503E-03
 SorbVolIm[M/L2] 1   0.46720E+02  0.46720E+02
 sMeanIm  [-]    1   0.10740E+00  0.10740E+00
 Top Flux [L/T]      0.52945E-01
 Bot Flux [L/T]     -0.54348E+00
 WatBalT  [L]       -0.47628E-02
 WatBalR  [%]              0.493
 CncBalT  [M]    1   0.41962E-04
 CncBalR  [%]    1         4.765
----------------------------------------------------------
 
 Calculation time [sec]  9.999990463256836E-003
