 ******* Program HYDRUS
 ******* 
 Welcome to HYDRUS-1D                                                    
 Date:  29. 3.2022    Time:  17:25:45
 Units: L = cm   , T = days , M = mg   

----------------------------------------------------------
 Time       [T]        0.0000
----------------------------------------------------------
 Sub-region num.                     1
----------------------------------------------------------
 Length   [L]        0.30000E+03  0.30000E+03
 W-volume [L]        0.10125E+03  0.10125E+03
 In-flow  [L/T]      0.00000E+00  0.00000E+00
 h Mean   [L]       -0.79008E+02 -0.79008E+02
 ConcVol  [M/L2] 1   0.89424E-01  0.89424E-01
 cMean    [M/L3] 1   0.88322E-03  0.88322E-03
 SorbVolIm[M/L2] 1   0.46105E+02  0.46105E+02
 sMeanIm  [-]    1   0.10599E+00  0.10599E+00
 Top Flux [L/T]      0.58006E-01
 Bot Flux [L/T]     -0.12169E+01
----------------------------------------------------------

----------------------------------------------------------
 Time       [T]        1.0000
----------------------------------------------------------
 Sub-region num.                     1
----------------------------------------------------------
 Length   [L]        0.30000E+03  0.30000E+03
 W-volume [L]        0.99289E+02  0.99289E+02
 In-flow  [L/T]     -0.10558E+01 -0.10558E+01
 h Mean   [L]       -0.95275E+02 -0.95275E+02
 ConcVol  [M/L2] 1   0.87701E-01  0.87701E-01
 cMean    [M/L3] 1   0.88329E-03  0.88329E-03
 SorbVolIm[M/L2] 1   0.46106E+02  0.46106E+02
 sMeanIm  [-]    1   0.10599E+00  0.10599E+00
 Top Flux [L/T]      0.17430E+00
 Bot Flux [L/T]     -0.88187E+00
 WatBalT  [L]       -0.81441E-02
 WatBalR  [%]              0.416
 CncBalT  [M]    1   0.22888E-04
 CncBalR  [%]    1         1.328
----------------------------------------------------------
 
 Calculation time [sec]  0.000000000000000E+000
