 ******* Program HYDRUS
 ******* 
 Welcome to HYDRUS-1D                                                    
 Date:  28. 3.2022    Time:   8:57:39
 Units: L = cm   , T = days , M = mg   

       Time          rTop        rRoot        vTop         vRoot        vBot       sum(rTop)   sum(rRoot)    sum(vTop)   sum(vRoot)    sum(vBot)      hTop         hRoot        hBot        RunOff    sum(RunOff)     Volume     sum(Infil)    sum(Evap) TLevel Cum(WTrans)  SnowLayer
        [T]         [L/T]        [L/T]        [L/T]        [L/T]        [L/T]         [L]          [L]          [L]         [L]           [L]         [L]           [L]         [L]          [L/T]         [L]          [L]          [L]          [L]

       0.0100  0.36128E-01  0.34995E-02  0.36133E-01  0.34977E-02 -0.41604E+00  0.36128E-03  0.34995E-04  0.36133E-03  0.34977E-04 -0.41604E-02 -0.92814E+02 -0.49551E+02  0.20437E+03  0.00000E+00  0.00000E+00  0.10992E+03  0.00000E+00  0.36133E-03      1  0.00000E+00      0.000
       0.0230  0.36128E-01  0.34995E-02  0.36127E-01  0.34977E-02 -0.38067E+00  0.83095E-03  0.80489E-04  0.83098E-03  0.80448E-04 -0.91090E-02 -0.92910E+02 -0.49685E+02  0.20437E+03  0.00000E+00  0.00000E+00  0.10992E+03  0.00000E+00  0.83098E-03      2  0.00000E+00      0.000
       0.0399  0.36128E-01  0.34995E-02  0.36131E-01  0.34977E-02 -0.34176E+00  0.14415E-02  0.13963E-03  0.14416E-02  0.13956E-03 -0.14885E-01 -0.93060E+02 -0.49865E+02  0.20437E+03  0.00000E+00  0.00000E+00  0.10991E+03  0.00000E+00  0.14416E-02      3  0.00000E+00      0.000
       0.0619  0.36128E-01  0.34995E-02  0.36126E-01  0.34977E-02 -0.30683E+00  0.22353E-02  0.21652E-03  0.22353E-02  0.21640E-03 -0.21626E-01 -0.93254E+02 -0.50065E+02  0.20437E+03  0.00000E+00  0.00000E+00  0.10990E+03  0.00000E+00  0.22353E-02      4  0.00000E+00      0.000
       0.0904  0.36128E-01  0.34995E-02  0.36131E-01  0.34977E-02 -0.26925E+00  0.32671E-02  0.31647E-03  0.32672E-02  0.31630E-03 -0.29316E-01 -0.93508E+02 -0.50299E+02  0.20437E+03  0.00000E+00  0.00000E+00  0.10990E+03  0.00000E+00  0.32672E-02      5  0.00000E+00      0.000
       0.1276  0.36128E-01  0.34995E-02  0.36129E-01  0.34976E-02 -0.23034E+00  0.46086E-02  0.44640E-03  0.46087E-02  0.44617E-03 -0.37868E-01 -0.93813E+02 -0.50559E+02  0.20437E+03  0.00000E+00  0.00000E+00  0.10989E+03  0.00000E+00  0.46087E-02      6  0.00000E+00      0.000
       0.1758  0.36128E-01  0.34995E-02  0.36124E-01  0.34976E-02 -0.18834E+00  0.63524E-02  0.61532E-03  0.63523E-02  0.61499E-03 -0.46959E-01 -0.94158E+02 -0.50844E+02  0.20437E+03  0.00000E+00  0.00000E+00  0.10987E+03  0.00000E+00  0.63523E-02      7  0.00000E+00      0.000
       0.2386  0.36128E-01  0.34995E-02  0.36124E-01  0.34976E-02 -0.14546E+00  0.86194E-02  0.83491E-03  0.86190E-02  0.83446E-03 -0.56087E-01 -0.94527E+02 -0.51142E+02  0.20437E+03  0.00000E+00  0.00000E+00  0.10986E+03  0.00000E+00  0.86190E-02      8  0.00000E+00      0.000
       0.3232  0.18371E+00  0.17795E-01  0.18371E+00  0.17784E-01 -0.77813E-01  0.24162E-01  0.23404E-02  0.24161E-01  0.23391E-02 -0.62670E-01 -0.95685E+02 -0.51708E+02  0.20437E+03  0.00000E+00  0.00000E+00  0.10984E+03  0.00000E+00  0.24161E-01      9  0.00000E+00      0.000
       0.4360  0.38093E+00  0.36899E-01  0.38094E+00  0.36876E-01  0.38905E-01  0.67132E-01  0.65027E-02  0.67132E-01  0.64988E-02 -0.58281E-01 -0.97627E+02 -0.52697E+02  0.20437E+03  0.00000E+00  0.00000E+00  0.10980E+03  0.00000E+00  0.67132E-01     10  0.00000E+00      0.000
       0.5770  0.36648E+00  0.35498E-01  0.36648E+00  0.35476E-01  0.14988E+00  0.11881E+00  0.11508E-01  0.11881E+00  0.11501E-01 -0.37148E-01 -0.98736E+02 -0.53531E+02  0.20437E+03  0.00000E+00  0.00000E+00  0.10976E+03  0.00000E+00  0.11881E+00     11  0.00000E+00      0.000
       0.7885  0.36128E-01  0.34995E-02  0.36123E-01  0.34974E-02  0.13396E+00  0.12645E+00  0.12248E-01  0.12645E+00  0.12241E-01 -0.88136E-02 -0.97143E+02 -0.53167E+02  0.20437E+03  0.00000E+00  0.00000E+00  0.10978E+03  0.00000E+00  0.12645E+00     12  0.00000E+00      0.000
       1.0000  0.36128E-01  0.34995E-02  0.36127E-01  0.34974E-02  0.11185E+00  0.13409E+00  0.12988E-01  0.13409E+00  0.12981E-01  0.14844E-01 -0.96838E+02 -0.52970E+02  0.20437E+03  0.00000E+00  0.00000E+00  0.10979E+03  0.00000E+00  0.13409E+00     13  0.00000E+00      0.000
end
