 ******* Program HYDRUS
 ******* 
 Welcome to HYDRUS-1D                                                    
 Date:  29. 3.2022    Time:  17:26:30
 Units: L = cm   , T = days , M = mg   

----------------------------------------------------------
 Time       [T]        0.0000
----------------------------------------------------------
 Sub-region num.                     1
----------------------------------------------------------
 Length   [L]        0.30000E+03  0.30000E+03
 W-volume [L]        0.10346E+03  0.10346E+03
 In-flow  [L/T]      0.00000E+00  0.00000E+00
 h Mean   [L]       -0.49320E+02 -0.49320E+02
 ConcVol  [M/L2] 1   0.92363E-01  0.92363E-01
 cMean    [M/L3] 1   0.89431E-03  0.89431E-03
 SorbVolIm[M/L2] 1   0.46683E+02  0.46683E+02
 sMeanIm  [-]    1   0.10732E+00  0.10732E+00
 Top Flux [L/T]     -0.10958E-01
 Bot Flux [L/T]     -0.14491E+00
----------------------------------------------------------

----------------------------------------------------------
 Time       [T]        1.0000
----------------------------------------------------------
 Sub-region num.                     1
----------------------------------------------------------
 Length   [L]        0.30000E+03  0.30000E+03
 W-volume [L]        0.10324E+03  0.10324E+03
 In-flow  [L/T]     -0.75085E-01 -0.75085E-01
 h Mean   [L]       -0.50518E+02 -0.50518E+02
 ConcVol  [M/L2] 1   0.92152E-01  0.92152E-01
 cMean    [M/L3] 1   0.89433E-03  0.89433E-03
 SorbVolIm[M/L2] 1   0.46683E+02  0.46683E+02
 sMeanIm  [-]    1   0.10732E+00  0.10732E+00
 Top Flux [L/T]      0.85849E-02
 Bot Flux [L/T]     -0.38677E-02
 WatBalT  [L]       -0.18492E-04
 WatBalR  [%]              0.005
 CncBalT  [M]    1   0.20981E-03
 CncBalR  [%]    1        77.375
----------------------------------------------------------
 
 Calculation time [sec]  9.999990463256836E-003
