 ******* Program HYDRUS
 ******* 
 Welcome to HYDRUS-1D                                                    
 Date:  28. 3.2022    Time:   8:58:19
 Units: L = cm   , T = days , M = mg   

----------------------------------------------------------
 Time       [T]        0.0000
----------------------------------------------------------
 Sub-region num.                     1
----------------------------------------------------------
 Length   [L]        0.30000E+03  0.30000E+03
 W-volume [L]        0.99565E+02  0.99565E+02
 In-flow  [L/T]      0.00000E+00  0.00000E+00
 h Mean   [L]       -0.89255E+02 -0.89255E+02
 ConcVol  [M/L2] 1   0.88848E-01  0.88848E-01
 cMean    [M/L3] 1   0.89445E-03  0.89445E-03
 SorbVolIm[M/L2] 1   0.46693E+02  0.46693E+02
 sMeanIm  [-]    1   0.10734E+00  0.10734E+00
 Top Flux [L/T]      0.48166E-01
 Bot Flux [L/T]      0.24626E+00
----------------------------------------------------------

----------------------------------------------------------
 Time       [T]        1.0000
----------------------------------------------------------
 Sub-region num.                     1
----------------------------------------------------------
 Length   [L]        0.30000E+03  0.30000E+03
 W-volume [L]        0.99144E+02  0.99144E+02
 In-flow  [L/T]      0.14866E+00  0.14866E+00
 h Mean   [L]       -0.93416E+02 -0.93416E+02
 ConcVol  [M/L2] 1   0.88474E-01  0.88474E-01
 cMean    [M/L3] 1   0.89450E-03  0.89450E-03
 SorbVolIm[M/L2] 1   0.46693E+02  0.46693E+02
 sMeanIm  [-]    1   0.10734E+00  0.10734E+00
 Top Flux [L/T]      0.43898E-01
 Bot Flux [L/T]      0.26422E+00
 WatBalT  [L]       -0.83928E-01
 WatBalR  [%]             13.431
 CncBalT  [M]    1   0.11444E-03
 CncBalR  [%]    1        30.470
----------------------------------------------------------
 
 Calculation time [sec]  9.999990463256836E-003
