 ******* Program HYDRUS
 ******* 
 Welcome to HYDRUS-1D                                                    
 Date:   4. 3.2022    Time:  19:31:42
 Units: L = cm   , T = days , M = mg   

----------------------------------------------------------
 Time       [T]        0.0000
----------------------------------------------------------
 Sub-region num.                     1
----------------------------------------------------------
 Length   [L]        0.30000E+03  0.30000E+03
 W-volume [L]        0.10125E+03  0.10125E+03
 In-flow  [L/T]      0.00000E+00  0.00000E+00
 h Mean   [L]       -0.79008E+02 -0.79008E+02
 ConcVol  [M/L2] 1   0.89747E+00  0.89747E+00
 cMean    [M/L3] 1   0.88767E-02  0.88767E-02
 SorbVolIm[M/L2] 1   0.43558E+02  0.43558E+02
 sMeanIm  [-]    1   0.10013E+00  0.10013E+00
 Top Flux [L/T]      0.58006E-01
 Bot Flux [L/T]     -0.12169E+01
----------------------------------------------------------

----------------------------------------------------------
 Time       [T]        1.0000
----------------------------------------------------------
 Sub-region num.                     1
----------------------------------------------------------
 Length   [L]        0.30000E+03  0.30000E+03
 W-volume [L]        0.99289E+02  0.99289E+02
 In-flow  [L/T]     -0.10558E+01 -0.10558E+01
 h Mean   [L]       -0.95276E+02 -0.95276E+02
 ConcVol  [M/L2] 1   0.87978E+00  0.87978E+00
 cMean    [M/L3] 1   0.88782E-02  0.88782E-02
 SorbVolIm[M/L2] 1   0.43561E+02  0.43561E+02
 sMeanIm  [-]    1   0.10014E+00  0.10014E+00
 Top Flux [L/T]      0.17413E+00
 Bot Flux [L/T]     -0.88187E+00
 WatBalT  [L]       -0.83240E-02
 WatBalR  [%]              0.425
 CncBalT  [M]    1   0.80109E-04
 CncBalR  [%]    1         0.453
----------------------------------------------------------
 
 Calculation time [sec]  0.000000000000000E+000
