 ******* Program HYDRUS
 ******* 
 Welcome to HYDRUS-1D                                                    
 Date:   4. 3.2022    Time:  19:32:30
 Units: L = cm   , T = days , M = mg   

----------------------------------------------------------
 Time       [T]        0.0000
----------------------------------------------------------
 Sub-region num.                     1
----------------------------------------------------------
 Length   [L]        0.30000E+03  0.30000E+03
 W-volume [L]        0.10121E+03  0.10121E+03
 In-flow  [L/T]      0.00000E+00  0.00000E+00
 h Mean   [L]       -0.74243E+02 -0.74243E+02
 ConcVol  [M/L2] 1   0.88675E+00  0.88675E+00
 cMean    [M/L3] 1   0.87611E-02  0.87611E-02
 SorbVolIm[M/L2] 1   0.42994E+02  0.42994E+02
 sMeanIm  [-]    1   0.98836E-01  0.98836E-01
 Top Flux [L/T]      0.19365E-01
 Bot Flux [L/T]     -0.27522E+00
----------------------------------------------------------

----------------------------------------------------------
 Time       [T]        1.0000
----------------------------------------------------------
 Sub-region num.                     1
----------------------------------------------------------
 Length   [L]        0.30000E+03  0.30000E+03
 W-volume [L]        0.10119E+03  0.10119E+03
 In-flow  [L/T]     -0.94622E-01 -0.94622E-01
 h Mean   [L]       -0.73831E+02 -0.73831E+02
 ConcVol  [M/L2] 1   0.88659E+00  0.88659E+00
 cMean    [M/L3] 1   0.87610E-02  0.87610E-02
 SorbVolIm[M/L2] 1   0.42992E+02  0.42992E+02
 sMeanIm  [-]    1   0.98831E-01  0.98831E-01
 Top Flux [L/T]      0.14581E-01
 Bot Flux [L/T]     -0.45428E-01
 WatBalT  [L]       -0.25669E-04
 WatBalR  [%]              0.008
 CncBalT  [M]    1   0.24796E-03
 CncBalR  [%]    1        10.175
----------------------------------------------------------
 
 Calculation time [sec]  0.000000000000000E+000
