 ******* Program HYDRUS
 ******* 
 Welcome to HYDRUS-1D                                                    
 Date:  29. 3.2022    Time:  17:26:29
 Units: L = cm   , T = days , M = mg   

       Time          rTop        rRoot        vTop         vRoot        vBot       sum(rTop)   sum(rRoot)    sum(vTop)   sum(vRoot)    sum(vBot)      hTop         hRoot        hBot        RunOff    sum(RunOff)     Volume     sum(Infil)    sum(Evap) TLevel Cum(WTrans)  SnowLayer
        [T]         [L/T]        [L/T]        [L/T]        [L/T]        [L/T]         [L]          [L]          [L]         [L]           [L]         [L]           [L]         [L]          [L/T]         [L]          [L]          [L]          [L]

       0.0100  0.10994E-01  0.66301E-01  0.10996E-01  0.65611E-01  0.70850E+00  0.10994E-03  0.66301E-03  0.10996E-03  0.65611E-03  0.70850E-02 -0.20718E+03 -0.16272E+03  0.97876E+02  0.00000E+00  0.00000E+00  0.10283E+03  0.16773E-04  0.12673E-03      1  0.00000E+00      0.000
       0.0200  0.59689E-02  0.66301E-01  0.59677E-02  0.65611E-01  0.60549E+00  0.16963E-03  0.13260E-02  0.16964E-03  0.13122E-02  0.13140E-01 -0.20715E+03 -0.16273E+03  0.97876E+02  0.00000E+00  0.00000E+00  0.10284E+03  0.83798E-04  0.25343E-03      2  0.00000E+00      0.000
       0.0330 -0.55348E-02  0.66301E-01 -0.55337E-02  0.65612E-01  0.50645E+00  0.97678E-04  0.21879E-02  0.97696E-04  0.21652E-02  0.19724E-01 -0.20706E+03 -0.16273E+03  0.97876E+02  0.00000E+00  0.00000E+00  0.10284E+03  0.32046E-03  0.41816E-03      3  0.00000E+00      0.000
       0.0499 -0.28766E-01  0.66301E-01 -0.28763E-01  0.65612E-01  0.43903E+00 -0.38846E-03  0.33084E-02 -0.38840E-03  0.32740E-02  0.27143E-01 -0.20686E+03 -0.16272E+03  0.97876E+02  0.00000E+00  0.00000E+00  0.10285E+03  0.10207E-02  0.63231E-03      4  0.00000E+00      0.000
       0.0719 -0.72531E-01  0.66301E-01 -0.72530E-01  0.65612E-01  0.38000E+00 -0.19820E-02  0.47651E-02 -0.19819E-02  0.47155E-02  0.35492E-01 -0.20641E+03 -0.16269E+03  0.97876E+02  0.00000E+00  0.00000E+00  0.10286E+03  0.28926E-02  0.91070E-03      5  0.00000E+00      0.000
       0.1004 -0.15102E+00  0.66301E-01 -0.15102E+00  0.65614E-01  0.33115E+00 -0.62952E-02  0.66587E-02 -0.62952E-02  0.65895E-02  0.44950E-01 -0.20548E+03 -0.16259E+03  0.97876E+02  0.00000E+00  0.00000E+00  0.10287E+03  0.75678E-02  0.12726E-02      6  0.00000E+00      0.000
       0.1376 -0.28554E+00  0.66301E-01 -0.28554E+00  0.65619E-01  0.28871E+00 -0.16897E-01  0.91204E-02 -0.16897E-01  0.90259E-02  0.55669E-01 -0.20363E+03 -0.16234E+03  0.97876E+02  0.00000E+00  0.00000E+00  0.10289E+03  0.18640E-01  0.17431E-02      7  0.00000E+00      0.000
       0.1858 -0.50382E+00  0.66301E-01 -0.50382E+00  0.65630E-01  0.25201E+00 -0.41216E-01  0.12321E-01 -0.41215E-01  0.12194E-01  0.67833E-01 -0.20018E+03 -0.16172E+03  0.97876E+02  0.00000E+00  0.00000E+00  0.10292E+03  0.43570E-01  0.23547E-02      8  0.00000E+00      0.000
       0.2358 -0.76174E+00  0.66301E-01 -0.76174E+00  0.65646E-01  0.22393E+00 -0.79303E-01  0.15636E-01 -0.79303E-01  0.15476E-01  0.79030E-01 -0.19573E+03 -0.16078E+03  0.97876E+02  0.00000E+00  0.00000E+00  0.10297E+03  0.82291E-01  0.29883E-02      9  0.00000E+00      0.000
       0.2858 -0.10073E+01  0.16958E+00 -0.10073E+01  0.16796E+00  0.20183E+00 -0.12967E+00  0.24115E-01 -0.12967E+00  0.23874E-01  0.89122E-01 -0.19105E+03 -0.15954E+03  0.97876E+02  0.00000E+00  0.00000E+00  0.10303E+03  0.13428E+00  0.46088E-02     10  0.00000E+00      0.000
       0.3358 -0.12119E+01  0.39012E+00 -0.12119E+01  0.38650E+00  0.18238E+00 -0.19027E+00  0.43621E-01 -0.19027E+00  0.43199E-01  0.98240E-01 -0.18673E+03 -0.15821E+03  0.97876E+02  0.00000E+00  0.00000E+00  0.10309E+03  0.19860E+00  0.83367E-02     11  0.00000E+00      0.000
       0.3858 -0.13811E+01  0.57247E+00 -0.13811E+01  0.56733E+00  0.16381E+00 -0.25932E+00  0.72244E-01 -0.25932E+00  0.71566E-01  0.10643E+00 -0.18280E+03 -0.15695E+03  0.97876E+02  0.00000E+00  0.00000E+00  0.10315E+03  0.27313E+00  0.13807E-01     12  0.00000E+00      0.000
       0.4358 -0.14983E+01  0.69878E+00 -0.14983E+01  0.69269E+00  0.14546E+00 -0.33423E+00  0.10718E+00 -0.33423E+00  0.10620E+00  0.11370E+00 -0.17953E+03 -0.15577E+03  0.97876E+02  0.00000E+00  0.00000E+00  0.10320E+03  0.35472E+00  0.20485E-01     13  0.00000E+00      0.000
       0.4858 -0.15520E+01  0.75669E+00 -0.15520E+01  0.75027E+00  0.12689E+00 -0.41184E+00  0.14502E+00 -0.41184E+00  0.14371E+00  0.12005E+00 -0.17704E+03 -0.15468E+03  0.97876E+02  0.00000E+00  0.00000E+00  0.10325E+03  0.43955E+00  0.27716E-01     14  0.00000E+00      0.000
       0.5358 -0.15370E+01  0.74054E+00 -0.15370E+01  0.73439E+00  0.10766E+00 -0.48869E+00  0.18204E+00 -0.48869E+00  0.18043E+00  0.12543E+00 -0.17541E+03 -0.15368E+03  0.97876E+02  0.00000E+00  0.00000E+00  0.10329E+03  0.52348E+00  0.34792E-01     15  0.00000E+00      0.000
       0.5858 -0.14548E+01  0.65189E+00 -0.14548E+01  0.64658E+00  0.87317E-01 -0.56143E+00  0.21464E+00 -0.56143E+00  0.21276E+00  0.12980E+00 -0.17465E+03 -0.15277E+03  0.97876E+02  0.00000E+00  0.00000E+00  0.10334E+03  0.60245E+00  0.41021E-01     16  0.00000E+00      0.000
       0.6358 -0.13133E+01  0.49943E+00 -0.13133E+01  0.49543E+00  0.65655E-01 -0.62709E+00  0.23961E+00 -0.62709E+00  0.23753E+00  0.13308E+00 -0.17468E+03 -0.15194E+03  0.97876E+02  0.00000E+00  0.00000E+00  0.10337E+03  0.67289E+00  0.45794E-01     17  0.00000E+00      0.000
       0.6858 -0.11265E+01  0.29808E+00 -0.11265E+01  0.29573E+00  0.42221E-01 -0.68342E+00  0.25451E+00 -0.68342E+00  0.25232E+00  0.13519E+00 -0.17542E+03 -0.15118E+03  0.97876E+02  0.00000E+00  0.00000E+00  0.10341E+03  0.73206E+00  0.48642E-01     18  0.00000E+00      0.000
       0.7358 -0.91268E+00  0.67557E-01 -0.91268E+00  0.67029E-01  0.16580E-01 -0.72905E+00  0.25789E+00 -0.72905E+00  0.25567E+00  0.13602E+00 -0.17669E+03 -0.15048E+03  0.97876E+02  0.00000E+00  0.00000E+00  0.10344E+03  0.77834E+00  0.49288E-01     19  0.00000E+00      0.000
       0.7858 -0.64759E+00  0.66301E-01 -0.64759E+00  0.65788E-01 -0.11494E-01 -0.76143E+00  0.26121E+00 -0.76143E+00  0.25896E+00  0.13544E+00 -0.17866E+03 -0.14987E+03  0.97876E+02  0.00000E+00  0.00000E+00  0.10347E+03  0.81136E+00  0.49921E-01     20  0.00000E+00      0.000
       0.8358 -0.40084E+00  0.66301E-01 -0.40084E+00  0.65786E-01 -0.41337E-01 -0.78148E+00  0.26452E+00 -0.78148E+00  0.26225E+00  0.13338E+00 -0.18121E+03 -0.14967E+03  0.97876E+02  0.00000E+00  0.00000E+00  0.10348E+03  0.83203E+00  0.50555E-01     21  0.00000E+00      0.000
       0.8858 -0.19682E+00  0.66301E-01 -0.19682E+00  0.65782E-01 -0.71844E-01 -0.79132E+00  0.26784E+00 -0.79132E+00  0.26554E+00  0.12979E+00 -0.18399E+03 -0.14975E+03  0.97876E+02  0.00000E+00  0.00000E+00  0.10348E+03  0.84251E+00  0.51189E-01     22  0.00000E+00      0.000
       0.9358 -0.55491E-01  0.66301E-01 -0.55493E-01  0.65775E-01 -0.10169E+00 -0.79409E+00  0.27115E+00 -0.79409E+00  0.26883E+00  0.12470E+00 -0.18666E+03 -0.15006E+03  0.97876E+02  0.00000E+00  0.00000E+00  0.10348E+03  0.84591E+00  0.51822E-01     23  0.00000E+00      0.000
       0.9679 -0.45435E-02  0.66301E-01 -0.45471E-02  0.65770E-01 -0.12026E+00 -0.79424E+00  0.27328E+00 -0.79424E+00  0.27094E+00  0.12084E+00 -0.18815E+03 -0.15030E+03  0.97876E+02  0.00000E+00  0.00000E+00  0.10347E+03  0.84647E+00  0.52229E-01     24  0.00000E+00      0.000
       1.0000  0.12671E-01  0.66301E-01  0.12672E-01  0.65765E-01 -0.13750E+00 -0.79383E+00  0.27541E+00 -0.79383E+00  0.27305E+00  0.11643E+00 -0.18936E+03 -0.15060E+03  0.97876E+02  0.00000E+00  0.00000E+00  0.10346E+03  0.84647E+00  0.52635E-01     25  0.00000E+00      0.000
end
