 All solute fluxes and cumulative solute fluxes are positive into the region

       Time         cvTop        cvBot      Sum(cvTop)   Sum(cvBot)     cvCh0        cvCh1         cTop        cRoot         cBot        cvRoot    Sum(cvRoot)  Sum(cvNEql) TLevel      cGWL        cRunOff   Sum(cRunOff)    (cv(i),    Sum(cv(i)), i=1,NObs)
        [T]        [M/L2/T]     [M/L2/T]      [M/L2]       [M/L2]       [M/L2]      [M/L2]        [M/L3]      [M/L3]        [M/L3]      [M/L2/T]      [M/L2]       [M/L2]              [M/L3]        [M/L2]      [M/L3]      [M/L2/T]      [M/L2]
        0.0100  0.00000E+00 -0.87084E-03  0.00000E+00 -0.87084E-05  0.00000E+00  0.00000E+00  0.10482E-02  0.99079E-03  0.88160E-03  0.18381E-04  0.18381E-06 -0.62743E-05       1  0.88318E-03  0.00000E+00  0.00000E+00  0.10799E-03  0.10799E-05 -0.81100E-03 -0.81100E-05 -0.50446E-03 -0.50446E-05
        0.0200  0.00000E+00 -0.41700E-03  0.00000E+00 -0.12878E-04  0.00000E+00  0.00000E+00  0.10485E-02  0.99083E-03  0.88156E-03  0.18383E-04  0.36764E-06 -0.52807E-05       2  0.88317E-03  0.00000E+00  0.00000E+00  0.96941E-04  0.20493E-05 -0.78970E-03 -0.16007E-04 -0.49552E-03 -0.99998E-05
        0.0330  0.00000E+00 -0.61344E-03  0.00000E+00 -0.20853E-04  0.00000E+00  0.00000E+00  0.10483E-02  0.99081E-03  0.88160E-03  0.18382E-04  0.60661E-06 -0.13880E-05       3  0.88318E-03  0.00000E+00  0.00000E+00  0.74500E-04  0.30178E-05 -0.76221E-03 -0.25916E-04 -0.48354E-03 -0.16286E-04
        0.0499  0.00000E+00 -0.75592E-03  0.00000E+00 -0.33628E-04  0.00000E+00  0.00000E+00  0.10480E-02  0.99082E-03  0.88161E-03  0.18382E-04  0.91727E-06  0.19932E-05       4  0.88318E-03  0.00000E+00  0.00000E+00  0.28715E-04  0.35031E-05 -0.74213E-03 -0.38458E-04 -0.47068E-03 -0.24240E-04
        0.0719  0.00000E+00 -0.84812E-03  0.00000E+00 -0.52261E-04  0.00000E+00  0.00000E+00  0.10475E-02  0.99081E-03  0.88163E-03  0.18382E-04  0.13211E-05  0.48048E-05       5  0.88318E-03  0.00000E+00  0.00000E+00 -0.21078E-04  0.30400E-05 -0.73797E-03 -0.54671E-04 -0.45630E-03 -0.34265E-04
        0.1004  0.00000E+00 -0.91517E-03  0.00000E+00 -0.78400E-04  0.00000E+00  0.00000E+00  0.10468E-02  0.99081E-03  0.88163E-03  0.18382E-04  0.18461E-05  0.50387E-05       6  0.88318E-03  0.00000E+00  0.00000E+00 -0.81881E-04  0.70136E-06 -0.77562E-03 -0.76823E-04 -0.44480E-03 -0.46969E-04
        0.1376  0.00000E+00 -0.95889E-03  0.00000E+00 -0.11400E-03  0.00000E+00  0.00000E+00  0.10458E-02  0.99081E-03  0.88164E-03  0.18382E-04  0.25287E-05 -0.18285E-05       7  0.88318E-03  0.00000E+00  0.00000E+00 -0.17718E-03 -0.58773E-05 -0.89771E-03 -0.11015E-03 -0.44477E-03 -0.63483E-04
        0.1858  0.00000E+00 -0.98238E-03  0.00000E+00 -0.16142E-03  0.00000E+00  0.00000E+00  0.10445E-02  0.99080E-03  0.88165E-03  0.18381E-04  0.34159E-05 -0.25337E-04       8  0.88318E-03  0.00000E+00  0.00000E+00 -0.31358E-03 -0.21013E-04 -0.11770E-02 -0.16697E-03 -0.47229E-03 -0.86280E-04
        0.2358  0.00000E+00 -0.98779E-03  0.00000E+00 -0.21081E-03  0.00000E+00  0.00000E+00  0.10431E-02  0.99079E-03  0.88165E-03  0.18380E-04  0.43349E-05 -0.67439E-04       9  0.88318E-03  0.00000E+00  0.00000E+00 -0.45551E-03 -0.43788E-04 -0.15806E-02 -0.24599E-03 -0.53068E-03 -0.11281E-03
        0.2858  0.00000E+00 -0.98053E-03  0.00000E+00 -0.25984E-03  0.00000E+00  0.00000E+00  0.10423E-02  0.99079E-03  0.88165E-03  0.18379E-04  0.52538E-05 -0.12198E-03      10  0.88318E-03  0.00000E+00  0.00000E+00 -0.54663E-03 -0.71120E-04 -0.20022E-02 -0.34611E-03 -0.61020E-03 -0.14332E-03
        0.3358  0.00000E+00 -0.96611E-03  0.00000E+00 -0.30814E-03  0.00000E+00  0.00000E+00  0.10419E-02  0.99081E-03  0.88165E-03  0.18378E-04  0.61727E-05 -0.18012E-03      11  0.88318E-03  0.00000E+00  0.00000E+00 -0.57996E-03 -0.10012E-03 -0.23310E-02 -0.46266E-03 -0.69168E-03 -0.17791E-03
        0.3858  0.00000E+00 -0.94848E-03  0.00000E+00 -0.35557E-03  0.00000E+00  0.00000E+00  0.10416E-02  0.99083E-03  0.88165E-03  0.18377E-04  0.70916E-05 -0.23947E-03      12  0.88318E-03  0.00000E+00  0.00000E+00 -0.60560E-03 -0.13040E-03 -0.25789E-02 -0.59160E-03 -0.76578E-03 -0.21620E-03
        0.4358  0.00000E+00 -0.93011E-03  0.00000E+00 -0.40207E-03  0.00000E+00  0.00000E+00  0.10413E-02  0.99084E-03  0.88166E-03  0.18376E-04  0.80103E-05 -0.29972E-03      13  0.88318E-03  0.00000E+00  0.00000E+00 -0.62198E-03 -0.16150E-03 -0.27607E-02 -0.72964E-03 -0.82925E-03 -0.25766E-03
        0.4858  0.00000E+00 -0.91262E-03  0.00000E+00 -0.44770E-03  0.00000E+00  0.00000E+00  0.10412E-02  0.99086E-03  0.88166E-03  0.18375E-04  0.89291E-05 -0.35962E-03      14  0.88318E-03  0.00000E+00  0.00000E+00 -0.62790E-03 -0.19289E-03 -0.28903E-02 -0.87415E-03 -0.88164E-03 -0.30174E-03
        0.5358  0.00000E+00 -0.89708E-03  0.00000E+00 -0.49256E-03  0.00000E+00  0.00000E+00  0.10411E-02  0.99086E-03  0.88166E-03  0.18375E-04  0.98478E-05 -0.41856E-03      15  0.88318E-03  0.00000E+00  0.00000E+00 -0.62268E-03 -0.22403E-03 -0.29714E-02 -0.10227E-02 -0.92301E-03 -0.34789E-03
        0.5858  0.00000E+00 -0.88412E-03  0.00000E+00 -0.53676E-03  0.00000E+00  0.00000E+00  0.10411E-02  0.99087E-03  0.88166E-03  0.18374E-04  0.10767E-04 -0.47544E-03      16  0.88318E-03  0.00000E+00  0.00000E+00 -0.60676E-03 -0.25436E-03 -0.30075E-02 -0.11731E-02 -0.95370E-03 -0.39558E-03
        0.6358  0.00000E+00 -0.87403E-03  0.00000E+00 -0.58046E-03  0.00000E+00  0.00000E+00  0.10411E-02  0.99086E-03  0.88166E-03  0.18374E-04  0.11685E-04 -0.52979E-03      17  0.88318E-03  0.00000E+00  0.00000E+00 -0.58122E-03 -0.28342E-03 -0.30023E-02 -0.13232E-02 -0.97396E-03 -0.44428E-03
        0.6858  0.00000E+00 -0.86687E-03  0.00000E+00 -0.62381E-03  0.00000E+00  0.00000E+00  0.10413E-02  0.99086E-03  0.88166E-03  0.18374E-04  0.12604E-04 -0.58103E-03      18  0.88318E-03  0.00000E+00  0.00000E+00 -0.54809E-03 -0.31083E-03 -0.29613E-02 -0.14713E-02 -0.98401E-03 -0.49348E-03
        0.7358  0.00000E+00 -0.86249E-03  0.00000E+00 -0.66693E-03  0.00000E+00  0.00000E+00  0.10415E-02  0.99084E-03  0.88167E-03  0.18373E-04  0.13523E-04 -0.62915E-03      19  0.88318E-03  0.00000E+00  0.00000E+00 -0.51014E-03 -0.33634E-03 -0.28926E-02 -0.16159E-02 -0.98515E-03 -0.54273E-03
        0.7858  0.00000E+00 -0.86054E-03  0.00000E+00 -0.70996E-03  0.00000E+00  0.00000E+00  0.10426E-02  0.99083E-03  0.88167E-03  0.18373E-04  0.14441E-04 -0.66253E-03      20  0.88318E-03  0.00000E+00  0.00000E+00 -0.37386E-03 -0.35503E-03 -0.26264E-02 -0.17472E-02 -0.95554E-03 -0.59051E-03
        0.8358  0.00000E+00 -0.86050E-03  0.00000E+00 -0.75298E-03  0.00000E+00  0.00000E+00  0.10437E-02  0.99085E-03  0.88167E-03  0.18374E-04  0.15360E-04 -0.67861E-03      21  0.88318E-03  0.00000E+00  0.00000E+00 -0.23430E-03 -0.36674E-03 -0.22440E-02 -0.18594E-02 -0.89252E-03 -0.63514E-03
        0.8858  0.00000E+00 -0.86177E-03  0.00000E+00 -0.79607E-03  0.00000E+00  0.00000E+00  0.10448E-02  0.99082E-03  0.88168E-03  0.18374E-04  0.16279E-04 -0.68198E-03      22  0.88318E-03  0.00000E+00  0.00000E+00 -0.10487E-03 -0.37199E-03 -0.18187E-02 -0.19504E-02 -0.80573E-03 -0.67542E-03
        0.9358  0.00000E+00 -0.86352E-03  0.00000E+00 -0.83925E-03  0.00000E+00  0.00000E+00  0.10456E-02  0.99083E-03  0.88168E-03  0.18376E-04  0.17197E-04 -0.67582E-03      23  0.88319E-03  0.00000E+00  0.00000E+00 -0.53100E-05 -0.37225E-03 -0.14273E-02 -0.20217E-02 -0.70991E-03 -0.71092E-03
        0.9679  0.00000E+00 -0.86494E-03  0.00000E+00 -0.86700E-03  0.00000E+00  0.00000E+00  0.10462E-02  0.99080E-03  0.88168E-03  0.18376E-04  0.17787E-04 -0.67014E-03      24  0.88319E-03  0.00000E+00  0.00000E+00  0.80130E-04 -0.36968E-03 -0.12085E-02 -0.20605E-02 -0.64956E-03 -0.73176E-03
        1.0000  0.00000E+00 -0.86577E-03  0.00000E+00 -0.89478E-03  0.00000E+00  0.00000E+00  0.10466E-02  0.99081E-03  0.88168E-03  0.18377E-04  0.18377E-04 -0.66385E-03      25  0.88319E-03  0.00000E+00  0.00000E+00  0.11421E-03 -0.36602E-03 -0.10356E-02 -0.20937E-02 -0.59326E-03 -0.75080E-03
end
