 All solute fluxes and cumulative solute fluxes are positive into the region

       Time         cvTop        cvBot      Sum(cvTop)   Sum(cvBot)     cvCh0        cvCh1         cTop        cRoot         cBot        cvRoot    Sum(cvRoot)  Sum(cvNEql) TLevel      cGWL        cRunOff   Sum(cRunOff)    (cv(i),    Sum(cv(i)), i=1,NObs)
        [T]        [M/L2/T]     [M/L2/T]      [M/L2]       [M/L2]       [M/L2]      [M/L2]        [M/L3]      [M/L3]        [M/L3]      [M/L2/T]      [M/L2]       [M/L2]              [M/L3]        [M/L2]      [M/L3]      [M/L2/T]      [M/L2]
        0.0100  0.00000E+00 -0.18471E-03  0.00000E+00 -0.18471E-05  0.00000E+00  0.00000E+00  0.83626E-03  0.88264E-03  0.87074E-03  0.59758E-04  0.59758E-06 -0.16166E-04       1  0.88286E-03  0.00000E+00  0.00000E+00  0.53262E-04  0.53262E-06 -0.55245E-03 -0.55245E-05 -0.85049E-03 -0.85049E-05
        0.0230  0.00000E+00  0.00000E+00  0.00000E+00 -0.18471E-05  0.00000E+00  0.00000E+00  0.83645E-03  0.88268E-03  0.86473E-03  0.59763E-04  0.13745E-05 -0.43129E-04       2  0.88272E-03  0.00000E+00  0.00000E+00  0.52648E-04  0.12170E-05 -0.51961E-03 -0.12279E-04 -0.81414E-03 -0.19089E-04
        0.0399  0.00000E+00  0.00000E+00  0.00000E+00 -0.18471E-05  0.00000E+00  0.00000E+00  0.83641E-03  0.88267E-03  0.86997E-03  0.59762E-04  0.23845E-05 -0.65066E-04       3  0.88286E-03  0.00000E+00  0.00000E+00  0.52349E-04  0.21017E-05 -0.47857E-03 -0.20367E-04 -0.76672E-03 -0.32046E-04
        0.0619  0.00000E+00  0.00000E+00  0.00000E+00 -0.18471E-05  0.00000E+00  0.00000E+00  0.83641E-03  0.88267E-03  0.86960E-03  0.59762E-04  0.36975E-05 -0.86206E-04       4  0.88289E-03  0.00000E+00  0.00000E+00  0.51722E-04  0.32381E-05 -0.43657E-03 -0.29959E-04 -0.71329E-03 -0.47717E-04
        0.0904  0.00000E+00  0.00000E+00  0.00000E+00 -0.18471E-05  0.00000E+00  0.00000E+00  0.83639E-03  0.88267E-03  0.87183E-03  0.59762E-04  0.54043E-05 -0.10471E-03       5  0.88294E-03  0.00000E+00  0.00000E+00  0.50572E-04  0.46825E-05 -0.39153E-03 -0.41141E-04 -0.65201E-03 -0.66339E-04
        0.1276  0.00000E+00  0.00000E+00  0.00000E+00 -0.18471E-05  0.00000E+00  0.00000E+00  0.83638E-03  0.88267E-03  0.87245E-03  0.59762E-04  0.76233E-05 -0.11965E-03       6  0.88296E-03  0.00000E+00  0.00000E+00  0.48557E-04  0.64853E-05 -0.34588E-03 -0.53983E-04 -0.58540E-03 -0.88075E-04
        0.1758  0.00000E+00  0.00000E+00  0.00000E+00 -0.18471E-05  0.00000E+00  0.00000E+00  0.83630E-03  0.88267E-03  0.87409E-03  0.59762E-04  0.10508E-04 -0.12876E-03       7  0.88299E-03  0.00000E+00  0.00000E+00  0.45314E-04  0.86725E-05 -0.29885E-03 -0.68408E-04 -0.51380E-03 -0.11288E-03
        0.2258  0.00000E+00  0.00000E+00  0.00000E+00 -0.18471E-05  0.00000E+00  0.00000E+00  0.83633E-03  0.88267E-03  0.87490E-03  0.59762E-04  0.13496E-04 -0.13049E-03       8  0.88301E-03  0.00000E+00  0.00000E+00  0.41181E-04  0.10732E-04 -0.25928E-03 -0.81372E-04 -0.45127E-03 -0.13544E-03
        0.2758  0.00000E+00 -0.41449E-04  0.00000E+00 -0.39195E-05  0.00000E+00  0.00000E+00  0.83658E-03  0.88267E-03  0.87924E-03  0.59762E-04  0.16484E-04 -0.11743E-03       9  0.88307E-03  0.00000E+00  0.00000E+00  0.76042E-04  0.14534E-04 -0.22041E-03 -0.92393E-04 -0.39659E-03 -0.15527E-03
        0.3258  0.00000E+00 -0.12263E-03  0.00000E+00 -0.10051E-04  0.00000E+00  0.00000E+00  0.83803E-03  0.88267E-03  0.87902E-03  0.59763E-04  0.19472E-04 -0.89947E-04      10  0.88305E-03  0.00000E+00  0.00000E+00  0.21938E-03  0.25503E-04 -0.16337E-03 -0.10056E-03 -0.33840E-03 -0.17219E-03
        0.3758  0.00000E+00 -0.19133E-03  0.00000E+00 -0.19617E-04  0.00000E+00  0.00000E+00  0.83935E-03  0.88269E-03  0.87925E-03  0.59764E-04  0.22460E-04 -0.53061E-04      11  0.88306E-03  0.00000E+00  0.00000E+00  0.32900E-03  0.41953E-04 -0.99128E-04 -0.10552E-03 -0.27050E-03 -0.18571E-03
        0.4258  0.00000E+00 -0.24100E-03  0.00000E+00 -0.31667E-04  0.00000E+00  0.00000E+00  0.84019E-03  0.88270E-03  0.87914E-03  0.59765E-04  0.25449E-04 -0.75933E-05      12  0.88306E-03  0.00000E+00  0.00000E+00  0.40463E-03  0.62185E-04 -0.33526E-04 -0.10719E-03 -0.19902E-03 -0.19566E-03
        0.4758  0.00000E+00 -0.27574E-03  0.00000E+00 -0.45455E-04  0.00000E+00  0.00000E+00  0.84074E-03  0.88271E-03  0.87926E-03  0.59765E-04  0.28437E-04  0.42608E-04      13  0.88306E-03  0.00000E+00  0.00000E+00  0.44031E-03  0.84200E-04  0.25210E-04 -0.10593E-03 -0.12884E-03 -0.20211E-03
        0.5258  0.00000E+00 -0.29835E-03  0.00000E+00 -0.60372E-04  0.00000E+00  0.00000E+00  0.84085E-03  0.88272E-03  0.87921E-03  0.59766E-04  0.31425E-04  0.94702E-04      14  0.88306E-03  0.00000E+00  0.00000E+00  0.43810E-03  0.10611E-03  0.71667E-04 -0.10235E-03 -0.66106E-04 -0.20541E-03
        0.5758  0.00000E+00 -0.31093E-03  0.00000E+00 -0.75919E-04  0.00000E+00  0.00000E+00  0.84062E-03  0.88272E-03  0.87926E-03  0.59766E-04  0.34414E-04  0.14446E-03      15  0.88306E-03  0.00000E+00  0.00000E+00  0.39656E-03  0.12593E-03  0.99985E-04 -0.97351E-04 -0.15271E-04 -0.20617E-03
        0.6258  0.00000E+00 -0.31526E-03  0.00000E+00 -0.91682E-04  0.00000E+00  0.00000E+00  0.83998E-03  0.88272E-03  0.87923E-03  0.59766E-04  0.37402E-04  0.18869E-03      16  0.88306E-03  0.00000E+00  0.00000E+00  0.31885E-03  0.14188E-03  0.10872E-03 -0.91914E-04  0.20512E-04 -0.20515E-03
        0.6758  0.00000E+00 -0.31293E-03  0.00000E+00 -0.10733E-03  0.00000E+00  0.00000E+00  0.83900E-03  0.88271E-03  0.87926E-03  0.59765E-04  0.40390E-04  0.22402E-03      17  0.88306E-03  0.00000E+00  0.00000E+00  0.20738E-03  0.15225E-03  0.98055E-04 -0.87012E-04  0.38971E-04 -0.20320E-03
        0.7258  0.00000E+00 -0.30535E-03  0.00000E+00 -0.12260E-03  0.00000E+00  0.00000E+00  0.83766E-03  0.88270E-03  0.87924E-03  0.59765E-04  0.43378E-04  0.24839E-03      18  0.88306E-03  0.00000E+00  0.00000E+00  0.67585E-04  0.15562E-03  0.70953E-04 -0.83464E-04  0.39680E-04 -0.20122E-03
        0.7758  0.00000E+00 -0.29398E-03  0.00000E+00 -0.13730E-03  0.00000E+00  0.00000E+00  0.83726E-03  0.88269E-03  0.87926E-03  0.59764E-04  0.46366E-04  0.26432E-03      19  0.88306E-03  0.00000E+00  0.00000E+00  0.39455E-04  0.15760E-03  0.49636E-04 -0.80982E-04  0.28947E-04 -0.19977E-03
        0.8258  0.00000E+00 -0.28028E-03  0.00000E+00 -0.15131E-03  0.00000E+00  0.00000E+00  0.83734E-03  0.88268E-03  0.87924E-03  0.59763E-04  0.49355E-04  0.27820E-03      20  0.88306E-03  0.00000E+00  0.00000E+00  0.43145E-04  0.15975E-03  0.34725E-04 -0.79246E-04  0.18284E-04 -0.19886E-03
        0.8758  0.00000E+00 -0.26531E-03  0.00000E+00 -0.16457E-03  0.00000E+00  0.00000E+00  0.83735E-03  0.88268E-03  0.87925E-03  0.59763E-04  0.52343E-04  0.29177E-03      21  0.88306E-03  0.00000E+00  0.00000E+00  0.46421E-04  0.16208E-03  0.25831E-04 -0.77954E-04  0.98001E-05 -0.19837E-03
        0.9258  0.00000E+00 -0.24986E-03  0.00000E+00 -0.17707E-03  0.00000E+00  0.00000E+00  0.83741E-03  0.88268E-03  0.87924E-03  0.59763E-04  0.55331E-04  0.30492E-03      22  0.88306E-03  0.00000E+00  0.00000E+00  0.48674E-04  0.16451E-03  0.20299E-04 -0.76939E-04  0.38780E-05 -0.19817E-03
        0.9629  0.00000E+00 -0.23645E-03  0.00000E+00 -0.18584E-03  0.00000E+00  0.00000E+00  0.83742E-03  0.88268E-03  0.87924E-03  0.59763E-04  0.57547E-04  0.31451E-03      23  0.88306E-03  0.00000E+00  0.00000E+00  0.49688E-04  0.16635E-03  0.17426E-04 -0.76293E-04  0.56908E-06 -0.19815E-03
        1.0000  0.00000E+00 -0.22527E-03  0.00000E+00 -0.19419E-03  0.00000E+00  0.00000E+00  0.83744E-03  0.88268E-03  0.87924E-03  0.59763E-04  0.59764E-04  0.32387E-03      24  0.88306E-03  0.00000E+00  0.00000E+00  0.49991E-04  0.16821E-03  0.15468E-04 -0.75720E-04 -0.16586E-05 -0.19821E-03
end
