 ******* Program HYDRUS
 ******* 
 Welcome to HYDRUS-1D                                                    
 Date:  29. 3.2022    Time:  17:27:17
 Units: L = cm   , T = days , M = mg   

       Time          rTop        rRoot        vTop         vRoot        vBot       sum(rTop)   sum(rRoot)    sum(vTop)   sum(vRoot)    sum(vBot)      hTop         hRoot        hBot        RunOff    sum(RunOff)     Volume     sum(Infil)    sum(Evap) TLevel Cum(WTrans)  SnowLayer
        [T]         [L/T]        [L/T]        [L/T]        [L/T]        [L/T]         [L]          [L]          [L]         [L]           [L]         [L]           [L]         [L]          [L/T]         [L]          [L]          [L]          [L]

       0.0100  0.42699E-01  0.19618E-01  0.42706E-01  0.19614E-01  0.81107E+00  0.42699E-03  0.19618E-03  0.42706E-03  0.19614E-03  0.81107E-02 -0.76408E+02 -0.32955E+02  0.22808E+03  0.00000E+00  0.00000E+00  0.11047E+03  0.00000E+00  0.42706E-03      1  0.00000E+00      0.000
       0.0230  0.42699E-01  0.19618E-01  0.42706E-01  0.19614E-01  0.70320E+00  0.98208E-03  0.45122E-03  0.98223E-03  0.45111E-03  0.17252E-01 -0.76447E+02 -0.32592E+02  0.22808E+03  0.00000E+00  0.00000E+00  0.11048E+03  0.00000E+00  0.98223E-03      2  0.00000E+00      0.000
       0.0399  0.42699E-01  0.19618E-01  0.42689E-01  0.19614E-01  0.60593E+00  0.17037E-02  0.78276E-03  0.17037E-02  0.78258E-03  0.27492E-01 -0.76346E+02 -0.32188E+02  0.22808E+03  0.00000E+00  0.00000E+00  0.11049E+03  0.00000E+00  0.17037E-02      3  0.00000E+00      0.000
       0.0619  0.42699E-01  0.19618E-01  0.42693E-01  0.19614E-01  0.53607E+00  0.26418E-02  0.12138E-02  0.26416E-02  0.12135E-02  0.39270E-01 -0.76062E+02 -0.31813E+02  0.22808E+03  0.00000E+00  0.00000E+00  0.11050E+03  0.00000E+00  0.26416E-02      4  0.00000E+00      0.000
       0.0904  0.42699E-01  0.19618E-01  0.42702E-01  0.19614E-01  0.46843E+00  0.38613E-02  0.17741E-02  0.38612E-02  0.17737E-02  0.52649E-01 -0.75650E+02 -0.31411E+02  0.22808E+03  0.00000E+00  0.00000E+00  0.11051E+03  0.00000E+00  0.38612E-02      5  0.00000E+00      0.000
       0.1276  0.42699E-01  0.19618E-01  0.42704E-01  0.19614E-01  0.40123E+00  0.54467E-02  0.25025E-02  0.54468E-02  0.25019E-02  0.67546E-01 -0.75153E+02 -0.30989E+02  0.22808E+03  0.00000E+00  0.00000E+00  0.11052E+03  0.00000E+00  0.54468E-02      6  0.00000E+00      0.000
       0.1758  0.42699E-01  0.19618E-01  0.42703E-01  0.19614E-01  0.33314E+00  0.75077E-02  0.34494E-02  0.75080E-02  0.34487E-02  0.83626E-01 -0.74620E+02 -0.30552E+02  0.22808E+03  0.00000E+00  0.00000E+00  0.11053E+03  0.00000E+00  0.75080E-02      7  0.00000E+00      0.000
       0.2386  0.42699E-01  0.19618E-01  0.42698E-01  0.19614E-01  0.26638E+00  0.10187E-01  0.46804E-02  0.10187E-01  0.46794E-02  0.10034E+00 -0.74093E+02 -0.30123E+02  0.22808E+03  0.00000E+00  0.00000E+00  0.11055E+03  0.00000E+00  0.10187E-01      8  0.00000E+00      0.000
       0.3232  0.21712E+00  0.99755E-01  0.21712E+00  0.99735E-01  0.25002E+00  0.28556E-01  0.13120E-01  0.28556E-01  0.13117E-01  0.12149E+00 -0.74396E+02 -0.30075E+02  0.22808E+03  0.00000E+00  0.00000E+00  0.11055E+03  0.00000E+00  0.28556E-01      9  0.00000E+00      0.000
       0.4360  0.45021E+00  0.20685E+00  0.45022E+00  0.20681E+00  0.34817E+00  0.79341E-01  0.36453E-01  0.79342E-01  0.36446E-01  0.16077E+00 -0.75785E+02 -0.30789E+02  0.22808E+03  0.00000E+00  0.00000E+00  0.11053E+03  0.00000E+00  0.79342E-01     10  0.00000E+00      0.000
       0.5770  0.43313E+00  0.19900E+00  0.43312E+00  0.19896E+00  0.46268E+00  0.14041E+00  0.64513E-01  0.14041E+00  0.64499E-01  0.22601E+00 -0.76682E+02 -0.31527E+02  0.22808E+03  0.00000E+00  0.00000E+00  0.11050E+03  0.00000E+00  0.14041E+00     11  0.00000E+00      0.000
       0.7885  0.42699E-01  0.19618E-01  0.42704E-01  0.19614E-01  0.35392E+00  0.14945E+00  0.68662E-01  0.14945E+00  0.68648E-01  0.30086E+00 -0.74767E+02 -0.30687E+02  0.22808E+03  0.00000E+00  0.00000E+00  0.11052E+03  0.00000E+00  0.14945E+00     12  0.00000E+00      0.000
       1.0000  0.42699E-01  0.19618E-01  0.42699E-01  0.19614E-01  0.21509E+00  0.15848E+00  0.72812E-01  0.15848E+00  0.72796E-01  0.34636E+00 -0.73699E+02 -0.29798E+02  0.22808E+03  0.00000E+00  0.00000E+00  0.11056E+03  0.00000E+00  0.15848E+00     13  0.00000E+00      0.000
end
