 ******* Program HYDRUS
 ******* 
 Welcome to HYDRUS-1D                                                    
 Date:  28. 3.2022    Time:   8:56:36
 Units: L = cm   , T = days , M = mg   


 Time:        0.0000


 Node      Depth      Head Moisture       K          C         Flux        Sink         Kappa   v/KsTop   Temp   Conc(1..NS) Sorb(1...NS)
           [L]        [L]    [-]        [L/T]      [1/L]      [L/T]        [1/T]         [-]      [-]      [C]      [M/L*3]

   1     0.0000    -215.597 0.2809   0.1068E+01  0.3627E-03  0.1737E-01  0.0000E+00      -1   0.400E-03   20.00  0.8504E-03  0.1020E+00
   2    -3.0000    -212.549 0.2820   0.1103E+01  0.3664E-03  0.1055E-01  0.0000E+00      -1   0.243E-03   20.00  0.8646E-03  0.1038E+00
   3    -6.0000    -209.539 0.2831   0.1138E+01  0.3700E-03 -0.2754E-02  0.0000E+00      -1  -0.634E-04   20.00  0.8734E-03  0.1048E+00
   4    -9.0000    -206.563 0.2842   0.1172E+01  0.3736E-03 -0.1314E-01  0.1229E-02      -1  -0.302E-03   20.00  0.8791E-03  0.1055E+00
   5   -12.0000    -203.606 0.2853   0.1206E+01  0.3772E-03 -0.2116E-01  0.1230E-02      -1  -0.487E-03   20.00  0.8825E-03  0.1059E+00
   6   -15.0000    -200.668 0.2863   0.1240E+01  0.3808E-03 -0.2877E-01  0.1231E-02      -1  -0.662E-03   20.00  0.8834E-03  0.1060E+00
   7   -18.0000    -197.745 0.2874   0.1274E+01  0.3843E-03 -0.3635E-01  0.1232E-02      -1  -0.836E-03   20.00  0.8834E-03  0.1060E+00
   8   -21.0000    -194.839 0.2884   0.1307E+01  0.3878E-03 -0.4449E-01  0.1233E-02      -1  -0.102E-02   20.00  0.8833E-03  0.1060E+00
   9   -24.0000    -191.949 0.2895   0.1341E+01  0.3913E-03 -0.5331E-01  0.1191E-02      -1  -0.123E-02   20.00  0.8833E-03  0.1060E+00
  10   -27.0000    -189.076 0.2907   0.1403E+01  0.3950E-03 -0.6370E-01  0.1122E-02      -1  -0.147E-02   20.00  0.8833E-03  0.1060E+00
  11   -30.0000    -186.221 0.2918   0.1467E+01  0.3988E-03 -0.7512E-01  0.1052E-02      -1  -0.173E-02   20.00  0.8833E-03  0.1060E+00
  12   -33.0000    -183.383 0.2930   0.1530E+01  0.4025E-03 -0.8729E-01  0.9828E-03      -1  -0.201E-02   20.00  0.8833E-03  0.1060E+00
  13   -36.0000    -180.563 0.2942   0.1593E+01  0.4061E-03 -0.1001E+00  0.9131E-03      -1  -0.230E-02   20.00  0.8833E-03  0.1060E+00
  14   -39.0000    -177.760 0.2954   0.1655E+01  0.4098E-03 -0.1137E+00  0.8433E-03      -1  -0.262E-02   20.00  0.8833E-03  0.1060E+00
  15   -42.0000    -174.975 0.2965   0.1717E+01  0.4134E-03 -0.1280E+00  0.7734E-03      -1  -0.295E-02   20.00  0.8833E-03  0.1060E+00
  16   -45.0000    -172.207 0.2977   0.1779E+01  0.4170E-03 -0.1430E+00  0.7035E-03      -1  -0.329E-02   20.00  0.8833E-03  0.1060E+00
  17   -48.0000    -169.457 0.2988   0.1840E+01  0.4206E-03 -0.1586E+00  0.6334E-03      -1  -0.365E-02   20.00  0.8833E-03  0.1060E+00
  18   -51.0000    -166.724 0.3000   0.1901E+01  0.4241E-03 -0.1750E+00  0.5633E-03      -1  -0.403E-02   20.00  0.8833E-03  0.1060E+00
  19   -54.0000    -164.009 0.3011   0.1961E+01  0.4277E-03 -0.1920E+00  0.4931E-03      -1  -0.442E-02   20.00  0.8833E-03  0.1060E+00
  20   -57.0000    -161.311 0.3022   0.2022E+01  0.4312E-03 -0.2090E+00  0.4228E-03      -1  -0.481E-02   20.00  0.8833E-03  0.1060E+00
  21   -60.0000    -158.629 0.3034   0.2081E+01  0.4347E-03 -0.2269E+00  0.3525E-03      -1  -0.522E-02   20.00  0.8833E-03  0.1060E+00
  22   -63.0000    -155.965 0.3045   0.2141E+01  0.4381E-03 -0.2455E+00  0.2821E-03      -1  -0.565E-02   20.00  0.8833E-03  0.1060E+00
  23   -66.0000    -153.317 0.3056   0.2200E+01  0.4416E-03 -0.2647E+00  0.2117E-03      -1  -0.609E-02   20.00  0.8833E-03  0.1060E+00
  24   -69.0000    -150.685 0.3067   0.2281E+01  0.4448E-03 -0.2860E+00  0.1412E-03      -1  -0.658E-02   20.00  0.8833E-03  0.1060E+00
  25   -72.0000    -148.067 0.3079   0.2386E+01  0.4478E-03 -0.3078E+00  0.7060E-04      -1  -0.708E-02   20.00  0.8833E-03  0.1060E+00
  26   -75.0000    -145.459 0.3092   0.2489E+01  0.4509E-03 -0.3287E+00  0.0000E+00      -1  -0.756E-02   20.00  0.8833E-03  0.1060E+00
  27   -78.0000    -142.859 0.3104   0.2593E+01  0.4539E-03 -0.3497E+00  0.0000E+00      -1  -0.805E-02   20.00  0.8833E-03  0.1060E+00
  28   -81.0000    -140.268 0.3116   0.2696E+01  0.4569E-03 -0.3708E+00  0.0000E+00      -1  -0.853E-02   20.00  0.8833E-03  0.1060E+00
  29   -84.0000    -137.684 0.3127   0.2799E+01  0.4598E-03 -0.3910E+00  0.0000E+00      -1  -0.900E-02   20.00  0.8833E-03  0.1060E+00
  30   -87.0000    -135.106 0.3139   0.2902E+01  0.4628E-03 -0.4112E+00  0.0000E+00      -1  -0.946E-02   20.00  0.8833E-03  0.1060E+00
  31   -90.0000    -132.534 0.3151   0.3005E+01  0.4658E-03 -0.4307E+00  0.0000E+00      -1  -0.991E-02   20.00  0.8833E-03  0.1060E+00
  32   -93.0000    -129.966 0.3163   0.3107E+01  0.4688E-03 -0.4495E+00  0.0000E+00      -1  -0.103E-01   20.00  0.8833E-03  0.1060E+00
  33   -96.0000    -127.402 0.3175   0.3209E+01  0.4717E-03 -0.4685E+00  0.0000E+00      -1  -0.108E-01   20.00  0.8833E-03  0.1060E+00
  34   -99.0000    -124.842 0.3187   0.3311E+01  0.4747E-03 -0.4862E+00  0.0000E+00      -1  -0.112E-01   20.00  0.8833E-03  0.1060E+00
  35  -102.0000    -122.283 0.3199   0.3413E+01  0.4777E-03 -0.5036E+00  0.0000E+00      -1  -0.116E-01   20.00  0.8833E-03  0.1060E+00
  36  -105.0000    -119.726 0.3211   0.3534E+01  0.4803E-03 -0.5218E+00  0.0000E+00      -1  -0.120E-01   20.00  0.8833E-03  0.1060E+00
  37  -108.0000    -117.166 0.3223   0.3703E+01  0.4821E-03 -0.5387E+00  0.0000E+00      -1  -0.124E-01   20.00  0.8833E-03  0.1060E+00
  38  -111.0000    -114.599 0.3236   0.3872E+01  0.4839E-03 -0.5549E+00  0.0000E+00      -1  -0.128E-01   20.00  0.8833E-03  0.1060E+00
  39  -114.0000    -112.026 0.3248   0.4042E+01  0.4858E-03 -0.5712E+00  0.0000E+00      -1  -0.131E-01   20.00  0.8833E-03  0.1060E+00
  40  -117.0000    -109.447 0.3261   0.4212E+01  0.4876E-03 -0.5868E+00  0.0000E+00      -1  -0.135E-01   20.00  0.8833E-03  0.1060E+00
  41  -120.0000    -106.862 0.3274   0.4383E+01  0.4894E-03 -0.6018E+00  0.0000E+00      -1  -0.138E-01   20.00  0.8833E-03  0.1060E+00
  42  -123.0000    -104.271 0.3286   0.4554E+01  0.4913E-03 -0.6162E+00  0.0000E+00      -1  -0.142E-01   20.00  0.8833E-03  0.1060E+00
  43  -126.0000    -101.674 0.3299   0.4725E+01  0.4931E-03 -0.6291E+00  0.0000E+00      -1  -0.145E-01   20.00  0.8833E-03  0.1060E+00
  44  -129.0000     -99.070 0.3312   0.4897E+01  0.4950E-03 -0.6422E+00  0.0000E+00      -1  -0.148E-01   20.00  0.8833E-03  0.1060E+00
  45  -132.0000     -96.461 0.3325   0.5069E+01  0.4968E-03 -0.6556E+00  0.0000E+00      -1  -0.151E-01   20.00  0.8833E-03  0.1060E+00
  46  -135.0000     -93.844 0.3338   0.5299E+01  0.4974E-03 -0.6668E+00  0.0000E+00      -1  -0.153E-01   20.00  0.8833E-03  0.1060E+00
  47  -138.0000     -91.215 0.3351   0.5566E+01  0.4973E-03 -0.6789E+00  0.0000E+00      -1  -0.156E-01   20.00  0.8833E-03  0.1060E+00
  48  -141.0000     -88.576 0.3364   0.5834E+01  0.4972E-03 -0.6901E+00  0.0000E+00      -1  -0.159E-01   20.00  0.8833E-03  0.1060E+00
  49  -144.0000     -85.925 0.3377   0.6104E+01  0.4971E-03 -0.7007E+00  0.0000E+00      -1  -0.161E-01   20.00  0.8833E-03  0.1060E+00
  50  -147.0000     -83.265 0.3390   0.6374E+01  0.4970E-03 -0.7105E+00  0.0000E+00      -1  -0.163E-01   20.00  0.8833E-03  0.1060E+00
  51  -150.0000     -80.594 0.3404   0.6645E+01  0.4968E-03 -0.7197E+00  0.0000E+00      -1  -0.166E-01   20.00  0.8833E-03  0.1060E+00
  52  -153.0000     -77.915 0.3417   0.6917E+01  0.4967E-03 -0.7301E+00  0.0000E+00      -1  -0.168E-01   20.00  0.8833E-03  0.1060E+00
  53  -156.0000     -75.227 0.3430   0.7209E+01  0.4962E-03 -0.7389E+00  0.0000E+00      -1  -0.170E-01   20.00  0.8833E-03  0.1060E+00
  54  -159.0000     -72.528 0.3444   0.7605E+01  0.4933E-03 -0.7462E+00  0.0000E+00      -1  -0.172E-01   20.00  0.8833E-03  0.1060E+00
  55  -162.0000     -69.816 0.3457   0.8003E+01  0.4905E-03 -0.7533E+00  0.0000E+00      -1  -0.173E-01   20.00  0.8833E-03  0.1060E+00
  56  -165.0000     -67.093 0.3470   0.8403E+01  0.4876E-03 -0.7616E+00  0.0000E+00      -1  -0.175E-01   20.00  0.8833E-03  0.1060E+00
  57  -168.0000     -64.360 0.3484   0.8804E+01  0.4847E-03 -0.7686E+00  0.0000E+00      -1  -0.177E-01   20.00  0.8833E-03  0.1060E+00
  58  -171.0000     -61.617 0.3497   0.9206E+01  0.4818E-03 -0.7742E+00  0.0000E+00      -1  -0.178E-01   20.00  0.8833E-03  0.1060E+00
  59  -174.0000     -58.864 0.3510   0.9669E+01  0.4776E-03 -0.7797E+00  0.0000E+00      -1  -0.179E-01   20.00  0.8833E-03  0.1060E+00
  60  -177.0000     -56.100 0.3523   0.1022E+02  0.4714E-03 -0.7868E+00  0.0000E+00      -1  -0.181E-01   20.00  0.8833E-03  0.1060E+00
  61  -180.0000     -53.326 0.3536   0.1078E+02  0.4652E-03 -0.7919E+00  0.0000E+00      -1  -0.182E-01   20.00  0.8833E-03  0.1060E+00
  62  -183.0000     -50.541 0.3549   0.1134E+02  0.4590E-03 -0.7971E+00  0.0000E+00      -1  -0.183E-01   20.00  0.8833E-03  0.1060E+00
  63  -186.0000     -47.748 0.3562   0.1190E+02  0.4527E-03 -0.8013E+00  0.0000E+00      -1  -0.184E-01   20.00  0.8833E-03  0.1060E+00
  64  -189.0000     -44.944 0.3575   0.1262E+02  0.4432E-03 -0.8053E+00  0.0000E+00      -1  -0.185E-01   20.00  0.8833E-03  0.1060E+00
  65  -192.0000     -42.131 0.3587   0.1336E+02  0.4333E-03 -0.8098E+00  0.0000E+00      -1  -0.186E-01   20.00  0.8833E-03  0.1060E+00
  66  -195.0000     -39.308 0.3599   0.1410E+02  0.4234E-03 -0.8137E+00  0.0000E+00      -1  -0.187E-01   20.00  0.8833E-03  0.1060E+00
  67  -198.0000     -36.477 0.3611   0.1492E+02  0.4119E-03 -0.8166E+00  0.0000E+00      -1  -0.188E-01   20.00  0.8833E-03  0.1060E+00
  68  -201.0000     -33.636 0.3622   0.1586E+02  0.3981E-03 -0.8189E+00  0.0000E+00      -1  -0.188E-01   20.00  0.8833E-03  0.1060E+00
  69  -204.0000     -30.787 0.3634   0.1680E+02  0.3844E-03 -0.8216E+00  0.0000E+00      -1  -0.189E-01   20.00  0.8833E-03  0.1060E+00
  70  -207.0000     -27.929 0.3644   0.1789E+02  0.3680E-03 -0.8232E+00  0.0000E+00      -1  -0.189E-01   20.00  0.8833E-03  0.1060E+00
  71  -210.0000     -25.063 0.3655   0.1906E+02  0.3504E-03 -0.8296E+00  0.0000E+00      -1  -0.191E-01   20.00  0.8833E-03  0.1060E+00
  72  -213.0000     -22.190 0.3665   0.2034E+02  0.3307E-03 -0.8308E+00  0.0000E+00      -1  -0.191E-01   20.00  0.8833E-03  0.1060E+00
  73  -216.0000     -19.308 0.3674   0.2175E+02  0.3092E-03 -0.8310E+00  0.0000E+00      -1  -0.191E-01   20.00  0.8833E-03  0.1060E+00
  74  -219.0000     -16.419 0.3683   0.2336E+02  0.2844E-03 -0.8335E+00  0.0000E+00      -1  -0.192E-01   20.00  0.8833E-03  0.1060E+00
  75  -222.0000     -13.522 0.3690   0.2515E+02  0.2570E-03 -0.8309E+00  0.0000E+00      -1  -0.191E-01   20.00  0.8833E-03  0.1060E+00
  76  -225.0000     -10.617 0.3697   0.2722E+02  0.2257E-03 -0.8316E+00  0.0000E+00      -1  -0.191E-01   20.00  0.8833E-03  0.1060E+00
  77  -228.0000      -7.705 0.3704   0.2965E+02  0.1895E-03 -0.8379E+00  0.0000E+00      -1  -0.193E-01   20.00  0.8833E-03  0.1060E+00
  78  -231.0000      -4.786 0.3709   0.3270E+02  0.1452E-03 -0.8390E+00  0.0000E+00      -1  -0.193E-01   20.00  0.8833E-03  0.1060E+00
  79  -234.0000      -1.858 0.3712   0.3701E+02  0.8492E-04 -0.8340E+00  0.0000E+00      -1  -0.192E-01   20.00  0.8833E-03  0.1060E+00
  80  -237.0000       1.080 0.3713   0.4346E+02  0.0000E+00 -0.8359E+00  0.0000E+00      -1  -0.192E-01   20.00  0.8833E-03  0.1060E+00
  81  -240.0000       4.022 0.3713   0.4346E+02  0.0000E+00 -0.8403E+00  0.0000E+00      -1  -0.193E-01   20.00  0.8833E-03  0.1060E+00
  82  -243.0000       6.964 0.3713   0.4346E+02  0.0000E+00 -0.8403E+00  0.0000E+00      -1  -0.193E-01   20.00  0.8833E-03  0.1060E+00
  83  -246.0000       9.906 0.3713   0.4346E+02  0.0000E+00 -0.8330E+00  0.0000E+00      -1  -0.192E-01   20.00  0.8833E-03  0.1060E+00
  84  -249.0000      12.849 0.3713   0.4346E+02  0.0000E+00 -0.8330E+00  0.0000E+00      -1  -0.192E-01   20.00  0.8833E-03  0.1060E+00
  85  -252.0000      15.791 0.3713   0.4346E+02  0.0000E+00 -0.8403E+00  0.0000E+00      -1  -0.193E-01   20.00  0.8833E-03  0.1060E+00
  86  -255.0000      18.733 0.3713   0.4346E+02  0.0000E+00 -0.8403E+00  0.0000E+00      -1  -0.193E-01   20.00  0.8833E-03  0.1060E+00
  87  -258.0000      21.675 0.3713   0.4346E+02  0.0000E+00 -0.8330E+00  0.0000E+00      -1  -0.192E-01   20.00  0.8833E-03  0.1060E+00
  88  -261.0000      24.618 0.3713   0.4346E+02  0.0000E+00 -0.8330E+00  0.0000E+00      -1  -0.192E-01   20.00  0.8833E-03  0.1060E+00
  89  -264.0000      27.560 0.3713   0.4346E+02  0.0000E+00 -0.8403E+00  0.0000E+00      -1  -0.193E-01   20.00  0.8833E-03  0.1060E+00
  90  -267.0000      30.502 0.3713   0.4346E+02  0.0000E+00 -0.8403E+00  0.0000E+00      -1  -0.193E-01   20.00  0.8833E-03  0.1060E+00
  91  -270.0000      33.444 0.3713   0.4346E+02  0.0000E+00 -0.8403E+00  0.0000E+00      -1  -0.193E-01   20.00  0.8833E-03  0.1060E+00
  92  -273.0000      36.386 0.3713   0.4346E+02  0.0000E+00 -0.8330E+00  0.0000E+00      -1  -0.192E-01   20.00  0.8833E-03  0.1060E+00
  93  -276.0000      39.329 0.3713   0.4346E+02  0.0000E+00 -0.8330E+00  0.0000E+00      -1  -0.192E-01   20.00  0.8833E-03  0.1060E+00
  94  -279.0000      42.271 0.3713   0.4346E+02  0.0000E+00 -0.8403E+00  0.0000E+00      -1  -0.193E-01   20.00  0.8833E-03  0.1060E+00
  95  -282.0000      45.213 0.3713   0.4346E+02  0.0000E+00 -0.8403E+00  0.0000E+00      -1  -0.193E-01   20.00  0.8833E-03  0.1060E+00
  96  -285.0000      48.155 0.3713   0.4346E+02  0.0000E+00 -0.8330E+00  0.0000E+00      -1  -0.192E-01   20.00  0.8833E-03  0.1060E+00
  97  -288.0000      51.098 0.3713   0.4346E+02  0.0000E+00 -0.8330E+00  0.0000E+00      -1  -0.192E-01   20.00  0.8833E-03  0.1060E+00
  98  -291.0000      54.040 0.3713   0.4346E+02  0.0000E+00 -0.8403E+00  0.0000E+00      -1  -0.193E-01   20.00  0.8832E-03  0.1060E+00
  99  -294.0000      56.982 0.3713   0.4346E+02  0.0000E+00 -0.8403E+00  0.0000E+00      -1  -0.193E-01   20.00  0.8825E-03  0.1059E+00
 100  -297.0000      59.924 0.3713   0.4346E+02  0.0000E+00 -0.8330E+00  0.0000E+00      -1  -0.192E-01   20.00  0.8817E-03  0.1058E+00
 101  -300.0000      62.867 0.3713   0.4346E+02  0.0000E+00 -0.8258E+00  0.0000E+00      -1  -0.190E-01   20.00  0.8817E-03  0.1057E+00
end


 Time:        1.0000


 Node      Depth      Head Moisture       K          C         Flux        Sink         Kappa   v/KsTop   Temp   Conc(1..NS) Sorb(1...NS)
           [L]        [L]    [-]        [L/T]      [1/L]      [L/T]        [1/T]         [-]      [-]      [C]      [M/L*3]

   1     0.0000    -229.177 0.2760   0.9115E+00  0.3462E-03  0.1664E-01  0.0000E+00      -1   0.383E-03   20.00  0.8504E-03  0.1020E+00
   2    -3.0000    -226.132 0.2771   0.9466E+00  0.3499E-03  0.1109E-01  0.0000E+00      -1   0.255E-03   20.00  0.8649E-03  0.1038E+00
   3    -6.0000    -223.106 0.2782   0.9815E+00  0.3536E-03  0.5768E-02  0.0000E+00      -1   0.133E-03   20.00  0.8734E-03  0.1048E+00
   4    -9.0000    -220.096 0.2793   0.1016E+01  0.3572E-03  0.2529E-02  0.1225E-02      -1   0.582E-04   20.00  0.8792E-03  0.1055E+00
   5   -12.0000    -217.091 0.2804   0.1051E+01  0.3609E-03  0.1384E-02  0.1226E-02      -1   0.318E-04   20.00  0.8825E-03  0.1059E+00
   6   -15.0000    -214.089 0.2815   0.1085E+01  0.3645E-03  0.4850E-03  0.1227E-02      -1   0.112E-04   20.00  0.8834E-03  0.1060E+00
   7   -18.0000    -211.088 0.2826   0.1120E+01  0.3681E-03 -0.1866E-03  0.1228E-02      -1  -0.429E-05   20.00  0.8834E-03  0.1060E+00
   8   -21.0000    -208.089 0.2836   0.1155E+01  0.3718E-03 -0.6575E-03  0.1229E-02      -1  -0.151E-04   20.00  0.8834E-03  0.1060E+00
   9   -24.0000    -205.092 0.2847   0.1189E+01  0.3754E-03 -0.1021E-02  0.1188E-02      -1  -0.235E-04   20.00  0.8834E-03  0.1060E+00
  10   -27.0000    -202.095 0.2858   0.1224E+01  0.3790E-03 -0.1422E-02  0.1119E-02      -1  -0.327E-04   20.00  0.8834E-03  0.1060E+00
  11   -30.0000    -199.099 0.2869   0.1258E+01  0.3827E-03 -0.1933E-02  0.1050E-02      -1  -0.445E-04   20.00  0.8834E-03  0.1060E+00
  12   -33.0000    -196.104 0.2880   0.1293E+01  0.3863E-03 -0.2589E-02  0.9802E-03      -1  -0.596E-04   20.00  0.8834E-03  0.1060E+00
  13   -36.0000    -193.111 0.2890   0.1327E+01  0.3899E-03 -0.3417E-02  0.9108E-03      -1  -0.786E-04   20.00  0.8834E-03  0.1060E+00
  14   -39.0000    -190.119 0.2902   0.1380E+01  0.3937E-03 -0.4730E-02  0.8413E-03      -1  -0.109E-03   20.00  0.8834E-03  0.1060E+00
  15   -42.0000    -187.131 0.2915   0.1446E+01  0.3976E-03 -0.6559E-02  0.7717E-03      -1  -0.151E-03   20.00  0.8834E-03  0.1060E+00
  16   -45.0000    -184.146 0.2927   0.1513E+01  0.4015E-03 -0.8634E-02  0.7019E-03      -1  -0.199E-03   20.00  0.8834E-03  0.1060E+00
  17   -48.0000    -181.165 0.2940   0.1579E+01  0.4053E-03 -0.1097E-01  0.6321E-03      -1  -0.252E-03   20.00  0.8833E-03  0.1060E+00
  18   -51.0000    -178.188 0.2952   0.1646E+01  0.4092E-03 -0.1359E-01  0.5622E-03      -1  -0.313E-03   20.00  0.8833E-03  0.1060E+00
  19   -54.0000    -175.215 0.2964   0.1712E+01  0.4131E-03 -0.1650E-01  0.4922E-03      -1  -0.380E-03   20.00  0.8833E-03  0.1060E+00
  20   -57.0000    -172.246 0.2977   0.1778E+01  0.4169E-03 -0.1968E-01  0.4221E-03      -1  -0.453E-03   20.00  0.8833E-03  0.1060E+00
  21   -60.0000    -169.281 0.2989   0.1844E+01  0.4208E-03 -0.2315E-01  0.3519E-03      -1  -0.533E-03   20.00  0.8833E-03  0.1060E+00
  22   -63.0000    -166.321 0.3001   0.1910E+01  0.4247E-03 -0.2689E-01  0.2817E-03      -1  -0.619E-03   20.00  0.8833E-03  0.1060E+00
  23   -66.0000    -163.365 0.3014   0.1976E+01  0.4285E-03 -0.3092E-01  0.2113E-03      -1  -0.711E-03   20.00  0.8833E-03  0.1060E+00
  24   -69.0000    -160.415 0.3026   0.2041E+01  0.4323E-03 -0.3521E-01  0.1410E-03      -1  -0.810E-03   20.00  0.8833E-03  0.1060E+00
  25   -72.0000    -157.469 0.3038   0.2107E+01  0.4362E-03 -0.3974E-01  0.7051E-04      -1  -0.914E-03   20.00  0.8833E-03  0.1060E+00
  26   -75.0000    -154.528 0.3051   0.2173E+01  0.4400E-03 -0.4451E-01  0.0000E+00      -1  -0.102E-02   20.00  0.8833E-03  0.1060E+00
  27   -78.0000    -151.592 0.3063   0.2245E+01  0.4438E-03 -0.4968E-01  0.0000E+00      -1  -0.114E-02   20.00  0.8833E-03  0.1060E+00
  28   -81.0000    -148.660 0.3077   0.2362E+01  0.4472E-03 -0.5511E-01  0.0000E+00      -1  -0.127E-02   20.00  0.8833E-03  0.1060E+00
  29   -84.0000    -145.732 0.3090   0.2479E+01  0.4505E-03 -0.6053E-01  0.0000E+00      -1  -0.139E-02   20.00  0.8833E-03  0.1060E+00
  30   -87.0000    -142.806 0.3104   0.2595E+01  0.4539E-03 -0.6592E-01  0.0000E+00      -1  -0.152E-02   20.00  0.8833E-03  0.1060E+00
  31   -90.0000    -139.884 0.3117   0.2712E+01  0.4573E-03 -0.7128E-01  0.0000E+00      -1  -0.164E-02   20.00  0.8833E-03  0.1060E+00
  32   -93.0000    -136.964 0.3131   0.2828E+01  0.4607E-03 -0.7658E-01  0.0000E+00      -1  -0.176E-02   20.00  0.8833E-03  0.1060E+00
  33   -96.0000    -134.046 0.3144   0.2944E+01  0.4641E-03 -0.8180E-01  0.0000E+00      -1  -0.188E-02   20.00  0.8833E-03  0.1060E+00
  34   -99.0000    -131.131 0.3158   0.3060E+01  0.4674E-03 -0.8695E-01  0.0000E+00      -1  -0.200E-02   20.00  0.8833E-03  0.1060E+00
  35  -102.0000    -128.217 0.3171   0.3177E+01  0.4708E-03 -0.9201E-01  0.0000E+00      -1  -0.212E-02   20.00  0.8833E-03  0.1060E+00
  36  -105.0000    -125.304 0.3185   0.3293E+01  0.4742E-03 -0.9696E-01  0.0000E+00      -1  -0.223E-02   20.00  0.8833E-03  0.1060E+00
  37  -108.0000    -122.393 0.3198   0.3409E+01  0.4775E-03 -0.1018E+00  0.0000E+00      -1  -0.234E-02   20.00  0.8833E-03  0.1060E+00
  38  -111.0000    -119.483 0.3212   0.3550E+01  0.4805E-03 -0.1067E+00  0.0000E+00      -1  -0.245E-02   20.00  0.8833E-03  0.1060E+00
  39  -114.0000    -116.573 0.3226   0.3742E+01  0.4825E-03 -0.1115E+00  0.0000E+00      -1  -0.257E-02   20.00  0.8833E-03  0.1060E+00
  40  -117.0000    -113.662 0.3240   0.3934E+01  0.4846E-03 -0.1162E+00  0.0000E+00      -1  -0.267E-02   20.00  0.8833E-03  0.1060E+00
  41  -120.0000    -110.750 0.3255   0.4126E+01  0.4867E-03 -0.1208E+00  0.0000E+00      -1  -0.278E-02   20.00  0.8833E-03  0.1060E+00
  42  -123.0000    -107.838 0.3269   0.4318E+01  0.4887E-03 -0.1253E+00  0.0000E+00      -1  -0.288E-02   20.00  0.8833E-03  0.1060E+00
  43  -126.0000    -104.924 0.3283   0.4510E+01  0.4908E-03 -0.1296E+00  0.0000E+00      -1  -0.298E-02   20.00  0.8833E-03  0.1060E+00
  44  -129.0000    -102.010 0.3297   0.4703E+01  0.4929E-03 -0.1337E+00  0.0000E+00      -1  -0.308E-02   20.00  0.8833E-03  0.1060E+00
  45  -132.0000     -99.095 0.3312   0.4895E+01  0.4949E-03 -0.1377E+00  0.0000E+00      -1  -0.317E-02   20.00  0.8833E-03  0.1060E+00
  46  -135.0000     -96.179 0.3326   0.5087E+01  0.4970E-03 -0.1415E+00  0.0000E+00      -1  -0.326E-02   20.00  0.8833E-03  0.1060E+00
  47  -138.0000     -93.261 0.3341   0.5358E+01  0.4974E-03 -0.1452E+00  0.0000E+00      -1  -0.334E-02   20.00  0.8833E-03  0.1060E+00
  48  -141.0000     -90.341 0.3355   0.5655E+01  0.4973E-03 -0.1488E+00  0.0000E+00      -1  -0.342E-02   20.00  0.8833E-03  0.1060E+00
  49  -144.0000     -87.419 0.3370   0.5952E+01  0.4972E-03 -0.1522E+00  0.0000E+00      -1  -0.350E-02   20.00  0.8833E-03  0.1060E+00
  50  -147.0000     -84.495 0.3384   0.6249E+01  0.4970E-03 -0.1555E+00  0.0000E+00      -1  -0.358E-02   20.00  0.8833E-03  0.1060E+00
  51  -150.0000     -81.569 0.3399   0.6546E+01  0.4969E-03 -0.1586E+00  0.0000E+00      -1  -0.365E-02   20.00  0.8833E-03  0.1060E+00
  52  -153.0000     -78.640 0.3413   0.6844E+01  0.4968E-03 -0.1616E+00  0.0000E+00      -1  -0.372E-02   20.00  0.8833E-03  0.1060E+00
  53  -156.0000     -75.710 0.3428   0.7141E+01  0.4966E-03 -0.1645E+00  0.0000E+00      -1  -0.378E-02   20.00  0.8833E-03  0.1060E+00
  54  -159.0000     -72.778 0.3442   0.7569E+01  0.4936E-03 -0.1671E+00  0.0000E+00      -1  -0.385E-02   20.00  0.8833E-03  0.1060E+00
  55  -162.0000     -69.843 0.3457   0.7999E+01  0.4905E-03 -0.1697E+00  0.0000E+00      -1  -0.390E-02   20.00  0.8833E-03  0.1060E+00
  56  -165.0000     -66.905 0.3471   0.8430E+01  0.4874E-03 -0.1721E+00  0.0000E+00      -1  -0.396E-02   20.00  0.8833E-03  0.1060E+00
  57  -168.0000     -63.965 0.3486   0.8862E+01  0.4843E-03 -0.1744E+00  0.0000E+00      -1  -0.401E-02   20.00  0.8833E-03  0.1060E+00
  58  -171.0000     -61.023 0.3500   0.9293E+01  0.4812E-03 -0.1765E+00  0.0000E+00      -1  -0.406E-02   20.00  0.8833E-03  0.1060E+00
  59  -174.0000     -58.079 0.3514   0.9826E+01  0.4759E-03 -0.1785E+00  0.0000E+00      -1  -0.411E-02   20.00  0.8833E-03  0.1060E+00
  60  -177.0000     -55.132 0.3528   0.1042E+02  0.4693E-03 -0.1804E+00  0.0000E+00      -1  -0.415E-02   20.00  0.8833E-03  0.1060E+00
  61  -180.0000     -52.183 0.3542   0.1101E+02  0.4627E-03 -0.1821E+00  0.0000E+00      -1  -0.419E-02   20.00  0.8833E-03  0.1060E+00
  62  -183.0000     -49.232 0.3555   0.1160E+02  0.4561E-03 -0.1837E+00  0.0000E+00      -1  -0.423E-02   20.00  0.8833E-03  0.1060E+00
  63  -186.0000     -46.278 0.3569   0.1227E+02  0.4479E-03 -0.1853E+00  0.0000E+00      -1  -0.426E-02   20.00  0.8833E-03  0.1060E+00
  64  -189.0000     -43.322 0.3582   0.1305E+02  0.4375E-03 -0.1866E+00  0.0000E+00      -1  -0.429E-02   20.00  0.8833E-03  0.1060E+00
  65  -192.0000     -40.364 0.3595   0.1382E+02  0.4271E-03 -0.1879E+00  0.0000E+00      -1  -0.432E-02   20.00  0.8833E-03  0.1060E+00
  66  -195.0000     -37.404 0.3607   0.1461E+02  0.4163E-03 -0.1891E+00  0.0000E+00      -1  -0.435E-02   20.00  0.8833E-03  0.1060E+00
  67  -198.0000     -34.441 0.3619   0.1559E+02  0.4020E-03 -0.1901E+00  0.0000E+00      -1  -0.437E-02   20.00  0.8833E-03  0.1060E+00
  68  -201.0000     -31.477 0.3631   0.1658E+02  0.3877E-03 -0.1911E+00  0.0000E+00      -1  -0.440E-02   20.00  0.8833E-03  0.1060E+00
  69  -204.0000     -28.511 0.3642   0.1766E+02  0.3716E-03 -0.1920E+00  0.0000E+00      -1  -0.442E-02   20.00  0.8833E-03  0.1060E+00
  70  -207.0000     -25.542 0.3653   0.1886E+02  0.3533E-03 -0.1928E+00  0.0000E+00      -1  -0.444E-02   20.00  0.8833E-03  0.1060E+00
  71  -210.0000     -22.572 0.3663   0.2015E+02  0.3336E-03 -0.1935E+00  0.0000E+00      -1  -0.445E-02   20.00  0.8833E-03  0.1060E+00
  72  -213.0000     -19.600 0.3673   0.2160E+02  0.3113E-03 -0.1941E+00  0.0000E+00      -1  -0.447E-02   20.00  0.8833E-03  0.1060E+00
  73  -216.0000     -16.626 0.3682   0.2324E+02  0.2862E-03 -0.1947E+00  0.0000E+00      -1  -0.448E-02   20.00  0.8833E-03  0.1060E+00
  74  -219.0000     -13.650 0.3690   0.2506E+02  0.2583E-03 -0.1952E+00  0.0000E+00      -1  -0.449E-02   20.00  0.8833E-03  0.1060E+00
  75  -222.0000     -10.672 0.3697   0.2717E+02  0.2264E-03 -0.1955E+00  0.0000E+00      -1  -0.450E-02   20.00  0.8833E-03  0.1060E+00
  76  -225.0000      -7.693 0.3704   0.2966E+02  0.1893E-03 -0.1959E+00  0.0000E+00      -1  -0.451E-02   20.00  0.8833E-03  0.1060E+00
  77  -228.0000      -4.712 0.3709   0.3278E+02  0.1440E-03 -0.1961E+00  0.0000E+00      -1  -0.451E-02   20.00  0.8833E-03  0.1060E+00
  78  -231.0000      -1.729 0.3712   0.3726E+02  0.8144E-04 -0.1963E+00  0.0000E+00      -1  -0.452E-02   20.00  0.8833E-03  0.1060E+00
  79  -234.0000       1.257 0.3713   0.4346E+02  0.0000E+00 -0.1963E+00  0.0000E+00      -1  -0.452E-02   20.00  0.8833E-03  0.1060E+00
  80  -237.0000       4.243 0.3713   0.4346E+02  0.0000E+00 -0.1963E+00  0.0000E+00      -1  -0.452E-02   20.00  0.8833E-03  0.1060E+00
  81  -240.0000       7.230 0.3713   0.4346E+02  0.0000E+00 -0.1963E+00  0.0000E+00      -1  -0.452E-02   20.00  0.8833E-03  0.1060E+00
  82  -243.0000      10.216 0.3713   0.4346E+02  0.0000E+00 -0.1963E+00  0.0000E+00      -1  -0.452E-02   20.00  0.8833E-03  0.1060E+00
  83  -246.0000      13.203 0.3713   0.4346E+02  0.0000E+00 -0.1963E+00  0.0000E+00      -1  -0.452E-02   20.00  0.8833E-03  0.1060E+00
  84  -249.0000      16.189 0.3713   0.4346E+02  0.0000E+00 -0.1963E+00  0.0000E+00      -1  -0.452E-02   20.00  0.8833E-03  0.1060E+00
  85  -252.0000      19.175 0.3713   0.4346E+02  0.0000E+00 -0.1963E+00  0.0000E+00      -1  -0.452E-02   20.00  0.8833E-03  0.1060E+00
  86  -255.0000      22.162 0.3713   0.4346E+02  0.0000E+00 -0.1963E+00  0.0000E+00      -1  -0.452E-02   20.00  0.8833E-03  0.1060E+00
  87  -258.0000      25.148 0.3713   0.4346E+02  0.0000E+00 -0.1963E+00  0.0000E+00      -1  -0.452E-02   20.00  0.8833E-03  0.1060E+00
  88  -261.0000      28.135 0.3713   0.4346E+02  0.0000E+00 -0.1963E+00  0.0000E+00      -1  -0.452E-02   20.00  0.8833E-03  0.1060E+00
  89  -264.0000      31.121 0.3713   0.4346E+02  0.0000E+00 -0.1963E+00  0.0000E+00      -1  -0.452E-02   20.00  0.8833E-03  0.1060E+00
  90  -267.0000      34.108 0.3713   0.4346E+02  0.0000E+00 -0.1964E+00  0.0000E+00      -1  -0.452E-02   20.00  0.8833E-03  0.1060E+00
  91  -270.0000      37.094 0.3713   0.4346E+02  0.0000E+00 -0.1964E+00  0.0000E+00      -1  -0.452E-02   20.00  0.8833E-03  0.1060E+00
  92  -273.0000      40.081 0.3713   0.4346E+02  0.0000E+00 -0.1963E+00  0.0000E+00      -1  -0.452E-02   20.00  0.8833E-03  0.1060E+00
  93  -276.0000      43.067 0.3713   0.4346E+02  0.0000E+00 -0.1963E+00  0.0000E+00      -1  -0.452E-02   20.00  0.8833E-03  0.1060E+00
  94  -279.0000      46.053 0.3713   0.4346E+02  0.0000E+00 -0.1963E+00  0.0000E+00      -1  -0.452E-02   20.00  0.8833E-03  0.1060E+00
  95  -282.0000      49.040 0.3713   0.4346E+02  0.0000E+00 -0.1963E+00  0.0000E+00      -1  -0.452E-02   20.00  0.8833E-03  0.1060E+00
  96  -285.0000      52.026 0.3713   0.4346E+02  0.0000E+00 -0.1963E+00  0.0000E+00      -1  -0.452E-02   20.00  0.8833E-03  0.1060E+00
  97  -288.0000      55.013 0.3713   0.4346E+02  0.0000E+00 -0.1963E+00  0.0000E+00      -1  -0.452E-02   20.00  0.8834E-03  0.1060E+00
  98  -291.0000      57.999 0.3713   0.4346E+02  0.0000E+00 -0.1963E+00  0.0000E+00      -1  -0.452E-02   20.00  0.8833E-03  0.1060E+00
  99  -294.0000      60.986 0.3713   0.4346E+02  0.0000E+00 -0.1964E+00  0.0000E+00      -1  -0.452E-02   20.00  0.8825E-03  0.1059E+00
 100  -297.0000      63.972 0.3713   0.4346E+02  0.0000E+00 -0.1963E+00  0.0000E+00      -1  -0.452E-02   20.00  0.8816E-03  0.1058E+00
 101  -300.0000      66.959 0.3713   0.4346E+02  0.0000E+00 -0.1963E+00  0.0000E+00      -1  -0.452E-02   20.00  0.8816E-03  0.1057E+00
end
