 All solute fluxes and cumulative solute fluxes are positive into the region

       Time         cvTop        cvBot      Sum(cvTop)   Sum(cvBot)     cvCh0        cvCh1         cTop        cRoot         cBot        cvRoot    Sum(cvRoot)  Sum(cvNEql) TLevel      cGWL        cRunOff   Sum(cRunOff)    (cv(i),    Sum(cv(i)), i=1,NObs)
        [T]        [M/L2/T]     [M/L2/T]      [M/L2]       [M/L2]       [M/L2]      [M/L2]        [M/L3]      [M/L3]        [M/L3]      [M/L2/T]      [M/L2]       [M/L2]              [M/L3]        [M/L2]      [M/L3]      [M/L2/T]      [M/L2]
        0.0100  0.00000E+00 -0.70305E-03  0.00000E+00 -0.70305E-05  0.00000E+00  0.00000E+00  0.10571E-02  0.10587E-02  0.88160E-03  0.48201E-05  0.48201E-07  0.56816E-06       1  0.88308E-03  0.00000E+00  0.00000E+00  0.11762E-03  0.11762E-05 -0.23396E-03 -0.23396E-05  0.97556E-04  0.97556E-06
        0.0200  0.00000E+00 -0.80891E-03  0.00000E+00 -0.15120E-04  0.00000E+00  0.00000E+00  0.10570E-02  0.10584E-02  0.88162E-03  0.48188E-05  0.96390E-07  0.28311E-05       2  0.88307E-03  0.00000E+00  0.00000E+00  0.10587E-03  0.22349E-05 -0.22462E-03 -0.45857E-05  0.94243E-04  0.19180E-05
        0.0330  0.00000E+00 -0.74129E-03  0.00000E+00 -0.24756E-04  0.00000E+00  0.00000E+00  0.10567E-02  0.10585E-02  0.88161E-03  0.48193E-05  0.15904E-06  0.39820E-05       3  0.88307E-03  0.00000E+00  0.00000E+00  0.76898E-04  0.32346E-05 -0.21000E-03 -0.73157E-05  0.89318E-04  0.30791E-05
        0.0499  0.00000E+00 -0.68939E-03  0.00000E+00 -0.36407E-04  0.00000E+00  0.00000E+00  0.10562E-02  0.10585E-02  0.88160E-03  0.48192E-05  0.24048E-06  0.49926E-05       4  0.88307E-03  0.00000E+00  0.00000E+00  0.17100E-04  0.35236E-05 -0.18974E-03 -0.10522E-04  0.82594E-04  0.44750E-05
        0.0719  0.00000E+00 -0.65190E-03  0.00000E+00 -0.50729E-04  0.00000E+00  0.00000E+00  0.10551E-02  0.10585E-02  0.88160E-03  0.48193E-05  0.34636E-06  0.41878E-05       5  0.88307E-03  0.00000E+00  0.00000E+00 -0.82507E-04  0.17109E-05 -0.15624E-03 -0.13955E-04  0.72380E-04  0.60652E-05
        0.1004  0.00000E+00 -0.61784E-03  0.00000E+00 -0.68375E-04  0.00000E+00  0.00000E+00  0.10535E-02  0.10585E-02  0.88159E-03  0.48193E-05  0.48401E-06 -0.20362E-05       6  0.88307E-03  0.00000E+00  0.00000E+00 -0.23787E-03 -0.50829E-05 -0.96013E-04 -0.16697E-04  0.55061E-04  0.76378E-05
        0.1376  0.00000E+00 -0.58553E-03  0.00000E+00 -0.90116E-04  0.00000E+00  0.00000E+00  0.10511E-02  0.10586E-02  0.88159E-03  0.48195E-05  0.66295E-06 -0.21656E-04       7  0.88307E-03  0.00000E+00  0.00000E+00 -0.46274E-03 -0.22264E-04 -0.12933E-03 -0.21499E-04  0.21622E-04  0.84406E-05
        0.1858  0.00000E+00 -0.55238E-03  0.00000E+00 -0.11678E-03  0.00000E+00  0.00000E+00  0.10480E-02  0.10585E-02  0.88159E-03  0.48192E-05  0.89556E-06 -0.71500E-04       8  0.88307E-03  0.00000E+00  0.00000E+00 -0.75397E-03 -0.58656E-04 -0.71517E-03 -0.56019E-04 -0.49237E-04  0.60640E-05
        0.2358  0.00000E+00 -0.52029E-03  0.00000E+00 -0.14279E-03  0.00000E+00  0.00000E+00  0.10453E-02  0.10582E-02  0.88159E-03  0.48184E-05  0.11365E-05 -0.15272E-03       9  0.88307E-03  0.00000E+00  0.00000E+00 -0.10410E-02 -0.11071E-03 -0.15401E-02 -0.13302E-03 -0.16077E-03 -0.19747E-05
        0.2858  0.00000E+00 -0.49177E-03  0.00000E+00 -0.16738E-03  0.00000E+00  0.00000E+00  0.10436E-02  0.10579E-02  0.88159E-03  0.48174E-05  0.13774E-05 -0.25548E-03      10  0.88307E-03  0.00000E+00  0.00000E+00 -0.12204E-02 -0.17173E-03 -0.24564E-02 -0.25584E-03 -0.30979E-03 -0.17464E-04
        0.3358  0.00000E+00 -0.46641E-03  0.00000E+00 -0.19070E-03  0.00000E+00  0.00000E+00  0.10427E-02  0.10574E-02  0.88159E-03  0.48162E-05  0.16182E-05 -0.36672E-03      11  0.88307E-03  0.00000E+00  0.00000E+00 -0.12994E-02 -0.23670E-03 -0.32679E-02 -0.41924E-03 -0.48057E-03 -0.41493E-04
        0.3858  0.00000E+00 -0.44373E-03  0.00000E+00 -0.21289E-03  0.00000E+00  0.00000E+00  0.10419E-02  0.10571E-02  0.88159E-03  0.48152E-05  0.18589E-05 -0.48341E-03      12  0.88307E-03  0.00000E+00  0.00000E+00 -0.13512E-02 -0.30426E-03 -0.39509E-02 -0.61678E-03 -0.65954E-03 -0.74470E-04
        0.4358  0.00000E+00 -0.42370E-03  0.00000E+00 -0.23407E-03  0.00000E+00  0.00000E+00  0.10414E-02  0.10567E-02  0.88158E-03  0.48141E-05  0.20996E-05 -0.60421E-03      13  0.88307E-03  0.00000E+00  0.00000E+00 -0.13938E-02 -0.37395E-03 -0.44738E-02 -0.84047E-03 -0.83502E-03 -0.11622E-03
        0.4858  0.00000E+00 -0.40648E-03  0.00000E+00 -0.25440E-03  0.00000E+00  0.00000E+00  0.10410E-02  0.10564E-02  0.88158E-03  0.48134E-05  0.23403E-05 -0.72563E-03      14  0.88307E-03  0.00000E+00  0.00000E+00 -0.13970E-02 -0.44380E-03 -0.49351E-02 -0.10872E-02 -0.99557E-03 -0.16600E-03
        0.5358  0.00000E+00 -0.39235E-03  0.00000E+00 -0.27401E-03  0.00000E+00  0.00000E+00  0.10409E-02  0.10561E-02  0.88158E-03  0.48125E-05  0.25809E-05 -0.84514E-03      15  0.88307E-03  0.00000E+00  0.00000E+00 -0.13882E-02 -0.51321E-03 -0.52927E-02 -0.13519E-02 -0.11351E-02 -0.22276E-03
        0.5858  0.00000E+00 -0.38166E-03  0.00000E+00 -0.29310E-03  0.00000E+00  0.00000E+00  0.10409E-02  0.10559E-02  0.88158E-03  0.48120E-05  0.28215E-05 -0.95971E-03      16  0.88307E-03  0.00000E+00  0.00000E+00 -0.13425E-02 -0.58033E-03 -0.54754E-02 -0.16256E-02 -0.12526E-02 -0.28539E-03
        0.6358  0.00000E+00 -0.37474E-03  0.00000E+00 -0.31183E-03  0.00000E+00  0.00000E+00  0.10411E-02  0.10557E-02  0.88159E-03  0.48114E-05  0.30621E-05 -0.10673E-02      17  0.88307E-03  0.00000E+00  0.00000E+00 -0.12843E-02 -0.64455E-03 -0.55151E-02 -0.19014E-02 -0.13372E-02 -0.35225E-03
        0.6858  0.00000E+00 -0.37191E-03  0.00000E+00 -0.33043E-03  0.00000E+00  0.00000E+00  0.10414E-02  0.10557E-02  0.88159E-03  0.48113E-05  0.33027E-05 -0.11659E-02      18  0.88307E-03  0.00000E+00  0.00000E+00 -0.11997E-02 -0.70453E-03 -0.54303E-02 -0.21729E-02 -0.13891E-02 -0.42171E-03
        0.7358  0.00000E+00 -0.37337E-03  0.00000E+00 -0.34910E-03  0.00000E+00  0.00000E+00  0.10419E-02  0.10556E-02  0.88159E-03  0.48111E-05  0.35432E-05 -0.12549E-02      19  0.88307E-03  0.00000E+00  0.00000E+00 -0.11095E-02 -0.76001E-03 -0.52500E-02 -0.24354E-02 -0.14087E-02 -0.49214E-03
        0.7858  0.00000E+00 -0.37925E-03  0.00000E+00 -0.36806E-03  0.00000E+00  0.00000E+00  0.10440E-02  0.10557E-02  0.88159E-03  0.48112E-05  0.37838E-05 -0.13159E-02      20  0.88307E-03  0.00000E+00  0.00000E+00 -0.83943E-03 -0.80198E-03 -0.47091E-02 -0.26709E-02 -0.13692E-02 -0.56060E-03
        0.8358  0.00000E+00 -0.38945E-03  0.00000E+00 -0.38753E-03  0.00000E+00  0.00000E+00  0.10462E-02  0.10560E-02  0.88160E-03  0.48123E-05  0.40244E-05 -0.13471E-02      21  0.88307E-03  0.00000E+00  0.00000E+00 -0.55487E-03 -0.82972E-03 -0.39731E-02 -0.28695E-02 -0.12731E-02 -0.62425E-03
        0.8858  0.00000E+00 -0.40376E-03  0.00000E+00 -0.40772E-03  0.00000E+00  0.00000E+00  0.10486E-02  0.10563E-02  0.88160E-03  0.48131E-05  0.42650E-05 -0.13563E-02      22  0.88307E-03  0.00000E+00  0.00000E+00 -0.27125E-03 -0.84328E-03 -0.31703E-02 -0.30280E-02 -0.11385E-02 -0.68117E-03
        0.9358  0.00000E+00 -0.42161E-03  0.00000E+00 -0.42880E-03  0.00000E+00  0.00000E+00  0.10506E-02  0.10567E-02  0.88160E-03  0.48144E-05  0.45058E-05 -0.13490E-02      23  0.88307E-03  0.00000E+00  0.00000E+00 -0.35773E-04 -0.84507E-03 -0.24373E-02 -0.31499E-02 -0.98955E-03 -0.73065E-03
        0.9679  0.00000E+00 -0.43813E-03  0.00000E+00 -0.44286E-03  0.00000E+00  0.00000E+00  0.10518E-02  0.10570E-02  0.88161E-03  0.48151E-05  0.46603E-05 -0.13413E-02      24  0.88307E-03  0.00000E+00  0.00000E+00  0.92068E-04 -0.84212E-03 -0.20181E-02 -0.32146E-02 -0.89459E-03 -0.75935E-03
        1.0000  0.00000E+00 -0.45224E-03  0.00000E+00 -0.45737E-03  0.00000E+00  0.00000E+00  0.10524E-02  0.10572E-02  0.88161E-03  0.48157E-05  0.48148E-05 -0.13326E-02      25  0.88307E-03  0.00000E+00  0.00000E+00  0.13954E-03 -0.83764E-03 -0.16778E-02 -0.32685E-02 -0.80525E-03 -0.78519E-03
end
