 ******* Program HYDRUS
 ******* 
 Welcome to HYDRUS-1D                                                    
 Date:  28. 3.2022    Time:   8:58:15
 Units: L = cm   , T = days , M = mg   

----------------------------------------------------------
 Time       [T]        0.0000
----------------------------------------------------------
 Sub-region num.                     1
----------------------------------------------------------
 Length   [L]        0.30000E+03  0.30000E+03
 W-volume [L]        0.10228E+03  0.10228E+03
 In-flow  [L/T]      0.00000E+00  0.00000E+00
 h Mean   [L]       -0.66481E+02 -0.66481E+02
 ConcVol  [M/L2] 1   0.91394E-01  0.91394E-01
 cMean    [M/L3] 1   0.89532E-03  0.89532E-03
 SorbVolIm[M/L2] 1   0.46736E+02  0.46736E+02
 sMeanIm  [-]    1   0.10744E+00  0.10744E+00
 Top Flux [L/T]      0.13258E-02
 Bot Flux [L/T]     -0.13184E+01
----------------------------------------------------------

----------------------------------------------------------
 Time       [T]        1.0000
----------------------------------------------------------
 Sub-region num.                     1
----------------------------------------------------------
 Length   [L]        0.30000E+03  0.30000E+03
 W-volume [L]        0.10138E+03  0.10138E+03
 In-flow  [L/T]     -0.47932E+00 -0.47932E+00
 h Mean   [L]       -0.72802E+02 -0.72802E+02
 ConcVol  [M/L2] 1   0.90571E-01  0.90571E-01
 cMean    [M/L3] 1   0.89534E-03  0.89534E-03
 SorbVolIm[M/L2] 1   0.46736E+02  0.46736E+02
 sMeanIm  [-]    1   0.10744E+00  0.10744E+00
 Top Flux [L/T]      0.96476E-02
 Bot Flux [L/T]     -0.42112E+00
 WatBalT  [L]       -0.46728E-01
 WatBalR  [%]              5.137
 CncBalT  [M]    1   0.18692E-03
 CncBalR  [%]    1        22.377
----------------------------------------------------------
 
 Calculation time [sec]  1.000000163912773E-002
