 All solute fluxes and cumulative solute fluxes are positive into the region

       Time         cvTop        cvBot      Sum(cvTop)   Sum(cvBot)     cvCh0        cvCh1         cTop        cRoot         cBot        cvRoot    Sum(cvRoot)  Sum(cvNEql) TLevel      cGWL        cRunOff   Sum(cRunOff)    (cv(i),    Sum(cv(i)), i=1,NObs)
        [T]        [M/L2/T]     [M/L2/T]      [M/L2]       [M/L2]       [M/L2]      [M/L2]        [M/L3]      [M/L3]        [M/L3]      [M/L2/T]      [M/L2]       [M/L2]              [M/L3]        [M/L2]      [M/L3]      [M/L2/T]      [M/L2]
        0.0100  0.00000E+00 -0.17148E-03  0.00000E+00 -0.17148E-05  0.00000E+00  0.00000E+00  0.10462E-02  0.91428E-03  0.86591E-03  0.21018E-04  0.21018E-06 -0.86249E-05       1  0.88306E-03  0.00000E+00  0.00000E+00  0.57579E-04  0.57579E-06 -0.24687E-03 -0.24687E-05 -0.21506E-03 -0.21506E-05
        0.0200  0.00000E+00  0.00000E+00  0.00000E+00 -0.17148E-05  0.00000E+00  0.00000E+00  0.10464E-02  0.91417E-03  0.86114E-03  0.21016E-04  0.42034E-06 -0.27731E-04       2  0.88301E-03  0.00000E+00  0.00000E+00  0.49887E-04  0.10747E-05 -0.21606E-03 -0.46293E-05 -0.17191E-03 -0.38696E-05
        0.0330  0.00000E+00  0.00000E+00  0.00000E+00 -0.17148E-05  0.00000E+00  0.00000E+00  0.10463E-02  0.91421E-03  0.86317E-03  0.21016E-04  0.69355E-06 -0.46329E-04       3  0.88303E-03  0.00000E+00  0.00000E+00  0.33260E-04  0.15070E-05 -0.16254E-03 -0.67423E-05 -0.95024E-04 -0.51049E-05
        0.0499  0.00000E+00  0.00000E+00  0.00000E+00 -0.17148E-05  0.00000E+00  0.00000E+00  0.10460E-02  0.91420E-03  0.86314E-03  0.21016E-04  0.10487E-05 -0.68455E-04       4  0.88305E-03  0.00000E+00  0.00000E+00  0.69698E-06  0.15188E-05 -0.91896E-04 -0.82953E-05  0.16033E-05 -0.50778E-05
        0.0719  0.00000E+00  0.00000E+00  0.00000E+00 -0.17148E-05  0.00000E+00  0.00000E+00  0.10456E-02  0.91421E-03  0.86383E-03  0.21016E-04  0.15104E-05 -0.94428E-04       5  0.88305E-03  0.00000E+00  0.00000E+00 -0.41062E-04  0.61669E-06 -0.17283E-04 -0.86750E-05  0.84883E-04 -0.32130E-05
        0.1004  0.00000E+00  0.00000E+00  0.00000E+00 -0.17148E-05  0.00000E+00  0.00000E+00  0.10449E-02  0.91421E-03  0.86410E-03  0.21016E-04  0.21107E-05 -0.12674E-03       6  0.88306E-03  0.00000E+00  0.00000E+00 -0.11290E-03 -0.26077E-05 -0.11167E-04 -0.89939E-05  0.14651E-03  0.97149E-06
        0.1376  0.00000E+00  0.00000E+00  0.00000E+00 -0.17148E-05  0.00000E+00  0.00000E+00  0.10438E-02  0.91421E-03  0.86455E-03  0.21016E-04  0.28910E-05 -0.16931E-03       7  0.88307E-03  0.00000E+00  0.00000E+00 -0.22781E-03 -0.11066E-04 -0.33819E-04 -0.10250E-04  0.16290E-03  0.70199E-05
        0.1858  0.00000E+00  0.00000E+00  0.00000E+00 -0.17148E-05  0.00000E+00  0.00000E+00  0.10423E-02  0.91421E-03  0.86489E-03  0.21016E-04  0.39054E-05 -0.22971E-03       8  0.88308E-03  0.00000E+00  0.00000E+00 -0.39852E-03 -0.30302E-04 -0.25098E-03 -0.22364E-04  0.10850E-03  0.12257E-04
        0.2358  0.00000E+00  0.00000E+00  0.00000E+00 -0.17148E-05  0.00000E+00  0.00000E+00  0.10406E-02  0.91422E-03  0.86533E-03  0.21017E-04  0.49562E-05 -0.29985E-03       9  0.88308E-03  0.00000E+00  0.00000E+00 -0.57949E-03 -0.59276E-04 -0.59196E-03 -0.51962E-04 -0.51439E-05  0.12000E-04
        0.2858  0.00000E+00  0.00000E+00  0.00000E+00 -0.17148E-05  0.00000E+00  0.00000E+00  0.10394E-02  0.91423E-03  0.86574E-03  0.21017E-04  0.60071E-05 -0.37458E-03      10  0.88309E-03  0.00000E+00  0.00000E+00 -0.71277E-03 -0.94915E-04 -0.95898E-03 -0.99911E-04 -0.17631E-03  0.31846E-05
        0.3358  0.00000E+00  0.00000E+00  0.00000E+00 -0.17148E-05  0.00000E+00  0.00000E+00  0.10387E-02  0.91426E-03  0.86627E-03  0.21018E-04  0.70580E-05 -0.44695E-03      11  0.88310E-03  0.00000E+00  0.00000E+00 -0.78507E-03 -0.13417E-03 -0.12698E-02 -0.16340E-03 -0.34152E-03 -0.13891E-04
        0.3858  0.00000E+00  0.00000E+00  0.00000E+00 -0.17148E-05  0.00000E+00  0.00000E+00  0.10381E-02  0.91428E-03  0.86683E-03  0.21018E-04  0.81089E-05 -0.51339E-03      12  0.88310E-03  0.00000E+00  0.00000E+00 -0.84329E-03 -0.17633E-03 -0.15366E-02 -0.24023E-03 -0.48881E-03 -0.38332E-04
        0.4358  0.00000E+00  0.00000E+00  0.00000E+00 -0.17148E-05  0.00000E+00  0.00000E+00  0.10376E-02  0.91430E-03  0.86748E-03  0.21019E-04  0.91598E-05 -0.57330E-03      13  0.88311E-03  0.00000E+00  0.00000E+00 -0.88057E-03 -0.22036E-03 -0.17470E-02 -0.32758E-03 -0.61403E-03 -0.69033E-04
        0.4858  0.00000E+00 -0.48533E-04  0.00000E+00 -0.41414E-05  0.00000E+00  0.00000E+00  0.10373E-02  0.91432E-03  0.87644E-03  0.21019E-04  0.10211E-04 -0.60499E-03      14  0.88316E-03  0.00000E+00  0.00000E+00 -0.89609E-03 -0.26517E-03 -0.18988E-02 -0.42252E-03 -0.71554E-03 -0.10481E-03
        0.5358  0.00000E+00 -0.15359E-03  0.00000E+00 -0.11821E-04  0.00000E+00  0.00000E+00  0.10372E-02  0.91433E-03  0.87604E-03  0.21019E-04  0.11262E-04 -0.61629E-03      15  0.88315E-03  0.00000E+00  0.00000E+00 -0.88724E-03 -0.30953E-03 -0.19856E-02 -0.52180E-03 -0.79208E-03 -0.14441E-03
        0.5858  0.00000E+00 -0.26094E-03  0.00000E+00 -0.24868E-04  0.00000E+00  0.00000E+00  0.10372E-02  0.91434E-03  0.87652E-03  0.21020E-04  0.12313E-04 -0.62675E-03      16  0.88316E-03  0.00000E+00  0.00000E+00 -0.85581E-03 -0.35232E-03 -0.20074E-02 -0.62217E-03 -0.84249E-03 -0.18654E-03
        0.6358  0.00000E+00 -0.35610E-03  0.00000E+00 -0.42673E-04  0.00000E+00  0.00000E+00  0.10374E-02  0.91434E-03  0.87636E-03  0.21020E-04  0.13364E-04 -0.63365E-03      17  0.88316E-03  0.00000E+00  0.00000E+00 -0.80322E-03 -0.39248E-03 -0.19677E-02 -0.72055E-03 -0.86795E-03 -0.22994E-03
        0.6858  0.00000E+00 -0.43809E-03  0.00000E+00 -0.64578E-04  0.00000E+00  0.00000E+00  0.10378E-02  0.91434E-03  0.87662E-03  0.21020E-04  0.14415E-04 -0.63859E-03      18  0.88316E-03  0.00000E+00  0.00000E+00 -0.73419E-03 -0.42919E-03 -0.18763E-02 -0.81437E-03 -0.87028E-03 -0.27345E-03
        0.7358  0.00000E+00 -0.50673E-03  0.00000E+00 -0.89915E-04  0.00000E+00  0.00000E+00  0.10383E-02  0.91433E-03  0.87656E-03  0.21019E-04  0.15466E-04 -0.64047E-03      19  0.88316E-03  0.00000E+00  0.00000E+00 -0.65377E-03 -0.46188E-03 -0.17462E-02 -0.90168E-03 -0.85406E-03 -0.31615E-03
        0.7858  0.00000E+00 -0.55870E-03  0.00000E+00 -0.11785E-03  0.00000E+00  0.00000E+00  0.10395E-02  0.91432E-03  0.87671E-03  0.21019E-04  0.16517E-04 -0.63388E-03      20  0.88316E-03  0.00000E+00  0.00000E+00 -0.47687E-03 -0.48572E-03 -0.14642E-02 -0.97489E-03 -0.78431E-03 -0.35537E-03
        0.8358  0.00000E+00 -0.58605E-03  0.00000E+00 -0.14715E-03  0.00000E+00  0.00000E+00  0.10408E-02  0.91431E-03  0.87667E-03  0.21019E-04  0.17568E-04 -0.61461E-03      21  0.88316E-03  0.00000E+00  0.00000E+00 -0.30064E-03 -0.50075E-03 -0.11384E-02 -0.10318E-02 -0.67312E-03 -0.38902E-03
        0.8858  0.00000E+00 -0.58490E-03  0.00000E+00 -0.17640E-03  0.00000E+00  0.00000E+00  0.10421E-02  0.91429E-03  0.87672E-03  0.21018E-04  0.18618E-04 -0.58624E-03      22  0.88316E-03  0.00000E+00  0.00000E+00 -0.14100E-03 -0.50780E-03 -0.81376E-03 -0.10725E-02 -0.54415E-03 -0.41623E-03
        0.9358  0.00000E+00 -0.55844E-03  0.00000E+00 -0.20432E-03  0.00000E+00  0.00000E+00  0.10431E-02  0.91428E-03  0.87667E-03  0.21018E-04  0.19669E-04 -0.55162E-03      23  0.88316E-03  0.00000E+00  0.00000E+00 -0.21417E-04 -0.50887E-03 -0.54201E-03 -0.10996E-02 -0.42086E-03 -0.43728E-03
        0.9679  0.00000E+00 -0.52451E-03  0.00000E+00 -0.22115E-03  0.00000E+00  0.00000E+00  0.10436E-02  0.91426E-03  0.87668E-03  0.21017E-04  0.20344E-04 -0.52835E-03      24  0.88316E-03  0.00000E+00  0.00000E+00  0.37778E-04 -0.50766E-03 -0.40349E-03 -0.11125E-02 -0.35023E-03 -0.44851E-03
        1.0000  0.00000E+00 -0.49166E-03  0.00000E+00 -0.23692E-03  0.00000E+00  0.00000E+00  0.10439E-02  0.91425E-03  0.87664E-03  0.21017E-04  0.21018E-04 -0.50511E-03      25  0.88316E-03  0.00000E+00  0.00000E+00  0.63594E-04 -0.50562E-03 -0.30905E-03 -0.11225E-02 -0.29319E-03 -0.45792E-03
end
