 ******* Program HYDRUS
 ******* 
 Welcome to HYDRUS-1D                                                    
 Date:  28. 3.2022    Time:   8:58:39
 Units: L = cm   , T = days , M = mg   

----------------------------------------------------------
 Time       [T]        0.0000
----------------------------------------------------------
 Sub-region num.                     1
----------------------------------------------------------
 Length   [L]        0.30000E+03  0.30000E+03
 W-volume [L]        0.11049E+03  0.11049E+03
 In-flow  [L/T]      0.00000E+00  0.00000E+00
 h Mean   [L]        0.74790E+02  0.74790E+02
 ConcVol  [M/L2] 1   0.98737E-01  0.98737E-01
 cMean    [M/L3] 1   0.89419E-03  0.89419E-03
 SorbVolIm[M/L2] 1   0.46678E+02  0.46678E+02
 sMeanIm  [-]    1   0.10731E+00  0.10731E+00
 Top Flux [L/T]      0.41573E-01
 Bot Flux [L/T]      0.13021E+00
----------------------------------------------------------

----------------------------------------------------------
 Time       [T]        1.0000
----------------------------------------------------------
 Sub-region num.                     1
----------------------------------------------------------
 Length   [L]        0.30000E+03  0.30000E+03
 W-volume [L]        0.11037E+03  0.11037E+03
 In-flow  [L/T]      0.22928E-01  0.22928E-01
 h Mean   [L]        0.70457E+02  0.70457E+02
 ConcVol  [M/L2] 1   0.98630E-01  0.98630E-01
 cMean    [M/L3] 1   0.89422E-03  0.89422E-03
 SorbVolIm[M/L2] 1   0.46678E+02  0.46678E+02
 sMeanIm  [-]    1   0.10731E+00  0.10731E+00
 Top Flux [L/T]      0.24514E-01
 Bot Flux [L/T]      0.50625E-01
 WatBalT  [L]       -0.30674E-04
 WatBalR  [%]              0.014
 CncBalT  [M]    1   0.95367E-04
 CncBalR  [%]    1        75.592
----------------------------------------------------------
 
 Calculation time [sec]  9.999990463256836E-003
