 ******* Program HYDRUS
 ******* 
 Welcome to HYDRUS-1D                                                    
 Date:  29. 3.2022    Time:  17:28:28
 Units: L = cm   , T = days , M = mg   

----------------------------------------------------------
 Time       [T]        0.0000
----------------------------------------------------------
 Sub-region num.                     1
----------------------------------------------------------
 Length   [L]        0.30000E+03  0.30000E+03
 W-volume [L]        0.11037E+03  0.11037E+03
 In-flow  [L/T]      0.00000E+00  0.00000E+00
 h Mean   [L]        0.70457E+02  0.70457E+02
 ConcVol  [M/L2] 1   0.98571E-01  0.98571E-01
 cMean    [M/L3] 1   0.89366E-03  0.89366E-03
 SorbVolIm[M/L2] 1   0.46650E+02  0.46650E+02
 sMeanIm  [-]    1   0.10724E+00  0.10724E+00
 Top Flux [L/T]      0.22923E-01
 Bot Flux [L/T]      0.43330E-01
----------------------------------------------------------

----------------------------------------------------------
 Time       [T]        1.0000
----------------------------------------------------------
 Sub-region num.                     1
----------------------------------------------------------
 Length   [L]        0.30000E+03  0.30000E+03
 W-volume [L]        0.11022E+03  0.11022E+03
 In-flow  [L/T]      0.54693E-01  0.54693E-01
 h Mean   [L]        0.65858E+02  0.65858E+02
 ConcVol  [M/L2] 1   0.98436E-01  0.98436E-01
 cMean    [M/L3] 1   0.89370E-03  0.89370E-03
 SorbVolIm[M/L2] 1   0.46650E+02  0.46650E+02
 sMeanIm  [-]    1   0.10724E+00  0.10724E+00
 Top Flux [L/T]      0.30725E-01
 Bot Flux [L/T]      0.87317E-01
 WatBalT  [L]       -0.38678E-02
 WatBalR  [%]              1.423
 CncBalT  [M]    1   0.83923E-04
 CncBalR  [%]    1        59.264
----------------------------------------------------------
 
 Calculation time [sec]  9.999990463256836E-003
