 ******* Program HYDRUS
 ******* 
 Welcome to HYDRUS-1D                                                    
 Date:  29. 3.2022    Time:  17:27:29
 Units: L = cm   , T = days , M = mg   

----------------------------------------------------------
 Time       [T]        0.0000
----------------------------------------------------------
 Sub-region num.                     1
----------------------------------------------------------
 Length   [L]        0.30000E+03  0.30000E+03
 W-volume [L]        0.11022E+03  0.11022E+03
 In-flow  [L/T]      0.00000E+00  0.00000E+00
 h Mean   [L]        0.65858E+02  0.65858E+02
 ConcVol  [M/L2] 1   0.97259E-01  0.97259E-01
 cMean    [M/L3] 1   0.88231E-03  0.88231E-03
 SorbVolIm[M/L2] 1   0.46058E+02  0.46058E+02
 sMeanIm  [-]    1   0.10588E+00  0.10588E+00
 Top Flux [L/T]      0.29803E-01
 Bot Flux [L/T]      0.86877E-01
----------------------------------------------------------

----------------------------------------------------------
 Time       [T]        1.0000
----------------------------------------------------------
 Sub-region num.                     1
----------------------------------------------------------
 Length   [L]        0.30000E+03  0.30000E+03
 W-volume [L]        0.11008E+03  0.11008E+03
 In-flow  [L/T]      0.73205E-01  0.73205E-01
 h Mean   [L]        0.61689E+02  0.61689E+02
 ConcVol  [M/L2] 1   0.97137E-01  0.97137E-01
 cMean    [M/L3] 1   0.88236E-03  0.88236E-03
 SorbVolIm[M/L2] 1   0.46058E+02  0.46058E+02
 sMeanIm  [-]    1   0.10588E+00  0.10588E+00
 Top Flux [L/T]      0.38571E-01
 Bot Flux [L/T]      0.11340E+00
 WatBalT  [L]       -0.43979E-02
 WatBalR  [%]              1.426
 CncBalT  [M]    1   0.83923E-04
 CncBalR  [%]    1        65.442
----------------------------------------------------------
 
 Calculation time [sec]  0.000000000000000E+000
