 ******* Program HYDRUS
 ******* 
 Welcome to HYDRUS-1D                                                    
 Date:  29. 3.2022    Time:  17:26:42
 Units: L = cm   , T = days , M = mg   

       Time          rTop        rRoot        vTop         vRoot        vBot       sum(rTop)   sum(rRoot)    sum(vTop)   sum(vRoot)    sum(vBot)      hTop         hRoot        hBot        RunOff    sum(RunOff)     Volume     sum(Infil)    sum(Evap) TLevel Cum(WTrans)  SnowLayer
        [T]         [L/T]        [L/T]        [L/T]        [L/T]        [L/T]         [L]          [L]          [L]         [L]           [L]         [L]           [L]         [L]          [L/T]         [L]          [L]          [L]          [L]

       0.0100  0.19530E-01  0.15764E+00  0.19529E-01  0.15193E+00  0.15939E+00  0.19530E-03  0.15764E-02  0.19529E-03  0.15193E-02  0.15939E-02 -0.30928E+03 -0.24970E+03  0.43865E+02  0.00000E+00  0.00000E+00  0.96587E+02  0.00000E+00  0.19529E-03      1  0.00000E+00      0.000
       0.0230  0.19530E-01  0.15764E+00  0.19527E-01  0.15195E+00  0.21017E+00  0.44919E-03  0.36257E-02  0.44914E-03  0.34947E-02  0.43261E-02 -0.30905E+03 -0.24954E+03  0.43865E+02  0.00000E+00  0.00000E+00  0.96588E+02  0.00000E+00  0.44914E-03      2  0.00000E+00      0.000
       0.0399  0.19530E-01  0.15764E+00  0.19529E-01  0.15197E+00  0.25306E+00  0.77925E-03  0.62897E-02  0.77918E-03  0.60630E-02  0.86028E-02 -0.30869E+03 -0.24930E+03  0.43865E+02  0.00000E+00  0.00000E+00  0.96589E+02  0.00000E+00  0.77918E-03      3  0.00000E+00      0.000
       0.0619  0.19530E-01  0.15764E+00  0.19530E-01  0.15199E+00  0.27793E+00  0.12083E-02  0.97530E-02  0.12082E-02  0.94023E-02  0.14709E-01 -0.30824E+03 -0.24902E+03  0.43865E+02  0.00000E+00  0.00000E+00  0.96591E+02  0.00000E+00  0.12082E-02      4  0.00000E+00      0.000
       0.0904  0.19530E-01  0.15764E+00  0.19529E-01  0.15203E+00  0.30015E+00  0.17661E-02  0.14255E-01  0.17660E-02  0.13744E-01  0.23281E-01 -0.30761E+03 -0.24866E+03  0.43865E+02  0.00000E+00  0.00000E+00  0.96595E+02  0.00000E+00  0.17660E-02      5  0.00000E+00      0.000
       0.1276  0.19530E-01  0.15764E+00  0.19530E-01  0.15206E+00  0.31927E+00  0.24913E-02  0.20108E-01  0.24912E-02  0.19390E-01  0.35136E-01 -0.30680E+03 -0.24821E+03  0.43865E+02  0.00000E+00  0.00000E+00  0.96600E+02  0.00000E+00  0.24912E-02      6  0.00000E+00      0.000
       0.1758  0.19530E-01  0.15764E+00  0.19530E-01  0.15211E+00  0.33750E+00  0.34339E-02  0.27717E-01  0.34338E-02  0.26732E-01  0.51426E-01 -0.30574E+03 -0.24765E+03  0.43865E+02  0.00000E+00  0.00000E+00  0.96608E+02  0.00000E+00  0.34338E-02      7  0.00000E+00      0.000
       0.2386  0.19530E-01  0.15764E+00  0.19528E-01  0.15217E+00  0.35491E+00  0.46594E-02  0.37609E-01  0.46592E-02  0.36281E-01  0.73696E-01 -0.30446E+03 -0.24696E+03  0.43865E+02  0.00000E+00  0.00000E+00  0.96620E+02  0.00000E+00  0.46592E-02      8  0.00000E+00      0.000
       0.3232  0.99308E-01  0.80156E+00  0.99308E-01  0.77400E+00  0.37194E+00  0.13061E-01  0.10542E+00  0.13061E-01  0.10176E+00  0.10516E+00 -0.30492E+03 -0.24627E+03  0.43865E+02  0.00000E+00  0.00000E+00  0.96630E+02  0.00000E+00  0.13061E-01      9  0.00000E+00      0.000
       0.4360  0.20592E+00  0.16621E+01  0.20592E+00  0.16030E+01  0.38818E+00  0.36290E-01  0.29291E+00  0.36289E-01  0.28258E+00  0.14895E+00 -0.31050E+03 -0.24864E+03  0.43865E+02  0.00000E+00  0.00000E+00  0.96563E+02  0.00000E+00  0.36289E-01     10  0.00000E+00      0.000
       0.5770  0.19811E+00  0.15990E+01  0.19811E+00  0.15365E+01  0.40626E+00  0.64224E-01  0.51838E+00  0.64223E-01  0.49924E+00  0.20624E+00 -0.32069E+03 -0.25557E+03  0.43865E+02  0.00000E+00  0.00000E+00  0.96367E+02  0.00000E+00  0.64223E-01     11  0.00000E+00      0.000
       0.7885  0.19530E-01  0.15764E+00  0.19529E-01  0.15088E+00  0.43859E+00  0.68355E-01  0.55173E+00  0.68354E-01  0.53115E+00  0.29900E+00 -0.32683E+03 -0.26295E+03  0.43865E+02  0.00000E+00  0.00000E+00  0.96130E+02  0.00000E+00  0.68354E-01     12  0.00000E+00      0.000
       1.0000  0.19530E-01  0.15764E+00  0.19530E-01  0.15124E+00  0.46848E+00  0.72485E-01  0.58507E+00  0.72485E-01  0.56314E+00  0.39809E+00 -0.32236E+03 -0.25920E+03  0.43865E+02  0.00000E+00  0.00000E+00  0.96193E+02  0.00000E+00  0.72485E-01     13  0.00000E+00      0.000
end
