 All solute fluxes and cumulative solute fluxes are positive into the region

       Time         cvTop        cvBot      Sum(cvTop)   Sum(cvBot)     cvCh0        cvCh1         cTop        cRoot         cBot        cvRoot    Sum(cvRoot)  Sum(cvNEql) TLevel      cGWL        cRunOff   Sum(cRunOff)    (cv(i),    Sum(cv(i)), i=1,NObs)
        [T]        [M/L2/T]     [M/L2/T]      [M/L2]       [M/L2]       [M/L2]      [M/L2]        [M/L3]      [M/L3]        [M/L3]      [M/L2/T]      [M/L2]       [M/L2]              [M/L3]        [M/L2]      [M/L3]      [M/L2/T]      [M/L2]
        0.0100  0.00000E+00 -0.21075E-03  0.00000E+00 -0.21075E-05  0.00000E+00  0.00000E+00  0.10477E-02  0.10222E-02  0.88092E-03  0.13426E-04  0.13426E-06 -0.59839E-05       1  0.88308E-03  0.00000E+00  0.00000E+00  0.75055E-04  0.75055E-06 -0.12875E-02 -0.12875E-04 -0.69437E-03 -0.69437E-05
        0.0230  0.00000E+00  0.00000E+00  0.00000E+00 -0.21075E-05  0.00000E+00  0.00000E+00  0.10474E-02  0.10225E-02  0.87776E-03  0.13430E-04  0.30886E-06 -0.70598E-05       2  0.88298E-03  0.00000E+00  0.00000E+00  0.75361E-04  0.17302E-05 -0.12113E-02 -0.28623E-04 -0.66633E-03 -0.15606E-04
        0.0399  0.00000E+00  0.00000E+00  0.00000E+00 -0.21075E-05  0.00000E+00  0.00000E+00  0.10475E-02  0.10224E-02  0.88037E-03  0.13429E-04  0.53582E-06 -0.62114E-05       3  0.88308E-03  0.00000E+00  0.00000E+00  0.74202E-04  0.29843E-05 -0.11200E-02 -0.47552E-04 -0.62934E-03 -0.26242E-04
        0.0619  0.00000E+00 -0.46599E-04  0.00000E+00 -0.31312E-05  0.00000E+00  0.00000E+00  0.10474E-02  0.10225E-02  0.88152E-03  0.13430E-04  0.83088E-06 -0.17321E-05       4  0.88309E-03  0.00000E+00  0.00000E+00  0.71892E-04  0.45637E-05 -0.10293E-02 -0.70165E-04 -0.58871E-03 -0.39176E-04
        0.0904  0.00000E+00 -0.13729E-03  0.00000E+00 -0.70523E-05  0.00000E+00  0.00000E+00  0.10474E-02  0.10225E-02  0.88153E-03  0.13430E-04  0.12145E-05  0.43165E-05       5  0.88309E-03  0.00000E+00  0.00000E+00  0.67479E-04  0.64910E-05 -0.92594E-03 -0.96611E-04 -0.54248E-03 -0.54670E-04
        0.1276  0.00000E+00 -0.21709E-03  0.00000E+00 -0.15113E-04  0.00000E+00  0.00000E+00  0.10473E-02  0.10225E-02  0.88154E-03  0.13431E-04  0.17131E-05  0.11498E-04       6  0.88309E-03  0.00000E+00  0.00000E+00  0.59632E-04  0.87051E-05 -0.82942E-03 -0.12741E-03 -0.49314E-03 -0.72980E-04
        0.1758  0.00000E+00 -0.28491E-03  0.00000E+00 -0.28865E-04  0.00000E+00  0.00000E+00  0.10472E-02  0.10225E-02  0.88155E-03  0.13431E-04  0.23614E-05  0.19798E-04       7  0.88309E-03  0.00000E+00  0.00000E+00  0.46470E-04  0.10948E-04 -0.73596E-03 -0.16293E-03 -0.44151E-03 -0.94290E-04
        0.2258  0.00000E+00 -0.34143E-03  0.00000E+00 -0.45936E-04  0.00000E+00  0.00000E+00  0.10471E-02  0.10226E-02  0.88156E-03  0.13431E-04  0.30330E-05  0.27233E-04       8  0.88309E-03  0.00000E+00  0.00000E+00  0.30444E-04  0.12470E-04 -0.67021E-03 -0.19644E-03 -0.39795E-03 -0.11419E-03
        0.2758  0.00000E+00 -0.38435E-03  0.00000E+00 -0.65153E-04  0.00000E+00  0.00000E+00  0.10475E-02  0.10226E-02  0.88157E-03  0.13431E-04  0.37046E-05  0.35552E-04       9  0.88309E-03  0.00000E+00  0.00000E+00  0.74881E-04  0.16214E-04 -0.59111E-03 -0.22600E-03 -0.36006E-03 -0.13219E-03
        0.3258  0.00000E+00 -0.41709E-03  0.00000E+00 -0.86008E-04  0.00000E+00  0.00000E+00  0.10496E-02  0.10226E-02  0.88157E-03  0.13432E-04  0.43761E-05  0.51900E-04      10  0.88311E-03  0.00000E+00  0.00000E+00  0.28589E-03  0.30509E-04 -0.42342E-03 -0.24717E-03 -0.31725E-03 -0.14805E-03
        0.3758  0.00000E+00 -0.44214E-03  0.00000E+00 -0.10811E-03  0.00000E+00  0.00000E+00  0.10514E-02  0.10227E-02  0.88158E-03  0.13433E-04  0.50478E-05  0.76378E-04      11  0.88311E-03  0.00000E+00  0.00000E+00  0.44064E-03  0.52541E-04 -0.20641E-03 -0.25749E-03 -0.26675E-03 -0.16139E-03
        0.4258  0.00000E+00 -0.46109E-03  0.00000E+00 -0.13117E-03  0.00000E+00  0.00000E+00  0.10526E-02  0.10227E-02  0.88158E-03  0.13433E-04  0.57194E-05  0.10614E-03      12  0.88311E-03  0.00000E+00  0.00000E+00  0.54611E-03  0.79847E-04 -0.34061E-04 -0.25919E-03 -0.21133E-03 -0.17196E-03
        0.4758  0.00000E+00 -0.47498E-03  0.00000E+00 -0.15492E-03  0.00000E+00  0.00000E+00  0.10533E-02  0.10228E-02  0.88159E-03  0.13433E-04  0.63911E-05  0.13893E-03      13  0.88311E-03  0.00000E+00  0.00000E+00  0.59409E-03  0.10955E-03 -0.97082E-04 -0.26404E-03 -0.15556E-03 -0.17974E-03
        0.5258  0.00000E+00 -0.48448E-03  0.00000E+00 -0.17914E-03  0.00000E+00  0.00000E+00  0.10534E-02  0.10228E-02  0.88159E-03  0.13432E-04  0.70627E-05  0.17133E-03      14  0.88311E-03  0.00000E+00  0.00000E+00  0.59126E-03  0.13911E-03 -0.14217E-03 -0.27115E-03 -0.10357E-03 -0.18491E-03
        0.5758  0.00000E+00 -0.49018E-03  0.00000E+00 -0.20365E-03  0.00000E+00  0.00000E+00  0.10531E-02  0.10227E-02  0.88159E-03  0.13432E-04  0.77343E-05  0.20062E-03      15  0.88311E-03  0.00000E+00  0.00000E+00  0.53352E-03  0.16579E-03 -0.16679E-03 -0.27949E-03 -0.62465E-04 -0.18804E-03
        0.6258  0.00000E+00 -0.49252E-03  0.00000E+00 -0.22828E-03  0.00000E+00  0.00000E+00  0.10522E-02  0.10227E-02  0.88159E-03  0.13431E-04  0.84059E-05  0.22381E-03      16  0.88311E-03  0.00000E+00  0.00000E+00  0.42561E-03  0.18707E-03 -0.16810E-03 -0.28790E-03 -0.33783E-04 -0.18973E-03
        0.6758  0.00000E+00 -0.49194E-03  0.00000E+00 -0.25287E-03  0.00000E+00  0.00000E+00  0.10508E-02  0.10226E-02  0.88159E-03  0.13431E-04  0.90774E-05  0.23895E-03      17  0.88311E-03  0.00000E+00  0.00000E+00  0.26750E-03  0.20045E-03 -0.14706E-03 -0.29525E-03 -0.19763E-04 -0.19071E-03
        0.7258  0.00000E+00 -0.48873E-03  0.00000E+00 -0.27731E-03  0.00000E+00  0.00000E+00  0.10488E-02  0.10226E-02  0.88160E-03  0.13431E-04  0.97490E-05  0.24451E-03      18  0.88311E-03  0.00000E+00  0.00000E+00  0.63392E-04  0.20362E-03 -0.10400E-03 -0.30045E-03 -0.21431E-04 -0.19179E-03
        0.7758  0.00000E+00 -0.48317E-03  0.00000E+00 -0.30147E-03  0.00000E+00  0.00000E+00  0.10483E-02  0.10227E-02  0.88160E-03  0.13432E-04  0.10421E-04  0.24732E-03      19  0.88311E-03  0.00000E+00  0.00000E+00  0.29318E-04  0.20508E-03 -0.66474E-04 -0.30377E-03 -0.29772E-04 -0.19327E-03
        0.8258  0.00000E+00 -0.47569E-03  0.00000E+00 -0.32525E-03  0.00000E+00  0.00000E+00  0.10485E-02  0.10227E-02  0.88160E-03  0.13433E-04  0.11092E-04  0.25099E-03      20  0.88311E-03  0.00000E+00  0.00000E+00  0.44508E-04  0.20731E-03 -0.40808E-04 -0.30582E-03 -0.40154E-04 -0.19528E-03
        0.8758  0.00000E+00 -0.46663E-03  0.00000E+00 -0.34859E-03  0.00000E+00  0.00000E+00  0.10486E-02  0.10227E-02  0.88160E-03  0.13433E-04  0.11764E-04  0.25498E-03      21  0.88311E-03  0.00000E+00  0.00000E+00  0.57473E-04  0.21018E-03 -0.26353E-04 -0.30713E-03 -0.49244E-04 -0.19774E-03
        0.9258  0.00000E+00 -0.45628E-03  0.00000E+00 -0.37140E-03  0.00000E+00  0.00000E+00  0.10488E-02  0.10228E-02  0.88160E-03  0.13433E-04  0.12436E-04  0.25952E-03      22  0.88311E-03  0.00000E+00  0.00000E+00  0.66586E-04  0.21351E-03 -0.20175E-04 -0.30814E-03 -0.55277E-04 -0.20051E-03
        0.9629  0.00000E+00 -0.44654E-03  0.00000E+00 -0.38796E-03  0.00000E+00  0.00000E+00  0.10488E-02  0.10227E-02  0.88160E-03  0.13433E-04  0.12934E-04  0.26290E-03      23  0.88311E-03  0.00000E+00  0.00000E+00  0.70603E-04  0.21613E-03 -0.31172E-04 -0.30930E-03 -0.58415E-04 -0.20267E-03
        1.0000  0.00000E+00 -0.43779E-03  0.00000E+00 -0.40420E-03  0.00000E+00  0.00000E+00  0.10489E-02  0.10227E-02  0.88160E-03  0.13433E-04  0.13432E-04  0.26645E-03      24  0.88311E-03  0.00000E+00  0.00000E+00  0.71873E-04  0.21879E-03 -0.37223E-04 -0.31068E-03 -0.60214E-04 -0.20491E-03
end
