 All solute fluxes and cumulative solute fluxes are positive into the region

       Time         cvTop        cvBot      Sum(cvTop)   Sum(cvBot)     cvCh0        cvCh1         cTop        cRoot         cBot        cvRoot    Sum(cvRoot)  Sum(cvNEql) TLevel      cGWL        cRunOff   Sum(cRunOff)    (cv(i),    Sum(cv(i)), i=1,NObs)
        [T]        [M/L2/T]     [M/L2/T]      [M/L2]       [M/L2]       [M/L2]      [M/L2]        [M/L3]      [M/L3]        [M/L3]      [M/L2/T]      [M/L2]       [M/L2]              [M/L3]        [M/L2]      [M/L3]      [M/L2/T]      [M/L2]
        0.0100  0.00000E+00 -0.44285E-02  0.00000E+00 -0.44285E-04  0.00000E+00  0.00000E+00  0.85870E-03  0.88301E-03  0.88182E-03  0.22182E-04  0.22182E-06  0.27120E-05       1  0.88324E-03  0.00000E+00  0.00000E+00  0.56147E-04  0.56147E-06 -0.12255E-02 -0.12255E-04 -0.21173E-02 -0.21173E-04
        0.0200  0.00000E+00 -0.45553E-02  0.00000E+00 -0.89839E-04  0.00000E+00  0.00000E+00  0.85892E-03  0.88308E-03  0.88179E-03  0.22184E-04  0.44367E-06  0.56989E-05       2  0.88323E-03  0.00000E+00  0.00000E+00  0.49907E-04  0.10605E-05 -0.11620E-02 -0.23876E-04 -0.20321E-02 -0.41494E-04
        0.0330  0.00000E+00 -0.44810E-02  0.00000E+00 -0.14809E-03  0.00000E+00  0.00000E+00  0.85885E-03  0.88306E-03  0.88180E-03  0.22184E-04  0.73206E-06  0.78412E-05       3  0.88323E-03  0.00000E+00  0.00000E+00  0.37394E-04  0.15467E-05 -0.10868E-02 -0.38005E-04 -0.19259E-02 -0.66531E-04
        0.0499  0.00000E+00 -0.44032E-02  0.00000E+00 -0.22251E-03  0.00000E+00  0.00000E+00  0.85866E-03  0.88306E-03  0.88179E-03  0.22184E-04  0.11070E-05  0.10643E-04       4  0.88323E-03  0.00000E+00  0.00000E+00  0.12082E-04  0.17508E-05 -0.10123E-02 -0.55113E-04 -0.18096E-02 -0.97113E-04
        0.0719  0.00000E+00 -0.43138E-02  0.00000E+00 -0.31728E-03  0.00000E+00  0.00000E+00  0.85838E-03  0.88306E-03  0.88179E-03  0.22184E-04  0.15944E-05  0.13173E-04       5  0.88323E-03  0.00000E+00  0.00000E+00 -0.12899E-04  0.14675E-05 -0.93942E-03 -0.75752E-04 -0.16833E-02 -0.13410E-03
        0.1004  0.00000E+00 -0.41966E-02  0.00000E+00 -0.43714E-03  0.00000E+00  0.00000E+00  0.85801E-03  0.88306E-03  0.88178E-03  0.22184E-04  0.22279E-05  0.14182E-04       6  0.88322E-03  0.00000E+00  0.00000E+00 -0.49192E-04  0.62476E-07 -0.87867E-03 -0.10085E-03 -0.15560E-02 -0.17854E-03
        0.1376  0.00000E+00 -0.40416E-02  0.00000E+00 -0.58720E-03  0.00000E+00  0.00000E+00  0.85740E-03  0.88305E-03  0.88178E-03  0.22184E-04  0.30516E-05  0.10520E-04       7  0.88322E-03  0.00000E+00  0.00000E+00 -0.10693E-03 -0.39076E-05 -0.84281E-03 -0.13214E-03 -0.14379E-02 -0.23192E-03
        0.1858  0.00000E+00 -0.38392E-02  0.00000E+00 -0.77251E-03  0.00000E+00  0.00000E+00  0.85651E-03  0.88305E-03  0.88177E-03  0.22184E-04  0.41224E-05 -0.42359E-05       8  0.88322E-03  0.00000E+00  0.00000E+00 -0.19083E-03 -0.13119E-04 -0.85592E-03 -0.17345E-03 -0.13466E-02 -0.29692E-03
        0.2358  0.00000E+00 -0.36117E-02  0.00000E+00 -0.95310E-03  0.00000E+00  0.00000E+00  0.85561E-03  0.88304E-03  0.88177E-03  0.22183E-04  0.52315E-05 -0.30549E-04       9  0.88322E-03  0.00000E+00  0.00000E+00 -0.27813E-03 -0.27025E-04 -0.91553E-03 -0.21923E-03 -0.13029E-02 -0.36207E-03
        0.2858  0.00000E+00 -0.33920E-02  0.00000E+00 -0.11227E-02  0.00000E+00  0.00000E+00  0.85499E-03  0.88304E-03  0.88176E-03  0.22183E-04  0.63407E-05 -0.64833E-04      10  0.88322E-03  0.00000E+00  0.00000E+00 -0.33563E-03 -0.43806E-04 -0.98259E-03 -0.26836E-03 -0.12897E-02 -0.42655E-03
        0.3358  0.00000E+00 -0.31862E-02  0.00000E+00 -0.12820E-02  0.00000E+00  0.00000E+00  0.85469E-03  0.88304E-03  0.88175E-03  0.22183E-04  0.74499E-05 -0.10182E-03      11  0.88322E-03  0.00000E+00  0.00000E+00 -0.35988E-03 -0.61800E-04 -0.10276E-02 -0.31974E-03 -0.12796E-02 -0.49053E-03
        0.3858  0.00000E+00 -0.29971E-02  0.00000E+00 -0.14319E-02  0.00000E+00  0.00000E+00  0.85442E-03  0.88305E-03  0.88175E-03  0.22184E-04  0.85590E-05 -0.13872E-03      12  0.88322E-03  0.00000E+00  0.00000E+00 -0.37899E-03 -0.80750E-04 -0.10563E-02 -0.37255E-03 -0.12629E-02 -0.55368E-03
        0.4358  0.00000E+00 -0.28261E-02  0.00000E+00 -0.15732E-02  0.00000E+00  0.00000E+00  0.85422E-03  0.88306E-03  0.88174E-03  0.22184E-04  0.96682E-05 -0.17536E-03      13  0.88322E-03  0.00000E+00  0.00000E+00 -0.39091E-03 -0.10030E-03 -0.10716E-02 -0.42613E-03 -0.12429E-02 -0.61582E-03
        0.4858  0.00000E+00 -0.26719E-02  0.00000E+00 -0.17068E-02  0.00000E+00  0.00000E+00  0.85409E-03  0.88307E-03  0.88174E-03  0.22184E-04  0.10777E-04 -0.21116E-03      14  0.88322E-03  0.00000E+00  0.00000E+00 -0.39516E-03 -0.12005E-03 -0.10751E-02 -0.47989E-03 -0.12207E-02 -0.67686E-03
        0.5358  0.00000E+00 -0.25330E-02  0.00000E+00 -0.18334E-02  0.00000E+00  0.00000E+00  0.85402E-03  0.88308E-03  0.88173E-03  0.22184E-04  0.11887E-04 -0.24595E-03      15  0.88322E-03  0.00000E+00  0.00000E+00 -0.39099E-03 -0.13960E-03 -0.10671E-02 -0.53324E-03 -0.11967E-02 -0.73669E-03
        0.5858  0.00000E+00 -0.24073E-02  0.00000E+00 -0.19538E-02  0.00000E+00  0.00000E+00  0.85403E-03  0.88308E-03  0.88173E-03  0.22184E-04  0.12996E-04 -0.27938E-03      16  0.88322E-03  0.00000E+00  0.00000E+00 -0.37897E-03 -0.15855E-03 -0.10476E-02 -0.58562E-03 -0.11707E-02 -0.79523E-03
        0.6358  0.00000E+00 -0.22932E-02  0.00000E+00 -0.20684E-02  0.00000E+00  0.00000E+00  0.85410E-03  0.88308E-03  0.88173E-03  0.22184E-04  0.14105E-04 -0.31149E-03      17  0.88322E-03  0.00000E+00  0.00000E+00 -0.35974E-03 -0.17654E-03 -0.10178E-02 -0.63651E-03 -0.11434E-02 -0.85240E-03
        0.6858  0.00000E+00 -0.21894E-02  0.00000E+00 -0.21779E-02  0.00000E+00  0.00000E+00  0.85422E-03  0.88308E-03  0.88172E-03  0.22184E-04  0.15214E-04 -0.34219E-03      18  0.88322E-03  0.00000E+00  0.00000E+00 -0.33493E-03 -0.19328E-03 -0.97940E-03 -0.68548E-03 -0.11148E-02 -0.90814E-03
        0.7358  0.00000E+00 -0.20945E-02  0.00000E+00 -0.22826E-02  0.00000E+00  0.00000E+00  0.85437E-03  0.88307E-03  0.88172E-03  0.22184E-04  0.16324E-04 -0.37172E-03      19  0.88322E-03  0.00000E+00  0.00000E+00 -0.30592E-03 -0.20858E-03 -0.93469E-03 -0.73222E-03 -0.10856E-02 -0.96242E-03
        0.7858  0.00000E+00 -0.20071E-02  0.00000E+00 -0.23830E-02  0.00000E+00  0.00000E+00  0.85507E-03  0.88306E-03  0.88172E-03  0.22184E-04  0.17433E-04 -0.39405E-03      20  0.88322E-03  0.00000E+00  0.00000E+00 -0.22334E-03 -0.21975E-03 -0.84121E-03 -0.77428E-03 -0.10379E-02 -0.10143E-02
        0.8358  0.00000E+00 -0.19262E-02  0.00000E+00 -0.24793E-02  0.00000E+00  0.00000E+00  0.85578E-03  0.88307E-03  0.88172E-03  0.22184E-04  0.18542E-04 -0.40608E-03      21  0.88322E-03  0.00000E+00  0.00000E+00 -0.13956E-03 -0.22673E-03 -0.72196E-03 -0.81038E-03 -0.96263E-03 -0.10624E-02
        0.8858  0.00000E+00 -0.18507E-02  0.00000E+00 -0.25718E-02  0.00000E+00  0.00000E+00  0.85648E-03  0.88307E-03  0.88172E-03  0.22184E-04  0.19651E-04 -0.40989E-03      22  0.88321E-03  0.00000E+00  0.00000E+00 -0.62533E-04 -0.22985E-03 -0.59537E-03 -0.84014E-03 -0.87251E-03 -0.11061E-02
        0.9358  0.00000E+00 -0.17792E-02  0.00000E+00 -0.26608E-02  0.00000E+00  0.00000E+00  0.85704E-03  0.88307E-03  0.88172E-03  0.22184E-04  0.20760E-04 -0.40768E-03      23  0.88322E-03  0.00000E+00  0.00000E+00 -0.39827E-05 -0.23005E-03 -0.48114E-03 -0.86420E-03 -0.77912E-03 -0.11450E-02
        0.9679  0.00000E+00 -0.17223E-02  0.00000E+00 -0.27161E-02  0.00000E+00  0.00000E+00  0.85738E-03  0.88307E-03  0.88172E-03  0.22184E-04  0.21472E-04 -0.40459E-03      24  0.88321E-03  0.00000E+00  0.00000E+00  0.39573E-04 -0.22878E-03 -0.41769E-03 -0.87760E-03 -0.72148E-03 -0.11682E-02
        1.0000  0.00000E+00 -0.16790E-02  0.00000E+00 -0.27699E-02  0.00000E+00  0.00000E+00  0.85758E-03  0.88307E-03  0.88172E-03  0.22184E-04  0.22184E-04 -0.40098E-03      25  0.88321E-03  0.00000E+00  0.00000E+00  0.58540E-04 -0.22690E-03 -0.36772E-03 -0.88940E-03 -0.66857E-03 -0.11896E-02
end
