 All solute fluxes and cumulative solute fluxes are positive into the region

       Time         cvTop        cvBot      Sum(cvTop)   Sum(cvBot)     cvCh0        cvCh1         cTop        cRoot         cBot        cvRoot    Sum(cvRoot)  Sum(cvNEql) TLevel      cGWL        cRunOff   Sum(cRunOff)    (cv(i),    Sum(cv(i)), i=1,NObs)
        [T]        [M/L2/T]     [M/L2/T]      [M/L2]       [M/L2]       [M/L2]      [M/L2]        [M/L3]      [M/L3]        [M/L3]      [M/L2/T]      [M/L2]       [M/L2]              [M/L3]        [M/L2]      [M/L3]      [M/L2/T]      [M/L2]
        0.0100  0.00000E+00 -0.30676E-03  0.00000E+00 -0.30676E-05  0.00000E+00  0.00000E+00  0.10087E-02  0.91512E-03  0.87964E-03  0.88019E-04  0.88019E-06  0.39847E-05       1  0.88309E-03  0.00000E+00  0.00000E+00  0.44764E-04  0.44764E-06 -0.75324E-03 -0.75324E-05 -0.55963E-03 -0.55963E-05
        0.0230  0.00000E+00 -0.46608E-03  0.00000E+00 -0.91266E-05  0.00000E+00  0.00000E+00  0.10089E-02  0.91498E-03  0.87973E-03  0.88002E-04  0.20242E-05  0.80130E-05       2  0.88309E-03  0.00000E+00  0.00000E+00  0.44077E-04  0.10206E-05 -0.70442E-03 -0.16690E-04 -0.53547E-03 -0.12557E-04
        0.0399  0.00000E+00 -0.40673E-03  0.00000E+00 -0.16000E-04  0.00000E+00  0.00000E+00  0.10088E-02  0.91503E-03  0.87968E-03  0.88008E-04  0.35115E-05  0.11946E-04       3  0.88309E-03  0.00000E+00  0.00000E+00  0.43068E-04  0.17485E-05 -0.64352E-03 -0.27565E-04 -0.50179E-03 -0.21038E-04
        0.0619  0.00000E+00 -0.36787E-03  0.00000E+00 -0.24083E-04  0.00000E+00  0.00000E+00  0.10088E-02  0.91501E-03  0.87968E-03  0.88005E-04  0.54450E-05  0.17361E-04       4  0.88309E-03  0.00000E+00  0.00000E+00  0.41004E-04  0.26494E-05 -0.57998E-03 -0.40308E-04 -0.46413E-03 -0.31235E-04
        0.0904  0.00000E+00 -0.34833E-03  0.00000E+00 -0.34031E-04  0.00000E+00  0.00000E+00  0.10088E-02  0.91502E-03  0.87967E-03  0.88006E-04  0.79586E-05  0.24192E-04       5  0.88309E-03  0.00000E+00  0.00000E+00  0.37050E-04  0.37075E-05 -0.51377E-03 -0.54981E-04 -0.42078E-03 -0.43252E-04
        0.1276  0.00000E+00 -0.33904E-03  0.00000E+00 -0.46620E-04  0.00000E+00  0.00000E+00  0.10087E-02  0.91501E-03  0.87967E-03  0.88005E-04  0.11226E-04  0.32699E-04       6  0.88309E-03  0.00000E+00  0.00000E+00  0.29987E-04  0.48210E-05 -0.44731E-03 -0.71589E-04 -0.37436E-03 -0.57152E-04
        0.1758  0.00000E+00 -0.33827E-03  0.00000E+00 -0.62947E-04  0.00000E+00  0.00000E+00  0.10086E-02  0.91501E-03  0.87968E-03  0.88006E-04  0.15474E-04  0.43138E-04       7  0.88309E-03  0.00000E+00  0.00000E+00  0.18165E-04  0.56977E-05 -0.38522E-03 -0.90183E-04 -0.32649E-03 -0.72911E-04
        0.2258  0.00000E+00 -0.34196E-03  0.00000E+00 -0.80045E-04  0.00000E+00  0.00000E+00  0.10085E-02  0.91501E-03  0.87969E-03  0.88005E-04  0.19874E-04  0.53066E-04       8  0.88309E-03  0.00000E+00  0.00000E+00  0.59572E-05  0.59956E-05 -0.33737E-03 -0.10705E-03 -0.28709E-03 -0.87266E-04
        0.2758  0.00000E+00 -0.34663E-03  0.00000E+00 -0.97377E-04  0.00000E+00  0.00000E+00  0.10086E-02  0.91501E-03  0.87969E-03  0.88006E-04  0.24275E-04  0.63042E-04       9  0.88309E-03  0.00000E+00  0.00000E+00  0.21030E-04  0.70471E-05 -0.29430E-03 -0.12177E-03 -0.25451E-03 -0.99991E-04
        0.3258  0.00000E+00 -0.35033E-03  0.00000E+00 -0.11489E-03  0.00000E+00  0.00000E+00  0.10096E-02  0.91501E-03  0.87970E-03  0.88006E-04  0.28675E-04  0.78349E-04      10  0.88309E-03  0.00000E+00  0.00000E+00  0.13224E-03  0.13659E-04 -0.22792E-03 -0.13316E-03 -0.21864E-03 -0.11092E-03
        0.3758  0.00000E+00 -0.35189E-03  0.00000E+00 -0.13249E-03  0.00000E+00  0.00000E+00  0.10107E-02  0.91502E-03  0.87970E-03  0.88008E-04  0.33075E-04  0.10663E-03      11  0.88309E-03  0.00000E+00  0.00000E+00  0.22018E-03  0.24668E-04 -0.14834E-03 -0.14058E-03 -0.16824E-03 -0.11934E-03
        0.4258  0.00000E+00 -0.35072E-03  0.00000E+00 -0.15002E-03  0.00000E+00  0.00000E+00  0.10114E-02  0.91506E-03  0.87971E-03  0.88011E-04  0.37476E-04  0.14617E-03      12  0.88309E-03  0.00000E+00  0.00000E+00  0.28153E-03  0.38745E-04 -0.61689E-04 -0.14366E-03 -0.11077E-03 -0.12487E-03
        0.4758  0.00000E+00 -0.34654E-03  0.00000E+00 -0.16735E-03  0.00000E+00  0.00000E+00  0.10119E-02  0.91507E-03  0.87971E-03  0.88013E-04  0.41876E-04  0.19280E-03      13  0.88309E-03  0.00000E+00  0.00000E+00  0.31133E-03  0.54311E-04 -0.88253E-05 -0.14411E-03 -0.51603E-04 -0.12745E-03
        0.5258  0.00000E+00 -0.33896E-03  0.00000E+00 -0.18430E-03  0.00000E+00  0.00000E+00  0.10119E-02  0.91509E-03  0.87971E-03  0.88015E-04  0.46277E-04  0.24271E-03      14  0.88309E-03  0.00000E+00  0.00000E+00  0.30991E-03  0.69807E-04 -0.56556E-05 -0.14439E-03  0.20381E-05 -0.12735E-03
        0.5758  0.00000E+00 -0.32792E-03  0.00000E+00 -0.20070E-03  0.00000E+00  0.00000E+00  0.10117E-02  0.91509E-03  0.87971E-03  0.88015E-04  0.50678E-04  0.29090E-03      15  0.88309E-03  0.00000E+00  0.00000E+00  0.27662E-03  0.83638E-04 -0.36801E-05 -0.14457E-03  0.39941E-04 -0.12535E-03
        0.6258  0.00000E+00 -0.31368E-03  0.00000E+00 -0.21638E-03  0.00000E+00  0.00000E+00  0.10112E-02  0.91509E-03  0.87971E-03  0.88015E-04  0.55079E-04  0.33315E-03      16  0.88309E-03  0.00000E+00  0.00000E+00  0.21405E-03  0.94340E-04 -0.27132E-05 -0.14471E-03  0.66053E-04 -0.12205E-03
        0.6758  0.00000E+00 -0.29661E-03  0.00000E+00 -0.23121E-03  0.00000E+00  0.00000E+00  0.10104E-02  0.91508E-03  0.87970E-03  0.88013E-04  0.59479E-04  0.36530E-03      17  0.88309E-03  0.00000E+00  0.00000E+00  0.12533E-03  0.10061E-03 -0.29437E-05 -0.14485E-03  0.77623E-04 -0.11817E-03
        0.7258  0.00000E+00 -0.27736E-03  0.00000E+00 -0.24508E-03  0.00000E+00  0.00000E+00  0.10093E-02  0.91506E-03  0.87970E-03  0.88012E-04  0.63880E-04  0.38456E-03      18  0.88309E-03  0.00000E+00  0.00000E+00  0.16040E-04  0.10141E-03 -0.43005E-05 -0.14507E-03  0.74260E-04 -0.11446E-03
        0.7758  0.00000E+00 -0.25694E-03  0.00000E+00 -0.25793E-03  0.00000E+00  0.00000E+00  0.10090E-02  0.91504E-03  0.87969E-03  0.88009E-04  0.68280E-04  0.39211E-03      19  0.88309E-03  0.00000E+00  0.00000E+00  0.53094E-05  0.10167E-03 -0.54184E-05 -0.14534E-03  0.59959E-04 -0.11146E-03
        0.8258  0.00000E+00 -0.23623E-03  0.00000E+00 -0.26974E-03  0.00000E+00  0.00000E+00  0.10092E-02  0.91502E-03  0.87969E-03  0.88007E-04  0.72681E-04  0.39697E-03      20  0.88309E-03  0.00000E+00  0.00000E+00  0.17596E-04  0.10255E-03 -0.61886E-05 -0.14565E-03  0.47522E-04 -0.10908E-03
        0.8758  0.00000E+00 -0.21590E-03  0.00000E+00 -0.28053E-03  0.00000E+00  0.00000E+00  0.10093E-02  0.91502E-03  0.87968E-03  0.88008E-04  0.77081E-04  0.40232E-03      21  0.88309E-03  0.00000E+00  0.00000E+00  0.29464E-04  0.10403E-03 -0.66579E-05 -0.14598E-03  0.38116E-04 -0.10718E-03
        0.9258  0.00000E+00 -0.19665E-03  0.00000E+00 -0.29036E-03  0.00000E+00  0.00000E+00  0.10095E-02  0.91502E-03  0.87968E-03  0.88007E-04  0.81481E-04  0.40755E-03      22  0.88309E-03  0.00000E+00  0.00000E+00  0.37934E-04  0.10592E-03 -0.69504E-05 -0.14633E-03  0.31563E-04 -0.10560E-03
        0.9629  0.00000E+00 -0.18080E-03  0.00000E+00 -0.29707E-03  0.00000E+00  0.00000E+00  0.10095E-02  0.91502E-03  0.87968E-03  0.88007E-04  0.84745E-04  0.41163E-03      23  0.88309E-03  0.00000E+00  0.00000E+00  0.41637E-04  0.10747E-03 -0.71170E-05 -0.14659E-03  0.27838E-04 -0.10457E-03
        1.0000  0.00000E+00 -0.16821E-03  0.00000E+00 -0.30331E-03  0.00000E+00  0.00000E+00  0.10095E-02  0.91502E-03  0.87967E-03  0.88007E-04  0.88009E-04  0.41553E-03      24  0.88309E-03  0.00000E+00  0.00000E+00  0.42857E-04  0.10906E-03 -0.72486E-05 -0.14686E-03  0.25136E-04 -0.10364E-03
end
