 ******* Program HYDRUS
 ******* 
 Welcome to HYDRUS-1D                                                    
 Date:  28. 3.2022    Time:   8:56:40
 Units: L = cm   , T = days , M = mg   

----------------------------------------------------------
 Time       [T]        0.0000
----------------------------------------------------------
 Sub-region num.                     1
----------------------------------------------------------
 Length   [L]        0.30000E+03  0.30000E+03
 W-volume [L]        0.10306E+03  0.10306E+03
 In-flow  [L/T]      0.00000E+00  0.00000E+00
 h Mean   [L]       -0.54279E+02 -0.54279E+02
 ConcVol  [M/L2] 1   0.90981E-01  0.90981E-01
 cMean    [M/L3] 1   0.88271E-03  0.88271E-03
 SorbVolIm[M/L2] 1   0.46078E+02  0.46078E+02
 sMeanIm  [-]    1   0.10593E+00  0.10593E+00
 Top Flux [L/T]     -0.23141E-01
 Bot Flux [L/T]     -0.57917E-01
----------------------------------------------------------

----------------------------------------------------------
 Time       [T]        1.0000
----------------------------------------------------------
 Sub-region num.                     1
----------------------------------------------------------
 Length   [L]        0.30000E+03  0.30000E+03
 W-volume [L]        0.10281E+03  0.10281E+03
 In-flow  [L/T]     -0.46053E-01 -0.46053E-01
 h Mean   [L]       -0.55260E+02 -0.55260E+02
 ConcVol  [M/L2] 1   0.90765E-01  0.90765E-01
 cMean    [M/L3] 1   0.88273E-03  0.88273E-03
 SorbVolIm[M/L2] 1   0.46079E+02  0.46079E+02
 sMeanIm  [-]    1   0.10593E+00  0.10593E+00
 Top Flux [L/T]      0.11443E-01
 Bot Flux [L/T]      0.20890E-01
 WatBalT  [L]       -0.44256E-05
 WatBalR  [%]              0.001
 CncBalT  [M]    1   0.26321E-03
 CncBalR  [%]    1        66.638
----------------------------------------------------------
 
 Calculation time [sec]  1.000000536441803E-002
