 All solute fluxes and cumulative solute fluxes are positive into the region

       Time         cvTop        cvBot      Sum(cvTop)   Sum(cvBot)     cvCh0        cvCh1         cTop        cRoot         cBot        cvRoot    Sum(cvRoot)  Sum(cvNEql) TLevel      cGWL        cRunOff   Sum(cRunOff)    (cv(i),    Sum(cv(i)), i=1,NObs)
        [T]        [M/L2/T]     [M/L2/T]      [M/L2]       [M/L2]       [M/L2]      [M/L2]        [M/L3]      [M/L3]        [M/L3]      [M/L2/T]      [M/L2]       [M/L2]              [M/L3]        [M/L2]      [M/L3]      [M/L2/T]      [M/L2]
        0.0100  0.00000E+00 -0.17148E-03  0.00000E+00 -0.17148E-05  0.00000E+00  0.00000E+00  0.10039E-02  0.90347E-03  0.86591E-03  0.39227E-04  0.39227E-06 -0.11703E-04       1  0.88306E-03  0.00000E+00  0.00000E+00  0.52219E-04  0.52219E-06 -0.20792E-03 -0.20792E-05 -0.20174E-03 -0.20174E-05
        0.0200  0.00000E+00  0.00000E+00  0.00000E+00 -0.17148E-05  0.00000E+00  0.00000E+00  0.10039E-02  0.90342E-03  0.86114E-03  0.39224E-04  0.78451E-06 -0.30396E-04       2  0.88301E-03  0.00000E+00  0.00000E+00  0.45376E-04  0.97596E-06 -0.18167E-03 -0.38959E-05 -0.16100E-03 -0.36274E-05
        0.0330  0.00000E+00  0.00000E+00  0.00000E+00 -0.17148E-05  0.00000E+00  0.00000E+00  0.10038E-02  0.90344E-03  0.86317E-03  0.39225E-04  0.12944E-05 -0.49493E-04       3  0.88303E-03  0.00000E+00  0.00000E+00  0.30066E-04  0.13668E-05 -0.13617E-03 -0.56662E-05 -0.88529E-04 -0.47783E-05
        0.0499  0.00000E+00  0.00000E+00  0.00000E+00 -0.17148E-05  0.00000E+00  0.00000E+00  0.10035E-02  0.90343E-03  0.86314E-03  0.39225E-04  0.19573E-05 -0.71900E-04       4  0.88305E-03  0.00000E+00  0.00000E+00 -0.21786E-06  0.13631E-05 -0.76101E-04 -0.69523E-05  0.28860E-05 -0.47295E-05
        0.0719  0.00000E+00  0.00000E+00  0.00000E+00 -0.17148E-05  0.00000E+00  0.00000E+00  0.10030E-02  0.90344E-03  0.86383E-03  0.39225E-04  0.28191E-05 -0.98264E-04       5  0.88305E-03  0.00000E+00  0.00000E+00 -0.42649E-04  0.42614E-06 -0.12645E-04 -0.72301E-05  0.91695E-04 -0.27150E-05
        0.1004  0.00000E+00  0.00000E+00  0.00000E+00 -0.17148E-05  0.00000E+00  0.00000E+00  0.10024E-02  0.90344E-03  0.86410E-03  0.39225E-04  0.39394E-05 -0.13085E-03       6  0.88306E-03  0.00000E+00  0.00000E+00 -0.11564E-03 -0.28766E-05 -0.27876E-05 -0.73097E-05  0.15729E-03  0.17774E-05
        0.1376  0.00000E+00  0.00000E+00  0.00000E+00 -0.17148E-05  0.00000E+00  0.00000E+00  0.10013E-02  0.90345E-03  0.86455E-03  0.39225E-04  0.53958E-05 -0.17357E-03       7  0.88307E-03  0.00000E+00  0.00000E+00 -0.23256E-03 -0.11511E-04 -0.26683E-04 -0.83005E-05  0.17474E-03  0.82653E-05
        0.1858  0.00000E+00  0.00000E+00  0.00000E+00 -0.17148E-05  0.00000E+00  0.00000E+00  0.99975E-03  0.90345E-03  0.86489E-03  0.39225E-04  0.72891E-05 -0.23381E-03       8  0.88308E-03  0.00000E+00  0.00000E+00 -0.40647E-03 -0.31131E-04 -0.21130E-03 -0.18500E-04  0.11681E-03  0.13904E-04
        0.2358  0.00000E+00  0.00000E+00  0.00000E+00 -0.17148E-05  0.00000E+00  0.00000E+00  0.99809E-03  0.90346E-03  0.86533E-03  0.39226E-04  0.92504E-05 -0.30354E-03       9  0.88308E-03  0.00000E+00  0.00000E+00 -0.59135E-03 -0.60698E-04 -0.50116E-03 -0.43558E-04 -0.38468E-05  0.13711E-04
        0.2858  0.00000E+00  0.00000E+00  0.00000E+00 -0.17148E-05  0.00000E+00  0.00000E+00  0.99686E-03  0.90348E-03  0.86574E-03  0.39227E-04  0.11212E-04 -0.37774E-03      10  0.88309E-03  0.00000E+00  0.00000E+00 -0.72771E-03 -0.97084E-04 -0.81302E-03 -0.84208E-04 -0.16506E-03  0.54583E-05
        0.3358  0.00000E+00  0.00000E+00  0.00000E+00 -0.17148E-05  0.00000E+00  0.00000E+00  0.99612E-03  0.90350E-03  0.86627E-03  0.39228E-04  0.13173E-04 -0.44969E-03      11  0.88310E-03  0.00000E+00  0.00000E+00 -0.80190E-03 -0.13718E-03 -0.10772E-02 -0.13807E-03 -0.32098E-03 -0.10591E-04
        0.3858  0.00000E+00  0.00000E+00  0.00000E+00 -0.17148E-05  0.00000E+00  0.00000E+00  0.99550E-03  0.90352E-03  0.86683E-03  0.39229E-04  0.15135E-04 -0.51587E-03      12  0.88310E-03  0.00000E+00  0.00000E+00 -0.86160E-03 -0.18026E-03 -0.13039E-02 -0.20326E-03 -0.46010E-03 -0.33596E-04
        0.4358  0.00000E+00  0.00000E+00  0.00000E+00 -0.17148E-05  0.00000E+00  0.00000E+00  0.99501E-03  0.90354E-03  0.86748E-03  0.39230E-04  0.17096E-04 -0.57567E-03      13  0.88311E-03  0.00000E+00  0.00000E+00 -0.89998E-03 -0.22526E-03 -0.14827E-02 -0.27740E-03 -0.57854E-03 -0.62523E-04
        0.4858  0.00000E+00 -0.48533E-04  0.00000E+00 -0.41414E-05  0.00000E+00  0.00000E+00  0.99470E-03  0.90356E-03  0.87644E-03  0.39231E-04  0.19058E-04 -0.60742E-03      14  0.88316E-03  0.00000E+00  0.00000E+00 -0.91597E-03 -0.27106E-03 -0.16116E-02 -0.35798E-03 -0.67457E-03 -0.96251E-04
        0.5358  0.00000E+00 -0.15359E-03  0.00000E+00 -0.11821E-04  0.00000E+00  0.00000E+00  0.99456E-03  0.90357E-03  0.87604E-03  0.39232E-04  0.21019E-04 -0.61893E-03      15  0.88315E-03  0.00000E+00  0.00000E+00 -0.90703E-03 -0.31641E-03 -0.16855E-02 -0.44225E-03 -0.74707E-03 -0.13360E-03
        0.5858  0.00000E+00 -0.26094E-03  0.00000E+00 -0.24868E-04  0.00000E+00  0.00000E+00  0.99461E-03  0.90358E-03  0.87652E-03  0.39232E-04  0.22981E-04 -0.62977E-03      16  0.88316E-03  0.00000E+00  0.00000E+00 -0.87491E-03 -0.36015E-03 -0.17040E-02 -0.52745E-03 -0.79483E-03 -0.17335E-03
        0.6358  0.00000E+00 -0.35610E-03  0.00000E+00 -0.42673E-04  0.00000E+00  0.00000E+00  0.99482E-03  0.90358E-03  0.87636E-03  0.39232E-04  0.24943E-04 -0.63721E-03      17  0.88316E-03  0.00000E+00  0.00000E+00 -0.82116E-03 -0.40121E-03 -0.16703E-02 -0.61096E-03 -0.81902E-03 -0.21430E-03
        0.6858  0.00000E+00 -0.43809E-03  0.00000E+00 -0.64578E-04  0.00000E+00  0.00000E+00  0.99518E-03  0.90358E-03  0.87662E-03  0.39232E-04  0.26904E-04 -0.64285E-03      18  0.88316E-03  0.00000E+00  0.00000E+00 -0.75055E-03 -0.43874E-03 -0.15925E-02 -0.69059E-03 -0.82129E-03 -0.25536E-03
        0.7358  0.00000E+00 -0.50673E-03  0.00000E+00 -0.89915E-04  0.00000E+00  0.00000E+00  0.99564E-03  0.90357E-03  0.87656E-03  0.39232E-04  0.28866E-04 -0.64555E-03      19  0.88316E-03  0.00000E+00  0.00000E+00 -0.66830E-03 -0.47215E-03 -0.14820E-02 -0.76469E-03 -0.80602E-03 -0.29566E-03
        0.7858  0.00000E+00 -0.55870E-03  0.00000E+00 -0.11785E-03  0.00000E+00  0.00000E+00  0.99689E-03  0.90356E-03  0.87671E-03  0.39231E-04  0.30827E-04 -0.64006E-03      20  0.88316E-03  0.00000E+00  0.00000E+00 -0.48739E-03 -0.49652E-03 -0.12423E-02 -0.82680E-03 -0.74007E-03 -0.33267E-03
        0.8358  0.00000E+00 -0.58605E-03  0.00000E+00 -0.14715E-03  0.00000E+00  0.00000E+00  0.99825E-03  0.90355E-03  0.87667E-03  0.39230E-04  0.32789E-04 -0.62220E-03      21  0.88316E-03  0.00000E+00  0.00000E+00 -0.30737E-03 -0.51189E-03 -0.96543E-03 -0.87507E-03 -0.63491E-03 -0.36441E-03
        0.8858  0.00000E+00 -0.58490E-03  0.00000E+00 -0.17640E-03  0.00000E+00  0.00000E+00  0.99951E-03  0.90353E-03  0.87672E-03  0.39229E-04  0.34750E-04 -0.59536E-03      22  0.88316E-03  0.00000E+00  0.00000E+00 -0.14457E-03 -0.51912E-03 -0.68951E-03 -0.90955E-03 -0.51292E-03 -0.39006E-03
        0.9358  0.00000E+00 -0.55844E-03  0.00000E+00 -0.20432E-03  0.00000E+00  0.00000E+00  0.10005E-02  0.90351E-03  0.87667E-03  0.39229E-04  0.36712E-04 -0.56232E-03      23  0.88316E-03  0.00000E+00  0.00000E+00 -0.22820E-04 -0.52026E-03 -0.45855E-03 -0.93248E-03 -0.39635E-03 -0.40987E-03
        0.9679  0.00000E+00 -0.52451E-03  0.00000E+00 -0.22115E-03  0.00000E+00  0.00000E+00  0.10010E-02  0.90350E-03  0.87668E-03  0.39228E-04  0.37970E-04 -0.54005E-03      24  0.88316E-03  0.00000E+00  0.00000E+00  0.34379E-04 -0.51916E-03 -0.34082E-03 -0.94341E-03 -0.32959E-03 -0.42045E-03
        1.0000  0.00000E+00 -0.49166E-03  0.00000E+00 -0.23692E-03  0.00000E+00  0.00000E+00  0.10013E-02  0.90349E-03  0.87664E-03  0.39227E-04  0.39229E-04 -0.51777E-03      25  0.88316E-03  0.00000E+00  0.00000E+00  0.58299E-04 -0.51729E-03 -0.26054E-03 -0.95177E-03 -0.27569E-03 -0.42930E-03
end
