 ******* Program HYDRUS
 ******* 
 Welcome to HYDRUS-1D                                                    
 Date:  29. 3.2022    Time:  17:26:32
 Units: L = cm   , T = days , M = mg   

----------------------------------------------------------
 Time       [T]        0.0000
----------------------------------------------------------
 Sub-region num.                     1
----------------------------------------------------------
 Length   [L]        0.30000E+03  0.30000E+03
 W-volume [L]        0.10244E+03  0.10244E+03
 In-flow  [L/T]      0.00000E+00  0.00000E+00
 h Mean   [L]       -0.57919E+02 -0.57919E+02
 ConcVol  [M/L2] 1   0.90435E-01  0.90435E-01
 cMean    [M/L3] 1   0.88269E-03  0.88269E-03
 SorbVolIm[M/L2] 1   0.46078E+02  0.46078E+02
 sMeanIm  [-]    1   0.10593E+00  0.10593E+00
 Top Flux [L/T]      0.35352E-01
 Bot Flux [L/T]      0.24637E+00
----------------------------------------------------------

----------------------------------------------------------
 Time       [T]        1.0000
----------------------------------------------------------
 Sub-region num.                     1
----------------------------------------------------------
 Length   [L]        0.30000E+03  0.30000E+03
 W-volume [L]        0.10204E+03  0.10204E+03
 In-flow  [L/T]      0.23480E+00  0.23480E+00
 h Mean   [L]       -0.62008E+02 -0.62008E+02
 ConcVol  [M/L2] 1   0.90081E-01  0.90081E-01
 cMean    [M/L3] 1   0.88271E-03  0.88271E-03
 SorbVolIm[M/L2] 1   0.46079E+02  0.46079E+02
 sMeanIm  [-]    1   0.10593E+00  0.10593E+00
 Top Flux [L/T]      0.29067E-01
 Bot Flux [L/T]      0.36298E+00
 WatBalT  [L]       -0.11082E+00
 WatBalR  [%]             15.505
 CncBalT  [M]    1   0.19455E-03
 CncBalR  [%]    1        54.498
----------------------------------------------------------
 
 Calculation time [sec]  9.999990463256836E-003
