 All solute fluxes and cumulative solute fluxes are positive into the region

       Time         cvTop        cvBot      Sum(cvTop)   Sum(cvBot)     cvCh0        cvCh1         cTop        cRoot         cBot        cvRoot    Sum(cvRoot)  Sum(cvNEql) TLevel      cGWL        cRunOff   Sum(cRunOff)    (cv(i),    Sum(cv(i)), i=1,NObs)
        [T]        [M/L2/T]     [M/L2/T]      [M/L2]       [M/L2]       [M/L2]      [M/L2]        [M/L3]      [M/L3]        [M/L3]      [M/L2/T]      [M/L2]       [M/L2]              [M/L3]        [M/L2]      [M/L3]      [M/L2/T]      [M/L2]
        0.0100  0.00000E+00 -0.27097E-03  0.00000E+00 -0.27097E-05  0.00000E+00  0.00000E+00  0.10427E-02  0.92362E-03  0.88179E-03  0.42910E-04  0.42910E-06 -0.28328E-06       1  0.88317E-03  0.00000E+00  0.00000E+00  0.22535E-04  0.22535E-06 -0.52401E-04 -0.52401E-06  0.23623E-03  0.23623E-05
        0.0200  0.00000E+00 -0.47114E-03  0.00000E+00 -0.74211E-05  0.00000E+00  0.00000E+00  0.10426E-02  0.92355E-03  0.88155E-03  0.42905E-04  0.85815E-06  0.19808E-05       2  0.88314E-03  0.00000E+00  0.00000E+00  0.38348E-05  0.26369E-06 -0.51220E-04 -0.10362E-05  0.23293E-03  0.46915E-05
        0.0330  0.00000E+00 -0.33504E-03  0.00000E+00 -0.11777E-04  0.00000E+00  0.00000E+00  0.10421E-02  0.92357E-03  0.88156E-03  0.42906E-04  0.14159E-05  0.62116E-06       3  0.88315E-03  0.00000E+00  0.00000E+00 -0.38900E-04 -0.24201E-06 -0.49570E-04 -0.16806E-05  0.22791E-03  0.76544E-05
        0.0499  0.00000E+00 -0.23151E-03  0.00000E+00 -0.15689E-04  0.00000E+00  0.00000E+00  0.10414E-02  0.92356E-03  0.88153E-03  0.42906E-04  0.21410E-05 -0.14611E-05       4  0.88313E-03  0.00000E+00  0.00000E+00 -0.12104E-03 -0.22877E-05 -0.46447E-04 -0.24656E-05  0.22140E-03  0.11396E-04
        0.0719  0.00000E+00 -0.16004E-03  0.00000E+00 -0.19205E-04  0.00000E+00  0.00000E+00  0.10398E-02  0.92357E-03  0.88153E-03  0.42906E-04  0.30837E-05 -0.75162E-05       5  0.88313E-03  0.00000E+00  0.00000E+00 -0.25987E-03 -0.79971E-05 -0.39947E-04 -0.33432E-05  0.21111E-03  0.16034E-04
        0.1004  0.00000E+00 -0.10046E-03  0.00000E+00 -0.22074E-04  0.00000E+00  0.00000E+00  0.10375E-02  0.92356E-03  0.88152E-03  0.42906E-04  0.43091E-05 -0.23189E-04       6  0.88313E-03  0.00000E+00  0.00000E+00 -0.46718E-03 -0.21340E-04 -0.25656E-04 -0.40760E-05  0.19192E-03  0.21516E-04
        0.1376  0.00000E+00 -0.51153E-04  0.00000E+00 -0.23974E-04  0.00000E+00  0.00000E+00  0.10343E-02  0.92356E-03  0.88151E-03  0.42906E-04  0.59022E-05 -0.61115E-04       7  0.88313E-03  0.00000E+00  0.00000E+00 -0.74801E-03 -0.49113E-04 -0.18166E-03 -0.10821E-04  0.15013E-03  0.27090E-04
        0.1858  0.00000E+00 -0.14104E-04  0.00000E+00 -0.24654E-04  0.00000E+00  0.00000E+00  0.10306E-02  0.92355E-03  0.88070E-03  0.42905E-04  0.79731E-05 -0.14956E-03       8  0.88312E-03  0.00000E+00  0.00000E+00 -0.10962E-02 -0.10203E-03 -0.78378E-03 -0.48652E-04  0.56100E-04  0.29798E-04
        0.2358  0.00000E+00  0.00000E+00  0.00000E+00 -0.24654E-04  0.00000E+00  0.00000E+00  0.10274E-02  0.92353E-03  0.88063E-03  0.42904E-04  0.10118E-04 -0.28837E-03       9  0.88312E-03  0.00000E+00  0.00000E+00 -0.14314E-02 -0.17360E-03 -0.16714E-02 -0.13222E-03 -0.10336E-03  0.24630E-04
        0.2858  0.00000E+00  0.00000E+00  0.00000E+00 -0.24654E-04  0.00000E+00  0.00000E+00  0.10248E-02  0.92353E-03  0.88025E-03  0.42904E-04  0.12264E-04 -0.47122E-03      10  0.88311E-03  0.00000E+00  0.00000E+00 -0.17016E-02 -0.25867E-03 -0.28563E-02 -0.27504E-03 -0.34776E-03  0.72417E-05
        0.3358  0.00000E+00  0.00000E+00  0.00000E+00 -0.24654E-04  0.00000E+00  0.00000E+00  0.10227E-02  0.92355E-03  0.88018E-03  0.42904E-04  0.14409E-04 -0.69030E-03      11  0.88311E-03  0.00000E+00  0.00000E+00 -0.19162E-02 -0.35449E-03 -0.41594E-02 -0.48301E-03 -0.67340E-03 -0.26428E-04
        0.3858  0.00000E+00  0.00000E+00  0.00000E+00 -0.24654E-04  0.00000E+00  0.00000E+00  0.10212E-02  0.92359E-03  0.87999E-03  0.42905E-04  0.16554E-04 -0.93509E-03      12  0.88310E-03  0.00000E+00  0.00000E+00 -0.20898E-02 -0.45897E-03 -0.54504E-02 -0.75553E-03 -0.10627E-02 -0.79563E-04
        0.4358  0.00000E+00  0.00000E+00  0.00000E+00 -0.24654E-04  0.00000E+00  0.00000E+00  0.10199E-02  0.92361E-03  0.87995E-03  0.42905E-04  0.18699E-04 -0.11960E-02      13  0.88311E-03  0.00000E+00  0.00000E+00 -0.21841E-02 -0.56818E-03 -0.68099E-02 -0.10960E-02 -0.15087E-02 -0.15500E-03
        0.4858  0.00000E+00  0.00000E+00  0.00000E+00 -0.24654E-04  0.00000E+00  0.00000E+00  0.10193E-02  0.92368E-03  0.87988E-03  0.42908E-04  0.20845E-04 -0.14615E-02      14  0.88310E-03  0.00000E+00  0.00000E+00 -0.22358E-02 -0.67997E-03 -0.78330E-02 -0.14877E-02 -0.19868E-02 -0.25433E-03
        0.5358  0.00000E+00  0.00000E+00  0.00000E+00 -0.24654E-04  0.00000E+00  0.00000E+00  0.10192E-02  0.92372E-03  0.87992E-03  0.42909E-04  0.22990E-04 -0.17210E-02      15  0.88310E-03  0.00000E+00  0.00000E+00 -0.22030E-02 -0.79012E-03 -0.84425E-02 -0.19098E-02 -0.23932E-02 -0.37399E-03
        0.5858  0.00000E+00  0.00000E+00  0.00000E+00 -0.24654E-04  0.00000E+00  0.00000E+00  0.10195E-02  0.92376E-03  0.87999E-03  0.42909E-04  0.25136E-04 -0.19631E-02      16  0.88311E-03  0.00000E+00  0.00000E+00 -0.21126E-02 -0.89575E-03 -0.86385E-02 -0.23417E-02 -0.26859E-02 -0.50829E-03
        0.6358  0.00000E+00  0.00000E+00  0.00000E+00 -0.24654E-04  0.00000E+00  0.00000E+00  0.10203E-02  0.92378E-03  0.88017E-03  0.42910E-04  0.27281E-04 -0.21782E-02      17  0.88311E-03  0.00000E+00  0.00000E+00 -0.19515E-02 -0.99332E-03 -0.84836E-02 -0.27659E-02 -0.28427E-02 -0.65042E-03
        0.6858  0.00000E+00  0.00000E+00  0.00000E+00 -0.24654E-04  0.00000E+00  0.00000E+00  0.10216E-02  0.92380E-03  0.88044E-03  0.42910E-04  0.29427E-04 -0.23592E-02      18  0.88311E-03  0.00000E+00  0.00000E+00 -0.17400E-02 -0.10803E-02 -0.79338E-02 -0.31626E-02 -0.28661E-02 -0.79372E-03
        0.7358  0.00000E+00 -0.11278E-04  0.00000E+00 -0.25218E-04  0.00000E+00  0.00000E+00  0.10232E-02  0.92379E-03  0.88154E-03  0.42910E-04  0.31572E-04 -0.25001E-02      19  0.88314E-03  0.00000E+00  0.00000E+00 -0.14784E-02 -0.11542E-02 -0.71158E-02 -0.35184E-02 -0.27985E-02 -0.93365E-03
        0.7858  0.00000E+00 -0.50811E-04  0.00000E+00 -0.27759E-04  0.00000E+00  0.00000E+00  0.10255E-02  0.92377E-03  0.88149E-03  0.42909E-04  0.33718E-04 -0.25976E-02      20  0.88313E-03  0.00000E+00  0.00000E+00 -0.11553E-02 -0.12120E-02 -0.60465E-02 -0.38207E-02 -0.26044E-02 -0.10639E-02
        0.8358  0.00000E+00 -0.11298E-03  0.00000E+00 -0.33408E-04  0.00000E+00  0.00000E+00  0.10280E-02  0.92375E-03  0.88154E-03  0.42909E-04  0.35863E-04 -0.26529E-02      21  0.88313E-03  0.00000E+00  0.00000E+00 -0.80624E-03 -0.12523E-02 -0.48939E-02 -0.40654E-02 -0.23152E-02 -0.11796E-02
        0.8858  0.00000E+00 -0.18576E-03  0.00000E+00 -0.42696E-04  0.00000E+00  0.00000E+00  0.10308E-02  0.92373E-03  0.88152E-03  0.42908E-04  0.38008E-04 -0.26731E-02      22  0.88314E-03  0.00000E+00  0.00000E+00 -0.45862E-03 -0.12752E-02 -0.37702E-02 -0.42539E-02 -0.19821E-02 -0.12787E-02
        0.9358  0.00000E+00 -0.26693E-03  0.00000E+00 -0.56042E-04  0.00000E+00  0.00000E+00  0.10334E-02  0.92370E-03  0.88156E-03  0.42908E-04  0.40154E-04 -0.26698E-02      23  0.88315E-03  0.00000E+00  0.00000E+00 -0.15625E-03 -0.12831E-02 -0.27865E-02 -0.43932E-02 -0.16528E-02 -0.13614E-02
        0.9679  0.00000E+00 -0.33728E-03  0.00000E+00 -0.66864E-04  0.00000E+00  0.00000E+00  0.10347E-02  0.92367E-03  0.88155E-03  0.42907E-04  0.41530E-04 -0.26624E-02      24  0.88315E-03  0.00000E+00  0.00000E+00 -0.23846E-04 -0.12838E-02 -0.22930E-02 -0.44668E-02 -0.14539E-02 -0.14080E-02
        1.0000  0.00000E+00 -0.39385E-03  0.00000E+00 -0.79501E-04  0.00000E+00  0.00000E+00  0.10354E-02  0.92365E-03  0.88157E-03  0.42906E-04  0.42907E-04 -0.26541E-02      25  0.88315E-03  0.00000E+00  0.00000E+00  0.37789E-04 -0.12826E-02 -0.19205E-02 -0.45284E-02 -0.12813E-02 -0.14491E-02
end
