 All solute fluxes and cumulative solute fluxes are positive into the region

       Time         cvTop        cvBot      Sum(cvTop)   Sum(cvBot)     cvCh0        cvCh1         cTop        cRoot         cBot        cvRoot    Sum(cvRoot)  Sum(cvNEql) TLevel      cGWL        cRunOff   Sum(cRunOff)    (cv(i),    Sum(cv(i)), i=1,NObs)
        [T]        [M/L2/T]     [M/L2/T]      [M/L2]       [M/L2]       [M/L2]      [M/L2]        [M/L3]      [M/L3]        [M/L3]      [M/L2/T]      [M/L2]       [M/L2]              [M/L3]        [M/L2]      [M/L3]      [M/L2/T]      [M/L2]
        0.0100  0.00000E+00  0.00000E+00  0.00000E+00  0.00000E+00  0.00000E+00  0.00000E+00  0.87566E-03  0.88345E-03  0.87528E-03  0.14638E-04  0.14638E-06 -0.10545E-04       1  0.88296E-03  0.00000E+00  0.00000E+00  0.39946E-04  0.39946E-06  0.18786E-03  0.18786E-05  0.20716E-03  0.20716E-05
        0.0200  0.00000E+00  0.00000E+00  0.00000E+00  0.00000E+00  0.00000E+00  0.00000E+00  0.87536E-03  0.88330E-03  0.87254E-03  0.14636E-04  0.29274E-06 -0.21950E-04       2  0.88287E-03  0.00000E+00  0.00000E+00  0.28235E-04  0.68181E-06  0.18144E-03  0.36929E-05  0.20436E-03  0.41153E-05
        0.0330  0.00000E+00  0.00000E+00  0.00000E+00  0.00000E+00  0.00000E+00  0.00000E+00  0.87512E-03  0.88335E-03  0.87439E-03  0.14637E-04  0.48302E-06 -0.33129E-04       3  0.88295E-03  0.00000E+00  0.00000E+00  0.31240E-06  0.68587E-06  0.17166E-03  0.59245E-05  0.20011E-03  0.67167E-05
        0.0499  0.00000E+00  0.00000E+00  0.00000E+00  0.00000E+00  0.00000E+00  0.00000E+00  0.87462E-03  0.88333E-03  0.87496E-03  0.14636E-04  0.73038E-06 -0.45808E-04       4  0.88296E-03  0.00000E+00  0.00000E+00 -0.40670E-04 -0.14528E-08  0.15722E-03  0.85815E-05  0.19417E-03  0.99981E-05
        0.0719  0.00000E+00  0.00000E+00  0.00000E+00  0.00000E+00  0.00000E+00  0.00000E+00  0.87386E-03  0.88334E-03  0.87559E-03  0.14637E-04  0.10519E-05 -0.61771E-04       5  0.88299E-03  0.00000E+00  0.00000E+00 -0.11302E-03 -0.24844E-05  0.13269E-03  0.11497E-04  0.18488E-03  0.14060E-04
        0.1004  0.00000E+00  0.00000E+00  0.00000E+00  0.00000E+00  0.00000E+00  0.00000E+00  0.87262E-03  0.88333E-03  0.87603E-03  0.14636E-04  0.14700E-05 -0.84664E-04       6  0.88300E-03  0.00000E+00  0.00000E+00 -0.22866E-03 -0.90152E-05  0.86499E-04  0.13967E-04  0.16872E-03  0.18879E-04
        0.1376  0.00000E+00  0.00000E+00  0.00000E+00  0.00000E+00  0.00000E+00  0.00000E+00  0.87082E-03  0.88332E-03  0.87640E-03  0.14636E-04  0.20134E-05 -0.12241E-03       7  0.88301E-03  0.00000E+00  0.00000E+00 -0.39601E-03 -0.23719E-04 -0.56614E-05  0.13757E-04  0.13671E-03  0.23955E-04
        0.1858  0.00000E+00  0.00000E+00  0.00000E+00  0.00000E+00  0.00000E+00  0.00000E+00  0.86854E-03  0.88331E-03  0.87668E-03  0.14636E-04  0.27199E-05 -0.19125E-03       8  0.88302E-03  0.00000E+00  0.00000E+00 -0.61849E-03 -0.53572E-04 -0.18649E-03  0.47558E-05  0.67782E-04  0.27226E-04
        0.2358  0.00000E+00  0.00000E+00  0.00000E+00  0.00000E+00  0.00000E+00  0.00000E+00  0.86640E-03  0.88328E-03  0.87687E-03  0.14636E-04  0.34517E-05 -0.28859E-03       9  0.88302E-03  0.00000E+00  0.00000E+00 -0.83691E-03 -0.95417E-04 -0.41939E-03 -0.16214E-04 -0.35792E-04  0.25437E-04
        0.2858  0.00000E+00  0.00000E+00  0.00000E+00  0.00000E+00  0.00000E+00  0.00000E+00  0.86482E-03  0.88328E-03  0.87699E-03  0.14636E-04  0.41835E-05 -0.41040E-03      10  0.88303E-03  0.00000E+00  0.00000E+00 -0.10132E-02 -0.14608E-03 -0.72893E-03 -0.52660E-04 -0.18420E-03  0.16227E-04
        0.3358  0.00000E+00  0.00000E+00  0.00000E+00  0.00000E+00  0.00000E+00  0.00000E+00  0.86356E-03  0.88328E-03  0.87707E-03  0.14636E-04  0.49153E-05 -0.55155E-03      11  0.88303E-03  0.00000E+00  0.00000E+00 -0.11368E-02 -0.20292E-03 -0.10673E-02 -0.10603E-03 -0.37464E-03 -0.25052E-05
        0.3858  0.00000E+00  0.00000E+00  0.00000E+00  0.00000E+00  0.00000E+00  0.00000E+00  0.86258E-03  0.88331E-03  0.87713E-03  0.14636E-04  0.56471E-05 -0.70791E-03      12  0.88303E-03  0.00000E+00  0.00000E+00 -0.12291E-02 -0.26437E-03 -0.14063E-02 -0.17634E-03 -0.59900E-03 -0.32455E-04
        0.4358  0.00000E+00  0.00000E+00  0.00000E+00  0.00000E+00  0.00000E+00  0.00000E+00  0.86189E-03  0.88331E-03  0.87718E-03  0.14636E-04  0.63789E-05 -0.87496E-03      13  0.88303E-03  0.00000E+00  0.00000E+00 -0.12965E-02 -0.32920E-03 -0.17030E-02 -0.26149E-03 -0.83871E-03 -0.74391E-04
        0.4858  0.00000E+00  0.00000E+00  0.00000E+00  0.00000E+00  0.00000E+00  0.00000E+00  0.86154E-03  0.88333E-03  0.87723E-03  0.14636E-04  0.71107E-05 -0.10464E-02      14  0.88303E-03  0.00000E+00  0.00000E+00 -0.13131E-02 -0.39485E-03 -0.19440E-02 -0.35869E-03 -0.10756E-02 -0.12817E-03
        0.5358  0.00000E+00  0.00000E+00  0.00000E+00  0.00000E+00  0.00000E+00  0.00000E+00  0.86138E-03  0.88331E-03  0.87728E-03  0.14636E-04  0.78425E-05 -0.12159E-02      15  0.88303E-03  0.00000E+00  0.00000E+00 -0.13034E-02 -0.46002E-03 -0.21702E-02 -0.46720E-03 -0.13068E-02 -0.19351E-03
        0.5858  0.00000E+00  0.00000E+00  0.00000E+00  0.00000E+00  0.00000E+00  0.00000E+00  0.86160E-03  0.88338E-03  0.87736E-03  0.14637E-04  0.85743E-05 -0.13767E-02      16  0.88304E-03  0.00000E+00  0.00000E+00 -0.12445E-02 -0.52224E-03 -0.22709E-02 -0.58075E-03 -0.15008E-02 -0.26855E-03
        0.6358  0.00000E+00  0.00000E+00  0.00000E+00  0.00000E+00  0.00000E+00  0.00000E+00  0.86203E-03  0.88334E-03  0.87746E-03  0.14636E-04  0.93062E-05 -0.15232E-02      17  0.88304E-03  0.00000E+00  0.00000E+00 -0.11592E-02 -0.58020E-03 -0.22667E-02 -0.69408E-03 -0.16274E-02 -0.34992E-03
        0.6858  0.00000E+00  0.00000E+00  0.00000E+00  0.00000E+00  0.00000E+00  0.00000E+00  0.86277E-03  0.88338E-03  0.87761E-03  0.14637E-04  0.10038E-04 -0.16506E-02      18  0.88304E-03  0.00000E+00  0.00000E+00 -0.10351E-02 -0.63196E-03 -0.21609E-02 -0.80213E-03 -0.16795E-02 -0.43389E-03
        0.7358  0.00000E+00  0.00000E+00  0.00000E+00  0.00000E+00  0.00000E+00  0.00000E+00  0.86369E-03  0.88335E-03  0.87780E-03  0.14637E-04  0.10770E-04 -0.17561E-02      19  0.88305E-03  0.00000E+00  0.00000E+00 -0.89363E-03 -0.67664E-03 -0.19857E-02 -0.90141E-03 -0.16622E-02 -0.51700E-03
        0.7858  0.00000E+00  0.00000E+00  0.00000E+00  0.00000E+00  0.00000E+00  0.00000E+00  0.86524E-03  0.88337E-03  0.87805E-03  0.14637E-04  0.11502E-04 -0.18327E-02      20  0.88305E-03  0.00000E+00  0.00000E+00 -0.68182E-03 -0.71073E-03 -0.17204E-02 -0.98743E-03 -0.15746E-02 -0.59574E-03
        0.8358  0.00000E+00  0.00000E+00  0.00000E+00  0.00000E+00  0.00000E+00  0.00000E+00  0.86689E-03  0.88338E-03  0.87836E-03  0.14637E-04  0.12234E-04 -0.18799E-02      21  0.88307E-03  0.00000E+00  0.00000E+00 -0.46185E-03 -0.73382E-03 -0.14150E-02 -0.10582E-02 -0.14318E-02 -0.66733E-03
        0.8858  0.00000E+00  0.00000E+00  0.00000E+00  0.00000E+00  0.00000E+00  0.00000E+00  0.86865E-03  0.88337E-03  0.87873E-03  0.14637E-04  0.12965E-04 -0.19028E-02      22  0.88308E-03  0.00000E+00  0.00000E+00 -0.24583E-03 -0.74611E-03 -0.11093E-02 -0.11136E-02 -0.12578E-02 -0.73022E-03
        0.9358  0.00000E+00 -0.22745E-04  0.00000E+00 -0.11372E-05  0.00000E+00  0.00000E+00  0.87018E-03  0.88336E-03  0.88129E-03  0.14637E-04  0.13697E-04 -0.19017E-02      23  0.88313E-03  0.00000E+00  0.00000E+00 -0.69238E-04 -0.74958E-03 -0.84291E-03 -0.11558E-02 -0.10779E-02 -0.78412E-03
        0.9679  0.00000E+00 -0.61800E-04  0.00000E+00 -0.31202E-05  0.00000E+00  0.00000E+00  0.87088E-03  0.88334E-03  0.88116E-03  0.14637E-04  0.14167E-04 -0.18940E-02      24  0.88312E-03  0.00000E+00  0.00000E+00  0.44968E-05 -0.74943E-03 -0.69734E-03 -0.11782E-02 -0.96676E-03 -0.81513E-03
        1.0000  0.00000E+00 -0.94917E-04  0.00000E+00 -0.61657E-05  0.00000E+00  0.00000E+00  0.87120E-03  0.88333E-03  0.88124E-03  0.14636E-04  0.14636E-04 -0.18857E-02      25  0.88312E-03  0.00000E+00  0.00000E+00  0.51426E-04 -0.74778E-03 -0.58283E-03 -0.11969E-02 -0.86559E-03 -0.84291E-03
end
