 ******* Program HYDRUS
 ******* 
 Welcome to HYDRUS-1D                                                    
 Date:  29. 3.2022    Time:  17:26:31
 Units: L = cm   , T = days , M = mg   

----------------------------------------------------------
 Time       [T]        0.0000
----------------------------------------------------------
 Sub-region num.                     1
----------------------------------------------------------
 Length   [L]        0.30000E+03  0.30000E+03
 W-volume [L]        0.10324E+03  0.10324E+03
 In-flow  [L/T]      0.00000E+00  0.00000E+00
 h Mean   [L]       -0.50518E+02 -0.50518E+02
 ConcVol  [M/L2] 1   0.91474E-01  0.91474E-01
 cMean    [M/L3] 1   0.88656E-03  0.88656E-03
 SorbVolIm[M/L2] 1   0.46279E+02  0.46279E+02
 sMeanIm  [-]    1   0.10639E+00  0.10639E+00
 Top Flux [L/T]      0.87766E-02
 Bot Flux [L/T]      0.00000E+00
----------------------------------------------------------

----------------------------------------------------------
 Time       [T]        1.0000
----------------------------------------------------------
 Sub-region num.                     1
----------------------------------------------------------
 Length   [L]        0.30000E+03  0.30000E+03
 W-volume [L]        0.10296E+03  0.10296E+03
 In-flow  [L/T]      0.12036E+00  0.12036E+00
 h Mean   [L]       -0.52384E+02 -0.52384E+02
 ConcVol  [M/L2] 1   0.91226E-01  0.91226E-01
 cMean    [M/L3] 1   0.88657E-03  0.88657E-03
 SorbVolIm[M/L2] 1   0.46280E+02  0.46280E+02
 sMeanIm  [-]    1   0.10639E+00  0.10639E+00
 Top Flux [L/T]      0.18096E-01
 Bot Flux [L/T]      0.21056E+00
 WatBalT  [L]       -0.79130E-01
 WatBalR  [%]             16.790
 CncBalT  [M]    1   0.83923E-04
 CncBalR  [%]    1        32.883
----------------------------------------------------------
 
 Calculation time [sec]  9.999990463256836E-003
