 All solute fluxes and cumulative solute fluxes are positive into the region

       Time         cvTop        cvBot      Sum(cvTop)   Sum(cvBot)     cvCh0        cvCh1         cTop        cRoot         cBot        cvRoot    Sum(cvRoot)  Sum(cvNEql) TLevel      cGWL        cRunOff   Sum(cRunOff)    (cv(i),    Sum(cv(i)), i=1,NObs)
        [T]        [M/L2/T]     [M/L2/T]      [M/L2]       [M/L2]       [M/L2]      [M/L2]        [M/L3]      [M/L3]        [M/L3]      [M/L2/T]      [M/L2]       [M/L2]              [M/L3]        [M/L2]      [M/L3]      [M/L2/T]      [M/L2]
        0.0100  0.00000E+00 -0.16602E-03  0.00000E+00 -0.16602E-05  0.00000E+00  0.00000E+00  0.96852E-03  0.90585E-03  0.87883E-03  0.60393E-04  0.60393E-06 -0.47701E-05       1  0.88309E-03  0.00000E+00  0.00000E+00  0.25116E-04  0.25116E-06 -0.13855E-02 -0.13855E-04 -0.11435E-02 -0.11435E-04
        0.0200  0.00000E+00  0.00000E+00  0.00000E+00 -0.16602E-05  0.00000E+00  0.00000E+00  0.96867E-03  0.90585E-03  0.87556E-03  0.60395E-04  0.12079E-05 -0.10012E-04       2  0.88302E-03  0.00000E+00  0.00000E+00  0.65809E-05  0.31697E-06 -0.13234E-02 -0.27090E-04 -0.11047E-02 -0.22482E-04
        0.0330  0.00000E+00  0.00000E+00  0.00000E+00 -0.16602E-05  0.00000E+00  0.00000E+00  0.96845E-03  0.90585E-03  0.87743E-03  0.60394E-04  0.19930E-05 -0.13626E-04       3  0.88308E-03  0.00000E+00  0.00000E+00 -0.98343E-05  0.18912E-06 -0.12481E-02 -0.43315E-04 -0.10535E-02 -0.36178E-04
        0.0499  0.00000E+00  0.00000E+00  0.00000E+00 -0.16602E-05  0.00000E+00  0.00000E+00  0.96814E-03  0.90584E-03  0.87860E-03  0.60394E-04  0.30137E-05 -0.16507E-04       4  0.88310E-03  0.00000E+00  0.00000E+00 -0.40483E-04 -0.49505E-06 -0.11801E-02 -0.63259E-04 -0.99581E-03 -0.53007E-04
        0.0719  0.00000E+00 -0.11034E-04  0.00000E+00 -0.19027E-05  0.00000E+00  0.00000E+00  0.96755E-03  0.90584E-03  0.88150E-03  0.60394E-04  0.43405E-05 -0.17527E-04       5  0.88315E-03  0.00000E+00  0.00000E+00 -0.94744E-04 -0.25766E-05 -0.11302E-02 -0.88090E-04 -0.93346E-03 -0.73515E-04
        0.1004  0.00000E+00 -0.82847E-04  0.00000E+00 -0.42689E-05  0.00000E+00  0.00000E+00  0.96663E-03  0.90584E-03  0.88126E-03  0.60394E-04  0.60654E-05 -0.21213E-04       6  0.88314E-03  0.00000E+00  0.00000E+00 -0.18276E-03 -0.77965E-05 -0.11337E-02 -0.12047E-03 -0.87636E-03 -0.98545E-04
        0.1376  0.00000E+00 -0.20285E-03  0.00000E+00 -0.11800E-04  0.00000E+00  0.00000E+00  0.96527E-03  0.90583E-03  0.88143E-03  0.60393E-04  0.83078E-05 -0.39045E-04       7  0.88315E-03  0.00000E+00  0.00000E+00 -0.31365E-03 -0.19442E-04 -0.12467E-02 -0.16676E-03 -0.84225E-03 -0.12982E-03
        0.1858  0.00000E+00 -0.31956E-03  0.00000E+00 -0.27225E-04  0.00000E+00  0.00000E+00  0.96350E-03  0.90582E-03  0.88135E-03  0.60392E-04  0.11223E-04 -0.87463E-04       8  0.88314E-03  0.00000E+00  0.00000E+00 -0.49357E-03 -0.43265E-04 -0.15678E-02 -0.24243E-03 -0.86686E-03 -0.17166E-03
        0.2358  0.00000E+00 -0.42330E-03  0.00000E+00 -0.48390E-04  0.00000E+00  0.00000E+00  0.96180E-03  0.90581E-03  0.88144E-03  0.60391E-04  0.14242E-04 -0.16997E-03       9  0.88315E-03  0.00000E+00  0.00000E+00 -0.67651E-03 -0.77091E-04 -0.20679E-02 -0.34583E-03 -0.96471E-03 -0.21989E-03
        0.2858  0.00000E+00 -0.50578E-03  0.00000E+00 -0.73679E-04  0.00000E+00  0.00000E+00  0.96034E-03  0.90581E-03  0.88140E-03  0.60391E-04  0.17262E-04 -0.28342E-03      10  0.88314E-03  0.00000E+00  0.00000E+00 -0.83851E-03 -0.11902E-03 -0.26941E-02 -0.48053E-03 -0.11326E-02 -0.27652E-03
        0.3358  0.00000E+00 -0.57076E-03  0.00000E+00 -0.10222E-03  0.00000E+00  0.00000E+00  0.95916E-03  0.90581E-03  0.88145E-03  0.60391E-04  0.20281E-04 -0.42213E-03      11  0.88316E-03  0.00000E+00  0.00000E+00 -0.97088E-03 -0.16756E-03 -0.33749E-02 -0.64928E-03 -0.13533E-02 -0.34419E-03
        0.3858  0.00000E+00 -0.62324E-03  0.00000E+00 -0.13338E-03  0.00000E+00  0.00000E+00  0.95818E-03  0.90583E-03  0.88144E-03  0.60392E-04  0.23301E-04 -0.57785E-03      12  0.88316E-03  0.00000E+00  0.00000E+00 -0.10739E-02 -0.22125E-03 -0.40338E-02 -0.85097E-03 -0.16046E-02 -0.42441E-03
        0.4358  0.00000E+00 -0.66759E-03  0.00000E+00 -0.16676E-03  0.00000E+00  0.00000E+00  0.95758E-03  0.90585E-03  0.88146E-03  0.60393E-04  0.26321E-04 -0.74461E-03      13  0.88316E-03  0.00000E+00  0.00000E+00 -0.11468E-02 -0.27859E-03 -0.46555E-02 -0.10837E-02 -0.18732E-02 -0.51808E-03
        0.4858  0.00000E+00 -0.70755E-03  0.00000E+00 -0.20214E-03  0.00000E+00  0.00000E+00  0.95713E-03  0.90587E-03  0.88146E-03  0.60394E-04  0.29340E-04 -0.91499E-03      14  0.88316E-03  0.00000E+00  0.00000E+00 -0.11750E-02 -0.33734E-03 -0.51444E-02 -0.13410E-02 -0.21243E-02 -0.62429E-03
        0.5358  0.00000E+00 -0.74645E-03  0.00000E+00 -0.23946E-03  0.00000E+00  0.00000E+00  0.95709E-03  0.90589E-03  0.88148E-03  0.60396E-04  0.32360E-04 -0.10817E-02      15  0.88316E-03  0.00000E+00  0.00000E+00 -0.11652E-02 -0.39560E-03 -0.54073E-02 -0.16113E-02 -0.23274E-02 -0.74066E-03
        0.5858  0.00000E+00 -0.78714E-03  0.00000E+00 -0.27882E-03  0.00000E+00  0.00000E+00  0.95727E-03  0.90591E-03  0.88148E-03  0.60396E-04  0.35380E-04 -0.12376E-02      16  0.88316E-03  0.00000E+00  0.00000E+00 -0.11106E-02 -0.45113E-03 -0.54439E-02 -0.18835E-02 -0.24537E-02 -0.86335E-03
        0.6358  0.00000E+00 -0.83172E-03  0.00000E+00 -0.32040E-03  0.00000E+00  0.00000E+00  0.95782E-03  0.90592E-03  0.88149E-03  0.60397E-04  0.38400E-04 -0.13767E-02      17  0.88316E-03  0.00000E+00  0.00000E+00 -0.10204E-02 -0.50215E-03 -0.52576E-02 -0.21464E-02 -0.24943E-02 -0.98807E-03
        0.6858  0.00000E+00 -0.88152E-03  0.00000E+00 -0.36448E-03  0.00000E+00  0.00000E+00  0.95856E-03  0.90593E-03  0.88150E-03  0.60397E-04  0.41420E-04 -0.14945E-02      18  0.88316E-03  0.00000E+00  0.00000E+00 -0.89486E-03 -0.54689E-03 -0.48820E-02 -0.23905E-02 -0.24482E-02 -0.11105E-02
        0.7358  0.00000E+00 -0.93697E-03  0.00000E+00 -0.41133E-03  0.00000E+00  0.00000E+00  0.95956E-03  0.90592E-03  0.88152E-03  0.60397E-04  0.44440E-04 -0.15888E-02      19  0.88316E-03  0.00000E+00  0.00000E+00 -0.74601E-03 -0.58419E-03 -0.43617E-02 -0.26086E-02 -0.23285E-02 -0.12269E-02
        0.7858  0.00000E+00 -0.99737E-03  0.00000E+00 -0.46119E-03  0.00000E+00  0.00000E+00  0.96083E-03  0.90591E-03  0.88152E-03  0.60396E-04  0.47459E-04 -0.16566E-02      20  0.88316E-03  0.00000E+00  0.00000E+00 -0.56385E-03 -0.61238E-03 -0.37209E-02 -0.27946E-02 -0.21446E-02 -0.13341E-02
        0.8358  0.00000E+00 -0.10610E-02  0.00000E+00 -0.51424E-03  0.00000E+00  0.00000E+00  0.96222E-03  0.90590E-03  0.88154E-03  0.60396E-04  0.50479E-04 -0.16952E-02      21  0.88316E-03  0.00000E+00  0.00000E+00 -0.37740E-03 -0.63125E-03 -0.30385E-02 -0.29466E-02 -0.19091E-02 -0.14296E-02
        0.8858  0.00000E+00 -0.11252E-02  0.00000E+00 -0.57050E-03  0.00000E+00  0.00000E+00  0.96352E-03  0.90590E-03  0.88155E-03  0.60396E-04  0.53499E-04 -0.17092E-02      22  0.88316E-03  0.00000E+00  0.00000E+00 -0.20110E-03 -0.64131E-03 -0.23852E-02 -0.30658E-02 -0.16540E-02 -0.15123E-02
        0.9358  0.00000E+00 -0.11870E-02  0.00000E+00 -0.62985E-03  0.00000E+00  0.00000E+00  0.96471E-03  0.90589E-03  0.88156E-03  0.60395E-04  0.56519E-04 -0.17068E-02      23  0.88316E-03  0.00000E+00  0.00000E+00 -0.61770E-04 -0.64440E-03 -0.18116E-02 -0.31564E-02 -0.14055E-02 -0.15826E-02
        0.9679  0.00000E+00 -0.12349E-02  0.00000E+00 -0.66948E-03  0.00000E+00  0.00000E+00  0.96519E-03  0.90588E-03  0.88157E-03  0.60395E-04  0.58457E-04 -0.17014E-02      24  0.88316E-03  0.00000E+00  0.00000E+00 -0.50845E-05 -0.64456E-03 -0.15015E-02 -0.32046E-02 -0.12570E-02 -0.16229E-02
        1.0000  0.00000E+00 -0.12693E-02  0.00000E+00 -0.71020E-03  0.00000E+00  0.00000E+00  0.96545E-03  0.90586E-03  0.88157E-03  0.60394E-04  0.60394E-04 -0.16956E-02      25  0.88316E-03  0.00000E+00  0.00000E+00  0.33386E-04 -0.64349E-03 -0.12646E-02 -0.32451E-02 -0.11262E-02 -0.16590E-02
end
