 ******* Program HYDRUS
 ******* 
 Welcome to HYDRUS-1D                                                    
 Date:  29. 3.2022    Time:  17:26:23
 Units: L = cm   , T = days , M = mg   

----------------------------------------------------------
 Time       [T]        0.0000
----------------------------------------------------------
 Sub-region num.                     1
----------------------------------------------------------
 Length   [L]        0.30000E+03  0.30000E+03
 W-volume [L]        0.10052E+03  0.10052E+03
 In-flow  [L/T]      0.00000E+00  0.00000E+00
 h Mean   [L]       -0.81199E+02 -0.81199E+02
 ConcVol  [M/L2] 1   0.88746E-01  0.88746E-01
 cMean    [M/L3] 1   0.88279E-03  0.88279E-03
 SorbVolIm[M/L2] 1   0.46082E+02  0.46082E+02
 sMeanIm  [-]    1   0.10594E+00  0.10594E+00
 Top Flux [L/T]      0.19771E-01
 Bot Flux [L/T]     -0.18834E+00
----------------------------------------------------------

----------------------------------------------------------
 Time       [T]        1.0000
----------------------------------------------------------
 Sub-region num.                     1
----------------------------------------------------------
 Length   [L]        0.30000E+03  0.30000E+03
 W-volume [L]        0.10084E+03  0.10084E+03
 In-flow  [L/T]     -0.52330E-01 -0.52330E-01
 h Mean   [L]       -0.77549E+02 -0.77549E+02
 ConcVol  [M/L2] 1   0.89032E-01  0.89032E-01
 cMean    [M/L3] 1   0.88281E-03  0.88281E-03
 SorbVolIm[M/L2] 1   0.46082E+02  0.46082E+02
 sMeanIm  [-]    1   0.10594E+00  0.10594E+00
 Top Flux [L/T]      0.38928E-02
 Bot Flux [L/T]     -0.26527E-02
 WatBalT  [L]       -0.41813E-04
 WatBalR  [%]              0.007
 CncBalT  [M]    1  -0.19073E-04
 CncBalR  [%]    1         6.646
----------------------------------------------------------
 
 Calculation time [sec]  9.999990463256836E-003
