 All solute fluxes and cumulative solute fluxes are positive into the region

       Time         cvTop        cvBot      Sum(cvTop)   Sum(cvBot)     cvCh0        cvCh1         cTop        cRoot         cBot        cvRoot    Sum(cvRoot)  Sum(cvNEql) TLevel      cGWL        cRunOff   Sum(cRunOff)    (cv(i),    Sum(cv(i)), i=1,NObs)
        [T]        [M/L2/T]     [M/L2/T]      [M/L2]       [M/L2]       [M/L2]      [M/L2]        [M/L3]      [M/L3]        [M/L3]      [M/L2/T]      [M/L2]       [M/L2]              [M/L3]        [M/L2]      [M/L3]      [M/L2/T]      [M/L2]
        0.0100  0.00000E+00 -0.72541E-04  0.00000E+00 -0.72541E-06  0.00000E+00  0.00000E+00  0.27424E-02  0.25996E-02  0.24813E-02  0.21211E-03  0.21211E-05  0.19251E-04       1  0.25256E-02  0.00000E+00  0.00000E+00  0.77970E-04  0.77970E-06 -0.12506E-02 -0.12506E-04 -0.11735E-02 -0.11735E-04
        0.0230  0.00000E+00  0.00000E+00  0.00000E+00 -0.72541E-06  0.00000E+00  0.00000E+00  0.27430E-02  0.25995E-02  0.24542E-02  0.21211E-03  0.48785E-05  0.15237E-04       2  0.25251E-02  0.00000E+00  0.00000E+00  0.77008E-04  0.17808E-05 -0.11699E-02 -0.27715E-04 -0.11170E-02 -0.26256E-04
        0.0399  0.00000E+00  0.00000E+00  0.00000E+00 -0.72541E-06  0.00000E+00  0.00000E+00  0.27433E-02  0.25995E-02  0.24484E-02  0.21211E-03  0.84631E-05 -0.24254E-05       3  0.25250E-02  0.00000E+00  0.00000E+00  0.75719E-04  0.30605E-05 -0.10668E-02 -0.45743E-04 -0.10406E-02 -0.43843E-04
        0.0619  0.00000E+00  0.00000E+00  0.00000E+00 -0.72541E-06  0.00000E+00  0.00000E+00  0.27432E-02  0.25994E-02  0.24510E-02  0.21211E-03  0.13123E-04 -0.24785E-04       4  0.25251E-02  0.00000E+00  0.00000E+00  0.73740E-04  0.46805E-05 -0.96182E-03 -0.66874E-04 -0.95517E-03 -0.64828E-04
        0.0904  0.00000E+00  0.00000E+00  0.00000E+00 -0.72541E-06  0.00000E+00  0.00000E+00  0.27431E-02  0.25994E-02  0.24554E-02  0.21211E-03  0.19181E-04 -0.46625E-04       5  0.25252E-02  0.00000E+00  0.00000E+00  0.70250E-04  0.66869E-05 -0.84874E-03 -0.91115E-04 -0.85661E-03 -0.89293E-04
        0.1276  0.00000E+00  0.00000E+00  0.00000E+00 -0.72541E-06  0.00000E+00  0.00000E+00  0.27429E-02  0.25994E-02  0.24599E-02  0.21211E-03  0.27056E-04 -0.65339E-04       6  0.25253E-02  0.00000E+00  0.00000E+00  0.64071E-04  0.90659E-05 -0.73503E-03 -0.11841E-03 -0.74907E-03 -0.11711E-03
        0.1758  0.00000E+00  0.00000E+00  0.00000E+00 -0.72541E-06  0.00000E+00  0.00000E+00  0.27427E-02  0.25994E-02  0.24643E-02  0.21211E-03  0.37294E-04 -0.79053E-04       7  0.25254E-02  0.00000E+00  0.00000E+00  0.53791E-04  0.11662E-04 -0.61999E-03 -0.14833E-03 -0.63413E-03 -0.14771E-03
        0.2258  0.00000E+00  0.00000E+00  0.00000E+00 -0.72541E-06  0.00000E+00  0.00000E+00  0.27425E-02  0.25994E-02  0.24679E-02  0.21210E-03  0.47900E-04 -0.85193E-04       8  0.25255E-02  0.00000E+00  0.00000E+00  0.41405E-04  0.13732E-04 -0.52605E-03 -0.17463E-03 -0.53598E-03 -0.17451E-03
        0.2758  0.00000E+00 -0.16486E-04  0.00000E+00 -0.15497E-05  0.00000E+00  0.00000E+00  0.27428E-02  0.25994E-02  0.25069E-02  0.21211E-03  0.58505E-04 -0.55670E-04       9  0.25259E-02  0.00000E+00  0.00000E+00  0.65954E-04  0.17030E-04 -0.44421E-03 -0.19685E-03 -0.45359E-03 -0.19719E-03
        0.3258  0.00000E+00 -0.73899E-04  0.00000E+00 -0.52446E-05  0.00000E+00  0.00000E+00  0.27462E-02  0.25994E-02  0.25032E-02  0.21211E-03  0.69110E-04  0.24042E-05      10  0.25258E-02  0.00000E+00  0.00000E+00  0.20008E-03  0.27034E-04 -0.34613E-03 -0.21415E-03 -0.36891E-03 -0.21564E-03
        0.3758  0.00000E+00 -0.14363E-03  0.00000E+00 -0.12426E-04  0.00000E+00  0.00000E+00  0.27510E-02  0.25995E-02  0.25042E-02  0.21211E-03  0.79716E-04  0.76102E-04      11  0.25258E-02  0.00000E+00  0.00000E+00  0.30630E-03  0.42350E-04 -0.24071E-03 -0.22619E-03 -0.25528E-03 -0.22840E-03
        0.4258  0.00000E+00 -0.19070E-03  0.00000E+00 -0.21961E-04  0.00000E+00  0.00000E+00  0.27545E-02  0.25998E-02  0.25041E-02  0.21213E-03  0.90322E-04  0.17750E-03      12  0.25258E-02  0.00000E+00  0.00000E+00  0.37957E-03  0.61328E-04 -0.13322E-03 -0.23285E-03 -0.13112E-03 -0.23496E-03
        0.4758  0.00000E+00 -0.21769E-03  0.00000E+00 -0.32846E-04  0.00000E+00  0.00000E+00  0.27567E-02  0.26000E-02  0.25042E-02  0.21214E-03  0.10093E-03  0.29418E-03      13  0.25258E-02  0.00000E+00  0.00000E+00  0.41546E-03  0.82101E-04 -0.26802E-04 -0.23419E-03 -0.50533E-05 -0.23521E-03
        0.5258  0.00000E+00 -0.22683E-03  0.00000E+00 -0.44187E-04  0.00000E+00  0.00000E+00  0.27575E-02  0.26001E-02  0.25042E-02  0.21215E-03  0.11154E-03  0.41955E-03      14  0.25258E-02  0.00000E+00  0.00000E+00  0.41235E-03  0.10272E-03  0.12045E-04 -0.23359E-03  0.10425E-03 -0.23000E-03
        0.5758  0.00000E+00 -0.22060E-03  0.00000E+00 -0.55217E-04  0.00000E+00  0.00000E+00  0.27568E-02  0.26002E-02  0.25042E-02  0.21215E-03  0.12214E-03  0.54329E-03      15  0.25258E-02  0.00000E+00  0.00000E+00  0.37100E-03  0.12127E-03  0.43298E-04 -0.23142E-03  0.19357E-03 -0.22032E-03
        0.6258  0.00000E+00 -0.20123E-03  0.00000E+00 -0.65279E-04  0.00000E+00  0.00000E+00  0.27547E-02  0.26001E-02  0.25042E-02  0.21215E-03  0.13275E-03  0.65617E-03      16  0.25258E-02  0.00000E+00  0.00000E+00  0.29418E-03  0.13598E-03  0.62570E-04 -0.22829E-03  0.25491E-03 -0.20757E-03
        0.6758  0.00000E+00 -0.17189E-03  0.00000E+00 -0.73873E-04  0.00000E+00  0.00000E+00  0.27513E-02  0.26001E-02  0.25042E-02  0.21215E-03  0.14336E-03  0.74956E-03      17  0.25258E-02  0.00000E+00  0.00000E+00  0.18694E-03  0.14532E-03  0.70345E-04 -0.22478E-03  0.28419E-03 -0.19336E-03
        0.7258  0.00000E+00 -0.13645E-03  0.00000E+00 -0.80696E-04  0.00000E+00  0.00000E+00  0.27469E-02  0.25999E-02  0.25041E-02  0.21214E-03  0.15397E-03  0.81676E-03      18  0.25258E-02  0.00000E+00  0.00000E+00  0.56779E-04  0.14816E-03  0.63683E-04 -0.22159E-03  0.27829E-03 -0.17945E-03
        0.7758  0.00000E+00 -0.98531E-04  0.00000E+00 -0.85622E-04  0.00000E+00  0.00000E+00  0.27447E-02  0.25997E-02  0.25040E-02  0.21213E-03  0.16457E-03  0.85653E-03      19  0.25258E-02  0.00000E+00  0.00000E+00  0.38999E-04  0.15011E-03  0.56572E-04 -0.21876E-03  0.24417E-03 -0.16724E-03
        0.8258  0.00000E+00 -0.61164E-04  0.00000E+00 -0.88680E-04  0.00000E+00  0.00000E+00  0.27450E-02  0.25995E-02  0.25040E-02  0.21211E-03  0.17518E-03  0.88470E-03      20  0.25258E-02  0.00000E+00  0.00000E+00  0.51125E-04  0.15267E-03  0.50069E-04 -0.21626E-03  0.21525E-03 -0.15648E-03
        0.8758  0.00000E+00 -0.26569E-04  0.00000E+00 -0.90009E-04  0.00000E+00  0.00000E+00  0.27455E-02  0.25995E-02  0.25039E-02  0.21211E-03  0.18578E-03  0.91331E-03      21  0.25258E-02  0.00000E+00  0.00000E+00  0.61190E-04  0.15573E-03  0.44815E-04 -0.21402E-03  0.19203E-03 -0.14688E-03
        0.9258  0.00000E+00 -0.51211E-05  0.00000E+00 -0.90265E-04  0.00000E+00  0.00000E+00  0.27459E-02  0.25995E-02  0.24789E-02  0.21211E-03  0.19639E-03  0.92043E-03      22  0.25255E-02  0.00000E+00  0.00000E+00  0.68405E-04  0.15915E-03  0.40136E-04 -0.21201E-03  0.17489E-03 -0.13813E-03
        0.9629  0.00000E+00  0.00000E+00  0.00000E+00 -0.90265E-04  0.00000E+00  0.00000E+00  0.27461E-02  0.25995E-02  0.24803E-02  0.21211E-03  0.20426E-03  0.91454E-03      23  0.25256E-02  0.00000E+00  0.00000E+00  0.71539E-04  0.16180E-03  0.37014E-04 -0.21064E-03  0.16439E-03 -0.13204E-03
        1.0000  0.00000E+00  0.00000E+00  0.00000E+00 -0.90265E-04  0.00000E+00  0.00000E+00  0.27462E-02  0.25995E-02  0.24793E-02  0.21211E-03  0.21212E-03  0.91165E-03      24  0.25256E-02  0.00000E+00  0.00000E+00  0.72538E-04  0.16449E-03  0.34188E-04 -0.20937E-03  0.15605E-03 -0.12625E-03
end
