 All solute fluxes and cumulative solute fluxes are positive into the region

       Time         cvTop        cvBot      Sum(cvTop)   Sum(cvBot)     cvCh0        cvCh1         cTop        cRoot         cBot        cvRoot    Sum(cvRoot)  Sum(cvNEql) TLevel      cGWL        cRunOff   Sum(cRunOff)    (cv(i),    Sum(cv(i)), i=1,NObs)
        [T]        [M/L2/T]     [M/L2/T]      [M/L2]       [M/L2]       [M/L2]      [M/L2]        [M/L3]      [M/L3]        [M/L3]      [M/L2/T]      [M/L2]       [M/L2]              [M/L3]        [M/L2]      [M/L3]      [M/L2/T]      [M/L2]
        0.0100  0.00000E+00  0.00000E+00  0.00000E+00  0.00000E+00  0.00000E+00  0.00000E+00  0.97074E-03  0.89348E-03  0.87210E-03  0.00000E+00  0.00000E+00 -0.10349E-04       1  0.88270E-03  0.00000E+00  0.00000E+00  0.31849E-04  0.31849E-06  0.13717E-03  0.13717E-05  0.39183E-03  0.39183E-05
        0.0200  0.00000E+00  0.00000E+00  0.00000E+00  0.00000E+00  0.00000E+00  0.00000E+00  0.97079E-03  0.89352E-03  0.87115E-03  0.00000E+00  0.00000E+00 -0.17938E-04       2  0.88265E-03  0.00000E+00  0.00000E+00  0.26613E-04  0.58463E-06  0.13680E-03  0.27397E-05  0.38929E-03  0.78112E-05
        0.0330  0.00000E+00  0.00000E+00  0.00000E+00  0.00000E+00  0.00000E+00  0.00000E+00  0.97061E-03  0.89351E-03  0.87183E-03  0.00000E+00  0.00000E+00 -0.27194E-04       3  0.88269E-03  0.00000E+00  0.00000E+00  0.14399E-04  0.77181E-06  0.13591E-03  0.45065E-05  0.38524E-03  0.12819E-04
        0.0499  0.00000E+00  0.00000E+00  0.00000E+00  0.00000E+00  0.00000E+00  0.00000E+00  0.97033E-03  0.89351E-03  0.87206E-03  0.00000E+00  0.00000E+00 -0.38208E-04       4  0.88270E-03  0.00000E+00  0.00000E+00 -0.11592E-04  0.57590E-06  0.13402E-03  0.67714E-05  0.38051E-03  0.19250E-04
        0.0719  0.00000E+00  0.00000E+00  0.00000E+00  0.00000E+00  0.00000E+00  0.00000E+00  0.96969E-03  0.89351E-03  0.87225E-03  0.00000E+00  0.00000E+00 -0.52631E-04       5  0.88271E-03  0.00000E+00  0.00000E+00 -0.61027E-04 -0.76487E-06  0.12992E-03  0.96259E-05  0.37413E-03  0.27470E-04
        0.1004  0.00000E+00  0.00000E+00  0.00000E+00  0.00000E+00  0.00000E+00  0.00000E+00  0.96879E-03  0.89352E-03  0.87236E-03  0.00000E+00  0.00000E+00 -0.72670E-04       6  0.88275E-03  0.00000E+00  0.00000E+00 -0.14494E-03 -0.49045E-05  0.12072E-03  0.13074E-04  0.36527E-03  0.37902E-04
        0.1376  0.00000E+00  0.00000E+00  0.00000E+00  0.00000E+00  0.00000E+00  0.00000E+00  0.96773E-03  0.89352E-03  0.87243E-03  0.00000E+00  0.00000E+00 -0.10311E-03       7  0.88276E-03  0.00000E+00  0.00000E+00 -0.28926E-03 -0.15645E-04  0.10177E-03  0.16853E-04  0.35117E-03  0.50941E-04
        0.1858  0.00000E+00  0.00000E+00  0.00000E+00  0.00000E+00  0.00000E+00  0.00000E+00  0.96617E-03  0.89351E-03  0.87245E-03  0.00000E+00  0.00000E+00 -0.15291E-03       8  0.88276E-03  0.00000E+00  0.00000E+00 -0.52159E-03 -0.40821E-04  0.62028E-04  0.19847E-04  0.32517E-03  0.66636E-04
        0.2358  0.00000E+00  0.00000E+00  0.00000E+00  0.00000E+00  0.00000E+00  0.00000E+00  0.96425E-03  0.89348E-03  0.87243E-03  0.00000E+00  0.00000E+00 -0.21781E-03       9  0.88276E-03  0.00000E+00  0.00000E+00 -0.78078E-03 -0.79860E-04  0.84488E-05  0.20269E-04  0.28839E-03  0.81055E-04
        0.2858  0.00000E+00  0.00000E+00  0.00000E+00  0.00000E+00  0.00000E+00  0.00000E+00  0.96276E-03  0.89347E-03  0.87240E-03  0.00000E+00  0.00000E+00 -0.29386E-03      10  0.88276E-03  0.00000E+00  0.00000E+00 -0.99102E-03 -0.12941E-03 -0.13858E-03  0.13340E-04  0.23861E-03  0.92986E-04
        0.3358  0.00000E+00  0.00000E+00  0.00000E+00  0.00000E+00  0.00000E+00  0.00000E+00  0.96163E-03  0.89345E-03  0.87235E-03  0.00000E+00  0.00000E+00 -0.36995E-03      11  0.88275E-03  0.00000E+00  0.00000E+00 -0.11271E-02 -0.18577E-03 -0.31464E-03 -0.23920E-05  0.18230E-03  0.10210E-03
        0.3858  0.00000E+00  0.00000E+00  0.00000E+00  0.00000E+00  0.00000E+00  0.00000E+00  0.96072E-03  0.89349E-03  0.87230E-03  0.00000E+00  0.00000E+00 -0.43518E-03      12  0.88275E-03  0.00000E+00  0.00000E+00 -0.12364E-02 -0.24759E-03 -0.49432E-03 -0.27108E-04  0.12645E-03  0.10842E-03
        0.4358  0.00000E+00  0.00000E+00  0.00000E+00  0.00000E+00  0.00000E+00  0.00000E+00  0.95994E-03  0.89353E-03  0.87224E-03  0.00000E+00  0.00000E+00 -0.49016E-03      13  0.88275E-03  0.00000E+00  0.00000E+00 -0.13105E-02 -0.31311E-03 -0.65900E-03 -0.60058E-04  0.71837E-04  0.11201E-03
        0.4858  0.00000E+00  0.00000E+00  0.00000E+00  0.00000E+00  0.00000E+00  0.00000E+00  0.95950E-03  0.89356E-03  0.87218E-03  0.00000E+00  0.00000E+00 -0.53698E-03      14  0.88275E-03  0.00000E+00  0.00000E+00 -0.13443E-02 -0.38033E-03 -0.79791E-03 -0.99953E-04  0.20237E-04  0.11303E-03
        0.5358  0.00000E+00  0.00000E+00  0.00000E+00  0.00000E+00  0.00000E+00  0.00000E+00  0.95928E-03  0.89359E-03  0.87212E-03  0.00000E+00  0.00000E+00 -0.57808E-03      15  0.88274E-03  0.00000E+00  0.00000E+00 -0.13360E-02 -0.44713E-03 -0.90136E-03 -0.14502E-03 -0.28126E-04  0.11162E-03
        0.5858  0.00000E+00  0.00000E+00  0.00000E+00  0.00000E+00  0.00000E+00  0.00000E+00  0.95939E-03  0.89360E-03  0.87207E-03  0.00000E+00  0.00000E+00 -0.61676E-03      16  0.88274E-03  0.00000E+00  0.00000E+00 -0.12866E-02 -0.51146E-03 -0.96482E-03 -0.19326E-03 -0.72782E-04  0.10798E-03
        0.6358  0.00000E+00  0.00000E+00  0.00000E+00  0.00000E+00  0.00000E+00  0.00000E+00  0.95974E-03  0.89360E-03  0.87201E-03  0.00000E+00  0.00000E+00 -0.65624E-03      17  0.88274E-03  0.00000E+00  0.00000E+00 -0.11999E-02 -0.57145E-03 -0.98727E-03 -0.24263E-03 -0.11393E-03  0.10229E-03
        0.6858  0.00000E+00  0.00000E+00  0.00000E+00  0.00000E+00  0.00000E+00  0.00000E+00  0.96036E-03  0.89359E-03  0.87195E-03  0.00000E+00  0.00000E+00 -0.69987E-03      18  0.88274E-03  0.00000E+00  0.00000E+00 -0.10824E-02 -0.62558E-03 -0.97179E-03 -0.29122E-03 -0.15250E-03  0.94660E-04
        0.7358  0.00000E+00  0.00000E+00  0.00000E+00  0.00000E+00  0.00000E+00  0.00000E+00  0.96111E-03  0.89356E-03  0.87189E-03  0.00000E+00  0.00000E+00 -0.75037E-03      19  0.88273E-03  0.00000E+00  0.00000E+00 -0.94349E-03 -0.67275E-03 -0.92451E-03 -0.33744E-03 -0.18948E-03  0.85186E-04
        0.7858  0.00000E+00  0.00000E+00  0.00000E+00  0.00000E+00  0.00000E+00  0.00000E+00  0.96284E-03  0.89352E-03  0.87183E-03  0.00000E+00  0.00000E+00 -0.80424E-03      20  0.88273E-03  0.00000E+00  0.00000E+00 -0.68714E-03 -0.70711E-03 -0.82589E-03 -0.37874E-03 -0.22331E-03  0.74020E-04
        0.8358  0.00000E+00  0.00000E+00  0.00000E+00  0.00000E+00  0.00000E+00  0.00000E+00  0.96456E-03  0.89349E-03  0.87178E-03  0.00000E+00  0.00000E+00 -0.84566E-03      21  0.88273E-03  0.00000E+00  0.00000E+00 -0.43210E-03 -0.72871E-03 -0.69396E-03 -0.41343E-03 -0.22943E-03  0.62549E-04
        0.8858  0.00000E+00  0.00000E+00  0.00000E+00  0.00000E+00  0.00000E+00  0.00000E+00  0.96610E-03  0.89352E-03  0.87173E-03  0.00000E+00  0.00000E+00 -0.87477E-03      22  0.88273E-03  0.00000E+00  0.00000E+00 -0.20650E-03 -0.73904E-03 -0.54569E-03 -0.44072E-03 -0.20888E-03  0.52105E-04
        0.9358  0.00000E+00  0.00000E+00  0.00000E+00  0.00000E+00  0.00000E+00  0.00000E+00  0.96717E-03  0.89351E-03  0.87169E-03  0.00000E+00  0.00000E+00 -0.89665E-03      23  0.88272E-03  0.00000E+00  0.00000E+00 -0.42990E-04 -0.74119E-03 -0.40324E-03 -0.46088E-03 -0.17531E-03  0.43339E-04
        0.9679  0.00000E+00  0.00000E+00  0.00000E+00  0.00000E+00  0.00000E+00  0.00000E+00  0.96752E-03  0.89353E-03  0.87166E-03  0.00000E+00  0.00000E+00 -0.90819E-03      24  0.88272E-03  0.00000E+00  0.00000E+00  0.15878E-04 -0.74068E-03 -0.31895E-03 -0.47111E-03 -0.15036E-03  0.38515E-04
        1.0000  0.00000E+00  0.00000E+00  0.00000E+00  0.00000E+00  0.00000E+00  0.00000E+00  0.96757E-03  0.89352E-03  0.87164E-03  0.00000E+00  0.00000E+00 -0.91960E-03      25  0.88272E-03  0.00000E+00  0.00000E+00  0.35264E-04 -0.73955E-03 -0.24808E-03 -0.47907E-03 -0.12389E-03  0.34540E-04
end
