 All solute fluxes and cumulative solute fluxes are positive into the region

       Time         cvTop        cvBot      Sum(cvTop)   Sum(cvBot)     cvCh0        cvCh1         cTop        cRoot         cBot        cvRoot    Sum(cvRoot)  Sum(cvNEql) TLevel      cGWL        cRunOff   Sum(cRunOff)    (cv(i),    Sum(cv(i)), i=1,NObs)
        [T]        [M/L2/T]     [M/L2/T]      [M/L2]       [M/L2]       [M/L2]      [M/L2]        [M/L3]      [M/L3]        [M/L3]      [M/L2/T]      [M/L2]       [M/L2]              [M/L3]        [M/L2]      [M/L3]      [M/L2/T]      [M/L2]
        0.0100  0.00000E+00  0.00000E+00  0.00000E+00  0.00000E+00  0.00000E+00  0.00000E+00  0.10678E-02  0.91416E-03  0.86911E-03  0.40718E-04  0.40718E-06 -0.18497E-04       1  0.88276E-03  0.00000E+00  0.00000E+00  0.16581E-04  0.16581E-06 -0.47268E-03 -0.47268E-05 -0.33637E-03 -0.33637E-05
        0.0200  0.00000E+00  0.00000E+00  0.00000E+00  0.00000E+00  0.00000E+00  0.00000E+00  0.10677E-02  0.91411E-03  0.86542E-03  0.40716E-04  0.81434E-06 -0.42252E-04       2  0.88262E-03  0.00000E+00  0.00000E+00  0.39527E-05  0.20534E-06 -0.44988E-03 -0.92256E-05 -0.32509E-03 -0.66146E-05
        0.0330  0.00000E+00  0.00000E+00  0.00000E+00  0.00000E+00  0.00000E+00  0.00000E+00  0.10675E-02  0.91412E-03  0.86830E-03  0.40716E-04  0.13437E-05 -0.65158E-04       3  0.88273E-03  0.00000E+00  0.00000E+00 -0.24136E-04 -0.10844E-06 -0.42176E-03 -0.14708E-04 -0.30903E-03 -0.10632E-04
        0.0499  0.00000E+00  0.00000E+00  0.00000E+00  0.00000E+00  0.00000E+00  0.00000E+00  0.10670E-02  0.91411E-03  0.86868E-03  0.40716E-04  0.20318E-05 -0.90775E-04       4  0.88276E-03  0.00000E+00  0.00000E+00 -0.79267E-04 -0.14481E-05 -0.39979E-03 -0.21465E-04 -0.29104E-03 -0.15551E-04
        0.0719  0.00000E+00  0.00000E+00  0.00000E+00  0.00000E+00  0.00000E+00  0.00000E+00  0.10661E-02  0.91412E-03  0.86977E-03  0.40716E-04  0.29263E-05 -0.12093E-03       5  0.88280E-03  0.00000E+00  0.00000E+00 -0.17854E-03 -0.53706E-05 -0.39397E-03 -0.30121E-04 -0.27196E-03 -0.21525E-04
        0.1004  0.00000E+00  0.00000E+00  0.00000E+00  0.00000E+00  0.00000E+00  0.00000E+00  0.10646E-02  0.91411E-03  0.87031E-03  0.40716E-04  0.40892E-05 -0.15964E-03       6  0.88285E-03  0.00000E+00  0.00000E+00 -0.34408E-03 -0.15198E-04 -0.43169E-03 -0.42450E-04 -0.25778E-03 -0.28888E-04
        0.1376  0.00000E+00  0.00000E+00  0.00000E+00  0.00000E+00  0.00000E+00  0.00000E+00  0.10623E-02  0.91412E-03  0.87105E-03  0.40716E-04  0.56009E-05 -0.21508E-03       7  0.88287E-03  0.00000E+00  0.00000E+00 -0.59983E-03 -0.37469E-04 -0.56250E-03 -0.63335E-04 -0.26133E-03 -0.38591E-04
        0.1858  0.00000E+00  0.00000E+00  0.00000E+00  0.00000E+00  0.00000E+00  0.00000E+00  0.10591E-02  0.91412E-03  0.87156E-03  0.40717E-04  0.75663E-05 -0.30382E-03       8  0.88288E-03  0.00000E+00  0.00000E+00 -0.96411E-03 -0.84005E-04 -0.87623E-03 -0.10563E-03 -0.31104E-03 -0.53604E-04
        0.2358  0.00000E+00  0.00000E+00  0.00000E+00  0.00000E+00  0.00000E+00  0.00000E+00  0.10559E-02  0.91413E-03  0.87207E-03  0.40717E-04  0.96021E-05 -0.41932E-03       9  0.88290E-03  0.00000E+00  0.00000E+00 -0.13407E-02 -0.15104E-03 -0.13509E-02 -0.17318E-03 -0.41667E-03 -0.74437E-04
        0.2858  0.00000E+00  0.00000E+00  0.00000E+00  0.00000E+00  0.00000E+00  0.00000E+00  0.10531E-02  0.91417E-03  0.87240E-03  0.40719E-04  0.11638E-04 -0.55845E-03      10  0.88291E-03  0.00000E+00  0.00000E+00 -0.16689E-02 -0.23448E-03 -0.19498E-02 -0.27066E-03 -0.57997E-03 -0.10344E-03
        0.3358  0.00000E+00  0.00000E+00  0.00000E+00  0.00000E+00  0.00000E+00  0.00000E+00  0.10508E-02  0.91421E-03  0.87273E-03  0.40722E-04  0.13674E-04 -0.71663E-03      11  0.88292E-03  0.00000E+00  0.00000E+00 -0.19338E-02 -0.33117E-03 -0.26044E-02 -0.40088E-03 -0.78020E-03 -0.14245E-03
        0.3858  0.00000E+00  0.00000E+00  0.00000E+00  0.00000E+00  0.00000E+00  0.00000E+00  0.10490E-02  0.91426E-03  0.87298E-03  0.40725E-04  0.15710E-04 -0.88750E-03      12  0.88292E-03  0.00000E+00  0.00000E+00 -0.21371E-02 -0.43803E-03 -0.32973E-02 -0.56575E-03 -0.10174E-02 -0.19331E-03
        0.4358  0.00000E+00  0.00000E+00  0.00000E+00  0.00000E+00  0.00000E+00  0.00000E+00  0.10476E-02  0.91430E-03  0.87324E-03  0.40727E-04  0.17747E-04 -0.10657E-02      13  0.88293E-03  0.00000E+00  0.00000E+00 -0.22688E-02 -0.55147E-03 -0.39245E-02 -0.76197E-03 -0.12796E-02 -0.25730E-03
        0.4858  0.00000E+00  0.00000E+00  0.00000E+00  0.00000E+00  0.00000E+00  0.00000E+00  0.10468E-02  0.91436E-03  0.87348E-03  0.40730E-04  0.19783E-04 -0.12446E-02      14  0.88293E-03  0.00000E+00  0.00000E+00 -0.23215E-02 -0.66754E-03 -0.44145E-02 -0.98270E-03 -0.15369E-02 -0.33414E-03
        0.5358  0.00000E+00  0.00000E+00  0.00000E+00  0.00000E+00  0.00000E+00  0.00000E+00  0.10465E-02  0.91439E-03  0.87374E-03  0.40732E-04  0.21820E-04 -0.14173E-02      15  0.88294E-03  0.00000E+00  0.00000E+00 -0.22956E-02 -0.78232E-03 -0.47218E-02 -0.12188E-02 -0.17582E-02 -0.42205E-03
        0.5858  0.00000E+00  0.00000E+00  0.00000E+00  0.00000E+00  0.00000E+00  0.00000E+00  0.10468E-02  0.91442E-03  0.87402E-03  0.40733E-04  0.23857E-04 -0.15769E-02      16  0.88294E-03  0.00000E+00  0.00000E+00 -0.21889E-02 -0.89177E-03 -0.48189E-02 -0.14597E-02 -0.19196E-02 -0.51803E-03
        0.6358  0.00000E+00  0.00000E+00  0.00000E+00  0.00000E+00  0.00000E+00  0.00000E+00  0.10477E-02  0.91443E-03  0.87435E-03  0.40734E-04  0.25893E-04 -0.17177E-02      17  0.88295E-03  0.00000E+00  0.00000E+00 -0.20160E-02 -0.99257E-03 -0.47090E-02 -0.16952E-02 -0.20057E-02 -0.61832E-03
        0.6858  0.00000E+00  0.00000E+00  0.00000E+00  0.00000E+00  0.00000E+00  0.00000E+00  0.10490E-02  0.91443E-03  0.87474E-03  0.40733E-04  0.27930E-04 -0.18352E-02      18  0.88296E-03  0.00000E+00  0.00000E+00 -0.17719E-02 -0.10812E-02 -0.44182E-02 -0.19161E-02 -0.20155E-02 -0.71909E-03
        0.7358  0.00000E+00 -0.33528E-05  0.00000E+00 -0.16764E-06  0.00000E+00  0.00000E+00  0.10508E-02  0.91441E-03  0.87923E-03  0.40732E-04  0.29966E-04 -0.19164E-02      19  0.88303E-03  0.00000E+00  0.00000E+00 -0.14848E-02 -0.11554E-02 -0.39848E-02 -0.21153E-02 -0.19555E-02 -0.81686E-03
        0.7858  0.00000E+00 -0.39446E-04  0.00000E+00 -0.21399E-05  0.00000E+00  0.00000E+00  0.10532E-02  0.91439E-03  0.87899E-03  0.40731E-04  0.32003E-04 -0.19623E-02      20  0.88301E-03  0.00000E+00  0.00000E+00 -0.11203E-02 -0.12114E-02 -0.34208E-02 -0.22864E-02 -0.18319E-02 -0.90846E-03
        0.8358  0.00000E+00 -0.10679E-03  0.00000E+00 -0.74795E-05  0.00000E+00  0.00000E+00  0.10558E-02  0.91435E-03  0.87922E-03  0.40729E-04  0.34039E-04 -0.19818E-02      21  0.88302E-03  0.00000E+00  0.00000E+00 -0.74874E-03 -0.12489E-02 -0.28055E-02 -0.24266E-02 -0.16504E-02 -0.99098E-03
        0.8858  0.00000E+00 -0.17691E-03  0.00000E+00 -0.16325E-04  0.00000E+00  0.00000E+00  0.10584E-02  0.91432E-03  0.87914E-03  0.40727E-04  0.36076E-04 -0.19784E-02      22  0.88302E-03  0.00000E+00  0.00000E+00 -0.39865E-03 -0.12688E-02 -0.22039E-02 -0.25368E-02 -0.14360E-02 -0.10628E-02
        0.9358  0.00000E+00 -0.24795E-03  0.00000E+00 -0.28722E-04  0.00000E+00  0.00000E+00  0.10605E-02  0.91428E-03  0.87927E-03  0.40725E-04  0.38112E-04 -0.19603E-02      23  0.88302E-03  0.00000E+00  0.00000E+00 -0.12574E-03 -0.12751E-02 -0.16811E-02 -0.26209E-02 -0.12206E-02 -0.11238E-02
        0.9679  0.00000E+00 -0.30598E-03  0.00000E+00 -0.38540E-04  0.00000E+00  0.00000E+00  0.10614E-02  0.91425E-03  0.87923E-03  0.40723E-04  0.39419E-04 -0.19454E-02      24  0.88302E-03  0.00000E+00  0.00000E+00 -0.18109E-04 -0.12757E-02 -0.13975E-02 -0.26657E-02 -0.10895E-02 -0.11588E-02
        1.0000  0.00000E+00 -0.35021E-03  0.00000E+00 -0.49777E-04  0.00000E+00  0.00000E+00  0.10618E-02  0.91423E-03  0.87930E-03  0.40722E-04  0.40725E-04 -0.19303E-02      25  0.88302E-03  0.00000E+00  0.00000E+00  0.23939E-04 -0.12749E-02 -0.11794E-02 -0.27036E-02 -0.97308E-03 -0.11900E-02
end
