 All solute fluxes and cumulative solute fluxes are positive into the region

       Time         cvTop        cvBot      Sum(cvTop)   Sum(cvBot)     cvCh0        cvCh1         cTop        cRoot         cBot        cvRoot    Sum(cvRoot)  Sum(cvNEql) TLevel      cGWL        cRunOff   Sum(cRunOff)    (cv(i),    Sum(cv(i)), i=1,NObs)
        [T]        [M/L2/T]     [M/L2/T]      [M/L2]       [M/L2]       [M/L2]      [M/L2]        [M/L3]      [M/L3]        [M/L3]      [M/L2/T]      [M/L2]       [M/L2]              [M/L3]        [M/L2]      [M/L3]      [M/L2/T]      [M/L2]
        0.0100  0.00000E+00 -0.24762E-03  0.00000E+00 -0.24762E-05  0.00000E+00  0.00000E+00  0.94382E-03  0.89359E-03  0.87011E-03  0.27051E-04  0.27051E-06 -0.97029E-05       1  0.88314E-03  0.00000E+00  0.00000E+00  0.52779E-04  0.52779E-06 -0.16523E-03 -0.16523E-05 -0.15166E-03 -0.15166E-05
        0.0200  0.00000E+00  0.00000E+00  0.00000E+00 -0.24762E-05  0.00000E+00  0.00000E+00  0.94387E-03  0.89351E-03  0.86491E-03  0.27048E-04  0.54099E-06 -0.21945E-04       2  0.88309E-03  0.00000E+00  0.00000E+00  0.45441E-04  0.98220E-06 -0.99496E-04 -0.26473E-05 -0.29394E-04 -0.18105E-05
        0.0330  0.00000E+00  0.00000E+00  0.00000E+00 -0.24762E-05  0.00000E+00  0.00000E+00  0.94375E-03  0.89359E-03  0.86656E-03  0.27050E-04  0.89264E-06 -0.35013E-04       3  0.88311E-03  0.00000E+00  0.00000E+00  0.29031E-04  0.13596E-05 -0.36354E-05 -0.26945E-05  0.11848E-03 -0.27019E-06
        0.0499  0.00000E+00  0.00000E+00  0.00000E+00 -0.24762E-05  0.00000E+00  0.00000E+00  0.94348E-03  0.89358E-03  0.86667E-03  0.27049E-04  0.13498E-05 -0.50575E-04       4  0.88311E-03  0.00000E+00  0.00000E+00  0.26879E-06  0.13641E-05  0.41537E-04 -0.19926E-05  0.22871E-03  0.35951E-05
        0.0719  0.00000E+00  0.00000E+00  0.00000E+00 -0.24762E-05  0.00000E+00  0.00000E+00  0.94310E-03  0.89359E-03  0.86718E-03  0.27050E-04  0.19441E-05 -0.69445E-04       5  0.88312E-03  0.00000E+00  0.00000E+00 -0.31904E-04  0.66322E-06  0.70223E-04 -0.44977E-06  0.29406E-03  0.10056E-04
        0.1004  0.00000E+00  0.00000E+00  0.00000E+00 -0.24762E-05  0.00000E+00  0.00000E+00  0.94261E-03  0.89359E-03  0.86748E-03  0.27050E-04  0.27166E-05 -0.93479E-04       6  0.88312E-03  0.00000E+00  0.00000E+00 -0.87789E-04 -0.18441E-05  0.65689E-04  0.14264E-05  0.29884E-03  0.18591E-04
        0.1376  0.00000E+00  0.00000E+00  0.00000E+00 -0.24762E-05  0.00000E+00  0.00000E+00  0.94181E-03  0.89359E-03  0.86793E-03  0.27050E-04  0.37210E-05 -0.12594E-03       7  0.88313E-03  0.00000E+00  0.00000E+00 -0.17845E-03 -0.84696E-05  0.16176E-04  0.20270E-05  0.24022E-03  0.27510E-04
        0.1858  0.00000E+00  0.00000E+00  0.00000E+00 -0.24762E-05  0.00000E+00  0.00000E+00  0.94064E-03  0.89359E-03  0.86847E-03  0.27050E-04  0.50266E-05 -0.17261E-03       8  0.88313E-03  0.00000E+00  0.00000E+00 -0.31484E-03 -0.23666E-04 -0.18488E-03 -0.68970E-05  0.10265E-03  0.32465E-04
        0.2358  0.00000E+00  0.00000E+00  0.00000E+00 -0.24762E-05  0.00000E+00  0.00000E+00  0.93938E-03  0.89360E-03  0.86923E-03  0.27050E-04  0.63791E-05 -0.22681E-03       9  0.88314E-03  0.00000E+00  0.00000E+00 -0.46340E-03 -0.46837E-04 -0.48066E-03 -0.30930E-04 -0.80738E-04  0.28428E-04
        0.2858  0.00000E+00  0.00000E+00  0.00000E+00 -0.24762E-05  0.00000E+00  0.00000E+00  0.93840E-03  0.89361E-03  0.87018E-03  0.27051E-04  0.77317E-05 -0.28383E-03      10  0.88315E-03  0.00000E+00  0.00000E+00 -0.57671E-03 -0.75672E-04 -0.77247E-03 -0.69554E-04 -0.27631E-03  0.14613E-04
        0.3358  0.00000E+00 -0.27805E-04  0.00000E+00 -0.38665E-05  0.00000E+00  0.00000E+00  0.93777E-03  0.89362E-03  0.87649E-03  0.27051E-04  0.90842E-05 -0.32460E-03      11  0.88318E-03  0.00000E+00  0.00000E+00 -0.64428E-03 -0.10789E-03 -0.10096E-02 -0.12003E-03 -0.45093E-03 -0.79341E-05
        0.3858  0.00000E+00 -0.13696E-03  0.00000E+00 -0.10715E-04  0.00000E+00  0.00000E+00  0.93723E-03  0.89364E-03  0.87629E-03  0.27052E-04  0.10437E-04 -0.35353E-03      12  0.88318E-03  0.00000E+00  0.00000E+00 -0.69824E-03 -0.14280E-03 -0.12100E-02 -0.18053E-03 -0.60355E-03 -0.38111E-04
        0.4358  0.00000E+00 -0.29356E-03  0.00000E+00 -0.25393E-04  0.00000E+00  0.00000E+00  0.93682E-03  0.89366E-03  0.87670E-03  0.27053E-04  0.11789E-04 -0.38438E-03      13  0.88318E-03  0.00000E+00  0.00000E+00 -0.73372E-03 -0.17948E-03 -0.13659E-02 -0.24883E-03 -0.72870E-03 -0.74546E-04
        0.4858  0.00000E+00 -0.43469E-03  0.00000E+00 -0.47127E-04  0.00000E+00  0.00000E+00  0.93656E-03  0.89367E-03  0.87665E-03  0.27053E-04  0.13142E-04 -0.41450E-03      14  0.88318E-03  0.00000E+00  0.00000E+00 -0.74866E-03 -0.21692E-03 -0.14752E-02 -0.32259E-03 -0.82894E-03 -0.11599E-03
        0.5358  0.00000E+00 -0.55588E-03  0.00000E+00 -0.74921E-04  0.00000E+00  0.00000E+00  0.93645E-03  0.89368E-03  0.87688E-03  0.27054E-04  0.14495E-04 -0.44407E-03      15  0.88319E-03  0.00000E+00  0.00000E+00 -0.74156E-03 -0.25399E-03 -0.15328E-02 -0.39922E-03 -0.89995E-03 -0.16099E-03
        0.5858  0.00000E+00 -0.65519E-03  0.00000E+00 -0.10768E-03  0.00000E+00  0.00000E+00  0.93651E-03  0.89369E-03  0.87687E-03  0.27054E-04  0.15847E-04 -0.47120E-03      16  0.88318E-03  0.00000E+00  0.00000E+00 -0.71330E-03 -0.28966E-03 -0.15378E-02 -0.47611E-03 -0.94039E-03 -0.20801E-03
        0.6358  0.00000E+00 -0.73161E-03  0.00000E+00 -0.14426E-03  0.00000E+00  0.00000E+00  0.93671E-03  0.89369E-03  0.87700E-03  0.27054E-04  0.17200E-04 -0.49579E-03      17  0.88319E-03  0.00000E+00  0.00000E+00 -0.66579E-03 -0.32295E-03 -0.14934E-02 -0.55079E-03 -0.95104E-03 -0.25556E-03
        0.6858  0.00000E+00 -0.78517E-03  0.00000E+00 -0.18352E-03  0.00000E+00  0.00000E+00  0.93704E-03  0.89369E-03  0.87700E-03  0.27054E-04  0.18553E-04 -0.51685E-03      18  0.88319E-03  0.00000E+00  0.00000E+00 -0.60284E-03 -0.35309E-03 -0.14080E-02 -0.62118E-03 -0.93516E-03 -0.30232E-03
        0.7358  0.00000E+00 -0.81700E-03  0.00000E+00 -0.22437E-03  0.00000E+00  0.00000E+00  0.93746E-03  0.89368E-03  0.87706E-03  0.27053E-04  0.19906E-04 -0.53465E-03      19  0.88319E-03  0.00000E+00  0.00000E+00 -0.52957E-03 -0.37957E-03 -0.12924E-02 -0.68581E-03 -0.89851E-03 -0.34725E-03
        0.7858  0.00000E+00 -0.82187E-03  0.00000E+00 -0.26546E-03  0.00000E+00  0.00000E+00  0.93844E-03  0.89367E-03  0.87705E-03  0.27053E-04  0.21258E-04 -0.54368E-03      20  0.88319E-03  0.00000E+00  0.00000E+00 -0.38407E-03 -0.39877E-03 -0.10678E-02 -0.73919E-03 -0.80601E-03 -0.38755E-03
        0.8358  0.00000E+00 -0.79007E-03  0.00000E+00 -0.30497E-03  0.00000E+00  0.00000E+00  0.93951E-03  0.89366E-03  0.87705E-03  0.27053E-04  0.22611E-04 -0.54125E-03      21  0.88319E-03  0.00000E+00  0.00000E+00 -0.24047E-03 -0.41080E-03 -0.82032E-03 -0.78021E-03 -0.67929E-03 -0.42151E-03
        0.8858  0.00000E+00 -0.72413E-03  0.00000E+00 -0.34117E-03  0.00000E+00  0.00000E+00  0.94047E-03  0.89365E-03  0.87700E-03  0.27052E-04  0.23963E-04 -0.52972E-03      22  0.88319E-03  0.00000E+00  0.00000E+00 -0.11202E-03 -0.41640E-03 -0.58039E-03 -0.80923E-03 -0.54040E-03 -0.44853E-03
        0.9358  0.00000E+00 -0.63608E-03  0.00000E+00 -0.37298E-03  0.00000E+00  0.00000E+00  0.94125E-03  0.89363E-03  0.87696E-03  0.27052E-04  0.25316E-04 -0.51203E-03      23  0.88319E-03  0.00000E+00  0.00000E+00 -0.16963E-04 -0.41725E-03 -0.38346E-03 -0.82840E-03 -0.41155E-03 -0.46911E-03
        0.9679  0.00000E+00 -0.55637E-03  0.00000E+00 -0.39083E-03  0.00000E+00  0.00000E+00  0.94162E-03  0.89362E-03  0.87692E-03  0.27051E-04  0.26184E-04 -0.49905E-03      24  0.88319E-03  0.00000E+00  0.00000E+00  0.32574E-04 -0.41620E-03 -0.28515E-03 -0.83755E-03 -0.33948E-03 -0.48000E-03
        1.0000  0.00000E+00 -0.49354E-03  0.00000E+00 -0.40666E-03  0.00000E+00  0.00000E+00  0.94186E-03  0.89362E-03  0.87688E-03  0.27051E-04  0.27052E-04 -0.48588E-03      25  0.88319E-03  0.00000E+00  0.00000E+00  0.57733E-04 -0.41435E-03 -0.21952E-03 -0.84460E-03 -0.28229E-03 -0.48906E-03
end
