 All solute fluxes and cumulative solute fluxes are positive into the region

       Time         cvTop        cvBot      Sum(cvTop)   Sum(cvBot)     cvCh0        cvCh1         cTop        cRoot         cBot        cvRoot    Sum(cvRoot)  Sum(cvNEql) TLevel      cGWL        cRunOff   Sum(cRunOff)    (cv(i),    Sum(cv(i)), i=1,NObs)
        [T]        [M/L2/T]     [M/L2/T]      [M/L2]       [M/L2]       [M/L2]      [M/L2]        [M/L3]      [M/L3]        [M/L3]      [M/L2/T]      [M/L2]       [M/L2]              [M/L3]        [M/L2]      [M/L3]      [M/L2/T]      [M/L2]
        0.0100  0.00000E+00 -0.13085E-02  0.00000E+00 -0.13085E-04  0.00000E+00  0.00000E+00  0.99900E-03  0.10025E-02  0.88166E-03  0.39959E-05  0.39959E-07  0.42553E-05       1  0.88310E-03  0.00000E+00  0.00000E+00  0.13004E-03  0.13004E-05 -0.12434E-03 -0.12434E-05  0.82769E-04  0.82769E-06
        0.0200  0.00000E+00 -0.17181E-02  0.00000E+00 -0.30266E-04  0.00000E+00  0.00000E+00  0.99882E-03  0.10020E-02  0.88172E-03  0.39938E-05  0.79897E-07  0.79737E-05       2  0.88310E-03  0.00000E+00  0.00000E+00  0.11936E-03  0.24940E-05 -0.11907E-03 -0.24341E-05  0.79158E-04  0.16193E-05
        0.0330  0.00000E+00 -0.14879E-02  0.00000E+00 -0.49608E-04  0.00000E+00  0.00000E+00  0.99858E-03  0.10021E-02  0.88168E-03  0.39945E-05  0.13183E-06  0.82224E-05       3  0.88310E-03  0.00000E+00  0.00000E+00  0.92245E-04  0.36931E-05 -0.11125E-03 -0.38803E-05  0.73297E-04  0.25721E-05
        0.0499  0.00000E+00 -0.13126E-02  0.00000E+00 -0.71791E-04  0.00000E+00  0.00000E+00  0.99806E-03  0.10021E-02  0.88167E-03  0.39943E-05  0.19933E-06  0.90995E-05       4  0.88309E-03  0.00000E+00  0.00000E+00  0.36404E-04  0.43084E-05 -0.10049E-03 -0.55785E-05  0.65684E-04  0.36822E-05
        0.0719  0.00000E+00 -0.11914E-02  0.00000E+00 -0.97967E-04  0.00000E+00  0.00000E+00  0.99705E-03  0.10021E-02  0.88166E-03  0.39943E-05  0.28708E-06  0.83523E-05       5  0.88309E-03  0.00000E+00  0.00000E+00 -0.61061E-04  0.29669E-05 -0.82921E-04 -0.74003E-05  0.54089E-04  0.48705E-05
        0.1004  0.00000E+00 -0.10881E-02  0.00000E+00 -0.12904E-03  0.00000E+00  0.00000E+00  0.99545E-03  0.10021E-02  0.88165E-03  0.39943E-05  0.40116E-06  0.26088E-05       6  0.88309E-03  0.00000E+00  0.00000E+00 -0.20974E-03 -0.30236E-05 -0.50821E-04 -0.88518E-05  0.34685E-04  0.58612E-05
        0.1376  0.00000E+00 -0.99802E-03  0.00000E+00 -0.16610E-03  0.00000E+00  0.00000E+00  0.99319E-03  0.10021E-02  0.88164E-03  0.39943E-05  0.54947E-06 -0.15773E-04       7  0.88309E-03  0.00000E+00  0.00000E+00 -0.42405E-03 -0.18768E-04 -0.13318E-03 -0.13797E-04 -0.30408E-05  0.57482E-05
        0.1858  0.00000E+00 -0.91401E-03  0.00000E+00 -0.21022E-03  0.00000E+00  0.00000E+00  0.99032E-03  0.10020E-02  0.88164E-03  0.39942E-05  0.74226E-06 -0.62992E-04       8  0.88309E-03  0.00000E+00  0.00000E+00 -0.70518E-03 -0.52806E-04 -0.62924E-03 -0.44169E-04 -0.82763E-04  0.17534E-05
        0.2358  0.00000E+00 -0.83990E-03  0.00000E+00 -0.25221E-03  0.00000E+00  0.00000E+00  0.98769E-03  0.10020E-02  0.88163E-03  0.39941E-05  0.94197E-06 -0.14027E-03       9  0.88309E-03  0.00000E+00  0.00000E+00 -0.97774E-03 -0.10169E-03 -0.13127E-02 -0.10980E-03 -0.20638E-03 -0.85653E-05
        0.2858  0.00000E+00 -0.77919E-03  0.00000E+00 -0.29117E-03  0.00000E+00  0.00000E+00  0.98615E-03  0.10020E-02  0.88163E-03  0.39939E-05  0.11417E-05 -0.23722E-03      10  0.88309E-03  0.00000E+00  0.00000E+00 -0.11404E-02 -0.15871E-03 -0.20400E-02 -0.21180E-03 -0.36669E-03 -0.26900E-04
        0.3358  0.00000E+00 -0.72866E-03  0.00000E+00 -0.32760E-03  0.00000E+00  0.00000E+00  0.98555E-03  0.10020E-02  0.88163E-03  0.39939E-05  0.13414E-05 -0.33979E-03      11  0.88309E-03  0.00000E+00  0.00000E+00 -0.11905E-02 -0.21824E-03 -0.26433E-02 -0.34397E-03 -0.54467E-03 -0.54133E-04
        0.3858  0.00000E+00 -0.68568E-03  0.00000E+00 -0.36189E-03  0.00000E+00  0.00000E+00  0.98494E-03  0.10020E-02  0.88162E-03  0.39939E-05  0.15411E-05 -0.44553E-03      12  0.88309E-03  0.00000E+00  0.00000E+00 -0.12276E-02 -0.27962E-03 -0.31163E-02 -0.49979E-03 -0.71288E-03 -0.89777E-04
        0.4358  0.00000E+00 -0.64899E-03  0.00000E+00 -0.39434E-03  0.00000E+00  0.00000E+00  0.98459E-03  0.10019E-02  0.88162E-03  0.39937E-05  0.17407E-05 -0.55382E-03      13  0.88309E-03  0.00000E+00  0.00000E+00 -0.12504E-02 -0.34213E-03 -0.35193E-02 -0.67575E-03 -0.86518E-03 -0.13304E-03
        0.4858  0.00000E+00 -0.61795E-03  0.00000E+00 -0.42524E-03  0.00000E+00  0.00000E+00  0.98418E-03  0.10019E-02  0.88162E-03  0.39936E-05  0.19404E-05 -0.66233E-03      14  0.88309E-03  0.00000E+00  0.00000E+00 -0.12547E-02 -0.40487E-03 -0.38201E-02 -0.86675E-03 -0.10076E-02 -0.18342E-03
        0.5358  0.00000E+00 -0.59242E-03  0.00000E+00 -0.45486E-03  0.00000E+00  0.00000E+00  0.98408E-03  0.10018E-02  0.88162E-03  0.39934E-05  0.21401E-05 -0.76981E-03      15  0.88309E-03  0.00000E+00  0.00000E+00 -0.12421E-02 -0.46697E-03 -0.40204E-02 -0.10678E-02 -0.11302E-02 -0.23993E-03
        0.5858  0.00000E+00 -0.57230E-03  0.00000E+00 -0.48347E-03  0.00000E+00  0.00000E+00  0.98398E-03  0.10018E-02  0.88162E-03  0.39934E-05  0.23398E-05 -0.87404E-03      16  0.88309E-03  0.00000E+00  0.00000E+00 -0.12119E-02 -0.52757E-03 -0.41364E-02 -0.12746E-02 -0.12287E-02 -0.30136E-03
        0.6358  0.00000E+00 -0.55759E-03  0.00000E+00 -0.51135E-03  0.00000E+00  0.00000E+00  0.98412E-03  0.10017E-02  0.88162E-03  0.39932E-05  0.25394E-05 -0.97382E-03      17  0.88309E-03  0.00000E+00  0.00000E+00 -0.11673E-02 -0.58593E-03 -0.41734E-02 -0.14833E-02 -0.13024E-02 -0.36648E-03
        0.6858  0.00000E+00 -0.54828E-03  0.00000E+00 -0.53877E-03  0.00000E+00  0.00000E+00  0.98427E-03  0.10017E-02  0.88162E-03  0.39932E-05  0.27391E-05 -0.10678E-02      18  0.88309E-03  0.00000E+00  0.00000E+00 -0.11103E-02 -0.64145E-03 -0.41449E-02 -0.16905E-02 -0.13505E-02 -0.43401E-03
        0.7358  0.00000E+00 -0.54433E-03  0.00000E+00 -0.56598E-03  0.00000E+00  0.00000E+00  0.98456E-03  0.10017E-02  0.88163E-03  0.39931E-05  0.29387E-05 -0.11555E-02      19  0.88309E-03  0.00000E+00  0.00000E+00 -0.10461E-02 -0.69375E-03 -0.40629E-02 -0.18937E-02 -0.13765E-02 -0.50283E-03
        0.7858  0.00000E+00 -0.54560E-03  0.00000E+00 -0.59326E-03  0.00000E+00  0.00000E+00  0.98656E-03  0.10017E-02  0.88163E-03  0.39930E-05  0.31384E-05 -0.12165E-02      20  0.88309E-03  0.00000E+00  0.00000E+00 -0.79023E-03 -0.73326E-03 -0.36639E-02 -0.20768E-02 -0.13430E-02 -0.56998E-03
        0.8358  0.00000E+00 -0.55177E-03  0.00000E+00 -0.62085E-03  0.00000E+00  0.00000E+00  0.98861E-03  0.10018E-02  0.88163E-03  0.39936E-05  0.33381E-05 -0.12483E-02      21  0.88309E-03  0.00000E+00  0.00000E+00 -0.51692E-03 -0.75911E-03 -0.30957E-02 -0.22316E-02 -0.12527E-02 -0.63261E-03
        0.8858  0.00000E+00 -0.56234E-03  0.00000E+00 -0.64897E-03  0.00000E+00  0.00000E+00  0.99090E-03  0.10018E-02  0.88163E-03  0.39935E-05  0.35377E-05 -0.12588E-02      22  0.88309E-03  0.00000E+00  0.00000E+00 -0.24575E-03 -0.77140E-03 -0.24638E-02 -0.23548E-02 -0.11213E-02 -0.68868E-03
        0.9358  0.00000E+00 -0.57660E-03  0.00000E+00 -0.67780E-03  0.00000E+00  0.00000E+00  0.99291E-03  0.10020E-02  0.88164E-03  0.39940E-05  0.37374E-05 -0.12528E-02      23  0.88309E-03  0.00000E+00  0.00000E+00 -0.19594E-04 -0.77238E-03 -0.18859E-02 -0.24491E-02 -0.97522E-03 -0.73744E-03
        0.9679  0.00000E+00 -0.59015E-03  0.00000E+00 -0.69673E-03  0.00000E+00  0.00000E+00  0.99396E-03  0.10019E-02  0.88164E-03  0.39938E-05  0.38656E-05 -0.12460E-02      24  0.88309E-03  0.00000E+00  0.00000E+00  0.10923E-03 -0.76887E-03 -0.15608E-02 -0.24992E-02 -0.88209E-03 -0.76575E-03
        1.0000  0.00000E+00 -0.60184E-03  0.00000E+00 -0.71604E-03  0.00000E+00  0.00000E+00  0.99465E-03  0.10020E-02  0.88164E-03  0.39940E-05  0.39937E-05 -0.12378E-02      25  0.88309E-03  0.00000E+00  0.00000E+00  0.15202E-03 -0.76399E-03 -0.12984E-02 -0.25409E-02 -0.79485E-03 -0.79125E-03
end
