 ******* Program HYDRUS
 ******* 
 Welcome to HYDRUS-1D                                                    
 Date:   4. 3.2022    Time:  19:32:21
 Units: L = cm   , T = days , M = mg   

----------------------------------------------------------
 Time       [T]        0.0000
----------------------------------------------------------
 Sub-region num.                     1
----------------------------------------------------------
 Length   [L]        0.30000E+03  0.30000E+03
 W-volume [L]        0.99406E+02  0.99406E+02
 In-flow  [L/T]      0.00000E+00  0.00000E+00
 h Mean   [L]       -0.92594E+02 -0.92594E+02
 ConcVol  [M/L2] 1   0.87250E+00  0.87250E+00
 cMean    [M/L3] 1   0.87787E-02  0.87787E-02
 SorbVolIm[M/L2] 1   0.43083E+02  0.43083E+02
 sMeanIm  [-]    1   0.99042E-01  0.99042E-01
 Top Flux [L/T]      0.25819E-01
 Bot Flux [L/T]     -0.31877E+00
----------------------------------------------------------

----------------------------------------------------------
 Time       [T]        1.0000
----------------------------------------------------------
 Sub-region num.                     1
----------------------------------------------------------
 Length   [L]        0.30000E+03  0.30000E+03
 W-volume [L]        0.98310E+02  0.98310E+02
 In-flow  [L/T]     -0.19474E+00 -0.19474E+00
 h Mean   [L]       -0.10264E+03 -0.10264E+03
 ConcVol  [M/L2] 1   0.86289E+00  0.86289E+00
 cMean    [M/L3] 1   0.87791E-02  0.87791E-02
 SorbVolIm[M/L2] 1   0.43088E+02  0.43088E+02
 sMeanIm  [-]    1   0.99052E-01  0.99052E-01
 Top Flux [L/T]      0.39203E-01
 Bot Flux [L/T]     -0.25587E-01
 WatBalT  [L]       -0.14015E+00
 WatBalR  [%]             12.792
 CncBalT  [M]    1   0.13733E-03
 CncBalR  [%]    1         1.427
----------------------------------------------------------
 
 Calculation time [sec]  0.000000000000000E+000
