 All solute fluxes and cumulative solute fluxes are positive into the region

       Time         cvTop        cvBot      Sum(cvTop)   Sum(cvBot)     cvCh0        cvCh1         cTop        cRoot         cBot        cvRoot    Sum(cvRoot)  Sum(cvNEql) TLevel      cGWL        cRunOff   Sum(cRunOff)    (cv(i),    Sum(cv(i)), i=1,NObs)
        [T]        [M/L2/T]     [M/L2/T]      [M/L2]       [M/L2]       [M/L2]      [M/L2]        [M/L3]      [M/L3]        [M/L3]      [M/L2/T]      [M/L2]       [M/L2]              [M/L3]        [M/L2]      [M/L3]      [M/L2/T]      [M/L2]
        0.0100  0.00000E+00  0.00000E+00  0.00000E+00  0.00000E+00  0.00000E+00  0.00000E+00  0.96612E-03  0.90432E-03  0.87440E-03  0.14742E-03  0.14742E-05 -0.87032E-05       1  0.88310E-03  0.00000E+00  0.00000E+00  0.23205E-04  0.23205E-06 -0.12612E-05 -0.12612E-07  0.55291E-04  0.55291E-06
        0.0200  0.00000E+00  0.00000E+00  0.00000E+00  0.00000E+00  0.00000E+00  0.00000E+00  0.96608E-03  0.90434E-03  0.87277E-03  0.14743E-03  0.29485E-05 -0.14899E-04       2  0.88307E-03  0.00000E+00  0.00000E+00  0.15529E-04  0.38735E-06 -0.13655E-05 -0.26266E-07  0.54765E-04  0.11006E-05
        0.0330  0.00000E+00  0.00000E+00  0.00000E+00  0.00000E+00  0.00000E+00  0.00000E+00  0.96594E-03  0.90434E-03  0.87345E-03  0.14742E-03  0.48650E-05 -0.22409E-04       3  0.88309E-03  0.00000E+00  0.00000E+00  0.41860E-05  0.44176E-06 -0.16854E-05 -0.48177E-07  0.53977E-04  0.18023E-05
        0.0499  0.00000E+00  0.00000E+00  0.00000E+00  0.00000E+00  0.00000E+00  0.00000E+00  0.96580E-03  0.90434E-03  0.87379E-03  0.14742E-03  0.73565E-05 -0.31132E-04       4  0.88309E-03  0.00000E+00  0.00000E+00 -0.46154E-05  0.36376E-06 -0.25020E-05 -0.90461E-07  0.52715E-04  0.26931E-05
        0.0719  0.00000E+00  0.00000E+00  0.00000E+00  0.00000E+00  0.00000E+00  0.00000E+00  0.96564E-03  0.90434E-03  0.87410E-03  0.14742E-03  0.10595E-04 -0.42222E-04       5  0.88310E-03  0.00000E+00  0.00000E+00 -0.20973E-04 -0.97011E-07 -0.45276E-05 -0.18993E-06  0.50057E-04  0.37929E-05
        0.1004  0.00000E+00  0.00000E+00  0.00000E+00  0.00000E+00  0.00000E+00  0.00000E+00  0.96535E-03  0.90434E-03  0.87434E-03  0.14742E-03  0.14806E-04 -0.57343E-04       6  0.88310E-03  0.00000E+00  0.00000E+00 -0.49217E-04 -0.15027E-05 -0.11664E-04 -0.52306E-06  0.43680E-04  0.50404E-05
        0.1376  0.00000E+00  0.00000E+00  0.00000E+00  0.00000E+00  0.00000E+00  0.00000E+00  0.96489E-03  0.90433E-03  0.87455E-03  0.14742E-03  0.20280E-04 -0.80229E-04       7  0.88311E-03  0.00000E+00  0.00000E+00 -0.95075E-04 -0.50328E-05 -0.91224E-04 -0.39101E-05  0.28190E-04  0.60871E-05
        0.1858  0.00000E+00  0.00000E+00  0.00000E+00  0.00000E+00  0.00000E+00  0.00000E+00  0.96421E-03  0.90433E-03  0.87472E-03  0.14742E-03  0.27396E-04 -0.11811E-03       8  0.88311E-03  0.00000E+00  0.00000E+00 -0.16398E-03 -0.12948E-04 -0.24931E-03 -0.15944E-04 -0.82755E-05  0.56877E-05
        0.2358  0.00000E+00  0.00000E+00  0.00000E+00  0.00000E+00  0.00000E+00  0.00000E+00  0.96351E-03  0.90432E-03  0.87484E-03  0.14742E-03  0.34767E-04 -0.16821E-03       9  0.88311E-03  0.00000E+00  0.00000E+00 -0.23909E-03 -0.24902E-04 -0.46382E-03 -0.39135E-04 -0.65082E-04  0.24336E-05
        0.2858  0.00000E+00  0.00000E+00  0.00000E+00  0.00000E+00  0.00000E+00  0.00000E+00  0.96291E-03  0.90432E-03  0.87493E-03  0.14742E-03  0.42138E-04 -0.22867E-03      10  0.88311E-03  0.00000E+00  0.00000E+00 -0.30663E-03 -0.40233E-04 -0.70687E-03 -0.74478E-04 -0.13944E-03 -0.45385E-05
        0.3358  0.00000E+00  0.00000E+00  0.00000E+00  0.00000E+00  0.00000E+00  0.00000E+00  0.96239E-03  0.90432E-03  0.87502E-03  0.14742E-03  0.49509E-04 -0.29336E-03      11  0.88311E-03  0.00000E+00  0.00000E+00 -0.35857E-03 -0.58162E-04 -0.95704E-03 -0.12233E-03 -0.22017E-03 -0.15547E-04
        0.3858  0.00000E+00  0.00000E+00  0.00000E+00  0.00000E+00  0.00000E+00  0.00000E+00  0.96205E-03  0.90435E-03  0.87509E-03  0.14743E-03  0.56880E-04 -0.35464E-03      12  0.88311E-03  0.00000E+00  0.00000E+00 -0.40243E-03 -0.78283E-04 -0.12017E-02 -0.18241E-03 -0.29749E-03 -0.30422E-04
        0.4358  0.00000E+00  0.00000E+00  0.00000E+00  0.00000E+00  0.00000E+00  0.00000E+00  0.96175E-03  0.90437E-03  0.87518E-03  0.14743E-03  0.64252E-04 -0.41156E-03      13  0.88311E-03  0.00000E+00  0.00000E+00 -0.43059E-03 -0.99813E-04 -0.14158E-02 -0.25320E-03 -0.36989E-03 -0.48916E-04
        0.4858  0.00000E+00  0.00000E+00  0.00000E+00  0.00000E+00  0.00000E+00  0.00000E+00  0.96163E-03  0.90440E-03  0.87527E-03  0.14743E-03  0.71623E-04 -0.46398E-03      14  0.88312E-03  0.00000E+00  0.00000E+00 -0.44450E-03 -0.12204E-03 -0.15810E-02 -0.33225E-03 -0.43376E-03 -0.70604E-04
        0.5358  0.00000E+00  0.00000E+00  0.00000E+00  0.00000E+00  0.00000E+00  0.00000E+00  0.96158E-03  0.90441E-03  0.87536E-03  0.14744E-03  0.78995E-04 -0.51170E-03      15  0.88312E-03  0.00000E+00  0.00000E+00 -0.43989E-03 -0.14403E-03 -0.16830E-02 -0.41640E-03 -0.48607E-03 -0.94908E-04
        0.5858  0.00000E+00  0.00000E+00  0.00000E+00  0.00000E+00  0.00000E+00  0.00000E+00  0.96170E-03  0.90442E-03  0.87547E-03  0.14744E-03  0.86367E-04 -0.55515E-03      16  0.88312E-03  0.00000E+00  0.00000E+00 -0.41958E-03 -0.16501E-03 -0.17151E-02 -0.50216E-03 -0.52472E-03 -0.12114E-03
        0.6358  0.00000E+00  0.00000E+00  0.00000E+00  0.00000E+00  0.00000E+00  0.00000E+00  0.96191E-03  0.90442E-03  0.87559E-03  0.14744E-03  0.93739E-04 -0.59488E-03      17  0.88312E-03  0.00000E+00  0.00000E+00 -0.38291E-03 -0.18416E-03 -0.16787E-02 -0.58609E-03 -0.54926E-03 -0.14861E-03
        0.6858  0.00000E+00  0.00000E+00  0.00000E+00  0.00000E+00  0.00000E+00  0.00000E+00  0.96224E-03  0.90442E-03  0.87573E-03  0.14744E-03  0.10111E-03 -0.63185E-03      18  0.88312E-03  0.00000E+00  0.00000E+00 -0.33410E-03 -0.20086E-03 -0.15806E-02 -0.66512E-03 -0.55908E-03 -0.17656E-03
        0.7358  0.00000E+00  0.00000E+00  0.00000E+00  0.00000E+00  0.00000E+00  0.00000E+00  0.96262E-03  0.90440E-03  0.87589E-03  0.14743E-03  0.10848E-03 -0.66700E-03      19  0.88312E-03  0.00000E+00  0.00000E+00 -0.27577E-03 -0.21465E-03 -0.14347E-02 -0.73685E-03 -0.55676E-03 -0.20440E-03
        0.7858  0.00000E+00  0.00000E+00  0.00000E+00  0.00000E+00  0.00000E+00  0.00000E+00  0.96320E-03  0.90438E-03  0.88006E-03  0.14743E-03  0.11585E-03 -0.68901E-03      20  0.88317E-03  0.00000E+00  0.00000E+00 -0.20083E-03 -0.22469E-03 -0.12370E-02 -0.79871E-03 -0.54047E-03 -0.23142E-03
        0.8358  0.00000E+00 -0.13031E-04  0.00000E+00 -0.65157E-06  0.00000E+00  0.00000E+00  0.96377E-03  0.90436E-03  0.87981E-03  0.14743E-03  0.12323E-03 -0.69201E-03      21  0.88316E-03  0.00000E+00  0.00000E+00 -0.12664E-03 -0.23102E-03 -0.10154E-02 -0.84948E-03 -0.49501E-03 -0.25617E-03
        0.8858  0.00000E+00 -0.39390E-04  0.00000E+00 -0.26211E-05  0.00000E+00  0.00000E+00  0.96429E-03  0.90437E-03  0.88000E-03  0.14743E-03  0.13060E-03 -0.68586E-03      22  0.88316E-03  0.00000E+00  0.00000E+00 -0.61124E-04 -0.23408E-03 -0.79257E-03 -0.88911E-03 -0.43403E-03 -0.27787E-03
        0.9358  0.00000E+00 -0.65747E-04  0.00000E+00 -0.59084E-05  0.00000E+00  0.00000E+00  0.96468E-03  0.90436E-03  0.87989E-03  0.14743E-03  0.13797E-03 -0.67370E-03      23  0.88316E-03  0.00000E+00  0.00000E+00 -0.12699E-04 -0.23471E-03 -0.59392E-03 -0.91880E-03 -0.36625E-03 -0.29619E-03
        0.9679  0.00000E+00 -0.86951E-04  0.00000E+00 -0.86983E-05  0.00000E+00  0.00000E+00  0.96483E-03  0.90436E-03  0.87998E-03  0.14743E-03  0.14270E-03 -0.66458E-03      24  0.88316E-03  0.00000E+00  0.00000E+00  0.54855E-05 -0.23454E-03 -0.48375E-03 -0.93432E-03 -0.32349E-03 -0.30657E-03
        1.0000  0.00000E+00 -0.10271E-03  0.00000E+00 -0.11994E-04  0.00000E+00  0.00000E+00  0.96494E-03  0.90435E-03  0.87994E-03  0.14743E-03  0.14743E-03 -0.65548E-03      25  0.88316E-03  0.00000E+00  0.00000E+00  0.26906E-04 -0.23368E-03 -0.39790E-03 -0.94709E-03 -0.28405E-03 -0.31568E-03
end
