 All solute fluxes and cumulative solute fluxes are positive into the region

       Time         cvTop        cvBot      Sum(cvTop)   Sum(cvBot)     cvCh0        cvCh1         cTop        cRoot         cBot        cvRoot    Sum(cvRoot)  Sum(cvNEql) TLevel      cGWL        cRunOff   Sum(cRunOff)    (cv(i),    Sum(cv(i)), i=1,NObs)
        [T]        [M/L2/T]     [M/L2/T]      [M/L2]       [M/L2]       [M/L2]      [M/L2]        [M/L3]      [M/L3]        [M/L3]      [M/L2/T]      [M/L2]       [M/L2]              [M/L3]        [M/L2]      [M/L3]      [M/L2/T]      [M/L2]
        0.0100  0.00000E+00  0.00000E+00  0.00000E+00  0.00000E+00  0.00000E+00  0.00000E+00  0.85194E-03  0.88312E-03  0.87186E-03  0.77333E-04  0.77333E-06 -0.13603E-04       1  0.88305E-03  0.00000E+00  0.00000E+00  0.18601E-04  0.18601E-06  0.82952E-04  0.82952E-06  0.15057E-03  0.15057E-05
        0.0200  0.00000E+00  0.00000E+00  0.00000E+00  0.00000E+00  0.00000E+00  0.00000E+00  0.85184E-03  0.88313E-03  0.87008E-03  0.77332E-04  0.15467E-05 -0.25869E-04       2  0.88300E-03  0.00000E+00  0.00000E+00  0.98889E-05  0.28490E-06  0.82837E-04  0.16579E-05  0.14995E-03  0.30052E-05
        0.0330  0.00000E+00  0.00000E+00  0.00000E+00  0.00000E+00  0.00000E+00  0.00000E+00  0.85170E-03  0.88313E-03  0.87111E-03  0.77332E-04  0.25520E-05 -0.40116E-04       3  0.88303E-03  0.00000E+00  0.00000E+00 -0.80498E-06  0.27443E-06  0.81688E-04  0.27198E-05  0.14893E-03  0.49412E-05
        0.0499  0.00000E+00  0.00000E+00  0.00000E+00  0.00000E+00  0.00000E+00  0.00000E+00  0.85151E-03  0.88313E-03  0.87140E-03  0.77332E-04  0.38589E-05 -0.56986E-04       4  0.88305E-03  0.00000E+00  0.00000E+00 -0.14519E-04  0.29062E-07  0.77981E-04  0.40377E-05  0.14722E-03  0.74292E-05
        0.0719  0.00000E+00  0.00000E+00  0.00000E+00  0.00000E+00  0.00000E+00  0.00000E+00  0.85124E-03  0.88313E-03  0.87179E-03  0.77332E-04  0.55579E-05 -0.78040E-04       5  0.88306E-03  0.00000E+00  0.00000E+00 -0.39570E-04 -0.84028E-06  0.67854E-04  0.55285E-05  0.14367E-03  0.10586E-04
        0.1004  0.00000E+00  0.00000E+00  0.00000E+00  0.00000E+00  0.00000E+00  0.00000E+00  0.85078E-03  0.88313E-03  0.87206E-03  0.77332E-04  0.77665E-05 -0.10569E-03       6  0.88306E-03  0.00000E+00  0.00000E+00 -0.81731E-04 -0.31746E-05  0.43545E-04  0.67722E-05  0.13542E-03  0.14453E-04
        0.1376  0.00000E+00  0.00000E+00  0.00000E+00  0.00000E+00  0.00000E+00  0.00000E+00  0.85007E-03  0.88312E-03  0.87232E-03  0.77332E-04  0.10638E-04 -0.14498E-03       7  0.88307E-03  0.00000E+00  0.00000E+00 -0.14750E-03 -0.86511E-05 -0.98631E-05  0.64059E-05  0.11544E-03  0.18739E-04
        0.1858  0.00000E+00  0.00000E+00  0.00000E+00  0.00000E+00  0.00000E+00  0.00000E+00  0.84909E-03  0.88311E-03  0.87252E-03  0.77331E-04  0.14370E-04 -0.20558E-03       8  0.88307E-03  0.00000E+00  0.00000E+00 -0.24146E-03 -0.20306E-04 -0.11850E-03  0.68607E-06  0.68392E-04  0.22040E-04
        0.2358  0.00000E+00  0.00000E+00  0.00000E+00  0.00000E+00  0.00000E+00  0.00000E+00  0.84812E-03  0.88310E-03  0.87268E-03  0.77329E-04  0.18237E-04 -0.28157E-03       9  0.88308E-03  0.00000E+00  0.00000E+00 -0.33874E-03 -0.37243E-04 -0.27324E-03 -0.12976E-04 -0.52104E-05  0.21780E-04
        0.2858  0.00000E+00  0.00000E+00  0.00000E+00  0.00000E+00  0.00000E+00  0.00000E+00  0.84730E-03  0.88309E-03  0.87279E-03  0.77328E-04  0.22103E-04 -0.37075E-03      10  0.88308E-03  0.00000E+00  0.00000E+00 -0.42333E-03 -0.58410E-04 -0.46167E-03 -0.36060E-04 -0.10576E-03  0.16492E-04
        0.3358  0.00000E+00  0.00000E+00  0.00000E+00  0.00000E+00  0.00000E+00  0.00000E+00  0.84666E-03  0.88308E-03  0.87289E-03  0.77327E-04  0.25970E-04 -0.46887E-03      11  0.88308E-03  0.00000E+00  0.00000E+00 -0.49019E-03 -0.82919E-04 -0.67023E-03 -0.69571E-04 -0.22408E-03  0.52877E-05
        0.3858  0.00000E+00  0.00000E+00  0.00000E+00  0.00000E+00  0.00000E+00  0.00000E+00  0.84614E-03  0.88309E-03  0.87298E-03  0.77328E-04  0.29836E-04 -0.57036E-03      12  0.88308E-03  0.00000E+00  0.00000E+00 -0.54211E-03 -0.11002E-03 -0.85030E-03 -0.11209E-03 -0.34733E-03 -0.12079E-04
        0.4358  0.00000E+00  0.00000E+00  0.00000E+00  0.00000E+00  0.00000E+00  0.00000E+00  0.84580E-03  0.88310E-03  0.87308E-03  0.77328E-04  0.33702E-04 -0.67292E-03      13  0.88309E-03  0.00000E+00  0.00000E+00 -0.57697E-03 -0.13887E-03 -0.10277E-02 -0.16347E-03 -0.47513E-03 -0.35835E-04
        0.4858  0.00000E+00  0.00000E+00  0.00000E+00  0.00000E+00  0.00000E+00  0.00000E+00  0.84558E-03  0.88311E-03  0.87318E-03  0.77329E-04  0.37569E-04 -0.77407E-03      14  0.88309E-03  0.00000E+00  0.00000E+00 -0.59012E-03 -0.16838E-03 -0.11669E-02 -0.22182E-03 -0.59638E-03 -0.65654E-04
        0.5358  0.00000E+00  0.00000E+00  0.00000E+00  0.00000E+00  0.00000E+00  0.00000E+00  0.84557E-03  0.88312E-03  0.87330E-03  0.77330E-04  0.41435E-04 -0.87115E-03      15  0.88309E-03  0.00000E+00  0.00000E+00 -0.58407E-03 -0.19758E-03 -0.12620E-02 -0.28492E-03 -0.70261E-03 -0.10078E-03
        0.5858  0.00000E+00  0.00000E+00  0.00000E+00  0.00000E+00  0.00000E+00  0.00000E+00  0.84568E-03  0.88312E-03  0.87344E-03  0.77330E-04  0.45302E-04 -0.96180E-03      16  0.88309E-03  0.00000E+00  0.00000E+00 -0.55628E-03 -0.22540E-03 -0.12990E-02 -0.34987E-03 -0.78465E-03 -0.14002E-03
        0.6358  0.00000E+00  0.00000E+00  0.00000E+00  0.00000E+00  0.00000E+00  0.00000E+00  0.84598E-03  0.88312E-03  0.87361E-03  0.77331E-04  0.49168E-04 -0.10440E-02      17  0.88310E-03  0.00000E+00  0.00000E+00 -0.51060E-03 -0.25093E-03 -0.12805E-02 -0.41389E-03 -0.83727E-03 -0.18188E-03
        0.6858  0.00000E+00  0.00000E+00  0.00000E+00  0.00000E+00  0.00000E+00  0.00000E+00  0.84638E-03  0.88312E-03  0.87381E-03  0.77330E-04  0.53035E-04 -0.11163E-02      18  0.88310E-03  0.00000E+00  0.00000E+00 -0.44783E-03 -0.27332E-03 -0.12086E-02 -0.47432E-03 -0.85810E-03 -0.22479E-03
        0.7358  0.00000E+00  0.00000E+00  0.00000E+00  0.00000E+00  0.00000E+00  0.00000E+00  0.84692E-03  0.88312E-03  0.87404E-03  0.77330E-04  0.56901E-04 -0.11782E-02      19  0.88310E-03  0.00000E+00  0.00000E+00 -0.37333E-03 -0.29198E-03 -0.10960E-02 -0.52912E-03 -0.84875E-03 -0.26722E-03
        0.7858  0.00000E+00  0.00000E+00  0.00000E+00  0.00000E+00  0.00000E+00  0.00000E+00  0.84765E-03  0.88311E-03  0.87431E-03  0.77330E-04  0.60768E-04 -0.12280E-02      20  0.88311E-03  0.00000E+00  0.00000E+00 -0.27856E-03 -0.30591E-03 -0.94295E-03 -0.57627E-03 -0.80938E-03 -0.30769E-03
        0.8358  0.00000E+00  0.00000E+00  0.00000E+00  0.00000E+00  0.00000E+00  0.00000E+00  0.84843E-03  0.88311E-03  0.87461E-03  0.77329E-04  0.64634E-04 -0.12606E-02      21  0.88311E-03  0.00000E+00  0.00000E+00 -0.18217E-03 -0.31502E-03 -0.77196E-03 -0.61487E-03 -0.73592E-03 -0.34449E-03
        0.8858  0.00000E+00  0.00000E+00  0.00000E+00  0.00000E+00  0.00000E+00  0.00000E+00  0.84916E-03  0.88312E-03  0.87493E-03  0.77330E-04  0.68501E-04 -0.12776E-02      22  0.88312E-03  0.00000E+00  0.00000E+00 -0.93327E-04 -0.31969E-03 -0.60119E-03 -0.64493E-03 -0.64248E-03 -0.37661E-03
        0.9358  0.00000E+00 -0.42336E-05  0.00000E+00 -0.21168E-06  0.00000E+00  0.00000E+00  0.84976E-03  0.88312E-03  0.88052E-03  0.77330E-04  0.72367E-04 -0.12698E-02      23  0.88318E-03  0.00000E+00  0.00000E+00 -0.24952E-04 -0.32093E-03 -0.45047E-03 -0.66745E-03 -0.54293E-03 -0.40376E-03
        0.9679  0.00000E+00 -0.23740E-04  0.00000E+00 -0.97340E-06  0.00000E+00  0.00000E+00  0.85000E-03  0.88312E-03  0.88021E-03  0.77331E-04  0.74849E-04 -0.12551E-02      24  0.88317E-03  0.00000E+00  0.00000E+00  0.15985E-05 -0.32088E-03 -0.36729E-03 -0.67924E-03 -0.48039E-03 -0.41917E-03
        1.0000  0.00000E+00 -0.53274E-04  0.00000E+00 -0.26827E-05  0.00000E+00  0.00000E+00  0.85014E-03  0.88311E-03  0.88040E-03  0.77330E-04  0.77330E-04 -0.12410E-02      25  0.88317E-03  0.00000E+00  0.00000E+00  0.23482E-04 -0.32013E-03 -0.30268E-03 -0.68895E-03 -0.42341E-03 -0.43276E-03
end
