 All solute fluxes and cumulative solute fluxes are positive into the region

       Time         cvTop        cvBot      Sum(cvTop)   Sum(cvBot)     cvCh0        cvCh1         cTop        cRoot         cBot        cvRoot    Sum(cvRoot)  Sum(cvNEql) TLevel      cGWL        cRunOff   Sum(cRunOff)    (cv(i),    Sum(cv(i)), i=1,NObs)
        [T]        [M/L2/T]     [M/L2/T]      [M/L2]       [M/L2]       [M/L2]      [M/L2]        [M/L3]      [M/L3]        [M/L3]      [M/L2/T]      [M/L2]       [M/L2]              [M/L3]        [M/L2]      [M/L3]      [M/L2/T]      [M/L2]
        0.0100  0.00000E+00 -0.39475E-03  0.00000E+00 -0.39475E-05  0.00000E+00  0.00000E+00  0.10281E-02  0.90325E-03  0.88021E-03  0.32757E-04  0.32757E-06 -0.15079E-05       1  0.88311E-03  0.00000E+00  0.00000E+00  0.35213E-04  0.35213E-06  0.41987E-04  0.41987E-06  0.18261E-03  0.18261E-05
        0.0230  0.00000E+00 -0.70200E-03  0.00000E+00 -0.13073E-04  0.00000E+00  0.00000E+00  0.10282E-02  0.90329E-03  0.88008E-03  0.32758E-04  0.75342E-06  0.38281E-05       2  0.88308E-03  0.00000E+00  0.00000E+00  0.34757E-04  0.80397E-06  0.41417E-04  0.95829E-06  0.17898E-03  0.41529E-05
        0.0399  0.00000E+00 -0.53749E-03  0.00000E+00 -0.22157E-04  0.00000E+00  0.00000E+00  0.10282E-02  0.90327E-03  0.88005E-03  0.32757E-04  0.13070E-05  0.39549E-05       3  0.88309E-03  0.00000E+00  0.00000E+00  0.33926E-04  0.13773E-05  0.40342E-04  0.16401E-05  0.17407E-03  0.70947E-05
        0.0619  0.00000E+00 -0.41257E-03  0.00000E+00 -0.31221E-04  0.00000E+00  0.00000E+00  0.10281E-02  0.90328E-03  0.88000E-03  0.32758E-04  0.20267E-05  0.70419E-05       4  0.88308E-03  0.00000E+00  0.00000E+00  0.32192E-04  0.20846E-05  0.39033E-04  0.24976E-05  0.16845E-03  0.10795E-04
        0.0904  0.00000E+00 -0.32253E-03  0.00000E+00 -0.40433E-04  0.00000E+00  0.00000E+00  0.10281E-02  0.90327E-03  0.87998E-03  0.32757E-04  0.29623E-05  0.98690E-05       5  0.88308E-03  0.00000E+00  0.00000E+00  0.28923E-04  0.29106E-05  0.37181E-04  0.35596E-05  0.16166E-03  0.15413E-04
        0.1276  0.00000E+00 -0.24588E-03  0.00000E+00 -0.49562E-04  0.00000E+00  0.00000E+00  0.10280E-02  0.90328E-03  0.87995E-03  0.32758E-04  0.41786E-05  0.14036E-04       6  0.88308E-03  0.00000E+00  0.00000E+00  0.23067E-04  0.37671E-05  0.34681E-04  0.48472E-05  0.15351E-03  0.21112E-04
        0.1758  0.00000E+00 -0.18081E-03  0.00000E+00 -0.58290E-04  0.00000E+00  0.00000E+00  0.10279E-02  0.90328E-03  0.87993E-03  0.32758E-04  0.57597E-05  0.18523E-04       7  0.88308E-03  0.00000E+00  0.00000E+00  0.13184E-04  0.44035E-05  0.31164E-04  0.63514E-05  0.14339E-03  0.28033E-04
        0.2258  0.00000E+00 -0.12736E-03  0.00000E+00 -0.64658E-04  0.00000E+00  0.00000E+00  0.10277E-02  0.90328E-03  0.87991E-03  0.32758E-04  0.73976E-05  0.22997E-04       8  0.88308E-03  0.00000E+00  0.00000E+00  0.10437E-05  0.44557E-05  0.27274E-04  0.77152E-05  0.13309E-03  0.34688E-04
        0.2758  0.00000E+00 -0.87239E-04  0.00000E+00 -0.69020E-04  0.00000E+00  0.00000E+00  0.10279E-02  0.90328E-03  0.87990E-03  0.32758E-04  0.90355E-05  0.28123E-04       9  0.88308E-03  0.00000E+00  0.00000E+00  0.18622E-04  0.53867E-05  0.25122E-04  0.89713E-05  0.12418E-03  0.40896E-04
        0.3258  0.00000E+00 -0.56553E-04  0.00000E+00 -0.71847E-04  0.00000E+00  0.00000E+00  0.10292E-02  0.90328E-03  0.87989E-03  0.32758E-04  0.10673E-04  0.41622E-04      10  0.88308E-03  0.00000E+00  0.00000E+00  0.11987E-03  0.11380E-04  0.29934E-04  0.10468E-04  0.12494E-03  0.47144E-04
        0.3758  0.00000E+00 -0.32191E-04  0.00000E+00 -0.73457E-04  0.00000E+00  0.00000E+00  0.10303E-02  0.90330E-03  0.87988E-03  0.32758E-04  0.12311E-04  0.73343E-04      11  0.88308E-03  0.00000E+00  0.00000E+00  0.19334E-03  0.21047E-04  0.38442E-04  0.12390E-04  0.14612E-03  0.54450E-04
        0.4258  0.00000E+00 -0.12059E-04  0.00000E+00 -0.74060E-04  0.00000E+00  0.00000E+00  0.10310E-02  0.90334E-03  0.87987E-03  0.32760E-04  0.13949E-04  0.12108E-03      12  0.88308E-03  0.00000E+00  0.00000E+00  0.24266E-03  0.33180E-04  0.49488E-04  0.14864E-04  0.17905E-03  0.63402E-04
        0.4758  0.00000E+00 -0.14098E-05  0.00000E+00 -0.74130E-04  0.00000E+00  0.00000E+00  0.10315E-02  0.90336E-03  0.87897E-03  0.32761E-04  0.15587E-04  0.17659E-03      13  0.88307E-03  0.00000E+00  0.00000E+00  0.26324E-03  0.46342E-04  0.60698E-04  0.17899E-04  0.21705E-03  0.74254E-04
        0.5258  0.00000E+00  0.00000E+00  0.00000E+00 -0.74130E-04  0.00000E+00  0.00000E+00  0.10316E-02  0.90338E-03  0.87924E-03  0.32762E-04  0.17225E-04  0.23592E-03      14  0.88307E-03  0.00000E+00  0.00000E+00  0.26041E-03  0.59362E-04  0.70460E-04  0.21422E-04  0.25374E-03  0.86941E-04
        0.5758  0.00000E+00  0.00000E+00  0.00000E+00 -0.74130E-04  0.00000E+00  0.00000E+00  0.10314E-02  0.90339E-03  0.87881E-03  0.32762E-04  0.18863E-04  0.29292E-03      15  0.88306E-03  0.00000E+00  0.00000E+00  0.23386E-03  0.71055E-04  0.77344E-04  0.25289E-04  0.28389E-03  0.10114E-03
        0.6258  0.00000E+00  0.00000E+00  0.00000E+00 -0.74130E-04  0.00000E+00  0.00000E+00  0.10308E-02  0.90339E-03  0.87882E-03  0.32762E-04  0.20502E-04  0.34122E-03      16  0.88307E-03  0.00000E+00  0.00000E+00  0.18357E-03  0.80234E-04  0.79877E-04  0.29283E-04  0.30258E-03  0.11626E-03
        0.6758  0.00000E+00  0.00000E+00  0.00000E+00 -0.74130E-04  0.00000E+00  0.00000E+00  0.10300E-02  0.90337E-03  0.87853E-03  0.32761E-04  0.22140E-04  0.37549E-03      17  0.88306E-03  0.00000E+00  0.00000E+00  0.10993E-03  0.85730E-04  0.77173E-04  0.33142E-04  0.30767E-03  0.13165E-03
        0.7258  0.00000E+00  0.00000E+00  0.00000E+00 -0.74130E-04  0.00000E+00  0.00000E+00  0.10288E-02  0.90335E-03  0.87843E-03  0.32760E-04  0.23778E-04  0.39156E-03      18  0.88306E-03  0.00000E+00  0.00000E+00  0.13580E-04  0.86409E-04  0.68974E-04  0.36591E-04  0.29677E-03  0.14649E-03
        0.7758  0.00000E+00  0.00000E+00  0.00000E+00 -0.74130E-04  0.00000E+00  0.00000E+00  0.10285E-02  0.90332E-03  0.87820E-03  0.32759E-04  0.25416E-04  0.39147E-03      19  0.88306E-03  0.00000E+00  0.00000E+00  0.10269E-05  0.86461E-04  0.61888E-04  0.39685E-04  0.27302E-03  0.16014E-03
        0.8258  0.00000E+00  0.00000E+00  0.00000E+00 -0.74130E-04  0.00000E+00  0.00000E+00  0.10287E-02  0.90329E-03  0.87806E-03  0.32758E-04  0.27054E-04  0.38731E-03      20  0.88306E-03  0.00000E+00  0.00000E+00  0.12592E-04  0.87090E-04  0.56305E-04  0.42500E-04  0.25098E-03  0.17269E-03
        0.8758  0.00000E+00  0.00000E+00  0.00000E+00 -0.74130E-04  0.00000E+00  0.00000E+00  0.10288E-02  0.90330E-03  0.87787E-03  0.32758E-04  0.28691E-04  0.38340E-03      21  0.88305E-03  0.00000E+00  0.00000E+00  0.22342E-04  0.88207E-04  0.52215E-04  0.45111E-04  0.23170E-03  0.18427E-03
        0.9258  0.00000E+00  0.00000E+00  0.00000E+00 -0.74130E-04  0.00000E+00  0.00000E+00  0.10289E-02  0.90329E-03  0.87774E-03  0.32758E-04  0.30329E-04  0.37888E-03      22  0.88305E-03  0.00000E+00  0.00000E+00  0.29193E-04  0.89667E-04  0.48984E-04  0.47560E-04  0.21595E-03  0.19507E-03
        0.9629  0.00000E+00  0.00000E+00  0.00000E+00 -0.74130E-04  0.00000E+00  0.00000E+00  0.10289E-02  0.90330E-03  0.87762E-03  0.32758E-04  0.31544E-04  0.37555E-03      23  0.88305E-03  0.00000E+00  0.00000E+00  0.32181E-04  0.90860E-04  0.46876E-04  0.49299E-04  0.20573E-03  0.20270E-03
        1.0000  0.00000E+00  0.00000E+00  0.00000E+00 -0.74130E-04  0.00000E+00  0.00000E+00  0.10290E-02  0.90329E-03  0.87752E-03  0.32758E-04  0.32759E-04  0.37179E-03      24  0.88305E-03  0.00000E+00  0.00000E+00  0.33140E-04  0.92090E-04  0.44985E-04  0.50967E-04  0.19702E-03  0.21001E-03
end
