 ******* Program HYDRUS
 ******* 
 Welcome to HYDRUS-1D                                                    
 Date:  29. 3.2022    Time:  17:26:38
 Units: L = cm   , T = days , M = mg   

----------------------------------------------------------
 Time       [T]        0.0000
----------------------------------------------------------
 Sub-region num.                     1
----------------------------------------------------------
 Length   [L]        0.30000E+03  0.30000E+03
 W-volume [L]        0.99406E+02  0.99406E+02
 In-flow  [L/T]      0.00000E+00  0.00000E+00
 h Mean   [L]       -0.92594E+02 -0.92594E+02
 ConcVol  [M/L2] 1   0.87773E-01  0.87773E-01
 cMean    [M/L3] 1   0.88292E-03  0.88292E-03
 SorbVolIm[M/L2] 1   0.46090E+02  0.46090E+02
 sMeanIm  [-]    1   0.10595E+00  0.10595E+00
 Top Flux [L/T]      0.25819E-01
 Bot Flux [L/T]     -0.31877E+00
----------------------------------------------------------

----------------------------------------------------------
 Time       [T]        1.0000
----------------------------------------------------------
 Sub-region num.                     1
----------------------------------------------------------
 Length   [L]        0.30000E+03  0.30000E+03
 W-volume [L]        0.98310E+02  0.98310E+02
 In-flow  [L/T]     -0.19474E+00 -0.19474E+00
 h Mean   [L]       -0.10264E+03 -0.10264E+03
 ConcVol  [M/L2] 1   0.86809E-01  0.86809E-01
 cMean    [M/L3] 1   0.88295E-03  0.88295E-03
 SorbVolIm[M/L2] 1   0.46090E+02  0.46090E+02
 sMeanIm  [-]    1   0.10595E+00  0.10595E+00
 Top Flux [L/T]      0.39203E-01
 Bot Flux [L/T]     -0.25587E-01
 WatBalT  [L]       -0.14015E+00
 WatBalR  [%]             12.792
 CncBalT  [M]    1   0.13351E-03
 CncBalR  [%]    1        13.830
----------------------------------------------------------
 
 Calculation time [sec]  9.999990463256836E-003
