 ******* Program HYDRUS
 ******* 
 Welcome to HYDRUS-1D                                                    
 Date:  28. 3.2022    Time:   8:56: 8
 Units: L = cm   , T = days , M = mg   


 Time:        0.0000


 Node      Depth      Head Moisture       K          C         Flux        Sink         Kappa   v/KsTop   Temp   Conc(1..NS) Sorb(1...NS)
           [L]        [L]    [-]        [L/T]      [1/L]      [L/T]        [1/T]         [-]      [-]      [C]      [M/L*3]

   1     0.0000    -270.513 0.2629   0.6058E+00  0.3025E-03  0.1040E+00  0.0000E+00      -1   0.239E-02   20.00  0.8759E-03  0.1050E+00
   2    -3.0000    -267.006 0.2640   0.6252E+00  0.3060E-03  0.1160E+00  0.0000E+00      -1   0.267E-02   20.00  0.8790E-03  0.1055E+00
   3    -6.0000    -263.402 0.2650   0.6452E+00  0.3095E-03  0.1386E+00  0.0000E+00      -1   0.319E-02   20.00  0.8834E-03  0.1060E+00
   4    -9.0000    -259.719 0.2661   0.6656E+00  0.3132E-03  0.1596E+00  0.3847E-03      -1   0.367E-02   20.00  0.8835E-03  0.1060E+00
   5   -12.0000    -255.965 0.2673   0.6864E+00  0.3169E-03  0.1791E+00  0.3852E-03      -1   0.412E-02   20.00  0.8835E-03  0.1060E+00
   6   -15.0000    -252.154 0.2684   0.7075E+00  0.3207E-03  0.1959E+00  0.3215E-03      -1   0.451E-02   20.00  0.8835E-03  0.1060E+00
   7   -18.0000    -248.304 0.2695   0.7288E+00  0.3245E-03  0.2096E+00  0.2414E-03      -1   0.482E-02   20.00  0.8834E-03  0.1060E+00
   8   -21.0000    -244.429 0.2707   0.7503E+00  0.3283E-03  0.2202E+00  0.1612E-03      -1   0.507E-02   20.00  0.8834E-03  0.1060E+00
   9   -24.0000    -240.548 0.2719   0.7805E+00  0.3325E-03  0.2285E+00  0.8069E-04      -1   0.526E-02   20.00  0.8834E-03  0.1060E+00
  10   -27.0000    -236.680 0.2733   0.8251E+00  0.3371E-03  0.2343E+00  0.0000E+00      -1   0.539E-02   20.00  0.8834E-03  0.1060E+00
  11   -30.0000    -232.843 0.2747   0.8693E+00  0.3418E-03  0.2373E+00  0.0000E+00      -1   0.546E-02   20.00  0.8834E-03  0.1060E+00
  12   -33.0000    -229.041 0.2761   0.9131E+00  0.3464E-03  0.2386E+00  0.0000E+00      -1   0.549E-02   20.00  0.8834E-03  0.1060E+00
  13   -36.0000    -225.274 0.2775   0.9565E+00  0.3510E-03  0.2383E+00  0.0000E+00      -1   0.548E-02   20.00  0.8834E-03  0.1060E+00
  14   -39.0000    -221.545 0.2788   0.9995E+00  0.3555E-03  0.2369E+00  0.0000E+00      -1   0.545E-02   20.00  0.8834E-03  0.1060E+00
  15   -42.0000    -217.851 0.2801   0.1042E+01  0.3599E-03  0.2347E+00  0.0000E+00      -1   0.540E-02   20.00  0.8833E-03  0.1060E+00
  16   -45.0000    -214.193 0.2814   0.1084E+01  0.3644E-03  0.2313E+00  0.0000E+00      -1   0.532E-02   20.00  0.8833E-03  0.1060E+00
  17   -48.0000    -210.570 0.2828   0.1126E+01  0.3688E-03  0.2277E+00  0.0000E+00      -1   0.524E-02   20.00  0.8833E-03  0.1060E+00
  18   -51.0000    -206.979 0.2840   0.1167E+01  0.3731E-03  0.2236E+00  0.0000E+00      -1   0.515E-02   20.00  0.8833E-03  0.1060E+00
  19   -54.0000    -203.420 0.2853   0.1208E+01  0.3774E-03  0.2190E+00  0.0000E+00      -1   0.504E-02   20.00  0.8833E-03  0.1060E+00
  20   -57.0000    -199.891 0.2866   0.1249E+01  0.3817E-03  0.2143E+00  0.0000E+00      -1   0.493E-02   20.00  0.8833E-03  0.1060E+00
  21   -60.0000    -196.390 0.2879   0.1289E+01  0.3859E-03  0.2094E+00  0.0000E+00      -1   0.482E-02   20.00  0.8833E-03  0.1060E+00
  22   -63.0000    -192.916 0.2891   0.1329E+01  0.3902E-03  0.2044E+00  0.0000E+00      -1   0.470E-02   20.00  0.8833E-03  0.1060E+00
  23   -66.0000    -189.471 0.2905   0.1394E+01  0.3945E-03  0.1991E+00  0.0000E+00      -1   0.458E-02   20.00  0.8833E-03  0.1060E+00
  24   -69.0000    -186.060 0.2919   0.1470E+01  0.3990E-03  0.1931E+00  0.0000E+00      -1   0.444E-02   20.00  0.8833E-03  0.1060E+00
  25   -72.0000    -182.682 0.2933   0.1545E+01  0.4034E-03  0.1873E+00  0.0000E+00      -1   0.431E-02   20.00  0.8833E-03  0.1060E+00
  26   -75.0000    -179.332 0.2947   0.1620E+01  0.4077E-03  0.1821E+00  0.0000E+00      -1   0.419E-02   20.00  0.8833E-03  0.1060E+00
  27   -78.0000    -176.007 0.2961   0.1694E+01  0.4121E-03  0.1766E+00  0.0000E+00      -1   0.406E-02   20.00  0.8833E-03  0.1060E+00
  28   -81.0000    -172.706 0.2975   0.1768E+01  0.4163E-03  0.1713E+00  0.0000E+00      -1   0.394E-02   20.00  0.8833E-03  0.1060E+00
  29   -84.0000    -169.425 0.2989   0.1841E+01  0.4206E-03  0.1661E+00  0.0000E+00      -1   0.382E-02   20.00  0.8833E-03  0.1060E+00
  30   -87.0000    -166.164 0.3002   0.1913E+01  0.4249E-03  0.1613E+00  0.0000E+00      -1   0.371E-02   20.00  0.8833E-03  0.1060E+00
  31   -90.0000    -162.919 0.3016   0.1986E+01  0.4291E-03  0.1568E+00  0.0000E+00      -1   0.361E-02   20.00  0.8833E-03  0.1060E+00
  32   -93.0000    -159.690 0.3029   0.2058E+01  0.4333E-03  0.1522E+00  0.0000E+00      -1   0.350E-02   20.00  0.8833E-03  0.1060E+00
  33   -96.0000    -156.475 0.3043   0.2129E+01  0.4375E-03  0.1479E+00  0.0000E+00      -1   0.340E-02   20.00  0.8833E-03  0.1060E+00
  34   -99.0000    -153.273 0.3056   0.2201E+01  0.4416E-03  0.1439E+00  0.0000E+00      -1   0.331E-02   20.00  0.8833E-03  0.1060E+00
  35  -102.0000    -150.084 0.3070   0.2305E+01  0.4455E-03  0.1400E+00  0.0000E+00      -1   0.322E-02   20.00  0.8833E-03  0.1060E+00
  36  -105.0000    -146.909 0.3085   0.2432E+01  0.4492E-03  0.1360E+00  0.0000E+00      -1   0.313E-02   20.00  0.8833E-03  0.1060E+00
  37  -108.0000    -143.748 0.3099   0.2558E+01  0.4528E-03  0.1324E+00  0.0000E+00      -1   0.305E-02   20.00  0.8833E-03  0.1060E+00
  38  -111.0000    -140.598 0.3114   0.2683E+01  0.4565E-03  0.1291E+00  0.0000E+00      -1   0.297E-02   20.00  0.8833E-03  0.1060E+00
  39  -114.0000    -137.459 0.3128   0.2808E+01  0.4601E-03  0.1253E+00  0.0000E+00      -1   0.288E-02   20.00  0.8833E-03  0.1060E+00
  40  -117.0000    -134.330 0.3143   0.2933E+01  0.4637E-03  0.1221E+00  0.0000E+00      -1   0.281E-02   20.00  0.8833E-03  0.1060E+00
  41  -120.0000    -131.209 0.3157   0.3057E+01  0.4673E-03  0.1192E+00  0.0000E+00      -1   0.274E-02   20.00  0.8833E-03  0.1060E+00
  42  -123.0000    -128.096 0.3172   0.3181E+01  0.4709E-03  0.1166E+00  0.0000E+00      -1   0.268E-02   20.00  0.8833E-03  0.1060E+00
  43  -126.0000    -124.989 0.3186   0.3305E+01  0.4745E-03  0.1140E+00  0.0000E+00      -1   0.262E-02   20.00  0.8833E-03  0.1060E+00
  44  -129.0000    -121.889 0.3200   0.3429E+01  0.4781E-03  0.1111E+00  0.0000E+00      -1   0.256E-02   20.00  0.8833E-03  0.1060E+00
  45  -132.0000    -118.795 0.3215   0.3595E+01  0.4810E-03  0.1092E+00  0.0000E+00      -1   0.251E-02   20.00  0.8833E-03  0.1060E+00
  46  -135.0000    -115.707 0.3230   0.3799E+01  0.4831E-03  0.1069E+00  0.0000E+00      -1   0.246E-02   20.00  0.8833E-03  0.1060E+00
  47  -138.0000    -112.626 0.3245   0.4002E+01  0.4853E-03  0.1046E+00  0.0000E+00      -1   0.241E-02   20.00  0.8833E-03  0.1060E+00
  48  -141.0000    -109.550 0.3261   0.4205E+01  0.4875E-03  0.1029E+00  0.0000E+00      -1   0.237E-02   20.00  0.8833E-03  0.1060E+00
  49  -144.0000    -106.479 0.3276   0.4408E+01  0.4897E-03  0.1006E+00  0.0000E+00      -1   0.231E-02   20.00  0.8833E-03  0.1060E+00
  50  -147.0000    -103.413 0.3291   0.4610E+01  0.4919E-03  0.9907E-01  0.0000E+00      -1   0.228E-02   20.00  0.8833E-03  0.1060E+00
  51  -150.0000    -100.350 0.3306   0.4812E+01  0.4940E-03  0.9778E-01  0.0000E+00      -1   0.225E-02   20.00  0.8833E-03  0.1060E+00
  52  -153.0000     -97.291 0.3321   0.5014E+01  0.4962E-03  0.9625E-01  0.0000E+00      -1   0.221E-02   20.00  0.8833E-03  0.1060E+00
  53  -156.0000     -94.235 0.3336   0.5259E+01  0.4975E-03  0.9487E-01  0.0000E+00      -1   0.218E-02   20.00  0.8833E-03  0.1060E+00
  54  -159.0000     -91.183 0.3351   0.5569E+01  0.4973E-03  0.9271E-01  0.0000E+00      -1   0.213E-02   20.00  0.8833E-03  0.1060E+00
  55  -162.0000     -88.135 0.3366   0.5879E+01  0.4972E-03  0.9205E-01  0.0000E+00      -1   0.212E-02   20.00  0.8833E-03  0.1060E+00
  56  -165.0000     -85.089 0.3381   0.6188E+01  0.4970E-03  0.9066E-01  0.0000E+00      -1   0.209E-02   20.00  0.8833E-03  0.1060E+00
  57  -168.0000     -82.047 0.3396   0.6498E+01  0.4969E-03  0.8986E-01  0.0000E+00      -1   0.207E-02   20.00  0.8833E-03  0.1060E+00
  58  -171.0000     -79.006 0.3412   0.6807E+01  0.4968E-03  0.8953E-01  0.0000E+00      -1   0.206E-02   20.00  0.8833E-03  0.1060E+00
  59  -174.0000     -75.968 0.3427   0.7115E+01  0.4966E-03  0.8807E-01  0.0000E+00      -1   0.203E-02   20.00  0.8833E-03  0.1060E+00
  60  -177.0000     -72.932 0.3442   0.7546E+01  0.4938E-03  0.8671E-01  0.0000E+00      -1   0.200E-02   20.00  0.8833E-03  0.1060E+00
  61  -180.0000     -69.899 0.3456   0.7991E+01  0.4906E-03  0.8517E-01  0.0000E+00      -1   0.196E-02   20.00  0.8833E-03  0.1060E+00
  62  -183.0000     -66.868 0.3471   0.8436E+01  0.4874E-03  0.8573E-01  0.0000E+00      -1   0.197E-02   20.00  0.8833E-03  0.1060E+00
  63  -186.0000     -63.838 0.3486   0.8881E+01  0.4842E-03  0.8576E-01  0.0000E+00      -1   0.197E-02   20.00  0.8833E-03  0.1060E+00
  64  -189.0000     -60.810 0.3501   0.9325E+01  0.4810E-03  0.8410E-01  0.0000E+00      -1   0.194E-02   20.00  0.8833E-03  0.1060E+00
  65  -192.0000     -57.784 0.3515   0.9885E+01  0.4752E-03  0.8238E-01  0.0000E+00      -1   0.190E-02   20.00  0.8833E-03  0.1060E+00
  66  -195.0000     -54.760 0.3529   0.1049E+02  0.4684E-03  0.8214E-01  0.0000E+00      -1   0.189E-02   20.00  0.8833E-03  0.1060E+00
  67  -198.0000     -51.737 0.3544   0.1110E+02  0.4617E-03  0.8319E-01  0.0000E+00      -1   0.191E-02   20.00  0.8833E-03  0.1060E+00
  68  -201.0000     -48.715 0.3558   0.1170E+02  0.4549E-03  0.8202E-01  0.0000E+00      -1   0.189E-02   20.00  0.8833E-03  0.1060E+00
  69  -204.0000     -45.695 0.3571   0.1242E+02  0.4458E-03  0.8294E-01  0.0000E+00      -1   0.191E-02   20.00  0.8833E-03  0.1060E+00
  70  -207.0000     -42.675 0.3584   0.1321E+02  0.4352E-03  0.8129E-01  0.0000E+00      -1   0.187E-02   20.00  0.8833E-03  0.1060E+00
  71  -210.0000     -39.658 0.3598   0.1401E+02  0.4246E-03  0.7947E-01  0.0000E+00      -1   0.183E-02   20.00  0.8833E-03  0.1060E+00
  72  -213.0000     -36.641 0.3610   0.1487E+02  0.4127E-03  0.8188E-01  0.0000E+00      -1   0.188E-02   20.00  0.8833E-03  0.1060E+00
  73  -216.0000     -33.625 0.3622   0.1586E+02  0.3981E-03  0.8188E-01  0.0000E+00      -1   0.188E-02   20.00  0.8833E-03  0.1060E+00
  74  -219.0000     -30.610 0.3634   0.1686E+02  0.3835E-03  0.7871E-01  0.0000E+00      -1   0.181E-02   20.00  0.8833E-03  0.1060E+00
  75  -222.0000     -27.597 0.3646   0.1803E+02  0.3660E-03  0.7819E-01  0.0000E+00      -1   0.180E-02   20.00  0.8833E-03  0.1060E+00
  76  -225.0000     -24.584 0.3657   0.1925E+02  0.3474E-03  0.8028E-01  0.0000E+00      -1   0.185E-02   20.00  0.8833E-03  0.1060E+00
  77  -228.0000     -21.572 0.3667   0.2064E+02  0.3261E-03  0.7909E-01  0.0000E+00      -1   0.182E-02   20.00  0.8833E-03  0.1060E+00
  78  -231.0000     -18.561 0.3676   0.2212E+02  0.3033E-03  0.8135E-01  0.0000E+00      -1   0.187E-02   20.00  0.8833E-03  0.1060E+00
  79  -234.0000     -15.550 0.3685   0.2386E+02  0.2767E-03  0.7940E-01  0.0000E+00      -1   0.183E-02   20.00  0.8833E-03  0.1060E+00
  80  -237.0000     -12.541 0.3693   0.2581E+02  0.2470E-03  0.7765E-01  0.0000E+00      -1   0.179E-02   20.00  0.8833E-03  0.1060E+00
  81  -240.0000      -9.532 0.3700   0.2806E+02  0.2131E-03  0.7964E-01  0.0000E+00      -1   0.183E-02   20.00  0.8833E-03  0.1060E+00
  82  -243.0000      -6.524 0.3706   0.3080E+02  0.1726E-03  0.8266E-01  0.0000E+00      -1   0.190E-02   20.00  0.8833E-03  0.1060E+00
  83  -246.0000      -3.516 0.3710   0.3433E+02  0.1219E-03  0.8075E-01  0.0000E+00      -1   0.186E-02   20.00  0.8833E-03  0.1060E+00
  84  -249.0000      -0.510 0.3713   0.4032E+02  0.4055E-04  0.7922E-01  0.0000E+00      -1   0.182E-02   20.00  0.8833E-03  0.1060E+00
  85  -252.0000       2.496 0.3713   0.4346E+02  0.0000E+00  0.7811E-01  0.0000E+00      -1   0.180E-02   20.00  0.8833E-03  0.1060E+00
  86  -255.0000       5.501 0.3713   0.4346E+02  0.0000E+00  0.7243E-01  0.0000E+00      -1   0.167E-02   20.00  0.8833E-03  0.1060E+00
  87  -258.0000       8.506 0.3713   0.4346E+02  0.0000E+00  0.7968E-01  0.0000E+00      -1   0.183E-02   20.00  0.8833E-03  0.1060E+00
  88  -261.0000      11.512 0.3713   0.4346E+02  0.0000E+00  0.7969E-01  0.0000E+00      -1   0.183E-02   20.00  0.8833E-03  0.1060E+00
  89  -264.0000      14.517 0.3713   0.4346E+02  0.0000E+00  0.7969E-01  0.0000E+00      -1   0.183E-02   20.00  0.8833E-03  0.1060E+00
  90  -267.0000      17.523 0.3713   0.4346E+02  0.0000E+00  0.7968E-01  0.0000E+00      -1   0.183E-02   20.00  0.8833E-03  0.1060E+00
  91  -270.0000      20.528 0.3713   0.4346E+02  0.0000E+00  0.7968E-01  0.0000E+00      -1   0.183E-02   20.00  0.8833E-03  0.1060E+00
  92  -273.0000      23.534 0.3713   0.4346E+02  0.0000E+00  0.7968E-01  0.0000E+00      -1   0.183E-02   20.00  0.8833E-03  0.1060E+00
  93  -276.0000      26.539 0.3713   0.4346E+02  0.0000E+00  0.7968E-01  0.0000E+00      -1   0.183E-02   20.00  0.8833E-03  0.1060E+00
  94  -279.0000      29.545 0.3713   0.4346E+02  0.0000E+00  0.7968E-01  0.0000E+00      -1   0.183E-02   20.00  0.8833E-03  0.1060E+00
  95  -282.0000      32.550 0.3713   0.4346E+02  0.0000E+00  0.7244E-01  0.0000E+00      -1   0.167E-02   20.00  0.8833E-03  0.1060E+00
  96  -285.0000      35.555 0.3713   0.4346E+02  0.0000E+00  0.7969E-01  0.0000E+00      -1   0.183E-02   20.00  0.8833E-03  0.1060E+00
  97  -288.0000      38.561 0.3713   0.4346E+02  0.0000E+00  0.7969E-01  0.0000E+00      -1   0.183E-02   20.00  0.8833E-03  0.1060E+00
  98  -291.0000      41.566 0.3713   0.4346E+02  0.0000E+00  0.7966E-01  0.0000E+00      -1   0.183E-02   20.00  0.8833E-03  0.1060E+00
  99  -294.0000      44.572 0.3713   0.4346E+02  0.0000E+00  0.7966E-01  0.0000E+00      -1   0.183E-02   20.00  0.8825E-03  0.1059E+00
 100  -297.0000      47.577 0.3713   0.4346E+02  0.0000E+00  0.7969E-01  0.0000E+00      -1   0.183E-02   20.00  0.8819E-03  0.1058E+00
 101  -300.0000      50.583 0.3713   0.4346E+02  0.0000E+00  0.8693E-01  0.0000E+00      -1   0.200E-02   20.00  0.8796E-03  0.1056E+00
end


 Time:        1.0000


 Node      Depth      Head Moisture       K          C         Flux        Sink         Kappa   v/KsTop   Temp   Conc(1..NS) Sorb(1...NS)
           [L]        [L]    [-]        [L/T]      [1/L]      [L/T]        [1/T]         [-]      [-]      [C]      [M/L*3]

   1     0.0000    -195.507 0.2882   0.1299E+01  0.3869E-03  0.4439E-01  0.0000E+00      -1   0.102E-02   20.00  0.8712E-03  0.1045E+00
   2    -3.0000    -192.530 0.2892   0.1333E+01  0.3905E-03 -0.6864E-01  0.0000E+00      -1  -0.158E-02   20.00  0.8785E-03  0.1054E+00
   3    -6.0000    -189.811 0.2903   0.1385E+01  0.3940E-03 -0.1844E+00  0.0000E+00      -1  -0.424E-02   20.00  0.8828E-03  0.1059E+00
   4    -9.0000    -187.324 0.2914   0.1441E+01  0.3973E-03 -0.2950E+00  0.3928E-03      -1  -0.679E-02   20.00  0.8833E-03  0.1060E+00
   5   -12.0000    -185.036 0.2923   0.1492E+01  0.4003E-03 -0.3976E+00  0.3930E-03      -1  -0.915E-02   20.00  0.8833E-03  0.1060E+00
   6   -15.0000    -182.921 0.2932   0.1540E+01  0.4030E-03 -0.4926E+00  0.3276E-03      -1  -0.113E-01   20.00  0.8833E-03  0.1060E+00
   7   -18.0000    -180.955 0.2940   0.1584E+01  0.4056E-03 -0.5801E+00  0.2458E-03      -1  -0.133E-01   20.00  0.8833E-03  0.1060E+00
   8   -21.0000    -179.118 0.2948   0.1625E+01  0.4080E-03 -0.6599E+00  0.1639E-03      -1  -0.152E-01   20.00  0.8833E-03  0.1060E+00
   9   -24.0000    -177.391 0.2955   0.1663E+01  0.4103E-03 -0.7320E+00  0.8199E-04      -1  -0.168E-01   20.00  0.8833E-03  0.1060E+00
  10   -27.0000    -175.758 0.2962   0.1700E+01  0.4124E-03 -0.7965E+00  0.0000E+00      -1  -0.183E-01   20.00  0.8833E-03  0.1060E+00
  11   -30.0000    -174.202 0.2969   0.1735E+01  0.4144E-03 -0.8534E+00  0.0000E+00      -1  -0.196E-01   20.00  0.8833E-03  0.1060E+00
  12   -33.0000    -172.710 0.2975   0.1768E+01  0.4164E-03 -0.9028E+00  0.0000E+00      -1  -0.208E-01   20.00  0.8834E-03  0.1060E+00
  13   -36.0000    -171.266 0.2981   0.1800E+01  0.4183E-03 -0.9449E+00  0.0000E+00      -1  -0.217E-01   20.00  0.8834E-03  0.1060E+00
  14   -39.0000    -169.859 0.2987   0.1832E+01  0.4201E-03 -0.9801E+00  0.0000E+00      -1  -0.226E-01   20.00  0.8834E-03  0.1060E+00
  15   -42.0000    -168.477 0.2993   0.1863E+01  0.4219E-03 -0.1009E+01  0.0000E+00      -1  -0.232E-01   20.00  0.8834E-03  0.1060E+00
  16   -45.0000    -167.108 0.2998   0.1893E+01  0.4237E-03 -0.1031E+01  0.0000E+00      -1  -0.237E-01   20.00  0.8834E-03  0.1060E+00
  17   -48.0000    -165.744 0.3004   0.1924E+01  0.4255E-03 -0.1047E+01  0.0000E+00      -1  -0.241E-01   20.00  0.8834E-03  0.1060E+00
  18   -51.0000    -164.374 0.3010   0.1954E+01  0.4272E-03 -0.1058E+01  0.0000E+00      -1  -0.243E-01   20.00  0.8834E-03  0.1060E+00
  19   -54.0000    -162.992 0.3015   0.1985E+01  0.4290E-03 -0.1063E+01  0.0000E+00      -1  -0.245E-01   20.00  0.8834E-03  0.1060E+00
  20   -57.0000    -161.589 0.3021   0.2016E+01  0.4309E-03 -0.1064E+01  0.0000E+00      -1  -0.245E-01   20.00  0.8834E-03  0.1060E+00
  21   -60.0000    -160.159 0.3027   0.2048E+01  0.4327E-03 -0.1061E+01  0.0000E+00      -1  -0.244E-01   20.00  0.8834E-03  0.1060E+00
  22   -63.0000    -158.696 0.3033   0.2081E+01  0.4346E-03 -0.1053E+01  0.0000E+00      -1  -0.242E-01   20.00  0.8834E-03  0.1060E+00
  23   -66.0000    -157.196 0.3040   0.2114E+01  0.4366E-03 -0.1043E+01  0.0000E+00      -1  -0.240E-01   20.00  0.8834E-03  0.1060E+00
  24   -69.0000    -155.655 0.3046   0.2148E+01  0.4386E-03 -0.1029E+01  0.0000E+00      -1  -0.237E-01   20.00  0.8834E-03  0.1060E+00
  25   -72.0000    -154.070 0.3053   0.2184E+01  0.4406E-03 -0.1012E+01  0.0000E+00      -1  -0.233E-01   20.00  0.8834E-03  0.1060E+00
  26   -75.0000    -152.436 0.3060   0.2220E+01  0.4428E-03 -0.9933E+00  0.0000E+00      -1  -0.229E-01   20.00  0.8834E-03  0.1060E+00
  27   -78.0000    -150.748 0.3067   0.2280E+01  0.4448E-03 -0.9713E+00  0.0000E+00      -1  -0.223E-01   20.00  0.8834E-03  0.1060E+00
  28   -81.0000    -148.991 0.3075   0.2350E+01  0.4468E-03 -0.9462E+00  0.0000E+00      -1  -0.218E-01   20.00  0.8833E-03  0.1060E+00
  29   -84.0000    -147.164 0.3084   0.2423E+01  0.4489E-03 -0.9194E+00  0.0000E+00      -1  -0.212E-01   20.00  0.8834E-03  0.1060E+00
  30   -87.0000    -145.268 0.3092   0.2498E+01  0.4511E-03 -0.8914E+00  0.0000E+00      -1  -0.205E-01   20.00  0.8833E-03  0.1060E+00
  31   -90.0000    -143.305 0.3102   0.2576E+01  0.4534E-03 -0.8624E+00  0.0000E+00      -1  -0.198E-01   20.00  0.8834E-03  0.1060E+00
  32   -93.0000    -141.277 0.3111   0.2657E+01  0.4557E-03 -0.8328E+00  0.0000E+00      -1  -0.192E-01   20.00  0.8833E-03  0.1060E+00
  33   -96.0000    -139.186 0.3121   0.2740E+01  0.4581E-03 -0.8029E+00  0.0000E+00      -1  -0.185E-01   20.00  0.8833E-03  0.1060E+00
  34   -99.0000    -137.036 0.3130   0.2826E+01  0.4606E-03 -0.7728E+00  0.0000E+00      -1  -0.178E-01   20.00  0.8833E-03  0.1060E+00
  35  -102.0000    -134.828 0.3141   0.2914E+01  0.4632E-03 -0.7429E+00  0.0000E+00      -1  -0.171E-01   20.00  0.8833E-03  0.1060E+00
  36  -105.0000    -132.566 0.3151   0.3004E+01  0.4658E-03 -0.7132E+00  0.0000E+00      -1  -0.164E-01   20.00  0.8833E-03  0.1060E+00
  37  -108.0000    -130.253 0.3162   0.3096E+01  0.4685E-03 -0.6840E+00  0.0000E+00      -1  -0.157E-01   20.00  0.8833E-03  0.1060E+00
  38  -111.0000    -127.892 0.3173   0.3190E+01  0.4712E-03 -0.6554E+00  0.0000E+00      -1  -0.151E-01   20.00  0.8833E-03  0.1060E+00
  39  -114.0000    -125.486 0.3184   0.3286E+01  0.4740E-03 -0.6275E+00  0.0000E+00      -1  -0.144E-01   20.00  0.8833E-03  0.1060E+00
  40  -117.0000    -123.038 0.3195   0.3383E+01  0.4768E-03 -0.6004E+00  0.0000E+00      -1  -0.138E-01   20.00  0.8833E-03  0.1060E+00
  41  -120.0000    -120.551 0.3207   0.3482E+01  0.4797E-03 -0.5742E+00  0.0000E+00      -1  -0.132E-01   20.00  0.8833E-03  0.1060E+00
  42  -123.0000    -118.024 0.3219   0.3647E+01  0.4815E-03 -0.5481E+00  0.0000E+00      -1  -0.126E-01   20.00  0.8833E-03  0.1060E+00
  43  -126.0000    -115.454 0.3232   0.3816E+01  0.4833E-03 -0.5223E+00  0.0000E+00      -1  -0.120E-01   20.00  0.8833E-03  0.1060E+00
  44  -129.0000    -112.846 0.3244   0.3988E+01  0.4852E-03 -0.4974E+00  0.0000E+00      -1  -0.114E-01   20.00  0.8833E-03  0.1060E+00
  45  -132.0000    -110.203 0.3257   0.4163E+01  0.4871E-03 -0.4735E+00  0.0000E+00      -1  -0.109E-01   20.00  0.8833E-03  0.1060E+00
  46  -135.0000    -107.529 0.3270   0.4339E+01  0.4890E-03 -0.4507E+00  0.0000E+00      -1  -0.104E-01   20.00  0.8833E-03  0.1060E+00
  47  -138.0000    -104.827 0.3284   0.4517E+01  0.4909E-03 -0.4289E+00  0.0000E+00      -1  -0.987E-02   20.00  0.8833E-03  0.1060E+00
  48  -141.0000    -102.099 0.3297   0.4697E+01  0.4928E-03 -0.4081E+00  0.0000E+00      -1  -0.939E-02   20.00  0.8833E-03  0.1060E+00
  49  -144.0000     -99.348 0.3311   0.4879E+01  0.4948E-03 -0.3883E+00  0.0000E+00      -1  -0.893E-02   20.00  0.8833E-03  0.1060E+00
  50  -147.0000     -96.577 0.3324   0.5061E+01  0.4967E-03 -0.3695E+00  0.0000E+00      -1  -0.850E-02   20.00  0.8833E-03  0.1060E+00
  51  -150.0000     -93.785 0.3338   0.5305E+01  0.4974E-03 -0.3516E+00  0.0000E+00      -1  -0.809E-02   20.00  0.8833E-03  0.1060E+00
  52  -153.0000     -90.974 0.3352   0.5591E+01  0.4973E-03 -0.3344E+00  0.0000E+00      -1  -0.769E-02   20.00  0.8833E-03  0.1060E+00
  53  -156.0000     -88.145 0.3366   0.5878E+01  0.4972E-03 -0.3181E+00  0.0000E+00      -1  -0.732E-02   20.00  0.8833E-03  0.1060E+00
  54  -159.0000     -85.299 0.3380   0.6167E+01  0.4971E-03 -0.3028E+00  0.0000E+00      -1  -0.697E-02   20.00  0.8833E-03  0.1060E+00
  55  -162.0000     -82.440 0.3394   0.6458E+01  0.4969E-03 -0.2882E+00  0.0000E+00      -1  -0.663E-02   20.00  0.8833E-03  0.1060E+00
  56  -165.0000     -79.567 0.3409   0.6750E+01  0.4968E-03 -0.2745E+00  0.0000E+00      -1  -0.632E-02   20.00  0.8833E-03  0.1060E+00
  57  -168.0000     -76.684 0.3423   0.7043E+01  0.4967E-03 -0.2616E+00  0.0000E+00      -1  -0.602E-02   20.00  0.8833E-03  0.1060E+00
  58  -171.0000     -73.790 0.3437   0.7420E+01  0.4947E-03 -0.2496E+00  0.0000E+00      -1  -0.574E-02   20.00  0.8833E-03  0.1060E+00
  59  -174.0000     -70.886 0.3452   0.7846E+01  0.4916E-03 -0.2383E+00  0.0000E+00      -1  -0.548E-02   20.00  0.8833E-03  0.1060E+00
  60  -177.0000     -67.972 0.3466   0.8274E+01  0.4885E-03 -0.2278E+00  0.0000E+00      -1  -0.524E-02   20.00  0.8833E-03  0.1060E+00
  61  -180.0000     -65.051 0.3480   0.8703E+01  0.4854E-03 -0.2178E+00  0.0000E+00      -1  -0.501E-02   20.00  0.8833E-03  0.1060E+00
  62  -183.0000     -62.123 0.3495   0.9132E+01  0.4823E-03 -0.2085E+00  0.0000E+00      -1  -0.480E-02   20.00  0.8833E-03  0.1060E+00
  63  -186.0000     -59.188 0.3509   0.9604E+01  0.4783E-03 -0.1999E+00  0.0000E+00      -1  -0.460E-02   20.00  0.8833E-03  0.1060E+00
  64  -189.0000     -56.247 0.3523   0.1019E+02  0.4718E-03 -0.1921E+00  0.0000E+00      -1  -0.442E-02   20.00  0.8833E-03  0.1060E+00
  65  -192.0000     -53.301 0.3536   0.1078E+02  0.4652E-03 -0.1848E+00  0.0000E+00      -1  -0.425E-02   20.00  0.8833E-03  0.1060E+00
  66  -195.0000     -50.350 0.3550   0.1138E+02  0.4586E-03 -0.1779E+00  0.0000E+00      -1  -0.409E-02   20.00  0.8833E-03  0.1060E+00
  67  -198.0000     -47.395 0.3564   0.1198E+02  0.4518E-03 -0.1716E+00  0.0000E+00      -1  -0.395E-02   20.00  0.8833E-03  0.1060E+00
  68  -201.0000     -44.436 0.3577   0.1275E+02  0.4414E-03 -0.1660E+00  0.0000E+00      -1  -0.382E-02   20.00  0.8833E-03  0.1060E+00
  69  -204.0000     -41.473 0.3590   0.1353E+02  0.4310E-03 -0.1608E+00  0.0000E+00      -1  -0.370E-02   20.00  0.8833E-03  0.1060E+00
  70  -207.0000     -38.508 0.3603   0.1431E+02  0.4206E-03 -0.1559E+00  0.0000E+00      -1  -0.359E-02   20.00  0.8833E-03  0.1060E+00
  71  -210.0000     -35.539 0.3615   0.1523E+02  0.4073E-03 -0.1515E+00  0.0000E+00      -1  -0.349E-02   20.00  0.8833E-03  0.1060E+00
  72  -213.0000     -32.567 0.3627   0.1621E+02  0.3930E-03 -0.1476E+00  0.0000E+00      -1  -0.340E-02   20.00  0.8833E-03  0.1060E+00
  73  -216.0000     -29.593 0.3638   0.1722E+02  0.3783E-03 -0.1441E+00  0.0000E+00      -1  -0.332E-02   20.00  0.8833E-03  0.1060E+00
  74  -219.0000     -26.617 0.3649   0.1843E+02  0.3599E-03 -0.1410E+00  0.0000E+00      -1  -0.324E-02   20.00  0.8833E-03  0.1060E+00
  75  -222.0000     -23.639 0.3660   0.1963E+02  0.3416E-03 -0.1381E+00  0.0000E+00      -1  -0.318E-02   20.00  0.8833E-03  0.1060E+00
  76  -225.0000     -20.659 0.3670   0.2109E+02  0.3193E-03 -0.1356E+00  0.0000E+00      -1  -0.312E-02   20.00  0.8833E-03  0.1060E+00
  77  -228.0000     -17.678 0.3679   0.2263E+02  0.2955E-03 -0.1335E+00  0.0000E+00      -1  -0.307E-02   20.00  0.8833E-03  0.1060E+00
  78  -231.0000     -14.695 0.3687   0.2436E+02  0.2690E-03 -0.1318E+00  0.0000E+00      -1  -0.303E-02   20.00  0.8833E-03  0.1060E+00
  79  -234.0000     -11.710 0.3695   0.2637E+02  0.2384E-03 -0.1303E+00  0.0000E+00      -1  -0.300E-02   20.00  0.8833E-03  0.1060E+00
  80  -237.0000      -8.724 0.3702   0.2875E+02  0.2028E-03 -0.1291E+00  0.0000E+00      -1  -0.297E-02   20.00  0.8833E-03  0.1060E+00
  81  -240.0000      -5.737 0.3707   0.3161E+02  0.1608E-03 -0.1282E+00  0.0000E+00      -1  -0.295E-02   20.00  0.8833E-03  0.1060E+00
  82  -243.0000      -2.749 0.3711   0.3547E+02  0.1060E-03 -0.1276E+00  0.0000E+00      -1  -0.294E-02   20.00  0.8833E-03  0.1060E+00
  83  -246.0000       0.242 0.3713   0.4346E+02  0.0000E+00 -0.1274E+00  0.0000E+00      -1  -0.293E-02   20.00  0.8833E-03  0.1060E+00
  84  -249.0000       3.233 0.3713   0.4346E+02  0.0000E+00 -0.1274E+00  0.0000E+00      -1  -0.293E-02   20.00  0.8833E-03  0.1060E+00
  85  -252.0000       6.224 0.3713   0.4346E+02  0.0000E+00 -0.1274E+00  0.0000E+00      -1  -0.293E-02   20.00  0.8833E-03  0.1060E+00
  86  -255.0000       9.215 0.3713   0.4346E+02  0.0000E+00 -0.1274E+00  0.0000E+00      -1  -0.293E-02   20.00  0.8833E-03  0.1060E+00
  87  -258.0000      12.206 0.3713   0.4346E+02  0.0000E+00 -0.1274E+00  0.0000E+00      -1  -0.293E-02   20.00  0.8833E-03  0.1060E+00
  88  -261.0000      15.198 0.3713   0.4346E+02  0.0000E+00 -0.1274E+00  0.0000E+00      -1  -0.293E-02   20.00  0.8833E-03  0.1060E+00
  89  -264.0000      18.189 0.3713   0.4346E+02  0.0000E+00 -0.1274E+00  0.0000E+00      -1  -0.293E-02   20.00  0.8833E-03  0.1060E+00
  90  -267.0000      21.180 0.3713   0.4346E+02  0.0000E+00 -0.1274E+00  0.0000E+00      -1  -0.293E-02   20.00  0.8833E-03  0.1060E+00
  91  -270.0000      24.171 0.3713   0.4346E+02  0.0000E+00 -0.1274E+00  0.0000E+00      -1  -0.293E-02   20.00  0.8833E-03  0.1060E+00
  92  -273.0000      27.163 0.3713   0.4346E+02  0.0000E+00 -0.1274E+00  0.0000E+00      -1  -0.293E-02   20.00  0.8833E-03  0.1060E+00
  93  -276.0000      30.154 0.3713   0.4346E+02  0.0000E+00 -0.1274E+00  0.0000E+00      -1  -0.293E-02   20.00  0.8833E-03  0.1060E+00
  94  -279.0000      33.145 0.3713   0.4346E+02  0.0000E+00 -0.1274E+00  0.0000E+00      -1  -0.293E-02   20.00  0.8833E-03  0.1060E+00
  95  -282.0000      36.136 0.3713   0.4346E+02  0.0000E+00 -0.1274E+00  0.0000E+00      -1  -0.293E-02   20.00  0.8833E-03  0.1060E+00
  96  -285.0000      39.127 0.3713   0.4346E+02  0.0000E+00 -0.1274E+00  0.0000E+00      -1  -0.293E-02   20.00  0.8833E-03  0.1060E+00
  97  -288.0000      42.119 0.3713   0.4346E+02  0.0000E+00 -0.1273E+00  0.0000E+00      -1  -0.293E-02   20.00  0.8834E-03  0.1060E+00
  98  -291.0000      45.110 0.3713   0.4346E+02  0.0000E+00 -0.1274E+00  0.0000E+00      -1  -0.293E-02   20.00  0.8833E-03  0.1060E+00
  99  -294.0000      48.101 0.3713   0.4346E+02  0.0000E+00 -0.1274E+00  0.0000E+00      -1  -0.293E-02   20.00  0.8826E-03  0.1059E+00
 100  -297.0000      51.092 0.3713   0.4346E+02  0.0000E+00 -0.1274E+00  0.0000E+00      -1  -0.293E-02   20.00  0.8812E-03  0.1058E+00
 101  -300.0000      54.083 0.3713   0.4346E+02  0.0000E+00 -0.1273E+00  0.0000E+00      -1  -0.293E-02   20.00  0.8812E-03  0.1055E+00
end
