 All solute fluxes and cumulative solute fluxes are positive into the region

       Time         cvTop        cvBot      Sum(cvTop)   Sum(cvBot)     cvCh0        cvCh1         cTop        cRoot         cBot        cvRoot    Sum(cvRoot)  Sum(cvNEql) TLevel      cGWL        cRunOff   Sum(cRunOff)    (cv(i),    Sum(cv(i)), i=1,NObs)
        [T]        [M/L2/T]     [M/L2/T]      [M/L2]       [M/L2]       [M/L2]      [M/L2]        [M/L3]      [M/L3]        [M/L3]      [M/L2/T]      [M/L2]       [M/L2]              [M/L3]        [M/L2]      [M/L3]      [M/L2/T]      [M/L2]
        0.0100  0.00000E+00 -0.83022E-04  0.00000E+00 -0.83022E-06  0.00000E+00  0.00000E+00  0.85024E-03  0.88313E-03  0.87737E-03  0.72400E-04  0.72400E-06 -0.99100E-05       1  0.88311E-03  0.00000E+00  0.00000E+00  0.19588E-04  0.19588E-06 -0.22608E-06 -0.22608E-08 -0.44594E-05 -0.44594E-07
        0.0200  0.00000E+00  0.00000E+00  0.00000E+00 -0.83022E-06  0.00000E+00  0.00000E+00  0.85022E-03  0.88310E-03  0.87369E-03  0.72397E-04  0.14480E-05 -0.20340E-04       2  0.88303E-03  0.00000E+00  0.00000E+00  0.16535E-04  0.36123E-06 -0.11711E-06 -0.34319E-08 -0.45793E-05 -0.90387E-07
        0.0330  0.00000E+00  0.00000E+00  0.00000E+00 -0.83022E-06  0.00000E+00  0.00000E+00  0.85015E-03  0.88311E-03  0.87569E-03  0.72398E-04  0.23891E-05 -0.30238E-04       3  0.88309E-03  0.00000E+00  0.00000E+00  0.94903E-05  0.48460E-06 -0.24068E-06 -0.65607E-08 -0.48806E-05 -0.15383E-06
        0.0499  0.00000E+00  0.00000E+00  0.00000E+00 -0.83022E-06  0.00000E+00  0.00000E+00  0.85006E-03  0.88311E-03  0.87636E-03  0.72397E-04  0.36127E-05 -0.40530E-04       4  0.88310E-03  0.00000E+00  0.00000E+00  0.23815E-05  0.52485E-06 -0.12480E-05 -0.27652E-07 -0.52492E-05 -0.24255E-06
        0.0719  0.00000E+00  0.00000E+00  0.00000E+00 -0.83022E-06  0.00000E+00  0.00000E+00  0.84997E-03  0.88311E-03  0.87712E-03  0.72398E-04  0.52032E-05 -0.51624E-04       5  0.88312E-03  0.00000E+00  0.00000E+00 -0.45928E-05  0.42394E-06 -0.42624E-05 -0.12130E-06 -0.61127E-05 -0.37684E-06
        0.1004  0.00000E+00  0.00000E+00  0.00000E+00 -0.83022E-06  0.00000E+00  0.00000E+00  0.84985E-03  0.88311E-03  0.87769E-03  0.72397E-04  0.72710E-05 -0.64145E-04       6  0.88313E-03  0.00000E+00  0.00000E+00 -0.16916E-04 -0.59198E-07 -0.11723E-04 -0.45611E-06 -0.82572E-05 -0.61268E-06
        0.1376  0.00000E+00  0.00000E+00  0.00000E+00 -0.83022E-06  0.00000E+00  0.00000E+00  0.84963E-03  0.88311E-03  0.87821E-03  0.72397E-04  0.99590E-05 -0.79534E-04       7  0.88314E-03  0.00000E+00  0.00000E+00 -0.37393E-04 -0.14476E-05 -0.28172E-04 -0.15021E-05 -0.13690E-04 -0.11210E-05
        0.1858  0.00000E+00  0.00000E+00  0.00000E+00 -0.83022E-06  0.00000E+00  0.00000E+00  0.84931E-03  0.88310E-03  0.87862E-03  0.72397E-04  0.13454E-04 -0.10068E-03       8  0.88314E-03  0.00000E+00  0.00000E+00 -0.69177E-04 -0.47866E-05 -0.61354E-04 -0.44636E-05 -0.26670E-04 -0.24083E-05
        0.2358  0.00000E+00  0.00000E+00  0.00000E+00 -0.83022E-06  0.00000E+00  0.00000E+00  0.84896E-03  0.88310E-03  0.87892E-03  0.72397E-04  0.17073E-04 -0.12559E-03       9  0.88315E-03  0.00000E+00  0.00000E+00 -0.10470E-03 -0.10022E-04 -0.10736E-03 -0.98317E-05 -0.47218E-04 -0.47692E-05
        0.2858  0.00000E+00  0.00000E+00  0.00000E+00 -0.83022E-06  0.00000E+00  0.00000E+00  0.84867E-03  0.88310E-03  0.87913E-03  0.72396E-04  0.20693E-04 -0.15359E-03      10  0.88315E-03  0.00000E+00  0.00000E+00 -0.13428E-03 -0.16736E-04 -0.15984E-03 -0.17824E-04 -0.74276E-04 -0.84830E-05
        0.3358  0.00000E+00  0.00000E+00  0.00000E+00 -0.83022E-06  0.00000E+00  0.00000E+00  0.84848E-03  0.88309E-03  0.87929E-03  0.72396E-04  0.24313E-04 -0.18147E-03      11  0.88316E-03  0.00000E+00  0.00000E+00 -0.15478E-03 -0.24475E-04 -0.21180E-03 -0.28414E-04 -0.10153E-03 -0.13559E-04
        0.3858  0.00000E+00  0.00000E+00  0.00000E+00 -0.83022E-06  0.00000E+00  0.00000E+00  0.84831E-03  0.88310E-03  0.87941E-03  0.72397E-04  0.27933E-04 -0.20573E-03      12  0.88316E-03  0.00000E+00  0.00000E+00 -0.17133E-03 -0.33042E-04 -0.26019E-03 -0.41424E-04 -0.12387E-03 -0.19753E-04
        0.4358  0.00000E+00  0.00000E+00  0.00000E+00 -0.83022E-06  0.00000E+00  0.00000E+00  0.84820E-03  0.88312E-03  0.87950E-03  0.72398E-04  0.31553E-04 -0.22652E-03      13  0.88316E-03  0.00000E+00  0.00000E+00 -0.18251E-03 -0.42167E-04 -0.30162E-03 -0.56505E-04 -0.14235E-03 -0.26870E-04
        0.4858  0.00000E+00  0.00000E+00  0.00000E+00 -0.83022E-06  0.00000E+00  0.00000E+00  0.84813E-03  0.88313E-03  0.87958E-03  0.72399E-04  0.35173E-04 -0.24445E-03      14  0.88316E-03  0.00000E+00  0.00000E+00 -0.18746E-03 -0.51540E-04 -0.33342E-03 -0.73176E-04 -0.15800E-03 -0.34770E-04
        0.5358  0.00000E+00  0.00000E+00  0.00000E+00 -0.83022E-06  0.00000E+00  0.00000E+00  0.84812E-03  0.88314E-03  0.87965E-03  0.72400E-04  0.38793E-04 -0.26017E-03      15  0.88316E-03  0.00000E+00  0.00000E+00 -0.18573E-03 -0.60827E-04 -0.35373E-03 -0.90862E-04 -0.17091E-03 -0.43316E-04
        0.5858  0.00000E+00  0.00000E+00  0.00000E+00 -0.83022E-06  0.00000E+00  0.00000E+00  0.84815E-03  0.88314E-03  0.87970E-03  0.72400E-04  0.42413E-04 -0.27459E-03      16  0.88316E-03  0.00000E+00  0.00000E+00 -0.17749E-03 -0.69701E-04 -0.36169E-03 -0.10895E-03 -0.18148E-03 -0.52390E-04
        0.6358  0.00000E+00  0.00000E+00  0.00000E+00 -0.83022E-06  0.00000E+00  0.00000E+00  0.84824E-03  0.88314E-03  0.87975E-03  0.72400E-04  0.46033E-04 -0.28857E-03      17  0.88316E-03  0.00000E+00  0.00000E+00 -0.16332E-03 -0.77867E-04 -0.35756E-03 -0.12682E-03 -0.19005E-03 -0.61892E-04
        0.6858  0.00000E+00  0.00000E+00  0.00000E+00 -0.83022E-06  0.00000E+00  0.00000E+00  0.84837E-03  0.88313E-03  0.87980E-03  0.72400E-04  0.49653E-04 -0.30308E-03      18  0.88316E-03  0.00000E+00  0.00000E+00 -0.14444E-03 -0.85089E-04 -0.34260E-03 -0.14395E-03 -0.19700E-03 -0.71742E-04
        0.7358  0.00000E+00  0.00000E+00  0.00000E+00 -0.83022E-06  0.00000E+00  0.00000E+00  0.84852E-03  0.88313E-03  0.87985E-03  0.72399E-04  0.53273E-04 -0.31891E-03      19  0.88316E-03  0.00000E+00  0.00000E+00 -0.12238E-03 -0.91208E-04 -0.31901E-03 -0.15991E-03 -0.20272E-03 -0.81878E-04
        0.7858  0.00000E+00  0.00000E+00  0.00000E+00 -0.83022E-06  0.00000E+00  0.00000E+00  0.84882E-03  0.88311E-03  0.87989E-03  0.72398E-04  0.56892E-04 -0.33508E-03      20  0.88316E-03  0.00000E+00  0.00000E+00 -0.86966E-04 -0.95556E-04 -0.28190E-03 -0.17400E-03 -0.20463E-03 -0.92110E-04
        0.8358  0.00000E+00  0.00000E+00  0.00000E+00 -0.83022E-06  0.00000E+00  0.00000E+00  0.84910E-03  0.88310E-03  0.87994E-03  0.72397E-04  0.60512E-04 -0.34639E-03      21  0.88316E-03  0.00000E+00  0.00000E+00 -0.52546E-04 -0.98184E-04 -0.23646E-03 -0.18582E-03 -0.19423E-03 -0.10182E-03
        0.8858  0.00000E+00  0.00000E+00  0.00000E+00 -0.83022E-06  0.00000E+00  0.00000E+00  0.84936E-03  0.88311E-03  0.88000E-03  0.72398E-04  0.64132E-04 -0.35286E-03      22  0.88317E-03  0.00000E+00  0.00000E+00 -0.22767E-04 -0.99322E-04 -0.18790E-03 -0.19522E-03 -0.17595E-03 -0.11062E-03
        0.9358  0.00000E+00  0.00000E+00  0.00000E+00 -0.83022E-06  0.00000E+00  0.00000E+00  0.84954E-03  0.88311E-03  0.88006E-03  0.72397E-04  0.67752E-04 -0.35632E-03      23  0.88317E-03  0.00000E+00  0.00000E+00 -0.13484E-05 -0.99389E-04 -0.14273E-03 -0.20236E-03 -0.15283E-03 -0.11826E-03
        0.9679  0.00000E+00  0.00000E+00  0.00000E+00 -0.83022E-06  0.00000E+00  0.00000E+00  0.84962E-03  0.88311E-03  0.88010E-03  0.72398E-04  0.70075E-04 -0.35750E-03      24  0.88317E-03  0.00000E+00  0.00000E+00  0.10473E-04 -0.99053E-04 -0.11678E-03 -0.20610E-03 -0.13734E-03 -0.12267E-03
        1.0000  0.00000E+00 -0.43846E-06  0.00000E+00 -0.84429E-06  0.00000E+00  0.00000E+00  0.84969E-03  0.88311E-03  0.88152E-03  0.72397E-04  0.72398E-04 -0.35607E-03      25  0.88319E-03  0.00000E+00  0.00000E+00  0.21104E-04 -0.98376E-04 -0.95738E-04 -0.20917E-03 -0.12202E-03 -0.12658E-03
end
