 ******* Program HYDRUS
 ******* 
 Welcome to HYDRUS-1D                                                    
 Date:  28. 3.2022    Time:   8:57:24
 Units: L = cm   , T = days , M = mg   

----------------------------------------------------------
 Time       [T]        0.0000
----------------------------------------------------------
 Sub-region num.                     1
----------------------------------------------------------
 Length   [L]        0.30000E+03  0.30000E+03
 W-volume [L]        0.10504E+03  0.10504E+03
 In-flow  [L/T]      0.00000E+00  0.00000E+00
 h Mean   [L]       -0.26202E+02 -0.26202E+02
 ConcVol  [M/L2] 1   0.92791E-01  0.92791E-01
 cMean    [M/L3] 1   0.88345E-03  0.88345E-03
 SorbVolIm[M/L2] 1   0.46119E+02  0.46119E+02
 sMeanIm  [-]    1   0.10602E+00  0.10602E+00
 Top Flux [L/T]      0.33885E-01
 Bot Flux [L/T]      0.46367E+00
----------------------------------------------------------

----------------------------------------------------------
 Time       [T]        1.0000
----------------------------------------------------------
 Sub-region num.                     1
----------------------------------------------------------
 Length   [L]        0.30000E+03  0.30000E+03
 W-volume [L]        0.10666E+03  0.10666E+03
 In-flow  [L/T]     -0.26571E+00 -0.26571E+00
 h Mean   [L]       -0.69816E+01 -0.69816E+01
 ConcVol  [M/L2] 1   0.94234E-01  0.94234E-01
 cMean    [M/L3] 1   0.88350E-03  0.88350E-03
 SorbVolIm[M/L2] 1   0.46117E+02  0.46117E+02
 sMeanIm  [-]    1   0.10602E+00  0.10602E+00
 Top Flux [L/T]      0.59124E-02
 Bot Flux [L/T]     -0.22128E+00
 WatBalT  [L]        0.96560E-05
 WatBalR  [%]              0.001
 CncBalT  [M]    1   0.11063E-03
 CncBalR  [%]    1         7.656
----------------------------------------------------------
 
 Calculation time [sec]  1.000000163912773E-002
