 All solute fluxes and cumulative solute fluxes are positive into the region

       Time         cvTop        cvBot      Sum(cvTop)   Sum(cvBot)     cvCh0        cvCh1         cTop        cRoot         cBot        cvRoot    Sum(cvRoot)  Sum(cvNEql) TLevel      cGWL        cRunOff   Sum(cRunOff)    (cv(i),    Sum(cv(i)), i=1,NObs)
        [T]        [M/L2/T]     [M/L2/T]      [M/L2]       [M/L2]       [M/L2]      [M/L2]        [M/L3]      [M/L3]        [M/L3]      [M/L2/T]      [M/L2]       [M/L2]              [M/L3]        [M/L2]      [M/L3]      [M/L2/T]      [M/L2]
        0.0100  0.00000E+00  0.00000E+00  0.00000E+00  0.00000E+00  0.00000E+00  0.00000E+00  0.89625E-03  0.88321E-03  0.86311E-03  0.28092E-04  0.28092E-06 -0.26605E-04       1  0.88294E-03  0.00000E+00  0.00000E+00  0.24765E-04  0.24765E-06  0.10954E-03  0.10954E-05  0.18355E-03  0.18355E-05
        0.0200  0.00000E+00  0.00000E+00  0.00000E+00  0.00000E+00  0.00000E+00  0.00000E+00  0.89617E-03  0.88325E-03  0.85993E-03  0.28093E-04  0.56185E-06 -0.58686E-04       2  0.88285E-03  0.00000E+00  0.00000E+00  0.18906E-04  0.43671E-06  0.10851E-03  0.21805E-05  0.18249E-03  0.36604E-05
        0.0330  0.00000E+00  0.00000E+00  0.00000E+00  0.00000E+00  0.00000E+00  0.00000E+00  0.89603E-03  0.88324E-03  0.86190E-03  0.28093E-04  0.92705E-06 -0.93478E-04       3  0.88291E-03  0.00000E+00  0.00000E+00  0.52399E-05  0.50483E-06  0.10613E-03  0.35602E-05  0.18175E-03  0.60231E-05
        0.0499  0.00000E+00  0.00000E+00  0.00000E+00  0.00000E+00  0.00000E+00  0.00000E+00  0.89578E-03  0.88324E-03  0.86201E-03  0.28093E-04  0.14018E-05 -0.13412E-03       4  0.88292E-03  0.00000E+00  0.00000E+00 -0.16275E-04  0.22978E-06  0.10136E-03  0.52733E-05  0.18360E-03  0.91260E-05
        0.0719  0.00000E+00  0.00000E+00  0.00000E+00  0.00000E+00  0.00000E+00  0.00000E+00  0.89537E-03  0.88323E-03  0.86283E-03  0.28093E-04  0.20190E-05 -0.18196E-03       5  0.88294E-03  0.00000E+00  0.00000E+00 -0.53889E-04 -0.95416E-06  0.91402E-04  0.72814E-05  0.18972E-03  0.13294E-04
        0.1004  0.00000E+00  0.00000E+00  0.00000E+00  0.00000E+00  0.00000E+00  0.00000E+00  0.89478E-03  0.88323E-03  0.86314E-03  0.28092E-04  0.28214E-05 -0.23963E-03       6  0.88296E-03  0.00000E+00  0.00000E+00 -0.11898E-03 -0.43522E-05  0.70479E-04  0.92943E-05  0.19917E-03  0.18983E-04
        0.1376  0.00000E+00  0.00000E+00  0.00000E+00  0.00000E+00  0.00000E+00  0.00000E+00  0.89382E-03  0.88323E-03  0.86371E-03  0.28092E-04  0.38644E-05 -0.31160E-03       7  0.88298E-03  0.00000E+00  0.00000E+00 -0.22387E-03 -0.12664E-04  0.25687E-04  0.10248E-04  0.20298E-03  0.26519E-04
        0.1858  0.00000E+00  0.00000E+00  0.00000E+00  0.00000E+00  0.00000E+00  0.00000E+00  0.89242E-03  0.88323E-03  0.86403E-03  0.28092E-04  0.52204E-05 -0.40613E-03       8  0.88299E-03  0.00000E+00  0.00000E+00 -0.37965E-03 -0.30989E-04 -0.68447E-04  0.69442E-05  0.17950E-03  0.35184E-04
        0.2358  0.00000E+00  0.00000E+00  0.00000E+00  0.00000E+00  0.00000E+00  0.00000E+00  0.89094E-03  0.88323E-03  0.86444E-03  0.28093E-04  0.66250E-05 -0.50917E-03       9  0.88300E-03  0.00000E+00  0.00000E+00 -0.54681E-03 -0.58330E-04 -0.20532E-03 -0.33216E-05  0.11920E-03  0.41144E-04
        0.2858  0.00000E+00  0.00000E+00  0.00000E+00  0.00000E+00  0.00000E+00  0.00000E+00  0.88970E-03  0.88324E-03  0.86467E-03  0.28093E-04  0.80297E-05 -0.61756E-03      10  0.88300E-03  0.00000E+00  0.00000E+00 -0.68507E-03 -0.92583E-04 -0.36788E-03 -0.21716E-04  0.25247E-04  0.42406E-04
        0.3358  0.00000E+00  0.00000E+00  0.00000E+00  0.00000E+00  0.00000E+00  0.00000E+00  0.88879E-03  0.88325E-03  0.86497E-03  0.28093E-04  0.94343E-05 -0.72799E-03      11  0.88301E-03  0.00000E+00  0.00000E+00 -0.78403E-03 -0.13178E-03 -0.52802E-03 -0.48117E-04 -0.89090E-04  0.37952E-04
        0.3858  0.00000E+00  0.00000E+00  0.00000E+00  0.00000E+00  0.00000E+00  0.00000E+00  0.88802E-03  0.88327E-03  0.86519E-03  0.28094E-04  0.10839E-04 -0.83752E-03      12  0.88302E-03  0.00000E+00  0.00000E+00 -0.86191E-03 -0.17488E-03 -0.67813E-03 -0.82023E-04 -0.21222E-03  0.27341E-04
        0.4358  0.00000E+00  0.00000E+00  0.00000E+00  0.00000E+00  0.00000E+00  0.00000E+00  0.88746E-03  0.88328E-03  0.86548E-03  0.28095E-04  0.12244E-04 -0.94449E-03      13  0.88303E-03  0.00000E+00  0.00000E+00 -0.91353E-03 -0.22056E-03 -0.80717E-03 -0.12238E-03 -0.33422E-03  0.10630E-04
        0.4858  0.00000E+00  0.00000E+00  0.00000E+00  0.00000E+00  0.00000E+00  0.00000E+00  0.88709E-03  0.88330E-03  0.86575E-03  0.28095E-04  0.13649E-04 -0.10468E-02      14  0.88303E-03  0.00000E+00  0.00000E+00 -0.93323E-03 -0.26722E-03 -0.91018E-03 -0.16789E-03 -0.44721E-03 -0.11731E-04
        0.5358  0.00000E+00  0.00000E+00  0.00000E+00  0.00000E+00  0.00000E+00  0.00000E+00  0.88699E-03  0.88331E-03  0.86608E-03  0.28096E-04  0.15053E-04 -0.11422E-02      15  0.88304E-03  0.00000E+00  0.00000E+00 -0.92400E-03 -0.31342E-03 -0.97763E-03 -0.21677E-03 -0.54351E-03 -0.38907E-04
        0.5858  0.00000E+00  0.00000E+00  0.00000E+00  0.00000E+00  0.00000E+00  0.00000E+00  0.88709E-03  0.88332E-03  0.86641E-03  0.28096E-04  0.16458E-04 -0.12287E-02      16  0.88304E-03  0.00000E+00  0.00000E+00 -0.88294E-03 -0.35757E-03 -0.10046E-02 -0.26700E-03 -0.61644E-03 -0.69728E-04
        0.6358  0.00000E+00  0.00000E+00  0.00000E+00  0.00000E+00  0.00000E+00  0.00000E+00  0.88743E-03  0.88332E-03  0.86679E-03  0.28096E-04  0.17863E-04 -0.13046E-02      17  0.88305E-03  0.00000E+00  0.00000E+00 -0.81543E-03 -0.39834E-03 -0.98973E-03 -0.31649E-03 -0.66053E-03 -0.10275E-03
        0.6858  0.00000E+00  0.00000E+00  0.00000E+00  0.00000E+00  0.00000E+00  0.00000E+00  0.88795E-03  0.88332E-03  0.86718E-03  0.28096E-04  0.19268E-04 -0.13688E-02      18  0.88306E-03  0.00000E+00  0.00000E+00 -0.72388E-03 -0.43453E-03 -0.93668E-03 -0.36332E-03 -0.67511E-03 -0.13651E-03
        0.7358  0.00000E+00  0.00000E+00  0.00000E+00  0.00000E+00  0.00000E+00  0.00000E+00  0.88863E-03  0.88331E-03  0.86759E-03  0.28096E-04  0.20673E-04 -0.14209E-02      19  0.88306E-03  0.00000E+00  0.00000E+00 -0.61649E-03 -0.46536E-03 -0.85260E-03 -0.40595E-03 -0.66351E-03 -0.16969E-03
        0.7858  0.00000E+00  0.00000E+00  0.00000E+00  0.00000E+00  0.00000E+00  0.00000E+00  0.88977E-03  0.88330E-03  0.86801E-03  0.28095E-04  0.22077E-04 -0.14579E-02      20  0.88308E-03  0.00000E+00  0.00000E+00 -0.45391E-03 -0.48805E-03 -0.72135E-03 -0.44202E-03 -0.61797E-03 -0.20058E-03
        0.8358  0.00000E+00 -0.17556E-04  0.00000E+00 -0.87778E-06  0.00000E+00  0.00000E+00  0.89099E-03  0.88329E-03  0.87753E-03  0.28095E-04  0.23482E-04 -0.14542E-02      21  0.88314E-03  0.00000E+00  0.00000E+00 -0.29148E-03 -0.50263E-03 -0.57058E-03 -0.47055E-03 -0.54210E-03 -0.22769E-03
        0.8858  0.00000E+00 -0.68253E-04  0.00000E+00 -0.42904E-05  0.00000E+00  0.00000E+00  0.89212E-03  0.88329E-03  0.87701E-03  0.28095E-04  0.24887E-04 -0.14204E-02      22  0.88313E-03  0.00000E+00  0.00000E+00 -0.14493E-03 -0.50987E-03 -0.41953E-03 -0.49153E-03 -0.44987E-03 -0.25018E-03
        0.9358  0.00000E+00 -0.12606E-03  0.00000E+00 -0.10593E-04  0.00000E+00  0.00000E+00  0.89302E-03  0.88328E-03  0.87747E-03  0.28094E-04  0.26292E-04 -0.13818E-02      23  0.88314E-03  0.00000E+00  0.00000E+00 -0.35508E-04 -0.51165E-03 -0.28873E-03 -0.50596E-03 -0.35636E-03 -0.26800E-03
        0.9679  0.00000E+00 -0.16350E-03  0.00000E+00 -0.15839E-04  0.00000E+00  0.00000E+00  0.89338E-03  0.88327E-03  0.87724E-03  0.28094E-04  0.27193E-04 -0.13551E-02      24  0.88313E-03  0.00000E+00  0.00000E+00  0.78234E-05 -0.51140E-03 -0.21879E-03 -0.51298E-03 -0.29999E-03 -0.27763E-03
        1.0000  0.00000E+00 -0.18522E-03  0.00000E+00 -0.21782E-04  0.00000E+00  0.00000E+00  0.89355E-03  0.88326E-03  0.87741E-03  0.28094E-04  0.28094E-04 -0.13291E-02      25  0.88314E-03  0.00000E+00  0.00000E+00  0.29510E-04 -0.51045E-03 -0.16769E-03 -0.51836E-03 -0.25139E-03 -0.28569E-03
end
