 ******* Program HYDRUS
 ******* 
 Welcome to HYDRUS-1D                                                    
 Date:   4. 3.2022    Time:  19:32:29
 Units: L = cm   , T = days , M = mg   

----------------------------------------------------------
 Time       [T]        0.0000
----------------------------------------------------------
 Sub-region num.                     1
----------------------------------------------------------
 Length   [L]        0.30000E+03  0.30000E+03
 W-volume [L]        0.10326E+03  0.10326E+03
 In-flow  [L/T]      0.00000E+00  0.00000E+00
 h Mean   [L]       -0.59909E+02 -0.59909E+02
 ConcVol  [M/L2] 1   0.90475E+00  0.90475E+00
 cMean    [M/L3] 1   0.87610E-02  0.87610E-02
 SorbVolIm[M/L2] 1   0.42993E+02  0.42993E+02
 sMeanIm  [-]    1   0.98834E-01  0.98834E-01
 Top Flux [L/T]     -0.43736E-01
 Bot Flux [L/T]     -0.18109E+01
----------------------------------------------------------

----------------------------------------------------------
 Time       [T]        1.0000
----------------------------------------------------------
 Sub-region num.                     1
----------------------------------------------------------
 Length   [L]        0.30000E+03  0.30000E+03
 W-volume [L]        0.10181E+03  0.10181E+03
 In-flow  [L/T]     -0.95573E+00 -0.95573E+00
 h Mean   [L]       -0.70066E+02 -0.70066E+02
 ConcVol  [M/L2] 1   0.89213E+00  0.89213E+00
 cMean    [M/L3] 1   0.87618E-02  0.87618E-02
 SorbVolIm[M/L2] 1   0.42993E+02  0.42993E+02
 sMeanIm  [-]    1   0.98834E-01  0.98834E-01
 Top Flux [L/T]      0.12978E-01
 Bot Flux [L/T]     -0.89231E+00
 WatBalT  [L]       -0.39458E-04
 WatBalR  [%]              0.003
 CncBalT  [M]    1   0.77820E-03
 CncBalR  [%]    1         5.936
----------------------------------------------------------
 
 Calculation time [sec]  9.999990463256836E-003
