 All solute fluxes and cumulative solute fluxes are positive into the region

       Time         cvTop        cvBot      Sum(cvTop)   Sum(cvBot)     cvCh0        cvCh1         cTop        cRoot         cBot        cvRoot    Sum(cvRoot)  Sum(cvNEql) TLevel      cGWL        cRunOff   Sum(cRunOff)    (cv(i),    Sum(cv(i)), i=1,NObs)
        [T]        [M/L2/T]     [M/L2/T]      [M/L2]       [M/L2]       [M/L2]      [M/L2]        [M/L3]      [M/L3]        [M/L3]      [M/L2/T]      [M/L2]       [M/L2]              [M/L3]        [M/L2]      [M/L3]      [M/L2/T]      [M/L2]
        0.0100  0.00000E+00 -0.12355E-02  0.00000E+00 -0.12355E-04  0.00000E+00  0.00000E+00  0.96863E-03  0.90811E-03  0.88182E-03  0.10333E-03  0.10333E-05 -0.38907E-05       1  0.88316E-03  0.00000E+00  0.00000E+00  0.42576E-04  0.42576E-06 -0.47024E-03 -0.47024E-05 -0.42328E-03 -0.42328E-05
        0.0230  0.00000E+00 -0.12958E-02  0.00000E+00 -0.29200E-04  0.00000E+00  0.00000E+00  0.96877E-03  0.90812E-03  0.88180E-03  0.10333E-03  0.23767E-05 -0.21097E-05       2  0.88315E-03  0.00000E+00  0.00000E+00  0.40948E-04  0.95809E-06 -0.45276E-03 -0.10588E-04 -0.41439E-03 -0.96198E-05
        0.0399  0.00000E+00 -0.12465E-02  0.00000E+00 -0.50266E-04  0.00000E+00  0.00000E+00  0.96874E-03  0.90812E-03  0.88181E-03  0.10333E-03  0.41230E-05 -0.27270E-05       3  0.88315E-03  0.00000E+00  0.00000E+00  0.37782E-04  0.15966E-05 -0.43227E-03 -0.17894E-04 -0.40146E-03 -0.16405E-04
        0.0619  0.00000E+00 -0.12059E-02  0.00000E+00 -0.76759E-04  0.00000E+00  0.00000E+00  0.96869E-03  0.90812E-03  0.88180E-03  0.10333E-03  0.63932E-05 -0.24039E-05       4  0.88315E-03  0.00000E+00  0.00000E+00  0.31156E-04  0.22811E-05 -0.41124E-03 -0.26929E-04 -0.38683E-03 -0.24903E-04
        0.0904  0.00000E+00 -0.11715E-02  0.00000E+00 -0.11022E-03  0.00000E+00  0.00000E+00  0.96860E-03  0.90812E-03  0.88180E-03  0.10333E-03  0.93445E-05 -0.28143E-05       5  0.88315E-03  0.00000E+00  0.00000E+00  0.18541E-04  0.28106E-05 -0.38877E-03 -0.38032E-04 -0.36951E-03 -0.35457E-04
        0.1276  0.00000E+00 -0.11365E-02  0.00000E+00 -0.15242E-03  0.00000E+00  0.00000E+00  0.96844E-03  0.90812E-03  0.88180E-03  0.10333E-03  0.13181E-04 -0.36829E-05       6  0.88315E-03  0.00000E+00  0.00000E+00  0.14753E-05  0.28654E-05 -0.37093E-03 -0.51805E-04 -0.35092E-03 -0.48486E-04
        0.1758  0.00000E+00 -0.10989E-02  0.00000E+00 -0.20546E-03  0.00000E+00  0.00000E+00  0.96829E-03  0.90812E-03  0.88180E-03  0.10333E-03  0.18169E-04 -0.64585E-05       7  0.88315E-03  0.00000E+00  0.00000E+00 -0.12556E-04  0.22594E-05 -0.36040E-03 -0.69200E-04 -0.33210E-03 -0.64516E-04
        0.2258  0.00000E+00 -0.10604E-02  0.00000E+00 -0.25848E-03  0.00000E+00  0.00000E+00  0.96812E-03  0.90811E-03  0.88180E-03  0.10333E-03  0.23335E-04 -0.10820E-04       8  0.88315E-03  0.00000E+00  0.00000E+00 -0.29177E-04  0.80053E-06 -0.36066E-03 -0.87234E-04 -0.31798E-03 -0.80415E-04
        0.2758  0.00000E+00 -0.10244E-02  0.00000E+00 -0.30969E-03  0.00000E+00  0.00000E+00  0.96805E-03  0.90811E-03  0.88180E-03  0.10333E-03  0.28502E-04 -0.15895E-04       9  0.88315E-03  0.00000E+00  0.00000E+00 -0.34755E-04 -0.93724E-06 -0.36167E-03 -0.10532E-03 -0.30705E-03 -0.95767E-04
        0.3258  0.00000E+00 -0.99045E-03  0.00000E+00 -0.35922E-03  0.00000E+00  0.00000E+00  0.96836E-03  0.90812E-03  0.88180E-03  0.10333E-03  0.33669E-04 -0.16214E-04      10  0.88315E-03  0.00000E+00  0.00000E+00 -0.46738E-05 -0.11709E-05 -0.33070E-03 -0.12185E-03 -0.28906E-03 -0.11022E-03
        0.3758  0.00000E+00 -0.95809E-03  0.00000E+00 -0.40712E-03  0.00000E+00  0.00000E+00  0.96880E-03  0.90813E-03  0.88180E-03  0.10333E-03  0.38835E-04 -0.52695E-05      11  0.88315E-03  0.00000E+00  0.00000E+00  0.49620E-04  0.13100E-05 -0.27913E-03 -0.13581E-03 -0.25221E-03 -0.12283E-03
        0.4258  0.00000E+00 -0.92685E-03  0.00000E+00 -0.45346E-03  0.00000E+00  0.00000E+00  0.96929E-03  0.90817E-03  0.88180E-03  0.10334E-03  0.44002E-04  0.15557E-04      12  0.88315E-03  0.00000E+00  0.00000E+00  0.98831E-04  0.62516E-05 -0.21691E-03 -0.14665E-03 -0.20529E-03 -0.13309E-03
        0.4758  0.00000E+00 -0.89639E-03  0.00000E+00 -0.49828E-03  0.00000E+00  0.00000E+00  0.96961E-03  0.90818E-03  0.88180E-03  0.10334E-03  0.49169E-04  0.42739E-04      13  0.88315E-03  0.00000E+00  0.00000E+00  0.12349E-03  0.12426E-04 -0.16153E-03 -0.15473E-03 -0.15448E-03 -0.14082E-03
        0.5258  0.00000E+00 -0.86642E-03  0.00000E+00 -0.54160E-03  0.00000E+00  0.00000E+00  0.96967E-03  0.90820E-03  0.88180E-03  0.10334E-03  0.54337E-04  0.73091E-04      14  0.88315E-03  0.00000E+00  0.00000E+00  0.12271E-03  0.18562E-04 -0.11480E-03 -0.16047E-03 -0.10702E-03 -0.14617E-03
        0.5758  0.00000E+00 -0.83659E-03  0.00000E+00 -0.58343E-03  0.00000E+00  0.00000E+00  0.96944E-03  0.90821E-03  0.88180E-03  0.10334E-03  0.59504E-04  0.10233E-03      15  0.88315E-03  0.00000E+00  0.00000E+00  0.96727E-04  0.23398E-04 -0.82561E-04 -0.16460E-03 -0.68723E-04 -0.14961E-03
        0.6258  0.00000E+00 -0.80677E-03  0.00000E+00 -0.62377E-03  0.00000E+00  0.00000E+00  0.96899E-03  0.90821E-03  0.88180E-03  0.10334E-03  0.64671E-04  0.12693E-03      16  0.88315E-03  0.00000E+00  0.00000E+00  0.46894E-04  0.25743E-04 -0.68006E-04 -0.16800E-03 -0.44199E-04 -0.15182E-03
        0.6758  0.00000E+00 -0.77685E-03  0.00000E+00 -0.66261E-03  0.00000E+00  0.00000E+00  0.96850E-03  0.90819E-03  0.88180E-03  0.10334E-03  0.69838E-04  0.14331E-03      17  0.88315E-03  0.00000E+00  0.00000E+00 -0.62382E-05  0.25431E-04 -0.73691E-04 -0.17168E-03 -0.35335E-04 -0.15358E-03
        0.7258  0.00000E+00 -0.74683E-03  0.00000E+00 -0.69996E-03  0.00000E+00  0.00000E+00  0.96815E-03  0.90818E-03  0.88180E-03  0.10334E-03  0.75005E-04  0.14912E-03      18  0.88315E-03  0.00000E+00  0.00000E+00 -0.36722E-04  0.23595E-04 -0.98513E-04 -0.17661E-03 -0.44304E-04 -0.15580E-03
        0.7758  0.00000E+00 -0.71686E-03  0.00000E+00 -0.73580E-03  0.00000E+00  0.00000E+00  0.96822E-03  0.90815E-03  0.88180E-03  0.10334E-03  0.80172E-04  0.14607E-03      19  0.88315E-03  0.00000E+00  0.00000E+00 -0.29291E-04  0.22130E-04 -0.11565E-03 -0.18239E-03 -0.64610E-04 -0.15903E-03
        0.8258  0.00000E+00 -0.68713E-03  0.00000E+00 -0.77016E-03  0.00000E+00  0.00000E+00  0.96838E-03  0.90813E-03  0.88180E-03  0.10333E-03  0.85338E-04  0.14215E-03      20  0.88315E-03  0.00000E+00  0.00000E+00 -0.12629E-04  0.21499E-04 -0.12041E-03 -0.18841E-03 -0.79245E-04 -0.16299E-03
        0.8758  0.00000E+00 -0.65794E-03  0.00000E+00 -0.80305E-03  0.00000E+00  0.00000E+00  0.96853E-03  0.90813E-03  0.88180E-03  0.10334E-03  0.90505E-04  0.13980E-03      21  0.88315E-03  0.00000E+00  0.00000E+00  0.18581E-05  0.21592E-04 -0.11543E-03 -0.19418E-03 -0.87229E-04 -0.16735E-03
        0.9258  0.00000E+00 -0.62958E-03  0.00000E+00 -0.83453E-03  0.00000E+00  0.00000E+00  0.96872E-03  0.90813E-03  0.88180E-03  0.10333E-03  0.95672E-04  0.13827E-03      22  0.88315E-03  0.00000E+00  0.00000E+00  0.25711E-04  0.22877E-04 -0.10591E-03 -0.19948E-03 -0.90125E-04 -0.17186E-03
        0.9629  0.00000E+00 -0.60560E-03  0.00000E+00 -0.85699E-03  0.00000E+00  0.00000E+00  0.96886E-03  0.90813E-03  0.88179E-03  0.10333E-03  0.99504E-04  0.13769E-03      23  0.88315E-03  0.00000E+00  0.00000E+00  0.37709E-04  0.24276E-04 -0.98445E-04 -0.20313E-03 -0.90439E-04 -0.17521E-03
        1.0000  0.00000E+00 -0.58596E-03  0.00000E+00 -0.87872E-03  0.00000E+00  0.00000E+00  0.96893E-03  0.90813E-03  0.88179E-03  0.10333E-03  0.10334E-03  0.13711E-03      24  0.88315E-03  0.00000E+00  0.00000E+00  0.41717E-04  0.25823E-04 -0.91858E-04 -0.20654E-03 -0.89395E-04 -0.17853E-03
end
