 ******* Program HYDRUS
 ******* 
 Welcome to HYDRUS-1D                                                    
 Date:  28. 3.2022    Time:   8:56:14
 Units: L = cm   , T = days , M = mg   

----------------------------------------------------------
 Time       [T]        0.0000
----------------------------------------------------------
 Sub-region num.                     1
----------------------------------------------------------
 Length   [L]        0.30000E+03  0.30000E+03
 W-volume [L]        0.10181E+03  0.10181E+03
 In-flow  [L/T]      0.00000E+00  0.00000E+00
 h Mean   [L]       -0.70516E+02 -0.70516E+02
 ConcVol  [M/L2] 1   0.90618E-01  0.90618E-01
 cMean    [M/L3] 1   0.89118E-03  0.89118E-03
 SorbVolIm[M/L2] 1   0.46520E+02  0.46520E+02
 sMeanIm  [-]    1   0.10694E+00  0.10694E+00
 Top Flux [L/T]      0.19646E-01
 Bot Flux [L/T]     -0.75326E+00
----------------------------------------------------------

----------------------------------------------------------
 Time       [T]        1.0000
----------------------------------------------------------
 Sub-region num.                     1
----------------------------------------------------------
 Length   [L]        0.30000E+03  0.30000E+03
 W-volume [L]        0.10248E+03  0.10248E+03
 In-flow  [L/T]     -0.93726E+00 -0.93726E+00
 h Mean   [L]       -0.64586E+02 -0.64586E+02
 ConcVol  [M/L2] 1   0.91226E-01  0.91226E-01
 cMean    [M/L3] 1   0.89119E-03  0.89119E-03
 SorbVolIm[M/L2] 1   0.46519E+02  0.46519E+02
 sMeanIm  [-]    1   0.10694E+00  0.10694E+00
 Top Flux [L/T]     -0.11757E-01
 Bot Flux [L/T]     -0.89629E+00
 WatBalT  [L]        0.19073E-05
 WatBalR  [%]              0.000
 CncBalT  [M]    1   0.45776E-04
 CncBalR  [%]    1         7.524
----------------------------------------------------------
 
 Calculation time [sec]  1.999999023973942E-002
