 All solute fluxes and cumulative solute fluxes are positive into the region

       Time         cvTop        cvBot      Sum(cvTop)   Sum(cvBot)     cvCh0        cvCh1         cTop        cRoot         cBot        cvRoot    Sum(cvRoot)  Sum(cvNEql) TLevel      cGWL        cRunOff   Sum(cRunOff)    (cv(i),    Sum(cv(i)), i=1,NObs)
        [T]        [M/L2/T]     [M/L2/T]      [M/L2]       [M/L2]       [M/L2]      [M/L2]        [M/L3]      [M/L3]        [M/L3]      [M/L2/T]      [M/L2]       [M/L2]              [M/L3]        [M/L2]      [M/L3]      [M/L2/T]      [M/L2]
        0.0100  0.00000E+00 -0.39570E-03  0.00000E+00 -0.39570E-05  0.00000E+00  0.00000E+00  0.91697E-03  0.88311E-03  0.88020E-03  0.25217E-04  0.25217E-06 -0.77759E-06       1  0.88303E-03  0.00000E+00  0.00000E+00  0.17999E-04  0.17999E-06  0.16088E-03  0.16088E-05  0.26480E-03  0.26480E-05
        0.0200  0.00000E+00 -0.68890E-03  0.00000E+00 -0.10846E-04  0.00000E+00  0.00000E+00  0.91700E-03  0.88315E-03  0.87992E-03  0.25218E-04  0.50435E-06  0.51001E-05       2  0.88300E-03  0.00000E+00  0.00000E+00  0.13685E-04  0.31684E-06  0.15932E-03  0.32020E-05  0.26211E-03  0.52691E-05
        0.0330  0.00000E+00 -0.49158E-03  0.00000E+00 -0.17237E-04  0.00000E+00  0.00000E+00  0.91688E-03  0.88314E-03  0.87988E-03  0.25218E-04  0.83218E-06  0.56480E-05       3  0.88298E-03  0.00000E+00  0.00000E+00  0.39257E-05  0.36787E-06  0.15647E-03  0.52361E-05  0.25791E-03  0.86220E-05
        0.0499  0.00000E+00 -0.34086E-03  0.00000E+00 -0.22997E-04  0.00000E+00  0.00000E+00  0.91663E-03  0.88314E-03  0.87981E-03  0.25218E-04  0.12584E-05  0.79696E-05       4  0.88298E-03  0.00000E+00  0.00000E+00 -0.23074E-04 -0.22087E-07  0.15168E-03  0.77994E-05  0.25284E-03  0.12895E-04
        0.0719  0.00000E+00 -0.23655E-03  0.00000E+00 -0.28194E-04  0.00000E+00  0.00000E+00  0.91606E-03  0.88314E-03  0.87978E-03  0.25218E-04  0.18124E-05  0.95927E-05       5  0.88298E-03  0.00000E+00  0.00000E+00 -0.77060E-04 -0.17151E-05  0.14221E-03  0.10924E-04  0.24588E-03  0.18297E-04
        0.1004  0.00000E+00 -0.14970E-03  0.00000E+00 -0.32470E-04  0.00000E+00  0.00000E+00  0.91516E-03  0.88314E-03  0.87974E-03  0.25218E-04  0.25326E-05  0.96615E-05       6  0.88298E-03  0.00000E+00  0.00000E+00 -0.16967E-03 -0.65611E-05  0.12262E-03  0.14426E-04  0.23547E-03  0.25022E-04
        0.1376  0.00000E+00 -0.78082E-04  0.00000E+00 -0.35369E-04  0.00000E+00  0.00000E+00  0.91386E-03  0.88314E-03  0.87971E-03  0.25218E-04  0.34689E-05  0.44342E-05       7  0.88297E-03  0.00000E+00  0.00000E+00 -0.32098E-03 -0.18479E-04  0.81487E-04  0.17451E-04  0.21748E-03  0.33097E-04
        0.1858  0.00000E+00 -0.22437E-04  0.00000E+00 -0.36452E-04  0.00000E+00  0.00000E+00  0.91191E-03  0.88313E-03  0.87803E-03  0.25217E-04  0.46861E-05 -0.17527E-04       8  0.88294E-03  0.00000E+00  0.00000E+00 -0.54729E-03 -0.44895E-04 -0.14960E-05  0.17379E-04  0.18227E-03  0.41895E-04
        0.2358  0.00000E+00  0.00000E+00  0.00000E+00 -0.36452E-04  0.00000E+00  0.00000E+00  0.90983E-03  0.88312E-03  0.87826E-03  0.25217E-04  0.59470E-05 -0.56731E-04       9  0.88295E-03  0.00000E+00  0.00000E+00 -0.79087E-03 -0.84439E-04 -0.12064E-03  0.11347E-04  0.12976E-03  0.48383E-04
        0.2858  0.00000E+00  0.00000E+00  0.00000E+00 -0.36452E-04  0.00000E+00  0.00000E+00  0.90811E-03  0.88313E-03  0.87754E-03  0.25217E-04  0.72078E-05 -0.10879E-03      10  0.88293E-03  0.00000E+00  0.00000E+00 -0.98796E-03 -0.13384E-03 -0.26263E-03 -0.17841E-05  0.61161E-04  0.51441E-04
        0.3358  0.00000E+00  0.00000E+00  0.00000E+00 -0.36452E-04  0.00000E+00  0.00000E+00  0.90686E-03  0.88313E-03  0.87757E-03  0.25217E-04  0.84687E-05 -0.16635E-03      11  0.88294E-03  0.00000E+00  0.00000E+00 -0.11234E-02 -0.19000E-03 -0.38709E-03 -0.21138E-04 -0.12322E-04  0.50825E-04
        0.3858  0.00000E+00  0.00000E+00  0.00000E+00 -0.36452E-04  0.00000E+00  0.00000E+00  0.90583E-03  0.88316E-03  0.87720E-03  0.25218E-04  0.97296E-05 -0.22014E-03      12  0.88293E-03  0.00000E+00  0.00000E+00 -0.12310E-02 -0.25156E-03 -0.52101E-03 -0.47189E-04 -0.86647E-04  0.46492E-04
        0.4358  0.00000E+00  0.00000E+00  0.00000E+00 -0.36452E-04  0.00000E+00  0.00000E+00  0.90500E-03  0.88320E-03  0.87717E-03  0.25220E-04  0.10991E-04 -0.27016E-03      13  0.88293E-03  0.00000E+00  0.00000E+00 -0.13001E-02 -0.31656E-03 -0.64170E-03 -0.79274E-04 -0.15915E-03  0.38535E-04
        0.4858  0.00000E+00  0.00000E+00  0.00000E+00 -0.36452E-04  0.00000E+00  0.00000E+00  0.90453E-03  0.88323E-03  0.87696E-03  0.25221E-04  0.12252E-04 -0.31616E-03      14  0.88292E-03  0.00000E+00  0.00000E+00 -0.13301E-02 -0.38307E-03 -0.74399E-03 -0.11647E-03 -0.22787E-03  0.27141E-04
        0.5358  0.00000E+00  0.00000E+00  0.00000E+00 -0.36452E-04  0.00000E+00  0.00000E+00  0.90432E-03  0.88325E-03  0.87691E-03  0.25222E-04  0.13513E-04 -0.35890E-03      15  0.88292E-03  0.00000E+00  0.00000E+00 -0.13164E-02 -0.44889E-03 -0.81648E-03 -0.15730E-03 -0.29011E-03  0.12636E-04
        0.5858  0.00000E+00  0.00000E+00  0.00000E+00 -0.36452E-04  0.00000E+00  0.00000E+00  0.90447E-03  0.88327E-03  0.87678E-03  0.25222E-04  0.14774E-04 -0.39916E-03      16  0.88292E-03  0.00000E+00  0.00000E+00 -0.12625E-02 -0.51201E-03 -0.85629E-03 -0.20011E-03 -0.34381E-03 -0.45545E-05
        0.6358  0.00000E+00  0.00000E+00  0.00000E+00 -0.36452E-04  0.00000E+00  0.00000E+00  0.90488E-03  0.88327E-03  0.87673E-03  0.25222E-04  0.16035E-04 -0.43828E-03      17  0.88292E-03  0.00000E+00  0.00000E+00 -0.11699E-02 -0.57051E-03 -0.86110E-03 -0.24317E-03 -0.38746E-03 -0.23927E-04
        0.6858  0.00000E+00  0.00000E+00  0.00000E+00 -0.36452E-04  0.00000E+00  0.00000E+00  0.90558E-03  0.88326E-03  0.87665E-03  0.25222E-04  0.17296E-04 -0.47752E-03      18  0.88291E-03  0.00000E+00  0.00000E+00 -0.10464E-02 -0.62283E-03 -0.83446E-03 -0.28489E-03 -0.42062E-03 -0.44958E-04
        0.7358  0.00000E+00  0.00000E+00  0.00000E+00 -0.36452E-04  0.00000E+00  0.00000E+00  0.90646E-03  0.88324E-03  0.87662E-03  0.25221E-04  0.18557E-04 -0.51829E-03      19  0.88291E-03  0.00000E+00  0.00000E+00 -0.89960E-03 -0.66781E-03 -0.78109E-03 -0.32394E-03 -0.44348E-03 -0.67132E-04
        0.7858  0.00000E+00  0.00000E+00  0.00000E+00 -0.36452E-04  0.00000E+00  0.00000E+00  0.90812E-03  0.88321E-03  0.87658E-03  0.25220E-04  0.19818E-04 -0.55762E-03      20  0.88291E-03  0.00000E+00  0.00000E+00 -0.66450E-03 -0.70103E-03 -0.69029E-03 -0.35846E-03 -0.45256E-03 -0.89760E-04
        0.8358  0.00000E+00  0.00000E+00  0.00000E+00 -0.36452E-04  0.00000E+00  0.00000E+00  0.90986E-03  0.88318E-03  0.87657E-03  0.25219E-04  0.21079E-04 -0.58475E-03      21  0.88291E-03  0.00000E+00  0.00000E+00 -0.42770E-03 -0.72242E-03 -0.57772E-03 -0.38735E-03 -0.43348E-03 -0.11143E-03
        0.8858  0.00000E+00  0.00000E+00  0.00000E+00 -0.36452E-04  0.00000E+00  0.00000E+00  0.91150E-03  0.88319E-03  0.87657E-03  0.25220E-04  0.22340E-04 -0.60017E-03      22  0.88291E-03  0.00000E+00  0.00000E+00 -0.21337E-03 -0.73308E-03 -0.45789E-03 -0.41024E-03 -0.39499E-03 -0.13118E-03
        0.9358  0.00000E+00  0.00000E+00  0.00000E+00 -0.36452E-04  0.00000E+00  0.00000E+00  0.91278E-03  0.88317E-03  0.87659E-03  0.25219E-04  0.23601E-04 -0.60826E-03      23  0.88291E-03  0.00000E+00  0.00000E+00 -0.52960E-04 -0.73573E-03 -0.34727E-03 -0.42760E-03 -0.34444E-03 -0.14841E-03
        0.9679  0.00000E+00  0.00000E+00  0.00000E+00 -0.36452E-04  0.00000E+00  0.00000E+00  0.91327E-03  0.88318E-03  0.87661E-03  0.25219E-04  0.24410E-04 -0.61105E-03      24  0.88291E-03  0.00000E+00  0.00000E+00  0.58293E-05 -0.73555E-03 -0.28418E-03 -0.43672E-03 -0.31027E-03 -0.15836E-03
        1.0000  0.00000E+00  0.00000E+00  0.00000E+00 -0.36452E-04  0.00000E+00  0.00000E+00  0.91342E-03  0.88317E-03  0.87663E-03  0.25219E-04  0.25219E-04 -0.61349E-03      25  0.88291E-03  0.00000E+00  0.00000E+00  0.22050E-04 -0.73484E-03 -0.23287E-03 -0.44419E-03 -0.27591E-03 -0.16721E-03
end
