 ******* Program HYDRUS
 ******* 
 Welcome to HYDRUS-1D                                                    
 Date:  28. 3.2022    Time:   8:55:53
 Units: L = cm   , T = days , M = mg   

----------------------------------------------------------
 Time       [T]        0.0000
----------------------------------------------------------
 Sub-region num.                     1
----------------------------------------------------------
 Length   [L]        0.30000E+03  0.30000E+03
 W-volume [L]        0.99220E+02  0.99220E+02
 In-flow  [L/T]      0.00000E+00  0.00000E+00
 h Mean   [L]       -0.10000E+03 -0.10000E+03
 ConcVol  [M/L2] 1   0.61058E-01  0.61058E-01
 cMean    [M/L3] 1   0.61538E-03  0.61538E-03
 SorbVolIm[M/L2] 1   0.46578E+02  0.46578E+02
 sMeanIm  [-]    1   0.10707E+00  0.10707E+00
 Top Flux [L/T]     -0.48353E+01
 Bot Flux [L/T]     -0.48353E+01
----------------------------------------------------------

----------------------------------------------------------
 Time       [T]        1.0000
----------------------------------------------------------
 Sub-region num.                     1
----------------------------------------------------------
 Length   [L]        0.30000E+03  0.30000E+03
 W-volume [L]        0.10398E+03  0.10398E+03
 In-flow  [L/T]     -0.30387E+01 -0.30387E+01
 h Mean   [L]       -0.56140E+02 -0.56140E+02
 ConcVol  [M/L2] 1   0.92631E-01  0.92631E-01
 cMean    [M/L3] 1   0.89168E-03  0.89168E-03
 SorbVolIm[M/L2] 1   0.46545E+02  0.46545E+02
 sMeanIm  [-]    1   0.10700E+00  0.10700E+00
 Top Flux [L/T]     -0.27054E-01
 Bot Flux [L/T]     -0.29843E+01
 WatBalT  [L]        0.76294E-04
 WatBalR  [%]              0.001
 CncBalT  [M]    1  -0.91553E-04
 CncBalR  [%]    1         0.290
----------------------------------------------------------
 
 Calculation time [sec]  3.000003099441528E-002
