 ******* Program HYDRUS
 ******* 
 Welcome to HYDRUS-1D                                                    
 Date:  29. 3.2022    Time:  17:26: 9
 Units: L = cm   , T = days , M = mg   

----------------------------------------------------------
 Time       [T]        0.0000
----------------------------------------------------------
 Sub-region num.                     1
----------------------------------------------------------
 Length   [L]        0.30000E+03  0.30000E+03
 W-volume [L]        0.10275E+03  0.10275E+03
 In-flow  [L/T]      0.00000E+00  0.00000E+00
 h Mean   [L]       -0.61461E+02 -0.61461E+02
 ConcVol  [M/L2] 1   0.91761E-01  0.91761E-01
 cMean    [M/L3] 1   0.89451E-03  0.89451E-03
 SorbVolIm[M/L2] 1   0.46694E+02  0.46694E+02
 sMeanIm  [-]    1   0.10734E+00  0.10734E+00
 Top Flux [L/T]     -0.27241E-01
 Bot Flux [L/T]     -0.70982E+00
----------------------------------------------------------

----------------------------------------------------------
 Time       [T]        1.0000
----------------------------------------------------------
 Sub-region num.                     1
----------------------------------------------------------
 Length   [L]        0.30000E+03  0.30000E+03
 W-volume [L]        0.10158E+03  0.10158E+03
 In-flow  [L/T]     -0.65737E+00 -0.65737E+00
 h Mean   [L]       -0.71225E+02 -0.71225E+02
 ConcVol  [M/L2] 1   0.90687E-01  0.90687E-01
 cMean    [M/L3] 1   0.89454E-03  0.89454E-03
 SorbVolIm[M/L2] 1   0.46695E+02  0.46695E+02
 sMeanIm  [-]    1   0.10734E+00  0.10734E+00
 Top Flux [L/T]      0.34260E-01
 Bot Flux [L/T]     -0.58846E+00
 WatBalT  [L]       -0.33295E-01
 WatBalR  [%]              2.853
 CncBalT  [M]    1   0.95367E-04
 CncBalR  [%]    1         8.868
----------------------------------------------------------
 
 Calculation time [sec]  9.999990463256836E-003
