 All solute fluxes and cumulative solute fluxes are positive into the region

       Time         cvTop        cvBot      Sum(cvTop)   Sum(cvBot)     cvCh0        cvCh1         cTop        cRoot         cBot        cvRoot    Sum(cvRoot)  Sum(cvNEql) TLevel      cGWL        cRunOff   Sum(cRunOff)    (cv(i),    Sum(cv(i)), i=1,NObs)
        [T]        [M/L2/T]     [M/L2/T]      [M/L2]       [M/L2]       [M/L2]      [M/L2]        [M/L3]      [M/L3]        [M/L3]      [M/L2/T]      [M/L2]       [M/L2]              [M/L3]        [M/L2]      [M/L3]      [M/L2/T]      [M/L2]
        0.0100  0.00000E+00 -0.22864E-03  0.00000E+00 -0.22864E-05  0.00000E+00  0.00000E+00  0.10455E-02  0.91566E-03  0.87190E-03  0.26276E-04  0.26276E-06 -0.10164E-04       1  0.88317E-03  0.00000E+00  0.00000E+00  0.40526E-04  0.40526E-06 -0.19256E-03 -0.19256E-05 -0.65219E-04 -0.65219E-06
        0.0200  0.00000E+00  0.00000E+00  0.00000E+00 -0.22864E-05  0.00000E+00  0.00000E+00  0.10454E-02  0.91557E-03  0.86705E-03  0.26274E-04  0.52550E-06 -0.19910E-04       2  0.88313E-03  0.00000E+00  0.00000E+00  0.30909E-04  0.71435E-06 -0.51429E-04 -0.24399E-05  0.85781E-04  0.20562E-06
        0.0330  0.00000E+00  0.00000E+00  0.00000E+00 -0.22864E-05  0.00000E+00  0.00000E+00  0.10452E-02  0.91569E-03  0.86840E-03  0.26276E-04  0.86708E-06 -0.31300E-04       3  0.88314E-03  0.00000E+00  0.00000E+00  0.86026E-05  0.82618E-06 -0.57464E-05 -0.25146E-05  0.22100E-03  0.30786E-05
        0.0499  0.00000E+00  0.00000E+00  0.00000E+00 -0.22864E-05  0.00000E+00  0.00000E+00  0.10450E-02  0.91567E-03  0.86856E-03  0.26275E-04  0.13111E-05 -0.45161E-04       4  0.88314E-03  0.00000E+00  0.00000E+00 -0.11475E-04  0.63226E-06  0.43417E-05 -0.24412E-05  0.28795E-03  0.79449E-05
        0.0719  0.00000E+00  0.00000E+00  0.00000E+00 -0.22864E-05  0.00000E+00  0.00000E+00  0.10446E-02  0.91567E-03  0.86902E-03  0.26276E-04  0.18884E-05 -0.62633E-04       5  0.88315E-03  0.00000E+00  0.00000E+00 -0.47524E-04 -0.41185E-06  0.73312E-05 -0.22802E-05  0.30409E-03  0.14626E-04
        0.1004  0.00000E+00  0.00000E+00  0.00000E+00 -0.22864E-05  0.00000E+00  0.00000E+00  0.10441E-02  0.91567E-03  0.86936E-03  0.26275E-04  0.26389E-05 -0.85577E-04       6  0.88315E-03  0.00000E+00  0.00000E+00 -0.11025E-03 -0.35606E-05  0.54570E-07 -0.22786E-05  0.26774E-03  0.22273E-04
        0.1376  0.00000E+00  0.00000E+00  0.00000E+00 -0.22864E-05  0.00000E+00  0.00000E+00  0.10432E-02  0.91567E-03  0.86990E-03  0.26276E-04  0.36145E-05 -0.11745E-03       7  0.88316E-03  0.00000E+00  0.00000E+00 -0.21241E-03 -0.11447E-04 -0.34063E-04 -0.35433E-05  0.17777E-03  0.28873E-04
        0.1858  0.00000E+00  0.00000E+00  0.00000E+00 -0.22864E-05  0.00000E+00  0.00000E+00  0.10420E-02  0.91567E-03  0.87070E-03  0.26276E-04  0.48828E-05 -0.16421E-03       8  0.88316E-03  0.00000E+00  0.00000E+00 -0.36691E-03 -0.29157E-04 -0.44664E-03 -0.25102E-04  0.16737E-04  0.29681E-04
        0.2358  0.00000E+00  0.00000E+00  0.00000E+00 -0.22864E-05  0.00000E+00  0.00000E+00  0.10406E-02  0.91569E-03  0.87188E-03  0.26277E-04  0.61966E-05 -0.21916E-03       9  0.88317E-03  0.00000E+00  0.00000E+00 -0.53611E-03 -0.55963E-04 -0.95886E-03 -0.73044E-04 -0.22458E-03  0.18452E-04
        0.2858  0.00000E+00 -0.54178E-04  0.00000E+00 -0.49953E-05  0.00000E+00  0.00000E+00  0.10394E-02  0.91571E-03  0.87687E-03  0.26277E-04  0.75104E-05 -0.26945E-03      10  0.88320E-03  0.00000E+00  0.00000E+00 -0.68077E-03 -0.90001E-04 -0.14843E-02 -0.14726E-03 -0.48813E-03 -0.59545E-05
        0.3358  0.00000E+00 -0.22116E-03  0.00000E+00 -0.16053E-04  0.00000E+00  0.00000E+00  0.10384E-02  0.91573E-03  0.87680E-03  0.26278E-04  0.88243E-05 -0.31801E-03      11  0.88319E-03  0.00000E+00  0.00000E+00 -0.78950E-03 -0.12948E-03 -0.19563E-02 -0.24508E-03 -0.74199E-03 -0.43054E-04
        0.3858  0.00000E+00 -0.44612E-03  0.00000E+00 -0.38359E-04  0.00000E+00  0.00000E+00  0.10376E-02  0.91576E-03  0.87718E-03  0.26279E-04  0.10138E-04 -0.37332E-03      12  0.88320E-03  0.00000E+00  0.00000E+00 -0.87498E-03 -0.17323E-03 -0.23739E-02 -0.36377E-03 -0.97902E-03 -0.92005E-04
        0.4358  0.00000E+00 -0.66377E-03  0.00000E+00 -0.71548E-04  0.00000E+00  0.00000E+00  0.10371E-02  0.91578E-03  0.87721E-03  0.26280E-04  0.11452E-04 -0.43217E-03      13  0.88320E-03  0.00000E+00  0.00000E+00 -0.93226E-03 -0.21984E-03 -0.27082E-02 -0.49918E-03 -0.11853E-02 -0.15127E-03
        0.4858  0.00000E+00 -0.86228E-03  0.00000E+00 -0.11466E-03  0.00000E+00  0.00000E+00  0.10367E-02  0.91580E-03  0.87744E-03  0.26280E-04  0.12766E-04 -0.49286E-03      14  0.88320E-03  0.00000E+00  0.00000E+00 -0.95647E-03 -0.26766E-03 -0.29419E-02 -0.64628E-03 -0.13508E-02 -0.21881E-03
        0.5358  0.00000E+00 -0.10310E-02  0.00000E+00 -0.16621E-03  0.00000E+00  0.00000E+00  0.10366E-02  0.91582E-03  0.87748E-03  0.26281E-04  0.14080E-04 -0.55198E-03      15  0.88320E-03  0.00000E+00  0.00000E+00 -0.94680E-03 -0.31500E-03 -0.30550E-02 -0.79903E-03 -0.14638E-02 -0.29200E-03
        0.5858  0.00000E+00 -0.11589E-02  0.00000E+00 -0.22415E-03  0.00000E+00  0.00000E+00  0.10367E-02  0.91583E-03  0.87760E-03  0.26281E-04  0.15394E-04 -0.60743E-03      16  0.88321E-03  0.00000E+00  0.00000E+00 -0.90337E-03 -0.36017E-03 -0.30481E-02 -0.95143E-03 -0.15192E-02 -0.36796E-03
        0.6358  0.00000E+00 -0.12395E-02  0.00000E+00 -0.28613E-03  0.00000E+00  0.00000E+00  0.10371E-02  0.91583E-03  0.87762E-03  0.26281E-04  0.16708E-04 -0.65653E-03      17  0.88320E-03  0.00000E+00  0.00000E+00 -0.82967E-03 -0.40165E-03 -0.29211E-02 -0.10975E-02 -0.15139E-02 -0.44366E-03
        0.6858  0.00000E+00 -0.12718E-02  0.00000E+00 -0.34972E-03  0.00000E+00  0.00000E+00  0.10376E-02  0.91582E-03  0.87767E-03  0.26281E-04  0.18022E-04 -0.69774E-03      18  0.88321E-03  0.00000E+00  0.00000E+00 -0.73074E-03 -0.43819E-03 -0.26950E-02 -0.12322E-02 -0.14552E-02 -0.51641E-03
        0.7358  0.00000E+00 -0.12578E-02  0.00000E+00 -0.41261E-03  0.00000E+00  0.00000E+00  0.10383E-02  0.91581E-03  0.87765E-03  0.26280E-04  0.19336E-04 -0.72997E-03      19  0.88321E-03  0.00000E+00  0.00000E+00 -0.61445E-03 -0.46891E-03 -0.23934E-02 -0.13519E-02 -0.13509E-02 -0.58396E-03
        0.7858  0.00000E+00 -0.11980E-02  0.00000E+00 -0.47251E-03  0.00000E+00  0.00000E+00  0.10394E-02  0.91580E-03  0.87765E-03  0.26280E-04  0.20650E-04 -0.74979E-03      20  0.88321E-03  0.00000E+00  0.00000E+00 -0.44811E-03 -0.49132E-03 -0.19620E-02 -0.14500E-02 -0.11838E-02 -0.64315E-03
        0.8358  0.00000E+00 -0.10925E-02  0.00000E+00 -0.52713E-03  0.00000E+00  0.00000E+00  0.10406E-02  0.91578E-03  0.87759E-03  0.26279E-04  0.21964E-04 -0.75597E-03      21  0.88320E-03  0.00000E+00  0.00000E+00 -0.28401E-03 -0.50552E-03 -0.15092E-02 -0.15255E-02 -0.98551E-03 -0.69242E-03
        0.8858  0.00000E+00 -0.95310E-03  0.00000E+00 -0.57479E-03  0.00000E+00  0.00000E+00  0.10417E-02  0.91576E-03  0.87754E-03  0.26279E-04  0.23278E-04 -0.75132E-03      22  0.88320E-03  0.00000E+00  0.00000E+00 -0.13815E-03 -0.51243E-03 -0.10817E-02 -0.15796E-02 -0.77992E-03 -0.73142E-03
        0.9358  0.00000E+00 -0.80017E-03  0.00000E+00 -0.61480E-03  0.00000E+00  0.00000E+00  0.10425E-02  0.91574E-03  0.87745E-03  0.26278E-04  0.24592E-04 -0.73920E-03      23  0.88320E-03  0.00000E+00  0.00000E+00 -0.30403E-04 -0.51395E-03 -0.72952E-03 -0.16160E-02 -0.59158E-03 -0.76100E-03
        0.9679  0.00000E+00 -0.67500E-03  0.00000E+00 -0.63645E-03  0.00000E+00  0.00000E+00  0.10428E-02  0.91573E-03  0.87741E-03  0.26278E-04  0.25435E-04 -0.72926E-03      24  0.88320E-03  0.00000E+00  0.00000E+00  0.11899E-04 -0.51357E-03 -0.55549E-03 -0.16339E-02 -0.48733E-03 -0.77664E-03
        1.0000  0.00000E+00 -0.58264E-03  0.00000E+00 -0.65515E-03  0.00000E+00  0.00000E+00  0.10431E-02  0.91572E-03  0.87735E-03  0.26277E-04  0.26279E-04 -0.71905E-03      25  0.88320E-03  0.00000E+00  0.00000E+00  0.46095E-04 -0.51209E-03 -0.43929E-03 -0.16479E-02 -0.40490E-03 -0.78963E-03
end
