 ******* Program HYDRUS
 ******* 
 Welcome to HYDRUS-1D                                                    
 Date:   3. 3.2022    Time:  23: 2:20
 Units: L = cm   , T = days , M = mg   

----------------------------------------------------------
 Time       [T]        0.0000
----------------------------------------------------------
 Sub-region num.                     1
----------------------------------------------------------
 Length   [L]        0.30000E+03  0.30000E+03
 W-volume [L]        0.99019E+02  0.99019E+02
 In-flow  [L/T]      0.00000E+00  0.00000E+00
 h Mean   [L]       -0.95049E+02 -0.95049E+02
 ConcVol  [M/L2] 1   0.25241E+00  0.25241E+00
 cMean    [M/L3] 1   0.25541E-02  0.25541E-02
 SorbVolIm[M/L2] 1   0.44439E+02  0.44439E+02
 sMeanIm  [-]    1   0.10216E+00  0.10216E+00
 Top Flux [L/T]      0.54481E-01
 Bot Flux [L/T]      0.20282E+00
----------------------------------------------------------

----------------------------------------------------------
 Time       [T]        1.0000
----------------------------------------------------------
 Sub-region num.                     1
----------------------------------------------------------
 Length   [L]        0.30000E+03  0.30000E+03
 W-volume [L]        0.98808E+02  0.98808E+02
 In-flow  [L/T]      0.13466E+00  0.13466E+00
 h Mean   [L]       -0.97183E+02 -0.97183E+02
 ConcVol  [M/L2] 1   0.25185E+00  0.25185E+00
 cMean    [M/L3] 1   0.25540E-02  0.25540E-02
 SorbVolIm[M/L2] 1   0.44439E+02  0.44439E+02
 sMeanIm  [-]    1   0.10216E+00  0.10216E+00
 Top Flux [L/T]      0.36936E-01
 Bot Flux [L/T]      0.20299E+00
 WatBalT  [L]       -0.41583E-01
 WatBalR  [%]             10.097
 CncBalT  [M]    1   0.80109E-04
 CncBalR  [%]    1        13.301
----------------------------------------------------------
 
 Calculation time [sec]  9.999990463256836E-003
