 All solute fluxes and cumulative solute fluxes are positive into the region

       Time         cvTop        cvBot      Sum(cvTop)   Sum(cvBot)     cvCh0        cvCh1         cTop        cRoot         cBot        cvRoot    Sum(cvRoot)  Sum(cvNEql) TLevel      cGWL        cRunOff   Sum(cRunOff)    (cv(i),    Sum(cv(i)), i=1,NObs)
        [T]        [M/L2/T]     [M/L2/T]      [M/L2]       [M/L2]       [M/L2]      [M/L2]        [M/L3]      [M/L3]        [M/L3]      [M/L2/T]      [M/L2]       [M/L2]              [M/L3]        [M/L2]      [M/L3]      [M/L2/T]      [M/L2]
        0.0100  0.00000E+00 -0.49135E-03  0.00000E+00 -0.49135E-05  0.00000E+00  0.00000E+00  0.10339E-02  0.93501E-03  0.88158E-03  0.64239E-04  0.64239E-06 -0.13068E-05       1  0.88321E-03  0.00000E+00  0.00000E+00  0.32417E-04  0.32417E-06 -0.32930E-04 -0.32930E-06  0.80574E-04  0.80574E-06
        0.0200  0.00000E+00 -0.78349E-03  0.00000E+00 -0.12748E-04  0.00000E+00  0.00000E+00  0.10336E-02  0.93499E-03  0.88162E-03  0.64237E-04  0.12848E-05  0.12371E-05       2  0.88320E-03  0.00000E+00  0.00000E+00  0.18100E-04  0.50517E-06 -0.32103E-04 -0.65033E-06  0.77915E-04  0.15849E-05
        0.0330  0.00000E+00 -0.66623E-03  0.00000E+00 -0.21409E-04  0.00000E+00  0.00000E+00  0.10334E-02  0.93500E-03  0.88159E-03  0.64238E-04  0.21199E-05  0.79922E-07       3  0.88320E-03  0.00000E+00  0.00000E+00 -0.70378E-05  0.41368E-06 -0.30573E-04 -0.10478E-05  0.73991E-04  0.25468E-05
        0.0499  0.00000E+00 -0.56862E-03  0.00000E+00 -0.31019E-04  0.00000E+00  0.00000E+00  0.10329E-02  0.93499E-03  0.88158E-03  0.64238E-04  0.32055E-05 -0.10572E-05       4  0.88320E-03  0.00000E+00  0.00000E+00 -0.43047E-04 -0.31382E-06 -0.27874E-04 -0.15188E-05  0.68813E-04  0.37097E-05
        0.0719  0.00000E+00 -0.49403E-03  0.00000E+00 -0.41873E-04  0.00000E+00  0.00000E+00  0.10323E-02  0.93500E-03  0.88158E-03  0.64238E-04  0.46168E-05 -0.47569E-05       5  0.88320E-03  0.00000E+00  0.00000E+00 -0.10705E-03 -0.26658E-05 -0.22315E-04 -0.20091E-05  0.60242E-04  0.50332E-05
        0.1004  0.00000E+00 -0.42825E-03  0.00000E+00 -0.54104E-04  0.00000E+00  0.00000E+00  0.10311E-02  0.93499E-03  0.88157E-03  0.64238E-04  0.64515E-05 -0.14130E-04       6  0.88320E-03  0.00000E+00  0.00000E+00 -0.21014E-03 -0.86676E-05 -0.39232E-04 -0.31296E-05  0.43508E-04  0.62759E-05
        0.1376  0.00000E+00 -0.37037E-03  0.00000E+00 -0.67856E-04  0.00000E+00  0.00000E+00  0.10295E-02  0.93499E-03  0.88156E-03  0.64238E-04  0.88366E-05 -0.36961E-04       7  0.88320E-03  0.00000E+00  0.00000E+00 -0.36209E-03 -0.22112E-04 -0.26198E-03 -0.12857E-04  0.67832E-05  0.65277E-05
        0.1858  0.00000E+00 -0.31760E-03  0.00000E+00 -0.83186E-04  0.00000E+00  0.00000E+00  0.10273E-02  0.93498E-03  0.88156E-03  0.64237E-04  0.11937E-04 -0.88879E-04       8  0.88320E-03  0.00000E+00  0.00000E+00 -0.56650E-03 -0.49455E-04 -0.70387E-03 -0.46831E-04 -0.77677E-04  0.27784E-05
        0.2358  0.00000E+00 -0.27317E-03  0.00000E+00 -0.96844E-04  0.00000E+00  0.00000E+00  0.10254E-02  0.93497E-03  0.88155E-03  0.64235E-04  0.15149E-04 -0.16983E-03       9  0.88320E-03  0.00000E+00  0.00000E+00 -0.76922E-03 -0.87916E-04 -0.13347E-02 -0.11357E-03 -0.20814E-03 -0.76287E-05
        0.2858  0.00000E+00 -0.23950E-03  0.00000E+00 -0.10882E-03  0.00000E+00  0.00000E+00  0.10237E-02  0.93498E-03  0.88155E-03  0.64235E-04  0.18361E-04 -0.27619E-03      10  0.88320E-03  0.00000E+00  0.00000E+00 -0.93849E-03 -0.13484E-03 -0.20598E-02 -0.21655E-03 -0.37998E-03 -0.26628E-04
        0.3358  0.00000E+00 -0.21475E-03  0.00000E+00 -0.11956E-03  0.00000E+00  0.00000E+00  0.10225E-02  0.93499E-03  0.88155E-03  0.64234E-04  0.21572E-04 -0.40225E-03      11  0.88320E-03  0.00000E+00  0.00000E+00 -0.10721E-02 -0.18845E-03 -0.28065E-02 -0.35688E-03 -0.58522E-03 -0.55889E-04
        0.3858  0.00000E+00 -0.19770E-03  0.00000E+00 -0.12944E-03  0.00000E+00  0.00000E+00  0.10215E-02  0.93502E-03  0.88155E-03  0.64234E-04  0.24784E-04 -0.54164E-03      12  0.88320E-03  0.00000E+00  0.00000E+00 -0.11704E-02 -0.24697E-03 -0.35559E-02 -0.53467E-03 -0.81260E-03 -0.96519E-04
        0.4358  0.00000E+00 -0.18815E-03  0.00000E+00 -0.13885E-03  0.00000E+00  0.00000E+00  0.10208E-02  0.93505E-03  0.88155E-03  0.64234E-04  0.27996E-04 -0.68951E-03      13  0.88320E-03  0.00000E+00  0.00000E+00 -0.12377E-02 -0.30885E-03 -0.42154E-02 -0.74544E-03 -0.10470E-02 -0.14887E-03
        0.4858  0.00000E+00 -0.18640E-03  0.00000E+00 -0.14817E-03  0.00000E+00  0.00000E+00  0.10204E-02  0.93509E-03  0.88155E-03  0.64235E-04  0.31207E-04 -0.83976E-03      14  0.88320E-03  0.00000E+00  0.00000E+00 -0.12621E-02 -0.37195E-03 -0.47298E-02 -0.98193E-03 -0.12691E-02 -0.21232E-03
        0.5358  0.00000E+00 -0.19312E-03  0.00000E+00 -0.15783E-03  0.00000E+00  0.00000E+00  0.10203E-02  0.93512E-03  0.88155E-03  0.64235E-04  0.34419E-04 -0.98636E-03      15  0.88320E-03  0.00000E+00  0.00000E+00 -0.12477E-02 -0.43433E-03 -0.50520E-02 -0.12345E-02 -0.14597E-02 -0.28531E-03
        0.5858  0.00000E+00 -0.20891E-03  0.00000E+00 -0.16827E-03  0.00000E+00  0.00000E+00  0.10205E-02  0.93514E-03  0.88155E-03  0.64235E-04  0.37631E-04 -0.11233E-02      16  0.88320E-03  0.00000E+00  0.00000E+00 -0.11938E-02 -0.49402E-03 -0.51583E-02 -0.14924E-02 -0.16033E-02 -0.36547E-03
        0.6358  0.00000E+00 -0.23405E-03  0.00000E+00 -0.17997E-03  0.00000E+00  0.00000E+00  0.10210E-02  0.93516E-03  0.88156E-03  0.64235E-04  0.40843E-04 -0.12458E-02      17  0.88320E-03  0.00000E+00  0.00000E+00 -0.11003E-02 -0.54904E-03 -0.50693E-02 -0.17459E-02 -0.16969E-02 -0.45032E-03
        0.6858  0.00000E+00 -0.26854E-03  0.00000E+00 -0.19340E-03  0.00000E+00  0.00000E+00  0.10218E-02  0.93515E-03  0.88157E-03  0.64235E-04  0.44054E-04 -0.13498E-02      18  0.88320E-03  0.00000E+00  0.00000E+00 -0.97625E-03 -0.59785E-03 -0.48288E-02 -0.19873E-02 -0.17229E-02 -0.53647E-03
        0.7358  0.00000E+00 -0.31191E-03  0.00000E+00 -0.20900E-03  0.00000E+00  0.00000E+00  0.10228E-02  0.93515E-03  0.88157E-03  0.64235E-04  0.47266E-04 -0.14337E-02      19  0.88320E-03  0.00000E+00  0.00000E+00 -0.82520E-03 -0.63911E-03 -0.43995E-02 -0.22073E-02 -0.16880E-02 -0.62086E-03
        0.7858  0.00000E+00 -0.36277E-03  0.00000E+00 -0.22713E-03  0.00000E+00  0.00000E+00  0.10242E-02  0.93513E-03  0.88158E-03  0.64234E-04  0.50478E-04 -0.14934E-02      20  0.88320E-03  0.00000E+00  0.00000E+00 -0.62775E-03 -0.67050E-03 -0.37953E-02 -0.23971E-02 -0.15877E-02 -0.70025E-03
        0.8358  0.00000E+00 -0.41910E-03  0.00000E+00 -0.24809E-03  0.00000E+00  0.00000E+00  0.10258E-02  0.93512E-03  0.88159E-03  0.64234E-04  0.53690E-04 -0.15273E-02      21  0.88320E-03  0.00000E+00  0.00000E+00 -0.42212E-03 -0.69161E-03 -0.30963E-02 -0.25519E-02 -0.14290E-02 -0.77170E-03
        0.8858  0.00000E+00 -0.47830E-03  0.00000E+00 -0.27200E-03  0.00000E+00  0.00000E+00  0.10274E-02  0.93510E-03  0.88160E-03  0.64234E-04  0.56901E-04 -0.15400E-02      22  0.88320E-03  0.00000E+00  0.00000E+00 -0.22560E-03 -0.70289E-03 -0.24167E-02 -0.26727E-02 -0.12409E-02 -0.83374E-03
        0.9358  0.00000E+00 -0.53745E-03  0.00000E+00 -0.29888E-03  0.00000E+00  0.00000E+00  0.10288E-02  0.93509E-03  0.88161E-03  0.64234E-04  0.60113E-04 -0.15384E-02      23  0.88320E-03  0.00000E+00  0.00000E+00 -0.66554E-04 -0.70622E-03 -0.18343E-02 -0.27645E-02 -0.10513E-02 -0.88631E-03
        0.9679  0.00000E+00 -0.58477E-03  0.00000E+00 -0.31764E-03  0.00000E+00  0.00000E+00  0.10294E-02  0.93507E-03  0.88162E-03  0.64234E-04  0.62174E-04 -0.15343E-02      24  0.88320E-03  0.00000E+00  0.00000E+00 -0.18513E-05 -0.70628E-03 -0.15195E-02 -0.28132E-02 -0.93581E-03 -0.91634E-03
        1.0000  0.00000E+00 -0.61985E-03  0.00000E+00 -0.33753E-03  0.00000E+00  0.00000E+00  0.10298E-02  0.93505E-03  0.88162E-03  0.64234E-04  0.64235E-04 -0.15297E-02      25  0.88320E-03  0.00000E+00  0.00000E+00  0.42504E-04 -0.70491E-03 -0.12796E-02 -0.28543E-02 -0.83321E-03 -0.94307E-03
end
