 All solute fluxes and cumulative solute fluxes are positive into the region

       Time         cvTop        cvBot      Sum(cvTop)   Sum(cvBot)     cvCh0        cvCh1         cTop        cRoot         cBot        cvRoot    Sum(cvRoot)  Sum(cvNEql) TLevel      cGWL        cRunOff   Sum(cRunOff)    (cv(i),    Sum(cv(i)), i=1,NObs)
        [T]        [M/L2/T]     [M/L2/T]      [M/L2]       [M/L2]       [M/L2]      [M/L2]        [M/L3]      [M/L3]        [M/L3]      [M/L2/T]      [M/L2]       [M/L2]              [M/L3]        [M/L2]      [M/L3]      [M/L2/T]      [M/L2]
        0.0100  0.00000E+00  0.00000E+00  0.00000E+00  0.00000E+00  0.00000E+00  0.00000E+00  0.10429E-02  0.94358E-03  0.87877E-03  0.49679E-04  0.49679E-06 -0.34324E-05       1  0.88319E-03  0.00000E+00  0.00000E+00  0.41370E-04  0.41370E-06 -0.74975E-04 -0.74975E-06  0.20547E-03  0.20547E-05
        0.0200  0.00000E+00  0.00000E+00  0.00000E+00  0.00000E+00  0.00000E+00  0.00000E+00  0.10429E-02  0.94343E-03  0.87935E-03  0.49672E-04  0.99350E-06 -0.39578E-05       2  0.88319E-03  0.00000E+00  0.00000E+00  0.38628E-04  0.79999E-06 -0.73397E-04 -0.14837E-05  0.20208E-03  0.40754E-05
        0.0330  0.00000E+00  0.00000E+00  0.00000E+00  0.00000E+00  0.00000E+00  0.00000E+00  0.10428E-02  0.94348E-03  0.87915E-03  0.49674E-04  0.16393E-05 -0.55643E-05       3  0.88318E-03  0.00000E+00  0.00000E+00  0.32043E-04  0.12166E-05 -0.71318E-04 -0.24109E-05  0.19738E-03  0.66414E-05
        0.0499  0.00000E+00  0.00000E+00  0.00000E+00  0.00000E+00  0.00000E+00  0.00000E+00  0.10427E-02  0.94346E-03  0.87897E-03  0.49673E-04  0.24787E-05 -0.81622E-05       4  0.88318E-03  0.00000E+00  0.00000E+00  0.18724E-04  0.15330E-05 -0.68657E-04 -0.35712E-05  0.19164E-03  0.98802E-05
        0.0719  0.00000E+00  0.00000E+00  0.00000E+00  0.00000E+00  0.00000E+00  0.00000E+00  0.10425E-02  0.94347E-03  0.87881E-03  0.49673E-04  0.35701E-05 -0.12292E-04       5  0.88318E-03  0.00000E+00  0.00000E+00 -0.47344E-05  0.14290E-05 -0.64819E-04 -0.49952E-05  0.18414E-03  0.13926E-04
        0.1004  0.00000E+00  0.00000E+00  0.00000E+00  0.00000E+00  0.00000E+00  0.00000E+00  0.10421E-02  0.94347E-03  0.87868E-03  0.49673E-04  0.49888E-05 -0.19126E-04       6  0.88318E-03  0.00000E+00  0.00000E+00 -0.38879E-04  0.31854E-06 -0.58859E-04 -0.66763E-05  0.17388E-03  0.18892E-04
        0.1376  0.00000E+00  0.00000E+00  0.00000E+00  0.00000E+00  0.00000E+00  0.00000E+00  0.10415E-02  0.94347E-03  0.87855E-03  0.49673E-04  0.68331E-05 -0.30768E-04       7  0.88318E-03  0.00000E+00  0.00000E+00 -0.94694E-04 -0.31974E-05 -0.48723E-04 -0.84854E-05  0.15833E-03  0.24771E-04
        0.1858  0.00000E+00  0.00000E+00  0.00000E+00  0.00000E+00  0.00000E+00  0.00000E+00  0.10406E-02  0.94347E-03  0.87844E-03  0.49674E-04  0.92308E-05 -0.51389E-04       8  0.88317E-03  0.00000E+00  0.00000E+00 -0.17801E-03 -0.11789E-04 -0.30777E-04 -0.99709E-05  0.13285E-03  0.31183E-04
        0.2358  0.00000E+00  0.00000E+00  0.00000E+00  0.00000E+00  0.00000E+00  0.00000E+00  0.10395E-02  0.94347E-03  0.87834E-03  0.49674E-04  0.11714E-04 -0.79213E-04       9  0.88317E-03  0.00000E+00  0.00000E+00 -0.26713E-03 -0.25146E-04 -0.62466E-04 -0.13094E-04  0.99134E-04  0.36140E-04
        0.2858  0.00000E+00  0.00000E+00  0.00000E+00  0.00000E+00  0.00000E+00  0.00000E+00  0.10389E-02  0.94347E-03  0.87827E-03  0.49674E-04  0.14198E-04 -0.11092E-03      10  0.88317E-03  0.00000E+00  0.00000E+00 -0.31493E-03 -0.40893E-04 -0.21127E-03 -0.23658E-04  0.60517E-04  0.39166E-04
        0.3358  0.00000E+00  0.00000E+00  0.00000E+00  0.00000E+00  0.00000E+00  0.00000E+00  0.10388E-02  0.94348E-03  0.87821E-03  0.49674E-04  0.16682E-04 -0.14139E-03      11  0.88317E-03  0.00000E+00  0.00000E+00 -0.31599E-03 -0.56692E-04 -0.31994E-03 -0.39654E-04  0.26795E-04  0.40506E-04
        0.3858  0.00000E+00  0.00000E+00  0.00000E+00  0.00000E+00  0.00000E+00  0.00000E+00  0.10387E-02  0.94349E-03  0.87817E-03  0.49675E-04  0.19166E-04 -0.16868E-03      12  0.88317E-03  0.00000E+00  0.00000E+00 -0.31706E-03 -0.72545E-04 -0.39322E-03 -0.59315E-04  0.36632E-05  0.40689E-04
        0.4358  0.00000E+00  0.00000E+00  0.00000E+00  0.00000E+00  0.00000E+00  0.00000E+00  0.10386E-02  0.94351E-03  0.87814E-03  0.49675E-04  0.21649E-04 -0.19333E-03      13  0.88317E-03  0.00000E+00  0.00000E+00 -0.31702E-03 -0.88396E-04 -0.43803E-03 -0.81217E-04 -0.12621E-04  0.40058E-04
        0.4858  0.00000E+00  0.00000E+00  0.00000E+00  0.00000E+00  0.00000E+00  0.00000E+00  0.10385E-02  0.94352E-03  0.87813E-03  0.49676E-04  0.24133E-04 -0.21593E-03      14  0.88317E-03  0.00000E+00  0.00000E+00 -0.31641E-03 -0.10422E-03 -0.46687E-03 -0.10456E-03 -0.24002E-04  0.38858E-04
        0.5358  0.00000E+00  0.00000E+00  0.00000E+00  0.00000E+00  0.00000E+00  0.00000E+00  0.10385E-02  0.94353E-03  0.87812E-03  0.49676E-04  0.26617E-04 -0.23740E-03      15  0.88317E-03  0.00000E+00  0.00000E+00 -0.31464E-03 -0.11995E-03 -0.48741E-03 -0.12893E-03 -0.33283E-04  0.37193E-04
        0.5858  0.00000E+00  0.00000E+00  0.00000E+00  0.00000E+00  0.00000E+00  0.00000E+00  0.10384E-02  0.94354E-03  0.87813E-03  0.49676E-04  0.29101E-04 -0.25856E-03      16  0.88317E-03  0.00000E+00  0.00000E+00 -0.31210E-03 -0.13555E-03 -0.50488E-03 -0.15417E-03 -0.43066E-04  0.35040E-04
        0.6358  0.00000E+00  0.00000E+00  0.00000E+00  0.00000E+00  0.00000E+00  0.00000E+00  0.10383E-02  0.94354E-03  0.87814E-03  0.49676E-04  0.31585E-04 -0.28034E-03      17  0.88317E-03  0.00000E+00  0.00000E+00 -0.30867E-03 -0.15099E-03 -0.52271E-03 -0.18031E-03 -0.55399E-04  0.32270E-04
        0.6858  0.00000E+00  0.00000E+00  0.00000E+00  0.00000E+00  0.00000E+00  0.00000E+00  0.10383E-02  0.94353E-03  0.87817E-03  0.49676E-04  0.34068E-04 -0.30349E-03      18  0.88317E-03  0.00000E+00  0.00000E+00 -0.30471E-03 -0.16622E-03 -0.54427E-03 -0.20752E-03 -0.71449E-04  0.28698E-04
        0.7358  0.00000E+00  0.00000E+00  0.00000E+00  0.00000E+00  0.00000E+00  0.00000E+00  0.10382E-02  0.94352E-03  0.87820E-03  0.49675E-04  0.36552E-04 -0.32865E-03      19  0.88317E-03  0.00000E+00  0.00000E+00 -0.30037E-03 -0.18124E-03 -0.57245E-03 -0.23615E-03 -0.91510E-04  0.24122E-04
        0.7858  0.00000E+00  0.00000E+00  0.00000E+00  0.00000E+00  0.00000E+00  0.00000E+00  0.10390E-02  0.94351E-03  0.87824E-03  0.49674E-04  0.39036E-04 -0.35043E-03      20  0.88317E-03  0.00000E+00  0.00000E+00 -0.21441E-03 -0.19196E-03 -0.53982E-03 -0.26314E-03 -0.10768E-03  0.18739E-04
        0.8358  0.00000E+00  0.00000E+00  0.00000E+00  0.00000E+00  0.00000E+00  0.00000E+00  0.10398E-02  0.94351E-03  0.87828E-03  0.49674E-04  0.41520E-04 -0.36548E-03      21  0.88317E-03  0.00000E+00  0.00000E+00 -0.12967E-03 -0.19845E-03 -0.45697E-03 -0.28599E-03 -0.10855E-03  0.13311E-04
        0.8858  0.00000E+00  0.00000E+00  0.00000E+00  0.00000E+00  0.00000E+00  0.00000E+00  0.10405E-02  0.94350E-03  0.87833E-03  0.49674E-04  0.44003E-04 -0.37523E-03      22  0.88317E-03  0.00000E+00  0.00000E+00 -0.53155E-04 -0.20110E-03 -0.34824E-03 -0.30340E-03 -0.98523E-04  0.83848E-05
        0.9358  0.00000E+00  0.00000E+00  0.00000E+00  0.00000E+00  0.00000E+00  0.00000E+00  0.10412E-02  0.94350E-03  0.87838E-03  0.49674E-04  0.46487E-04 -0.38102E-03      23  0.88317E-03  0.00000E+00  0.00000E+00  0.40966E-05 -0.20090E-03 -0.24010E-03 -0.31540E-03 -0.81206E-04  0.43245E-05
        0.9679  0.00000E+00  0.00000E+00  0.00000E+00  0.00000E+00  0.00000E+00  0.00000E+00  0.10415E-02  0.94349E-03  0.87842E-03  0.49674E-04  0.48081E-04 -0.38380E-03      24  0.88317E-03  0.00000E+00  0.00000E+00  0.34783E-04 -0.19978E-03 -0.17709E-03 -0.32108E-03 -0.68780E-04  0.21176E-05
        1.0000  0.00000E+00  0.00000E+00  0.00000E+00  0.00000E+00  0.00000E+00  0.00000E+00  0.10416E-02  0.94349E-03  0.87846E-03  0.49674E-04  0.49675E-04 -0.38618E-03      25  0.88317E-03  0.00000E+00  0.00000E+00  0.44834E-04 -0.19834E-03 -0.12653E-03 -0.32514E-03 -0.55845E-04  0.32578E-06
end
