 ******* Program HYDRUS
 ******* 
 Welcome to HYDRUS-1D                                                    
 Date:   3. 3.2022    Time:  23: 2:54
 Units: L = cm   , T = days , M = mg   

----------------------------------------------------------
 Time       [T]        0.0000
----------------------------------------------------------
 Sub-region num.                     1
----------------------------------------------------------
 Length   [L]        0.30000E+03  0.30000E+03
 W-volume [L]        0.98669E+02  0.98669E+02
 In-flow  [L/T]      0.00000E+00  0.00000E+00
 h Mean   [L]       -0.98785E+02 -0.98785E+02
 ConcVol  [M/L2] 1   0.25229E+00  0.25229E+00
 cMean    [M/L3] 1   0.25639E-02  0.25639E-02
 SorbVolIm[M/L2] 1   0.44604E+02  0.44604E+02
 sMeanIm  [-]    1   0.10254E+00  0.10254E+00
 Top Flux [L/T]      0.86913E-01
 Bot Flux [L/T]      0.14491E+00
----------------------------------------------------------

----------------------------------------------------------
 Time       [T]        1.0000
----------------------------------------------------------
 Sub-region num.                     1
----------------------------------------------------------
 Length   [L]        0.30000E+03  0.30000E+03
 W-volume [L]        0.98347E+02  0.98347E+02
 In-flow  [L/T]      0.65027E-01  0.65027E-01
 h Mean   [L]       -0.10199E+03 -0.10199E+03
 ConcVol  [M/L2] 1   0.25144E+00  0.25144E+00
 cMean    [M/L3] 1   0.25636E-02  0.25636E-02
 SorbVolIm[M/L2] 1   0.44604E+02  0.44604E+02
 sMeanIm  [-]    1   0.10254E+00  0.10254E+00
 Top Flux [L/T]      0.82978E-01
 Bot Flux [L/T]      0.15049E+00
 WatBalT  [L]       -0.15118E-01
 WatBalR  [%]              3.346
 CncBalT  [M]    1  -0.53406E-04
 CncBalR  [%]    1         6.250
----------------------------------------------------------
 
 Calculation time [sec]  0.000000000000000E+000
