 All solute fluxes and cumulative solute fluxes are positive into the region

       Time         cvTop        cvBot      Sum(cvTop)   Sum(cvBot)     cvCh0        cvCh1         cTop        cRoot         cBot        cvRoot    Sum(cvRoot)  Sum(cvNEql) TLevel      cGWL        cRunOff   Sum(cRunOff)    (cv(i),    Sum(cv(i)), i=1,NObs)
        [T]        [M/L2/T]     [M/L2/T]      [M/L2]       [M/L2]       [M/L2]      [M/L2]        [M/L3]      [M/L3]        [M/L3]      [M/L2/T]      [M/L2]       [M/L2]              [M/L3]        [M/L2]      [M/L3]      [M/L2/T]      [M/L2]
        0.0100  0.00000E+00 -0.70305E-03  0.00000E+00 -0.70305E-05  0.00000E+00  0.00000E+00  0.10654E-02  0.10677E-02  0.88160E-03  0.60410E-05  0.60410E-07  0.34482E-06       1  0.88308E-03  0.00000E+00  0.00000E+00  0.11858E-03  0.11858E-05 -0.25465E-03 -0.25465E-05  0.97556E-04  0.97556E-06
        0.0200  0.00000E+00 -0.80891E-03  0.00000E+00 -0.15120E-04  0.00000E+00  0.00000E+00  0.10654E-02  0.10676E-02  0.88162E-03  0.60404E-05  0.12081E-06  0.26627E-05       2  0.88307E-03  0.00000E+00  0.00000E+00  0.10653E-03  0.22511E-05 -0.24453E-03 -0.49918E-05  0.94243E-04  0.19180E-05
        0.0330  0.00000E+00 -0.74129E-03  0.00000E+00 -0.24756E-04  0.00000E+00  0.00000E+00  0.10651E-02  0.10676E-02  0.88161E-03  0.60406E-05  0.19934E-06  0.37611E-05       3  0.88307E-03  0.00000E+00  0.00000E+00  0.77425E-04  0.32577E-05 -0.22853E-03 -0.79627E-05  0.89318E-04  0.30791E-05
        0.0499  0.00000E+00 -0.68939E-03  0.00000E+00 -0.36407E-04  0.00000E+00  0.00000E+00  0.10645E-02  0.10676E-02  0.88160E-03  0.60406E-05  0.30143E-06  0.47475E-05       4  0.88307E-03  0.00000E+00  0.00000E+00  0.17207E-04  0.35485E-05 -0.20639E-03 -0.11451E-04  0.82593E-04  0.44750E-05
        0.0719  0.00000E+00 -0.65190E-03  0.00000E+00 -0.50729E-04  0.00000E+00  0.00000E+00  0.10635E-02  0.10677E-02  0.88160E-03  0.60407E-05  0.43414E-06  0.38745E-05       5  0.88307E-03  0.00000E+00  0.00000E+00 -0.83256E-04  0.17193E-05 -0.16977E-03 -0.15180E-04  0.72380E-04  0.60651E-05
        0.1004  0.00000E+00 -0.61784E-03  0.00000E+00 -0.68375E-04  0.00000E+00  0.00000E+00  0.10618E-02  0.10677E-02  0.88159E-03  0.60408E-05  0.60667E-06 -0.24529E-05       6  0.88307E-03  0.00000E+00  0.00000E+00 -0.24001E-03 -0.51356E-05 -0.10396E-03 -0.18150E-04  0.55061E-04  0.76377E-05
        0.1376  0.00000E+00 -0.58553E-03  0.00000E+00 -0.90116E-04  0.00000E+00  0.00000E+00  0.10594E-02  0.10677E-02  0.88159E-03  0.60410E-05  0.83097E-06 -0.22288E-04       7  0.88307E-03  0.00000E+00  0.00000E+00 -0.46698E-03 -0.22474E-04 -0.13447E-03 -0.23143E-04  0.21622E-04  0.84406E-05
        0.1858  0.00000E+00 -0.55238E-03  0.00000E+00 -0.11678E-03  0.00000E+00  0.00000E+00  0.10563E-02  0.10676E-02  0.88159E-03  0.60406E-05  0.11225E-05 -0.72532E-04       8  0.88307E-03  0.00000E+00  0.00000E+00 -0.76095E-03 -0.59204E-04 -0.74213E-03 -0.58964E-04 -0.49238E-04  0.60640E-05
        0.2358  0.00000E+00 -0.52029E-03  0.00000E+00 -0.14279E-03  0.00000E+00  0.00000E+00  0.10536E-02  0.10673E-02  0.88159E-03  0.60395E-05  0.14245E-05 -0.15430E-03       9  0.88307E-03  0.00000E+00  0.00000E+00 -0.10504E-02 -0.11172E-03 -0.15975E-02 -0.13884E-03 -0.16077E-03 -0.19748E-05
        0.2858  0.00000E+00 -0.49177E-03  0.00000E+00 -0.16738E-03  0.00000E+00  0.00000E+00  0.10518E-02  0.10669E-02  0.88159E-03  0.60381E-05  0.17264E-05 -0.25768E-03      10  0.88307E-03  0.00000E+00  0.00000E+00 -0.12309E-02 -0.17327E-03 -0.25473E-02 -0.26620E-03 -0.30979E-03 -0.17464E-04
        0.3358  0.00000E+00 -0.46641E-03  0.00000E+00 -0.19070E-03  0.00000E+00  0.00000E+00  0.10510E-02  0.10665E-02  0.88159E-03  0.60366E-05  0.20282E-05 -0.36949E-03      11  0.88307E-03  0.00000E+00  0.00000E+00 -0.13103E-02 -0.23878E-03 -0.33880E-02 -0.43560E-03 -0.48057E-03 -0.41493E-04
        0.3858  0.00000E+00 -0.44373E-03  0.00000E+00 -0.21289E-03  0.00000E+00  0.00000E+00  0.10501E-02  0.10661E-02  0.88159E-03  0.60353E-05  0.23300E-05 -0.48670E-03      12  0.88307E-03  0.00000E+00  0.00000E+00 -0.13622E-02 -0.30689E-03 -0.40953E-02 -0.64037E-03 -0.65954E-03 -0.74470E-04
        0.4358  0.00000E+00 -0.42370E-03  0.00000E+00 -0.23407E-03  0.00000E+00  0.00000E+00  0.10496E-02  0.10657E-02  0.88158E-03  0.60339E-05  0.26317E-05 -0.60798E-03      13  0.88307E-03  0.00000E+00  0.00000E+00 -0.14049E-02 -0.37714E-03 -0.46367E-02 -0.87220E-03 -0.83502E-03 -0.11622E-03
        0.4858  0.00000E+00 -0.40648E-03  0.00000E+00 -0.25440E-03  0.00000E+00  0.00000E+00  0.10492E-02  0.10654E-02  0.88158E-03  0.60329E-05  0.29334E-05 -0.72983E-03      14  0.88307E-03  0.00000E+00  0.00000E+00 -0.14080E-02 -0.44754E-03 -0.51141E-02 -0.11279E-02 -0.99557E-03 -0.16600E-03
        0.5358  0.00000E+00 -0.39235E-03  0.00000E+00 -0.27401E-03  0.00000E+00  0.00000E+00  0.10491E-02  0.10650E-02  0.88158E-03  0.60318E-05  0.32349E-05 -0.84970E-03      15  0.88307E-03  0.00000E+00  0.00000E+00 -0.13990E-02 -0.51749E-03 -0.54839E-02 -0.14021E-02 -0.11351E-02 -0.22276E-03
        0.5858  0.00000E+00 -0.38166E-03  0.00000E+00 -0.29310E-03  0.00000E+00  0.00000E+00  0.10491E-02  0.10648E-02  0.88158E-03  0.60311E-05  0.35365E-05 -0.96456E-03      16  0.88307E-03  0.00000E+00  0.00000E+00 -0.13529E-02 -0.58513E-03 -0.56728E-02 -0.16857E-02 -0.12526E-02 -0.28539E-03
        0.6358  0.00000E+00 -0.37474E-03  0.00000E+00 -0.31183E-03  0.00000E+00  0.00000E+00  0.10493E-02  0.10646E-02  0.88159E-03  0.60304E-05  0.38380E-05 -0.10724E-02      17  0.88307E-03  0.00000E+00  0.00000E+00 -0.12942E-02 -0.64984E-03 -0.57135E-02 -0.19714E-02 -0.13372E-02 -0.35225E-03
        0.6858  0.00000E+00 -0.37191E-03  0.00000E+00 -0.33043E-03  0.00000E+00  0.00000E+00  0.10497E-02  0.10646E-02  0.88159E-03  0.60302E-05  0.41395E-05 -0.11712E-02      18  0.88307E-03  0.00000E+00  0.00000E+00 -0.12090E-02 -0.71030E-03 -0.56255E-02 -0.22527E-02 -0.13891E-02 -0.42171E-03
        0.7358  0.00000E+00 -0.37337E-03  0.00000E+00 -0.34910E-03  0.00000E+00  0.00000E+00  0.10501E-02  0.10645E-02  0.88159E-03  0.60300E-05  0.44410E-05 -0.12602E-02      19  0.88307E-03  0.00000E+00  0.00000E+00 -0.11183E-02 -0.76621E-03 -0.54387E-02 -0.25246E-02 -0.14087E-02 -0.49214E-03
        0.7858  0.00000E+00 -0.37925E-03  0.00000E+00 -0.36806E-03  0.00000E+00  0.00000E+00  0.10523E-02  0.10646E-02  0.88159E-03  0.60302E-05  0.47425E-05 -0.13212E-02      20  0.88307E-03  0.00000E+00  0.00000E+00 -0.84634E-03 -0.80853E-03 -0.48786E-02 -0.27686E-02 -0.13692E-02 -0.56060E-03
        0.8358  0.00000E+00 -0.38945E-03  0.00000E+00 -0.38753E-03  0.00000E+00  0.00000E+00  0.10544E-02  0.10649E-02  0.88160E-03  0.60315E-05  0.50441E-05 -0.13522E-02      21  0.88307E-03  0.00000E+00  0.00000E+00 -0.55969E-03 -0.83651E-03 -0.41166E-02 -0.29744E-02 -0.12731E-02 -0.62425E-03
        0.8858  0.00000E+00 -0.40376E-03  0.00000E+00 -0.40772E-03  0.00000E+00  0.00000E+00  0.10568E-02  0.10652E-02  0.88160E-03  0.60326E-05  0.53457E-05 -0.13612E-02      22  0.88307E-03  0.00000E+00  0.00000E+00 -0.27369E-03 -0.85020E-03 -0.32853E-02 -0.31387E-02 -0.11385E-02 -0.68117E-03
        0.9358  0.00000E+00 -0.42161E-03  0.00000E+00 -0.42880E-03  0.00000E+00  0.00000E+00  0.10589E-02  0.10657E-02  0.88160E-03  0.60343E-05  0.56475E-05 -0.13536E-02      23  0.88307E-03  0.00000E+00  0.00000E+00 -0.36117E-04 -0.85200E-03 -0.25260E-02 -0.32650E-02 -0.98955E-03 -0.73065E-03
        0.9679  0.00000E+00 -0.43813E-03  0.00000E+00 -0.44286E-03  0.00000E+00  0.00000E+00  0.10601E-02  0.10660E-02  0.88161E-03  0.60352E-05  0.58411E-05 -0.13458E-02      24  0.88307E-03  0.00000E+00  0.00000E+00  0.92713E-04 -0.84903E-03 -0.20918E-02 -0.33321E-02 -0.89459E-03 -0.75935E-03
        1.0000  0.00000E+00 -0.45224E-03  0.00000E+00 -0.45737E-03  0.00000E+00  0.00000E+00  0.10607E-02  0.10662E-02  0.88161E-03  0.60360E-05  0.60348E-05 -0.13369E-02      25  0.88307E-03  0.00000E+00  0.00000E+00  0.14053E-03 -0.84452E-03 -0.17392E-02 -0.33879E-02 -0.80525E-03 -0.78519E-03
end
