 ******* Program HYDRUS
 ******* 
 Welcome to HYDRUS-1D                                                    
 Date:  29. 3.2022    Time:  17:27:33
 Units: L = cm   , T = days , M = mg   

----------------------------------------------------------
 Time       [T]        0.0000
----------------------------------------------------------
 Sub-region num.                     1
----------------------------------------------------------
 Length   [L]        0.30000E+03  0.30000E+03
 W-volume [L]        0.10006E+03  0.10006E+03
 In-flow  [L/T]      0.00000E+00  0.00000E+00
 h Mean   [L]       -0.85067E+02 -0.85067E+02
 ConcVol  [M/L2] 1   0.88980E-01  0.88980E-01
 cMean    [M/L3] 1   0.89059E-03  0.89059E-03
 SorbVolIm[M/L2] 1   0.46490E+02  0.46490E+02
 sMeanIm  [-]    1   0.10687E+00  0.10687E+00
 Top Flux [L/T]      0.71133E-01
 Bot Flux [L/T]     -0.14479E-01
----------------------------------------------------------

----------------------------------------------------------
 Time       [T]        1.0000
----------------------------------------------------------
 Sub-region num.                     1
----------------------------------------------------------
 Length   [L]        0.30000E+03  0.30000E+03
 W-volume [L]        0.99399E+02  0.99399E+02
 In-flow  [L/T]     -0.20309E-01 -0.20309E-01
 h Mean   [L]       -0.91223E+02 -0.91223E+02
 ConcVol  [M/L2] 1   0.88391E-01  0.88391E-01
 cMean    [M/L3] 1   0.89064E-03  0.89064E-03
 SorbVolIm[M/L2] 1   0.46491E+02  0.46491E+02
 sMeanIm  [-]    1   0.10687E+00  0.10687E+00
 Top Flux [L/T]      0.95583E-01
 Bot Flux [L/T]      0.12092E+00
 WatBalT  [L]       -0.61183E-01
 WatBalR  [%]              9.074
 CncBalT  [M]    1   0.91553E-04
 CncBalR  [%]    1        15.475
----------------------------------------------------------
 
 Calculation time [sec]  9.999999776482582E-003
