 All solute fluxes and cumulative solute fluxes are positive into the region

       Time         cvTop        cvBot      Sum(cvTop)   Sum(cvBot)     cvCh0        cvCh1         cTop        cRoot         cBot        cvRoot    Sum(cvRoot)  Sum(cvNEql) TLevel      cGWL        cRunOff   Sum(cRunOff)    (cv(i),    Sum(cv(i)), i=1,NObs)
        [T]        [M/L2/T]     [M/L2/T]      [M/L2]       [M/L2]       [M/L2]      [M/L2]        [M/L3]      [M/L3]        [M/L3]      [M/L2/T]      [M/L2]       [M/L2]              [M/L3]        [M/L2]      [M/L3]      [M/L2/T]      [M/L2]
        0.0100  0.00000E+00 -0.35103E-04  0.00000E+00 -0.35103E-06  0.00000E+00  0.00000E+00  0.83649E-03  0.88265E-03  0.87731E-03  0.52799E-04  0.52799E-06 -0.28361E-05       1  0.88323E-03  0.00000E+00  0.00000E+00  0.51722E-04  0.51722E-06  0.12797E-04  0.12797E-06 -0.29726E-04 -0.29726E-06
        0.0200  0.00000E+00 -0.65343E-04  0.00000E+00 -0.10045E-05  0.00000E+00  0.00000E+00  0.83638E-03  0.88269E-03  0.87688E-03  0.52801E-04  0.10560E-05  0.15352E-05       2  0.88321E-03  0.00000E+00  0.00000E+00  0.44179E-04  0.95901E-06 -0.36983E-05  0.90990E-07 -0.38101E-04 -0.67828E-06
        0.0330  0.00000E+00 -0.55440E-04  0.00000E+00 -0.17252E-05  0.00000E+00  0.00000E+00  0.83623E-03  0.88267E-03  0.87690E-03  0.52800E-04  0.17424E-05  0.40900E-05       3  0.88321E-03  0.00000E+00  0.00000E+00  0.26636E-04  0.13053E-05 -0.16776E-04 -0.12710E-06 -0.40656E-04 -0.12068E-05
        0.0499  0.00000E+00 -0.47105E-04  0.00000E+00 -0.25213E-05  0.00000E+00  0.00000E+00  0.83600E-03  0.88267E-03  0.87688E-03  0.52800E-04  0.26347E-05  0.75911E-05       4  0.88321E-03  0.00000E+00  0.00000E+00  0.57644E-05  0.14027E-05 -0.26068E-04 -0.56765E-06 -0.38884E-04 -0.18639E-05
        0.0719  0.00000E+00 -0.43226E-04  0.00000E+00 -0.34709E-05  0.00000E+00  0.00000E+00  0.83579E-03  0.88267E-03  0.87688E-03  0.52800E-04  0.37947E-05  0.10962E-04       5  0.88321E-03  0.00000E+00  0.00000E+00 -0.11157E-04  0.11576E-05 -0.45967E-04 -0.15775E-05 -0.44211E-04 -0.28353E-05
        0.1004  0.00000E+00 -0.48849E-04  0.00000E+00 -0.48661E-05  0.00000E+00  0.00000E+00  0.83550E-03  0.88267E-03  0.87689E-03  0.52800E-04  0.53027E-05  0.13336E-04       6  0.88321E-03  0.00000E+00  0.00000E+00 -0.40263E-04  0.76402E-08 -0.88877E-04 -0.41160E-05 -0.66213E-04 -0.47264E-05
        0.1376  0.00000E+00 -0.76572E-04  0.00000E+00 -0.77092E-05  0.00000E+00  0.00000E+00  0.83503E-03  0.88267E-03  0.87693E-03  0.52799E-04  0.72631E-05  0.11850E-04       7  0.88321E-03  0.00000E+00  0.00000E+00 -0.86079E-04 -0.31884E-05 -0.17550E-03 -0.10632E-04 -0.12274E-03 -0.92838E-05
        0.1858  0.00000E+00 -0.14928E-03  0.00000E+00 -0.14915E-04  0.00000E+00  0.00000E+00  0.83436E-03  0.88266E-03  0.87703E-03  0.52799E-04  0.98116E-05  0.89336E-06       8  0.88321E-03  0.00000E+00  0.00000E+00 -0.15248E-03 -0.10548E-04 -0.33394E-03 -0.26751E-04 -0.24184E-03 -0.20957E-04
        0.2358  0.00000E+00 -0.27708E-03  0.00000E+00 -0.28768E-04  0.00000E+00  0.00000E+00  0.83367E-03  0.88265E-03  0.87716E-03  0.52798E-04  0.12452E-04 -0.21918E-04       9  0.88322E-03  0.00000E+00  0.00000E+00 -0.22166E-03 -0.21631E-04 -0.53757E-03 -0.53629E-04 -0.40999E-03 -0.41457E-04
        0.2858  0.00000E+00 -0.44525E-03  0.00000E+00 -0.51031E-04  0.00000E+00  0.00000E+00  0.83313E-03  0.88263E-03  0.87731E-03  0.52797E-04  0.15091E-04 -0.54816E-04      10  0.88322E-03  0.00000E+00  0.00000E+00 -0.27475E-03 -0.35369E-04 -0.73949E-03 -0.90604E-04 -0.59528E-03 -0.71221E-04
        0.3358  0.00000E+00 -0.62609E-03  0.00000E+00 -0.82335E-04  0.00000E+00  0.00000E+00  0.83278E-03  0.88263E-03  0.87744E-03  0.52796E-04  0.17731E-04 -0.94651E-04      11  0.88322E-03  0.00000E+00  0.00000E+00 -0.30791E-03 -0.50764E-04 -0.91351E-03 -0.13628E-03 -0.77302E-03 -0.10987E-03
        0.3858  0.00000E+00 -0.79824E-03  0.00000E+00 -0.12225E-03  0.00000E+00  0.00000E+00  0.83249E-03  0.88262E-03  0.87756E-03  0.52795E-04  0.20371E-04 -0.13955E-03      12  0.88322E-03  0.00000E+00  0.00000E+00 -0.33521E-03 -0.67524E-04 -0.10656E-02 -0.18956E-03 -0.93686E-03 -0.15671E-03
        0.4358  0.00000E+00 -0.95004E-03  0.00000E+00 -0.16975E-03  0.00000E+00  0.00000E+00  0.83228E-03  0.88262E-03  0.87766E-03  0.52795E-04  0.23011E-04 -0.18843E-03      13  0.88322E-03  0.00000E+00  0.00000E+00 -0.35198E-03 -0.85123E-04 -0.11874E-02 -0.24893E-03 -0.10735E-02 -0.21039E-03
        0.4858  0.00000E+00 -0.10724E-02  0.00000E+00 -0.22337E-03  0.00000E+00  0.00000E+00  0.83215E-03  0.88261E-03  0.87773E-03  0.52794E-04  0.25650E-04 -0.23940E-03      14  0.88322E-03  0.00000E+00  0.00000E+00 -0.35866E-03 -0.10306E-03 -0.12704E-02 -0.31245E-03 -0.11773E-02 -0.26925E-03
        0.5358  0.00000E+00 -0.11598E-02  0.00000E+00 -0.28136E-03  0.00000E+00  0.00000E+00  0.83211E-03  0.88261E-03  0.87779E-03  0.52794E-04  0.28290E-04 -0.29052E-03      15  0.88322E-03  0.00000E+00  0.00000E+00 -0.35409E-03 -0.12076E-03 -0.13064E-02 -0.37777E-03 -0.12404E-02 -0.33127E-03
        0.5858  0.00000E+00 -0.12068E-02  0.00000E+00 -0.34170E-03  0.00000E+00  0.00000E+00  0.83216E-03  0.88261E-03  0.87782E-03  0.52794E-04  0.30930E-04 -0.33991E-03      16  0.88322E-03  0.00000E+00  0.00000E+00 -0.33916E-03 -0.13772E-03 -0.12964E-02 -0.44259E-03 -0.12592E-02 -0.39423E-03
        0.6358  0.00000E+00 -0.12121E-02  0.00000E+00 -0.40230E-03  0.00000E+00  0.00000E+00  0.83229E-03  0.88261E-03  0.87783E-03  0.52794E-04  0.33569E-04 -0.38583E-03      17  0.88322E-03  0.00000E+00  0.00000E+00 -0.31440E-03 -0.15344E-03 -0.12415E-02 -0.50467E-03 -0.12344E-02 -0.45595E-03
        0.6858  0.00000E+00 -0.11783E-02  0.00000E+00 -0.46121E-03  0.00000E+00  0.00000E+00  0.83249E-03  0.88261E-03  0.87783E-03  0.52794E-04  0.36209E-04 -0.42685E-03      18  0.88322E-03  0.00000E+00  0.00000E+00 -0.28182E-03 -0.16753E-03 -0.11484E-02 -0.56209E-03 -0.11706E-02 -0.51448E-03
        0.7358  0.00000E+00 -0.11123E-02  0.00000E+00 -0.51683E-03  0.00000E+00  0.00000E+00  0.83275E-03  0.88261E-03  0.87780E-03  0.52794E-04  0.38849E-04 -0.46212E-03      19  0.88322E-03  0.00000E+00  0.00000E+00 -0.24358E-03 -0.17971E-03 -0.10267E-02 -0.61342E-03 -0.10769E-02 -0.56833E-03
        0.7858  0.00000E+00 -0.10063E-02  0.00000E+00 -0.56714E-03  0.00000E+00  0.00000E+00  0.83326E-03  0.88261E-03  0.87776E-03  0.52794E-04  0.41489E-04 -0.48754E-03      20  0.88322E-03  0.00000E+00  0.00000E+00 -0.17707E-03 -0.18856E-03 -0.83156E-03 -0.65500E-03 -0.92560E-03 -0.61461E-03
        0.8358  0.00000E+00 -0.85703E-03  0.00000E+00 -0.60999E-03  0.00000E+00  0.00000E+00  0.83383E-03  0.88262E-03  0.87768E-03  0.52796E-04  0.44128E-04 -0.50174E-03      21  0.88322E-03  0.00000E+00  0.00000E+00 -0.11065E-03 -0.19409E-03 -0.62613E-03 -0.68631E-03 -0.74724E-03 -0.65197E-03
        0.8858  0.00000E+00 -0.68603E-03  0.00000E+00 -0.64430E-03  0.00000E+00  0.00000E+00  0.83434E-03  0.88263E-03  0.87759E-03  0.52796E-04  0.46768E-04 -0.50673E-03      22  0.88322E-03  0.00000E+00  0.00000E+00 -0.48967E-04 -0.19654E-03 -0.42930E-03 -0.70777E-03 -0.56188E-03 -0.68006E-03
        0.9358  0.00000E+00 -0.51660E-03  0.00000E+00 -0.67013E-03  0.00000E+00  0.00000E+00  0.83477E-03  0.88264E-03  0.87750E-03  0.52797E-04  0.49408E-04 -0.50492E-03      23  0.88322E-03  0.00000E+00  0.00000E+00 -0.21302E-05 -0.19665E-03 -0.26707E-03 -0.72113E-03 -0.39429E-03 -0.69978E-03
        0.9679  0.00000E+00 -0.38737E-03  0.00000E+00 -0.68255E-03  0.00000E+00  0.00000E+00  0.83501E-03  0.88264E-03  0.87744E-03  0.52797E-04  0.51102E-04 -0.50154E-03      24  0.88322E-03  0.00000E+00  0.00000E+00  0.29655E-04 -0.19570E-03 -0.18801E-03 -0.72716E-03 -0.30155E-03 -0.70945E-03
        1.0000  0.00000E+00 -0.30122E-03  0.00000E+00 -0.69222E-03  0.00000E+00  0.00000E+00  0.83524E-03  0.88265E-03  0.87738E-03  0.52797E-04  0.52796E-04 -0.49749E-03      25  0.88322E-03  0.00000E+00  0.00000E+00  0.56460E-04 -0.19389E-03 -0.13163E-03 -0.73138E-03 -0.22743E-03 -0.71675E-03
end
