 ******* Program HYDRUS
 ******* 
 Welcome to HYDRUS-1D                                                    
 Date:  28. 3.2022    Time:   8:57:33
 Units: L = cm   , T = days , M = mg   

----------------------------------------------------------
 Time       [T]        0.0000
----------------------------------------------------------
 Sub-region num.                     1
----------------------------------------------------------
 Length   [L]        0.30000E+03  0.30000E+03
 W-volume [L]        0.11097E+03  0.11097E+03
 In-flow  [L/T]      0.00000E+00  0.00000E+00
 h Mean   [L]        0.94777E+02  0.94777E+02
 ConcVol  [M/L2] 1   0.98863E-01  0.98863E-01
 cMean    [M/L3] 1   0.89118E-03  0.89118E-03
 SorbVolIm[M/L2] 1   0.46521E+02  0.46521E+02
 sMeanIm  [-]    1   0.10695E+00  0.10695E+00
 Top Flux [L/T]      0.35357E-01
 Bot Flux [L/T]      0.11583E+00
----------------------------------------------------------

----------------------------------------------------------
 Time       [T]        1.0000
----------------------------------------------------------
 Sub-region num.                     1
----------------------------------------------------------
 Length   [L]        0.30000E+03  0.30000E+03
 W-volume [L]        0.11099E+03  0.11099E+03
 In-flow  [L/T]     -0.34093E+00 -0.34093E+00
 h Mean   [L]        0.94909E+02  0.94909E+02
 ConcVol  [M/L2] 1   0.98891E-01  0.98891E-01
 cMean    [M/L3] 1   0.89121E-03  0.89121E-03
 SorbVolIm[M/L2] 1   0.46521E+02  0.46521E+02
 sMeanIm  [-]    1   0.10694E+00  0.10694E+00
 Top Flux [L/T]      0.18593E-01
 Bot Flux [L/T]     -0.29932E+00
 WatBalT  [L]        0.28886E-04
 WatBalR  [%]              0.002
 CncBalT  [M]    1   0.27466E-03
 CncBalR  [%]    1        38.405
----------------------------------------------------------
 
 Calculation time [sec]  9.999990463256836E-003
