 All solute fluxes and cumulative solute fluxes are positive into the region

       Time         cvTop        cvBot      Sum(cvTop)   Sum(cvBot)     cvCh0        cvCh1         cTop        cRoot         cBot        cvRoot    Sum(cvRoot)  Sum(cvNEql) TLevel      cGWL        cRunOff   Sum(cRunOff)    (cv(i),    Sum(cv(i)), i=1,NObs)
        [T]        [M/L2/T]     [M/L2/T]      [M/L2]       [M/L2]       [M/L2]      [M/L2]        [M/L3]      [M/L3]        [M/L3]      [M/L2/T]      [M/L2]       [M/L2]              [M/L3]        [M/L2]      [M/L3]      [M/L2/T]      [M/L2]
        0.0100  0.00000E+00 -0.24762E-03  0.00000E+00 -0.24762E-05  0.00000E+00  0.00000E+00  0.10415E-02  0.91426E-03  0.87011E-03  0.27019E-04  0.27019E-06 -0.84548E-05       1  0.88314E-03  0.00000E+00  0.00000E+00  0.59192E-04  0.59192E-06 -0.24458E-03 -0.24458E-05 -0.16784E-03 -0.16784E-05
        0.0200  0.00000E+00  0.00000E+00  0.00000E+00 -0.24762E-05  0.00000E+00  0.00000E+00  0.10415E-02  0.91412E-03  0.86491E-03  0.27015E-04  0.54033E-06 -0.20795E-04       2  0.88309E-03  0.00000E+00  0.00000E+00  0.51258E-04  0.11045E-05 -0.15010E-03 -0.39469E-05 -0.34032E-04 -0.20188E-05
        0.0330  0.00000E+00  0.00000E+00  0.00000E+00 -0.24762E-05  0.00000E+00  0.00000E+00  0.10413E-02  0.91422E-03  0.86656E-03  0.27016E-04  0.89154E-06 -0.33763E-04       3  0.88311E-03  0.00000E+00  0.00000E+00  0.32902E-04  0.15322E-05 -0.15526E-04 -0.41487E-05  0.10578E-03 -0.64359E-06
        0.0499  0.00000E+00  0.00000E+00  0.00000E+00 -0.24762E-05  0.00000E+00  0.00000E+00  0.10410E-02  0.91421E-03  0.86667E-03  0.27016E-04  0.13481E-05 -0.49479E-04       4  0.88311E-03  0.00000E+00  0.00000E+00  0.91079E-06  0.15476E-05 -0.34185E-05 -0.42065E-05  0.20608E-03  0.28392E-05
        0.0719  0.00000E+00  0.00000E+00  0.00000E+00 -0.24762E-05  0.00000E+00  0.00000E+00  0.10406E-02  0.91422E-03  0.86718E-03  0.27016E-04  0.19417E-05 -0.68751E-04       5  0.88312E-03  0.00000E+00  0.00000E+00 -0.33402E-04  0.81378E-06  0.44509E-05 -0.41087E-05  0.26554E-03  0.86731E-05
        0.1004  0.00000E+00  0.00000E+00  0.00000E+00 -0.24762E-05  0.00000E+00  0.00000E+00  0.10401E-02  0.91421E-03  0.86748E-03  0.27016E-04  0.27133E-05 -0.93569E-04       6  0.88312E-03  0.00000E+00  0.00000E+00 -0.93076E-04 -0.18446E-05  0.31618E-05 -0.40184E-05  0.26993E-03  0.16383E-04
        0.1376  0.00000E+00  0.00000E+00  0.00000E+00 -0.24762E-05  0.00000E+00  0.00000E+00  0.10392E-02  0.91421E-03  0.86793E-03  0.27016E-04  0.37163E-05 -0.12732E-03       7  0.88313E-03  0.00000E+00  0.00000E+00 -0.18996E-03 -0.88976E-05 -0.10437E-04 -0.44059E-05  0.21658E-03  0.24424E-04
        0.1858  0.00000E+00  0.00000E+00  0.00000E+00 -0.24762E-05  0.00000E+00  0.00000E+00  0.10380E-02  0.91421E-03  0.86847E-03  0.27016E-04  0.50204E-05 -0.17603E-03       8  0.88313E-03  0.00000E+00  0.00000E+00 -0.33602E-03 -0.25117E-04 -0.27316E-03 -0.17591E-04  0.91442E-04  0.28838E-04
        0.2358  0.00000E+00  0.00000E+00  0.00000E+00 -0.24762E-05  0.00000E+00  0.00000E+00  0.10366E-02  0.91423E-03  0.86923E-03  0.27017E-04  0.63712E-05 -0.23267E-03       9  0.88314E-03  0.00000E+00  0.00000E+00 -0.49545E-03 -0.49889E-04 -0.69845E-03 -0.52513E-04 -0.90356E-04  0.24320E-04
        0.2858  0.00000E+00  0.00000E+00  0.00000E+00 -0.24762E-05  0.00000E+00  0.00000E+00  0.10356E-02  0.91424E-03  0.87018E-03  0.27017E-04  0.77221E-05 -0.29222E-03      10  0.88315E-03  0.00000E+00  0.00000E+00 -0.61739E-03 -0.80758E-04 -0.11180E-02 -0.10841E-03 -0.30457E-03  0.90915E-05
        0.3358  0.00000E+00 -0.27805E-04  0.00000E+00 -0.38665E-05  0.00000E+00  0.00000E+00  0.10349E-02  0.91426E-03  0.87649E-03  0.27018E-04  0.90730E-05 -0.33527E-03      11  0.88318E-03  0.00000E+00  0.00000E+00 -0.69029E-03 -0.11527E-03 -0.14584E-02 -0.18133E-03 -0.49557E-03 -0.15687E-04
        0.3858  0.00000E+00 -0.13696E-03  0.00000E+00 -0.10715E-04  0.00000E+00  0.00000E+00  0.10343E-02  0.91429E-03  0.87629E-03  0.27019E-04  0.10424E-04 -0.36618E-03      12  0.88318E-03  0.00000E+00  0.00000E+00 -0.74866E-03 -0.15271E-03 -0.17462E-02 -0.26864E-03 -0.66255E-03 -0.48815E-04
        0.4358  0.00000E+00 -0.29356E-03  0.00000E+00 -0.25393E-04  0.00000E+00  0.00000E+00  0.10339E-02  0.91431E-03  0.87670E-03  0.27020E-04  0.11775E-04 -0.39873E-03      13  0.88318E-03  0.00000E+00  0.00000E+00 -0.78713E-03 -0.19206E-03 -0.19697E-02 -0.36713E-03 -0.79934E-03 -0.88782E-04
        0.4858  0.00000E+00 -0.43469E-03  0.00000E+00 -0.47127E-04  0.00000E+00  0.00000E+00  0.10336E-02  0.91433E-03  0.87665E-03  0.27020E-04  0.13126E-04 -0.43022E-03      14  0.88318E-03  0.00000E+00  0.00000E+00 -0.80347E-03 -0.23224E-03 -0.21265E-02 -0.47345E-03 -0.90897E-03 -0.13423E-03
        0.5358  0.00000E+00 -0.55588E-03  0.00000E+00 -0.74921E-04  0.00000E+00  0.00000E+00  0.10335E-02  0.91434E-03  0.87688E-03  0.27021E-04  0.14477E-04 -0.46084E-03      15  0.88319E-03  0.00000E+00  0.00000E+00 -0.79601E-03 -0.27204E-03 -0.22088E-02 -0.58389E-03 -0.98653E-03 -0.18356E-03
        0.5858  0.00000E+00 -0.65519E-03  0.00000E+00 -0.10768E-03  0.00000E+00  0.00000E+00  0.10336E-02  0.91435E-03  0.87687E-03  0.27021E-04  0.15828E-04 -0.48868E-03      16  0.88318E-03  0.00000E+00  0.00000E+00 -0.76569E-03 -0.31032E-03 -0.22160E-02 -0.69469E-03 -0.10307E-02 -0.23509E-03
        0.6358  0.00000E+00 -0.73161E-03  0.00000E+00 -0.14426E-03  0.00000E+00  0.00000E+00  0.10338E-02  0.91435E-03  0.87700E-03  0.27021E-04  0.17179E-04 -0.51364E-03      17  0.88319E-03  0.00000E+00  0.00000E+00 -0.71452E-03 -0.34605E-03 -0.21522E-02 -0.80230E-03 -0.10423E-02 -0.28721E-03
        0.6858  0.00000E+00 -0.78517E-03  0.00000E+00 -0.18352E-03  0.00000E+00  0.00000E+00  0.10341E-02  0.91434E-03  0.87700E-03  0.27021E-04  0.18530E-04 -0.53479E-03      18  0.88319E-03  0.00000E+00  0.00000E+00 -0.64674E-03 -0.37838E-03 -0.20295E-02 -0.90378E-03 -0.10248E-02 -0.33845E-03
        0.7358  0.00000E+00 -0.81700E-03  0.00000E+00 -0.22437E-03  0.00000E+00  0.00000E+00  0.10346E-02  0.91434E-03  0.87706E-03  0.27020E-04  0.19881E-04 -0.55245E-03      19  0.88319E-03  0.00000E+00  0.00000E+00 -0.56780E-03 -0.40677E-03 -0.18636E-02 -0.99696E-03 -0.98465E-03 -0.38768E-03
        0.7858  0.00000E+00 -0.82187E-03  0.00000E+00 -0.26546E-03  0.00000E+00  0.00000E+00  0.10356E-02  0.91432E-03  0.87705E-03  0.27020E-04  0.21232E-04 -0.56083E-03      20  0.88319E-03  0.00000E+00  0.00000E+00 -0.41128E-03 -0.42734E-03 -0.15412E-02 -0.10740E-02 -0.88342E-03 -0.43185E-03
        0.8358  0.00000E+00 -0.79007E-03  0.00000E+00 -0.30497E-03  0.00000E+00  0.00000E+00  0.10368E-02  0.91431E-03  0.87705E-03  0.27020E-04  0.22583E-04 -0.55725E-03      21  0.88319E-03  0.00000E+00  0.00000E+00 -0.25701E-03 -0.44019E-03 -0.11860E-02 -0.11333E-02 -0.74480E-03 -0.46909E-03
        0.8858  0.00000E+00 -0.72413E-03  0.00000E+00 -0.34117E-03  0.00000E+00  0.00000E+00  0.10378E-02  0.91429E-03  0.87700E-03  0.27019E-04  0.23934E-04 -0.54437E-03      22  0.88319E-03  0.00000E+00  0.00000E+00 -0.11929E-03 -0.44615E-03 -0.84144E-03 -0.11754E-02 -0.59293E-03 -0.49874E-03
        0.9358  0.00000E+00 -0.63608E-03  0.00000E+00 -0.37298E-03  0.00000E+00  0.00000E+00  0.10386E-02  0.91428E-03  0.87696E-03  0.27018E-04  0.25285E-04 -0.52525E-03      23  0.88319E-03  0.00000E+00  0.00000E+00 -0.17518E-04 -0.44703E-03 -0.55853E-03 -0.12033E-02 -0.45206E-03 -0.52134E-03
        0.9679  0.00000E+00 -0.55637E-03  0.00000E+00 -0.39083E-03  0.00000E+00  0.00000E+00  0.10390E-02  0.91426E-03  0.87692E-03  0.27018E-04  0.26152E-04 -0.51142E-03      24  0.88319E-03  0.00000E+00  0.00000E+00  0.36769E-04 -0.44585E-03 -0.41725E-03 -0.12167E-02 -0.37326E-03 -0.53332E-03
        1.0000  0.00000E+00 -0.49354E-03  0.00000E+00 -0.40666E-03  0.00000E+00  0.00000E+00  0.10393E-02  0.91426E-03  0.87688E-03  0.27018E-04  0.27019E-04 -0.49750E-03      25  0.88319E-03  0.00000E+00  0.00000E+00  0.64939E-04 -0.44377E-03 -0.32291E-03 -0.12271E-02 -0.31073E-03 -0.54329E-03
end
