 ******* Program HYDRUS
 ******* 
 Welcome to HYDRUS-1D                                                    
 Date:   4. 3.2022    Time:  19:31:41
 Units: L = cm   , T = days , M = mg   

----------------------------------------------------------
 Time       [T]        0.0000
----------------------------------------------------------
 Sub-region num.                     1
----------------------------------------------------------
 Length   [L]        0.30000E+03  0.30000E+03
 W-volume [L]        0.10398E+03  0.10398E+03
 In-flow  [L/T]      0.00000E+00  0.00000E+00
 h Mean   [L]       -0.56140E+02 -0.56140E+02
 ConcVol  [M/L2] 1   0.92213E+00  0.92213E+00
 cMean    [M/L3] 1   0.88790E-02  0.88790E-02
 SorbVolIm[M/L2] 1   0.43571E+02  0.43571E+02
 sMeanIm  [-]    1   0.10016E+00  0.10016E+00
 Top Flux [L/T]     -0.27370E-01
 Bot Flux [L/T]     -0.29844E+01
----------------------------------------------------------

----------------------------------------------------------
 Time       [T]        1.0000
----------------------------------------------------------
 Sub-region num.                     1
----------------------------------------------------------
 Length   [L]        0.30000E+03  0.30000E+03
 W-volume [L]        0.10121E+03  0.10121E+03
 In-flow  [L/T]     -0.15917E+01 -0.15917E+01
 h Mean   [L]       -0.78323E+02 -0.78323E+02
 ConcVol  [M/L2] 1   0.89712E+00  0.89712E+00
 cMean    [M/L3] 1   0.88796E-02  0.88796E-02
 SorbVolIm[M/L2] 1   0.43572E+02  0.43572E+02
 sMeanIm  [-]    1   0.10016E+00  0.10016E+00
 Top Flux [L/T]      0.68263E-01
 Bot Flux [L/T]     -0.15053E+01
 WatBalT  [L]        0.50068E-05
 WatBalR  [%]              0.000
 CncBalT  [M]    1   0.18692E-03
 CncBalR  [%]    1         0.747
----------------------------------------------------------
 
 Calculation time [sec]  9.999990463256836E-003
