 ******* Program HYDRUS
 ******* 
 Welcome to HYDRUS-1D                                                    
 Date:   4. 3.2022    Time:  19:31:41
 Units: L = cm   , T = days , M = mg   


    TLevel      Time           dt     ItrW ItrC    ItCum  KodT  KodB Converg  Peclet   Courant

        1  0.1000000E-01  0.10000E-01    2    2        2    -4     3     T     0.059     0.047
        2  0.2300000E-01  0.13000E-01    2    2        4    -4     3     T     0.059     0.055
        3  0.3990000E-01  0.16900E-01    2    2        6    -4     3     T     0.059     0.065
        4  0.6187000E-01  0.21970E-01    2    2        8    -4     3     T     0.059     0.079
        5  0.9043099E-01  0.28561E-01    2    2       10    -4     3     T     0.059     0.097
        6  0.1275603E+00  0.37129E-01    2    2       12    -4     3     T     0.059     0.119
        7  0.1758284E+00  0.48268E-01    2    2       14    -4     3     T     0.059     0.146
        8  0.2258284E+00  0.50000E-01    2    2       16    -4     3     T     0.059     0.143
        9  0.2758284E+00  0.50000E-01    2    2       18    -4     3     T     0.059     0.137
       10  0.3258284E+00  0.50000E-01    2    2       20    -4     3     T     0.059     0.130
       11  0.3758284E+00  0.50000E-01    2    2       22    -4     3     T     0.059     0.124
       12  0.4258284E+00  0.50000E-01    2    2       24    -4     3     T     0.059     0.118
       13  0.4758284E+00  0.50000E-01    2    2       26    -4     3     T     0.059     0.113
       14  0.5258284E+00  0.50000E-01    2    2       28    -4     3     T     0.059     0.108
       15  0.5758284E+00  0.50000E-01    2    2       30    -4     3     T     0.059     0.103
       16  0.6258284E+00  0.50000E-01    2    2       32    -4     3     T     0.059     0.098
       17  0.6758284E+00  0.50000E-01    2    2       34    -4     3     T     0.059     0.093
       18  0.7258284E+00  0.50000E-01    2    2       36    -4     3     T     0.059     0.089
       19  0.7758284E+00  0.50000E-01    2    2       38    -4     3     T     0.059     0.085
       20  0.8258284E+00  0.50000E-01    2    2       40    -4     3     T     0.059     0.080
       21  0.8758284E+00  0.50000E-01    2    2       42    -4     3     T     0.059     0.077
       22  0.9258284E+00  0.50000E-01    2    2       44    -4     3     T     0.059     0.073
       23  0.9629142E+00  0.37086E-01    2    2       46    -4     3     T     0.059     0.052
       24  0.1000000E+01  0.37086E-01    2    2       48    -4     3     T     0.059     0.050
end
