 All solute fluxes and cumulative solute fluxes are positive into the region

       Time         cvTop        cvBot      Sum(cvTop)   Sum(cvBot)     cvCh0        cvCh1         cTop        cRoot         cBot        cvRoot    Sum(cvRoot)  Sum(cvNEql) TLevel      cGWL        cRunOff   Sum(cRunOff)    (cv(i),    Sum(cv(i)), i=1,NObs)
        [T]        [M/L2/T]     [M/L2/T]      [M/L2]       [M/L2]       [M/L2]      [M/L2]        [M/L3]      [M/L3]        [M/L3]      [M/L2/T]      [M/L2]       [M/L2]              [M/L3]        [M/L2]      [M/L3]      [M/L2/T]      [M/L2]
        0.0100  0.00000E+00 -0.35932E-01  0.00000E+00 -0.35932E-03  0.00000E+00  0.00000E+00  0.10343E-01  0.10420E-01  0.87066E-02  0.20974E-02  0.20974E-04 -0.95871E-05       1  0.87534E-02  0.00000E+00  0.00000E+00  0.10572E-02  0.10572E-04 -0.11753E-01 -0.11753E-03 -0.13955E-01 -0.13955E-03
        0.0230  0.00000E+00 -0.43536E-01  0.00000E+00 -0.92530E-03  0.00000E+00  0.00000E+00  0.10387E-01  0.10427E-01  0.87080E-02  0.20977E-02  0.48244E-04 -0.12912E-04       2  0.87536E-02  0.00000E+00  0.00000E+00  0.10009E-02  0.23584E-04 -0.11101E-01 -0.26184E-03 -0.13393E-01 -0.31366E-03
        0.0399  0.00000E+00 -0.39262E-01  0.00000E+00 -0.15888E-02  0.00000E+00  0.00000E+00  0.10433E-01  0.10435E-01  0.87087E-02  0.20979E-02  0.83699E-04 -0.19714E-04       3  0.87536E-02  0.00000E+00  0.00000E+00  0.92612E-03  0.39235E-04 -0.10312E-01 -0.43610E-03 -0.12696E-01 -0.52822E-03
        0.0619  0.00000E+00 -0.36132E-01  0.00000E+00 -0.23827E-02  0.00000E+00  0.00000E+00  0.10478E-01  0.10444E-01  0.87090E-02  0.20982E-02  0.12980E-03 -0.30605E-04       4  0.87537E-02  0.00000E+00  0.00000E+00  0.82157E-03  0.57285E-04 -0.95057E-02 -0.64494E-03 -0.11918E-01 -0.79005E-03
        0.0904  0.00000E+00 -0.33886E-01  0.00000E+00 -0.33505E-02  0.00000E+00  0.00000E+00  0.10517E-01  0.10454E-01  0.87090E-02  0.20985E-02  0.18973E-03 -0.46770E-04       5  0.87523E-02  0.00000E+00  0.00000E+00  0.67817E-03  0.76654E-04 -0.86691E-02 -0.89254E-03 -0.11056E-01 -0.11058E-02
        0.1276  0.00000E+00 -0.31938E-01  0.00000E+00 -0.45363E-02  0.00000E+00  0.00000E+00  0.10541E-01  0.10463E-01  0.87087E-02  0.20988E-02  0.26766E-03 -0.72862E-04       6  0.87523E-02  0.00000E+00  0.00000E+00  0.47651E-03  0.94347E-04 -0.78603E-02 -0.11844E-02 -0.10157E-01 -0.14830E-02
        0.1758  0.00000E+00 -0.30159E-01  0.00000E+00 -0.59920E-02  0.00000E+00  0.00000E+00  0.10539E-01  0.10470E-01  0.87082E-02  0.20990E-02  0.36898E-03 -0.11947E-03       7  0.87523E-02  0.00000E+00  0.00000E+00  0.17471E-03  0.10278E-03 -0.71301E-02 -0.15285E-02 -0.92555E-02 -0.19297E-02
        0.2258  0.00000E+00 -0.28520E-01  0.00000E+00 -0.74180E-02  0.00000E+00  0.00000E+00  0.10508E-01  0.10475E-01  0.87078E-02  0.20992E-02  0.47393E-03 -0.18541E-03       8  0.87522E-02  0.00000E+00  0.00000E+00 -0.18697E-03  0.93431E-04 -0.66262E-02 -0.18599E-02 -0.85371E-02 -0.23566E-02
        0.2758  0.00000E+00 -0.27081E-01  0.00000E+00 -0.87720E-02  0.00000E+00  0.00000E+00  0.10494E-01  0.10478E-01  0.87074E-02  0.20993E-02  0.57890E-03 -0.25954E-03       9  0.87522E-02  0.00000E+00  0.00000E+00  0.16589E-03  0.10173E-03 -0.60195E-02 -0.21608E-02 -0.79093E-02 -0.27520E-02
        0.3258  0.00000E+00 -0.25781E-01  0.00000E+00 -0.10061E-01  0.00000E+00  0.00000E+00  0.10614E-01  0.10482E-01  0.87070E-02  0.20994E-02  0.68387E-03 -0.29832E-03      10  0.87521E-02  0.00000E+00  0.00000E+00  0.24799E-02  0.22572E-03 -0.45723E-02 -0.23894E-02 -0.71243E-02 -0.31082E-02
        0.3758  0.00000E+00 -0.24576E-01  0.00000E+00 -0.11290E-01  0.00000E+00  0.00000E+00  0.10819E-01  0.10485E-01  0.87067E-02  0.20995E-02  0.78885E-03 -0.25752E-03      11  0.87521E-02  0.00000E+00  0.00000E+00  0.31016E-02  0.38080E-03 -0.28802E-02 -0.25334E-02 -0.62055E-02 -0.34185E-02
        0.4258  0.00000E+00 -0.23440E-01  0.00000E+00 -0.12462E-01  0.00000E+00  0.00000E+00  0.10969E-01  0.10486E-01  0.87063E-02  0.20996E-02  0.89382E-03 -0.13110E-03      12  0.87521E-02  0.00000E+00  0.00000E+00  0.31209E-02  0.53685E-03 -0.12698E-02 -0.25969E-02 -0.52172E-02 -0.36794E-02
        0.4758  0.00000E+00 -0.22359E-01  0.00000E+00 -0.13580E-01  0.00000E+00  0.00000E+00  0.11053E-01  0.10494E-01  0.87060E-02  0.20998E-02  0.99882E-03  0.63874E-04      13  0.87520E-02  0.00000E+00  0.00000E+00  0.31641E-02  0.69505E-03 -0.23582E-04 -0.25981E-02 -0.42714E-02 -0.38929E-02
        0.5258  0.00000E+00 -0.21325E-01  0.00000E+00 -0.14646E-01  0.00000E+00  0.00000E+00  0.11087E-01  0.10504E-01  0.87057E-02  0.21001E-02  0.11038E-02  0.29743E-03      14  0.87520E-02  0.00000E+00  0.00000E+00  0.31086E-02  0.85048E-03  0.38501E-03 -0.25789E-02 -0.34432E-02 -0.40651E-02
        0.5758  0.00000E+00 -0.20335E-01  0.00000E+00 -0.15663E-01  0.00000E+00  0.00000E+00  0.11081E-01  0.10508E-01  0.87054E-02  0.21003E-02  0.12088E-02  0.53327E-03      15  0.87520E-02  0.00000E+00  0.00000E+00  0.28089E-02  0.99092E-03  0.54437E-03 -0.25516E-02 -0.28264E-02 -0.42064E-02
        0.6258  0.00000E+00 -0.19381E-01  0.00000E+00 -0.16632E-01  0.00000E+00  0.00000E+00  0.11038E-01  0.10507E-01  0.87051E-02  0.21002E-02  0.13138E-02  0.73405E-03      16  0.87519E-02  0.00000E+00  0.00000E+00  0.22548E-02  0.11037E-02  0.49391E-03 -0.25270E-02 -0.24678E-02 -0.43298E-02
        0.6758  0.00000E+00 -0.18463E-01  0.00000E+00 -0.17555E-01  0.00000E+00  0.00000E+00  0.10951E-01  0.10502E-01  0.87048E-02  0.21001E-02  0.14188E-02  0.86583E-03      17  0.87519E-02  0.00000E+00  0.00000E+00  0.13947E-02  0.11734E-02  0.24061E-03 -0.25149E-02 -0.23484E-02 -0.44472E-02
        0.7258  0.00000E+00 -0.17584E-01  0.00000E+00 -0.18434E-01  0.00000E+00  0.00000E+00  0.10808E-01  0.10493E-01  0.87045E-02  0.20998E-02  0.15238E-02  0.90170E-03      18  0.87519E-02  0.00000E+00  0.00000E+00  0.15642E-04  0.11742E-02 -0.49281E-03 -0.25396E-02 -0.24698E-02 -0.45707E-02
        0.7758  0.00000E+00 -0.16742E-01  0.00000E+00 -0.19271E-01  0.00000E+00  0.00000E+00  0.10675E-01  0.10480E-01  0.87041E-02  0.20993E-02  0.16288E-02  0.85786E-03      19  0.87519E-02  0.00000E+00  0.00000E+00 -0.23574E-03  0.11624E-02 -0.11881E-02 -0.25990E-02 -0.26436E-02 -0.47029E-02
        0.8258  0.00000E+00 -0.15936E-01  0.00000E+00 -0.20068E-01  0.00000E+00  0.00000E+00  0.10614E-01  0.10470E-01  0.87039E-02  0.20990E-02  0.17338E-02  0.78273E-03      20  0.87518E-02  0.00000E+00  0.00000E+00  0.16620E-03  0.11707E-02 -0.15580E-02 -0.26769E-02 -0.27878E-02 -0.48423E-02
        0.8758  0.00000E+00 -0.15166E-01  0.00000E+00 -0.20826E-01  0.00000E+00  0.00000E+00  0.10609E-01  0.10463E-01  0.87036E-02  0.20988E-02  0.18387E-02  0.70502E-03      21  0.87503E-02  0.00000E+00  0.00000E+00  0.45862E-03  0.11936E-02 -0.16715E-02 -0.27604E-02 -0.28487E-02 -0.49847E-02
        0.9258  0.00000E+00 -0.14435E-01  0.00000E+00 -0.21548E-01  0.00000E+00  0.00000E+00  0.10628E-01  0.10456E-01  0.87033E-02  0.20986E-02  0.19436E-02  0.63437E-03      22  0.87503E-02  0.00000E+00  0.00000E+00  0.64410E-03  0.12258E-02 -0.16368E-02 -0.28423E-02 -0.28419E-02 -0.51268E-02
        0.9629  0.00000E+00 -0.13828E-01  0.00000E+00 -0.22061E-01  0.00000E+00  0.00000E+00  0.10646E-01  0.10449E-01  0.87031E-02  0.20984E-02  0.20214E-02  0.58790E-03      23  0.87502E-02  0.00000E+00  0.00000E+00  0.70644E-03  0.12520E-02 -0.15752E-02 -0.29007E-02 -0.28081E-02 -0.52310E-02
        1.0000  0.00000E+00 -0.13339E-01  0.00000E+00 -0.22556E-01  0.00000E+00  0.00000E+00  0.10661E-01  0.10444E-01  0.87029E-02  0.20982E-02  0.20993E-02  0.54577E-03      24  0.87502E-02  0.00000E+00  0.00000E+00  0.71248E-03  0.12785E-02 -0.15052E-02 -0.29565E-02 -0.27559E-02 -0.53332E-02
end
