 All solute fluxes and cumulative solute fluxes are positive into the region

       Time         cvTop        cvBot      Sum(cvTop)   Sum(cvBot)     cvCh0        cvCh1         cTop        cRoot         cBot        cvRoot    Sum(cvRoot)  Sum(cvNEql) TLevel      cGWL        cRunOff   Sum(cRunOff)    (cv(i),    Sum(cv(i)), i=1,NObs)
        [T]        [M/L2/T]     [M/L2/T]      [M/L2]       [M/L2]       [M/L2]      [M/L2]        [M/L3]      [M/L3]        [M/L3]      [M/L2/T]      [M/L2]       [M/L2]              [M/L3]        [M/L2]      [M/L3]      [M/L2/T]      [M/L2]
        0.0100  0.00000E+00 -0.67193E-02  0.00000E+00 -0.67193E-04  0.00000E+00  0.00000E+00  0.95406E-03  0.90297E-03  0.88158E-03  0.96595E-04  0.96595E-06  0.69319E-05       1  0.88319E-03  0.00000E+00  0.00000E+00  0.31290E-04  0.31290E-06 -0.24966E-02 -0.24966E-04 -0.25066E-02 -0.25066E-04
        0.0200  0.00000E+00 -0.71649E-02  0.00000E+00 -0.13884E-03  0.00000E+00  0.00000E+00  0.95419E-03  0.90296E-03  0.88163E-03  0.96597E-04  0.19319E-05  0.11393E-04       2  0.88318E-03  0.00000E+00  0.00000E+00  0.28348E-04  0.59638E-06 -0.23736E-02 -0.48703E-04 -0.23985E-02 -0.49050E-04
        0.0330  0.00000E+00 -0.68571E-02  0.00000E+00 -0.22798E-03  0.00000E+00  0.00000E+00  0.95411E-03  0.90296E-03  0.88159E-03  0.96597E-04  0.31877E-05  0.11986E-04       3  0.88318E-03  0.00000E+00  0.00000E+00  0.22156E-04  0.88441E-06 -0.22343E-02 -0.77749E-04 -0.22736E-02 -0.78608E-04
        0.0499  0.00000E+00 -0.65751E-02  0.00000E+00 -0.33910E-03  0.00000E+00  0.00000E+00  0.95397E-03  0.90296E-03  0.88159E-03  0.96596E-04  0.48202E-05  0.13838E-04       4  0.88318E-03  0.00000E+00  0.00000E+00  0.99355E-05  0.10523E-05 -0.20900E-02 -0.11307E-03 -0.21361E-02 -0.11471E-03
        0.0719  0.00000E+00 -0.63027E-02  0.00000E+00 -0.47757E-03  0.00000E+00  0.00000E+00  0.95390E-03  0.90296E-03  0.88157E-03  0.96596E-04  0.69424E-05  0.15217E-04       5  0.88318E-03  0.00000E+00  0.00000E+00  0.48119E-05  0.11580E-05 -0.19377E-02 -0.15564E-03 -0.19877E-02 -0.15838E-03
        0.1004  0.00000E+00 -0.60078E-02  0.00000E+00 -0.64916E-03  0.00000E+00  0.00000E+00  0.95378E-03  0.90295E-03  0.88157E-03  0.96596E-04  0.97013E-05  0.15646E-04       6  0.88318E-03  0.00000E+00  0.00000E+00 -0.40809E-05  0.10415E-05 -0.17874E-02 -0.20669E-03 -0.18354E-02 -0.21080E-03
        0.1376  0.00000E+00 -0.56802E-02  0.00000E+00 -0.86006E-03  0.00000E+00  0.00000E+00  0.95361E-03  0.90295E-03  0.88155E-03  0.96596E-04  0.13288E-04  0.13244E-04       7  0.88317E-03  0.00000E+00  0.00000E+00 -0.18989E-04  0.33644E-06 -0.16479E-02 -0.26788E-03 -0.16803E-02 -0.27319E-03
        0.1858  0.00000E+00 -0.53027E-02  0.00000E+00 -0.11160E-02  0.00000E+00  0.00000E+00  0.95337E-03  0.90294E-03  0.88154E-03  0.96595E-04  0.17950E-04  0.46384E-05       8  0.88317E-03  0.00000E+00  0.00000E+00 -0.42379E-04 -0.17091E-05 -0.15357E-02 -0.34200E-03 -0.15314E-02 -0.34711E-03
        0.2358  0.00000E+00 -0.49107E-02  0.00000E+00 -0.13616E-02  0.00000E+00  0.00000E+00  0.95310E-03  0.90294E-03  0.88152E-03  0.96595E-04  0.22780E-04 -0.86755E-05       9  0.88317E-03  0.00000E+00  0.00000E+00 -0.68895E-04 -0.51538E-05 -0.14752E-02 -0.41576E-03 -0.14173E-02 -0.41797E-03
        0.2858  0.00000E+00 -0.45534E-02  0.00000E+00 -0.15892E-02  0.00000E+00  0.00000E+00  0.95290E-03  0.90294E-03  0.88151E-03  0.96595E-04  0.27610E-04 -0.24654E-04      10  0.88317E-03  0.00000E+00  0.00000E+00 -0.88948E-04 -0.96012E-05 -0.14490E-02 -0.48821E-03 -0.13306E-02 -0.48450E-03
        0.3358  0.00000E+00 -0.42352E-02  0.00000E+00 -0.18010E-02  0.00000E+00  0.00000E+00  0.95280E-03  0.90294E-03  0.88149E-03  0.96596E-04  0.32440E-04 -0.37871E-04      11  0.88317E-03  0.00000E+00  0.00000E+00 -0.99748E-04 -0.14589E-04 -0.14200E-02 -0.55921E-03 -0.12490E-02 -0.54695E-03
        0.3858  0.00000E+00 -0.39493E-02  0.00000E+00 -0.19984E-02  0.00000E+00  0.00000E+00  0.95272E-03  0.90297E-03  0.88148E-03  0.96598E-04  0.37269E-04 -0.42097E-04      12  0.88317E-03  0.00000E+00  0.00000E+00 -0.10876E-03 -0.20027E-04 -0.13871E-02 -0.62857E-03 -0.11607E-02 -0.60499E-03
        0.4358  0.00000E+00 -0.36879E-02  0.00000E+00 -0.21828E-02  0.00000E+00  0.00000E+00  0.95265E-03  0.90299E-03  0.88147E-03  0.96601E-04  0.42100E-04 -0.38615E-04      13  0.88316E-03  0.00000E+00  0.00000E+00 -0.11490E-03 -0.25772E-04 -0.13456E-02 -0.69585E-03 -0.10772E-02 -0.65885E-03
        0.4858  0.00000E+00 -0.34486E-02  0.00000E+00 -0.23553E-02  0.00000E+00  0.00000E+00  0.95257E-03  0.90301E-03  0.88146E-03  0.96604E-04  0.46930E-04 -0.29564E-04      14  0.88316E-03  0.00000E+00  0.00000E+00 -0.11698E-03 -0.31621E-04 -0.12946E-02 -0.76058E-03 -0.99970E-03 -0.70884E-03
        0.5358  0.00000E+00 -0.32306E-02  0.00000E+00 -0.25168E-02  0.00000E+00  0.00000E+00  0.95259E-03  0.90303E-03  0.88145E-03  0.96606E-04  0.51760E-04 -0.17383E-04      15  0.88316E-03  0.00000E+00  0.00000E+00 -0.11733E-03 -0.37487E-04 -0.12317E-02 -0.82216E-03 -0.92739E-03 -0.75520E-03
        0.5858  0.00000E+00 -0.30300E-02  0.00000E+00 -0.26683E-02  0.00000E+00  0.00000E+00  0.95257E-03  0.90304E-03  0.88145E-03  0.96607E-04  0.56590E-04 -0.51146E-05      16  0.88316E-03  0.00000E+00  0.00000E+00 -0.11198E-03 -0.43086E-04 -0.11623E-02 -0.88028E-03 -0.86367E-03 -0.79839E-03
        0.6358  0.00000E+00 -0.28447E-02  0.00000E+00 -0.28105E-02  0.00000E+00  0.00000E+00  0.95261E-03  0.90303E-03  0.88144E-03  0.96606E-04  0.61421E-04  0.44767E-05      17  0.88316E-03  0.00000E+00  0.00000E+00 -0.10512E-03 -0.48342E-04 -0.10885E-02 -0.93470E-03 -0.81012E-03 -0.83889E-03
        0.6858  0.00000E+00 -0.26735E-02  0.00000E+00 -0.29442E-02  0.00000E+00  0.00000E+00  0.95264E-03  0.90302E-03  0.88143E-03  0.96605E-04  0.66251E-04  0.87379E-05      18  0.88316E-03  0.00000E+00  0.00000E+00 -0.94764E-04 -0.53080E-04 -0.10162E-02 -0.98551E-03 -0.76863E-03 -0.87733E-03
        0.7358  0.00000E+00 -0.25155E-02  0.00000E+00 -0.30700E-02  0.00000E+00  0.00000E+00  0.95270E-03  0.90301E-03  0.88142E-03  0.96603E-04  0.71081E-04  0.57094E-05      19  0.88316E-03  0.00000E+00  0.00000E+00 -0.83504E-04 -0.57256E-04 -0.94986E-03 -0.10330E-02 -0.73966E-03 -0.91431E-03
        0.7858  0.00000E+00 -0.23701E-02  0.00000E+00 -0.31885E-02  0.00000E+00  0.00000E+00  0.95291E-03  0.90298E-03  0.88142E-03  0.96600E-04  0.75911E-04 -0.38436E-05      20  0.88316E-03  0.00000E+00  0.00000E+00 -0.56968E-04 -0.60104E-04 -0.86973E-03 -0.10765E-02 -0.71768E-03 -0.95019E-03
        0.8358  0.00000E+00 -0.22366E-02  0.00000E+00 -0.33003E-02  0.00000E+00  0.00000E+00  0.95312E-03  0.90296E-03  0.88141E-03  0.96598E-04  0.80741E-04 -0.10345E-04      21  0.88315E-03  0.00000E+00  0.00000E+00 -0.31842E-04 -0.61696E-04 -0.78446E-03 -0.11157E-02 -0.68170E-03 -0.98428E-03
        0.8858  0.00000E+00 -0.21142E-02  0.00000E+00 -0.34060E-02  0.00000E+00  0.00000E+00  0.95329E-03  0.90298E-03  0.88141E-03  0.96599E-04  0.85571E-04 -0.12818E-04      22  0.88315E-03  0.00000E+00  0.00000E+00 -0.10372E-04 -0.62215E-04 -0.69733E-03 -0.11506E-02 -0.63993E-03 -0.10163E-02
        0.9358  0.00000E+00 -0.20028E-02  0.00000E+00 -0.35062E-02  0.00000E+00  0.00000E+00  0.95342E-03  0.90296E-03  0.88140E-03  0.96598E-04  0.90401E-04 -0.13515E-04      23  0.88315E-03  0.00000E+00  0.00000E+00  0.48238E-05 -0.61973E-04 -0.61904E-03 -0.11815E-02 -0.59564E-03 -0.10461E-02
        0.9679  0.00000E+00 -0.19175E-02  0.00000E+00 -0.35677E-02  0.00000E+00  0.00000E+00  0.95351E-03  0.90297E-03  0.88140E-03  0.96599E-04  0.93500E-04 -0.12574E-04      24  0.88315E-03  0.00000E+00  0.00000E+00  0.20523E-04 -0.61315E-04 -0.57463E-03 -0.12000E-02 -0.56794E-03 -0.10643E-02
        1.0000  0.00000E+00 -0.18547E-02  0.00000E+00 -0.36272E-02  0.00000E+00  0.00000E+00  0.95359E-03  0.90296E-03  0.88140E-03  0.96598E-04  0.96600E-04 -0.11706E-04      25  0.88315E-03  0.00000E+00  0.00000E+00  0.29665E-04 -0.60363E-04 -0.53903E-03 -0.12173E-02 -0.54102E-03 -0.10816E-02
end
