 All solute fluxes and cumulative solute fluxes are positive into the region

       Time         cvTop        cvBot      Sum(cvTop)   Sum(cvBot)     cvCh0        cvCh1         cTop        cRoot         cBot        cvRoot    Sum(cvRoot)  Sum(cvNEql) TLevel      cGWL        cRunOff   Sum(cRunOff)    (cv(i),    Sum(cv(i)), i=1,NObs)
        [T]        [M/L2/T]     [M/L2/T]      [M/L2]       [M/L2]       [M/L2]      [M/L2]        [M/L3]      [M/L3]        [M/L3]      [M/L2/T]      [M/L2]       [M/L2]              [M/L3]        [M/L2]      [M/L3]      [M/L2/T]      [M/L2]
        0.0100  0.00000E+00 -0.21075E-03  0.00000E+00 -0.21075E-05  0.00000E+00  0.00000E+00  0.10477E-02  0.10222E-02  0.88092E-03  0.68954E-05  0.68954E-07 -0.59388E-05       1  0.88308E-03  0.00000E+00  0.00000E+00  0.75758E-04  0.75758E-06 -0.12877E-02 -0.12877E-04 -0.69458E-03 -0.69458E-05
        0.0230  0.00000E+00  0.00000E+00  0.00000E+00 -0.21075E-05  0.00000E+00  0.00000E+00  0.10474E-02  0.10225E-02  0.87776E-03  0.68979E-05  0.15863E-06 -0.69151E-05       2  0.88298E-03  0.00000E+00  0.00000E+00  0.76088E-04  0.17467E-05 -0.12115E-02 -0.28627E-04 -0.66653E-03 -0.15611E-04
        0.0399  0.00000E+00  0.00000E+00  0.00000E+00 -0.21075E-05  0.00000E+00  0.00000E+00  0.10475E-02  0.10224E-02  0.88037E-03  0.68973E-05  0.27519E-06 -0.59505E-05       3  0.88308E-03  0.00000E+00  0.00000E+00  0.74921E-04  0.30129E-05 -0.11201E-02 -0.47557E-04 -0.62952E-03 -0.26250E-04
        0.0619  0.00000E+00 -0.46769E-04  0.00000E+00 -0.31350E-05  0.00000E+00  0.00000E+00  0.10474E-02  0.10225E-02  0.88152E-03  0.68978E-05  0.42674E-06 -0.13195E-05       4  0.88309E-03  0.00000E+00  0.00000E+00  0.72619E-04  0.46083E-05 -0.10295E-02 -0.70175E-04 -0.58887E-03 -0.39187E-04
        0.0904  0.00000E+00 -0.13760E-03  0.00000E+00 -0.70651E-05  0.00000E+00  0.00000E+00  0.10474E-02  0.10225E-02  0.88153E-03  0.68979E-05  0.62375E-06  0.49113E-05       5  0.88309E-03  0.00000E+00  0.00000E+00  0.68214E-04  0.65566E-05 -0.92604E-03 -0.96624E-04 -0.54263E-03 -0.54685E-04
        0.1276  0.00000E+00 -0.21738E-03  0.00000E+00 -0.15136E-04  0.00000E+00  0.00000E+00  0.10473E-02  0.10225E-02  0.88154E-03  0.68981E-05  0.87987E-06  0.12334E-04       6  0.88309E-03  0.00000E+00  0.00000E+00  0.60365E-04  0.87979E-05 -0.82956E-03 -0.12742E-03 -0.49329E-03 -0.73001E-04
        0.1758  0.00000E+00 -0.28520E-03  0.00000E+00 -0.28902E-04  0.00000E+00  0.00000E+00  0.10472E-02  0.10225E-02  0.88155E-03  0.68982E-05  0.12128E-05  0.20945E-04       7  0.88309E-03  0.00000E+00  0.00000E+00  0.47207E-04  0.11076E-04 -0.73603E-03 -0.16295E-03 -0.44164E-03 -0.94318E-04
        0.2258  0.00000E+00 -0.34172E-03  0.00000E+00 -0.45988E-04  0.00000E+00  0.00000E+00  0.10471E-02  0.10226E-02  0.88156E-03  0.68984E-05  0.15578E-05  0.28711E-04       8  0.88309E-03  0.00000E+00  0.00000E+00  0.31189E-04  0.12636E-04 -0.67034E-03 -0.19647E-03 -0.39806E-03 -0.11422E-03
        0.2758  0.00000E+00 -0.38464E-03  0.00000E+00 -0.65220E-04  0.00000E+00  0.00000E+00  0.10475E-02  0.10226E-02  0.88157E-03  0.68985E-05  0.19027E-05  0.37385E-04       9  0.88309E-03  0.00000E+00  0.00000E+00  0.76214E-04  0.16447E-04 -0.59091E-03 -0.22601E-03 -0.36015E-03 -0.13223E-03
        0.3258  0.00000E+00 -0.41738E-03  0.00000E+00 -0.86090E-04  0.00000E+00  0.00000E+00  0.10496E-02  0.10226E-02  0.88157E-03  0.68987E-05  0.22476E-05  0.54143E-04      10  0.88311E-03  0.00000E+00  0.00000E+00  0.28923E-03  0.30908E-04 -0.42235E-03 -0.24713E-03 -0.31723E-03 -0.14809E-03
        0.3758  0.00000E+00 -0.44243E-03  0.00000E+00 -0.10821E-03  0.00000E+00  0.00000E+00  0.10515E-02  0.10227E-02  0.88158E-03  0.68993E-05  0.25926E-05  0.79031E-04      11  0.88311E-03  0.00000E+00  0.00000E+00  0.44526E-03  0.53171E-04 -0.20525E-03 -0.25739E-03 -0.26668E-03 -0.16142E-03
        0.4258  0.00000E+00 -0.46138E-03  0.00000E+00 -0.13128E-03  0.00000E+00  0.00000E+00  0.10526E-02  0.10227E-02  0.88158E-03  0.68996E-05  0.29376E-05  0.10918E-03      12  0.88311E-03  0.00000E+00  0.00000E+00  0.55158E-03  0.80750E-04 -0.34418E-04 -0.25911E-03 -0.21124E-03 -0.17199E-03
        0.4758  0.00000E+00 -0.47527E-03  0.00000E+00 -0.15504E-03  0.00000E+00  0.00000E+00  0.10534E-02  0.10228E-02  0.88159E-03  0.68997E-05  0.32825E-05  0.14233E-03      13  0.88311E-03  0.00000E+00  0.00000E+00  0.59990E-03  0.11075E-03 -0.97365E-04 -0.26398E-03 -0.15549E-03 -0.17976E-03
        0.5258  0.00000E+00 -0.48477E-03  0.00000E+00 -0.17928E-03  0.00000E+00  0.00000E+00  0.10535E-02  0.10228E-02  0.88159E-03  0.68992E-05  0.36275E-05  0.17506E-03      14  0.88311E-03  0.00000E+00  0.00000E+00  0.59703E-03  0.14060E-03 -0.14237E-03 -0.27110E-03 -0.10354E-03 -0.18494E-03
        0.5758  0.00000E+00 -0.49048E-03  0.00000E+00 -0.20381E-03  0.00000E+00  0.00000E+00  0.10531E-02  0.10227E-02  0.88159E-03  0.68988E-05  0.39724E-05  0.20465E-03      15  0.88311E-03  0.00000E+00  0.00000E+00  0.53882E-03  0.16754E-03 -0.16690E-03 -0.27945E-03 -0.62482E-04 -0.18806E-03
        0.6258  0.00000E+00 -0.49282E-03  0.00000E+00 -0.22845E-03  0.00000E+00  0.00000E+00  0.10522E-02  0.10227E-02  0.88159E-03  0.68985E-05  0.43174E-05  0.22813E-03      16  0.88311E-03  0.00000E+00  0.00000E+00  0.43004E-03  0.18904E-03 -0.16811E-03 -0.28785E-03 -0.33848E-04 -0.18975E-03
        0.6758  0.00000E+00 -0.49218E-03  0.00000E+00 -0.25306E-03  0.00000E+00  0.00000E+00  0.10508E-02  0.10226E-02  0.88159E-03  0.68984E-05  0.46623E-05  0.24352E-03      17  0.88311E-03  0.00000E+00  0.00000E+00  0.27057E-03  0.20257E-03 -0.14699E-03 -0.29520E-03 -0.19869E-04 -0.19075E-03
        0.7258  0.00000E+00 -0.48892E-03  0.00000E+00 -0.27750E-03  0.00000E+00  0.00000E+00  0.10489E-02  0.10226E-02  0.88160E-03  0.68985E-05  0.50072E-05  0.24933E-03      18  0.88311E-03  0.00000E+00  0.00000E+00  0.64571E-04  0.20580E-03 -0.10383E-03 -0.30039E-03 -0.21587E-04 -0.19183E-03
        0.7758  0.00000E+00 -0.48342E-03  0.00000E+00 -0.30167E-03  0.00000E+00  0.00000E+00  0.10484E-02  0.10227E-02  0.88160E-03  0.68988E-05  0.53522E-05  0.25245E-03      19  0.88311E-03  0.00000E+00  0.00000E+00  0.30017E-04  0.20730E-03 -0.66466E-04 -0.30372E-03 -0.29887E-04 -0.19332E-03
        0.8258  0.00000E+00 -0.47596E-03  0.00000E+00 -0.32547E-03  0.00000E+00  0.00000E+00  0.10485E-02  0.10227E-02  0.88160E-03  0.68993E-05  0.56971E-05  0.25645E-03      20  0.88311E-03  0.00000E+00  0.00000E+00  0.45194E-04  0.20956E-03 -0.40823E-04 -0.30576E-03 -0.40234E-04 -0.19533E-03
        0.8758  0.00000E+00 -0.46685E-03  0.00000E+00 -0.34881E-03  0.00000E+00  0.00000E+00  0.10487E-02  0.10227E-02  0.88160E-03  0.68994E-05  0.60421E-05  0.26076E-03      21  0.88311E-03  0.00000E+00  0.00000E+00  0.58150E-04  0.21247E-03 -0.26362E-04 -0.30708E-03 -0.49313E-04 -0.19780E-03
        0.9258  0.00000E+00 -0.45647E-03  0.00000E+00 -0.37164E-03  0.00000E+00  0.00000E+00  0.10488E-02  0.10228E-02  0.88160E-03  0.68996E-05  0.63871E-05  0.26566E-03      22  0.88311E-03  0.00000E+00  0.00000E+00  0.67253E-04  0.21583E-03 -0.20185E-04 -0.30809E-03 -0.55338E-04 -0.20057E-03
        0.9629  0.00000E+00 -0.44675E-03  0.00000E+00 -0.38821E-03  0.00000E+00  0.00000E+00  0.10488E-02  0.10227E-02  0.88160E-03  0.68996E-05  0.66429E-05  0.26929E-03      23  0.88311E-03  0.00000E+00  0.00000E+00  0.71265E-04  0.21847E-03 -0.31198E-04 -0.30924E-03 -0.58470E-04 -0.20273E-03
        1.0000  0.00000E+00 -0.43801E-03  0.00000E+00 -0.40445E-03  0.00000E+00  0.00000E+00  0.10489E-02  0.10227E-02  0.88160E-03  0.68996E-05  0.68988E-05  0.27308E-03      24  0.88311E-03  0.00000E+00  0.00000E+00  0.72536E-04  0.22116E-03 -0.37250E-04 -0.31062E-03 -0.60266E-04 -0.20497E-03
end
