 All solute fluxes and cumulative solute fluxes are positive into the region

       Time         cvTop        cvBot      Sum(cvTop)   Sum(cvBot)     cvCh0        cvCh1         cTop        cRoot         cBot        cvRoot    Sum(cvRoot)  Sum(cvNEql) TLevel      cGWL        cRunOff   Sum(cRunOff)    (cv(i),    Sum(cv(i)), i=1,NObs)
        [T]        [M/L2/T]     [M/L2/T]      [M/L2]       [M/L2]       [M/L2]      [M/L2]        [M/L3]      [M/L3]        [M/L3]      [M/L2/T]      [M/L2]       [M/L2]              [M/L3]        [M/L2]      [M/L3]      [M/L2/T]      [M/L2]
        0.0100  0.00000E+00 -0.24762E-03  0.00000E+00 -0.24762E-05  0.00000E+00  0.00000E+00  0.99648E-03  0.91352E-03  0.87011E-03  0.63657E-04  0.63657E-06 -0.11187E-04       1  0.88314E-03  0.00000E+00  0.00000E+00  0.73166E-04  0.73166E-06 -0.24506E-03 -0.24506E-05 -0.16717E-03 -0.16717E-05
        0.0200  0.00000E+00  0.00000E+00  0.00000E+00 -0.24762E-05  0.00000E+00  0.00000E+00  0.99654E-03  0.91347E-03  0.86491E-03  0.63656E-04  0.12731E-05 -0.23383E-04       2  0.88309E-03  0.00000E+00  0.00000E+00  0.63692E-04  0.13686E-05 -0.14988E-03 -0.39495E-05 -0.33375E-04 -0.20055E-05
        0.0330  0.00000E+00  0.00000E+00  0.00000E+00 -0.24762E-05  0.00000E+00  0.00000E+00  0.99639E-03  0.91355E-03  0.86656E-03  0.63658E-04  0.21007E-05 -0.36985E-04       3  0.88311E-03  0.00000E+00  0.00000E+00  0.42566E-04  0.19219E-05 -0.15755E-04 -0.41543E-05  0.10631E-03 -0.62340E-06
        0.0499  0.00000E+00  0.00000E+00  0.00000E+00 -0.24762E-05  0.00000E+00  0.00000E+00  0.99607E-03  0.91354E-03  0.86666E-03  0.63658E-04  0.31765E-05 -0.53269E-04       4  0.88311E-03  0.00000E+00  0.00000E+00  0.80867E-05  0.20586E-05 -0.46789E-05 -0.42334E-05  0.20658E-03  0.28678E-05
        0.0719  0.00000E+00  0.00000E+00  0.00000E+00 -0.24762E-05  0.00000E+00  0.00000E+00  0.99573E-03  0.91355E-03  0.86718E-03  0.63658E-04  0.45751E-05 -0.73321E-04       5  0.88312E-03  0.00000E+00  0.00000E+00 -0.11352E-04  0.18092E-05  0.25873E-05 -0.41765E-05  0.26603E-03  0.87126E-05
        0.1004  0.00000E+00  0.00000E+00  0.00000E+00 -0.24762E-05  0.00000E+00  0.00000E+00  0.99542E-03  0.91354E-03  0.86748E-03  0.63658E-04  0.63932E-05 -0.99081E-04       6  0.88312E-03  0.00000E+00  0.00000E+00 -0.45372E-04  0.51335E-06  0.13919E-05 -0.41368E-05  0.27041E-03  0.16436E-04
        0.1376  0.00000E+00  0.00000E+00  0.00000E+00 -0.24762E-05  0.00000E+00  0.00000E+00  0.99489E-03  0.91354E-03  0.86793E-03  0.63658E-04  0.87568E-05 -0.13402E-03       7  0.88313E-03  0.00000E+00  0.00000E+00 -0.99680E-04 -0.31877E-05 -0.11128E-04 -0.45500E-05  0.21705E-03  0.24495E-04
        0.1858  0.00000E+00  0.00000E+00  0.00000E+00 -0.24762E-05  0.00000E+00  0.00000E+00  0.99414E-03  0.91354E-03  0.86847E-03  0.63658E-04  0.11829E-04 -0.18418E-03       8  0.88313E-03  0.00000E+00  0.00000E+00 -0.18106E-03 -0.11927E-04 -0.27402E-03 -0.17777E-04  0.91897E-04  0.28930E-04
        0.2358  0.00000E+00  0.00000E+00  0.00000E+00 -0.24762E-05  0.00000E+00  0.00000E+00  0.99336E-03  0.91354E-03  0.86922E-03  0.63658E-04  0.15012E-04 -0.24232E-03       9  0.88314E-03  0.00000E+00  0.00000E+00 -0.26910E-03 -0.25382E-04 -0.70177E-03 -0.52865E-04 -0.89821E-04  0.24439E-04
        0.2858  0.00000E+00  0.00000E+00  0.00000E+00 -0.24762E-05  0.00000E+00  0.00000E+00  0.99277E-03  0.91354E-03  0.87017E-03  0.63658E-04  0.18195E-04 -0.30328E-03      10  0.88315E-03  0.00000E+00  0.00000E+00 -0.33628E-03 -0.42196E-04 -0.11222E-02 -0.10897E-03 -0.30369E-03  0.92546E-05
        0.3358  0.00000E+00 -0.27416E-04  0.00000E+00 -0.38471E-05  0.00000E+00  0.00000E+00  0.99241E-03  0.91354E-03  0.87649E-03  0.63658E-04  0.21378E-04 -0.34771E-03      11  0.88318E-03  0.00000E+00  0.00000E+00 -0.37600E-03 -0.60996E-04 -0.14612E-02 -0.18204E-03 -0.49389E-03 -0.15440E-04
        0.3858  0.00000E+00 -0.13619E-03  0.00000E+00 -0.10656E-04  0.00000E+00  0.00000E+00  0.99209E-03  0.91356E-03  0.87629E-03  0.63659E-04  0.24561E-04 -0.38002E-03      12  0.88318E-03  0.00000E+00  0.00000E+00 -0.40799E-03 -0.81395E-04 -0.17472E-02 -0.26940E-03 -0.66006E-03 -0.48443E-04
        0.4358  0.00000E+00 -0.29279E-03  0.00000E+00 -0.25296E-04  0.00000E+00  0.00000E+00  0.99186E-03  0.91356E-03  0.87670E-03  0.63659E-04  0.27744E-04 -0.41403E-03      13  0.88318E-03  0.00000E+00  0.00000E+00 -0.42915E-03 -0.10285E-03 -0.19689E-02 -0.36784E-03 -0.79611E-03 -0.88248E-04
        0.4858  0.00000E+00 -0.43372E-03  0.00000E+00 -0.46982E-04  0.00000E+00  0.00000E+00  0.99171E-03  0.91357E-03  0.87665E-03  0.63660E-04  0.30927E-04 -0.44705E-03      14  0.88318E-03  0.00000E+00  0.00000E+00 -0.43829E-03 -0.12477E-03 -0.21245E-02 -0.47407E-03 -0.90528E-03 -0.13351E-03
        0.5358  0.00000E+00 -0.55452E-03  0.00000E+00 -0.74708E-04  0.00000E+00  0.00000E+00  0.99166E-03  0.91358E-03  0.87688E-03  0.63660E-04  0.34110E-04 -0.47927E-03      15  0.88319E-03  0.00000E+00  0.00000E+00 -0.43431E-03 -0.14648E-03 -0.22066E-02 -0.58440E-03 -0.98268E-03 -0.18265E-03
        0.5858  0.00000E+00 -0.65363E-03  0.00000E+00 -0.10739E-03  0.00000E+00  0.00000E+00  0.99171E-03  0.91359E-03  0.87687E-03  0.63661E-04  0.37293E-04 -0.50881E-03      16  0.88318E-03  0.00000E+00  0.00000E+00 -0.41775E-03 -0.16737E-03 -0.22145E-02 -0.69512E-03 -0.10271E-02 -0.23400E-03
        0.6358  0.00000E+00 -0.73026E-03  0.00000E+00 -0.14390E-03  0.00000E+00  0.00000E+00  0.99184E-03  0.91359E-03  0.87700E-03  0.63661E-04  0.40476E-04 -0.53557E-03      17  0.88319E-03  0.00000E+00  0.00000E+00 -0.38966E-03 -0.18685E-03 -0.21523E-02 -0.80274E-03 -0.10392E-02 -0.28596E-03
        0.6858  0.00000E+00 -0.78420E-03  0.00000E+00 -0.18311E-03  0.00000E+00  0.00000E+00  0.99205E-03  0.91358E-03  0.87699E-03  0.63660E-04  0.43659E-04 -0.55864E-03      18  0.88319E-03  0.00000E+00  0.00000E+00 -0.35248E-03 -0.20448E-03 -0.20319E-02 -0.90433E-03 -0.10226E-02 -0.33709E-03
        0.7358  0.00000E+00 -0.81622E-03  0.00000E+00 -0.22392E-03  0.00000E+00  0.00000E+00  0.99232E-03  0.91358E-03  0.87706E-03  0.63660E-04  0.46842E-04 -0.57827E-03      19  0.88319E-03  0.00000E+00  0.00000E+00 -0.30915E-03 -0.21993E-03 -0.18687E-02 -0.99777E-03 -0.98341E-03 -0.38626E-03
        0.7858  0.00000E+00 -0.82109E-03  0.00000E+00 -0.26498E-03  0.00000E+00  0.00000E+00  0.99296E-03  0.91357E-03  0.87705E-03  0.63659E-04  0.50025E-04 -0.58860E-03      20  0.88319E-03  0.00000E+00  0.00000E+00 -0.22203E-03 -0.23104E-03 -0.15464E-02 -0.10751E-02 -0.88242E-03 -0.43038E-03
        0.8358  0.00000E+00 -0.78949E-03  0.00000E+00 -0.30445E-03  0.00000E+00  0.00000E+00  0.99362E-03  0.91357E-03  0.87705E-03  0.63660E-04  0.53208E-04 -0.58704E-03      21  0.88319E-03  0.00000E+00  0.00000E+00 -0.13599E-03 -0.23783E-03 -0.11905E-02 -0.11346E-02 -0.74404E-03 -0.46758E-03
        0.8858  0.00000E+00 -0.72355E-03  0.00000E+00 -0.34063E-03  0.00000E+00  0.00000E+00  0.99423E-03  0.91357E-03  0.87700E-03  0.63659E-04  0.56391E-04 -0.57620E-03      22  0.88319E-03  0.00000E+00  0.00000E+00 -0.59014E-04 -0.24079E-03 -0.84472E-03 -0.11768E-02 -0.59225E-03 -0.49719E-03
        0.9358  0.00000E+00 -0.63549E-03  0.00000E+00 -0.37240E-03  0.00000E+00  0.00000E+00  0.99471E-03  0.91356E-03  0.87696E-03  0.63659E-04  0.59574E-04 -0.55913E-03      23  0.88319E-03  0.00000E+00  0.00000E+00 -0.17395E-05 -0.24087E-03 -0.56061E-03 -0.12049E-02 -0.45146E-03 -0.51976E-03
        0.9679  0.00000E+00 -0.55598E-03  0.00000E+00 -0.39024E-03  0.00000E+00  0.00000E+00  0.99503E-03  0.91356E-03  0.87691E-03  0.63659E-04  0.61617E-04 -0.54657E-03      24  0.88319E-03  0.00000E+00  0.00000E+00  0.46442E-04 -0.23938E-03 -0.41863E-03 -0.12183E-02 -0.37270E-03 -0.53172E-03
        1.0000  0.00000E+00 -0.49315E-03  0.00000E+00 -0.40607E-03  0.00000E+00  0.00000E+00  0.99533E-03  0.91355E-03  0.87688E-03  0.63659E-04  0.63659E-04 -0.53392E-03      25  0.88319E-03  0.00000E+00  0.00000E+00  0.78234E-04 -0.23687E-03 -0.32382E-03 -0.12287E-02 -0.31019E-03 -0.54168E-03
end
