 All solute fluxes and cumulative solute fluxes are positive into the region

       Time         cvTop        cvBot      Sum(cvTop)   Sum(cvBot)     cvCh0        cvCh1         cTop        cRoot         cBot        cvRoot    Sum(cvRoot)  Sum(cvNEql) TLevel      cGWL        cRunOff   Sum(cRunOff)    (cv(i),    Sum(cv(i)), i=1,NObs)
        [T]        [M/L2/T]     [M/L2/T]      [M/L2]       [M/L2]       [M/L2]      [M/L2]        [M/L3]      [M/L3]        [M/L3]      [M/L2/T]      [M/L2]       [M/L2]              [M/L3]        [M/L2]      [M/L3]      [M/L2/T]      [M/L2]
        0.0100  0.00000E+00 -0.39075E-02  0.00000E+00 -0.39075E-04  0.00000E+00  0.00000E+00  0.93348E-02  0.93451E-02  0.87623E-02  0.20640E-02  0.20640E-04 -0.19212E-04       1  0.87592E-02  0.00000E+00  0.00000E+00  0.53856E-03  0.53856E-05 -0.57829E-02 -0.57829E-04 -0.73391E-02 -0.73391E-04
        0.0200  0.00000E+00 -0.62441E-03  0.00000E+00 -0.45319E-04  0.00000E+00  0.00000E+00  0.93478E-02  0.93452E-02  0.86978E-02  0.20640E-02  0.41280E-04 -0.38911E-04       2  0.87578E-02  0.00000E+00  0.00000E+00  0.41616E-03  0.95472E-05 -0.55576E-02 -0.11341E-03 -0.71191E-02 -0.14458E-03
        0.0330  0.00000E+00 -0.19582E-02  0.00000E+00 -0.70776E-04  0.00000E+00  0.00000E+00  0.93579E-02  0.93453E-02  0.86972E-02  0.20641E-02  0.68113E-04 -0.64184E-04       3  0.87588E-02  0.00000E+00  0.00000E+00  0.14923E-03  0.11487E-04 -0.52680E-02 -0.18189E-03 -0.68331E-02 -0.23341E-03
        0.0499  0.00000E+00 -0.31443E-02  0.00000E+00 -0.12392E-03  0.00000E+00  0.00000E+00  0.93598E-02  0.93453E-02  0.86969E-02  0.20641E-02  0.10300E-03 -0.93930E-04       4  0.87588E-02  0.00000E+00  0.00000E+00 -0.12846E-03  0.93162E-05 -0.50157E-02 -0.26665E-03 -0.65079E-02 -0.34340E-03
        0.0719  0.00000E+00 -0.40388E-02  0.00000E+00 -0.21265E-03  0.00000E+00  0.00000E+00  0.93457E-02  0.93452E-02  0.86969E-02  0.20641E-02  0.14834E-03 -0.13237E-03       5  0.87588E-02  0.00000E+00  0.00000E+00 -0.48337E-03 -0.13035E-05 -0.48498E-02 -0.37320E-03 -0.61672E-02 -0.47889E-03
        0.1004  0.00000E+00 -0.48050E-02  0.00000E+00 -0.34988E-03  0.00000E+00  0.00000E+00  0.93032E-02  0.93449E-02  0.86972E-02  0.20641E-02  0.20730E-03 -0.19194E-03       6  0.87588E-02  0.00000E+00  0.00000E+00 -0.98620E-03 -0.29470E-04 -0.49324E-02 -0.51408E-03 -0.58620E-02 -0.64631E-03
        0.1376  0.00000E+00 -0.54536E-02  0.00000E+00 -0.55237E-03  0.00000E+00  0.00000E+00  0.92211E-02  0.93440E-02  0.86977E-02  0.20641E-02  0.28394E-03 -0.30645E-03       7  0.87588E-02  0.00000E+00  0.00000E+00 -0.15092E-02 -0.85504E-04 -0.55190E-02 -0.71900E-03 -0.57036E-02 -0.85808E-03
        0.1858  0.00000E+00 -0.59972E-02  0.00000E+00 -0.84185E-03  0.00000E+00  0.00000E+00  0.91014E-02  0.93422E-02  0.86984E-02  0.20640E-02  0.38356E-03 -0.55847E-03       8  0.87589E-02  0.00000E+00  0.00000E+00 -0.19554E-02 -0.17989E-03 -0.70557E-02 -0.10596E-02 -0.59384E-02 -0.11447E-02
        0.2358  0.00000E+00 -0.64019E-02  0.00000E+00 -0.11619E-02  0.00000E+00  0.00000E+00  0.89839E-02  0.93387E-02  0.86989E-02  0.20638E-02  0.48675E-03 -0.98032E-03       9  0.87589E-02  0.00000E+00  0.00000E+00 -0.24000E-02 -0.29989E-03 -0.93735E-02 -0.15282E-02 -0.66377E-02 -0.14766E-02
        0.2858  0.00000E+00 -0.66619E-02  0.00000E+00 -0.14950E-02  0.00000E+00  0.00000E+00  0.88836E-02  0.93341E-02  0.86993E-02  0.20635E-02  0.58993E-03 -0.15799E-02      10  0.87589E-02  0.00000E+00  0.00000E+00 -0.27762E-02 -0.43870E-03 -0.12068E-01 -0.21316E-02 -0.77318E-02 -0.18632E-02
        0.3358  0.00000E+00 -0.68218E-02  0.00000E+00 -0.18361E-02  0.00000E+00  0.00000E+00  0.88064E-02  0.93286E-02  0.86996E-02  0.20631E-02  0.69308E-03 -0.23396E-02      11  0.87589E-02  0.00000E+00  0.00000E+00 -0.30469E-02 -0.59105E-03 -0.14673E-01 -0.28653E-02 -0.90695E-02 -0.23167E-02
        0.3858  0.00000E+00 -0.69258E-02  0.00000E+00 -0.21824E-02  0.00000E+00  0.00000E+00  0.87466E-02  0.93229E-02  0.86998E-02  0.20626E-02  0.79622E-03 -0.32279E-02      12  0.87589E-02  0.00000E+00  0.00000E+00 -0.32785E-02 -0.75497E-03 -0.17033E-01 -0.37170E-02 -0.10520E-01 -0.28426E-02
        0.4358  0.00000E+00 -0.70062E-02  0.00000E+00 -0.25327E-02  0.00000E+00  0.00000E+00  0.87013E-02  0.93170E-02  0.87000E-02  0.20622E-02  0.89932E-03 -0.42142E-02      13  0.87590E-02  0.00000E+00  0.00000E+00 -0.34325E-02 -0.92660E-03 -0.19020E-01 -0.46680E-02 -0.11987E-01 -0.34420E-02
        0.4858  0.00000E+00 -0.70876E-02  0.00000E+00 -0.28871E-02  0.00000E+00  0.00000E+00  0.86716E-02  0.93115E-02  0.87002E-02  0.20617E-02  0.10024E-02 -0.52661E-02      14  0.87590E-02  0.00000E+00  0.00000E+00 -0.35116E-02 -0.11022E-02 -0.20531E-01 -0.56946E-02 -0.13305E-01 -0.41073E-02
        0.5358  0.00000E+00 -0.71897E-02  0.00000E+00 -0.32466E-02  0.00000E+00  0.00000E+00  0.86581E-02  0.93070E-02  0.87003E-02  0.20614E-02  0.11055E-02 -0.63483E-02      15  0.87590E-02  0.00000E+00  0.00000E+00 -0.35072E-02 -0.12775E-02 -0.21498E-01 -0.67694E-02 -0.14388E-01 -0.48267E-02
        0.5858  0.00000E+00 -0.73269E-02  0.00000E+00 -0.36129E-02  0.00000E+00  0.00000E+00  0.86609E-02  0.93039E-02  0.87005E-02  0.20612E-02  0.12085E-02 -0.74242E-02      16  0.87590E-02  0.00000E+00  0.00000E+00 -0.34215E-02 -0.14486E-02 -0.21788E-01 -0.78588E-02 -0.15139E-01 -0.55836E-02
        0.6358  0.00000E+00 -0.75054E-02  0.00000E+00 -0.39882E-02  0.00000E+00  0.00000E+00  0.86792E-02  0.93025E-02  0.87007E-02  0.20610E-02  0.13116E-02 -0.84582E-02      17  0.87590E-02  0.00000E+00  0.00000E+00 -0.32558E-02 -0.16114E-02 -0.21361E-01 -0.89269E-02 -0.15503E-01 -0.63587E-02
        0.6858  0.00000E+00 -0.77263E-02  0.00000E+00 -0.43745E-02  0.00000E+00  0.00000E+00  0.87112E-02  0.93033E-02  0.87009E-02  0.20611E-02  0.14146E-02 -0.94190E-02      18  0.87590E-02  0.00000E+00  0.00000E+00 -0.29964E-02 -0.17612E-02 -0.20327E-01 -0.99432E-02 -0.15451E-01 -0.71313E-02
        0.7358  0.00000E+00 -0.79872E-02  0.00000E+00 -0.47739E-02  0.00000E+00  0.00000E+00  0.87558E-02  0.93058E-02  0.87012E-02  0.20612E-02  0.15177E-02 -0.10282E-01      19  0.87590E-02  0.00000E+00  0.00000E+00 -0.26797E-02 -0.18952E-02 -0.18794E-01 -0.10883E-01 -0.15012E-01 -0.78819E-02
        0.7858  0.00000E+00 -0.82774E-02  0.00000E+00 -0.51878E-02  0.00000E+00  0.00000E+00  0.88268E-02  0.93094E-02  0.87015E-02  0.20615E-02  0.16208E-02 -0.11014E-01      20  0.87590E-02  0.00000E+00  0.00000E+00 -0.21123E-02 -0.20008E-02 -0.16429E-01 -0.11704E-01 -0.14096E-01 -0.85867E-02
        0.8358  0.00000E+00 -0.85811E-02  0.00000E+00 -0.56168E-02  0.00000E+00  0.00000E+00  0.89183E-02  0.93155E-02  0.87018E-02  0.20618E-02  0.17239E-02 -0.11583E-01      21  0.87591E-02  0.00000E+00  0.00000E+00 -0.14945E-02 -0.20756E-02 -0.13618E-01 -0.12385E-01 -0.12770E-01 -0.92252E-02
        0.8858  0.00000E+00 -0.88815E-02  0.00000E+00 -0.60609E-02  0.00000E+00  0.00000E+00  0.90183E-02  0.93219E-02  0.87021E-02  0.20623E-02  0.18270E-02 -0.11984E-01      22  0.87591E-02  0.00000E+00  0.00000E+00 -0.83137E-03 -0.21171E-02 -0.10803E-01 -0.12925E-01 -0.11221E-01 -0.97863E-02
        0.9358  0.00000E+00 -0.91598E-02  0.00000E+00 -0.65189E-02  0.00000E+00  0.00000E+00  0.91182E-02  0.93273E-02  0.87023E-02  0.20627E-02  0.19301E-02 -0.12237E-01      23  0.87591E-02  0.00000E+00  0.00000E+00 -0.21466E-03 -0.21279E-02 -0.83773E-02 -0.13344E-01 -0.96536E-02 -0.10269E-01
        0.9679  0.00000E+00 -0.93668E-02  0.00000E+00 -0.68194E-02  0.00000E+00  0.00000E+00  0.91781E-02  0.93307E-02  0.87025E-02  0.20630E-02  0.19963E-02 -0.12339E-01      24  0.87591E-02  0.00000E+00  0.00000E+00  0.19138E-03 -0.21217E-02 -0.70472E-02 -0.13570E-01 -0.86984E-02 -0.10548E-01
        1.0000  0.00000E+00 -0.95074E-02  0.00000E+00 -0.71245E-02  0.00000E+00  0.00000E+00  0.92316E-02  0.93318E-02  0.87027E-02  0.20631E-02  0.20625E-02 -0.12412E-01      25  0.87591E-02  0.00000E+00  0.00000E+00  0.58936E-03 -0.21028E-02 -0.60247E-02 -0.13764E-01 -0.78428E-02 -0.10800E-01
end
