 ******* Program HYDRUS
 ******* 
 Welcome to HYDRUS-1D                                                    
 Date:  29. 3.2022    Time:  17:27:14
 Units: L = cm   , T = days , M = mg   

----------------------------------------------------------
 Time       [T]        0.0000
----------------------------------------------------------
 Sub-region num.                     1
----------------------------------------------------------
 Length   [L]        0.30000E+03  0.30000E+03
 W-volume [L]        0.10504E+03  0.10504E+03
 In-flow  [L/T]      0.00000E+00  0.00000E+00
 h Mean   [L]       -0.26202E+02 -0.26202E+02
 ConcVol  [M/L2] 1   0.93127E-01  0.93127E-01
 cMean    [M/L3] 1   0.88721E-03  0.88721E-03
 SorbVolIm[M/L2] 1   0.46314E+02  0.46314E+02
 sMeanIm  [-]    1   0.10647E+00  0.10647E+00
 Top Flux [L/T]      0.33885E-01
 Bot Flux [L/T]      0.46367E+00
----------------------------------------------------------

----------------------------------------------------------
 Time       [T]        1.0000
----------------------------------------------------------
 Sub-region num.                     1
----------------------------------------------------------
 Length   [L]        0.30000E+03  0.30000E+03
 W-volume [L]        0.10666E+03  0.10666E+03
 In-flow  [L/T]     -0.26571E+00 -0.26571E+00
 h Mean   [L]       -0.69816E+01 -0.69816E+01
 ConcVol  [M/L2] 1   0.94584E-01  0.94584E-01
 cMean    [M/L3] 1   0.88725E-03  0.88725E-03
 SorbVolIm[M/L2] 1   0.46313E+02  0.46313E+02
 sMeanIm  [-]    1   0.10647E+00  0.10647E+00
 Top Flux [L/T]      0.59124E-02
 Bot Flux [L/T]     -0.22128E+00
 WatBalT  [L]        0.96560E-05
 WatBalR  [%]              0.001
 CncBalT  [M]    1   0.11826E-03
 CncBalR  [%]    1         8.103
----------------------------------------------------------
 
 Calculation time [sec]  9.999997913837433E-003
