 All solute fluxes and cumulative solute fluxes are positive into the region

       Time         cvTop        cvBot      Sum(cvTop)   Sum(cvBot)     cvCh0        cvCh1         cTop        cRoot         cBot        cvRoot    Sum(cvRoot)  Sum(cvNEql) TLevel      cGWL        cRunOff   Sum(cRunOff)    (cv(i),    Sum(cv(i)), i=1,NObs)
        [T]        [M/L2/T]     [M/L2/T]      [M/L2]       [M/L2]       [M/L2]      [M/L2]        [M/L3]      [M/L3]        [M/L3]      [M/L2/T]      [M/L2]       [M/L2]              [M/L3]        [M/L2]      [M/L3]      [M/L2/T]      [M/L2]
        0.0100  0.00000E+00 -0.20504E-02  0.00000E+00 -0.20504E-04  0.00000E+00  0.00000E+00  0.10112E-02  0.91354E-03  0.88111E-03  0.11166E-03  0.11166E-05  0.13574E-05       1  0.88317E-03  0.00000E+00  0.00000E+00  0.10181E-04  0.10181E-06 -0.13264E-02 -0.13264E-04 -0.10346E-02 -0.10346E-04
        0.0200  0.00000E+00 -0.26420E-02  0.00000E+00 -0.46924E-04  0.00000E+00  0.00000E+00  0.10111E-02  0.91356E-03  0.88117E-03  0.11167E-03  0.22333E-05  0.67140E-05       2  0.88316E-03  0.00000E+00  0.00000E+00 -0.64953E-06  0.95319E-07 -0.12719E-02 -0.25983E-04 -0.10035E-02 -0.20380E-04
        0.0330  0.00000E+00 -0.24089E-02  0.00000E+00 -0.78240E-04  0.00000E+00  0.00000E+00  0.10109E-02  0.91355E-03  0.88112E-03  0.11166E-03  0.36849E-05  0.54440E-05       3  0.88315E-03  0.00000E+00  0.00000E+00 -0.21977E-04 -0.19038E-06 -0.12152E-02 -0.41780E-04 -0.96096E-03 -0.32873E-04
        0.0499  0.00000E+00 -0.22222E-02  0.00000E+00 -0.11579E-03  0.00000E+00  0.00000E+00  0.10105E-02  0.91355E-03  0.88111E-03  0.11166E-03  0.55720E-05  0.39535E-05       4  0.88315E-03  0.00000E+00  0.00000E+00 -0.62989E-04 -0.12549E-05 -0.11854E-02 -0.61813E-04 -0.91736E-03 -0.48376E-04
        0.0719  0.00000E+00 -0.20875E-02  0.00000E+00 -0.16166E-03  0.00000E+00  0.00000E+00  0.10097E-02  0.91355E-03  0.88109E-03  0.11166E-03  0.80253E-05 -0.32340E-05       5  0.88315E-03  0.00000E+00  0.00000E+00 -0.13434E-03 -0.42063E-05 -0.12283E-02 -0.88799E-04 -0.87893E-03 -0.67686E-04
        0.1004  0.00000E+00 -0.19741E-02  0.00000E+00 -0.21804E-03  0.00000E+00  0.00000E+00  0.10086E-02  0.91354E-03  0.88108E-03  0.11166E-03  0.11215E-04 -0.23741E-04       6  0.88315E-03  0.00000E+00  0.00000E+00 -0.24937E-03 -0.11328E-04 -0.14245E-02 -0.12948E-03 -0.86798E-03 -0.92477E-04
        0.1376  0.00000E+00 -0.18767E-02  0.00000E+00 -0.28772E-03  0.00000E+00  0.00000E+00  0.10070E-02  0.91353E-03  0.88108E-03  0.11166E-03  0.15360E-04 -0.76030E-04       7  0.88315E-03  0.00000E+00  0.00000E+00 -0.42481E-03 -0.27101E-04 -0.19267E-02 -0.20102E-03 -0.92966E-03 -0.12699E-03
        0.1858  0.00000E+00 -0.17864E-02  0.00000E+00 -0.37395E-03  0.00000E+00  0.00000E+00  0.10048E-02  0.91352E-03  0.88107E-03  0.11166E-03  0.20750E-04 -0.19742E-03       8  0.88315E-03  0.00000E+00  0.00000E+00 -0.68038E-03 -0.59942E-04 -0.29963E-02 -0.34565E-03 -0.11547E-02 -0.18273E-03
        0.2358  0.00000E+00 -0.17072E-02  0.00000E+00 -0.45931E-03  0.00000E+00  0.00000E+00  0.10026E-02  0.91350E-03  0.88107E-03  0.11166E-03  0.26333E-04 -0.38851E-03       9  0.88315E-03  0.00000E+00  0.00000E+00 -0.96249E-03 -0.10807E-03 -0.44951E-02 -0.57040E-03 -0.15555E-02 -0.26051E-03
        0.2858  0.00000E+00 -0.16447E-02  0.00000E+00 -0.54154E-03  0.00000E+00  0.00000E+00  0.10004E-02  0.91350E-03  0.88107E-03  0.11166E-03  0.31916E-04 -0.64394E-03      10  0.88315E-03  0.00000E+00  0.00000E+00 -0.12328E-02 -0.16971E-03 -0.63660E-02 -0.88870E-03 -0.21474E-02 -0.36788E-03
        0.3358  0.00000E+00 -0.15996E-02  0.00000E+00 -0.62153E-03  0.00000E+00  0.00000E+00  0.99854E-03  0.91351E-03  0.88107E-03  0.11166E-03  0.37499E-04 -0.95500E-03      11  0.88315E-03  0.00000E+00  0.00000E+00 -0.14769E-02 -0.24355E-03 -0.83545E-02 -0.13064E-02 -0.28929E-02 -0.51252E-03
        0.3858  0.00000E+00 -0.15748E-02  0.00000E+00 -0.70027E-03  0.00000E+00  0.00000E+00  0.99707E-03  0.91355E-03  0.88108E-03  0.11166E-03  0.43082E-04 -0.13055E-02      12  0.88315E-03  0.00000E+00  0.00000E+00 -0.16816E-02 -0.32763E-03 -0.10349E-01 -0.18239E-02 -0.37436E-02 -0.69970E-03
        0.4358  0.00000E+00 -0.15762E-02  0.00000E+00 -0.77908E-03  0.00000E+00  0.00000E+00  0.99582E-03  0.91358E-03  0.88108E-03  0.11167E-03  0.48666E-04 -0.16810E-02      13  0.88315E-03  0.00000E+00  0.00000E+00 -0.18207E-02 -0.41867E-03 -0.12110E-01 -0.24293E-02 -0.46892E-02 -0.93417E-03
        0.4858  0.00000E+00 -0.16115E-02  0.00000E+00 -0.85965E-03  0.00000E+00  0.00000E+00  0.99520E-03  0.91364E-03  0.88110E-03  0.11167E-03  0.54249E-04 -0.20647E-02      14  0.88315E-03  0.00000E+00  0.00000E+00 -0.18959E-02 -0.51346E-03 -0.13267E-01 -0.30927E-02 -0.54636E-02 -0.12073E-02
        0.5358  0.00000E+00 -0.16878E-02  0.00000E+00 -0.94404E-03  0.00000E+00  0.00000E+00  0.99500E-03  0.91368E-03  0.88112E-03  0.11168E-03  0.59833E-04 -0.24391E-02      15  0.88315E-03  0.00000E+00  0.00000E+00 -0.18842E-02 -0.60767E-03 -0.13851E-01 -0.37852E-02 -0.60043E-02 -0.15076E-02
        0.5858  0.00000E+00 -0.18124E-02  0.00000E+00 -0.10347E-02  0.00000E+00  0.00000E+00  0.99535E-03  0.91372E-03  0.88115E-03  0.11168E-03  0.65417E-04 -0.27873E-02      16  0.88315E-03  0.00000E+00  0.00000E+00 -0.17995E-02 -0.69764E-03 -0.13752E-01 -0.44729E-02 -0.62722E-02 -0.18212E-02
        0.6358  0.00000E+00 -0.19885E-02  0.00000E+00 -0.11341E-02  0.00000E+00  0.00000E+00  0.99620E-03  0.91374E-03  0.88118E-03  0.11168E-03  0.71001E-04 -0.30950E-02      17  0.88315E-03  0.00000E+00  0.00000E+00 -0.16388E-02 -0.77958E-03 -0.13028E-01 -0.51243E-02 -0.62533E-02 -0.21338E-02
        0.6858  0.00000E+00 -0.22117E-02  0.00000E+00 -0.12447E-02  0.00000E+00  0.00000E+00  0.99749E-03  0.91376E-03  0.88122E-03  0.11168E-03  0.76585E-04 -0.33517E-02      18  0.88315E-03  0.00000E+00  0.00000E+00 -0.14214E-02 -0.85065E-03 -0.11782E-01 -0.57134E-02 -0.59303E-02 -0.24303E-02
        0.7358  0.00000E+00 -0.24699E-02  0.00000E+00 -0.13682E-02  0.00000E+00  0.00000E+00  0.99910E-03  0.91375E-03  0.88125E-03  0.11168E-03  0.82169E-04 -0.35517E-02      19  0.88316E-03  0.00000E+00  0.00000E+00 -0.11563E-02 -0.90847E-03 -0.10172E-01 -0.62220E-02 -0.53929E-02 -0.27000E-02
        0.7858  0.00000E+00 -0.27375E-02  0.00000E+00 -0.15050E-02  0.00000E+00  0.00000E+00  0.10010E-02  0.91373E-03  0.88129E-03  0.11168E-03  0.87753E-04 -0.36938E-02      20  0.88316E-03  0.00000E+00  0.00000E+00 -0.86565E-03 -0.95175E-03 -0.83469E-02 -0.66393E-02 -0.47015E-02 -0.29351E-02
        0.8358  0.00000E+00 -0.29875E-02  0.00000E+00 -0.16544E-02  0.00000E+00  0.00000E+00  0.10030E-02  0.91369E-03  0.88132E-03  0.11168E-03  0.93337E-04 -0.37761E-02      21  0.88316E-03  0.00000E+00  0.00000E+00 -0.57234E-03 -0.98037E-03 -0.65183E-02 -0.69652E-02 -0.39437E-02 -0.31322E-02
        0.8858  0.00000E+00 -0.31965E-02  0.00000E+00 -0.18142E-02  0.00000E+00  0.00000E+00  0.10048E-02  0.91369E-03  0.88135E-03  0.11168E-03  0.98921E-04 -0.38086E-02      22  0.88316E-03  0.00000E+00  0.00000E+00 -0.30688E-03 -0.99571E-03 -0.48932E-02 -0.72099E-02 -0.32308E-02 -0.32938E-02
        0.9358  0.00000E+00 -0.33455E-02  0.00000E+00 -0.19815E-02  0.00000E+00  0.00000E+00  0.10062E-02  0.91365E-03  0.88137E-03  0.11167E-03  0.10450E-03 -0.38084E-02      23  0.88317E-03  0.00000E+00  0.00000E+00 -0.98516E-04 -0.10006E-02 -0.35568E-02 -0.73877E-02 -0.26158E-02 -0.34246E-02
        0.9679  0.00000E+00 -0.34270E-02  0.00000E+00 -0.20915E-02  0.00000E+00  0.00000E+00  0.10068E-02  0.91363E-03  0.88138E-03  0.11167E-03  0.10809E-03 -0.38009E-02      24  0.88317E-03  0.00000E+00  0.00000E+00 -0.15855E-04 -0.10011E-02 -0.28703E-02 -0.74798E-02 -0.22732E-02 -0.34975E-02
        1.0000  0.00000E+00 -0.34587E-02  0.00000E+00 -0.22024E-02  0.00000E+00  0.00000E+00  0.10071E-02  0.91360E-03  0.88139E-03  0.11167E-03  0.11167E-03 -0.37927E-02      25  0.88317E-03  0.00000E+00  0.00000E+00  0.27022E-04 -0.10003E-02 -0.23772E-02 -0.75561E-02 -0.19909E-02 -0.35614E-02
end
