 All solute fluxes and cumulative solute fluxes are positive into the region

       Time         cvTop        cvBot      Sum(cvTop)   Sum(cvBot)     cvCh0        cvCh1         cTop        cRoot         cBot        cvRoot    Sum(cvRoot)  Sum(cvNEql) TLevel      cGWL        cRunOff   Sum(cRunOff)    (cv(i),    Sum(cv(i)), i=1,NObs)
        [T]        [M/L2/T]     [M/L2/T]      [M/L2]       [M/L2]       [M/L2]      [M/L2]        [M/L3]      [M/L3]        [M/L3]      [M/L2/T]      [M/L2]       [M/L2]              [M/L3]        [M/L2]      [M/L3]      [M/L2/T]      [M/L2]
        0.0100  0.00000E+00 -0.16602E-03  0.00000E+00 -0.16602E-05  0.00000E+00  0.00000E+00  0.96692E-03  0.90581E-03  0.87881E-03  0.68174E-04  0.68174E-06 -0.53668E-05       1  0.88309E-03  0.00000E+00  0.00000E+00  0.19536E-04  0.19536E-06 -0.13912E-02 -0.13912E-04 -0.11452E-02 -0.11452E-04
        0.0200  0.00000E+00  0.00000E+00  0.00000E+00 -0.16602E-05  0.00000E+00  0.00000E+00  0.96696E-03  0.90581E-03  0.87555E-03  0.68177E-04  0.13635E-05 -0.10560E-04       2  0.88302E-03  0.00000E+00  0.00000E+00  0.39539E-05  0.23490E-06 -0.13290E-02 -0.27202E-04 -0.11064E-02 -0.22515E-04
        0.0330  0.00000E+00  0.00000E+00  0.00000E+00 -0.16602E-05  0.00000E+00  0.00000E+00  0.96679E-03  0.90581E-03  0.87742E-03  0.68176E-04  0.22498E-05 -0.14347E-04       3  0.88308E-03  0.00000E+00  0.00000E+00 -0.10834E-04  0.94053E-07 -0.12535E-02 -0.43498E-04 -0.10552E-02 -0.36232E-04
        0.0499  0.00000E+00  0.00000E+00  0.00000E+00 -0.16602E-05  0.00000E+00  0.00000E+00  0.96649E-03  0.90580E-03  0.87859E-03  0.68176E-04  0.34020E-05 -0.17370E-04       4  0.88310E-03  0.00000E+00  0.00000E+00 -0.39781E-04 -0.57824E-06 -0.11854E-02 -0.63532E-04 -0.99737E-03 -0.53088E-04
        0.0719  0.00000E+00 -0.10254E-04  0.00000E+00 -0.18855E-05  0.00000E+00  0.00000E+00  0.96594E-03  0.90580E-03  0.88150E-03  0.68176E-04  0.48998E-05 -0.18587E-04       5  0.88315E-03  0.00000E+00  0.00000E+00 -0.91122E-04 -0.25802E-05 -0.11354E-02 -0.88477E-04 -0.93496E-03 -0.73629E-04
        0.1004  0.00000E+00 -0.81287E-04  0.00000E+00 -0.42072E-05  0.00000E+00  0.00000E+00  0.96506E-03  0.90580E-03  0.88126E-03  0.68175E-04  0.68469E-05 -0.22485E-04       6  0.88314E-03  0.00000E+00  0.00000E+00 -0.17471E-03 -0.75700E-05 -0.11388E-02 -0.12100E-03 -0.87778E-03 -0.98699E-04
        0.1376  0.00000E+00 -0.20136E-03  0.00000E+00 -0.11684E-04  0.00000E+00  0.00000E+00  0.96377E-03  0.90579E-03  0.88143E-03  0.68175E-04  0.93782E-05 -0.40611E-04       7  0.88315E-03  0.00000E+00  0.00000E+00 -0.29978E-03 -0.18701E-04 -0.12518E-02 -0.16748E-03 -0.84361E-03 -0.13002E-03
        0.1858  0.00000E+00 -0.31822E-03  0.00000E+00 -0.27044E-04  0.00000E+00  0.00000E+00  0.96208E-03  0.90578E-03  0.88135E-03  0.68174E-04  0.12669E-04 -0.89388E-04       8  0.88314E-03  0.00000E+00  0.00000E+00 -0.47308E-03 -0.41535E-04 -0.15729E-02 -0.24340E-03 -0.86817E-03 -0.17193E-03
        0.2358  0.00000E+00 -0.42208E-03  0.00000E+00 -0.48148E-04  0.00000E+00  0.00000E+00  0.96044E-03  0.90577E-03  0.88144E-03  0.68172E-04  0.16077E-04 -0.17228E-03       9  0.88315E-03  0.00000E+00  0.00000E+00 -0.65074E-03 -0.74073E-04 -0.20729E-02 -0.34705E-03 -0.96601E-03 -0.22023E-03
        0.2858  0.00000E+00 -0.50465E-03  0.00000E+00 -0.73380E-04  0.00000E+00  0.00000E+00  0.95901E-03  0.90577E-03  0.88140E-03  0.68172E-04  0.19486E-04 -0.28638E-03      10  0.88314E-03  0.00000E+00  0.00000E+00 -0.81048E-03 -0.11460E-03 -0.27025E-02 -0.48217E-03 -0.11345E-02 -0.27695E-03
        0.3358  0.00000E+00 -0.56979E-03  0.00000E+00 -0.10187E-03  0.00000E+00  0.00000E+00  0.95784E-03  0.90576E-03  0.88145E-03  0.68172E-04  0.22895E-04 -0.42612E-03      11  0.88316E-03  0.00000E+00  0.00000E+00 -0.94341E-03 -0.16177E-03 -0.33922E-02 -0.65178E-03 -0.13568E-02 -0.34479E-03
        0.3858  0.00000E+00 -0.62236E-03  0.00000E+00 -0.13299E-03  0.00000E+00  0.00000E+00  0.95688E-03  0.90578E-03  0.88144E-03  0.68173E-04  0.26303E-04 -0.58281E-03      12  0.88316E-03  0.00000E+00  0.00000E+00 -0.10473E-02 -0.21413E-03 -0.40613E-02 -0.85485E-03 -0.16097E-02 -0.42528E-03
        0.4358  0.00000E+00 -0.66679E-03  0.00000E+00 -0.16633E-03  0.00000E+00  0.00000E+00  0.95628E-03  0.90581E-03  0.88146E-03  0.68175E-04  0.29712E-04 -0.75034E-03      13  0.88316E-03  0.00000E+00  0.00000E+00 -0.11211E-02 -0.27019E-03 -0.46947E-02 -0.10896E-02 -0.18805E-02 -0.51930E-03
        0.4858  0.00000E+00 -0.70684E-03  0.00000E+00 -0.20167E-03  0.00000E+00  0.00000E+00  0.95583E-03  0.90583E-03  0.88146E-03  0.68176E-04  0.33121E-04 -0.92128E-03      14  0.88316E-03  0.00000E+00  0.00000E+00 -0.11502E-02 -0.32770E-03 -0.51903E-02 -0.13491E-02 -0.21336E-02 -0.62598E-03
        0.5358  0.00000E+00 -0.74577E-03  0.00000E+00 -0.23896E-03  0.00000E+00  0.00000E+00  0.95580E-03  0.90586E-03  0.88148E-03  0.68178E-04  0.36530E-04 -0.10883E-02      15  0.88316E-03  0.00000E+00  0.00000E+00 -0.11410E-02 -0.38475E-03 -0.54554E-02 -0.16219E-02 -0.23377E-02 -0.74286E-03
        0.5858  0.00000E+00 -0.78646E-03  0.00000E+00 -0.27828E-03  0.00000E+00  0.00000E+00  0.95599E-03  0.90587E-03  0.88148E-03  0.68179E-04  0.39939E-04 -0.12443E-02      16  0.88316E-03  0.00000E+00  0.00000E+00 -0.10869E-02 -0.43910E-03 -0.54896E-02 -0.18963E-02 -0.24641E-02 -0.86607E-03
        0.6358  0.00000E+00 -0.83104E-03  0.00000E+00 -0.31983E-03  0.00000E+00  0.00000E+00  0.95654E-03  0.90589E-03  0.88149E-03  0.68180E-04  0.43348E-04 -0.13833E-02      17  0.88316E-03  0.00000E+00  0.00000E+00 -0.99701E-03 -0.48895E-03 -0.52963E-02 -0.21612E-02 -0.25036E-02 -0.99124E-03
        0.6858  0.00000E+00 -0.88084E-03  0.00000E+00 -0.36387E-03  0.00000E+00  0.00000E+00  0.95728E-03  0.90589E-03  0.88150E-03  0.68180E-04  0.46757E-04 -0.15009E-02      18  0.88316E-03  0.00000E+00  0.00000E+00 -0.87168E-03 -0.53253E-03 -0.49102E-02 -0.24067E-02 -0.24554E-02 -0.11140E-02
        0.7358  0.00000E+00 -0.93619E-03  0.00000E+00 -0.41068E-03  0.00000E+00  0.00000E+00  0.95828E-03  0.90589E-03  0.88152E-03  0.68179E-04  0.50166E-04 -0.15949E-02      19  0.88316E-03  0.00000E+00  0.00000E+00 -0.72295E-03 -0.56868E-03 -0.43769E-02 -0.26255E-02 -0.23331E-02 -0.12307E-02
        0.7858  0.00000E+00 -0.99651E-03  0.00000E+00 -0.46051E-03  0.00000E+00  0.00000E+00  0.95951E-03  0.90587E-03  0.88152E-03  0.68178E-04  0.53575E-04 -0.16630E-02      20  0.88316E-03  0.00000E+00  0.00000E+00 -0.54529E-03 -0.59594E-03 -0.37308E-02 -0.28121E-02 -0.21485E-02 -0.13381E-02
        0.8358  0.00000E+00 -0.10601E-02  0.00000E+00 -0.51351E-03  0.00000E+00  0.00000E+00  0.96085E-03  0.90586E-03  0.88154E-03  0.68178E-04  0.56983E-04 -0.17021E-02      21  0.88316E-03  0.00000E+00  0.00000E+00 -0.36421E-03 -0.61415E-03 -0.30455E-02 -0.29643E-02 -0.19119E-02 -0.14337E-02
        0.8858  0.00000E+00 -0.11243E-02  0.00000E+00 -0.56973E-03  0.00000E+00  0.00000E+00  0.96210E-03  0.90586E-03  0.88155E-03  0.68178E-04  0.60392E-04 -0.17165E-02      22  0.88316E-03  0.00000E+00  0.00000E+00 -0.19391E-03 -0.62385E-03 -0.23910E-02 -0.30839E-02 -0.16562E-02 -0.15165E-02
        0.9358  0.00000E+00 -0.11862E-02  0.00000E+00 -0.62904E-03  0.00000E+00  0.00000E+00  0.96323E-03  0.90584E-03  0.88156E-03  0.68177E-04  0.63801E-04 -0.17145E-02      23  0.88316E-03  0.00000E+00  0.00000E+00 -0.60231E-04 -0.62686E-03 -0.18169E-02 -0.31747E-02 -0.14073E-02 -0.15869E-02
        0.9679  0.00000E+00 -0.12342E-02  0.00000E+00 -0.66864E-03  0.00000E+00  0.00000E+00  0.96367E-03  0.90584E-03  0.88157E-03  0.68177E-04  0.65989E-04 -0.17094E-02      24  0.88316E-03  0.00000E+00  0.00000E+00 -0.61325E-05 -0.62706E-03 -0.15065E-02 -0.32231E-02 -0.12586E-02 -0.16273E-02
        1.0000  0.00000E+00 -0.12685E-02  0.00000E+00 -0.70934E-03  0.00000E+00  0.00000E+00  0.96390E-03  0.90582E-03  0.88157E-03  0.68176E-04  0.68176E-04 -0.17038E-02      25  0.88316E-03  0.00000E+00  0.00000E+00  0.27512E-04 -0.62618E-03 -0.12694E-02 -0.32638E-02 -0.11277E-02 -0.16634E-02
end
