 ******* Program HYDRUS
 ******* 
 Welcome to HYDRUS-1D                                                    
 Date:   4. 3.2022    Time:  19:31:57
 Units: L = cm   , T = days , M = mg   

----------------------------------------------------------
 Time       [T]        0.0000
----------------------------------------------------------
 Sub-region num.                     1
----------------------------------------------------------
 Length   [L]        0.30000E+03  0.30000E+03
 W-volume [L]        0.10157E+03  0.10157E+03
 In-flow  [L/T]      0.00000E+00  0.00000E+00
 h Mean   [L]       -0.68190E+02 -0.68190E+02
 ConcVol  [M/L2] 1   0.89642E+00  0.89642E+00
 cMean    [M/L3] 1   0.88370E-02  0.88370E-02
 SorbVolIm[M/L2] 1   0.43372E+02  0.43372E+02
 sMeanIm  [-]    1   0.99707E-01  0.99707E-01
 Top Flux [L/T]      0.54420E-01
 Bot Flux [L/T]      0.24637E+00
----------------------------------------------------------

----------------------------------------------------------
 Time       [T]        1.0000
----------------------------------------------------------
 Sub-region num.                     1
----------------------------------------------------------
 Length   [L]        0.30000E+03  0.30000E+03
 W-volume [L]        0.10193E+03  0.10193E+03
 In-flow  [L/T]      0.46588E-01  0.46588E-01
 h Mean   [L]       -0.65348E+02 -0.65348E+02
 ConcVol  [M/L2] 1   0.89967E+00  0.89967E+00
 cMean    [M/L3] 1   0.88367E-02  0.88367E-02
 SorbVolIm[M/L2] 1   0.43367E+02  0.43367E+02
 sMeanIm  [-]    1   0.99695E-01  0.99695E-01
 Top Flux [L/T]      0.25921E-01
 Bot Flux [L/T]      0.10080E+00
 WatBalT  [L]       -0.27090E-04
 WatBalR  [%]              0.005
 CncBalT  [M]    1  -0.41962E-04
 CncBalR  [%]    1         1.276
----------------------------------------------------------
 
 Calculation time [sec]  0.000000000000000E+000
