 ******* Program HYDRUS
 ******* 
 Welcome to HYDRUS-1D                                                    
 Date:  29. 3.2022    Time:  17:27:32
 Units: L = cm   , T = days , M = mg   

----------------------------------------------------------
 Time       [T]        0.0000
----------------------------------------------------------
 Sub-region num.                     1
----------------------------------------------------------
 Length   [L]        0.30000E+03  0.30000E+03
 W-volume [L]        0.10976E+03  0.10976E+03
 In-flow  [L/T]      0.00000E+00  0.00000E+00
 h Mean   [L]        0.53146E+02  0.53146E+02
 ConcVol  [M/L2] 1   0.98102E-01  0.98102E-01
 cMean    [M/L3] 1   0.89467E-03  0.89467E-03
 SorbVolIm[M/L2] 1   0.46703E+02  0.46703E+02
 sMeanIm  [-]    1   0.10736E+00  0.10736E+00
 Top Flux [L/T]      0.39090E-01
 Bot Flux [L/T]      0.13042E+00
----------------------------------------------------------

----------------------------------------------------------
 Time       [T]        1.0000
----------------------------------------------------------
 Sub-region num.                     1
----------------------------------------------------------
 Length   [L]        0.30000E+03  0.30000E+03
 W-volume [L]        0.10976E+03  0.10976E+03
 In-flow  [L/T]      0.98085E-01  0.98085E-01
 h Mean   [L]        0.53230E+02  0.53230E+02
 ConcVol  [M/L2] 1   0.98108E-01  0.98108E-01
 cMean    [M/L3] 1   0.89470E-03  0.89470E-03
 SorbVolIm[M/L2] 1   0.46703E+02  0.46703E+02
 sMeanIm  [-]    1   0.10736E+00  0.10736E+00
 Top Flux [L/T]      0.39610E-01
 Bot Flux [L/T]      0.13750E+00
 WatBalT  [L]       -0.30237E-02
 WatBalR  [%]              1.015
 CncBalT  [M]    1   0.00000E+00
 CncBalR  [%]    1         0.000
----------------------------------------------------------
 
 Calculation time [sec]  9.999999776482582E-003
