 ******* Program HYDRUS
 ******* 
 Welcome to HYDRUS-1D                                                    
 Date:  29. 3.2022    Time:  17:26:30
 Units: L = cm   , T = days , M = mg   

       Time          rTop        rRoot        vTop         vRoot        vBot       sum(rTop)   sum(rRoot)    sum(vTop)   sum(vRoot)    sum(vBot)      hTop         hRoot        hBot        RunOff    sum(RunOff)     Volume     sum(Infil)    sum(Evap) TLevel Cum(WTrans)  SnowLayer
        [T]         [L/T]        [L/T]        [L/T]        [L/T]        [L/T]         [L]          [L]          [L]         [L]           [L]         [L]           [L]         [L]          [L/T]         [L]          [L]          [L]          [L]

       0.0100  0.19972E-01  0.70802E-01  0.19968E-01  0.70132E-01  0.21896E+00  0.19972E-03  0.70802E-03  0.19968E-03  0.70132E-03  0.21896E-02 -0.20119E+03 -0.15737E+03  0.10043E+03  0.00000E+00  0.00000E+00  0.10324E+03  0.00000E+00  0.19968E-03      1  0.00000E+00      0.000
       0.0230  0.19972E-01  0.70802E-01  0.19973E-01  0.70132E-01  0.18182E+00  0.45935E-03  0.16284E-02  0.45934E-03  0.16130E-02  0.45533E-02 -0.20125E+03 -0.15739E+03  0.10043E+03  0.00000E+00  0.00000E+00  0.10324E+03  0.00000E+00  0.45934E-03      2  0.00000E+00      0.000
       0.0399  0.19972E-01  0.70802E-01  0.19973E-01  0.70131E-01  0.14822E+00  0.79686E-03  0.28250E-02  0.79688E-03  0.27983E-02  0.70582E-02 -0.20132E+03 -0.15742E+03  0.10043E+03  0.00000E+00  0.00000E+00  0.10324E+03  0.00000E+00  0.79688E-03      3  0.00000E+00      0.000
       0.0619  0.19972E-01  0.70802E-01  0.19975E-01  0.70131E-01  0.12700E+00  0.12356E-02  0.43805E-02  0.12357E-02  0.43390E-02  0.98484E-02 -0.20140E+03 -0.15746E+03  0.10043E+03  0.00000E+00  0.00000E+00  0.10324E+03  0.00000E+00  0.12357E-02      4  0.00000E+00      0.000
       0.0904  0.19972E-01  0.70802E-01  0.19970E-01  0.70130E-01  0.10887E+00  0.18060E-02  0.64027E-02  0.18061E-02  0.63420E-02  0.12958E-01 -0.20149E+03 -0.15750E+03  0.10043E+03  0.00000E+00  0.00000E+00  0.10324E+03  0.00000E+00  0.18061E-02      5  0.00000E+00      0.000
       0.1276  0.19972E-01  0.70802E-01  0.19971E-01  0.70129E-01  0.94726E-01  0.25476E-02  0.90315E-02  0.25476E-02  0.89459E-02  0.16475E-01 -0.20160E+03 -0.15756E+03  0.10043E+03  0.00000E+00  0.00000E+00  0.10324E+03  0.00000E+00  0.25476E-02      6  0.00000E+00      0.000
       0.1758  0.19972E-01  0.70802E-01  0.19974E-01  0.70128E-01  0.83229E-01  0.35116E-02  0.12449E-01  0.35117E-02  0.12331E-01  0.20492E-01 -0.20172E+03 -0.15762E+03  0.10043E+03  0.00000E+00  0.00000E+00  0.10324E+03  0.00000E+00  0.35117E-02      7  0.00000E+00      0.000
       0.2386  0.19972E-01  0.70802E-01  0.19969E-01  0.70127E-01  0.74385E-01  0.47647E-02  0.16892E-01  0.47647E-02  0.16731E-01  0.25160E-01 -0.20186E+03 -0.15769E+03  0.10043E+03  0.00000E+00  0.00000E+00  0.10324E+03  0.00000E+00  0.47647E-02      8  0.00000E+00      0.000
       0.3232  0.10155E+00  0.36002E+00  0.10155E+00  0.35656E+00  0.68199E-01  0.13356E-01  0.47350E-01  0.13356E-01  0.46897E-01  0.30930E-01 -0.20312E+03 -0.15794E+03  0.10043E+03  0.00000E+00  0.00000E+00  0.10323E+03  0.00000E+00  0.13356E-01      9  0.00000E+00      0.000
       0.4360  0.21058E+00  0.74652E+00  0.21058E+00  0.73911E+00  0.72841E-01  0.37110E-01  0.13156E+00  0.37110E-01  0.13027E+00  0.39146E-01 -0.20664E+03 -0.15944E+03  0.10043E+03  0.00000E+00  0.00000E+00  0.10318E+03  0.00000E+00  0.37110E-01     10  0.00000E+00      0.000
       0.5770  0.20259E+00  0.71819E+00  0.20259E+00  0.71061E+00  0.10423E+00  0.65676E-01  0.23283E+00  0.65676E-01  0.23047E+00  0.53843E-01 -0.21104E+03 -0.16235E+03  0.10043E+03  0.00000E+00  0.00000E+00  0.10306E+03  0.00000E+00  0.65676E-01     11  0.00000E+00      0.000
       0.7885  0.19972E-01  0.70802E-01  0.19972E-01  0.70021E-01  0.17298E+00  0.69900E-01  0.24780E+00  0.69900E-01  0.24528E+00  0.90430E-01 -0.21215E+03 -0.16475E+03  0.10043E+03  0.00000E+00  0.00000E+00  0.10294E+03  0.00000E+00  0.69900E-01     12  0.00000E+00      0.000
       1.0000  0.19972E-01  0.70802E-01  0.19970E-01  0.70042E-01  0.20680E+00  0.74124E-01  0.26278E+00  0.74124E-01  0.26009E+00  0.13417E+00 -0.21037E+03 -0.16356E+03  0.10043E+03  0.00000E+00  0.00000E+00  0.10297E+03  0.00000E+00  0.74124E-01     13  0.00000E+00      0.000
end
