 All solute fluxes and cumulative solute fluxes are positive into the region

       Time         cvTop        cvBot      Sum(cvTop)   Sum(cvBot)     cvCh0        cvCh1         cTop        cRoot         cBot        cvRoot    Sum(cvRoot)  Sum(cvNEql) TLevel      cGWL        cRunOff   Sum(cRunOff)    (cv(i),    Sum(cv(i)), i=1,NObs)
        [T]        [M/L2/T]     [M/L2/T]      [M/L2]       [M/L2]       [M/L2]      [M/L2]        [M/L3]      [M/L3]        [M/L3]      [M/L2/T]      [M/L2]       [M/L2]              [M/L3]        [M/L2]      [M/L3]      [M/L2/T]      [M/L2]
        0.0100  0.00000E+00 -0.30676E-03  0.00000E+00 -0.30676E-05  0.00000E+00  0.00000E+00  0.10665E-02  0.91407E-03  0.87964E-03  0.00000E+00  0.00000E+00  0.25225E-05       1  0.88309E-03  0.00000E+00  0.00000E+00  0.32090E-04  0.32090E-06 -0.73384E-03 -0.73384E-05 -0.55965E-03 -0.55965E-05
        0.0230  0.00000E+00 -0.46608E-03  0.00000E+00 -0.91266E-05  0.00000E+00  0.00000E+00  0.10666E-02  0.91400E-03  0.87973E-03  0.00000E+00  0.00000E+00  0.85146E-05       2  0.88309E-03  0.00000E+00  0.00000E+00  0.31748E-04  0.73363E-06 -0.68705E-03 -0.16270E-04 -0.53548E-03 -0.12558E-04
        0.0399  0.00000E+00 -0.40673E-03  0.00000E+00 -0.16000E-04  0.00000E+00  0.00000E+00  0.10665E-02  0.91402E-03  0.87968E-03  0.00000E+00  0.00000E+00  0.13634E-04       3  0.88309E-03  0.00000E+00  0.00000E+00  0.31113E-04  0.12594E-05 -0.62747E-03 -0.26874E-04 -0.50180E-03 -0.21038E-04
        0.0619  0.00000E+00 -0.36787E-03  0.00000E+00 -0.24083E-04  0.00000E+00  0.00000E+00  0.10665E-02  0.91401E-03  0.87968E-03  0.00000E+00  0.00000E+00  0.21225E-04       4  0.88309E-03  0.00000E+00  0.00000E+00  0.29593E-04  0.19096E-05 -0.56555E-03 -0.39299E-04 -0.46414E-03 -0.31235E-04
        0.0904  0.00000E+00 -0.34833E-03  0.00000E+00 -0.34031E-04  0.00000E+00  0.00000E+00  0.10664E-02  0.91402E-03  0.87967E-03  0.00000E+00  0.00000E+00  0.30515E-04       5  0.88309E-03  0.00000E+00  0.00000E+00  0.26551E-04  0.26679E-05 -0.50094E-03 -0.53607E-04 -0.42079E-03 -0.43254E-04
        0.1276  0.00000E+00 -0.33904E-03  0.00000E+00 -0.46620E-04  0.00000E+00  0.00000E+00  0.10664E-02  0.91401E-03  0.87967E-03  0.00000E+00  0.00000E+00  0.42449E-04       6  0.88309E-03  0.00000E+00  0.00000E+00  0.20984E-04  0.34470E-05 -0.43612E-03 -0.69800E-04 -0.37437E-03 -0.57154E-04
        0.1758  0.00000E+00 -0.33827E-03  0.00000E+00 -0.62947E-04  0.00000E+00  0.00000E+00  0.10663E-02  0.91401E-03  0.87968E-03  0.00000E+00  0.00000E+00  0.57143E-04       7  0.88309E-03  0.00000E+00  0.00000E+00  0.11584E-04  0.40062E-05 -0.37555E-03 -0.87927E-04 -0.32650E-03 -0.72913E-04
        0.2258  0.00000E+00 -0.34196E-03  0.00000E+00 -0.80045E-04  0.00000E+00  0.00000E+00  0.10662E-02  0.91401E-03  0.87969E-03  0.00000E+00  0.00000E+00  0.71583E-04       8  0.88309E-03  0.00000E+00  0.00000E+00  0.91680E-06  0.40520E-05 -0.32888E-03 -0.10437E-03 -0.28710E-03 -0.87268E-04
        0.2758  0.00000E+00 -0.34663E-03  0.00000E+00 -0.97377E-04  0.00000E+00  0.00000E+00  0.10663E-02  0.91401E-03  0.87969E-03  0.00000E+00  0.00000E+00  0.85984E-04       9  0.88309E-03  0.00000E+00  0.00000E+00  0.13934E-04  0.47487E-05 -0.28686E-03 -0.11871E-03 -0.25452E-03 -0.99994E-04
        0.3258  0.00000E+00 -0.35033E-03  0.00000E+00 -0.11489E-03  0.00000E+00  0.00000E+00  0.10671E-02  0.91401E-03  0.87970E-03  0.00000E+00  0.00000E+00  0.10583E-03      10  0.88309E-03  0.00000E+00  0.00000E+00  0.10313E-03  0.99051E-05 -0.22211E-03 -0.12982E-03 -0.21865E-03 -0.11093E-03
        0.3758  0.00000E+00 -0.35189E-03  0.00000E+00 -0.13249E-03  0.00000E+00  0.00000E+00  0.10680E-02  0.91403E-03  0.87970E-03  0.00000E+00  0.00000E+00  0.13862E-03      11  0.88309E-03  0.00000E+00  0.00000E+00  0.17180E-03  0.18495E-04 -0.14449E-03 -0.13704E-03 -0.16825E-03 -0.11934E-03
        0.4258  0.00000E+00 -0.35072E-03  0.00000E+00 -0.15002E-03  0.00000E+00  0.00000E+00  0.10687E-02  0.91406E-03  0.87971E-03  0.00000E+00  0.00000E+00  0.18274E-03      12  0.88309E-03  0.00000E+00  0.00000E+00  0.21749E-03  0.29370E-04 -0.59949E-04 -0.14004E-03 -0.11077E-03 -0.12488E-03
        0.4758  0.00000E+00 -0.34654E-03  0.00000E+00 -0.16735E-03  0.00000E+00  0.00000E+00  0.10692E-02  0.91407E-03  0.87971E-03  0.00000E+00  0.00000E+00  0.23391E-03      13  0.88309E-03  0.00000E+00  0.00000E+00  0.23947E-03  0.41343E-04 -0.78057E-05 -0.14043E-03 -0.51606E-04 -0.12746E-03
        0.5258  0.00000E+00 -0.33896E-03  0.00000E+00 -0.18430E-03  0.00000E+00  0.00000E+00  0.10693E-02  0.91409E-03  0.87971E-03  0.00000E+00  0.00000E+00  0.28839E-03      14  0.88309E-03  0.00000E+00  0.00000E+00  0.23754E-03  0.53220E-04 -0.33852E-05 -0.14060E-03  0.20377E-05 -0.12736E-03
        0.5758  0.00000E+00 -0.32792E-03  0.00000E+00 -0.20070E-03  0.00000E+00  0.00000E+00  0.10691E-02  0.91409E-03  0.87971E-03  0.00000E+00  0.00000E+00  0.34109E-03      15  0.88309E-03  0.00000E+00  0.00000E+00  0.21219E-03  0.63830E-04 -0.63443E-06 -0.14063E-03  0.39940E-04 -0.12536E-03
        0.6258  0.00000E+00 -0.31368E-03  0.00000E+00 -0.21638E-03  0.00000E+00  0.00000E+00  0.10686E-02  0.91409E-03  0.87971E-03  0.00000E+00  0.00000E+00  0.38784E-03      16  0.88309E-03  0.00000E+00  0.00000E+00  0.16450E-03  0.72055E-04  0.66912E-06 -0.14060E-03  0.66052E-04 -0.12206E-03
        0.6758  0.00000E+00 -0.29661E-03  0.00000E+00 -0.23121E-03  0.00000E+00  0.00000E+00  0.10678E-02  0.91408E-03  0.87970E-03  0.00000E+00  0.00000E+00  0.42441E-03      17  0.88309E-03  0.00000E+00  0.00000E+00  0.96186E-04  0.76864E-04  0.32788E-06 -0.14058E-03  0.77622E-04 -0.11818E-03
        0.7258  0.00000E+00 -0.27736E-03  0.00000E+00 -0.24508E-03  0.00000E+00  0.00000E+00  0.10668E-02  0.91407E-03  0.87970E-03  0.00000E+00  0.00000E+00  0.44807E-03      18  0.88309E-03  0.00000E+00  0.00000E+00  0.10175E-04  0.77373E-04 -0.15994E-05 -0.14066E-03  0.74260E-04 -0.11446E-03
        0.7758  0.00000E+00 -0.25694E-03  0.00000E+00 -0.25793E-03  0.00000E+00  0.00000E+00  0.10665E-02  0.91404E-03  0.87969E-03  0.00000E+00  0.00000E+00  0.45999E-03      19  0.88309E-03  0.00000E+00  0.00000E+00  0.87166E-06  0.77416E-04 -0.31660E-05 -0.14082E-03  0.59958E-04 -0.11146E-03
        0.8258  0.00000E+00 -0.23623E-03  0.00000E+00 -0.26974E-03  0.00000E+00  0.00000E+00  0.10667E-02  0.91402E-03  0.87969E-03  0.00000E+00  0.00000E+00  0.46924E-03      20  0.88309E-03  0.00000E+00  0.00000E+00  0.11419E-04  0.77987E-04 -0.42505E-05 -0.14103E-03  0.47521E-04 -0.10909E-03
        0.8758  0.00000E+00 -0.21590E-03  0.00000E+00 -0.28053E-03  0.00000E+00  0.00000E+00  0.10668E-02  0.91403E-03  0.87968E-03  0.00000E+00  0.00000E+00  0.47897E-03      21  0.88309E-03  0.00000E+00  0.00000E+00  0.20869E-04  0.79031E-04 -0.49104E-05 -0.14128E-03  0.38115E-04 -0.10718E-03
        0.9258  0.00000E+00 -0.19665E-03  0.00000E+00 -0.29036E-03  0.00000E+00  0.00000E+00  0.10670E-02  0.91403E-03  0.87968E-03  0.00000E+00  0.00000E+00  0.48860E-03      22  0.88309E-03  0.00000E+00  0.00000E+00  0.27565E-04  0.80409E-04 -0.53245E-05 -0.14155E-03  0.31562E-04 -0.10560E-03
        0.9629  0.00000E+00 -0.18080E-03  0.00000E+00 -0.29707E-03  0.00000E+00  0.00000E+00  0.10670E-02  0.91403E-03  0.87968E-03  0.00000E+00  0.00000E+00  0.49594E-03      23  0.88309E-03  0.00000E+00  0.00000E+00  0.30490E-04  0.81540E-04 -0.55597E-05 -0.14175E-03  0.27836E-04 -0.10457E-03
        1.0000  0.00000E+00 -0.16821E-03  0.00000E+00 -0.30331E-03  0.00000E+00  0.00000E+00  0.10670E-02  0.91403E-03  0.87967E-03  0.00000E+00  0.00000E+00  0.50310E-03      24  0.88309E-03  0.00000E+00  0.00000E+00  0.31443E-04  0.82706E-04 -0.57474E-05 -0.14196E-03  0.25135E-04 -0.10364E-03
end
