 ******* Program HYDRUS
 ******* 
 Welcome to HYDRUS-1D                                                    
 Date:  29. 3.2022    Time:  17:28:21
 Units: L = cm   , T = days , M = mg   

----------------------------------------------------------
 Time       [T]        0.0000
----------------------------------------------------------
 Sub-region num.                     1
----------------------------------------------------------
 Length   [L]        0.30000E+03  0.30000E+03
 W-volume [L]        0.10911E+03  0.10911E+03
 In-flow  [L/T]      0.00000E+00  0.00000E+00
 h Mean   [L]        0.35646E+02  0.35646E+02
 ConcVol  [M/L2] 1   0.97143E-01  0.97143E-01
 cMean    [M/L3] 1   0.89100E-03  0.89100E-03
 SorbVolIm[M/L2] 1   0.46510E+02  0.46510E+02
 sMeanIm  [-]    1   0.10692E+00  0.10692E+00
 Top Flux [L/T]      0.28032E-01
 Bot Flux [L/T]     -0.55044E+00
----------------------------------------------------------

----------------------------------------------------------
 Time       [T]        1.0000
----------------------------------------------------------
 Sub-region num.                     1
----------------------------------------------------------
 Length   [L]        0.30000E+03  0.30000E+03
 W-volume [L]        0.10967E+03  0.10967E+03
 In-flow  [L/T]     -0.62019E+00 -0.62019E+00
 h Mean   [L]        0.48526E+02  0.48526E+02
 ConcVol  [M/L2] 1   0.97651E-01  0.97651E-01
 cMean    [M/L3] 1   0.89102E-03  0.89102E-03
 SorbVolIm[M/L2] 1   0.46510E+02  0.46510E+02
 sMeanIm  [-]    1   0.10692E+00  0.10692E+00
 Top Flux [L/T]      0.25910E-01
 Bot Flux [L/T]     -0.55376E+00
 WatBalT  [L]       -0.11563E-04
 WatBalR  [%]              0.001
 CncBalT  [M]    1   0.36240E-03
 CncBalR  [%]    1        71.177
----------------------------------------------------------
 
 Calculation time [sec]  1.000002026557922E-002
