 All solute fluxes and cumulative solute fluxes are positive into the region

       Time         cvTop        cvBot      Sum(cvTop)   Sum(cvBot)     cvCh0        cvCh1         cTop        cRoot         cBot        cvRoot    Sum(cvRoot)  Sum(cvNEql) TLevel      cGWL        cRunOff   Sum(cRunOff)    (cv(i),    Sum(cv(i)), i=1,NObs)
        [T]        [M/L2/T]     [M/L2/T]      [M/L2]       [M/L2]       [M/L2]      [M/L2]        [M/L3]      [M/L3]        [M/L3]      [M/L2/T]      [M/L2]       [M/L2]              [M/L3]        [M/L2]      [M/L3]      [M/L2/T]      [M/L2]
        0.0100  0.00000E+00 -0.19982E-01  0.00000E+00 -0.19982E-03  0.00000E+00  0.00000E+00  0.80683E-02  0.88771E-02  0.85877E-02  0.20418E-02  0.20418E-04 -0.13032E-04       1  0.87419E-02  0.00000E+00  0.00000E+00  0.48924E-04  0.48924E-06 -0.62238E-02 -0.62238E-04 -0.10529E-01 -0.10529E-03
        0.0200  0.00000E+00 -0.25757E-01  0.00000E+00 -0.45739E-03  0.00000E+00  0.00000E+00  0.80744E-02  0.88773E-02  0.85929E-02  0.20418E-02  0.40835E-04 -0.20669E-04       2  0.87421E-02  0.00000E+00  0.00000E+00 -0.46456E-04  0.24676E-07 -0.59678E-02 -0.12192E-03 -0.10206E-01 -0.20735E-03
        0.0330  0.00000E+00 -0.23496E-01  0.00000E+00 -0.76284E-03  0.00000E+00  0.00000E+00  0.80755E-02  0.88774E-02  0.85962E-02  0.20418E-02  0.67379E-04 -0.31761E-04       3  0.87405E-02  0.00000E+00  0.00000E+00 -0.24282E-03 -0.31320E-05 -0.57031E-02 -0.19606E-03 -0.97757E-02 -0.33444E-03
        0.0499  0.00000E+00 -0.21682E-01  0.00000E+00 -0.11293E-02  0.00000E+00  0.00000E+00  0.80635E-02  0.88775E-02  0.85981E-02  0.20418E-02  0.10189E-03 -0.50543E-04       4  0.87406E-02  0.00000E+00  0.00000E+00 -0.60141E-03 -0.13296E-04 -0.55626E-02 -0.29007E-03 -0.93320E-02 -0.49215E-03
        0.0719  0.00000E+00 -0.20371E-01  0.00000E+00 -0.15768E-02  0.00000E+00  0.00000E+00  0.80258E-02  0.88773E-02  0.85988E-02  0.20418E-02  0.14674E-03 -0.89319E-04       5  0.87406E-02  0.00000E+00  0.00000E+00 -0.10930E-02 -0.37310E-04 -0.57665E-02 -0.41675E-03 -0.89403E-02 -0.68857E-03
        0.1004  0.00000E+00 -0.19266E-01  0.00000E+00 -0.21271E-02  0.00000E+00  0.00000E+00  0.79510E-02  0.88766E-02  0.85986E-02  0.20418E-02  0.20506E-03 -0.18383E-03       6  0.87406E-02  0.00000E+00  0.00000E+00 -0.15168E-02 -0.80630E-04 -0.66925E-02 -0.60790E-03 -0.88245E-02 -0.94060E-03
        0.1376  0.00000E+00 -0.18315E-01  0.00000E+00 -0.28071E-02  0.00000E+00  0.00000E+00  0.78382E-02  0.88744E-02  0.85979E-02  0.20417E-02  0.28086E-03 -0.42923E-03       7  0.87406E-02  0.00000E+00  0.00000E+00 -0.17867E-02 -0.14697E-03 -0.90429E-02 -0.94366E-03 -0.94401E-02 -0.12911E-02
        0.1858  0.00000E+00 -0.17432E-01  0.00000E+00 -0.36485E-02  0.00000E+00  0.00000E+00  0.76885E-02  0.88691E-02  0.85967E-02  0.20413E-02  0.37940E-03 -0.10591E-02       8  0.87406E-02  0.00000E+00  0.00000E+00 -0.21976E-02 -0.25304E-03 -0.13943E-01 -0.16167E-02 -0.11696E-01 -0.18556E-02
        0.2358  0.00000E+00 -0.16656E-01  0.00000E+00 -0.44813E-02  0.00000E+00  0.00000E+00  0.75398E-02  0.88573E-02  0.85957E-02  0.20406E-02  0.48142E-03 -0.21817E-02       9  0.87405E-02  0.00000E+00  0.00000E+00 -0.27017E-02 -0.38813E-03 -0.20511E-01 -0.26422E-02 -0.15702E-01 -0.26407E-02
        0.2858  0.00000E+00 -0.16045E-01  0.00000E+00 -0.52835E-02  0.00000E+00  0.00000E+00  0.74049E-02  0.88408E-02  0.85949E-02  0.20395E-02  0.58340E-03 -0.38408E-02      10  0.87405E-02  0.00000E+00  0.00000E+00 -0.31396E-02 -0.54511E-03 -0.28251E-01 -0.40548E-02 -0.21571E-01 -0.37193E-02
        0.3358  0.00000E+00 -0.15604E-01  0.00000E+00 -0.60637E-02  0.00000E+00  0.00000E+00  0.72883E-02  0.88212E-02  0.85943E-02  0.20382E-02  0.68531E-03 -0.60384E-02      11  0.87404E-02  0.00000E+00  0.00000E+00 -0.35406E-02 -0.72214E-03 -0.35953E-01 -0.58524E-02 -0.28853E-01 -0.51619E-02
        0.3858  0.00000E+00 -0.15361E-01  0.00000E+00 -0.68318E-02  0.00000E+00  0.00000E+00  0.71984E-02  0.88014E-02  0.85941E-02  0.20368E-02  0.78715E-03 -0.87183E-02      12  0.87404E-02  0.00000E+00  0.00000E+00 -0.39267E-02 -0.91848E-03 -0.43354E-01 -0.80201E-02 -0.36962E-01 -0.70100E-02
        0.4358  0.00000E+00 -0.15375E-01  0.00000E+00 -0.76005E-02  0.00000E+00  0.00000E+00  0.71297E-02  0.87835E-02  0.85944E-02  0.20355E-02  0.88893E-03 -0.11788E-01      13  0.87404E-02  0.00000E+00  0.00000E+00 -0.41635E-02 -0.11267E-02 -0.49771E-01 -0.10509E-01 -0.45745E-01 -0.92973E-02
        0.4858  0.00000E+00 -0.15720E-01  0.00000E+00 -0.83865E-02  0.00000E+00  0.00000E+00  0.70858E-02  0.87693E-02  0.85953E-02  0.20344E-02  0.99065E-03 -0.15133E-01      14  0.87405E-02  0.00000E+00  0.00000E+00 -0.43633E-02 -0.13448E-02 -0.53825E-01 -0.13200E-01 -0.52695E-01 -0.11932E-01
        0.5358  0.00000E+00 -0.16466E-01  0.00000E+00 -0.92098E-02  0.00000E+00  0.00000E+00  0.70681E-02  0.87594E-02  0.85969E-02  0.20336E-02  0.10923E-02 -0.18618E-01      15  0.87405E-02  0.00000E+00  0.00000E+00 -0.44019E-02 -0.15649E-02 -0.55923E-01 -0.15996E-01 -0.57348E-01 -0.14799E-01
        0.5858  0.00000E+00 -0.17685E-01  0.00000E+00 -0.10094E-01  0.00000E+00  0.00000E+00  0.70749E-02  0.87544E-02  0.85993E-02  0.20331E-02  0.11940E-02 -0.22098E-01      16  0.87407E-02  0.00000E+00  0.00000E+00 -0.43299E-02 -0.17814E-02 -0.55650E-01 -0.18779E-01 -0.59601E-01 -0.17779E-01
        0.6358  0.00000E+00 -0.19410E-01  0.00000E+00 -0.11065E-01  0.00000E+00  0.00000E+00  0.71083E-02  0.87547E-02  0.86025E-02  0.20331E-02  0.12956E-02 -0.25424E-01      17  0.87408E-02  0.00000E+00  0.00000E+00 -0.41354E-02 -0.19882E-02 -0.53130E-01 -0.21435E-01 -0.59365E-01 -0.20748E-01
        0.6858  0.00000E+00 -0.21597E-01  0.00000E+00 -0.12144E-01  0.00000E+00  0.00000E+00  0.71670E-02  0.87604E-02  0.86063E-02  0.20334E-02  0.13973E-02 -0.28466E-01      18  0.87410E-02  0.00000E+00  0.00000E+00 -0.38336E-02 -0.21799E-02 -0.48732E-01 -0.23872E-01 -0.56437E-01 -0.23570E-01
        0.7358  0.00000E+00 -0.24127E-01  0.00000E+00 -0.13351E-01  0.00000E+00  0.00000E+00  0.72487E-02  0.87701E-02  0.86103E-02  0.20340E-02  0.14990E-02 -0.31117E-01      19  0.87429E-02  0.00000E+00  0.00000E+00 -0.33901E-02 -0.23494E-02 -0.42847E-01 -0.26014E-01 -0.51600E-01 -0.26150E-01
        0.7858  0.00000E+00 -0.26753E-01  0.00000E+00 -0.14688E-01  0.00000E+00  0.00000E+00  0.73535E-02  0.87827E-02  0.86143E-02  0.20349E-02  0.16008E-02 -0.33304E-01      20  0.87431E-02  0.00000E+00  0.00000E+00 -0.28414E-02 -0.24914E-02 -0.35910E-01 -0.27809E-01 -0.45309E-01 -0.28415E-01
        0.8358  0.00000E+00 -0.29207E-01  0.00000E+00 -0.16149E-01  0.00000E+00  0.00000E+00  0.74775E-02  0.87970E-02  0.86179E-02  0.20359E-02  0.17026E-02 -0.34980E-01      21  0.87433E-02  0.00000E+00  0.00000E+00 -0.21678E-02 -0.25998E-02 -0.28661E-01 -0.29243E-01 -0.38303E-01 -0.30330E-01
        0.8858  0.00000E+00 -0.31262E-01  0.00000E+00 -0.17712E-01  0.00000E+00  0.00000E+00  0.76125E-02  0.88131E-02  0.86209E-02  0.20371E-02  0.18044E-02 -0.36141E-01      22  0.87435E-02  0.00000E+00  0.00000E+00 -0.13947E-02 -0.26696E-02 -0.21961E-01 -0.30341E-01 -0.31616E-01 -0.31911E-01
        0.9358  0.00000E+00 -0.32728E-01  0.00000E+00 -0.19348E-01  0.00000E+00  0.00000E+00  0.77461E-02  0.88281E-02  0.86232E-02  0.20382E-02  0.19063E-02 -0.36847E-01      23  0.87437E-02  0.00000E+00  0.00000E+00 -0.57224E-03 -0.26982E-02 -0.16222E-01 -0.31152E-01 -0.25756E-01 -0.33199E-01
        0.9679  0.00000E+00 -0.33531E-01  0.00000E+00 -0.20424E-01  0.00000E+00  0.00000E+00  0.78251E-02  0.88400E-02  0.86243E-02  0.20391E-02  0.19717E-02 -0.37111E-01      24  0.87437E-02  0.00000E+00  0.00000E+00 -0.12973E-03 -0.27023E-02 -0.13190E-01 -0.31575E-01 -0.22455E-01 -0.33919E-01
        1.0000  0.00000E+00 -0.33845E-01  0.00000E+00 -0.21510E-01  0.00000E+00  0.00000E+00  0.78895E-02  0.88454E-02  0.86251E-02  0.20395E-02  0.20372E-02 -0.37278E-01      25  0.87438E-02  0.00000E+00  0.00000E+00  0.17559E-03 -0.26967E-02 -0.10986E-01 -0.31927E-01 -0.19709E-01 -0.34552E-01
end
