 All solute fluxes and cumulative solute fluxes are positive into the region

       Time         cvTop        cvBot      Sum(cvTop)   Sum(cvBot)     cvCh0        cvCh1         cTop        cRoot         cBot        cvRoot    Sum(cvRoot)  Sum(cvNEql) TLevel      cGWL        cRunOff   Sum(cRunOff)    (cv(i),    Sum(cv(i)), i=1,NObs)
        [T]        [M/L2/T]     [M/L2/T]      [M/L2]       [M/L2]       [M/L2]      [M/L2]        [M/L3]      [M/L3]        [M/L3]      [M/L2/T]      [M/L2]       [M/L2]              [M/L3]        [M/L2]      [M/L3]      [M/L2/T]      [M/L2]
        0.0100  0.00000E+00 -0.39475E-03  0.00000E+00 -0.39475E-05  0.00000E+00  0.00000E+00  0.10881E-02  0.91534E-03  0.88021E-03  0.32427E-04  0.32427E-06 -0.12899E-05       1  0.88311E-03  0.00000E+00  0.00000E+00  0.38550E-04  0.38550E-06  0.38362E-05  0.38362E-07  0.17359E-03  0.17359E-05
        0.0230  0.00000E+00 -0.70200E-03  0.00000E+00 -0.13073E-04  0.00000E+00  0.00000E+00  0.10882E-02  0.91537E-03  0.88008E-03  0.32428E-04  0.74584E-06  0.39057E-05       2  0.88308E-03  0.00000E+00  0.00000E+00  0.37972E-04  0.87914E-06  0.35033E-05  0.83905E-07  0.17013E-03  0.39476E-05
        0.0399  0.00000E+00 -0.53749E-03  0.00000E+00 -0.22157E-04  0.00000E+00  0.00000E+00  0.10882E-02  0.91536E-03  0.88005E-03  0.32428E-04  0.12939E-05  0.40091E-05       3  0.88309E-03  0.00000E+00  0.00000E+00  0.37077E-04  0.15057E-05  0.32714E-05  0.13919E-06  0.16545E-03  0.67437E-05
        0.0619  0.00000E+00 -0.41257E-03  0.00000E+00 -0.31221E-04  0.00000E+00  0.00000E+00  0.10882E-02  0.91536E-03  0.88000E-03  0.32428E-04  0.20063E-05  0.69863E-05       4  0.88308E-03  0.00000E+00  0.00000E+00  0.35191E-04  0.22789E-05  0.28830E-05  0.20253E-06  0.16009E-03  0.10261E-04
        0.0904  0.00000E+00 -0.32253E-03  0.00000E+00 -0.40433E-04  0.00000E+00  0.00000E+00  0.10881E-02  0.91536E-03  0.87998E-03  0.32428E-04  0.29325E-05  0.97181E-05       5  0.88308E-03  0.00000E+00  0.00000E+00  0.31644E-04  0.31827E-05  0.23969E-05  0.27099E-06  0.15361E-03  0.14648E-04
        0.1276  0.00000E+00 -0.24588E-03  0.00000E+00 -0.49562E-04  0.00000E+00  0.00000E+00  0.10881E-02  0.91536E-03  0.87995E-03  0.32428E-04  0.41365E-05  0.13737E-04       6  0.88308E-03  0.00000E+00  0.00000E+00  0.25285E-04  0.41215E-05  0.17042E-05  0.33426E-06  0.14585E-03  0.20063E-04
        0.1758  0.00000E+00 -0.18081E-03  0.00000E+00 -0.58290E-04  0.00000E+00  0.00000E+00  0.10879E-02  0.91536E-03  0.87993E-03  0.32428E-04  0.57017E-05  0.18069E-04       7  0.88308E-03  0.00000E+00  0.00000E+00  0.14558E-04  0.48242E-05  0.75802E-06  0.37085E-06  0.13619E-03  0.26637E-04
        0.2258  0.00000E+00 -0.12736E-03  0.00000E+00 -0.64658E-04  0.00000E+00  0.00000E+00  0.10878E-02  0.91536E-03  0.87991E-03  0.32428E-04  0.73231E-05  0.22366E-04       8  0.88308E-03  0.00000E+00  0.00000E+00  0.13868E-05  0.48935E-05 -0.30291E-06  0.35571E-06  0.12638E-03  0.32956E-04
        0.2758  0.00000E+00 -0.87239E-04  0.00000E+00 -0.69020E-04  0.00000E+00  0.00000E+00  0.10879E-02  0.91536E-03  0.87990E-03  0.32428E-04  0.89445E-05  0.27380E-04       9  0.88308E-03  0.00000E+00  0.00000E+00  0.20453E-04  0.59161E-05 -0.88642E-06  0.31139E-06  0.11788E-03  0.38850E-04
        0.3258  0.00000E+00 -0.56553E-04  0.00000E+00 -0.71847E-04  0.00000E+00  0.00000E+00  0.10893E-02  0.91536E-03  0.87989E-03  0.32428E-04  0.10566E-04  0.41087E-04      10  0.88308E-03  0.00000E+00  0.00000E+00  0.13048E-03  0.12440E-04  0.40047E-06  0.33141E-06  0.11861E-03  0.44781E-04
        0.3758  0.00000E+00 -0.32191E-04  0.00000E+00 -0.73457E-04  0.00000E+00  0.00000E+00  0.10905E-02  0.91538E-03  0.87988E-03  0.32428E-04  0.12187E-04  0.73527E-04      11  0.88308E-03  0.00000E+00  0.00000E+00  0.21069E-03  0.22975E-04  0.27477E-05  0.46879E-06  0.13880E-03  0.51721E-04
        0.4258  0.00000E+00 -0.12059E-04  0.00000E+00 -0.74060E-04  0.00000E+00  0.00000E+00  0.10912E-02  0.91543E-03  0.87987E-03  0.32430E-04  0.13809E-04  0.12235E-03      12  0.88308E-03  0.00000E+00  0.00000E+00  0.26464E-03  0.36207E-04  0.58162E-05  0.75960E-06  0.17019E-03  0.60231E-04
        0.4758  0.00000E+00 -0.14098E-05  0.00000E+00 -0.74130E-04  0.00000E+00  0.00000E+00  0.10918E-02  0.91544E-03  0.87897E-03  0.32431E-04  0.15430E-04  0.17914E-03      13  0.88307E-03  0.00000E+00  0.00000E+00  0.28737E-03  0.50575E-04  0.89979E-05  0.12095E-05  0.20642E-03  0.70552E-04
        0.5258  0.00000E+00  0.00000E+00  0.00000E+00 -0.74130E-04  0.00000E+00  0.00000E+00  0.10919E-02  0.91547E-03  0.87924E-03  0.32432E-04  0.17052E-04  0.23976E-03      14  0.88307E-03  0.00000E+00  0.00000E+00  0.28438E-03  0.64794E-04  0.11798E-04  0.17994E-05  0.24141E-03  0.82622E-04
        0.5758  0.00000E+00  0.00000E+00  0.00000E+00 -0.74130E-04  0.00000E+00  0.00000E+00  0.10916E-02  0.91547E-03  0.87881E-03  0.32432E-04  0.18674E-04  0.29790E-03      15  0.88306E-03  0.00000E+00  0.00000E+00  0.25537E-03  0.77563E-04  0.13836E-04  0.24912E-05  0.27015E-03  0.96129E-04
        0.6258  0.00000E+00  0.00000E+00  0.00000E+00 -0.74130E-04  0.00000E+00  0.00000E+00  0.10911E-02  0.91547E-03  0.87882E-03  0.32432E-04  0.20295E-04  0.34704E-03      16  0.88307E-03  0.00000E+00  0.00000E+00  0.20035E-03  0.87580E-04  0.14642E-04  0.32233E-05  0.28798E-03  0.11053E-03
        0.6758  0.00000E+00  0.00000E+00  0.00000E+00 -0.74130E-04  0.00000E+00  0.00000E+00  0.10901E-02  0.91545E-03  0.87853E-03  0.32431E-04  0.21917E-04  0.38171E-03      17  0.88306E-03  0.00000E+00  0.00000E+00  0.11993E-03  0.93577E-04  0.13973E-04  0.39220E-05  0.29284E-03  0.12517E-03
        0.7258  0.00000E+00  0.00000E+00  0.00000E+00 -0.74130E-04  0.00000E+00  0.00000E+00  0.10888E-02  0.91544E-03  0.87843E-03  0.32430E-04  0.23538E-04  0.39767E-03      18  0.88306E-03  0.00000E+00  0.00000E+00  0.15016E-04  0.94328E-04  0.11722E-04  0.45081E-05  0.28245E-03  0.13929E-03
        0.7758  0.00000E+00  0.00000E+00  0.00000E+00 -0.74130E-04  0.00000E+00  0.00000E+00  0.10885E-02  0.91540E-03  0.87820E-03  0.32429E-04  0.25160E-04  0.39718E-03      19  0.88306E-03  0.00000E+00  0.00000E+00  0.13716E-05  0.94396E-04  0.97256E-05  0.49944E-05  0.25981E-03  0.15228E-03
        0.8258  0.00000E+00  0.00000E+00  0.00000E+00 -0.74130E-04  0.00000E+00  0.00000E+00  0.10887E-02  0.91538E-03  0.87806E-03  0.32428E-04  0.26781E-04  0.39262E-03      20  0.88306E-03  0.00000E+00  0.00000E+00  0.13939E-04  0.95093E-04  0.81589E-05  0.54023E-05  0.23880E-03  0.16422E-03
        0.8758  0.00000E+00  0.00000E+00  0.00000E+00 -0.74130E-04  0.00000E+00  0.00000E+00  0.10889E-02  0.91539E-03  0.87787E-03  0.32429E-04  0.28402E-04  0.38837E-03      21  0.88305E-03  0.00000E+00  0.00000E+00  0.24535E-04  0.96320E-04  0.70028E-05  0.57524E-05  0.22042E-03  0.17524E-03
        0.9258  0.00000E+00  0.00000E+00  0.00000E+00 -0.74130E-04  0.00000E+00  0.00000E+00  0.10890E-02  0.91538E-03  0.87774E-03  0.32428E-04  0.30024E-04  0.38357E-03      22  0.88305E-03  0.00000E+00  0.00000E+00  0.31987E-04  0.97919E-04  0.61014E-05  0.60575E-05  0.20540E-03  0.18551E-03
        0.9629  0.00000E+00  0.00000E+00  0.00000E+00 -0.74130E-04  0.00000E+00  0.00000E+00  0.10890E-02  0.91538E-03  0.87762E-03  0.32428E-04  0.31227E-04  0.38005E-03      23  0.88305E-03  0.00000E+00  0.00000E+00  0.35239E-04  0.99226E-04  0.55093E-05  0.62618E-05  0.19565E-03  0.19277E-03
        1.0000  0.00000E+00  0.00000E+00  0.00000E+00 -0.74130E-04  0.00000E+00  0.00000E+00  0.10891E-02  0.91538E-03  0.87752E-03  0.32428E-04  0.32429E-04  0.37612E-03      24  0.88305E-03  0.00000E+00  0.00000E+00  0.36284E-04  0.10057E-03  0.49830E-05  0.64466E-05  0.18735E-03  0.19972E-03
end
