 ******* Program HYDRUS
 ******* 
 Welcome to HYDRUS-1D                                                    
 Date:  29. 3.2022    Time:  17:26: 8
 Units: L = cm   , T = days , M = mg   

----------------------------------------------------------
 Time       [T]        0.0000
----------------------------------------------------------
 Sub-region num.                     1
----------------------------------------------------------
 Length   [L]        0.30000E+03  0.30000E+03
 W-volume [L]        0.10193E+03  0.10193E+03
 In-flow  [L/T]      0.00000E+00  0.00000E+00
 h Mean   [L]       -0.65334E+02 -0.65334E+02
 ConcVol  [M/L2] 1   0.90342E-01  0.90342E-01
 cMean    [M/L3] 1   0.88688E-03  0.88688E-03
 SorbVolIm[M/L2] 1   0.46297E+02  0.46297E+02
 sMeanIm  [-]    1   0.10643E+00  0.10643E+00
 Top Flux [L/T]      0.27894E-01
 Bot Flux [L/T]      0.86877E-01
----------------------------------------------------------

----------------------------------------------------------
 Time       [T]        1.0000
----------------------------------------------------------
 Sub-region num.                     1
----------------------------------------------------------
 Length   [L]        0.30000E+03  0.30000E+03
 W-volume [L]        0.10646E+03  0.10646E+03
 In-flow  [L/T]     -0.48966E+01 -0.48966E+01
 h Mean   [L]       -0.31007E+02 -0.31007E+02
 ConcVol  [M/L2] 1   0.94381E-01  0.94381E-01
 cMean    [M/L3] 1   0.88683E-03  0.88683E-03
 SorbVolIm[M/L2] 1   0.46291E+02  0.46291E+02
 sMeanIm  [-]    1   0.10642E+00  0.10642E+00
 Top Flux [L/T]     -0.77517E-01
 Bot Flux [L/T]     -0.48384E+01
 WatBalT  [L]       -0.35763E-04
 WatBalR  [%]              0.000
 CncBalT  [M]    1   0.13733E-03
 CncBalR  [%]    1         3.399
----------------------------------------------------------
 
 Calculation time [sec]  0.000000000000000E+000
