 ******* Program HYDRUS
 ******* 
 Welcome to HYDRUS-1D                                                    
 Date:  28. 3.2022    Time:   8:58:15
 Units: L = cm   , T = days , M = mg   


 Time:        0.0000


 Node      Depth      Head Moisture       K          C         Flux        Sink         Kappa   v/KsTop   Temp   Conc(1..NS) Sorb(1...NS)
           [L]        [L]    [-]        [L/T]      [1/L]      [L/T]        [1/T]         [-]      [-]      [C]      [M/L*3]

   1     0.0000    -220.036 0.2793   0.1017E+01  0.3573E-03  0.6202E-02  0.0000E+00      -1   0.143E-03   20.00  0.1087E-02  0.1305E+00
   2    -3.0000    -217.018 0.2804   0.1052E+01  0.3610E-03 -0.8158E-03  0.0000E+00      -1  -0.188E-04   20.00  0.1095E-02  0.1315E+00
   3    -6.0000    -214.040 0.2815   0.1086E+01  0.3646E-03 -0.1403E-01  0.0000E+00      -1  -0.323E-03   20.00  0.1045E-02  0.1254E+00
   4    -9.0000    -211.095 0.2826   0.1120E+01  0.3681E-03 -0.2470E-01  0.1280E-02      -1  -0.568E-03   20.00  0.1045E-02  0.1254E+00
   5   -12.0000    -208.172 0.2836   0.1154E+01  0.3717E-03 -0.3312E-01  0.1281E-02      -1  -0.762E-03   20.00  0.1034E-02  0.1241E+00
   6   -15.0000    -205.267 0.2847   0.1187E+01  0.3752E-03 -0.4040E-01  0.1282E-02      -1  -0.930E-03   20.00  0.1017E-02  0.1220E+00
   7   -18.0000    -202.376 0.2857   0.1220E+01  0.3787E-03 -0.4640E-01  0.1283E-02      -1  -0.107E-02   20.00  0.9933E-03  0.1192E+00
   8   -21.0000    -199.495 0.2867   0.1254E+01  0.3822E-03 -0.5163E-01  0.1284E-02      -1  -0.119E-02   20.00  0.9667E-03  0.1160E+00
   9   -24.0000    -196.623 0.2878   0.1287E+01  0.3857E-03 -0.5599E-01  0.1271E-02      -1  -0.129E-02   20.00  0.9409E-03  0.1129E+00
  10   -27.0000    -193.756 0.2888   0.1320E+01  0.3891E-03 -0.5929E-01  0.1205E-02      -1  -0.136E-02   20.00  0.9193E-03  0.1103E+00
  11   -30.0000    -190.892 0.2899   0.1362E+01  0.3927E-03 -0.6224E-01  0.1139E-02      -1  -0.143E-02   20.00  0.9035E-03  0.1084E+00
  12   -33.0000    -188.029 0.2911   0.1426E+01  0.3964E-03 -0.6489E-01  0.1072E-02      -1  -0.149E-02   20.00  0.8934E-03  0.1072E+00
  13   -36.0000    -185.165 0.2923   0.1490E+01  0.4001E-03 -0.6679E-01  0.1006E-02      -1  -0.154E-02   20.00  0.8876E-03  0.1065E+00
  14   -39.0000    -182.298 0.2935   0.1554E+01  0.4039E-03 -0.6836E-01  0.9395E-03      -1  -0.157E-02   20.00  0.8850E-03  0.1062E+00
  15   -42.0000    -179.429 0.2947   0.1618E+01  0.4076E-03 -0.6927E-01  0.8729E-03      -1  -0.159E-02   20.00  0.8834E-03  0.1060E+00
  16   -45.0000    -176.555 0.2959   0.1682E+01  0.4113E-03 -0.6978E-01  0.8061E-03      -1  -0.161E-02   20.00  0.8833E-03  0.1060E+00
  17   -48.0000    -173.678 0.2971   0.1746E+01  0.4151E-03 -0.7011E-01  0.7393E-03      -1  -0.161E-02   20.00  0.8834E-03  0.1060E+00
  18   -51.0000    -170.796 0.2983   0.1810E+01  0.4188E-03 -0.6998E-01  0.6725E-03      -1  -0.161E-02   20.00  0.8834E-03  0.1060E+00
  19   -54.0000    -167.910 0.2995   0.1874E+01  0.4226E-03 -0.6996E-01  0.6055E-03      -1  -0.161E-02   20.00  0.8834E-03  0.1060E+00
  20   -57.0000    -165.020 0.3007   0.1939E+01  0.4263E-03 -0.6978E-01  0.5385E-03      -1  -0.161E-02   20.00  0.8834E-03  0.1060E+00
  21   -60.0000    -162.126 0.3019   0.2003E+01  0.4301E-03 -0.6943E-01  0.4714E-03      -1  -0.160E-02   20.00  0.8834E-03  0.1060E+00
  22   -63.0000    -159.228 0.3031   0.2068E+01  0.4339E-03 -0.6926E-01  0.4042E-03      -1  -0.159E-02   20.00  0.8833E-03  0.1060E+00
  23   -66.0000    -156.327 0.3043   0.2133E+01  0.4377E-03 -0.6893E-01  0.3370E-03      -1  -0.159E-02   20.00  0.8833E-03  0.1060E+00
  24   -69.0000    -153.422 0.3055   0.2197E+01  0.4414E-03 -0.6867E-01  0.2697E-03      -1  -0.158E-02   20.00  0.8833E-03  0.1060E+00
  25   -72.0000    -150.514 0.3068   0.2288E+01  0.4450E-03 -0.6880E-01  0.2024E-03      -1  -0.158E-02   20.00  0.8833E-03  0.1060E+00
  26   -75.0000    -147.602 0.3082   0.2404E+01  0.4484E-03 -0.6888E-01  0.1350E-03      -1  -0.158E-02   20.00  0.8833E-03  0.1060E+00
  27   -78.0000    -144.686 0.3095   0.2520E+01  0.4517E-03 -0.6885E-01  0.6750E-04      -1  -0.158E-02   20.00  0.8833E-03  0.1060E+00
  28   -81.0000    -141.766 0.3109   0.2637E+01  0.4551E-03 -0.6941E-01  0.0000E+00      -1  -0.160E-02   20.00  0.8833E-03  0.1060E+00
  29   -84.0000    -138.844 0.3122   0.2753E+01  0.4585E-03 -0.6970E-01  0.0000E+00      -1  -0.160E-02   20.00  0.8833E-03  0.1060E+00
  30   -87.0000    -135.918 0.3136   0.2870E+01  0.4619E-03 -0.6982E-01  0.0000E+00      -1  -0.161E-02   20.00  0.8833E-03  0.1060E+00
  31   -90.0000    -132.990 0.3149   0.2986E+01  0.4653E-03 -0.7066E-01  0.0000E+00      -1  -0.163E-02   20.00  0.8833E-03  0.1060E+00
  32   -93.0000    -130.060 0.3163   0.3103E+01  0.4687E-03 -0.7135E-01  0.0000E+00      -1  -0.164E-02   20.00  0.8833E-03  0.1060E+00
  33   -96.0000    -127.128 0.3176   0.3220E+01  0.4721E-03 -0.7190E-01  0.0000E+00      -1  -0.165E-02   20.00  0.8833E-03  0.1060E+00
  34   -99.0000    -124.194 0.3190   0.3337E+01  0.4755E-03 -0.7228E-01  0.0000E+00      -1  -0.166E-02   20.00  0.8833E-03  0.1060E+00
  35  -102.0000    -121.258 0.3203   0.3454E+01  0.4788E-03 -0.7221E-01  0.0000E+00      -1  -0.166E-02   20.00  0.8833E-03  0.1060E+00
  36  -105.0000    -118.319 0.3218   0.3627E+01  0.4813E-03 -0.7323E-01  0.0000E+00      -1  -0.168E-02   20.00  0.8833E-03  0.1060E+00
  37  -108.0000    -115.379 0.3232   0.3821E+01  0.4834E-03 -0.7380E-01  0.0000E+00      -1  -0.170E-02   20.00  0.8833E-03  0.1060E+00
  38  -111.0000    -112.435 0.3246   0.4015E+01  0.4855E-03 -0.7426E-01  0.0000E+00      -1  -0.171E-02   20.00  0.8833E-03  0.1060E+00
  39  -114.0000    -109.490 0.3261   0.4209E+01  0.4876E-03 -0.7574E-01  0.0000E+00      -1  -0.174E-02   20.00  0.8833E-03  0.1060E+00
  40  -117.0000    -106.543 0.3275   0.4404E+01  0.4897E-03 -0.7555E-01  0.0000E+00      -1  -0.174E-02   20.00  0.8833E-03  0.1060E+00
  41  -120.0000    -103.593 0.3290   0.4598E+01  0.4917E-03 -0.7585E-01  0.0000E+00      -1  -0.175E-02   20.00  0.8833E-03  0.1060E+00
  42  -123.0000    -100.642 0.3304   0.4793E+01  0.4938E-03 -0.7747E-01  0.0000E+00      -1  -0.178E-02   20.00  0.8833E-03  0.1060E+00
  43  -126.0000     -97.690 0.3319   0.4988E+01  0.4959E-03 -0.7821E-01  0.0000E+00      -1  -0.180E-02   20.00  0.8833E-03  0.1060E+00
  44  -129.0000     -94.736 0.3333   0.5208E+01  0.4975E-03 -0.7838E-01  0.0000E+00      -1  -0.180E-02   20.00  0.8833E-03  0.1060E+00
  45  -132.0000     -91.780 0.3348   0.5509E+01  0.4974E-03 -0.7891E-01  0.0000E+00      -1  -0.182E-02   20.00  0.8833E-03  0.1060E+00
  46  -135.0000     -88.822 0.3363   0.5809E+01  0.4972E-03 -0.7934E-01  0.0000E+00      -1  -0.183E-02   20.00  0.8833E-03  0.1060E+00
  47  -138.0000     -85.862 0.3377   0.6110E+01  0.4971E-03 -0.8042E-01  0.0000E+00      -1  -0.185E-02   20.00  0.8833E-03  0.1060E+00
  48  -141.0000     -82.901 0.3392   0.6411E+01  0.4969E-03 -0.8116E-01  0.0000E+00      -1  -0.187E-02   20.00  0.8833E-03  0.1060E+00
  49  -144.0000     -79.938 0.3407   0.6712E+01  0.4968E-03 -0.8163E-01  0.0000E+00      -1  -0.188E-02   20.00  0.8833E-03  0.1060E+00
  50  -147.0000     -76.974 0.3422   0.7013E+01  0.4967E-03 -0.8198E-01  0.0000E+00      -1  -0.189E-02   20.00  0.8833E-03  0.1060E+00
  51  -150.0000     -74.008 0.3436   0.7388E+01  0.4949E-03 -0.8264E-01  0.0000E+00      -1  -0.190E-02   20.00  0.8833E-03  0.1060E+00
  52  -153.0000     -71.041 0.3451   0.7824E+01  0.4918E-03 -0.8337E-01  0.0000E+00      -1  -0.192E-02   20.00  0.8833E-03  0.1060E+00
  53  -156.0000     -68.072 0.3465   0.8259E+01  0.4886E-03 -0.8393E-01  0.0000E+00      -1  -0.193E-02   20.00  0.8833E-03  0.1060E+00
  54  -159.0000     -65.102 0.3480   0.8695E+01  0.4855E-03 -0.8547E-01  0.0000E+00      -1  -0.197E-02   20.00  0.8833E-03  0.1060E+00
  55  -162.0000     -62.131 0.3495   0.9131E+01  0.4824E-03 -0.8525E-01  0.0000E+00      -1  -0.196E-02   20.00  0.8833E-03  0.1060E+00
  56  -165.0000     -59.158 0.3509   0.9610E+01  0.4783E-03 -0.8510E-01  0.0000E+00      -1  -0.196E-02   20.00  0.8833E-03  0.1060E+00
  57  -168.0000     -56.184 0.3523   0.1021E+02  0.4716E-03 -0.8670E-01  0.0000E+00      -1  -0.199E-02   20.00  0.8833E-03  0.1060E+00
  58  -171.0000     -53.209 0.3537   0.1080E+02  0.4650E-03 -0.8633E-01  0.0000E+00      -1  -0.199E-02   20.00  0.8833E-03  0.1060E+00
  59  -174.0000     -50.232 0.3551   0.1140E+02  0.4583E-03 -0.8549E-01  0.0000E+00      -1  -0.197E-02   20.00  0.8833E-03  0.1060E+00
  60  -177.0000     -47.254 0.3564   0.1201E+02  0.4513E-03 -0.8635E-01  0.0000E+00      -1  -0.199E-02   20.00  0.8833E-03  0.1060E+00
  61  -180.0000     -44.275 0.3577   0.1280E+02  0.4408E-03 -0.8736E-01  0.0000E+00      -1  -0.201E-02   20.00  0.8833E-03  0.1060E+00
  62  -183.0000     -41.295 0.3590   0.1358E+02  0.4304E-03 -0.8818E-01  0.0000E+00      -1  -0.203E-02   20.00  0.8833E-03  0.1060E+00
  63  -186.0000     -38.314 0.3603   0.1436E+02  0.4199E-03 -0.8873E-01  0.0000E+00      -1  -0.204E-02   20.00  0.8833E-03  0.1060E+00
  64  -189.0000     -35.332 0.3616   0.1530E+02  0.4063E-03 -0.8924E-01  0.0000E+00      -1  -0.205E-02   20.00  0.8833E-03  0.1060E+00
  65  -192.0000     -32.349 0.3628   0.1629E+02  0.3919E-03 -0.8954E-01  0.0000E+00      -1  -0.206E-02   20.00  0.8833E-03  0.1060E+00
  66  -195.0000     -29.365 0.3639   0.1731E+02  0.3769E-03 -0.8959E-01  0.0000E+00      -1  -0.206E-02   20.00  0.8833E-03  0.1060E+00
  67  -198.0000     -26.380 0.3650   0.1852E+02  0.3585E-03 -0.8944E-01  0.0000E+00      -1  -0.206E-02   20.00  0.8833E-03  0.1060E+00
  68  -201.0000     -23.394 0.3661   0.1975E+02  0.3398E-03 -0.8903E-01  0.0000E+00      -1  -0.205E-02   20.00  0.8833E-03  0.1060E+00
  69  -204.0000     -20.407 0.3670   0.2121E+02  0.3174E-03 -0.8837E-01  0.0000E+00      -1  -0.203E-02   20.00  0.8833E-03  0.1060E+00
  70  -207.0000     -17.419 0.3680   0.2278E+02  0.2932E-03 -0.8737E-01  0.0000E+00      -1  -0.201E-02   20.00  0.8833E-03  0.1060E+00
  71  -210.0000     -14.430 0.3688   0.2454E+02  0.2663E-03 -0.9024E-01  0.0000E+00      -1  -0.208E-02   20.00  0.8833E-03  0.1060E+00
  72  -213.0000     -11.441 0.3696   0.2658E+02  0.2353E-03 -0.8854E-01  0.0000E+00      -1  -0.204E-02   20.00  0.8833E-03  0.1060E+00
  73  -216.0000      -8.450 0.3702   0.2899E+02  0.1992E-03 -0.8737E-01  0.0000E+00      -1  -0.201E-02   20.00  0.8833E-03  0.1060E+00
  74  -219.0000      -5.459 0.3708   0.3193E+02  0.1562E-03 -0.9093E-01  0.0000E+00      -1  -0.209E-02   20.00  0.8833E-03  0.1060E+00
  75  -222.0000      -2.467 0.3711   0.3593E+02  0.9970E-04 -0.9155E-01  0.0000E+00      -1  -0.211E-02   20.00  0.8833E-03  0.1060E+00
  76  -225.0000       0.526 0.3713   0.4346E+02  0.0000E+00 -0.8978E-01  0.0000E+00      -1  -0.207E-02   20.00  0.8833E-03  0.1060E+00
  77  -228.0000       3.520 0.3713   0.4346E+02  0.0000E+00 -0.8693E-01  0.0000E+00      -1  -0.200E-02   20.00  0.8833E-03  0.1060E+00
  78  -231.0000       6.514 0.3713   0.4346E+02  0.0000E+00 -0.9417E-01  0.0000E+00      -1  -0.217E-02   20.00  0.8833E-03  0.1060E+00
  79  -234.0000       9.507 0.3713   0.4346E+02  0.0000E+00 -0.9417E-01  0.0000E+00      -1  -0.217E-02   20.00  0.8833E-03  0.1060E+00
  80  -237.0000      12.501 0.3713   0.4346E+02  0.0000E+00 -0.8692E-01  0.0000E+00      -1  -0.200E-02   20.00  0.8833E-03  0.1060E+00
  81  -240.0000      15.495 0.3713   0.4346E+02  0.0000E+00 -0.8692E-01  0.0000E+00      -1  -0.200E-02   20.00  0.8833E-03  0.1060E+00
  82  -243.0000      18.489 0.3713   0.4346E+02  0.0000E+00 -0.9417E-01  0.0000E+00      -1  -0.217E-02   20.00  0.8833E-03  0.1060E+00
  83  -246.0000      21.482 0.3713   0.4346E+02  0.0000E+00 -0.9417E-01  0.0000E+00      -1  -0.217E-02   20.00  0.8833E-03  0.1060E+00
  84  -249.0000      24.476 0.3713   0.4346E+02  0.0000E+00 -0.8693E-01  0.0000E+00      -1  -0.200E-02   20.00  0.8833E-03  0.1060E+00
  85  -252.0000      27.470 0.3713   0.4346E+02  0.0000E+00 -0.8692E-01  0.0000E+00      -1  -0.200E-02   20.00  0.8833E-03  0.1060E+00
  86  -255.0000      30.464 0.3713   0.4346E+02  0.0000E+00 -0.8692E-01  0.0000E+00      -1  -0.200E-02   20.00  0.8833E-03  0.1060E+00
  87  -258.0000      33.458 0.3713   0.4346E+02  0.0000E+00 -0.9417E-01  0.0000E+00      -1  -0.217E-02   20.00  0.8833E-03  0.1060E+00
  88  -261.0000      36.451 0.3713   0.4346E+02  0.0000E+00 -0.9417E-01  0.0000E+00      -1  -0.217E-02   20.00  0.8833E-03  0.1060E+00
  89  -264.0000      39.445 0.3713   0.4346E+02  0.0000E+00 -0.8693E-01  0.0000E+00      -1  -0.200E-02   20.00  0.8833E-03  0.1060E+00
  90  -267.0000      42.439 0.3713   0.4346E+02  0.0000E+00 -0.8693E-01  0.0000E+00      -1  -0.200E-02   20.00  0.8833E-03  0.1060E+00
  91  -270.0000      45.433 0.3713   0.4346E+02  0.0000E+00 -0.8693E-01  0.0000E+00      -1  -0.200E-02   20.00  0.8833E-03  0.1060E+00
  92  -273.0000      48.427 0.3713   0.4346E+02  0.0000E+00 -0.9417E-01  0.0000E+00      -1  -0.217E-02   20.00  0.8833E-03  0.1060E+00
  93  -276.0000      51.420 0.3713   0.4346E+02  0.0000E+00 -0.9414E-01  0.0000E+00      -1  -0.217E-02   20.00  0.8833E-03  0.1060E+00
  94  -279.0000      54.414 0.3713   0.4346E+02  0.0000E+00 -0.8690E-01  0.0000E+00      -1  -0.200E-02   20.00  0.8833E-03  0.1060E+00
  95  -282.0000      57.408 0.3713   0.4346E+02  0.0000E+00 -0.8693E-01  0.0000E+00      -1  -0.200E-02   20.00  0.8833E-03  0.1060E+00
  96  -285.0000      60.402 0.3713   0.4346E+02  0.0000E+00 -0.9417E-01  0.0000E+00      -1  -0.217E-02   20.00  0.8833E-03  0.1060E+00
  97  -288.0000      63.395 0.3713   0.4346E+02  0.0000E+00 -0.9417E-01  0.0000E+00      -1  -0.217E-02   20.00  0.8833E-03  0.1060E+00
  98  -291.0000      66.389 0.3713   0.4346E+02  0.0000E+00 -0.8690E-01  0.0000E+00      -1  -0.200E-02   20.00  0.8833E-03  0.1060E+00
  99  -294.0000      69.383 0.3713   0.4346E+02  0.0000E+00 -0.8693E-01  0.0000E+00      -1  -0.200E-02   20.00  0.8825E-03  0.1059E+00
 100  -297.0000      72.377 0.3713   0.4346E+02  0.0000E+00 -0.8693E-01  0.0000E+00      -1  -0.200E-02   20.00  0.8799E-03  0.1056E+00
 101  -300.0000      75.371 0.3713   0.4346E+02  0.0000E+00 -0.8688E-01  0.0000E+00      -1  -0.200E-02   20.00  0.8799E-03  0.1055E+00
end


 Time:        1.0000


 Node      Depth      Head Moisture       K          C         Flux        Sink         Kappa   v/KsTop   Temp   Conc(1..NS) Sorb(1...NS)
           [L]        [L]    [-]        [L/T]      [1/L]      [L/T]        [1/T]         [-]      [-]      [C]      [M/L*3]

   1     0.0000    -229.689 0.2759   0.9057E+00  0.3456E-03  0.1728E-01  0.0000E+00      -1   0.398E-03   20.00  0.1088E-02  0.1305E+00
   2    -3.0000    -226.629 0.2770   0.9409E+00  0.3493E-03  0.1958E-01  0.0000E+00      -1   0.450E-03   20.00  0.1095E-02  0.1315E+00
   3    -6.0000    -223.564 0.2781   0.9763E+00  0.3530E-03  0.2202E-01  0.0000E+00      -1   0.507E-03   20.00  0.1046E-02  0.1254E+00
   4    -9.0000    -220.494 0.2792   0.1012E+01  0.3568E-03  0.2651E-01  0.1277E-02      -1   0.610E-03   20.00  0.1045E-02  0.1254E+00
   5   -12.0000    -217.407 0.2803   0.1047E+01  0.3605E-03  0.3305E-01  0.1278E-02      -1   0.760E-03   20.00  0.1034E-02  0.1241E+00
   6   -15.0000    -214.305 0.2814   0.1083E+01  0.3642E-03  0.3968E-01  0.1279E-02      -1   0.913E-03   20.00  0.1017E-02  0.1220E+00
   7   -18.0000    -211.188 0.2825   0.1119E+01  0.3680E-03  0.4638E-01  0.1280E-02      -1   0.107E-02   20.00  0.9933E-03  0.1192E+00
   8   -21.0000    -208.057 0.2837   0.1155E+01  0.3718E-03  0.5311E-01  0.1281E-02      -1   0.122E-02   20.00  0.9667E-03  0.1160E+00
   9   -24.0000    -204.912 0.2848   0.1191E+01  0.3756E-03  0.5980E-01  0.1269E-02      -1   0.138E-02   20.00  0.9409E-03  0.1129E+00
  10   -27.0000    -201.756 0.2859   0.1228E+01  0.3794E-03  0.6632E-01  0.1203E-02      -1   0.153E-02   20.00  0.9193E-03  0.1103E+00
  11   -30.0000    -198.588 0.2871   0.1264E+01  0.3833E-03  0.7256E-01  0.1137E-02      -1   0.167E-02   20.00  0.9034E-03  0.1084E+00
  12   -33.0000    -195.411 0.2882   0.1301E+01  0.3871E-03  0.7847E-01  0.1071E-02      -1   0.181E-02   20.00  0.8934E-03  0.1072E+00
  13   -36.0000    -192.226 0.2894   0.1337E+01  0.3910E-03  0.8404E-01  0.1005E-02      -1   0.193E-02   20.00  0.8876E-03  0.1065E+00
  14   -39.0000    -189.037 0.2907   0.1404E+01  0.3951E-03  0.8940E-01  0.9382E-03      -1   0.206E-02   20.00  0.8850E-03  0.1062E+00
  15   -42.0000    -185.845 0.2920   0.1475E+01  0.3993E-03  0.9452E-01  0.8718E-03      -1   0.217E-02   20.00  0.8834E-03  0.1060E+00
  16   -45.0000    -182.652 0.2933   0.1546E+01  0.4034E-03  0.9919E-01  0.8052E-03      -1   0.228E-02   20.00  0.8834E-03  0.1060E+00
  17   -48.0000    -179.460 0.2947   0.1617E+01  0.4076E-03  0.1034E+00  0.7386E-03      -1   0.238E-02   20.00  0.8834E-03  0.1060E+00
  18   -51.0000    -176.268 0.2960   0.1688E+01  0.4117E-03  0.1072E+00  0.6718E-03      -1   0.247E-02   20.00  0.8834E-03  0.1060E+00
  19   -54.0000    -173.079 0.2973   0.1759E+01  0.4159E-03  0.1104E+00  0.6050E-03      -1   0.254E-02   20.00  0.8834E-03  0.1060E+00
  20   -57.0000    -169.892 0.2987   0.1830E+01  0.4200E-03  0.1133E+00  0.5381E-03      -1   0.261E-02   20.00  0.8834E-03  0.1060E+00
  21   -60.0000    -166.707 0.3000   0.1901E+01  0.4242E-03  0.1157E+00  0.4710E-03      -1   0.266E-02   20.00  0.8834E-03  0.1060E+00
  22   -63.0000    -163.527 0.3013   0.1972E+01  0.4283E-03  0.1176E+00  0.4040E-03      -1   0.271E-02   20.00  0.8834E-03  0.1060E+00
  23   -66.0000    -160.350 0.3026   0.2043E+01  0.4324E-03  0.1191E+00  0.3368E-03      -1   0.274E-02   20.00  0.8834E-03  0.1060E+00
  24   -69.0000    -157.177 0.3040   0.2114E+01  0.4366E-03  0.1201E+00  0.2696E-03      -1   0.276E-02   20.00  0.8833E-03  0.1060E+00
  25   -72.0000    -154.009 0.3053   0.2184E+01  0.4407E-03  0.1208E+00  0.2023E-03      -1   0.278E-02   20.00  0.8833E-03  0.1060E+00
  26   -75.0000    -150.846 0.3067   0.2275E+01  0.4446E-03  0.1210E+00  0.1349E-03      -1   0.278E-02   20.00  0.8833E-03  0.1060E+00
  27   -78.0000    -147.691 0.3081   0.2401E+01  0.4483E-03  0.1208E+00  0.6748E-04      -1   0.278E-02   20.00  0.8833E-03  0.1060E+00
  28   -81.0000    -144.544 0.3096   0.2526E+01  0.4519E-03  0.1202E+00  0.0000E+00      -1   0.277E-02   20.00  0.8833E-03  0.1060E+00
  29   -84.0000    -141.405 0.3110   0.2651E+01  0.4555E-03  0.1194E+00  0.0000E+00      -1   0.275E-02   20.00  0.8833E-03  0.1060E+00
  30   -87.0000    -138.273 0.3125   0.2776E+01  0.4592E-03  0.1185E+00  0.0000E+00      -1   0.273E-02   20.00  0.8833E-03  0.1060E+00
  31   -90.0000    -135.148 0.3139   0.2900E+01  0.4628E-03  0.1174E+00  0.0000E+00      -1   0.270E-02   20.00  0.8833E-03  0.1060E+00
  32   -93.0000    -132.030 0.3154   0.3025E+01  0.4664E-03  0.1162E+00  0.0000E+00      -1   0.267E-02   20.00  0.8833E-03  0.1060E+00
  33   -96.0000    -128.918 0.3168   0.3149E+01  0.4700E-03  0.1150E+00  0.0000E+00      -1   0.265E-02   20.00  0.8833E-03  0.1060E+00
  34   -99.0000    -125.811 0.3182   0.3272E+01  0.4736E-03  0.1137E+00  0.0000E+00      -1   0.262E-02   20.00  0.8833E-03  0.1060E+00
  35  -102.0000    -122.709 0.3197   0.3396E+01  0.4772E-03  0.1123E+00  0.0000E+00      -1   0.258E-02   20.00  0.8833E-03  0.1060E+00
  36  -105.0000    -119.613 0.3211   0.3541E+01  0.4804E-03  0.1108E+00  0.0000E+00      -1   0.255E-02   20.00  0.8833E-03  0.1060E+00
  37  -108.0000    -116.522 0.3226   0.3745E+01  0.4826E-03  0.1093E+00  0.0000E+00      -1   0.251E-02   20.00  0.8833E-03  0.1060E+00
  38  -111.0000    -113.437 0.3241   0.3949E+01  0.4848E-03  0.1077E+00  0.0000E+00      -1   0.248E-02   20.00  0.8833E-03  0.1060E+00
  39  -114.0000    -110.358 0.3257   0.4152E+01  0.4869E-03  0.1062E+00  0.0000E+00      -1   0.244E-02   20.00  0.8833E-03  0.1060E+00
  40  -117.0000    -107.284 0.3272   0.4355E+01  0.4891E-03  0.1046E+00  0.0000E+00      -1   0.241E-02   20.00  0.8833E-03  0.1060E+00
  41  -120.0000    -104.214 0.3287   0.4557E+01  0.4913E-03  0.1030E+00  0.0000E+00      -1   0.237E-02   20.00  0.8833E-03  0.1060E+00
  42  -123.0000    -101.148 0.3302   0.4759E+01  0.4935E-03  0.1015E+00  0.0000E+00      -1   0.234E-02   20.00  0.8833E-03  0.1060E+00
  43  -126.0000     -98.086 0.3317   0.4962E+01  0.4957E-03  0.9999E-01  0.0000E+00      -1   0.230E-02   20.00  0.8833E-03  0.1060E+00
  44  -129.0000     -95.027 0.3332   0.5179E+01  0.4975E-03  0.9849E-01  0.0000E+00      -1   0.227E-02   20.00  0.8833E-03  0.1060E+00
  45  -132.0000     -91.972 0.3347   0.5489E+01  0.4974E-03  0.9701E-01  0.0000E+00      -1   0.223E-02   20.00  0.8833E-03  0.1060E+00
  46  -135.0000     -88.921 0.3362   0.5799E+01  0.4972E-03  0.9557E-01  0.0000E+00      -1   0.220E-02   20.00  0.8833E-03  0.1060E+00
  47  -138.0000     -85.873 0.3377   0.6109E+01  0.4971E-03  0.9416E-01  0.0000E+00      -1   0.217E-02   20.00  0.8833E-03  0.1060E+00
  48  -141.0000     -82.828 0.3393   0.6418E+01  0.4969E-03  0.9281E-01  0.0000E+00      -1   0.214E-02   20.00  0.8833E-03  0.1060E+00
  49  -144.0000     -79.786 0.3408   0.6727E+01  0.4968E-03  0.9150E-01  0.0000E+00      -1   0.211E-02   20.00  0.8833E-03  0.1060E+00
  50  -147.0000     -76.747 0.3423   0.7036E+01  0.4967E-03  0.9023E-01  0.0000E+00      -1   0.208E-02   20.00  0.8833E-03  0.1060E+00
  51  -150.0000     -73.710 0.3438   0.7432E+01  0.4946E-03  0.8902E-01  0.0000E+00      -1   0.205E-02   20.00  0.8833E-03  0.1060E+00
  52  -153.0000     -70.675 0.3453   0.7877E+01  0.4914E-03  0.8788E-01  0.0000E+00      -1   0.202E-02   20.00  0.8833E-03  0.1060E+00
  53  -156.0000     -67.643 0.3468   0.8322E+01  0.4882E-03  0.8678E-01  0.0000E+00      -1   0.200E-02   20.00  0.8833E-03  0.1060E+00
  54  -159.0000     -64.612 0.3482   0.8767E+01  0.4850E-03  0.8573E-01  0.0000E+00      -1   0.197E-02   20.00  0.8833E-03  0.1060E+00
  55  -162.0000     -61.584 0.3497   0.9211E+01  0.4818E-03  0.8472E-01  0.0000E+00      -1   0.195E-02   20.00  0.8833E-03  0.1060E+00
  56  -165.0000     -58.557 0.3512   0.9730E+01  0.4769E-03  0.8378E-01  0.0000E+00      -1   0.193E-02   20.00  0.8833E-03  0.1060E+00
  57  -168.0000     -55.532 0.3526   0.1034E+02  0.4702E-03  0.8291E-01  0.0000E+00      -1   0.191E-02   20.00  0.8833E-03  0.1060E+00
  58  -171.0000     -52.509 0.3540   0.1094E+02  0.4634E-03  0.8208E-01  0.0000E+00      -1   0.189E-02   20.00  0.8833E-03  0.1060E+00
  59  -174.0000     -49.487 0.3554   0.1155E+02  0.4566E-03  0.8129E-01  0.0000E+00      -1   0.187E-02   20.00  0.8833E-03  0.1060E+00
  60  -177.0000     -46.467 0.3568   0.1222E+02  0.4485E-03  0.8055E-01  0.0000E+00      -1   0.185E-02   20.00  0.8833E-03  0.1060E+00
  61  -180.0000     -43.448 0.3581   0.1301E+02  0.4379E-03  0.7989E-01  0.0000E+00      -1   0.184E-02   20.00  0.8833E-03  0.1060E+00
  62  -183.0000     -40.430 0.3594   0.1380E+02  0.4273E-03  0.7927E-01  0.0000E+00      -1   0.182E-02   20.00  0.8833E-03  0.1060E+00
  63  -186.0000     -37.413 0.3607   0.1461E+02  0.4164E-03  0.7870E-01  0.0000E+00      -1   0.181E-02   20.00  0.8833E-03  0.1060E+00
  64  -189.0000     -34.398 0.3619   0.1561E+02  0.4018E-03  0.7818E-01  0.0000E+00      -1   0.180E-02   20.00  0.8833E-03  0.1060E+00
  65  -192.0000     -31.383 0.3631   0.1661E+02  0.3873E-03  0.7768E-01  0.0000E+00      -1   0.179E-02   20.00  0.8833E-03  0.1060E+00
  66  -195.0000     -28.370 0.3643   0.1771E+02  0.3707E-03  0.7724E-01  0.0000E+00      -1   0.178E-02   20.00  0.8833E-03  0.1060E+00
  67  -198.0000     -25.357 0.3654   0.1894E+02  0.3522E-03  0.7684E-01  0.0000E+00      -1   0.177E-02   20.00  0.8833E-03  0.1060E+00
  68  -201.0000     -22.345 0.3664   0.2027E+02  0.3319E-03  0.7648E-01  0.0000E+00      -1   0.176E-02   20.00  0.8833E-03  0.1060E+00
  69  -204.0000     -19.334 0.3674   0.2173E+02  0.3094E-03  0.7617E-01  0.0000E+00      -1   0.175E-02   20.00  0.8833E-03  0.1060E+00
  70  -207.0000     -16.324 0.3683   0.2341E+02  0.2836E-03  0.7588E-01  0.0000E+00      -1   0.175E-02   20.00  0.8833E-03  0.1060E+00
  71  -210.0000     -13.315 0.3691   0.2529E+02  0.2549E-03  0.7564E-01  0.0000E+00      -1   0.174E-02   20.00  0.8833E-03  0.1060E+00
  72  -213.0000     -10.306 0.3698   0.2746E+02  0.2221E-03  0.7544E-01  0.0000E+00      -1   0.174E-02   20.00  0.8833E-03  0.1060E+00
  73  -216.0000      -7.299 0.3704   0.3002E+02  0.1840E-03  0.7528E-01  0.0000E+00      -1   0.173E-02   20.00  0.8833E-03  0.1060E+00
  74  -219.0000      -4.291 0.3709   0.3331E+02  0.1364E-03  0.7516E-01  0.0000E+00      -1   0.173E-02   20.00  0.8833E-03  0.1060E+00
  75  -222.0000      -1.285 0.3712   0.3820E+02  0.6874E-04  0.7509E-01  0.0000E+00      -1   0.173E-02   20.00  0.8833E-03  0.1060E+00
  76  -225.0000       1.720 0.3713   0.4346E+02  0.0000E+00  0.7507E-01  0.0000E+00      -1   0.173E-02   20.00  0.8833E-03  0.1060E+00
  77  -228.0000       4.726 0.3713   0.4346E+02  0.0000E+00  0.7507E-01  0.0000E+00      -1   0.173E-02   20.00  0.8833E-03  0.1060E+00
  78  -231.0000       7.731 0.3713   0.4346E+02  0.0000E+00  0.7507E-01  0.0000E+00      -1   0.173E-02   20.00  0.8833E-03  0.1060E+00
  79  -234.0000      10.736 0.3713   0.4346E+02  0.0000E+00  0.7507E-01  0.0000E+00      -1   0.173E-02   20.00  0.8833E-03  0.1060E+00
  80  -237.0000      13.741 0.3713   0.4346E+02  0.0000E+00  0.7506E-01  0.0000E+00      -1   0.173E-02   20.00  0.8833E-03  0.1060E+00
  81  -240.0000      16.746 0.3713   0.4346E+02  0.0000E+00  0.7507E-01  0.0000E+00      -1   0.173E-02   20.00  0.8833E-03  0.1060E+00
  82  -243.0000      19.751 0.3713   0.4346E+02  0.0000E+00  0.7508E-01  0.0000E+00      -1   0.173E-02   20.00  0.8833E-03  0.1060E+00
  83  -246.0000      22.757 0.3713   0.4346E+02  0.0000E+00  0.7508E-01  0.0000E+00      -1   0.173E-02   20.00  0.8833E-03  0.1060E+00
  84  -249.0000      25.762 0.3713   0.4346E+02  0.0000E+00  0.7508E-01  0.0000E+00      -1   0.173E-02   20.00  0.8833E-03  0.1060E+00
  85  -252.0000      28.767 0.3713   0.4346E+02  0.0000E+00  0.7508E-01  0.0000E+00      -1   0.173E-02   20.00  0.8833E-03  0.1060E+00
  86  -255.0000      31.772 0.3713   0.4346E+02  0.0000E+00  0.7508E-01  0.0000E+00      -1   0.173E-02   20.00  0.8833E-03  0.1060E+00
  87  -258.0000      34.777 0.3713   0.4346E+02  0.0000E+00  0.7506E-01  0.0000E+00      -1   0.173E-02   20.00  0.8833E-03  0.1060E+00
  88  -261.0000      37.783 0.3713   0.4346E+02  0.0000E+00  0.7505E-01  0.0000E+00      -1   0.173E-02   20.00  0.8833E-03  0.1060E+00
  89  -264.0000      40.788 0.3713   0.4346E+02  0.0000E+00  0.7505E-01  0.0000E+00      -1   0.173E-02   20.00  0.8833E-03  0.1060E+00
  90  -267.0000      43.793 0.3713   0.4346E+02  0.0000E+00  0.7505E-01  0.0000E+00      -1   0.173E-02   20.00  0.8833E-03  0.1060E+00
  91  -270.0000      46.798 0.3713   0.4346E+02  0.0000E+00  0.7505E-01  0.0000E+00      -1   0.173E-02   20.00  0.8833E-03  0.1060E+00
  92  -273.0000      49.803 0.3713   0.4346E+02  0.0000E+00  0.7505E-01  0.0000E+00      -1   0.173E-02   20.00  0.8833E-03  0.1060E+00
  93  -276.0000      52.808 0.3713   0.4346E+02  0.0000E+00  0.7505E-01  0.0000E+00      -1   0.173E-02   20.00  0.8833E-03  0.1060E+00
  94  -279.0000      55.814 0.3713   0.4346E+02  0.0000E+00  0.7508E-01  0.0000E+00      -1   0.173E-02   20.00  0.8833E-03  0.1060E+00
  95  -282.0000      58.819 0.3713   0.4346E+02  0.0000E+00  0.7508E-01  0.0000E+00      -1   0.173E-02   20.00  0.8833E-03  0.1060E+00
  96  -285.0000      61.824 0.3713   0.4346E+02  0.0000E+00  0.7508E-01  0.0000E+00      -1   0.173E-02   20.00  0.8833E-03  0.1060E+00
  97  -288.0000      64.829 0.3713   0.4346E+02  0.0000E+00  0.7508E-01  0.0000E+00      -1   0.173E-02   20.00  0.8833E-03  0.1060E+00
  98  -291.0000      67.834 0.3713   0.4346E+02  0.0000E+00  0.7505E-01  0.0000E+00      -1   0.173E-02   20.00  0.8833E-03  0.1060E+00
  99  -294.0000      70.840 0.3713   0.4346E+02  0.0000E+00  0.7511E-01  0.0000E+00      -1   0.173E-02   20.00  0.8824E-03  0.1059E+00
 100  -297.0000      73.845 0.3713   0.4346E+02  0.0000E+00  0.7511E-01  0.0000E+00      -1   0.173E-02   20.00  0.8803E-03  0.1056E+00
 101  -300.0000      76.850 0.3713   0.4346E+02  0.0000E+00  0.7505E-01  0.0000E+00      -1   0.173E-02   20.00  0.8783E-03  0.1055E+00
end
