 ******* Program HYDRUS
 ******* 
 Welcome to HYDRUS-1D                                                    
 Date:  29. 3.2022    Time:  17:27: 6
 Units: L = cm   , T = days , M = mg   

----------------------------------------------------------
 Time       [T]        0.0000
----------------------------------------------------------
 Sub-region num.                     1
----------------------------------------------------------
 Length   [L]        0.30000E+03  0.30000E+03
 W-volume [L]        0.10152E+03  0.10152E+03
 In-flow  [L/T]      0.00000E+00  0.00000E+00
 h Mean   [L]       -0.70798E+02 -0.70798E+02
 ConcVol  [M/L2] 1   0.89689E-01  0.89689E-01
 cMean    [M/L3] 1   0.88356E-03  0.88356E-03
 SorbVolIm[M/L2] 1   0.46123E+02  0.46123E+02
 sMeanIm  [-]    1   0.10603E+00  0.10603E+00
 Top Flux [L/T]      0.35614E-01
 Bot Flux [L/T]     -0.24637E+00
----------------------------------------------------------

----------------------------------------------------------
 Time       [T]        1.0000
----------------------------------------------------------
 Sub-region num.                     1
----------------------------------------------------------
 Length   [L]        0.30000E+03  0.30000E+03
 W-volume [L]        0.10171E+03  0.10171E+03
 In-flow  [L/T]      0.22541E+00  0.22541E+00
 h Mean   [L]       -0.66332E+02 -0.66332E+02
 ConcVol  [M/L2] 1   0.89862E-01  0.89862E-01
 cMean    [M/L3] 1   0.88357E-03  0.88357E-03
 SorbVolIm[M/L2] 1   0.46122E+02  0.46122E+02
 sMeanIm  [-]    1   0.10603E+00  0.10603E+00
 Top Flux [L/T]      0.51583E-01
 Bot Flux [L/T]      0.31114E+00
 WatBalT  [L]       -0.44317E-01
 WatBalR  [%]              5.056
 CncBalT  [M]    1   0.34332E-04
 CncBalR  [%]    1         7.207
----------------------------------------------------------
 
 Calculation time [sec]  1.000000536441803E-002
