 ******* Program HYDRUS
 ******* 
 Welcome to HYDRUS-1D                                                    
 Date:   4. 3.2022    Time:  19:31:49
 Units: L = cm   , T = days , M = mg   

----------------------------------------------------------
 Time       [T]        0.0000
----------------------------------------------------------
 Sub-region num.                     1
----------------------------------------------------------
 Length   [L]        0.30000E+03  0.30000E+03
 W-volume [L]        0.10399E+03  0.10399E+03
 In-flow  [L/T]      0.00000E+00  0.00000E+00
 h Mean   [L]       -0.57170E+02 -0.57170E+02
 ConcVol  [M/L2] 1   0.91995E+00  0.91995E+00
 cMean    [M/L3] 1   0.88532E-02  0.88532E-02
 SorbVolIm[M/L2] 1   0.43449E+02  0.43449E+02
 sMeanIm  [-]    1   0.99883E-01  0.99883E-01
 Top Flux [L/T]     -0.57851E-01
 Bot Flux [L/T]     -0.26077E+01
----------------------------------------------------------

----------------------------------------------------------
 Time       [T]        1.0000
----------------------------------------------------------
 Sub-region num.                     1
----------------------------------------------------------
 Length   [L]        0.30000E+03  0.30000E+03
 W-volume [L]        0.10209E+03  0.10209E+03
 In-flow  [L/T]     -0.16885E+01 -0.16885E+01
 h Mean   [L]       -0.70081E+02 -0.70081E+02
 ConcVol  [M/L2] 1   0.90284E+00  0.90284E+00
 cMean    [M/L3] 1   0.88538E-02  0.88538E-02
 SorbVolIm[M/L2] 1   0.43445E+02  0.43445E+02
 sMeanIm  [-]    1   0.99875E-01  0.99875E-01
 Top Flux [L/T]      0.28712E-01
 Bot Flux [L/T]     -0.16204E+01
 WatBalT  [L]       -0.19193E-04
 WatBalR  [%]              0.001
 CncBalT  [M]    1   0.35095E-03
 CncBalR  [%]    1         1.665
----------------------------------------------------------
 
 Calculation time [sec]  0.000000000000000E+000
