 ******* Program HYDRUS
 ******* 
 Welcome to HYDRUS-1D                                                    
 Date:  28. 3.2022    Time:   8:58:41
 Units: L = cm   , T = days , M = mg   

----------------------------------------------------------
 Time       [T]        0.0000
----------------------------------------------------------
 Sub-region num.                     1
----------------------------------------------------------
 Length   [L]        0.30000E+03  0.30000E+03
 W-volume [L]        0.11008E+03  0.11008E+03
 In-flow  [L/T]      0.00000E+00  0.00000E+00
 h Mean   [L]        0.61688E+02  0.61688E+02
 ConcVol  [M/L2] 1   0.98466E-01  0.98466E-01
 cMean    [M/L3] 1   0.89532E-03  0.89532E-03
 SorbVolIm[M/L2] 1   0.46737E+02  0.46737E+02
 sMeanIm  [-]    1   0.10744E+00  0.10744E+00
 Top Flux [L/T]      0.37639E-01
 Bot Flux [L/T]      0.11583E+00
----------------------------------------------------------

----------------------------------------------------------
 Time       [T]        1.0000
----------------------------------------------------------
 Sub-region num.                     1
----------------------------------------------------------
 Length   [L]        0.30000E+03  0.30000E+03
 W-volume [L]        0.11004E+03  0.11004E+03
 In-flow  [L/T]     -0.22816E+00 -0.22816E+00
 h Mean   [L]        0.59422E+02  0.59422E+02
 ConcVol  [M/L2] 1   0.98432E-01  0.98432E-01
 cMean    [M/L3] 1   0.89536E-03  0.89536E-03
 SorbVolIm[M/L2] 1   0.46737E+02  0.46737E+02
 sMeanIm  [-]    1   0.10744E+00  0.10744E+00
 Top Flux [L/T]      0.14900E-01
 Bot Flux [L/T]     -0.20448E+00
 WatBalT  [L]        0.20243E-04
 WatBalR  [%]              0.004
 CncBalT  [M]    1   0.18311E-03
 CncBalR  [%]    1        64.737
----------------------------------------------------------
 
 Calculation time [sec]  9.999990463256836E-003
