 All solute fluxes and cumulative solute fluxes are positive into the region

       Time         cvTop        cvBot      Sum(cvTop)   Sum(cvBot)     cvCh0        cvCh1         cTop        cRoot         cBot        cvRoot    Sum(cvRoot)  Sum(cvNEql) TLevel      cGWL        cRunOff   Sum(cRunOff)    (cv(i),    Sum(cv(i)), i=1,NObs)
        [T]        [M/L2/T]     [M/L2/T]      [M/L2]       [M/L2]       [M/L2]      [M/L2]        [M/L3]      [M/L3]        [M/L3]      [M/L2/T]      [M/L2]       [M/L2]              [M/L3]        [M/L2]      [M/L3]      [M/L2/T]      [M/L2]
        0.0100  0.00000E+00 -0.54489E-03  0.00000E+00 -0.54489E-05  0.00000E+00  0.00000E+00  0.97325E-03  0.90818E-03  0.88174E-03  0.48095E-04  0.48095E-06 -0.36363E-05       1  0.88316E-03  0.00000E+00  0.00000E+00  0.72201E-04  0.72201E-06 -0.74236E-04 -0.74236E-06 -0.85513E-04 -0.85513E-06
        0.0200  0.00000E+00 -0.51916E-03  0.00000E+00 -0.10640E-04  0.00000E+00  0.00000E+00  0.97322E-03  0.90817E-03  0.88174E-03  0.48094E-04  0.96189E-06 -0.19710E-05       2  0.88315E-03  0.00000E+00  0.00000E+00  0.68214E-04  0.14042E-05 -0.72570E-04 -0.14681E-05 -0.84561E-04 -0.17007E-05
        0.0330  0.00000E+00 -0.52584E-03  0.00000E+00 -0.17476E-04  0.00000E+00  0.00000E+00  0.97318E-03  0.90817E-03  0.88174E-03  0.48094E-04  0.15871E-05 -0.11915E-05       3  0.88315E-03  0.00000E+00  0.00000E+00  0.59693E-04  0.21802E-05 -0.70242E-04 -0.23812E-05 -0.83689E-04 -0.27887E-05
        0.0499  0.00000E+00 -0.52755E-03  0.00000E+00 -0.26392E-04  0.00000E+00  0.00000E+00  0.97302E-03  0.90817E-03  0.88174E-03  0.48094E-04  0.23999E-05 -0.66347E-07       4  0.88315E-03  0.00000E+00  0.00000E+00  0.42461E-04  0.28978E-05 -0.69599E-04 -0.35574E-05 -0.82352E-04 -0.41804E-05
        0.0719  0.00000E+00 -0.52433E-03  0.00000E+00 -0.37911E-04  0.00000E+00  0.00000E+00  0.97270E-03  0.90817E-03  0.88174E-03  0.48094E-04  0.34565E-05  0.66384E-06       5  0.88315E-03  0.00000E+00  0.00000E+00  0.95744E-05  0.31081E-05 -0.73021E-04 -0.51617E-05 -0.81226E-04 -0.59650E-05
        0.1004  0.00000E+00 -0.51736E-03  0.00000E+00 -0.52688E-04  0.00000E+00  0.00000E+00  0.97232E-03  0.90817E-03  0.88174E-03  0.48094E-04  0.48302E-05  0.43141E-06       6  0.88315E-03  0.00000E+00  0.00000E+00 -0.20948E-04  0.25098E-05 -0.86584E-04 -0.76346E-05 -0.81213E-04 -0.82845E-05
        0.1376  0.00000E+00 -0.50635E-03  0.00000E+00 -0.71488E-04  0.00000E+00  0.00000E+00  0.97187E-03  0.90817E-03  0.88174E-03  0.48094E-04  0.66159E-05 -0.27057E-05       7  0.88315E-03  0.00000E+00  0.00000E+00 -0.65559E-04  0.75655E-07 -0.12096E-03 -0.12126E-04 -0.85020E-04 -0.11441E-04
        0.1858  0.00000E+00 -0.49110E-03  0.00000E+00 -0.95192E-04  0.00000E+00  0.00000E+00  0.97113E-03  0.90817E-03  0.88174E-03  0.48094E-04  0.89373E-05 -0.12572E-04       8  0.88315E-03  0.00000E+00  0.00000E+00 -0.13231E-03 -0.63105E-05 -0.19472E-03 -0.21524E-04 -0.98213E-04 -0.16182E-04
        0.2358  0.00000E+00 -0.47341E-03  0.00000E+00 -0.11886E-03  0.00000E+00  0.00000E+00  0.97037E-03  0.90816E-03  0.88174E-03  0.48094E-04  0.11342E-04 -0.29881E-04       9  0.88315E-03  0.00000E+00  0.00000E+00 -0.20430E-03 -0.16525E-04 -0.29955E-03 -0.36502E-04 -0.12143E-03 -0.22253E-04
        0.2858  0.00000E+00 -0.45572E-03  0.00000E+00 -0.14165E-03  0.00000E+00  0.00000E+00  0.97003E-03  0.90816E-03  0.88174E-03  0.48094E-04  0.13747E-04 -0.50617E-04      10  0.88315E-03  0.00000E+00  0.00000E+00 -0.23474E-03 -0.28262E-04 -0.39961E-03 -0.56482E-04 -0.15014E-03 -0.29760E-04
        0.3358  0.00000E+00 -0.43871E-03  0.00000E+00 -0.16358E-03  0.00000E+00  0.00000E+00  0.97019E-03  0.90817E-03  0.88174E-03  0.48094E-04  0.16151E-04 -0.65259E-04      11  0.88315E-03  0.00000E+00  0.00000E+00 -0.21770E-03 -0.39147E-04 -0.45837E-03 -0.79401E-04 -0.16789E-03 -0.38155E-04
        0.3858  0.00000E+00 -0.42253E-03  0.00000E+00 -0.18471E-03  0.00000E+00  0.00000E+00  0.97027E-03  0.90820E-03  0.88174E-03  0.48096E-04  0.18556E-04 -0.68031E-04      12  0.88315E-03  0.00000E+00  0.00000E+00 -0.20343E-03 -0.49319E-04 -0.48352E-03 -0.10358E-03 -0.16520E-03 -0.46415E-04
        0.4358  0.00000E+00 -0.40713E-03  0.00000E+00 -0.20507E-03  0.00000E+00  0.00000E+00  0.97033E-03  0.90823E-03  0.88174E-03  0.48098E-04  0.20961E-04 -0.61131E-04      13  0.88315E-03  0.00000E+00  0.00000E+00 -0.19317E-03 -0.58978E-04 -0.48438E-03 -0.12780E-03 -0.15017E-03 -0.53923E-04
        0.4858  0.00000E+00 -0.39254E-03  0.00000E+00 -0.22469E-03  0.00000E+00  0.00000E+00  0.97033E-03  0.90826E-03  0.88174E-03  0.48099E-04  0.23366E-04 -0.47749E-04      14  0.88315E-03  0.00000E+00  0.00000E+00 -0.18826E-03 -0.68391E-04 -0.47373E-03 -0.15148E-03 -0.12875E-03 -0.60361E-04
        0.5358  0.00000E+00 -0.37865E-03  0.00000E+00 -0.24363E-03  0.00000E+00  0.00000E+00  0.97027E-03  0.90828E-03  0.88174E-03  0.48100E-04  0.25771E-04 -0.31644E-04      15  0.88315E-03  0.00000E+00  0.00000E+00 -0.18894E-03 -0.77838E-04 -0.46013E-03 -0.17449E-03 -0.10758E-03 -0.65740E-04
        0.5858  0.00000E+00 -0.36523E-03  0.00000E+00 -0.26189E-03  0.00000E+00  0.00000E+00  0.97014E-03  0.90828E-03  0.88174E-03  0.48101E-04  0.28176E-04 -0.16849E-04      16  0.88315E-03  0.00000E+00  0.00000E+00 -0.19515E-03 -0.87595E-04 -0.45118E-03 -0.19705E-03 -0.93195E-04 -0.70400E-04
        0.6358  0.00000E+00 -0.35212E-03  0.00000E+00 -0.27949E-03  0.00000E+00  0.00000E+00  0.96997E-03  0.90828E-03  0.88174E-03  0.48100E-04  0.30581E-04 -0.72202E-05      17  0.88314E-03  0.00000E+00  0.00000E+00 -0.20592E-03 -0.97891E-04 -0.45157E-03 -0.21963E-03 -0.88860E-04 -0.74843E-04
        0.6858  0.00000E+00 -0.33925E-03  0.00000E+00 -0.29646E-03  0.00000E+00  0.00000E+00  0.96975E-03  0.90826E-03  0.88174E-03  0.48100E-04  0.32986E-04 -0.61261E-05      18  0.88314E-03  0.00000E+00  0.00000E+00 -0.21998E-03 -0.10889E-03 -0.46452E-03 -0.24285E-03 -0.97381E-04 -0.79712E-04
        0.7358  0.00000E+00 -0.32653E-03  0.00000E+00 -0.31278E-03  0.00000E+00  0.00000E+00  0.96952E-03  0.90824E-03  0.88174E-03  0.48098E-04  0.35391E-04 -0.16070E-04      19  0.88314E-03  0.00000E+00  0.00000E+00 -0.23565E-03 -0.12067E-03 -0.49158E-03 -0.26743E-03 -0.12017E-03 -0.85720E-04
        0.7858  0.00000E+00 -0.31401E-03  0.00000E+00 -0.32848E-03  0.00000E+00  0.00000E+00  0.97018E-03  0.90821E-03  0.88174E-03  0.48096E-04  0.37796E-04 -0.30146E-04      20  0.88314E-03  0.00000E+00  0.00000E+00 -0.16576E-03 -0.12896E-03 -0.46888E-03 -0.29088E-03 -0.14779E-03 -0.93110E-04
        0.8358  0.00000E+00 -0.30183E-03  0.00000E+00 -0.34358E-03  0.00000E+00  0.00000E+00  0.97079E-03  0.90819E-03  0.88174E-03  0.48095E-04  0.40201E-04 -0.37734E-04      21  0.88314E-03  0.00000E+00  0.00000E+00 -0.96416E-04 -0.13378E-03 -0.41294E-03 -0.31152E-03 -0.15740E-03 -0.10098E-03
        0.8858  0.00000E+00 -0.29014E-03  0.00000E+00 -0.35808E-03  0.00000E+00  0.00000E+00  0.97139E-03  0.90821E-03  0.88174E-03  0.48096E-04  0.42605E-04 -0.39416E-04      22  0.88314E-03  0.00000E+00  0.00000E+00 -0.33977E-04 -0.13548E-03 -0.33430E-03 -0.32824E-03 -0.15439E-03 -0.10870E-03
        0.9358  0.00000E+00 -0.27912E-03  0.00000E+00 -0.37204E-03  0.00000E+00  0.00000E+00  0.97190E-03  0.90819E-03  0.88174E-03  0.48096E-04  0.45010E-04 -0.37432E-04      23  0.88314E-03  0.00000E+00  0.00000E+00  0.23278E-04 -0.13432E-03 -0.25416E-03 -0.34095E-03 -0.14156E-03 -0.11578E-03
        0.9679  0.00000E+00 -0.27054E-03  0.00000E+00 -0.38072E-03  0.00000E+00  0.00000E+00  0.97224E-03  0.90820E-03  0.88174E-03  0.48096E-04  0.46553E-04 -0.35052E-04      24  0.88314E-03  0.00000E+00  0.00000E+00  0.62265E-04 -0.13232E-03 -0.20652E-03 -0.34757E-03 -0.13122E-03 -0.11999E-03
        1.0000  0.00000E+00 -0.26416E-03  0.00000E+00 -0.38920E-03  0.00000E+00  0.00000E+00  0.97244E-03  0.90819E-03  0.88174E-03  0.48095E-04  0.48096E-04 -0.32575E-04      25  0.88314E-03  0.00000E+00  0.00000E+00  0.74885E-04 -0.12992E-03 -0.16682E-03 -0.35292E-03 -0.11937E-03 -0.12382E-03
end
