 All solute fluxes and cumulative solute fluxes are positive into the region

       Time         cvTop        cvBot      Sum(cvTop)   Sum(cvBot)     cvCh0        cvCh1         cTop        cRoot         cBot        cvRoot    Sum(cvRoot)  Sum(cvNEql) TLevel      cGWL        cRunOff   Sum(cRunOff)    (cv(i),    Sum(cv(i)), i=1,NObs)
        [T]        [M/L2/T]     [M/L2/T]      [M/L2]       [M/L2]       [M/L2]      [M/L2]        [M/L3]      [M/L3]        [M/L3]      [M/L2/T]      [M/L2]       [M/L2]              [M/L3]        [M/L2]      [M/L3]      [M/L2/T]      [M/L2]
        0.0100  0.00000E+00  0.00000E+00  0.00000E+00  0.00000E+00  0.00000E+00  0.00000E+00  0.10089E-02  0.90343E-03  0.86564E-03  0.40180E-04  0.40180E-06 -0.23819E-04       1  0.88296E-03  0.00000E+00  0.00000E+00  0.30655E-04  0.30655E-06  0.15137E-04  0.15137E-06  0.70355E-04  0.70355E-06
        0.0230  0.00000E+00  0.00000E+00  0.00000E+00  0.00000E+00  0.00000E+00  0.00000E+00  0.10087E-02  0.90345E-03  0.86130E-03  0.40180E-04  0.92414E-06 -0.61196E-04       2  0.88285E-03  0.00000E+00  0.00000E+00  0.30216E-04  0.69936E-06  0.14647E-04  0.34179E-06  0.69129E-04  0.16022E-05
        0.0399  0.00000E+00  0.00000E+00  0.00000E+00  0.00000E+00  0.00000E+00  0.00000E+00  0.10087E-02  0.90344E-03  0.86480E-03  0.40180E-04  0.16032E-05 -0.98757E-04       3  0.88294E-03  0.00000E+00  0.00000E+00  0.28671E-04  0.11839E-05  0.13974E-04  0.57796E-06  0.68492E-04  0.27598E-05
        0.0619  0.00000E+00  0.00000E+00  0.00000E+00  0.00000E+00  0.00000E+00  0.00000E+00  0.10087E-02  0.90344E-03  0.86429E-03  0.40180E-04  0.24859E-05 -0.14098E-03       4  0.88294E-03  0.00000E+00  0.00000E+00  0.25467E-04  0.17434E-05  0.13469E-04  0.87386E-06  0.70595E-04  0.43107E-05
        0.0904  0.00000E+00  0.00000E+00  0.00000E+00  0.00000E+00  0.00000E+00  0.00000E+00  0.10086E-02  0.90344E-03  0.86579E-03  0.40180E-04  0.36335E-05 -0.18764E-03       5  0.88297E-03  0.00000E+00  0.00000E+00  0.19346E-04  0.22960E-05  0.13409E-04  0.12568E-05  0.78213E-04  0.65446E-05
        0.1276  0.00000E+00  0.00000E+00  0.00000E+00  0.00000E+00  0.00000E+00  0.00000E+00  0.10085E-02  0.90344E-03  0.86582E-03  0.40180E-04  0.51254E-05 -0.24005E-03       6  0.88298E-03  0.00000E+00  0.00000E+00  0.83516E-05  0.26061E-05  0.14278E-04  0.17870E-05  0.93395E-04  0.10012E-04
        0.1758  0.00000E+00  0.00000E+00  0.00000E+00  0.00000E+00  0.00000E+00  0.00000E+00  0.10083E-02  0.90344E-03  0.86675E-03  0.40180E-04  0.70648E-05 -0.29904E-03       7  0.88301E-03  0.00000E+00  0.00000E+00 -0.85885E-05  0.21915E-05  0.15968E-04  0.25577E-05  0.11485E-03  0.15556E-04
        0.2258  0.00000E+00  0.00000E+00  0.00000E+00  0.00000E+00  0.00000E+00  0.00000E+00  0.10081E-02  0.90344E-03  0.86682E-03  0.40180E-04  0.90737E-05 -0.35343E-03       8  0.88301E-03  0.00000E+00  0.00000E+00 -0.27554E-04  0.81382E-06  0.17272E-04  0.34213E-05  0.13431E-03  0.22271E-04
        0.2758  0.00000E+00  0.00000E+00  0.00000E+00  0.00000E+00  0.00000E+00  0.00000E+00  0.10081E-02  0.90344E-03  0.86737E-03  0.40180E-04  0.11083E-04 -0.40210E-03       9  0.88302E-03  0.00000E+00  0.00000E+00 -0.25576E-04 -0.46499E-06  0.19832E-04  0.44129E-05  0.15038E-03  0.29790E-04
        0.3258  0.00000E+00  0.00000E+00  0.00000E+00  0.00000E+00  0.00000E+00  0.00000E+00  0.10089E-02  0.90344E-03  0.86740E-03  0.40180E-04  0.13092E-04 -0.44207E-03      10  0.88302E-03  0.00000E+00  0.00000E+00  0.50071E-04  0.20386E-05  0.29488E-04  0.58873E-05  0.16909E-03  0.38245E-04
        0.3758  0.00000E+00  0.00000E+00  0.00000E+00  0.00000E+00  0.00000E+00  0.00000E+00  0.10097E-02  0.90345E-03  0.86773E-03  0.40180E-04  0.15101E-04 -0.47165E-03      11  0.88303E-03  0.00000E+00  0.00000E+00  0.11363E-03  0.77198E-05  0.41932E-04  0.79839E-05  0.19399E-03  0.47944E-04
        0.4258  0.00000E+00  0.00000E+00  0.00000E+00  0.00000E+00  0.00000E+00  0.00000E+00  0.10102E-02  0.90347E-03  0.86776E-03  0.40181E-04  0.17110E-04 -0.49297E-03      12  0.88303E-03  0.00000E+00  0.00000E+00  0.15725E-03  0.15582E-04  0.55285E-04  0.10748E-04  0.22167E-03  0.59028E-04
        0.4758  0.00000E+00  0.00000E+00  0.00000E+00  0.00000E+00  0.00000E+00  0.00000E+00  0.10105E-02  0.90347E-03  0.86794E-03  0.40181E-04  0.19119E-04 -0.50847E-03      13  0.88303E-03  0.00000E+00  0.00000E+00  0.17843E-03  0.24504E-04  0.66837E-04  0.14090E-04  0.24860E-03  0.71458E-04
        0.5258  0.00000E+00  0.00000E+00  0.00000E+00  0.00000E+00  0.00000E+00  0.00000E+00  0.10106E-02  0.90348E-03  0.86796E-03  0.40181E-04  0.21128E-04 -0.52086E-03      14  0.88303E-03  0.00000E+00  0.00000E+00  0.17741E-03  0.33374E-04  0.74994E-04  0.17840E-04  0.27097E-03  0.85006E-04
        0.5758  0.00000E+00  0.00000E+00  0.00000E+00  0.00000E+00  0.00000E+00  0.00000E+00  0.10104E-02  0.90348E-03  0.86805E-03  0.40182E-04  0.23137E-04 -0.53291E-03      15  0.88304E-03  0.00000E+00  0.00000E+00  0.15396E-03  0.41072E-04  0.78544E-04  0.21767E-04  0.28562E-03  0.99287E-04
        0.6258  0.00000E+00  0.00000E+00  0.00000E+00  0.00000E+00  0.00000E+00  0.00000E+00  0.10100E-02  0.90348E-03  0.86805E-03  0.40181E-04  0.25146E-04 -0.54711E-03      16  0.88304E-03  0.00000E+00  0.00000E+00  0.10956E-03  0.46550E-04  0.76850E-04  0.25609E-04  0.29019E-03  0.11380E-03
        0.6758  0.00000E+00  0.00000E+00  0.00000E+00  0.00000E+00  0.00000E+00  0.00000E+00  0.10094E-02  0.90347E-03  0.86809E-03  0.40181E-04  0.27155E-04 -0.56558E-03      17  0.88304E-03  0.00000E+00  0.00000E+00  0.46041E-04  0.48852E-04  0.69786E-04  0.29099E-04  0.28321E-03  0.12796E-03
        0.7258  0.00000E+00  0.00000E+00  0.00000E+00  0.00000E+00  0.00000E+00  0.00000E+00  0.10085E-02  0.90347E-03  0.86809E-03  0.40181E-04  0.29164E-04 -0.58978E-03      18  0.88304E-03  0.00000E+00  0.00000E+00 -0.28860E-04  0.47409E-04  0.57707E-04  0.31984E-04  0.26423E-03  0.14117E-03
        0.7758  0.00000E+00  0.00000E+00  0.00000E+00  0.00000E+00  0.00000E+00  0.00000E+00  0.10084E-02  0.90346E-03  0.86811E-03  0.40180E-04  0.31173E-04 -0.61696E-03      19  0.88304E-03  0.00000E+00  0.00000E+00 -0.27414E-04  0.46039E-04  0.49268E-04  0.34448E-04  0.24122E-03  0.15323E-03
        0.8258  0.00000E+00  0.00000E+00  0.00000E+00  0.00000E+00  0.00000E+00  0.00000E+00  0.10087E-02  0.90345E-03  0.86812E-03  0.40180E-04  0.33182E-04 -0.64302E-03      20  0.88304E-03  0.00000E+00  0.00000E+00 -0.83291E-05  0.45622E-04  0.44222E-04  0.36659E-04  0.22111E-03  0.16428E-03
        0.8758  0.00000E+00  0.00000E+00  0.00000E+00  0.00000E+00  0.00000E+00  0.00000E+00  0.10088E-02  0.90345E-03  0.86815E-03  0.40180E-04  0.35191E-04 -0.66724E-03      21  0.88304E-03  0.00000E+00  0.00000E+00  0.92149E-05  0.46083E-04  0.41778E-04  0.38748E-04  0.20547E-03  0.17456E-03
        0.9258  0.00000E+00  0.00000E+00  0.00000E+00  0.00000E+00  0.00000E+00  0.00000E+00  0.10090E-02  0.90345E-03  0.86816E-03  0.40180E-04  0.37200E-04 -0.68984E-03      22  0.88304E-03  0.00000E+00  0.00000E+00  0.22561E-04  0.47211E-04  0.40510E-04  0.40773E-04  0.19346E-03  0.18423E-03
        0.9629  0.00000E+00  0.00000E+00  0.00000E+00  0.00000E+00  0.00000E+00  0.00000E+00  0.10091E-02  0.90345E-03  0.86819E-03  0.40180E-04  0.38690E-04 -0.70584E-03      23  0.88304E-03  0.00000E+00  0.00000E+00  0.28334E-04  0.48262E-04  0.39743E-04  0.42247E-04  0.18594E-03  0.19113E-03
        1.0000  0.00000E+00  0.00000E+00  0.00000E+00  0.00000E+00  0.00000E+00  0.00000E+00  0.10091E-02  0.90345E-03  0.86820E-03  0.40180E-04  0.40180E-04 -0.72125E-03      24  0.88304E-03  0.00000E+00  0.00000E+00  0.30247E-04  0.49383E-04  0.38874E-04  0.43689E-04  0.17957E-03  0.19779E-03
end
