 All solute fluxes and cumulative solute fluxes are positive into the region

       Time         cvTop        cvBot      Sum(cvTop)   Sum(cvBot)     cvCh0        cvCh1         cTop        cRoot         cBot        cvRoot    Sum(cvRoot)  Sum(cvNEql) TLevel      cGWL        cRunOff   Sum(cRunOff)    (cv(i),    Sum(cv(i)), i=1,NObs)
        [T]        [M/L2/T]     [M/L2/T]      [M/L2]       [M/L2]       [M/L2]      [M/L2]        [M/L3]      [M/L3]        [M/L3]      [M/L2/T]      [M/L2]       [M/L2]              [M/L3]        [M/L2]      [M/L3]      [M/L2/T]      [M/L2]
        0.0100  0.00000E+00 -0.75689E-03  0.00000E+00 -0.75689E-05  0.00000E+00  0.00000E+00  0.29013E-02  0.26229E-02  0.25169E-02  0.88104E-04  0.88104E-06  0.15828E-04       1  0.25256E-02  0.00000E+00  0.00000E+00  0.38141E-04  0.38141E-06  0.23344E-03  0.23344E-05  0.69279E-03  0.69279E-05
        0.0200  0.00000E+00 -0.13114E-02  0.00000E+00 -0.20683E-04  0.00000E+00  0.00000E+00  0.29004E-02  0.26230E-02  0.25155E-02  0.88103E-04  0.17621E-05  0.28587E-04       2  0.25255E-02  0.00000E+00  0.00000E+00 -0.12994E-04  0.25147E-06  0.22756E-03  0.46100E-05  0.68281E-03  0.13756E-04
        0.0330  0.00000E+00 -0.92284E-03  0.00000E+00 -0.32680E-04  0.00000E+00  0.00000E+00  0.28978E-02  0.26231E-02  0.25147E-02  0.88103E-04  0.29074E-05  0.33813E-04       3  0.25254E-02  0.00000E+00  0.00000E+00 -0.13579E-03 -0.15137E-05  0.21754E-03  0.74380E-05  0.66721E-03  0.22430E-04
        0.0499  0.00000E+00 -0.62756E-03  0.00000E+00 -0.43285E-04  0.00000E+00  0.00000E+00  0.28916E-02  0.26231E-02  0.25142E-02  0.88103E-04  0.43964E-05  0.31731E-04       4  0.25252E-02  0.00000E+00  0.00000E+00 -0.36829E-03 -0.77379E-05  0.19766E-03  0.10779E-04  0.64789E-03  0.33379E-04
        0.0719  0.00000E+00 -0.42364E-03  0.00000E+00 -0.52593E-04  0.00000E+00  0.00000E+00  0.28792E-02  0.26231E-02  0.25140E-02  0.88103E-04  0.63320E-05  0.18875E-04       5  0.25252E-02  0.00000E+00  0.00000E+00 -0.74172E-03 -0.24033E-04  0.15609E-03  0.14208E-04  0.61824E-03  0.46962E-04
        0.1004  0.00000E+00 -0.25355E-03  0.00000E+00 -0.59835E-04  0.00000E+00  0.00000E+00  0.28590E-02  0.26230E-02  0.25138E-02  0.88102E-04  0.88483E-05 -0.18320E-04       6  0.25252E-02  0.00000E+00  0.00000E+00 -0.12360E-02 -0.59335E-04  0.63943E-04  0.16034E-04  0.56369E-03  0.63061E-04
        0.1376  0.00000E+00 -0.11267E-03  0.00000E+00 -0.64018E-04  0.00000E+00  0.00000E+00  0.28332E-02  0.26230E-02  0.25137E-02  0.88100E-04  0.12119E-04 -0.11298E-03       7  0.25252E-02  0.00000E+00  0.00000E+00 -0.18064E-02 -0.12641E-03 -0.34862E-03  0.30903E-05  0.44400E-03  0.79547E-04
        0.1858  0.00000E+00 -0.23547E-04  0.00000E+00 -0.65155E-04  0.00000E+00  0.00000E+00  0.28049E-02  0.26228E-02  0.25077E-02  0.88096E-04  0.16372E-04 -0.34063E-03       8  0.25250E-02  0.00000E+00  0.00000E+00 -0.24681E-02 -0.24553E-03 -0.14854E-02 -0.68605E-04  0.17424E-03  0.87957E-04
        0.2358  0.00000E+00  0.00000E+00  0.00000E+00 -0.65155E-04  0.00000E+00  0.00000E+00  0.27820E-02  0.26226E-02  0.25045E-02  0.88089E-04  0.20776E-04 -0.70972E-03       9  0.25250E-02  0.00000E+00  0.00000E+00 -0.31156E-02 -0.40131E-03 -0.31422E-02 -0.22572E-03 -0.27692E-03  0.74111E-04
        0.2858  0.00000E+00  0.00000E+00  0.00000E+00 -0.65155E-04  0.00000E+00  0.00000E+00  0.27627E-02  0.26224E-02  0.25020E-02  0.88086E-04  0.25180E-04 -0.12051E-02      10  0.25250E-02  0.00000E+00  0.00000E+00 -0.36353E-02 -0.58308E-03 -0.54052E-02 -0.49598E-03 -0.97060E-03  0.25581E-04
        0.3358  0.00000E+00  0.00000E+00  0.00000E+00 -0.65155E-04  0.00000E+00  0.00000E+00  0.27470E-02  0.26224E-02  0.25003E-02  0.88085E-04  0.29585E-04 -0.18077E-02      11  0.25249E-02  0.00000E+00  0.00000E+00 -0.40547E-02 -0.78582E-03 -0.79313E-02 -0.89254E-03 -0.18992E-02 -0.69379E-04
        0.3858  0.00000E+00  0.00000E+00  0.00000E+00 -0.65155E-04  0.00000E+00  0.00000E+00  0.27364E-02  0.26226E-02  0.24990E-02  0.88090E-04  0.33989E-04 -0.24874E-02      12  0.25249E-02  0.00000E+00  0.00000E+00 -0.44251E-02 -0.10071E-02 -0.10452E-01 -0.14151E-02 -0.30128E-02 -0.22002E-03
        0.4358  0.00000E+00  0.00000E+00  0.00000E+00 -0.65155E-04  0.00000E+00  0.00000E+00  0.27272E-02  0.26228E-02  0.24982E-02  0.88093E-04  0.38394E-04 -0.32161E-02      13  0.25249E-02  0.00000E+00  0.00000E+00 -0.46095E-02 -0.12375E-02 -0.13108E-01 -0.20705E-02 -0.42791E-02 -0.43397E-03
        0.4858  0.00000E+00  0.00000E+00  0.00000E+00 -0.65155E-04  0.00000E+00  0.00000E+00  0.27224E-02  0.26232E-02  0.24977E-02  0.88102E-04  0.42799E-04 -0.39637E-02      14  0.25249E-02  0.00000E+00  0.00000E+00 -0.47307E-02 -0.14741E-02 -0.15138E-01 -0.28275E-02 -0.56563E-02 -0.71679E-03
        0.5358  0.00000E+00  0.00000E+00  0.00000E+00 -0.65155E-04  0.00000E+00  0.00000E+00  0.27216E-02  0.26235E-02  0.24978E-02  0.88111E-04  0.47204E-04 -0.46989E-02      15  0.25249E-02  0.00000E+00  0.00000E+00 -0.46830E-02 -0.17082E-02 -0.16329E-01 -0.36439E-02 -0.68270E-02 -0.10581E-02
        0.5858  0.00000E+00  0.00000E+00  0.00000E+00 -0.65155E-04  0.00000E+00  0.00000E+00  0.27241E-02  0.26238E-02  0.24984E-02  0.88115E-04  0.51610E-04 -0.53906E-02      16  0.25249E-02  0.00000E+00  0.00000E+00 -0.45111E-02 -0.19338E-02 -0.16716E-01 -0.44797E-02 -0.76647E-02 -0.14414E-02
        0.6358  0.00000E+00  0.00000E+00  0.00000E+00 -0.65155E-04  0.00000E+00  0.00000E+00  0.27304E-02  0.26241E-02  0.24997E-02  0.88121E-04  0.56016E-04 -0.60111E-02      17  0.25249E-02  0.00000E+00  0.00000E+00 -0.42023E-02 -0.21439E-02 -0.16388E-01 -0.52991E-02 -0.81108E-02 -0.18469E-02
        0.6858  0.00000E+00  0.00000E+00  0.00000E+00 -0.65155E-04  0.00000E+00  0.00000E+00  0.27400E-02  0.26243E-02  0.25020E-02  0.88125E-04  0.60423E-04 -0.65388E-02      18  0.25250E-02  0.00000E+00  0.00000E+00 -0.37804E-02 -0.23329E-02 -0.15288E-01 -0.60635E-02 -0.81667E-02 -0.22553E-02
        0.7358  0.00000E+00 -0.13132E-04  0.00000E+00 -0.65811E-04  0.00000E+00  0.00000E+00  0.27529E-02  0.26244E-02  0.25146E-02  0.88127E-04  0.64829E-04 -0.69532E-02      19  0.25252E-02  0.00000E+00  0.00000E+00 -0.32501E-02 -0.24954E-02 -0.13647E-01 -0.67459E-02 -0.79528E-02 -0.26529E-02
        0.7858  0.00000E+00 -0.10585E-03  0.00000E+00 -0.71104E-04  0.00000E+00  0.00000E+00  0.27698E-02  0.26244E-02  0.25134E-02  0.88127E-04  0.69235E-04 -0.72504E-02      20  0.25252E-02  0.00000E+00  0.00000E+00 -0.25922E-02 -0.26250E-02 -0.11573E-01 -0.73245E-02 -0.74133E-02 -0.30236E-02
        0.8358  0.00000E+00 -0.28131E-03  0.00000E+00 -0.85169E-04  0.00000E+00  0.00000E+00  0.27894E-02  0.26242E-02  0.25138E-02  0.88124E-04  0.73641E-04 -0.74316E-02      21  0.25252E-02  0.00000E+00  0.00000E+00 -0.18644E-02 -0.27183E-02 -0.93377E-02 -0.77914E-02 -0.65876E-02 -0.33529E-02
        0.8858  0.00000E+00 -0.48695E-03  0.00000E+00 -0.10952E-03  0.00000E+00  0.00000E+00  0.28103E-02  0.26242E-02  0.25139E-02  0.88123E-04  0.78048E-04 -0.75077E-02      22  0.25253E-02  0.00000E+00  0.00000E+00 -0.11036E-02 -0.27734E-02 -0.71793E-02 -0.81504E-02 -0.56433E-02 -0.36351E-02
        0.9358  0.00000E+00 -0.71649E-03  0.00000E+00 -0.14534E-03  0.00000E+00  0.00000E+00  0.28321E-02  0.26240E-02  0.25141E-02  0.88119E-04  0.82454E-04 -0.75114E-02      23  0.25253E-02  0.00000E+00  0.00000E+00 -0.40085E-03 -0.27935E-02 -0.52948E-02 -0.84151E-02 -0.47020E-02 -0.38702E-02
        0.9679  0.00000E+00 -0.91591E-03  0.00000E+00 -0.17473E-03  0.00000E+00  0.00000E+00  0.28440E-02  0.26237E-02  0.25141E-02  0.88113E-04  0.85281E-04 -0.74939E-02      24  0.25253E-02  0.00000E+00  0.00000E+00 -0.69246E-04 -0.27957E-02 -0.43603E-02 -0.85550E-02 -0.41372E-02 -0.40029E-02
        1.0000  0.00000E+00 -0.10766E-02  0.00000E+00 -0.20927E-03  0.00000E+00  0.00000E+00  0.28516E-02  0.26235E-02  0.25142E-02  0.88110E-04  0.88108E-04 -0.74729E-02      25  0.25253E-02  0.00000E+00  0.00000E+00  0.84927E-04 -0.27930E-02 -0.36503E-02 -0.86721E-02 -0.36436E-02 -0.41199E-02
end
