 All solute fluxes and cumulative solute fluxes are positive into the region

       Time         cvTop        cvBot      Sum(cvTop)   Sum(cvBot)     cvCh0        cvCh1         cTop        cRoot         cBot        cvRoot    Sum(cvRoot)  Sum(cvNEql) TLevel      cGWL        cRunOff   Sum(cRunOff)    (cv(i),    Sum(cv(i)), i=1,NObs)
        [T]        [M/L2/T]     [M/L2/T]      [M/L2]       [M/L2]       [M/L2]      [M/L2]        [M/L3]      [M/L3]        [M/L3]      [M/L2/T]      [M/L2]       [M/L2]              [M/L3]        [M/L2]      [M/L3]      [M/L2/T]      [M/L2]
        0.0100  0.00000E+00  0.00000E+00  0.00000E+00  0.00000E+00  0.00000E+00  0.00000E+00  0.83877E-03  0.88271E-03  0.87680E-03  0.88876E-04  0.88876E-06 -0.65339E-05       1  0.88306E-03  0.00000E+00  0.00000E+00  0.22510E-04  0.22510E-06  0.13054E-03  0.13054E-05  0.21569E-03  0.21569E-05
        0.0200  0.00000E+00  0.00000E+00  0.00000E+00  0.00000E+00  0.00000E+00  0.00000E+00  0.83856E-03  0.88275E-03  0.87712E-03  0.88879E-04  0.17776E-05 -0.70466E-05       2  0.88306E-03  0.00000E+00  0.00000E+00  0.11559E-04  0.34069E-06  0.12921E-03  0.25975E-05  0.21261E-03  0.42830E-05
        0.0330  0.00000E+00  0.00000E+00  0.00000E+00  0.00000E+00  0.00000E+00  0.00000E+00  0.83839E-03  0.88274E-03  0.87699E-03  0.88878E-04  0.29330E-05 -0.99301E-05       3  0.88306E-03  0.00000E+00  0.00000E+00  0.61519E-06  0.34869E-06  0.12610E-03  0.42368E-05  0.20813E-03  0.69887E-05
        0.0499  0.00000E+00  0.00000E+00  0.00000E+00  0.00000E+00  0.00000E+00  0.00000E+00  0.83817E-03  0.88275E-03  0.87687E-03  0.88879E-04  0.44350E-05 -0.13930E-04       4  0.88306E-03  0.00000E+00  0.00000E+00 -0.10804E-04  0.16611E-06  0.12005E-03  0.62656E-05  0.20255E-03  0.10412E-04
        0.0719  0.00000E+00  0.00000E+00  0.00000E+00  0.00000E+00  0.00000E+00  0.00000E+00  0.83792E-03  0.88274E-03  0.87675E-03  0.88879E-04  0.63877E-05 -0.20902E-04       5  0.88305E-03  0.00000E+00  0.00000E+00 -0.31691E-04 -0.53014E-06  0.10669E-03  0.86095E-05  0.19438E-03  0.14682E-04
        0.1004  0.00000E+00  0.00000E+00  0.00000E+00  0.00000E+00  0.00000E+00  0.00000E+00  0.83753E-03  0.88274E-03  0.87664E-03  0.88879E-04  0.89262E-05 -0.33244E-04       6  0.88305E-03  0.00000E+00  0.00000E+00 -0.66654E-04 -0.24338E-05  0.77706E-04  0.10829E-04  0.18068E-03  0.19843E-04
        0.1376  0.00000E+00  0.00000E+00  0.00000E+00  0.00000E+00  0.00000E+00  0.00000E+00  0.83692E-03  0.88274E-03  0.87653E-03  0.88878E-04  0.12226E-04 -0.56688E-04       7  0.88305E-03  0.00000E+00  0.00000E+00 -0.12034E-03 -0.69019E-05  0.16264E-04  0.11433E-04  0.15373E-03  0.25550E-04
        0.1858  0.00000E+00  0.00000E+00  0.00000E+00  0.00000E+00  0.00000E+00  0.00000E+00  0.83610E-03  0.88273E-03  0.87642E-03  0.88877E-04  0.16516E-04 -0.10241E-03       8  0.88305E-03  0.00000E+00  0.00000E+00 -0.19713E-03 -0.16417E-04 -0.10789E-03  0.62253E-05  0.96652E-04  0.30216E-04
        0.2358  0.00000E+00  0.00000E+00  0.00000E+00  0.00000E+00  0.00000E+00  0.00000E+00  0.83530E-03  0.88271E-03  0.87632E-03  0.88875E-04  0.20960E-04 -0.16861E-03       9  0.88305E-03  0.00000E+00  0.00000E+00 -0.27689E-03 -0.30261E-04 -0.28458E-03 -0.80038E-05  0.76343E-05  0.30597E-04
        0.2858  0.00000E+00  0.00000E+00  0.00000E+00  0.00000E+00  0.00000E+00  0.00000E+00  0.83463E-03  0.88270E-03  0.87625E-03  0.88873E-04  0.25403E-04 -0.25291E-03      10  0.88305E-03  0.00000E+00  0.00000E+00 -0.34776E-03 -0.47650E-04 -0.50049E-03 -0.33028E-04 -0.11238E-03  0.24979E-04
        0.3358  0.00000E+00  0.00000E+00  0.00000E+00  0.00000E+00  0.00000E+00  0.00000E+00  0.83411E-03  0.88269E-03  0.87619E-03  0.88871E-04  0.29847E-04 -0.34989E-03      11  0.88304E-03  0.00000E+00  0.00000E+00 -0.40454E-03 -0.67876E-04 -0.73732E-03 -0.69894E-04 -0.25570E-03  0.12194E-04
        0.3858  0.00000E+00  0.00000E+00  0.00000E+00  0.00000E+00  0.00000E+00  0.00000E+00  0.83367E-03  0.88269E-03  0.87615E-03  0.88871E-04  0.34291E-04 -0.45253E-03      12  0.88304E-03  0.00000E+00  0.00000E+00 -0.44798E-03 -0.90275E-04 -0.97562E-03 -0.11868E-03 -0.40649E-03 -0.81309E-05
        0.4358  0.00000E+00  0.00000E+00  0.00000E+00  0.00000E+00  0.00000E+00  0.00000E+00  0.83345E-03  0.88270E-03  0.87614E-03  0.88872E-04  0.38734E-04 -0.55801E-03      13  0.88304E-03  0.00000E+00  0.00000E+00 -0.48193E-03 -0.11437E-03 -0.11914E-02 -0.17825E-03 -0.55532E-03 -0.35897E-04
        0.4858  0.00000E+00  0.00000E+00  0.00000E+00  0.00000E+00  0.00000E+00  0.00000E+00  0.83328E-03  0.88270E-03  0.87615E-03  0.88872E-04  0.43178E-04 -0.66331E-03      14  0.88304E-03  0.00000E+00  0.00000E+00 -0.49238E-03 -0.13899E-03 -0.13699E-02 -0.24674E-03 -0.70191E-03 -0.70992E-04
        0.5358  0.00000E+00  0.00000E+00  0.00000E+00  0.00000E+00  0.00000E+00  0.00000E+00  0.83329E-03  0.88271E-03  0.87620E-03  0.88872E-04  0.47621E-04 -0.76525E-03      15  0.88304E-03  0.00000E+00  0.00000E+00 -0.49037E-03 -0.16351E-03 -0.14889E-02 -0.32119E-03 -0.83297E-03 -0.11264E-03
        0.5858  0.00000E+00  0.00000E+00  0.00000E+00  0.00000E+00  0.00000E+00  0.00000E+00  0.83340E-03  0.88272E-03  0.87627E-03  0.88873E-04  0.52065E-04 -0.86101E-03      16  0.88305E-03  0.00000E+00  0.00000E+00 -0.46592E-03 -0.18680E-03 -0.15383E-02 -0.39810E-03 -0.93564E-03 -0.15942E-03
        0.6358  0.00000E+00  0.00000E+00  0.00000E+00  0.00000E+00  0.00000E+00  0.00000E+00  0.83368E-03  0.88272E-03  0.87639E-03  0.88873E-04  0.56509E-04 -0.94819E-03      17  0.88305E-03  0.00000E+00  0.00000E+00 -0.42882E-03 -0.20825E-03 -0.15187E-02 -0.47404E-03 -0.10027E-02 -0.20956E-03
        0.6858  0.00000E+00  0.00000E+00  0.00000E+00  0.00000E+00  0.00000E+00  0.00000E+00  0.83404E-03  0.88272E-03  0.87655E-03  0.88873E-04  0.60952E-04 -0.10252E-02      18  0.88305E-03  0.00000E+00  0.00000E+00 -0.37471E-03 -0.22698E-03 -0.14361E-02 -0.54584E-03 -0.10303E-02 -0.26107E-03
        0.7358  0.00000E+00  0.00000E+00  0.00000E+00  0.00000E+00  0.00000E+00  0.00000E+00  0.83451E-03  0.88271E-03  0.87676E-03  0.88873E-04  0.65396E-04 -0.10913E-02      19  0.88305E-03  0.00000E+00  0.00000E+00 -0.31230E-03 -0.24260E-03 -0.13041E-02 -0.61105E-03 -0.10215E-02 -0.31215E-03
        0.7858  0.00000E+00  0.00000E+00  0.00000E+00  0.00000E+00  0.00000E+00  0.00000E+00  0.83513E-03  0.88271E-03  0.87702E-03  0.88873E-04  0.69840E-04 -0.11445E-02      20  0.88306E-03  0.00000E+00  0.00000E+00 -0.23214E-03 -0.25420E-03 -0.11256E-02 -0.66733E-03 -0.97690E-03 -0.36099E-03
        0.8358  0.00000E+00  0.00000E+00  0.00000E+00  0.00000E+00  0.00000E+00  0.00000E+00  0.83578E-03  0.88270E-03  0.87734E-03  0.88872E-04  0.74283E-04 -0.11785E-02      21  0.88306E-03  0.00000E+00  0.00000E+00 -0.15144E-03 -0.26178E-03 -0.92613E-03 -0.71364E-03 -0.89371E-03 -0.40568E-03
        0.8858  0.00000E+00 -0.88004E-05  0.00000E+00 -0.44002E-06  0.00000E+00  0.00000E+00  0.83639E-03  0.88273E-03  0.87974E-03  0.88875E-04  0.78727E-04 -0.11900E-02      22  0.88309E-03  0.00000E+00  0.00000E+00 -0.76812E-04 -0.26562E-03 -0.72781E-03 -0.75003E-03 -0.78804E-03 -0.44508E-03
        0.9358  0.00000E+00 -0.38405E-04  0.00000E+00 -0.23603E-05  0.00000E+00  0.00000E+00  0.83687E-03  0.88272E-03  0.87961E-03  0.88875E-04  0.83171E-04 -0.11863E-02      23  0.88309E-03  0.00000E+00  0.00000E+00 -0.19370E-04 -0.26658E-03 -0.55316E-03 -0.77768E-03 -0.67535E-03 -0.47885E-03
        0.9679  0.00000E+00 -0.72631E-04  0.00000E+00 -0.46907E-05  0.00000E+00  0.00000E+00  0.83701E-03  0.88273E-03  0.87972E-03  0.88876E-04  0.86022E-04 -0.11817E-02      24  0.88309E-03  0.00000E+00  0.00000E+00  0.30999E-05 -0.26648E-03 -0.45626E-03 -0.79232E-03 -0.60436E-03 -0.49824E-03
        1.0000  0.00000E+00 -0.99178E-04  0.00000E+00 -0.78729E-05  0.00000E+00  0.00000E+00  0.83717E-03  0.88272E-03  0.87968E-03  0.88875E-04  0.88874E-04 -0.11764E-02      25  0.88309E-03  0.00000E+00  0.00000E+00  0.28380E-04 -0.26557E-03 -0.37963E-03 -0.80450E-03 -0.53866E-03 -0.51552E-03
end
