 ******* Program HYDRUS
 ******* 
 Welcome to HYDRUS-1D                                                    
 Date:  29. 3.2022    Time:  17:27:52
 Units: L = cm   , T = days , M = mg   

----------------------------------------------------------
 Time       [T]        0.0000
----------------------------------------------------------
 Sub-region num.                     1
----------------------------------------------------------
 Length   [L]        0.30000E+03  0.30000E+03
 W-volume [L]        0.10085E+03  0.10085E+03
 In-flow  [L/T]      0.00000E+00  0.00000E+00
 h Mean   [L]       -0.79971E+02 -0.79971E+02
 ConcVol  [M/L2] 1   0.90008E-01  0.90008E-01
 cMean    [M/L3] 1   0.89413E-03  0.89413E-03
 SorbVolIm[M/L2] 1   0.46675E+02  0.46675E+02
 sMeanIm  [-]    1   0.10730E+00  0.10730E+00
 Top Flux [L/T]      0.47428E-02
 Bot Flux [L/T]     -0.88369E+00
----------------------------------------------------------

----------------------------------------------------------
 Time       [T]        1.0000
----------------------------------------------------------
 Sub-region num.                     1
----------------------------------------------------------
 Length   [L]        0.30000E+03  0.30000E+03
 W-volume [L]        0.99479E+02  0.99479E+02
 In-flow  [L/T]     -0.50522E+00 -0.50522E+00
 h Mean   [L]       -0.91808E+02 -0.91808E+02
 ConcVol  [M/L2] 1   0.88765E-01  0.88765E-01
 cMean    [M/L3] 1   0.89415E-03  0.89415E-03
 SorbVolIm[M/L2] 1   0.46675E+02  0.46675E+02
 sMeanIm  [-]    1   0.10730E+00  0.10730E+00
 Top Flux [L/T]      0.22382E-01
 Bot Flux [L/T]     -0.37409E+00
 WatBalT  [L]       -0.11228E+00
 WatBalR  [%]              8.183
 CncBalT  [M]    1   0.13733E-03
 CncBalR  [%]    1        11.033
----------------------------------------------------------
 
 Calculation time [sec]  9.999990463256836E-003
