 All solute fluxes and cumulative solute fluxes are positive into the region

       Time         cvTop        cvBot      Sum(cvTop)   Sum(cvBot)     cvCh0        cvCh1         cTop        cRoot         cBot        cvRoot    Sum(cvRoot)  Sum(cvNEql) TLevel      cGWL        cRunOff   Sum(cRunOff)    (cv(i),    Sum(cv(i)), i=1,NObs)
        [T]        [M/L2/T]     [M/L2/T]      [M/L2]       [M/L2]       [M/L2]      [M/L2]        [M/L3]      [M/L3]        [M/L3]      [M/L2/T]      [M/L2]       [M/L2]              [M/L3]        [M/L2]      [M/L3]      [M/L2/T]      [M/L2]
        0.0100  0.00000E+00 -0.26390E-02  0.00000E+00 -0.26390E-04  0.00000E+00  0.00000E+00  0.10584E-02  0.91402E-03  0.87969E-03  0.48333E-04  0.48333E-06  0.98262E-05       1  0.88304E-03  0.00000E+00  0.00000E+00  0.10936E-04  0.10936E-06 -0.26274E-02 -0.26274E-04 -0.23428E-02 -0.23428E-04
        0.0200  0.00000E+00 -0.22994E-02  0.00000E+00 -0.49384E-04  0.00000E+00  0.00000E+00  0.10586E-02  0.91394E-03  0.87957E-03  0.48329E-04  0.96663E-06  0.16264E-04       2  0.88303E-03  0.00000E+00  0.00000E+00 -0.78396E-05  0.30965E-07 -0.24897E-02 -0.51170E-04 -0.22446E-02 -0.45874E-04
        0.0330  0.00000E+00 -0.25252E-02  0.00000E+00 -0.82212E-04  0.00000E+00  0.00000E+00  0.10583E-02  0.91396E-03  0.87968E-03  0.48330E-04  0.15949E-05  0.29271E-04       3  0.88305E-03  0.00000E+00  0.00000E+00 -0.44493E-04 -0.54744E-06 -0.23397E-02 -0.81586E-04 -0.21248E-02 -0.73496E-04
        0.0499  0.00000E+00 -0.27096E-02  0.00000E+00 -0.12800E-03  0.00000E+00  0.00000E+00  0.10577E-02  0.91395E-03  0.87971E-03  0.48330E-04  0.24117E-05  0.42851E-04       4  0.88305E-03  0.00000E+00  0.00000E+00 -0.11635E-03 -0.25137E-05 -0.22093E-02 -0.11892E-03 -0.19964E-02 -0.10723E-03
        0.0719  0.00000E+00 -0.28516E-02  0.00000E+00 -0.19065E-03  0.00000E+00  0.00000E+00  0.10566E-02  0.91394E-03  0.87976E-03  0.48330E-04  0.34735E-05  0.56878E-04       5  0.88305E-03  0.00000E+00  0.00000E+00 -0.24588E-03 -0.79157E-05 -0.21289E-02 -0.16570E-03 -0.18660E-02 -0.14823E-03
        0.1004  0.00000E+00 -0.29644E-02  0.00000E+00 -0.27532E-03  0.00000E+00  0.00000E+00  0.10549E-02  0.91394E-03  0.87979E-03  0.48329E-04  0.48538E-05  0.66051E-04       6  0.88305E-03  0.00000E+00  0.00000E+00 -0.46366E-03 -0.21158E-04 -0.21659E-02 -0.22756E-03 -0.17571E-02 -0.19842E-03
        0.1376  0.00000E+00 -0.30369E-02  0.00000E+00 -0.38808E-03  0.00000E+00  0.00000E+00  0.10522E-02  0.91393E-03  0.87982E-03  0.48329E-04  0.66482E-05  0.58924E-04       7  0.88305E-03  0.00000E+00  0.00000E+00 -0.80368E-03 -0.50998E-04 -0.24128E-02 -0.31714E-03 -0.17081E-02 -0.26184E-03
        0.1858  0.00000E+00 -0.30582E-02  0.00000E+00 -0.53569E-03  0.00000E+00  0.00000E+00  0.10484E-02  0.91393E-03  0.87983E-03  0.48329E-04  0.89810E-05  0.10207E-04       8  0.88305E-03  0.00000E+00  0.00000E+00 -0.12889E-02 -0.11321E-03 -0.30299E-02 -0.46339E-03 -0.17892E-02 -0.34820E-03
        0.2358  0.00000E+00 -0.30291E-02  0.00000E+00 -0.68714E-03  0.00000E+00  0.00000E+00  0.10444E-02  0.91394E-03  0.87984E-03  0.48330E-04  0.11397E-04 -0.87795E-04       9  0.88305E-03  0.00000E+00  0.00000E+00 -0.17848E-02 -0.20245E-03 -0.39396E-02 -0.66037E-03 -0.20158E-02 -0.44898E-03
        0.2858  0.00000E+00 -0.29684E-02  0.00000E+00 -0.83556E-03  0.00000E+00  0.00000E+00  0.10409E-02  0.91398E-03  0.87985E-03  0.48333E-04  0.13814E-04 -0.23198E-03      10  0.88305E-03  0.00000E+00  0.00000E+00 -0.22237E-02 -0.31364E-03 -0.50493E-02 -0.91283E-03 -0.23718E-02 -0.56758E-03
        0.3358  0.00000E+00 -0.28960E-02  0.00000E+00 -0.98036E-03  0.00000E+00  0.00000E+00  0.10379E-02  0.91403E-03  0.87985E-03  0.48336E-04  0.16231E-04 -0.41414E-03      11  0.88305E-03  0.00000E+00  0.00000E+00 -0.25830E-02 -0.44278E-03 -0.62611E-02 -0.12259E-02 -0.28209E-02 -0.70862E-03
        0.3858  0.00000E+00 -0.28267E-02  0.00000E+00 -0.11217E-02  0.00000E+00  0.00000E+00  0.10355E-02  0.91410E-03  0.87985E-03  0.48340E-04  0.18648E-04 -0.62175E-03      12  0.88305E-03  0.00000E+00  0.00000E+00 -0.28552E-02 -0.58554E-03 -0.74188E-02 -0.15968E-02 -0.33111E-02 -0.87418E-03
        0.4358  0.00000E+00 -0.27707E-02  0.00000E+00 -0.12602E-02  0.00000E+00  0.00000E+00  0.10337E-02  0.91417E-03  0.87986E-03  0.48345E-04  0.21065E-04 -0.84544E-03      13  0.88305E-03  0.00000E+00  0.00000E+00 -0.30270E-02 -0.73690E-03 -0.83825E-02 -0.20160E-02 -0.37846E-02 -0.10634E-02
        0.4858  0.00000E+00 -0.27353E-02  0.00000E+00 -0.13970E-02  0.00000E+00  0.00000E+00  0.10326E-02  0.91424E-03  0.87987E-03  0.48349E-04  0.23483E-04 -0.10744E-02      14  0.88305E-03  0.00000E+00  0.00000E+00 -0.30946E-02 -0.89163E-03 -0.90437E-02 -0.24681E-02 -0.41812E-02 -0.12725E-02
        0.5358  0.00000E+00 -0.27247E-02  0.00000E+00 -0.15332E-02  0.00000E+00  0.00000E+00  0.10323E-02  0.91429E-03  0.87989E-03  0.48351E-04  0.25900E-04 -0.12973E-02      15  0.88305E-03  0.00000E+00  0.00000E+00 -0.30555E-02 -0.10444E-02 -0.93417E-02 -0.29352E-02 -0.44520E-02 -0.14951E-02
        0.5858  0.00000E+00 -0.27402E-02  0.00000E+00 -0.16702E-02  0.00000E+00  0.00000E+00  0.10327E-02  0.91433E-03  0.87991E-03  0.48353E-04  0.28318E-04 -0.15037E-02      16  0.88305E-03  0.00000E+00  0.00000E+00 -0.29131E-02 -0.11901E-02 -0.92516E-02 -0.33978E-02 -0.45665E-02 -0.17234E-02
        0.6358  0.00000E+00 -0.27801E-02  0.00000E+00 -0.18093E-02  0.00000E+00  0.00000E+00  0.10338E-02  0.91434E-03  0.87994E-03  0.48354E-04  0.30735E-04 -0.16845E-02      17  0.88305E-03  0.00000E+00  0.00000E+00 -0.26732E-02 -0.13237E-02 -0.87949E-02 -0.38376E-02 -0.45165E-02 -0.19492E-02
        0.6858  0.00000E+00 -0.28395E-02  0.00000E+00 -0.19512E-02  0.00000E+00  0.00000E+00  0.10356E-02  0.91433E-03  0.87997E-03  0.48353E-04  0.33153E-04 -0.18334E-02      18  0.88305E-03  0.00000E+00  0.00000E+00 -0.23470E-02 -0.14411E-02 -0.80265E-02 -0.42389E-02 -0.43144E-02 -0.21649E-02
        0.7358  0.00000E+00 -0.29108E-02  0.00000E+00 -0.20968E-02  0.00000E+00  0.00000E+00  0.10379E-02  0.91430E-03  0.88000E-03  0.48351E-04  0.35571E-04 -0.19469E-02      19  0.88305E-03  0.00000E+00  0.00000E+00 -0.19505E-02 -0.15386E-02 -0.70326E-02 -0.45905E-02 -0.39891E-02 -0.23644E-02
        0.7858  0.00000E+00 -0.29845E-02  0.00000E+00 -0.22460E-02  0.00000E+00  0.00000E+00  0.10409E-02  0.91426E-03  0.88003E-03  0.48348E-04  0.37988E-04 -0.20235E-02      20  0.88306E-03  0.00000E+00  0.00000E+00 -0.14842E-02 -0.16128E-02 -0.58829E-02 -0.48847E-02 -0.35720E-02 -0.25430E-02
        0.8358  0.00000E+00 -0.30503E-02  0.00000E+00 -0.23985E-02  0.00000E+00  0.00000E+00  0.10441E-02  0.91420E-03  0.88006E-03  0.48344E-04  0.40405E-04 -0.20592E-02      21  0.88306E-03  0.00000E+00  0.00000E+00 -0.99883E-03 -0.16627E-02 -0.47038E-02 -0.51198E-02 -0.30901E-02 -0.26975E-02
        0.8858  0.00000E+00 -0.30984E-02  0.00000E+00 -0.25534E-02  0.00000E+00  0.00000E+00  0.10472E-02  0.91416E-03  0.88008E-03  0.48342E-04  0.42822E-04 -0.20608E-02      22  0.88306E-03  0.00000E+00  0.00000E+00 -0.53949E-03 -0.16897E-02 -0.36030E-02 -0.53000E-02 -0.26030E-02 -0.28277E-02
        0.9358  0.00000E+00 -0.31213E-02  0.00000E+00 -0.27095E-02  0.00000E+00  0.00000E+00  0.10498E-02  0.91411E-03  0.88010E-03  0.48339E-04  0.45239E-04 -0.20401E-02      23  0.88306E-03  0.00000E+00  0.00000E+00 -0.17815E-03 -0.16986E-02 -0.26812E-02 -0.54341E-02 -0.21582E-02 -0.29356E-02
        0.9679  0.00000E+00 -0.31228E-02  0.00000E+00 -0.28097E-02  0.00000E+00  0.00000E+00  0.10508E-02  0.91408E-03  0.88011E-03  0.48337E-04  0.46790E-04 -0.20216E-02      24  0.88306E-03  0.00000E+00  0.00000E+00 -0.35646E-04 -0.16998E-02 -0.22171E-02 -0.55052E-02 -0.19061E-02 -0.29967E-02
        1.0000  0.00000E+00 -0.31101E-02  0.00000E+00 -0.29095E-02  0.00000E+00  0.00000E+00  0.10512E-02  0.91406E-03  0.88012E-03  0.48336E-04  0.48341E-04 -0.20027E-02      25  0.88306E-03  0.00000E+00  0.00000E+00  0.20617E-04 -0.16991E-02 -0.18917E-02 -0.55659E-02 -0.16952E-02 -0.30511E-02
end
