 ******* Program HYDRUS
 ******* 
 Welcome to HYDRUS-1D                                                    
 Date:  28. 3.2022    Time:   8:57: 9
 Units: L = cm   , T = days , M = mg   

       Time          rTop        rRoot        vTop         vRoot        vBot       sum(rTop)   sum(rRoot)    sum(vTop)   sum(vRoot)    sum(vBot)      hTop         hRoot        hBot        RunOff    sum(RunOff)     Volume     sum(Infil)    sum(Evap) TLevel Cum(WTrans)  SnowLayer
        [T]         [L/T]        [L/T]        [L/T]        [L/T]        [L/T]         [L]          [L]          [L]         [L]           [L]         [L]           [L]         [L]          [L/T]         [L]          [L]          [L]          [L]

       0.0100  0.34133E-01  0.83354E-01  0.34127E-01  0.81597E-01 -0.10020E+01  0.34133E-03  0.83354E-03  0.34127E-03  0.81597E-03 -0.10020E-01 -0.25990E+03 -0.20736E+03  0.63602E+02  0.00000E+00  0.00000E+00  0.99554E+02  0.00000E+00  0.34127E-03      1  0.00000E+00      0.000
       0.0230  0.34133E-01  0.83354E-01  0.34134E-01  0.81601E-01 -0.73895E+00  0.78507E-03  0.19171E-02  0.78501E-03  0.18768E-02 -0.19626E-01 -0.25964E+03 -0.20726E+03  0.63602E+02  0.00000E+00  0.00000E+00  0.99543E+02  0.00000E+00  0.78501E-03      2  0.00000E+00      0.000
       0.0399  0.34133E-01  0.83354E-01  0.34134E-01  0.81606E-01 -0.50452E+00  0.13619E-02  0.33258E-02  0.13619E-02  0.32559E-02 -0.28153E-01 -0.25929E+03 -0.20712E+03  0.63602E+02  0.00000E+00  0.00000E+00  0.99532E+02  0.00000E+00  0.13619E-02      3  0.00000E+00      0.000
       0.0619  0.34133E-01  0.83354E-01  0.34133E-01  0.81612E-01 -0.36359E+00  0.21118E-02  0.51571E-02  0.21118E-02  0.50489E-02 -0.36141E-01 -0.25886E+03 -0.20694E+03  0.63602E+02  0.00000E+00  0.00000E+00  0.99522E+02  0.00000E+00  0.21118E-02      4  0.00000E+00      0.000
       0.0904  0.34133E-01  0.83354E-01  0.34133E-01  0.81619E-01 -0.24333E+00  0.30867E-02  0.75378E-02  0.30866E-02  0.73801E-02 -0.43091E-01 -0.25833E+03 -0.20672E+03  0.63602E+02  0.00000E+00  0.00000E+00  0.99512E+02  0.00000E+00  0.30866E-02      5  0.00000E+00      0.000
       0.1276  0.34133E-01  0.83354E-01  0.34132E-01  0.81629E-01 -0.14817E+00  0.43541E-02  0.10633E-01  0.43539E-02  0.10411E-01 -0.48592E-01 -0.25770E+03 -0.20644E+03  0.63602E+02  0.00000E+00  0.00000E+00  0.99502E+02  0.00000E+00  0.43539E-02      6  0.00000E+00      0.000
       0.1758  0.34133E-01  0.83354E-01  0.34135E-01  0.81640E-01 -0.66484E-01  0.60016E-02  0.14656E-01  0.60015E-02  0.14351E-01 -0.51801E-01 -0.25695E+03 -0.20611E+03  0.63602E+02  0.00000E+00  0.00000E+00  0.99493E+02  0.00000E+00  0.60015E-02      7  0.00000E+00      0.000
       0.2386  0.34133E-01  0.83354E-01  0.34132E-01  0.81653E-01  0.23781E-02  0.81435E-02  0.19886E-01  0.81433E-02  0.19475E-01 -0.51652E-01 -0.25608E+03 -0.20573E+03  0.63602E+02  0.00000E+00  0.00000E+00  0.99486E+02  0.00000E+00  0.81433E-02      8  0.00000E+00      0.000
       0.3232  0.17356E+00  0.42384E+00  0.17356E+00  0.41521E+00  0.62065E-01  0.22827E-01  0.55745E-01  0.22827E-01  0.54603E-01 -0.46401E-01 -0.25788E+03 -0.20559E+03  0.63602E+02  0.00000E+00  0.00000E+00  0.99470E+02  0.00000E+00  0.22827E-01      9  0.00000E+00      0.000
       0.4360  0.35990E+00  0.87887E+00  0.35990E+00  0.86038E+00  0.11346E+00  0.63425E-01  0.15488E+00  0.63425E-01  0.15166E+00 -0.33602E-01 -0.26416E+03 -0.20737E+03  0.63602E+02  0.00000E+00  0.00000E+00  0.99395E+02  0.00000E+00  0.63425E-01     10  0.00000E+00      0.000
       0.5770  0.34624E+00  0.84552E+00  0.34624E+00  0.82651E+00  0.16121E+00  0.11225E+00  0.27411E+00  0.11225E+00  0.26820E+00 -0.10871E-01 -0.27084E+03 -0.21135E+03  0.63602E+02  0.00000E+00  0.00000E+00  0.99248E+02  0.00000E+00  0.11225E+00     11  0.00000E+00      0.000
       0.7885  0.34133E-01  0.83354E-01  0.34130E-01  0.81404E-01  0.22189E+00  0.11947E+00  0.29174E+00  0.11947E+00  0.28542E+00  0.36061E-01 -0.26875E+03 -0.21438E+03  0.63602E+02  0.00000E+00  0.00000E+00  0.99112E+02  0.00000E+00  0.11947E+00     12  0.00000E+00      0.000
       1.0000  0.34133E-01  0.83354E-01  0.34136E-01  0.81477E-01  0.26422E+00  0.12669E+00  0.30937E+00  0.12669E+00  0.30265E+00  0.91945E-01 -0.26520E+03 -0.21232E+03  0.63602E+02  0.00000E+00  0.00000E+00  0.99144E+02  0.00000E+00  0.12669E+00     13  0.00000E+00      0.000
end
