 All solute fluxes and cumulative solute fluxes are positive into the region

       Time         cvTop        cvBot      Sum(cvTop)   Sum(cvBot)     cvCh0        cvCh1         cTop        cRoot         cBot        cvRoot    Sum(cvRoot)  Sum(cvNEql) TLevel      cGWL        cRunOff   Sum(cRunOff)    (cv(i),    Sum(cv(i)), i=1,NObs)
        [T]        [M/L2/T]     [M/L2/T]      [M/L2]       [M/L2]       [M/L2]      [M/L2]        [M/L3]      [M/L3]        [M/L3]      [M/L2/T]      [M/L2]       [M/L2]              [M/L3]        [M/L2]      [M/L3]      [M/L2/T]      [M/L2]
        0.0100  0.00000E+00  0.00000E+00  0.00000E+00  0.00000E+00  0.00000E+00  0.00000E+00  0.10515E-02  0.91362E-03  0.86918E-03  0.74303E-04  0.74303E-06 -0.14542E-04       1  0.88261E-03  0.00000E+00  0.00000E+00  0.31195E-04  0.31195E-06 -0.12885E-05 -0.12885E-07  0.39613E-03  0.39613E-05
        0.0230  0.00000E+00  0.00000E+00  0.00000E+00  0.00000E+00  0.00000E+00  0.00000E+00  0.10514E-02  0.91361E-03  0.86806E-03  0.74300E-04  0.17089E-05 -0.29520E-04       2  0.88254E-03  0.00000E+00  0.00000E+00  0.30362E-04  0.70667E-06 -0.11194E-05 -0.27437E-07  0.39308E-03  0.90713E-05
        0.0399  0.00000E+00  0.00000E+00  0.00000E+00  0.00000E+00  0.00000E+00  0.00000E+00  0.10515E-02  0.91361E-03  0.86923E-03  0.74301E-04  0.29646E-05 -0.46818E-04       3  0.88261E-03  0.00000E+00  0.00000E+00  0.28315E-04  0.11852E-05 -0.12239E-05 -0.48121E-07  0.38841E-03  0.15635E-04
        0.0619  0.00000E+00  0.00000E+00  0.00000E+00  0.00000E+00  0.00000E+00  0.00000E+00  0.10514E-02  0.91361E-03  0.86930E-03  0.74300E-04  0.45970E-05 -0.66712E-04       4  0.88261E-03  0.00000E+00  0.00000E+00  0.24085E-04  0.17143E-05 -0.12717E-05 -0.76061E-07  0.38291E-03  0.24048E-04
        0.0904  0.00000E+00  0.00000E+00  0.00000E+00  0.00000E+00  0.00000E+00  0.00000E+00  0.10513E-02  0.91361E-03  0.86962E-03  0.74301E-04  0.67191E-05 -0.91144E-04       5  0.88263E-03  0.00000E+00  0.00000E+00  0.16000E-04  0.21713E-05 -0.13733E-05 -0.11528E-06  0.37585E-03  0.34783E-04
        0.1276  0.00000E+00  0.00000E+00  0.00000E+00  0.00000E+00  0.00000E+00  0.00000E+00  0.10511E-02  0.91361E-03  0.86968E-03  0.74300E-04  0.94778E-05 -0.12114E-03       6  0.88263E-03  0.00000E+00  0.00000E+00  0.14545E-05  0.22253E-05 -0.15433E-05 -0.17259E-06  0.36741E-03  0.48425E-04
        0.1758  0.00000E+00  0.00000E+00  0.00000E+00  0.00000E+00  0.00000E+00  0.00000E+00  0.10509E-02  0.91361E-03  0.86980E-03  0.74301E-04  0.13064E-04 -0.15928E-03       7  0.88264E-03  0.00000E+00  0.00000E+00 -0.15047E-04  0.14990E-05 -0.18349E-05 -0.26115E-06  0.35646E-03  0.65630E-04
        0.2258  0.00000E+00  0.00000E+00  0.00000E+00  0.00000E+00  0.00000E+00  0.00000E+00  0.10506E-02  0.91361E-03  0.86978E-03  0.74301E-04  0.16779E-04 -0.19837E-03       8  0.88264E-03  0.00000E+00  0.00000E+00 -0.34351E-04 -0.21856E-06 -0.21698E-05 -0.36964E-06  0.34500E-03  0.82880E-04
        0.2758  0.00000E+00  0.00000E+00  0.00000E+00  0.00000E+00  0.00000E+00  0.00000E+00  0.10505E-02  0.91361E-03  0.86980E-03  0.74301E-04  0.20494E-04 -0.23678E-03       9  0.88264E-03  0.00000E+00  0.00000E+00 -0.37629E-04 -0.21000E-05 -0.23710E-05 -0.48819E-06  0.33380E-03  0.99570E-04
        0.3258  0.00000E+00  0.00000E+00  0.00000E+00  0.00000E+00  0.00000E+00  0.00000E+00  0.10512E-02  0.91362E-03  0.86976E-03  0.74301E-04  0.24209E-04 -0.26740E-03      10  0.88264E-03  0.00000E+00  0.00000E+00  0.16119E-04 -0.12941E-05 -0.26399E-05 -0.62019E-06  0.32624E-03  0.11588E-03
        0.3758  0.00000E+00  0.00000E+00  0.00000E+00  0.00000E+00  0.00000E+00  0.00000E+00  0.10519E-02  0.91364E-03  0.86974E-03  0.74303E-04  0.27924E-04 -0.27808E-03      11  0.88264E-03  0.00000E+00  0.00000E+00  0.76941E-04  0.25530E-05 -0.25391E-05 -0.74714E-06  0.32979E-03  0.13237E-03
        0.4258  0.00000E+00  0.00000E+00  0.00000E+00  0.00000E+00  0.00000E+00  0.00000E+00  0.10524E-02  0.91370E-03  0.86968E-03  0.74308E-04  0.31640E-04 -0.27075E-03      12  0.88263E-03  0.00000E+00  0.00000E+00  0.11884E-03  0.84951E-05 -0.23889E-05 -0.86659E-06  0.34017E-03  0.14938E-03
        0.4758  0.00000E+00  0.00000E+00  0.00000E+00  0.00000E+00  0.00000E+00  0.00000E+00  0.10527E-02  0.91372E-03  0.86964E-03  0.74310E-04  0.35355E-04 -0.25164E-03      13  0.88263E-03  0.00000E+00  0.00000E+00  0.13983E-03  0.15487E-04 -0.20334E-05 -0.96826E-06  0.35591E-03  0.16718E-03
        0.5258  0.00000E+00  0.00000E+00  0.00000E+00  0.00000E+00  0.00000E+00  0.00000E+00  0.10527E-02  0.91375E-03  0.86959E-03  0.74313E-04  0.39071E-04 -0.22593E-03      14  0.88263E-03  0.00000E+00  0.00000E+00  0.13920E-03  0.22446E-04 -0.14202E-05 -0.10393E-05  0.37312E-03  0.18583E-03
        0.5758  0.00000E+00  0.00000E+00  0.00000E+00  0.00000E+00  0.00000E+00  0.00000E+00  0.10525E-02  0.91375E-03  0.86954E-03  0.74313E-04  0.42787E-04 -0.20113E-03      15  0.88263E-03  0.00000E+00  0.00000E+00  0.11705E-03  0.28299E-04 -0.13041E-05 -0.11045E-05  0.38831E-03  0.20525E-03
        0.6258  0.00000E+00  0.00000E+00  0.00000E+00  0.00000E+00  0.00000E+00  0.00000E+00  0.10521E-02  0.91376E-03  0.86948E-03  0.74314E-04  0.46502E-04 -0.18317E-03      16  0.88262E-03  0.00000E+00  0.00000E+00  0.74466E-04  0.32022E-04 -0.10990E-05 -0.11594E-05  0.39895E-03  0.22519E-03
        0.6758  0.00000E+00  0.00000E+00  0.00000E+00  0.00000E+00  0.00000E+00  0.00000E+00  0.10514E-02  0.91374E-03  0.86942E-03  0.74312E-04  0.50218E-04 -0.17844E-03      17  0.88262E-03  0.00000E+00  0.00000E+00  0.13558E-04  0.32700E-04 -0.12795E-05 -0.12234E-05  0.40249E-03  0.24532E-03
        0.7258  0.00000E+00  0.00000E+00  0.00000E+00  0.00000E+00  0.00000E+00  0.00000E+00  0.10508E-02  0.91372E-03  0.86936E-03  0.74310E-04  0.53933E-04 -0.19100E-03      18  0.88262E-03  0.00000E+00  0.00000E+00 -0.40201E-04  0.30690E-04 -0.15347E-05 -0.13001E-05  0.39754E-03  0.26520E-03
        0.7758  0.00000E+00  0.00000E+00  0.00000E+00  0.00000E+00  0.00000E+00  0.00000E+00  0.10508E-02  0.91367E-03  0.86930E-03  0.74306E-04  0.57649E-04 -0.22072E-03      19  0.88261E-03  0.00000E+00  0.00000E+00 -0.34278E-04  0.28976E-04 -0.18977E-05 -0.13950E-05  0.38396E-03  0.28439E-03
        0.8258  0.00000E+00  0.00000E+00  0.00000E+00  0.00000E+00  0.00000E+00  0.00000E+00  0.10510E-02  0.91363E-03  0.86923E-03  0.74303E-04  0.61364E-04 -0.25371E-03      20  0.88261E-03  0.00000E+00  0.00000E+00 -0.14540E-04  0.28249E-04 -0.19711E-05 -0.14936E-05  0.37101E-03  0.30294E-03
        0.8758  0.00000E+00  0.00000E+00  0.00000E+00  0.00000E+00  0.00000E+00  0.00000E+00  0.10513E-02  0.91365E-03  0.86916E-03  0.74304E-04  0.65079E-04 -0.28509E-03      21  0.88261E-03  0.00000E+00  0.00000E+00  0.29391E-05  0.28396E-04 -0.20186E-05 -0.15945E-05  0.35812E-03  0.32085E-03
        0.9258  0.00000E+00  0.00000E+00  0.00000E+00  0.00000E+00  0.00000E+00  0.00000E+00  0.10515E-02  0.91363E-03  0.86909E-03  0.74302E-04  0.68794E-04 -0.31595E-03      22  0.88260E-03  0.00000E+00  0.00000E+00  0.20809E-04  0.29436E-04 -0.18359E-05 -0.16863E-05  0.34737E-03  0.33822E-03
        0.9629  0.00000E+00  0.00000E+00  0.00000E+00  0.00000E+00  0.00000E+00  0.00000E+00  0.10516E-02  0.91364E-03  0.86904E-03  0.74303E-04  0.71550E-04 -0.33827E-03      23  0.88260E-03  0.00000E+00  0.00000E+00  0.28461E-04  0.30492E-04 -0.18494E-05 -0.17549E-05  0.34013E-03  0.35083E-03
        1.0000  0.00000E+00  0.00000E+00  0.00000E+00  0.00000E+00  0.00000E+00  0.00000E+00  0.10517E-02  0.91363E-03  0.86899E-03  0.74302E-04  0.74305E-04 -0.36069E-03      24  0.88260E-03  0.00000E+00  0.00000E+00  0.31010E-04  0.31642E-04 -0.18155E-05 -0.18222E-05  0.33383E-03  0.36321E-03
end
