 All solute fluxes and cumulative solute fluxes are positive into the region

       Time         cvTop        cvBot      Sum(cvTop)   Sum(cvBot)     cvCh0        cvCh1         cTop        cRoot         cBot        cvRoot    Sum(cvRoot)  Sum(cvNEql) TLevel      cGWL        cRunOff   Sum(cRunOff)    (cv(i),    Sum(cv(i)), i=1,NObs)
        [T]        [M/L2/T]     [M/L2/T]      [M/L2]       [M/L2]       [M/L2]      [M/L2]        [M/L3]      [M/L3]        [M/L3]      [M/L2/T]      [M/L2]       [M/L2]              [M/L3]        [M/L2]      [M/L3]      [M/L2/T]      [M/L2]
        0.0100  0.00000E+00 -0.44278E-02  0.00000E+00 -0.44278E-04  0.00000E+00  0.00000E+00  0.97965E-03  0.92196E-03  0.88182E-03  0.52687E-04  0.52687E-06  0.48534E-05       1  0.88324E-03  0.00000E+00  0.00000E+00  0.57114E-04  0.57114E-06 -0.24524E-02 -0.24524E-04 -0.21237E-02 -0.21237E-04
        0.0200  0.00000E+00 -0.45539E-02  0.00000E+00 -0.89817E-04  0.00000E+00  0.00000E+00  0.97985E-03  0.92202E-03  0.88179E-03  0.52692E-04  0.10538E-05  0.89487E-05       2  0.88323E-03  0.00000E+00  0.00000E+00  0.50207E-04  0.10732E-05 -0.23282E-02 -0.47807E-04 -0.20396E-02 -0.41633E-04
        0.0330  0.00000E+00 -0.44796E-02  0.00000E+00 -0.14805E-03  0.00000E+00  0.00000E+00  0.97976E-03  0.92200E-03  0.88180E-03  0.52691E-04  0.17388E-05  0.12690E-04       3  0.88323E-03  0.00000E+00  0.00000E+00  0.35881E-04  0.15397E-05 -0.21811E-02 -0.76160E-04 -0.19321E-02 -0.66750E-04
        0.0499  0.00000E+00 -0.44019E-02  0.00000E+00 -0.22244E-03  0.00000E+00  0.00000E+00  0.97954E-03  0.92200E-03  0.88179E-03  0.52691E-04  0.26293E-05  0.17267E-04       4  0.88323E-03  0.00000E+00  0.00000E+00  0.68589E-05  0.16556E-05 -0.20349E-02 -0.11055E-03 -0.18152E-02 -0.97428E-04
        0.0719  0.00000E+00 -0.43125E-02  0.00000E+00 -0.31719E-03  0.00000E+00  0.00000E+00  0.97925E-03  0.92200E-03  0.88179E-03  0.52691E-04  0.37869E-05  0.21827E-04       5  0.88323E-03  0.00000E+00  0.00000E+00 -0.17557E-04  0.12699E-05 -0.18914E-02 -0.15210E-03 -0.16881E-02 -0.13452E-03
        0.1004  0.00000E+00 -0.41953E-02  0.00000E+00 -0.43701E-03  0.00000E+00  0.00000E+00  0.97884E-03  0.92199E-03  0.88178E-03  0.52691E-04  0.52918E-05  0.24986E-04       6  0.88322E-03  0.00000E+00  0.00000E+00 -0.58752E-04 -0.40817E-06 -0.17717E-02 -0.20271E-03 -0.15602E-02 -0.17908E-03
        0.1376  0.00000E+00 -0.40404E-02  0.00000E+00 -0.58703E-03  0.00000E+00  0.00000E+00  0.97815E-03  0.92198E-03  0.88178E-03  0.52691E-04  0.72482E-05  0.23430E-04       7  0.88322E-03  0.00000E+00  0.00000E+00 -0.12444E-03 -0.50285E-05 -0.17012E-02 -0.26587E-03 -0.14415E-02 -0.23260E-03
        0.1858  0.00000E+00 -0.38382E-02  0.00000E+00 -0.77229E-03  0.00000E+00  0.00000E+00  0.97716E-03  0.92198E-03  0.88177E-03  0.52691E-04  0.97915E-05  0.10323E-04       8  0.88322E-03  0.00000E+00  0.00000E+00 -0.22073E-03 -0.15683E-04 -0.17269E-02 -0.34923E-03 -0.13500E-02 -0.29776E-03
        0.2358  0.00000E+00 -0.36108E-02  0.00000E+00 -0.95283E-03  0.00000E+00  0.00000E+00  0.97614E-03  0.92197E-03  0.88177E-03  0.52691E-04  0.12426E-04 -0.15316E-04       9  0.88322E-03  0.00000E+00  0.00000E+00 -0.32174E-03 -0.31770E-04 -0.18442E-02 -0.44144E-03 -0.13063E-02 -0.36307E-03
        0.2858  0.00000E+00 -0.33911E-02  0.00000E+00 -0.11224E-02  0.00000E+00  0.00000E+00  0.97541E-03  0.92198E-03  0.88176E-03  0.52691E-04  0.15061E-04 -0.49894E-04      10  0.88322E-03  0.00000E+00  0.00000E+00 -0.39205E-03 -0.51373E-04 -0.19809E-02 -0.54048E-03 -0.12943E-02 -0.42779E-03
        0.3358  0.00000E+00 -0.31855E-02  0.00000E+00 -0.12817E-02  0.00000E+00  0.00000E+00  0.97501E-03  0.92198E-03  0.88175E-03  0.52690E-04  0.17695E-04 -0.87742E-04      11  0.88322E-03  0.00000E+00  0.00000E+00 -0.42685E-03 -0.72715E-04 -0.20794E-02 -0.64445E-03 -0.12859E-02 -0.49208E-03
        0.3858  0.00000E+00 -0.29965E-02  0.00000E+00 -0.14315E-02  0.00000E+00  0.00000E+00  0.97467E-03  0.92200E-03  0.88175E-03  0.52691E-04  0.20330E-04 -0.12537E-03      12  0.88322E-03  0.00000E+00  0.00000E+00 -0.45436E-03 -0.95433E-04 -0.21457E-02 -0.75173E-03 -0.12696E-02 -0.55556E-03
        0.4358  0.00000E+00 -0.28256E-02  0.00000E+00 -0.15728E-02  0.00000E+00  0.00000E+00  0.97441E-03  0.92202E-03  0.88174E-03  0.52692E-04  0.22964E-04 -0.16253E-03      13  0.88322E-03  0.00000E+00  0.00000E+00 -0.47182E-03 -0.11902E-03 -0.21834E-02 -0.86091E-03 -0.12495E-02 -0.61803E-03
        0.4858  0.00000E+00 -0.26715E-02  0.00000E+00 -0.17063E-02  0.00000E+00  0.00000E+00  0.97424E-03  0.92204E-03  0.88174E-03  0.52692E-04  0.25599E-04 -0.19857E-03      14  0.88322E-03  0.00000E+00  0.00000E+00 -0.47844E-03 -0.14295E-03 -0.21945E-02 -0.97063E-03 -0.12269E-02 -0.67938E-03
        0.5358  0.00000E+00 -0.25328E-02  0.00000E+00 -0.18330E-02  0.00000E+00  0.00000E+00  0.97416E-03  0.92205E-03  0.88173E-03  0.52693E-04  0.28233E-04 -0.23329E-03      15  0.88322E-03  0.00000E+00  0.00000E+00 -0.47330E-03 -0.16661E-03 -0.21784E-02 -0.10796E-02 -0.12022E-02 -0.73949E-03
        0.5858  0.00000E+00 -0.24071E-02  0.00000E+00 -0.19533E-02  0.00000E+00  0.00000E+00  0.97419E-03  0.92206E-03  0.88173E-03  0.52693E-04  0.30868E-04 -0.26636E-03      16  0.88322E-03  0.00000E+00  0.00000E+00 -0.45704E-03 -0.18946E-03 -0.21358E-02 -0.11863E-02 -0.11754E-02 -0.79826E-03
        0.6358  0.00000E+00 -0.22931E-02  0.00000E+00 -0.20680E-02  0.00000E+00  0.00000E+00  0.97430E-03  0.92206E-03  0.88173E-03  0.52693E-04  0.33503E-04 -0.29778E-03      17  0.88322E-03  0.00000E+00  0.00000E+00 -0.43064E-03 -0.21099E-03 -0.20688E-02 -0.12898E-02 -0.11471E-02 -0.85562E-03
        0.6858  0.00000E+00 -0.21892E-02  0.00000E+00 -0.21775E-02  0.00000E+00  0.00000E+00  0.97448E-03  0.92205E-03  0.88172E-03  0.52693E-04  0.36137E-04 -0.32759E-03      18  0.88322E-03  0.00000E+00  0.00000E+00 -0.39620E-03 -0.23080E-03 -0.19818E-02 -0.13889E-02 -0.11176E-02 -0.91149E-03
        0.7358  0.00000E+00 -0.20942E-02  0.00000E+00 -0.22822E-02  0.00000E+00  0.00000E+00  0.97470E-03  0.92204E-03  0.88172E-03  0.52692E-04  0.38772E-04 -0.35607E-03      19  0.88322E-03  0.00000E+00  0.00000E+00 -0.35588E-03 -0.24860E-03 -0.18803E-02 -0.14829E-02 -0.10876E-02 -0.96587E-03
        0.7858  0.00000E+00 -0.20068E-02  0.00000E+00 -0.23825E-02  0.00000E+00  0.00000E+00  0.97549E-03  0.92203E-03  0.88172E-03  0.52692E-04  0.41407E-04 -0.37761E-03      20  0.88322E-03  0.00000E+00  0.00000E+00 -0.25967E-03 -0.26158E-03 -0.16919E-02 -0.15675E-02 -0.10413E-02 -0.10179E-02
        0.8358  0.00000E+00 -0.19257E-02  0.00000E+00 -0.24788E-02  0.00000E+00  0.00000E+00  0.97631E-03  0.92202E-03  0.88172E-03  0.52692E-04  0.44041E-04 -0.38841E-03      21  0.88322E-03  0.00000E+00  0.00000E+00 -0.16266E-03 -0.26972E-03 -0.14539E-02 -0.16402E-02 -0.96558E-03 -0.10662E-02
        0.8858  0.00000E+00 -0.18501E-02  0.00000E+00 -0.25713E-02  0.00000E+00  0.00000E+00  0.97708E-03  0.92202E-03  0.88172E-03  0.52692E-04  0.46676E-04 -0.39061E-03      22  0.88321E-03  0.00000E+00  0.00000E+00 -0.74113E-04 -0.27342E-03 -0.12027E-02 -0.17003E-02 -0.87514E-03 -0.11100E-02
        0.9358  0.00000E+00 -0.17787E-02  0.00000E+00 -0.26602E-02  0.00000E+00  0.00000E+00  0.97770E-03  0.92202E-03  0.88172E-03  0.52692E-04  0.49310E-04 -0.38686E-03      23  0.88321E-03  0.00000E+00  0.00000E+00 -0.72970E-05 -0.27379E-03 -0.97586E-03 -0.17491E-02 -0.78126E-03 -0.11490E-02
        0.9679  0.00000E+00 -0.17218E-02  0.00000E+00 -0.27155E-02  0.00000E+00  0.00000E+00  0.97805E-03  0.92201E-03  0.88172E-03  0.52692E-04  0.51001E-04 -0.38280E-03      24  0.88321E-03  0.00000E+00  0.00000E+00  0.38014E-04 -0.27257E-03 -0.84979E-03 -0.17764E-02 -0.72339E-03 -0.11722E-02
        1.0000  0.00000E+00 -0.16784E-02  0.00000E+00 -0.27693E-02  0.00000E+00  0.00000E+00  0.97826E-03  0.92201E-03  0.88172E-03  0.52692E-04  0.52692E-04 -0.37841E-03      25  0.88321E-03  0.00000E+00  0.00000E+00  0.59843E-04 -0.27065E-03 -0.75056E-03 -0.18005E-02 -0.67027E-03 -0.11938E-02
end
