 ******* Program HYDRUS
 ******* 
 Welcome to HYDRUS-1D                                                    
 Date:  28. 3.2022    Time:   8:56:48
 Units: L = cm   , T = days , M = mg   


 Time:        0.0000


 Node      Depth      Head Moisture       K          C         Flux        Sink         Kappa   v/KsTop   Temp   Conc(1..NS) Sorb(1...NS)
           [L]        [L]    [-]        [L/T]      [1/L]      [L/T]        [1/T]         [-]      [-]      [C]      [M/L*3]

   1     0.0000    -195.422 0.2882   0.1301E+01  0.3871E-03 -0.2021E-01  0.0000E+00      -1  -0.465E-03   20.00  0.8466E-03  0.1016E+00
   2    -3.0000    -192.468 0.2893   0.1335E+01  0.3907E-03 -0.4894E-01  0.0000E+00      -1  -0.113E-02   20.00  0.8629E-03  0.1036E+00
   3    -6.0000    -189.639 0.2904   0.1390E+01  0.3943E-03 -0.1068E+00  0.0000E+00      -1  -0.246E-02   20.00  0.8731E-03  0.1048E+00
   4    -9.0000    -186.926 0.2915   0.1451E+01  0.3978E-03 -0.1614E+00  0.1090E-02      -1  -0.371E-02   20.00  0.8790E-03  0.1055E+00
   5   -12.0000    -184.305 0.2926   0.1509E+01  0.4013E-03 -0.2103E+00  0.1091E-02      -1  -0.484E-02   20.00  0.8823E-03  0.1059E+00
   6   -15.0000    -181.761 0.2937   0.1566E+01  0.4046E-03 -0.2552E+00  0.1091E-02      -1  -0.587E-02   20.00  0.8833E-03  0.1060E+00
   7   -18.0000    -179.282 0.2947   0.1621E+01  0.4078E-03 -0.2960E+00  0.1092E-02      -1  -0.681E-02   20.00  0.8834E-03  0.1060E+00
   8   -21.0000    -176.856 0.2958   0.1675E+01  0.4109E-03 -0.3330E+00  0.1092E-02      -1  -0.766E-02   20.00  0.8833E-03  0.1060E+00
   9   -24.0000    -174.474 0.2967   0.1728E+01  0.4140E-03 -0.3659E+00  0.1081E-02      -1  -0.842E-02   20.00  0.8834E-03  0.1060E+00
  10   -27.0000    -172.126 0.2977   0.1781E+01  0.4171E-03 -0.3948E+00  0.1025E-02      -1  -0.908E-02   20.00  0.8834E-03  0.1060E+00
  11   -30.0000    -169.804 0.2987   0.1832E+01  0.4201E-03 -0.4203E+00  0.9684E-03      -1  -0.967E-02   20.00  0.8834E-03  0.1060E+00
  12   -33.0000    -167.502 0.2997   0.1884E+01  0.4231E-03 -0.4427E+00  0.9117E-03      -1  -0.102E-01   20.00  0.8834E-03  0.1060E+00
  13   -36.0000    -165.214 0.3006   0.1935E+01  0.4261E-03 -0.4617E+00  0.8551E-03      -1  -0.106E-01   20.00  0.8834E-03  0.1060E+00
  14   -39.0000    -162.934 0.3016   0.1985E+01  0.4291E-03 -0.4778E+00  0.7984E-03      -1  -0.110E-01   20.00  0.8834E-03  0.1060E+00
  15   -42.0000    -160.658 0.3025   0.2036E+01  0.4320E-03 -0.4910E+00  0.7416E-03      -1  -0.113E-01   20.00  0.8834E-03  0.1060E+00
  16   -45.0000    -158.381 0.3035   0.2087E+01  0.4350E-03 -0.5015E+00  0.6848E-03      -1  -0.115E-01   20.00  0.8834E-03  0.1060E+00
  17   -48.0000    -156.100 0.3044   0.2138E+01  0.4380E-03 -0.5102E+00  0.6279E-03      -1  -0.117E-01   20.00  0.8834E-03  0.1060E+00
  18   -51.0000    -153.813 0.3054   0.2189E+01  0.4409E-03 -0.5162E+00  0.5710E-03      -1  -0.119E-01   20.00  0.8834E-03  0.1060E+00
  19   -54.0000    -151.514 0.3064   0.2248E+01  0.4439E-03 -0.5207E+00  0.5141E-03      -1  -0.120E-01   20.00  0.8834E-03  0.1060E+00
  20   -57.0000    -149.198 0.3074   0.2340E+01  0.4465E-03 -0.5241E+00  0.4571E-03      -1  -0.121E-01   20.00  0.8834E-03  0.1060E+00
  21   -60.0000    -146.858 0.3085   0.2434E+01  0.4492E-03 -0.5256E+00  0.4001E-03      -1  -0.121E-01   20.00  0.8834E-03  0.1060E+00
  22   -63.0000    -144.494 0.3096   0.2528E+01  0.4520E-03 -0.5257E+00  0.3430E-03      -1  -0.121E-01   20.00  0.8834E-03  0.1060E+00
  23   -66.0000    -142.106 0.3107   0.2623E+01  0.4547E-03 -0.5245E+00  0.2859E-03      -1  -0.121E-01   20.00  0.8833E-03  0.1060E+00
  24   -69.0000    -139.694 0.3118   0.2719E+01  0.4575E-03 -0.5219E+00  0.2288E-03      -1  -0.120E-01   20.00  0.8833E-03  0.1060E+00
  25   -72.0000    -137.258 0.3129   0.2816E+01  0.4603E-03 -0.5190E+00  0.1717E-03      -1  -0.119E-01   20.00  0.8833E-03  0.1060E+00
  26   -75.0000    -134.800 0.3141   0.2914E+01  0.4632E-03 -0.5157E+00  0.1145E-03      -1  -0.119E-01   20.00  0.8833E-03  0.1060E+00
  27   -78.0000    -132.320 0.3152   0.3013E+01  0.4661E-03 -0.5116E+00  0.5725E-04      -1  -0.118E-01   20.00  0.8833E-03  0.1060E+00
  28   -81.0000    -129.819 0.3164   0.3113E+01  0.4689E-03 -0.5072E+00  0.0000E+00      -1  -0.117E-01   20.00  0.8833E-03  0.1060E+00
  29   -84.0000    -127.298 0.3175   0.3213E+01  0.4719E-03 -0.5022E+00  0.0000E+00      -1  -0.116E-01   20.00  0.8833E-03  0.1060E+00
  30   -87.0000    -124.757 0.3187   0.3314E+01  0.4748E-03 -0.4965E+00  0.0000E+00      -1  -0.114E-01   20.00  0.8833E-03  0.1060E+00
  31   -90.0000    -122.197 0.3199   0.3416E+01  0.4778E-03 -0.4909E+00  0.0000E+00      -1  -0.113E-01   20.00  0.8833E-03  0.1060E+00
  32   -93.0000    -119.618 0.3211   0.3541E+01  0.4804E-03 -0.4853E+00  0.0000E+00      -1  -0.112E-01   20.00  0.8833E-03  0.1060E+00
  33   -96.0000    -117.017 0.3224   0.3713E+01  0.4822E-03 -0.4786E+00  0.0000E+00      -1  -0.110E-01   20.00  0.8833E-03  0.1060E+00
  34   -99.0000    -114.392 0.3237   0.3886E+01  0.4841E-03 -0.4725E+00  0.0000E+00      -1  -0.109E-01   20.00  0.8833E-03  0.1060E+00
  35  -102.0000    -111.747 0.3250   0.4060E+01  0.4860E-03 -0.4660E+00  0.0000E+00      -1  -0.107E-01   20.00  0.8833E-03  0.1060E+00
  36  -105.0000    -109.081 0.3263   0.4236E+01  0.4879E-03 -0.4594E+00  0.0000E+00      -1  -0.106E-01   20.00  0.8833E-03  0.1060E+00
  37  -108.0000    -106.398 0.3276   0.4413E+01  0.4898E-03 -0.4536E+00  0.0000E+00      -1  -0.104E-01   20.00  0.8833E-03  0.1060E+00
  38  -111.0000    -103.698 0.3289   0.4591E+01  0.4917E-03 -0.4467E+00  0.0000E+00      -1  -0.103E-01   20.00  0.8833E-03  0.1060E+00
  39  -114.0000    -100.982 0.3303   0.4771E+01  0.4936E-03 -0.4403E+00  0.0000E+00      -1  -0.101E-01   20.00  0.8833E-03  0.1060E+00
  40  -117.0000     -98.252 0.3316   0.4951E+01  0.4955E-03 -0.4347E+00  0.0000E+00      -1  -0.100E-01   20.00  0.8833E-03  0.1060E+00
  41  -120.0000     -95.509 0.3329   0.5132E+01  0.4975E-03 -0.4294E+00  0.0000E+00      -1  -0.988E-02   20.00  0.8833E-03  0.1060E+00
  42  -123.0000     -92.752 0.3343   0.5410E+01  0.4974E-03 -0.4235E+00  0.0000E+00      -1  -0.974E-02   20.00  0.8833E-03  0.1060E+00
  43  -126.0000     -89.979 0.3357   0.5692E+01  0.4973E-03 -0.4171E+00  0.0000E+00      -1  -0.960E-02   20.00  0.8833E-03  0.1060E+00
  44  -129.0000     -87.192 0.3371   0.5975E+01  0.4971E-03 -0.4120E+00  0.0000E+00      -1  -0.948E-02   20.00  0.8833E-03  0.1060E+00
  45  -132.0000     -84.393 0.3385   0.6259E+01  0.4970E-03 -0.4076E+00  0.0000E+00      -1  -0.938E-02   20.00  0.8833E-03  0.1060E+00
  46  -135.0000     -81.583 0.3399   0.6545E+01  0.4969E-03 -0.4023E+00  0.0000E+00      -1  -0.926E-02   20.00  0.8833E-03  0.1060E+00
  47  -138.0000     -78.762 0.3413   0.6831E+01  0.4968E-03 -0.3972E+00  0.0000E+00      -1  -0.914E-02   20.00  0.8833E-03  0.1060E+00
  48  -141.0000     -75.932 0.3427   0.7119E+01  0.4966E-03 -0.3929E+00  0.0000E+00      -1  -0.904E-02   20.00  0.8833E-03  0.1060E+00
  49  -144.0000     -73.092 0.3441   0.7523E+01  0.4939E-03 -0.3885E+00  0.0000E+00      -1  -0.894E-02   20.00  0.8833E-03  0.1060E+00
  50  -147.0000     -70.242 0.3455   0.7941E+01  0.4909E-03 -0.3848E+00  0.0000E+00      -1  -0.885E-02   20.00  0.8833E-03  0.1060E+00
  51  -150.0000     -67.383 0.3469   0.8360E+01  0.4879E-03 -0.3815E+00  0.0000E+00      -1  -0.878E-02   20.00  0.8833E-03  0.1060E+00
  52  -153.0000     -64.516 0.3483   0.8781E+01  0.4849E-03 -0.3773E+00  0.0000E+00      -1  -0.868E-02   20.00  0.8833E-03  0.1060E+00
  53  -156.0000     -61.641 0.3497   0.9203E+01  0.4818E-03 -0.3731E+00  0.0000E+00      -1  -0.858E-02   20.00  0.8833E-03  0.1060E+00
  54  -159.0000     -58.759 0.3511   0.9690E+01  0.4774E-03 -0.3704E+00  0.0000E+00      -1  -0.852E-02   20.00  0.8833E-03  0.1060E+00
  55  -162.0000     -55.870 0.3524   0.1027E+02  0.4709E-03 -0.3677E+00  0.0000E+00      -1  -0.846E-02   20.00  0.8833E-03  0.1060E+00
  56  -165.0000     -52.974 0.3538   0.1085E+02  0.4644E-03 -0.3650E+00  0.0000E+00      -1  -0.840E-02   20.00  0.8833E-03  0.1060E+00
  57  -168.0000     -50.072 0.3551   0.1143E+02  0.4579E-03 -0.3619E+00  0.0000E+00      -1  -0.833E-02   20.00  0.8833E-03  0.1060E+00
  58  -171.0000     -47.164 0.3565   0.1204E+02  0.4510E-03 -0.3580E+00  0.0000E+00      -1  -0.824E-02   20.00  0.8833E-03  0.1060E+00
  59  -174.0000     -44.250 0.3578   0.1280E+02  0.4407E-03 -0.3560E+00  0.0000E+00      -1  -0.819E-02   20.00  0.8833E-03  0.1060E+00
  60  -177.0000     -41.331 0.3590   0.1357E+02  0.4305E-03 -0.3547E+00  0.0000E+00      -1  -0.816E-02   20.00  0.8833E-03  0.1060E+00
  61  -180.0000     -38.407 0.3603   0.1433E+02  0.4202E-03 -0.3542E+00  0.0000E+00      -1  -0.815E-02   20.00  0.8833E-03  0.1060E+00
  62  -183.0000     -35.479 0.3615   0.1525E+02  0.4070E-03 -0.3532E+00  0.0000E+00      -1  -0.813E-02   20.00  0.8833E-03  0.1060E+00
  63  -186.0000     -32.546 0.3627   0.1622E+02  0.3929E-03 -0.3485E+00  0.0000E+00      -1  -0.802E-02   20.00  0.8833E-03  0.1060E+00
  64  -189.0000     -29.608 0.3638   0.1721E+02  0.3784E-03 -0.3478E+00  0.0000E+00      -1  -0.800E-02   20.00  0.8833E-03  0.1060E+00
  65  -192.0000     -26.667 0.3649   0.1841E+02  0.3603E-03 -0.3461E+00  0.0000E+00      -1  -0.796E-02   20.00  0.8833E-03  0.1060E+00
  66  -195.0000     -23.721 0.3660   0.1960E+02  0.3421E-03 -0.3437E+00  0.0000E+00      -1  -0.791E-02   20.00  0.8833E-03  0.1060E+00
  67  -198.0000     -20.772 0.3669   0.2103E+02  0.3201E-03 -0.3434E+00  0.0000E+00      -1  -0.790E-02   20.00  0.8833E-03  0.1060E+00
  68  -201.0000     -17.819 0.3678   0.2255E+02  0.2968E-03 -0.3423E+00  0.0000E+00      -1  -0.788E-02   20.00  0.8833E-03  0.1060E+00
  69  -204.0000     -14.863 0.3687   0.2425E+02  0.2707E-03 -0.3441E+00  0.0000E+00      -1  -0.792E-02   20.00  0.8833E-03  0.1060E+00
  70  -207.0000     -11.904 0.3695   0.2623E+02  0.2405E-03 -0.3414E+00  0.0000E+00      -1  -0.786E-02   20.00  0.8833E-03  0.1060E+00
  71  -210.0000      -8.941 0.3701   0.2856E+02  0.2057E-03 -0.3387E+00  0.0000E+00      -1  -0.779E-02   20.00  0.8833E-03  0.1060E+00
  72  -213.0000      -5.975 0.3707   0.3135E+02  0.1645E-03 -0.3413E+00  0.0000E+00      -1  -0.785E-02   20.00  0.8833E-03  0.1060E+00
  73  -216.0000      -3.006 0.3711   0.3507E+02  0.1116E-03 -0.3403E+00  0.0000E+00      -1  -0.783E-02   20.00  0.8833E-03  0.1060E+00
  74  -219.0000      -0.032 0.3713   0.4281E+02  0.8333E-05 -0.3413E+00  0.0000E+00      -1  -0.785E-02   20.00  0.8833E-03  0.1060E+00
  75  -222.0000       2.944 0.3713   0.4346E+02  0.0000E+00 -0.3391E+00  0.0000E+00      -1  -0.780E-02   20.00  0.8833E-03  0.1060E+00
  76  -225.0000       5.921 0.3713   0.4346E+02  0.0000E+00 -0.3405E+00  0.0000E+00      -1  -0.783E-02   20.00  0.8833E-03  0.1060E+00
  77  -228.0000       8.897 0.3713   0.4346E+02  0.0000E+00 -0.3405E+00  0.0000E+00      -1  -0.783E-02   20.00  0.8833E-03  0.1060E+00
  78  -231.0000      11.874 0.3713   0.4346E+02  0.0000E+00 -0.3405E+00  0.0000E+00      -1  -0.783E-02   20.00  0.8833E-03  0.1060E+00
  79  -234.0000      14.850 0.3713   0.4346E+02  0.0000E+00 -0.3405E+00  0.0000E+00      -1  -0.783E-02   20.00  0.8833E-03  0.1060E+00
  80  -237.0000      17.827 0.3713   0.4346E+02  0.0000E+00 -0.3405E+00  0.0000E+00      -1  -0.783E-02   20.00  0.8833E-03  0.1060E+00
  81  -240.0000      20.803 0.3713   0.4346E+02  0.0000E+00 -0.3404E+00  0.0000E+00      -1  -0.783E-02   20.00  0.8833E-03  0.1060E+00
  82  -243.0000      23.780 0.3713   0.4346E+02  0.0000E+00 -0.3332E+00  0.0000E+00      -1  -0.767E-02   20.00  0.8833E-03  0.1060E+00
  83  -246.0000      26.757 0.3713   0.4346E+02  0.0000E+00 -0.3405E+00  0.0000E+00      -1  -0.783E-02   20.00  0.8833E-03  0.1060E+00
  84  -249.0000      29.733 0.3713   0.4346E+02  0.0000E+00 -0.3405E+00  0.0000E+00      -1  -0.783E-02   20.00  0.8833E-03  0.1060E+00
  85  -252.0000      32.710 0.3713   0.4346E+02  0.0000E+00 -0.3404E+00  0.0000E+00      -1  -0.783E-02   20.00  0.8833E-03  0.1060E+00
  86  -255.0000      35.686 0.3713   0.4346E+02  0.0000E+00 -0.3405E+00  0.0000E+00      -1  -0.783E-02   20.00  0.8833E-03  0.1060E+00
  87  -258.0000      38.663 0.3713   0.4346E+02  0.0000E+00 -0.3405E+00  0.0000E+00      -1  -0.783E-02   20.00  0.8833E-03  0.1060E+00
  88  -261.0000      41.639 0.3713   0.4346E+02  0.0000E+00 -0.3404E+00  0.0000E+00      -1  -0.783E-02   20.00  0.8833E-03  0.1060E+00
  89  -264.0000      44.616 0.3713   0.4346E+02  0.0000E+00 -0.3405E+00  0.0000E+00      -1  -0.783E-02   20.00  0.8833E-03  0.1060E+00
  90  -267.0000      47.592 0.3713   0.4346E+02  0.0000E+00 -0.3405E+00  0.0000E+00      -1  -0.783E-02   20.00  0.8833E-03  0.1060E+00
  91  -270.0000      50.569 0.3713   0.4346E+02  0.0000E+00 -0.3405E+00  0.0000E+00      -1  -0.783E-02   20.00  0.8833E-03  0.1060E+00
  92  -273.0000      53.545 0.3713   0.4346E+02  0.0000E+00 -0.3405E+00  0.0000E+00      -1  -0.783E-02   20.00  0.8833E-03  0.1060E+00
  93  -276.0000      56.522 0.3713   0.4346E+02  0.0000E+00 -0.3332E+00  0.0000E+00      -1  -0.767E-02   20.00  0.8833E-03  0.1060E+00
  94  -279.0000      59.499 0.3713   0.4346E+02  0.0000E+00 -0.3405E+00  0.0000E+00      -1  -0.783E-02   20.00  0.8833E-03  0.1060E+00
  95  -282.0000      62.475 0.3713   0.4346E+02  0.0000E+00 -0.3404E+00  0.0000E+00      -1  -0.783E-02   20.00  0.8833E-03  0.1060E+00
  96  -285.0000      65.452 0.3713   0.4346E+02  0.0000E+00 -0.3404E+00  0.0000E+00      -1  -0.783E-02   20.00  0.8833E-03  0.1060E+00
  97  -288.0000      68.428 0.3713   0.4346E+02  0.0000E+00 -0.3405E+00  0.0000E+00      -1  -0.783E-02   20.00  0.8834E-03  0.1060E+00
  98  -291.0000      71.405 0.3713   0.4346E+02  0.0000E+00 -0.3405E+00  0.0000E+00      -1  -0.783E-02   20.00  0.8833E-03  0.1060E+00
  99  -294.0000      74.381 0.3713   0.4346E+02  0.0000E+00 -0.3404E+00  0.0000E+00      -1  -0.783E-02   20.00  0.8825E-03  0.1059E+00
 100  -297.0000      77.358 0.3713   0.4346E+02  0.0000E+00 -0.3404E+00  0.0000E+00      -1  -0.783E-02   20.00  0.8805E-03  0.1057E+00
 101  -300.0000      80.334 0.3713   0.4346E+02  0.0000E+00 -0.3477E+00  0.0000E+00      -1  -0.800E-02   20.00  0.8805E-03  0.1055E+00
end


 Time:        1.0000


 Node      Depth      Head Moisture       K          C         Flux        Sink         Kappa   v/KsTop   Temp   Conc(1..NS) Sorb(1...NS)
           [L]        [L]    [-]        [L/T]      [1/L]      [L/T]        [1/T]         [-]      [-]      [C]      [M/L*3]

   1     0.0000    -168.708 0.2991   0.1855E+01  0.4214E-03  0.6409E-02  0.0000E+00      -1   0.147E-03   20.00  0.8451E-03  0.1014E+00
   2    -3.0000    -165.791 0.3004   0.1920E+01  0.4252E-03 -0.1097E+00  0.0000E+00      -1  -0.252E-02   20.00  0.8623E-03  0.1035E+00
   3    -6.0000    -163.048 0.3015   0.1981E+01  0.4288E-03 -0.2222E+00  0.0000E+00      -1  -0.511E-02   20.00  0.8727E-03  0.1047E+00
   4    -9.0000    -160.462 0.3026   0.2039E+01  0.4322E-03 -0.3289E+00  0.1095E-02      -1  -0.757E-02   20.00  0.8787E-03  0.1055E+00
   5   -12.0000    -158.014 0.3036   0.2094E+01  0.4354E-03 -0.4290E+00  0.1096E-02      -1  -0.987E-02   20.00  0.8821E-03  0.1059E+00
   6   -15.0000    -155.690 0.3046   0.2146E+01  0.4384E-03 -0.5239E+00  0.1096E-02      -1  -0.121E-01   20.00  0.8832E-03  0.1060E+00
   7   -18.0000    -153.478 0.3055   0.2196E+01  0.4413E-03 -0.6148E+00  0.1096E-02      -1  -0.141E-01   20.00  0.8833E-03  0.1060E+00
   8   -21.0000    -151.368 0.3064   0.2253E+01  0.4440E-03 -0.7044E+00  0.1097E-02      -1  -0.162E-01   20.00  0.8833E-03  0.1060E+00
   9   -24.0000    -149.348 0.3074   0.2334E+01  0.4463E-03 -0.7910E+00  0.1086E-02      -1  -0.182E-01   20.00  0.8833E-03  0.1060E+00
  10   -27.0000    -147.400 0.3083   0.2412E+01  0.4486E-03 -0.8714E+00  0.1029E-02      -1  -0.201E-01   20.00  0.8833E-03  0.1060E+00
  11   -30.0000    -145.515 0.3091   0.2487E+01  0.4508E-03 -0.9460E+00  0.9718E-03      -1  -0.218E-01   20.00  0.8833E-03  0.1060E+00
  12   -33.0000    -143.682 0.3100   0.2560E+01  0.4529E-03 -0.1015E+01  0.9148E-03      -1  -0.234E-01   20.00  0.8833E-03  0.1060E+00
  13   -36.0000    -141.893 0.3108   0.2632E+01  0.4550E-03 -0.1078E+01  0.8578E-03      -1  -0.248E-01   20.00  0.8834E-03  0.1060E+00
  14   -39.0000    -140.140 0.3116   0.2702E+01  0.4570E-03 -0.1136E+01  0.8008E-03      -1  -0.261E-01   20.00  0.8834E-03  0.1060E+00
  15   -42.0000    -138.416 0.3124   0.2771E+01  0.4590E-03 -0.1189E+01  0.7437E-03      -1  -0.273E-01   20.00  0.8834E-03  0.1060E+00
  16   -45.0000    -136.714 0.3132   0.2839E+01  0.4610E-03 -0.1236E+01  0.6867E-03      -1  -0.284E-01   20.00  0.8834E-03  0.1060E+00
  17   -48.0000    -135.028 0.3140   0.2906E+01  0.4629E-03 -0.1279E+01  0.6296E-03      -1  -0.294E-01   20.00  0.8834E-03  0.1060E+00
  18   -51.0000    -133.354 0.3148   0.2973E+01  0.4649E-03 -0.1317E+01  0.5724E-03      -1  -0.303E-01   20.00  0.8834E-03  0.1060E+00
  19   -54.0000    -131.687 0.3155   0.3039E+01  0.4668E-03 -0.1351E+01  0.5153E-03      -1  -0.311E-01   20.00  0.8834E-03  0.1060E+00
  20   -57.0000    -130.022 0.3163   0.3106E+01  0.4687E-03 -0.1381E+01  0.4581E-03      -1  -0.318E-01   20.00  0.8834E-03  0.1060E+00
  21   -60.0000    -128.355 0.3171   0.3172E+01  0.4707E-03 -0.1407E+01  0.4009E-03      -1  -0.324E-01   20.00  0.8834E-03  0.1060E+00
  22   -63.0000    -126.683 0.3178   0.3239E+01  0.4726E-03 -0.1429E+01  0.3437E-03      -1  -0.329E-01   20.00  0.8834E-03  0.1060E+00
  23   -66.0000    -125.002 0.3186   0.3306E+01  0.4745E-03 -0.1448E+01  0.2864E-03      -1  -0.333E-01   20.00  0.8834E-03  0.1060E+00
  24   -69.0000    -123.311 0.3194   0.3373E+01  0.4765E-03 -0.1464E+01  0.2292E-03      -1  -0.337E-01   20.00  0.8834E-03  0.1060E+00
  25   -72.0000    -121.606 0.3202   0.3441E+01  0.4785E-03 -0.1476E+01  0.1719E-03      -1  -0.340E-01   20.00  0.8834E-03  0.1060E+00
  26   -75.0000    -119.882 0.3210   0.3525E+01  0.4802E-03 -0.1487E+01  0.1146E-03      -1  -0.342E-01   20.00  0.8834E-03  0.1060E+00
  27   -78.0000    -118.131 0.3219   0.3641E+01  0.4814E-03 -0.1495E+01  0.5732E-04      -1  -0.344E-01   20.00  0.8834E-03  0.1060E+00
  28   -81.0000    -116.346 0.3227   0.3759E+01  0.4827E-03 -0.1501E+01  0.0000E+00      -1  -0.345E-01   20.00  0.8834E-03  0.1060E+00
  29   -84.0000    -114.527 0.3236   0.3879E+01  0.4840E-03 -0.1505E+01  0.0000E+00      -1  -0.346E-01   20.00  0.8834E-03  0.1060E+00
  30   -87.0000    -112.674 0.3245   0.4001E+01  0.4853E-03 -0.1507E+01  0.0000E+00      -1  -0.347E-01   20.00  0.8834E-03  0.1060E+00
  31   -90.0000    -110.787 0.3255   0.4125E+01  0.4867E-03 -0.1507E+01  0.0000E+00      -1  -0.347E-01   20.00  0.8834E-03  0.1060E+00
  32   -93.0000    -108.866 0.3264   0.4252E+01  0.4880E-03 -0.1505E+01  0.0000E+00      -1  -0.346E-01   20.00  0.8834E-03  0.1060E+00
  33   -96.0000    -106.911 0.3274   0.4381E+01  0.4894E-03 -0.1502E+01  0.0000E+00      -1  -0.346E-01   20.00  0.8834E-03  0.1060E+00
  34   -99.0000    -104.923 0.3283   0.4512E+01  0.4908E-03 -0.1498E+01  0.0000E+00      -1  -0.345E-01   20.00  0.8834E-03  0.1060E+00
  35  -102.0000    -102.902 0.3293   0.4645E+01  0.4922E-03 -0.1492E+01  0.0000E+00      -1  -0.343E-01   20.00  0.8833E-03  0.1060E+00
  36  -105.0000    -100.850 0.3303   0.4781E+01  0.4937E-03 -0.1486E+01  0.0000E+00      -1  -0.342E-01   20.00  0.8833E-03  0.1060E+00
  37  -108.0000     -98.768 0.3313   0.4918E+01  0.4952E-03 -0.1479E+01  0.0000E+00      -1  -0.340E-01   20.00  0.8833E-03  0.1060E+00
  38  -111.0000     -96.655 0.3324   0.5057E+01  0.4967E-03 -0.1471E+01  0.0000E+00      -1  -0.339E-01   20.00  0.8833E-03  0.1060E+00
  39  -114.0000     -94.511 0.3334   0.5233E+01  0.4975E-03 -0.1463E+01  0.0000E+00      -1  -0.337E-01   20.00  0.8833E-03  0.1060E+00
  40  -117.0000     -92.330 0.3345   0.5454E+01  0.4974E-03 -0.1455E+01  0.0000E+00      -1  -0.335E-01   20.00  0.8833E-03  0.1060E+00
  41  -120.0000     -90.112 0.3356   0.5680E+01  0.4973E-03 -0.1445E+01  0.0000E+00      -1  -0.333E-01   20.00  0.8833E-03  0.1060E+00
  42  -123.0000     -87.858 0.3367   0.5909E+01  0.4972E-03 -0.1436E+01  0.0000E+00      -1  -0.330E-01   20.00  0.8833E-03  0.1060E+00
  43  -126.0000     -85.570 0.3379   0.6141E+01  0.4971E-03 -0.1427E+01  0.0000E+00      -1  -0.328E-01   20.00  0.8833E-03  0.1060E+00
  44  -129.0000     -83.252 0.3390   0.6376E+01  0.4970E-03 -0.1417E+01  0.0000E+00      -1  -0.326E-01   20.00  0.8833E-03  0.1060E+00
  45  -132.0000     -80.904 0.3402   0.6615E+01  0.4969E-03 -0.1407E+01  0.0000E+00      -1  -0.324E-01   20.00  0.8833E-03  0.1060E+00
  46  -135.0000     -78.529 0.3414   0.6856E+01  0.4967E-03 -0.1398E+01  0.0000E+00      -1  -0.322E-01   20.00  0.8833E-03  0.1060E+00
  47  -138.0000     -76.128 0.3426   0.7100E+01  0.4966E-03 -0.1388E+01  0.0000E+00      -1  -0.319E-01   20.00  0.8833E-03  0.1060E+00
  48  -141.0000     -73.699 0.3438   0.7435E+01  0.4946E-03 -0.1379E+01  0.0000E+00      -1  -0.317E-01   20.00  0.8833E-03  0.1060E+00
  49  -144.0000     -71.241 0.3450   0.7796E+01  0.4920E-03 -0.1370E+01  0.0000E+00      -1  -0.315E-01   20.00  0.8833E-03  0.1060E+00
  50  -147.0000     -68.754 0.3462   0.8161E+01  0.4893E-03 -0.1361E+01  0.0000E+00      -1  -0.313E-01   20.00  0.8833E-03  0.1060E+00
  51  -150.0000     -66.242 0.3474   0.8529E+01  0.4867E-03 -0.1353E+01  0.0000E+00      -1  -0.311E-01   20.00  0.8833E-03  0.1060E+00
  52  -153.0000     -63.706 0.3487   0.8901E+01  0.4840E-03 -0.1344E+01  0.0000E+00      -1  -0.309E-01   20.00  0.8833E-03  0.1060E+00
  53  -156.0000     -61.149 0.3499   0.9276E+01  0.4813E-03 -0.1336E+01  0.0000E+00      -1  -0.307E-01   20.00  0.8833E-03  0.1060E+00
  54  -159.0000     -58.569 0.3512   0.9729E+01  0.4769E-03 -0.1329E+01  0.0000E+00      -1  -0.306E-01   20.00  0.8833E-03  0.1060E+00
  55  -162.0000     -55.967 0.3524   0.1025E+02  0.4711E-03 -0.1321E+01  0.0000E+00      -1  -0.304E-01   20.00  0.8833E-03  0.1060E+00
  56  -165.0000     -53.343 0.3536   0.1078E+02  0.4652E-03 -0.1314E+01  0.0000E+00      -1  -0.302E-01   20.00  0.8833E-03  0.1060E+00
  57  -168.0000     -50.699 0.3548   0.1131E+02  0.4593E-03 -0.1308E+01  0.0000E+00      -1  -0.301E-01   20.00  0.8833E-03  0.1060E+00
  58  -171.0000     -48.037 0.3561   0.1184E+02  0.4534E-03 -0.1301E+01  0.0000E+00      -1  -0.299E-01   20.00  0.8833E-03  0.1060E+00
  59  -174.0000     -45.357 0.3573   0.1251E+02  0.4446E-03 -0.1295E+01  0.0000E+00      -1  -0.298E-01   20.00  0.8833E-03  0.1060E+00
  60  -177.0000     -42.658 0.3585   0.1322E+02  0.4351E-03 -0.1290E+01  0.0000E+00      -1  -0.297E-01   20.00  0.8833E-03  0.1060E+00
  61  -180.0000     -39.943 0.3596   0.1393E+02  0.4256E-03 -0.1285E+01  0.0000E+00      -1  -0.296E-01   20.00  0.8833E-03  0.1060E+00
  62  -183.0000     -37.212 0.3608   0.1468E+02  0.4154E-03 -0.1280E+01  0.0000E+00      -1  -0.294E-01   20.00  0.8833E-03  0.1060E+00
  63  -186.0000     -34.465 0.3619   0.1559E+02  0.4021E-03 -0.1275E+01  0.0000E+00      -1  -0.293E-01   20.00  0.8833E-03  0.1060E+00
  64  -189.0000     -31.703 0.3630   0.1650E+02  0.3888E-03 -0.1271E+01  0.0000E+00      -1  -0.292E-01   20.00  0.8833E-03  0.1060E+00
  65  -192.0000     -28.927 0.3641   0.1749E+02  0.3742E-03 -0.1267E+01  0.0000E+00      -1  -0.292E-01   20.00  0.8833E-03  0.1060E+00
  66  -195.0000     -26.137 0.3651   0.1862E+02  0.3570E-03 -0.1264E+01  0.0000E+00      -1  -0.291E-01   20.00  0.8833E-03  0.1060E+00
  67  -198.0000     -23.334 0.3661   0.1978E+02  0.3393E-03 -0.1261E+01  0.0000E+00      -1  -0.290E-01   20.00  0.8833E-03  0.1060E+00
  68  -201.0000     -20.519 0.3670   0.2116E+02  0.3182E-03 -0.1258E+01  0.0000E+00      -1  -0.289E-01   20.00  0.8833E-03  0.1060E+00
  69  -204.0000     -17.691 0.3679   0.2263E+02  0.2956E-03 -0.1256E+01  0.0000E+00      -1  -0.289E-01   20.00  0.8833E-03  0.1060E+00
  70  -207.0000     -14.852 0.3687   0.2426E+02  0.2705E-03 -0.1253E+01  0.0000E+00      -1  -0.288E-01   20.00  0.8833E-03  0.1060E+00
  71  -210.0000     -12.001 0.3694   0.2617E+02  0.2415E-03 -0.1251E+01  0.0000E+00      -1  -0.288E-01   20.00  0.8833E-03  0.1060E+00
  72  -213.0000      -9.138 0.3701   0.2838E+02  0.2082E-03 -0.1250E+01  0.0000E+00      -1  -0.288E-01   20.00  0.8833E-03  0.1060E+00
  73  -216.0000      -6.264 0.3706   0.3107E+02  0.1687E-03 -0.1249E+01  0.0000E+00      -1  -0.287E-01   20.00  0.8833E-03  0.1060E+00
  74  -219.0000      -3.378 0.3710   0.3454E+02  0.1191E-03 -0.1248E+01  0.0000E+00      -1  -0.287E-01   20.00  0.8833E-03  0.1060E+00
  75  -222.0000      -0.478 0.3713   0.4044E+02  0.3901E-04 -0.1247E+01  0.0000E+00      -1  -0.287E-01   20.00  0.8833E-03  0.1060E+00
  76  -225.0000       2.433 0.3713   0.4346E+02  0.0000E+00 -0.1247E+01  0.0000E+00      -1  -0.287E-01   20.00  0.8833E-03  0.1060E+00
  77  -228.0000       5.346 0.3713   0.4346E+02  0.0000E+00 -0.1247E+01  0.0000E+00      -1  -0.287E-01   20.00  0.8833E-03  0.1060E+00
  78  -231.0000       8.260 0.3713   0.4346E+02  0.0000E+00 -0.1247E+01  0.0000E+00      -1  -0.287E-01   20.00  0.8833E-03  0.1060E+00
  79  -234.0000      11.174 0.3713   0.4346E+02  0.0000E+00 -0.1247E+01  0.0000E+00      -1  -0.287E-01   20.00  0.8833E-03  0.1060E+00
  80  -237.0000      14.088 0.3713   0.4346E+02  0.0000E+00 -0.1247E+01  0.0000E+00      -1  -0.287E-01   20.00  0.8833E-03  0.1060E+00
  81  -240.0000      17.002 0.3713   0.4346E+02  0.0000E+00 -0.1247E+01  0.0000E+00      -1  -0.287E-01   20.00  0.8833E-03  0.1060E+00
  82  -243.0000      19.916 0.3713   0.4346E+02  0.0000E+00 -0.1247E+01  0.0000E+00      -1  -0.287E-01   20.00  0.8833E-03  0.1060E+00
  83  -246.0000      22.830 0.3713   0.4346E+02  0.0000E+00 -0.1247E+01  0.0000E+00      -1  -0.287E-01   20.00  0.8833E-03  0.1060E+00
  84  -249.0000      25.744 0.3713   0.4346E+02  0.0000E+00 -0.1247E+01  0.0000E+00      -1  -0.287E-01   20.00  0.8833E-03  0.1060E+00
  85  -252.0000      28.658 0.3713   0.4346E+02  0.0000E+00 -0.1247E+01  0.0000E+00      -1  -0.287E-01   20.00  0.8833E-03  0.1060E+00
  86  -255.0000      31.572 0.3713   0.4346E+02  0.0000E+00 -0.1247E+01  0.0000E+00      -1  -0.287E-01   20.00  0.8833E-03  0.1060E+00
  87  -258.0000      34.486 0.3713   0.4346E+02  0.0000E+00 -0.1247E+01  0.0000E+00      -1  -0.287E-01   20.00  0.8833E-03  0.1060E+00
  88  -261.0000      37.400 0.3713   0.4346E+02  0.0000E+00 -0.1247E+01  0.0000E+00      -1  -0.287E-01   20.00  0.8833E-03  0.1060E+00
  89  -264.0000      40.314 0.3713   0.4346E+02  0.0000E+00 -0.1247E+01  0.0000E+00      -1  -0.287E-01   20.00  0.8833E-03  0.1060E+00
  90  -267.0000      43.227 0.3713   0.4346E+02  0.0000E+00 -0.1247E+01  0.0000E+00      -1  -0.287E-01   20.00  0.8833E-03  0.1060E+00
  91  -270.0000      46.141 0.3713   0.4346E+02  0.0000E+00 -0.1247E+01  0.0000E+00      -1  -0.287E-01   20.00  0.8833E-03  0.1060E+00
  92  -273.0000      49.055 0.3713   0.4346E+02  0.0000E+00 -0.1247E+01  0.0000E+00      -1  -0.287E-01   20.00  0.8833E-03  0.1060E+00
  93  -276.0000      51.969 0.3713   0.4346E+02  0.0000E+00 -0.1247E+01  0.0000E+00      -1  -0.287E-01   20.00  0.8833E-03  0.1060E+00
  94  -279.0000      54.883 0.3713   0.4346E+02  0.0000E+00 -0.1247E+01  0.0000E+00      -1  -0.287E-01   20.00  0.8833E-03  0.1060E+00
  95  -282.0000      57.797 0.3713   0.4346E+02  0.0000E+00 -0.1247E+01  0.0000E+00      -1  -0.287E-01   20.00  0.8833E-03  0.1060E+00
  96  -285.0000      60.711 0.3713   0.4346E+02  0.0000E+00 -0.1247E+01  0.0000E+00      -1  -0.287E-01   20.00  0.8833E-03  0.1060E+00
  97  -288.0000      63.625 0.3713   0.4346E+02  0.0000E+00 -0.1247E+01  0.0000E+00      -1  -0.287E-01   20.00  0.8833E-03  0.1060E+00
  98  -291.0000      66.539 0.3713   0.4346E+02  0.0000E+00 -0.1247E+01  0.0000E+00      -1  -0.287E-01   20.00  0.8832E-03  0.1060E+00
  99  -294.0000      69.453 0.3713   0.4346E+02  0.0000E+00 -0.1247E+01  0.0000E+00      -1  -0.287E-01   20.00  0.8824E-03  0.1059E+00
 100  -297.0000      72.367 0.3713   0.4346E+02  0.0000E+00 -0.1247E+01  0.0000E+00      -1  -0.287E-01   20.00  0.8809E-03  0.1057E+00
 101  -300.0000      75.281 0.3713   0.4346E+02  0.0000E+00 -0.1247E+01  0.0000E+00      -1  -0.287E-01   20.00  0.8809E-03  0.1056E+00
end
