 All solute fluxes and cumulative solute fluxes are positive into the region

       Time         cvTop        cvBot      Sum(cvTop)   Sum(cvBot)     cvCh0        cvCh1         cTop        cRoot         cBot        cvRoot    Sum(cvRoot)  Sum(cvNEql) TLevel      cGWL        cRunOff   Sum(cRunOff)    (cv(i),    Sum(cv(i)), i=1,NObs)
        [T]        [M/L2/T]     [M/L2/T]      [M/L2]       [M/L2]       [M/L2]      [M/L2]        [M/L3]      [M/L3]        [M/L3]      [M/L2/T]      [M/L2]       [M/L2]              [M/L3]        [M/L2]      [M/L3]      [M/L2/T]      [M/L2]
        0.0100  0.00000E+00 -0.25489E-04  0.00000E+00 -0.25489E-06  0.00000E+00  0.00000E+00  0.10169E-02  0.91351E-03  0.87356E-03  0.14958E-03  0.14958E-05 -0.66404E-05       1  0.88309E-03  0.00000E+00  0.00000E+00  0.24347E-04  0.24347E-06 -0.64371E-03 -0.64371E-05 -0.40949E-03 -0.40949E-05
        0.0230  0.00000E+00  0.00000E+00  0.00000E+00 -0.25489E-06  0.00000E+00  0.00000E+00  0.10170E-02  0.91351E-03  0.87109E-03  0.14958E-03  0.34403E-05 -0.15361E-04       2  0.88306E-03  0.00000E+00  0.00000E+00  0.24085E-04  0.55657E-06 -0.60323E-03 -0.14279E-04 -0.39017E-03 -0.91671E-05
        0.0399  0.00000E+00  0.00000E+00  0.00000E+00 -0.25489E-06  0.00000E+00  0.00000E+00  0.10170E-02  0.91351E-03  0.87252E-03  0.14958E-03  0.59681E-05 -0.23731E-04       3  0.88309E-03  0.00000E+00  0.00000E+00  0.23742E-04  0.95782E-06 -0.55007E-03 -0.23575E-04 -0.36335E-03 -0.15308E-04
        0.0619  0.00000E+00  0.00000E+00  0.00000E+00 -0.25489E-06  0.00000E+00  0.00000E+00  0.10170E-02  0.91351E-03  0.87283E-03  0.14958E-03  0.92543E-05 -0.32328E-04       4  0.88309E-03  0.00000E+00  0.00000E+00  0.23045E-04  0.14641E-05 -0.49602E-03 -0.34473E-04 -0.33355E-03 -0.22636E-04
        0.0904  0.00000E+00  0.00000E+00  0.00000E+00 -0.25489E-06  0.00000E+00  0.00000E+00  0.10170E-02  0.91351E-03  0.87343E-03  0.14958E-03  0.13526E-04 -0.40911E-04       5  0.88310E-03  0.00000E+00  0.00000E+00  0.21702E-04  0.20839E-05 -0.43755E-03 -0.46970E-04 -0.29906E-03 -0.31177E-04
        0.1276  0.00000E+00  0.00000E+00  0.00000E+00 -0.25489E-06  0.00000E+00  0.00000E+00  0.10169E-02  0.91351E-03  0.87384E-03  0.14958E-03  0.19080E-04 -0.49147E-04       6  0.88311E-03  0.00000E+00  0.00000E+00  0.19304E-04  0.28007E-05 -0.37879E-03 -0.61034E-04 -0.26150E-03 -0.40887E-04
        0.1758  0.00000E+00  0.00000E+00  0.00000E+00 -0.25489E-06  0.00000E+00  0.00000E+00  0.10169E-02  0.91351E-03  0.87433E-03  0.14958E-03  0.26300E-04 -0.56582E-04       7  0.88312E-03  0.00000E+00  0.00000E+00  0.15301E-04  0.35393E-05 -0.31928E-03 -0.76445E-04 -0.22131E-03 -0.51569E-04
        0.2258  0.00000E+00  0.00000E+00  0.00000E+00 -0.25489E-06  0.00000E+00  0.00000E+00  0.10169E-02  0.91350E-03  0.87466E-03  0.14958E-03  0.33778E-04 -0.61761E-04       8  0.88312E-03  0.00000E+00  0.00000E+00  0.10466E-04  0.40626E-05 -0.27070E-03 -0.89980E-04 -0.18703E-03 -0.60920E-04
        0.2758  0.00000E+00 -0.57900E-05  0.00000E+00 -0.54439E-06  0.00000E+00  0.00000E+00  0.10169E-02  0.91350E-03  0.88045E-03  0.14958E-03  0.41257E-04 -0.50463E-04       9  0.88318E-03  0.00000E+00  0.00000E+00  0.20086E-04  0.50669E-05 -0.22835E-03 -0.10140E-03 -0.15823E-03 -0.68832E-04
        0.3258  0.00000E+00 -0.25976E-04  0.00000E+00 -0.18432E-05  0.00000E+00  0.00000E+00  0.10174E-02  0.91350E-03  0.88010E-03  0.14958E-03  0.48736E-04 -0.24298E-04      10  0.88317E-03  0.00000E+00  0.00000E+00  0.73019E-04  0.87179E-05 -0.17760E-03 -0.11028E-03 -0.12865E-03 -0.75264E-04
        0.3758  0.00000E+00 -0.50496E-04  0.00000E+00 -0.43680E-05  0.00000E+00  0.00000E+00  0.10179E-02  0.91351E-03  0.88036E-03  0.14958E-03  0.56215E-04  0.98039E-05      11  0.88318E-03  0.00000E+00  0.00000E+00  0.11635E-03  0.14536E-04 -0.12303E-03 -0.11643E-03 -0.88930E-04 -0.79711E-04
        0.4258  0.00000E+00 -0.67037E-04  0.00000E+00 -0.77198E-05  0.00000E+00  0.00000E+00  0.10183E-02  0.91354E-03  0.88020E-03  0.14958E-03  0.63694E-04  0.52569E-04      12  0.88317E-03  0.00000E+00  0.00000E+00  0.14708E-03  0.21889E-04 -0.67385E-04 -0.11980E-03 -0.45566E-04 -0.81989E-04
        0.4758  0.00000E+00 -0.76522E-04  0.00000E+00 -0.11546E-04  0.00000E+00  0.00000E+00  0.10185E-02  0.91355E-03  0.88032E-03  0.14958E-03  0.71173E-04  0.99694E-04      13  0.88318E-03  0.00000E+00  0.00000E+00  0.16251E-03  0.30015E-04 -0.12378E-04 -0.12042E-03 -0.15500E-05 -0.82067E-04
        0.5258  0.00000E+00 -0.79735E-04  0.00000E+00 -0.15533E-04  0.00000E+00  0.00000E+00  0.10186E-02  0.91357E-03  0.88024E-03  0.14959E-03  0.78652E-04  0.14939E-03      14  0.88317E-03  0.00000E+00  0.00000E+00  0.16190E-03  0.38110E-04 -0.13558E-04 -0.12110E-03  0.36661E-04 -0.80234E-04
        0.5758  0.00000E+00 -0.77544E-04  0.00000E+00 -0.19410E-04  0.00000E+00  0.00000E+00  0.10185E-02  0.91357E-03  0.88030E-03  0.14959E-03  0.86131E-04  0.19724E-03      15  0.88318E-03  0.00000E+00  0.00000E+00  0.14522E-03  0.45371E-04 -0.14458E-04 -0.12182E-03  0.67881E-04 -0.76840E-04
        0.6258  0.00000E+00 -0.70735E-04  0.00000E+00 -0.22947E-04  0.00000E+00  0.00000E+00  0.10182E-02  0.91357E-03  0.88025E-03  0.14959E-03  0.93611E-04  0.24069E-03      16  0.88317E-03  0.00000E+00  0.00000E+00  0.11383E-03  0.51062E-04 -0.14997E-04 -0.12257E-03  0.89321E-04 -0.72373E-04
        0.6758  0.00000E+00 -0.60421E-04  0.00000E+00 -0.25968E-04  0.00000E+00  0.00000E+00  0.10178E-02  0.91356E-03  0.88028E-03  0.14958E-03  0.10109E-03  0.27623E-03      17  0.88318E-03  0.00000E+00  0.00000E+00  0.70098E-04  0.54567E-04 -0.15182E-04 -0.12333E-03  0.99552E-04 -0.67396E-04
        0.7258  0.00000E+00 -0.47967E-04  0.00000E+00 -0.28366E-04  0.00000E+00  0.00000E+00  0.10173E-02  0.91355E-03  0.88025E-03  0.14958E-03  0.10857E-03  0.30205E-03      18  0.88317E-03  0.00000E+00  0.00000E+00  0.17593E-04  0.55447E-04 -0.14947E-04 -0.12407E-03  0.97491E-04 -0.62521E-04
        0.7758  0.00000E+00 -0.34636E-04  0.00000E+00 -0.30098E-04  0.00000E+00  0.00000E+00  0.10172E-02  0.91353E-03  0.88026E-03  0.14958E-03  0.11605E-03  0.31783E-03      19  0.88318E-03  0.00000E+00  0.00000E+00  0.10138E-04  0.55954E-04 -0.14728E-04 -0.12481E-03  0.85565E-04 -0.58243E-04
        0.8258  0.00000E+00 -0.21501E-04  0.00000E+00 -0.31173E-04  0.00000E+00  0.00000E+00  0.10172E-02  0.91351E-03  0.88025E-03  0.14958E-03  0.12353E-03  0.33073E-03      20  0.88317E-03  0.00000E+00  0.00000E+00  0.14847E-04  0.56696E-04 -0.14535E-04 -0.12554E-03  0.75460E-04 -0.54470E-04
        0.8758  0.00000E+00 -0.93402E-05  0.00000E+00 -0.31640E-04  0.00000E+00  0.00000E+00  0.10173E-02  0.91351E-03  0.88025E-03  0.14958E-03  0.13101E-03  0.34347E-03      21  0.88318E-03  0.00000E+00  0.00000E+00  0.18868E-04  0.57639E-04 -0.14375E-04 -0.12626E-03  0.67342E-04 -0.51103E-04
        0.9258  0.00000E+00 -0.18003E-05  0.00000E+00 -0.31730E-04  0.00000E+00  0.00000E+00  0.10173E-02  0.91351E-03  0.87454E-03  0.14958E-03  0.13848E-03  0.34053E-03      22  0.88311E-03  0.00000E+00  0.00000E+00  0.21748E-04  0.58727E-04 -0.14233E-04 -0.12697E-03  0.61351E-04 -0.48035E-04
        0.9629  0.00000E+00  0.00000E+00  0.00000E+00 -0.31730E-04  0.00000E+00  0.00000E+00  0.10173E-02  0.91351E-03  0.87765E-03  0.14958E-03  0.14403E-03  0.33526E-03      23  0.88316E-03  0.00000E+00  0.00000E+00  0.23018E-04  0.59581E-04 -0.14135E-04 -0.12749E-03  0.57679E-04 -0.45896E-04
        1.0000  0.00000E+00  0.00000E+00  0.00000E+00 -0.31730E-04  0.00000E+00  0.00000E+00  0.10174E-02  0.91351E-03  0.87594E-03  0.14958E-03  0.14958E-03  0.33222E-03      24  0.88313E-03  0.00000E+00  0.00000E+00  0.23432E-04  0.60450E-04 -0.14048E-04 -0.12801E-03  0.54762E-04 -0.43865E-04
end
