 All solute fluxes and cumulative solute fluxes are positive into the region

       Time         cvTop        cvBot      Sum(cvTop)   Sum(cvBot)     cvCh0        cvCh1         cTop        cRoot         cBot        cvRoot    Sum(cvRoot)  Sum(cvNEql) TLevel      cGWL        cRunOff   Sum(cRunOff)    (cv(i),    Sum(cv(i)), i=1,NObs)
        [T]        [M/L2/T]     [M/L2/T]      [M/L2]       [M/L2]       [M/L2]      [M/L2]        [M/L3]      [M/L3]        [M/L3]      [M/L2/T]      [M/L2]       [M/L2]              [M/L3]        [M/L2]      [M/L3]      [M/L2/T]      [M/L2]
        0.0100  0.00000E+00 -0.13085E-02  0.00000E+00 -0.13085E-04  0.00000E+00  0.00000E+00  0.10664E-02  0.10705E-02  0.88166E-03  0.87373E-05  0.87373E-07  0.60571E-05       1  0.88310E-03  0.00000E+00  0.00000E+00  0.13738E-03  0.13738E-05 -0.29214E-03 -0.29214E-05  0.83398E-04  0.83398E-06
        0.0200  0.00000E+00 -0.17181E-02  0.00000E+00 -0.30266E-04  0.00000E+00  0.00000E+00  0.10665E-02  0.10702E-02  0.88172E-03  0.87356E-05  0.17473E-06  0.90710E-05       2  0.88310E-03  0.00000E+00  0.00000E+00  0.12601E-03  0.26338E-05 -0.27959E-03 -0.57173E-05  0.79759E-04  0.16316E-05
        0.0330  0.00000E+00 -0.14878E-02  0.00000E+00 -0.49607E-04  0.00000E+00  0.00000E+00  0.10661E-02  0.10704E-02  0.88168E-03  0.87367E-05  0.28831E-06  0.94153E-05       3  0.88310E-03  0.00000E+00  0.00000E+00  0.97240E-04  0.38980E-05 -0.25989E-03 -0.90959E-05  0.73879E-04  0.25920E-05
        0.0499  0.00000E+00 -0.13126E-02  0.00000E+00 -0.71790E-04  0.00000E+00  0.00000E+00  0.10656E-02  0.10703E-02  0.88167E-03  0.87363E-05  0.43595E-06  0.99995E-05       4  0.88309E-03  0.00000E+00  0.00000E+00  0.37878E-04  0.45381E-05 -0.23316E-03 -0.13036E-04  0.66236E-04  0.37114E-05
        0.0719  0.00000E+00 -0.11914E-02  0.00000E+00 -0.97966E-04  0.00000E+00  0.00000E+00  0.10645E-02  0.10704E-02  0.88166E-03  0.87365E-05  0.62789E-06  0.89612E-05       5  0.88309E-03  0.00000E+00  0.00000E+00 -0.66251E-04  0.30826E-05 -0.18960E-03 -0.17202E-04  0.54594E-04  0.49108E-05
        0.1004  0.00000E+00 -0.10881E-02  0.00000E+00 -0.12904E-03  0.00000E+00  0.00000E+00  0.10628E-02  0.10704E-02  0.88165E-03  0.87364E-05  0.87741E-06  0.24810E-05       6  0.88309E-03  0.00000E+00  0.00000E+00 -0.22586E-03 -0.33682E-05 -0.11065E-03 -0.20362E-04  0.35148E-04  0.59147E-05
        0.1376  0.00000E+00 -0.99797E-03  0.00000E+00 -0.16610E-03  0.00000E+00  0.00000E+00  0.10604E-02  0.10704E-02  0.88164E-03  0.87365E-05  0.12018E-05 -0.17284E-04       7  0.88309E-03  0.00000E+00  0.00000E+00 -0.45598E-03 -0.20298E-04 -0.18460E-03 -0.27216E-04 -0.26164E-05  0.58175E-05
        0.1858  0.00000E+00 -0.91394E-03  0.00000E+00 -0.21021E-03  0.00000E+00  0.00000E+00  0.10573E-02  0.10703E-02  0.88164E-03  0.87362E-05  0.16235E-05 -0.67298E-04       8  0.88309E-03  0.00000E+00  0.00000E+00 -0.75805E-03 -0.56888E-04 -0.86254E-03 -0.68849E-04 -0.82368E-04  0.18418E-05
        0.2358  0.00000E+00 -0.83983E-03  0.00000E+00 -0.25220E-03  0.00000E+00  0.00000E+00  0.10545E-02  0.10702E-02  0.88163E-03  0.87356E-05  0.20602E-05 -0.14845E-03       9  0.88309E-03  0.00000E+00  0.00000E+00 -0.10504E-02 -0.10941E-03 -0.17920E-02 -0.15845E-03 -0.20596E-03 -0.84561E-05
        0.2858  0.00000E+00 -0.77909E-03  0.00000E+00 -0.29116E-03  0.00000E+00  0.00000E+00  0.10528E-02  0.10701E-02  0.88163E-03  0.87350E-05  0.24970E-05 -0.24968E-03      10  0.88309E-03  0.00000E+00  0.00000E+00 -0.12251E-02 -0.17066E-03 -0.27771E-02 -0.29730E-03 -0.36629E-03 -0.26771E-04
        0.3358  0.00000E+00 -0.72856E-03  0.00000E+00 -0.32758E-03  0.00000E+00  0.00000E+00  0.10522E-02  0.10701E-02  0.88163E-03  0.87347E-05  0.29337E-05 -0.35611E-03      11  0.88309E-03  0.00000E+00  0.00000E+00 -0.12793E-02 -0.23463E-03 -0.35905E-02 -0.47683E-03 -0.54441E-03 -0.53991E-04
        0.3858  0.00000E+00 -0.68556E-03  0.00000E+00 -0.36186E-03  0.00000E+00  0.00000E+00  0.10515E-02  0.10700E-02  0.88162E-03  0.87344E-05  0.33705E-05 -0.46531E-03      12  0.88309E-03  0.00000E+00  0.00000E+00 -0.13197E-02 -0.30062E-03 -0.42253E-02 -0.68810E-03 -0.71279E-03 -0.89631E-04
        0.4358  0.00000E+00 -0.64887E-03  0.00000E+00 -0.39431E-03  0.00000E+00  0.00000E+00  0.10511E-02  0.10699E-02  0.88162E-03  0.87339E-05  0.38072E-05 -0.57662E-03      13  0.88309E-03  0.00000E+00  0.00000E+00 -0.13443E-02 -0.36783E-03 -0.47637E-02 -0.92628E-03 -0.86521E-03 -0.13289E-03
        0.4858  0.00000E+00 -0.61783E-03  0.00000E+00 -0.42520E-03  0.00000E+00  0.00000E+00  0.10507E-02  0.10698E-02  0.88162E-03  0.87336E-05  0.42438E-05 -0.68774E-03      14  0.88309E-03  0.00000E+00  0.00000E+00 -0.13490E-02 -0.43528E-03 -0.51641E-02 -0.11845E-02 -0.10078E-02 -0.18328E-03
        0.5358  0.00000E+00 -0.59225E-03  0.00000E+00 -0.45481E-03  0.00000E+00  0.00000E+00  0.10506E-02  0.10697E-02  0.88162E-03  0.87331E-05  0.46805E-05 -0.79739E-03      15  0.88309E-03  0.00000E+00  0.00000E+00 -0.13352E-02 -0.50204E-03 -0.54287E-02 -0.14559E-02 -0.11304E-02 -0.23980E-03
        0.5858  0.00000E+00 -0.57213E-03  0.00000E+00 -0.48342E-03  0.00000E+00  0.00000E+00  0.10505E-02  0.10697E-02  0.88162E-03  0.87328E-05  0.51171E-05 -0.90337E-03      16  0.88309E-03  0.00000E+00  0.00000E+00 -0.13025E-02 -0.56717E-03 -0.55805E-02 -0.17350E-02 -0.12288E-02 -0.30124E-03
        0.6358  0.00000E+00 -0.55742E-03  0.00000E+00 -0.51129E-03  0.00000E+00  0.00000E+00  0.10506E-02  0.10696E-02  0.88162E-03  0.87325E-05  0.55537E-05 -0.10045E-02      17  0.88309E-03  0.00000E+00  0.00000E+00 -0.12540E-02 -0.62987E-03 -0.56266E-02 -0.20163E-02 -0.13024E-02 -0.36636E-03
        0.6858  0.00000E+00 -0.54809E-03  0.00000E+00 -0.53869E-03  0.00000E+00  0.00000E+00  0.10508E-02  0.10696E-02  0.88162E-03  0.87324E-05  0.59904E-05 -0.10995E-02      18  0.88309E-03  0.00000E+00  0.00000E+00 -0.11923E-02 -0.68948E-03 -0.55857E-02 -0.22956E-02 -0.13504E-02 -0.43388E-03
        0.7358  0.00000E+00 -0.54414E-03  0.00000E+00 -0.56590E-03  0.00000E+00  0.00000E+00  0.10511E-02  0.10696E-02  0.88163E-03  0.87322E-05  0.64270E-05 -0.11879E-02      19  0.88309E-03  0.00000E+00  0.00000E+00 -0.11223E-02 -0.74560E-03 -0.54736E-02 -0.25692E-02 -0.13762E-02 -0.50269E-03
        0.7858  0.00000E+00 -0.54546E-03  0.00000E+00 -0.59317E-03  0.00000E+00  0.00000E+00  0.10532E-02  0.10696E-02  0.88163E-03  0.87321E-05  0.68636E-05 -0.12485E-02      20  0.88309E-03  0.00000E+00  0.00000E+00 -0.84833E-03 -0.78801E-03 -0.49406E-02 -0.28163E-02 -0.13427E-02 -0.56982E-03
        0.8358  0.00000E+00 -0.55165E-03  0.00000E+00 -0.62075E-03  0.00000E+00  0.00000E+00  0.10554E-02  0.10698E-02  0.88163E-03  0.87333E-05  0.73002E-05 -0.12788E-02      21  0.88309E-03  0.00000E+00  0.00000E+00 -0.55532E-03 -0.81578E-03 -0.41806E-02 -0.30253E-02 -0.12524E-02 -0.63245E-03
        0.8858  0.00000E+00 -0.56217E-03  0.00000E+00 -0.64886E-03  0.00000E+00  0.00000E+00  0.10579E-02  0.10698E-02  0.88164E-03  0.87334E-05  0.77369E-05 -0.12872E-02      22  0.88309E-03  0.00000E+00  0.00000E+00 -0.26442E-03 -0.82900E-03 -0.33334E-02 -0.31920E-02 -0.11212E-02 -0.68850E-03
        0.9358  0.00000E+00 -0.57640E-03  0.00000E+00 -0.67768E-03  0.00000E+00  0.00000E+00  0.10601E-02  0.10700E-02  0.88164E-03  0.87345E-05  0.81736E-05 -0.12788E-02      23  0.88309E-03  0.00000E+00  0.00000E+00 -0.21654E-04 -0.83008E-03 -0.25568E-02 -0.33198E-02 -0.97504E-03 -0.73726E-03
        0.9679  0.00000E+00 -0.58995E-03  0.00000E+00 -0.69661E-03  0.00000E+00  0.00000E+00  0.10612E-02  0.10700E-02  0.88164E-03  0.87345E-05  0.84539E-05 -0.12705E-02      24  0.88309E-03  0.00000E+00  0.00000E+00  0.11532E-03 -0.82638E-03 -0.21187E-02 -0.33878E-02 -0.88191E-03 -0.76555E-03
        1.0000  0.00000E+00 -0.60167E-03  0.00000E+00 -0.71592E-03  0.00000E+00  0.00000E+00  0.10619E-02  0.10701E-02  0.88164E-03  0.87349E-05  0.87342E-05 -0.12610E-02      25  0.88309E-03  0.00000E+00  0.00000E+00  0.16088E-03 -0.82122E-03 -0.17646E-02 -0.34444E-02 -0.79467E-03 -0.79105E-03
end
