 All solute fluxes and cumulative solute fluxes are positive into the region

       Time         cvTop        cvBot      Sum(cvTop)   Sum(cvBot)     cvCh0        cvCh1         cTop        cRoot         cBot        cvRoot    Sum(cvRoot)  Sum(cvNEql) TLevel      cGWL        cRunOff   Sum(cRunOff)    (cv(i),    Sum(cv(i)), i=1,NObs)
        [T]        [M/L2/T]     [M/L2/T]      [M/L2]       [M/L2]       [M/L2]      [M/L2]        [M/L3]      [M/L3]        [M/L3]      [M/L2/T]      [M/L2]       [M/L2]              [M/L3]        [M/L2]      [M/L3]      [M/L2/T]      [M/L2]
        0.0100  0.00000E+00 -0.14743E-02  0.00000E+00 -0.14743E-04  0.00000E+00  0.00000E+00  0.93977E-03  0.60979E-03  0.84492E-03  0.20189E-05  0.20189E-07 -0.34542E-01       1  0.88620E-03  0.00000E+00  0.00000E+00  0.71092E-04  0.71092E-06 -0.39811E-02 -0.39811E-04 -0.44794E-02 -0.44794E-04
        0.0156  0.00000E+00  0.00000E+00  0.00000E+00 -0.14743E-04  0.00000E+00  0.00000E+00  0.88402E-03  0.95063E-03  0.81200E-03  0.30276E-05  0.37002E-07 -0.28920E-01       2  0.86808E-03  0.00000E+00  0.00000E+00  0.40410E-04  0.93532E-06 -0.33440E-02 -0.58380E-04 -0.40850E-02 -0.67478E-04
        0.0211  0.00000E+00  0.00000E+00  0.00000E+00 -0.14743E-04  0.00000E+00  0.00000E+00  0.88319E-03  0.88666E-03  0.82916E-03  0.28442E-05  0.52795E-07 -0.28871E-01       3  0.87031E-03  0.00000E+00  0.00000E+00  0.26170E-04  0.10806E-05 -0.30146E-02 -0.75120E-04 -0.39472E-02 -0.89396E-04
        0.0283  0.00000E+00  0.00000E+00  0.00000E+00 -0.14743E-04  0.00000E+00  0.00000E+00  0.88352E-03  0.88374E-03  0.82995E-03  0.28357E-05  0.73266E-07 -0.29108E-01       4  0.87399E-03  0.00000E+00  0.00000E+00  0.82316E-05  0.11401E-05 -0.26864E-02 -0.94513E-04 -0.37658E-02 -0.11658E-03
        0.0377  0.00000E+00  0.00000E+00  0.00000E+00 -0.14743E-04  0.00000E+00  0.00000E+00  0.88343E-03  0.88358E-03  0.84122E-03  0.28353E-05  0.99874E-07 -0.29358E-01       5  0.87684E-03  0.00000E+00  0.00000E+00 -0.21005E-04  0.94294E-06 -0.23756E-02 -0.11681E-03 -0.35327E-02 -0.14973E-03
        0.0499  0.00000E+00  0.00000E+00  0.00000E+00 -0.14743E-04  0.00000E+00  0.00000E+00  0.88297E-03  0.88359E-03  0.84265E-03  0.28353E-05  0.13446E-06 -0.29600E-01       6  0.87870E-03  0.00000E+00  0.00000E+00 -0.69322E-04  0.97221E-07 -0.20946E-02 -0.14236E-03 -0.32624E-02 -0.18953E-03
        0.0658  0.00000E+00  0.00000E+00  0.00000E+00 -0.14743E-04  0.00000E+00  0.00000E+00  0.88234E-03  0.88360E-03  0.85145E-03  0.28353E-05  0.17943E-06 -0.29835E-01       7  0.88036E-03  0.00000E+00  0.00000E+00 -0.14801E-03 -0.22502E-05 -0.18519E-02 -0.17173E-03 -0.29745E-02 -0.23671E-03
        0.0864  0.00000E+00  0.00000E+00  0.00000E+00 -0.14743E-04  0.00000E+00  0.00000E+00  0.88118E-03  0.88360E-03  0.85243E-03  0.28354E-05  0.23789E-06 -0.30059E-01       8  0.88131E-03  0.00000E+00  0.00000E+00 -0.26794E-03 -0.77744E-05 -0.16613E-02 -0.20598E-03 -0.26908E-02 -0.29219E-03
        0.1132  0.00000E+00  0.00000E+00  0.00000E+00 -0.14743E-04  0.00000E+00  0.00000E+00  0.87948E-03  0.88358E-03  0.86080E-03  0.28353E-05  0.31389E-06 -0.30270E-01       9  0.88197E-03  0.00000E+00  0.00000E+00 -0.44266E-03 -0.19639E-04 -0.15499E-02 -0.24753E-03 -0.24417E-02 -0.35763E-03
        0.1480  0.00000E+00  0.00000E+00  0.00000E+00 -0.14743E-04  0.00000E+00  0.00000E+00  0.87716E-03  0.88359E-03  0.86101E-03  0.28353E-05  0.41268E-06 -0.30464E-01      10  0.88250E-03  0.00000E+00  0.00000E+00 -0.68011E-03 -0.43337E-04 -0.15451E-02 -0.30136E-03 -0.22489E-02 -0.43599E-03
        0.1933  0.00000E+00  0.00000E+00  0.00000E+00 -0.14743E-04  0.00000E+00  0.00000E+00  0.87426E-03  0.88358E-03  0.87118E-03  0.28353E-05  0.54111E-06 -0.30646E-01      11  0.88290E-03  0.00000E+00  0.00000E+00 -0.98122E-03 -0.87784E-04 -0.17210E-02 -0.37932E-03 -0.21708E-02 -0.53433E-03
        0.2433  0.00000E+00  0.00000E+00  0.00000E+00 -0.14743E-04  0.00000E+00  0.00000E+00  0.87143E-03  0.88357E-03  0.86971E-03  0.28352E-05  0.68287E-06 -0.30809E-01      12  0.88315E-03  0.00000E+00  0.00000E+00 -0.12852E-02 -0.15204E-03 -0.20554E-02 -0.48209E-03 -0.22395E-02 -0.64630E-03
        0.2933  0.00000E+00 -0.26999E-05  0.00000E+00 -0.14878E-04  0.00000E+00  0.00000E+00  0.86928E-03  0.88357E-03  0.88023E-03  0.28353E-05  0.82464E-06 -0.30962E-01      13  0.88326E-03  0.00000E+00  0.00000E+00 -0.15123E-02 -0.22766E-03 -0.24541E-02 -0.60479E-03 -0.24151E-02 -0.76705E-03
        0.3433  0.00000E+00 -0.32065E-03  0.00000E+00 -0.30910E-04  0.00000E+00  0.00000E+00  0.86763E-03  0.88360E-03  0.88193E-03  0.28353E-05  0.96640E-06 -0.31112E-01      14  0.88339E-03  0.00000E+00  0.00000E+00 -0.16777E-02 -0.31154E-03 -0.28606E-02 -0.74782E-03 -0.26549E-02 -0.89980E-03
        0.3933  0.00000E+00 -0.85370E-03  0.00000E+00 -0.73595E-04  0.00000E+00  0.00000E+00  0.86635E-03  0.88357E-03  0.88092E-03  0.28353E-05  0.11082E-05 -0.31283E-01      15  0.88332E-03  0.00000E+00  0.00000E+00 -0.17991E-02 -0.40150E-03 -0.32536E-02 -0.91050E-03 -0.29271E-02 -0.10462E-02
        0.4433  0.00000E+00 -0.12251E-02  0.00000E+00 -0.13485E-03  0.00000E+00  0.00000E+00  0.86542E-03  0.88355E-03  0.88175E-03  0.28352E-05  0.12499E-05 -0.31475E-01      16  0.88338E-03  0.00000E+00  0.00000E+00 -0.18689E-02 -0.49494E-03 -0.35792E-02 -0.10895E-02 -0.31958E-02 -0.12059E-02
        0.4933  0.00000E+00 -0.14932E-02  0.00000E+00 -0.20951E-03  0.00000E+00  0.00000E+00  0.86491E-03  0.88351E-03  0.88120E-03  0.28351E-05  0.13917E-05 -0.31673E-01      17  0.88333E-03  0.00000E+00  0.00000E+00 -0.18866E-02 -0.58927E-03 -0.37996E-02 -0.12794E-02 -0.34203E-02 -0.13770E-02
        0.5433  0.00000E+00 -0.16994E-02  0.00000E+00 -0.29448E-03  0.00000E+00  0.00000E+00  0.86478E-03  0.88349E-03  0.88166E-03  0.28350E-05  0.15334E-05 -0.31871E-01      18  0.88337E-03  0.00000E+00  0.00000E+00 -0.18507E-02 -0.68181E-03 -0.38897E-02 -0.14739E-02 -0.35683E-02 -0.15554E-02
        0.5933  0.00000E+00 -0.18676E-02  0.00000E+00 -0.38786E-03  0.00000E+00  0.00000E+00  0.86506E-03  0.88348E-03  0.88135E-03  0.28350E-05  0.16752E-05 -0.32057E-01      19  0.88334E-03  0.00000E+00  0.00000E+00 -0.17640E-02 -0.77001E-03 -0.38413E-02 -0.16660E-02 -0.36184E-02 -0.17363E-02
        0.6433  0.00000E+00 -0.20130E-02  0.00000E+00 -0.48851E-03  0.00000E+00  0.00000E+00  0.86570E-03  0.88350E-03  0.88163E-03  0.28351E-05  0.18169E-05 -0.32225E-01      20  0.88337E-03  0.00000E+00  0.00000E+00 -0.16292E-02 -0.85147E-03 -0.36588E-02 -0.18489E-02 -0.35630E-02 -0.19144E-02
        0.6933  0.00000E+00 -0.21448E-02  0.00000E+00 -0.59575E-03  0.00000E+00  0.00000E+00  0.86669E-03  0.88353E-03  0.88145E-03  0.28351E-05  0.19587E-05 -0.32367E-01      21  0.88335E-03  0.00000E+00  0.00000E+00 -0.14535E-02 -0.92415E-03 -0.33649E-02 -0.20172E-02 -0.34086E-02 -0.20849E-02
        0.7433  0.00000E+00 -0.22655E-02  0.00000E+00 -0.70902E-03  0.00000E+00  0.00000E+00  0.86804E-03  0.88357E-03  0.88161E-03  0.28352E-05  0.21005E-05 -0.32481E-01      22  0.88336E-03  0.00000E+00  0.00000E+00 -0.12367E-02 -0.98598E-03 -0.29803E-02 -0.21662E-02 -0.31683E-02 -0.22433E-02
        0.7933  0.00000E+00 -0.23745E-02  0.00000E+00 -0.82775E-03  0.00000E+00  0.00000E+00  0.87009E-03  0.88360E-03  0.88152E-03  0.28353E-05  0.22422E-05 -0.32558E-01      23  0.88335E-03  0.00000E+00  0.00000E+00 -0.94140E-03 -0.10331E-02 -0.24939E-02 -0.22909E-02 -0.28421E-02 -0.23854E-02
        0.8433  0.00000E+00 -0.24683E-02  0.00000E+00 -0.95116E-03  0.00000E+00  0.00000E+00  0.87237E-03  0.88365E-03  0.88162E-03  0.28355E-05  0.23840E-05 -0.32601E-01      24  0.88336E-03  0.00000E+00  0.00000E+00 -0.63045E-03 -0.10646E-02 -0.19822E-02 -0.23900E-02 -0.24684E-02 -0.25088E-02
        0.8933  0.00000E+00 -0.25425E-02  0.00000E+00 -0.10783E-02  0.00000E+00  0.00000E+00  0.87479E-03  0.88362E-03  0.88156E-03  0.28354E-05  0.25258E-05 -0.32616E-01      25  0.88337E-03  0.00000E+00  0.00000E+00 -0.32653E-03 -0.10809E-02 -0.15124E-02 -0.24656E-02 -0.20908E-02 -0.26133E-02
        0.9433  0.00000E+00 -0.25930E-02  0.00000E+00 -0.12079E-02  0.00000E+00  0.00000E+00  0.87692E-03  0.88364E-03  0.88162E-03  0.28354E-05  0.26675E-05 -0.32613E-01      26  0.88338E-03  0.00000E+00  0.00000E+00 -0.79163E-04 -0.10849E-02 -0.11428E-02 -0.25228E-02 -0.17494E-02 -0.27008E-02
        0.9717  0.00000E+00 -0.26192E-02  0.00000E+00 -0.12821E-02  0.00000E+00  0.00000E+00  0.87781E-03  0.88360E-03  0.88159E-03  0.28353E-05  0.27479E-05 -0.32608E-01      27  0.88337E-03  0.00000E+00  0.00000E+00  0.11835E-04 -0.10845E-02 -0.97193E-03 -0.25503E-02 -0.15755E-02 -0.27455E-02
        1.0000  0.00000E+00 -0.26286E-02  0.00000E+00 -0.13566E-02  0.00000E+00  0.00000E+00  0.87823E-03  0.88361E-03  0.88162E-03  0.28354E-05  0.28282E-05 -0.32602E-01      28  0.88338E-03  0.00000E+00  0.00000E+00  0.55413E-04 -0.10830E-02 -0.84421E-03 -0.25742E-02 -0.14309E-02 -0.27860E-02
end
