 ******* Program HYDRUS
 ******* 
 Welcome to HYDRUS-1D                                                    
 Date:  29. 3.2022    Time:  17:28:24
 Units: L = cm   , T = days , M = mg   

----------------------------------------------------------
 Time       [T]        0.0000
----------------------------------------------------------
 Sub-region num.                     1
----------------------------------------------------------
 Length   [L]        0.30000E+03  0.30000E+03
 W-volume [L]        0.11101E+03  0.11101E+03
 In-flow  [L/T]      0.00000E+00  0.00000E+00
 h Mean   [L]        0.95197E+02  0.95197E+02
 ConcVol  [M/L2] 1   0.99286E-01  0.99286E-01
 cMean    [M/L3] 1   0.89477E-03  0.89477E-03
 SorbVolIm[M/L2] 1   0.46708E+02  0.46708E+02
 sMeanIm  [-]    1   0.10738E+00  0.10738E+00
 Top Flux [L/T]      0.36999E-02
 Bot Flux [L/T]     -0.43460E+00
----------------------------------------------------------

----------------------------------------------------------
 Time       [T]        1.0000
----------------------------------------------------------
 Sub-region num.                     1
----------------------------------------------------------
 Length   [L]        0.30000E+03  0.30000E+03
 W-volume [L]        0.11099E+03  0.11099E+03
 In-flow  [L/T]     -0.13316E+00 -0.13316E+00
 h Mean   [L]        0.95533E+02  0.95533E+02
 ConcVol  [M/L2] 1   0.99278E-01  0.99278E-01
 cMean    [M/L3] 1   0.89481E-03  0.89481E-03
 SorbVolIm[M/L2] 1   0.46708E+02  0.46708E+02
 sMeanIm  [-]    1   0.10738E+00  0.10738E+00
 Top Flux [L/T]      0.18012E-01
 Bot Flux [L/T]     -0.10235E+00
 WatBalT  [L]       -0.17573E-04
 WatBalR  [%]              0.003
 CncBalT  [M]    1   0.27847E-03
 CncBalR  [%]    1        97.601
----------------------------------------------------------
 
 Calculation time [sec]  0.000000000000000E+000
