 All solute fluxes and cumulative solute fluxes are positive into the region

       Time         cvTop        cvBot      Sum(cvTop)   Sum(cvBot)     cvCh0        cvCh1         cTop        cRoot         cBot        cvRoot    Sum(cvRoot)  Sum(cvNEql) TLevel      cGWL        cRunOff   Sum(cRunOff)    (cv(i),    Sum(cv(i)), i=1,NObs)
        [T]        [M/L2/T]     [M/L2/T]      [M/L2]       [M/L2]       [M/L2]      [M/L2]        [M/L3]      [M/L3]        [M/L3]      [M/L2/T]      [M/L2]       [M/L2]              [M/L3]        [M/L2]      [M/L3]      [M/L2/T]      [M/L2]
        0.0100  0.00000E+00 -0.83022E-04  0.00000E+00 -0.83022E-06  0.00000E+00  0.00000E+00  0.10210E-02  0.91638E-03  0.87737E-03  0.74757E-04  0.74757E-06 -0.96568E-05       1  0.88311E-03  0.00000E+00  0.00000E+00  0.22080E-04  0.22080E-06 -0.11838E-04 -0.11838E-06 -0.46957E-05 -0.46957E-07
        0.0200  0.00000E+00  0.00000E+00  0.00000E+00 -0.83022E-06  0.00000E+00  0.00000E+00  0.10211E-02  0.91637E-03  0.87369E-03  0.74755E-04  0.14951E-05 -0.20152E-04       2  0.88303E-03  0.00000E+00  0.00000E+00  0.18538E-04  0.40619E-06 -0.11588E-04 -0.23426E-06 -0.48160E-05 -0.95118E-07
        0.0330  0.00000E+00  0.00000E+00  0.00000E+00 -0.83022E-06  0.00000E+00  0.00000E+00  0.10210E-02  0.91637E-03  0.87569E-03  0.74755E-04  0.24669E-05 -0.30014E-04       3  0.88309E-03  0.00000E+00  0.00000E+00  0.10441E-04  0.54192E-06 -0.11867E-04 -0.38853E-06 -0.51224E-05 -0.16171E-06
        0.0499  0.00000E+00  0.00000E+00  0.00000E+00 -0.83022E-06  0.00000E+00  0.00000E+00  0.10209E-02  0.91637E-03  0.87636E-03  0.74755E-04  0.37303E-05 -0.40337E-04       4  0.88310E-03  0.00000E+00  0.00000E+00  0.16286E-05  0.56944E-06 -0.14146E-04 -0.62760E-06 -0.54968E-05 -0.25460E-06
        0.0719  0.00000E+00  0.00000E+00  0.00000E+00 -0.83022E-06  0.00000E+00  0.00000E+00  0.10208E-02  0.91637E-03  0.87712E-03  0.74755E-04  0.53727E-05 -0.51507E-04       5  0.88312E-03  0.00000E+00  0.00000E+00 -0.81617E-05  0.39013E-06 -0.20971E-04 -0.10883E-05 -0.63742E-05 -0.39465E-06
        0.1004  0.00000E+00  0.00000E+00  0.00000E+00 -0.83022E-06  0.00000E+00  0.00000E+00  0.10206E-02  0.91637E-03  0.87769E-03  0.74755E-04  0.75077E-05 -0.64265E-04       6  0.88313E-03  0.00000E+00  0.00000E+00 -0.25403E-04 -0.33540E-06 -0.37864E-04 -0.21698E-05 -0.85533E-05 -0.63894E-06
        0.1376  0.00000E+00  0.00000E+00  0.00000E+00 -0.83022E-06  0.00000E+00  0.00000E+00  0.10203E-02  0.91637E-03  0.87821E-03  0.74755E-04  0.10283E-04 -0.80201E-04       7  0.88314E-03  0.00000E+00  0.00000E+00 -0.53931E-04 -0.23378E-05 -0.75111E-04 -0.49586E-05 -0.14074E-04 -0.11615E-05
        0.1858  0.00000E+00  0.00000E+00  0.00000E+00 -0.83022E-06  0.00000E+00  0.00000E+00  0.10198E-02  0.91636E-03  0.87862E-03  0.74755E-04  0.13892E-04 -0.10255E-03       8  0.88314E-03  0.00000E+00  0.00000E+00 -0.97871E-04 -0.70619E-05 -0.15021E-03 -0.12209E-04 -0.27268E-04 -0.24777E-05
        0.2358  0.00000E+00  0.00000E+00  0.00000E+00 -0.83022E-06  0.00000E+00  0.00000E+00  0.10193E-02  0.91636E-03  0.87892E-03  0.74755E-04  0.17629E-04 -0.12927E-03       9  0.88315E-03  0.00000E+00  0.00000E+00 -0.14655E-03 -0.14389E-04 -0.25427E-03 -0.24922E-04 -0.48163E-04 -0.48858E-05
        0.2858  0.00000E+00  0.00000E+00  0.00000E+00 -0.83022E-06  0.00000E+00  0.00000E+00  0.10189E-02  0.91636E-03  0.87913E-03  0.74755E-04  0.21367E-04 -0.15945E-03      10  0.88315E-03  0.00000E+00  0.00000E+00 -0.18665E-03 -0.23722E-04 -0.37281E-03 -0.43563E-04 -0.75694E-04 -0.86705E-05
        0.3358  0.00000E+00  0.00000E+00  0.00000E+00 -0.83022E-06  0.00000E+00  0.00000E+00  0.10186E-02  0.91637E-03  0.87929E-03  0.74755E-04  0.25105E-04 -0.18949E-03      11  0.88316E-03  0.00000E+00  0.00000E+00 -0.21418E-03 -0.34431E-04 -0.49000E-03 -0.68063E-04 -0.10344E-03 -0.13843E-04
        0.3858  0.00000E+00  0.00000E+00  0.00000E+00 -0.83022E-06  0.00000E+00  0.00000E+00  0.10184E-02  0.91638E-03  0.87941E-03  0.74756E-04  0.28843E-04 -0.21564E-03      12  0.88316E-03  0.00000E+00  0.00000E+00 -0.23628E-03 -0.46245E-04 -0.59899E-03 -0.98013E-04 -0.12621E-03 -0.20153E-04
        0.4358  0.00000E+00  0.00000E+00  0.00000E+00 -0.83022E-06  0.00000E+00  0.00000E+00  0.10182E-02  0.91640E-03  0.87950E-03  0.74758E-04  0.32580E-04 -0.23800E-03      13  0.88316E-03  0.00000E+00  0.00000E+00 -0.25106E-03 -0.58798E-04 -0.69216E-03 -0.13262E-03 -0.14506E-03 -0.27406E-04
        0.4858  0.00000E+00  0.00000E+00  0.00000E+00 -0.83022E-06  0.00000E+00  0.00000E+00  0.10181E-02  0.91641E-03  0.87958E-03  0.74759E-04  0.36318E-04 -0.25718E-03      14  0.88316E-03  0.00000E+00  0.00000E+00 -0.25744E-03 -0.71670E-04 -0.76355E-03 -0.17080E-03 -0.16102E-03 -0.35456E-04
        0.5358  0.00000E+00  0.00000E+00  0.00000E+00 -0.83022E-06  0.00000E+00  0.00000E+00  0.10181E-02  0.91642E-03  0.87965E-03  0.74760E-04  0.40056E-04 -0.27381E-03      15  0.88316E-03  0.00000E+00  0.00000E+00 -0.25487E-03 -0.84413E-04 -0.80903E-03 -0.21125E-03 -0.17419E-03 -0.44166E-04
        0.5858  0.00000E+00  0.00000E+00  0.00000E+00 -0.83022E-06  0.00000E+00  0.00000E+00  0.10182E-02  0.91643E-03  0.87970E-03  0.74760E-04  0.43794E-04 -0.28886E-03      16  0.88316E-03  0.00000E+00  0.00000E+00 -0.24356E-03 -0.96591E-04 -0.82677E-03 -0.25259E-03 -0.18499E-03 -0.53416E-04
        0.6358  0.00000E+00  0.00000E+00  0.00000E+00 -0.83022E-06  0.00000E+00  0.00000E+00  0.10183E-02  0.91643E-03  0.87975E-03  0.74760E-04  0.47532E-04 -0.30323E-03      17  0.88316E-03  0.00000E+00  0.00000E+00 -0.22433E-03 -0.10781E-03 -0.81734E-03 -0.29345E-03 -0.19374E-03 -0.63103E-04
        0.6858  0.00000E+00  0.00000E+00  0.00000E+00 -0.83022E-06  0.00000E+00  0.00000E+00  0.10184E-02  0.91642E-03  0.87980E-03  0.74760E-04  0.51270E-04 -0.31795E-03      18  0.88316E-03  0.00000E+00  0.00000E+00 -0.19874E-03 -0.11774E-03 -0.78361E-03 -0.33264E-03 -0.20085E-03 -0.73145E-04
        0.7358  0.00000E+00  0.00000E+00  0.00000E+00 -0.83022E-06  0.00000E+00  0.00000E+00  0.10187E-02  0.91641E-03  0.87985E-03  0.74759E-04  0.55008E-04 -0.33387E-03      19  0.88316E-03  0.00000E+00  0.00000E+00 -0.16888E-03 -0.12619E-03 -0.73050E-03 -0.36916E-03 -0.20668E-03 -0.83479E-04
        0.7858  0.00000E+00  0.00000E+00  0.00000E+00 -0.83022E-06  0.00000E+00  0.00000E+00  0.10191E-02  0.91640E-03  0.87989E-03  0.74758E-04  0.58746E-04 -0.34986E-03      20  0.88316E-03  0.00000E+00  0.00000E+00 -0.12077E-03 -0.13223E-03 -0.64700E-03 -0.40151E-03 -0.20863E-03 -0.93911E-04
        0.8358  0.00000E+00  0.00000E+00  0.00000E+00 -0.83022E-06  0.00000E+00  0.00000E+00  0.10195E-02  0.91638E-03  0.87994E-03  0.74756E-04  0.62484E-04 -0.36049E-03      21  0.88316E-03  0.00000E+00  0.00000E+00 -0.73870E-04 -0.13592E-03 -0.54478E-03 -0.42875E-03 -0.19802E-03 -0.10381E-03
        0.8858  0.00000E+00  0.00000E+00  0.00000E+00 -0.83022E-06  0.00000E+00  0.00000E+00  0.10198E-02  0.91639E-03  0.88000E-03  0.74757E-04  0.66222E-04 -0.36594E-03      22  0.88317E-03  0.00000E+00  0.00000E+00 -0.33027E-04 -0.13757E-03 -0.43544E-03 -0.45052E-03 -0.17938E-03 -0.11278E-03
        0.9358  0.00000E+00  0.00000E+00  0.00000E+00 -0.83022E-06  0.00000E+00  0.00000E+00  0.10201E-02  0.91638E-03  0.88006E-03  0.74756E-04  0.69960E-04 -0.36826E-03      23  0.88317E-03  0.00000E+00  0.00000E+00 -0.34875E-05 -0.13775E-03 -0.33370E-03 -0.46721E-03 -0.15580E-03 -0.12057E-03
        0.9679  0.00000E+00  0.00000E+00  0.00000E+00 -0.83022E-06  0.00000E+00  0.00000E+00  0.10202E-02  0.91639E-03  0.88010E-03  0.74756E-04  0.72358E-04 -0.36873E-03      24  0.88317E-03  0.00000E+00  0.00000E+00  0.11674E-04 -0.13737E-03 -0.27519E-03 -0.47604E-03 -0.14001E-03 -0.12506E-03
        1.0000  0.00000E+00 -0.43846E-06  0.00000E+00 -0.84429E-06  0.00000E+00  0.00000E+00  0.10203E-02  0.91638E-03  0.88152E-03  0.74756E-04  0.74757E-04 -0.36667E-03      25  0.88319E-03  0.00000E+00  0.00000E+00  0.23932E-04 -0.13660E-03 -0.22773E-03 -0.48334E-03 -0.12439E-03 -0.12905E-03
end
