 All solute fluxes and cumulative solute fluxes are positive into the region

       Time         cvTop        cvBot      Sum(cvTop)   Sum(cvBot)     cvCh0        cvCh1         cTop        cRoot         cBot        cvRoot    Sum(cvRoot)  Sum(cvNEql) TLevel      cGWL        cRunOff   Sum(cRunOff)    (cv(i),    Sum(cv(i)), i=1,NObs)
        [T]        [M/L2/T]     [M/L2/T]      [M/L2]       [M/L2]       [M/L2]      [M/L2]        [M/L3]      [M/L3]        [M/L3]      [M/L2/T]      [M/L2]       [M/L2]              [M/L3]        [M/L2]      [M/L3]      [M/L2/T]      [M/L2]
        0.0100  0.00000E+00 -0.25533E-04  0.00000E+00 -0.25533E-06  0.00000E+00  0.00000E+00  0.97149E-03  0.90687E-03  0.87947E-03  0.63442E-04  0.63442E-06 -0.78861E-05       1  0.88310E-03  0.00000E+00  0.00000E+00  0.39709E-04  0.39709E-06  0.20500E-04  0.20500E-06  0.19024E-03  0.19024E-05
        0.0200  0.00000E+00  0.00000E+00  0.00000E+00 -0.25533E-06  0.00000E+00  0.00000E+00  0.97128E-03  0.90688E-03  0.87743E-03  0.63442E-04  0.12688E-05 -0.12191E-04       2  0.88305E-03  0.00000E+00  0.00000E+00  0.38837E-04  0.78546E-06  0.19944E-04  0.40443E-06  0.18685E-03  0.37709E-05
        0.0330  0.00000E+00  0.00000E+00  0.00000E+00 -0.25533E-06  0.00000E+00  0.00000E+00  0.97129E-03  0.90688E-03  0.87846E-03  0.63442E-04  0.20936E-05 -0.17087E-04       3  0.88308E-03  0.00000E+00  0.00000E+00  0.36326E-04  0.12577E-05  0.19076E-04  0.65242E-06  0.18189E-03  0.61354E-05
        0.0499  0.00000E+00  0.00000E+00  0.00000E+00 -0.25533E-06  0.00000E+00  0.00000E+00  0.97123E-03  0.90688E-03  0.87901E-03  0.63442E-04  0.31657E-05 -0.21767E-04       4  0.88309E-03  0.00000E+00  0.00000E+00  0.31256E-04  0.17859E-05  0.17992E-04  0.95649E-06  0.17603E-03  0.91103E-05
        0.0719  0.00000E+00  0.00000E+00  0.00000E+00 -0.25533E-06  0.00000E+00  0.00000E+00  0.97115E-03  0.90688E-03  0.87943E-03  0.63442E-04  0.45596E-05 -0.26956E-04       5  0.88310E-03  0.00000E+00  0.00000E+00  0.21657E-04  0.22617E-05  0.16576E-04  0.13207E-05  0.16871E-03  0.12817E-04
        0.1004  0.00000E+00  0.00000E+00  0.00000E+00 -0.25533E-06  0.00000E+00  0.00000E+00  0.97097E-03  0.90688E-03  0.87974E-03  0.63442E-04  0.63715E-05 -0.32739E-04       6  0.88311E-03  0.00000E+00  0.00000E+00  0.43027E-05  0.23846E-05  0.14795E-04  0.17432E-05  0.15991E-03  0.17384E-04
        0.1376  0.00000E+00  0.00000E+00  0.00000E+00 -0.25533E-06  0.00000E+00  0.00000E+00  0.97075E-03  0.90688E-03  0.87996E-03  0.63442E-04  0.87271E-05 -0.39964E-04       7  0.88311E-03  0.00000E+00  0.00000E+00 -0.89713E-05  0.20515E-05  0.12203E-04  0.21963E-05  0.14902E-03  0.22917E-04
        0.1858  0.00000E+00  0.00000E+00  0.00000E+00 -0.25533E-06  0.00000E+00  0.00000E+00  0.97054E-03  0.90688E-03  0.88011E-03  0.63442E-04  0.11789E-04 -0.49854E-04       8  0.88312E-03  0.00000E+00  0.00000E+00 -0.29262E-04  0.63912E-06  0.82598E-05  0.25950E-05  0.13494E-03  0.29431E-04
        0.2358  0.00000E+00  0.00000E+00  0.00000E+00 -0.25533E-06  0.00000E+00  0.00000E+00  0.97030E-03  0.90688E-03  0.88019E-03  0.63442E-04  0.14961E-04 -0.61485E-04       9  0.88312E-03  0.00000E+00  0.00000E+00 -0.52449E-04 -0.19833E-05  0.35997E-05  0.27750E-05  0.11976E-03  0.35418E-04
        0.2858  0.00000E+00  0.00000E+00  0.00000E+00 -0.25533E-06  0.00000E+00  0.00000E+00  0.97028E-03  0.90688E-03  0.88022E-03  0.63442E-04  0.18133E-04 -0.72867E-04      10  0.88312E-03  0.00000E+00  0.00000E+00 -0.52587E-04 -0.46127E-05 -0.13567E-06  0.27682E-05  0.10518E-03  0.40677E-04
        0.3358  0.00000E+00  0.00000E+00  0.00000E+00 -0.25533E-06  0.00000E+00  0.00000E+00  0.97059E-03  0.90688E-03  0.88022E-03  0.63442E-04  0.21306E-04 -0.77572E-04      11  0.88312E-03  0.00000E+00  0.00000E+00 -0.24469E-04 -0.58361E-05 -0.11741E-05  0.27095E-05  0.99492E-04  0.45652E-04
        0.3858  0.00000E+00  0.00000E+00  0.00000E+00 -0.25533E-06  0.00000E+00  0.00000E+00  0.97084E-03  0.90691E-03  0.88020E-03  0.63444E-04  0.24478E-04 -0.70634E-04      12  0.88312E-03  0.00000E+00  0.00000E+00 -0.41236E-06 -0.58568E-05  0.21751E-07  0.27106E-05  0.10785E-03  0.51044E-04
        0.4358  0.00000E+00  0.00000E+00  0.00000E+00 -0.25533E-06  0.00000E+00  0.00000E+00  0.97113E-03  0.90694E-03  0.88018E-03  0.63446E-04  0.27650E-04 -0.54216E-04      13  0.88312E-03  0.00000E+00  0.00000E+00  0.34018E-04 -0.41558E-05  0.25461E-05  0.28379E-05  0.12523E-03  0.57306E-04
        0.4858  0.00000E+00  0.00000E+00  0.00000E+00 -0.25533E-06  0.00000E+00  0.00000E+00  0.97133E-03  0.90696E-03  0.88015E-03  0.63448E-04  0.30823E-04 -0.31668E-04      14  0.88312E-03  0.00000E+00  0.00000E+00  0.51745E-04 -0.15686E-05  0.54850E-05  0.31122E-05  0.14740E-03  0.64676E-04
        0.5358  0.00000E+00  0.00000E+00  0.00000E+00 -0.25533E-06  0.00000E+00  0.00000E+00  0.97131E-03  0.90697E-03  0.88011E-03  0.63449E-04  0.33995E-04 -0.66938E-05      15  0.88312E-03  0.00000E+00  0.00000E+00  0.46727E-04  0.76776E-06  0.84384E-05  0.35341E-05  0.16938E-03  0.73145E-04
        0.5858  0.00000E+00  0.00000E+00  0.00000E+00 -0.25533E-06  0.00000E+00  0.00000E+00  0.97107E-03  0.90698E-03  0.88006E-03  0.63449E-04  0.37167E-04  0.16599E-04      16  0.88312E-03  0.00000E+00  0.00000E+00  0.19250E-04  0.17303E-05  0.99205E-05  0.40301E-05  0.18642E-03  0.82466E-04
        0.6358  0.00000E+00  0.00000E+00  0.00000E+00 -0.25533E-06  0.00000E+00  0.00000E+00  0.97077E-03  0.90698E-03  0.88002E-03  0.63449E-04  0.40340E-04  0.34445E-04      17  0.88311E-03  0.00000E+00  0.00000E+00 -0.10346E-04  0.12130E-05  0.10021E-04  0.45311E-05  0.19552E-03  0.92242E-04
        0.6858  0.00000E+00  0.00000E+00  0.00000E+00 -0.25533E-06  0.00000E+00  0.00000E+00  0.97048E-03  0.90696E-03  0.87996E-03  0.63448E-04  0.43512E-04  0.43458E-04      18  0.88311E-03  0.00000E+00  0.00000E+00 -0.36655E-04 -0.61978E-06  0.83337E-05  0.49478E-05  0.19377E-03  0.10193E-03
        0.7358  0.00000E+00  0.00000E+00  0.00000E+00 -0.25533E-06  0.00000E+00  0.00000E+00  0.97015E-03  0.90694E-03  0.87990E-03  0.63447E-04  0.46685E-04  0.41217E-04      19  0.88311E-03  0.00000E+00  0.00000E+00 -0.65529E-04 -0.38962E-05  0.49032E-05  0.51930E-05  0.18009E-03  0.11093E-03
        0.7858  0.00000E+00  0.00000E+00  0.00000E+00 -0.25533E-06  0.00000E+00  0.00000E+00  0.97039E-03  0.90691E-03  0.87984E-03  0.63444E-04  0.49857E-04  0.30648E-04      20  0.88311E-03  0.00000E+00  0.00000E+00 -0.42088E-04 -0.60006E-05  0.29210E-05  0.53390E-05  0.15773E-03  0.11882E-03
        0.8358  0.00000E+00  0.00000E+00  0.00000E+00 -0.25533E-06  0.00000E+00  0.00000E+00  0.97060E-03  0.90689E-03  0.87977E-03  0.63443E-04  0.53029E-04  0.21291E-04      21  0.88311E-03  0.00000E+00  0.00000E+00 -0.19710E-04 -0.69862E-05  0.26606E-05  0.54721E-05  0.14234E-03  0.12594E-03
        0.8858  0.00000E+00  0.00000E+00  0.00000E+00 -0.25533E-06  0.00000E+00  0.00000E+00  0.97080E-03  0.90691E-03  0.87971E-03  0.63444E-04  0.56201E-04  0.13852E-04      22  0.88311E-03  0.00000E+00  0.00000E+00 -0.56004E-06 -0.70142E-05  0.35343E-05  0.56488E-05  0.13050E-03  0.13246E-03
        0.9358  0.00000E+00  0.00000E+00  0.00000E+00 -0.25533E-06  0.00000E+00  0.00000E+00  0.97105E-03  0.90689E-03  0.87964E-03  0.63443E-04  0.59373E-04  0.69976E-05      23  0.88311E-03  0.00000E+00  0.00000E+00  0.25502E-04 -0.57391E-05  0.47361E-05  0.58856E-05  0.12336E-03  0.13863E-03
        0.9679  0.00000E+00  0.00000E+00  0.00000E+00 -0.25533E-06  0.00000E+00  0.00000E+00  0.97120E-03  0.90690E-03  0.87960E-03  0.63444E-04  0.61409E-04  0.30323E-05      24  0.88311E-03  0.00000E+00  0.00000E+00  0.36643E-04 -0.45633E-05  0.55130E-05  0.60625E-05  0.11977E-03  0.14247E-03
        1.0000  0.00000E+00  0.00000E+00  0.00000E+00 -0.25533E-06  0.00000E+00  0.00000E+00  0.97125E-03  0.90689E-03  0.87955E-03  0.63443E-04  0.63445E-04 -0.11451E-05      25  0.88310E-03  0.00000E+00  0.00000E+00  0.40362E-04 -0.32683E-05  0.61333E-05  0.62593E-05  0.11749E-03  0.14624E-03
end
