 ******* Program HYDRUS
 ******* 
 Welcome to HYDRUS-1D                                                    
 Date:  29. 3.2022    Time:  17:27:14
 Units: L = cm   , T = days , M = mg   

----------------------------------------------------------
 Time       [T]        0.0000
----------------------------------------------------------
 Sub-region num.                     1
----------------------------------------------------------
 Length   [L]        0.30000E+03  0.30000E+03
 W-volume [L]        0.10839E+03  0.10839E+03
 In-flow  [L/T]      0.00000E+00  0.00000E+00
 h Mean   [L]        0.21564E+02  0.21564E+02
 ConcVol  [M/L2] 1   0.95641E-01  0.95641E-01
 cMean    [M/L3] 1   0.88228E-03  0.88228E-03
 SorbVolIm[M/L2] 1   0.46056E+02  0.46056E+02
 sMeanIm  [-]    1   0.10588E+00  0.10588E+00
 Top Flux [L/T]      0.23518E-01
 Bot Flux [L/T]     -0.39128E+00
----------------------------------------------------------

----------------------------------------------------------
 Time       [T]        1.0000
----------------------------------------------------------
 Sub-region num.                     1
----------------------------------------------------------
 Length   [L]        0.30000E+03  0.30000E+03
 W-volume [L]        0.10911E+03  0.10911E+03
 In-flow  [L/T]     -0.61124E+00 -0.61124E+00
 h Mean   [L]        0.35646E+02  0.35646E+02
 ConcVol  [M/L2] 1   0.96281E-01  0.96281E-01
 cMean    [M/L3] 1   0.88231E-03  0.88231E-03
 SorbVolIm[M/L2] 1   0.46055E+02  0.46055E+02
 sMeanIm  [-]    1   0.10587E+00  0.10587E+00
 Top Flux [L/T]      0.28076E-01
 Bot Flux [L/T]     -0.54049E+00
 WatBalT  [L]        0.21219E-04
 WatBalR  [%]              0.001
 CncBalT  [M]    1   0.36621E-03
 CncBalR  [%]    1        57.196
----------------------------------------------------------
 
 Calculation time [sec]  0.000000000000000E+000
