 ******* Program HYDRUS
 ******* 
 Welcome to HYDRUS-1D                                                    
 Date:  28. 3.2022    Time:   8:57: 9
 Units: L = cm   , T = days , M = mg   

----------------------------------------------------------
 Time       [T]        0.0000
----------------------------------------------------------
 Sub-region num.                     1
----------------------------------------------------------
 Length   [L]        0.30000E+03  0.30000E+03
 W-volume [L]        0.98749E+02  0.98749E+02
 In-flow  [L/T]      0.00000E+00  0.00000E+00
 h Mean   [L]       -0.97599E+02 -0.97599E+02
 ConcVol  [M/L2] 1   0.87251E-01  0.87251E-01
 cMean    [M/L3] 1   0.88366E-03  0.88366E-03
 SorbVolIm[M/L2] 1   0.46129E+02  0.46129E+02
 sMeanIm  [-]    1   0.10604E+00  0.10604E+00
 Top Flux [L/T]      0.46895E-01
 Bot Flux [L/T]      0.27528E+00
----------------------------------------------------------

----------------------------------------------------------
 Time       [T]        1.0000
----------------------------------------------------------
 Sub-region num.                     1
----------------------------------------------------------
 Length   [L]        0.30000E+03  0.30000E+03
 W-volume [L]        0.98338E+02  0.98338E+02
 In-flow  [L/T]      0.15075E+00  0.15075E+00
 h Mean   [L]       -0.10163E+03 -0.10163E+03
 ConcVol  [M/L2] 1   0.86891E-01  0.86891E-01
 cMean    [M/L3] 1   0.88370E-03  0.88370E-03
 SorbVolIm[M/L2] 1   0.46129E+02  0.46129E+02
 sMeanIm  [-]    1   0.10604E+00  0.10604E+00
 Top Flux [L/T]      0.48267E-01
 Bot Flux [L/T]      0.26793E+00
 WatBalT  [L]       -0.82104E-01
 WatBalR  [%]             12.911
 CncBalT  [M]    1   0.11826E-03
 CncBalR  [%]    1        32.725
----------------------------------------------------------
 
 Calculation time [sec]  9.999990463256836E-003
