 All solute fluxes and cumulative solute fluxes are positive into the region

       Time         cvTop        cvBot      Sum(cvTop)   Sum(cvBot)     cvCh0        cvCh1         cTop        cRoot         cBot        cvRoot    Sum(cvRoot)  Sum(cvNEql) TLevel      cGWL        cRunOff   Sum(cRunOff)    (cv(i),    Sum(cv(i)), i=1,NObs)
        [T]        [M/L2/T]     [M/L2/T]      [M/L2]       [M/L2]       [M/L2]      [M/L2]        [M/L3]      [M/L3]        [M/L3]      [M/L2/T]      [M/L2]       [M/L2]              [M/L3]        [M/L2]      [M/L3]      [M/L2/T]      [M/L2]
        0.0100  0.00000E+00 -0.99057E-03  0.00000E+00 -0.99057E-05  0.00000E+00  0.00000E+00  0.84939E-03  0.88313E-03  0.88079E-03  0.94900E-04  0.94900E-06  0.81663E-06       1  0.88316E-03  0.00000E+00  0.00000E+00  0.13074E-04  0.13074E-06 -0.27463E-03 -0.27463E-05 -0.40537E-03 -0.40537E-05
        0.0200  0.00000E+00 -0.15654E-02  0.00000E+00 -0.25560E-04  0.00000E+00  0.00000E+00  0.84933E-03  0.88312E-03  0.88089E-03  0.94900E-04  0.18980E-05  0.56413E-05       2  0.88316E-03  0.00000E+00  0.00000E+00  0.31866E-05  0.16261E-06 -0.26306E-03 -0.53770E-05 -0.39361E-03 -0.79898E-05
        0.0330  0.00000E+00 -0.13463E-02  0.00000E+00 -0.43062E-04  0.00000E+00  0.00000E+00  0.84921E-03  0.88312E-03  0.88082E-03  0.94900E-04  0.31317E-05  0.45315E-05       3  0.88315E-03  0.00000E+00  0.00000E+00 -0.67331E-05  0.75078E-07 -0.24899E-03 -0.86139E-05 -0.37692E-03 -0.12890E-04
        0.0499  0.00000E+00 -0.11680E-02  0.00000E+00 -0.62801E-04  0.00000E+00  0.00000E+00  0.84900E-03  0.88312E-03  0.88080E-03  0.94900E-04  0.47355E-05  0.43350E-05       4  0.88315E-03  0.00000E+00  0.00000E+00 -0.26234E-04 -0.36827E-06 -0.23961E-03 -0.12663E-04 -0.35897E-03 -0.18956E-04
        0.0719  0.00000E+00 -0.10397E-02  0.00000E+00 -0.85643E-04  0.00000E+00  0.00000E+00  0.84863E-03  0.88312E-03  0.88078E-03  0.94900E-04  0.68205E-05  0.18363E-05       5  0.88315E-03  0.00000E+00  0.00000E+00 -0.61094E-04 -0.17105E-05 -0.24133E-03 -0.17965E-04 -0.34125E-03 -0.26454E-04
        0.1004  0.00000E+00 -0.93273E-03  0.00000E+00 -0.11228E-03  0.00000E+00  0.00000E+00  0.84802E-03  0.88312E-03  0.88076E-03  0.94899E-04  0.95309E-05 -0.57504E-05       6  0.88315E-03  0.00000E+00  0.00000E+00 -0.11863E-03 -0.50986E-05 -0.27066E-03 -0.25695E-04 -0.33179E-03 -0.35930E-04
        0.1376  0.00000E+00 -0.84480E-03  0.00000E+00 -0.14365E-03  0.00000E+00  0.00000E+00  0.84715E-03  0.88311E-03  0.88074E-03  0.94898E-04  0.13054E-04 -0.26208E-04       7  0.88315E-03  0.00000E+00  0.00000E+00 -0.20738E-03 -0.12798E-04 -0.35598E-03 -0.38913E-04 -0.34624E-03 -0.48786E-04
        0.1858  0.00000E+00 -0.76993E-03  0.00000E+00 -0.18081E-03  0.00000E+00  0.00000E+00  0.84588E-03  0.88310E-03  0.88074E-03  0.94896E-04  0.17635E-04 -0.75251E-04       8  0.88315E-03  0.00000E+00  0.00000E+00 -0.33032E-03 -0.28742E-04 -0.54507E-03 -0.65222E-04 -0.41613E-03 -0.68871E-04
        0.2358  0.00000E+00 -0.71064E-03  0.00000E+00 -0.21634E-03  0.00000E+00  0.00000E+00  0.84474E-03  0.88308E-03  0.88073E-03  0.94893E-04  0.22380E-04 -0.15399E-03       9  0.88315E-03  0.00000E+00  0.00000E+00 -0.46146E-03 -0.51815E-04 -0.82566E-03 -0.10651E-03 -0.54780E-03 -0.96261E-04
        0.2858  0.00000E+00 -0.66756E-03  0.00000E+00 -0.24972E-03  0.00000E+00  0.00000E+00  0.84366E-03  0.88306E-03  0.88073E-03  0.94891E-04  0.27124E-04 -0.26064E-03      10  0.88315E-03  0.00000E+00  0.00000E+00 -0.57857E-03 -0.80744E-04 -0.11765E-02 -0.16533E-03 -0.74149E-03 -0.13334E-03
        0.3358  0.00000E+00 -0.63670E-03  0.00000E+00 -0.28156E-03  0.00000E+00  0.00000E+00  0.84282E-03  0.88304E-03  0.88072E-03  0.94888E-04  0.31868E-04 -0.39021E-03      11  0.88315E-03  0.00000E+00  0.00000E+00 -0.67964E-03 -0.11473E-03 -0.15652E-02 -0.24359E-03 -0.98407E-03 -0.18254E-03
        0.3858  0.00000E+00 -0.61567E-03  0.00000E+00 -0.31234E-03  0.00000E+00  0.00000E+00  0.84210E-03  0.88304E-03  0.88072E-03  0.94888E-04  0.36613E-04 -0.53441E-03      12  0.88315E-03  0.00000E+00  0.00000E+00 -0.75560E-03 -0.15251E-03 -0.19527E-02 -0.34123E-03 -0.12555E-02 -0.24532E-03
        0.4358  0.00000E+00 -0.60379E-03  0.00000E+00 -0.34253E-03  0.00000E+00  0.00000E+00  0.84164E-03  0.88304E-03  0.88073E-03  0.94888E-04  0.41357E-04 -0.68800E-03      13  0.88315E-03  0.00000E+00  0.00000E+00 -0.81211E-03 -0.19311E-03 -0.22906E-02 -0.45575E-03 -0.15368E-02 -0.32216E-03
        0.4858  0.00000E+00 -0.60141E-03  0.00000E+00 -0.37260E-03  0.00000E+00  0.00000E+00  0.84140E-03  0.88305E-03  0.88073E-03  0.94889E-04  0.46102E-04 -0.84487E-03      14  0.88315E-03  0.00000E+00  0.00000E+00 -0.83264E-03 -0.23474E-03 -0.25920E-02 -0.58536E-03 -0.17979E-02 -0.41205E-03
        0.5358  0.00000E+00 -0.60920E-03  0.00000E+00 -0.40306E-03  0.00000E+00  0.00000E+00  0.84133E-03  0.88305E-03  0.88074E-03  0.94889E-04  0.50846E-04 -0.99849E-03      15  0.88315E-03  0.00000E+00  0.00000E+00 -0.82797E-03 -0.27614E-03 -0.27650E-02 -0.72361E-03 -0.20183E-02 -0.51296E-03
        0.5858  0.00000E+00 -0.62790E-03  0.00000E+00 -0.43446E-03  0.00000E+00  0.00000E+00  0.84154E-03  0.88307E-03  0.88075E-03  0.94890E-04  0.55591E-04 -0.11426E-02      16  0.88315E-03  0.00000E+00  0.00000E+00 -0.78692E-03 -0.31549E-03 -0.28030E-02 -0.86376E-03 -0.21609E-02 -0.62101E-03
        0.6358  0.00000E+00 -0.65809E-03  0.00000E+00 -0.46736E-03  0.00000E+00  0.00000E+00  0.84193E-03  0.88307E-03  0.88076E-03  0.94890E-04  0.60335E-04 -0.12721E-02      17  0.88315E-03  0.00000E+00  0.00000E+00 -0.72224E-03 -0.35160E-03 -0.27135E-02 -0.99943E-03 -0.22195E-02 -0.73198E-03
        0.6858  0.00000E+00 -0.69938E-03  0.00000E+00 -0.50233E-03  0.00000E+00  0.00000E+00  0.84253E-03  0.88308E-03  0.88078E-03  0.94892E-04  0.65080E-04 -0.13830E-02      18  0.88315E-03  0.00000E+00  0.00000E+00 -0.62883E-03 -0.38304E-03 -0.25152E-02 -0.11252E-02 -0.21914E-02 -0.84155E-03
        0.7358  0.00000E+00 -0.75069E-03  0.00000E+00 -0.53986E-03  0.00000E+00  0.00000E+00  0.84327E-03  0.88308E-03  0.88079E-03  0.94892E-04  0.69824E-04 -0.14733E-02      19  0.88315E-03  0.00000E+00  0.00000E+00 -0.51977E-03 -0.40903E-03 -0.22352E-02 -0.12370E-02 -0.20910E-02 -0.94610E-03
        0.7858  0.00000E+00 -0.81010E-03  0.00000E+00 -0.58037E-03  0.00000E+00  0.00000E+00  0.84420E-03  0.88308E-03  0.88081E-03  0.94892E-04  0.74569E-04 -0.15418E-02      20  0.88315E-03  0.00000E+00  0.00000E+00 -0.38992E-03 -0.42853E-03 -0.18970E-02 -0.13318E-02 -0.19304E-02 -0.10426E-02
        0.8358  0.00000E+00 -0.87456E-03  0.00000E+00 -0.62410E-03  0.00000E+00  0.00000E+00  0.84518E-03  0.88308E-03  0.88083E-03  0.94892E-04  0.79314E-04 -0.15839E-02      21  0.88315E-03  0.00000E+00  0.00000E+00 -0.25902E-03 -0.44148E-03 -0.15398E-02 -0.14088E-02 -0.17192E-02 -0.11286E-02
        0.8858  0.00000E+00 -0.94030E-03  0.00000E+00 -0.67111E-03  0.00000E+00  0.00000E+00  0.84606E-03  0.88310E-03  0.88085E-03  0.94895E-04  0.84058E-04 -0.16030E-02      22  0.88315E-03  0.00000E+00  0.00000E+00 -0.13593E-03 -0.44827E-03 -0.11988E-02 -0.14687E-02 -0.14872E-02 -0.12029E-02
        0.9358  0.00000E+00 -0.10031E-02  0.00000E+00 -0.72127E-03  0.00000E+00  0.00000E+00  0.84686E-03  0.88309E-03  0.88087E-03  0.94894E-04  0.88803E-04 -0.16067E-02      23  0.88315E-03  0.00000E+00  0.00000E+00 -0.41116E-04 -0.45033E-03 -0.90142E-03 -0.15138E-02 -0.12594E-02 -0.12659E-02
        0.9679  0.00000E+00 -0.10514E-02  0.00000E+00 -0.75500E-03  0.00000E+00  0.00000E+00  0.84714E-03  0.88310E-03  0.88088E-03  0.94896E-04  0.91848E-04 -0.16053E-02      24  0.88315E-03  0.00000E+00  0.00000E+00 -0.32107E-05 -0.45043E-03 -0.74144E-03 -0.15376E-02 -0.11228E-02 -0.13019E-02
        1.0000  0.00000E+00 -0.10852E-02  0.00000E+00 -0.78982E-03  0.00000E+00  0.00000E+00  0.84728E-03  0.88309E-03  0.88089E-03  0.94894E-04  0.94893E-04 -0.16031E-02      25  0.88315E-03  0.00000E+00  0.00000E+00  0.20170E-04 -0.44978E-03 -0.61983E-03 -0.15575E-02 -0.10025E-02 -0.13341E-02
end
