 ******* Program HYDRUS
 ******* 
 Welcome to HYDRUS-1D                                                    
 Date:  29. 3.2022    Time:  17:26:24
 Units: L = cm   , T = days , M = mg   

----------------------------------------------------------
 Time       [T]        0.0000
----------------------------------------------------------
 Sub-region num.                     1
----------------------------------------------------------
 Length   [L]        0.30000E+03  0.30000E+03
 W-volume [L]        0.10083E+03  0.10083E+03
 In-flow  [L/T]      0.00000E+00  0.00000E+00
 h Mean   [L]       -0.77663E+02 -0.77663E+02
 ConcVol  [M/L2] 1   0.89013E-01  0.89013E-01
 cMean    [M/L3] 1   0.88274E-03  0.88274E-03
 SorbVolIm[M/L2] 1   0.46081E+02  0.46081E+02
 sMeanIm  [-]    1   0.10593E+00  0.10593E+00
 Top Flux [L/T]     -0.23488E-02
 Bot Flux [L/T]      0.14481E-01
----------------------------------------------------------

----------------------------------------------------------
 Time       [T]        1.0000
----------------------------------------------------------
 Sub-region num.                     1
----------------------------------------------------------
 Length   [L]        0.30000E+03  0.30000E+03
 W-volume [L]        0.10219E+03  0.10219E+03
 In-flow  [L/T]     -0.42690E+00 -0.42690E+00
 h Mean   [L]       -0.65780E+02 -0.65780E+02
 ConcVol  [M/L2] 1   0.90214E-01  0.90214E-01
 cMean    [M/L3] 1   0.88276E-03  0.88276E-03
 SorbVolIm[M/L2] 1   0.46080E+02  0.46080E+02
 sMeanIm  [-]    1   0.10593E+00  0.10593E+00
 Top Flux [L/T]     -0.30241E-01
 Bot Flux [L/T]     -0.33413E+00
 WatBalT  [L]       -0.32783E-04
 WatBalR  [%]              0.002
 CncBalT  [M]    1   0.38147E-04
 CncBalR  [%]    1         3.176
----------------------------------------------------------
 
 Calculation time [sec]  9.999990463256836E-003
