 ******* Program HYDRUS
 ******* 
 Welcome to HYDRUS-1D                                                    
 Date:  29. 3.2022    Time:  17:27:22
 Units: L = cm   , T = days , M = mg   

----------------------------------------------------------
 Time       [T]        0.0000
----------------------------------------------------------
 Sub-region num.                     1
----------------------------------------------------------
 Length   [L]        0.30000E+03  0.30000E+03
 W-volume [L]        0.11099E+03  0.11099E+03
 In-flow  [L/T]      0.00000E+00  0.00000E+00
 h Mean   [L]        0.94909E+02  0.94909E+02
 ConcVol  [M/L2] 1   0.97930E-01  0.97930E-01
 cMean    [M/L3] 1   0.88227E-03  0.88227E-03
 SorbVolIm[M/L2] 1   0.46056E+02  0.46056E+02
 sMeanIm  [-]    1   0.10588E+00  0.10588E+00
 Top Flux [L/T]      0.21874E-01
 Bot Flux [L/T]     -0.30418E+00
----------------------------------------------------------

----------------------------------------------------------
 Time       [T]        1.0000
----------------------------------------------------------
 Sub-region num.                     1
----------------------------------------------------------
 Length   [L]        0.30000E+03  0.30000E+03
 W-volume [L]        0.11090E+03  0.11090E+03
 In-flow  [L/T]      0.51525E-01  0.51525E-01
 h Mean   [L]        0.91182E+02  0.91182E+02
 ConcVol  [M/L2] 1   0.97852E-01  0.97852E-01
 cMean    [M/L3] 1   0.88231E-03  0.88231E-03
 SorbVolIm[M/L2] 1   0.46056E+02  0.46056E+02
 sMeanIm  [-]    1   0.10588E+00  0.10588E+00
 Top Flux [L/T]      0.26848E-01
 Bot Flux [L/T]      0.82457E-01
 WatBalT  [L]       -0.61236E-02
 WatBalR  [%]              2.283
 CncBalT  [M]    1   0.49591E-04
 CncBalR  [%]    1        41.998
----------------------------------------------------------
 
 Calculation time [sec]  0.000000000000000E+000
