 ******* Program HYDRUS
 ******* 
 Welcome to HYDRUS-1D                                                    
 Date:  28. 3.2022    Time:   8:56: 0
 Units: L = cm   , T = days , M = mg   

----------------------------------------------------------
 Time       [T]        0.0000
----------------------------------------------------------
 Sub-region num.                     1
----------------------------------------------------------
 Length   [L]        0.30000E+03  0.30000E+03
 W-volume [L]        0.98502E+02  0.98502E+02
 In-flow  [L/T]      0.00000E+00  0.00000E+00
 h Mean   [L]       -0.10236E+03 -0.10236E+03
 ConcVol  [M/L2] 1   0.87001E-01  0.87001E-01
 cMean    [M/L3] 1   0.88324E-03  0.88324E-03
 SorbVolIm[M/L2] 1   0.46105E+02  0.46105E+02
 sMeanIm  [-]    1   0.10599E+00  0.10599E+00
 Top Flux [L/T]      0.15494E+00
 Bot Flux [L/T]     -0.63743E+00
----------------------------------------------------------

----------------------------------------------------------
 Time       [T]        1.0000
----------------------------------------------------------
 Sub-region num.                     1
----------------------------------------------------------
 Length   [L]        0.30000E+03  0.30000E+03
 W-volume [L]        0.99487E+02  0.99487E+02
 In-flow  [L/T]     -0.63972E+00 -0.63972E+00
 h Mean   [L]       -0.93965E+02 -0.93965E+02
 ConcVol  [M/L2] 1   0.87871E-01  0.87871E-01
 cMean    [M/L3] 1   0.88323E-03  0.88323E-03
 SorbVolIm[M/L2] 1   0.46104E+02  0.46104E+02
 sMeanIm  [-]    1   0.10599E+00  0.10599E+00
 Top Flux [L/T]      0.55120E-01
 Bot Flux [L/T]     -0.52093E+00
 WatBalT  [L]       -0.31054E-04
 WatBalR  [%]              0.001
 CncBalT  [M]    1   0.72479E-04
 CncBalR  [%]    1         7.573
----------------------------------------------------------
 
 Calculation time [sec]  0.000000000000000E+000
