 ******* Program HYDRUS
 ******* 
 Welcome to HYDRUS-1D                                                    
 Date:  28. 3.2022    Time:   8:57:37
 Units: L = cm   , T = days , M = mg   

----------------------------------------------------------
 Time       [T]        0.0000
----------------------------------------------------------
 Sub-region num.                     1
----------------------------------------------------------
 Length   [L]        0.30000E+03  0.30000E+03
 W-volume [L]        0.11061E+03  0.11061E+03
 In-flow  [L/T]      0.00000E+00  0.00000E+00
 h Mean   [L]        0.79323E+02  0.79323E+02
 ConcVol  [M/L2] 1   0.98535E-01  0.98535E-01
 cMean    [M/L3] 1   0.89119E-03  0.89119E-03
 SorbVolIm[M/L2] 1   0.46521E+02  0.46521E+02
 sMeanIm  [-]    1   0.10695E+00  0.10695E+00
 Top Flux [L/T]      0.50557E-01
 Bot Flux [L/T]      0.15939E+00
----------------------------------------------------------

----------------------------------------------------------
 Time       [T]        1.0000
----------------------------------------------------------
 Sub-region num.                     1
----------------------------------------------------------
 Length   [L]        0.30000E+03  0.30000E+03
 W-volume [L]        0.11049E+03  0.11049E+03
 In-flow  [L/T]      0.89326E-01  0.89326E-01
 h Mean   [L]        0.74791E+02  0.74791E+02
 ConcVol  [M/L2] 1   0.98428E-01  0.98428E-01
 cMean    [M/L3] 1   0.89123E-03  0.89123E-03
 SorbVolIm[M/L2] 1   0.46521E+02  0.46521E+02
 sMeanIm  [-]    1   0.10695E+00  0.10695E+00
 Top Flux [L/T]      0.43534E-01
 Bot Flux [L/T]      0.13639E+00
 WatBalT  [L]       -0.67763E-02
 WatBalR  [%]              1.882
 CncBalT  [M]    1   0.83923E-04
 CncBalR  [%]    1        72.840
----------------------------------------------------------
 
 Calculation time [sec]  1.000002026557922E-002
