 ******* Program HYDRUS
 ******* 
 Welcome to HYDRUS-1D                                                    
 Date:  28. 3.2022    Time:   8:57:51
 Units: L = cm   , T = days , M = mg   

----------------------------------------------------------
 Time       [T]        0.0000
----------------------------------------------------------
 Sub-region num.                     1
----------------------------------------------------------
 Length   [L]        0.30000E+03  0.30000E+03
 W-volume [L]        0.10247E+03  0.10247E+03
 In-flow  [L/T]      0.00000E+00  0.00000E+00
 h Mean   [L]       -0.67818E+02 -0.67818E+02
 ConcVol  [M/L2] 1   0.91568E-01  0.91568E-01
 cMean    [M/L3] 1   0.89495E-03  0.89495E-03
 SorbVolIm[M/L2] 1   0.46716E+02  0.46716E+02
 sMeanIm  [-]    1   0.10739E+00  0.10739E+00
 Top Flux [L/T]     -0.46870E-01
 Bot Flux [L/T]     -0.14633E+01
----------------------------------------------------------

----------------------------------------------------------
 Time       [T]        1.0000
----------------------------------------------------------
 Sub-region num.                     1
----------------------------------------------------------
 Length   [L]        0.30000E+03  0.30000E+03
 W-volume [L]        0.10100E+03  0.10100E+03
 In-flow  [L/T]     -0.92979E+00 -0.92979E+00
 h Mean   [L]       -0.78165E+02 -0.78165E+02
 ConcVol  [M/L2] 1   0.90207E-01  0.90207E-01
 cMean    [M/L3] 1   0.89496E-03  0.89496E-03
 SorbVolIm[M/L2] 1   0.46716E+02  0.46716E+02
 sMeanIm  [-]    1   0.10739E+00  0.10739E+00
 Top Flux [L/T]      0.25613E-01
 Bot Flux [L/T]     -0.83992E+00
 WatBalT  [L]       -0.60339E-01
 WatBalR  [%]              3.928
 CncBalT  [M]    1   0.16785E-03
 CncBalR  [%]    1        11.797
----------------------------------------------------------
 
 Calculation time [sec]  9.999990463256836E-003
