 ******* Program HYDRUS
 ******* 
 Welcome to HYDRUS-1D                                                    
 Date:   4. 3.2022    Time:  19:31:55
 Units: L = cm   , T = days , M = mg   

----------------------------------------------------------
 Time       [T]        0.0000
----------------------------------------------------------
 Sub-region num.                     1
----------------------------------------------------------
 Length   [L]        0.30000E+03  0.30000E+03
 W-volume [L]        0.10297E+03  0.10297E+03
 In-flow  [L/T]      0.00000E+00  0.00000E+00
 h Mean   [L]       -0.57112E+02 -0.57112E+02
 ConcVol  [M/L2] 1   0.90912E+00  0.90912E+00
 cMean    [M/L3] 1   0.88385E-02  0.88385E-02
 SorbVolIm[M/L2] 1   0.43370E+02  0.43370E+02
 sMeanIm  [-]    1   0.99701E-01  0.99701E-01
 Top Flux [L/T]      0.34037E-01
 Bot Flux [L/T]     -0.89817E+00
----------------------------------------------------------

----------------------------------------------------------
 Time       [T]        1.0000
----------------------------------------------------------
 Sub-region num.                     1
----------------------------------------------------------
 Length   [L]        0.30000E+03  0.30000E+03
 W-volume [L]        0.10209E+03  0.10209E+03
 In-flow  [L/T]     -0.27648E+00 -0.27648E+00
 h Mean   [L]       -0.63897E+02 -0.63897E+02
 ConcVol  [M/L2] 1   0.90132E+00  0.90132E+00
 cMean    [M/L3] 1   0.88389E-02  0.88389E-02
 SorbVolIm[M/L2] 1   0.43372E+02  0.43372E+02
 sMeanIm  [-]    1   0.99705E-01  0.99705E-01
 Top Flux [L/T]      0.74640E-01
 Bot Flux [L/T]     -0.17508E+00
 WatBalT  [L]       -0.70333E-05
 WatBalR  [%]              0.001
 CncBalT  [M]    1   0.40054E-03
 CncBalR  [%]    1         5.125
----------------------------------------------------------
 
 Calculation time [sec]  9.999990463256836E-003
