 ******* Program HYDRUS
 ******* 
 Welcome to HYDRUS-1D                                                    
 Date:  29. 3.2022    Time:  17:28:35
 Units: L = cm   , T = days , M = mg   


 Time:        0.0000


 Node      Depth      Head Moisture       K          C         Flux        Sink         Kappa   v/KsTop   Temp   Conc(1..NS) Sorb(1...NS)
           [L]        [L]    [-]        [L/T]      [1/L]      [L/T]        [1/T]         [-]      [-]      [C]      [M/L*3]

   1     0.0000     -94.640 0.3334   0.5218E+01  0.4975E-03  0.2685E-01  0.0000E+00      -1   0.618E-03   20.00  0.1046E-02  0.1255E+00
   2    -3.0000     -91.625 0.3349   0.5524E+01  0.4973E-03  0.2667E-01  0.0000E+00      -1   0.614E-03   20.00  0.1044E-02  0.1253E+00
   3    -6.0000     -88.611 0.3364   0.5831E+01  0.4972E-03  0.2821E-01  0.0000E+00      -1   0.649E-03   20.00  0.1044E-02  0.1253E+00
   4    -9.0000     -85.596 0.3379   0.6137E+01  0.4971E-03  0.3173E-01  0.5140E-04      -1   0.730E-03   20.00  0.1036E-02  0.1243E+00
   5   -12.0000     -82.580 0.3394   0.6443E+01  0.4969E-03  0.3436E-01  0.5141E-04      -1   0.791E-03   20.00  0.1025E-02  0.1230E+00
   6   -15.0000     -79.564 0.3409   0.6750E+01  0.4968E-03  0.3716E-01  0.5142E-04      -1   0.855E-03   20.00  0.1010E-02  0.1212E+00
   7   -18.0000     -76.547 0.3424   0.7056E+01  0.4967E-03  0.4013E-01  0.5142E-04      -1   0.923E-03   20.00  0.9891E-03  0.1187E+00
   8   -21.0000     -73.530 0.3439   0.7458E+01  0.4944E-03  0.4104E-01  0.5143E-04      -1   0.944E-03   20.00  0.9634E-03  0.1156E+00
   9   -24.0000     -70.514 0.3453   0.7901E+01  0.4912E-03  0.4349E-01  0.5089E-04      -1   0.100E-02   20.00  0.9408E-03  0.1129E+00
  10   -27.0000     -67.497 0.3468   0.8344E+01  0.4880E-03  0.4728E-01  0.4822E-04      -1   0.109E-02   20.00  0.9209E-03  0.1105E+00
  11   -30.0000     -64.480 0.3483   0.8786E+01  0.4848E-03  0.4829E-01  0.4554E-04      -1   0.111E-02   20.00  0.9059E-03  0.1087E+00
  12   -33.0000     -61.464 0.3498   0.9229E+01  0.4816E-03  0.5092E-01  0.4287E-04      -1   0.117E-02   20.00  0.8951E-03  0.1074E+00
  13   -36.0000     -58.447 0.3512   0.9752E+01  0.4767E-03  0.5370E-01  0.4019E-04      -1   0.124E-02   20.00  0.8884E-03  0.1066E+00
  14   -39.0000     -55.431 0.3526   0.1036E+02  0.4699E-03  0.5524E-01  0.3751E-04      -1   0.127E-02   20.00  0.8850E-03  0.1062E+00
  15   -42.0000     -52.415 0.3540   0.1096E+02  0.4632E-03  0.5847E-01  0.3484E-04      -1   0.135E-02   20.00  0.8834E-03  0.1060E+00
  16   -45.0000     -49.399 0.3555   0.1157E+02  0.4564E-03  0.5981E-01  0.3216E-04      -1   0.138E-02   20.00  0.8833E-03  0.1060E+00
  17   -48.0000     -46.384 0.3568   0.1224E+02  0.4482E-03  0.6135E-01  0.2948E-04      -1   0.141E-02   20.00  0.8833E-03  0.1060E+00
  18   -51.0000     -43.369 0.3581   0.1303E+02  0.4376E-03  0.6292E-01  0.2680E-04      -1   0.145E-02   20.00  0.8833E-03  0.1060E+00
  19   -54.0000     -40.355 0.3595   0.1382E+02  0.4270E-03  0.6453E-01  0.2412E-04      -1   0.148E-02   20.00  0.8833E-03  0.1060E+00
  20   -57.0000     -37.341 0.3608   0.1464E+02  0.4160E-03  0.6851E-01  0.2144E-04      -1   0.158E-02   20.00  0.8833E-03  0.1060E+00
  21   -60.0000     -34.327 0.3620   0.1563E+02  0.4015E-03  0.6757E-01  0.1876E-04      -1   0.155E-02   20.00  0.8833E-03  0.1060E+00
  22   -63.0000     -31.315 0.3632   0.1663E+02  0.3869E-03  0.6950E-01  0.1608E-04      -1   0.160E-02   20.00  0.8833E-03  0.1060E+00
  23   -66.0000     -28.302 0.3643   0.1774E+02  0.3703E-03  0.7088E-01  0.1340E-04      -1   0.163E-02   20.00  0.8833E-03  0.1060E+00
  24   -69.0000     -25.291 0.3654   0.1896E+02  0.3518E-03  0.7291E-01  0.1072E-04      -1   0.168E-02   20.00  0.8833E-03  0.1060E+00
  25   -72.0000     -22.279 0.3664   0.2030E+02  0.3314E-03  0.7432E-01  0.8041E-05      -1   0.171E-02   20.00  0.8833E-03  0.1060E+00
  26   -75.0000     -19.269 0.3674   0.2176E+02  0.3089E-03  0.7272E-01  0.5361E-05      -1   0.167E-02   20.00  0.8833E-03  0.1060E+00
  27   -78.0000     -16.259 0.3683   0.2345E+02  0.2830E-03  0.7426E-01  0.2680E-05      -1   0.171E-02   20.00  0.8833E-03  0.1060E+00
  28   -81.0000     -13.250 0.3691   0.2533E+02  0.2542E-03  0.7622E-01  0.0000E+00      -1   0.175E-02   20.00  0.8833E-03  0.1060E+00
  29   -84.0000     -10.241 0.3698   0.2751E+02  0.2214E-03  0.7803E-01  0.0000E+00      -1   0.180E-02   20.00  0.8833E-03  0.1060E+00
  30   -87.0000      -7.233 0.3705   0.3009E+02  0.1830E-03  0.8072E-01  0.0000E+00      -1   0.186E-02   20.00  0.8833E-03  0.1060E+00
  31   -90.0000      -4.225 0.3709   0.3340E+02  0.1352E-03  0.7819E-01  0.0000E+00      -1   0.180E-02   20.00  0.8833E-03  0.1060E+00
  32   -93.0000      -1.219 0.3712   0.3835E+02  0.6672E-04  0.7678E-01  0.0000E+00      -1   0.177E-02   20.00  0.8833E-03  0.1060E+00
  33   -96.0000       1.787 0.3713   0.4346E+02  0.0000E+00  0.7712E-01  0.0000E+00      -1   0.177E-02   20.00  0.8833E-03  0.1060E+00
  34   -99.0000       4.792 0.3713   0.4346E+02  0.0000E+00  0.7968E-01  0.0000E+00      -1   0.183E-02   20.00  0.8833E-03  0.1060E+00
  35  -102.0000       7.798 0.3713   0.4346E+02  0.0000E+00  0.7969E-01  0.0000E+00      -1   0.183E-02   20.00  0.8833E-03  0.1060E+00
  36  -105.0000      10.803 0.3713   0.4346E+02  0.0000E+00  0.7968E-01  0.0000E+00      -1   0.183E-02   20.00  0.8833E-03  0.1060E+00
  37  -108.0000      13.809 0.3713   0.4346E+02  0.0000E+00  0.7967E-01  0.0000E+00      -1   0.183E-02   20.00  0.8833E-03  0.1060E+00
  38  -111.0000      16.814 0.3713   0.4346E+02  0.0000E+00  0.7968E-01  0.0000E+00      -1   0.183E-02   20.00  0.8833E-03  0.1060E+00
  39  -114.0000      19.820 0.3713   0.4346E+02  0.0000E+00  0.7969E-01  0.0000E+00      -1   0.183E-02   20.00  0.8833E-03  0.1060E+00
  40  -117.0000      22.825 0.3713   0.4346E+02  0.0000E+00  0.7244E-01  0.0000E+00      -1   0.167E-02   20.00  0.8833E-03  0.1060E+00
  41  -120.0000      25.830 0.3713   0.4346E+02  0.0000E+00  0.7968E-01  0.0000E+00      -1   0.183E-02   20.00  0.8833E-03  0.1060E+00
  42  -123.0000      28.836 0.3713   0.4346E+02  0.0000E+00  0.7968E-01  0.0000E+00      -1   0.183E-02   20.00  0.8833E-03  0.1060E+00
  43  -126.0000      31.841 0.3713   0.4346E+02  0.0000E+00  0.7968E-01  0.0000E+00      -1   0.183E-02   20.00  0.8833E-03  0.1060E+00
  44  -129.0000      34.847 0.3713   0.4346E+02  0.0000E+00  0.7969E-01  0.0000E+00      -1   0.183E-02   20.00  0.8833E-03  0.1060E+00
  45  -132.0000      37.852 0.3713   0.4346E+02  0.0000E+00  0.7969E-01  0.0000E+00      -1   0.183E-02   20.00  0.8833E-03  0.1060E+00
  46  -135.0000      40.858 0.3713   0.4346E+02  0.0000E+00  0.7966E-01  0.0000E+00      -1   0.183E-02   20.00  0.8833E-03  0.1060E+00
  47  -138.0000      43.863 0.3713   0.4346E+02  0.0000E+00  0.7242E-01  0.0000E+00      -1   0.167E-02   20.00  0.8833E-03  0.1060E+00
  48  -141.0000      46.868 0.3713   0.4346E+02  0.0000E+00  0.7969E-01  0.0000E+00      -1   0.183E-02   20.00  0.8833E-03  0.1060E+00
  49  -144.0000      49.874 0.3713   0.4346E+02  0.0000E+00  0.7969E-01  0.0000E+00      -1   0.183E-02   20.00  0.8833E-03  0.1060E+00
  50  -147.0000      52.879 0.3713   0.4346E+02  0.0000E+00  0.7966E-01  0.0000E+00      -1   0.183E-02   20.00  0.8833E-03  0.1060E+00
  51  -150.0000      55.885 0.3713   0.4346E+02  0.0000E+00  0.7966E-01  0.0000E+00      -1   0.183E-02   20.00  0.8833E-03  0.1060E+00
  52  -153.0000      58.890 0.3713   0.4346E+02  0.0000E+00  0.7969E-01  0.0000E+00      -1   0.183E-02   20.00  0.8833E-03  0.1060E+00
  53  -156.0000      61.896 0.3713   0.4346E+02  0.0000E+00  0.7969E-01  0.0000E+00      -1   0.183E-02   20.00  0.8833E-03  0.1060E+00
  54  -159.0000      64.901 0.3713   0.4346E+02  0.0000E+00  0.7966E-01  0.0000E+00      -1   0.183E-02   20.00  0.8833E-03  0.1060E+00
  55  -162.0000      67.907 0.3713   0.4346E+02  0.0000E+00  0.7969E-01  0.0000E+00      -1   0.183E-02   20.00  0.8833E-03  0.1060E+00
  56  -165.0000      70.912 0.3713   0.4346E+02  0.0000E+00  0.7245E-01  0.0000E+00      -1   0.167E-02   20.00  0.8833E-03  0.1060E+00
  57  -168.0000      73.917 0.3713   0.4346E+02  0.0000E+00  0.7964E-01  0.0000E+00      -1   0.183E-02   20.00  0.8833E-03  0.1060E+00
  58  -171.0000      76.923 0.3713   0.4346E+02  0.0000E+00  0.7969E-01  0.0000E+00      -1   0.183E-02   20.00  0.8833E-03  0.1060E+00
  59  -174.0000      79.928 0.3713   0.4346E+02  0.0000E+00  0.7969E-01  0.0000E+00      -1   0.183E-02   20.00  0.8833E-03  0.1060E+00
  60  -177.0000      82.934 0.3713   0.4346E+02  0.0000E+00  0.7969E-01  0.0000E+00      -1   0.183E-02   20.00  0.8833E-03  0.1060E+00
  61  -180.0000      85.939 0.3713   0.4346E+02  0.0000E+00  0.7969E-01  0.0000E+00      -1   0.183E-02   20.00  0.8833E-03  0.1060E+00
  62  -183.0000      88.945 0.3713   0.4346E+02  0.0000E+00  0.7964E-01  0.0000E+00      -1   0.183E-02   20.00  0.8833E-03  0.1060E+00
  63  -186.0000      91.950 0.3713   0.4346E+02  0.0000E+00  0.7245E-01  0.0000E+00      -1   0.167E-02   20.00  0.8833E-03  0.1060E+00
  64  -189.0000      94.955 0.3713   0.4346E+02  0.0000E+00  0.7969E-01  0.0000E+00      -1   0.183E-02   20.00  0.8833E-03  0.1060E+00
  65  -192.0000      97.961 0.3713   0.4346E+02  0.0000E+00  0.7969E-01  0.0000E+00      -1   0.183E-02   20.00  0.8833E-03  0.1060E+00
  66  -195.0000     100.966 0.3713   0.4346E+02  0.0000E+00  0.7969E-01  0.0000E+00      -1   0.183E-02   20.00  0.8833E-03  0.1060E+00
  67  -198.0000     103.972 0.3713   0.4346E+02  0.0000E+00  0.7964E-01  0.0000E+00      -1   0.183E-02   20.00  0.8833E-03  0.1060E+00
  68  -201.0000     106.977 0.3713   0.4346E+02  0.0000E+00  0.7969E-01  0.0000E+00      -1   0.183E-02   20.00  0.8833E-03  0.1060E+00
  69  -204.0000     109.983 0.3713   0.4346E+02  0.0000E+00  0.7969E-01  0.0000E+00      -1   0.183E-02   20.00  0.8833E-03  0.1060E+00
  70  -207.0000     112.988 0.3713   0.4346E+02  0.0000E+00  0.7240E-01  0.0000E+00      -1   0.167E-02   20.00  0.8833E-03  0.1060E+00
  71  -210.0000     115.993 0.3713   0.4346E+02  0.0000E+00  0.7969E-01  0.0000E+00      -1   0.183E-02   20.00  0.8833E-03  0.1060E+00
  72  -213.0000     118.999 0.3713   0.4346E+02  0.0000E+00  0.7969E-01  0.0000E+00      -1   0.183E-02   20.00  0.8833E-03  0.1060E+00
  73  -216.0000     122.004 0.3713   0.4346E+02  0.0000E+00  0.7969E-01  0.0000E+00      -1   0.183E-02   20.00  0.8833E-03  0.1060E+00
  74  -219.0000     125.010 0.3713   0.4346E+02  0.0000E+00  0.7969E-01  0.0000E+00      -1   0.183E-02   20.00  0.8833E-03  0.1060E+00
  75  -222.0000     128.015 0.3713   0.4346E+02  0.0000E+00  0.7964E-01  0.0000E+00      -1   0.183E-02   20.00  0.8833E-03  0.1060E+00
  76  -225.0000     131.021 0.3713   0.4346E+02  0.0000E+00  0.7969E-01  0.0000E+00      -1   0.183E-02   20.00  0.8833E-03  0.1060E+00
  77  -228.0000     134.026 0.3713   0.4346E+02  0.0000E+00  0.7251E-01  0.0000E+00      -1   0.167E-02   20.00  0.8833E-03  0.1060E+00
  78  -231.0000     137.031 0.3713   0.4346E+02  0.0000E+00  0.7969E-01  0.0000E+00      -1   0.183E-02   20.00  0.8833E-03  0.1060E+00
  79  -234.0000     140.037 0.3713   0.4346E+02  0.0000E+00  0.7969E-01  0.0000E+00      -1   0.183E-02   20.00  0.8833E-03  0.1060E+00
  80  -237.0000     143.042 0.3713   0.4346E+02  0.0000E+00  0.7969E-01  0.0000E+00      -1   0.183E-02   20.00  0.8833E-03  0.1060E+00
  81  -240.0000     146.048 0.3713   0.4346E+02  0.0000E+00  0.7958E-01  0.0000E+00      -1   0.183E-02   20.00  0.8833E-03  0.1060E+00
  82  -243.0000     149.053 0.3713   0.4346E+02  0.0000E+00  0.7969E-01  0.0000E+00      -1   0.183E-02   20.00  0.8833E-03  0.1060E+00
  83  -246.0000     152.059 0.3713   0.4346E+02  0.0000E+00  0.7969E-01  0.0000E+00      -1   0.183E-02   20.00  0.8833E-03  0.1060E+00
  84  -249.0000     155.064 0.3713   0.4346E+02  0.0000E+00  0.7240E-01  0.0000E+00      -1   0.167E-02   20.00  0.8833E-03  0.1060E+00
  85  -252.0000     158.069 0.3713   0.4346E+02  0.0000E+00  0.7969E-01  0.0000E+00      -1   0.183E-02   20.00  0.8833E-03  0.1060E+00
  86  -255.0000     161.075 0.3713   0.4346E+02  0.0000E+00  0.7969E-01  0.0000E+00      -1   0.183E-02   20.00  0.8833E-03  0.1060E+00
  87  -258.0000     164.080 0.3713   0.4346E+02  0.0000E+00  0.7969E-01  0.0000E+00      -1   0.183E-02   20.00  0.8833E-03  0.1060E+00
  88  -261.0000     167.086 0.3713   0.4346E+02  0.0000E+00  0.7969E-01  0.0000E+00      -1   0.183E-02   20.00  0.8833E-03  0.1060E+00
  89  -264.0000     170.091 0.3713   0.4346E+02  0.0000E+00  0.7969E-01  0.0000E+00      -1   0.183E-02   20.00  0.8833E-03  0.1060E+00
  90  -267.0000     173.097 0.3713   0.4346E+02  0.0000E+00  0.7969E-01  0.0000E+00      -1   0.183E-02   20.00  0.8833E-03  0.1060E+00
  91  -270.0000     176.102 0.3713   0.4346E+02  0.0000E+00  0.7969E-01  0.0000E+00      -1   0.183E-02   20.00  0.8833E-03  0.1060E+00
  92  -273.0000     179.108 0.3713   0.4346E+02  0.0000E+00  0.7969E-01  0.0000E+00      -1   0.183E-02   20.00  0.8833E-03  0.1060E+00
  93  -276.0000     182.113 0.3713   0.4346E+02  0.0000E+00  0.7240E-01  0.0000E+00      -1   0.167E-02   20.00  0.8833E-03  0.1060E+00
  94  -279.0000     185.118 0.3713   0.4346E+02  0.0000E+00  0.7958E-01  0.0000E+00      -1   0.183E-02   20.00  0.8833E-03  0.1060E+00
  95  -282.0000     188.124 0.3713   0.4346E+02  0.0000E+00  0.7969E-01  0.0000E+00      -1   0.183E-02   20.00  0.8833E-03  0.1060E+00
  96  -285.0000     191.129 0.3713   0.4346E+02  0.0000E+00  0.7969E-01  0.0000E+00      -1   0.183E-02   20.00  0.8833E-03  0.1060E+00
  97  -288.0000     194.135 0.3713   0.4346E+02  0.0000E+00  0.7969E-01  0.0000E+00      -1   0.183E-02   20.00  0.8833E-03  0.1060E+00
  98  -291.0000     197.140 0.3713   0.4346E+02  0.0000E+00  0.7969E-01  0.0000E+00      -1   0.183E-02   20.00  0.8834E-03  0.1060E+00
  99  -294.0000     200.146 0.3713   0.4346E+02  0.0000E+00  0.7969E-01  0.0000E+00      -1   0.183E-02   20.00  0.8823E-03  0.1059E+00
 100  -297.0000     203.151 0.3713   0.4346E+02  0.0000E+00  0.7251E-01  0.0000E+00      -1   0.167E-02   20.00  0.8779E-03  0.1053E+00
 101  -300.0000     206.156 0.3713   0.4346E+02  0.0000E+00  0.7251E-01  0.0000E+00      -1   0.167E-02   20.00  0.8729E-03  0.1048E+00
end


 Time:        1.0000


 Node      Depth      Head Moisture       K          C         Flux        Sink         Kappa   v/KsTop   Temp   Conc(1..NS) Sorb(1...NS)
           [L]        [L]    [-]        [L/T]      [1/L]      [L/T]        [1/T]         [-]      [-]      [C]      [M/L*3]

   1     0.0000     -93.165 0.3342   0.5386E+01  0.4974E-03  0.3573E-01  0.0000E+00      -1   0.822E-03   20.00  0.1047E-02  0.1256E+00
   2    -3.0000     -90.144 0.3357   0.5691E+01  0.4973E-03  0.4226E-01  0.0000E+00      -1   0.972E-03   20.00  0.1044E-02  0.1253E+00
   3    -6.0000     -87.121 0.3372   0.5997E+01  0.4971E-03  0.4854E-01  0.0000E+00      -1   0.112E-02   20.00  0.1044E-02  0.1253E+00
   4    -9.0000     -84.096 0.3387   0.6303E+01  0.4970E-03  0.5464E-01  0.5141E-04      -1   0.126E-02   20.00  0.1036E-02  0.1243E+00
   5   -12.0000     -81.069 0.3402   0.6609E+01  0.4969E-03  0.6056E-01  0.5141E-04      -1   0.139E-02   20.00  0.1025E-02  0.1230E+00
   6   -15.0000     -78.041 0.3417   0.6916E+01  0.4967E-03  0.6625E-01  0.5142E-04      -1   0.152E-02   20.00  0.1010E-02  0.1212E+00
   7   -18.0000     -75.012 0.3432   0.7255E+01  0.4958E-03  0.7166E-01  0.5142E-04      -1   0.165E-02   20.00  0.9890E-03  0.1187E+00
   8   -21.0000     -71.982 0.3447   0.7699E+01  0.4927E-03  0.7680E-01  0.5143E-04      -1   0.177E-02   20.00  0.9635E-03  0.1156E+00
   9   -24.0000     -68.952 0.3461   0.8142E+01  0.4895E-03  0.8171E-01  0.5090E-04      -1   0.188E-02   20.00  0.9409E-03  0.1129E+00
  10   -27.0000     -65.922 0.3476   0.8586E+01  0.4863E-03  0.8643E-01  0.4822E-04      -1   0.199E-02   20.00  0.9210E-03  0.1105E+00
  11   -30.0000     -62.891 0.3491   0.9029E+01  0.4831E-03  0.9096E-01  0.4555E-04      -1   0.209E-02   20.00  0.9059E-03  0.1087E+00
  12   -33.0000     -59.861 0.3506   0.9481E+01  0.4797E-03  0.9527E-01  0.4287E-04      -1   0.219E-02   20.00  0.8951E-03  0.1074E+00
  13   -36.0000     -56.831 0.3520   0.1009E+02  0.4729E-03  0.9930E-01  0.4019E-04      -1   0.228E-02   20.00  0.8884E-03  0.1066E+00
  14   -39.0000     -53.802 0.3534   0.1069E+02  0.4662E-03  0.1031E+00  0.3752E-04      -1   0.237E-02   20.00  0.8851E-03  0.1062E+00
  15   -42.0000     -50.773 0.3548   0.1130E+02  0.4594E-03  0.1067E+00  0.3484E-04      -1   0.246E-02   20.00  0.8834E-03  0.1060E+00
  16   -45.0000     -47.745 0.3562   0.1191E+02  0.4526E-03  0.1102E+00  0.3216E-04      -1   0.254E-02   20.00  0.8833E-03  0.1060E+00
  17   -48.0000     -44.718 0.3576   0.1269E+02  0.4422E-03  0.1135E+00  0.2948E-04      -1   0.261E-02   20.00  0.8834E-03  0.1060E+00
  18   -51.0000     -41.692 0.3589   0.1348E+02  0.4316E-03  0.1165E+00  0.2680E-04      -1   0.268E-02   20.00  0.8834E-03  0.1060E+00
  19   -54.0000     -38.666 0.3602   0.1428E+02  0.4210E-03  0.1194E+00  0.2412E-04      -1   0.275E-02   20.00  0.8834E-03  0.1060E+00
  20   -57.0000     -35.642 0.3614   0.1521E+02  0.4077E-03  0.1221E+00  0.2144E-04      -1   0.281E-02   20.00  0.8834E-03  0.1060E+00
  21   -60.0000     -32.618 0.3627   0.1621E+02  0.3931E-03  0.1246E+00  0.1876E-04      -1   0.287E-02   20.00  0.8833E-03  0.1060E+00
  22   -63.0000     -29.595 0.3638   0.1723E+02  0.3781E-03  0.1269E+00  0.1608E-04      -1   0.292E-02   20.00  0.8834E-03  0.1060E+00
  23   -66.0000     -26.574 0.3649   0.1846E+02  0.3595E-03  0.1290E+00  0.1340E-04      -1   0.297E-02   20.00  0.8833E-03  0.1060E+00
  24   -69.0000     -23.553 0.3660   0.1969E+02  0.3407E-03  0.1310E+00  0.1072E-04      -1   0.301E-02   20.00  0.8833E-03  0.1060E+00
  25   -72.0000     -20.534 0.3670   0.2116E+02  0.3181E-03  0.1329E+00  0.8041E-05      -1   0.306E-02   20.00  0.8833E-03  0.1060E+00
  26   -75.0000     -17.516 0.3679   0.2274E+02  0.2939E-03  0.1345E+00  0.5361E-05      -1   0.309E-02   20.00  0.8833E-03  0.1060E+00
  27   -78.0000     -14.499 0.3688   0.2451E+02  0.2667E-03  0.1359E+00  0.2680E-05      -1   0.313E-02   20.00  0.8833E-03  0.1060E+00
  28   -81.0000     -11.483 0.3696   0.2657E+02  0.2355E-03  0.1371E+00  0.0000E+00      -1   0.315E-02   20.00  0.8833E-03  0.1060E+00
  29   -84.0000      -8.468 0.3702   0.2900E+02  0.1991E-03  0.1381E+00  0.0000E+00      -1   0.318E-02   20.00  0.8833E-03  0.1060E+00
  30   -87.0000      -5.454 0.3708   0.3196E+02  0.1558E-03  0.1389E+00  0.0000E+00      -1   0.320E-02   20.00  0.8833E-03  0.1060E+00
  31   -90.0000      -2.442 0.3711   0.3601E+02  0.9860E-04  0.1395E+00  0.0000E+00      -1   0.321E-02   20.00  0.8833E-03  0.1060E+00
  32   -93.0000       0.569 0.3713   0.4346E+02  0.0000E+00  0.1398E+00  0.0000E+00      -1   0.322E-02   20.00  0.8833E-03  0.1060E+00
  33   -96.0000       3.578 0.3713   0.4346E+02  0.0000E+00  0.1398E+00  0.0000E+00      -1   0.322E-02   20.00  0.8833E-03  0.1060E+00
  34   -99.0000       6.588 0.3713   0.4346E+02  0.0000E+00  0.1398E+00  0.0000E+00      -1   0.322E-02   20.00  0.8833E-03  0.1060E+00
  35  -102.0000       9.598 0.3713   0.4346E+02  0.0000E+00  0.1398E+00  0.0000E+00      -1   0.322E-02   20.00  0.8833E-03  0.1060E+00
  36  -105.0000      12.607 0.3713   0.4346E+02  0.0000E+00  0.1398E+00  0.0000E+00      -1   0.322E-02   20.00  0.8833E-03  0.1060E+00
  37  -108.0000      15.617 0.3713   0.4346E+02  0.0000E+00  0.1398E+00  0.0000E+00      -1   0.322E-02   20.00  0.8833E-03  0.1060E+00
  38  -111.0000      18.627 0.3713   0.4346E+02  0.0000E+00  0.1398E+00  0.0000E+00      -1   0.322E-02   20.00  0.8833E-03  0.1060E+00
  39  -114.0000      21.636 0.3713   0.4346E+02  0.0000E+00  0.1398E+00  0.0000E+00      -1   0.322E-02   20.00  0.8833E-03  0.1060E+00
  40  -117.0000      24.646 0.3713   0.4346E+02  0.0000E+00  0.1398E+00  0.0000E+00      -1   0.322E-02   20.00  0.8833E-03  0.1060E+00
  41  -120.0000      27.656 0.3713   0.4346E+02  0.0000E+00  0.1398E+00  0.0000E+00      -1   0.322E-02   20.00  0.8833E-03  0.1060E+00
  42  -123.0000      30.665 0.3713   0.4346E+02  0.0000E+00  0.1398E+00  0.0000E+00      -1   0.322E-02   20.00  0.8833E-03  0.1060E+00
  43  -126.0000      33.675 0.3713   0.4346E+02  0.0000E+00  0.1398E+00  0.0000E+00      -1   0.322E-02   20.00  0.8833E-03  0.1060E+00
  44  -129.0000      36.685 0.3713   0.4346E+02  0.0000E+00  0.1398E+00  0.0000E+00      -1   0.322E-02   20.00  0.8833E-03  0.1060E+00
  45  -132.0000      39.694 0.3713   0.4346E+02  0.0000E+00  0.1398E+00  0.0000E+00      -1   0.322E-02   20.00  0.8833E-03  0.1060E+00
  46  -135.0000      42.704 0.3713   0.4346E+02  0.0000E+00  0.1398E+00  0.0000E+00      -1   0.322E-02   20.00  0.8833E-03  0.1060E+00
  47  -138.0000      45.713 0.3713   0.4346E+02  0.0000E+00  0.1398E+00  0.0000E+00      -1   0.322E-02   20.00  0.8833E-03  0.1060E+00
  48  -141.0000      48.723 0.3713   0.4346E+02  0.0000E+00  0.1398E+00  0.0000E+00      -1   0.322E-02   20.00  0.8833E-03  0.1060E+00
  49  -144.0000      51.733 0.3713   0.4346E+02  0.0000E+00  0.1398E+00  0.0000E+00      -1   0.322E-02   20.00  0.8833E-03  0.1060E+00
  50  -147.0000      54.742 0.3713   0.4346E+02  0.0000E+00  0.1398E+00  0.0000E+00      -1   0.322E-02   20.00  0.8833E-03  0.1060E+00
  51  -150.0000      57.752 0.3713   0.4346E+02  0.0000E+00  0.1398E+00  0.0000E+00      -1   0.322E-02   20.00  0.8833E-03  0.1060E+00
  52  -153.0000      60.762 0.3713   0.4346E+02  0.0000E+00  0.1398E+00  0.0000E+00      -1   0.322E-02   20.00  0.8833E-03  0.1060E+00
  53  -156.0000      63.771 0.3713   0.4346E+02  0.0000E+00  0.1398E+00  0.0000E+00      -1   0.322E-02   20.00  0.8833E-03  0.1060E+00
  54  -159.0000      66.781 0.3713   0.4346E+02  0.0000E+00  0.1397E+00  0.0000E+00      -1   0.322E-02   20.00  0.8833E-03  0.1060E+00
  55  -162.0000      69.791 0.3713   0.4346E+02  0.0000E+00  0.1397E+00  0.0000E+00      -1   0.321E-02   20.00  0.8833E-03  0.1060E+00
  56  -165.0000      72.800 0.3713   0.4346E+02  0.0000E+00  0.1397E+00  0.0000E+00      -1   0.321E-02   20.00  0.8833E-03  0.1060E+00
  57  -168.0000      75.810 0.3713   0.4346E+02  0.0000E+00  0.1397E+00  0.0000E+00      -1   0.321E-02   20.00  0.8833E-03  0.1060E+00
  58  -171.0000      78.820 0.3713   0.4346E+02  0.0000E+00  0.1397E+00  0.0000E+00      -1   0.321E-02   20.00  0.8833E-03  0.1060E+00
  59  -174.0000      81.829 0.3713   0.4346E+02  0.0000E+00  0.1397E+00  0.0000E+00      -1   0.321E-02   20.00  0.8833E-03  0.1060E+00
  60  -177.0000      84.839 0.3713   0.4346E+02  0.0000E+00  0.1397E+00  0.0000E+00      -1   0.321E-02   20.00  0.8833E-03  0.1060E+00
  61  -180.0000      87.848 0.3713   0.4346E+02  0.0000E+00  0.1397E+00  0.0000E+00      -1   0.321E-02   20.00  0.8833E-03  0.1060E+00
  62  -183.0000      90.858 0.3713   0.4346E+02  0.0000E+00  0.1397E+00  0.0000E+00      -1   0.321E-02   20.00  0.8833E-03  0.1060E+00
  63  -186.0000      93.868 0.3713   0.4346E+02  0.0000E+00  0.1397E+00  0.0000E+00      -1   0.321E-02   20.00  0.8833E-03  0.1060E+00
  64  -189.0000      96.877 0.3713   0.4346E+02  0.0000E+00  0.1397E+00  0.0000E+00      -1   0.321E-02   20.00  0.8833E-03  0.1060E+00
  65  -192.0000      99.887 0.3713   0.4346E+02  0.0000E+00  0.1397E+00  0.0000E+00      -1   0.321E-02   20.00  0.8833E-03  0.1060E+00
  66  -195.0000     102.897 0.3713   0.4346E+02  0.0000E+00  0.1397E+00  0.0000E+00      -1   0.321E-02   20.00  0.8833E-03  0.1060E+00
  67  -198.0000     105.906 0.3713   0.4346E+02  0.0000E+00  0.1398E+00  0.0000E+00      -1   0.322E-02   20.00  0.8833E-03  0.1060E+00
  68  -201.0000     108.916 0.3713   0.4346E+02  0.0000E+00  0.1398E+00  0.0000E+00      -1   0.322E-02   20.00  0.8833E-03  0.1060E+00
  69  -204.0000     111.926 0.3713   0.4346E+02  0.0000E+00  0.1398E+00  0.0000E+00      -1   0.322E-02   20.00  0.8833E-03  0.1060E+00
  70  -207.0000     114.935 0.3713   0.4346E+02  0.0000E+00  0.1398E+00  0.0000E+00      -1   0.322E-02   20.00  0.8833E-03  0.1060E+00
  71  -210.0000     117.945 0.3713   0.4346E+02  0.0000E+00  0.1398E+00  0.0000E+00      -1   0.322E-02   20.00  0.8833E-03  0.1060E+00
  72  -213.0000     120.955 0.3713   0.4346E+02  0.0000E+00  0.1398E+00  0.0000E+00      -1   0.322E-02   20.00  0.8833E-03  0.1060E+00
  73  -216.0000     123.964 0.3713   0.4346E+02  0.0000E+00  0.1398E+00  0.0000E+00      -1   0.322E-02   20.00  0.8833E-03  0.1060E+00
  74  -219.0000     126.974 0.3713   0.4346E+02  0.0000E+00  0.1398E+00  0.0000E+00      -1   0.322E-02   20.00  0.8833E-03  0.1060E+00
  75  -222.0000     129.984 0.3713   0.4346E+02  0.0000E+00  0.1398E+00  0.0000E+00      -1   0.322E-02   20.00  0.8833E-03  0.1060E+00
  76  -225.0000     132.993 0.3713   0.4346E+02  0.0000E+00  0.1397E+00  0.0000E+00      -1   0.321E-02   20.00  0.8833E-03  0.1060E+00
  77  -228.0000     136.003 0.3713   0.4346E+02  0.0000E+00  0.1397E+00  0.0000E+00      -1   0.321E-02   20.00  0.8833E-03  0.1060E+00
  78  -231.0000     139.012 0.3713   0.4346E+02  0.0000E+00  0.1397E+00  0.0000E+00      -1   0.321E-02   20.00  0.8833E-03  0.1060E+00
  79  -234.0000     142.022 0.3713   0.4346E+02  0.0000E+00  0.1397E+00  0.0000E+00      -1   0.321E-02   20.00  0.8833E-03  0.1060E+00
  80  -237.0000     145.032 0.3713   0.4346E+02  0.0000E+00  0.1397E+00  0.0000E+00      -1   0.321E-02   20.00  0.8833E-03  0.1060E+00
  81  -240.0000     148.041 0.3713   0.4346E+02  0.0000E+00  0.1397E+00  0.0000E+00      -1   0.321E-02   20.00  0.8833E-03  0.1060E+00
  82  -243.0000     151.051 0.3713   0.4346E+02  0.0000E+00  0.1397E+00  0.0000E+00      -1   0.321E-02   20.00  0.8833E-03  0.1060E+00
  83  -246.0000     154.061 0.3713   0.4346E+02  0.0000E+00  0.1397E+00  0.0000E+00      -1   0.321E-02   20.00  0.8833E-03  0.1060E+00
  84  -249.0000     157.070 0.3713   0.4346E+02  0.0000E+00  0.1397E+00  0.0000E+00      -1   0.321E-02   20.00  0.8833E-03  0.1060E+00
  85  -252.0000     160.080 0.3713   0.4346E+02  0.0000E+00  0.1397E+00  0.0000E+00      -1   0.321E-02   20.00  0.8833E-03  0.1060E+00
  86  -255.0000     163.090 0.3713   0.4346E+02  0.0000E+00  0.1397E+00  0.0000E+00      -1   0.321E-02   20.00  0.8833E-03  0.1060E+00
  87  -258.0000     166.099 0.3713   0.4346E+02  0.0000E+00  0.1397E+00  0.0000E+00      -1   0.321E-02   20.00  0.8833E-03  0.1060E+00
  88  -261.0000     169.109 0.3713   0.4346E+02  0.0000E+00  0.1397E+00  0.0000E+00      -1   0.321E-02   20.00  0.8833E-03  0.1060E+00
  89  -264.0000     172.119 0.3713   0.4346E+02  0.0000E+00  0.1398E+00  0.0000E+00      -1   0.322E-02   20.00  0.8833E-03  0.1060E+00
  90  -267.0000     175.128 0.3713   0.4346E+02  0.0000E+00  0.1398E+00  0.0000E+00      -1   0.322E-02   20.00  0.8833E-03  0.1060E+00
  91  -270.0000     178.138 0.3713   0.4346E+02  0.0000E+00  0.1397E+00  0.0000E+00      -1   0.321E-02   20.00  0.8833E-03  0.1060E+00
  92  -273.0000     181.147 0.3713   0.4346E+02  0.0000E+00  0.1398E+00  0.0000E+00      -1   0.322E-02   20.00  0.8833E-03  0.1060E+00
  93  -276.0000     184.157 0.3713   0.4346E+02  0.0000E+00  0.1398E+00  0.0000E+00      -1   0.322E-02   20.00  0.8833E-03  0.1060E+00
  94  -279.0000     187.167 0.3713   0.4346E+02  0.0000E+00  0.1398E+00  0.0000E+00      -1   0.322E-02   20.00  0.8833E-03  0.1060E+00
  95  -282.0000     190.176 0.3713   0.4346E+02  0.0000E+00  0.1398E+00  0.0000E+00      -1   0.322E-02   20.00  0.8833E-03  0.1060E+00
  96  -285.0000     193.186 0.3713   0.4346E+02  0.0000E+00  0.1398E+00  0.0000E+00      -1   0.322E-02   20.00  0.8833E-03  0.1060E+00
  97  -288.0000     196.196 0.3713   0.4346E+02  0.0000E+00  0.1398E+00  0.0000E+00      -1   0.322E-02   20.00  0.8833E-03  0.1060E+00
  98  -291.0000     199.205 0.3713   0.4346E+02  0.0000E+00  0.1398E+00  0.0000E+00      -1   0.322E-02   20.00  0.8834E-03  0.1060E+00
  99  -294.0000     202.215 0.3713   0.4346E+02  0.0000E+00  0.1398E+00  0.0000E+00      -1   0.322E-02   20.00  0.8822E-03  0.1059E+00
 100  -297.0000     205.225 0.3713   0.4346E+02  0.0000E+00  0.1398E+00  0.0000E+00      -1   0.322E-02   20.00  0.8779E-03  0.1053E+00
 101  -300.0000     208.234 0.3713   0.4346E+02  0.0000E+00  0.1399E+00  0.0000E+00      -1   0.322E-02   20.00  0.8715E-03  0.1047E+00
end
