 All solute fluxes and cumulative solute fluxes are positive into the region

       Time         cvTop        cvBot      Sum(cvTop)   Sum(cvBot)     cvCh0        cvCh1         cTop        cRoot         cBot        cvRoot    Sum(cvRoot)  Sum(cvNEql) TLevel      cGWL        cRunOff   Sum(cRunOff)    (cv(i),    Sum(cv(i)), i=1,NObs)
        [T]        [M/L2/T]     [M/L2/T]      [M/L2]       [M/L2]       [M/L2]      [M/L2]        [M/L3]      [M/L3]        [M/L3]      [M/L2/T]      [M/L2]       [M/L2]              [M/L3]        [M/L2]      [M/L3]      [M/L2/T]      [M/L2]
        0.0100  0.00000E+00 -0.17507E-02  0.00000E+00 -0.17507E-04  0.00000E+00  0.00000E+00  0.10405E-02  0.98560E-03  0.88160E-03  0.93252E-05  0.93252E-07  0.20681E-05       1  0.88318E-03  0.00000E+00  0.00000E+00  0.90214E-04  0.90214E-06 -0.28845E-02 -0.28845E-04 -0.17851E-02 -0.17851E-04
        0.0200  0.00000E+00 -0.13344E-02  0.00000E+00 -0.30851E-04  0.00000E+00  0.00000E+00  0.10410E-02  0.98581E-03  0.88152E-03  0.93277E-05  0.18653E-06  0.39291E-05       2  0.88317E-03  0.00000E+00  0.00000E+00  0.84217E-04  0.17443E-05 -0.27536E-02 -0.56381E-04 -0.17164E-02 -0.35016E-04
        0.0330  0.00000E+00 -0.15867E-02  0.00000E+00 -0.51478E-04  0.00000E+00  0.00000E+00  0.10409E-02  0.98577E-03  0.88158E-03  0.93274E-05  0.30779E-06  0.11384E-04       3  0.88317E-03  0.00000E+00  0.00000E+00  0.73709E-04  0.27025E-05 -0.25906E-02 -0.90059E-04 -0.16297E-02 -0.56201E-04
        0.0499  0.00000E+00 -0.17909E-02  0.00000E+00 -0.81744E-04  0.00000E+00  0.00000E+00  0.10408E-02  0.98578E-03  0.88159E-03  0.93278E-05  0.46543E-06  0.18858E-04       4  0.88317E-03  0.00000E+00  0.00000E+00  0.52588E-04  0.35913E-05 -0.24269E-02 -0.13107E-03 -0.15329E-02 -0.82107E-04
        0.0719  0.00000E+00 -0.19488E-02  0.00000E+00 -0.12456E-03  0.00000E+00  0.00000E+00  0.10404E-02  0.98577E-03  0.88161E-03  0.93280E-05  0.67036E-06  0.27765E-04       5  0.88317E-03  0.00000E+00  0.00000E+00  0.12344E-04  0.38624E-05 -0.22599E-02 -0.18072E-03 -0.14298E-02 -0.11352E-03
        0.1004  0.00000E+00 -0.20839E-02  0.00000E+00 -0.18408E-03  0.00000E+00  0.00000E+00  0.10400E-02  0.98578E-03  0.88163E-03  0.93283E-05  0.93679E-06  0.37077E-04       6  0.88317E-03  0.00000E+00  0.00000E+00 -0.22940E-04  0.32073E-05 -0.21090E-02 -0.24096E-03 -0.13244E-02 -0.15135E-03
        0.1376  0.00000E+00 -0.21918E-02  0.00000E+00 -0.26546E-03  0.00000E+00  0.00000E+00  0.10395E-02  0.98578E-03  0.88164E-03  0.93284E-05  0.12831E-05  0.45089E-04       7  0.88317E-03  0.00000E+00  0.00000E+00 -0.74558E-04  0.43899E-06 -0.19934E-02 -0.31497E-03 -0.12196E-02 -0.19663E-03
        0.1858  0.00000E+00 -0.22660E-02  0.00000E+00 -0.37483E-03  0.00000E+00  0.00000E+00  0.10387E-02  0.98578E-03  0.88165E-03  0.93285E-05  0.17334E-05  0.47188E-04       8  0.88317E-03  0.00000E+00  0.00000E+00 -0.15271E-03 -0.69319E-05 -0.19509E-02 -0.40913E-03 -0.11283E-02 -0.25109E-03
        0.2358  0.00000E+00 -0.22980E-02  0.00000E+00 -0.48973E-03  0.00000E+00  0.00000E+00  0.10379E-02  0.98577E-03  0.88166E-03  0.93285E-05  0.21998E-05  0.39494E-04       9  0.88317E-03  0.00000E+00  0.00000E+00 -0.23597E-03 -0.18731E-04 -0.19961E-02 -0.50894E-03 -0.10703E-02 -0.30461E-03
        0.2858  0.00000E+00 -0.22917E-02  0.00000E+00 -0.60432E-03  0.00000E+00  0.00000E+00  0.10375E-02  0.98578E-03  0.88166E-03  0.93283E-05  0.26663E-05  0.26369E-04      10  0.88317E-03  0.00000E+00  0.00000E+00 -0.27243E-03 -0.32352E-04 -0.20361E-02 -0.61075E-03 -0.10320E-02 -0.35620E-03
        0.3358  0.00000E+00 -0.22592E-02  0.00000E+00 -0.71728E-03  0.00000E+00  0.00000E+00  0.10376E-02  0.98580E-03  0.88167E-03  0.93282E-05  0.31327E-05  0.14807E-04      11  0.88317E-03  0.00000E+00  0.00000E+00 -0.25287E-03 -0.44995E-04 -0.19907E-02 -0.71028E-03 -0.99279E-03 -0.40584E-03
        0.3858  0.00000E+00 -0.22103E-02  0.00000E+00 -0.82779E-03  0.00000E+00  0.00000E+00  0.10377E-02  0.98582E-03  0.88167E-03  0.93283E-05  0.35991E-05  0.57134E-05      12  0.88317E-03  0.00000E+00  0.00000E+00 -0.23709E-03 -0.56850E-04 -0.18998E-02 -0.80527E-03 -0.94893E-03 -0.45329E-03
        0.4358  0.00000E+00 -0.21513E-02  0.00000E+00 -0.93536E-03  0.00000E+00  0.00000E+00  0.10377E-02  0.98582E-03  0.88167E-03  0.93284E-05  0.40655E-05 -0.19166E-05      13  0.88317E-03  0.00000E+00  0.00000E+00 -0.22533E-03 -0.68116E-04 -0.17932E-02 -0.89493E-03 -0.90209E-03 -0.49840E-03
        0.4858  0.00000E+00 -0.20867E-02  0.00000E+00 -0.10397E-02  0.00000E+00  0.00000E+00  0.10377E-02  0.98583E-03  0.88167E-03  0.93286E-05  0.45319E-05 -0.86683E-05      14  0.88317E-03  0.00000E+00  0.00000E+00 -0.21983E-03 -0.79108E-04 -0.16991E-02 -0.97989E-03 -0.85654E-03 -0.54122E-03
        0.5358  0.00000E+00 -0.20195E-02  0.00000E+00 -0.11407E-02  0.00000E+00  0.00000E+00  0.10376E-02  0.98584E-03  0.88167E-03  0.93287E-05  0.49984E-05 -0.15713E-04      15  0.88317E-03  0.00000E+00  0.00000E+00 -0.22043E-03 -0.90129E-04 -0.16299E-02 -0.10614E-02 -0.81545E-03 -0.58199E-03
        0.5858  0.00000E+00 -0.19516E-02  0.00000E+00 -0.12383E-02  0.00000E+00  0.00000E+00  0.10375E-02  0.98584E-03  0.88167E-03  0.93288E-05  0.54648E-05 -0.23923E-04      16  0.88317E-03  0.00000E+00  0.00000E+00 -0.22733E-03 -0.10150E-03 -0.15894E-02 -0.11409E-02 -0.78157E-03 -0.62107E-03
        0.6358  0.00000E+00 -0.18840E-02  0.00000E+00 -0.13325E-02  0.00000E+00  0.00000E+00  0.10373E-02  0.98584E-03  0.88167E-03  0.93287E-05  0.59312E-05 -0.34325E-04      17  0.88317E-03  0.00000E+00  0.00000E+00 -0.23930E-03 -0.11346E-03 -0.15777E-02 -0.12197E-02 -0.75613E-03 -0.65888E-03
        0.6858  0.00000E+00 -0.18176E-02  0.00000E+00 -0.14233E-02  0.00000E+00  0.00000E+00  0.10371E-02  0.98584E-03  0.88167E-03  0.93286E-05  0.63977E-05 -0.47612E-04      18  0.88317E-03  0.00000E+00  0.00000E+00 -0.25511E-03 -0.12622E-03 -0.15941E-02 -0.12994E-02 -0.73981E-03 -0.69587E-03
        0.7358  0.00000E+00 -0.17531E-02  0.00000E+00 -0.15110E-02  0.00000E+00  0.00000E+00  0.10369E-02  0.98583E-03  0.88166E-03  0.93284E-05  0.68641E-05 -0.64336E-04      19  0.88317E-03  0.00000E+00  0.00000E+00 -0.27279E-03 -0.13986E-03 -0.16340E-02 -0.13811E-02 -0.73275E-03 -0.73251E-03
        0.7858  0.00000E+00 -0.16911E-02  0.00000E+00 -0.15955E-02  0.00000E+00  0.00000E+00  0.10376E-02  0.98582E-03  0.88166E-03  0.93282E-05  0.73305E-05 -0.75025E-04      20  0.88317E-03  0.00000E+00  0.00000E+00 -0.19149E-03 -0.14943E-03 -0.15480E-02 -0.14585E-02 -0.71365E-03 -0.76819E-03
        0.8358  0.00000E+00 -0.16316E-02  0.00000E+00 -0.16771E-02  0.00000E+00  0.00000E+00  0.10383E-02  0.98584E-03  0.88166E-03  0.93285E-05  0.77969E-05 -0.77281E-04      21  0.88317E-03  0.00000E+00  0.00000E+00 -0.11114E-03 -0.15499E-03 -0.13874E-02 -0.15279E-02 -0.67858E-03 -0.80212E-03
        0.8858  0.00000E+00 -0.15748E-02  0.00000E+00 -0.17559E-02  0.00000E+00  0.00000E+00  0.10389E-02  0.98582E-03  0.88166E-03  0.93284E-05  0.82634E-05 -0.73875E-04      22  0.88317E-03  0.00000E+00  0.00000E+00 -0.38749E-04 -0.15692E-03 -0.11907E-02 -0.15874E-02 -0.63056E-03 -0.83365E-03
        0.9358  0.00000E+00 -0.15206E-02  0.00000E+00 -0.18319E-02  0.00000E+00  0.00000E+00  0.10395E-02  0.98583E-03  0.88166E-03  0.93289E-05  0.87298E-05 -0.65848E-04      23  0.88317E-03  0.00000E+00  0.00000E+00  0.28238E-04 -0.15551E-03 -0.10039E-02 -0.16376E-02 -0.57815E-03 -0.86256E-03
        0.9679  0.00000E+00 -0.14775E-02  0.00000E+00 -0.18793E-02  0.00000E+00  0.00000E+00  0.10399E-02  0.98581E-03  0.88166E-03  0.93290E-05  0.90291E-05 -0.59792E-04      24  0.88317E-03  0.00000E+00  0.00000E+00  0.75748E-04 -0.15308E-03 -0.89679E-03 -0.16664E-02 -0.54497E-03 -0.88004E-03
        1.0000  0.00000E+00 -0.14448E-02  0.00000E+00 -0.19257E-02  0.00000E+00  0.00000E+00  0.10400E-02  0.98582E-03  0.88166E-03  0.93292E-05  0.93285E-05 -0.53324E-04      25  0.88317E-03  0.00000E+00  0.00000E+00  0.91243E-04 -0.15015E-03 -0.81043E-03 -0.16924E-02 -0.51414E-03 -0.89654E-03
end
