 ******* Program HYDRUS
 ******* 
 Welcome to HYDRUS-1D                                                    
 Date:   3. 3.2022    Time:  23: 2:16
 Units: L = cm   , T = days , M = mg   

----------------------------------------------------------
 Time       [T]        0.0000
----------------------------------------------------------
 Sub-region num.                     1
----------------------------------------------------------
 Length   [L]        0.30000E+03  0.30000E+03
 W-volume [L]        0.10213E+03  0.10213E+03
 In-flow  [L/T]      0.00000E+00  0.00000E+00
 h Mean   [L]       -0.64961E+02 -0.64961E+02
 ConcVol  [M/L2] 1   0.26044E+00  0.26044E+00
 cMean    [M/L3] 1   0.25545E-02  0.25545E-02
 SorbVolIm[M/L2] 1   0.44439E+02  0.44439E+02
 sMeanIm  [-]    1   0.10216E+00  0.10216E+00
 Top Flux [L/T]      0.77385E-01
 Bot Flux [L/T]     -0.57951E+00
----------------------------------------------------------

----------------------------------------------------------
 Time       [T]        1.0000
----------------------------------------------------------
 Sub-region num.                     1
----------------------------------------------------------
 Length   [L]        0.30000E+03  0.30000E+03
 W-volume [L]        0.10147E+03  0.10147E+03
 In-flow  [L/T]     -0.22405E+00 -0.22405E+00
 h Mean   [L]       -0.70812E+02 -0.70812E+02
 ConcVol  [M/L2] 1   0.25870E+00  0.25870E+00
 cMean    [M/L3] 1   0.25541E-02  0.25541E-02
 SorbVolIm[M/L2] 1   0.44440E+02  0.44440E+02
 sMeanIm  [-]    1   0.10216E+00  0.10216E+00
 Top Flux [L/T]      0.40021E-01
 Bot Flux [L/T]     -0.16060E+00
 WatBalT  [L]       -0.28246E-01
 WatBalR  [%]              4.271
 CncBalT  [M]    1   0.11826E-03
 CncBalR  [%]    1         6.781
----------------------------------------------------------
 
 Calculation time [sec]  0.000000000000000E+000
