 ******* Program HYDRUS
 ******* 
 Welcome to HYDRUS-1D                                                    
 Date:  29. 3.2022    Time:  17:27:35
 Units: L = cm   , T = days , M = mg   

----------------------------------------------------------
 Time       [T]        0.0000
----------------------------------------------------------
 Sub-region num.                     1
----------------------------------------------------------
 Length   [L]        0.30000E+03  0.30000E+03
 W-volume [L]        0.10243E+03  0.10243E+03
 In-flow  [L/T]      0.00000E+00  0.00000E+00
 h Mean   [L]       -0.69666E+02 -0.69666E+02
 ConcVol  [M/L2] 1   0.91507E-01  0.91507E-01
 cMean    [M/L3] 1   0.89452E-03  0.89452E-03
 SorbVolIm[M/L2] 1   0.46693E+02  0.46693E+02
 sMeanIm  [-]    1   0.10734E+00  0.10734E+00
 Top Flux [L/T]     -0.45871E-01
 Bot Flux [L/T]     -0.17675E+01
----------------------------------------------------------

----------------------------------------------------------
 Time       [T]        1.0000
----------------------------------------------------------
 Sub-region num.                     1
----------------------------------------------------------
 Length   [L]        0.30000E+03  0.30000E+03
 W-volume [L]        0.10090E+03  0.10090E+03
 In-flow  [L/T]     -0.13722E+01 -0.13722E+01
 h Mean   [L]       -0.81392E+02 -0.81392E+02
 ConcVol  [M/L2] 1   0.90100E-01  0.90100E-01
 cMean    [M/L3] 1   0.89451E-03  0.89451E-03
 SorbVolIm[M/L2] 1   0.46693E+02  0.46693E+02
 sMeanIm  [-]    1   0.10734E+00  0.10734E+00
 Top Flux [L/T]      0.45160E-02
 Bot Flux [L/T]     -0.13137E+01
 WatBalT  [L]       -0.33736E-04
 WatBalR  [%]              0.002
 CncBalT  [M]    1   0.68665E-04
 CncBalR  [%]    1         4.355
----------------------------------------------------------
 
 Calculation time [sec]  9.999990463256836E-003
