 ******* Program HYDRUS
 ******* 
 Welcome to HYDRUS-1D                                                    
 Date:  29. 3.2022    Time:  17:27:15
 Units: L = cm   , T = days , M = mg   

----------------------------------------------------------
 Time       [T]        0.0000
----------------------------------------------------------
 Sub-region num.                     1
----------------------------------------------------------
 Length   [L]        0.30000E+03  0.30000E+03
 W-volume [L]        0.10709E+03  0.10709E+03
 In-flow  [L/T]      0.00000E+00  0.00000E+00
 h Mean   [L]        0.30938E+01  0.30938E+01
 ConcVol  [M/L2] 1   0.94953E-01  0.94953E-01
 cMean    [M/L3] 1   0.88717E-03  0.88717E-03
 SorbVolIm[M/L2] 1   0.46312E+02  0.46312E+02
 sMeanIm  [-]    1   0.10646E+00  0.10646E+00
 Top Flux [L/T]      0.52370E-01
 Bot Flux [L/T]      0.46356E+00
----------------------------------------------------------

----------------------------------------------------------
 Time       [T]        1.0000
----------------------------------------------------------
 Sub-region num.                     1
----------------------------------------------------------
 Length   [L]        0.30000E+03  0.30000E+03
 W-volume [L]        0.10839E+03  0.10839E+03
 In-flow  [L/T]     -0.46044E+00 -0.46044E+00
 h Mean   [L]        0.21569E+02  0.21569E+02
 ConcVol  [M/L2] 1   0.96121E-01  0.96121E-01
 cMean    [M/L3] 1   0.88722E-03  0.88722E-03
 SorbVolIm[M/L2] 1   0.46311E+02  0.46311E+02
 sMeanIm  [-]    1   0.10646E+00  0.10646E+00
 Top Flux [L/T]      0.23387E-01
 Bot Flux [L/T]     -0.39636E+00
 WatBalT  [L]        0.13232E-04
 WatBalR  [%]              0.001
 CncBalT  [M]    1   0.29755E-03
 CncBalR  [%]    1        25.428
----------------------------------------------------------
 
 Calculation time [sec]  9.999990463256836E-003
