 ******* Program HYDRUS
 ******* 
 Welcome to HYDRUS-1D                                                    
 Date:  28. 3.2022    Time:   9:26:45
 Units: L = cm   , T = days , M = mg   

----------------------------------------------------------
 Time       [T]        0.0000
----------------------------------------------------------
 Sub-region num.                     1
----------------------------------------------------------
 Length   [L]        0.30000E+03  0.30000E+03
 W-volume [L]        0.10527E+03  0.10527E+03
 In-flow  [L/T]      0.00000E+00  0.00000E+00
 h Mean   [L]       -0.44412E+02 -0.44412E+02
 ConcVol  [M/L2] 1   0.94112E-01  0.94112E-01
 cMean    [M/L3] 1   0.89510E-03  0.89510E-03
 SorbVolIm[M/L2] 1   0.46723E+02  0.46723E+02
 sMeanIm  [-]    1   0.10741E+00  0.10741E+00
 Top Flux [L/T]     -0.91304E-01
 Bot Flux [L/T]     -0.39405E+01
----------------------------------------------------------

----------------------------------------------------------
 Time       [T]        1.0000
----------------------------------------------------------
 Sub-region num.                     1
----------------------------------------------------------
 Length   [L]        0.30000E+03  0.30000E+03
 W-volume [L]        0.10231E+03  0.10231E+03
 In-flow  [L/T]     -0.17514E+01 -0.17514E+01
 h Mean   [L]       -0.67574E+02 -0.67574E+02
 ConcVol  [M/L2] 1   0.91415E-01  0.91415E-01
 cMean    [M/L3] 1   0.89509E-03  0.89509E-03
 SorbVolIm[M/L2] 1   0.46723E+02  0.46723E+02
 sMeanIm  [-]    1   0.10741E+00  0.10741E+00
 Top Flux [L/T]     -0.10441E-01
 Bot Flux [L/T]     -0.16704E+01
 WatBalT  [L]        0.57220E-05
 WatBalR  [%]              0.000
 CncBalT  [M]    1   0.68665E-04
 CncBalR  [%]    1         2.544
----------------------------------------------------------
 
 Calculation time [sec]  9.999990463256836E-003
