 All solute fluxes and cumulative solute fluxes are positive into the region

       Time         cvTop        cvBot      Sum(cvTop)   Sum(cvBot)     cvCh0        cvCh1         cTop        cRoot         cBot        cvRoot    Sum(cvRoot)  Sum(cvNEql) TLevel      cGWL        cRunOff   Sum(cRunOff)    (cv(i),    Sum(cv(i)), i=1,NObs)
        [T]        [M/L2/T]     [M/L2/T]      [M/L2]       [M/L2]       [M/L2]      [M/L2]        [M/L3]      [M/L3]        [M/L3]      [M/L2/T]      [M/L2]       [M/L2]              [M/L3]        [M/L2]      [M/L3]      [M/L2/T]      [M/L2]
        0.0100  0.00000E+00  0.00000E+00  0.00000E+00  0.00000E+00  0.00000E+00  0.00000E+00  0.96880E-03  0.90439E-03  0.87319E-03  0.86415E-04  0.86415E-06 -0.13412E-04       1  0.88307E-03  0.00000E+00  0.00000E+00  0.22274E-04  0.22274E-06  0.23751E-04  0.23751E-06  0.23258E-03  0.23258E-05
        0.0200  0.00000E+00  0.00000E+00  0.00000E+00  0.00000E+00  0.00000E+00  0.00000E+00  0.96864E-03  0.90442E-03  0.87106E-03  0.86416E-04  0.17283E-05 -0.26112E-04       2  0.88302E-03  0.00000E+00  0.00000E+00  0.21609E-04  0.43883E-06  0.23552E-04  0.47303E-06  0.22868E-03  0.46126E-05
        0.0330  0.00000E+00  0.00000E+00  0.00000E+00  0.00000E+00  0.00000E+00  0.00000E+00  0.96863E-03  0.90441E-03  0.87231E-03  0.86415E-04  0.28517E-05 -0.40381E-04       3  0.88305E-03  0.00000E+00  0.00000E+00  0.19797E-04  0.69619E-06  0.22979E-04  0.77176E-06  0.22371E-03  0.75208E-05
        0.0499  0.00000E+00  0.00000E+00  0.00000E+00  0.00000E+00  0.00000E+00  0.00000E+00  0.96859E-03  0.90441E-03  0.87265E-03  0.86416E-04  0.43121E-05 -0.56649E-04       4  0.88306E-03  0.00000E+00  0.00000E+00  0.16110E-04  0.96844E-06  0.22259E-04  0.11479E-05  0.21786E-03  0.11203E-04
        0.0719  0.00000E+00  0.00000E+00  0.00000E+00  0.00000E+00  0.00000E+00  0.00000E+00  0.96853E-03  0.90441E-03  0.87310E-03  0.86415E-04  0.62107E-05 -0.75782E-04       5  0.88307E-03  0.00000E+00  0.00000E+00  0.91416E-05  0.11693E-05  0.21176E-04  0.16132E-05  0.21088E-03  0.15836E-04
        0.1004  0.00000E+00  0.00000E+00  0.00000E+00  0.00000E+00  0.00000E+00  0.00000E+00  0.96843E-03  0.90441E-03  0.87340E-03  0.86415E-04  0.86788E-05 -0.98416E-04       6  0.88308E-03  0.00000E+00  0.00000E+00  0.29745E-05  0.12542E-05  0.19664E-04  0.21748E-05  0.20269E-03  0.21625E-04
        0.1376  0.00000E+00  0.00000E+00  0.00000E+00  0.00000E+00  0.00000E+00  0.00000E+00  0.96830E-03  0.90441E-03  0.87368E-03  0.86415E-04  0.11887E-04 -0.12576E-03       7  0.88309E-03  0.00000E+00  0.00000E+00 -0.28021E-05  0.11502E-05  0.17469E-04  0.28234E-05  0.19307E-03  0.28793E-04
        0.1858  0.00000E+00  0.00000E+00  0.00000E+00  0.00000E+00  0.00000E+00  0.00000E+00  0.96820E-03  0.90441E-03  0.87388E-03  0.86415E-04  0.16058E-04 -0.15932E-03       8  0.88310E-03  0.00000E+00  0.00000E+00 -0.12152E-04  0.56364E-06  0.14266E-04  0.35120E-05  0.18144E-03  0.37551E-04
        0.2358  0.00000E+00  0.00000E+00  0.00000E+00  0.00000E+00  0.00000E+00  0.00000E+00  0.96810E-03  0.90441E-03  0.87402E-03  0.86415E-04  0.20379E-04 -0.19307E-03       9  0.88310E-03  0.00000E+00  0.00000E+00 -0.23077E-04 -0.59021E-06  0.10590E-04  0.40415E-05  0.16952E-03  0.46027E-04
        0.2858  0.00000E+00  0.00000E+00  0.00000E+00  0.00000E+00  0.00000E+00  0.00000E+00  0.96806E-03  0.90441E-03  0.87411E-03  0.86416E-04  0.24700E-04 -0.22558E-03      10  0.88310E-03  0.00000E+00  0.00000E+00 -0.26986E-04 -0.19395E-05  0.73415E-05  0.44086E-05  0.15852E-03  0.53953E-04
        0.3358  0.00000E+00  0.00000E+00  0.00000E+00  0.00000E+00  0.00000E+00  0.00000E+00  0.96813E-03  0.90441E-03  0.87418E-03  0.86416E-04  0.29021E-04 -0.25277E-03      11  0.88310E-03  0.00000E+00  0.00000E+00 -0.22189E-04 -0.30490E-05  0.52697E-05  0.46721E-05  0.15374E-03  0.61640E-04
        0.3858  0.00000E+00  0.00000E+00  0.00000E+00  0.00000E+00  0.00000E+00  0.00000E+00  0.96817E-03  0.90443E-03  0.87422E-03  0.86417E-04  0.33342E-04 -0.27051E-03      12  0.88310E-03  0.00000E+00  0.00000E+00 -0.18188E-04 -0.39584E-05  0.41300E-05  0.48786E-05  0.15809E-03  0.69545E-04
        0.4358  0.00000E+00  0.00000E+00  0.00000E+00  0.00000E+00  0.00000E+00  0.00000E+00  0.96821E-03  0.90445E-03  0.87425E-03  0.86420E-04  0.37663E-04 -0.28023E-03      13  0.88310E-03  0.00000E+00  0.00000E+00 -0.15416E-04 -0.47291E-05  0.38262E-05  0.50699E-05  0.16799E-03  0.77944E-04
        0.4858  0.00000E+00  0.00000E+00  0.00000E+00  0.00000E+00  0.00000E+00  0.00000E+00  0.96823E-03  0.90446E-03  0.87427E-03  0.86421E-04  0.41984E-04 -0.28443E-03      14  0.88310E-03  0.00000E+00  0.00000E+00 -0.14150E-04 -0.54366E-05  0.40946E-05  0.52746E-05  0.18059E-03  0.86974E-04
        0.5358  0.00000E+00  0.00000E+00  0.00000E+00  0.00000E+00  0.00000E+00  0.00000E+00  0.96822E-03  0.90448E-03  0.87427E-03  0.86422E-04  0.46305E-04 -0.28574E-03      15  0.88310E-03  0.00000E+00  0.00000E+00 -0.14525E-04 -0.61629E-05  0.46867E-05  0.55090E-05  0.19266E-03  0.96607E-04
        0.5858  0.00000E+00  0.00000E+00  0.00000E+00  0.00000E+00  0.00000E+00  0.00000E+00  0.96819E-03  0.90448E-03  0.87426E-03  0.86423E-04  0.50626E-04 -0.28722E-03      16  0.88310E-03  0.00000E+00  0.00000E+00 -0.16497E-04 -0.69877E-05  0.53125E-05  0.57746E-05  0.20186E-03  0.10670E-03
        0.6358  0.00000E+00  0.00000E+00  0.00000E+00  0.00000E+00  0.00000E+00  0.00000E+00  0.96814E-03  0.90448E-03  0.87424E-03  0.86422E-04  0.54947E-04 -0.29168E-03      17  0.88310E-03  0.00000E+00  0.00000E+00 -0.19856E-04 -0.79805E-05  0.57846E-05  0.60638E-05  0.20513E-03  0.11696E-03
        0.6858  0.00000E+00  0.00000E+00  0.00000E+00  0.00000E+00  0.00000E+00  0.00000E+00  0.96808E-03  0.90447E-03  0.87422E-03  0.86421E-04  0.59268E-04 -0.30169E-03      18  0.88310E-03  0.00000E+00  0.00000E+00 -0.24241E-04 -0.91926E-05  0.58811E-05  0.63579E-05  0.20149E-03  0.12703E-03
        0.7358  0.00000E+00  0.00000E+00  0.00000E+00  0.00000E+00  0.00000E+00  0.00000E+00  0.96801E-03  0.90445E-03  0.87418E-03  0.86420E-04  0.63589E-04 -0.31906E-03      19  0.88310E-03  0.00000E+00  0.00000E+00 -0.29192E-04 -0.10652E-04  0.54255E-05  0.66292E-05  0.19046E-03  0.13655E-03
        0.7858  0.00000E+00  0.00000E+00  0.00000E+00  0.00000E+00  0.00000E+00  0.00000E+00  0.96811E-03  0.90443E-03  0.87415E-03  0.86418E-04  0.67910E-04 -0.34314E-03      20  0.88310E-03  0.00000E+00  0.00000E+00 -0.18116E-04 -0.11558E-04  0.59650E-05  0.69274E-05  0.17458E-03  0.14528E-03
        0.8358  0.00000E+00  0.00000E+00  0.00000E+00  0.00000E+00  0.00000E+00  0.00000E+00  0.96821E-03  0.90442E-03  0.87411E-03  0.86416E-04  0.72231E-04 -0.36634E-03      21  0.88310E-03  0.00000E+00  0.00000E+00 -0.76388E-05 -0.11940E-04  0.68284E-05  0.72688E-05  0.16432E-03  0.15350E-03
        0.8858  0.00000E+00  0.00000E+00  0.00000E+00  0.00000E+00  0.00000E+00  0.00000E+00  0.96829E-03  0.90443E-03  0.87408E-03  0.86417E-04  0.76552E-04 -0.38766E-03      22  0.88310E-03  0.00000E+00  0.00000E+00  0.11743E-05 -0.11881E-04  0.79685E-05  0.76672E-05  0.15685E-03  0.16134E-03
        0.9358  0.00000E+00  0.00000E+00  0.00000E+00  0.00000E+00  0.00000E+00  0.00000E+00  0.96842E-03  0.90442E-03  0.87406E-03  0.86416E-04  0.80873E-04 -0.40833E-03      23  0.88310E-03  0.00000E+00  0.00000E+00  0.12072E-04 -0.11278E-04  0.90345E-05  0.81190E-05  0.15212E-03  0.16895E-03
        0.9679  0.00000E+00  0.00000E+00  0.00000E+00  0.00000E+00  0.00000E+00  0.00000E+00  0.96852E-03  0.90443E-03  0.87404E-03  0.86417E-04  0.83645E-04 -0.42100E-03      24  0.88310E-03  0.00000E+00  0.00000E+00  0.20187E-04 -0.10630E-04  0.96122E-05  0.84274E-05  0.14962E-03  0.17375E-03
        1.0000  0.00000E+00  0.00000E+00  0.00000E+00  0.00000E+00  0.00000E+00  0.00000E+00  0.96856E-03  0.90442E-03  0.87403E-03  0.86416E-04  0.86418E-04 -0.43373E-03      25  0.88310E-03  0.00000E+00  0.00000E+00  0.22907E-04 -0.98948E-05  0.99947E-05  0.87481E-05  0.14771E-03  0.17849E-03
end
