 All solute fluxes and cumulative solute fluxes are positive into the region

       Time         cvTop        cvBot      Sum(cvTop)   Sum(cvBot)     cvCh0        cvCh1         cTop        cRoot         cBot        cvRoot    Sum(cvRoot)  Sum(cvNEql) TLevel      cGWL        cRunOff   Sum(cRunOff)    (cv(i),    Sum(cv(i)), i=1,NObs)
        [T]        [M/L2/T]     [M/L2/T]      [M/L2]       [M/L2]       [M/L2]      [M/L2]        [M/L3]      [M/L3]        [M/L3]      [M/L2/T]      [M/L2]       [M/L2]              [M/L3]        [M/L2]      [M/L3]      [M/L2/T]      [M/L2]
        0.0100  0.00000E+00 -0.63686E-04  0.00000E+00 -0.63686E-06  0.00000E+00  0.00000E+00  0.84488E-03  0.88300E-03  0.87407E-03  0.45432E-04  0.45432E-06 -0.99276E-05       1  0.88287E-03  0.00000E+00  0.00000E+00  0.55528E-04  0.55528E-06  0.68631E-04  0.68631E-06  0.94902E-04  0.94902E-06
        0.0200  0.00000E+00  0.00000E+00  0.00000E+00 -0.63686E-06  0.00000E+00  0.00000E+00  0.84465E-03  0.88304E-03  0.87084E-03  0.45433E-04  0.90865E-06 -0.17568E-04       2  0.88279E-03  0.00000E+00  0.00000E+00  0.40748E-04  0.96275E-06  0.67607E-04  0.13624E-05  0.93181E-04  0.18808E-05
        0.0330  0.00000E+00  0.00000E+00  0.00000E+00 -0.63686E-06  0.00000E+00  0.00000E+00  0.84440E-03  0.88303E-03  0.87252E-03  0.45433E-04  0.14993E-05 -0.25400E-04       3  0.88285E-03  0.00000E+00  0.00000E+00  0.65722E-05  0.10482E-05  0.65183E-04  0.22098E-05  0.90636E-04  0.30591E-05
        0.0499  0.00000E+00  0.00000E+00  0.00000E+00 -0.63686E-06  0.00000E+00  0.00000E+00  0.84399E-03  0.88303E-03  0.87314E-03  0.45433E-04  0.22671E-05 -0.33490E-04       4  0.88286E-03  0.00000E+00  0.00000E+00 -0.16606E-04  0.76755E-06  0.59103E-04  0.32086E-05  0.87304E-04  0.45345E-05
        0.0719  0.00000E+00  0.00000E+00  0.00000E+00 -0.63686E-06  0.00000E+00  0.00000E+00  0.84357E-03  0.88303E-03  0.87376E-03  0.45433E-04  0.32653E-05 -0.43759E-04       5  0.88288E-03  0.00000E+00  0.00000E+00 -0.54694E-04 -0.43408E-06  0.43685E-04  0.41683E-05  0.81677E-04  0.63290E-05
        0.1004  0.00000E+00  0.00000E+00  0.00000E+00 -0.63686E-06  0.00000E+00  0.00000E+00  0.84290E-03  0.88303E-03  0.87423E-03  0.45433E-04  0.45629E-05 -0.59093E-04       6  0.88289E-03  0.00000E+00  0.00000E+00 -0.11692E-03 -0.37734E-05  0.80888E-05  0.43994E-05  0.70089E-04  0.83308E-05
        0.1376  0.00000E+00  0.00000E+00  0.00000E+00 -0.63686E-06  0.00000E+00  0.00000E+00  0.84180E-03  0.88302E-03  0.87461E-03  0.45432E-04  0.62497E-05 -0.86798E-04       7  0.88293E-03  0.00000E+00  0.00000E+00 -0.20513E-03 -0.11390E-04 -0.70666E-04  0.17756E-05  0.42970E-04  0.99262E-05
        0.1858  0.00000E+00  0.00000E+00  0.00000E+00 -0.63686E-06  0.00000E+00  0.00000E+00  0.84055E-03  0.88301E-03  0.87491E-03  0.45432E-04  0.84426E-05 -0.14175E-03       8  0.88293E-03  0.00000E+00  0.00000E+00 -0.32984E-03 -0.27310E-04 -0.23765E-03 -0.96952E-05 -0.22265E-04  0.88515E-05
        0.2358  0.00000E+00  0.00000E+00  0.00000E+00 -0.63686E-06  0.00000E+00  0.00000E+00  0.83930E-03  0.88298E-03  0.87512E-03  0.45430E-04  0.10714E-04 -0.22374E-03       9  0.88294E-03  0.00000E+00  0.00000E+00 -0.45014E-03 -0.49817E-04 -0.48388E-03 -0.33889E-04 -0.13060E-03  0.23214E-05
        0.2858  0.00000E+00  0.00000E+00  0.00000E+00 -0.63686E-06  0.00000E+00  0.00000E+00  0.83840E-03  0.88296E-03  0.87525E-03  0.45429E-04  0.12986E-04 -0.32909E-03      10  0.88294E-03  0.00000E+00  0.00000E+00 -0.55196E-03 -0.77415E-04 -0.78649E-03 -0.73214E-04 -0.28400E-03 -0.11879E-04
        0.3358  0.00000E+00  0.00000E+00  0.00000E+00 -0.63686E-06  0.00000E+00  0.00000E+00  0.83773E-03  0.88294E-03  0.87534E-03  0.45428E-04  0.15257E-04 -0.44722E-03      11  0.88294E-03  0.00000E+00  0.00000E+00 -0.62089E-03 -0.10846E-03 -0.11082E-02 -0.12863E-03 -0.46893E-03 -0.35325E-04
        0.3858  0.00000E+00  0.00000E+00  0.00000E+00 -0.63686E-06  0.00000E+00  0.00000E+00  0.83717E-03  0.88296E-03  0.87541E-03  0.45428E-04  0.17528E-04 -0.56679E-03      12  0.88294E-03  0.00000E+00  0.00000E+00 -0.67876E-03 -0.14240E-03 -0.14114E-02 -0.19919E-03 -0.66382E-03 -0.68516E-04
        0.4358  0.00000E+00  0.00000E+00  0.00000E+00 -0.63686E-06  0.00000E+00  0.00000E+00  0.83690E-03  0.88298E-03  0.87547E-03  0.45429E-04  0.19800E-04 -0.68542E-03      13  0.88294E-03  0.00000E+00  0.00000E+00 -0.71608E-03 -0.17820E-03 -0.16846E-02 -0.28342E-03 -0.85883E-03 -0.11146E-03
        0.4858  0.00000E+00  0.00000E+00  0.00000E+00 -0.63686E-06  0.00000E+00  0.00000E+00  0.83662E-03  0.88299E-03  0.87554E-03  0.45429E-04  0.22071E-04 -0.80082E-03      14  0.88294E-03  0.00000E+00  0.00000E+00 -0.73107E-03 -0.21476E-03 -0.19346E-02 -0.38016E-03 -0.10350E-02 -0.16321E-03
        0.5358  0.00000E+00  0.00000E+00  0.00000E+00 -0.63686E-06  0.00000E+00  0.00000E+00  0.83665E-03  0.88301E-03  0.87561E-03  0.45431E-04  0.24343E-04 -0.91077E-03      15  0.88295E-03  0.00000E+00  0.00000E+00 -0.72411E-03 -0.25096E-03 -0.20855E-02 -0.48443E-03 -0.11982E-02 -0.22312E-03
        0.5858  0.00000E+00  0.00000E+00  0.00000E+00 -0.63686E-06  0.00000E+00  0.00000E+00  0.83674E-03  0.88302E-03  0.87571E-03  0.45431E-04  0.26614E-04 -0.10136E-02      16  0.88295E-03  0.00000E+00  0.00000E+00 -0.69403E-03 -0.28566E-03 -0.21461E-02 -0.59173E-03 -0.13221E-02 -0.28922E-03
        0.6358  0.00000E+00  0.00000E+00  0.00000E+00 -0.63686E-06  0.00000E+00  0.00000E+00  0.83708E-03  0.88303E-03  0.87583E-03  0.45431E-04  0.28886E-04 -0.11083E-02      17  0.88295E-03  0.00000E+00  0.00000E+00 -0.64376E-03 -0.31785E-03 -0.21137E-02 -0.69742E-03 -0.14033E-02 -0.35939E-03
        0.6858  0.00000E+00  0.00000E+00  0.00000E+00 -0.63686E-06  0.00000E+00  0.00000E+00  0.83748E-03  0.88302E-03  0.87598E-03  0.45431E-04  0.31157E-04 -0.11943E-02      18  0.88295E-03  0.00000E+00  0.00000E+00 -0.57543E-03 -0.34662E-03 -0.20051E-02 -0.79767E-03 -0.14368E-02 -0.43123E-03
        0.7358  0.00000E+00 -0.26483E-05  0.00000E+00 -0.76928E-06  0.00000E+00  0.00000E+00  0.83806E-03  0.88301E-03  0.87940E-03  0.45430E-04  0.33429E-04 -0.12635E-02      19  0.88301E-03  0.00000E+00  0.00000E+00 -0.49373E-03 -0.37131E-03 -0.18345E-02 -0.88940E-03 -0.14295E-02 -0.50270E-03
        0.7858  0.00000E+00 -0.19388E-04  0.00000E+00 -0.17387E-05  0.00000E+00  0.00000E+00  0.83899E-03  0.88299E-03  0.87920E-03  0.45429E-04  0.35700E-04 -0.13136E-02      20  0.88300E-03  0.00000E+00  0.00000E+00 -0.37429E-03 -0.39002E-03 -0.15866E-02 -0.96872E-03 -0.13740E-02 -0.57141E-03
        0.8358  0.00000E+00 -0.49665E-04  0.00000E+00 -0.42219E-05  0.00000E+00  0.00000E+00  0.83998E-03  0.88298E-03  0.87937E-03  0.45429E-04  0.37972E-04 -0.13398E-02      21  0.88301E-03  0.00000E+00  0.00000E+00 -0.24875E-03 -0.40246E-03 -0.13009E-02 -0.10338E-02 -0.12582E-02 -0.63432E-03
        0.8858  0.00000E+00 -0.83973E-04  0.00000E+00 -0.84206E-05  0.00000E+00  0.00000E+00  0.84096E-03  0.88301E-03  0.87929E-03  0.45431E-04  0.40243E-04 -0.13437E-02      22  0.88300E-03  0.00000E+00  0.00000E+00 -0.12920E-03 -0.40892E-03 -0.10156E-02 -0.10846E-02 -0.11072E-02 -0.68967E-03
        0.9358  0.00000E+00 -0.12169E-03  0.00000E+00 -0.14505E-04  0.00000E+00  0.00000E+00  0.84179E-03  0.88301E-03  0.87938E-03  0.45431E-04  0.42515E-04 -0.13335E-02      23  0.88301E-03  0.00000E+00  0.00000E+00 -0.32166E-04 -0.41053E-03 -0.76582E-03 -0.11228E-02 -0.94689E-03 -0.73702E-03
        0.9679  0.00000E+00 -0.15425E-03  0.00000E+00 -0.19454E-04  0.00000E+00  0.00000E+00  0.84212E-03  0.88302E-03  0.87935E-03  0.45431E-04  0.43973E-04 -0.13230E-02      24  0.88300E-03  0.00000E+00  0.00000E+00  0.11588E-04 -0.41016E-03 -0.62942E-03 -0.11430E-02 -0.84662E-03 -0.76418E-03
        1.0000  0.00000E+00 -0.18054E-03  0.00000E+00 -0.25247E-04  0.00000E+00  0.00000E+00  0.84243E-03  0.88301E-03  0.87939E-03  0.45431E-04  0.45430E-04 -0.13120E-02      25  0.88301E-03  0.00000E+00  0.00000E+00  0.64894E-04 -0.40807E-03 -0.52169E-03 -0.11598E-02 -0.75462E-03 -0.78839E-03
end
