 ******* Program HYDRUS
 ******* 
 Welcome to HYDRUS-1D                                                    
 Date:  29. 3.2022    Time:  17:26: 7
 Units: L = cm   , T = days , M = mg   

       Time          rTop        rRoot        vTop         vRoot        vBot       sum(rTop)   sum(rRoot)    sum(vTop)   sum(vRoot)    sum(vBot)      hTop         hRoot        hBot        RunOff    sum(RunOff)     Volume     sum(Infil)    sum(Evap) TLevel Cum(WTrans)  SnowLayer
        [T]         [L/T]        [L/T]        [L/T]        [L/T]        [L/T]         [L]          [L]          [L]         [L]           [L]         [L]           [L]         [L]          [L/T]         [L]          [L]          [L]          [L]

       0.0100  0.79439E-01  0.54231E-01  0.79443E-01  0.53865E-01 -0.23967E+01  0.79439E-03  0.54231E-03  0.79443E-03  0.53865E-03 -0.23967E-01 -0.17133E+03 -0.14649E+03  0.80788E+02  0.00000E+00  0.00000E+00  0.10389E+03  0.39465E-06  0.79483E-03      1  0.00000E+00      0.000
       0.0230  0.79270E-01  0.54231E-01  0.79268E-01  0.53861E-01 -0.22728E+01  0.18249E-02  0.12473E-02  0.18249E-02  0.12388E-02 -0.53514E-01 -0.17204E+03 -0.14701E+03  0.80788E+02  0.00000E+00  0.00000E+00  0.10386E+03  0.31049E-05  0.18280E-02      2  0.00000E+00      0.000
       0.0399  0.78853E-01  0.54231E-01  0.78856E-01  0.53855E-01 -0.21548E+01  0.31575E-02  0.21638E-02  0.31576E-02  0.21490E-02 -0.89930E-01 -0.17300E+03 -0.14776E+03  0.80788E+02  0.00000E+00  0.00000E+00  0.10382E+03  0.13671E-04  0.31712E-02      3  0.00000E+00      0.000
       0.0619  0.77986E-01  0.54231E-01  0.77982E-01  0.53848E-01 -0.20644E+01  0.48709E-02  0.33553E-02  0.48708E-02  0.33320E-02 -0.13528E+00 -0.17412E+03 -0.14867E+03  0.80788E+02  0.00000E+00  0.00000E+00  0.10377E+03  0.46456E-04  0.49173E-02      4  0.00000E+00      0.000
       0.0904  0.76336E-01  0.54231E-01  0.76333E-01  0.53839E-01 -0.19724E+01  0.70511E-02  0.49042E-02  0.70510E-02  0.48697E-02 -0.19162E+00 -0.17549E+03 -0.14983E+03  0.80788E+02  0.00000E+00  0.00000E+00  0.10371E+03  0.13621E-03  0.71872E-02      5  0.00000E+00      0.000
       0.1276  0.73391E-01  0.54231E-01  0.73389E-01  0.53827E-01 -0.18788E+01  0.97761E-02  0.69177E-02  0.97759E-02  0.68683E-02 -0.26138E+00 -0.17711E+03 -0.15125E+03  0.80788E+02  0.00000E+00  0.00000E+00  0.10364E+03  0.36222E-03  0.10138E-01      6  0.00000E+00      0.000
       0.1758  0.68465E-01  0.54231E-01  0.68469E-01  0.53813E-01 -0.17752E+01  0.13081E-01  0.95353E-02  0.13081E-01  0.94657E-02 -0.34706E+00 -0.17904E+03 -0.15299E+03  0.80788E+02  0.00000E+00  0.00000E+00  0.10354E+03  0.89380E-03  0.13975E-01      7  0.00000E+00      0.000
       0.2258  0.62504E-01  0.54231E-01  0.62505E-01  0.53799E-01 -0.16792E+01  0.16206E-01  0.12247E-01  0.16206E-01  0.12156E-01 -0.43102E+00 -0.18088E+03 -0.15468E+03  0.80788E+02  0.00000E+00  0.00000E+00  0.10345E+03  0.17425E-02  0.17948E-01      8  0.00000E+00      0.000
       0.2758  0.12391E+00  0.10040E+00  0.12391E+00  0.99575E-01 -0.15904E+01  0.22402E-01  0.17267E-01  0.22402E-01  0.17134E-01 -0.51054E+00 -0.18318E+03 -0.15639E+03  0.80788E+02  0.00000E+00  0.00000E+00  0.10337E+03  0.29041E-02  0.25306E-01      9  0.00000E+00      0.000
       0.3258  0.38849E+00  0.28499E+00  0.38849E+00  0.28253E+00 -0.15086E+01  0.41826E-01  0.31516E-01  0.41826E-01  0.31261E-01 -0.58598E+00 -0.18753E+03 -0.15856E+03  0.80788E+02  0.00000E+00  0.00000E+00  0.10327E+03  0.43627E-02  0.46189E-01     10  0.00000E+00      0.000
       0.3758  0.61308E+00  0.44167E+00  0.61308E+00  0.43765E+00 -0.14310E+01  0.72480E-01  0.53600E-01  0.72480E-01  0.53144E-01 -0.65753E+00 -0.19292E+03 -0.16137E+03  0.80788E+02  0.00000E+00  0.00000E+00  0.10315E+03  0.60735E-02  0.78554E-01     11  0.00000E+00      0.000
       0.4258  0.77570E+00  0.55513E+00  0.77571E+00  0.54972E+00 -0.13565E+01  0.11127E+00  0.81356E-01  0.11127E+00  0.80630E-01 -0.72535E+00 -0.19896E+03 -0.16466E+03  0.80788E+02  0.00000E+00  0.00000E+00  0.10302E+03  0.79668E-02  0.11923E+00     12  0.00000E+00      0.000
       0.4758  0.86044E+00  0.61424E+00  0.86044E+00  0.60783E+00 -0.12834E+01  0.15429E+00  0.11207E+00  0.15429E+00  0.11102E+00 -0.78952E+00 -0.20493E+03 -0.16820E+03  0.80788E+02  0.00000E+00  0.00000E+00  0.10289E+03  0.99553E-02  0.16424E+00     13  0.00000E+00      0.000
       0.5258  0.85899E+00  0.61323E+00  0.85899E+00  0.60639E+00 -0.12109E+01  0.19724E+00  0.14273E+00  0.19724E+00  0.14134E+00 -0.85007E+00 -0.21014E+03 -0.17172E+03  0.80788E+02  0.00000E+00  0.00000E+00  0.10275E+03  0.11942E-01  0.20918E+00     14  0.00000E+00      0.000
       0.5758  0.77150E+00  0.55219E+00  0.77150E+00  0.54567E+00 -0.11384E+01  0.23581E+00  0.17034E+00  0.23581E+00  0.16862E+00 -0.90698E+00 -0.21397E+03 -0.17495E+03  0.80788E+02  0.00000E+00  0.00000E+00  0.10263E+03  0.13831E-01  0.24964E+00     15  0.00000E+00      0.000
       0.6258  0.60653E+00  0.43710E+00  0.60653E+00  0.43170E+00 -0.10654E+01  0.26614E+00  0.19219E+00  0.26614E+00  0.19021E+00 -0.96025E+00 -0.21596E+03 -0.17760E+03  0.80788E+02  0.00000E+00  0.00000E+00  0.10252E+03  0.15534E-01  0.28167E+00     16  0.00000E+00      0.000
       0.6758  0.38023E+00  0.27922E+00  0.38023E+00  0.27568E+00 -0.99267E+00  0.28515E+00  0.20616E+00  0.28515E+00  0.20399E+00 -0.10099E+01 -0.21590E+03 -0.17946E+03  0.80788E+02  0.00000E+00  0.00000E+00  0.10243E+03  0.16984E-01  0.30213E+00     17  0.00000E+00      0.000
       0.7258  0.11475E+00  0.94012E-01  0.11475E+00  0.92807E-01 -0.92061E+00  0.29089E+00  0.21086E+00  0.29089E+00  0.20863E+00 -0.10559E+01 -0.21385E+03 -0.18038E+03  0.80788E+02  0.00000E+00  0.00000E+00  0.10236E+03  0.18135E-01  0.30902E+00     18  0.00000E+00      0.000
       0.7758  0.62710E-01  0.54231E-01  0.62710E-01  0.53536E-01 -0.85075E+00  0.29402E+00  0.21357E+00  0.29402E+00  0.21131E+00 -0.10985E+01 -0.21267E+03 -0.18073E+03  0.80788E+02  0.00000E+00  0.00000E+00  0.10231E+03  0.18973E-01  0.31300E+00     19  0.00000E+00      0.000
       0.8258  0.68651E-01  0.54231E-01  0.68648E-01  0.53535E-01 -0.78377E+00  0.29746E+00  0.21628E+00  0.29746E+00  0.21399E+00 -0.11376E+01 -0.21209E+03 -0.18100E+03  0.80788E+02  0.00000E+00  0.00000E+00  0.10226E+03  0.19515E-01  0.31697E+00     20  0.00000E+00      0.000
       0.8758  0.73694E-01  0.54231E-01  0.73696E-01  0.53534E-01 -0.72077E+00  0.30114E+00  0.21899E+00  0.30114E+00  0.21666E+00 -0.11737E+01 -0.21187E+03 -0.18128E+03  0.80788E+02  0.00000E+00  0.00000E+00  0.10222E+03  0.19804E-01  0.32094E+00     21  0.00000E+00      0.000
       0.9258  0.77346E-01  0.54231E-01  0.77344E-01  0.53532E-01 -0.66219E+00  0.30501E+00  0.22170E+00  0.30501E+00  0.21934E+00 -0.12068E+01 -0.21187E+03 -0.18161E+03  0.80788E+02  0.00000E+00  0.00000E+00  0.10218E+03  0.19911E-01  0.32492E+00     22  0.00000E+00      0.000
       0.9629  0.78938E-01  0.54231E-01  0.78938E-01  0.53530E-01 -0.62129E+00  0.30793E+00  0.22371E+00  0.30793E+00  0.22133E+00 -0.12298E+01 -0.21195E+03 -0.18187E+03  0.80788E+02  0.00000E+00  0.00000E+00  0.10215E+03  0.19931E-01  0.32787E+00     23  0.00000E+00      0.000
       1.0000  0.79478E-01  0.54231E-01  0.79479E-01  0.53527E-01 -0.58327E+00  0.31088E+00  0.22573E+00  0.31088E+00  0.22331E+00 -0.12515E+01 -0.21209E+03 -0.18214E+03  0.80788E+02  0.00000E+00  0.00000E+00  0.10213E+03  0.19931E-01  0.33081E+00     24  0.00000E+00      0.000
end
