 ******* Program HYDRUS
 ******* 
 Welcome to HYDRUS-1D                                                    
 Date:  28. 3.2022    Time:   8:56:15
 Units: L = cm   , T = days , M = mg   

       Time          rTop        rRoot        vTop         vRoot        vBot       sum(rTop)   sum(rRoot)    sum(vTop)   sum(vRoot)    sum(vBot)      hTop         hRoot        hBot        RunOff    sum(RunOff)     Volume     sum(Infil)    sum(Evap) TLevel Cum(WTrans)  SnowLayer
        [T]         [L/T]        [L/T]        [L/T]        [L/T]        [L/T]         [L]          [L]          [L]         [L]           [L]         [L]           [L]         [L]          [L/T]         [L]          [L]          [L]          [L]

       0.0100  0.91473E-01  0.20073E-01  0.91473E-01  0.19782E-01  0.19255E+00  0.91473E-03  0.20073E-03  0.91473E-03  0.19782E-03  0.19255E-02 -0.21425E+03 -0.19206E+03  0.79466E+02  0.00000E+00  0.00000E+00  0.10183E+03  0.00000E+00  0.91473E-03      1  0.00000E+00      0.000
       0.0230  0.91473E-01  0.20073E-01  0.91474E-01  0.19781E-01  0.59686E-01  0.21039E-02  0.46167E-03  0.21039E-02  0.45498E-03  0.27014E-02 -0.21433E+03 -0.19215E+03  0.79466E+02  0.00000E+00  0.00000E+00  0.10183E+03  0.00000E+00  0.21039E-02      2  0.00000E+00      0.000
       0.0399  0.91473E-01  0.20073E-01  0.91471E-01  0.19781E-01 -0.52503E-01  0.36498E-02  0.80090E-03  0.36497E-02  0.78927E-03  0.18141E-02 -0.21445E+03 -0.19229E+03  0.79466E+02  0.00000E+00  0.00000E+00  0.10182E+03  0.00000E+00  0.36497E-02      3  0.00000E+00      0.000
       0.0619  0.91473E-01  0.20073E-01  0.91471E-01  0.19780E-01 -0.11595E+00  0.56594E-02  0.12419E-02  0.56594E-02  0.12238E-02 -0.73324E-03 -0.21461E+03 -0.19247E+03  0.79466E+02  0.00000E+00  0.00000E+00  0.10182E+03  0.00000E+00  0.56594E-02      4  0.00000E+00      0.000
       0.0904  0.91473E-01  0.20073E-01  0.91474E-01  0.19779E-01 -0.16381E+00  0.82720E-02  0.18152E-02  0.82720E-02  0.17888E-02 -0.54117E-02 -0.21483E+03 -0.19272E+03  0.79466E+02  0.00000E+00  0.00000E+00  0.10181E+03  0.00000E+00  0.82720E-02      5  0.00000E+00      0.000
       0.1276  0.91473E-01  0.20073E-01  0.91471E-01  0.19778E-01 -0.19442E+00  0.11668E-01  0.25605E-02  0.11668E-01  0.25231E-02 -0.12631E-01 -0.21513E+03 -0.19303E+03  0.79466E+02  0.00000E+00  0.00000E+00  0.10180E+03  0.00000E+00  0.11668E-01      6  0.00000E+00      0.000
       0.1758  0.91473E-01  0.20073E-01  0.91475E-01  0.19776E-01 -0.21266E+00  0.16083E-01  0.35293E-02  0.16084E-01  0.34776E-02 -0.22895E-01 -0.21553E+03 -0.19345E+03  0.79466E+02  0.00000E+00  0.00000E+00  0.10178E+03  0.00000E+00  0.16084E-01      7  0.00000E+00      0.000
       0.2386  0.91473E-01  0.20073E-01  0.91473E-01  0.19774E-01 -0.21852E+00  0.21823E-01  0.47889E-02  0.21823E-01  0.47184E-02 -0.36607E-01 -0.21606E+03 -0.19397E+03  0.79466E+02  0.00000E+00  0.00000E+00  0.10176E+03  0.00000E+00  0.21823E-01      8  0.00000E+00      0.000
       0.3232  0.46512E+00  0.10207E+00  0.46513E+00  0.10048E+00 -0.21277E+00  0.61174E-01  0.13424E-01  0.61174E-01  0.13219E-01 -0.54608E-01 -0.22240E+03 -0.19633E+03  0.79466E+02  0.00000E+00  0.00000E+00  0.10170E+03  0.00000E+00  0.61174E-01      9  0.00000E+00      0.000
       0.4360  0.96447E+00  0.21164E+00  0.96447E+00  0.20801E+00 -0.19188E+00  0.16997E+00  0.37298E-01  0.16997E+00  0.36683E-01 -0.76253E-01 -0.23617E+03 -0.20241E+03  0.79466E+02  0.00000E+00  0.00000E+00  0.10156E+03  0.00000E+00  0.16997E+00     10  0.00000E+00      0.000
       0.5770  0.92787E+00  0.20361E+00  0.92787E+00  0.19973E+00 -0.15065E+00  0.30080E+00  0.66008E-01  0.30080E+00  0.64846E-01 -0.97495E-01 -0.24630E+03 -0.20930E+03  0.79466E+02  0.00000E+00  0.00000E+00  0.10138E+03  0.00000E+00  0.30080E+00     11  0.00000E+00      0.000
       0.7885  0.91473E-01  0.20073E-01  0.91474E-01  0.19691E-01 -0.76929E-01  0.32015E+00  0.70254E-01  0.32015E+00  0.69010E-01 -0.11377E+00 -0.23588E+03 -0.20994E+03  0.79466E+02  0.00000E+00  0.00000E+00  0.10130E+03  0.00000E+00  0.32015E+00     12  0.00000E+00      0.000
       1.0000  0.91473E-01  0.20073E-01  0.91471E-01  0.19703E-01 -0.13043E-01  0.33950E+00  0.74499E-01  0.33950E+00  0.73178E-01 -0.11653E+00 -0.23233E+03 -0.20811E+03  0.79466E+02  0.00000E+00  0.00000E+00  0.10128E+03  0.00000E+00  0.33950E+00     13  0.00000E+00      0.000
end
