 ******* Program HYDRUS
 ******* 
 Welcome to HYDRUS-1D                                                    
 Date:   3. 3.2022    Time:  23: 2:29
 Units: L = cm   , T = days , M = mg   

----------------------------------------------------------
 Time       [T]        0.0000
----------------------------------------------------------
 Sub-region num.                     1
----------------------------------------------------------
 Length   [L]        0.30000E+03  0.30000E+03
 W-volume [L]        0.10148E+03  0.10148E+03
 In-flow  [L/T]      0.00000E+00  0.00000E+00
 h Mean   [L]       -0.70348E+02 -0.70348E+02
 ConcVol  [M/L2] 1   0.25858E+00  0.25858E+00
 cMean    [M/L3] 1   0.25523E-02  0.25523E-02
 SorbVolIm[M/L2] 1   0.44407E+02  0.44407E+02
 sMeanIm  [-]    1   0.10209E+00  0.10209E+00
 Top Flux [L/T]      0.25315E-01
 Bot Flux [L/T]     -0.86877E-01
----------------------------------------------------------

----------------------------------------------------------
 Time       [T]        1.0000
----------------------------------------------------------
 Sub-region num.                     1
----------------------------------------------------------
 Length   [L]        0.30000E+03  0.30000E+03
 W-volume [L]        0.10128E+03  0.10128E+03
 In-flow  [L/T]      0.19639E+00  0.19639E+00
 h Mean   [L]       -0.70757E+02 -0.70757E+02
 ConcVol  [M/L2] 1   0.25801E+00  0.25801E+00
 cMean    [M/L3] 1   0.25520E-02  0.25520E-02
 SorbVolIm[M/L2] 1   0.44408E+02  0.44408E+02
 sMeanIm  [-]    1   0.10209E+00  0.10209E+00
 Top Flux [L/T]      0.26755E-01
 Bot Flux [L/T]      0.31335E+00
 WatBalT  [L]       -0.10030E+00
 WatBalR  [%]             13.045
 CncBalT  [M]    1   0.16022E-03
 CncBalR  [%]    1        16.839
----------------------------------------------------------
 
 Calculation time [sec]  9.999990463256836E-003
