 All solute fluxes and cumulative solute fluxes are positive into the region

       Time         cvTop        cvBot      Sum(cvTop)   Sum(cvBot)     cvCh0        cvCh1         cTop        cRoot         cBot        cvRoot    Sum(cvRoot)  Sum(cvNEql) TLevel      cGWL        cRunOff   Sum(cRunOff)    (cv(i),    Sum(cv(i)), i=1,NObs)
        [T]        [M/L2/T]     [M/L2/T]      [M/L2]       [M/L2]       [M/L2]      [M/L2]        [M/L3]      [M/L3]        [M/L3]      [M/L2/T]      [M/L2]       [M/L2]              [M/L3]        [M/L2]      [M/L3]      [M/L2/T]      [M/L2]
        0.0100  0.00000E+00 -0.76640E-04  0.00000E+00 -0.76640E-06  0.00000E+00  0.00000E+00  0.91022E-03  0.89457E-03  0.87729E-03  0.13902E-03  0.13902E-05 -0.11378E-04       1  0.88311E-03  0.00000E+00  0.00000E+00  0.17498E-04  0.17498E-06 -0.46669E-05 -0.46669E-07 -0.18818E-05 -0.18818E-07
        0.0200  0.00000E+00  0.00000E+00  0.00000E+00 -0.76640E-06  0.00000E+00  0.00000E+00  0.91019E-03  0.89458E-03  0.87365E-03  0.13902E-03  0.27805E-05 -0.22306E-04       2  0.88303E-03  0.00000E+00  0.00000E+00  0.14303E-04  0.31801E-06 -0.44505E-05 -0.91174E-07 -0.19936E-05 -0.38754E-07
        0.0330  0.00000E+00  0.00000E+00  0.00000E+00 -0.76640E-06  0.00000E+00  0.00000E+00  0.91012E-03  0.89458E-03  0.87564E-03  0.13902E-03  0.45878E-05 -0.33234E-04       3  0.88308E-03  0.00000E+00  0.00000E+00  0.69266E-05  0.40805E-06 -0.45254E-05 -0.15001E-06 -0.22794E-05 -0.68387E-07
        0.0499  0.00000E+00  0.00000E+00  0.00000E+00 -0.76640E-06  0.00000E+00  0.00000E+00  0.91004E-03  0.89458E-03  0.87631E-03  0.13902E-03  0.69373E-05 -0.44736E-04       4  0.88310E-03  0.00000E+00  0.00000E+00  0.11420E-05  0.42735E-06 -0.58661E-05 -0.24914E-06 -0.26454E-05 -0.11309E-06
        0.0719  0.00000E+00  0.00000E+00  0.00000E+00 -0.76640E-06  0.00000E+00  0.00000E+00  0.90995E-03  0.89458E-03  0.87706E-03  0.13902E-03  0.99917E-05 -0.57496E-04       5  0.88312E-03  0.00000E+00  0.00000E+00 -0.70075E-05  0.27340E-06 -0.10145E-04 -0.47203E-06 -0.35010E-05 -0.19001E-06
        0.1004  0.00000E+00  0.00000E+00  0.00000E+00 -0.76640E-06  0.00000E+00  0.00000E+00  0.90980E-03  0.89458E-03  0.87763E-03  0.13902E-03  0.13962E-04 -0.72178E-04       6  0.88313E-03  0.00000E+00  0.00000E+00 -0.21344E-04 -0.33620E-06 -0.20958E-04 -0.10706E-05 -0.56380E-05 -0.35104E-06
        0.1376  0.00000E+00  0.00000E+00  0.00000E+00 -0.76640E-06  0.00000E+00  0.00000E+00  0.90954E-03  0.89458E-03  0.87814E-03  0.13902E-03  0.19124E-04 -0.90487E-04       7  0.88314E-03  0.00000E+00  0.00000E+00 -0.45103E-04 -0.20108E-05 -0.44972E-04 -0.27404E-05 -0.11059E-04 -0.76165E-06
        0.1858  0.00000E+00  0.00000E+00  0.00000E+00 -0.76640E-06  0.00000E+00  0.00000E+00  0.90916E-03  0.89457E-03  0.87855E-03  0.13902E-03  0.25835E-04 -0.11557E-03       8  0.88314E-03  0.00000E+00  0.00000E+00 -0.81742E-04 -0.59564E-05 -0.93552E-04 -0.72560E-05 -0.23997E-04 -0.19200E-05
        0.2358  0.00000E+00  0.00000E+00  0.00000E+00 -0.76640E-06  0.00000E+00  0.00000E+00  0.90874E-03  0.89457E-03  0.87885E-03  0.13902E-03  0.32786E-04 -0.14476E-03       9  0.88315E-03  0.00000E+00  0.00000E+00 -0.12242E-03 -0.12078E-04 -0.16094E-03 -0.15303E-04 -0.44497E-04 -0.41448E-05
        0.2858  0.00000E+00  0.00000E+00  0.00000E+00 -0.76640E-06  0.00000E+00  0.00000E+00  0.90839E-03  0.89457E-03  0.87905E-03  0.13902E-03  0.39737E-04 -0.17728E-03      10  0.88315E-03  0.00000E+00  0.00000E+00 -0.15696E-03 -0.19926E-04 -0.23863E-03 -0.27235E-04 -0.71664E-04 -0.77281E-05
        0.3358  0.00000E+00  0.00000E+00  0.00000E+00 -0.76640E-06  0.00000E+00  0.00000E+00  0.90814E-03  0.89456E-03  0.87921E-03  0.13902E-03  0.46688E-04 -0.20975E-03      11  0.88315E-03  0.00000E+00  0.00000E+00 -0.18205E-03 -0.29028E-04 -0.31702E-03 -0.43085E-04 -0.99070E-04 -0.12682E-04
        0.3858  0.00000E+00  0.00000E+00  0.00000E+00 -0.76640E-06  0.00000E+00  0.00000E+00  0.90794E-03  0.89458E-03  0.87932E-03  0.13902E-03  0.53639E-04 -0.23821E-03      12  0.88316E-03  0.00000E+00  0.00000E+00 -0.20216E-03 -0.39136E-04 -0.39087E-03 -0.62629E-04 -0.12136E-03 -0.18750E-04
        0.4358  0.00000E+00  0.00000E+00  0.00000E+00 -0.76640E-06  0.00000E+00  0.00000E+00  0.90779E-03  0.89460E-03  0.87942E-03  0.13903E-03  0.60590E-04 -0.26281E-03      13  0.88316E-03  0.00000E+00  0.00000E+00 -0.21566E-03 -0.49919E-04 -0.45434E-03 -0.85346E-04 -0.14015E-03 -0.25757E-04
        0.4858  0.00000E+00  0.00000E+00  0.00000E+00 -0.76640E-06  0.00000E+00  0.00000E+00  0.90770E-03  0.89461E-03  0.87949E-03  0.13903E-03  0.67542E-04 -0.28423E-03      14  0.88316E-03  0.00000E+00  0.00000E+00 -0.22151E-03 -0.60995E-04 -0.50327E-03 -0.11051E-03 -0.15552E-03 -0.33533E-04
        0.5358  0.00000E+00  0.00000E+00  0.00000E+00 -0.76640E-06  0.00000E+00  0.00000E+00  0.90768E-03  0.89462E-03  0.87956E-03  0.13903E-03  0.74493E-04 -0.30313E-03      15  0.88316E-03  0.00000E+00  0.00000E+00 -0.21925E-03 -0.71957E-04 -0.53428E-03 -0.13722E-03 -0.16832E-03 -0.41949E-04
        0.5858  0.00000E+00  0.00000E+00  0.00000E+00 -0.76640E-06  0.00000E+00  0.00000E+00  0.90773E-03  0.89462E-03  0.87961E-03  0.13903E-03  0.81445E-04 -0.32054E-03      16  0.88316E-03  0.00000E+00  0.00000E+00 -0.20906E-03 -0.82410E-04 -0.54593E-03 -0.16452E-03 -0.17882E-03 -0.50890E-04
        0.6358  0.00000E+00  0.00000E+00  0.00000E+00 -0.76640E-06  0.00000E+00  0.00000E+00  0.90784E-03  0.89462E-03  0.87966E-03  0.13903E-03  0.88396E-04 -0.33742E-03      17  0.88316E-03  0.00000E+00  0.00000E+00 -0.19168E-03 -0.91994E-04 -0.53854E-03 -0.19145E-03 -0.18732E-03 -0.60257E-04
        0.6858  0.00000E+00  0.00000E+00  0.00000E+00 -0.76640E-06  0.00000E+00  0.00000E+00  0.90800E-03  0.89461E-03  0.87970E-03  0.13903E-03  0.95348E-04 -0.35485E-03      18  0.88316E-03  0.00000E+00  0.00000E+00 -0.16848E-03 -0.10042E-03 -0.51409E-03 -0.21715E-03 -0.19420E-03 -0.69966E-04
        0.7358  0.00000E+00  0.00000E+00  0.00000E+00 -0.76640E-06  0.00000E+00  0.00000E+00  0.90820E-03  0.89460E-03  0.87975E-03  0.13903E-03  0.10230E-03 -0.37374E-03      19  0.88316E-03  0.00000E+00  0.00000E+00 -0.14134E-03 -0.10749E-03 -0.47604E-03 -0.24095E-03 -0.19984E-03 -0.79959E-04
        0.7858  0.00000E+00  0.00000E+00  0.00000E+00 -0.76640E-06  0.00000E+00  0.00000E+00  0.90853E-03  0.89459E-03  0.87979E-03  0.13903E-03  0.10925E-03 -0.39339E-03      20  0.88316E-03  0.00000E+00  0.00000E+00 -0.10106E-03 -0.11254E-03 -0.41927E-03 -0.26192E-03 -0.20246E-03 -0.90081E-04
        0.8358  0.00000E+00  0.00000E+00  0.00000E+00 -0.76640E-06  0.00000E+00  0.00000E+00  0.90887E-03  0.89457E-03  0.87984E-03  0.13902E-03  0.11620E-03 -0.40809E-03      21  0.88316E-03  0.00000E+00  0.00000E+00 -0.61829E-04 -0.11563E-03 -0.35169E-03 -0.27950E-03 -0.19176E-03 -0.99669E-04
        0.8858  0.00000E+00  0.00000E+00  0.00000E+00 -0.76640E-06  0.00000E+00  0.00000E+00  0.90917E-03  0.89459E-03  0.87989E-03  0.13902E-03  0.12315E-03 -0.41777E-03      22  0.88316E-03  0.00000E+00  0.00000E+00 -0.27727E-04 -0.11702E-03 -0.28001E-03 -0.29350E-03 -0.17350E-03 -0.10834E-03
        0.9358  0.00000E+00  0.00000E+00  0.00000E+00 -0.76640E-06  0.00000E+00  0.00000E+00  0.90939E-03  0.89458E-03  0.87995E-03  0.13902E-03  0.13010E-03 -0.42446E-03      23  0.88316E-03  0.00000E+00  0.00000E+00 -0.30842E-05 -0.11717E-03 -0.21360E-03 -0.30418E-03 -0.15038E-03 -0.11586E-03
        0.9679  0.00000E+00  0.00000E+00  0.00000E+00 -0.76640E-06  0.00000E+00  0.00000E+00  0.90948E-03  0.89458E-03  0.87999E-03  0.13902E-03  0.13456E-03 -0.42768E-03      24  0.88317E-03  0.00000E+00  0.00000E+00  0.79747E-05 -0.11691E-03 -0.17546E-03 -0.30981E-03 -0.13491E-03 -0.12019E-03
        1.0000  0.00000E+00  0.00000E+00  0.00000E+00 -0.76640E-06  0.00000E+00  0.00000E+00  0.90955E-03  0.89457E-03  0.88003E-03  0.13902E-03  0.13903E-03 -0.43077E-03      25  0.88317E-03  0.00000E+00  0.00000E+00  0.19139E-04 -0.11630E-03 -0.14456E-03 -0.31445E-03 -0.11961E-03 -0.12403E-03
end
