 ******* Program HYDRUS
 ******* 
 Welcome to HYDRUS-1D                                                    
 Date:  28. 3.2022    Time:   8:56:18
 Units: L = cm   , T = days , M = mg   

----------------------------------------------------------
 Time       [T]        0.0000
----------------------------------------------------------
 Sub-region num.                     1
----------------------------------------------------------
 Length   [L]        0.30000E+03  0.30000E+03
 W-volume [L]        0.10120E+03  0.10120E+03
 In-flow  [L/T]      0.00000E+00  0.00000E+00
 h Mean   [L]       -0.71965E+02 -0.71965E+02
 ConcVol  [M/L2] 1   0.89702E-01  0.89702E-01
 cMean    [M/L3] 1   0.88711E-03  0.88711E-03
 SorbVolIm[M/L2] 1   0.46308E+02  0.46308E+02
 sMeanIm  [-]    1   0.10646E+00  0.10646E+00
 Top Flux [L/T]      0.60699E-01
 Bot Flux [L/T]      0.33325E+00
----------------------------------------------------------

----------------------------------------------------------
 Time       [T]        1.0000
----------------------------------------------------------
 Sub-region num.                     1
----------------------------------------------------------
 Length   [L]        0.30000E+03  0.30000E+03
 W-volume [L]        0.10469E+03  0.10469E+03
 In-flow  [L/T]     -0.18723E+01 -0.18723E+01
 h Mean   [L]       -0.44537E+02 -0.44537E+02
 ConcVol  [M/L2] 1   0.92829E-01  0.92829E-01
 cMean    [M/L3] 1   0.88709E-03  0.88709E-03
 SorbVolIm[M/L2] 1   0.46305E+02  0.46305E+02
 sMeanIm  [-]    1   0.10645E+00  0.10645E+00
 Top Flux [L/T]     -0.51751E-01
 Bot Flux [L/T]     -0.18243E+01
 WatBalT  [L]        0.17166E-04
 WatBalR  [%]              0.000
 CncBalT  [M]    1   0.99182E-04
 CncBalR  [%]    1         3.170
----------------------------------------------------------
 
 Calculation time [sec]  1.000002026557922E-002
