 ******* Program HYDRUS
 ******* 
 Welcome to HYDRUS-1D                                                    
 Date:  29. 3.2022    Time:  17:26:27
 Units: L = cm   , T = days , M = mg   

----------------------------------------------------------
 Time       [T]        0.0000
----------------------------------------------------------
 Sub-region num.                     1
----------------------------------------------------------
 Length   [L]        0.30000E+03  0.30000E+03
 W-volume [L]        0.10345E+03  0.10345E+03
 In-flow  [L/T]      0.00000E+00  0.00000E+00
 h Mean   [L]       -0.49432E+02 -0.49432E+02
 ConcVol  [M/L2] 1   0.91661E-01  0.91661E-01
 cMean    [M/L3] 1   0.88651E-03  0.88651E-03
 SorbVolIm[M/L2] 1   0.46278E+02  0.46278E+02
 sMeanIm  [-]    1   0.10639E+00  0.10639E+00
 Top Flux [L/T]     -0.10903E-01
 Bot Flux [L/T]     -0.13043E+00
----------------------------------------------------------

----------------------------------------------------------
 Time       [T]        1.0000
----------------------------------------------------------
 Sub-region num.                     1
----------------------------------------------------------
 Length   [L]        0.30000E+03  0.30000E+03
 W-volume [L]        0.10323E+03  0.10323E+03
 In-flow  [L/T]     -0.67483E-01 -0.67483E-01
 h Mean   [L]       -0.50618E+02 -0.50618E+02
 ConcVol  [M/L2] 1   0.91463E-01  0.91463E-01
 cMean    [M/L3] 1   0.88655E-03  0.88655E-03
 SorbVolIm[M/L2] 1   0.46278E+02  0.46278E+02
 sMeanIm  [-]    1   0.10639E+00  0.10639E+00
 Top Flux [L/T]      0.91689E-02
 Bot Flux [L/T]      0.56370E-02
 WatBalT  [L]       -0.19908E-04
 WatBalR  [%]              0.005
 CncBalT  [M]    1   0.19073E-03
 CncBalR  [%]    1        73.616
----------------------------------------------------------
 
 Calculation time [sec]  9.999990463256836E-003
