 All solute fluxes and cumulative solute fluxes are positive into the region

       Time         cvTop        cvBot      Sum(cvTop)   Sum(cvBot)     cvCh0        cvCh1         cTop        cRoot         cBot        cvRoot    Sum(cvRoot)  Sum(cvNEql) TLevel      cGWL        cRunOff   Sum(cRunOff)    (cv(i),    Sum(cv(i)), i=1,NObs)
        [T]        [M/L2/T]     [M/L2/T]      [M/L2]       [M/L2]       [M/L2]      [M/L2]        [M/L3]      [M/L3]        [M/L3]      [M/L2/T]      [M/L2]       [M/L2]              [M/L3]        [M/L2]      [M/L3]      [M/L2/T]      [M/L2]
        0.0100  0.00000E+00 -0.43433E-03  0.00000E+00 -0.43433E-05  0.00000E+00  0.00000E+00  0.86317E-03  0.88319E-03  0.88405E-03  0.18695E-04  0.18695E-06 -0.58419E-05       1  0.88323E-03  0.00000E+00  0.00000E+00  0.63917E-04  0.63917E-06 -0.34090E-03 -0.34090E-05 -0.57379E-03 -0.57379E-05
        0.0200  0.00000E+00 -0.13053E-04  0.00000E+00 -0.44738E-05  0.00000E+00  0.00000E+00  0.86311E-03  0.88324E-03  0.88128E-03  0.18696E-04  0.37391E-06 -0.44023E-05       2  0.88317E-03  0.00000E+00  0.00000E+00  0.57486E-04  0.12140E-05 -0.32895E-03 -0.66986E-05 -0.55930E-03 -0.11331E-04
        0.0330  0.00000E+00 -0.11478E-03  0.00000E+00 -0.59660E-05  0.00000E+00  0.00000E+00  0.86301E-03  0.88322E-03  0.88157E-03  0.18696E-04  0.61696E-06 -0.23704E-05       3  0.88319E-03  0.00000E+00  0.00000E+00  0.42952E-04  0.17724E-05 -0.31312E-03 -0.10769E-04 -0.53936E-03 -0.18343E-04
        0.0499  0.00000E+00 -0.26006E-03  0.00000E+00 -0.10361E-04  0.00000E+00  0.00000E+00  0.86278E-03  0.88323E-03  0.88153E-03  0.18696E-04  0.93292E-06 -0.12774E-06       4  0.88319E-03  0.00000E+00  0.00000E+00  0.13250E-04  0.19963E-05 -0.29860E-03 -0.15815E-04 -0.51707E-03 -0.27081E-04
        0.0719  0.00000E+00 -0.36442E-03  0.00000E+00 -0.18367E-04  0.00000E+00  0.00000E+00  0.86252E-03  0.88323E-03  0.88157E-03  0.18696E-04  0.13437E-05  0.15381E-05       5  0.88319E-03  0.00000E+00  0.00000E+00 -0.10635E-04  0.17627E-05 -0.28682E-03 -0.22117E-04 -0.49242E-03 -0.37900E-04
        0.1004  0.00000E+00 -0.44940E-03  0.00000E+00 -0.31203E-04  0.00000E+00  0.00000E+00  0.86221E-03  0.88322E-03  0.88157E-03  0.18696E-04  0.18776E-05  0.16696E-05       6  0.88319E-03  0.00000E+00  0.00000E+00 -0.42471E-04  0.54964E-06 -0.28500E-03 -0.30257E-04 -0.46833E-03 -0.51276E-04
        0.1376  0.00000E+00 -0.51707E-03  0.00000E+00 -0.50401E-04  0.00000E+00  0.00000E+00  0.86171E-03  0.88322E-03  0.88159E-03  0.18696E-04  0.25718E-05 -0.28075E-05       7  0.88319E-03  0.00000E+00  0.00000E+00 -0.94022E-04 -0.29413E-05 -0.30393E-03 -0.41541E-04 -0.45068E-03 -0.68009E-04
        0.1858  0.00000E+00 -0.57087E-03  0.00000E+00 -0.77956E-04  0.00000E+00  0.00000E+00  0.86098E-03  0.88321E-03  0.88159E-03  0.18696E-04  0.34742E-05 -0.18062E-04       8  0.88319E-03  0.00000E+00  0.00000E+00 -0.17120E-03 -0.11205E-04 -0.36260E-03 -0.59043E-04 -0.45188E-03 -0.89820E-04
        0.2358  0.00000E+00 -0.60878E-03  0.00000E+00 -0.10839E-03  0.00000E+00  0.00000E+00  0.86017E-03  0.88320E-03  0.88160E-03  0.18695E-04  0.44090E-05 -0.45775E-04       9  0.88319E-03  0.00000E+00  0.00000E+00 -0.25330E-03 -0.23870E-04 -0.45431E-03 -0.81758E-04 -0.47743E-03 -0.11369E-03
        0.2858  0.00000E+00 -0.63139E-03  0.00000E+00 -0.13996E-03  0.00000E+00  0.00000E+00  0.85968E-03  0.88320E-03  0.88160E-03  0.18695E-04  0.53437E-05 -0.82521E-04      10  0.88319E-03  0.00000E+00  0.00000E+00 -0.31116E-03 -0.39428E-04 -0.55542E-03 -0.10953E-03 -0.52075E-03 -0.13973E-03
        0.3358  0.00000E+00 -0.64352E-03  0.00000E+00 -0.17214E-03  0.00000E+00  0.00000E+00  0.85942E-03  0.88320E-03  0.88161E-03  0.18695E-04  0.62785E-05 -0.12314E-03      11  0.88319E-03  0.00000E+00  0.00000E+00 -0.33635E-03 -0.56245E-04 -0.63982E-03 -0.14152E-03 -0.56916E-03 -0.16819E-03
        0.3858  0.00000E+00 -0.64913E-03  0.00000E+00 -0.20460E-03  0.00000E+00  0.00000E+00  0.85919E-03  0.88322E-03  0.88161E-03  0.18696E-04  0.72133E-05 -0.16580E-03      12  0.88319E-03  0.00000E+00  0.00000E+00 -0.35694E-03 -0.74092E-04 -0.70790E-03 -0.17692E-03 -0.61571E-03 -0.19897E-03
        0.4358  0.00000E+00 -0.65064E-03  0.00000E+00 -0.23713E-03  0.00000E+00  0.00000E+00  0.85902E-03  0.88322E-03  0.88162E-03  0.18696E-04  0.81481E-05 -0.20998E-03      13  0.88319E-03  0.00000E+00  0.00000E+00 -0.36997E-03 -0.92591E-04 -0.76064E-03 -0.21495E-03 -0.65751E-03 -0.23185E-03
        0.4858  0.00000E+00 -0.64996E-03  0.00000E+00 -0.26963E-03  0.00000E+00  0.00000E+00  0.85890E-03  0.88323E-03  0.88162E-03  0.18696E-04  0.90828E-05 -0.25452E-03      14  0.88319E-03  0.00000E+00  0.00000E+00 -0.37571E-03 -0.11138E-03 -0.79943E-03 -0.25492E-03 -0.69329E-03 -0.26651E-03
        0.5358  0.00000E+00 -0.64845E-03  0.00000E+00 -0.30205E-03  0.00000E+00  0.00000E+00  0.85885E-03  0.88323E-03  0.88162E-03  0.18696E-04  0.10018E-04 -0.29869E-03      15  0.88319E-03  0.00000E+00  0.00000E+00 -0.37262E-03 -0.13001E-03 -0.82383E-03 -0.29611E-03 -0.72207E-03 -0.30262E-03
        0.5858  0.00000E+00 -0.64694E-03  0.00000E+00 -0.33440E-03  0.00000E+00  0.00000E+00  0.85887E-03  0.88324E-03  0.88162E-03  0.18696E-04  0.10952E-04 -0.34145E-03      16  0.88319E-03  0.00000E+00  0.00000E+00 -0.36177E-03 -0.14810E-03 -0.83372E-03 -0.33780E-03 -0.74310E-03 -0.33977E-03
        0.6358  0.00000E+00 -0.64602E-03  0.00000E+00 -0.36670E-03  0.00000E+00  0.00000E+00  0.85894E-03  0.88324E-03  0.88162E-03  0.18696E-04  0.11887E-04 -0.38218E-03      17  0.88319E-03  0.00000E+00  0.00000E+00 -0.34331E-03 -0.16526E-03 -0.82964E-03 -0.37928E-03 -0.75594E-03 -0.37757E-03
        0.6858  0.00000E+00 -0.64597E-03  0.00000E+00 -0.39900E-03  0.00000E+00  0.00000E+00  0.85906E-03  0.88324E-03  0.88163E-03  0.18696E-04  0.12822E-04 -0.42026E-03      18  0.88319E-03  0.00000E+00  0.00000E+00 -0.31931E-03 -0.18123E-03 -0.81306E-03 -0.41993E-03 -0.76064E-03 -0.41560E-03
        0.7358  0.00000E+00 -0.64695E-03  0.00000E+00 -0.43134E-03  0.00000E+00  0.00000E+00  0.85922E-03  0.88323E-03  0.88163E-03  0.18696E-04  0.13757E-04 -0.45553E-03      19  0.88319E-03  0.00000E+00  0.00000E+00 -0.29138E-03 -0.19580E-03 -0.78647E-03 -0.45925E-03 -0.75759E-03 -0.45348E-03
        0.7858  0.00000E+00 -0.64895E-03  0.00000E+00 -0.46379E-03  0.00000E+00  0.00000E+00  0.85990E-03  0.88323E-03  0.88163E-03  0.18696E-04  0.14692E-04 -0.48120E-03      20  0.88319E-03  0.00000E+00  0.00000E+00 -0.21067E-03 -0.20633E-03 -0.71289E-03 -0.49490E-03 -0.73415E-03 -0.49019E-03
        0.8358  0.00000E+00 -0.65168E-03  0.00000E+00 -0.49637E-03  0.00000E+00  0.00000E+00  0.86051E-03  0.88324E-03  0.88163E-03  0.18696E-04  0.15626E-04 -0.49556E-03      21  0.88319E-03  0.00000E+00  0.00000E+00 -0.12955E-03 -0.21281E-03 -0.61134E-03 -0.52547E-03 -0.68827E-03 -0.52460E-03
        0.8858  0.00000E+00 -0.65480E-03  0.00000E+00 -0.52911E-03  0.00000E+00  0.00000E+00  0.86112E-03  0.88323E-03  0.88164E-03  0.18696E-04  0.16561E-04 -0.50122E-03      22  0.88319E-03  0.00000E+00  0.00000E+00 -0.56815E-04 -0.21565E-03 -0.49948E-03 -0.55044E-03 -0.62609E-03 -0.55590E-03
        0.9358  0.00000E+00 -0.65787E-03  0.00000E+00 -0.56201E-03  0.00000E+00  0.00000E+00  0.86154E-03  0.88324E-03  0.88164E-03  0.18696E-04  0.17496E-04 -0.50024E-03      23  0.88319E-03  0.00000E+00  0.00000E+00 -0.27492E-05 -0.21579E-03 -0.39603E-03 -0.57024E-03 -0.55714E-03 -0.58376E-03
        0.9679  0.00000E+00 -0.66016E-03  0.00000E+00 -0.58319E-03  0.00000E+00  0.00000E+00  0.86182E-03  0.88322E-03  0.88164E-03  0.18696E-04  0.18096E-04 -0.49823E-03      24  0.88319E-03  0.00000E+00  0.00000E+00  0.45416E-04 -0.21433E-03 -0.33727E-03 -0.58106E-03 -0.51311E-03 -0.60023E-03
        1.0000  0.00000E+00 -0.66158E-03  0.00000E+00 -0.60442E-03  0.00000E+00  0.00000E+00  0.86206E-03  0.88323E-03  0.88164E-03  0.18696E-04  0.18696E-04 -0.49566E-03      25  0.88319E-03  0.00000E+00  0.00000E+00  0.67249E-04 -0.21217E-03 -0.28936E-03 -0.59035E-03 -0.47116E-03 -0.61534E-03
end
