 ******* Program HYDRUS
 ******* 
 Welcome to HYDRUS-1D                                                    
 Date:   3. 3.2022    Time:  23: 2:56
 Units: L = cm   , T = days , M = mg   

----------------------------------------------------------
 Time       [T]        0.0000
----------------------------------------------------------
 Sub-region num.                     1
----------------------------------------------------------
 Length   [L]        0.30000E+03  0.30000E+03
 W-volume [L]        0.98783E+02  0.98783E+02
 In-flow  [L/T]      0.00000E+00  0.00000E+00
 h Mean   [L]       -0.98732E+02 -0.98732E+02
 ConcVol  [M/L2] 1   0.25261E+00  0.25261E+00
 cMean    [M/L3] 1   0.25635E-02  0.25635E-02
 SorbVolIm[M/L2] 1   0.44597E+02  0.44597E+02
 sMeanIm  [-]    1   0.10252E+00  0.10252E+00
 Top Flux [L/T]      0.53772E-01
 Bot Flux [L/T]     -0.21730E+00
----------------------------------------------------------

----------------------------------------------------------
 Time       [T]        1.0000
----------------------------------------------------------
 Sub-region num.                     1
----------------------------------------------------------
 Length   [L]        0.30000E+03  0.30000E+03
 W-volume [L]        0.98596E+02  0.98596E+02
 In-flow  [L/T]     -0.61430E-01 -0.61430E-01
 h Mean   [L]       -0.10004E+03 -0.10004E+03
 ConcVol  [M/L2] 1   0.25209E+00  0.25209E+00
 cMean    [M/L3] 1   0.25632E-02  0.25632E-02
 SorbVolIm[M/L2] 1   0.44597E+02  0.44597E+02
 sMeanIm  [-]    1   0.10252E+00  0.10252E+00
 Top Flux [L/T]      0.54249E-01
 Bot Flux [L/T]     -0.12546E-01
 WatBalT  [L]       -0.11847E-02
 WatBalR  [%]              0.450
 CncBalT  [M]    1  -0.99182E-04
 CncBalR  [%]    1        14.240
----------------------------------------------------------
 
 Calculation time [sec]  0.000000000000000E+000
