 ******* Program HYDRUS
 ******* 
 Welcome to HYDRUS-1D                                                    
 Date:  29. 3.2022    Time:  17:27:38
 Units: L = cm   , T = days , M = mg   

       Time          rTop        rRoot        vTop         vRoot        vBot       sum(rTop)   sum(rRoot)    sum(vTop)   sum(vRoot)    sum(vBot)      hTop         hRoot        hBot        RunOff    sum(RunOff)     Volume     sum(Infil)    sum(Evap) TLevel Cum(WTrans)  SnowLayer
        [T]         [L/T]        [L/T]        [L/T]        [L/T]        [L/T]         [L]          [L]          [L]         [L]           [L]         [L]           [L]         [L]          [L/T]         [L]          [L]          [L]          [L]

       0.0100  0.55367E-01  0.78121E-01  0.55368E-01  0.76756E-01  0.86157E-01  0.55367E-03  0.78121E-03  0.55368E-03  0.76756E-03  0.86157E-03 -0.23548E+03 -0.20021E+03  0.51518E+02  0.00000E+00  0.00000E+00  0.99225E+02  0.00000E+00  0.55368E-03      1  0.00000E+00      0.000
       0.0230  0.55367E-01  0.78121E-01  0.55370E-01  0.76752E-01 -0.52511E-02  0.12734E-02  0.17968E-02  0.12735E-02  0.17653E-02  0.79330E-03 -0.23577E+03 -0.20033E+03  0.51518E+02  0.00000E+00  0.00000E+00  0.99223E+02  0.00000E+00  0.12735E-02      2  0.00000E+00      0.000
       0.0399  0.55367E-01  0.78121E-01  0.55364E-01  0.76748E-01 -0.76763E-01  0.22091E-02  0.31170E-02  0.22092E-02  0.30624E-02 -0.50400E-03 -0.23618E+03 -0.20051E+03  0.51518E+02  0.00000E+00  0.00000E+00  0.99219E+02  0.00000E+00  0.22092E-02      3  0.00000E+00      0.000
       0.0619  0.55367E-01  0.78121E-01  0.55367E-01  0.76742E-01 -0.11407E+00  0.34256E-02  0.48334E-02  0.34256E-02  0.47484E-02 -0.30101E-02 -0.23664E+03 -0.20073E+03  0.51518E+02  0.00000E+00  0.00000E+00  0.99214E+02  0.00000E+00  0.34256E-02      4  0.00000E+00      0.000
       0.0904  0.55367E-01  0.78121E-01  0.55368E-01  0.76735E-01 -0.14242E+00  0.50069E-02  0.70646E-02  0.50069E-02  0.69400E-02 -0.70777E-02 -0.23719E+03 -0.20103E+03  0.51518E+02  0.00000E+00  0.00000E+00  0.99206E+02  0.00000E+00  0.50069E-02      5  0.00000E+00      0.000
       0.1276  0.55367E-01  0.78121E-01  0.55367E-01  0.76726E-01 -0.16132E+00  0.70626E-02  0.99651E-02  0.70627E-02  0.97888E-02 -0.13067E-01 -0.23785E+03 -0.20141E+03  0.51518E+02  0.00000E+00  0.00000E+00  0.99195E+02  0.00000E+00  0.70627E-02      6  0.00000E+00      0.000
       0.1758  0.55367E-01  0.78121E-01  0.55370E-01  0.76715E-01 -0.17436E+00  0.97351E-02  0.13736E-01  0.97353E-02  0.13492E-01 -0.21483E-01 -0.23862E+03 -0.20189E+03  0.51518E+02  0.00000E+00  0.00000E+00  0.99180E+02  0.00000E+00  0.97353E-02      7  0.00000E+00      0.000
       0.2386  0.55367E-01  0.78121E-01  0.55365E-01  0.76701E-01 -0.18199E+00  0.13209E-01  0.18638E-01  0.13209E-01  0.18305E-01 -0.32903E-01 -0.23952E+03 -0.20249E+03  0.51518E+02  0.00000E+00  0.00000E+00  0.99161E+02  0.00000E+00  0.13209E-01      8  0.00000E+00      0.000
       0.3232  0.28153E+00  0.39723E+00  0.28153E+00  0.38984E+00 -0.18431E+00  0.37028E-01  0.52245E-01  0.37028E-01  0.51286E-01 -0.48496E-01 -0.24461E+03 -0.20382E+03  0.51518E+02  0.00000E+00  0.00000E+00  0.99115E+02  0.00000E+00  0.37028E-01      9  0.00000E+00      0.000
       0.4360  0.58378E+00  0.82370E+00  0.58378E+00  0.80719E+00 -0.17911E+00  0.10288E+00  0.14516E+00  0.10288E+00  0.14234E+00 -0.68701E-01 -0.25637E+03 -0.20796E+03  0.51518E+02  0.00000E+00  0.00000E+00  0.98985E+02  0.00000E+00  0.10288E+00     10  0.00000E+00      0.000
       0.5770  0.56163E+00  0.79244E+00  0.56163E+00  0.77471E+00 -0.16021E+00  0.18207E+00  0.25690E+00  0.18207E+00  0.25158E+00 -0.91291E-01 -0.26794E+03 -0.21478E+03  0.51518E+02  0.00000E+00  0.00000E+00  0.98769E+02  0.00000E+00  0.18207E+00     11  0.00000E+00      0.000
       0.7885  0.55367E-01  0.78121E-01  0.55365E-01  0.76244E-01 -0.11114E+00  0.19378E+00  0.27342E+00  0.19378E+00  0.26770E+00 -0.11480E+00 -0.26601E+03 -0.22025E+03  0.51518E+02  0.00000E+00  0.00000E+00  0.98570E+02  0.00000E+00  0.19378E+00     12  0.00000E+00      0.000
       1.0000  0.55367E-01  0.78121E-01  0.55368E-01  0.76288E-01 -0.56979E-01  0.20549E+00  0.28994E+00  0.20549E+00  0.28384E+00 -0.12685E+00 -0.26322E+03 -0.21928E+03  0.51518E+02  0.00000E+00  0.00000E+00  0.98530E+02  0.00000E+00  0.20549E+00     13  0.00000E+00      0.000
end
