 All solute fluxes and cumulative solute fluxes are positive into the region

       Time         cvTop        cvBot      Sum(cvTop)   Sum(cvBot)     cvCh0        cvCh1         cTop        cRoot         cBot        cvRoot    Sum(cvRoot)  Sum(cvNEql) TLevel      cGWL        cRunOff   Sum(cRunOff)    (cv(i),    Sum(cv(i)), i=1,NObs)
        [T]        [M/L2/T]     [M/L2/T]      [M/L2]       [M/L2]       [M/L2]      [M/L2]        [M/L3]      [M/L3]        [M/L3]      [M/L2/T]      [M/L2]       [M/L2]              [M/L3]        [M/L2]      [M/L3]      [M/L2/T]      [M/L2]
        0.0100  0.00000E+00 -0.70301E-03  0.00000E+00 -0.70301E-05  0.00000E+00  0.00000E+00  0.99773E-03  0.10007E-02  0.88160E-03  0.93750E-05  0.93750E-07  0.33690E-05       1  0.88308E-03  0.00000E+00  0.00000E+00  0.11089E-03  0.11089E-05 -0.10200E-03 -0.10200E-05  0.98199E-04  0.98199E-06
        0.0200  0.00000E+00 -0.80881E-03  0.00000E+00 -0.15118E-04  0.00000E+00  0.00000E+00  0.99784E-03  0.10000E-02  0.88162E-03  0.93706E-05  0.18746E-06  0.47098E-05       2  0.88307E-03  0.00000E+00  0.00000E+00  0.99663E-04  0.21055E-05 -0.98239E-04 -0.20024E-05  0.94847E-04  0.19305E-05
        0.0330  0.00000E+00 -0.74116E-03  0.00000E+00 -0.24753E-04  0.00000E+00  0.00000E+00  0.99750E-03  0.10002E-02  0.88160E-03  0.93721E-05  0.30929E-06  0.61931E-05       3  0.88307E-03  0.00000E+00  0.00000E+00  0.72231E-04  0.30445E-05 -0.92249E-04 -0.32017E-05  0.89919E-04  0.30994E-05
        0.0499  0.00000E+00 -0.68925E-03  0.00000E+00 -0.36402E-04  0.00000E+00  0.00000E+00  0.99702E-03  0.10002E-02  0.88160E-03  0.93716E-05  0.46767E-06  0.70927E-05       4  0.88307E-03  0.00000E+00  0.00000E+00  0.15508E-04  0.33066E-05 -0.84007E-04 -0.46214E-05  0.83172E-04  0.45050E-05
        0.0719  0.00000E+00 -0.65175E-03  0.00000E+00 -0.50721E-04  0.00000E+00  0.00000E+00  0.99601E-03  0.10002E-02  0.88160E-03  0.93718E-05  0.67357E-06  0.65122E-05       5  0.88307E-03  0.00000E+00  0.00000E+00 -0.78049E-04  0.15919E-05 -0.70291E-04 -0.61657E-05  0.72924E-04  0.61071E-05
        0.1004  0.00000E+00 -0.61769E-03  0.00000E+00 -0.68362E-04  0.00000E+00  0.00000E+00  0.99446E-03  0.10002E-02  0.88159E-03  0.93718E-05  0.94124E-06  0.62645E-06       6  0.88307E-03  0.00000E+00  0.00000E+00 -0.22391E-03 -0.48031E-05 -0.45493E-04 -0.74650E-05  0.55568E-04  0.76942E-05
        0.1376  0.00000E+00 -0.58539E-03  0.00000E+00 -0.90097E-04  0.00000E+00  0.00000E+00  0.99221E-03  0.10003E-02  0.88159E-03  0.93721E-05  0.12892E-05 -0.17988E-04       7  0.88307E-03  0.00000E+00  0.00000E+00 -0.43490E-03 -0.20951E-04 -0.95781E-04 -0.11021E-04  0.22092E-04  0.85145E-05
        0.1858  0.00000E+00 -0.55221E-03  0.00000E+00 -0.11675E-03  0.00000E+00  0.00000E+00  0.98933E-03  0.10002E-02  0.88159E-03  0.93717E-05  0.17416E-05 -0.65745E-04       8  0.88307E-03  0.00000E+00  0.00000E+00 -0.70823E-03 -0.55136E-04 -0.54365E-03 -0.37262E-04 -0.48809E-04  0.61586E-05
        0.2358  0.00000E+00 -0.52012E-03  0.00000E+00 -0.14276E-03  0.00000E+00  0.00000E+00  0.98677E-03  0.99999E-03  0.88159E-03  0.93706E-05  0.22101E-05 -0.14383E-03       9  0.88307E-03  0.00000E+00  0.00000E+00 -0.97758E-03 -0.10401E-03 -0.11763E-02 -0.96079E-04 -0.16039E-03 -0.18612E-05
        0.2858  0.00000E+00 -0.49162E-03  0.00000E+00 -0.16734E-03  0.00000E+00  0.00000E+00  0.98513E-03  0.99974E-03  0.88159E-03  0.93694E-05  0.26786E-05 -0.24318E-03      10  0.88307E-03  0.00000E+00  0.00000E+00 -0.11464E-02 -0.16133E-03 -0.18821E-02 -0.19018E-03 -0.30952E-03 -0.17337E-04
        0.3358  0.00000E+00 -0.46624E-03  0.00000E+00 -0.19065E-03  0.00000E+00  0.00000E+00  0.98436E-03  0.99947E-03  0.88159E-03  0.93682E-05  0.31470E-05 -0.35129E-03      11  0.88307E-03  0.00000E+00  0.00000E+00 -0.12213E-02 -0.22240E-03 -0.25102E-02 -0.31569E-03 -0.48050E-03 -0.41362E-04
        0.3858  0.00000E+00 -0.44353E-03  0.00000E+00 -0.21283E-03  0.00000E+00  0.00000E+00  0.98357E-03  0.99922E-03  0.88159E-03  0.93670E-05  0.36153E-05 -0.46518E-03      12  0.88307E-03  0.00000E+00  0.00000E+00 -0.12706E-02 -0.28593E-03 -0.30398E-02 -0.46768E-03 -0.65958E-03 -0.74341E-04
        0.4358  0.00000E+00 -0.42348E-03  0.00000E+00 -0.23400E-03  0.00000E+00  0.00000E+00  0.98311E-03  0.99897E-03  0.88158E-03  0.93658E-05  0.40836E-05 -0.58339E-03      13  0.88307E-03  0.00000E+00  0.00000E+00 -0.13111E-02 -0.35149E-03 -0.34468E-02 -0.64003E-03 -0.83514E-03 -0.11610E-03
        0.4858  0.00000E+00 -0.40626E-03  0.00000E+00 -0.25431E-03  0.00000E+00  0.00000E+00  0.98275E-03  0.99880E-03  0.88158E-03  0.93649E-05  0.45519E-05 -0.70260E-03      14  0.88307E-03  0.00000E+00  0.00000E+00 -0.13143E-02 -0.41720E-03 -0.38060E-02 -0.83032E-03 -0.99575E-03 -0.16589E-03
        0.5358  0.00000E+00 -0.39213E-03  0.00000E+00 -0.27392E-03  0.00000E+00  0.00000E+00  0.98258E-03  0.99860E-03  0.88158E-03  0.93639E-05  0.50201E-05 -0.82029E-03      15  0.88307E-03  0.00000E+00  0.00000E+00 -0.13060E-02 -0.48250E-03 -0.40858E-02 -0.10346E-02 -0.11352E-02 -0.22265E-03
        0.5858  0.00000E+00 -0.38141E-03  0.00000E+00 -0.29299E-03  0.00000E+00  0.00000E+00  0.98261E-03  0.99848E-03  0.88158E-03  0.93633E-05  0.54882E-05 -0.93347E-03      16  0.88307E-03  0.00000E+00  0.00000E+00 -0.12627E-02 -0.54564E-03 -0.42288E-02 -0.12461E-02 -0.12526E-02 -0.28527E-03
        0.6358  0.00000E+00 -0.37449E-03  0.00000E+00 -0.31172E-03  0.00000E+00  0.00000E+00  0.98281E-03  0.99835E-03  0.88159E-03  0.93626E-05  0.59563E-05 -0.10401E-02      17  0.88307E-03  0.00000E+00  0.00000E+00 -0.12076E-02 -0.60602E-03 -0.42608E-02 -0.14591E-02 -0.13370E-02 -0.35212E-03
        0.6858  0.00000E+00 -0.37167E-03  0.00000E+00 -0.33030E-03  0.00000E+00  0.00000E+00  0.98315E-03  0.99832E-03  0.88159E-03  0.93624E-05  0.64245E-05 -0.11381E-02      18  0.88307E-03  0.00000E+00  0.00000E+00 -0.11274E-02 -0.66239E-03 -0.41951E-02 -0.16689E-02 -0.13887E-02 -0.42156E-03
        0.7358  0.00000E+00 -0.37313E-03  0.00000E+00 -0.34896E-03  0.00000E+00  0.00000E+00  0.98360E-03  0.99827E-03  0.88159E-03  0.93622E-05  0.68926E-05 -0.12267E-02      19  0.88307E-03  0.00000E+00  0.00000E+00 -0.10419E-02 -0.71448E-03 -0.40554E-02 -0.18716E-02 -0.14080E-02 -0.49196E-03
        0.7858  0.00000E+00 -0.37900E-03  0.00000E+00 -0.36791E-03  0.00000E+00  0.00000E+00  0.98557E-03  0.99830E-03  0.88159E-03  0.93623E-05  0.73607E-05 -0.12886E-02      20  0.88307E-03  0.00000E+00  0.00000E+00 -0.78829E-03 -0.75389E-03 -0.36363E-02 -0.20534E-02 -0.13686E-02 -0.56039E-03
        0.8358  0.00000E+00 -0.38921E-03  0.00000E+00 -0.38737E-03  0.00000E+00  0.00000E+00  0.98758E-03  0.99852E-03  0.88160E-03  0.93637E-05  0.78289E-05 -0.13217E-02      21  0.88307E-03  0.00000E+00  0.00000E+00 -0.52121E-03 -0.77995E-03 -0.30646E-02 -0.22067E-02 -0.12726E-02 -0.62402E-03
        0.8858  0.00000E+00 -0.40349E-03  0.00000E+00 -0.40754E-03  0.00000E+00  0.00000E+00  0.98982E-03  0.99870E-03  0.88160E-03  0.93645E-05  0.82971E-05 -0.13332E-02      22  0.88307E-03  0.00000E+00  0.00000E+00 -0.25501E-03 -0.79270E-03 -0.24421E-02 -0.23288E-02 -0.11381E-02 -0.68093E-03
        0.9358  0.00000E+00 -0.42135E-03  0.00000E+00 -0.42861E-03  0.00000E+00  0.00000E+00  0.99175E-03  0.99899E-03  0.88160E-03  0.93661E-05  0.87654E-05 -0.13284E-02      23  0.88307E-03  0.00000E+00  0.00000E+00 -0.34044E-04 -0.79441E-03 -0.18745E-02 -0.24225E-02 -0.98934E-03 -0.73040E-03
        0.9679  0.00000E+00 -0.43786E-03  0.00000E+00 -0.44266E-03  0.00000E+00  0.00000E+00  0.99285E-03  0.99916E-03  0.88161E-03  0.93668E-05  0.90660E-05 -0.13223E-02      24  0.88307E-03  0.00000E+00  0.00000E+00  0.86439E-04 -0.79163E-03 -0.15505E-02 -0.24722E-02 -0.89442E-03 -0.75910E-03
        1.0000  0.00000E+00 -0.45195E-03  0.00000E+00 -0.45716E-03  0.00000E+00  0.00000E+00  0.99341E-03  0.99930E-03  0.88161E-03  0.93675E-05  0.93665E-05 -0.13149E-02      25  0.88307E-03  0.00000E+00  0.00000E+00  0.13144E-03 -0.78742E-03 -0.12877E-02 -0.25136E-02 -0.80512E-03 -0.78493E-03
end
