 ******* Program HYDRUS
 ******* 
 Welcome to HYDRUS-1D                                                    
 Date:  29. 3.2022    Time:  17:27:34
 Units: L = cm   , T = days , M = mg   

----------------------------------------------------------
 Time       [T]        0.0000
----------------------------------------------------------
 Sub-region num.                     1
----------------------------------------------------------
 Length   [L]        0.30000E+03  0.30000E+03
 W-volume [L]        0.10980E+03  0.10980E+03
 In-flow  [L/T]      0.00000E+00  0.00000E+00
 h Mean   [L]        0.54194E+02  0.54194E+02
 ConcVol  [M/L2] 1   0.98142E-01  0.98142E-01
 cMean    [M/L3] 1   0.89467E-03  0.89467E-03
 SorbVolIm[M/L2] 1   0.46703E+02  0.46703E+02
 sMeanIm  [-]    1   0.10736E+00  0.10736E+00
 Top Flux [L/T]      0.31198E-01
 Bot Flux [L/T]      0.11583E+00
----------------------------------------------------------

----------------------------------------------------------
 Time       [T]        1.0000
----------------------------------------------------------
 Sub-region num.                     1
----------------------------------------------------------
 Length   [L]        0.30000E+03  0.30000E+03
 W-volume [L]        0.10987E+03  0.10987E+03
 In-flow  [L/T]      0.52919E-01  0.52919E-01
 h Mean   [L]        0.55853E+02  0.55853E+02
 ConcVol  [M/L2] 1   0.98208E-01  0.98208E-01
 cMean    [M/L3] 1   0.89469E-03  0.89469E-03
 SorbVolIm[M/L2] 1   0.46703E+02  0.46703E+02
 sMeanIm  [-]    1   0.10736E+00  0.10736E+00
 Top Flux [L/T]      0.25558E-01
 Bot Flux [L/T]      0.78696E-01
 WatBalT  [L]        0.90525E-05
 WatBalR  [%]              0.004
 CncBalT  [M]    1   0.00000E+00
 CncBalR  [%]    1         0.000
----------------------------------------------------------
 
 Calculation time [sec]  0.000000000000000E+000
