 ******* Program HYDRUS
 ******* 
 Welcome to HYDRUS-1D                                                    
 Date:  28. 3.2022    Time:   8:57: 7
 Units: L = cm   , T = days , M = mg   

----------------------------------------------------------
 Time       [T]        0.0000
----------------------------------------------------------
 Sub-region num.                     1
----------------------------------------------------------
 Length   [L]        0.30000E+03  0.30000E+03
 W-volume [L]        0.10129E+03  0.10129E+03
 In-flow  [L/T]      0.00000E+00  0.00000E+00
 h Mean   [L]       -0.72930E+02 -0.72930E+02
 ConcVol  [M/L2] 1   0.89497E-01  0.89497E-01
 cMean    [M/L3] 1   0.88365E-03  0.88365E-03
 SorbVolIm[M/L2] 1   0.46127E+02  0.46127E+02
 sMeanIm  [-]    1   0.10604E+00  0.10604E+00
 Top Flux [L/T]      0.16100E-01
 Bot Flux [L/T]     -0.17387E+00
----------------------------------------------------------

----------------------------------------------------------
 Time       [T]        1.0000
----------------------------------------------------------
 Sub-region num.                     1
----------------------------------------------------------
 Length   [L]        0.30000E+03  0.30000E+03
 W-volume [L]        0.10057E+03  0.10057E+03
 In-flow  [L/T]     -0.73215E-01 -0.73215E-01
 h Mean   [L]       -0.79264E+02 -0.79264E+02
 ConcVol  [M/L2] 1   0.88861E-01  0.88861E-01
 cMean    [M/L3] 1   0.88367E-03  0.88367E-03
 SorbVolIm[M/L2] 1   0.46128E+02  0.46128E+02
 sMeanIm  [-]    1   0.10604E+00  0.10604E+00
 Top Flux [L/T]      0.29967E-01
 Bot Flux [L/T]      0.51397E-01
 WatBalT  [L]       -0.10209E+00
 WatBalR  [%]             14.161
 CncBalT  [M]    1   0.22507E-03
 CncBalR  [%]    1        35.276
----------------------------------------------------------
 
 Calculation time [sec]  9.999990463256836E-003
