 ******* Program HYDRUS
 ******* 
 Welcome to HYDRUS-1D                                                    
 Date:  28. 3.2022    Time:   8:57:50
 Units: L = cm   , T = days , M = mg   

----------------------------------------------------------
 Time       [T]        0.0000
----------------------------------------------------------
 Sub-region num.                     1
----------------------------------------------------------
 Length   [L]        0.30000E+03  0.30000E+03
 W-volume [L]        0.98545E+02  0.98545E+02
 In-flow  [L/T]      0.00000E+00  0.00000E+00
 h Mean   [L]       -0.10053E+03 -0.10053E+03
 ConcVol  [M/L2] 1   0.87991E-01  0.87991E-01
 cMean    [M/L3] 1   0.89504E-03  0.89504E-03
 SorbVolIm[M/L2] 1   0.46721E+02  0.46721E+02
 sMeanIm  [-]    1   0.10741E+00  0.10741E+00
 Top Flux [L/T]      0.62034E-01
 Bot Flux [L/T]     -0.57917E-01
----------------------------------------------------------

----------------------------------------------------------
 Time       [T]        1.0000
----------------------------------------------------------
 Sub-region num.                     1
----------------------------------------------------------
 Length   [L]        0.30000E+03  0.30000E+03
 W-volume [L]        0.98468E+02  0.98468E+02
 In-flow  [L/T]      0.67514E-01  0.67514E-01
 h Mean   [L]       -0.10081E+03 -0.10081E+03
 ConcVol  [M/L2] 1   0.87925E-01  0.87925E-01
 cMean    [M/L3] 1   0.89505E-03  0.89505E-03
 SorbVolIm[M/L2] 1   0.46721E+02  0.46721E+02
 sMeanIm  [-]    1   0.10741E+00  0.10741E+00
 Top Flux [L/T]      0.36195E-01
 Bot Flux [L/T]      0.15734E+00
 WatBalT  [L]        0.19133E-04
 WatBalR  [%]              0.004
 CncBalT  [M]    1  -0.38147E-05
 CncBalR  [%]    1         2.963
----------------------------------------------------------
 
 Calculation time [sec]  9.999990463256836E-003
