 ******* Program HYDRUS
 ******* 
 Welcome to HYDRUS-1D                                                    
 Date:  29. 3.2022    Time:  17:27:23
 Units: L = cm   , T = days , M = mg   

       Time          rTop        rRoot        vTop         vRoot        vBot       sum(rTop)   sum(rRoot)    sum(vTop)   sum(vRoot)    sum(vBot)      hTop         hRoot        hBot        RunOff    sum(RunOff)     Volume     sum(Infil)    sum(Evap) TLevel Cum(WTrans)  SnowLayer
        [T]         [L/T]        [L/T]        [L/T]        [L/T]        [L/T]         [L]          [L]          [L]         [L]           [L]         [L]           [L]         [L]          [L/T]         [L]          [L]          [L]          [L]

       0.0100  0.31734E-01  0.93359E-02  0.31731E-01  0.93354E-02 -0.92182E-01  0.31734E-03  0.93359E-04  0.31731E-03  0.93354E-04 -0.92182E-03 -0.54207E+02 -0.10777E+02  0.24517E+03  0.00000E+00  0.00000E+00  0.11099E+03  0.00000E+00  0.31731E-03      1  0.00000E+00      0.000
       0.0230  0.31734E-01  0.93359E-02  0.31730E-01  0.93354E-02 -0.80688E-01  0.72987E-03  0.21473E-03  0.72980E-03  0.21471E-03 -0.19708E-02 -0.54291E+02 -0.10846E+02  0.24517E+03  0.00000E+00  0.00000E+00  0.11099E+03  0.00000E+00  0.72980E-03      2  0.00000E+00      0.000
       0.0399  0.31734E-01  0.93359E-02  0.31737E-01  0.93354E-02 -0.65655E-01  0.12662E-02  0.37250E-03  0.12662E-02  0.37248E-03 -0.30803E-02 -0.54401E+02 -0.10937E+02  0.24517E+03  0.00000E+00  0.00000E+00  0.11099E+03  0.00000E+00  0.12662E-02      3  0.00000E+00      0.000
       0.0619  0.31734E-01  0.93359E-02  0.31734E-01  0.93354E-02 -0.49739E-01  0.19634E-02  0.57761E-03  0.19634E-02  0.57758E-03 -0.41731E-02 -0.54515E+02 -0.11034E+02  0.24517E+03  0.00000E+00  0.00000E+00  0.11099E+03  0.00000E+00  0.19634E-02      4  0.00000E+00      0.000
       0.0904  0.31734E-01  0.93359E-02  0.31731E-01  0.93354E-02 -0.32496E-01  0.28697E-02  0.84425E-03  0.28696E-02  0.84421E-03 -0.51012E-02 -0.54639E+02 -0.11138E+02  0.24517E+03  0.00000E+00  0.00000E+00  0.11098E+03  0.00000E+00  0.28696E-02      5  0.00000E+00      0.000
       0.1276  0.31734E-01  0.93359E-02  0.31730E-01  0.93354E-02 -0.15696E-01  0.40480E-02  0.11909E-02  0.40477E-02  0.11908E-02 -0.56840E-02 -0.54762E+02 -0.11240E+02  0.24517E+03  0.00000E+00  0.00000E+00  0.11098E+03  0.00000E+00  0.40477E-02      6  0.00000E+00      0.000
       0.1758  0.31734E-01  0.93359E-02  0.31732E-01  0.93354E-02  0.22279E-03  0.55797E-02  0.16415E-02  0.55794E-02  0.16414E-02 -0.56732E-02 -0.54876E+02 -0.11336E+02  0.24517E+03  0.00000E+00  0.00000E+00  0.11098E+03  0.00000E+00  0.55794E-02      7  0.00000E+00      0.000
       0.2386  0.31734E-01  0.93359E-02  0.31729E-01  0.93354E-02  0.13927E-01  0.75709E-02  0.22273E-02  0.75703E-02  0.22272E-02 -0.47994E-02 -0.54975E+02 -0.11419E+02  0.24517E+03  0.00000E+00  0.00000E+00  0.11098E+03  0.00000E+00  0.75703E-02      8  0.00000E+00      0.000
       0.3232  0.16136E+00  0.47472E-01  0.16136E+00  0.47469E-01  0.75380E-01  0.21222E-01  0.62436E-02  0.21222E-01  0.62432E-02  0.15780E-02 -0.55617E+02 -0.11811E+02  0.24517E+03  0.00000E+00  0.00000E+00  0.11097E+03  0.00000E+00  0.21222E-01      9  0.00000E+00      0.000
       0.4360  0.33459E+00  0.98436E-01  0.33459E+00  0.98430E-01  0.21465E+00  0.58966E-01  0.17348E-01  0.58965E-01  0.17346E-01  0.25791E-01 -0.56890E+02 -0.12678E+02  0.24517E+03  0.00000E+00  0.00000E+00  0.11095E+03  0.00000E+00  0.58965E-01     10  0.00000E+00      0.000
       0.5770  0.32190E+00  0.94701E-01  0.32189E+00  0.94695E-01  0.31678E+00  0.10435E+00  0.30701E-01  0.10435E+00  0.30699E-01  0.70458E-01 -0.57608E+02 -0.13294E+02  0.24517E+03  0.00000E+00  0.00000E+00  0.11094E+03  0.00000E+00  0.10435E+00     11  0.00000E+00      0.000
       0.7885  0.31734E-01  0.93359E-02  0.31731E-01  0.93353E-02  0.19873E+00  0.11107E+00  0.32675E-01  0.11106E+00  0.32673E-01  0.11249E+00 -0.56280E+02 -0.12533E+02  0.24517E+03  0.00000E+00  0.00000E+00  0.11095E+03  0.00000E+00  0.11106E+00     12  0.00000E+00      0.000
       1.0000  0.31734E-01  0.93359E-02  0.31731E-01  0.93354E-02  0.11119E+00  0.11778E+00  0.34650E-01  0.11778E+00  0.34648E-01  0.13601E+00 -0.55683E+02 -0.12010E+02  0.24517E+03  0.00000E+00  0.00000E+00  0.11097E+03  0.00000E+00  0.11778E+00     13  0.00000E+00      0.000
end
