 All solute fluxes and cumulative solute fluxes are positive into the region

       Time         cvTop        cvBot      Sum(cvTop)   Sum(cvBot)     cvCh0        cvCh1         cTop        cRoot         cBot        cvRoot    Sum(cvRoot)  Sum(cvNEql) TLevel      cGWL        cRunOff   Sum(cRunOff)    (cv(i),    Sum(cv(i)), i=1,NObs)
        [T]        [M/L2/T]     [M/L2/T]      [M/L2]       [M/L2]       [M/L2]      [M/L2]        [M/L3]      [M/L3]        [M/L3]      [M/L2/T]      [M/L2]       [M/L2]              [M/L3]        [M/L2]      [M/L3]      [M/L2/T]      [M/L2]
        0.0100  0.00000E+00  0.00000E+00  0.00000E+00  0.00000E+00  0.00000E+00  0.00000E+00  0.96474E-03  0.90297E-03  0.87622E-03  0.85769E-04  0.85769E-06 -0.60675E-05       1  0.88314E-03  0.00000E+00  0.00000E+00  0.44478E-04  0.44478E-06  0.17562E-04  0.17562E-06  0.17171E-03  0.17171E-05
        0.0230  0.00000E+00  0.00000E+00  0.00000E+00  0.00000E+00  0.00000E+00  0.00000E+00  0.96465E-03  0.90300E-03  0.87638E-03  0.85771E-04  0.19727E-05 -0.63912E-05       2  0.88314E-03  0.00000E+00  0.00000E+00  0.43151E-04  0.10057E-05  0.17283E-04  0.40029E-06  0.16890E-03  0.39129E-05
        0.0399  0.00000E+00  0.00000E+00  0.00000E+00  0.00000E+00  0.00000E+00  0.00000E+00  0.96466E-03  0.90299E-03  0.87626E-03  0.85771E-04  0.34222E-05 -0.90882E-05       3  0.88314E-03  0.00000E+00  0.00000E+00  0.39879E-04  0.16797E-05  0.16759E-04  0.68351E-06  0.16505E-03  0.67023E-05
        0.0619  0.00000E+00  0.00000E+00  0.00000E+00  0.00000E+00  0.00000E+00  0.00000E+00  0.96459E-03  0.90300E-03  0.87619E-03  0.85771E-04  0.53066E-05 -0.12045E-04       4  0.88314E-03  0.00000E+00  0.00000E+00  0.33073E-04  0.24063E-05  0.16002E-04  0.10351E-05  0.16063E-03  0.10231E-04
        0.0904  0.00000E+00  0.00000E+00  0.00000E+00  0.00000E+00  0.00000E+00  0.00000E+00  0.96447E-03  0.90299E-03  0.87610E-03  0.85771E-04  0.77563E-05 -0.16763E-04       5  0.88314E-03  0.00000E+00  0.00000E+00  0.20061E-04  0.29793E-05  0.14755E-04  0.14565E-05  0.15501E-03  0.14659E-04
        0.1276  0.00000E+00  0.00000E+00  0.00000E+00  0.00000E+00  0.00000E+00  0.00000E+00  0.96426E-03  0.90300E-03  0.87603E-03  0.85771E-04  0.10941E-04 -0.23432E-04       6  0.88314E-03  0.00000E+00  0.00000E+00  0.25561E-05  0.30742E-05  0.12675E-04  0.19271E-05  0.14763E-03  0.20140E-04
        0.1758  0.00000E+00  0.00000E+00  0.00000E+00  0.00000E+00  0.00000E+00  0.00000E+00  0.96409E-03  0.90299E-03  0.87595E-03  0.85771E-04  0.15081E-04 -0.33756E-04       7  0.88313E-03  0.00000E+00  0.00000E+00 -0.98502E-05  0.25987E-05  0.91456E-05  0.23686E-05  0.13701E-03  0.26753E-04
        0.2258  0.00000E+00  0.00000E+00  0.00000E+00  0.00000E+00  0.00000E+00  0.00000E+00  0.96395E-03  0.90299E-03  0.87588E-03  0.85771E-04  0.19369E-04 -0.46007E-04       8  0.88313E-03  0.00000E+00  0.00000E+00 -0.24627E-04  0.13674E-05  0.46890E-05  0.26030E-05  0.12454E-03  0.32980E-04
        0.2758  0.00000E+00  0.00000E+00  0.00000E+00  0.00000E+00  0.00000E+00  0.00000E+00  0.96390E-03  0.90299E-03  0.87583E-03  0.85771E-04  0.23658E-04 -0.59009E-04       9  0.88313E-03  0.00000E+00  0.00000E+00 -0.29398E-04 -0.10252E-06  0.86647E-06  0.26464E-05  0.11201E-03  0.38581E-04
        0.3258  0.00000E+00  0.00000E+00  0.00000E+00  0.00000E+00  0.00000E+00  0.00000E+00  0.96419E-03  0.90300E-03  0.87578E-03  0.85771E-04  0.27947E-04 -0.65733E-04      10  0.88313E-03  0.00000E+00  0.00000E+00 -0.20060E-05 -0.20282E-06  0.14311E-05  0.27179E-05  0.10986E-03  0.44073E-04
        0.3758  0.00000E+00  0.00000E+00  0.00000E+00  0.00000E+00  0.00000E+00  0.00000E+00  0.96472E-03  0.90302E-03  0.87574E-03  0.85773E-04  0.32235E-04 -0.55034E-04      11  0.88313E-03  0.00000E+00  0.00000E+00  0.56456E-04  0.26200E-05  0.48297E-05  0.29594E-05  0.13194E-03  0.50671E-04
        0.4258  0.00000E+00  0.00000E+00  0.00000E+00  0.00000E+00  0.00000E+00  0.00000E+00  0.96530E-03  0.90307E-03  0.87569E-03  0.85778E-04  0.36524E-04 -0.28621E-04      12  0.88313E-03  0.00000E+00  0.00000E+00  0.10813E-03  0.80263E-05  0.10127E-04  0.34657E-05  0.16738E-03  0.59040E-04
        0.4758  0.00000E+00  0.00000E+00  0.00000E+00  0.00000E+00  0.00000E+00  0.00000E+00  0.96563E-03  0.90309E-03  0.87562E-03  0.85781E-04  0.40813E-04  0.77916E-05      13  0.88313E-03  0.00000E+00  0.00000E+00  0.13415E-03  0.14734E-04  0.16445E-04  0.42880E-05  0.21007E-03  0.69543E-04
        0.5258  0.00000E+00  0.00000E+00  0.00000E+00  0.00000E+00  0.00000E+00  0.00000E+00  0.96568E-03  0.90312E-03  0.87552E-03  0.85784E-04  0.45102E-04  0.49394E-04      14  0.88313E-03  0.00000E+00  0.00000E+00  0.13336E-03  0.21402E-04  0.21780E-04  0.53770E-05  0.25097E-03  0.82092E-04
        0.5758  0.00000E+00  0.00000E+00  0.00000E+00  0.00000E+00  0.00000E+00  0.00000E+00  0.96545E-03  0.90312E-03  0.87540E-03  0.85784E-04  0.49392E-04  0.89276E-04      15  0.88313E-03  0.00000E+00  0.00000E+00  0.10596E-03  0.26700E-04  0.25535E-04  0.66537E-05  0.28422E-03  0.96303E-04
        0.6258  0.00000E+00  0.00000E+00  0.00000E+00  0.00000E+00  0.00000E+00  0.00000E+00  0.96494E-03  0.90312E-03  0.87526E-03  0.85784E-04  0.53681E-04  0.12195E-03      16  0.88313E-03  0.00000E+00  0.00000E+00  0.53537E-04  0.29377E-04  0.26935E-04  0.80005E-05  0.30340E-03  0.11147E-03
        0.6758  0.00000E+00  0.00000E+00  0.00000E+00  0.00000E+00  0.00000E+00  0.00000E+00  0.96438E-03  0.90311E-03  0.87511E-03  0.85782E-04  0.57970E-04  0.14156E-03      17  0.88312E-03  0.00000E+00  0.00000E+00 -0.34344E-05  0.29205E-04  0.25568E-04  0.92789E-05  0.30622E-03  0.12678E-03
        0.7258  0.00000E+00  0.00000E+00  0.00000E+00  0.00000E+00  0.00000E+00  0.00000E+00  0.96403E-03  0.90308E-03  0.87495E-03  0.85780E-04  0.62259E-04  0.14443E-03      18  0.88312E-03  0.00000E+00  0.00000E+00 -0.31294E-04  0.27640E-04  0.21834E-04  0.10371E-04  0.28994E-03  0.14128E-03
        0.7758  0.00000E+00  0.00000E+00  0.00000E+00  0.00000E+00  0.00000E+00  0.00000E+00  0.96410E-03  0.90305E-03  0.87480E-03  0.85776E-04  0.66548E-04  0.13121E-03      19  0.88312E-03  0.00000E+00  0.00000E+00 -0.24780E-04  0.26401E-04  0.19289E-04  0.11335E-04  0.25968E-03  0.15427E-03
        0.8258  0.00000E+00  0.00000E+00  0.00000E+00  0.00000E+00  0.00000E+00  0.00000E+00  0.96424E-03  0.90301E-03  0.87467E-03  0.85773E-04  0.70836E-04  0.11466E-03      20  0.88312E-03  0.00000E+00  0.00000E+00 -0.98349E-05  0.25909E-04  0.18187E-04  0.12244E-04  0.23520E-03  0.16603E-03
        0.8758  0.00000E+00  0.00000E+00  0.00000E+00  0.00000E+00  0.00000E+00  0.00000E+00  0.96439E-03  0.90302E-03  0.87455E-03  0.85774E-04  0.75125E-04  0.99471E-04      21  0.88311E-03  0.00000E+00  0.00000E+00  0.31213E-05  0.26065E-04  0.18298E-04  0.13159E-04  0.21647E-03  0.17685E-03
        0.9258  0.00000E+00  0.00000E+00  0.00000E+00  0.00000E+00  0.00000E+00  0.00000E+00  0.96464E-03  0.90302E-03  0.87446E-03  0.85773E-04  0.79414E-04  0.84614E-04      22  0.88311E-03  0.00000E+00  0.00000E+00  0.27816E-04  0.27456E-04  0.18712E-04  0.14095E-04  0.20340E-03  0.18702E-03
        0.9629  0.00000E+00  0.00000E+00  0.00000E+00  0.00000E+00  0.00000E+00  0.00000E+00  0.96481E-03  0.90302E-03  0.87440E-03  0.85773E-04  0.82595E-04  0.74072E-04      23  0.88311E-03  0.00000E+00  0.00000E+00  0.40210E-04  0.28947E-04  0.18973E-04  0.14798E-04  0.19564E-03  0.19427E-03
        1.0000  0.00000E+00  0.00000E+00  0.00000E+00  0.00000E+00  0.00000E+00  0.00000E+00  0.96487E-03  0.90301E-03  0.87434E-03  0.85773E-04  0.85776E-04  0.63366E-04      24  0.88311E-03  0.00000E+00  0.00000E+00  0.44389E-04  0.30594E-04  0.19005E-04  0.15503E-04  0.18967E-03  0.20131E-03
end
