 All solute fluxes and cumulative solute fluxes are positive into the region

       Time         cvTop        cvBot      Sum(cvTop)   Sum(cvBot)     cvCh0        cvCh1         cTop        cRoot         cBot        cvRoot    Sum(cvRoot)  Sum(cvNEql) TLevel      cGWL        cRunOff   Sum(cRunOff)    (cv(i),    Sum(cv(i)), i=1,NObs)
        [T]        [M/L2/T]     [M/L2/T]      [M/L2]       [M/L2]       [M/L2]      [M/L2]        [M/L3]      [M/L3]        [M/L3]      [M/L2/T]      [M/L2]       [M/L2]              [M/L3]        [M/L2]      [M/L3]      [M/L2/T]      [M/L2]
        0.0100  0.00000E+00  0.00000E+00  0.00000E+00  0.00000E+00  0.00000E+00  0.00000E+00  0.27582E-02  0.25990E-02  0.24623E-02  0.20323E-03  0.20323E-05 -0.11859E-04       1  0.25253E-02  0.00000E+00  0.00000E+00  0.66774E-04  0.66774E-06  0.22466E-03  0.22466E-05  0.67473E-03  0.67473E-05
        0.0200  0.00000E+00  0.00000E+00  0.00000E+00  0.00000E+00  0.00000E+00  0.00000E+00  0.27581E-02  0.25992E-02  0.24457E-02  0.20324E-03  0.40647E-05 -0.37424E-04       2  0.25248E-02  0.00000E+00  0.00000E+00  0.64681E-04  0.13145E-05  0.22282E-03  0.44747E-05  0.66432E-03  0.13390E-04
        0.0330  0.00000E+00  0.00000E+00  0.00000E+00  0.00000E+00  0.00000E+00  0.00000E+00  0.27579E-02  0.25992E-02  0.24424E-02  0.20324E-03  0.67068E-05 -0.75369E-04       3  0.25246E-02  0.00000E+00  0.00000E+00  0.59863E-04  0.20928E-05  0.21906E-03  0.73226E-05  0.65020E-03  0.21843E-04
        0.0499  0.00000E+00  0.00000E+00  0.00000E+00  0.00000E+00  0.00000E+00  0.00000E+00  0.27577E-02  0.25993E-02  0.24449E-02  0.20324E-03  0.10142E-04 -0.12347E-03       4  0.25247E-02  0.00000E+00  0.00000E+00  0.50147E-04  0.29402E-05  0.21405E-03  0.10940E-04  0.63361E-03  0.32551E-04
        0.0719  0.00000E+00  0.00000E+00  0.00000E+00  0.00000E+00  0.00000E+00  0.00000E+00  0.27572E-02  0.25993E-02  0.24483E-02  0.20324E-03  0.14607E-04 -0.18066E-03       5  0.25248E-02  0.00000E+00  0.00000E+00  0.31846E-04  0.36399E-05  0.20637E-03  0.15474E-04  0.61375E-03  0.46035E-04
        0.1004  0.00000E+00  0.00000E+00  0.00000E+00  0.00000E+00  0.00000E+00  0.00000E+00  0.27564E-02  0.25993E-02  0.24515E-02  0.20324E-03  0.20412E-04 -0.24768E-03       6  0.25249E-02  0.00000E+00  0.00000E+00  0.15100E-04  0.40712E-05  0.19526E-03  0.21051E-04  0.59052E-03  0.62901E-04
        0.1376  0.00000E+00  0.00000E+00  0.00000E+00  0.00000E+00  0.00000E+00  0.00000E+00  0.27551E-02  0.25993E-02  0.24540E-02  0.20324E-03  0.27958E-04 -0.32736E-03       7  0.25250E-02  0.00000E+00  0.00000E+00 -0.51090E-05  0.38815E-05  0.17882E-03  0.27690E-04  0.56320E-03  0.83812E-04
        0.1858  0.00000E+00  0.00000E+00  0.00000E+00  0.00000E+00  0.00000E+00  0.00000E+00  0.27537E-02  0.25993E-02  0.24560E-02  0.20324E-03  0.37768E-04 -0.42439E-03       8  0.25251E-02  0.00000E+00  0.00000E+00 -0.37380E-04  0.20773E-05  0.15444E-03  0.35145E-04  0.53010E-03  0.10940E-03
        0.2358  0.00000E+00  0.00000E+00  0.00000E+00  0.00000E+00  0.00000E+00  0.00000E+00  0.27524E-02  0.25993E-02  0.24573E-02  0.20324E-03  0.47930E-04 -0.52130E-03       9  0.25251E-02  0.00000E+00  0.00000E+00 -0.74529E-04 -0.16492E-05  0.12625E-03  0.41457E-04  0.49610E-03  0.13420E-03
        0.2858  0.00000E+00  0.00000E+00  0.00000E+00  0.00000E+00  0.00000E+00  0.00000E+00  0.27516E-02  0.25993E-02  0.24583E-02  0.20324E-03  0.58092E-04 -0.61505E-03      10  0.25252E-02  0.00000E+00  0.00000E+00 -0.88211E-04 -0.60598E-05  0.10108E-03  0.46511E-04  0.46345E-03  0.15738E-03
        0.3358  0.00000E+00  0.00000E+00  0.00000E+00  0.00000E+00  0.00000E+00  0.00000E+00  0.27519E-02  0.25993E-02  0.24590E-02  0.20324E-03  0.68254E-04 -0.69556E-03      11  0.25252E-02  0.00000E+00  0.00000E+00 -0.74111E-04 -0.97653E-05  0.84194E-04  0.50721E-04  0.44910E-03  0.17983E-03
        0.3858  0.00000E+00  0.00000E+00  0.00000E+00  0.00000E+00  0.00000E+00  0.00000E+00  0.27525E-02  0.25994E-02  0.24595E-02  0.20325E-03  0.78417E-04 -0.74947E-03      12  0.25252E-02  0.00000E+00  0.00000E+00 -0.63132E-04 -0.12922E-04  0.73682E-04  0.54405E-04  0.46307E-03  0.20298E-03
        0.4358  0.00000E+00  0.00000E+00  0.00000E+00  0.00000E+00  0.00000E+00  0.00000E+00  0.27528E-02  0.25997E-02  0.24599E-02  0.20327E-03  0.88580E-04 -0.77787E-03      13  0.25252E-02  0.00000E+00  0.00000E+00 -0.55442E-04 -0.15694E-04  0.69700E-04  0.57890E-04  0.49162E-03  0.22757E-03
        0.4858  0.00000E+00  0.00000E+00  0.00000E+00  0.00000E+00  0.00000E+00  0.00000E+00  0.27530E-02  0.25999E-02  0.24602E-02  0.20328E-03  0.98744E-04 -0.78894E-03      14  0.25252E-02  0.00000E+00  0.00000E+00 -0.51971E-04 -0.18293E-04  0.70269E-04  0.61403E-04  0.52930E-03  0.25403E-03
        0.5358  0.00000E+00  0.00000E+00  0.00000E+00  0.00000E+00  0.00000E+00  0.00000E+00  0.27530E-02  0.26000E-02  0.24604E-02  0.20329E-03  0.10891E-03 -0.79009E-03      15  0.25252E-02  0.00000E+00  0.00000E+00 -0.53065E-04 -0.20946E-04  0.74010E-04  0.65104E-04  0.56424E-03  0.28224E-03
        0.5858  0.00000E+00  0.00000E+00  0.00000E+00  0.00000E+00  0.00000E+00  0.00000E+00  0.27527E-02  0.26000E-02  0.24604E-02  0.20329E-03  0.11907E-03 -0.79040E-03      16  0.25252E-02  0.00000E+00  0.00000E+00 -0.58594E-04 -0.23876E-04  0.78931E-04  0.69050E-04  0.58949E-03  0.31172E-03
        0.6358  0.00000E+00  0.00000E+00  0.00000E+00  0.00000E+00  0.00000E+00  0.00000E+00  0.27523E-02  0.26000E-02  0.24604E-02  0.20329E-03  0.12924E-03 -0.79836E-03      17  0.25252E-02  0.00000E+00  0.00000E+00 -0.67905E-04 -0.27271E-04  0.83205E-04  0.73211E-04  0.59896E-03  0.34167E-03
        0.6858  0.00000E+00  0.00000E+00  0.00000E+00  0.00000E+00  0.00000E+00  0.00000E+00  0.27517E-02  0.25999E-02  0.24603E-02  0.20328E-03  0.13940E-03 -0.82171E-03      18  0.25252E-02  0.00000E+00  0.00000E+00 -0.79967E-04 -0.31269E-04  0.85162E-04  0.77469E-04  0.58859E-03  0.37109E-03
        0.7358  0.00000E+00  0.00000E+00  0.00000E+00  0.00000E+00  0.00000E+00  0.00000E+00  0.27509E-02  0.25998E-02  0.24602E-02  0.20327E-03  0.14956E-03 -0.86637E-03      19  0.25252E-02  0.00000E+00  0.00000E+00 -0.93463E-04 -0.35942E-04  0.83468E-04  0.81642E-04  0.55632E-03  0.39891E-03
        0.7858  0.00000E+00  0.00000E+00  0.00000E+00  0.00000E+00  0.00000E+00  0.00000E+00  0.27517E-02  0.25996E-02  0.24600E-02  0.20326E-03  0.15973E-03 -0.93214E-03      20  0.25252E-02  0.00000E+00  0.00000E+00 -0.55599E-04 -0.38722E-04  0.89197E-04  0.86102E-04  0.50899E-03  0.42436E-03
        0.8358  0.00000E+00  0.00000E+00  0.00000E+00  0.00000E+00  0.00000E+00  0.00000E+00  0.27532E-02  0.25994E-02  0.24598E-02  0.20325E-03  0.16989E-03 -0.99999E-03      21  0.25252E-02  0.00000E+00  0.00000E+00 -0.20458E-04 -0.39745E-04  0.96313E-04  0.90918E-04  0.48152E-03  0.44844E-03
        0.8858  0.00000E+00  0.00000E+00  0.00000E+00  0.00000E+00  0.00000E+00  0.00000E+00  0.27543E-02  0.25994E-02  0.24597E-02  0.20325E-03  0.18005E-03 -0.10610E-02      22  0.25252E-02  0.00000E+00  0.00000E+00  0.96918E-05 -0.39261E-04  0.10533E-03  0.96184E-04  0.45979E-03  0.47143E-03
        0.9358  0.00000E+00  0.00000E+00  0.00000E+00  0.00000E+00  0.00000E+00  0.00000E+00  0.27556E-02  0.25994E-02  0.24595E-02  0.20325E-03  0.19022E-03 -0.11201E-02      23  0.25252E-02  0.00000E+00  0.00000E+00  0.40463E-04 -0.37237E-04  0.11355E-03  0.10186E-03  0.44604E-03  0.49373E-03
        0.9679  0.00000E+00  0.00000E+00  0.00000E+00  0.00000E+00  0.00000E+00  0.00000E+00  0.27565E-02  0.25994E-02  0.24595E-02  0.20325E-03  0.19674E-03 -0.11565E-02      24  0.25252E-02  0.00000E+00  0.00000E+00  0.61762E-04 -0.35256E-04  0.11798E-03  0.10565E-03  0.43865E-03  0.50780E-03
        1.0000  0.00000E+00  0.00000E+00  0.00000E+00  0.00000E+00  0.00000E+00  0.00000E+00  0.27571E-02  0.25994E-02  0.24595E-02  0.20325E-03  0.20326E-03 -0.11926E-02      25  0.25252E-02  0.00000E+00  0.00000E+00  0.68725E-04 -0.33051E-04  0.12089E-03  0.10953E-03  0.43279E-03  0.52169E-03
end
