 All solute fluxes and cumulative solute fluxes are positive into the region

       Time         cvTop        cvBot      Sum(cvTop)   Sum(cvBot)     cvCh0        cvCh1         cTop        cRoot         cBot        cvRoot    Sum(cvRoot)  Sum(cvNEql) TLevel      cGWL        cRunOff   Sum(cRunOff)    (cv(i),    Sum(cv(i)), i=1,NObs)
        [T]        [M/L2/T]     [M/L2/T]      [M/L2]       [M/L2]       [M/L2]      [M/L2]        [M/L3]      [M/L3]        [M/L3]      [M/L2/T]      [M/L2]       [M/L2]              [M/L3]        [M/L2]      [M/L3]      [M/L2/T]      [M/L2]
        0.0100  0.00000E+00 -0.33204E-03  0.00000E+00 -0.33204E-05  0.00000E+00  0.00000E+00  0.86223E-03  0.88319E-03  0.88267E-03  0.19816E-04  0.19816E-06 -0.70497E-05       1  0.88322E-03  0.00000E+00  0.00000E+00  0.46480E-04  0.46480E-06 -0.27518E-03 -0.27518E-05 -0.45735E-03 -0.45735E-05
        0.0200  0.00000E+00  0.00000E+00  0.00000E+00 -0.33204E-05  0.00000E+00  0.00000E+00  0.86208E-03  0.88324E-03  0.87924E-03  0.19817E-04  0.39633E-06 -0.74982E-05       2  0.88314E-03  0.00000E+00  0.00000E+00  0.35331E-04  0.81811E-06 -0.26553E-03 -0.54072E-05 -0.44660E-03 -0.90395E-05
        0.0330  0.00000E+00 -0.28604E-04  0.00000E+00 -0.36922E-05  0.00000E+00  0.00000E+00  0.86195E-03  0.88322E-03  0.88176E-03  0.19816E-04  0.65394E-06 -0.69507E-05       3  0.88320E-03  0.00000E+00  0.00000E+00  0.98103E-05  0.94564E-06 -0.25350E-03 -0.87026E-05 -0.43139E-03 -0.14648E-04
        0.0499  0.00000E+00 -0.10747E-03  0.00000E+00 -0.55085E-05  0.00000E+00  0.00000E+00  0.86170E-03  0.88323E-03  0.88145E-03  0.19817E-04  0.98884E-06 -0.50325E-05       4  0.88319E-03  0.00000E+00  0.00000E+00 -0.87958E-05  0.79699E-06 -0.24429E-03 -0.12831E-04 -0.41467E-03 -0.21655E-04
        0.0719  0.00000E+00 -0.20120E-03  0.00000E+00 -0.99289E-05  0.00000E+00  0.00000E+00  0.86142E-03  0.88322E-03  0.88158E-03  0.19816E-04  0.14242E-05 -0.50629E-05       5  0.88320E-03  0.00000E+00  0.00000E+00 -0.36933E-04 -0.14434E-07 -0.24186E-03 -0.18145E-04 -0.39690E-03 -0.30375E-04
        0.1004  0.00000E+00 -0.27887E-03  0.00000E+00 -0.17894E-04  0.00000E+00  0.00000E+00  0.86095E-03  0.88322E-03  0.88153E-03  0.19816E-04  0.19902E-05 -0.80930E-05       6  0.88319E-03  0.00000E+00  0.00000E+00 -0.84762E-04 -0.24353E-05 -0.25780E-03 -0.25508E-04 -0.38328E-03 -0.41322E-04
        0.1376  0.00000E+00 -0.34142E-03  0.00000E+00 -0.30571E-04  0.00000E+00  0.00000E+00  0.86023E-03  0.88321E-03  0.88157E-03  0.19816E-04  0.27259E-05 -0.19811E-04       7  0.88320E-03  0.00000E+00  0.00000E+00 -0.16054E-03 -0.83961E-05 -0.31123E-03 -0.37064E-04 -0.38391E-03 -0.55576E-04
        0.1858  0.00000E+00 -0.39220E-03  0.00000E+00 -0.49501E-04  0.00000E+00  0.00000E+00  0.85920E-03  0.88320E-03  0.88156E-03  0.19816E-04  0.36824E-05 -0.50648E-04       8  0.88319E-03  0.00000E+00  0.00000E+00 -0.27234E-03 -0.21541E-04 -0.43333E-03 -0.57979E-04 -0.41901E-03 -0.75801E-04
        0.2358  0.00000E+00 -0.42942E-03  0.00000E+00 -0.70972E-04  0.00000E+00  0.00000E+00  0.85810E-03  0.88318E-03  0.88158E-03  0.19816E-04  0.46732E-05 -0.10241E-03       9  0.88320E-03  0.00000E+00  0.00000E+00 -0.38899E-03 -0.40991E-04 -0.61031E-03 -0.88495E-04 -0.49241E-03 -0.10042E-03
        0.2858  0.00000E+00 -0.45369E-03  0.00000E+00 -0.93656E-04  0.00000E+00  0.00000E+00  0.85729E-03  0.88318E-03  0.88157E-03  0.19815E-04  0.56640E-05 -0.17200E-03      10  0.88320E-03  0.00000E+00  0.00000E+00 -0.49042E-03 -0.65512E-04 -0.82230E-03 -0.12961E-03 -0.60091E-03 -0.13047E-03
        0.3358  0.00000E+00 -0.46947E-03  0.00000E+00 -0.11713E-03  0.00000E+00  0.00000E+00  0.85662E-03  0.88317E-03  0.88159E-03  0.19815E-04  0.66547E-05 -0.25513E-03      11  0.88320E-03  0.00000E+00  0.00000E+00 -0.56178E-03 -0.93601E-04 -0.10382E-02 -0.18152E-03 -0.73291E-03 -0.16711E-03
        0.3858  0.00000E+00 -0.48063E-03  0.00000E+00 -0.14116E-03  0.00000E+00  0.00000E+00  0.85611E-03  0.88318E-03  0.88158E-03  0.19815E-04  0.76455E-05 -0.34847E-03      12  0.88320E-03  0.00000E+00  0.00000E+00 -0.62070E-03 -0.12464E-03 -0.12438E-02 -0.24371E-03 -0.87778E-03 -0.21100E-03
        0.4358  0.00000E+00 -0.48999E-03  0.00000E+00 -0.16566E-03  0.00000E+00  0.00000E+00  0.85570E-03  0.88318E-03  0.88159E-03  0.19815E-04  0.86363E-05 -0.44914E-03      13  0.88320E-03  0.00000E+00  0.00000E+00 -0.65786E-03 -0.15753E-03 -0.14238E-02 -0.31490E-03 -0.10241E-02 -0.26221E-03
        0.4858  0.00000E+00 -0.49978E-03  0.00000E+00 -0.19065E-03  0.00000E+00  0.00000E+00  0.85549E-03  0.88319E-03  0.88159E-03  0.19816E-04  0.96271E-05 -0.55294E-03      14  0.88320E-03  0.00000E+00  0.00000E+00 -0.67567E-03 -0.19131E-03 -0.15647E-02 -0.39314E-03 -0.11609E-02 -0.32025E-03
        0.5358  0.00000E+00 -0.51177E-03  0.00000E+00 -0.21624E-03  0.00000E+00  0.00000E+00  0.85543E-03  0.88319E-03  0.88160E-03  0.19816E-04  0.10618E-04 -0.65584E-03      15  0.88320E-03  0.00000E+00  0.00000E+00 -0.66878E-03 -0.22475E-03 -0.16549E-02 -0.47588E-03 -0.12772E-02 -0.38411E-03
        0.5858  0.00000E+00 -0.52722E-03  0.00000E+00 -0.24260E-03  0.00000E+00  0.00000E+00  0.85556E-03  0.88320E-03  0.88160E-03  0.19816E-04  0.11609E-04 -0.75357E-03      16  0.88320E-03  0.00000E+00  0.00000E+00 -0.64104E-03 -0.25680E-03 -0.16881E-02 -0.56029E-03 -0.13646E-02 -0.45234E-03
        0.6358  0.00000E+00 -0.54690E-03  0.00000E+00 -0.26994E-03  0.00000E+00  0.00000E+00  0.85583E-03  0.88321E-03  0.88161E-03  0.19816E-04  0.12599E-04 -0.84266E-03      17  0.88320E-03  0.00000E+00  0.00000E+00 -0.59143E-03 -0.28637E-03 -0.16639E-02 -0.64348E-03 -0.14131E-02 -0.52300E-03
        0.6858  0.00000E+00 -0.57112E-03  0.00000E+00 -0.29850E-03  0.00000E+00  0.00000E+00  0.85624E-03  0.88321E-03  0.88161E-03  0.19816E-04  0.13590E-04 -0.92023E-03      18  0.88320E-03  0.00000E+00  0.00000E+00 -0.52554E-03 -0.31265E-03 -0.15864E-02 -0.72280E-03 -0.14164E-02 -0.59382E-03
        0.7358  0.00000E+00 -0.59968E-03  0.00000E+00 -0.32848E-03  0.00000E+00  0.00000E+00  0.85675E-03  0.88321E-03  0.88162E-03  0.19816E-04  0.14581E-04 -0.98475E-03      19  0.88320E-03  0.00000E+00  0.00000E+00 -0.44644E-03 -0.33497E-03 -0.14634E-02 -0.79597E-03 -0.13811E-02 -0.66288E-03
        0.7858  0.00000E+00 -0.63174E-03  0.00000E+00 -0.36007E-03  0.00000E+00  0.00000E+00  0.85764E-03  0.88321E-03  0.88162E-03  0.19816E-04  0.15572E-04 -0.10310E-02      20  0.88320E-03  0.00000E+00  0.00000E+00 -0.33010E-03 -0.35148E-03 -0.12763E-02 -0.85979E-03 -0.12997E-02 -0.72786E-03
        0.8358  0.00000E+00 -0.66614E-03  0.00000E+00 -0.39338E-03  0.00000E+00  0.00000E+00  0.85848E-03  0.88323E-03  0.88163E-03  0.19816E-04  0.16563E-04 -0.10584E-02      21  0.88320E-03  0.00000E+00  0.00000E+00 -0.21178E-03 -0.36207E-03 -0.10574E-02 -0.91266E-03 -0.11805E-02 -0.78688E-03
        0.8858  0.00000E+00 -0.70133E-03  0.00000E+00 -0.42845E-03  0.00000E+00  0.00000E+00  0.85932E-03  0.88322E-03  0.88164E-03  0.19816E-04  0.17553E-04 -0.10706E-02      22  0.88320E-03  0.00000E+00  0.00000E+00 -0.10454E-03 -0.36729E-03 -0.83863E-03 -0.95459E-03 -0.10395E-02 -0.83886E-03
        0.9358  0.00000E+00 -0.73544E-03  0.00000E+00 -0.46522E-03  0.00000E+00  0.00000E+00  0.85994E-03  0.88322E-03  0.88164E-03  0.19816E-04  0.18544E-04 -0.10718E-02      23  0.88320E-03  0.00000E+00  0.00000E+00 -0.23218E-04 -0.36846E-03 -0.64674E-03 -0.98693E-03 -0.89614E-03 -0.88367E-03
        0.9679  0.00000E+00 -0.76205E-03  0.00000E+00 -0.48967E-03  0.00000E+00  0.00000E+00  0.86021E-03  0.88321E-03  0.88165E-03  0.19816E-04  0.19180E-04 -0.10702E-02      24  0.88320E-03  0.00000E+00  0.00000E+00  0.12974E-04 -0.36804E-03 -0.54250E-03 -0.10043E-02 -0.80737E-03 -0.90957E-03
        1.0000  0.00000E+00 -0.78115E-03  0.00000E+00 -0.51473E-03  0.00000E+00  0.00000E+00  0.86042E-03  0.88321E-03  0.88165E-03  0.19816E-04  0.19816E-04 -0.10678E-02      25  0.88320E-03  0.00000E+00  0.00000E+00  0.51842E-04 -0.36638E-03 -0.46183E-03 -0.10192E-02 -0.72915E-03 -0.93297E-03
end
