 ******* Program HYDRUS
 ******* 
 Welcome to HYDRUS-1D                                                    
 Date:  28. 3.2022    Time:   8:56:48
 Units: L = cm   , T = days , M = mg   

----------------------------------------------------------
 Time       [T]        0.0000
----------------------------------------------------------
 Sub-region num.                     1
----------------------------------------------------------
 Length   [L]        0.30000E+03  0.30000E+03
 W-volume [L]        0.10198E+03  0.10198E+03
 In-flow  [L/T]      0.00000E+00  0.00000E+00
 h Mean   [L]       -0.64910E+02 -0.64910E+02
 ConcVol  [M/L2] 1   0.90376E-01  0.90376E-01
 cMean    [M/L3] 1   0.88674E-03  0.88674E-03
 SorbVolIm[M/L2] 1   0.46290E+02  0.46290E+02
 sMeanIm  [-]    1   0.10641E+00  0.10641E+00
 Top Flux [L/T]      0.12044E-01
 Bot Flux [L/T]     -0.11595E+00
----------------------------------------------------------

----------------------------------------------------------
 Time       [T]        1.0000
----------------------------------------------------------
 Sub-region num.                     1
----------------------------------------------------------
 Length   [L]        0.30000E+03  0.30000E+03
 W-volume [L]        0.10232E+03  0.10232E+03
 In-flow  [L/T]     -0.40459E+00 -0.40459E+00
 h Mean   [L]       -0.63525E+02 -0.63525E+02
 ConcVol  [M/L2] 1   0.90683E-01  0.90683E-01
 cMean    [M/L3] 1   0.88678E-03  0.88678E-03
 SorbVolIm[M/L2] 1   0.46289E+02  0.46289E+02
 sMeanIm  [-]    1   0.10641E+00  0.10641E+00
 Top Flux [L/T]     -0.19963E-01
 Bot Flux [L/T]     -0.33977E+00
 WatBalT  [L]       -0.15110E-04
 WatBalR  [%]              0.001
 CncBalT  [M]    1   0.17166E-03
 CncBalR  [%]    1        31.946
----------------------------------------------------------
 
 Calculation time [sec]  0.000000000000000E+000
