 All solute fluxes and cumulative solute fluxes are positive into the region

       Time         cvTop        cvBot      Sum(cvTop)   Sum(cvBot)     cvCh0        cvCh1         cTop        cRoot         cBot        cvRoot    Sum(cvRoot)  Sum(cvNEql) TLevel      cGWL        cRunOff   Sum(cRunOff)    (cv(i),    Sum(cv(i)), i=1,NObs)
        [T]        [M/L2/T]     [M/L2/T]      [M/L2]       [M/L2]       [M/L2]      [M/L2]        [M/L3]      [M/L3]        [M/L3]      [M/L2/T]      [M/L2]       [M/L2]              [M/L3]        [M/L2]      [M/L3]      [M/L2/T]      [M/L2]
        0.0100  0.00000E+00 -0.87086E-03  0.00000E+00 -0.87086E-05  0.00000E+00  0.00000E+00  0.10401E-02  0.98584E-03  0.88160E-03  0.92158E-05  0.92158E-07 -0.69968E-05       1  0.88318E-03  0.00000E+00  0.00000E+00  0.10971E-03  0.10971E-05 -0.78322E-03 -0.78322E-05 -0.50390E-03 -0.50390E-05
        0.0200  0.00000E+00 -0.41707E-03  0.00000E+00 -0.12879E-04  0.00000E+00  0.00000E+00  0.10402E-02  0.98597E-03  0.88156E-03  0.92171E-05  0.18433E-06 -0.57130E-05       2  0.88317E-03  0.00000E+00  0.00000E+00  0.99165E-04  0.20887E-05 -0.76270E-03 -0.15459E-04 -0.49488E-03 -0.99877E-05
        0.0330  0.00000E+00 -0.61354E-03  0.00000E+00 -0.20855E-04  0.00000E+00  0.00000E+00  0.10400E-02  0.98593E-03  0.88160E-03  0.92167E-05  0.30415E-06 -0.18145E-05       3  0.88318E-03  0.00000E+00  0.00000E+00  0.76918E-04  0.30886E-05 -0.73611E-03 -0.25029E-04 -0.48296E-03 -0.16266E-04
        0.0499  0.00000E+00 -0.75602E-03  0.00000E+00 -0.33632E-04  0.00000E+00  0.00000E+00  0.10396E-02  0.98594E-03  0.88161E-03  0.92169E-05  0.45991E-06  0.17097E-05       4  0.88318E-03  0.00000E+00  0.00000E+00  0.31475E-04  0.36206E-05 -0.71660E-03 -0.37139E-04 -0.47013E-03 -0.24211E-04
        0.0719  0.00000E+00 -0.84822E-03  0.00000E+00 -0.52267E-04  0.00000E+00  0.00000E+00  0.10391E-02  0.98593E-03  0.88163E-03  0.92168E-05  0.66240E-06  0.46567E-05       5  0.88318E-03  0.00000E+00  0.00000E+00 -0.19578E-04  0.31904E-05 -0.71252E-03 -0.52793E-04 -0.45577E-03 -0.34225E-04
        0.1004  0.00000E+00 -0.91527E-03  0.00000E+00 -0.78408E-04  0.00000E+00  0.00000E+00  0.10385E-02  0.98593E-03  0.88163E-03  0.92168E-05  0.92565E-06  0.51223E-05       6  0.88318E-03  0.00000E+00  0.00000E+00 -0.79648E-04  0.91561E-06 -0.74885E-03 -0.74181E-04 -0.44427E-03 -0.46914E-04
        0.1376  0.00000E+00 -0.95898E-03  0.00000E+00 -0.11401E-03  0.00000E+00  0.00000E+00  0.10375E-02  0.98593E-03  0.88164E-03  0.92167E-05  0.12679E-05 -0.14185E-05       7  0.88318E-03  0.00000E+00  0.00000E+00 -0.17385E-03 -0.55394E-05 -0.86687E-03 -0.10637E-03 -0.44422E-03 -0.63407E-04
        0.1858  0.00000E+00 -0.98247E-03  0.00000E+00 -0.16144E-03  0.00000E+00  0.00000E+00  0.10362E-02  0.98592E-03  0.88165E-03  0.92163E-05  0.17127E-05 -0.24431E-04       8  0.88318E-03  0.00000E+00  0.00000E+00 -0.30860E-03 -0.20435E-04 -0.11369E-02 -0.16124E-03 -0.47162E-03 -0.86171E-04
        0.2358  0.00000E+00 -0.98789E-03  0.00000E+00 -0.21083E-03  0.00000E+00  0.00000E+00  0.10349E-02  0.98591E-03  0.88165E-03  0.92156E-05  0.21735E-05 -0.65950E-04       9  0.88318E-03  0.00000E+00  0.00000E+00 -0.44892E-03 -0.42881E-04 -0.15273E-02 -0.23761E-03 -0.52981E-03 -0.11266E-03
        0.2858  0.00000E+00 -0.98063E-03  0.00000E+00 -0.25986E-03  0.00000E+00  0.00000E+00  0.10340E-02  0.98591E-03  0.88165E-03  0.92148E-05  0.26342E-05 -0.11972E-03      10  0.88318E-03  0.00000E+00  0.00000E+00 -0.53787E-03 -0.69774E-04 -0.19333E-02 -0.33427E-03 -0.60880E-03 -0.14310E-03
        0.3358  0.00000E+00 -0.96621E-03  0.00000E+00 -0.30817E-03  0.00000E+00  0.00000E+00  0.10337E-02  0.98593E-03  0.88165E-03  0.92141E-05  0.30949E-05 -0.17692E-03      11  0.88318E-03  0.00000E+00  0.00000E+00 -0.56860E-03 -0.98204E-04 -0.22479E-02 -0.44667E-03 -0.68959E-03 -0.17758E-03
        0.3858  0.00000E+00 -0.94857E-03  0.00000E+00 -0.35560E-03  0.00000E+00  0.00000E+00  0.10334E-02  0.98595E-03  0.88165E-03  0.92136E-05  0.35556E-05 -0.23538E-03      12  0.88318E-03  0.00000E+00  0.00000E+00 -0.59207E-03 -0.12781E-03 -0.24857E-02 -0.57096E-03 -0.76323E-03 -0.21574E-03
        0.4358  0.00000E+00 -0.93021E-03  0.00000E+00 -0.40211E-03  0.00000E+00  0.00000E+00  0.10332E-02  0.98595E-03  0.88166E-03  0.92130E-05  0.40163E-05 -0.29487E-03      13  0.88318E-03  0.00000E+00  0.00000E+00 -0.60705E-03 -0.15816E-03 -0.26601E-02 -0.70396E-03 -0.82640E-03 -0.25706E-03
        0.4858  0.00000E+00 -0.91271E-03  0.00000E+00 -0.44775E-03  0.00000E+00  0.00000E+00  0.10330E-02  0.98597E-03  0.88166E-03  0.92127E-05  0.44769E-05 -0.35414E-03      14  0.88318E-03  0.00000E+00  0.00000E+00 -0.61235E-03 -0.18878E-03 -0.27852E-02 -0.84322E-03 -0.87870E-03 -0.30100E-03
        0.5358  0.00000E+00 -0.89712E-03  0.00000E+00 -0.49260E-03  0.00000E+00  0.00000E+00  0.10329E-02  0.98597E-03  0.88166E-03  0.92123E-05  0.49375E-05 -0.41256E-03      15  0.88318E-03  0.00000E+00  0.00000E+00 -0.60738E-03 -0.21915E-03 -0.28644E-02 -0.98644E-03 -0.92011E-03 -0.34700E-03
        0.5858  0.00000E+00 -0.88414E-03  0.00000E+00 -0.53681E-03  0.00000E+00  0.00000E+00  0.10329E-02  0.98597E-03  0.88166E-03  0.92121E-05  0.53981E-05 -0.46906E-03      16  0.88318E-03  0.00000E+00  0.00000E+00 -0.59255E-03 -0.24877E-03 -0.29011E-02 -0.11315E-02 -0.95098E-03 -0.39455E-03
        0.6358  0.00000E+00 -0.87406E-03  0.00000E+00 -0.58051E-03  0.00000E+00  0.00000E+00  0.10329E-02  0.98597E-03  0.88166E-03  0.92118E-05  0.58587E-05 -0.52316E-03      17  0.88318E-03  0.00000E+00  0.00000E+00 -0.56884E-03 -0.27722E-03 -0.28988E-02 -0.12764E-02 -0.97150E-03 -0.44313E-03
        0.6858  0.00000E+00 -0.86687E-03  0.00000E+00 -0.62386E-03  0.00000E+00  0.00000E+00  0.10331E-02  0.98597E-03  0.88166E-03  0.92116E-05  0.63193E-05 -0.57423E-03      18  0.88318E-03  0.00000E+00  0.00000E+00 -0.53821E-03 -0.30413E-03 -0.28624E-02 -0.14196E-02 -0.98188E-03 -0.49222E-03
        0.7358  0.00000E+00 -0.86244E-03  0.00000E+00 -0.66698E-03  0.00000E+00  0.00000E+00  0.10332E-02  0.98595E-03  0.88167E-03  0.92114E-05  0.67799E-05 -0.62225E-03      19  0.88318E-03  0.00000E+00  0.00000E+00 -0.50312E-03 -0.32928E-03 -0.27994E-02 -0.15595E-02 -0.98332E-03 -0.54139E-03
        0.7858  0.00000E+00 -0.86044E-03  0.00000E+00 -0.71000E-03  0.00000E+00  0.00000E+00  0.10344E-02  0.98594E-03  0.88167E-03  0.92113E-05  0.72404E-05 -0.65528E-03      20  0.88318E-03  0.00000E+00  0.00000E+00 -0.36849E-03 -0.34771E-03 -0.25403E-02 -0.16865E-02 -0.95342E-03 -0.58906E-03
        0.8358  0.00000E+00 -0.86040E-03  0.00000E+00 -0.75302E-03  0.00000E+00  0.00000E+00  0.10354E-02  0.98597E-03  0.88167E-03  0.92119E-05  0.77010E-05 -0.67104E-03      21  0.88318E-03  0.00000E+00  0.00000E+00 -0.23051E-03 -0.35923E-03 -0.21704E-02 -0.17951E-02 -0.89048E-03 -0.63358E-03
        0.8858  0.00000E+00 -0.86167E-03  0.00000E+00 -0.79611E-03  0.00000E+00  0.00000E+00  0.10365E-02  0.98593E-03  0.88168E-03  0.92122E-05  0.81616E-05 -0.67417E-03      22  0.88318E-03  0.00000E+00  0.00000E+00 -0.10256E-03 -0.36436E-03 -0.17586E-02 -0.18830E-02 -0.80388E-03 -0.67378E-03
        0.9358  0.00000E+00 -0.86347E-03  0.00000E+00 -0.83928E-03  0.00000E+00  0.00000E+00  0.10373E-02  0.98595E-03  0.88168E-03  0.92130E-05  0.86223E-05 -0.66776E-03      23  0.88319E-03  0.00000E+00  0.00000E+00 -0.41070E-05 -0.36457E-03 -0.13798E-02 -0.19520E-02 -0.70832E-03 -0.70919E-03
        0.9679  0.00000E+00 -0.86489E-03  0.00000E+00 -0.86703E-03  0.00000E+00  0.00000E+00  0.10379E-02  0.98592E-03  0.88168E-03  0.92133E-05  0.89179E-05 -0.66193E-03      24  0.88319E-03  0.00000E+00  0.00000E+00  0.82606E-04 -0.36192E-03 -0.11680E-02 -0.19895E-02 -0.64814E-03 -0.72999E-03
        1.0000  0.00000E+00 -0.86570E-03  0.00000E+00 -0.89481E-03  0.00000E+00  0.00000E+00  0.10383E-02  0.98593E-03  0.88168E-03  0.92138E-05  0.92135E-05 -0.65546E-03      25  0.88319E-03  0.00000E+00  0.00000E+00  0.11639E-03 -0.35818E-03 -0.10007E-02 -0.20216E-02 -0.59199E-03 -0.74898E-03
end
