 All solute fluxes and cumulative solute fluxes are positive into the region

       Time         cvTop        cvBot      Sum(cvTop)   Sum(cvBot)     cvCh0        cvCh1         cTop        cRoot         cBot        cvRoot    Sum(cvRoot)  Sum(cvNEql) TLevel      cGWL        cRunOff   Sum(cRunOff)    (cv(i),    Sum(cv(i)), i=1,NObs)
        [T]        [M/L2/T]     [M/L2/T]      [M/L2]       [M/L2]       [M/L2]      [M/L2]        [M/L3]      [M/L3]        [M/L3]      [M/L2/T]      [M/L2]       [M/L2]              [M/L3]        [M/L2]      [M/L3]      [M/L2/T]      [M/L2]
        0.0100  0.00000E+00 -0.15964E-03  0.00000E+00 -0.15964E-05  0.00000E+00  0.00000E+00  0.10302E-02  0.91956E-03  0.87869E-03  0.13383E-03  0.13383E-05 -0.31738E-05       1  0.88309E-03  0.00000E+00  0.00000E+00  0.17403E-04  0.17403E-06 -0.17354E-02 -0.17354E-04 -0.11656E-02 -0.11656E-04
        0.0200  0.00000E+00  0.00000E+00  0.00000E+00 -0.15964E-05  0.00000E+00  0.00000E+00  0.10304E-02  0.91948E-03  0.87544E-03  0.13382E-03  0.26766E-05 -0.93792E-05       2  0.88302E-03  0.00000E+00  0.00000E+00  0.32701E-05  0.20673E-06 -0.16585E-02 -0.33939E-04 -0.11280E-02 -0.22936E-04
        0.0330  0.00000E+00  0.00000E+00  0.00000E+00 -0.15964E-05  0.00000E+00  0.00000E+00  0.10302E-02  0.91950E-03  0.87730E-03  0.13383E-03  0.44163E-05 -0.13401E-04       3  0.88308E-03  0.00000E+00  0.00000E+00 -0.11860E-04  0.52545E-07 -0.15642E-02 -0.54274E-04 -0.10746E-02 -0.36905E-04
        0.0499  0.00000E+00  0.00000E+00  0.00000E+00 -0.15964E-05  0.00000E+00  0.00000E+00  0.10299E-02  0.91949E-03  0.87845E-03  0.13383E-03  0.66780E-05 -0.17219E-04       4  0.88310E-03  0.00000E+00  0.00000E+00 -0.41520E-04 -0.64914E-06 -0.14791E-02 -0.79271E-04 -0.10156E-02 -0.54069E-04
        0.0719  0.00000E+00 -0.11932E-05  0.00000E+00 -0.16226E-05  0.00000E+00  0.00000E+00  0.10293E-02  0.91949E-03  0.88151E-03  0.13383E-03  0.96181E-05 -0.19263E-04       5  0.88315E-03  0.00000E+00  0.00000E+00 -0.94328E-04 -0.27215E-05 -0.14165E-02 -0.11039E-03 -0.95193E-03 -0.74983E-04
        0.1004  0.00000E+00 -0.63119E-04  0.00000E+00 -0.34254E-05  0.00000E+00  0.00000E+00  0.10284E-02  0.91949E-03  0.88125E-03  0.13382E-03  0.13440E-04 -0.24462E-04       6  0.88314E-03  0.00000E+00  0.00000E+00 -0.18095E-03 -0.78897E-05 -0.14200E-02 -0.15095E-03 -0.89318E-03 -0.10049E-03
        0.1376  0.00000E+00 -0.18324E-03  0.00000E+00 -0.10229E-04  0.00000E+00  0.00000E+00  0.10271E-02  0.91948E-03  0.88142E-03  0.13382E-03  0.18409E-04 -0.44897E-04       7  0.88315E-03  0.00000E+00  0.00000E+00 -0.31211E-03 -0.19478E-04 -0.15601E-02 -0.20888E-03 -0.85822E-03 -0.13236E-03
        0.1858  0.00000E+00 -0.30029E-03  0.00000E+00 -0.24724E-04  0.00000E+00  0.00000E+00  0.10253E-02  0.91947E-03  0.88135E-03  0.13382E-03  0.24868E-04 -0.97824E-04       8  0.88314E-03  0.00000E+00  0.00000E+00 -0.49652E-03 -0.43444E-04 -0.19590E-02 -0.30343E-03 -0.88285E-03 -0.17497E-03
        0.2358  0.00000E+00 -0.40449E-03  0.00000E+00 -0.44948E-04  0.00000E+00  0.00000E+00  0.10236E-02  0.91946E-03  0.88144E-03  0.13382E-03  0.31559E-04 -0.18612E-03       9  0.88315E-03  0.00000E+00  0.00000E+00 -0.68799E-03 -0.77844E-04 -0.25809E-02 -0.43248E-03 -0.98265E-03 -0.22410E-03
        0.2858  0.00000E+00 -0.48755E-03  0.00000E+00 -0.69326E-04  0.00000E+00  0.00000E+00  0.10221E-02  0.91947E-03  0.88140E-03  0.13382E-03  0.38251E-04 -0.30671E-03      10  0.88314E-03  0.00000E+00  0.00000E+00 -0.86283E-03 -0.12099E-03 -0.33664E-02 -0.60080E-03 -0.11551E-02 -0.28186E-03
        0.3358  0.00000E+00 -0.55327E-03  0.00000E+00 -0.96990E-04  0.00000E+00  0.00000E+00  0.10208E-02  0.91947E-03  0.88145E-03  0.13382E-03  0.44942E-04 -0.45359E-03      11  0.88316E-03  0.00000E+00  0.00000E+00 -0.10105E-02 -0.17151E-03 -0.42302E-02 -0.81231E-03 -0.13831E-02 -0.35101E-03
        0.3858  0.00000E+00 -0.60648E-03  0.00000E+00 -0.12731E-03  0.00000E+00  0.00000E+00  0.10198E-02  0.91950E-03  0.88143E-03  0.13383E-03  0.51633E-04 -0.61725E-03      12  0.88316E-03  0.00000E+00  0.00000E+00 -0.11269E-02 -0.22786E-03 -0.50691E-02 -0.10658E-02 -0.16423E-02 -0.43313E-03
        0.4358  0.00000E+00 -0.65147E-03  0.00000E+00 -0.15989E-03  0.00000E+00  0.00000E+00  0.10191E-02  0.91954E-03  0.88146E-03  0.13383E-03  0.58325E-04 -0.79119E-03      13  0.88316E-03  0.00000E+00  0.00000E+00 -0.12103E-02 -0.28837E-03 -0.58566E-02 -0.13586E-02 -0.19204E-02 -0.52915E-03
        0.4858  0.00000E+00 -0.69203E-03  0.00000E+00 -0.19449E-03  0.00000E+00  0.00000E+00  0.10186E-02  0.91957E-03  0.88145E-03  0.13383E-03  0.65016E-04 -0.96777E-03      14  0.88316E-03  0.00000E+00  0.00000E+00 -0.12441E-02 -0.35058E-03 -0.64786E-02 -0.16825E-02 -0.21811E-02 -0.63820E-03
        0.5358  0.00000E+00 -0.73137E-03  0.00000E+00 -0.23106E-03  0.00000E+00  0.00000E+00  0.10186E-02  0.91960E-03  0.88147E-03  0.13384E-03  0.71708E-04 -0.11395E-02      15  0.88316E-03  0.00000E+00  0.00000E+00 -0.12353E-02 -0.41234E-03 -0.68094E-02 -0.20230E-02 -0.23916E-02 -0.75778E-03
        0.5858  0.00000E+00 -0.77237E-03  0.00000E+00 -0.26968E-03  0.00000E+00  0.00000E+00  0.10188E-02  0.91962E-03  0.88148E-03  0.13384E-03  0.78400E-04 -0.12993E-02      16  0.88316E-03  0.00000E+00  0.00000E+00 -0.11762E-02 -0.47115E-03 -0.68498E-02 -0.23655E-02 -0.25218E-02 -0.88387E-03
        0.6358  0.00000E+00 -0.81715E-03  0.00000E+00 -0.31053E-03  0.00000E+00  0.00000E+00  0.10194E-02  0.91964E-03  0.88149E-03  0.13384E-03  0.85092E-04 -0.14412E-02      17  0.88316E-03  0.00000E+00  0.00000E+00 -0.10771E-02 -0.52500E-03 -0.66051E-02 -0.26957E-02 -0.25623E-02 -0.10120E-02
        0.6858  0.00000E+00 -0.86695E-03  0.00000E+00 -0.35388E-03  0.00000E+00  0.00000E+00  0.10202E-02  0.91964E-03  0.88150E-03  0.13384E-03  0.91784E-04 -0.15610E-02      18  0.88316E-03  0.00000E+00  0.00000E+00 -0.93877E-03 -0.57194E-03 -0.61190E-02 -0.30017E-02 -0.25124E-02 -0.11376E-02
        0.7358  0.00000E+00 -0.92225E-03  0.00000E+00 -0.39999E-03  0.00000E+00  0.00000E+00  0.10213E-02  0.91963E-03  0.88151E-03  0.13384E-03  0.98476E-04 -0.16564E-02      19  0.88316E-03  0.00000E+00  0.00000E+00 -0.77466E-03 -0.61067E-03 -0.54488E-02 -0.32741E-02 -0.23861E-02 -0.12569E-02
        0.7858  0.00000E+00 -0.98253E-03  0.00000E+00 -0.44912E-03  0.00000E+00  0.00000E+00  0.10226E-02  0.91961E-03  0.88152E-03  0.13384E-03  0.10517E-03 -0.17258E-02      20  0.88316E-03  0.00000E+00  0.00000E+00 -0.58192E-03 -0.63977E-03 -0.46438E-02 -0.35063E-02 -0.21972E-02 -0.13668E-02
        0.8358  0.00000E+00 -0.10460E-02  0.00000E+00 -0.50142E-03  0.00000E+00  0.00000E+00  0.10240E-02  0.91959E-03  0.88154E-03  0.13383E-03  0.11186E-03 -0.17656E-02      21  0.88316E-03  0.00000E+00  0.00000E+00 -0.38680E-03 -0.65911E-03 -0.37912E-02 -0.36959E-02 -0.19545E-02 -0.14645E-02
        0.8858  0.00000E+00 -0.11102E-02  0.00000E+00 -0.55693E-03  0.00000E+00  0.00000E+00  0.10253E-02  0.91958E-03  0.88155E-03  0.13383E-03  0.11855E-03 -0.17801E-02      22  0.88316E-03  0.00000E+00  0.00000E+00 -0.20492E-03 -0.66936E-03 -0.29771E-02 -0.38447E-02 -0.16922E-02 -0.15491E-02
        0.9358  0.00000E+00 -0.11722E-02  0.00000E+00 -0.61554E-03  0.00000E+00  0.00000E+00  0.10265E-02  0.91956E-03  0.88156E-03  0.13383E-03  0.12524E-03 -0.17784E-02      23  0.88316E-03  0.00000E+00  0.00000E+00 -0.63730E-04 -0.67254E-03 -0.22625E-02 -0.39579E-02 -0.14369E-02 -0.16210E-02
        0.9679  0.00000E+00 -0.12203E-02  0.00000E+00 -0.65470E-03  0.00000E+00  0.00000E+00  0.10269E-02  0.91955E-03  0.88156E-03  0.13383E-03  0.12954E-03 -0.17735E-02      24  0.88316E-03  0.00000E+00  0.00000E+00 -0.71661E-05 -0.67277E-03 -0.18765E-02 -0.40181E-02 -0.12847E-02 -0.16622E-02
        1.0000  0.00000E+00 -0.12549E-02  0.00000E+00 -0.69496E-03  0.00000E+00  0.00000E+00  0.10272E-02  0.91953E-03  0.88157E-03  0.13383E-03  0.13383E-03 -0.17684E-02      25  0.88316E-03  0.00000E+00  0.00000E+00  0.25719E-04 -0.67195E-03 -0.15818E-02 -0.40688E-02 -0.11505E-02 -0.16991E-02
end
