 ******* Program HYDRUS
 ******* 
 Welcome to HYDRUS-1D                                                    
 Date:  29. 3.2022    Time:  17:26:14
 Units: L = cm   , T = days , M = mg   


 Time:        0.0000


 Node      Depth      Head Moisture       K          C         Flux        Sink         Kappa   v/KsTop   Temp   Conc(1..NS) Sorb(1...NS)
           [L]        [L]    [-]        [L/T]      [1/L]      [L/T]        [1/T]         [-]      [-]      [C]      [M/L*3]

   1     0.0000    -175.275 0.2964   0.1710E+01  0.4130E-03 -0.5984E-01  0.0000E+00      -1  -0.138E-02   20.00  0.8590E-03  0.1030E+00
   2    -3.0000    -172.378 0.2976   0.1775E+01  0.4168E-03 -0.1373E+00  0.0000E+00      -1  -0.316E-02   20.00  0.8670E-03  0.1040E+00
   3    -6.0000    -169.735 0.2987   0.1834E+01  0.4202E-03 -0.2894E+00  0.0000E+00      -1  -0.666E-02   20.00  0.8757E-03  0.1051E+00
   4    -9.0000    -167.322 0.2997   0.1888E+01  0.4234E-03 -0.4335E+00  0.1035E-02      -1  -0.997E-02   20.00  0.8802E-03  0.1056E+00
   5   -12.0000    -165.111 0.3007   0.1937E+01  0.4262E-03 -0.5686E+00  0.1035E-02      -1  -0.131E-01   20.00  0.8822E-03  0.1059E+00
   6   -15.0000    -163.082 0.3015   0.1982E+01  0.4289E-03 -0.6960E+00  0.1036E-02      -1  -0.160E-01   20.00  0.8831E-03  0.1060E+00
   7   -18.0000    -161.217 0.3023   0.2024E+01  0.4313E-03 -0.8153E+00  0.1036E-02      -1  -0.188E-01   20.00  0.8833E-03  0.1060E+00
   8   -21.0000    -159.499 0.3030   0.2062E+01  0.4335E-03 -0.9259E+00  0.1008E-02      -1  -0.213E-01   20.00  0.8833E-03  0.1060E+00
   9   -24.0000    -157.911 0.3037   0.2097E+01  0.4356E-03 -0.1028E+01  0.9358E-03      -1  -0.237E-01   20.00  0.8833E-03  0.1060E+00
  10   -27.0000    -156.441 0.3043   0.2130E+01  0.4375E-03 -0.1122E+01  0.8640E-03      -1  -0.258E-01   20.00  0.8833E-03  0.1060E+00
  11   -30.0000    -155.073 0.3048   0.2161E+01  0.4393E-03 -0.1208E+01  0.7921E-03      -1  -0.278E-01   20.00  0.8833E-03  0.1060E+00
  12   -33.0000    -153.796 0.3054   0.2189E+01  0.4410E-03 -0.1285E+01  0.7203E-03      -1  -0.296E-01   20.00  0.8833E-03  0.1060E+00
  13   -36.0000    -152.596 0.3059   0.2216E+01  0.4425E-03 -0.1356E+01  0.6483E-03      -1  -0.312E-01   20.00  0.8833E-03  0.1060E+00
  14   -39.0000    -151.463 0.3064   0.2250E+01  0.4439E-03 -0.1421E+01  0.5764E-03      -1  -0.327E-01   20.00  0.8833E-03  0.1060E+00
  15   -42.0000    -150.382 0.3069   0.2293E+01  0.4452E-03 -0.1480E+01  0.5044E-03      -1  -0.340E-01   20.00  0.8833E-03  0.1060E+00
  16   -45.0000    -149.335 0.3074   0.2335E+01  0.4464E-03 -0.1530E+01  0.4324E-03      -1  -0.352E-01   20.00  0.8834E-03  0.1060E+00
  17   -48.0000    -148.313 0.3078   0.2376E+01  0.4476E-03 -0.1572E+01  0.3604E-03      -1  -0.362E-01   20.00  0.8834E-03  0.1060E+00
  18   -51.0000    -147.305 0.3083   0.2416E+01  0.4487E-03 -0.1606E+01  0.2883E-03      -1  -0.370E-01   20.00  0.8834E-03  0.1060E+00
  19   -54.0000    -146.302 0.3088   0.2456E+01  0.4499E-03 -0.1633E+01  0.2163E-03      -1  -0.376E-01   20.00  0.8834E-03  0.1060E+00
  20   -57.0000    -145.295 0.3092   0.2496E+01  0.4510E-03 -0.1654E+01  0.1442E-03      -1  -0.380E-01   20.00  0.8834E-03  0.1060E+00
  21   -60.0000    -144.277 0.3097   0.2537E+01  0.4522E-03 -0.1667E+01  0.7211E-04      -1  -0.384E-01   20.00  0.8834E-03  0.1060E+00
  22   -63.0000    -143.238 0.3102   0.2578E+01  0.4534E-03 -0.1674E+01  0.0000E+00      -1  -0.385E-01   20.00  0.8834E-03  0.1060E+00
  23   -66.0000    -142.172 0.3107   0.2620E+01  0.4547E-03 -0.1675E+01  0.0000E+00      -1  -0.385E-01   20.00  0.8834E-03  0.1060E+00
  24   -69.0000    -141.073 0.3112   0.2664E+01  0.4559E-03 -0.1671E+01  0.0000E+00      -1  -0.384E-01   20.00  0.8834E-03  0.1060E+00
  25   -72.0000    -139.934 0.3117   0.2710E+01  0.4572E-03 -0.1661E+01  0.0000E+00      -1  -0.382E-01   20.00  0.8834E-03  0.1060E+00
  26   -75.0000    -138.751 0.3123   0.2757E+01  0.4586E-03 -0.1647E+01  0.0000E+00      -1  -0.379E-01   20.00  0.8834E-03  0.1060E+00
  27   -78.0000    -137.518 0.3128   0.2806E+01  0.4600E-03 -0.1628E+01  0.0000E+00      -1  -0.375E-01   20.00  0.8834E-03  0.1060E+00
  28   -81.0000    -136.232 0.3134   0.2857E+01  0.4615E-03 -0.1606E+01  0.0000E+00      -1  -0.369E-01   20.00  0.8834E-03  0.1060E+00
  29   -84.0000    -134.890 0.3140   0.2911E+01  0.4631E-03 -0.1581E+01  0.0000E+00      -1  -0.364E-01   20.00  0.8834E-03  0.1060E+00
  30   -87.0000    -133.490 0.3147   0.2966E+01  0.4647E-03 -0.1552E+01  0.0000E+00      -1  -0.357E-01   20.00  0.8834E-03  0.1060E+00
  31   -90.0000    -132.030 0.3154   0.3025E+01  0.4664E-03 -0.1521E+01  0.0000E+00      -1  -0.350E-01   20.00  0.8834E-03  0.1060E+00
  32   -93.0000    -130.508 0.3161   0.3085E+01  0.4681E-03 -0.1489E+01  0.0000E+00      -1  -0.343E-01   20.00  0.8834E-03  0.1060E+00
  33   -96.0000    -128.925 0.3168   0.3148E+01  0.4700E-03 -0.1454E+01  0.0000E+00      -1  -0.335E-01   20.00  0.8834E-03  0.1060E+00
  34   -99.0000    -127.279 0.3176   0.3214E+01  0.4719E-03 -0.1418E+01  0.0000E+00      -1  -0.326E-01   20.00  0.8834E-03  0.1060E+00
  35  -102.0000    -125.573 0.3183   0.3282E+01  0.4739E-03 -0.1383E+01  0.0000E+00      -1  -0.318E-01   20.00  0.8834E-03  0.1060E+00
  36  -105.0000    -123.807 0.3192   0.3352E+01  0.4759E-03 -0.1345E+01  0.0000E+00      -1  -0.310E-01   20.00  0.8834E-03  0.1060E+00
  37  -108.0000    -121.981 0.3200   0.3425E+01  0.4780E-03 -0.1308E+01  0.0000E+00      -1  -0.301E-01   20.00  0.8834E-03  0.1060E+00
  38  -111.0000    -120.097 0.3209   0.3509E+01  0.4800E-03 -0.1271E+01  0.0000E+00      -1  -0.292E-01   20.00  0.8833E-03  0.1060E+00
  39  -114.0000    -118.148 0.3218   0.3638E+01  0.4814E-03 -0.1232E+01  0.0000E+00      -1  -0.284E-01   20.00  0.8834E-03  0.1060E+00
  40  -117.0000    -116.130 0.3228   0.3771E+01  0.4828E-03 -0.1193E+01  0.0000E+00      -1  -0.275E-01   20.00  0.8833E-03  0.1060E+00
  41  -120.0000    -114.047 0.3239   0.3909E+01  0.4843E-03 -0.1155E+01  0.0000E+00      -1  -0.266E-01   20.00  0.8833E-03  0.1060E+00
  42  -123.0000    -111.903 0.3249   0.4050E+01  0.4858E-03 -0.1117E+01  0.0000E+00      -1  -0.257E-01   20.00  0.8833E-03  0.1060E+00
  43  -126.0000    -109.702 0.3260   0.4195E+01  0.4874E-03 -0.1080E+01  0.0000E+00      -1  -0.248E-01   20.00  0.8833E-03  0.1060E+00
  44  -129.0000    -107.448 0.3271   0.4344E+01  0.4890E-03 -0.1044E+01  0.0000E+00      -1  -0.240E-01   20.00  0.8833E-03  0.1060E+00
  45  -132.0000    -105.144 0.3282   0.4496E+01  0.4906E-03 -0.1008E+01  0.0000E+00      -1  -0.232E-01   20.00  0.8833E-03  0.1060E+00
  46  -135.0000    -102.794 0.3294   0.4651E+01  0.4923E-03 -0.9748E+00  0.0000E+00      -1  -0.224E-01   20.00  0.8833E-03  0.1060E+00
  47  -138.0000    -100.402 0.3305   0.4809E+01  0.4940E-03 -0.9421E+00  0.0000E+00      -1  -0.217E-01   20.00  0.8833E-03  0.1060E+00
  48  -141.0000     -97.970 0.3317   0.4969E+01  0.4957E-03 -0.9107E+00  0.0000E+00      -1  -0.210E-01   20.00  0.8833E-03  0.1060E+00
  49  -144.0000     -95.502 0.3329   0.5132E+01  0.4975E-03 -0.8808E+00  0.0000E+00      -1  -0.203E-01   20.00  0.8833E-03  0.1060E+00
  50  -147.0000     -92.996 0.3342   0.5385E+01  0.4974E-03 -0.8511E+00  0.0000E+00      -1  -0.196E-01   20.00  0.8833E-03  0.1060E+00
  51  -150.0000     -90.451 0.3355   0.5644E+01  0.4973E-03 -0.8224E+00  0.0000E+00      -1  -0.189E-01   20.00  0.8833E-03  0.1060E+00
  52  -153.0000     -87.871 0.3367   0.5906E+01  0.4972E-03 -0.7957E+00  0.0000E+00      -1  -0.183E-01   20.00  0.8833E-03  0.1060E+00
  53  -156.0000     -85.260 0.3380   0.6171E+01  0.4971E-03 -0.7709E+00  0.0000E+00      -1  -0.177E-01   20.00  0.8833E-03  0.1060E+00
  54  -159.0000     -82.621 0.3394   0.6439E+01  0.4969E-03 -0.7464E+00  0.0000E+00      -1  -0.172E-01   20.00  0.8833E-03  0.1060E+00
  55  -162.0000     -79.956 0.3407   0.6710E+01  0.4968E-03 -0.7231E+00  0.0000E+00      -1  -0.166E-01   20.00  0.8833E-03  0.1060E+00
  56  -165.0000     -77.268 0.3420   0.6983E+01  0.4967E-03 -0.7014E+00  0.0000E+00      -1  -0.161E-01   20.00  0.8833E-03  0.1060E+00
  57  -168.0000     -74.558 0.3434   0.7308E+01  0.4955E-03 -0.6807E+00  0.0000E+00      -1  -0.157E-01   20.00  0.8833E-03  0.1060E+00
  58  -171.0000     -71.826 0.3447   0.7708E+01  0.4926E-03 -0.6623E+00  0.0000E+00      -1  -0.152E-01   20.00  0.8833E-03  0.1060E+00
  59  -174.0000     -69.074 0.3461   0.8112E+01  0.4897E-03 -0.6430E+00  0.0000E+00      -1  -0.148E-01   20.00  0.8833E-03  0.1060E+00
  60  -177.0000     -66.302 0.3474   0.8519E+01  0.4868E-03 -0.6257E+00  0.0000E+00      -1  -0.144E-01   20.00  0.8833E-03  0.1060E+00
  61  -180.0000     -63.515 0.3488   0.8928E+01  0.4838E-03 -0.6096E+00  0.0000E+00      -1  -0.140E-01   20.00  0.8833E-03  0.1060E+00
  62  -183.0000     -60.712 0.3501   0.9339E+01  0.4809E-03 -0.5943E+00  0.0000E+00      -1  -0.137E-01   20.00  0.8833E-03  0.1060E+00
  63  -186.0000     -57.896 0.3515   0.9863E+01  0.4755E-03 -0.5819E+00  0.0000E+00      -1  -0.134E-01   20.00  0.8833E-03  0.1060E+00
  64  -189.0000     -55.066 0.3528   0.1043E+02  0.4691E-03 -0.5679E+00  0.0000E+00      -1  -0.131E-01   20.00  0.8833E-03  0.1060E+00
  65  -192.0000     -52.223 0.3541   0.1100E+02  0.4628E-03 -0.5551E+00  0.0000E+00      -1  -0.128E-01   20.00  0.8833E-03  0.1060E+00
  66  -195.0000     -49.369 0.3555   0.1157E+02  0.4564E-03 -0.5442E+00  0.0000E+00      -1  -0.125E-01   20.00  0.8833E-03  0.1060E+00
  67  -198.0000     -46.505 0.3568   0.1221E+02  0.4487E-03 -0.5339E+00  0.0000E+00      -1  -0.123E-01   20.00  0.8833E-03  0.1060E+00
  68  -201.0000     -43.631 0.3580   0.1296E+02  0.4386E-03 -0.5245E+00  0.0000E+00      -1  -0.121E-01   20.00  0.8833E-03  0.1060E+00
  69  -204.0000     -40.748 0.3593   0.1372E+02  0.4284E-03 -0.5163E+00  0.0000E+00      -1  -0.119E-01   20.00  0.8833E-03  0.1060E+00
  70  -207.0000     -37.857 0.3605   0.1448E+02  0.4183E-03 -0.5078E+00  0.0000E+00      -1  -0.117E-01   20.00  0.8833E-03  0.1060E+00
  71  -210.0000     -34.958 0.3617   0.1542E+02  0.4045E-03 -0.4982E+00  0.0000E+00      -1  -0.115E-01   20.00  0.8833E-03  0.1060E+00
  72  -213.0000     -32.051 0.3629   0.1639E+02  0.3905E-03 -0.4943E+00  0.0000E+00      -1  -0.114E-01   20.00  0.8833E-03  0.1060E+00
  73  -216.0000     -29.139 0.3640   0.1740E+02  0.3755E-03 -0.4877E+00  0.0000E+00      -1  -0.112E-01   20.00  0.8833E-03  0.1060E+00
  74  -219.0000     -26.219 0.3651   0.1859E+02  0.3575E-03 -0.4831E+00  0.0000E+00      -1  -0.111E-01   20.00  0.8833E-03  0.1060E+00
  75  -222.0000     -23.295 0.3661   0.1980E+02  0.3390E-03 -0.4791E+00  0.0000E+00      -1  -0.110E-01   20.00  0.8833E-03  0.1060E+00
  76  -225.0000     -20.364 0.3671   0.2123E+02  0.3171E-03 -0.4743E+00  0.0000E+00      -1  -0.109E-01   20.00  0.8833E-03  0.1060E+00
  77  -228.0000     -17.429 0.3680   0.2278E+02  0.2933E-03 -0.4708E+00  0.0000E+00      -1  -0.108E-01   20.00  0.8833E-03  0.1060E+00
  78  -231.0000     -14.488 0.3688   0.2450E+02  0.2669E-03 -0.4662E+00  0.0000E+00      -1  -0.107E-01   20.00  0.8833E-03  0.1060E+00
  79  -234.0000     -11.543 0.3695   0.2650E+02  0.2365E-03 -0.4644E+00  0.0000E+00      -1  -0.107E-01   20.00  0.8833E-03  0.1060E+00
  80  -237.0000      -8.593 0.3702   0.2886E+02  0.2011E-03 -0.4629E+00  0.0000E+00      -1  -0.107E-01   20.00  0.8833E-03  0.1060E+00
  81  -240.0000      -5.639 0.3707   0.3172E+02  0.1592E-03 -0.4622E+00  0.0000E+00      -1  -0.106E-01   20.00  0.8833E-03  0.1060E+00
  82  -243.0000      -2.680 0.3711   0.3559E+02  0.1045E-03 -0.4605E+00  0.0000E+00      -1  -0.106E-01   20.00  0.8833E-03  0.1060E+00
  83  -246.0000       0.285 0.3713   0.4346E+02  0.0000E+00 -0.4624E+00  0.0000E+00      -1  -0.106E-01   20.00  0.8833E-03  0.1060E+00
  84  -249.0000       3.253 0.3713   0.4346E+02  0.0000E+00 -0.4636E+00  0.0000E+00      -1  -0.107E-01   20.00  0.8833E-03  0.1060E+00
  85  -252.0000       6.221 0.3713   0.4346E+02  0.0000E+00 -0.4564E+00  0.0000E+00      -1  -0.105E-01   20.00  0.8833E-03  0.1060E+00
  86  -255.0000       9.190 0.3713   0.4346E+02  0.0000E+00 -0.4564E+00  0.0000E+00      -1  -0.105E-01   20.00  0.8833E-03  0.1060E+00
  87  -258.0000      12.158 0.3713   0.4346E+02  0.0000E+00 -0.4636E+00  0.0000E+00      -1  -0.107E-01   20.00  0.8833E-03  0.1060E+00
  88  -261.0000      15.126 0.3713   0.4346E+02  0.0000E+00 -0.4636E+00  0.0000E+00      -1  -0.107E-01   20.00  0.8833E-03  0.1060E+00
  89  -264.0000      18.094 0.3713   0.4346E+02  0.0000E+00 -0.4636E+00  0.0000E+00      -1  -0.107E-01   20.00  0.8833E-03  0.1060E+00
  90  -267.0000      21.062 0.3713   0.4346E+02  0.0000E+00 -0.4564E+00  0.0000E+00      -1  -0.105E-01   20.00  0.8833E-03  0.1060E+00
  91  -270.0000      24.031 0.3713   0.4346E+02  0.0000E+00 -0.4564E+00  0.0000E+00      -1  -0.105E-01   20.00  0.8833E-03  0.1060E+00
  92  -273.0000      26.999 0.3713   0.4346E+02  0.0000E+00 -0.4636E+00  0.0000E+00      -1  -0.107E-01   20.00  0.8833E-03  0.1060E+00
  93  -276.0000      29.967 0.3713   0.4346E+02  0.0000E+00 -0.4636E+00  0.0000E+00      -1  -0.107E-01   20.00  0.8833E-03  0.1060E+00
  94  -279.0000      32.935 0.3713   0.4346E+02  0.0000E+00 -0.4564E+00  0.0000E+00      -1  -0.105E-01   20.00  0.8833E-03  0.1060E+00
  95  -282.0000      35.904 0.3713   0.4346E+02  0.0000E+00 -0.4564E+00  0.0000E+00      -1  -0.105E-01   20.00  0.8833E-03  0.1060E+00
  96  -285.0000      38.872 0.3713   0.4346E+02  0.0000E+00 -0.4636E+00  0.0000E+00      -1  -0.107E-01   20.00  0.8833E-03  0.1060E+00
  97  -288.0000      41.840 0.3713   0.4346E+02  0.0000E+00 -0.4636E+00  0.0000E+00      -1  -0.107E-01   20.00  0.8834E-03  0.1060E+00
  98  -291.0000      44.808 0.3713   0.4346E+02  0.0000E+00 -0.4636E+00  0.0000E+00      -1  -0.107E-01   20.00  0.8833E-03  0.1060E+00
  99  -294.0000      47.776 0.3713   0.4346E+02  0.0000E+00 -0.4564E+00  0.0000E+00      -1  -0.105E-01   20.00  0.8825E-03  0.1059E+00
 100  -297.0000      50.745 0.3713   0.4346E+02  0.0000E+00 -0.4564E+00  0.0000E+00      -1  -0.105E-01   20.00  0.8816E-03  0.1058E+00
 101  -300.0000      53.713 0.3713   0.4346E+02  0.0000E+00 -0.4636E+00  0.0000E+00      -1  -0.107E-01   20.00  0.8816E-03  0.1057E+00
end


 Time:        1.0000


 Node      Depth      Head Moisture       K          C         Flux        Sink         Kappa   v/KsTop   Temp   Conc(1..NS) Sorb(1...NS)
           [L]        [L]    [-]        [L/T]      [1/L]      [L/T]        [1/T]         [-]      [-]      [C]      [M/L*3]

   1     0.0000    -164.079 0.3011   0.1958E+01  0.4274E-03  0.1859E-01  0.0000E+00      -1   0.428E-03   20.00  0.8548E-03  0.1025E+00
   2    -3.0000    -161.159 0.3023   0.2023E+01  0.4313E-03 -0.1231E+00  0.0000E+00      -1  -0.283E-02   20.00  0.8660E-03  0.1039E+00
   3    -6.0000    -158.441 0.3034   0.2084E+01  0.4348E-03 -0.2608E+00  0.0000E+00      -1  -0.600E-02   20.00  0.8750E-03  0.1050E+00
   4    -9.0000    -155.907 0.3045   0.2141E+01  0.4381E-03 -0.3918E+00  0.1037E-02      -1  -0.902E-02   20.00  0.8796E-03  0.1056E+00
   5   -12.0000    -153.538 0.3055   0.2194E+01  0.4412E-03 -0.5190E+00  0.1037E-02      -1  -0.119E-01   20.00  0.8821E-03  0.1059E+00
   6   -15.0000    -151.324 0.3064   0.2254E+01  0.4440E-03 -0.6464E+00  0.1038E-02      -1  -0.149E-01   20.00  0.8831E-03  0.1060E+00
   7   -18.0000    -149.252 0.3074   0.2337E+01  0.4464E-03 -0.7704E+00  0.1038E-02      -1  -0.177E-01   20.00  0.8833E-03  0.1060E+00
   8   -21.0000    -147.300 0.3083   0.2415E+01  0.4487E-03 -0.8878E+00  0.1009E-02      -1  -0.204E-01   20.00  0.8833E-03  0.1060E+00
   9   -24.0000    -145.456 0.3092   0.2489E+01  0.4508E-03 -0.9986E+00  0.9373E-03      -1  -0.230E-01   20.00  0.8833E-03  0.1060E+00
  10   -27.0000    -143.707 0.3100   0.2559E+01  0.4529E-03 -0.1103E+01  0.8654E-03      -1  -0.254E-01   20.00  0.8833E-03  0.1060E+00
  11   -30.0000    -142.043 0.3107   0.2625E+01  0.4548E-03 -0.1201E+01  0.7935E-03      -1  -0.276E-01   20.00  0.8833E-03  0.1060E+00
  12   -33.0000    -140.453 0.3115   0.2689E+01  0.4566E-03 -0.1293E+01  0.7215E-03      -1  -0.298E-01   20.00  0.8833E-03  0.1060E+00
  13   -36.0000    -138.928 0.3122   0.2750E+01  0.4584E-03 -0.1379E+01  0.6494E-03      -1  -0.317E-01   20.00  0.8833E-03  0.1060E+00
  14   -39.0000    -137.462 0.3129   0.2809E+01  0.4601E-03 -0.1459E+01  0.5774E-03      -1  -0.336E-01   20.00  0.8833E-03  0.1060E+00
  15   -42.0000    -136.046 0.3135   0.2865E+01  0.4618E-03 -0.1534E+01  0.5053E-03      -1  -0.353E-01   20.00  0.8833E-03  0.1060E+00
  16   -45.0000    -134.674 0.3141   0.2920E+01  0.4634E-03 -0.1602E+01  0.4332E-03      -1  -0.369E-01   20.00  0.8833E-03  0.1060E+00
  17   -48.0000    -133.339 0.3148   0.2973E+01  0.4649E-03 -0.1665E+01  0.3610E-03      -1  -0.383E-01   20.00  0.8833E-03  0.1060E+00
  18   -51.0000    -132.035 0.3154   0.3025E+01  0.4664E-03 -0.1723E+01  0.2888E-03      -1  -0.397E-01   20.00  0.8833E-03  0.1060E+00
  19   -54.0000    -130.757 0.3160   0.3076E+01  0.4679E-03 -0.1776E+01  0.2167E-03      -1  -0.409E-01   20.00  0.8834E-03  0.1060E+00
  20   -57.0000    -129.499 0.3165   0.3127E+01  0.4693E-03 -0.1824E+01  0.1445E-03      -1  -0.420E-01   20.00  0.8834E-03  0.1060E+00
  21   -60.0000    -128.258 0.3171   0.3176E+01  0.4708E-03 -0.1868E+01  0.7224E-04      -1  -0.430E-01   20.00  0.8834E-03  0.1060E+00
  22   -63.0000    -127.028 0.3177   0.3225E+01  0.4722E-03 -0.1907E+01  0.0000E+00      -1  -0.439E-01   20.00  0.8834E-03  0.1060E+00
  23   -66.0000    -125.805 0.3182   0.3274E+01  0.4736E-03 -0.1941E+01  0.0000E+00      -1  -0.447E-01   20.00  0.8834E-03  0.1060E+00
  24   -69.0000    -124.586 0.3188   0.3323E+01  0.4750E-03 -0.1972E+01  0.0000E+00      -1  -0.454E-01   20.00  0.8834E-03  0.1060E+00
  25   -72.0000    -123.366 0.3194   0.3371E+01  0.4764E-03 -0.1998E+01  0.0000E+00      -1  -0.460E-01   20.00  0.8834E-03  0.1060E+00
  26   -75.0000    -122.142 0.3199   0.3420E+01  0.4779E-03 -0.2021E+01  0.0000E+00      -1  -0.465E-01   20.00  0.8834E-03  0.1060E+00
  27   -78.0000    -120.911 0.3205   0.3469E+01  0.4793E-03 -0.2040E+01  0.0000E+00      -1  -0.469E-01   20.00  0.8834E-03  0.1060E+00
  28   -81.0000    -119.664 0.3211   0.3540E+01  0.4804E-03 -0.2056E+01  0.0000E+00      -1  -0.473E-01   20.00  0.8834E-03  0.1060E+00
  29   -84.0000    -118.393 0.3217   0.3624E+01  0.4813E-03 -0.2069E+01  0.0000E+00      -1  -0.476E-01   20.00  0.8834E-03  0.1060E+00
  30   -87.0000    -117.090 0.3224   0.3710E+01  0.4822E-03 -0.2080E+01  0.0000E+00      -1  -0.479E-01   20.00  0.8834E-03  0.1060E+00
  31   -90.0000    -115.756 0.3230   0.3798E+01  0.4831E-03 -0.2087E+01  0.0000E+00      -1  -0.480E-01   20.00  0.8834E-03  0.1060E+00
  32   -93.0000    -114.388 0.3237   0.3888E+01  0.4841E-03 -0.2093E+01  0.0000E+00      -1  -0.482E-01   20.00  0.8834E-03  0.1060E+00
  33   -96.0000    -112.986 0.3244   0.3981E+01  0.4851E-03 -0.2096E+01  0.0000E+00      -1  -0.482E-01   20.00  0.8834E-03  0.1060E+00
  34   -99.0000    -111.547 0.3251   0.4075E+01  0.4861E-03 -0.2097E+01  0.0000E+00      -1  -0.482E-01   20.00  0.8834E-03  0.1060E+00
  35  -102.0000    -110.072 0.3258   0.4173E+01  0.4872E-03 -0.2096E+01  0.0000E+00      -1  -0.482E-01   20.00  0.8834E-03  0.1060E+00
  36  -105.0000    -108.561 0.3265   0.4272E+01  0.4882E-03 -0.2093E+01  0.0000E+00      -1  -0.482E-01   20.00  0.8834E-03  0.1060E+00
  37  -108.0000    -107.012 0.3273   0.4374E+01  0.4893E-03 -0.2089E+01  0.0000E+00      -1  -0.481E-01   20.00  0.8834E-03  0.1060E+00
  38  -111.0000    -105.426 0.3281   0.4479E+01  0.4905E-03 -0.2084E+01  0.0000E+00      -1  -0.479E-01   20.00  0.8834E-03  0.1060E+00
  39  -114.0000    -103.803 0.3289   0.4586E+01  0.4916E-03 -0.2077E+01  0.0000E+00      -1  -0.478E-01   20.00  0.8834E-03  0.1060E+00
  40  -117.0000    -102.143 0.3297   0.4695E+01  0.4928E-03 -0.2069E+01  0.0000E+00      -1  -0.476E-01   20.00  0.8834E-03  0.1060E+00
  41  -120.0000    -100.447 0.3305   0.4807E+01  0.4940E-03 -0.2061E+01  0.0000E+00      -1  -0.474E-01   20.00  0.8834E-03  0.1060E+00
  42  -123.0000     -98.716 0.3314   0.4921E+01  0.4952E-03 -0.2052E+01  0.0000E+00      -1  -0.472E-01   20.00  0.8834E-03  0.1060E+00
  43  -126.0000     -96.949 0.3322   0.5038E+01  0.4965E-03 -0.2042E+01  0.0000E+00      -1  -0.470E-01   20.00  0.8833E-03  0.1060E+00
  44  -129.0000     -95.146 0.3331   0.5168E+01  0.4975E-03 -0.2031E+01  0.0000E+00      -1  -0.467E-01   20.00  0.8833E-03  0.1060E+00
  45  -132.0000     -93.301 0.3340   0.5356E+01  0.4974E-03 -0.2021E+01  0.0000E+00      -1  -0.465E-01   20.00  0.8833E-03  0.1060E+00
  46  -135.0000     -91.410 0.3350   0.5548E+01  0.4973E-03 -0.2009E+01  0.0000E+00      -1  -0.462E-01   20.00  0.8833E-03  0.1060E+00
  47  -138.0000     -89.474 0.3359   0.5744E+01  0.4972E-03 -0.1998E+01  0.0000E+00      -1  -0.460E-01   20.00  0.8833E-03  0.1060E+00
  48  -141.0000     -87.497 0.3369   0.5945E+01  0.4972E-03 -0.1986E+01  0.0000E+00      -1  -0.457E-01   20.00  0.8833E-03  0.1060E+00
  49  -144.0000     -85.479 0.3379   0.6150E+01  0.4971E-03 -0.1975E+01  0.0000E+00      -1  -0.454E-01   20.00  0.8833E-03  0.1060E+00
  50  -147.0000     -83.424 0.3390   0.6359E+01  0.4970E-03 -0.1963E+01  0.0000E+00      -1  -0.452E-01   20.00  0.8833E-03  0.1060E+00
  51  -150.0000     -81.332 0.3400   0.6571E+01  0.4969E-03 -0.1952E+01  0.0000E+00      -1  -0.449E-01   20.00  0.8833E-03  0.1060E+00
  52  -153.0000     -79.206 0.3411   0.6787E+01  0.4968E-03 -0.1940E+01  0.0000E+00      -1  -0.446E-01   20.00  0.8833E-03  0.1060E+00
  53  -156.0000     -77.048 0.3421   0.7007E+01  0.4967E-03 -0.1929E+01  0.0000E+00      -1  -0.444E-01   20.00  0.8833E-03  0.1060E+00
  54  -159.0000     -74.856 0.3432   0.7265E+01  0.4958E-03 -0.1918E+01  0.0000E+00      -1  -0.441E-01   20.00  0.8833E-03  0.1060E+00
  55  -162.0000     -72.629 0.3443   0.7592E+01  0.4934E-03 -0.1908E+01  0.0000E+00      -1  -0.439E-01   20.00  0.8833E-03  0.1060E+00
  56  -165.0000     -70.364 0.3454   0.7924E+01  0.4910E-03 -0.1897E+01  0.0000E+00      -1  -0.437E-01   20.00  0.8833E-03  0.1060E+00
  57  -168.0000     -68.066 0.3465   0.8261E+01  0.4886E-03 -0.1887E+01  0.0000E+00      -1  -0.434E-01   20.00  0.8833E-03  0.1060E+00
  58  -171.0000     -65.736 0.3477   0.8603E+01  0.4861E-03 -0.1878E+01  0.0000E+00      -1  -0.432E-01   20.00  0.8833E-03  0.1060E+00
  59  -174.0000     -63.376 0.3488   0.8949E+01  0.4837E-03 -0.1868E+01  0.0000E+00      -1  -0.430E-01   20.00  0.8833E-03  0.1060E+00
  60  -177.0000     -60.989 0.3500   0.9300E+01  0.4811E-03 -0.1859E+01  0.0000E+00      -1  -0.428E-01   20.00  0.8833E-03  0.1060E+00
  61  -180.0000     -58.573 0.3512   0.9728E+01  0.4770E-03 -0.1851E+01  0.0000E+00      -1  -0.426E-01   20.00  0.8833E-03  0.1060E+00
  62  -183.0000     -56.129 0.3523   0.1022E+02  0.4715E-03 -0.1843E+01  0.0000E+00      -1  -0.424E-01   20.00  0.8833E-03  0.1060E+00
  63  -186.0000     -53.656 0.3535   0.1071E+02  0.4660E-03 -0.1836E+01  0.0000E+00      -1  -0.422E-01   20.00  0.8833E-03  0.1060E+00
  64  -189.0000     -51.157 0.3546   0.1122E+02  0.4604E-03 -0.1828E+01  0.0000E+00      -1  -0.421E-01   20.00  0.8833E-03  0.1060E+00
  65  -192.0000     -48.635 0.3558   0.1172E+02  0.4547E-03 -0.1821E+01  0.0000E+00      -1  -0.419E-01   20.00  0.8833E-03  0.1060E+00
  66  -195.0000     -46.088 0.3570   0.1232E+02  0.4472E-03 -0.1815E+01  0.0000E+00      -1  -0.418E-01   20.00  0.8833E-03  0.1060E+00
  67  -198.0000     -43.518 0.3581   0.1299E+02  0.4382E-03 -0.1809E+01  0.0000E+00      -1  -0.416E-01   20.00  0.8833E-03  0.1060E+00
  68  -201.0000     -40.924 0.3592   0.1368E+02  0.4290E-03 -0.1804E+01  0.0000E+00      -1  -0.415E-01   20.00  0.8833E-03  0.1060E+00
  69  -204.0000     -38.310 0.3603   0.1436E+02  0.4198E-03 -0.1799E+01  0.0000E+00      -1  -0.414E-01   20.00  0.8833E-03  0.1060E+00
  70  -207.0000     -35.675 0.3614   0.1519E+02  0.4080E-03 -0.1794E+01  0.0000E+00      -1  -0.413E-01   20.00  0.8833E-03  0.1060E+00
  71  -210.0000     -33.019 0.3625   0.1607E+02  0.3951E-03 -0.1790E+01  0.0000E+00      -1  -0.412E-01   20.00  0.8833E-03  0.1060E+00
  72  -213.0000     -30.343 0.3636   0.1695E+02  0.3822E-03 -0.1786E+01  0.0000E+00      -1  -0.411E-01   20.00  0.8833E-03  0.1060E+00
  73  -216.0000     -27.650 0.3645   0.1801E+02  0.3663E-03 -0.1782E+01  0.0000E+00      -1  -0.410E-01   20.00  0.8833E-03  0.1060E+00
  74  -219.0000     -24.937 0.3655   0.1911E+02  0.3496E-03 -0.1779E+01  0.0000E+00      -1  -0.409E-01   20.00  0.8833E-03  0.1060E+00
  75  -222.0000     -22.208 0.3665   0.2033E+02  0.3309E-03 -0.1776E+01  0.0000E+00      -1  -0.409E-01   20.00  0.8833E-03  0.1060E+00
  76  -225.0000     -19.461 0.3673   0.2167E+02  0.3103E-03 -0.1774E+01  0.0000E+00      -1  -0.408E-01   20.00  0.8833E-03  0.1060E+00
  77  -228.0000     -16.698 0.3682   0.2320E+02  0.2869E-03 -0.1771E+01  0.0000E+00      -1  -0.408E-01   20.00  0.8833E-03  0.1060E+00
  78  -231.0000     -13.919 0.3689   0.2488E+02  0.2610E-03 -0.1770E+01  0.0000E+00      -1  -0.407E-01   20.00  0.8833E-03  0.1060E+00
  79  -234.0000     -11.125 0.3696   0.2682E+02  0.2316E-03 -0.1768E+01  0.0000E+00      -1  -0.407E-01   20.00  0.8833E-03  0.1060E+00
  80  -237.0000      -8.314 0.3702   0.2911E+02  0.1974E-03 -0.1767E+01  0.0000E+00      -1  -0.407E-01   20.00  0.8833E-03  0.1060E+00
  81  -240.0000      -5.488 0.3707   0.3190E+02  0.1567E-03 -0.1766E+01  0.0000E+00      -1  -0.406E-01   20.00  0.8833E-03  0.1060E+00
  82  -243.0000      -2.645 0.3711   0.3564E+02  0.1037E-03 -0.1765E+01  0.0000E+00      -1  -0.406E-01   20.00  0.8833E-03  0.1060E+00
  83  -246.0000       0.221 0.3713   0.4346E+02  0.0000E+00 -0.1765E+01  0.0000E+00      -1  -0.406E-01   20.00  0.8833E-03  0.1060E+00
  84  -249.0000       3.100 0.3713   0.4346E+02  0.0000E+00 -0.1765E+01  0.0000E+00      -1  -0.406E-01   20.00  0.8833E-03  0.1060E+00
  85  -252.0000       5.978 0.3713   0.4346E+02  0.0000E+00 -0.1765E+01  0.0000E+00      -1  -0.406E-01   20.00  0.8833E-03  0.1060E+00
  86  -255.0000       8.856 0.3713   0.4346E+02  0.0000E+00 -0.1765E+01  0.0000E+00      -1  -0.406E-01   20.00  0.8833E-03  0.1060E+00
  87  -258.0000      11.734 0.3713   0.4346E+02  0.0000E+00 -0.1765E+01  0.0000E+00      -1  -0.406E-01   20.00  0.8833E-03  0.1060E+00
  88  -261.0000      14.612 0.3713   0.4346E+02  0.0000E+00 -0.1765E+01  0.0000E+00      -1  -0.406E-01   20.00  0.8833E-03  0.1060E+00
  89  -264.0000      17.491 0.3713   0.4346E+02  0.0000E+00 -0.1765E+01  0.0000E+00      -1  -0.406E-01   20.00  0.8833E-03  0.1060E+00
  90  -267.0000      20.369 0.3713   0.4346E+02  0.0000E+00 -0.1765E+01  0.0000E+00      -1  -0.406E-01   20.00  0.8833E-03  0.1060E+00
  91  -270.0000      23.247 0.3713   0.4346E+02  0.0000E+00 -0.1765E+01  0.0000E+00      -1  -0.406E-01   20.00  0.8833E-03  0.1060E+00
  92  -273.0000      26.125 0.3713   0.4346E+02  0.0000E+00 -0.1765E+01  0.0000E+00      -1  -0.406E-01   20.00  0.8833E-03  0.1060E+00
  93  -276.0000      29.003 0.3713   0.4346E+02  0.0000E+00 -0.1765E+01  0.0000E+00      -1  -0.406E-01   20.00  0.8833E-03  0.1060E+00
  94  -279.0000      31.881 0.3713   0.4346E+02  0.0000E+00 -0.1765E+01  0.0000E+00      -1  -0.406E-01   20.00  0.8833E-03  0.1060E+00
  95  -282.0000      34.760 0.3713   0.4346E+02  0.0000E+00 -0.1765E+01  0.0000E+00      -1  -0.406E-01   20.00  0.8833E-03  0.1060E+00
  96  -285.0000      37.638 0.3713   0.4346E+02  0.0000E+00 -0.1765E+01  0.0000E+00      -1  -0.406E-01   20.00  0.8833E-03  0.1060E+00
  97  -288.0000      40.516 0.3713   0.4346E+02  0.0000E+00 -0.1765E+01  0.0000E+00      -1  -0.406E-01   20.00  0.8833E-03  0.1060E+00
  98  -291.0000      43.394 0.3713   0.4346E+02  0.0000E+00 -0.1765E+01  0.0000E+00      -1  -0.406E-01   20.00  0.8832E-03  0.1060E+00
  99  -294.0000      46.272 0.3713   0.4346E+02  0.0000E+00 -0.1765E+01  0.0000E+00      -1  -0.406E-01   20.00  0.8825E-03  0.1059E+00
 100  -297.0000      49.151 0.3713   0.4346E+02  0.0000E+00 -0.1765E+01  0.0000E+00      -1  -0.406E-01   20.00  0.8818E-03  0.1058E+00
 101  -300.0000      52.029 0.3713   0.4346E+02  0.0000E+00 -0.1765E+01  0.0000E+00      -1  -0.406E-01   20.00  0.8818E-03  0.1057E+00
end
