 ******* Program HYDRUS
 ******* 
 Welcome to HYDRUS-1D                                                    
 Date:   4. 3.2022    Time:  19:32:12
 Units: L = cm   , T = days , M = mg   

----------------------------------------------------------
 Time       [T]        0.0000
----------------------------------------------------------
 Sub-region num.                     1
----------------------------------------------------------
 Length   [L]        0.30000E+03  0.30000E+03
 W-volume [L]        0.10129E+03  0.10129E+03
 In-flow  [L/T]      0.00000E+00  0.00000E+00
 h Mean   [L]       -0.70757E+02 -0.70757E+02
 ConcVol  [M/L2] 1   0.89073E+00  0.89073E+00
 cMean    [M/L3] 1   0.87984E-02  0.87984E-02
 SorbVolIm[M/L2] 1   0.43188E+02  0.43188E+02
 sMeanIm  [-]    1   0.99284E-01  0.99284E-01
 Top Flux [L/T]      0.27017E-01
 Bot Flux [L/T]      0.31877E+00
----------------------------------------------------------

----------------------------------------------------------
 Time       [T]        1.0000
----------------------------------------------------------
 Sub-region num.                     1
----------------------------------------------------------
 Length   [L]        0.30000E+03  0.30000E+03
 W-volume [L]        0.10169E+03  0.10169E+03
 In-flow  [L/T]      0.35484E+00  0.35484E+00
 h Mean   [L]       -0.66398E+02 -0.66398E+02
 ConcVol  [M/L2] 1   0.89406E+00  0.89406E+00
 cMean    [M/L3] 1   0.87974E-02  0.87974E-02
 SorbVolIm[M/L2] 1   0.43183E+02  0.43183E+02
 sMeanIm  [-]    1   0.99271E-01  0.99271E-01
 Top Flux [L/T]      0.15062E-01
 Bot Flux [L/T]      0.42023E+00
 WatBalT  [L]        0.22352E-05
 WatBalR  [%]              0.000
 CncBalT  [M]    1  -0.72479E-04
 CncBalR  [%]    1         1.942
----------------------------------------------------------
 
 Calculation time [sec]  1.000002026557922E-002
