 All solute fluxes and cumulative solute fluxes are positive into the region

       Time         cvTop        cvBot      Sum(cvTop)   Sum(cvBot)     cvCh0        cvCh1         cTop        cRoot         cBot        cvRoot    Sum(cvRoot)  Sum(cvNEql) TLevel      cGWL        cRunOff   Sum(cRunOff)    (cv(i),    Sum(cv(i)), i=1,NObs)
        [T]        [M/L2/T]     [M/L2/T]      [M/L2]       [M/L2]       [M/L2]      [M/L2]        [M/L3]      [M/L3]        [M/L3]      [M/L2/T]      [M/L2]       [M/L2]              [M/L3]        [M/L2]      [M/L3]      [M/L2/T]      [M/L2]
        0.0100  0.00000E+00  0.00000E+00  0.00000E+00  0.00000E+00  0.00000E+00  0.00000E+00  0.85113E-02  0.88981E-02  0.82607E-02  0.20435E-02  0.20435E-04 -0.58964E-04       1  0.87446E-02  0.00000E+00  0.00000E+00  0.11958E-03  0.11958E-05  0.13335E-02  0.13335E-04  0.23207E-02  0.23207E-04
        0.0200  0.00000E+00  0.00000E+00  0.00000E+00  0.00000E+00  0.00000E+00  0.00000E+00  0.85121E-02  0.88982E-02  0.82040E-02  0.20435E-02  0.40870E-04 -0.12727E-03       2  0.87418E-02  0.00000E+00  0.00000E+00  0.11469E-03  0.23427E-05  0.13245E-02  0.26580E-04  0.22851E-02  0.46058E-04
        0.0330  0.00000E+00  0.00000E+00  0.00000E+00  0.00000E+00  0.00000E+00  0.00000E+00  0.85125E-02  0.88982E-02  0.81622E-02  0.20435E-02  0.67436E-04 -0.22511E-03       3  0.87393E-02  0.00000E+00  0.00000E+00  0.10284E-03  0.36796E-05  0.13049E-02  0.43544E-04  0.22374E-02  0.75143E-04
        0.0499  0.00000E+00  0.00000E+00  0.00000E+00  0.00000E+00  0.00000E+00  0.00000E+00  0.85121E-02  0.88983E-02  0.81340E-02  0.20435E-02  0.10197E-03 -0.36160E-03       4  0.87372E-02  0.00000E+00  0.00000E+00  0.78186E-04  0.50009E-05  0.12784E-02  0.65148E-04  0.21814E-02  0.11201E-03
        0.0719  0.00000E+00  0.00000E+00  0.00000E+00  0.00000E+00  0.00000E+00  0.00000E+00  0.85095E-02  0.88984E-02  0.81176E-02  0.20435E-02  0.14687E-03 -0.54736E-03       5  0.87356E-02  0.00000E+00  0.00000E+00  0.30759E-04  0.56767E-05  0.12374E-02  0.92334E-04  0.21141E-02  0.15846E-03
        0.1004  0.00000E+00  0.00000E+00  0.00000E+00  0.00000E+00  0.00000E+00  0.00000E+00  0.85031E-02  0.88984E-02  0.81125E-02  0.20435E-02  0.20523E-03 -0.79383E-03       6  0.87348E-02  0.00000E+00  0.00000E+00 -0.29024E-04  0.48478E-05  0.11779E-02  0.12598E-03  0.20350E-02  0.21658E-03
        0.1376  0.00000E+00  0.00000E+00  0.00000E+00  0.00000E+00  0.00000E+00  0.00000E+00  0.84899E-02  0.88985E-02  0.81172E-02  0.20435E-02  0.28110E-03 -0.11131E-02       7  0.87364E-02  0.00000E+00  0.00000E+00 -0.11280E-03  0.65954E-06  0.10897E-02  0.16644E-03  0.19416E-02  0.28867E-03
        0.1858  0.00000E+00  0.00000E+00  0.00000E+00  0.00000E+00  0.00000E+00  0.00000E+00  0.84673E-02  0.88985E-02  0.81289E-02  0.20435E-02  0.37974E-03 -0.15188E-02       8  0.87370E-02  0.00000E+00  0.00000E+00 -0.23383E-03 -0.10627E-04  0.95877E-03  0.21271E-03  0.18280E-02  0.37690E-03
        0.2358  0.00000E+00  0.00000E+00  0.00000E+00  0.00000E+00  0.00000E+00  0.00000E+00  0.84413E-02  0.88984E-02  0.81417E-02  0.20435E-02  0.48191E-03 -0.19273E-02       9  0.87378E-02  0.00000E+00  0.00000E+00 -0.35324E-03 -0.28289E-04  0.80721E-03  0.25308E-03  0.17110E-02  0.46245E-03
        0.2858  0.00000E+00  0.00000E+00  0.00000E+00  0.00000E+00  0.00000E+00  0.00000E+00  0.84199E-02  0.88984E-02  0.81529E-02  0.20435E-02  0.58409E-03 -0.23244E-02      10  0.87385E-02  0.00000E+00  0.00000E+00 -0.37410E-03 -0.46994E-04  0.67194E-03  0.28667E-03  0.15986E-02  0.54238E-03
        0.3358  0.00000E+00  0.00000E+00  0.00000E+00  0.00000E+00  0.00000E+00  0.00000E+00  0.84110E-02  0.88985E-02  0.81622E-02  0.20435E-02  0.68626E-03 -0.26967E-02      11  0.87392E-02  0.00000E+00  0.00000E+00 -0.30791E-03 -0.62389E-04  0.58129E-03  0.31574E-03  0.15493E-02  0.61985E-03
        0.3858  0.00000E+00  0.00000E+00  0.00000E+00  0.00000E+00  0.00000E+00  0.00000E+00  0.84115E-02  0.88997E-02  0.81699E-02  0.20435E-02  0.78844E-03 -0.30147E-02      12  0.87398E-02  0.00000E+00  0.00000E+00 -0.26590E-03 -0.75684E-04  0.52474E-03  0.34197E-03  0.15977E-02  0.69973E-03
        0.4358  0.00000E+00  0.00000E+00  0.00000E+00  0.00000E+00  0.00000E+00  0.00000E+00  0.84150E-02  0.89028E-02  0.81761E-02  0.20437E-02  0.89062E-03 -0.32595E-02      13  0.87402E-02  0.00000E+00  0.00000E+00 -0.24087E-03 -0.87728E-04  0.50309E-03  0.36713E-03  0.16962E-02  0.78454E-03
        0.4858  0.00000E+00  0.00000E+00  0.00000E+00  0.00000E+00  0.00000E+00  0.00000E+00  0.84185E-02  0.89063E-02  0.81812E-02  0.20439E-02  0.99282E-03 -0.34350E-02      14  0.87406E-02  0.00000E+00  0.00000E+00 -0.23107E-03 -0.99281E-04  0.50581E-03  0.39242E-03  0.18260E-02  0.87584E-03
        0.5358  0.00000E+00  0.00000E+00  0.00000E+00  0.00000E+00  0.00000E+00  0.00000E+00  0.84201E-02  0.89093E-02  0.81853E-02  0.20440E-02  0.10950E-02 -0.35576E-02      15  0.87409E-02  0.00000E+00  0.00000E+00 -0.23590E-03 -0.11108E-03  0.52562E-03  0.41870E-03  0.19465E-02  0.97316E-03
        0.5858  0.00000E+00  0.00000E+00  0.00000E+00  0.00000E+00  0.00000E+00  0.00000E+00  0.84191E-02  0.89113E-02  0.81884E-02  0.20441E-02  0.11972E-02 -0.36507E-02      16  0.87411E-02  0.00000E+00  0.00000E+00 -0.25396E-03 -0.12377E-03  0.55180E-03  0.44629E-03  0.20333E-02  0.10748E-02
        0.6358  0.00000E+00  0.00000E+00  0.00000E+00  0.00000E+00  0.00000E+00  0.00000E+00  0.84150E-02  0.89120E-02  0.81906E-02  0.20442E-02  0.12994E-02 -0.37409E-02      17  0.87412E-02  0.00000E+00  0.00000E+00 -0.28232E-03 -0.13789E-03  0.57462E-03  0.47502E-03  0.20657E-02  0.11781E-02
        0.6858  0.00000E+00  0.00000E+00  0.00000E+00  0.00000E+00  0.00000E+00  0.00000E+00  0.84083E-02  0.89114E-02  0.81920E-02  0.20441E-02  0.14016E-02 -0.38549E-02      18  0.87414E-02  0.00000E+00  0.00000E+00 -0.31675E-03 -0.15373E-03  0.58516E-03  0.50428E-03  0.20298E-02  0.12796E-02
        0.7358  0.00000E+00  0.00000E+00  0.00000E+00  0.00000E+00  0.00000E+00  0.00000E+00  0.83994E-02  0.89094E-02  0.81928E-02  0.20440E-02  0.15038E-02 -0.40163E-02      19  0.87414E-02  0.00000E+00  0.00000E+00 -0.35236E-03 -0.17135E-03  0.57628E-03  0.53309E-03  0.19185E-02  0.13755E-02
        0.7858  0.00000E+00  0.00000E+00  0.00000E+00  0.00000E+00  0.00000E+00  0.00000E+00  0.83994E-02  0.89062E-02  0.81932E-02  0.20439E-02  0.16060E-02 -0.42385E-02      20  0.87414E-02  0.00000E+00  0.00000E+00 -0.23143E-03 -0.18292E-03  0.60764E-03  0.56347E-03  0.17555E-02  0.14633E-02
        0.8358  0.00000E+00  0.00000E+00  0.00000E+00  0.00000E+00  0.00000E+00  0.00000E+00  0.84107E-02  0.89024E-02  0.81934E-02  0.20437E-02  0.17082E-02 -0.45015E-02      21  0.87415E-02  0.00000E+00  0.00000E+00 -0.12512E-03 -0.18917E-03  0.64648E-03  0.59580E-03  0.16615E-02  0.15464E-02
        0.8858  0.00000E+00  0.00000E+00  0.00000E+00  0.00000E+00  0.00000E+00  0.00000E+00  0.84260E-02  0.89007E-02  0.81936E-02  0.20436E-02  0.18104E-02 -0.47735E-02      22  0.87415E-02  0.00000E+00  0.00000E+00 -0.32394E-04 -0.19079E-03  0.69547E-03  0.63057E-03  0.15870E-02  0.16257E-02
        0.9358  0.00000E+00  0.00000E+00  0.00000E+00  0.00000E+00  0.00000E+00  0.00000E+00  0.84445E-02  0.89000E-02  0.81940E-02  0.20436E-02  0.19126E-02 -0.50429E-02      23  0.87415E-02  0.00000E+00  0.00000E+00  0.62955E-04 -0.18764E-03  0.74001E-03  0.66757E-03  0.15396E-02  0.17027E-02
        0.9679  0.00000E+00  0.00000E+00  0.00000E+00  0.00000E+00  0.00000E+00  0.00000E+00  0.84575E-02  0.88996E-02  0.81943E-02  0.20435E-02  0.19781E-02 -0.52128E-02      24  0.87415E-02  0.00000E+00  0.00000E+00  0.12357E-03 -0.18368E-03  0.76410E-03  0.69209E-03  0.15141E-02  0.17513E-02
        1.0000  0.00000E+00  0.00000E+00  0.00000E+00  0.00000E+00  0.00000E+00  0.00000E+00  0.84692E-02  0.88994E-02  0.81948E-02  0.20435E-02  0.20437E-02 -0.53805E-02      25  0.87415E-02  0.00000E+00  0.00000E+00  0.14129E-03 -0.17915E-03  0.77996E-03  0.71711E-03  0.14940E-02  0.17992E-02
end
