 All solute fluxes and cumulative solute fluxes are positive into the region

       Time         cvTop        cvBot      Sum(cvTop)   Sum(cvBot)     cvCh0        cvCh1         cTop        cRoot         cBot        cvRoot    Sum(cvRoot)  Sum(cvNEql) TLevel      cGWL        cRunOff   Sum(cRunOff)    (cv(i),    Sum(cv(i)), i=1,NObs)
        [T]        [M/L2/T]     [M/L2/T]      [M/L2]       [M/L2]       [M/L2]      [M/L2]        [M/L3]      [M/L3]        [M/L3]      [M/L2/T]      [M/L2]       [M/L2]              [M/L3]        [M/L2]      [M/L3]      [M/L2/T]      [M/L2]
        0.0100  0.00000E+00 -0.26390E-02  0.00000E+00 -0.26390E-04  0.00000E+00  0.00000E+00  0.10507E-02  0.91394E-03  0.87969E-03  0.24888E-04  0.24888E-06  0.82467E-05       1  0.88304E-03  0.00000E+00  0.00000E+00  0.11789E-04  0.11789E-06 -0.26274E-02 -0.26274E-04 -0.23428E-02 -0.23428E-04
        0.0200  0.00000E+00 -0.22994E-02  0.00000E+00 -0.49384E-04  0.00000E+00  0.00000E+00  0.10511E-02  0.91396E-03  0.87957E-03  0.24889E-04  0.49777E-06  0.15348E-04       2  0.88303E-03  0.00000E+00  0.00000E+00 -0.66769E-05  0.51124E-07 -0.24897E-02 -0.51171E-04 -0.22446E-02 -0.45875E-04
        0.0330  0.00000E+00 -0.25252E-02  0.00000E+00 -0.82212E-04  0.00000E+00  0.00000E+00  0.10507E-02  0.91395E-03  0.87968E-03  0.24889E-04  0.82133E-06  0.28505E-04       3  0.88305E-03  0.00000E+00  0.00000E+00 -0.41352E-04 -0.48645E-06 -0.23397E-02 -0.81587E-04 -0.21248E-02 -0.73497E-04
        0.0499  0.00000E+00 -0.27096E-02  0.00000E+00 -0.12800E-03  0.00000E+00  0.00000E+00  0.10501E-02  0.91395E-03  0.87971E-03  0.24889E-04  0.12419E-05  0.42498E-04       4  0.88305E-03  0.00000E+00  0.00000E+00 -0.10930E-03 -0.23336E-05 -0.22093E-02 -0.11892E-03 -0.19964E-02 -0.10724E-03
        0.0719  0.00000E+00 -0.28516E-02  0.00000E+00 -0.19065E-03  0.00000E+00  0.00000E+00  0.10491E-02  0.91394E-03  0.87976E-03  0.24889E-04  0.17888E-05  0.56977E-04       5  0.88305E-03  0.00000E+00  0.00000E+00 -0.23135E-03 -0.74164E-05 -0.21289E-02 -0.16570E-03 -0.18661E-02 -0.14823E-03
        0.1004  0.00000E+00 -0.29644E-02  0.00000E+00 -0.27532E-03  0.00000E+00  0.00000E+00  0.10474E-02  0.91393E-03  0.87979E-03  0.24889E-04  0.24996E-05  0.66807E-04       6  0.88305E-03  0.00000E+00  0.00000E+00 -0.43558E-03 -0.19857E-04 -0.21659E-02 -0.22756E-03 -0.17571E-02 -0.19842E-03
        0.1376  0.00000E+00 -0.30369E-02  0.00000E+00 -0.38808E-03  0.00000E+00  0.00000E+00  0.10449E-02  0.91393E-03  0.87982E-03  0.24888E-04  0.34237E-05  0.60539E-04       7  0.88305E-03  0.00000E+00  0.00000E+00 -0.75246E-03 -0.47795E-04 -0.24128E-02 -0.31714E-03 -0.17081E-02 -0.26184E-03
        0.1858  0.00000E+00 -0.30582E-02  0.00000E+00 -0.53569E-03  0.00000E+00  0.00000E+00  0.10413E-02  0.91392E-03  0.87983E-03  0.24888E-04  0.46250E-05  0.13010E-04       8  0.88305E-03  0.00000E+00  0.00000E+00 -0.12027E-02 -0.10585E-03 -0.30299E-02 -0.46339E-03 -0.17892E-02 -0.34820E-03
        0.2358  0.00000E+00 -0.30291E-02  0.00000E+00 -0.68714E-03  0.00000E+00  0.00000E+00  0.10376E-02  0.91393E-03  0.87984E-03  0.24888E-04  0.58694E-05 -0.83742E-04       9  0.88305E-03  0.00000E+00  0.00000E+00 -0.16618E-02 -0.18894E-03 -0.39397E-02 -0.66037E-03 -0.20158E-02 -0.44899E-03
        0.2858  0.00000E+00 -0.29684E-02  0.00000E+00 -0.83556E-03  0.00000E+00  0.00000E+00  0.10343E-02  0.91396E-03  0.87985E-03  0.24890E-04  0.71139E-05 -0.22664E-03      10  0.88305E-03  0.00000E+00  0.00000E+00 -0.20686E-02 -0.29237E-03 -0.50493E-02 -0.91284E-03 -0.23719E-02 -0.56758E-03
        0.3358  0.00000E+00 -0.28960E-02  0.00000E+00 -0.98036E-03  0.00000E+00  0.00000E+00  0.10315E-02  0.91400E-03  0.87985E-03  0.24891E-04  0.83585E-05 -0.40752E-03      11  0.88305E-03  0.00000E+00  0.00000E+00 -0.24023E-02 -0.41248E-03 -0.62610E-02 -0.12259E-02 -0.28209E-02 -0.70863E-03
        0.3858  0.00000E+00 -0.28267E-02  0.00000E+00 -0.11217E-02  0.00000E+00  0.00000E+00  0.10292E-02  0.91407E-03  0.87985E-03  0.24893E-04  0.96031E-05 -0.61386E-03      12  0.88305E-03  0.00000E+00  0.00000E+00 -0.26558E-02 -0.54527E-03 -0.74183E-02 -0.15968E-02 -0.33112E-02 -0.87419E-03
        0.4358  0.00000E+00 -0.27707E-02  0.00000E+00 -0.12602E-02  0.00000E+00  0.00000E+00  0.10276E-02  0.91414E-03  0.87986E-03  0.24895E-04  0.10848E-04 -0.83629E-03      13  0.88305E-03  0.00000E+00  0.00000E+00 -0.28163E-02 -0.68609E-03 -0.83817E-02 -0.20159E-02 -0.37847E-02 -0.10634E-02
        0.4858  0.00000E+00 -0.27353E-02  0.00000E+00 -0.13970E-02  0.00000E+00  0.00000E+00  0.10266E-02  0.91420E-03  0.87987E-03  0.24897E-04  0.12093E-04 -0.10640E-02      14  0.88305E-03  0.00000E+00  0.00000E+00 -0.28800E-02 -0.83009E-03 -0.90425E-02 -0.24680E-02 -0.41813E-02 -0.12725E-02
        0.5358  0.00000E+00 -0.27247E-02  0.00000E+00 -0.15332E-02  0.00000E+00  0.00000E+00  0.10263E-02  0.91424E-03  0.87989E-03  0.24898E-04  0.13338E-04 -0.12857E-02      15  0.88305E-03  0.00000E+00  0.00000E+00 -0.28440E-02 -0.97229E-03 -0.93403E-02 -0.29350E-02 -0.44521E-02 -0.14951E-02
        0.5858  0.00000E+00 -0.27402E-02  0.00000E+00 -0.16702E-02  0.00000E+00  0.00000E+00  0.10267E-02  0.91428E-03  0.87991E-03  0.24899E-04  0.14583E-04 -0.14909E-02      16  0.88305E-03  0.00000E+00  0.00000E+00 -0.27116E-02 -0.11079E-02 -0.92501E-02 -0.33975E-02 -0.45666E-02 -0.17234E-02
        0.6358  0.00000E+00 -0.27801E-02  0.00000E+00 -0.18093E-02  0.00000E+00  0.00000E+00  0.10278E-02  0.91429E-03  0.87994E-03  0.24899E-04  0.15828E-04 -0.16706E-02      17  0.88305E-03  0.00000E+00  0.00000E+00 -0.24881E-02 -0.12323E-02 -0.87937E-02 -0.38372E-02 -0.45166E-02 -0.19493E-02
        0.6858  0.00000E+00 -0.28395E-02  0.00000E+00 -0.19512E-02  0.00000E+00  0.00000E+00  0.10294E-02  0.91429E-03  0.87997E-03  0.24899E-04  0.17073E-04 -0.18183E-02      18  0.88305E-03  0.00000E+00  0.00000E+00 -0.21844E-02 -0.13415E-02 -0.80255E-02 -0.42385E-02 -0.43144E-02 -0.21650E-02
        0.7358  0.00000E+00 -0.29108E-02  0.00000E+00 -0.20968E-02  0.00000E+00  0.00000E+00  0.10316E-02  0.91426E-03  0.88000E-03  0.24898E-04  0.18317E-04 -0.19307E-02      19  0.88305E-03  0.00000E+00  0.00000E+00 -0.18152E-02 -0.14323E-02 -0.70320E-02 -0.45901E-02 -0.39892E-02 -0.23644E-02
        0.7858  0.00000E+00 -0.29845E-02  0.00000E+00 -0.22460E-02  0.00000E+00  0.00000E+00  0.10343E-02  0.91422E-03  0.88003E-03  0.24897E-04  0.19562E-04 -0.20062E-02      20  0.88306E-03  0.00000E+00  0.00000E+00 -0.13817E-02 -0.15013E-02 -0.58825E-02 -0.48842E-02 -0.35721E-02 -0.25430E-02
        0.8358  0.00000E+00 -0.30503E-02  0.00000E+00 -0.23985E-02  0.00000E+00  0.00000E+00  0.10373E-02  0.91417E-03  0.88006E-03  0.24895E-04  0.20807E-04 -0.20409E-02      21  0.88306E-03  0.00000E+00  0.00000E+00 -0.93055E-03 -0.15479E-02 -0.47036E-02 -0.51194E-02 -0.30902E-02 -0.26975E-02
        0.8858  0.00000E+00 -0.30984E-02  0.00000E+00 -0.25534E-02  0.00000E+00  0.00000E+00  0.10403E-02  0.91414E-03  0.88008E-03  0.24894E-04  0.22052E-04 -0.20414E-02      22  0.88306E-03  0.00000E+00  0.00000E+00 -0.50337E-03 -0.15730E-02 -0.36028E-02 -0.52995E-02 -0.26031E-02 -0.28277E-02
        0.9358  0.00000E+00 -0.31213E-02  0.00000E+00 -0.27095E-02  0.00000E+00  0.00000E+00  0.10427E-02  0.91409E-03  0.88010E-03  0.24893E-04  0.23296E-04 -0.20197E-02      23  0.88306E-03  0.00000E+00  0.00000E+00 -0.16623E-03 -0.15813E-02 -0.26811E-02 -0.54336E-02 -0.21582E-02 -0.29356E-02
        0.9679  0.00000E+00 -0.31228E-02  0.00000E+00 -0.28097E-02  0.00000E+00  0.00000E+00  0.10437E-02  0.91406E-03  0.88011E-03  0.24892E-04  0.24095E-04 -0.20005E-02      24  0.88306E-03  0.00000E+00  0.00000E+00 -0.32686E-04 -0.15824E-02 -0.22171E-02 -0.55047E-02 -0.19062E-02 -0.29968E-02
        1.0000  0.00000E+00 -0.31101E-02  0.00000E+00 -0.29095E-02  0.00000E+00  0.00000E+00  0.10441E-02  0.91404E-03  0.88012E-03  0.24892E-04  0.24894E-04 -0.19809E-02      25  0.88306E-03  0.00000E+00  0.00000E+00  0.21571E-04 -0.15817E-02 -0.18917E-02 -0.55654E-02 -0.16952E-02 -0.30512E-02
end
