 ******* Program HYDRUS
 ******* 
 Welcome to HYDRUS-1D                                                    
 Date:  28. 3.2022    Time:   8:57:19
 Units: L = cm   , T = days , M = mg   

----------------------------------------------------------
 Time       [T]        0.0000
----------------------------------------------------------
 Sub-region num.                     1
----------------------------------------------------------
 Length   [L]        0.30000E+03  0.30000E+03
 W-volume [L]        0.99295E+02  0.99295E+02
 In-flow  [L/T]      0.00000E+00  0.00000E+00
 h Mean   [L]       -0.95271E+02 -0.95271E+02
 ConcVol  [M/L2] 1   0.88714E-01  0.88714E-01
 cMean    [M/L3] 1   0.89547E-03  0.89547E-03
 SorbVolIm[M/L2] 1   0.46742E+02  0.46742E+02
 sMeanIm  [-]    1   0.10745E+00  0.10745E+00
 Top Flux [L/T]      0.17078E+00
 Bot Flux [L/T]     -0.88369E+00
----------------------------------------------------------

----------------------------------------------------------
 Time       [T]        1.0000
----------------------------------------------------------
 Sub-region num.                     1
----------------------------------------------------------
 Length   [L]        0.30000E+03  0.30000E+03
 W-volume [L]        0.99915E+02  0.99915E+02
 In-flow  [L/T]     -0.82735E+00 -0.82735E+00
 h Mean   [L]       -0.90314E+02 -0.90314E+02
 ConcVol  [M/L2] 1   0.89313E-01  0.89313E-01
 cMean    [M/L3] 1   0.89543E-03  0.89543E-03
 SorbVolIm[M/L2] 1   0.46741E+02  0.46741E+02
 sMeanIm  [-]    1   0.10745E+00  0.10745E+00
 Top Flux [L/T]      0.76544E-01
 Bot Flux [L/T]     -0.68954E+00
 WatBalT  [L]        0.24557E-04
 WatBalR  [%]              0.001
 CncBalT  [M]    1   0.64850E-04
 CncBalR  [%]    1         6.891
----------------------------------------------------------
 
 Calculation time [sec]  0.000000000000000E+000
