 ******* Program HYDRUS
 ******* 
 Welcome to HYDRUS-1D                                                    
 Date:  29. 3.2022    Time:  17:27: 3
 Units: L = cm   , T = days , M = mg   

----------------------------------------------------------
 Time       [T]        0.0000
----------------------------------------------------------
 Sub-region num.                     1
----------------------------------------------------------
 Length   [L]        0.30000E+03  0.30000E+03
 W-volume [L]        0.98996E+02  0.98996E+02
 In-flow  [L/T]      0.00000E+00  0.00000E+00
 h Mean   [L]       -0.95986E+02 -0.95986E+02
 ConcVol  [M/L2] 1   0.88420E-01  0.88420E-01
 cMean    [M/L3] 1   0.89503E-03  0.89503E-03
 SorbVolIm[M/L2] 1   0.46720E+02  0.46720E+02
 sMeanIm  [-]    1   0.10740E+00  0.10740E+00
 Top Flux [L/T]     -0.14558E-02
 Bot Flux [L/T]      0.15939E+00
----------------------------------------------------------

----------------------------------------------------------
 Time       [T]        1.0000
----------------------------------------------------------
 Sub-region num.                     1
----------------------------------------------------------
 Length   [L]        0.30000E+03  0.30000E+03
 W-volume [L]        0.10156E+03  0.10156E+03
 In-flow  [L/T]     -0.86284E+00 -0.86284E+00
 h Mean   [L]       -0.76325E+02 -0.76325E+02
 ConcVol  [M/L2] 1   0.90767E-01  0.90767E-01
 cMean    [M/L3] 1   0.89499E-03  0.89499E-03
 SorbVolIm[M/L2] 1   0.46717E+02  0.46717E+02
 sMeanIm  [-]    1   0.10740E+00  0.10740E+00
 Top Flux [L/T]     -0.66796E-01
 Bot Flux [L/T]     -0.81638E+00
 WatBalT  [L]        0.24796E-04
 WatBalR  [%]              0.001
 CncBalT  [M]    1   0.15259E-03
 CncBalR  [%]    1         6.475
----------------------------------------------------------
 
 Calculation time [sec]  9.999997913837433E-003
