 ******* Program HYDRUS
 ******* 
 Welcome to HYDRUS-1D                                                    
 Date:  28. 3.2022    Time:   8:56: 0
 Units: L = cm   , T = days , M = mg   


 Time:        0.0000


 Node      Depth      Head Moisture       K          C         Flux        Sink         Kappa   v/KsTop   Temp   Conc(1..NS) Sorb(1...NS)
           [L]        [L]    [-]        [L/T]      [1/L]      [L/T]        [1/T]         [-]      [-]      [C]      [M/L*3]

   1     0.0000    -197.914 0.2873   0.1272E+01  0.3841E-03  0.7612E-01  0.0000E+00      -1   0.175E-02   20.00  0.8759E-03  0.1049E+00
   2    -3.0000    -194.737 0.2885   0.1308E+01  0.3879E-03  0.2304E-01  0.0000E+00      -1   0.530E-03   20.00  0.8801E-03  0.1057E+00
   3    -6.0000    -191.805 0.2895   0.1342E+01  0.3915E-03 -0.8728E-01  0.0000E+00      -1  -0.201E-02   20.00  0.8832E-03  0.1060E+00
   4    -9.0000    -189.121 0.2906   0.1402E+01  0.3950E-03 -0.1964E+00  0.1287E-02      -1  -0.452E-02   20.00  0.8833E-03  0.1060E+00
   5   -12.0000    -186.642 0.2917   0.1457E+01  0.3982E-03 -0.2964E+00  0.1073E-02      -1  -0.682E-02   20.00  0.8833E-03  0.1060E+00
   6   -15.0000    -184.339 0.2926   0.1508E+01  0.4012E-03 -0.3909E+00  0.5369E-03      -1  -0.899E-02   20.00  0.8833E-03  0.1060E+00
   7   -18.0000    -182.195 0.2935   0.1556E+01  0.4040E-03 -0.4796E+00  0.0000E+00      -1  -0.110E-01   20.00  0.8833E-03  0.1060E+00
   8   -21.0000    -180.187 0.2944   0.1601E+01  0.4066E-03 -0.5603E+00  0.0000E+00      -1  -0.129E-01   20.00  0.8833E-03  0.1060E+00
   9   -24.0000    -178.294 0.2952   0.1643E+01  0.4091E-03 -0.6336E+00  0.0000E+00      -1  -0.146E-01   20.00  0.8833E-03  0.1060E+00
  10   -27.0000    -176.500 0.2959   0.1683E+01  0.4114E-03 -0.7000E+00  0.0000E+00      -1  -0.161E-01   20.00  0.8833E-03  0.1060E+00
  11   -30.0000    -174.789 0.2966   0.1721E+01  0.4136E-03 -0.7594E+00  0.0000E+00      -1  -0.175E-01   20.00  0.8833E-03  0.1060E+00
  12   -33.0000    -173.147 0.2973   0.1758E+01  0.4158E-03 -0.8121E+00  0.0000E+00      -1  -0.187E-01   20.00  0.8833E-03  0.1060E+00
  13   -36.0000    -171.561 0.2980   0.1793E+01  0.4178E-03 -0.8586E+00  0.0000E+00      -1  -0.198E-01   20.00  0.8834E-03  0.1060E+00
  14   -39.0000    -170.020 0.2986   0.1827E+01  0.4198E-03 -0.8994E+00  0.0000E+00      -1  -0.207E-01   20.00  0.8834E-03  0.1060E+00
  15   -42.0000    -168.514 0.2992   0.1861E+01  0.4218E-03 -0.9346E+00  0.0000E+00      -1  -0.215E-01   20.00  0.8834E-03  0.1060E+00
  16   -45.0000    -167.033 0.2999   0.1894E+01  0.4237E-03 -0.9641E+00  0.0000E+00      -1  -0.222E-01   20.00  0.8834E-03  0.1060E+00
  17   -48.0000    -165.568 0.3005   0.1927E+01  0.4256E-03 -0.9890E+00  0.0000E+00      -1  -0.228E-01   20.00  0.8834E-03  0.1060E+00
  18   -51.0000    -164.113 0.3011   0.1959E+01  0.4275E-03 -0.1010E+01  0.0000E+00      -1  -0.232E-01   20.00  0.8834E-03  0.1060E+00
  19   -54.0000    -162.660 0.3017   0.1991E+01  0.4294E-03 -0.1026E+01  0.0000E+00      -1  -0.236E-01   20.00  0.8834E-03  0.1060E+00
  20   -57.0000    -161.203 0.3023   0.2024E+01  0.4313E-03 -0.1038E+01  0.0000E+00      -1  -0.239E-01   20.00  0.8834E-03  0.1060E+00
  21   -60.0000    -159.738 0.3029   0.2057E+01  0.4332E-03 -0.1047E+01  0.0000E+00      -1  -0.241E-01   20.00  0.8834E-03  0.1060E+00
  22   -63.0000    -158.258 0.3035   0.2090E+01  0.4351E-03 -0.1053E+01  0.0000E+00      -1  -0.242E-01   20.00  0.8834E-03  0.1060E+00
  23   -66.0000    -156.762 0.3041   0.2123E+01  0.4371E-03 -0.1056E+01  0.0000E+00      -1  -0.243E-01   20.00  0.8834E-03  0.1060E+00
  24   -69.0000    -155.244 0.3048   0.2157E+01  0.4391E-03 -0.1057E+01  0.0000E+00      -1  -0.243E-01   20.00  0.8833E-03  0.1060E+00
  25   -72.0000    -153.702 0.3054   0.2191E+01  0.4411E-03 -0.1055E+01  0.0000E+00      -1  -0.243E-01   20.00  0.8833E-03  0.1060E+00
  26   -75.0000    -152.134 0.3061   0.2226E+01  0.4431E-03 -0.1052E+01  0.0000E+00      -1  -0.242E-01   20.00  0.8833E-03  0.1060E+00
  27   -78.0000    -150.530 0.3068   0.2287E+01  0.4450E-03 -0.1047E+01  0.0000E+00      -1  -0.241E-01   20.00  0.8833E-03  0.1060E+00
  28   -81.0000    -148.879 0.3076   0.2353E+01  0.4469E-03 -0.1039E+01  0.0000E+00      -1  -0.239E-01   20.00  0.8833E-03  0.1060E+00
  29   -84.0000    -147.180 0.3084   0.2421E+01  0.4489E-03 -0.1031E+01  0.0000E+00      -1  -0.237E-01   20.00  0.8833E-03  0.1060E+00
  30   -87.0000    -145.434 0.3092   0.2490E+01  0.4509E-03 -0.1021E+01  0.0000E+00      -1  -0.235E-01   20.00  0.8833E-03  0.1060E+00
  31   -90.0000    -143.641 0.3100   0.2562E+01  0.4530E-03 -0.1011E+01  0.0000E+00      -1  -0.233E-01   20.00  0.8833E-03  0.1060E+00
  32   -93.0000    -141.801 0.3108   0.2635E+01  0.4551E-03 -0.9991E+00  0.0000E+00      -1  -0.230E-01   20.00  0.8833E-03  0.1060E+00
  33   -96.0000    -139.916 0.3117   0.2710E+01  0.4573E-03 -0.9878E+00  0.0000E+00      -1  -0.227E-01   20.00  0.8833E-03  0.1060E+00
  34   -99.0000    -137.988 0.3126   0.2787E+01  0.4595E-03 -0.9759E+00  0.0000E+00      -1  -0.225E-01   20.00  0.8833E-03  0.1060E+00
  35  -102.0000    -136.017 0.3135   0.2866E+01  0.4618E-03 -0.9632E+00  0.0000E+00      -1  -0.222E-01   20.00  0.8833E-03  0.1060E+00
  36  -105.0000    -134.005 0.3144   0.2946E+01  0.4641E-03 -0.9509E+00  0.0000E+00      -1  -0.219E-01   20.00  0.8833E-03  0.1060E+00
  37  -108.0000    -131.954 0.3154   0.3028E+01  0.4665E-03 -0.9389E+00  0.0000E+00      -1  -0.216E-01   20.00  0.8833E-03  0.1060E+00
  38  -111.0000    -129.866 0.3164   0.3111E+01  0.4689E-03 -0.9264E+00  0.0000E+00      -1  -0.213E-01   20.00  0.8833E-03  0.1060E+00
  39  -114.0000    -127.741 0.3173   0.3196E+01  0.4713E-03 -0.9143E+00  0.0000E+00      -1  -0.210E-01   20.00  0.8833E-03  0.1060E+00
  40  -117.0000    -125.583 0.3183   0.3282E+01  0.4738E-03 -0.9028E+00  0.0000E+00      -1  -0.208E-01   20.00  0.8833E-03  0.1060E+00
  41  -120.0000    -123.392 0.3194   0.3369E+01  0.4764E-03 -0.8915E+00  0.0000E+00      -1  -0.205E-01   20.00  0.8833E-03  0.1060E+00
  42  -123.0000    -121.171 0.3204   0.3457E+01  0.4789E-03 -0.8805E+00  0.0000E+00      -1  -0.203E-01   20.00  0.8833E-03  0.1060E+00
  43  -126.0000    -118.916 0.3215   0.3587E+01  0.4809E-03 -0.8690E+00  0.0000E+00      -1  -0.200E-01   20.00  0.8833E-03  0.1060E+00
  44  -129.0000    -116.623 0.3226   0.3739E+01  0.4825E-03 -0.8583E+00  0.0000E+00      -1  -0.197E-01   20.00  0.8833E-03  0.1060E+00
  45  -132.0000    -114.294 0.3237   0.3892E+01  0.4842E-03 -0.8475E+00  0.0000E+00      -1  -0.195E-01   20.00  0.8833E-03  0.1060E+00
  46  -135.0000    -111.930 0.3249   0.4048E+01  0.4858E-03 -0.8370E+00  0.0000E+00      -1  -0.193E-01   20.00  0.8833E-03  0.1060E+00
  47  -138.0000    -109.535 0.3261   0.4206E+01  0.4875E-03 -0.8283E+00  0.0000E+00      -1  -0.191E-01   20.00  0.8833E-03  0.1060E+00
  48  -141.0000    -107.112 0.3272   0.4366E+01  0.4892E-03 -0.8191E+00  0.0000E+00      -1  -0.188E-01   20.00  0.8833E-03  0.1060E+00
  49  -144.0000    -104.661 0.3284   0.4528E+01  0.4910E-03 -0.8095E+00  0.0000E+00      -1  -0.186E-01   20.00  0.8833E-03  0.1060E+00
  50  -147.0000    -102.185 0.3297   0.4691E+01  0.4927E-03 -0.8012E+00  0.0000E+00      -1  -0.184E-01   20.00  0.8833E-03  0.1060E+00
  51  -150.0000     -99.686 0.3309   0.4856E+01  0.4945E-03 -0.7929E+00  0.0000E+00      -1  -0.182E-01   20.00  0.8833E-03  0.1060E+00
  52  -153.0000     -97.165 0.3321   0.5022E+01  0.4963E-03 -0.7861E+00  0.0000E+00      -1  -0.181E-01   20.00  0.8833E-03  0.1060E+00
  53  -156.0000     -94.624 0.3334   0.5220E+01  0.4975E-03 -0.7787E+00  0.0000E+00      -1  -0.179E-01   20.00  0.8833E-03  0.1060E+00
  54  -159.0000     -92.058 0.3347   0.5480E+01  0.4974E-03 -0.7714E+00  0.0000E+00      -1  -0.177E-01   20.00  0.8833E-03  0.1060E+00
  55  -162.0000     -89.469 0.3359   0.5743E+01  0.4972E-03 -0.7654E+00  0.0000E+00      -1  -0.176E-01   20.00  0.8833E-03  0.1060E+00
  56  -165.0000     -86.858 0.3372   0.6009E+01  0.4971E-03 -0.7587E+00  0.0000E+00      -1  -0.175E-01   20.00  0.8833E-03  0.1060E+00
  57  -168.0000     -84.227 0.3386   0.6276E+01  0.4970E-03 -0.7538E+00  0.0000E+00      -1  -0.173E-01   20.00  0.8833E-03  0.1060E+00
  58  -171.0000     -81.579 0.3399   0.6545E+01  0.4969E-03 -0.7480E+00  0.0000E+00      -1  -0.172E-01   20.00  0.8833E-03  0.1060E+00
  59  -174.0000     -78.913 0.3412   0.6816E+01  0.4968E-03 -0.7427E+00  0.0000E+00      -1  -0.171E-01   20.00  0.8833E-03  0.1060E+00
  60  -177.0000     -76.233 0.3425   0.7088E+01  0.4966E-03 -0.7381E+00  0.0000E+00      -1  -0.170E-01   20.00  0.8833E-03  0.1060E+00
  61  -180.0000     -73.536 0.3439   0.7458E+01  0.4944E-03 -0.7335E+00  0.0000E+00      -1  -0.169E-01   20.00  0.8833E-03  0.1060E+00
  62  -183.0000     -70.823 0.3452   0.7856E+01  0.4915E-03 -0.7301E+00  0.0000E+00      -1  -0.168E-01   20.00  0.8833E-03  0.1060E+00
  63  -186.0000     -68.094 0.3465   0.8256E+01  0.4886E-03 -0.7261E+00  0.0000E+00      -1  -0.167E-01   20.00  0.8833E-03  0.1060E+00
  64  -189.0000     -65.351 0.3479   0.8659E+01  0.4858E-03 -0.7226E+00  0.0000E+00      -1  -0.166E-01   20.00  0.8833E-03  0.1060E+00
  65  -192.0000     -62.595 0.3492   0.9063E+01  0.4828E-03 -0.7188E+00  0.0000E+00      -1  -0.165E-01   20.00  0.8833E-03  0.1060E+00
  66  -195.0000     -59.827 0.3506   0.9476E+01  0.4798E-03 -0.7145E+00  0.0000E+00      -1  -0.164E-01   20.00  0.8833E-03  0.1060E+00
  67  -198.0000     -57.046 0.3519   0.1003E+02  0.4736E-03 -0.7119E+00  0.0000E+00      -1  -0.164E-01   20.00  0.8833E-03  0.1060E+00
  68  -201.0000     -54.253 0.3532   0.1059E+02  0.4673E-03 -0.7111E+00  0.0000E+00      -1  -0.164E-01   20.00  0.8833E-03  0.1060E+00
  69  -204.0000     -51.449 0.3545   0.1116E+02  0.4610E-03 -0.7080E+00  0.0000E+00      -1  -0.163E-01   20.00  0.8833E-03  0.1060E+00
  70  -207.0000     -48.634 0.3558   0.1172E+02  0.4547E-03 -0.7044E+00  0.0000E+00      -1  -0.162E-01   20.00  0.8833E-03  0.1060E+00
  71  -210.0000     -45.809 0.3571   0.1239E+02  0.4462E-03 -0.7027E+00  0.0000E+00      -1  -0.162E-01   20.00  0.8833E-03  0.1060E+00
  72  -213.0000     -42.974 0.3583   0.1314E+02  0.4363E-03 -0.7023E+00  0.0000E+00      -1  -0.162E-01   20.00  0.8833E-03  0.1060E+00
  73  -216.0000     -40.130 0.3596   0.1388E+02  0.4263E-03 -0.7008E+00  0.0000E+00      -1  -0.161E-01   20.00  0.8833E-03  0.1060E+00
  74  -219.0000     -37.277 0.3608   0.1466E+02  0.4157E-03 -0.6976E+00  0.0000E+00      -1  -0.161E-01   20.00  0.8833E-03  0.1060E+00
  75  -222.0000     -34.415 0.3619   0.1560E+02  0.4019E-03 -0.6963E+00  0.0000E+00      -1  -0.160E-01   20.00  0.8833E-03  0.1060E+00
  76  -225.0000     -31.545 0.3631   0.1655E+02  0.3880E-03 -0.6955E+00  0.0000E+00      -1  -0.160E-01   20.00  0.8833E-03  0.1060E+00
  77  -228.0000     -28.667 0.3642   0.1759E+02  0.3726E-03 -0.6956E+00  0.0000E+00      -1  -0.160E-01   20.00  0.8833E-03  0.1060E+00
  78  -231.0000     -25.782 0.3652   0.1876E+02  0.3548E-03 -0.6941E+00  0.0000E+00      -1  -0.160E-01   20.00  0.8833E-03  0.1060E+00
  79  -234.0000     -22.889 0.3662   0.2000E+02  0.3360E-03 -0.6908E+00  0.0000E+00      -1  -0.159E-01   20.00  0.8833E-03  0.1060E+00
  80  -237.0000     -19.989 0.3672   0.2141E+02  0.3143E-03 -0.6928E+00  0.0000E+00      -1  -0.159E-01   20.00  0.8833E-03  0.1060E+00
  81  -240.0000     -17.083 0.3681   0.2298E+02  0.2903E-03 -0.6935E+00  0.0000E+00      -1  -0.160E-01   20.00  0.8833E-03  0.1060E+00
  82  -243.0000     -14.170 0.3689   0.2472E+02  0.2636E-03 -0.6887E+00  0.0000E+00      -1  -0.158E-01   20.00  0.8833E-03  0.1060E+00
  83  -246.0000     -11.250 0.3696   0.2673E+02  0.2331E-03 -0.6872E+00  0.0000E+00      -1  -0.158E-01   20.00  0.8833E-03  0.1060E+00
  84  -249.0000      -8.324 0.3702   0.2910E+02  0.1976E-03 -0.6905E+00  0.0000E+00      -1  -0.159E-01   20.00  0.8833E-03  0.1060E+00
  85  -252.0000      -5.392 0.3708   0.3200E+02  0.1551E-03 -0.6917E+00  0.0000E+00      -1  -0.159E-01   20.00  0.8833E-03  0.1060E+00
  86  -255.0000      -2.453 0.3711   0.3595E+02  0.9938E-04 -0.6896E+00  0.0000E+00      -1  -0.159E-01   20.00  0.8833E-03  0.1060E+00
  87  -258.0000       0.495 0.3713   0.4346E+02  0.0000E+00 -0.6918E+00  0.0000E+00      -1  -0.159E-01   20.00  0.8833E-03  0.1060E+00
  88  -261.0000       3.447 0.3713   0.4346E+02  0.0000E+00 -0.6882E+00  0.0000E+00      -1  -0.158E-01   20.00  0.8833E-03  0.1060E+00
  89  -264.0000       6.400 0.3713   0.4346E+02  0.0000E+00 -0.6882E+00  0.0000E+00      -1  -0.158E-01   20.00  0.8833E-03  0.1060E+00
  90  -267.0000       9.352 0.3713   0.4346E+02  0.0000E+00 -0.6882E+00  0.0000E+00      -1  -0.158E-01   20.00  0.8833E-03  0.1060E+00
  91  -270.0000      12.305 0.3713   0.4346E+02  0.0000E+00 -0.6882E+00  0.0000E+00      -1  -0.158E-01   20.00  0.8833E-03  0.1060E+00
  92  -273.0000      15.257 0.3713   0.4346E+02  0.0000E+00 -0.6882E+00  0.0000E+00      -1  -0.158E-01   20.00  0.8833E-03  0.1060E+00
  93  -276.0000      18.210 0.3713   0.4346E+02  0.0000E+00 -0.6881E+00  0.0000E+00      -1  -0.158E-01   20.00  0.8833E-03  0.1060E+00
  94  -279.0000      21.162 0.3713   0.4346E+02  0.0000E+00 -0.6954E+00  0.0000E+00      -1  -0.160E-01   20.00  0.8833E-03  0.1060E+00
  95  -282.0000      24.114 0.3713   0.4346E+02  0.0000E+00 -0.6882E+00  0.0000E+00      -1  -0.158E-01   20.00  0.8833E-03  0.1060E+00
  96  -285.0000      27.067 0.3713   0.4346E+02  0.0000E+00 -0.6882E+00  0.0000E+00      -1  -0.158E-01   20.00  0.8833E-03  0.1060E+00
  97  -288.0000      30.019 0.3713   0.4346E+02  0.0000E+00 -0.6881E+00  0.0000E+00      -1  -0.158E-01   20.00  0.8833E-03  0.1060E+00
  98  -291.0000      32.972 0.3713   0.4346E+02  0.0000E+00 -0.6881E+00  0.0000E+00      -1  -0.158E-01   20.00  0.8832E-03  0.1060E+00
  99  -294.0000      35.924 0.3713   0.4346E+02  0.0000E+00 -0.6954E+00  0.0000E+00      -1  -0.160E-01   20.00  0.8825E-03  0.1059E+00
 100  -297.0000      38.876 0.3713   0.4346E+02  0.0000E+00 -0.6882E+00  0.0000E+00      -1  -0.158E-01   20.00  0.8816E-03  0.1058E+00
 101  -300.0000      41.829 0.3713   0.4346E+02  0.0000E+00 -0.6809E+00  0.0000E+00      -1  -0.157E-01   20.00  0.8816E-03  0.1057E+00
end


 Time:        1.0000


 Node      Depth      Head Moisture       K          C         Flux        Sink         Kappa   v/KsTop   Temp   Conc(1..NS) Sorb(1...NS)
           [L]        [L]    [-]        [L/T]      [1/L]      [L/T]        [1/T]         [-]      [-]      [C]      [M/L*3]

   1     0.0000    -251.596 0.2690   0.7215E+00  0.3231E-03  0.1489E+00  0.0000E+00      -1   0.343E-02   20.00  0.8790E-03  0.1053E+00
   2    -3.0000    -247.950 0.2700   0.7378E+00  0.3261E-03  0.1637E+00  0.0000E+00      -1   0.377E-02   20.00  0.8806E-03  0.1057E+00
   3    -6.0000    -244.265 0.2709   0.7553E+00  0.3292E-03  0.1754E+00  0.0000E+00      -1   0.403E-02   20.00  0.8835E-03  0.1060E+00
   4    -9.0000    -240.562 0.2720   0.7842E+00  0.3328E-03  0.1863E+00  0.1270E-02      -1   0.429E-02   20.00  0.8836E-03  0.1060E+00
   5   -12.0000    -236.844 0.2733   0.8237E+00  0.3370E-03  0.1960E+00  0.1060E-02      -1   0.451E-02   20.00  0.8836E-03  0.1060E+00
   6   -15.0000    -233.135 0.2746   0.8643E+00  0.3413E-03  0.2004E+00  0.5304E-03      -1   0.461E-02   20.00  0.8835E-03  0.1060E+00
   7   -18.0000    -229.453 0.2759   0.9053E+00  0.3456E-03  0.1994E+00  0.0000E+00      -1   0.459E-02   20.00  0.8835E-03  0.1060E+00
   8   -21.0000    -225.812 0.2772   0.9463E+00  0.3499E-03  0.1942E+00  0.0000E+00      -1   0.447E-02   20.00  0.8834E-03  0.1060E+00
   9   -24.0000    -222.220 0.2784   0.9871E+00  0.3542E-03  0.1860E+00  0.0000E+00      -1   0.428E-02   20.00  0.8834E-03  0.1060E+00
  10   -27.0000    -218.680 0.2797   0.1028E+01  0.3584E-03  0.1754E+00  0.0000E+00      -1   0.404E-02   20.00  0.8834E-03  0.1060E+00
  11   -30.0000    -215.195 0.2810   0.1067E+01  0.3626E-03  0.1626E+00  0.0000E+00      -1   0.374E-02   20.00  0.8834E-03  0.1060E+00
  12   -33.0000    -211.765 0.2822   0.1107E+01  0.3668E-03  0.1480E+00  0.0000E+00      -1   0.341E-02   20.00  0.8834E-03  0.1060E+00
  13   -36.0000    -208.391 0.2834   0.1146E+01  0.3708E-03  0.1320E+00  0.0000E+00      -1   0.304E-02   20.00  0.8834E-03  0.1060E+00
  14   -39.0000    -205.073 0.2846   0.1184E+01  0.3749E-03  0.1148E+00  0.0000E+00      -1   0.264E-02   20.00  0.8834E-03  0.1060E+00
  15   -42.0000    -201.809 0.2858   0.1222E+01  0.3788E-03  0.9664E-01  0.0000E+00      -1   0.222E-02   20.00  0.8834E-03  0.1060E+00
  16   -45.0000    -198.598 0.2870   0.1259E+01  0.3828E-03  0.7775E-01  0.0000E+00      -1   0.179E-02   20.00  0.8834E-03  0.1060E+00
  17   -48.0000    -195.437 0.2881   0.1296E+01  0.3866E-03  0.5833E-01  0.0000E+00      -1   0.134E-02   20.00  0.8833E-03  0.1060E+00
  18   -51.0000    -192.327 0.2892   0.1332E+01  0.3904E-03  0.3730E-01  0.0000E+00      -1   0.858E-03   20.00  0.8834E-03  0.1060E+00
  19   -54.0000    -189.269 0.2905   0.1391E+01  0.3943E-03  0.1448E-01  0.0000E+00      -1   0.333E-03   20.00  0.8834E-03  0.1060E+00
  20   -57.0000    -186.263 0.2917   0.1458E+01  0.3983E-03 -0.8709E-02  0.0000E+00      -1  -0.200E-03   20.00  0.8833E-03  0.1060E+00
  21   -60.0000    -183.304 0.2930   0.1525E+01  0.4022E-03 -0.3177E-01  0.0000E+00      -1  -0.731E-03   20.00  0.8833E-03  0.1060E+00
  22   -63.0000    -180.387 0.2942   0.1590E+01  0.4060E-03 -0.5462E-01  0.0000E+00      -1  -0.126E-02   20.00  0.8833E-03  0.1060E+00
  23   -66.0000    -177.509 0.2954   0.1655E+01  0.4098E-03 -0.7716E-01  0.0000E+00      -1  -0.178E-02   20.00  0.8833E-03  0.1060E+00
  24   -69.0000    -174.666 0.2966   0.1718E+01  0.4135E-03 -0.9932E-01  0.0000E+00      -1  -0.229E-02   20.00  0.8833E-03  0.1060E+00
  25   -72.0000    -171.856 0.2978   0.1781E+01  0.4172E-03 -0.1210E+00  0.0000E+00      -1  -0.279E-02   20.00  0.8833E-03  0.1060E+00
  26   -75.0000    -169.074 0.2989   0.1844E+01  0.4208E-03 -0.1423E+00  0.0000E+00      -1  -0.327E-02   20.00  0.8833E-03  0.1060E+00
  27   -78.0000    -166.318 0.3001   0.1906E+01  0.4244E-03 -0.1630E+00  0.0000E+00      -1  -0.375E-02   20.00  0.8833E-03  0.1060E+00
  28   -81.0000    -163.586 0.3013   0.1967E+01  0.4280E-03 -0.1831E+00  0.0000E+00      -1  -0.421E-02   20.00  0.8833E-03  0.1060E+00
  29   -84.0000    -160.876 0.3024   0.2027E+01  0.4315E-03 -0.2027E+00  0.0000E+00      -1  -0.466E-02   20.00  0.8833E-03  0.1060E+00
  30   -87.0000    -158.186 0.3035   0.2088E+01  0.4350E-03 -0.2216E+00  0.0000E+00      -1  -0.510E-02   20.00  0.8833E-03  0.1060E+00
  31   -90.0000    -155.513 0.3046   0.2148E+01  0.4385E-03 -0.2399E+00  0.0000E+00      -1  -0.552E-02   20.00  0.8833E-03  0.1060E+00
  32   -93.0000    -152.856 0.3057   0.2207E+01  0.4420E-03 -0.2583E+00  0.0000E+00      -1  -0.594E-02   20.00  0.8833E-03  0.1060E+00
  33   -96.0000    -150.213 0.3069   0.2295E+01  0.4452E-03 -0.2769E+00  0.0000E+00      -1  -0.637E-02   20.00  0.8833E-03  0.1060E+00
  34   -99.0000    -147.579 0.3081   0.2401E+01  0.4483E-03 -0.2952E+00  0.0000E+00      -1  -0.679E-02   20.00  0.8833E-03  0.1060E+00
  35  -102.0000    -144.950 0.3094   0.2506E+01  0.4513E-03 -0.3127E+00  0.0000E+00      -1  -0.720E-02   20.00  0.8833E-03  0.1060E+00
  36  -105.0000    -142.327 0.3106   0.2611E+01  0.4544E-03 -0.3296E+00  0.0000E+00      -1  -0.758E-02   20.00  0.8833E-03  0.1060E+00
  37  -108.0000    -139.708 0.3118   0.2715E+01  0.4574E-03 -0.3459E+00  0.0000E+00      -1  -0.796E-02   20.00  0.8833E-03  0.1060E+00
  38  -111.0000    -137.091 0.3130   0.2820E+01  0.4604E-03 -0.3614E+00  0.0000E+00      -1  -0.832E-02   20.00  0.8833E-03  0.1060E+00
  39  -114.0000    -134.477 0.3142   0.2924E+01  0.4635E-03 -0.3764E+00  0.0000E+00      -1  -0.866E-02   20.00  0.8833E-03  0.1060E+00
  40  -117.0000    -131.864 0.3154   0.3029E+01  0.4665E-03 -0.3907E+00  0.0000E+00      -1  -0.899E-02   20.00  0.8833E-03  0.1060E+00
  41  -120.0000    -129.251 0.3166   0.3133E+01  0.4695E-03 -0.4043E+00  0.0000E+00      -1  -0.930E-02   20.00  0.8833E-03  0.1060E+00
  42  -123.0000    -126.638 0.3178   0.3238E+01  0.4726E-03 -0.4174E+00  0.0000E+00      -1  -0.960E-02   20.00  0.8833E-03  0.1060E+00
  43  -126.0000    -124.024 0.3191   0.3342E+01  0.4756E-03 -0.4298E+00  0.0000E+00      -1  -0.989E-02   20.00  0.8833E-03  0.1060E+00
  44  -129.0000    -121.409 0.3203   0.3446E+01  0.4786E-03 -0.4418E+00  0.0000E+00      -1  -0.102E-01   20.00  0.8833E-03  0.1060E+00
  45  -132.0000    -118.791 0.3215   0.3593E+01  0.4809E-03 -0.4536E+00  0.0000E+00      -1  -0.104E-01   20.00  0.8833E-03  0.1060E+00
  46  -135.0000    -116.166 0.3228   0.3767E+01  0.4828E-03 -0.4650E+00  0.0000E+00      -1  -0.107E-01   20.00  0.8833E-03  0.1060E+00
  47  -138.0000    -113.532 0.3241   0.3941E+01  0.4847E-03 -0.4758E+00  0.0000E+00      -1  -0.109E-01   20.00  0.8833E-03  0.1060E+00
  48  -141.0000    -110.890 0.3254   0.4115E+01  0.4866E-03 -0.4862E+00  0.0000E+00      -1  -0.112E-01   20.00  0.8833E-03  0.1060E+00
  49  -144.0000    -108.241 0.3267   0.4290E+01  0.4884E-03 -0.4960E+00  0.0000E+00      -1  -0.114E-01   20.00  0.8833E-03  0.1060E+00
  50  -147.0000    -105.584 0.3280   0.4466E+01  0.4903E-03 -0.5053E+00  0.0000E+00      -1  -0.116E-01   20.00  0.8833E-03  0.1060E+00
  51  -150.0000    -102.920 0.3293   0.4642E+01  0.4922E-03 -0.5142E+00  0.0000E+00      -1  -0.118E-01   20.00  0.8833E-03  0.1060E+00
  52  -153.0000    -100.249 0.3306   0.4818E+01  0.4941E-03 -0.5226E+00  0.0000E+00      -1  -0.120E-01   20.00  0.8833E-03  0.1060E+00
  53  -156.0000     -97.571 0.3319   0.4995E+01  0.4960E-03 -0.5305E+00  0.0000E+00      -1  -0.122E-01   20.00  0.8833E-03  0.1060E+00
  54  -159.0000     -94.885 0.3332   0.5192E+01  0.4975E-03 -0.5381E+00  0.0000E+00      -1  -0.124E-01   20.00  0.8833E-03  0.1060E+00
  55  -162.0000     -92.190 0.3346   0.5466E+01  0.4974E-03 -0.5453E+00  0.0000E+00      -1  -0.125E-01   20.00  0.8833E-03  0.1060E+00
  56  -165.0000     -89.484 0.3359   0.5741E+01  0.4972E-03 -0.5522E+00  0.0000E+00      -1  -0.127E-01   20.00  0.8833E-03  0.1060E+00
  57  -168.0000     -86.768 0.3373   0.6017E+01  0.4971E-03 -0.5587E+00  0.0000E+00      -1  -0.129E-01   20.00  0.8833E-03  0.1060E+00
  58  -171.0000     -84.041 0.3387   0.6295E+01  0.4970E-03 -0.5648E+00  0.0000E+00      -1  -0.130E-01   20.00  0.8833E-03  0.1060E+00
  59  -174.0000     -81.306 0.3400   0.6573E+01  0.4969E-03 -0.5705E+00  0.0000E+00      -1  -0.131E-01   20.00  0.8833E-03  0.1060E+00
  60  -177.0000     -78.562 0.3414   0.6851E+01  0.4968E-03 -0.5760E+00  0.0000E+00      -1  -0.133E-01   20.00  0.8833E-03  0.1060E+00
  61  -180.0000     -75.811 0.3428   0.7131E+01  0.4966E-03 -0.5811E+00  0.0000E+00      -1  -0.134E-01   20.00  0.8833E-03  0.1060E+00
  62  -183.0000     -73.050 0.3441   0.7529E+01  0.4939E-03 -0.5858E+00  0.0000E+00      -1  -0.135E-01   20.00  0.8833E-03  0.1060E+00
  63  -186.0000     -70.278 0.3455   0.7936E+01  0.4910E-03 -0.5903E+00  0.0000E+00      -1  -0.136E-01   20.00  0.8833E-03  0.1060E+00
  64  -189.0000     -67.496 0.3468   0.8344E+01  0.4880E-03 -0.5944E+00  0.0000E+00      -1  -0.137E-01   20.00  0.8833E-03  0.1060E+00
  65  -192.0000     -64.705 0.3482   0.8753E+01  0.4851E-03 -0.5984E+00  0.0000E+00      -1  -0.138E-01   20.00  0.8833E-03  0.1060E+00
  66  -195.0000     -61.906 0.3496   0.9164E+01  0.4821E-03 -0.6021E+00  0.0000E+00      -1  -0.139E-01   20.00  0.8833E-03  0.1060E+00
  67  -198.0000     -59.099 0.3509   0.9622E+01  0.4781E-03 -0.6054E+00  0.0000E+00      -1  -0.139E-01   20.00  0.8833E-03  0.1060E+00
  68  -201.0000     -56.283 0.3522   0.1019E+02  0.4718E-03 -0.6085E+00  0.0000E+00      -1  -0.140E-01   20.00  0.8833E-03  0.1060E+00
  69  -204.0000     -53.458 0.3536   0.1075E+02  0.4655E-03 -0.6114E+00  0.0000E+00      -1  -0.141E-01   20.00  0.8833E-03  0.1060E+00
  70  -207.0000     -50.625 0.3549   0.1132E+02  0.4592E-03 -0.6141E+00  0.0000E+00      -1  -0.141E-01   20.00  0.8833E-03  0.1060E+00
  71  -210.0000     -47.784 0.3562   0.1189E+02  0.4528E-03 -0.6166E+00  0.0000E+00      -1  -0.142E-01   20.00  0.8833E-03  0.1060E+00
  72  -213.0000     -44.935 0.3575   0.1262E+02  0.4431E-03 -0.6188E+00  0.0000E+00      -1  -0.142E-01   20.00  0.8833E-03  0.1060E+00
  73  -216.0000     -42.078 0.3587   0.1337E+02  0.4331E-03 -0.6208E+00  0.0000E+00      -1  -0.143E-01   20.00  0.8833E-03  0.1060E+00
  74  -219.0000     -39.214 0.3600   0.1412E+02  0.4230E-03 -0.6227E+00  0.0000E+00      -1  -0.143E-01   20.00  0.8833E-03  0.1060E+00
  75  -222.0000     -36.342 0.3612   0.1497E+02  0.4112E-03 -0.6244E+00  0.0000E+00      -1  -0.144E-01   20.00  0.8833E-03  0.1060E+00
  76  -225.0000     -33.464 0.3623   0.1592E+02  0.3973E-03 -0.6259E+00  0.0000E+00      -1  -0.144E-01   20.00  0.8833E-03  0.1060E+00
  77  -228.0000     -30.578 0.3635   0.1687E+02  0.3834E-03 -0.6273E+00  0.0000E+00      -1  -0.144E-01   20.00  0.8833E-03  0.1060E+00
  78  -231.0000     -27.686 0.3645   0.1799E+02  0.3665E-03 -0.6285E+00  0.0000E+00      -1  -0.145E-01   20.00  0.8833E-03  0.1060E+00
  79  -234.0000     -24.788 0.3656   0.1917E+02  0.3487E-03 -0.6296E+00  0.0000E+00      -1  -0.145E-01   20.00  0.8833E-03  0.1060E+00
  80  -237.0000     -21.883 0.3666   0.2049E+02  0.3284E-03 -0.6305E+00  0.0000E+00      -1  -0.145E-01   20.00  0.8833E-03  0.1060E+00
  81  -240.0000     -18.973 0.3675   0.2191E+02  0.3066E-03 -0.6313E+00  0.0000E+00      -1  -0.145E-01   20.00  0.8833E-03  0.1060E+00
  82  -243.0000     -16.056 0.3684   0.2357E+02  0.2812E-03 -0.6320E+00  0.0000E+00      -1  -0.145E-01   20.00  0.8833E-03  0.1060E+00
  83  -246.0000     -13.133 0.3691   0.2541E+02  0.2530E-03 -0.6326E+00  0.0000E+00      -1  -0.146E-01   20.00  0.8833E-03  0.1060E+00
  84  -249.0000     -10.205 0.3698   0.2754E+02  0.2209E-03 -0.6331E+00  0.0000E+00      -1  -0.146E-01   20.00  0.8833E-03  0.1060E+00
  85  -252.0000      -7.271 0.3704   0.3005E+02  0.1836E-03 -0.6334E+00  0.0000E+00      -1  -0.146E-01   20.00  0.8833E-03  0.1060E+00
  86  -255.0000      -4.331 0.3709   0.3326E+02  0.1371E-03 -0.6337E+00  0.0000E+00      -1  -0.146E-01   20.00  0.8833E-03  0.1060E+00
  87  -258.0000      -1.385 0.3712   0.3798E+02  0.7174E-04 -0.6339E+00  0.0000E+00      -1  -0.146E-01   20.00  0.8833E-03  0.1060E+00
  88  -261.0000       1.569 0.3713   0.4346E+02  0.0000E+00 -0.6339E+00  0.0000E+00      -1  -0.146E-01   20.00  0.8833E-03  0.1060E+00
  89  -264.0000       4.525 0.3713   0.4346E+02  0.0000E+00 -0.6339E+00  0.0000E+00      -1  -0.146E-01   20.00  0.8833E-03  0.1060E+00
  90  -267.0000       7.481 0.3713   0.4346E+02  0.0000E+00 -0.6339E+00  0.0000E+00      -1  -0.146E-01   20.00  0.8833E-03  0.1060E+00
  91  -270.0000      10.438 0.3713   0.4346E+02  0.0000E+00 -0.6339E+00  0.0000E+00      -1  -0.146E-01   20.00  0.8833E-03  0.1060E+00
  92  -273.0000      13.394 0.3713   0.4346E+02  0.0000E+00 -0.6339E+00  0.0000E+00      -1  -0.146E-01   20.00  0.8833E-03  0.1060E+00
  93  -276.0000      16.350 0.3713   0.4346E+02  0.0000E+00 -0.6339E+00  0.0000E+00      -1  -0.146E-01   20.00  0.8833E-03  0.1060E+00
  94  -279.0000      19.306 0.3713   0.4346E+02  0.0000E+00 -0.6339E+00  0.0000E+00      -1  -0.146E-01   20.00  0.8833E-03  0.1060E+00
  95  -282.0000      22.262 0.3713   0.4346E+02  0.0000E+00 -0.6339E+00  0.0000E+00      -1  -0.146E-01   20.00  0.8833E-03  0.1060E+00
  96  -285.0000      25.219 0.3713   0.4346E+02  0.0000E+00 -0.6339E+00  0.0000E+00      -1  -0.146E-01   20.00  0.8833E-03  0.1060E+00
  97  -288.0000      28.175 0.3713   0.4346E+02  0.0000E+00 -0.6339E+00  0.0000E+00      -1  -0.146E-01   20.00  0.8833E-03  0.1060E+00
  98  -291.0000      31.131 0.3713   0.4346E+02  0.0000E+00 -0.6339E+00  0.0000E+00      -1  -0.146E-01   20.00  0.8832E-03  0.1060E+00
  99  -294.0000      34.087 0.3713   0.4346E+02  0.0000E+00 -0.6339E+00  0.0000E+00      -1  -0.146E-01   20.00  0.8825E-03  0.1059E+00
 100  -297.0000      37.044 0.3713   0.4346E+02  0.0000E+00 -0.6339E+00  0.0000E+00      -1  -0.146E-01   20.00  0.8816E-03  0.1058E+00
 101  -300.0000      40.000 0.3713   0.4346E+02  0.0000E+00 -0.6339E+00  0.0000E+00      -1  -0.146E-01   20.00  0.8816E-03  0.1057E+00
end
