 All solute fluxes and cumulative solute fluxes are positive into the region

       Time         cvTop        cvBot      Sum(cvTop)   Sum(cvBot)     cvCh0        cvCh1         cTop        cRoot         cBot        cvRoot    Sum(cvRoot)  Sum(cvNEql) TLevel      cGWL        cRunOff   Sum(cRunOff)    (cv(i),    Sum(cv(i)), i=1,NObs)
        [T]        [M/L2/T]     [M/L2/T]      [M/L2]       [M/L2]       [M/L2]      [M/L2]        [M/L3]      [M/L3]        [M/L3]      [M/L2/T]      [M/L2]       [M/L2]              [M/L3]        [M/L2]      [M/L3]      [M/L2/T]      [M/L2]
        0.0100  0.00000E+00 -0.14743E-02  0.00000E+00 -0.14743E-04  0.00000E+00  0.00000E+00  0.10029E-02  0.65075E-03  0.84492E-03  0.50901E-05  0.50901E-07 -0.34688E-01       1  0.88620E-03  0.00000E+00  0.00000E+00  0.75659E-04  0.75659E-06 -0.68589E-02 -0.68589E-04 -0.44795E-02 -0.44795E-04
        0.0156  0.00000E+00  0.00000E+00  0.00000E+00 -0.14743E-04  0.00000E+00  0.00000E+00  0.94341E-03  0.10145E-02  0.81200E-03  0.72162E-05  0.90972E-07 -0.29037E-01       2  0.86808E-03  0.00000E+00  0.00000E+00  0.42966E-04  0.99518E-06 -0.61237E-02 -0.10259E-03 -0.40852E-02 -0.67480E-04
        0.0211  0.00000E+00  0.00000E+00  0.00000E+00 -0.14743E-04  0.00000E+00  0.00000E+00  0.94252E-03  0.94619E-03  0.82916E-03  0.68470E-05  0.12899E-06 -0.28985E-01       3  0.87031E-03  0.00000E+00  0.00000E+00  0.27784E-04  0.11495E-05 -0.55358E-02 -0.13333E-03 -0.39474E-02 -0.89400E-04
        0.0283  0.00000E+00  0.00000E+00  0.00000E+00 -0.14743E-04  0.00000E+00  0.00000E+00  0.94287E-03  0.94308E-03  0.82995E-03  0.68298E-05  0.17830E-06 -0.29222E-01       4  0.87399E-03  0.00000E+00  0.00000E+00  0.86438E-05  0.12119E-05 -0.49853E-02 -0.16932E-03 -0.37659E-02 -0.11659E-03
        0.0377  0.00000E+00  0.00000E+00  0.00000E+00 -0.14743E-04  0.00000E+00  0.00000E+00  0.94278E-03  0.94292E-03  0.84122E-03  0.68289E-05  0.24238E-06 -0.29470E-01       5  0.87684E-03  0.00000E+00  0.00000E+00 -0.22560E-04  0.10001E-05 -0.44531E-02 -0.21111E-03 -0.35328E-02 -0.14974E-03
        0.0499  0.00000E+00  0.00000E+00  0.00000E+00 -0.14743E-04  0.00000E+00  0.00000E+00  0.94229E-03  0.94294E-03  0.84265E-03  0.68291E-05  0.32570E-06 -0.29710E-01       6  0.87870E-03  0.00000E+00  0.00000E+00 -0.74108E-04  0.96032E-07 -0.39647E-02 -0.25948E-03 -0.32624E-02 -0.18954E-03
        0.0658  0.00000E+00  0.00000E+00  0.00000E+00 -0.14743E-04  0.00000E+00  0.00000E+00  0.94161E-03  0.94295E-03  0.85145E-03  0.68291E-05  0.43401E-06 -0.29944E-01       7  0.88036E-03  0.00000E+00  0.00000E+00 -0.15808E-03 -0.24110E-05 -0.35371E-02 -0.31558E-03 -0.29745E-02 -0.23672E-03
        0.0864  0.00000E+00  0.00000E+00  0.00000E+00 -0.14743E-04  0.00000E+00  0.00000E+00  0.94038E-03  0.94295E-03  0.85243E-03  0.68291E-05  0.57481E-06 -0.30166E-01       8  0.88131E-03  0.00000E+00  0.00000E+00 -0.28604E-03 -0.83086E-05 -0.31963E-02 -0.38148E-03 -0.26908E-02 -0.29219E-03
        0.1132  0.00000E+00  0.00000E+00  0.00000E+00 -0.14743E-04  0.00000E+00  0.00000E+00  0.93856E-03  0.94293E-03  0.86080E-03  0.68290E-05  0.75785E-06 -0.30375E-01       9  0.88197E-03  0.00000E+00  0.00000E+00 -0.47249E-03 -0.20973E-04 -0.29945E-02 -0.46174E-03 -0.24417E-02 -0.35764E-03
        0.1480  0.00000E+00  0.00000E+00  0.00000E+00 -0.14743E-04  0.00000E+00  0.00000E+00  0.93609E-03  0.94294E-03  0.86101E-03  0.68291E-05  0.99580E-06 -0.30568E-01      10  0.88250E-03  0.00000E+00  0.00000E+00 -0.72586E-03 -0.46265E-04 -0.29836E-02 -0.56570E-03 -0.22489E-02 -0.43600E-03
        0.1933  0.00000E+00  0.00000E+00  0.00000E+00 -0.14743E-04  0.00000E+00  0.00000E+00  0.93300E-03  0.94293E-03  0.87118E-03  0.68290E-05  0.13051E-05 -0.30749E-01      11  0.88290E-03  0.00000E+00  0.00000E+00 -0.10472E-02 -0.93700E-04 -0.32945E-02 -0.71494E-03 -0.21708E-02 -0.53433E-03
        0.2433  0.00000E+00  0.00000E+00  0.00000E+00 -0.14743E-04  0.00000E+00  0.00000E+00  0.92997E-03  0.94291E-03  0.86971E-03  0.68289E-05  0.16466E-05 -0.30913E-01      12  0.88315E-03  0.00000E+00  0.00000E+00 -0.13716E-02 -0.16228E-03 -0.38803E-02 -0.90895E-03 -0.22395E-02 -0.64631E-03
        0.2933  0.00000E+00 -0.26999E-05  0.00000E+00 -0.14878E-04  0.00000E+00  0.00000E+00  0.92767E-03  0.94292E-03  0.88023E-03  0.68289E-05  0.19880E-05 -0.31068E-01      13  0.88326E-03  0.00000E+00  0.00000E+00 -0.16141E-02 -0.24298E-03 -0.45627E-02 -0.11371E-02 -0.24152E-02 -0.76706E-03
        0.3433  0.00000E+00 -0.32063E-03  0.00000E+00 -0.30909E-04  0.00000E+00  0.00000E+00  0.92591E-03  0.94293E-03  0.88193E-03  0.68290E-05  0.23295E-05 -0.31220E-01      14  0.88339E-03  0.00000E+00  0.00000E+00 -0.17908E-02 -0.33252E-03 -0.52448E-02 -0.13993E-02 -0.26550E-02 -0.89981E-03
        0.3933  0.00000E+00 -0.85367E-03  0.00000E+00 -0.73593E-04  0.00000E+00  0.00000E+00  0.92455E-03  0.94288E-03  0.88092E-03  0.68287E-05  0.26709E-05 -0.31393E-01      15  0.88332E-03  0.00000E+00  0.00000E+00 -0.19207E-02 -0.42856E-03 -0.58900E-02 -0.16938E-02 -0.29274E-02 -0.10462E-02
        0.4433  0.00000E+00 -0.12251E-02  0.00000E+00 -0.13485E-03  0.00000E+00  0.00000E+00  0.92355E-03  0.94282E-03  0.88175E-03  0.68284E-05  0.30123E-05 -0.31588E-01      16  0.88338E-03  0.00000E+00  0.00000E+00 -0.19953E-02 -0.52832E-03 -0.64127E-02 -0.20145E-02 -0.31962E-02 -0.12060E-02
        0.4933  0.00000E+00 -0.14932E-02  0.00000E+00 -0.20950E-03  0.00000E+00  0.00000E+00  0.92300E-03  0.94274E-03  0.88120E-03  0.68279E-05  0.33537E-05 -0.31787E-01      17  0.88333E-03  0.00000E+00  0.00000E+00 -0.20146E-02 -0.62905E-03 -0.67556E-02 -0.23522E-02 -0.34208E-02 -0.13770E-02
        0.5433  0.00000E+00 -0.16994E-02  0.00000E+00 -0.29447E-03  0.00000E+00  0.00000E+00  0.92286E-03  0.94269E-03  0.88166E-03  0.68277E-05  0.36951E-05 -0.31987E-01      18  0.88337E-03  0.00000E+00  0.00000E+00 -0.19763E-02 -0.72786E-03 -0.68834E-02 -0.26964E-02 -0.35689E-02 -0.15555E-02
        0.5933  0.00000E+00 -0.18676E-02  0.00000E+00 -0.38785E-03  0.00000E+00  0.00000E+00  0.92316E-03  0.94266E-03  0.88135E-03  0.68275E-05  0.40365E-05 -0.32173E-01      19  0.88334E-03  0.00000E+00  0.00000E+00 -0.18836E-02 -0.82204E-03 -0.67855E-02 -0.30357E-02 -0.36189E-02 -0.17364E-02
        0.6433  0.00000E+00 -0.20130E-02  0.00000E+00 -0.48851E-03  0.00000E+00  0.00000E+00  0.92385E-03  0.94268E-03  0.88163E-03  0.68276E-05  0.43779E-05 -0.32341E-01      20  0.88337E-03  0.00000E+00  0.00000E+00 -0.17396E-02 -0.90902E-03 -0.64706E-02 -0.33592E-02 -0.35635E-02 -0.19146E-02
        0.6933  0.00000E+00 -0.21448E-02  0.00000E+00 -0.59574E-03  0.00000E+00  0.00000E+00  0.92491E-03  0.94272E-03  0.88145E-03  0.68278E-05  0.47193E-05 -0.32483E-01      21  0.88335E-03  0.00000E+00  0.00000E+00 -0.15518E-02 -0.98661E-03 -0.59735E-02 -0.36579E-02 -0.34090E-02 -0.20850E-02
        0.7433  0.00000E+00 -0.22655E-02  0.00000E+00 -0.70902E-03  0.00000E+00  0.00000E+00  0.92635E-03  0.94278E-03  0.88161E-03  0.68282E-05  0.50607E-05 -0.32595E-01      22  0.88336E-03  0.00000E+00  0.00000E+00 -0.13201E-02 -0.10526E-02 -0.53250E-02 -0.39241E-02 -0.31684E-02 -0.22435E-02
        0.7933  0.00000E+00 -0.23746E-02  0.00000E+00 -0.82775E-03  0.00000E+00  0.00000E+00  0.92854E-03  0.94284E-03  0.88152E-03  0.68285E-05  0.54021E-05 -0.32670E-01      23  0.88335E-03  0.00000E+00  0.00000E+00 -0.10048E-02 -0.11029E-02 -0.45007E-02 -0.41492E-02 -0.28422E-02 -0.23856E-02
        0.8433  0.00000E+00 -0.24683E-02  0.00000E+00 -0.95116E-03  0.00000E+00  0.00000E+00  0.93097E-03  0.94292E-03  0.88162E-03  0.68290E-05  0.57435E-05 -0.32710E-01      24  0.88336E-03  0.00000E+00  0.00000E+00 -0.67291E-03 -0.11365E-02 -0.36233E-02 -0.43303E-02 -0.24684E-02 -0.25090E-02
        0.8933  0.00000E+00 -0.25426E-02  0.00000E+00 -0.10783E-02  0.00000E+00  0.00000E+00  0.93355E-03  0.94291E-03  0.88156E-03  0.68289E-05  0.60850E-05 -0.32723E-01      25  0.88337E-03  0.00000E+00  0.00000E+00 -0.34856E-03 -0.11539E-02 -0.28038E-02 -0.44705E-02 -0.20908E-02 -0.26135E-02
        0.9433  0.00000E+00 -0.25931E-02  0.00000E+00 -0.12079E-02  0.00000E+00  0.00000E+00  0.93582E-03  0.94294E-03  0.88162E-03  0.68290E-05  0.64264E-05 -0.32716E-01      26  0.88338E-03  0.00000E+00  0.00000E+00 -0.84583E-04 -0.11582E-02 -0.21467E-02 -0.45779E-02 -0.17494E-02 -0.27010E-02
        0.9717  0.00000E+00 -0.26192E-02  0.00000E+00 -0.12822E-02  0.00000E+00  0.00000E+00  0.93678E-03  0.94291E-03  0.88159E-03  0.68289E-05  0.66199E-05 -0.32710E-01      27  0.88337E-03  0.00000E+00  0.00000E+00  0.12463E-04 -0.11578E-02 -0.18390E-02 -0.46300E-02 -0.15756E-02 -0.27457E-02
        1.0000  0.00000E+00 -0.26286E-02  0.00000E+00 -0.13566E-02  0.00000E+00  0.00000E+00  0.93723E-03  0.94292E-03  0.88162E-03  0.68289E-05  0.68134E-05 -0.32702E-01      28  0.88338E-03  0.00000E+00  0.00000E+00  0.58982E-04 -0.11561E-02 -0.16067E-02 -0.46755E-02 -0.14309E-02 -0.27862E-02
end
