 ******* Program HYDRUS
 ******* 
 Welcome to HYDRUS-1D                                                    
 Date:  28. 3.2022    Time:   8:56: 0
 Units: L = cm   , T = days , M = mg   

----------------------------------------------------------
 Time       [T]        0.0000
----------------------------------------------------------
 Sub-region num.                     1
----------------------------------------------------------
 Length   [L]        0.30000E+03  0.30000E+03
 W-volume [L]        0.99487E+02  0.99487E+02
 In-flow  [L/T]      0.00000E+00  0.00000E+00
 h Mean   [L]       -0.93965E+02 -0.93965E+02
 ConcVol  [M/L2] 1   0.88575E-01  0.88575E-01
 cMean    [M/L3] 1   0.89134E-03  0.89134E-03
 SorbVolIm[M/L2] 1   0.46529E+02  0.46529E+02
 sMeanIm  [-]    1   0.10696E+00  0.10696E+00
 Top Flux [L/T]      0.55254E-01
 Bot Flux [L/T]     -0.52159E+00
----------------------------------------------------------

----------------------------------------------------------
 Time       [T]        1.0000
----------------------------------------------------------
 Sub-region num.                     1
----------------------------------------------------------
 Length   [L]        0.30000E+03  0.30000E+03
 W-volume [L]        0.10011E+03  0.10011E+03
 In-flow  [L/T]     -0.10715E+01 -0.10715E+01
 h Mean   [L]       -0.89214E+02 -0.89214E+02
 ConcVol  [M/L2] 1   0.89135E-01  0.89135E-01
 cMean    [M/L3] 1   0.89136E-03  0.89136E-03
 SorbVolIm[M/L2] 1   0.46528E+02  0.46528E+02
 sMeanIm  [-]    1   0.10696E+00  0.10696E+00
 Top Flux [L/T]      0.85852E-01
 Bot Flux [L/T]     -0.91569E+00
 WatBalT  [L]       -0.21875E-04
 WatBalR  [%]              0.001
 CncBalT  [M]    1   0.49591E-04
 CncBalR  [%]    1         7.779
----------------------------------------------------------
 
 Calculation time [sec]  9.999990463256836E-003
