 All solute fluxes and cumulative solute fluxes are positive into the region

       Time         cvTop        cvBot      Sum(cvTop)   Sum(cvBot)     cvCh0        cvCh1         cTop        cRoot         cBot        cvRoot    Sum(cvRoot)  Sum(cvNEql) TLevel      cGWL        cRunOff   Sum(cRunOff)    (cv(i),    Sum(cv(i)), i=1,NObs)
        [T]        [M/L2/T]     [M/L2/T]      [M/L2]       [M/L2]       [M/L2]      [M/L2]        [M/L3]      [M/L3]        [M/L3]      [M/L2/T]      [M/L2]       [M/L2]              [M/L3]        [M/L2]      [M/L3]      [M/L2/T]      [M/L2]
        0.0100  0.00000E+00 -0.30657E-03  0.00000E+00 -0.30657E-05  0.00000E+00  0.00000E+00  0.99400E-03  0.99090E-03  0.88359E-03  0.60144E-05  0.60144E-07  0.10329E-05       1  0.88315E-03  0.00000E+00  0.00000E+00  0.16458E-03  0.16458E-05 -0.63526E-04 -0.63526E-06  0.70111E-04  0.70111E-06
        0.0200  0.00000E+00 -0.58933E-04  0.00000E+00 -0.36550E-05  0.00000E+00  0.00000E+00  0.99421E-03  0.99045E-03  0.88129E-03  0.60117E-05  0.12026E-06  0.24816E-05       2  0.88307E-03  0.00000E+00  0.00000E+00  0.15188E-03  0.31646E-05 -0.61915E-04 -0.12544E-05  0.66999E-04  0.13711E-05
        0.0330  0.00000E+00 -0.17864E-03  0.00000E+00 -0.59773E-05  0.00000E+00  0.00000E+00  0.99387E-03  0.99061E-03  0.88158E-03  0.60126E-05  0.19842E-06  0.56849E-05       3  0.88310E-03  0.00000E+00  0.00000E+00  0.12333E-03  0.47679E-05 -0.58922E-04 -0.20204E-05  0.62602E-04  0.21849E-05
        0.0499  0.00000E+00 -0.27083E-03  0.00000E+00 -0.10554E-04  0.00000E+00  0.00000E+00  0.99338E-03  0.99057E-03  0.88153E-03  0.60123E-05  0.30003E-06  0.83185E-05       4  0.88309E-03  0.00000E+00  0.00000E+00  0.64333E-04  0.58551E-05 -0.54752E-04 -0.29457E-05  0.56942E-04  0.31473E-05
        0.0719  0.00000E+00 -0.32583E-03  0.00000E+00 -0.17713E-04  0.00000E+00  0.00000E+00  0.99231E-03  0.99061E-03  0.88157E-03  0.60125E-05  0.43213E-06  0.95492E-05       5  0.88309E-03  0.00000E+00  0.00000E+00 -0.36819E-04  0.50462E-05 -0.47180E-04 -0.39823E-05  0.48427E-04  0.42112E-05
        0.1004  0.00000E+00 -0.36433E-03  0.00000E+00 -0.28118E-04  0.00000E+00  0.00000E+00  0.99085E-03  0.99062E-03  0.88156E-03  0.60125E-05  0.60385E-06  0.58896E-05       6  0.88309E-03  0.00000E+00  0.00000E+00 -0.17430E-03  0.68077E-07 -0.32428E-04 -0.49084E-05  0.33491E-04  0.51677E-05
        0.1376  0.00000E+00 -0.38832E-03  0.00000E+00 -0.42537E-04  0.00000E+00  0.00000E+00  0.98865E-03  0.99070E-03  0.88157E-03  0.60128E-05  0.82710E-06 -0.10123E-04       7  0.88309E-03  0.00000E+00  0.00000E+00 -0.36851E-03 -0.13615E-04 -0.86637E-04 -0.81252E-05  0.27003E-05  0.52680E-05
        0.1858  0.00000E+00 -0.40070E-03  0.00000E+00 -0.61877E-04  0.00000E+00  0.00000E+00  0.98607E-03  0.99071E-03  0.88157E-03  0.60127E-05  0.11173E-05 -0.54607E-04       8  0.88309E-03  0.00000E+00  0.00000E+00 -0.62628E-03 -0.43844E-04 -0.50285E-03 -0.32397E-04 -0.66161E-04  0.20745E-05
        0.2358  0.00000E+00 -0.40301E-03  0.00000E+00 -0.82028E-04  0.00000E+00  0.00000E+00  0.98362E-03  0.99041E-03  0.88157E-03  0.60115E-05  0.14179E-05 -0.12961E-03       9  0.88309E-03  0.00000E+00  0.00000E+00 -0.87227E-03 -0.87458E-04 -0.10948E-02 -0.87139E-04 -0.17667E-03 -0.67588E-05
        0.2858  0.00000E+00 -0.39858E-03  0.00000E+00 -0.10196E-03  0.00000E+00  0.00000E+00  0.98239E-03  0.98999E-03  0.88157E-03  0.60098E-05  0.17184E-05 -0.22318E-03      10  0.88309E-03  0.00000E+00  0.00000E+00 -0.10116E-02 -0.13804E-03 -0.17263E-02 -0.17345E-03 -0.32142E-03 -0.22830E-04
        0.3358  0.00000E+00 -0.39044E-03  0.00000E+00 -0.12148E-03  0.00000E+00  0.00000E+00  0.98206E-03  0.98965E-03  0.88157E-03  0.60084E-05  0.20188E-05 -0.31874E-03      11  0.88309E-03  0.00000E+00  0.00000E+00 -0.10323E-02 -0.18965E-03 -0.22206E-02 -0.28448E-03 -0.47722E-03 -0.46691E-04
        0.3858  0.00000E+00 -0.38070E-03  0.00000E+00 -0.14051E-03  0.00000E+00  0.00000E+00  0.98169E-03  0.98938E-03  0.88157E-03  0.60074E-05  0.23192E-05 -0.41381E-03      12  0.88309E-03  0.00000E+00  0.00000E+00 -0.10477E-02 -0.24204E-03 -0.25841E-02 -0.41369E-03 -0.62824E-03 -0.78103E-04
        0.4358  0.00000E+00 -0.37071E-03  0.00000E+00 -0.15905E-03  0.00000E+00  0.00000E+00  0.98139E-03  0.98915E-03  0.88157E-03  0.60064E-05  0.26195E-05 -0.50894E-03      13  0.88309E-03  0.00000E+00  0.00000E+00 -0.10520E-02 -0.29464E-03 -0.28371E-02 -0.55554E-03 -0.76635E-03 -0.11642E-03
        0.4858  0.00000E+00 -0.36150E-03  0.00000E+00 -0.17713E-03  0.00000E+00  0.00000E+00  0.98123E-03  0.98901E-03  0.88157E-03  0.60059E-05  0.29198E-05 -0.60304E-03      14  0.88309E-03  0.00000E+00  0.00000E+00 -0.10554E-02 -0.34741E-03 -0.30370E-02 -0.70739E-03 -0.87687E-03 -0.16026E-03
        0.5358  0.00000E+00 -0.35386E-03  0.00000E+00 -0.19482E-03  0.00000E+00  0.00000E+00  0.98101E-03  0.98885E-03  0.88157E-03  0.60052E-05  0.32201E-05 -0.69617E-03      15  0.88309E-03  0.00000E+00  0.00000E+00 -0.10431E-02 -0.39956E-03 -0.32058E-02 -0.86768E-03 -0.97205E-03 -0.20887E-03
        0.5858  0.00000E+00 -0.34840E-03  0.00000E+00 -0.21224E-03  0.00000E+00  0.00000E+00  0.98096E-03  0.98875E-03  0.88157E-03  0.60048E-05  0.35203E-05 -0.78756E-03      16  0.88309E-03  0.00000E+00  0.00000E+00 -0.10289E-02 -0.45101E-03 -0.33156E-02 -0.10335E-02 -0.10528E-02 -0.26151E-03
        0.6358  0.00000E+00 -0.34567E-03  0.00000E+00 -0.22952E-03  0.00000E+00  0.00000E+00  0.98087E-03  0.98862E-03  0.88158E-03  0.60042E-05  0.38205E-05 -0.87736E-03      17  0.88309E-03  0.00000E+00  0.00000E+00 -0.10025E-02 -0.50113E-03 -0.33847E-02 -0.12027E-02 -0.11199E-02 -0.31750E-03
        0.6858  0.00000E+00 -0.34601E-03  0.00000E+00 -0.24682E-03  0.00000E+00  0.00000E+00  0.98090E-03  0.98855E-03  0.88158E-03  0.60039E-05  0.41207E-05 -0.96513E-03      18  0.88309E-03  0.00000E+00  0.00000E+00 -0.97513E-03 -0.54989E-03 -0.34242E-02 -0.13739E-02 -0.11729E-02 -0.37615E-03
        0.7358  0.00000E+00 -0.34962E-03  0.00000E+00 -0.26430E-03  0.00000E+00  0.00000E+00  0.98090E-03  0.98844E-03  0.88158E-03  0.60034E-05  0.44209E-05 -0.10512E-02      19  0.88309E-03  0.00000E+00  0.00000E+00 -0.94101E-03 -0.59694E-03 -0.34428E-02 -0.15460E-02 -0.12149E-02 -0.43689E-03
        0.7858  0.00000E+00 -0.35664E-03  0.00000E+00 -0.28213E-03  0.00000E+00  0.00000E+00  0.98287E-03  0.98837E-03  0.88158E-03  0.60031E-05  0.47210E-05 -0.11117E-02      20  0.88309E-03  0.00000E+00  0.00000E+00 -0.70903E-03 -0.63239E-03 -0.31535E-02 -0.17037E-02 -0.12044E-02 -0.49711E-03
        0.8358  0.00000E+00 -0.36704E-03  0.00000E+00 -0.30049E-03  0.00000E+00  0.00000E+00  0.98468E-03  0.98855E-03  0.88159E-03  0.60041E-05  0.50212E-05 -0.11428E-02      21  0.88309E-03  0.00000E+00  0.00000E+00 -0.45792E-03 -0.65529E-03 -0.26780E-02 -0.18376E-02 -0.11369E-02 -0.55396E-03
        0.8858  0.00000E+00 -0.38058E-03  0.00000E+00 -0.31952E-03  0.00000E+00  0.00000E+00  0.98686E-03  0.98866E-03  0.88159E-03  0.60046E-05  0.53215E-05 -0.11526E-02      22  0.88309E-03  0.00000E+00  0.00000E+00 -0.20969E-03 -0.66577E-03 -0.21263E-02 -0.19439E-02 -0.10248E-02 -0.60520E-03
        0.9358  0.00000E+00 -0.39693E-03  0.00000E+00 -0.33936E-03  0.00000E+00  0.00000E+00  0.98860E-03  0.98897E-03  0.88159E-03  0.60061E-05  0.56218E-05 -0.11457E-02      23  0.88309E-03  0.00000E+00  0.00000E+00 -0.14256E-05 -0.66584E-03 -0.16060E-02 -0.20242E-02 -0.89245E-03 -0.64982E-03
        0.9679  0.00000E+00 -0.41179E-03  0.00000E+00 -0.35258E-03  0.00000E+00  0.00000E+00  0.98992E-03  0.98916E-03  0.88160E-03  0.60069E-05  0.58145E-05 -0.11384E-02      24  0.88309E-03  0.00000E+00  0.00000E+00  0.14138E-03 -0.66130E-03 -0.13032E-02 -0.20661E-02 -0.80537E-03 -0.67566E-03
        1.0000  0.00000E+00 -0.42429E-03  0.00000E+00 -0.36619E-03  0.00000E+00  0.00000E+00  0.99050E-03  0.98934E-03  0.88160E-03  0.60077E-05  0.60073E-05 -0.11298E-02      25  0.88309E-03  0.00000E+00  0.00000E+00  0.18596E-03 -0.65534E-03 -0.10585E-02 -0.21000E-02 -0.72196E-03 -0.69883E-03
end
