 ******* Program HYDRUS
 ******* 
 Welcome to HYDRUS-1D                                                    
 Date:  28. 3.2022    Time:   8:56:33
 Units: L = cm   , T = days , M = mg   

----------------------------------------------------------
 Time       [T]        0.0000
----------------------------------------------------------
 Sub-region num.                     1
----------------------------------------------------------
 Length   [L]        0.30000E+03  0.30000E+03
 W-volume [L]        0.98428E+02  0.98428E+02
 In-flow  [L/T]      0.00000E+00  0.00000E+00
 h Mean   [L]       -0.10115E+03 -0.10115E+03
 ConcVol  [M/L2] 1   0.87556E-01  0.87556E-01
 cMean    [M/L3] 1   0.89094E-03  0.89094E-03
 SorbVolIm[M/L2] 1   0.46509E+02  0.46509E+02
 sMeanIm  [-]    1   0.10692E+00  0.10692E+00
 Top Flux [L/T]      0.23452E-01
 Bot Flux [L/T]      0.17386E+00
----------------------------------------------------------

----------------------------------------------------------
 Time       [T]        1.0000
----------------------------------------------------------
 Sub-region num.                     1
----------------------------------------------------------
 Length   [L]        0.30000E+03  0.30000E+03
 W-volume [L]        0.10127E+03  0.10127E+03
 In-flow  [L/T]     -0.41875E+00 -0.41875E+00
 h Mean   [L]       -0.77391E+02 -0.77391E+02
 ConcVol  [M/L2] 1   0.90136E-01  0.90136E-01
 cMean    [M/L3] 1   0.89094E-03  0.89094E-03
 SorbVolIm[M/L2] 1   0.46506E+02  0.46506E+02
 sMeanIm  [-]    1   0.10691E+00  0.10691E+00
 Top Flux [L/T]     -0.63124E-01
 Bot Flux [L/T]     -0.35795E+00
 WatBalT  [L]        0.29802E-04
 WatBalR  [%]              0.001
 CncBalT  [M]    1   0.15259E-04
 CncBalR  [%]    1         0.591
----------------------------------------------------------
 
 Calculation time [sec]  0.000000000000000E+000
