 All solute fluxes and cumulative solute fluxes are positive into the region

       Time         cvTop        cvBot      Sum(cvTop)   Sum(cvBot)     cvCh0        cvCh1         cTop        cRoot         cBot        cvRoot    Sum(cvRoot)  Sum(cvNEql) TLevel      cGWL        cRunOff   Sum(cRunOff)    (cv(i),    Sum(cv(i)), i=1,NObs)
        [T]        [M/L2/T]     [M/L2/T]      [M/L2]       [M/L2]       [M/L2]      [M/L2]        [M/L3]      [M/L3]        [M/L3]      [M/L2/T]      [M/L2]       [M/L2]              [M/L3]        [M/L2]      [M/L3]      [M/L2/T]      [M/L2]
        0.0100  0.00000E+00 -0.72864E-03  0.00000E+00 -0.72864E-05  0.00000E+00  0.00000E+00  0.10287E-02  0.91489E-03  0.88059E-03  0.97766E-04  0.97766E-06  0.11036E-05       1  0.88316E-03  0.00000E+00  0.00000E+00  0.19469E-04  0.19469E-06 -0.17251E-04 -0.17251E-06  0.79764E-04  0.79764E-06
        0.0200  0.00000E+00 -0.12560E-02  0.00000E+00 -0.19847E-04  0.00000E+00  0.00000E+00  0.10285E-02  0.91490E-03  0.88070E-03  0.97765E-04  0.19553E-05  0.62549E-05       2  0.88315E-03  0.00000E+00  0.00000E+00  0.10899E-04  0.30368E-06 -0.17123E-04 -0.34374E-06  0.77560E-04  0.15732E-05
        0.0330  0.00000E+00 -0.10561E-02  0.00000E+00 -0.33577E-04  0.00000E+00  0.00000E+00  0.10284E-02  0.91490E-03  0.88062E-03  0.97765E-04  0.32263E-05  0.63500E-05       3  0.88315E-03  0.00000E+00  0.00000E+00  0.23905E-06  0.30679E-06 -0.16890E-04 -0.56332E-06  0.74365E-04  0.25400E-05
        0.0499  0.00000E+00 -0.88812E-03  0.00000E+00 -0.48586E-04  0.00000E+00  0.00000E+00  0.10282E-02  0.91490E-03  0.88059E-03  0.97765E-04  0.48785E-05  0.77619E-05       4  0.88315E-03  0.00000E+00  0.00000E+00 -0.13535E-04  0.78054E-07 -0.16372E-04 -0.84000E-06  0.70324E-04  0.37285E-05
        0.0719  0.00000E+00 -0.75913E-03  0.00000E+00 -0.65264E-04  0.00000E+00  0.00000E+00  0.10280E-02  0.91490E-03  0.88056E-03  0.97765E-04  0.70264E-05  0.82108E-05       5  0.88315E-03  0.00000E+00  0.00000E+00 -0.38901E-04 -0.77661E-06 -0.15237E-04 -0.11747E-05  0.64065E-04  0.51360E-05
        0.1004  0.00000E+00 -0.64547E-03  0.00000E+00 -0.83699E-04  0.00000E+00  0.00000E+00  0.10275E-02  0.91490E-03  0.88054E-03  0.97765E-04  0.98187E-05  0.64931E-05       6  0.88315E-03  0.00000E+00  0.00000E+00 -0.82167E-04 -0.31234E-05 -0.12797E-04 -0.15403E-05  0.52790E-04  0.66437E-05
        0.1376  0.00000E+00 -0.54667E-03  0.00000E+00 -0.10400E-03  0.00000E+00  0.00000E+00  0.10268E-02  0.91490E-03  0.88051E-03  0.97765E-04  0.13449E-04 -0.13897E-05       7  0.88315E-03  0.00000E+00  0.00000E+00 -0.15106E-03 -0.87322E-05 -0.11047E-03 -0.56418E-05  0.29850E-04  0.77520E-05
        0.1858  0.00000E+00 -0.45839E-03  0.00000E+00 -0.12612E-03  0.00000E+00  0.00000E+00  0.10258E-02  0.91489E-03  0.88049E-03  0.97765E-04  0.18168E-04 -0.23337E-04       8  0.88315E-03  0.00000E+00  0.00000E+00 -0.25192E-03 -0.20892E-04 -0.33452E-03 -0.21788E-04 -0.17999E-04  0.68832E-05
        0.2358  0.00000E+00 -0.38539E-03  0.00000E+00 -0.14539E-03  0.00000E+00  0.00000E+00  0.10247E-02  0.91489E-03  0.88048E-03  0.97765E-04  0.23056E-04 -0.60269E-04       9  0.88315E-03  0.00000E+00  0.00000E+00 -0.35893E-03 -0.38839E-04 -0.64149E-03 -0.53863E-04 -0.90395E-04  0.23635E-05
        0.2858  0.00000E+00 -0.33059E-03  0.00000E+00 -0.16192E-03  0.00000E+00  0.00000E+00  0.10238E-02  0.91489E-03  0.88047E-03  0.97765E-04  0.27944E-04 -0.11058E-03      10  0.88314E-03  0.00000E+00  0.00000E+00 -0.45380E-03 -0.61529E-04 -0.10006E-02 -0.10389E-03 -0.18357E-03 -0.68152E-05
        0.3358  0.00000E+00 -0.28957E-03  0.00000E+00 -0.17640E-03  0.00000E+00  0.00000E+00  0.10231E-02  0.91490E-03  0.88046E-03  0.97765E-04  0.32832E-04 -0.16893E-03      11  0.88314E-03  0.00000E+00  0.00000E+00 -0.53029E-03 -0.88043E-04 -0.13636E-02 -0.17207E-03 -0.28738E-03 -0.21184E-04
        0.3858  0.00000E+00 -0.25843E-03  0.00000E+00 -0.18932E-03  0.00000E+00  0.00000E+00  0.10225E-02  0.91492E-03  0.88045E-03  0.97768E-04  0.37721E-04 -0.22845E-03      12  0.88314E-03  0.00000E+00  0.00000E+00 -0.59055E-03 -0.11757E-03 -0.17068E-02 -0.25741E-03 -0.39054E-03 -0.40711E-04
        0.4358  0.00000E+00 -0.23531E-03  0.00000E+00 -0.20109E-03  0.00000E+00  0.00000E+00  0.10221E-02  0.91495E-03  0.88045E-03  0.97772E-04  0.42609E-04 -0.28734E-03      13  0.88314E-03  0.00000E+00  0.00000E+00 -0.63062E-03 -0.14910E-03 -0.20222E-02 -0.35852E-03 -0.49142E-03 -0.65282E-04
        0.4858  0.00000E+00 -0.21877E-03  0.00000E+00 -0.21202E-03  0.00000E+00  0.00000E+00  0.10219E-02  0.91497E-03  0.88045E-03  0.97774E-04  0.47498E-04 -0.34410E-03      14  0.88314E-03  0.00000E+00  0.00000E+00 -0.64799E-03 -0.18150E-03 -0.22710E-02 -0.47207E-03 -0.58350E-03 -0.94457E-04
        0.5358  0.00000E+00 -0.20772E-03  0.00000E+00 -0.22241E-03  0.00000E+00  0.00000E+00  0.10219E-02  0.91499E-03  0.88045E-03  0.97776E-04  0.52387E-04 -0.39729E-03      15  0.88314E-03  0.00000E+00  0.00000E+00 -0.64133E-03 -0.21357E-03 -0.24333E-02 -0.59374E-03 -0.66175E-03 -0.12754E-03
        0.5858  0.00000E+00 -0.20169E-03  0.00000E+00 -0.23250E-03  0.00000E+00  0.00000E+00  0.10220E-02  0.91500E-03  0.88045E-03  0.97777E-04  0.57276E-04 -0.44590E-03      16  0.88314E-03  0.00000E+00  0.00000E+00 -0.61092E-03 -0.24411E-03 -0.24951E-02 -0.71850E-03 -0.72110E-03 -0.16360E-03
        0.6358  0.00000E+00 -0.20037E-03  0.00000E+00 -0.24251E-03  0.00000E+00  0.00000E+00  0.10223E-02  0.91500E-03  0.88045E-03  0.97778E-04  0.62165E-04 -0.48929E-03      17  0.88314E-03  0.00000E+00  0.00000E+00 -0.55858E-03 -0.27204E-03 -0.24553E-02 -0.84126E-03 -0.75852E-03 -0.20153E-03
        0.6858  0.00000E+00 -0.20334E-03  0.00000E+00 -0.25268E-03  0.00000E+00  0.00000E+00  0.10228E-02  0.91500E-03  0.88045E-03  0.97777E-04  0.67053E-04 -0.52739E-03      18  0.88314E-03  0.00000E+00  0.00000E+00 -0.48782E-03 -0.29643E-03 -0.23237E-02 -0.95745E-03 -0.77302E-03 -0.24018E-03
        0.7358  0.00000E+00 -0.21035E-03  0.00000E+00 -0.26320E-03  0.00000E+00  0.00000E+00  0.10234E-02  0.91498E-03  0.88046E-03  0.97775E-04  0.71942E-04 -0.56055E-03      19  0.88314E-03  0.00000E+00  0.00000E+00 -0.40351E-03 -0.31661E-03 -0.21187E-02 -0.10634E-02 -0.76669E-03 -0.27851E-03
        0.7858  0.00000E+00 -0.22115E-03  0.00000E+00 -0.27426E-03  0.00000E+00  0.00000E+00  0.10242E-02  0.91496E-03  0.88046E-03  0.97773E-04  0.76831E-04 -0.58787E-03      20  0.88314E-03  0.00000E+00  0.00000E+00 -0.29804E-03 -0.33151E-03 -0.18435E-02 -0.11556E-02 -0.73913E-03 -0.31547E-03
        0.8358  0.00000E+00 -0.23527E-03  0.00000E+00 -0.28602E-03  0.00000E+00  0.00000E+00  0.10250E-02  0.91494E-03  0.88047E-03  0.97770E-04  0.81719E-04 -0.60245E-03      21  0.88314E-03  0.00000E+00  0.00000E+00 -0.19229E-03 -0.34113E-03 -0.15349E-02 -0.12323E-02 -0.68232E-03 -0.34958E-03
        0.8858  0.00000E+00 -0.25196E-03  0.00000E+00 -0.29862E-03  0.00000E+00  0.00000E+00  0.10258E-02  0.91495E-03  0.88048E-03  0.97771E-04  0.86608E-04 -0.60545E-03      22  0.88314E-03  0.00000E+00  0.00000E+00 -0.96977E-04 -0.34598E-03 -0.12259E-02 -0.12936E-02 -0.60858E-03 -0.38001E-03
        0.9358  0.00000E+00 -0.27006E-03  0.00000E+00 -0.31212E-03  0.00000E+00  0.00000E+00  0.10264E-02  0.91494E-03  0.88049E-03  0.97769E-04  0.91496E-04 -0.60147E-03      23  0.88314E-03  0.00000E+00  0.00000E+00 -0.25124E-04 -0.34723E-03 -0.95066E-03 -0.13411E-02 -0.52840E-03 -0.40643E-03
        0.9679  0.00000E+00 -0.28534E-03  0.00000E+00 -0.32128E-03  0.00000E+00  0.00000E+00  0.10266E-02  0.91494E-03  0.88049E-03  0.97769E-04  0.94633E-04 -0.59703E-03      24  0.88314E-03  0.00000E+00  0.00000E+00  0.23640E-05 -0.34716E-03 -0.79610E-03 -0.13667E-02 -0.47754E-03 -0.42176E-03
        1.0000  0.00000E+00 -0.29722E-03  0.00000E+00 -0.33081E-03  0.00000E+00  0.00000E+00  0.10268E-02  0.91492E-03  0.88050E-03  0.97768E-04  0.97770E-04 -0.59264E-03      25  0.88314E-03  0.00000E+00  0.00000E+00  0.24037E-04 -0.34638E-03 -0.67343E-03 -0.13883E-02 -0.42998E-03 -0.43555E-03
end
