 ******* Program HYDRUS
 ******* 
 Welcome to HYDRUS-1D                                                    
 Date:  29. 3.2022    Time:  17:26:54
 Units: L = cm   , T = days , M = mg   


 Time:        0.0000


 Node      Depth      Head Moisture       K          C         Flux        Sink         Kappa   v/KsTop   Temp   Conc(1..NS) Sorb(1...NS)
           [L]        [L]    [-]        [L/T]      [1/L]      [L/T]        [1/T]         [-]      [-]      [C]      [M/L*3]

   1     0.0000    -263.275 0.2651   0.6459E+00  0.3096E-03  0.8321E-01  0.0000E+00      -1   0.191E-02   20.00  0.9735E-03  0.1167E+00
   2    -3.0000    -259.894 0.2661   0.6646E+00  0.3130E-03  0.9408E-01  0.0000E+00      -1   0.216E-02   20.00  0.9620E-03  0.1154E+00
   3    -6.0000    -256.427 0.2671   0.6838E+00  0.3164E-03  0.1149E+00  0.0000E+00      -1   0.264E-02   20.00  0.9440E-03  0.1132E+00
   4    -9.0000    -252.887 0.2682   0.7034E+00  0.3199E-03  0.1348E+00  0.4177E-03      -1   0.310E-02   20.00  0.9345E-03  0.1121E+00
   5   -12.0000    -249.278 0.2693   0.7234E+00  0.3235E-03  0.1540E+00  0.4182E-03      -1   0.354E-02   20.00  0.9317E-03  0.1118E+00
   6   -15.0000    -245.611 0.2703   0.7437E+00  0.3271E-03  0.1712E+00  0.4187E-03      -1   0.394E-02   20.00  0.9275E-03  0.1113E+00
   7   -18.0000    -241.898 0.2715   0.7650E+00  0.3308E-03  0.1866E+00  0.4193E-03      -1   0.429E-02   20.00  0.9198E-03  0.1104E+00
   8   -21.0000    -238.158 0.2728   0.8081E+00  0.3354E-03  0.2014E+00  0.4198E-03      -1   0.463E-02   20.00  0.9086E-03  0.1090E+00
   9   -24.0000    -234.403 0.2742   0.8513E+00  0.3399E-03  0.2150E+00  0.4159E-03      -1   0.495E-02   20.00  0.8993E-03  0.1079E+00
  10   -27.0000    -230.643 0.2755   0.8947E+00  0.3445E-03  0.2265E+00  0.3945E-03      -1   0.521E-02   20.00  0.8918E-03  0.1070E+00
  11   -30.0000    -226.884 0.2769   0.9380E+00  0.3490E-03  0.2363E+00  0.3730E-03      -1   0.544E-02   20.00  0.8868E-03  0.1064E+00
  12   -33.0000    -223.131 0.2782   0.9812E+00  0.3536E-03  0.2446E+00  0.3514E-03      -1   0.563E-02   20.00  0.8843E-03  0.1061E+00
  13   -36.0000    -219.388 0.2796   0.1024E+01  0.3581E-03  0.2516E+00  0.3298E-03      -1   0.579E-02   20.00  0.8834E-03  0.1060E+00
  14   -39.0000    -215.657 0.2809   0.1067E+01  0.3626E-03  0.2572E+00  0.3081E-03      -1   0.592E-02   20.00  0.8833E-03  0.1060E+00
  15   -42.0000    -211.942 0.2823   0.1110E+01  0.3671E-03  0.2618E+00  0.2864E-03      -1   0.602E-02   20.00  0.8834E-03  0.1060E+00
  16   -45.0000    -208.242 0.2836   0.1153E+01  0.3716E-03  0.2655E+00  0.2646E-03      -1   0.611E-02   20.00  0.8833E-03  0.1060E+00
  17   -48.0000    -204.560 0.2849   0.1195E+01  0.3760E-03  0.2681E+00  0.2428E-03      -1   0.617E-02   20.00  0.8833E-03  0.1060E+00
  18   -51.0000    -200.896 0.2862   0.1237E+01  0.3805E-03  0.2701E+00  0.2209E-03      -1   0.621E-02   20.00  0.8833E-03  0.1060E+00
  19   -54.0000    -197.250 0.2876   0.1280E+01  0.3849E-03  0.2712E+00  0.1990E-03      -1   0.624E-02   20.00  0.8833E-03  0.1060E+00
  20   -57.0000    -193.624 0.2889   0.1321E+01  0.3893E-03  0.2717E+00  0.1770E-03      -1   0.625E-02   20.00  0.8833E-03  0.1060E+00
  21   -60.0000    -190.020 0.2903   0.1382E+01  0.3938E-03  0.2718E+00  0.1550E-03      -1   0.625E-02   20.00  0.8833E-03  0.1060E+00
  22   -63.0000    -186.447 0.2917   0.1461E+01  0.3985E-03  0.2709E+00  0.1330E-03      -1   0.623E-02   20.00  0.8833E-03  0.1060E+00
  23   -66.0000    -182.907 0.2932   0.1540E+01  0.4031E-03  0.2693E+00  0.1109E-03      -1   0.620E-02   20.00  0.8833E-03  0.1060E+00
  24   -69.0000    -179.397 0.2947   0.1619E+01  0.4076E-03  0.2671E+00  0.8876E-04      -1   0.615E-02   20.00  0.8833E-03  0.1060E+00
  25   -72.0000    -175.916 0.2961   0.1696E+01  0.4122E-03  0.2647E+00  0.6661E-04      -1   0.609E-02   20.00  0.8833E-03  0.1060E+00
  26   -75.0000    -172.460 0.2976   0.1773E+01  0.4167E-03  0.2619E+00  0.4444E-04      -1   0.603E-02   20.00  0.8833E-03  0.1060E+00
  27   -78.0000    -169.029 0.2990   0.1850E+01  0.4211E-03  0.2591E+00  0.2223E-04      -1   0.596E-02   20.00  0.8833E-03  0.1060E+00
  28   -81.0000    -165.619 0.3004   0.1926E+01  0.4256E-03  0.2559E+00  0.0000E+00      -1   0.589E-02   20.00  0.8833E-03  0.1060E+00
  29   -84.0000    -162.231 0.3019   0.2001E+01  0.4300E-03  0.2523E+00  0.0000E+00      -1   0.581E-02   20.00  0.8833E-03  0.1060E+00
  30   -87.0000    -158.862 0.3033   0.2076E+01  0.4344E-03  0.2490E+00  0.0000E+00      -1   0.573E-02   20.00  0.8833E-03  0.1060E+00
  31   -90.0000    -155.511 0.3047   0.2151E+01  0.4387E-03  0.2454E+00  0.0000E+00      -1   0.565E-02   20.00  0.8833E-03  0.1060E+00
  32   -93.0000    -152.177 0.3061   0.2225E+01  0.4431E-03  0.2420E+00  0.0000E+00      -1   0.557E-02   20.00  0.8833E-03  0.1060E+00
  33   -96.0000    -148.862 0.3076   0.2354E+01  0.4469E-03  0.2383E+00  0.0000E+00      -1   0.548E-02   20.00  0.8833E-03  0.1060E+00
  34   -99.0000    -145.569 0.3091   0.2485E+01  0.4507E-03  0.2342E+00  0.0000E+00      -1   0.539E-02   20.00  0.8833E-03  0.1060E+00
  35  -102.0000    -142.296 0.3106   0.2616E+01  0.4545E-03  0.2304E+00  0.0000E+00      -1   0.530E-02   20.00  0.8833E-03  0.1060E+00
  36  -105.0000    -139.040 0.3121   0.2745E+01  0.4583E-03  0.2268E+00  0.0000E+00      -1   0.522E-02   20.00  0.8833E-03  0.1060E+00
  37  -108.0000    -135.800 0.3136   0.2874E+01  0.4620E-03  0.2231E+00  0.0000E+00      -1   0.513E-02   20.00  0.8833E-03  0.1060E+00
  38  -111.0000    -132.574 0.3151   0.3003E+01  0.4658E-03  0.2196E+00  0.0000E+00      -1   0.505E-02   20.00  0.8833E-03  0.1060E+00
  39  -114.0000    -129.361 0.3166   0.3131E+01  0.4695E-03  0.2159E+00  0.0000E+00      -1   0.497E-02   20.00  0.8833E-03  0.1060E+00
  40  -117.0000    -126.160 0.3181   0.3259E+01  0.4732E-03  0.2128E+00  0.0000E+00      -1   0.490E-02   20.00  0.8833E-03  0.1060E+00
  41  -120.0000    -122.969 0.3195   0.3386E+01  0.4769E-03  0.2095E+00  0.0000E+00      -1   0.482E-02   20.00  0.8833E-03  0.1060E+00
  42  -123.0000    -119.789 0.3210   0.3530E+01  0.4803E-03  0.2061E+00  0.0000E+00      -1   0.474E-02   20.00  0.8833E-03  0.1060E+00
  43  -126.0000    -116.620 0.3226   0.3739E+01  0.4825E-03  0.2029E+00  0.0000E+00      -1   0.467E-02   20.00  0.8833E-03  0.1060E+00
  44  -129.0000    -113.463 0.3241   0.3947E+01  0.4847E-03  0.1998E+00  0.0000E+00      -1   0.460E-02   20.00  0.8833E-03  0.1060E+00
  45  -132.0000    -110.316 0.3257   0.4155E+01  0.4870E-03  0.1965E+00  0.0000E+00      -1   0.452E-02   20.00  0.8833E-03  0.1060E+00
  46  -135.0000    -107.179 0.3272   0.4362E+01  0.4892E-03  0.1940E+00  0.0000E+00      -1   0.446E-02   20.00  0.8833E-03  0.1060E+00
  47  -138.0000    -104.049 0.3287   0.4568E+01  0.4914E-03  0.1917E+00  0.0000E+00      -1   0.441E-02   20.00  0.8833E-03  0.1060E+00
  48  -141.0000    -100.927 0.3303   0.4774E+01  0.4936E-03  0.1885E+00  0.0000E+00      -1   0.434E-02   20.00  0.8833E-03  0.1060E+00
  49  -144.0000     -97.812 0.3318   0.4980E+01  0.4958E-03  0.1852E+00  0.0000E+00      -1   0.426E-02   20.00  0.8833E-03  0.1060E+00
  50  -147.0000     -94.704 0.3333   0.5211E+01  0.4975E-03  0.1830E+00  0.0000E+00      -1   0.421E-02   20.00  0.8833E-03  0.1060E+00
  51  -150.0000     -91.602 0.3349   0.5527E+01  0.4973E-03  0.1813E+00  0.0000E+00      -1   0.417E-02   20.00  0.8833E-03  0.1060E+00
  52  -153.0000     -88.507 0.3364   0.5841E+01  0.4972E-03  0.1790E+00  0.0000E+00      -1   0.412E-02   20.00  0.8833E-03  0.1060E+00
  53  -156.0000     -85.418 0.3380   0.6155E+01  0.4971E-03  0.1773E+00  0.0000E+00      -1   0.408E-02   20.00  0.8833E-03  0.1060E+00
  54  -159.0000     -82.334 0.3395   0.6468E+01  0.4969E-03  0.1745E+00  0.0000E+00      -1   0.401E-02   20.00  0.8833E-03  0.1060E+00
  55  -162.0000     -79.256 0.3410   0.6781E+01  0.4968E-03  0.1728E+00  0.0000E+00      -1   0.398E-02   20.00  0.8833E-03  0.1060E+00
  56  -165.0000     -76.181 0.3426   0.7094E+01  0.4966E-03  0.1720E+00  0.0000E+00      -1   0.396E-02   20.00  0.8833E-03  0.1060E+00
  57  -168.0000     -73.111 0.3441   0.7520E+01  0.4939E-03  0.1691E+00  0.0000E+00      -1   0.389E-02   20.00  0.8833E-03  0.1060E+00
  58  -171.0000     -70.046 0.3456   0.7970E+01  0.4907E-03  0.1672E+00  0.0000E+00      -1   0.385E-02   20.00  0.8833E-03  0.1060E+00
  59  -174.0000     -66.985 0.3471   0.8419E+01  0.4875E-03  0.1654E+00  0.0000E+00      -1   0.381E-02   20.00  0.8833E-03  0.1060E+00
  60  -177.0000     -63.928 0.3486   0.8867E+01  0.4843E-03  0.1654E+00  0.0000E+00      -1   0.381E-02   20.00  0.8833E-03  0.1060E+00
  61  -180.0000     -60.873 0.3501   0.9316E+01  0.4810E-03  0.1633E+00  0.0000E+00      -1   0.376E-02   20.00  0.8833E-03  0.1060E+00
  62  -183.0000     -57.823 0.3515   0.9878E+01  0.4753E-03  0.1614E+00  0.0000E+00      -1   0.371E-02   20.00  0.8833E-03  0.1060E+00
  63  -186.0000     -54.775 0.3529   0.1049E+02  0.4685E-03  0.1624E+00  0.0000E+00      -1   0.374E-02   20.00  0.8833E-03  0.1060E+00
  64  -189.0000     -51.730 0.3544   0.1110E+02  0.4617E-03  0.1608E+00  0.0000E+00      -1   0.370E-02   20.00  0.8833E-03  0.1060E+00
  65  -192.0000     -48.688 0.3558   0.1171E+02  0.4548E-03  0.1583E+00  0.0000E+00      -1   0.364E-02   20.00  0.8833E-03  0.1060E+00
  66  -195.0000     -45.649 0.3571   0.1243E+02  0.4457E-03  0.1576E+00  0.0000E+00      -1   0.363E-02   20.00  0.8833E-03  0.1060E+00
  67  -198.0000     -42.612 0.3585   0.1323E+02  0.4350E-03  0.1564E+00  0.0000E+00      -1   0.360E-02   20.00  0.8833E-03  0.1060E+00
  68  -201.0000     -39.578 0.3598   0.1403E+02  0.4243E-03  0.1568E+00  0.0000E+00      -1   0.361E-02   20.00  0.8833E-03  0.1060E+00
  69  -204.0000     -36.545 0.3611   0.1490E+02  0.4122E-03  0.1565E+00  0.0000E+00      -1   0.360E-02   20.00  0.8833E-03  0.1060E+00
  70  -207.0000     -33.515 0.3623   0.1590E+02  0.3976E-03  0.1535E+00  0.0000E+00      -1   0.353E-02   20.00  0.8833E-03  0.1060E+00
  71  -210.0000     -30.487 0.3635   0.1690E+02  0.3829E-03  0.1553E+00  0.0000E+00      -1   0.357E-02   20.00  0.8833E-03  0.1060E+00
  72  -213.0000     -27.460 0.3646   0.1808E+02  0.3651E-03  0.1535E+00  0.0000E+00      -1   0.353E-02   20.00  0.8833E-03  0.1060E+00
  73  -216.0000     -24.436 0.3657   0.1931E+02  0.3465E-03  0.1515E+00  0.0000E+00      -1   0.349E-02   20.00  0.8833E-03  0.1060E+00
  74  -219.0000     -21.413 0.3667   0.2072E+02  0.3249E-03  0.1555E+00  0.0000E+00      -1   0.358E-02   20.00  0.8833E-03  0.1060E+00
  75  -222.0000     -18.391 0.3677   0.2222E+02  0.3018E-03  0.1557E+00  0.0000E+00      -1   0.358E-02   20.00  0.8833E-03  0.1060E+00
  76  -225.0000     -15.371 0.3686   0.2396E+02  0.2751E-03  0.1518E+00  0.0000E+00      -1   0.349E-02   20.00  0.8833E-03  0.1060E+00
  77  -228.0000     -12.353 0.3693   0.2593E+02  0.2451E-03  0.1515E+00  0.0000E+00      -1   0.349E-02   20.00  0.8833E-03  0.1060E+00
  78  -231.0000      -9.336 0.3700   0.2821E+02  0.2108E-03  0.1507E+00  0.0000E+00      -1   0.347E-02   20.00  0.8833E-03  0.1060E+00
  79  -234.0000      -6.321 0.3706   0.3101E+02  0.1696E-03  0.1506E+00  0.0000E+00      -1   0.347E-02   20.00  0.8833E-03  0.1060E+00
  80  -237.0000      -3.307 0.3711   0.3464E+02  0.1177E-03  0.1524E+00  0.0000E+00      -1   0.351E-02   20.00  0.8833E-03  0.1060E+00
  81  -240.0000      -0.295 0.3713   0.4115E+02  0.2968E-04  0.1533E+00  0.0000E+00      -1   0.353E-02   20.00  0.8833E-03  0.1060E+00
  82  -243.0000       2.716 0.3713   0.4346E+02  0.0000E+00  0.1500E+00  0.0000E+00      -1   0.345E-02   20.00  0.8833E-03  0.1060E+00
  83  -246.0000       5.726 0.3713   0.4346E+02  0.0000E+00  0.1521E+00  0.0000E+00      -1   0.350E-02   20.00  0.8833E-03  0.1060E+00
  84  -249.0000       8.737 0.3713   0.4346E+02  0.0000E+00  0.1521E+00  0.0000E+00      -1   0.350E-02   20.00  0.8833E-03  0.1060E+00
  85  -252.0000      11.747 0.3713   0.4346E+02  0.0000E+00  0.1521E+00  0.0000E+00      -1   0.350E-02   20.00  0.8833E-03  0.1060E+00
  86  -255.0000      14.758 0.3713   0.4346E+02  0.0000E+00  0.1521E+00  0.0000E+00      -1   0.350E-02   20.00  0.8833E-03  0.1060E+00
  87  -258.0000      17.768 0.3713   0.4346E+02  0.0000E+00  0.1521E+00  0.0000E+00      -1   0.350E-02   20.00  0.8833E-03  0.1060E+00
  88  -261.0000      20.779 0.3713   0.4346E+02  0.0000E+00  0.1521E+00  0.0000E+00      -1   0.350E-02   20.00  0.8833E-03  0.1060E+00
  89  -264.0000      23.789 0.3713   0.4346E+02  0.0000E+00  0.1449E+00  0.0000E+00      -1   0.333E-02   20.00  0.8833E-03  0.1060E+00
  90  -267.0000      26.799 0.3713   0.4346E+02  0.0000E+00  0.1521E+00  0.0000E+00      -1   0.350E-02   20.00  0.8833E-03  0.1060E+00
  91  -270.0000      29.810 0.3713   0.4346E+02  0.0000E+00  0.1521E+00  0.0000E+00      -1   0.350E-02   20.00  0.8833E-03  0.1060E+00
  92  -273.0000      32.820 0.3713   0.4346E+02  0.0000E+00  0.1521E+00  0.0000E+00      -1   0.350E-02   20.00  0.8833E-03  0.1060E+00
  93  -276.0000      35.831 0.3713   0.4346E+02  0.0000E+00  0.1521E+00  0.0000E+00      -1   0.350E-02   20.00  0.8833E-03  0.1060E+00
  94  -279.0000      38.841 0.3713   0.4346E+02  0.0000E+00  0.1521E+00  0.0000E+00      -1   0.350E-02   20.00  0.8833E-03  0.1060E+00
  95  -282.0000      41.852 0.3713   0.4346E+02  0.0000E+00  0.1521E+00  0.0000E+00      -1   0.350E-02   20.00  0.8833E-03  0.1060E+00
  96  -285.0000      44.862 0.3713   0.4346E+02  0.0000E+00  0.1521E+00  0.0000E+00      -1   0.350E-02   20.00  0.8833E-03  0.1060E+00
  97  -288.0000      47.873 0.3713   0.4346E+02  0.0000E+00  0.1521E+00  0.0000E+00      -1   0.350E-02   20.00  0.8833E-03  0.1060E+00
  98  -291.0000      50.883 0.3713   0.4346E+02  0.0000E+00  0.1521E+00  0.0000E+00      -1   0.350E-02   20.00  0.8833E-03  0.1060E+00
  99  -294.0000      53.894 0.3713   0.4346E+02  0.0000E+00  0.1521E+00  0.0000E+00      -1   0.350E-02   20.00  0.8824E-03  0.1059E+00
 100  -297.0000      56.904 0.3713   0.4346E+02  0.0000E+00  0.1521E+00  0.0000E+00      -1   0.350E-02   20.00  0.8804E-03  0.1056E+00
 101  -300.0000      59.915 0.3713   0.4346E+02  0.0000E+00  0.1594E+00  0.0000E+00      -1   0.367E-02   20.00  0.8780E-03  0.1055E+00
end


 Time:        1.0000


 Node      Depth      Head Moisture       K          C         Flux        Sink         Kappa   v/KsTop   Temp   Conc(1..NS) Sorb(1...NS)
           [L]        [L]    [-]        [L/T]      [1/L]      [L/T]        [1/T]         [-]      [-]      [C]      [M/L*3]

   1     0.0000    -268.165 0.2639   0.6246E+00  0.3058E-03  0.7500E-01  0.0000E+00      -1   0.173E-02   20.00  0.9743E-03  0.1168E+00
   2    -3.0000    -264.750 0.2648   0.6414E+00  0.3088E-03  0.9891E-01  0.0000E+00      -1   0.228E-02   20.00  0.9613E-03  0.1154E+00
   3    -6.0000    -261.241 0.2658   0.6591E+00  0.3120E-03  0.1208E+00  0.0000E+00      -1   0.278E-02   20.00  0.9439E-03  0.1132E+00
   4    -9.0000    -257.652 0.2668   0.6777E+00  0.3153E-03  0.1414E+00  0.4169E-03      -1   0.325E-02   20.00  0.9346E-03  0.1121E+00
   5   -12.0000    -253.990 0.2678   0.6970E+00  0.3188E-03  0.1607E+00  0.4175E-03      -1   0.370E-02   20.00  0.9317E-03  0.1118E+00
   6   -15.0000    -250.270 0.2689   0.7169E+00  0.3223E-03  0.1779E+00  0.4181E-03      -1   0.409E-02   20.00  0.9275E-03  0.1113E+00
   7   -18.0000    -246.502 0.2700   0.7372E+00  0.3260E-03  0.1933E+00  0.4186E-03      -1   0.445E-02   20.00  0.9198E-03  0.1104E+00
   8   -21.0000    -242.698 0.2712   0.7579E+00  0.3297E-03  0.2067E+00  0.4191E-03      -1   0.476E-02   20.00  0.9085E-03  0.1090E+00
   9   -24.0000    -238.875 0.2725   0.7954E+00  0.3340E-03  0.2191E+00  0.4153E-03      -1   0.504E-02   20.00  0.8993E-03  0.1079E+00
  10   -27.0000    -235.048 0.2738   0.8394E+00  0.3386E-03  0.2303E+00  0.3939E-03      -1   0.530E-02   20.00  0.8918E-03  0.1070E+00
  11   -30.0000    -231.228 0.2752   0.8834E+00  0.3433E-03  0.2397E+00  0.3725E-03      -1   0.552E-02   20.00  0.8868E-03  0.1064E+00
  12   -33.0000    -227.420 0.2766   0.9274E+00  0.3479E-03  0.2476E+00  0.3510E-03      -1   0.570E-02   20.00  0.8843E-03  0.1061E+00
  13   -36.0000    -223.626 0.2779   0.9712E+00  0.3525E-03  0.2540E+00  0.3294E-03      -1   0.584E-02   20.00  0.8834E-03  0.1060E+00
  14   -39.0000    -219.850 0.2793   0.1015E+01  0.3571E-03  0.2591E+00  0.3078E-03      -1   0.596E-02   20.00  0.8833E-03  0.1060E+00
  15   -42.0000    -216.094 0.2807   0.1058E+01  0.3617E-03  0.2632E+00  0.2861E-03      -1   0.606E-02   20.00  0.8834E-03  0.1060E+00
  16   -45.0000    -212.357 0.2820   0.1102E+01  0.3662E-03  0.2663E+00  0.2643E-03      -1   0.613E-02   20.00  0.8833E-03  0.1060E+00
  17   -48.0000    -208.643 0.2834   0.1145E+01  0.3707E-03  0.2686E+00  0.2425E-03      -1   0.618E-02   20.00  0.8833E-03  0.1060E+00
  18   -51.0000    -204.949 0.2847   0.1187E+01  0.3752E-03  0.2701E+00  0.2207E-03      -1   0.621E-02   20.00  0.8833E-03  0.1060E+00
  19   -54.0000    -201.278 0.2860   0.1230E+01  0.3797E-03  0.2708E+00  0.1988E-03      -1   0.623E-02   20.00  0.8833E-03  0.1060E+00
  20   -57.0000    -197.628 0.2874   0.1272E+01  0.3841E-03  0.2710E+00  0.1769E-03      -1   0.624E-02   20.00  0.8833E-03  0.1060E+00
  21   -60.0000    -193.999 0.2887   0.1314E+01  0.3886E-03  0.2706E+00  0.1549E-03      -1   0.623E-02   20.00  0.8833E-03  0.1060E+00
  22   -63.0000    -190.395 0.2900   0.1369E+01  0.3931E-03  0.2695E+00  0.1329E-03      -1   0.620E-02   20.00  0.8833E-03  0.1060E+00
  23   -66.0000    -186.823 0.2915   0.1449E+01  0.3977E-03  0.2677E+00  0.1108E-03      -1   0.616E-02   20.00  0.8833E-03  0.1060E+00
  24   -69.0000    -183.285 0.2930   0.1528E+01  0.4024E-03  0.2655E+00  0.8869E-04      -1   0.611E-02   20.00  0.8833E-03  0.1060E+00
  25   -72.0000    -179.779 0.2945   0.1607E+01  0.4069E-03  0.2629E+00  0.6657E-04      -1   0.605E-02   20.00  0.8833E-03  0.1060E+00
  26   -75.0000    -176.303 0.2959   0.1684E+01  0.4115E-03  0.2601E+00  0.4441E-04      -1   0.598E-02   20.00  0.8833E-03  0.1060E+00
  27   -78.0000    -172.852 0.2974   0.1762E+01  0.4160E-03  0.2570E+00  0.2222E-04      -1   0.591E-02   20.00  0.8833E-03  0.1060E+00
  28   -81.0000    -169.427 0.2988   0.1838E+01  0.4205E-03  0.2537E+00  0.0000E+00      -1   0.584E-02   20.00  0.8833E-03  0.1060E+00
  29   -84.0000    -166.024 0.3002   0.1914E+01  0.4249E-03  0.2503E+00  0.0000E+00      -1   0.576E-02   20.00  0.8833E-03  0.1060E+00
  30   -87.0000    -162.642 0.3017   0.1990E+01  0.4293E-03  0.2468E+00  0.0000E+00      -1   0.568E-02   20.00  0.8833E-03  0.1060E+00
  31   -90.0000    -159.279 0.3031   0.2065E+01  0.4337E-03  0.2433E+00  0.0000E+00      -1   0.560E-02   20.00  0.8833E-03  0.1060E+00
  32   -93.0000    -155.935 0.3045   0.2140E+01  0.4381E-03  0.2397E+00  0.0000E+00      -1   0.552E-02   20.00  0.8833E-03  0.1060E+00
  33   -96.0000    -152.607 0.3059   0.2214E+01  0.4424E-03  0.2362E+00  0.0000E+00      -1   0.544E-02   20.00  0.8833E-03  0.1060E+00
  34   -99.0000    -149.297 0.3074   0.2334E+01  0.4463E-03  0.2325E+00  0.0000E+00      -1   0.535E-02   20.00  0.8833E-03  0.1060E+00
  35  -102.0000    -146.009 0.3089   0.2465E+01  0.4501E-03  0.2287E+00  0.0000E+00      -1   0.526E-02   20.00  0.8833E-03  0.1060E+00
  36  -105.0000    -142.740 0.3104   0.2596E+01  0.4539E-03  0.2249E+00  0.0000E+00      -1   0.518E-02   20.00  0.8833E-03  0.1060E+00
  37  -108.0000    -139.488 0.3119   0.2725E+01  0.4577E-03  0.2212E+00  0.0000E+00      -1   0.509E-02   20.00  0.8833E-03  0.1060E+00
  38  -111.0000    -136.253 0.3134   0.2854E+01  0.4614E-03  0.2177E+00  0.0000E+00      -1   0.501E-02   20.00  0.8833E-03  0.1060E+00
  39  -114.0000    -133.031 0.3149   0.2983E+01  0.4652E-03  0.2142E+00  0.0000E+00      -1   0.493E-02   20.00  0.8833E-03  0.1060E+00
  40  -117.0000    -129.821 0.3164   0.3111E+01  0.4689E-03  0.2108E+00  0.0000E+00      -1   0.485E-02   20.00  0.8833E-03  0.1060E+00
  41  -120.0000    -126.624 0.3178   0.3238E+01  0.4726E-03  0.2075E+00  0.0000E+00      -1   0.477E-02   20.00  0.8833E-03  0.1060E+00
  42  -123.0000    -123.437 0.3193   0.3366E+01  0.4763E-03  0.2043E+00  0.0000E+00      -1   0.470E-02   20.00  0.8833E-03  0.1060E+00
  43  -126.0000    -120.259 0.3208   0.3496E+01  0.4799E-03  0.2012E+00  0.0000E+00      -1   0.463E-02   20.00  0.8833E-03  0.1060E+00
  44  -129.0000    -117.093 0.3223   0.3705E+01  0.4821E-03  0.1981E+00  0.0000E+00      -1   0.456E-02   20.00  0.8833E-03  0.1060E+00
  45  -132.0000    -113.938 0.3239   0.3914E+01  0.4844E-03  0.1951E+00  0.0000E+00      -1   0.449E-02   20.00  0.8833E-03  0.1060E+00
  46  -135.0000    -110.794 0.3254   0.4121E+01  0.4866E-03  0.1922E+00  0.0000E+00      -1   0.442E-02   20.00  0.8833E-03  0.1060E+00
  47  -138.0000    -107.658 0.3270   0.4328E+01  0.4888E-03  0.1894E+00  0.0000E+00      -1   0.436E-02   20.00  0.8833E-03  0.1060E+00
  48  -141.0000    -104.531 0.3285   0.4535E+01  0.4911E-03  0.1867E+00  0.0000E+00      -1   0.430E-02   20.00  0.8833E-03  0.1060E+00
  49  -144.0000    -101.411 0.3300   0.4741E+01  0.4933E-03  0.1842E+00  0.0000E+00      -1   0.424E-02   20.00  0.8833E-03  0.1060E+00
  50  -147.0000     -98.298 0.3316   0.4946E+01  0.4955E-03  0.1818E+00  0.0000E+00      -1   0.418E-02   20.00  0.8833E-03  0.1060E+00
  51  -150.0000     -95.191 0.3331   0.5160E+01  0.4975E-03  0.1795E+00  0.0000E+00      -1   0.413E-02   20.00  0.8833E-03  0.1060E+00
  52  -153.0000     -92.090 0.3346   0.5475E+01  0.4974E-03  0.1772E+00  0.0000E+00      -1   0.408E-02   20.00  0.8833E-03  0.1060E+00
  53  -156.0000     -88.996 0.3362   0.5789E+01  0.4972E-03  0.1751E+00  0.0000E+00      -1   0.403E-02   20.00  0.8833E-03  0.1060E+00
  54  -159.0000     -85.908 0.3377   0.6103E+01  0.4971E-03  0.1731E+00  0.0000E+00      -1   0.398E-02   20.00  0.8833E-03  0.1060E+00
  55  -162.0000     -82.826 0.3393   0.6417E+01  0.4969E-03  0.1711E+00  0.0000E+00      -1   0.394E-02   20.00  0.8833E-03  0.1060E+00
  56  -165.0000     -79.748 0.3408   0.6729E+01  0.4968E-03  0.1693E+00  0.0000E+00      -1   0.390E-02   20.00  0.8833E-03  0.1060E+00
  57  -168.0000     -76.675 0.3423   0.7042E+01  0.4967E-03  0.1676E+00  0.0000E+00      -1   0.386E-02   20.00  0.8833E-03  0.1060E+00
  58  -171.0000     -73.606 0.3438   0.7445E+01  0.4945E-03  0.1660E+00  0.0000E+00      -1   0.382E-02   20.00  0.8833E-03  0.1060E+00
  59  -174.0000     -70.541 0.3453   0.7895E+01  0.4912E-03  0.1645E+00  0.0000E+00      -1   0.378E-02   20.00  0.8833E-03  0.1060E+00
  60  -177.0000     -67.481 0.3468   0.8344E+01  0.4880E-03  0.1630E+00  0.0000E+00      -1   0.375E-02   20.00  0.8833E-03  0.1060E+00
  61  -180.0000     -64.424 0.3483   0.8793E+01  0.4848E-03  0.1617E+00  0.0000E+00      -1   0.372E-02   20.00  0.8833E-03  0.1060E+00
  62  -183.0000     -61.370 0.3498   0.9241E+01  0.4816E-03  0.1604E+00  0.0000E+00      -1   0.369E-02   20.00  0.8833E-03  0.1060E+00
  63  -186.0000     -58.320 0.3513   0.9776E+01  0.4764E-03  0.1592E+00  0.0000E+00      -1   0.366E-02   20.00  0.8833E-03  0.1060E+00
  64  -189.0000     -55.273 0.3527   0.1039E+02  0.4696E-03  0.1581E+00  0.0000E+00      -1   0.364E-02   20.00  0.8833E-03  0.1060E+00
  65  -192.0000     -52.228 0.3541   0.1100E+02  0.4628E-03  0.1571E+00  0.0000E+00      -1   0.362E-02   20.00  0.8833E-03  0.1060E+00
  66  -195.0000     -49.187 0.3556   0.1161E+02  0.4560E-03  0.1562E+00  0.0000E+00      -1   0.359E-02   20.00  0.8833E-03  0.1060E+00
  67  -198.0000     -46.148 0.3569   0.1230E+02  0.4474E-03  0.1553E+00  0.0000E+00      -1   0.357E-02   20.00  0.8833E-03  0.1060E+00
  68  -201.0000     -43.111 0.3583   0.1310E+02  0.4368E-03  0.1545E+00  0.0000E+00      -1   0.356E-02   20.00  0.8833E-03  0.1060E+00
  69  -204.0000     -40.077 0.3596   0.1389E+02  0.4261E-03  0.1538E+00  0.0000E+00      -1   0.354E-02   20.00  0.8833E-03  0.1060E+00
  70  -207.0000     -37.045 0.3609   0.1473E+02  0.4146E-03  0.1531E+00  0.0000E+00      -1   0.352E-02   20.00  0.8833E-03  0.1060E+00
  71  -210.0000     -34.015 0.3621   0.1573E+02  0.4000E-03  0.1525E+00  0.0000E+00      -1   0.351E-02   20.00  0.8833E-03  0.1060E+00
  72  -213.0000     -30.986 0.3633   0.1674E+02  0.3854E-03  0.1520E+00  0.0000E+00      -1   0.350E-02   20.00  0.8833E-03  0.1060E+00
  73  -216.0000     -27.960 0.3644   0.1788E+02  0.3683E-03  0.1515E+00  0.0000E+00      -1   0.349E-02   20.00  0.8833E-03  0.1060E+00
  74  -219.0000     -24.936 0.3655   0.1911E+02  0.3496E-03  0.1511E+00  0.0000E+00      -1   0.348E-02   20.00  0.8833E-03  0.1060E+00
  75  -222.0000     -21.913 0.3666   0.2047E+02  0.3287E-03  0.1507E+00  0.0000E+00      -1   0.347E-02   20.00  0.8833E-03  0.1060E+00
  76  -225.0000     -18.891 0.3675   0.2195E+02  0.3061E-03  0.1504E+00  0.0000E+00      -1   0.346E-02   20.00  0.8833E-03  0.1060E+00
  77  -228.0000     -15.872 0.3684   0.2367E+02  0.2796E-03  0.1500E+00  0.0000E+00      -1   0.345E-02   20.00  0.8833E-03  0.1060E+00
  78  -231.0000     -12.853 0.3692   0.2560E+02  0.2502E-03  0.1498E+00  0.0000E+00      -1   0.345E-02   20.00  0.8833E-03  0.1060E+00
  79  -234.0000      -9.837 0.3699   0.2782E+02  0.2167E-03  0.1496E+00  0.0000E+00      -1   0.344E-02   20.00  0.8833E-03  0.1060E+00
  80  -237.0000      -6.821 0.3705   0.3050E+02  0.1770E-03  0.1494E+00  0.0000E+00      -1   0.344E-02   20.00  0.8833E-03  0.1060E+00
  81  -240.0000      -3.807 0.3710   0.3393E+02  0.1277E-03  0.1493E+00  0.0000E+00      -1   0.344E-02   20.00  0.8833E-03  0.1060E+00
  82  -243.0000      -0.795 0.3713   0.3942E+02  0.5237E-04  0.1493E+00  0.0000E+00      -1   0.343E-02   20.00  0.8833E-03  0.1060E+00
  83  -246.0000       2.216 0.3713   0.4346E+02  0.0000E+00  0.1492E+00  0.0000E+00      -1   0.343E-02   20.00  0.8833E-03  0.1060E+00
  84  -249.0000       5.226 0.3713   0.4346E+02  0.0000E+00  0.1492E+00  0.0000E+00      -1   0.343E-02   20.00  0.8833E-03  0.1060E+00
  85  -252.0000       8.236 0.3713   0.4346E+02  0.0000E+00  0.1492E+00  0.0000E+00      -1   0.343E-02   20.00  0.8833E-03  0.1060E+00
  86  -255.0000      11.247 0.3713   0.4346E+02  0.0000E+00  0.1492E+00  0.0000E+00      -1   0.343E-02   20.00  0.8833E-03  0.1060E+00
  87  -258.0000      14.257 0.3713   0.4346E+02  0.0000E+00  0.1492E+00  0.0000E+00      -1   0.343E-02   20.00  0.8833E-03  0.1060E+00
  88  -261.0000      17.267 0.3713   0.4346E+02  0.0000E+00  0.1492E+00  0.0000E+00      -1   0.343E-02   20.00  0.8833E-03  0.1060E+00
  89  -264.0000      20.277 0.3713   0.4346E+02  0.0000E+00  0.1492E+00  0.0000E+00      -1   0.343E-02   20.00  0.8833E-03  0.1060E+00
  90  -267.0000      23.288 0.3713   0.4346E+02  0.0000E+00  0.1492E+00  0.0000E+00      -1   0.343E-02   20.00  0.8833E-03  0.1060E+00
  91  -270.0000      26.298 0.3713   0.4346E+02  0.0000E+00  0.1492E+00  0.0000E+00      -1   0.343E-02   20.00  0.8833E-03  0.1060E+00
  92  -273.0000      29.308 0.3713   0.4346E+02  0.0000E+00  0.1492E+00  0.0000E+00      -1   0.343E-02   20.00  0.8833E-03  0.1060E+00
  93  -276.0000      32.319 0.3713   0.4346E+02  0.0000E+00  0.1492E+00  0.0000E+00      -1   0.343E-02   20.00  0.8833E-03  0.1060E+00
  94  -279.0000      35.329 0.3713   0.4346E+02  0.0000E+00  0.1492E+00  0.0000E+00      -1   0.343E-02   20.00  0.8833E-03  0.1060E+00
  95  -282.0000      38.339 0.3713   0.4346E+02  0.0000E+00  0.1492E+00  0.0000E+00      -1   0.343E-02   20.00  0.8833E-03  0.1060E+00
  96  -285.0000      41.350 0.3713   0.4346E+02  0.0000E+00  0.1492E+00  0.0000E+00      -1   0.343E-02   20.00  0.8833E-03  0.1060E+00
  97  -288.0000      44.360 0.3713   0.4346E+02  0.0000E+00  0.1492E+00  0.0000E+00      -1   0.343E-02   20.00  0.8833E-03  0.1060E+00
  98  -291.0000      47.370 0.3713   0.4346E+02  0.0000E+00  0.1492E+00  0.0000E+00      -1   0.343E-02   20.00  0.8833E-03  0.1060E+00
  99  -294.0000      50.381 0.3713   0.4346E+02  0.0000E+00  0.1493E+00  0.0000E+00      -1   0.343E-02   20.00  0.8824E-03  0.1059E+00
 100  -297.0000      53.391 0.3713   0.4346E+02  0.0000E+00  0.1492E+00  0.0000E+00      -1   0.343E-02   20.00  0.8804E-03  0.1056E+00
 101  -300.0000      56.401 0.3713   0.4346E+02  0.0000E+00  0.1492E+00  0.0000E+00      -1   0.343E-02   20.00  0.8780E-03  0.1055E+00
end
