 All solute fluxes and cumulative solute fluxes are positive into the region

       Time         cvTop        cvBot      Sum(cvTop)   Sum(cvBot)     cvCh0        cvCh1         cTop        cRoot         cBot        cvRoot    Sum(cvRoot)  Sum(cvNEql) TLevel      cGWL        cRunOff   Sum(cRunOff)    (cv(i),    Sum(cv(i)), i=1,NObs)
        [T]        [M/L2/T]     [M/L2/T]      [M/L2]       [M/L2]       [M/L2]      [M/L2]        [M/L3]      [M/L3]        [M/L3]      [M/L2/T]      [M/L2]       [M/L2]              [M/L3]        [M/L2]      [M/L3]      [M/L2/T]      [M/L2]
        0.0100  0.00000E+00 -0.24762E-03  0.00000E+00 -0.24762E-05  0.00000E+00  0.00000E+00  0.99899E-03  0.90346E-03  0.87011E-03  0.39057E-04  0.39057E-06 -0.10533E-04       1  0.88314E-03  0.00000E+00  0.00000E+00  0.54040E-04  0.54040E-06 -0.20439E-03 -0.20439E-05 -0.15646E-03 -0.15646E-05
        0.0200  0.00000E+00  0.00000E+00  0.00000E+00 -0.24762E-05  0.00000E+00  0.00000E+00  0.99888E-03  0.90337E-03  0.86491E-03  0.39054E-04  0.78112E-06 -0.22642E-04       2  0.88309E-03  0.00000E+00  0.00000E+00  0.46725E-04  0.10077E-05 -0.12406E-03 -0.32845E-05 -0.30331E-04 -0.18679E-05
        0.0330  0.00000E+00  0.00000E+00  0.00000E+00 -0.24762E-05  0.00000E+00  0.00000E+00  0.99877E-03  0.90345E-03  0.86656E-03  0.39056E-04  0.12888E-05 -0.35902E-04       3  0.88311E-03  0.00000E+00  0.00000E+00  0.29977E-04  0.13974E-05 -0.94776E-05 -0.34078E-05  0.11469E-03 -0.37696E-06
        0.0499  0.00000E+00  0.00000E+00  0.00000E+00 -0.24762E-05  0.00000E+00  0.00000E+00  0.99848E-03  0.90344E-03  0.86666E-03  0.39056E-04  0.19489E-05 -0.51724E-04       4  0.88311E-03  0.00000E+00  0.00000E+00 -0.34052E-06  0.13916E-05  0.18509E-04 -0.30949E-05  0.22139E-03  0.33646E-05
        0.0719  0.00000E+00  0.00000E+00  0.00000E+00 -0.24762E-05  0.00000E+00  0.00000E+00  0.99807E-03  0.90345E-03  0.86718E-03  0.39056E-04  0.28069E-05 -0.71075E-04       5  0.88312E-03  0.00000E+00  0.00000E+00 -0.36698E-04  0.58536E-06  0.36409E-04 -0.22950E-05  0.28458E-03  0.96169E-05
        0.1004  0.00000E+00  0.00000E+00  0.00000E+00 -0.24762E-05  0.00000E+00  0.00000E+00  0.99751E-03  0.90345E-03  0.86748E-03  0.39056E-04  0.39224E-05 -0.95856E-04       6  0.88312E-03  0.00000E+00  0.00000E+00 -0.99744E-04 -0.22634E-05  0.33560E-04 -0.13365E-05  0.28920E-03  0.17877E-04
        0.1376  0.00000E+00  0.00000E+00  0.00000E+00 -0.24762E-05  0.00000E+00  0.00000E+00  0.99662E-03  0.90345E-03  0.86793E-03  0.39056E-04  0.53725E-05 -0.12943E-03       7  0.88313E-03  0.00000E+00  0.00000E+00 -0.20203E-03 -0.97645E-05  0.26717E-05 -0.12373E-05  0.23246E-03  0.26508E-04
        0.1858  0.00000E+00  0.00000E+00  0.00000E+00 -0.24762E-05  0.00000E+00  0.00000E+00  0.99529E-03  0.90345E-03  0.86847E-03  0.39056E-04  0.72577E-05 -0.17771E-03       8  0.88313E-03  0.00000E+00  0.00000E+00 -0.35567E-03 -0.26932E-04 -0.22882E-03 -0.12282E-04  0.99276E-04  0.31300E-04
        0.2358  0.00000E+00  0.00000E+00  0.00000E+00 -0.24762E-05  0.00000E+00  0.00000E+00  0.99388E-03  0.90346E-03  0.86922E-03  0.39057E-04  0.92106E-05 -0.23378E-03       9  0.88314E-03  0.00000E+00  0.00000E+00 -0.52296E-03 -0.53080E-04 -0.59033E-03 -0.41799E-04 -0.83454E-04  0.27127E-04
        0.2858  0.00000E+00  0.00000E+00  0.00000E+00 -0.24762E-05  0.00000E+00  0.00000E+00  0.99277E-03  0.90348E-03  0.87017E-03  0.39058E-04  0.11163E-04 -0.29263E-03      10  0.88315E-03  0.00000E+00  0.00000E+00 -0.64985E-03 -0.85572E-04 -0.94593E-03 -0.89095E-04 -0.28514E-03  0.12870E-04
        0.3358  0.00000E+00 -0.27416E-04  0.00000E+00 -0.38471E-05  0.00000E+00  0.00000E+00  0.99207E-03  0.90350E-03  0.87649E-03  0.39059E-04  0.13116E-04 -0.33502E-03      11  0.88318E-03  0.00000E+00  0.00000E+00 -0.72466E-03 -0.12180E-03 -0.12331E-02 -0.15075E-03 -0.46487E-03 -0.10374E-04
        0.3858  0.00000E+00 -0.13619E-03  0.00000E+00 -0.10656E-04  0.00000E+00  0.00000E+00  0.99148E-03  0.90353E-03  0.87629E-03  0.39061E-04  0.15069E-04 -0.36540E-03      12  0.88318E-03  0.00000E+00  0.00000E+00 -0.78440E-03 -0.16102E-03 -0.14754E-02 -0.22452E-03 -0.62198E-03 -0.41473E-04
        0.4358  0.00000E+00 -0.29279E-03  0.00000E+00 -0.25296E-04  0.00000E+00  0.00000E+00  0.99102E-03  0.90354E-03  0.87670E-03  0.39062E-04  0.17023E-04 -0.39758E-03      13  0.88318E-03  0.00000E+00  0.00000E+00 -0.82368E-03 -0.20221E-03 -0.16635E-02 -0.30770E-03 -0.75080E-03 -0.79013E-04
        0.4858  0.00000E+00 -0.43372E-03  0.00000E+00 -0.46982E-04  0.00000E+00  0.00000E+00  0.99072E-03  0.90356E-03  0.87665E-03  0.39062E-04  0.18976E-04 -0.42887E-03      14  0.88318E-03  0.00000E+00  0.00000E+00 -0.84017E-03 -0.24422E-03 -0.17956E-02 -0.39748E-03 -0.85417E-03 -0.12172E-03
        0.5358  0.00000E+00 -0.55452E-03  0.00000E+00 -0.74708E-04  0.00000E+00  0.00000E+00  0.99060E-03  0.90357E-03  0.87688E-03  0.39063E-04  0.20929E-04 -0.45949E-03      15  0.88319E-03  0.00000E+00  0.00000E+00 -0.83226E-03 -0.28583E-03 -0.18654E-02 -0.49075E-03 -0.92756E-03 -0.16810E-03
        0.5858  0.00000E+00 -0.65363E-03  0.00000E+00 -0.10739E-03  0.00000E+00  0.00000E+00  0.99066E-03  0.90358E-03  0.87687E-03  0.39063E-04  0.22882E-04 -0.48753E-03      16  0.88318E-03  0.00000E+00  0.00000E+00 -0.80088E-03 -0.32587E-03 -0.18723E-02 -0.58436E-03 -0.96966E-03 -0.21658E-03
        0.6358  0.00000E+00 -0.73026E-03  0.00000E+00 -0.14390E-03  0.00000E+00  0.00000E+00  0.99088E-03  0.90358E-03  0.87700E-03  0.39063E-04  0.24835E-04 -0.51291E-03      17  0.88319E-03  0.00000E+00  0.00000E+00 -0.74817E-03 -0.36328E-03 -0.18195E-02 -0.67534E-03 -0.98125E-03 -0.26564E-03
        0.6858  0.00000E+00 -0.78420E-03  0.00000E+00 -0.18311E-03  0.00000E+00  0.00000E+00  0.99124E-03  0.90358E-03  0.87699E-03  0.39063E-04  0.26788E-04 -0.53471E-03      18  0.88319E-03  0.00000E+00  0.00000E+00 -0.67839E-03 -0.39720E-03 -0.17175E-02 -0.76121E-03 -0.96559E-03 -0.31392E-03
        0.7358  0.00000E+00 -0.81622E-03  0.00000E+00 -0.22392E-03  0.00000E+00  0.00000E+00  0.99170E-03  0.90357E-03  0.87706E-03  0.39063E-04  0.28742E-04 -0.55315E-03      19  0.88319E-03  0.00000E+00  0.00000E+00 -0.59717E-03 -0.42706E-03 -0.15792E-02 -0.84017E-03 -0.92859E-03 -0.36035E-03
        0.7858  0.00000E+00 -0.82109E-03  0.00000E+00 -0.26498E-03  0.00000E+00  0.00000E+00  0.99280E-03  0.90356E-03  0.87705E-03  0.39062E-04  0.30695E-04 -0.56245E-03      20  0.88319E-03  0.00000E+00  0.00000E+00 -0.43335E-03 -0.44873E-03 -0.13059E-02 -0.90547E-03 -0.83305E-03 -0.40201E-03
        0.8358  0.00000E+00 -0.78949E-03  0.00000E+00 -0.30445E-03  0.00000E+00  0.00000E+00  0.99400E-03  0.90355E-03  0.87705E-03  0.39061E-04  0.32648E-04 -0.56003E-03      21  0.88319E-03  0.00000E+00  0.00000E+00 -0.27167E-03 -0.46231E-03 -0.10044E-02 -0.95569E-03 -0.70209E-03 -0.43711E-03
        0.8858  0.00000E+00 -0.72355E-03  0.00000E+00 -0.34063E-03  0.00000E+00  0.00000E+00  0.99508E-03  0.90353E-03  0.87700E-03  0.39060E-04  0.34601E-04 -0.54842E-03      22  0.88319E-03  0.00000E+00  0.00000E+00 -0.12700E-03 -0.46866E-03 -0.71165E-03 -0.99127E-03 -0.55846E-03 -0.46503E-03
        0.9358  0.00000E+00 -0.63549E-03  0.00000E+00 -0.37240E-03  0.00000E+00  0.00000E+00  0.99596E-03  0.90351E-03  0.87696E-03  0.39060E-04  0.36554E-04 -0.53061E-03      23  0.88319E-03  0.00000E+00  0.00000E+00 -0.19857E-04 -0.46965E-03 -0.47127E-03 -0.10148E-02 -0.42529E-03 -0.48630E-03
        0.9679  0.00000E+00 -0.55598E-03  0.00000E+00 -0.39024E-03  0.00000E+00  0.00000E+00  0.99637E-03  0.90349E-03  0.87691E-03  0.39059E-04  0.37807E-04 -0.51756E-03      24  0.88319E-03  0.00000E+00  0.00000E+00  0.33794E-04 -0.46857E-03 -0.35121E-03 -0.10261E-02 -0.35081E-03 -0.49755E-03
        1.0000  0.00000E+00 -0.49315E-03  0.00000E+00 -0.40607E-03  0.00000E+00  0.00000E+00  0.99663E-03  0.90349E-03  0.87688E-03  0.39058E-04  0.39060E-04 -0.50439E-03      25  0.88319E-03  0.00000E+00  0.00000E+00  0.59581E-04 -0.46666E-03 -0.27105E-03 -0.10348E-02 -0.29172E-03 -0.50691E-03
end
