 ******* Program HYDRUS
 ******* 
 Welcome to HYDRUS-1D                                                    
 Date:  28. 3.2022    Time:   8:57:46
 Units: L = cm   , T = days , M = mg   

----------------------------------------------------------
 Time       [T]        0.0000
----------------------------------------------------------
 Sub-region num.                     1
----------------------------------------------------------
 Length   [L]        0.30000E+03  0.30000E+03
 W-volume [L]        0.98847E+02  0.98847E+02
 In-flow  [L/T]      0.00000E+00  0.00000E+00
 h Mean   [L]       -0.96896E+02 -0.96896E+02
 ConcVol  [M/L2] 1   0.88263E-01  0.88263E-01
 cMean    [M/L3] 1   0.89512E-03  0.89512E-03
 SorbVolIm[M/L2] 1   0.46727E+02  0.46727E+02
 sMeanIm  [-]    1   0.10742E+00  0.10742E+00
 Top Flux [L/T]      0.46078E-01
 Bot Flux [L/T]      0.18834E+00
----------------------------------------------------------

----------------------------------------------------------
 Time       [T]        1.0000
----------------------------------------------------------
 Sub-region num.                     1
----------------------------------------------------------
 Length   [L]        0.30000E+03  0.30000E+03
 W-volume [L]        0.98532E+02  0.98532E+02
 In-flow  [L/T]      0.92477E-01  0.92477E-01
 h Mean   [L]       -0.10000E+03 -0.10000E+03
 ConcVol  [M/L2] 1   0.87982E-01  0.87982E-01
 cMean    [M/L3] 1   0.89516E-03  0.89516E-03
 SorbVolIm[M/L2] 1   0.46727E+02  0.46727E+02
 sMeanIm  [-]    1   0.10742E+00  0.10742E+00
 Top Flux [L/T]      0.60114E-01
 Bot Flux [L/T]      0.18436E+00
 WatBalT  [L]       -0.44904E-01
 WatBalR  [%]              9.357
 CncBalT  [M]    1   0.57220E-04
 CncBalR  [%]    1        20.277
----------------------------------------------------------
 
 Calculation time [sec]  9.999990463256836E-003
