 All solute fluxes and cumulative solute fluxes are positive into the region

       Time         cvTop        cvBot      Sum(cvTop)   Sum(cvBot)     cvCh0        cvCh1         cTop        cRoot         cBot        cvRoot    Sum(cvRoot)  Sum(cvNEql) TLevel      cGWL        cRunOff   Sum(cRunOff)    (cv(i),    Sum(cv(i)), i=1,NObs)
        [T]        [M/L2/T]     [M/L2/T]      [M/L2]       [M/L2]       [M/L2]      [M/L2]        [M/L3]      [M/L3]        [M/L3]      [M/L2/T]      [M/L2]       [M/L2]              [M/L3]        [M/L2]      [M/L3]      [M/L2/T]      [M/L2]
        0.0100  0.00000E+00  0.00000E+00  0.00000E+00  0.00000E+00  0.00000E+00  0.00000E+00  0.96633E-03  0.90430E-03  0.87613E-03  0.14313E-03  0.14313E-05 -0.70473E-05       1  0.88314E-03  0.00000E+00  0.00000E+00  0.36396E-04  0.36396E-06  0.13895E-04  0.13895E-06  0.17493E-03  0.17493E-05
        0.0200  0.00000E+00  0.00000E+00  0.00000E+00  0.00000E+00  0.00000E+00  0.00000E+00  0.96624E-03  0.90435E-03  0.87629E-03  0.14314E-03  0.28627E-05 -0.76743E-05       2  0.88314E-03  0.00000E+00  0.00000E+00  0.35423E-04  0.71819E-06  0.13725E-04  0.27620E-06  0.17282E-03  0.34775E-05
        0.0330  0.00000E+00  0.00000E+00  0.00000E+00  0.00000E+00  0.00000E+00  0.00000E+00  0.96625E-03  0.90434E-03  0.87621E-03  0.14314E-03  0.47235E-05 -0.10517E-04       3  0.88314E-03  0.00000E+00  0.00000E+00  0.33204E-04  0.11498E-05  0.13502E-04  0.45172E-06  0.16971E-03  0.56837E-05
        0.0499  0.00000E+00  0.00000E+00  0.00000E+00  0.00000E+00  0.00000E+00  0.00000E+00  0.96620E-03  0.90434E-03  0.87614E-03  0.14314E-03  0.71425E-05 -0.13861E-04       4  0.88314E-03  0.00000E+00  0.00000E+00  0.28732E-04  0.16354E-05  0.13108E-04  0.67325E-06  0.16623E-03  0.84931E-05
        0.0719  0.00000E+00  0.00000E+00  0.00000E+00  0.00000E+00  0.00000E+00  0.00000E+00  0.96613E-03  0.90434E-03  0.87607E-03  0.14314E-03  0.10287E-04 -0.18696E-04       5  0.88314E-03  0.00000E+00  0.00000E+00  0.20272E-04  0.20808E-05  0.12408E-04  0.94586E-06  0.16185E-03  0.12049E-04
        0.1004  0.00000E+00  0.00000E+00  0.00000E+00  0.00000E+00  0.00000E+00  0.00000E+00  0.96598E-03  0.90434E-03  0.87599E-03  0.14314E-03  0.14375E-04 -0.25320E-04       6  0.88314E-03  0.00000E+00  0.00000E+00  0.56817E-05  0.22431E-05  0.11235E-04  0.12668E-05  0.15632E-03  0.16513E-04
        0.1376  0.00000E+00  0.00000E+00  0.00000E+00  0.00000E+00  0.00000E+00  0.00000E+00  0.96583E-03  0.90434E-03  0.87592E-03  0.14314E-03  0.19690E-04 -0.34814E-04       7  0.88313E-03  0.00000E+00  0.00000E+00 -0.13966E-05  0.21912E-05  0.92556E-05  0.16104E-05  0.14878E-03  0.22038E-04
        0.1858  0.00000E+00  0.00000E+00  0.00000E+00  0.00000E+00  0.00000E+00  0.00000E+00  0.96572E-03  0.90434E-03  0.87585E-03  0.14314E-03  0.26599E-04 -0.48590E-04       8  0.88313E-03  0.00000E+00  0.00000E+00 -0.12807E-04  0.15730E-05  0.59293E-05  0.18966E-05  0.13780E-03  0.28689E-04
        0.2358  0.00000E+00  0.00000E+00  0.00000E+00  0.00000E+00  0.00000E+00  0.00000E+00  0.96559E-03  0.90434E-03  0.87578E-03  0.14314E-03  0.33756E-04 -0.64600E-04       9  0.88313E-03  0.00000E+00  0.00000E+00 -0.25973E-04  0.27438E-06  0.17835E-05  0.19858E-05  0.12491E-03  0.34935E-04
        0.2858  0.00000E+00  0.00000E+00  0.00000E+00  0.00000E+00  0.00000E+00  0.00000E+00  0.96559E-03  0.90434E-03  0.87573E-03  0.14314E-03  0.40913E-04 -0.80811E-04      10  0.88313E-03  0.00000E+00  0.00000E+00 -0.26813E-04 -0.10663E-05 -0.13266E-05  0.19194E-05  0.11254E-03  0.40562E-04
        0.3358  0.00000E+00  0.00000E+00  0.00000E+00  0.00000E+00  0.00000E+00  0.00000E+00  0.96576E-03  0.90434E-03  0.87569E-03  0.14314E-03  0.48069E-04 -0.88214E-04      11  0.88313E-03  0.00000E+00  0.00000E+00 -0.12409E-04 -0.16867E-05 -0.17206E-05  0.18334E-05  0.11434E-03  0.46279E-04
        0.3858  0.00000E+00  0.00000E+00  0.00000E+00  0.00000E+00  0.00000E+00  0.00000E+00  0.96591E-03  0.90438E-03  0.87564E-03  0.14314E-03  0.55227E-04 -0.77495E-04      12  0.88313E-03  0.00000E+00  0.00000E+00 -0.26421E-06 -0.17000E-05 -0.54645E-07  0.18307E-05  0.13810E-03  0.53184E-04
        0.4358  0.00000E+00  0.00000E+00  0.00000E+00  0.00000E+00  0.00000E+00  0.00000E+00  0.96605E-03  0.90442E-03  0.87558E-03  0.14315E-03  0.62384E-04 -0.51551E-04      13  0.88313E-03  0.00000E+00  0.00000E+00  0.14541E-04 -0.97291E-06  0.31159E-05  0.19865E-05  0.17386E-03  0.61877E-04
        0.4858  0.00000E+00  0.00000E+00  0.00000E+00  0.00000E+00  0.00000E+00  0.00000E+00  0.96618E-03  0.90445E-03  0.87550E-03  0.14315E-03  0.69542E-04 -0.15751E-04      14  0.88313E-03  0.00000E+00  0.00000E+00  0.28856E-04  0.46989E-06  0.74097E-05  0.23570E-05  0.21551E-03  0.72652E-04
        0.5358  0.00000E+00  0.00000E+00  0.00000E+00  0.00000E+00  0.00000E+00  0.00000E+00  0.96617E-03  0.90448E-03  0.87540E-03  0.14316E-03  0.76700E-04  0.24273E-04      15  0.88313E-03  0.00000E+00  0.00000E+00  0.24770E-04  0.17084E-05  0.11114E-04  0.29126E-05  0.25441E-03  0.85373E-04
        0.5858  0.00000E+00  0.00000E+00  0.00000E+00  0.00000E+00  0.00000E+00  0.00000E+00  0.96602E-03  0.90448E-03  0.87527E-03  0.14316E-03  0.83857E-04  0.61833E-04      16  0.88313E-03  0.00000E+00  0.00000E+00  0.49223E-05  0.19545E-05  0.14056E-04  0.36154E-05  0.28450E-03  0.99598E-04
        0.6358  0.00000E+00  0.00000E+00  0.00000E+00  0.00000E+00  0.00000E+00  0.00000E+00  0.96587E-03  0.90448E-03  0.87512E-03  0.14316E-03  0.91015E-04  0.90963E-04      17  0.88312E-03  0.00000E+00  0.00000E+00 -0.54627E-05  0.16814E-05  0.15404E-04  0.43856E-05  0.30087E-03  0.11464E-03
        0.6858  0.00000E+00  0.00000E+00  0.00000E+00  0.00000E+00  0.00000E+00  0.00000E+00  0.96572E-03  0.90446E-03  0.87496E-03  0.14315E-03  0.98173E-04  0.10613E-03      18  0.88312E-03  0.00000E+00  0.00000E+00 -0.18906E-04  0.73607E-06  0.15306E-04  0.51509E-05  0.30065E-03  0.12967E-03
        0.7358  0.00000E+00  0.00000E+00  0.00000E+00  0.00000E+00  0.00000E+00  0.00000E+00  0.96552E-03  0.90443E-03  0.87480E-03  0.14315E-03  0.10533E-03  0.10348E-03      19  0.88312E-03  0.00000E+00  0.00000E+00 -0.33773E-04 -0.95260E-06  0.13492E-04  0.58255E-05  0.28194E-03  0.14377E-03
        0.7858  0.00000E+00  0.00000E+00  0.00000E+00  0.00000E+00  0.00000E+00  0.00000E+00  0.96564E-03  0.90439E-03  0.87465E-03  0.14314E-03  0.11249E-03  0.83861E-04      20  0.88312E-03  0.00000E+00  0.00000E+00 -0.20348E-04 -0.19700E-05  0.13072E-04  0.64791E-05  0.24952E-03  0.15625E-03
        0.8358  0.00000E+00  0.00000E+00  0.00000E+00  0.00000E+00  0.00000E+00  0.00000E+00  0.96577E-03  0.90435E-03  0.87452E-03  0.14314E-03  0.11964E-03  0.63674E-04      21  0.88311E-03  0.00000E+00  0.00000E+00 -0.76130E-05 -0.23507E-05  0.13133E-04  0.71357E-05  0.22866E-03  0.16768E-03
        0.8858  0.00000E+00  0.00000E+00  0.00000E+00  0.00000E+00  0.00000E+00  0.00000E+00  0.96587E-03  0.90438E-03  0.87441E-03  0.14314E-03  0.12680E-03  0.45527E-04      22  0.88311E-03  0.00000E+00  0.00000E+00  0.31532E-05 -0.21930E-05  0.13973E-04  0.78344E-05  0.21187E-03  0.17827E-03
        0.9358  0.00000E+00  0.00000E+00  0.00000E+00  0.00000E+00  0.00000E+00  0.00000E+00  0.96610E-03  0.90436E-03  0.87432E-03  0.14314E-03  0.13396E-03  0.27094E-04      23  0.88311E-03  0.00000E+00  0.00000E+00  0.23521E-04 -0.10170E-05  0.14634E-04  0.85661E-05  0.20087E-03  0.18832E-03
        0.9679  0.00000E+00  0.00000E+00  0.00000E+00  0.00000E+00  0.00000E+00  0.00000E+00  0.96623E-03  0.90437E-03  0.87427E-03  0.14314E-03  0.13855E-03  0.16001E-04      24  0.88311E-03  0.00000E+00  0.00000E+00  0.33310E-04  0.51825E-07  0.15004E-04  0.90475E-05  0.19480E-03  0.19457E-03
        1.0000  0.00000E+00  0.00000E+00  0.00000E+00  0.00000E+00  0.00000E+00  0.00000E+00  0.96628E-03  0.90436E-03  0.87422E-03  0.14314E-03  0.14314E-03  0.44038E-05      25  0.88311E-03  0.00000E+00  0.00000E+00  0.36597E-04  0.12261E-05  0.15106E-04  0.95322E-05  0.19007E-03  0.20067E-03
end
