 All solute fluxes and cumulative solute fluxes are positive into the region

       Time         cvTop        cvBot      Sum(cvTop)   Sum(cvBot)     cvCh0        cvCh1         cTop        cRoot         cBot        cvRoot    Sum(cvRoot)  Sum(cvNEql) TLevel      cGWL        cRunOff   Sum(cRunOff)    (cv(i),    Sum(cv(i)), i=1,NObs)
        [T]        [M/L2/T]     [M/L2/T]      [M/L2]       [M/L2]       [M/L2]      [M/L2]        [M/L3]      [M/L3]        [M/L3]      [M/L2/T]      [M/L2]       [M/L2]              [M/L3]        [M/L2]      [M/L3]      [M/L2/T]      [M/L2]
        0.0100  0.00000E+00 -0.25489E-04  0.00000E+00 -0.25489E-06  0.00000E+00  0.00000E+00  0.96607E-03  0.90435E-03  0.87356E-03  0.14913E-03  0.14913E-05 -0.59346E-05       1  0.88309E-03  0.00000E+00  0.00000E+00  0.23169E-04  0.23169E-06 -0.54485E-03 -0.54485E-05 -0.40267E-03 -0.40267E-05
        0.0230  0.00000E+00  0.00000E+00  0.00000E+00 -0.25489E-06  0.00000E+00  0.00000E+00  0.96619E-03  0.90434E-03  0.87109E-03  0.14913E-03  0.34300E-05 -0.15138E-04       2  0.88306E-03  0.00000E+00  0.00000E+00  0.22947E-04  0.53000E-06 -0.50926E-03 -0.12069E-04 -0.38360E-03 -0.90134E-05
        0.0399  0.00000E+00  0.00000E+00  0.00000E+00 -0.25489E-06  0.00000E+00  0.00000E+00  0.96615E-03  0.90434E-03  0.87252E-03  0.14913E-03  0.59503E-05 -0.23634E-04       3  0.88309E-03  0.00000E+00  0.00000E+00  0.22611E-04  0.91212E-06 -0.46471E-03 -0.19923E-04 -0.35726E-03 -0.15051E-04
        0.0619  0.00000E+00  0.00000E+00  0.00000E+00 -0.25489E-06  0.00000E+00  0.00000E+00  0.96613E-03  0.90434E-03  0.87283E-03  0.14913E-03  0.92267E-05 -0.32582E-04       4  0.88309E-03  0.00000E+00  0.00000E+00  0.21950E-04  0.13944E-05 -0.41870E-03 -0.29121E-04 -0.32795E-03 -0.22256E-04
        0.0904  0.00000E+00  0.00000E+00  0.00000E+00 -0.25489E-06  0.00000E+00  0.00000E+00  0.96610E-03  0.90434E-03  0.87343E-03  0.14913E-03  0.13486E-04 -0.41456E-04       5  0.88310E-03  0.00000E+00  0.00000E+00  0.20671E-04  0.19848E-05 -0.36928E-03 -0.39668E-04 -0.29404E-03 -0.30654E-04
        0.1276  0.00000E+00  0.00000E+00  0.00000E+00 -0.25489E-06  0.00000E+00  0.00000E+00  0.96609E-03  0.90434E-03  0.87384E-03  0.14913E-03  0.19023E-04 -0.50093E-04       6  0.88311E-03  0.00000E+00  0.00000E+00  0.18390E-04  0.26676E-05 -0.31943E-03 -0.51528E-04 -0.25710E-03 -0.40200E-04
        0.1758  0.00000E+00  0.00000E+00  0.00000E+00 -0.25489E-06  0.00000E+00  0.00000E+00  0.96606E-03  0.90434E-03  0.87433E-03  0.14913E-03  0.26221E-04 -0.57916E-04       7  0.88312E-03  0.00000E+00  0.00000E+00  0.14581E-04  0.33713E-05 -0.26906E-03 -0.64515E-04 -0.21758E-03 -0.50703E-04
        0.2258  0.00000E+00  0.00000E+00  0.00000E+00 -0.25489E-06  0.00000E+00  0.00000E+00  0.96604E-03  0.90434E-03  0.87466E-03  0.14913E-03  0.33678E-04 -0.63471E-04       8  0.88312E-03  0.00000E+00  0.00000E+00  0.99799E-05  0.38703E-05 -0.22787E-03 -0.75909E-04 -0.18385E-03 -0.59895E-04
        0.2758  0.00000E+00 -0.57900E-05  0.00000E+00 -0.54439E-06  0.00000E+00  0.00000E+00  0.96608E-03  0.90434E-03  0.88045E-03  0.14913E-03  0.41134E-04 -0.52471E-04       9  0.88318E-03  0.00000E+00  0.00000E+00  0.19135E-04  0.48271E-05 -0.19200E-03 -0.85509E-04 -0.15552E-03 -0.67672E-04
        0.3258  0.00000E+00 -0.25976E-04  0.00000E+00 -0.18432E-05  0.00000E+00  0.00000E+00  0.96655E-03  0.90434E-03  0.88010E-03  0.14913E-03  0.48591E-04 -0.26677E-04      10  0.88317E-03  0.00000E+00  0.00000E+00  0.69511E-04  0.83027E-05 -0.14899E-03 -0.92958E-04 -0.12642E-03 -0.73992E-04
        0.3758  0.00000E+00 -0.50496E-04  0.00000E+00 -0.43680E-05  0.00000E+00  0.00000E+00  0.96705E-03  0.90435E-03  0.88036E-03  0.14913E-03  0.56047E-04  0.69344E-05      11  0.88318E-03  0.00000E+00  0.00000E+00  0.11076E-03  0.13841E-04 -0.10275E-03 -0.98096E-04 -0.87339E-04 -0.78359E-04
        0.4258  0.00000E+00 -0.67037E-04  0.00000E+00 -0.77198E-05  0.00000E+00  0.00000E+00  0.96739E-03  0.90437E-03  0.88020E-03  0.14914E-03  0.63504E-04  0.49085E-04      12  0.88317E-03  0.00000E+00  0.00000E+00  0.14000E-03  0.20841E-04 -0.55596E-04 -0.10088E-03 -0.44664E-04 -0.80593E-04
        0.4758  0.00000E+00 -0.76522E-04  0.00000E+00 -0.11546E-04  0.00000E+00  0.00000E+00  0.96762E-03  0.90438E-03  0.88032E-03  0.14914E-03  0.70961E-04  0.95567E-04      13  0.88318E-03  0.00000E+00  0.00000E+00  0.15469E-03  0.28575E-04 -0.89566E-05 -0.10132E-03 -0.13423E-05 -0.80660E-04
        0.5258  0.00000E+00 -0.79735E-04  0.00000E+00 -0.15533E-04  0.00000E+00  0.00000E+00  0.96766E-03  0.90440E-03  0.88024E-03  0.14914E-03  0.78418E-04  0.14462E-03      14  0.88317E-03  0.00000E+00  0.00000E+00  0.15411E-03  0.36281E-04 -0.39944E-05 -0.10152E-03  0.37444E-04 -0.78787E-04
        0.5758  0.00000E+00 -0.77544E-04  0.00000E+00 -0.19410E-04  0.00000E+00  0.00000E+00  0.96756E-03  0.90440E-03  0.88030E-03  0.14914E-03  0.85875E-04  0.19191E-03      15  0.88318E-03  0.00000E+00  0.00000E+00  0.13823E-03  0.43193E-04  0.27131E-07 -0.10152E-03  0.69175E-04 -0.75329E-04
        0.6258  0.00000E+00 -0.70735E-04  0.00000E+00 -0.22947E-04  0.00000E+00  0.00000E+00  0.96730E-03  0.90440E-03  0.88025E-03  0.14914E-03  0.93332E-04  0.23491E-03      16  0.88317E-03  0.00000E+00  0.00000E+00  0.10836E-03  0.48611E-04  0.25157E-05 -0.10140E-03  0.90967E-04 -0.70780E-04
        0.6758  0.00000E+00 -0.60421E-04  0.00000E+00 -0.25968E-04  0.00000E+00  0.00000E+00  0.96692E-03  0.90439E-03  0.88028E-03  0.14914E-03  0.10079E-03  0.27017E-03      17  0.88318E-03  0.00000E+00  0.00000E+00  0.66735E-04  0.51947E-04  0.35380E-05 -0.10122E-03  0.10137E-03 -0.65712E-04
        0.7258  0.00000E+00 -0.47967E-04  0.00000E+00 -0.28366E-04  0.00000E+00  0.00000E+00  0.96641E-03  0.90438E-03  0.88025E-03  0.14914E-03  0.10825E-03  0.29591E-03      18  0.88317E-03  0.00000E+00  0.00000E+00  0.16763E-04  0.52786E-04  0.26996E-05 -0.10108E-03  0.99272E-04 -0.60748E-04
        0.7758  0.00000E+00 -0.34636E-04  0.00000E+00 -0.30098E-04  0.00000E+00  0.00000E+00  0.96630E-03  0.90436E-03  0.88026E-03  0.14913E-03  0.11570E-03  0.31177E-03      19  0.88318E-03  0.00000E+00  0.00000E+00  0.96675E-05  0.53269E-04  0.17888E-05 -0.10099E-03  0.87150E-04 -0.56391E-04
        0.8258  0.00000E+00 -0.21501E-04  0.00000E+00 -0.31173E-04  0.00000E+00  0.00000E+00  0.96638E-03  0.90434E-03  0.88025E-03  0.14913E-03  0.12316E-03  0.32476E-03      20  0.88317E-03  0.00000E+00  0.00000E+00  0.14149E-04  0.53976E-04  0.95477E-06 -0.10095E-03  0.76878E-04 -0.52547E-04
        0.8758  0.00000E+00 -0.93402E-05  0.00000E+00 -0.31640E-04  0.00000E+00  0.00000E+00  0.96641E-03  0.90435E-03  0.88025E-03  0.14913E-03  0.13062E-03  0.33756E-03      21  0.88318E-03  0.00000E+00  0.00000E+00  0.17976E-04  0.54875E-04  0.28190E-06 -0.10093E-03  0.68627E-04 -0.49116E-04
        0.9258  0.00000E+00 -0.18003E-05  0.00000E+00 -0.31730E-04  0.00000E+00  0.00000E+00  0.96646E-03  0.90434E-03  0.87454E-03  0.14913E-03  0.13807E-03  0.33469E-03      22  0.88311E-03  0.00000E+00  0.00000E+00  0.20717E-04  0.55911E-04 -0.31618E-06 -0.10095E-03  0.62538E-04 -0.45989E-04
        0.9629  0.00000E+00  0.00000E+00  0.00000E+00 -0.31730E-04  0.00000E+00  0.00000E+00  0.96647E-03  0.90434E-03  0.87765E-03  0.14913E-03  0.14360E-03  0.32945E-03      23  0.88316E-03  0.00000E+00  0.00000E+00  0.21926E-04  0.56724E-04 -0.71494E-06 -0.10098E-03  0.58806E-04 -0.43808E-04
        1.0000  0.00000E+00  0.00000E+00  0.00000E+00 -0.31730E-04  0.00000E+00  0.00000E+00  0.96648E-03  0.90434E-03  0.87594E-03  0.14913E-03  0.14913E-03  0.32645E-03      24  0.88313E-03  0.00000E+00  0.00000E+00  0.22319E-04  0.57552E-04 -0.10757E-05 -0.10101E-03  0.55842E-04 -0.41737E-04
end
