 All solute fluxes and cumulative solute fluxes are positive into the region

       Time         cvTop        cvBot      Sum(cvTop)   Sum(cvBot)     cvCh0        cvCh1         cTop        cRoot         cBot        cvRoot    Sum(cvRoot)  Sum(cvNEql) TLevel      cGWL        cRunOff   Sum(cRunOff)    (cv(i),    Sum(cv(i)), i=1,NObs)
        [T]        [M/L2/T]     [M/L2/T]      [M/L2]       [M/L2]       [M/L2]      [M/L2]        [M/L3]      [M/L3]        [M/L3]      [M/L2/T]      [M/L2]       [M/L2]              [M/L3]        [M/L2]      [M/L3]      [M/L2/T]      [M/L2]
        0.0100  0.00000E+00 -0.33204E-03  0.00000E+00 -0.33204E-05  0.00000E+00  0.00000E+00  0.10364E-02  0.97359E-03  0.88267E-03  0.10301E-04  0.10301E-06 -0.41485E-05       1  0.88322E-03  0.00000E+00  0.00000E+00  0.57412E-04  0.57412E-06 -0.76351E-03 -0.76351E-05 -0.45726E-03 -0.45726E-05
        0.0200  0.00000E+00  0.00000E+00  0.00000E+00 -0.33204E-05  0.00000E+00  0.00000E+00  0.10364E-02  0.97342E-03  0.87924E-03  0.10299E-04  0.20600E-06 -0.46122E-05       2  0.88314E-03  0.00000E+00  0.00000E+00  0.44086E-04  0.10150E-05 -0.73781E-03 -0.15013E-04 -0.44660E-03 -0.90387E-05
        0.0330  0.00000E+00 -0.28604E-04  0.00000E+00 -0.36922E-05  0.00000E+00  0.00000E+00  0.10362E-02  0.97346E-03  0.88176E-03  0.10300E-04  0.33990E-06 -0.30728E-05       3  0.88320E-03  0.00000E+00  0.00000E+00  0.13658E-04  0.11925E-05 -0.70531E-03 -0.24182E-04 -0.43133E-03 -0.14646E-04
        0.0499  0.00000E+00 -0.10747E-03  0.00000E+00 -0.55085E-05  0.00000E+00  0.00000E+00  0.10359E-02  0.97345E-03  0.88145E-03  0.10300E-04  0.51397E-06 -0.38402E-06       4  0.88319E-03  0.00000E+00  0.00000E+00 -0.10498E-04  0.10151E-05 -0.68059E-03 -0.35684E-04 -0.41463E-03 -0.21653E-04
        0.0719  0.00000E+00 -0.20120E-03  0.00000E+00 -0.99289E-05  0.00000E+00  0.00000E+00  0.10355E-02  0.97345E-03  0.88158E-03  0.10300E-04  0.74025E-06  0.49263E-06       5  0.88320E-03  0.00000E+00  0.00000E+00 -0.45077E-04  0.24767E-07 -0.67409E-03 -0.50494E-04 -0.39685E-03 -0.30372E-04
        0.1004  0.00000E+00 -0.27887E-03  0.00000E+00 -0.17894E-04  0.00000E+00  0.00000E+00  0.10349E-02  0.97345E-03  0.88153E-03  0.10300E-04  0.10344E-05 -0.20070E-05       6  0.88319E-03  0.00000E+00  0.00000E+00 -0.10368E-03 -0.29365E-05 -0.71728E-03 -0.70980E-04 -0.38323E-03 -0.41317E-04
        0.1376  0.00000E+00 -0.34142E-03  0.00000E+00 -0.30571E-04  0.00000E+00  0.00000E+00  0.10340E-02  0.97344E-03  0.88157E-03  0.10299E-04  0.14168E-05 -0.14010E-04       7  0.88320E-03  0.00000E+00  0.00000E+00 -0.19596E-03 -0.10212E-04 -0.86141E-03 -0.10296E-03 -0.38385E-03 -0.55570E-04
        0.1858  0.00000E+00 -0.39220E-03  0.00000E+00 -0.49501E-04  0.00000E+00  0.00000E+00  0.10328E-02  0.97343E-03  0.88156E-03  0.10299E-04  0.19139E-05 -0.47128E-04       8  0.88319E-03  0.00000E+00  0.00000E+00 -0.33117E-03 -0.26197E-04 -0.11893E-02 -0.16037E-03 -0.41895E-03 -0.75791E-04
        0.2358  0.00000E+00 -0.42942E-03  0.00000E+00 -0.70972E-04  0.00000E+00  0.00000E+00  0.10314E-02  0.97343E-03  0.88158E-03  0.10298E-04  0.24289E-05 -0.10321E-03       9  0.88320E-03  0.00000E+00  0.00000E+00 -0.47143E-03 -0.49769E-04 -0.16606E-02 -0.24340E-03 -0.49231E-03 -0.10041E-03
        0.2858  0.00000E+00 -0.45369E-03  0.00000E+00 -0.93656E-04  0.00000E+00  0.00000E+00  0.10305E-02  0.97344E-03  0.88157E-03  0.10298E-04  0.29437E-05 -0.17838E-03      10  0.88320E-03  0.00000E+00  0.00000E+00 -0.59252E-03 -0.79395E-04 -0.22182E-02 -0.35431E-03 -0.60062E-03 -0.13044E-03
        0.3358  0.00000E+00 -0.46947E-03  0.00000E+00 -0.11713E-03  0.00000E+00  0.00000E+00  0.10297E-02  0.97345E-03  0.88159E-03  0.10297E-04  0.34586E-05 -0.26740E-03      11  0.88320E-03  0.00000E+00  0.00000E+00 -0.67688E-03 -0.11324E-03 -0.27782E-02 -0.49322E-03 -0.73232E-03 -0.16705E-03
        0.3858  0.00000E+00 -0.48063E-03  0.00000E+00 -0.14116E-03  0.00000E+00  0.00000E+00  0.10291E-02  0.97349E-03  0.88158E-03  0.10296E-04  0.39734E-05 -0.36667E-03      12  0.88320E-03  0.00000E+00  0.00000E+00 -0.74678E-03 -0.15058E-03 -0.33059E-02 -0.65851E-03 -0.87707E-03 -0.21091E-03
        0.4358  0.00000E+00 -0.48999E-03  0.00000E+00 -0.16566E-03  0.00000E+00  0.00000E+00  0.10286E-02  0.97350E-03  0.88159E-03  0.10295E-04  0.44881E-05 -0.47298E-03      13  0.88320E-03  0.00000E+00  0.00000E+00 -0.79089E-03 -0.19012E-03 -0.37624E-02 -0.84663E-03 -0.10234E-02 -0.26207E-03
        0.4858  0.00000E+00 -0.49978E-03  0.00000E+00 -0.19065E-03  0.00000E+00  0.00000E+00  0.10283E-02  0.97353E-03  0.88159E-03  0.10294E-04  0.50028E-05 -0.58175E-03      14  0.88320E-03  0.00000E+00  0.00000E+00 -0.81217E-03 -0.23073E-03 -0.41160E-02 -0.10524E-02 -0.11603E-02 -0.32009E-03
        0.5358  0.00000E+00 -0.51177E-03  0.00000E+00 -0.21624E-03  0.00000E+00  0.00000E+00  0.10282E-02  0.97355E-03  0.88160E-03  0.10293E-04  0.55175E-05 -0.68865E-03      15  0.88320E-03  0.00000E+00  0.00000E+00 -0.80392E-03 -0.27093E-03 -0.43393E-02 -0.12694E-02 -0.12769E-02 -0.38393E-03
        0.5858  0.00000E+00 -0.52717E-03  0.00000E+00 -0.24260E-03  0.00000E+00  0.00000E+00  0.10284E-02  0.97356E-03  0.88160E-03  0.10293E-04  0.60321E-05 -0.78914E-03      16  0.88320E-03  0.00000E+00  0.00000E+00 -0.77089E-03 -0.30947E-03 -0.44185E-02 -0.14903E-02 -0.13646E-02 -0.45216E-03
        0.6358  0.00000E+00 -0.54686E-03  0.00000E+00 -0.26994E-03  0.00000E+00  0.00000E+00  0.10287E-02  0.97357E-03  0.88161E-03  0.10293E-04  0.65468E-05 -0.87957E-03      17  0.88320E-03  0.00000E+00  0.00000E+00 -0.71170E-03 -0.34506E-03 -0.43531E-02 -0.17080E-02 -0.14135E-02 -0.52284E-03
        0.6858  0.00000E+00 -0.57107E-03  0.00000E+00 -0.29849E-03  0.00000E+00  0.00000E+00  0.10292E-02  0.97357E-03  0.88161E-03  0.10293E-04  0.70614E-05 -0.95706E-03      18  0.88320E-03  0.00000E+00  0.00000E+00 -0.63320E-03 -0.37672E-03 -0.41539E-02 -0.19157E-02 -0.14171E-02 -0.59369E-03
        0.7358  0.00000E+00 -0.59953E-03  0.00000E+00 -0.32847E-03  0.00000E+00  0.00000E+00  0.10298E-02  0.97357E-03  0.88162E-03  0.10293E-04  0.75761E-05 -0.10202E-02      19  0.88320E-03  0.00000E+00  0.00000E+00 -0.53907E-03 -0.40367E-03 -0.38401E-02 -0.21077E-02 -0.13821E-02 -0.66280E-03
        0.7858  0.00000E+00 -0.63164E-03  0.00000E+00 -0.36005E-03  0.00000E+00  0.00000E+00  0.10309E-02  0.97356E-03  0.88162E-03  0.10293E-04  0.80907E-05 -0.10630E-02      20  0.88320E-03  0.00000E+00  0.00000E+00 -0.39888E-03 -0.42361E-03 -0.33588E-02 -0.22756E-02 -0.13002E-02 -0.72781E-03
        0.8358  0.00000E+00 -0.66610E-03  0.00000E+00 -0.39336E-03  0.00000E+00  0.00000E+00  0.10319E-02  0.97356E-03  0.88163E-03  0.10294E-04  0.86054E-05 -0.10854E-02      21  0.88320E-03  0.00000E+00  0.00000E+00 -0.25623E-03 -0.43642E-03 -0.27958E-02 -0.24154E-02 -0.11808E-02 -0.78685E-03
        0.8858  0.00000E+00 -0.70128E-03  0.00000E+00 -0.42842E-03  0.00000E+00  0.00000E+00  0.10329E-02  0.97353E-03  0.88164E-03  0.10294E-04  0.91201E-05 -0.10919E-02      22  0.88320E-03  0.00000E+00  0.00000E+00 -0.12662E-03 -0.44276E-03 -0.22295E-02 -0.25269E-02 -0.10397E-02 -0.83884E-03
        0.9358  0.00000E+00 -0.73534E-03  0.00000E+00 -0.46519E-03  0.00000E+00  0.00000E+00  0.10337E-02  0.97352E-03  0.88164E-03  0.10295E-04  0.96348E-05 -0.10872E-02      23  0.88320E-03  0.00000E+00  0.00000E+00 -0.27912E-04 -0.44415E-03 -0.17299E-02 -0.26134E-02 -0.89626E-03 -0.88365E-03
        0.9679  0.00000E+00 -0.76195E-03  0.00000E+00 -0.48964E-03  0.00000E+00  0.00000E+00  0.10340E-02  0.97350E-03  0.88165E-03  0.10295E-04  0.99652E-05 -0.10819E-02      24  0.88320E-03  0.00000E+00  0.00000E+00  0.17575E-04 -0.44359E-03 -0.14570E-02 -0.26601E-02 -0.80744E-03 -0.90956E-03
        1.0000  0.00000E+00 -0.78115E-03  0.00000E+00 -0.51470E-03  0.00000E+00  0.00000E+00  0.10343E-02  0.97349E-03  0.88165E-03  0.10296E-04  0.10296E-04 -0.10761E-02      25  0.88320E-03  0.00000E+00  0.00000E+00  0.64027E-04 -0.44153E-03 -0.12453E-02 -0.27001E-02 -0.72920E-03 -0.93295E-03
end
