 ******* Program HYDRUS
 ******* 
 Welcome to HYDRUS-1D                                                    
 Date:  28. 2.2022    Time:   2:43: 7
 Units: L = cm   , T = days , M = mg   

----------------------------------------------------------
 Time       [T]        0.0000
----------------------------------------------------------
 Sub-region num.                     1
----------------------------------------------------------
 Length   [L]        0.30000E+03  0.30000E+03
 W-volume [L]        0.11139E+03  0.11139E+03
 In-flow  [L/T]      0.00000E+00  0.00000E+00
 h Mean   [L]        0.00000E+00  0.00000E+00
 ConcVol  [M/L2] 1   0.64925E+00  0.64925E+00
 cMean    [M/L3] 1   0.58286E-02  0.58286E-02
 SorbVolIm[M/L2] 1   0.30423E+02  0.30423E+02
 sMeanIm  [-]    1   0.69939E-01  0.69939E-01
 Top Flux [L/T]     -0.43462E+02
 Bot Flux [L/T]     -0.43462E+02
----------------------------------------------------------

----------------------------------------------------------
 Time       [T]        1.0000
----------------------------------------------------------
 Sub-region num.                     1
----------------------------------------------------------
 Length   [L]        0.30000E+03  0.30000E+03
 W-volume [L]        0.10612E+03  0.10612E+03
 In-flow  [L/T]     -0.64872E+01 -0.64872E+01
 h Mean   [L]       -0.39296E+02 -0.39296E+02
 ConcVol  [M/L2] 1   0.61720E+00  0.61720E+00
 cMean    [M/L3] 1   0.58233E-02  0.58233E-02
 SorbVolIm[M/L2] 1   0.30397E+02  0.30397E+02
 sMeanIm  [-]    1   0.69879E-01  0.69879E-01
 Top Flux [L/T]      0.63894E-02
 Bot Flux [L/T]     -0.63553E+01
 WatBalT  [L]        0.42915E-04
 WatBalR  [%]              0.000
 CncBalT  [M]    1  -0.76294E-05
 CncBalR  [%]    1         0.013
----------------------------------------------------------
 
 Calculation time [sec]  2.999997138977051E-002
