 ******* Program HYDRUS
 ******* 
 Welcome to HYDRUS-1D                                                    
 Date:  28. 2.2022    Time:   2:43: 7
 Units: L = cm   , T = days , M = mg   

       Time          rTop        rRoot        vTop         vRoot        vBot       sum(rTop)   sum(rRoot)    sum(vTop)   sum(vRoot)    sum(vBot)      hTop         hRoot        hBot        RunOff    sum(RunOff)     Volume     sum(Infil)    sum(Evap) TLevel Cum(WTrans)  SnowLayer
        [T]         [L/T]        [L/T]        [L/T]        [L/T]        [L/T]         [L]          [L]          [L]         [L]           [L]         [L]           [L]         [L]          [L/T]         [L]          [L]          [L]          [L]

       0.0100  0.10619E+00  0.15941E-01  0.10620E+00  0.15940E-01 -0.27581E+02  0.10619E-02  0.15941E-03  0.10620E-02  0.15940E-03 -0.27581E+00 -0.33507E+02 -0.16584E+02  0.65000E+02  0.00000E+00  0.00000E+00  0.11111E+03  0.98664E-04  0.11606E-02      1  0.00000E+00      0.000
       0.0170  0.87563E-01  0.15941E-01  0.87565E-01  0.15940E-01 -0.25997E+02  0.16749E-02  0.27099E-03  0.16749E-02  0.27098E-03 -0.45779E+00 -0.42196E+02 -0.22644E+02  0.65000E+02  0.00000E+00  0.00000E+00  0.11093E+03  0.29814E-03  0.19731E-02      2  0.00000E+00      0.000
       0.0240  0.59318E-01  0.15941E-01  0.59315E-01  0.15940E-01 -0.24689E+02  0.20901E-02  0.38257E-03  0.20901E-02  0.38256E-03 -0.63062E+00 -0.48620E+02 -0.27715E+02  0.65000E+02  0.00000E+00  0.00000E+00  0.11076E+03  0.69532E-03  0.27855E-02      3  0.00000E+00      0.000
       0.0331  0.83162E-02  0.15941E-01  0.83127E-02  0.15939E-01 -0.23190E+02  0.21658E-02  0.52763E-03  0.21658E-02  0.52761E-03 -0.84164E+00 -0.54678E+02 -0.32873E+02  0.65000E+02  0.00000E+00  0.00000E+00  0.11055E+03  0.16758E-02  0.38416E-02      4  0.00000E+00      0.000
       0.0449 -0.81859E-01  0.15941E-01 -0.81864E-01  0.15938E-01 -0.21508E+02  0.11974E-02  0.71621E-03  0.11973E-02  0.71615E-03 -0.10961E+01 -0.61080E+02 -0.38508E+02  0.65000E+02  0.00000E+00  0.00000E+00  0.11029E+03  0.40172E-02  0.52145E-02      5  0.00000E+00      0.000
       0.0603 -0.23864E+00  0.15941E-01 -0.23865E+00  0.15937E-01 -0.19757E+02 -0.24727E-02  0.96136E-03 -0.24729E-02  0.96125E-03 -0.13999E+01 -0.67406E+02 -0.44401E+02  0.65000E+02  0.00000E+00  0.00000E+00  0.10999E+03  0.94723E-02  0.69994E-02      6  0.00000E+00      0.000
       0.0803 -0.50698E+00  0.15941E-01 -0.50697E+00  0.15935E-01 -0.17922E+02 -0.12609E-01  0.12801E-02 -0.12609E-01  0.12798E-02 -0.17582E+01 -0.73687E+02 -0.50612E+02  0.65000E+02  0.00000E+00  0.00000E+00  0.10964E+03  0.21928E-01  0.93198E-02      7  0.00000E+00      0.000
       0.1063 -0.95818E+00  0.15941E-01 -0.95818E+00  0.15933E-01 -0.16055E+02 -0.37512E-01  0.16944E-02 -0.37512E-01  0.16940E-02 -0.21755E+01 -0.79435E+02 -0.56956E+02  0.65000E+02  0.00000E+00  0.00000E+00  0.10925E+03  0.49849E-01  0.12336E-01      8  0.00000E+00      0.000
       0.1401 -0.16988E+01  0.15941E-01 -0.16987E+01  0.15931E-01 -0.14212E+02 -0.94909E-01  0.22330E-02 -0.94909E-01  0.22322E-02 -0.26557E+01 -0.83893E+02 -0.63123E+02  0.65000E+02  0.00000E+00  0.00000E+00  0.10883E+03  0.11117E+00  0.16258E-01      9  0.00000E+00      0.000
       0.1840 -0.28695E+01  0.15941E-01 -0.28695E+01  0.15929E-01 -0.12426E+02 -0.22095E+00  0.29331E-02 -0.22095E+00  0.29319E-02 -0.32015E+01 -0.85760E+02 -0.68411E+02  0.65000E+02  0.00000E+00  0.00000E+00  0.10841E+03  0.24231E+00  0.21355E-01     10  0.00000E+00      0.000
       0.2340 -0.43823E+01  0.15941E-01 -0.43823E+01  0.15928E-01 -0.10957E+02 -0.44006E+00  0.37302E-02 -0.44006E+00  0.37283E-02 -0.37493E+01 -0.84182E+02 -0.71608E+02  0.65000E+02  0.00000E+00  0.00000E+00  0.10808E+03  0.46722E+00  0.27158E-01     11  0.00000E+00      0.000
       0.2840 -0.57782E+01  0.38728E-01 -0.57782E+01  0.38696E-01 -0.98763E+01 -0.72897E+00  0.56666E-02 -0.72897E+00  0.56631E-02 -0.42432E+01 -0.80753E+02 -0.72675E+02  0.65000E+02  0.00000E+00  0.00000E+00  0.10787E+03  0.77023E+00  0.41257E-01     12  0.00000E+00      0.000
       0.3340 -0.68484E+01  0.91992E-01 -0.68485E+01  0.91920E-01 -0.90660E+01 -0.10714E+01  0.10266E-01 -0.10714E+01  0.10259E-01 -0.46965E+01 -0.76968E+02 -0.72336E+02  0.65000E+02  0.00000E+00  0.00000E+00  0.10776E+03  0.11461E+01  0.74745E-01     13  0.00000E+00      0.000
       0.3840 -0.77378E+01  0.13625E+00 -0.77378E+01  0.13615E+00 -0.84840E+01 -0.14583E+01  0.17079E-01 -0.14583E+01  0.17067E-01 -0.51207E+01 -0.73324E+02 -0.71083E+02  0.65000E+02  0.00000E+00  0.00000E+00  0.10772E+03  0.15826E+01  0.12435E+00     14  0.00000E+00      0.000
       0.4340 -0.83591E+01  0.16717E+00 -0.83591E+01  0.16706E+00 -0.80867E+01 -0.18762E+01  0.25437E-01 -0.18762E+01  0.25420E-01 -0.55250E+01 -0.70287E+02 -0.69454E+02  0.65000E+02  0.00000E+00  0.00000E+00  0.10772E+03  0.20614E+01  0.18520E+00     15  0.00000E+00      0.000
       0.4840 -0.86516E+01  0.18173E+00 -0.86516E+01  0.18162E+00 -0.78401E+01 -0.23088E+01  0.34524E-01 -0.23088E+01  0.34501E-01 -0.59170E+01 -0.68176E+02 -0.67901E+02  0.65000E+02  0.00000E+00  0.00000E+00  0.10776E+03  0.25602E+01  0.25136E+00     16  0.00000E+00      0.000
       0.5340 -0.85867E+01  0.17850E+00 -0.85867E+01  0.17839E+00 -0.77084E+01 -0.27382E+01  0.43449E-01 -0.27382E+01  0.43420E-01 -0.63024E+01 -0.67274E+02 -0.66809E+02  0.65000E+02  0.00000E+00  0.00000E+00  0.10779E+03  0.30545E+01  0.31634E+00     17  0.00000E+00      0.000
       0.5840 -0.81707E+01  0.15780E+00 -0.81707E+01  0.15770E+00 -0.76570E+01 -0.31467E+01  0.51339E-01 -0.31467E+01  0.51305E-01 -0.66853E+01 -0.67754E+02 -0.66463E+02  0.65000E+02  0.00000E+00  0.00000E+00  0.10781E+03  0.35205E+01  0.37378E+00     18  0.00000E+00      0.000
       0.6340 -0.74443E+01  0.12165E+00 -0.74443E+01  0.12157E+00 -0.76469E+01 -0.35189E+01  0.57421E-01 -0.35189E+01  0.57384E-01 -0.70676E+01 -0.69692E+02 -0.67043E+02  0.65000E+02  0.00000E+00  0.00000E+00  0.10779E+03  0.39370E+01  0.41807E+00     19  0.00000E+00      0.000
       0.6840 -0.64786E+01  0.73588E-01 -0.64787E+01  0.73540E-01 -0.76396E+01 -0.38428E+01  0.61100E-01 -0.38428E+01  0.61061E-01 -0.74496E+01 -0.73050E+02 -0.68621E+02  0.65000E+02  0.00000E+00  0.00000E+00  0.10773E+03  0.42877E+01  0.44486E+00     20  0.00000E+00      0.000
       0.7340 -0.53683E+01  0.18327E-01 -0.53682E+01  0.18313E-01 -0.76013E+01 -0.41112E+01  0.62017E-01 -0.41113E+01  0.61977E-01 -0.78297E+01 -0.77726E+02 -0.71161E+02  0.65000E+02  0.00000E+00  0.00000E+00  0.10761E+03  0.45628E+01  0.45153E+00     21  0.00000E+00      0.000
       0.7840 -0.38238E+01  0.15941E-01 -0.38238E+01  0.15926E-01 -0.75066E+01 -0.43024E+01  0.62814E-01 -0.43024E+01  0.62773E-01 -0.82050E+01 -0.85093E+02 -0.75000E+02  0.65000E+02  0.00000E+00  0.00000E+00  0.10742E+03  0.47598E+01  0.45733E+00     22  0.00000E+00      0.000
       0.8340 -0.23657E+01  0.15941E-01 -0.23657E+01  0.15923E-01 -0.73397E+01 -0.44207E+01  0.63611E-01 -0.44207E+01  0.63569E-01 -0.85720E+01 -0.93964E+02 -0.79878E+02  0.65000E+02  0.00000E+00  0.00000E+00  0.10718E+03  0.48839E+01  0.46313E+00     23  0.00000E+00      0.000
       0.8840 -0.11542E+01  0.15941E-01 -0.11542E+01  0.15919E-01 -0.70970E+01 -0.44784E+01  0.64408E-01 -0.44784E+01  0.64365E-01 -0.89268E+01 -0.10384E+03 -0.85509E+02  0.65000E+02  0.00000E+00  0.00000E+00  0.10688E+03  0.49474E+01  0.46894E+00     24  0.00000E+00      0.000
       0.9340 -0.30769E+00  0.15941E-01 -0.30769E+00  0.15913E-01 -0.67986E+01 -0.44938E+01  0.65205E-01 -0.44938E+01  0.65161E-01 -0.92668E+01 -0.11376E+03 -0.91448E+02  0.65000E+02  0.00000E+00  0.00000E+00  0.10655E+03  0.49686E+01  0.47474E+00     25  0.00000E+00      0.000
       0.9670  0.89764E-02  0.15941E-01  0.89783E-02  0.15910E-01 -0.65847E+01 -0.44935E+01  0.65731E-01 -0.44935E+01  0.65686E-01 -0.94840E+01 -0.11977E+03 -0.95331E+02  0.65000E+02  0.00000E+00  0.00000E+00  0.10633E+03  0.49721E+01  0.47857E+00     26  0.00000E+00      0.000
       1.0000  0.11606E+00  0.15941E-01  0.11606E+00  0.15906E-01 -0.63553E+01 -0.44897E+01  0.66257E-01 -0.44897E+01  0.66211E-01 -0.96937E+01 -0.12492E+03 -0.99057E+02  0.65000E+02  0.00000E+00  0.00000E+00  0.10612E+03  0.49721E+01  0.48240E+00     27  0.00000E+00      0.000
end
