 ******* Program HYDRUS
 ******* 
 Welcome to HYDRUS-1D                                                    
 Date:  29. 3.2022    Time:  17:26:52
 Units: L = cm   , T = days , M = mg   

----------------------------------------------------------
 Time       [T]        0.0000
----------------------------------------------------------
 Sub-region num.                     1
----------------------------------------------------------
 Length   [L]        0.30000E+03  0.30000E+03
 W-volume [L]        0.10103E+03  0.10103E+03
 In-flow  [L/T]      0.00000E+00  0.00000E+00
 h Mean   [L]       -0.74797E+02 -0.74797E+02
 ConcVol  [M/L2] 1   0.89165E-01  0.89165E-01
 cMean    [M/L3] 1   0.88242E-03  0.88242E-03
 SorbVolIm[M/L2] 1   0.46063E+02  0.46063E+02
 sMeanIm  [-]    1   0.10589E+00  0.10589E+00
 Top Flux [L/T]      0.18465E-01
 Bot Flux [L/T]      0.72396E-01
----------------------------------------------------------

----------------------------------------------------------
 Time       [T]        1.0000
----------------------------------------------------------
 Sub-region num.                     1
----------------------------------------------------------
 Length   [L]        0.30000E+03  0.30000E+03
 W-volume [L]        0.10070E+03  0.10070E+03
 In-flow  [L/T]      0.12231E+00  0.12231E+00
 h Mean   [L]       -0.77263E+02 -0.77263E+02
 ConcVol  [M/L2] 1   0.88880E-01  0.88880E-01
 cMean    [M/L3] 1   0.88244E-03  0.88244E-03
 SorbVolIm[M/L2] 1   0.46064E+02  0.46064E+02
 sMeanIm  [-]    1   0.10589E+00  0.10589E+00
 Top Flux [L/T]      0.32703E-01
 Bot Flux [L/T]      0.23543E+00
 WatBalT  [L]       -0.88884E-01
 WatBalR  [%]             14.749
 CncBalT  [M]    1   0.95367E-04
 CncBalR  [%]    1        32.514
----------------------------------------------------------
 
 Calculation time [sec]  9.999990463256836E-003
