 All solute fluxes and cumulative solute fluxes are positive into the region

       Time         cvTop        cvBot      Sum(cvTop)   Sum(cvBot)     cvCh0        cvCh1         cTop        cRoot         cBot        cvRoot    Sum(cvRoot)  Sum(cvNEql) TLevel      cGWL        cRunOff   Sum(cRunOff)    (cv(i),    Sum(cv(i)), i=1,NObs)
        [T]        [M/L2/T]     [M/L2/T]      [M/L2]       [M/L2]       [M/L2]      [M/L2]        [M/L3]      [M/L3]        [M/L3]      [M/L2/T]      [M/L2]       [M/L2]              [M/L3]        [M/L2]      [M/L3]      [M/L2/T]      [M/L2]
        0.0100  0.00000E+00 -0.12635E-01  0.00000E+00 -0.12635E-03  0.00000E+00  0.00000E+00  0.28551E-02  0.26602E-02  0.25162E-02  0.43007E-04  0.43007E-06  0.29161E-04       1  0.25264E-02  0.00000E+00  0.00000E+00  0.17132E-03  0.17132E-05 -0.55085E-02 -0.55085E-04 -0.61351E-02 -0.61351E-04
        0.0200  0.00000E+00 -0.12995E-01  0.00000E+00 -0.25630E-03  0.00000E+00  0.00000E+00  0.28568E-02  0.26602E-02  0.25164E-02  0.43009E-04  0.86016E-06  0.49007E-04       2  0.25264E-02  0.00000E+00  0.00000E+00  0.15103E-03  0.32235E-05 -0.52299E-02 -0.10738E-03 -0.58858E-02 -0.12021E-03
        0.0330  0.00000E+00 -0.12784E-01  0.00000E+00 -0.42249E-03  0.00000E+00  0.00000E+00  0.28574E-02  0.26602E-02  0.25164E-02  0.43009E-04  0.14193E-05  0.66626E-04       3  0.25263E-02  0.00000E+00  0.00000E+00  0.10982E-03  0.46512E-05 -0.48971E-02 -0.17105E-03 -0.55770E-02 -0.19271E-03
        0.0499  0.00000E+00 -0.12562E-01  0.00000E+00 -0.63478E-03  0.00000E+00  0.00000E+00  0.28566E-02  0.26601E-02  0.25164E-02  0.43009E-04  0.21461E-05  0.83447E-04       4  0.25263E-02  0.00000E+00  0.00000E+00  0.29696E-04  0.51531E-05 -0.45682E-02 -0.24825E-03 -0.52387E-02 -0.28124E-03
        0.0719  0.00000E+00 -0.12307E-01  0.00000E+00 -0.90516E-03  0.00000E+00  0.00000E+00  0.28542E-02  0.26601E-02  0.25164E-02  0.43009E-04  0.30910E-05  0.99916E-04       5  0.25263E-02  0.00000E+00  0.00000E+00 -0.49702E-04  0.40611E-05 -0.42459E-02 -0.34153E-03 -0.48719E-02 -0.38828E-03
        0.1004  0.00000E+00 -0.11972E-01  0.00000E+00 -0.12471E-02  0.00000E+00  0.00000E+00  0.28499E-02  0.26600E-02  0.25164E-02  0.43009E-04  0.43194E-05  0.11322E-03       6  0.25263E-02  0.00000E+00  0.00000E+00 -0.18073E-03 -0.11007E-05 -0.39775E-02 -0.45513E-03 -0.45025E-02 -0.51688E-03
        0.1376  0.00000E+00 -0.11530E-01  0.00000E+00 -0.16752E-02  0.00000E+00  0.00000E+00  0.28429E-02  0.26599E-02  0.25163E-02  0.43008E-04  0.59163E-05  0.11478E-03       7  0.25263E-02  0.00000E+00  0.00000E+00 -0.38004E-03 -0.15211E-04 -0.38204E-02 -0.59698E-03 -0.41601E-02 -0.67134E-03
        0.1858  0.00000E+00 -0.10953E-01  0.00000E+00 -0.22039E-02  0.00000E+00  0.00000E+00  0.28326E-02  0.26599E-02  0.25163E-02  0.43008E-04  0.79922E-05  0.85684E-04       8  0.25263E-02  0.00000E+00  0.00000E+00 -0.65037E-03 -0.46604E-04 -0.38810E-02 -0.78431E-03 -0.38957E-02 -0.85938E-03
        0.2358  0.00000E+00 -0.10304E-01  0.00000E+00 -0.27191E-02  0.00000E+00  0.00000E+00  0.28225E-02  0.26598E-02  0.25162E-02  0.43007E-04  0.10143E-04  0.19806E-04       9  0.25263E-02  0.00000E+00  0.00000E+00 -0.91337E-03 -0.92272E-04 -0.41494E-02 -0.99178E-03 -0.37697E-02 -0.10479E-02
        0.2858  0.00000E+00 -0.96768E-02  0.00000E+00 -0.32029E-02  0.00000E+00  0.00000E+00  0.28152E-02  0.26598E-02  0.25161E-02  0.43007E-04  0.12293E-04 -0.73552E-04      10  0.25263E-02  0.00000E+00  0.00000E+00 -0.10833E-02 -0.14644E-03 -0.44609E-02 -0.12148E-02 -0.37353E-02 -0.12346E-02
        0.3358  0.00000E+00 -0.90899E-02  0.00000E+00 -0.36574E-02  0.00000E+00  0.00000E+00  0.28114E-02  0.26599E-02  0.25161E-02  0.43008E-04  0.14443E-04 -0.17899E-03      11  0.25262E-02  0.00000E+00  0.00000E+00 -0.11650E-02 -0.20469E-03 -0.46865E-02 -0.14491E-02 -0.37113E-02 -0.14202E-02
        0.3858  0.00000E+00 -0.85505E-02  0.00000E+00 -0.40849E-02  0.00000E+00  0.00000E+00  0.28085E-02  0.26601E-02  0.25160E-02  0.43010E-04  0.16594E-04 -0.28461E-03      12  0.25262E-02  0.00000E+00  0.00000E+00 -0.12333E-02 -0.26636E-03 -0.48394E-02 -0.16911E-02 -0.36647E-02 -0.16034E-02
        0.4358  0.00000E+00 -0.80628E-02  0.00000E+00 -0.44881E-02  0.00000E+00  0.00000E+00  0.28061E-02  0.26603E-02  0.25160E-02  0.43012E-04  0.18744E-04 -0.38841E-03      13  0.25262E-02  0.00000E+00  0.00000E+00 -0.12737E-02 -0.33004E-03 -0.49276E-02 -0.19375E-02 -0.36070E-02 -0.17838E-02
        0.4858  0.00000E+00 -0.76230E-02  0.00000E+00 -0.48692E-02  0.00000E+00  0.00000E+00  0.28047E-02  0.26605E-02  0.25159E-02  0.43014E-04  0.20895E-04 -0.48931E-03      14  0.25262E-02  0.00000E+00  0.00000E+00 -0.12881E-02 -0.39445E-03 -0.49551E-02 -0.21852E-02 -0.35423E-02 -0.19609E-02
        0.5358  0.00000E+00 -0.72269E-02  0.00000E+00 -0.52306E-02  0.00000E+00  0.00000E+00  0.28041E-02  0.26607E-02  0.25159E-02  0.43016E-04  0.23046E-04 -0.58612E-03      15  0.25262E-02  0.00000E+00  0.00000E+00 -0.12731E-02 -0.45810E-03 -0.49204E-02 -0.24313E-02 -0.34712E-02 -0.21344E-02
        0.5858  0.00000E+00 -0.68683E-02  0.00000E+00 -0.55740E-02  0.00000E+00  0.00000E+00  0.28043E-02  0.26608E-02  0.25159E-02  0.43017E-04  0.25197E-04 -0.67823E-03      16  0.25262E-02  0.00000E+00  0.00000E+00 -0.12306E-02 -0.51963E-03 -0.48249E-02 -0.26725E-02 -0.33938E-02 -0.23041E-02
        0.6358  0.00000E+00 -0.65429E-02  0.00000E+00 -0.59011E-02  0.00000E+00  0.00000E+00  0.28054E-02  0.26608E-02  0.25158E-02  0.43017E-04  0.27348E-04 -0.76532E-03      17  0.25262E-02  0.00000E+00  0.00000E+00 -0.11629E-02 -0.57778E-03 -0.46737E-02 -0.29062E-02 -0.33120E-02 -0.24697E-02
        0.6858  0.00000E+00 -0.62465E-02  0.00000E+00 -0.62135E-02  0.00000E+00  0.00000E+00  0.28072E-02  0.26607E-02  0.25158E-02  0.43017E-04  0.29499E-04 -0.84758E-03      18  0.25262E-02  0.00000E+00  0.00000E+00 -0.10747E-02 -0.63151E-03 -0.44766E-02 -0.31300E-02 -0.32265E-02 -0.26311E-02
        0.7358  0.00000E+00 -0.59754E-02  0.00000E+00 -0.65122E-02  0.00000E+00  0.00000E+00  0.28093E-02  0.26606E-02  0.25158E-02  0.43015E-04  0.31649E-04 -0.92571E-03      19  0.25262E-02  0.00000E+00  0.00000E+00 -0.97064E-03 -0.68005E-03 -0.42462E-02 -0.33423E-02 -0.31396E-02 -0.27880E-02
        0.7858  0.00000E+00 -0.57260E-02  0.00000E+00 -0.67985E-02  0.00000E+00  0.00000E+00  0.28158E-02  0.26605E-02  0.25158E-02  0.43014E-04  0.33800E-04 -0.98716E-03      20  0.25262E-02  0.00000E+00  0.00000E+00 -0.71410E-03 -0.71575E-03 -0.38188E-02 -0.35333E-02 -0.30057E-02 -0.29383E-02
        0.8358  0.00000E+00 -0.54946E-02  0.00000E+00 -0.70733E-02  0.00000E+00  0.00000E+00  0.28240E-02  0.26604E-02  0.25158E-02  0.43013E-04  0.35951E-04 -0.10183E-02      21  0.25261E-02  0.00000E+00  0.00000E+00 -0.45661E-03 -0.73858E-03 -0.32792E-02 -0.36972E-02 -0.27871E-02 -0.30777E-02
        0.8858  0.00000E+00 -0.52788E-02  0.00000E+00 -0.73372E-02  0.00000E+00  0.00000E+00  0.28317E-02  0.26604E-02  0.25157E-02  0.43013E-04  0.38101E-04 -0.10230E-02      22  0.25261E-02  0.00000E+00  0.00000E+00 -0.20810E-03 -0.74899E-03 -0.27113E-02 -0.38328E-02 -0.25260E-02 -0.32040E-02
        0.9358  0.00000E+00 -0.50750E-02  0.00000E+00 -0.75909E-02  0.00000E+00  0.00000E+00  0.28388E-02  0.26603E-02  0.25157E-02  0.43012E-04  0.40252E-04 -0.10095E-02      23  0.25261E-02  0.00000E+00  0.00000E+00 -0.10493E-04 -0.74951E-03 -0.21996E-02 -0.39428E-02 -0.22550E-02 -0.33167E-02
        0.9679  0.00000E+00 -0.49127E-02  0.00000E+00 -0.77486E-02  0.00000E+00  0.00000E+00  0.28426E-02  0.26602E-02  0.25157E-02  0.43012E-04  0.41632E-04 -0.99521E-03      24  0.25261E-02  0.00000E+00  0.00000E+00  0.11880E-03 -0.74570E-03 -0.19155E-02 -0.40042E-02 -0.20879E-02 -0.33837E-02
        1.0000  0.00000E+00 -0.47889E-02  0.00000E+00 -0.79022E-02  0.00000E+00  0.00000E+00  0.28453E-02  0.26602E-02  0.25157E-02  0.43012E-04  0.43012E-04 -0.97960E-03      25  0.25261E-02  0.00000E+00  0.00000E+00  0.17723E-03 -0.74001E-03 -0.16922E-02 -0.40585E-02 -0.19346E-02 -0.34458E-02
end
