 All solute fluxes and cumulative solute fluxes are positive into the region

       Time         cvTop        cvBot      Sum(cvTop)   Sum(cvBot)     cvCh0        cvCh1         cTop        cRoot         cBot        cvRoot    Sum(cvRoot)  Sum(cvNEql) TLevel      cGWL        cRunOff   Sum(cRunOff)    (cv(i),    Sum(cv(i)), i=1,NObs)
        [T]        [M/L2/T]     [M/L2/T]      [M/L2]       [M/L2]       [M/L2]      [M/L2]        [M/L3]      [M/L3]        [M/L3]      [M/L2/T]      [M/L2]       [M/L2]              [M/L3]        [M/L2]      [M/L3]      [M/L2/T]      [M/L2]
        0.0100  0.00000E+00 -0.36404E-03  0.00000E+00 -0.36404E-05  0.00000E+00  0.00000E+00  0.85038E-03  0.88308E-03  0.88182E-03  0.70890E-04  0.70890E-06 -0.77130E-05       1  0.88319E-03  0.00000E+00  0.00000E+00  0.27119E-04  0.27119E-06 -0.40621E-04 -0.40621E-06 -0.10213E-03 -0.10213E-05
        0.0200  0.00000E+00  0.00000E+00  0.00000E+00 -0.36404E-05  0.00000E+00  0.00000E+00  0.85029E-03  0.88312E-03  0.87738E-03  0.70892E-04  0.14178E-05 -0.10950E-04       2  0.88310E-03  0.00000E+00  0.00000E+00  0.26626E-04  0.53745E-06 -0.41367E-04 -0.81988E-06 -0.10334E-03 -0.20547E-05
        0.0330  0.00000E+00  0.00000E+00  0.00000E+00 -0.36404E-05  0.00000E+00  0.00000E+00  0.85029E-03  0.88311E-03  0.87949E-03  0.70892E-04  0.23394E-05 -0.13009E-04       3  0.88316E-03  0.00000E+00  0.00000E+00  0.25377E-04  0.86735E-06 -0.42726E-04 -0.13753E-05 -0.10489E-03 -0.34183E-05
        0.0499  0.00000E+00 -0.22121E-04  0.00000E+00 -0.40143E-05  0.00000E+00  0.00000E+00  0.85025E-03  0.88311E-03  0.88164E-03  0.70892E-04  0.35375E-05 -0.11950E-04       4  0.88319E-03  0.00000E+00  0.00000E+00  0.22841E-04  0.12534E-05 -0.44279E-04 -0.21236E-05 -0.10650E-03 -0.52181E-05
        0.0719  0.00000E+00 -0.93683E-04  0.00000E+00 -0.60725E-05  0.00000E+00  0.00000E+00  0.85021E-03  0.88311E-03  0.88147E-03  0.70892E-04  0.50950E-05 -0.94667E-05       5  0.88318E-03  0.00000E+00  0.00000E+00  0.18050E-04  0.16499E-05 -0.46450E-04 -0.31441E-05 -0.10816E-03 -0.75943E-05
        0.1004  0.00000E+00 -0.17879E-03  0.00000E+00 -0.11179E-04  0.00000E+00  0.00000E+00  0.85015E-03  0.88311E-03  0.88156E-03  0.70892E-04  0.71197E-05 -0.71817E-05       6  0.88318E-03  0.00000E+00  0.00000E+00  0.94221E-05  0.19190E-05 -0.49406E-04 -0.45552E-05 -0.10973E-03 -0.10728E-04
        0.1376  0.00000E+00 -0.24089E-03  0.00000E+00 -0.20123E-04  0.00000E+00  0.00000E+00  0.85008E-03  0.88311E-03  0.88153E-03  0.70892E-04  0.97519E-05 -0.47340E-05       7  0.88318E-03  0.00000E+00  0.00000E+00  0.23968E-05  0.20080E-05 -0.53837E-04 -0.65542E-05 -0.11121E-03 -0.14858E-04
        0.1858  0.00000E+00 -0.28474E-03  0.00000E+00 -0.33867E-04  0.00000E+00  0.00000E+00  0.85002E-03  0.88311E-03  0.88156E-03  0.70892E-04  0.13174E-04 -0.28608E-05       8  0.88318E-03  0.00000E+00  0.00000E+00 -0.38969E-05  0.18199E-05 -0.60750E-04 -0.94864E-05 -0.11269E-03 -0.20297E-04
        0.2358  0.00000E+00 -0.31119E-03  0.00000E+00 -0.49426E-04  0.00000E+00  0.00000E+00  0.84995E-03  0.88311E-03  0.88155E-03  0.70892E-04  0.16718E-04 -0.22806E-05       9  0.88318E-03  0.00000E+00  0.00000E+00 -0.11247E-04  0.12575E-05 -0.69151E-04 -0.12944E-04 -0.11432E-03 -0.26013E-04
        0.2858  0.00000E+00 -0.32372E-03  0.00000E+00 -0.65612E-04  0.00000E+00  0.00000E+00  0.84997E-03  0.88311E-03  0.88156E-03  0.70891E-04  0.20263E-04 -0.20586E-05      10  0.88318E-03  0.00000E+00  0.00000E+00 -0.98527E-05  0.76491E-06 -0.73722E-04 -0.16630E-04 -0.11461E-03 -0.31743E-04
        0.3358  0.00000E+00 -0.32749E-03  0.00000E+00 -0.81987E-04  0.00000E+00  0.00000E+00  0.85011E-03  0.88311E-03  0.88156E-03  0.70892E-04  0.23807E-04  0.25759E-05      11  0.88318E-03  0.00000E+00  0.00000E+00  0.23057E-05  0.88020E-06 -0.68925E-04 -0.20076E-04 -0.10660E-03 -0.37073E-04
        0.3858  0.00000E+00 -0.32603E-03  0.00000E+00 -0.98288E-04  0.00000E+00  0.00000E+00  0.85033E-03  0.88313E-03  0.88156E-03  0.70893E-04  0.27352E-04  0.15640E-04      12  0.88318E-03  0.00000E+00  0.00000E+00  0.32944E-04  0.25274E-05 -0.57554E-04 -0.22954E-04 -0.86437E-04 -0.41395E-04
        0.4358  0.00000E+00 -0.32116E-03  0.00000E+00 -0.11435E-03  0.00000E+00  0.00000E+00  0.85060E-03  0.88315E-03  0.88156E-03  0.70895E-04  0.30897E-04  0.35782E-04      13  0.88318E-03  0.00000E+00  0.00000E+00  0.59098E-04  0.54823E-05 -0.42795E-04 -0.25094E-04 -0.59251E-04 -0.44358E-04
        0.4858  0.00000E+00 -0.31390E-03  0.00000E+00 -0.13004E-03  0.00000E+00  0.00000E+00  0.85075E-03  0.88316E-03  0.88156E-03  0.70896E-04  0.34442E-04  0.60473E-04      14  0.88318E-03  0.00000E+00  0.00000E+00  0.70815E-04  0.90230E-05 -0.27977E-04 -0.26493E-04 -0.29167E-04 -0.45816E-04
        0.5358  0.00000E+00 -0.30474E-03  0.00000E+00 -0.14528E-03  0.00000E+00  0.00000E+00  0.85075E-03  0.88317E-03  0.88156E-03  0.70897E-04  0.37987E-04  0.87097E-04      15  0.88318E-03  0.00000E+00  0.00000E+00  0.67381E-04  0.12392E-04 -0.14725E-04 -0.27229E-04 -0.14307E-05 -0.45888E-04
        0.5858  0.00000E+00 -0.29397E-03  0.00000E+00 -0.15998E-03  0.00000E+00  0.00000E+00  0.85058E-03  0.88318E-03  0.88156E-03  0.70898E-04  0.41531E-04  0.11254E-03      16  0.88318E-03  0.00000E+00  0.00000E+00  0.49129E-04  0.14849E-04 -0.54690E-05 -0.27502E-04  0.21016E-04 -0.44837E-04
        0.6358  0.00000E+00 -0.28179E-03  0.00000E+00 -0.17407E-03  0.00000E+00  0.00000E+00  0.85032E-03  0.88317E-03  0.88156E-03  0.70898E-04  0.45076E-04  0.13400E-03      17  0.88318E-03  0.00000E+00  0.00000E+00  0.17267E-04  0.15712E-04 -0.74292E-06 -0.27539E-04  0.33965E-04 -0.43139E-04
        0.6858  0.00000E+00 -0.26840E-03  0.00000E+00 -0.18749E-03  0.00000E+00  0.00000E+00  0.85012E-03  0.88316E-03  0.88156E-03  0.70897E-04  0.48621E-04  0.14892E-03      18  0.88318E-03  0.00000E+00  0.00000E+00 -0.31621E-05  0.15554E-04 -0.19168E-05 -0.27635E-04  0.37394E-04 -0.41269E-04
        0.7358  0.00000E+00 -0.25412E-03  0.00000E+00 -0.20019E-03  0.00000E+00  0.00000E+00  0.84998E-03  0.88315E-03  0.88156E-03  0.70895E-04  0.52166E-04  0.15546E-03      19  0.88318E-03  0.00000E+00  0.00000E+00 -0.15906E-04  0.14759E-04 -0.87940E-05 -0.28075E-04  0.29283E-04 -0.39805E-04
        0.7858  0.00000E+00 -0.23931E-03  0.00000E+00 -0.21216E-03  0.00000E+00  0.00000E+00  0.85006E-03  0.88313E-03  0.88156E-03  0.70894E-04  0.55711E-04  0.15488E-03      20  0.88318E-03  0.00000E+00  0.00000E+00 -0.84002E-05  0.14339E-04 -0.10592E-04 -0.28605E-04  0.13566E-04 -0.39127E-04
        0.8358  0.00000E+00 -0.22445E-03  0.00000E+00 -0.22338E-03  0.00000E+00  0.00000E+00  0.85012E-03  0.88311E-03  0.88156E-03  0.70892E-04  0.59255E-04  0.15454E-03      21  0.88318E-03  0.00000E+00  0.00000E+00 -0.12853E-05  0.14274E-04 -0.10180E-04 -0.29114E-04  0.47623E-05 -0.38888E-04
        0.8858  0.00000E+00 -0.20996E-03  0.00000E+00 -0.23388E-03  0.00000E+00  0.00000E+00  0.85018E-03  0.88313E-03  0.88156E-03  0.70893E-04  0.62800E-04  0.15531E-03      22  0.88318E-03  0.00000E+00  0.00000E+00  0.46807E-05  0.14508E-04 -0.74645E-05 -0.29487E-04 -0.73554E-06 -0.38925E-04
        0.9358  0.00000E+00 -0.19607E-03  0.00000E+00 -0.24368E-03  0.00000E+00  0.00000E+00  0.85030E-03  0.88312E-03  0.88156E-03  0.70892E-04  0.66344E-04  0.15619E-03      23  0.88318E-03  0.00000E+00  0.00000E+00  0.19574E-04  0.15487E-04 -0.42180E-05 -0.29698E-04 -0.31563E-05 -0.39083E-04
        0.9679  0.00000E+00 -0.18513E-03  0.00000E+00 -0.24962E-03  0.00000E+00  0.00000E+00  0.85038E-03  0.88312E-03  0.88156E-03  0.70893E-04  0.68619E-04  0.15714E-03      24  0.88318E-03  0.00000E+00  0.00000E+00  0.25087E-04  0.16292E-04 -0.22129E-05 -0.29769E-04 -0.40107E-05 -0.39212E-04
        1.0000  0.00000E+00 -0.17700E-03  0.00000E+00 -0.25530E-03  0.00000E+00  0.00000E+00  0.85041E-03  0.88312E-03  0.88155E-03  0.70892E-04  0.70894E-04  0.15792E-03      25  0.88318E-03  0.00000E+00  0.00000E+00  0.26939E-04  0.17156E-04 -0.58111E-06 -0.29787E-04 -0.41788E-05 -0.39346E-04
end
