 All solute fluxes and cumulative solute fluxes are positive into the region

       Time         cvTop        cvBot      Sum(cvTop)   Sum(cvBot)     cvCh0        cvCh1         cTop        cRoot         cBot        cvRoot    Sum(cvRoot)  Sum(cvNEql) TLevel      cGWL        cRunOff   Sum(cRunOff)    (cv(i),    Sum(cv(i)), i=1,NObs)
        [T]        [M/L2/T]     [M/L2/T]      [M/L2]       [M/L2]       [M/L2]      [M/L2]        [M/L3]      [M/L3]        [M/L3]      [M/L2/T]      [M/L2]       [M/L2]              [M/L3]        [M/L2]      [M/L3]      [M/L2/T]      [M/L2]
        0.0100  0.00000E+00 -0.43433E-03  0.00000E+00 -0.43433E-05  0.00000E+00  0.00000E+00  0.86319E-03  0.88319E-03  0.88405E-03  0.89776E-05  0.89776E-07 -0.57800E-05       1  0.88323E-03  0.00000E+00  0.00000E+00  0.65882E-04  0.65882E-06 -0.34066E-03 -0.34066E-05 -0.57392E-03 -0.57392E-05
        0.0200  0.00000E+00 -0.13053E-04  0.00000E+00 -0.44738E-05  0.00000E+00  0.00000E+00  0.86313E-03  0.88324E-03  0.88128E-03  0.89781E-05  0.17956E-06 -0.42347E-05       2  0.88317E-03  0.00000E+00  0.00000E+00  0.59450E-04  0.12533E-05 -0.32867E-03 -0.66933E-05 -0.55942E-03 -0.11333E-04
        0.0330  0.00000E+00 -0.11478E-03  0.00000E+00 -0.59660E-05  0.00000E+00  0.00000E+00  0.86303E-03  0.88323E-03  0.88157E-03  0.89779E-05  0.29627E-06 -0.20799E-05       3  0.88319E-03  0.00000E+00  0.00000E+00  0.44921E-04  0.18373E-05 -0.31284E-03 -0.10760E-04 -0.53947E-03 -0.18347E-04
        0.0499  0.00000E+00 -0.26006E-03  0.00000E+00 -0.10361E-04  0.00000E+00  0.00000E+00  0.86280E-03  0.88323E-03  0.88153E-03  0.89780E-05  0.44800E-06  0.32708E-06       4  0.88319E-03  0.00000E+00  0.00000E+00  0.15255E-04  0.20951E-05 -0.29831E-03 -0.15802E-04 -0.51716E-03 -0.27087E-04
        0.0719  0.00000E+00 -0.36442E-03  0.00000E+00 -0.18367E-04  0.00000E+00  0.00000E+00  0.86253E-03  0.88323E-03  0.88157E-03  0.89780E-05  0.64524E-06  0.22085E-05       5  0.88319E-03  0.00000E+00  0.00000E+00 -0.99951E-05  0.18755E-05 -0.28654E-03 -0.22097E-04 -0.49250E-03 -0.37907E-04
        0.1004  0.00000E+00 -0.44940E-03  0.00000E+00 -0.31203E-04  0.00000E+00  0.00000E+00  0.86222E-03  0.88323E-03  0.88157E-03  0.89779E-05  0.90166E-06  0.26236E-05       6  0.88319E-03  0.00000E+00  0.00000E+00 -0.41846E-04  0.68036E-06 -0.28471E-03 -0.30229E-04 -0.46840E-03 -0.51285E-04
        0.1376  0.00000E+00 -0.51707E-03  0.00000E+00 -0.50401E-04  0.00000E+00  0.00000E+00  0.86172E-03  0.88322E-03  0.88159E-03  0.89779E-05  0.12350E-05 -0.15000E-05       7  0.88319E-03  0.00000E+00  0.00000E+00 -0.93453E-04 -0.27895E-05 -0.30365E-03 -0.41503E-04 -0.45075E-03 -0.68021E-04
        0.1858  0.00000E+00 -0.57087E-03  0.00000E+00 -0.77956E-04  0.00000E+00  0.00000E+00  0.86098E-03  0.88321E-03  0.88159E-03  0.89778E-05  0.16683E-05 -0.16291E-04       8  0.88319E-03  0.00000E+00  0.00000E+00 -0.17067E-03 -0.11027E-04 -0.36231E-03 -0.58991E-04 -0.45193E-03 -0.89834E-04
        0.2358  0.00000E+00 -0.60878E-03  0.00000E+00 -0.10839E-03  0.00000E+00  0.00000E+00  0.86018E-03  0.88320E-03  0.88160E-03  0.89777E-05  0.21172E-05 -0.43519E-04       9  0.88319E-03  0.00000E+00  0.00000E+00 -0.25285E-03 -0.23670E-04 -0.45402E-03 -0.81692E-04 -0.47747E-03 -0.11371E-03
        0.2858  0.00000E+00 -0.63144E-03  0.00000E+00 -0.13997E-03  0.00000E+00  0.00000E+00  0.85969E-03  0.88320E-03  0.88160E-03  0.89777E-05  0.25661E-05 -0.79673E-04      10  0.88319E-03  0.00000E+00  0.00000E+00 -0.30999E-03 -0.39170E-04 -0.55458E-03 -0.10942E-03 -0.52061E-03 -0.13974E-03
        0.3358  0.00000E+00 -0.64357E-03  0.00000E+00 -0.17214E-03  0.00000E+00  0.00000E+00  0.85945E-03  0.88321E-03  0.88161E-03  0.89777E-05  0.30150E-05 -0.11957E-03      11  0.88319E-03  0.00000E+00  0.00000E+00 -0.33375E-03 -0.55857E-04 -0.63791E-03 -0.14132E-03 -0.56874E-03 -0.16818E-03
        0.3858  0.00000E+00 -0.64913E-03  0.00000E+00 -0.20460E-03  0.00000E+00  0.00000E+00  0.85923E-03  0.88322E-03  0.88161E-03  0.89778E-05  0.34639E-05 -0.16155E-03      12  0.88319E-03  0.00000E+00  0.00000E+00 -0.35312E-03 -0.73513E-04 -0.70516E-03 -0.17657E-03 -0.61523E-03 -0.19894E-03
        0.4358  0.00000E+00 -0.65069E-03  0.00000E+00 -0.23714E-03  0.00000E+00  0.00000E+00  0.85906E-03  0.88322E-03  0.88161E-03  0.89778E-05  0.39128E-05 -0.20513E-03      13  0.88319E-03  0.00000E+00  0.00000E+00 -0.36535E-03 -0.91781E-04 -0.75720E-03 -0.21443E-03 -0.65702E-03 -0.23179E-03
        0.4858  0.00000E+00 -0.65006E-03  0.00000E+00 -0.26964E-03  0.00000E+00  0.00000E+00  0.85894E-03  0.88323E-03  0.88162E-03  0.89779E-05  0.43617E-05 -0.24914E-03      14  0.88319E-03  0.00000E+00  0.00000E+00 -0.37071E-03 -0.11032E-03 -0.79565E-03 -0.25422E-03 -0.69289E-03 -0.26643E-03
        0.5358  0.00000E+00 -0.64850E-03  0.00000E+00 -0.30206E-03  0.00000E+00  0.00000E+00  0.85889E-03  0.88323E-03  0.88162E-03  0.89779E-05  0.48106E-05 -0.29283E-03      15  0.88319E-03  0.00000E+00  0.00000E+00 -0.36775E-03 -0.12870E-03 -0.82008E-03 -0.29522E-03 -0.72182E-03 -0.30252E-03
        0.5858  0.00000E+00 -0.64694E-03  0.00000E+00 -0.33441E-03  0.00000E+00  0.00000E+00  0.85891E-03  0.88324E-03  0.88162E-03  0.89780E-05  0.52595E-05 -0.33519E-03      16  0.88319E-03  0.00000E+00  0.00000E+00 -0.35743E-03 -0.14657E-03 -0.83038E-03 -0.33674E-03 -0.74303E-03 -0.33967E-03
        0.6358  0.00000E+00 -0.64597E-03  0.00000E+00 -0.36671E-03  0.00000E+00  0.00000E+00  0.85897E-03  0.88324E-03  0.88162E-03  0.89780E-05  0.57084E-05 -0.37559E-03      17  0.88319E-03  0.00000E+00  0.00000E+00 -0.33999E-03 -0.16357E-03 -0.82705E-03 -0.37809E-03 -0.75608E-03 -0.37748E-03
        0.6858  0.00000E+00 -0.64592E-03  0.00000E+00 -0.39901E-03  0.00000E+00  0.00000E+00  0.85909E-03  0.88324E-03  0.88163E-03  0.89780E-05  0.61573E-05 -0.41340E-03      18  0.88319E-03  0.00000E+00  0.00000E+00 -0.31730E-03 -0.17944E-03 -0.81149E-03 -0.41867E-03 -0.76097E-03 -0.41553E-03
        0.7358  0.00000E+00 -0.64695E-03  0.00000E+00 -0.43135E-03  0.00000E+00  0.00000E+00  0.85923E-03  0.88323E-03  0.88163E-03  0.89779E-05  0.66062E-05 -0.44841E-03      19  0.88319E-03  0.00000E+00  0.00000E+00 -0.29096E-03 -0.19399E-03 -0.78607E-03 -0.45797E-03 -0.75809E-03 -0.45343E-03
        0.7858  0.00000E+00 -0.64890E-03  0.00000E+00 -0.46380E-03  0.00000E+00  0.00000E+00  0.85992E-03  0.88323E-03  0.88163E-03  0.89779E-05  0.70551E-05 -0.47363E-03      20  0.88319E-03  0.00000E+00  0.00000E+00 -0.21024E-03 -0.20450E-03 -0.71236E-03 -0.49359E-03 -0.73432E-03 -0.49015E-03
        0.8358  0.00000E+00 -0.65158E-03  0.00000E+00 -0.49638E-03  0.00000E+00  0.00000E+00  0.86052E-03  0.88325E-03  0.88163E-03  0.89781E-05  0.75040E-05 -0.48750E-03      21  0.88319E-03  0.00000E+00  0.00000E+00 -0.12908E-03 -0.21095E-03 -0.61102E-03 -0.52414E-03 -0.68837E-03 -0.52457E-03
        0.8858  0.00000E+00 -0.65475E-03  0.00000E+00 -0.52911E-03  0.00000E+00  0.00000E+00  0.86114E-03  0.88323E-03  0.88164E-03  0.89779E-05  0.79529E-05 -0.49268E-03      22  0.88319E-03  0.00000E+00  0.00000E+00 -0.56262E-04 -0.21377E-03 -0.49918E-03 -0.54910E-03 -0.62615E-03 -0.55587E-03
        0.9358  0.00000E+00 -0.65782E-03  0.00000E+00 -0.56201E-03  0.00000E+00  0.00000E+00  0.86155E-03  0.88324E-03  0.88164E-03  0.89781E-05  0.84018E-05 -0.49123E-03      23  0.88319E-03  0.00000E+00  0.00000E+00 -0.21357E-05 -0.21387E-03 -0.39575E-03 -0.56889E-03 -0.55718E-03 -0.58373E-03
        0.9679  0.00000E+00 -0.66006E-03  0.00000E+00 -0.58318E-03  0.00000E+00  0.00000E+00  0.86184E-03  0.88323E-03  0.88164E-03  0.89779E-05  0.86898E-05 -0.48893E-03      24  0.88319E-03  0.00000E+00  0.00000E+00  0.47442E-04 -0.21235E-03 -0.33698E-03 -0.57970E-03 -0.51315E-03 -0.60020E-03
        1.0000  0.00000E+00 -0.66148E-03  0.00000E+00 -0.60441E-03  0.00000E+00  0.00000E+00  0.86209E-03  0.88323E-03  0.88164E-03  0.89780E-05  0.89779E-05 -0.48604E-03      25  0.88319E-03  0.00000E+00  0.00000E+00  0.69219E-04 -0.21013E-03 -0.28907E-03 -0.58897E-03 -0.47119E-03 -0.61532E-03
end
