 ******* Program HYDRUS
 ******* 
 Welcome to HYDRUS-1D                                                    
 Date:  28. 3.2022    Time:   8:57:22
 Units: L = cm   , T = days , M = mg   

----------------------------------------------------------
 Time       [T]        0.0000
----------------------------------------------------------
 Sub-region num.                     1
----------------------------------------------------------
 Length   [L]        0.30000E+03  0.30000E+03
 W-volume [L]        0.10427E+03  0.10427E+03
 In-flow  [L/T]      0.00000E+00  0.00000E+00
 h Mean   [L]       -0.37558E+02 -0.37558E+02
 ConcVol  [M/L2] 1   0.92015E-01  0.92015E-01
 cMean    [M/L3] 1   0.88230E-03  0.88230E-03
 SorbVolIm[M/L2] 1   0.46058E+02  0.46058E+02
 sMeanIm  [-]    1   0.10588E+00  0.10588E+00
 Top Flux [L/T]      0.29141E-01
 Bot Flux [L/T]      0.72396E-01
----------------------------------------------------------

----------------------------------------------------------
 Time       [T]        1.0000
----------------------------------------------------------
 Sub-region num.                     1
----------------------------------------------------------
 Length   [L]        0.30000E+03  0.30000E+03
 W-volume [L]        0.10504E+03  0.10504E+03
 In-flow  [L/T]      0.41436E+00  0.41436E+00
 h Mean   [L]       -0.26210E+02 -0.26210E+02
 ConcVol  [M/L2] 1   0.92690E-01  0.92690E-01
 cMean    [M/L3] 1   0.88231E-03  0.88231E-03
 SorbVolIm[M/L2] 1   0.46057E+02  0.46057E+02
 sMeanIm  [-]    1   0.10588E+00  0.10588E+00
 Top Flux [L/T]      0.34622E-01
 Bot Flux [L/T]      0.46644E+00
 WatBalT  [L]       -0.36359E-05
 WatBalR  [%]              0.000
 CncBalT  [M]    1   0.00000E+00
 CncBalR  [%]    1         0.000
----------------------------------------------------------
 
 Calculation time [sec]  0.000000000000000E+000
