 All solute fluxes and cumulative solute fluxes are positive into the region

       Time         cvTop        cvBot      Sum(cvTop)   Sum(cvBot)     cvCh0        cvCh1         cTop        cRoot         cBot        cvRoot    Sum(cvRoot)  Sum(cvNEql) TLevel      cGWL        cRunOff   Sum(cRunOff)    (cv(i),    Sum(cv(i)), i=1,NObs)
        [T]        [M/L2/T]     [M/L2/T]      [M/L2]       [M/L2]       [M/L2]      [M/L2]        [M/L3]      [M/L3]        [M/L3]      [M/L2/T]      [M/L2]       [M/L2]              [M/L3]        [M/L2]      [M/L3]      [M/L2/T]      [M/L2]
        0.0100  0.00000E+00 -0.61506E-03  0.00000E+00 -0.61506E-05  0.00000E+00  0.00000E+00  0.91503E-03  0.88317E-03  0.87976E-03  0.00000E+00  0.00000E+00 -0.12716E-05       1  0.88306E-03  0.00000E+00  0.00000E+00  0.15401E-04  0.15401E-06 -0.70058E-03 -0.70058E-05 -0.11610E-02 -0.11610E-04
        0.0200  0.00000E+00 -0.22348E-03  0.00000E+00 -0.83854E-05  0.00000E+00  0.00000E+00  0.91501E-03  0.88312E-03  0.87961E-03  0.00000E+00  0.00000E+00 -0.32558E-06       2  0.88305E-03  0.00000E+00  0.00000E+00  0.30913E-05  0.18492E-06 -0.66572E-03 -0.13663E-04 -0.11227E-02 -0.22837E-04
        0.0330  0.00000E+00 -0.42276E-03  0.00000E+00 -0.13881E-04  0.00000E+00  0.00000E+00  0.91480E-03  0.88314E-03  0.87972E-03  0.00000E+00  0.00000E+00  0.45620E-05       3  0.88305E-03  0.00000E+00  0.00000E+00 -0.21562E-04 -0.95383E-07 -0.62948E-03 -0.21846E-04 -0.10713E-02 -0.36763E-04
        0.0499  0.00000E+00 -0.58611E-03  0.00000E+00 -0.23787E-04  0.00000E+00  0.00000E+00  0.91441E-03  0.88313E-03  0.87978E-03  0.00000E+00  0.00000E+00  0.89072E-05       4  0.88305E-03  0.00000E+00  0.00000E+00 -0.69902E-04 -0.12767E-05 -0.59714E-03 -0.31938E-04 -0.10149E-02 -0.53915E-04
        0.0719  0.00000E+00 -0.71334E-03  0.00000E+00 -0.39459E-04  0.00000E+00  0.00000E+00  0.91373E-03  0.88313E-03  0.87983E-03  0.00000E+00  0.00000E+00  0.12689E-04       5  0.88305E-03  0.00000E+00  0.00000E+00 -0.15898E-03 -0.47696E-05 -0.57919E-03 -0.44663E-04 -0.95479E-03 -0.74891E-04
        0.1004  0.00000E+00 -0.82648E-03  0.00000E+00 -0.63064E-04  0.00000E+00  0.00000E+00  0.91259E-03  0.88312E-03  0.87987E-03  0.00000E+00  0.00000E+00  0.12582E-04       6  0.88306E-03  0.00000E+00  0.00000E+00 -0.31381E-03 -0.13732E-04 -0.59116E-03 -0.61547E-04 -0.90239E-03 -0.10066E-03
        0.1376  0.00000E+00 -0.92509E-03  0.00000E+00 -0.97412E-04  0.00000E+00  0.00000E+00  0.91072E-03  0.88312E-03  0.87991E-03  0.00000E+00  0.00000E+00  0.14418E-05       7  0.88307E-03  0.00000E+00  0.00000E+00 -0.56652E-03 -0.34767E-04 -0.66491E-03 -0.86234E-04 -0.87612E-03 -0.13319E-03
        0.1858  0.00000E+00 -0.10091E-02  0.00000E+00 -0.14612E-03  0.00000E+00  0.00000E+00  0.90790E-03  0.88311E-03  0.87994E-03  0.00000E+00  0.00000E+00 -0.36573E-04       8  0.88307E-03  0.00000E+00  0.00000E+00 -0.94461E-03 -0.80361E-04 -0.85066E-03 -0.12729E-03 -0.91420E-03 -0.17732E-03
        0.2358  0.00000E+00 -0.10718E-02  0.00000E+00 -0.19971E-03  0.00000E+00  0.00000E+00  0.90483E-03  0.88310E-03  0.87997E-03  0.00000E+00  0.00000E+00 -0.10539E-03       9  0.88307E-03  0.00000E+00  0.00000E+00 -0.13451E-02 -0.14762E-03 -0.11311E-02 -0.18385E-03 -0.10271E-02 -0.22868E-03
        0.2858  0.00000E+00 -0.11119E-02  0.00000E+00 -0.25530E-03  0.00000E+00  0.00000E+00  0.90202E-03  0.88312E-03  0.87999E-03  0.00000E+00  0.00000E+00 -0.20295E-03      10  0.88307E-03  0.00000E+00  0.00000E+00 -0.16978E-02 -0.23251E-03 -0.14786E-02 -0.25778E-03 -0.12081E-02 -0.28908E-03
        0.3358  0.00000E+00 -0.11360E-02  0.00000E+00 -0.31210E-03  0.00000E+00  0.00000E+00  0.89968E-03  0.88314E-03  0.88000E-03  0.00000E+00  0.00000E+00 -0.32368E-03      11  0.88307E-03  0.00000E+00  0.00000E+00 -0.19785E-02 -0.33144E-03 -0.18501E-02 -0.35028E-03 -0.14335E-02 -0.36076E-03
        0.3858  0.00000E+00 -0.11511E-02  0.00000E+00 -0.36966E-03  0.00000E+00  0.00000E+00  0.89776E-03  0.88317E-03  0.88001E-03  0.00000E+00  0.00000E+00 -0.46019E-03      12  0.88307E-03  0.00000E+00  0.00000E+00 -0.21927E-02 -0.44107E-03 -0.22146E-02 -0.46101E-03 -0.16850E-02 -0.44501E-03
        0.4358  0.00000E+00 -0.11623E-02  0.00000E+00 -0.42777E-03  0.00000E+00  0.00000E+00  0.89634E-03  0.88321E-03  0.88003E-03  0.00000E+00  0.00000E+00 -0.60714E-03      13  0.88307E-03  0.00000E+00  0.00000E+00 -0.23270E-02 -0.55742E-03 -0.25345E-02 -0.58774E-03 -0.19387E-02 -0.54194E-03
        0.4858  0.00000E+00 -0.11740E-02  0.00000E+00 -0.48647E-03  0.00000E+00  0.00000E+00  0.89549E-03  0.88324E-03  0.88004E-03  0.00000E+00  0.00000E+00 -0.75811E-03      14  0.88307E-03  0.00000E+00  0.00000E+00 -0.23813E-02 -0.67648E-03 -0.27725E-02 -0.72636E-03 -0.21666E-02 -0.65027E-03
        0.5358  0.00000E+00 -0.11895E-02  0.00000E+00 -0.54594E-03  0.00000E+00  0.00000E+00  0.89521E-03  0.88327E-03  0.88005E-03  0.00000E+00  0.00000E+00 -0.90639E-03      15  0.88307E-03  0.00000E+00  0.00000E+00 -0.23515E-02 -0.79406E-03 -0.29044E-02 -0.87158E-03 -0.23428E-02 -0.76741E-03
        0.5858  0.00000E+00 -0.12115E-02  0.00000E+00 -0.60652E-03  0.00000E+00  0.00000E+00  0.89551E-03  0.88329E-03  0.88007E-03  0.00000E+00  0.00000E+00 -0.10455E-02      16  0.88307E-03  0.00000E+00  0.00000E+00 -0.22431E-02 -0.90621E-03 -0.29174E-02 -0.10175E-02 -0.24482E-02 -0.88982E-03
        0.6358  0.00000E+00 -0.12412E-02  0.00000E+00 -0.66858E-03  0.00000E+00  0.00000E+00  0.89636E-03  0.88330E-03  0.88009E-03  0.00000E+00  0.00000E+00 -0.11699E-02      17  0.88307E-03  0.00000E+00  0.00000E+00 -0.20589E-02 -0.10092E-02 -0.28145E-02 -0.11582E-02 -0.24735E-02 -0.10135E-02
        0.6858  0.00000E+00 -0.12790E-02  0.00000E+00 -0.73253E-03  0.00000E+00  0.00000E+00  0.89772E-03  0.88329E-03  0.88011E-03  0.00000E+00  0.00000E+00 -0.12754E-02      18  0.88307E-03  0.00000E+00  0.00000E+00 -0.18097E-02 -0.10996E-02 -0.26099E-02 -0.12887E-02 -0.24199E-02 -0.11345E-02
        0.7358  0.00000E+00 -0.13239E-02  0.00000E+00 -0.79873E-03  0.00000E+00  0.00000E+00  0.89950E-03  0.88328E-03  0.88013E-03  0.00000E+00  0.00000E+00 -0.13600E-02      19  0.88307E-03  0.00000E+00  0.00000E+00 -0.15072E-02 -0.11750E-02 -0.23293E-02 -0.14051E-02 -0.22978E-02 -0.12494E-02
        0.7858  0.00000E+00 -0.13740E-02  0.00000E+00 -0.86742E-03  0.00000E+00  0.00000E+00  0.90189E-03  0.88326E-03  0.88016E-03  0.00000E+00  0.00000E+00 -0.14207E-02      20  0.88307E-03  0.00000E+00  0.00000E+00 -0.11329E-02 -0.12316E-02 -0.19821E-02 -0.15042E-02 -0.21149E-02 -0.13551E-02
        0.8358  0.00000E+00 -0.14263E-02  0.00000E+00 -0.93874E-03  0.00000E+00  0.00000E+00  0.90445E-03  0.88323E-03  0.88018E-03  0.00000E+00  0.00000E+00 -0.14544E-02      21  0.88308E-03  0.00000E+00  0.00000E+00 -0.74729E-03 -0.12690E-02 -0.16147E-02 -0.15850E-02 -0.18830E-02 -0.14493E-02
        0.8858  0.00000E+00 -0.14775E-02  0.00000E+00 -0.10126E-02  0.00000E+00  0.00000E+00  0.90688E-03  0.88322E-03  0.88020E-03  0.00000E+00  0.00000E+00 -0.14650E-02      22  0.88308E-03  0.00000E+00  0.00000E+00 -0.39158E-03 -0.12886E-02 -0.12659E-02 -0.16483E-02 -0.16334E-02 -0.15310E-02
        0.9358  0.00000E+00 -0.15235E-02  0.00000E+00 -0.10888E-02  0.00000E+00  0.00000E+00  0.90869E-03  0.88320E-03  0.88022E-03  0.00000E+00  0.00000E+00 -0.14600E-02      23  0.88308E-03  0.00000E+00  0.00000E+00 -0.12046E-03 -0.12946E-02 -0.96669E-03 -0.16966E-02 -0.13926E-02 -0.16006E-02
        0.9679  0.00000E+00 -0.15567E-02  0.00000E+00 -0.11387E-02  0.00000E+00  0.00000E+00  0.90944E-03  0.88319E-03  0.88023E-03  0.00000E+00  0.00000E+00 -0.14530E-02      24  0.88308E-03  0.00000E+00  0.00000E+00 -0.18114E-04 -0.12952E-02 -0.80411E-03 -0.17224E-02 -0.12489E-02 -0.16407E-02
        1.0000  0.00000E+00 -0.15779E-02  0.00000E+00 -0.11894E-02  0.00000E+00  0.00000E+00  0.90961E-03  0.88317E-03  0.88024E-03  0.00000E+00  0.00000E+00 -0.14453E-02      25  0.88308E-03  0.00000E+00  0.00000E+00  0.20792E-04 -0.12945E-02 -0.68028E-03 -0.17442E-02 -0.11225E-02 -0.16767E-02
end
