 ******* Program HYDRUS
 ******* 
 Welcome to HYDRUS-1D                                                    
 Date:  29. 3.2022    Time:  17:27: 1
 Units: L = cm   , T = days , M = mg   

       Time          rTop        rRoot        vTop         vRoot        vBot       sum(rTop)   sum(rRoot)    sum(vTop)   sum(vRoot)    sum(vBot)      hTop         hRoot        hBot        RunOff    sum(RunOff)     Volume     sum(Infil)    sum(Evap) TLevel Cum(WTrans)  SnowLayer
        [T]         [L/T]        [L/T]        [L/T]        [L/T]        [L/T]         [L]          [L]          [L]         [L]           [L]         [L]           [L]         [L]          [L/T]         [L]          [L]          [L]          [L]

       0.0100  0.25384E-01  0.39755E-01  0.25385E-01  0.38969E-01  0.60134E+00  0.25384E-03  0.39755E-03  0.25385E-03  0.38969E-03  0.60134E-02 -0.25087E+03 -0.20531E+03  0.50921E+02  0.00000E+00  0.00000E+00  0.98692E+02  0.00000E+00  0.25385E-03      1  0.00000E+00      0.000
       0.0230  0.25384E-01  0.39755E-01  0.25384E-01  0.38969E-01  0.40769E+00  0.58384E-03  0.91436E-03  0.58384E-03  0.89629E-03  0.11313E-01 -0.25084E+03 -0.20534E+03  0.50921E+02  0.00000E+00  0.00000E+00  0.98697E+02  0.00000E+00  0.58384E-03      2  0.00000E+00      0.000
       0.0399  0.25384E-01  0.39755E-01  0.25383E-01  0.38969E-01  0.25328E+00  0.10128E-02  0.15862E-02  0.10128E-02  0.15549E-02  0.15594E-01 -0.25080E+03 -0.20538E+03  0.50921E+02  0.00000E+00  0.00000E+00  0.98700E+02  0.00000E+00  0.10128E-02      3  0.00000E+00      0.000
       0.0619  0.25384E-01  0.39755E-01  0.25383E-01  0.38969E-01  0.17171E+00  0.15705E-02  0.24596E-02  0.15705E-02  0.24110E-02  0.19366E-01 -0.25077E+03 -0.20543E+03  0.50921E+02  0.00000E+00  0.00000E+00  0.98702E+02  0.00000E+00  0.15705E-02      4  0.00000E+00      0.000
       0.0904  0.25384E-01  0.39755E-01  0.25386E-01  0.38968E-01  0.10860E+00  0.22955E-02  0.35951E-02  0.22955E-02  0.35240E-02  0.22468E-01 -0.25073E+03 -0.20549E+03  0.50921E+02  0.00000E+00  0.00000E+00  0.98704E+02  0.00000E+00  0.22955E-02      5  0.00000E+00      0.000
       0.1276  0.25384E-01  0.39755E-01  0.25385E-01  0.38968E-01  0.65049E-01  0.32380E-02  0.50711E-02  0.32380E-02  0.49708E-02  0.24883E-01 -0.25070E+03 -0.20557E+03  0.50921E+02  0.00000E+00  0.00000E+00  0.98704E+02  0.00000E+00  0.32380E-02      6  0.00000E+00      0.000
       0.1758  0.25384E-01  0.39755E-01  0.25385E-01  0.38967E-01  0.33216E-01  0.44633E-02  0.69900E-02  0.44633E-02  0.68517E-02  0.26486E-01 -0.25069E+03 -0.20568E+03  0.50921E+02  0.00000E+00  0.00000E+00  0.98702E+02  0.00000E+00  0.44633E-02      7  0.00000E+00      0.000
       0.2386  0.25384E-01  0.39755E-01  0.25383E-01  0.38966E-01  0.11828E-01  0.60561E-02  0.94846E-02  0.60561E-02  0.92968E-02  0.27229E-01 -0.25071E+03 -0.20580E+03  0.50921E+02  0.00000E+00  0.00000E+00  0.98699E+02  0.00000E+00  0.60561E-02      8  0.00000E+00      0.000
       0.3232  0.12908E+00  0.20215E+00  0.12908E+00  0.19811E+00 -0.13808E-02  0.16976E-01  0.26587E-01  0.16976E-01  0.26057E-01  0.27112E-01 -0.25280E+03 -0.20620E+03  0.50921E+02  0.00000E+00  0.00000E+00  0.98684E+02  0.00000E+00  0.16976E-01      9  0.00000E+00      0.000
       0.4360  0.26765E+00  0.41917E+00  0.26765E+00  0.41056E+00 -0.65774E-02  0.47168E-01  0.73870E-01  0.47168E-01  0.72370E-01  0.26370E-01 -0.25786E+03 -0.20775E+03  0.50921E+02  0.00000E+00  0.00000E+00  0.98631E+02  0.00000E+00  0.47168E-01     10  0.00000E+00      0.000
       0.5770  0.25749E+00  0.40326E+00  0.25749E+00  0.39460E+00 -0.22667E-02  0.83476E-01  0.13073E+00  0.83476E-01  0.12801E+00  0.26050E-01 -0.26248E+03 -0.21046E+03  0.50921E+02  0.00000E+00  0.00000E+00  0.98537E+02  0.00000E+00  0.83476E-01     11  0.00000E+00      0.000
       0.7885  0.25384E-01  0.39755E-01  0.25385E-01  0.38878E-01  0.17517E-01  0.88844E-01  0.13914E+00  0.88845E-01  0.13623E+00  0.29755E-01 -0.26074E+03 -0.21246E+03  0.50921E+02  0.00000E+00  0.00000E+00  0.98452E+02  0.00000E+00  0.88845E-01     12  0.00000E+00      0.000
       1.0000  0.25384E-01  0.39755E-01  0.25383E-01  0.38887E-01  0.38076E-01  0.94213E-01  0.14755E+00  0.94213E-01  0.14446E+00  0.37808E-01 -0.25960E+03 -0.21204E+03  0.50921E+02  0.00000E+00  0.00000E+00  0.98446E+02  0.00000E+00  0.94213E-01     13  0.00000E+00      0.000
end
