 ******* Program HYDRUS
 ******* 
 Welcome to HYDRUS-1D                                                    
 Date:   3. 3.2022    Time:  23: 2:32
 Units: L = cm   , T = days , M = mg   

----------------------------------------------------------
 Time       [T]        0.0000
----------------------------------------------------------
 Sub-region num.                     1
----------------------------------------------------------
 Length   [L]        0.30000E+03  0.30000E+03
 W-volume [L]        0.10345E+03  0.10345E+03
 In-flow  [L/T]      0.00000E+00  0.00000E+00
 h Mean   [L]       -0.49432E+02 -0.49432E+02
 ConcVol  [M/L2] 1   0.26365E+00  0.26365E+00
 cMean    [M/L3] 1   0.25522E-02  0.25522E-02
 SorbVolIm[M/L2] 1   0.44400E+02  0.44400E+02
 sMeanIm  [-]    1   0.10207E+00  0.10207E+00
 Top Flux [L/T]     -0.10903E-01
 Bot Flux [L/T]     -0.13043E+00
----------------------------------------------------------

----------------------------------------------------------
 Time       [T]        1.0000
----------------------------------------------------------
 Sub-region num.                     1
----------------------------------------------------------
 Length   [L]        0.30000E+03  0.30000E+03
 W-volume [L]        0.10323E+03  0.10323E+03
 In-flow  [L/T]     -0.67483E-01 -0.67483E-01
 h Mean   [L]       -0.50618E+02 -0.50618E+02
 ConcVol  [M/L2] 1   0.26301E+00  0.26301E+00
 cMean    [M/L3] 1   0.25518E-02  0.25518E-02
 SorbVolIm[M/L2] 1   0.44401E+02  0.44401E+02
 sMeanIm  [-]    1   0.10207E+00  0.10207E+00
 Top Flux [L/T]      0.91689E-02
 Bot Flux [L/T]      0.56370E-02
 WatBalT  [L]       -0.19908E-04
 WatBalR  [%]              0.005
 CncBalT  [M]    1   0.47684E-03
 CncBalR  [%]    1        61.625
----------------------------------------------------------
 
 Calculation time [sec]  1.000000536441803E-002
