 ******* Program HYDRUS
 ******* 
 Welcome to HYDRUS-1D                                                    
 Date:  28. 3.2022    Time:   8:58:10
 Units: L = cm   , T = days , M = mg   

----------------------------------------------------------
 Time       [T]        0.0000
----------------------------------------------------------
 Sub-region num.                     1
----------------------------------------------------------
 Length   [L]        0.30000E+03  0.30000E+03
 W-volume [L]        0.96267E+02  0.96267E+02
 In-flow  [L/T]      0.00000E+00  0.00000E+00
 h Mean   [L]       -0.12193E+03 -0.12193E+03
 ConcVol  [M/L2] 1   0.85914E-01  0.85914E-01
 cMean    [M/L3] 1   0.89504E-03  0.89504E-03
 SorbVolIm[M/L2] 1   0.46723E+02  0.46723E+02
 sMeanIm  [-]    1   0.10741E+00  0.10741E+00
 Top Flux [L/T]      0.34277E-01
 Bot Flux [L/T]      0.70994E+00
----------------------------------------------------------

----------------------------------------------------------
 Time       [T]        1.0000
----------------------------------------------------------
 Sub-region num.                     1
----------------------------------------------------------
 Length   [L]        0.30000E+03  0.30000E+03
 W-volume [L]        0.98798E+02  0.98798E+02
 In-flow  [L/T]      0.43344E+00  0.43344E+00
 h Mean   [L]       -0.97638E+02 -0.97638E+02
 ConcVol  [M/L2] 1   0.88263E-01  0.88263E-01
 cMean    [M/L3] 1   0.89502E-03  0.89502E-03
 SorbVolIm[M/L2] 1   0.46720E+02  0.46720E+02
 sMeanIm  [-]    1   0.10740E+00  0.10740E+00
 Top Flux [L/T]     -0.44837E-01
 Bot Flux [L/T]      0.51424E+00
 WatBalT  [L]        0.97036E-04
 WatBalR  [%]              0.003
 CncBalT  [M]    1  -0.19073E-04
 CncBalR  [%]    1         0.811
----------------------------------------------------------
 
 Calculation time [sec]  9.999990463256836E-003
