 All solute fluxes and cumulative solute fluxes are positive into the region

       Time         cvTop        cvBot      Sum(cvTop)   Sum(cvBot)     cvCh0        cvCh1         cTop        cRoot         cBot        cvRoot    Sum(cvRoot)  Sum(cvNEql) TLevel      cGWL        cRunOff   Sum(cRunOff)    (cv(i),    Sum(cv(i)), i=1,NObs)
        [T]        [M/L2/T]     [M/L2/T]      [M/L2]       [M/L2]       [M/L2]      [M/L2]        [M/L3]      [M/L3]        [M/L3]      [M/L2/T]      [M/L2]       [M/L2]              [M/L3]        [M/L2]      [M/L3]      [M/L2/T]      [M/L2]
        0.0100  0.00000E+00 -0.53660E-02  0.00000E+00 -0.53660E-04  0.00000E+00  0.00000E+00  0.28465E-02  0.26507E-02  0.25158E-02  0.45944E-04  0.45944E-06  0.27711E-04       1  0.25263E-02  0.00000E+00  0.00000E+00  0.33126E-03  0.33126E-05 -0.16165E-02 -0.16165E-04 -0.18786E-02 -0.18786E-04
        0.0230  0.00000E+00 -0.58739E-02  0.00000E+00 -0.13002E-03  0.00000E+00  0.00000E+00  0.28491E-02  0.26507E-02  0.25158E-02  0.45944E-04  0.10567E-05  0.49051E-04       2  0.25262E-02  0.00000E+00  0.00000E+00  0.32500E-03  0.75375E-05 -0.15317E-02 -0.36077E-04 -0.18194E-02 -0.42438E-04
        0.0399  0.00000E+00 -0.55694E-02  0.00000E+00 -0.22414E-03  0.00000E+00  0.00000E+00  0.28505E-02  0.26506E-02  0.25157E-02  0.45943E-04  0.18331E-05  0.63881E-04       3  0.25262E-02  0.00000E+00  0.00000E+00  0.31968E-03  0.12940E-04 -0.14349E-02 -0.60327E-04 -0.17409E-02 -0.71859E-04
        0.0619  0.00000E+00 -0.53071E-02  0.00000E+00 -0.34074E-03  0.00000E+00  0.00000E+00  0.28513E-02  0.26506E-02  0.25157E-02  0.45943E-04  0.28425E-05  0.77850E-04       4  0.25262E-02  0.00000E+00  0.00000E+00  0.31407E-03  0.19840E-04 -0.13320E-02 -0.89590E-04 -0.16518E-02 -0.10815E-03
        0.0904  0.00000E+00 -0.50776E-02  0.00000E+00 -0.48576E-03  0.00000E+00  0.00000E+00  0.28516E-02  0.26506E-02  0.25156E-02  0.45943E-04  0.41547E-05  0.94588E-04       5  0.25262E-02  0.00000E+00  0.00000E+00  0.30674E-03  0.28601E-04 -0.12350E-02 -0.12486E-03 -0.15479E-02 -0.15236E-03
        0.1276  0.00000E+00 -0.48441E-02  0.00000E+00 -0.66562E-03  0.00000E+00  0.00000E+00  0.28517E-02  0.26506E-02  0.25156E-02  0.45943E-04  0.58605E-05  0.11529E-03       6  0.25262E-02  0.00000E+00  0.00000E+00  0.29539E-03  0.39569E-04 -0.11286E-02 -0.16677E-03 -0.14360E-02 -0.20567E-03
        0.1758  0.00000E+00 -0.45960E-02  0.00000E+00 -0.88746E-03  0.00000E+00  0.00000E+00  0.28514E-02  0.26505E-02  0.25156E-02  0.45943E-04  0.80781E-05  0.14025E-03       7  0.25262E-02  0.00000E+00  0.00000E+00  0.27729E-03  0.52953E-04 -0.10286E-02 -0.21641E-03 -0.13149E-02 -0.26914E-03
        0.2258  0.00000E+00 -0.43449E-02  0.00000E+00 -0.11047E-02  0.00000E+00  0.00000E+00  0.28509E-02  0.26505E-02  0.25155E-02  0.45943E-04  0.10375E-04  0.16448E-03       8  0.25262E-02  0.00000E+00  0.00000E+00  0.25568E-03  0.65737E-04 -0.94666E-03 -0.26375E-03 -0.12107E-02 -0.32968E-03
        0.2758  0.00000E+00 -0.41124E-02  0.00000E+00 -0.13103E-02  0.00000E+00  0.00000E+00  0.28561E-02  0.26505E-02  0.25155E-02  0.45943E-04  0.12672E-04  0.19445E-03       9  0.25261E-02  0.00000E+00  0.00000E+00  0.47143E-03  0.89308E-04 -0.80839E-03 -0.30417E-03 -0.11060E-02 -0.38498E-03
        0.3258  0.00000E+00 -0.38978E-02  0.00000E+00 -0.15052E-02  0.00000E+00  0.00000E+00  0.28795E-02  0.26506E-02  0.25155E-02  0.45944E-04  0.14970E-04  0.25828E-03      10  0.25261E-02  0.00000E+00  0.00000E+00  0.12729E-02  0.15295E-03 -0.41889E-03 -0.32511E-03 -0.92427E-03 -0.43119E-03
        0.3758  0.00000E+00 -0.36973E-02  0.00000E+00 -0.16901E-02  0.00000E+00  0.00000E+00  0.29033E-02  0.26508E-02  0.25155E-02  0.45948E-04  0.17267E-04  0.37711E-03      11  0.25261E-02  0.00000E+00  0.00000E+00  0.17473E-02  0.24032E-03  0.12750E-04 -0.32447E-03 -0.62729E-03 -0.46256E-03
        0.4258  0.00000E+00 -0.35060E-02  0.00000E+00 -0.18654E-02  0.00000E+00  0.00000E+00  0.29158E-02  0.26512E-02  0.25154E-02  0.45952E-04  0.19565E-04  0.54138E-03      12  0.25261E-02  0.00000E+00  0.00000E+00  0.20694E-02  0.34379E-03  0.20674E-03 -0.31414E-03 -0.28342E-03 -0.47673E-03
        0.4758  0.00000E+00 -0.33202E-02  0.00000E+00 -0.20314E-02  0.00000E+00  0.00000E+00  0.29240E-02  0.26514E-02  0.25154E-02  0.45954E-04  0.21862E-04  0.73386E-03      13  0.25261E-02  0.00000E+00  0.00000E+00  0.21995E-02  0.45376E-03  0.38320E-03 -0.29498E-03  0.54359E-04 -0.47401E-03
        0.5258  0.00000E+00 -0.31370E-02  0.00000E+00 -0.21882E-02  0.00000E+00  0.00000E+00  0.29257E-02  0.26515E-02  0.25154E-02  0.45955E-04  0.24160E-04  0.93598E-03      14  0.25261E-02  0.00000E+00  0.00000E+00  0.21832E-02  0.56292E-03  0.51551E-03 -0.26920E-03  0.34164E-03 -0.45693E-03
        0.5758  0.00000E+00 -0.29546E-02  0.00000E+00 -0.23360E-02  0.00000E+00  0.00000E+00  0.29224E-02  0.26515E-02  0.25153E-02  0.45955E-04  0.26458E-04  0.11277E-02      15  0.25261E-02  0.00000E+00  0.00000E+00  0.19938E-02  0.66261E-03  0.59030E-03 -0.23969E-03  0.55695E-03 -0.42908E-03
        0.6258  0.00000E+00 -0.27716E-02  0.00000E+00 -0.24745E-02  0.00000E+00  0.00000E+00  0.29135E-02  0.26514E-02  0.25153E-02  0.45954E-04  0.28755E-04  0.12902E-02      16  0.25261E-02  0.00000E+00  0.00000E+00  0.16422E-02  0.74472E-03  0.59615E-03 -0.20988E-03  0.67903E-03 -0.39513E-03
        0.6758  0.00000E+00 -0.25883E-02  0.00000E+00 -0.26040E-02  0.00000E+00  0.00000E+00  0.28988E-02  0.26513E-02  0.25153E-02  0.45951E-04  0.31053E-04  0.14080E-02      17  0.25261E-02  0.00000E+00  0.00000E+00  0.11141E-02  0.80042E-03  0.52869E-03 -0.18344E-03  0.69639E-03 -0.36031E-03
        0.7258  0.00000E+00 -0.24062E-02  0.00000E+00 -0.27243E-02  0.00000E+00  0.00000E+00  0.28768E-02  0.26510E-02  0.25152E-02  0.45948E-04  0.33350E-04  0.14696E-02      18  0.25261E-02  0.00000E+00  0.00000E+00  0.38528E-03  0.81969E-03  0.39302E-03 -0.16379E-03  0.60736E-03 -0.32994E-03
        0.7758  0.00000E+00 -0.22277E-02  0.00000E+00 -0.28357E-02  0.00000E+00  0.00000E+00  0.28652E-02  0.26507E-02  0.25152E-02  0.45945E-04  0.35648E-04  0.14920E-02      19  0.25261E-02  0.00000E+00  0.00000E+00  0.23433E-03  0.83140E-03  0.27138E-03 -0.15022E-03  0.45507E-03 -0.30719E-03
        0.8258  0.00000E+00 -0.20556E-02  0.00000E+00 -0.29384E-02  0.00000E+00  0.00000E+00  0.28651E-02  0.26506E-02  0.25152E-02  0.45944E-04  0.37945E-04  0.15069E-02      20  0.25261E-02  0.00000E+00  0.00000E+00  0.25603E-03  0.84421E-03  0.18709E-03 -0.14087E-03  0.32712E-03 -0.29083E-03
        0.8758  0.00000E+00 -0.18921E-02  0.00000E+00 -0.30330E-02  0.00000E+00  0.00000E+00  0.28658E-02  0.26506E-02  0.25151E-02  0.45944E-04  0.40242E-04  0.15236E-02      21  0.25261E-02  0.00000E+00  0.00000E+00  0.27191E-03  0.85780E-03  0.13404E-03 -0.13417E-03  0.22975E-03 -0.27934E-03
        0.9258  0.00000E+00 -0.17391E-02  0.00000E+00 -0.31200E-02  0.00000E+00  0.00000E+00  0.28665E-02  0.26506E-02  0.25151E-02  0.45945E-04  0.42539E-04  0.15411E-02      22  0.25261E-02  0.00000E+00  0.00000E+00  0.28318E-03  0.87196E-03  0.99909E-04 -0.12917E-03  0.15996E-03 -0.27135E-03
        0.9629  0.00000E+00 -0.16140E-02  0.00000E+00 -0.31799E-02  0.00000E+00  0.00000E+00  0.28669E-02  0.26506E-02  0.25151E-02  0.45945E-04  0.44243E-04  0.15550E-02      23  0.25261E-02  0.00000E+00  0.00000E+00  0.28785E-03  0.88264E-03  0.81406E-04 -0.12615E-03  0.11945E-03 -0.26692E-03
        1.0000  0.00000E+00 -0.15148E-02  0.00000E+00 -0.32360E-02  0.00000E+00  0.00000E+00  0.28672E-02  0.26506E-02  0.25150E-02  0.45945E-04  0.45947E-04  0.15694E-02      24  0.25261E-02  0.00000E+00  0.00000E+00  0.28909E-03  0.89336E-03  0.68251E-04 -0.12362E-03  0.89931E-04 -0.26358E-03
end
