 All solute fluxes and cumulative solute fluxes are positive into the region

       Time         cvTop        cvBot      Sum(cvTop)   Sum(cvBot)     cvCh0        cvCh1         cTop        cRoot         cBot        cvRoot    Sum(cvRoot)  Sum(cvNEql) TLevel      cGWL        cRunOff   Sum(cRunOff)    (cv(i),    Sum(cv(i)), i=1,NObs)
        [T]        [M/L2/T]     [M/L2/T]      [M/L2]       [M/L2]       [M/L2]      [M/L2]        [M/L3]      [M/L3]        [M/L3]      [M/L2/T]      [M/L2]       [M/L2]              [M/L3]        [M/L2]      [M/L3]      [M/L2/T]      [M/L2]
        0.0100  0.00000E+00  0.00000E+00  0.00000E+00  0.00000E+00  0.00000E+00  0.00000E+00  0.90701E-03  0.88315E-03  0.87503E-03  0.28915E-04  0.28915E-06 -0.12253E-04       1  0.88286E-03  0.00000E+00  0.00000E+00  0.13841E-04  0.13841E-06  0.71723E-04  0.71723E-06  0.10555E-03  0.10555E-05
        0.0230  0.00000E+00  0.00000E+00  0.00000E+00  0.00000E+00  0.00000E+00  0.00000E+00  0.90687E-03  0.88318E-03  0.87168E-03  0.28916E-04  0.66505E-06 -0.26219E-04       2  0.88277E-03  0.00000E+00  0.00000E+00  0.13804E-04  0.31787E-06  0.69933E-04  0.16264E-05  0.10366E-03  0.24031E-05
        0.0399  0.00000E+00  0.00000E+00  0.00000E+00  0.00000E+00  0.00000E+00  0.00000E+00  0.90691E-03  0.88317E-03  0.87456E-03  0.28915E-04  0.11537E-05 -0.39461E-04       3  0.88287E-03  0.00000E+00  0.00000E+00  0.13433E-04  0.54489E-06  0.67535E-04  0.27677E-05  0.10088E-03  0.41080E-05
        0.0619  0.00000E+00  0.00000E+00  0.00000E+00  0.00000E+00  0.00000E+00  0.00000E+00  0.90688E-03  0.88317E-03  0.87477E-03  0.28915E-04  0.17890E-05 -0.52984E-04       4  0.88287E-03  0.00000E+00  0.00000E+00  0.12701E-04  0.82392E-06  0.64641E-04  0.41878E-05  0.97582E-04  0.62518E-05
        0.0904  0.00000E+00  0.00000E+00  0.00000E+00  0.00000E+00  0.00000E+00  0.00000E+00  0.90688E-03  0.88317E-03  0.87569E-03  0.28915E-04  0.26149E-05 -0.67481E-04       5  0.88290E-03  0.00000E+00  0.00000E+00  0.11283E-04  0.11462E-05  0.61155E-04  0.59345E-05  0.93483E-04  0.89218E-05
        0.1276  0.00000E+00  0.00000E+00  0.00000E+00  0.00000E+00  0.00000E+00  0.00000E+00  0.90684E-03  0.88317E-03  0.87602E-03  0.28915E-04  0.36885E-05 -0.83052E-04       6  0.88293E-03  0.00000E+00  0.00000E+00  0.87574E-05  0.14713E-05  0.56940E-04  0.80486E-05  0.88688E-04  0.12215E-04
        0.1758  0.00000E+00  0.00000E+00  0.00000E+00  0.00000E+00  0.00000E+00  0.00000E+00  0.90680E-03  0.88317E-03  0.87650E-03  0.28915E-04  0.50842E-05 -0.10038E-03       7  0.88295E-03  0.00000E+00  0.00000E+00  0.45111E-05  0.16891E-05  0.51731E-04  0.10546E-04  0.83167E-04  0.16229E-04
        0.2258  0.00000E+00  0.00000E+00  0.00000E+00  0.00000E+00  0.00000E+00  0.00000E+00  0.90673E-03  0.88317E-03  0.87668E-03  0.28915E-04  0.65299E-05 -0.11618E-03       8  0.88295E-03  0.00000E+00  0.00000E+00 -0.68099E-06  0.16550E-05  0.46454E-04  0.12868E-04  0.78081E-04  0.20133E-04
        0.2758  0.00000E+00  0.00000E+00  0.00000E+00  0.00000E+00  0.00000E+00  0.00000E+00  0.90680E-03  0.88317E-03  0.87690E-03  0.28915E-04  0.79757E-05 -0.13020E-03       9  0.88296E-03  0.00000E+00  0.00000E+00  0.61549E-05  0.19628E-05  0.43751E-04  0.15056E-04  0.74105E-04  0.23838E-04
        0.3258  0.00000E+00  0.00000E+00  0.00000E+00  0.00000E+00  0.00000E+00  0.00000E+00  0.90728E-03  0.88317E-03  0.87698E-03  0.28915E-04  0.94215E-05 -0.13997E-03      10  0.88296E-03  0.00000E+00  0.00000E+00  0.48645E-04  0.43950E-05  0.49077E-04  0.17510E-04  0.73696E-04  0.27523E-04
        0.3758  0.00000E+00  0.00000E+00  0.00000E+00  0.00000E+00  0.00000E+00  0.00000E+00  0.90773E-03  0.88318E-03  0.87708E-03  0.28916E-04  0.10867E-04 -0.14317E-03      11  0.88296E-03  0.00000E+00  0.00000E+00  0.82548E-04  0.85225E-05  0.59856E-04  0.20502E-04  0.79644E-04  0.31505E-04
        0.4258  0.00000E+00  0.00000E+00  0.00000E+00  0.00000E+00  0.00000E+00  0.00000E+00  0.90804E-03  0.88319E-03  0.87712E-03  0.28916E-04  0.12313E-04 -0.14078E-03      12  0.88296E-03  0.00000E+00  0.00000E+00  0.10617E-03  0.13831E-04  0.74237E-04  0.24214E-04  0.90135E-04  0.36012E-04
        0.4758  0.00000E+00  0.00000E+00  0.00000E+00  0.00000E+00  0.00000E+00  0.00000E+00  0.90824E-03  0.88319E-03  0.87717E-03  0.28916E-04  0.13759E-04 -0.13473E-03      13  0.88296E-03  0.00000E+00  0.00000E+00  0.11771E-03  0.19716E-04  0.88121E-04  0.28620E-04  0.10335E-03  0.41179E-04
        0.5258  0.00000E+00  0.00000E+00  0.00000E+00  0.00000E+00  0.00000E+00  0.00000E+00  0.90828E-03  0.88320E-03  0.87718E-03  0.28917E-04  0.15205E-04 -0.12680E-03      14  0.88296E-03  0.00000E+00  0.00000E+00  0.11712E-03  0.25572E-04  0.99331E-04  0.33587E-04  0.11681E-03  0.47020E-04
        0.5758  0.00000E+00  0.00000E+00  0.00000E+00  0.00000E+00  0.00000E+00  0.00000E+00  0.90818E-03  0.88320E-03  0.87720E-03  0.28917E-04  0.16651E-04 -0.11923E-03      15  0.88296E-03  0.00000E+00  0.00000E+00  0.10428E-03  0.30786E-04  0.10601E-03  0.38887E-04  0.12838E-03  0.53439E-04
        0.6258  0.00000E+00  0.00000E+00  0.00000E+00  0.00000E+00  0.00000E+00  0.00000E+00  0.90795E-03  0.88320E-03  0.87719E-03  0.28917E-04  0.18096E-04 -0.11391E-03      16  0.88296E-03  0.00000E+00  0.00000E+00  0.80165E-04  0.34795E-04  0.10767E-03  0.44271E-04  0.13639E-03  0.60258E-04
        0.6758  0.00000E+00  0.00000E+00  0.00000E+00  0.00000E+00  0.00000E+00  0.00000E+00  0.90758E-03  0.88320E-03  0.87719E-03  0.28916E-04  0.19542E-04 -0.11265E-03      17  0.88296E-03  0.00000E+00  0.00000E+00  0.46113E-04  0.37100E-04  0.10188E-03  0.49365E-04  0.13919E-03  0.67218E-04
        0.7258  0.00000E+00  0.00000E+00  0.00000E+00  0.00000E+00  0.00000E+00  0.00000E+00  0.90711E-03  0.88319E-03  0.87717E-03  0.28916E-04  0.20988E-04 -0.11669E-03      18  0.88296E-03  0.00000E+00  0.00000E+00  0.43805E-05  0.37319E-04  0.89676E-04  0.53849E-04  0.13602E-03  0.74018E-04
        0.7758  0.00000E+00  0.00000E+00  0.00000E+00  0.00000E+00  0.00000E+00  0.00000E+00  0.90701E-03  0.88318E-03  0.87716E-03  0.28916E-04  0.22434E-04 -0.12494E-03      19  0.88296E-03  0.00000E+00  0.00000E+00 -0.60996E-06  0.37289E-04  0.78943E-04  0.57796E-04  0.12824E-03  0.80431E-04
        0.8258  0.00000E+00  0.00000E+00  0.00000E+00  0.00000E+00  0.00000E+00  0.00000E+00  0.90708E-03  0.88317E-03  0.87713E-03  0.28916E-04  0.23880E-04 -0.13382E-03      20  0.88296E-03  0.00000E+00  0.00000E+00  0.44648E-05  0.37512E-04  0.71918E-04  0.61392E-04  0.12055E-03  0.86458E-04
        0.8758  0.00000E+00  0.00000E+00  0.00000E+00  0.00000E+00  0.00000E+00  0.00000E+00  0.90712E-03  0.88318E-03  0.87710E-03  0.28916E-04  0.25325E-04 -0.14229E-03      21  0.88296E-03  0.00000E+00  0.00000E+00  0.87465E-05  0.37950E-04  0.67224E-04  0.64753E-04  0.11358E-03  0.92137E-04
        0.9258  0.00000E+00  0.00000E+00  0.00000E+00  0.00000E+00  0.00000E+00  0.00000E+00  0.90717E-03  0.88317E-03  0.87707E-03  0.28916E-04  0.26771E-04 -0.15058E-03      22  0.88296E-03  0.00000E+00  0.00000E+00  0.11808E-04  0.38540E-04  0.63978E-04  0.67952E-04  0.10778E-03  0.97527E-04
        0.9629  0.00000E+00  0.00000E+00  0.00000E+00  0.00000E+00  0.00000E+00  0.00000E+00  0.90719E-03  0.88318E-03  0.87705E-03  0.28916E-04  0.27844E-04 -0.15660E-03      23  0.88296E-03  0.00000E+00  0.00000E+00  0.13151E-04  0.39028E-04  0.62044E-04  0.70253E-04  0.10398E-03  0.10138E-03
        1.0000  0.00000E+00  0.00000E+00  0.00000E+00  0.00000E+00  0.00000E+00  0.00000E+00  0.90720E-03  0.88317E-03  0.87703E-03  0.28916E-04  0.28916E-04 -0.16261E-03      24  0.88296E-03  0.00000E+00  0.00000E+00  0.13593E-04  0.39532E-04  0.60417E-04  0.72494E-04  0.10073E-03  0.10512E-03
end
