 ******* Program HYDRUS
 ******* 
 Welcome to HYDRUS-1D                                                    
 Date:  29. 3.2022    Time:  17:28: 6
 Units: L = cm   , T = days , M = mg   

----------------------------------------------------------
 Time       [T]        0.0000
----------------------------------------------------------
 Sub-region num.                     1
----------------------------------------------------------
 Length   [L]        0.30000E+03  0.30000E+03
 W-volume [L]        0.10198E+03  0.10198E+03
 In-flow  [L/T]      0.00000E+00  0.00000E+00
 h Mean   [L]       -0.67013E+02 -0.67013E+02
 ConcVol  [M/L2] 1   0.91114E-01  0.91114E-01
 cMean    [M/L3] 1   0.89515E-03  0.89515E-03
 SorbVolIm[M/L2] 1   0.46727E+02  0.46727E+02
 sMeanIm  [-]    1   0.10742E+00  0.10742E+00
 Top Flux [L/T]     -0.20601E-01
 Bot Flux [L/T]     -0.13032E+00
----------------------------------------------------------

----------------------------------------------------------
 Time       [T]        1.0000
----------------------------------------------------------
 Sub-region num.                     1
----------------------------------------------------------
 Length   [L]        0.30000E+03  0.30000E+03
 W-volume [L]        0.10129E+03  0.10129E+03
 In-flow  [L/T]     -0.27583E+00 -0.27583E+00
 h Mean   [L]       -0.72974E+02 -0.72974E+02
 ConcVol  [M/L2] 1   0.90471E-01  0.90471E-01
 cMean    [M/L3] 1   0.89518E-03  0.89518E-03
 SorbVolIm[M/L2] 1   0.46728E+02  0.46728E+02
 sMeanIm  [-]    1   0.10742E+00  0.10742E+00
 Top Flux [L/T]      0.22402E-01
 Bot Flux [L/T]     -0.18436E+00
 WatBalT  [L]       -0.21696E-04
 WatBalR  [%]              0.003
 CncBalT  [M]    1   0.16785E-03
 CncBalR  [%]    1        26.034
----------------------------------------------------------
 
 Calculation time [sec]  9.999997913837433E-003
