 All solute fluxes and cumulative solute fluxes are positive into the region

       Time         cvTop        cvBot      Sum(cvTop)   Sum(cvBot)     cvCh0        cvCh1         cTop        cRoot         cBot        cvRoot    Sum(cvRoot)  Sum(cvNEql) TLevel      cGWL        cRunOff   Sum(cRunOff)    (cv(i),    Sum(cv(i)), i=1,NObs)
        [T]        [M/L2/T]     [M/L2/T]      [M/L2]       [M/L2]       [M/L2]      [M/L2]        [M/L3]      [M/L3]        [M/L3]      [M/L2/T]      [M/L2]       [M/L2]              [M/L3]        [M/L2]      [M/L3]      [M/L2/T]      [M/L2]
        0.0100  0.00000E+00 -0.12110E-03  0.00000E+00 -0.12110E-05  0.00000E+00  0.00000E+00  0.10227E-02  0.90444E-03  0.87866E-03  0.00000E+00  0.00000E+00 -0.46192E-05       1  0.88308E-03  0.00000E+00  0.00000E+00  0.25678E-04  0.25678E-06 -0.44292E-05 -0.44292E-07 -0.99173E-05 -0.99173E-07
        0.0200  0.00000E+00  0.00000E+00  0.00000E+00 -0.12110E-05  0.00000E+00  0.00000E+00  0.10229E-02  0.90446E-03  0.87641E-03  0.00000E+00  0.00000E+00 -0.70527E-05       2  0.88303E-03  0.00000E+00  0.00000E+00  0.24092E-04  0.49770E-06 -0.46783E-05 -0.91075E-07 -0.10699E-04 -0.20616E-06
        0.0330  0.00000E+00  0.00000E+00  0.00000E+00 -0.12110E-05  0.00000E+00  0.00000E+00  0.10228E-02  0.90446E-03  0.87728E-03  0.00000E+00  0.00000E+00 -0.91145E-05       3  0.88307E-03  0.00000E+00  0.00000E+00  0.20644E-04  0.76607E-06 -0.50861E-05 -0.15719E-06 -0.11772E-04 -0.35920E-06
        0.0499  0.00000E+00  0.00000E+00  0.00000E+00 -0.12110E-05  0.00000E+00  0.00000E+00  0.10228E-02  0.90446E-03  0.87788E-03  0.00000E+00  0.00000E+00 -0.10572E-04       4  0.88308E-03  0.00000E+00  0.00000E+00  0.13685E-04  0.99736E-06 -0.56855E-05 -0.25328E-06 -0.13021E-04 -0.57926E-06
        0.0719  0.00000E+00  0.00000E+00  0.00000E+00 -0.12110E-05  0.00000E+00  0.00000E+00  0.10226E-02  0.90446E-03  0.87838E-03  0.00000E+00  0.00000E+00 -0.11531E-04       5  0.88308E-03  0.00000E+00  0.00000E+00  0.77855E-06  0.10145E-05 -0.67555E-05 -0.40170E-06 -0.14682E-04 -0.90183E-06
        0.1004  0.00000E+00  0.00000E+00  0.00000E+00 -0.12110E-05  0.00000E+00  0.00000E+00  0.10224E-02  0.90446E-03  0.87879E-03  0.00000E+00  0.00000E+00 -0.12103E-04       6  0.88309E-03  0.00000E+00  0.00000E+00 -0.16572E-04  0.54115E-06 -0.15738E-04 -0.85118E-06 -0.17142E-04 -0.13914E-05
        0.1376  0.00000E+00 -0.24800E-05  0.00000E+00 -0.13031E-05  0.00000E+00  0.00000E+00  0.10222E-02  0.90446E-03  0.87990E-03  0.00000E+00  0.00000E+00 -0.11322E-04       7  0.88310E-03  0.00000E+00  0.00000E+00 -0.46241E-04 -0.11757E-05 -0.35094E-04 -0.21542E-05 -0.21495E-04 -0.21895E-05
        0.1858  0.00000E+00 -0.15851E-04  0.00000E+00 -0.20682E-05  0.00000E+00  0.00000E+00  0.10219E-02  0.90446E-03  0.87982E-03  0.00000E+00  0.00000E+00 -0.10960E-04       8  0.88310E-03  0.00000E+00  0.00000E+00 -0.93809E-04 -0.57037E-05 -0.71423E-04 -0.56016E-05 -0.30126E-04 -0.36436E-05
        0.2358  0.00000E+00 -0.33503E-04  0.00000E+00 -0.37433E-05  0.00000E+00  0.00000E+00  0.10214E-02  0.90445E-03  0.87989E-03  0.00000E+00  0.00000E+00 -0.14210E-04       9  0.88310E-03  0.00000E+00  0.00000E+00 -0.14935E-03 -0.13171E-04 -0.12005E-03 -0.11604E-04 -0.42804E-04 -0.57838E-05
        0.2858  0.00000E+00 -0.44201E-04  0.00000E+00 -0.59533E-05  0.00000E+00  0.00000E+00  0.10212E-02  0.90446E-03  0.87985E-03  0.00000E+00  0.00000E+00 -0.19278E-04      10  0.88310E-03  0.00000E+00  0.00000E+00 -0.17914E-03 -0.22128E-04 -0.16645E-03 -0.19927E-04 -0.57554E-04 -0.86615E-05
        0.3358  0.00000E+00 -0.50425E-04  0.00000E+00 -0.84746E-05  0.00000E+00  0.00000E+00  0.10213E-02  0.90446E-03  0.87988E-03  0.00000E+00  0.00000E+00 -0.22420E-04      11  0.88310E-03  0.00000E+00  0.00000E+00 -0.17472E-03 -0.30864E-04 -0.19749E-03 -0.29801E-04 -0.68746E-04 -0.12099E-04
        0.3858  0.00000E+00 -0.53926E-04  0.00000E+00 -0.11171E-04  0.00000E+00  0.00000E+00  0.10213E-02  0.90447E-03  0.87987E-03  0.00000E+00  0.00000E+00 -0.20978E-04      12  0.88310E-03  0.00000E+00  0.00000E+00 -0.17102E-03 -0.39415E-04 -0.21687E-03 -0.40645E-04 -0.73304E-04 -0.15764E-04
        0.4358  0.00000E+00 -0.55726E-04  0.00000E+00 -0.13957E-04  0.00000E+00  0.00000E+00  0.10213E-02  0.90448E-03  0.87988E-03  0.00000E+00  0.00000E+00 -0.15863E-04      13  0.88310E-03  0.00000E+00  0.00000E+00 -0.16841E-03 -0.47836E-04 -0.22687E-03 -0.51988E-04 -0.72967E-04 -0.19412E-04
        0.4858  0.00000E+00 -0.56406E-04  0.00000E+00 -0.16778E-04  0.00000E+00  0.00000E+00  0.10213E-02  0.90449E-03  0.87987E-03  0.00000E+00  0.00000E+00 -0.82020E-05      14  0.88310E-03  0.00000E+00  0.00000E+00 -0.16729E-03 -0.56200E-04 -0.23135E-03 -0.63556E-04 -0.69605E-04 -0.22893E-04
        0.5358  0.00000E+00 -0.56212E-04  0.00000E+00 -0.19588E-04  0.00000E+00  0.00000E+00  0.10212E-02  0.90450E-03  0.87988E-03  0.00000E+00  0.00000E+00  0.53167E-06      15  0.88310E-03  0.00000E+00  0.00000E+00 -0.16774E-03 -0.64587E-04 -0.23277E-03 -0.75194E-04 -0.65305E-04 -0.26158E-04
        0.5858  0.00000E+00 -0.55143E-04  0.00000E+00 -0.22345E-04  0.00000E+00  0.00000E+00  0.10212E-02  0.90450E-03  0.87988E-03  0.00000E+00  0.00000E+00  0.88052E-05      16  0.88310E-03  0.00000E+00  0.00000E+00 -0.16976E-03 -0.73075E-04 -0.23307E-03 -0.86848E-04 -0.62046E-04 -0.29260E-04
        0.6358  0.00000E+00 -0.53441E-04  0.00000E+00 -0.25017E-04  0.00000E+00  0.00000E+00  0.10211E-02  0.90450E-03  0.87988E-03  0.00000E+00  0.00000E+00  0.15091E-04      17  0.88310E-03  0.00000E+00  0.00000E+00 -0.17313E-03 -0.81732E-04 -0.23347E-03 -0.98521E-04 -0.61515E-04 -0.32336E-04
        0.6858  0.00000E+00 -0.51350E-04  0.00000E+00 -0.27585E-04  0.00000E+00  0.00000E+00  0.10210E-02  0.90450E-03  0.87988E-03  0.00000E+00  0.00000E+00  0.18109E-04      18  0.88310E-03  0.00000E+00  0.00000E+00 -0.17753E-03 -0.90608E-04 -0.23531E-03 -0.11029E-03 -0.64661E-04 -0.35569E-04
        0.7358  0.00000E+00 -0.48967E-04  0.00000E+00 -0.30033E-04  0.00000E+00  0.00000E+00  0.10209E-02  0.90449E-03  0.87988E-03  0.00000E+00  0.00000E+00  0.16824E-04      19  0.88310E-03  0.00000E+00  0.00000E+00 -0.18248E-03 -0.99732E-04 -0.23940E-03 -0.12226E-03 -0.71992E-04 -0.39169E-04
        0.7858  0.00000E+00 -0.46584E-04  0.00000E+00 -0.32362E-04  0.00000E+00  0.00000E+00  0.10213E-02  0.90448E-03  0.87988E-03  0.00000E+00  0.00000E+00  0.14000E-04      20  0.88310E-03  0.00000E+00  0.00000E+00 -0.12599E-03 -0.10603E-03 -0.22073E-03 -0.13329E-03 -0.79139E-04 -0.43125E-04
        0.8358  0.00000E+00 -0.44348E-04  0.00000E+00 -0.34580E-04  0.00000E+00  0.00000E+00  0.10217E-02  0.90447E-03  0.87988E-03  0.00000E+00  0.00000E+00  0.14012E-04      21  0.88310E-03  0.00000E+00  0.00000E+00 -0.72264E-04 -0.10964E-03 -0.18976E-03 -0.14278E-03 -0.78881E-04 -0.47070E-04
        0.8858  0.00000E+00 -0.42500E-04  0.00000E+00 -0.36705E-04  0.00000E+00  0.00000E+00  0.10220E-02  0.90447E-03  0.87988E-03  0.00000E+00  0.00000E+00  0.16603E-04      22  0.88310E-03  0.00000E+00  0.00000E+00 -0.27046E-04 -0.11100E-03 -0.15028E-03 -0.15030E-03 -0.73343E-04 -0.50737E-04
        0.9358  0.00000E+00 -0.41235E-04  0.00000E+00 -0.38766E-04  0.00000E+00  0.00000E+00  0.10222E-02  0.90447E-03  0.87988E-03  0.00000E+00  0.00000E+00  0.20765E-04      23  0.88310E-03  0.00000E+00  0.00000E+00  0.56162E-05 -0.11072E-03 -0.11149E-03 -0.15587E-03 -0.64074E-04 -0.53940E-04
        0.9679  0.00000E+00 -0.40457E-04  0.00000E+00 -0.40065E-04  0.00000E+00  0.00000E+00  0.10223E-02  0.90447E-03  0.87988E-03  0.00000E+00  0.00000E+00  0.23874E-04      24  0.88310E-03  0.00000E+00  0.00000E+00  0.21091E-04 -0.11004E-03 -0.88801E-04 -0.15872E-03 -0.57323E-04 -0.55780E-04
        1.0000  0.00000E+00 -0.40068E-04  0.00000E+00 -0.41350E-04  0.00000E+00  0.00000E+00  0.10224E-02  0.90447E-03  0.87988E-03  0.00000E+00  0.00000E+00  0.26985E-04      25  0.88310E-03  0.00000E+00  0.00000E+00  0.26246E-04 -0.10920E-03 -0.70254E-04 -0.16097E-03 -0.50281E-04 -0.57393E-04
end
