 All solute fluxes and cumulative solute fluxes are positive into the region

       Time         cvTop        cvBot      Sum(cvTop)   Sum(cvBot)     cvCh0        cvCh1         cTop        cRoot         cBot        cvRoot    Sum(cvRoot)  Sum(cvNEql) TLevel      cGWL        cRunOff   Sum(cRunOff)    (cv(i),    Sum(cv(i)), i=1,NObs)
        [T]        [M/L2/T]     [M/L2/T]      [M/L2]       [M/L2]       [M/L2]      [M/L2]        [M/L3]      [M/L3]        [M/L3]      [M/L2/T]      [M/L2]       [M/L2]              [M/L3]        [M/L2]      [M/L3]      [M/L2/T]      [M/L2]
        0.0100  0.00000E+00  0.00000E+00  0.00000E+00  0.00000E+00  0.00000E+00  0.00000E+00  0.90688E-03  0.88316E-03  0.86911E-03  0.40911E-04  0.40911E-06 -0.18433E-04       1  0.88276E-03  0.00000E+00  0.00000E+00  0.13469E-04  0.13469E-06 -0.23018E-03 -0.23018E-05 -0.30596E-03 -0.30596E-05
        0.0200  0.00000E+00  0.00000E+00  0.00000E+00  0.00000E+00  0.00000E+00  0.00000E+00  0.90684E-03  0.88309E-03  0.86542E-03  0.40907E-04  0.81819E-06 -0.42768E-04       2  0.88262E-03  0.00000E+00  0.00000E+00  0.30258E-05  0.16494E-06 -0.21891E-03 -0.44909E-05 -0.29558E-03 -0.60154E-05
        0.0330  0.00000E+00  0.00000E+00  0.00000E+00  0.00000E+00  0.00000E+00  0.00000E+00  0.90664E-03  0.88311E-03  0.86830E-03  0.40908E-04  0.13500E-05 -0.66075E-04       3  0.88273E-03  0.00000E+00  0.00000E+00 -0.21312E-04 -0.11211E-06 -0.20489E-03 -0.71545E-05 -0.28098E-03 -0.96681E-05
        0.0499  0.00000E+00  0.00000E+00  0.00000E+00  0.00000E+00  0.00000E+00  0.00000E+00  0.90621E-03  0.88310E-03  0.86868E-03  0.40908E-04  0.20413E-05 -0.92146E-04       4  0.88276E-03  0.00000E+00  0.00000E+00 -0.69424E-04 -0.12854E-05 -0.19399E-03 -0.10433E-04 -0.26456E-03 -0.14139E-04
        0.0719  0.00000E+00  0.00000E+00  0.00000E+00  0.00000E+00  0.00000E+00  0.00000E+00  0.90542E-03  0.88310E-03  0.86977E-03  0.40908E-04  0.29401E-05 -0.12249E-03       5  0.88280E-03  0.00000E+00  0.00000E+00 -0.15611E-03 -0.47151E-05 -0.19107E-03 -0.14631E-04 -0.24717E-03 -0.19570E-04
        0.1004  0.00000E+00  0.00000E+00  0.00000E+00  0.00000E+00  0.00000E+00  0.00000E+00  0.90411E-03  0.88310E-03  0.87031E-03  0.40908E-04  0.41085E-05 -0.16079E-03       6  0.88285E-03  0.00000E+00  0.00000E+00 -0.30075E-03 -0.13305E-04 -0.20979E-03 -0.20622E-04 -0.23423E-03 -0.26259E-04
        0.1376  0.00000E+00  0.00000E+00  0.00000E+00  0.00000E+00  0.00000E+00  0.00000E+00  0.90212E-03  0.88310E-03  0.87105E-03  0.40908E-04  0.56274E-05 -0.21427E-03       7  0.88287E-03  0.00000E+00  0.00000E+00 -0.52439E-03 -0.32775E-04 -0.27473E-03 -0.30823E-04 -0.23744E-03 -0.35076E-04
        0.1858  0.00000E+00  0.00000E+00  0.00000E+00  0.00000E+00  0.00000E+00  0.00000E+00  0.89936E-03  0.88310E-03  0.87156E-03  0.40908E-04  0.76019E-05 -0.29799E-03       8  0.88288E-03  0.00000E+00  0.00000E+00 -0.84263E-03 -0.73447E-04 -0.43068E-03 -0.51611E-04 -0.28269E-03 -0.48720E-04
        0.2358  0.00000E+00  0.00000E+00  0.00000E+00  0.00000E+00  0.00000E+00  0.00000E+00  0.89659E-03  0.88310E-03  0.87207E-03  0.40908E-04  0.96473E-05 -0.40562E-03       9  0.88290E-03  0.00000E+00  0.00000E+00 -0.11704E-02 -0.13197E-03 -0.66714E-03 -0.84968E-04 -0.37882E-03 -0.67661E-04
        0.2858  0.00000E+00  0.00000E+00  0.00000E+00  0.00000E+00  0.00000E+00  0.00000E+00  0.89413E-03  0.88312E-03  0.87240E-03  0.40910E-04  0.11693E-04 -0.53489E-03      10  0.88291E-03  0.00000E+00  0.00000E+00 -0.14543E-02 -0.20468E-03 -0.96639E-03 -0.13329E-03 -0.52725E-03 -0.94024E-04
        0.3358  0.00000E+00  0.00000E+00  0.00000E+00  0.00000E+00  0.00000E+00  0.00000E+00  0.89216E-03  0.88314E-03  0.87273E-03  0.40911E-04  0.13738E-04 -0.68210E-03      11  0.88292E-03  0.00000E+00  0.00000E+00 -0.16816E-02 -0.28876E-03 -0.12949E-02 -0.19803E-03 -0.70894E-03 -0.12947E-03
        0.3858  0.00000E+00  0.00000E+00  0.00000E+00  0.00000E+00  0.00000E+00  0.00000E+00  0.89058E-03  0.88317E-03  0.87298E-03  0.40913E-04  0.15784E-04 -0.84187E-03      12  0.88292E-03  0.00000E+00  0.00000E+00 -0.18543E-02 -0.38148E-03 -0.16443E-02 -0.28025E-03 -0.92386E-03 -0.17566E-03
        0.4358  0.00000E+00  0.00000E+00  0.00000E+00  0.00000E+00  0.00000E+00  0.00000E+00  0.88934E-03  0.88319E-03  0.87324E-03  0.40915E-04  0.17830E-04 -0.10096E-02      13  0.88293E-03  0.00000E+00  0.00000E+00 -0.19648E-02 -0.47972E-03 -0.19624E-02 -0.37837E-03 -0.11610E-02 -0.23371E-03
        0.4858  0.00000E+00  0.00000E+00  0.00000E+00  0.00000E+00  0.00000E+00  0.00000E+00  0.88868E-03  0.88323E-03  0.87348E-03  0.40917E-04  0.19876E-04 -0.11791E-02      14  0.88293E-03  0.00000E+00  0.00000E+00 -0.20077E-02 -0.58010E-03 -0.22122E-02 -0.48898E-03 -0.13932E-02 -0.30337E-03
        0.5358  0.00000E+00  0.00000E+00  0.00000E+00  0.00000E+00  0.00000E+00  0.00000E+00  0.88842E-03  0.88324E-03  0.87374E-03  0.40918E-04  0.21921E-04 -0.13441E-02      15  0.88294E-03  0.00000E+00  0.00000E+00 -0.19837E-02 -0.67929E-03 -0.23701E-02 -0.60748E-03 -0.15925E-02 -0.38300E-03
        0.5858  0.00000E+00  0.00000E+00  0.00000E+00  0.00000E+00  0.00000E+00  0.00000E+00  0.88871E-03  0.88326E-03  0.87402E-03  0.40919E-04  0.23967E-04 -0.14981E-02      16  0.88294E-03  0.00000E+00  0.00000E+00 -0.18916E-02 -0.77387E-03 -0.24211E-02 -0.72854E-03 -0.17380E-02 -0.46990E-03
        0.6358  0.00000E+00  0.00000E+00  0.00000E+00  0.00000E+00  0.00000E+00  0.00000E+00  0.88944E-03  0.88327E-03  0.87435E-03  0.40919E-04  0.26013E-04 -0.16355E-02      17  0.88295E-03  0.00000E+00  0.00000E+00 -0.17432E-02 -0.86103E-03 -0.23665E-02 -0.84686E-03 -0.18155E-02 -0.56067E-03
        0.6858  0.00000E+00  0.00000E+00  0.00000E+00  0.00000E+00  0.00000E+00  0.00000E+00  0.89061E-03  0.88327E-03  0.87474E-03  0.40919E-04  0.28059E-04 -0.17519E-02      18  0.88296E-03  0.00000E+00  0.00000E+00 -0.15343E-02 -0.93774E-03 -0.22196E-02 -0.95784E-03 -0.18245E-02 -0.65189E-03
        0.7358  0.00000E+00 -0.33528E-05  0.00000E+00 -0.16764E-06  0.00000E+00  0.00000E+00  0.89214E-03  0.88326E-03  0.87923E-03  0.40918E-04  0.30105E-04 -0.18341E-02      19  0.88303E-03  0.00000E+00  0.00000E+00 -0.12879E-02 -0.10021E-02 -0.20000E-02 -0.10578E-02 -0.17707E-02 -0.74043E-03
        0.7858  0.00000E+00 -0.39446E-04  0.00000E+00 -0.21399E-05  0.00000E+00  0.00000E+00  0.89422E-03  0.88325E-03  0.87899E-03  0.40918E-04  0.32151E-04 -0.18831E-02      20  0.88301E-03  0.00000E+00  0.00000E+00 -0.97386E-03 -0.10508E-02 -0.17145E-02 -0.11436E-02 -0.16598E-02 -0.82342E-03
        0.8358  0.00000E+00 -0.10679E-03  0.00000E+00 -0.74795E-05  0.00000E+00  0.00000E+00  0.89650E-03  0.88323E-03  0.87922E-03  0.40916E-04  0.34197E-04 -0.19075E-02      21  0.88302E-03  0.00000E+00  0.00000E+00 -0.65215E-03 -0.10834E-02 -0.14033E-02 -0.12137E-02 -0.14963E-02 -0.89823E-03
        0.8858  0.00000E+00 -0.17691E-03  0.00000E+00 -0.16325E-04  0.00000E+00  0.00000E+00  0.89873E-03  0.88321E-03  0.87914E-03  0.40915E-04  0.36243E-04 -0.19102E-02      22  0.88302E-03  0.00000E+00  0.00000E+00 -0.34785E-03 -0.11008E-02 -0.10997E-02 -0.12687E-02 -0.13028E-02 -0.96337E-03
        0.9358  0.00000E+00 -0.24795E-03  0.00000E+00 -0.28722E-04  0.00000E+00  0.00000E+00  0.90061E-03  0.88319E-03  0.87927E-03  0.40914E-04  0.38288E-04 -0.18986E-02      23  0.88302E-03  0.00000E+00  0.00000E+00 -0.10997E-03 -0.11063E-02 -0.83649E-03 -0.13105E-02 -0.11079E-02 -0.10188E-02
        0.9679  0.00000E+00 -0.30598E-03  0.00000E+00 -0.38540E-04  0.00000E+00  0.00000E+00  0.90138E-03  0.88317E-03  0.87923E-03  0.40913E-04  0.39601E-04 -0.18876E-02      24  0.88302E-03  0.00000E+00  0.00000E+00 -0.16094E-04 -0.11068E-02 -0.69402E-03 -0.13328E-02 -0.98922E-03 -0.10505E-02
        1.0000  0.00000E+00 -0.35021E-03  0.00000E+00 -0.49777E-04  0.00000E+00  0.00000E+00  0.90168E-03  0.88316E-03  0.87930E-03  0.40912E-04  0.40914E-04 -0.18760E-02      25  0.88302E-03  0.00000E+00  0.00000E+00  0.19662E-04 -0.11062E-02 -0.58450E-03 -0.13516E-02 -0.88365E-03 -0.10789E-02
end
