 ******* Program HYDRUS
 ******* 
 Welcome to HYDRUS-1D                                                    
 Date:  29. 3.2022    Time:  17:28:10
 Units: L = cm   , T = days , M = mg   

----------------------------------------------------------
 Time       [T]        0.0000
----------------------------------------------------------
 Sub-region num.                     1
----------------------------------------------------------
 Length   [L]        0.30000E+03  0.30000E+03
 W-volume [L]        0.10155E+03  0.10155E+03
 In-flow  [L/T]      0.00000E+00  0.00000E+00
 h Mean   [L]       -0.76356E+02 -0.76356E+02
 ConcVol  [M/L2] 1   0.90665E-01  0.90665E-01
 cMean    [M/L3] 1   0.89391E-03  0.89391E-03
 SorbVolIm[M/L2] 1   0.46661E+02  0.46661E+02
 sMeanIm  [-]    1   0.10727E+00  0.10727E+00
 Top Flux [L/T]     -0.64378E-01
 Bot Flux [L/T]     -0.81129E+00
----------------------------------------------------------

----------------------------------------------------------
 Time       [T]        1.0000
----------------------------------------------------------
 Sub-region num.                     1
----------------------------------------------------------
 Length   [L]        0.30000E+03  0.30000E+03
 W-volume [L]        0.10041E+03  0.10041E+03
 In-flow  [L/T]     -0.11228E+01 -0.11228E+01
 h Mean   [L]       -0.85494E+02 -0.85494E+02
 ConcVol  [M/L2] 1   0.89608E-01  0.89608E-01
 cMean    [M/L3] 1   0.89391E-03  0.89391E-03
 SorbVolIm[M/L2] 1   0.46661E+02  0.46661E+02
 sMeanIm  [-]    1   0.10727E+00  0.10727E+00
 Top Flux [L/T]     -0.20879E-03
 Bot Flux [L/T]     -0.10642E+01
 WatBalT  [L]       -0.19431E-04
 WatBalR  [%]              0.001
 CncBalT  [M]    1   0.17548E-03
 CncBalR  [%]    1        14.779
----------------------------------------------------------
 
 Calculation time [sec]  1.000000536441803E-002
