 ******* Program HYDRUS
 ******* 
 Welcome to HYDRUS-1D                                                    
 Date:  28. 3.2022    Time:   8:57:31
 Units: L = cm   , T = days , M = mg   

----------------------------------------------------------
 Time       [T]        0.0000
----------------------------------------------------------
 Sub-region num.                     1
----------------------------------------------------------
 Length   [L]        0.30000E+03  0.30000E+03
 W-volume [L]        0.10289E+03  0.10289E+03
 In-flow  [L/T]      0.00000E+00  0.00000E+00
 h Mean   [L]       -0.60764E+02 -0.60764E+02
 ConcVol  [M/L2] 1   0.91947E-01  0.91947E-01
 cMean    [M/L3] 1   0.89521E-03  0.89521E-03
 SorbVolIm[M/L2] 1   0.46731E+02  0.46731E+02
 sMeanIm  [-]    1   0.10743E+00  0.10743E+00
 Top Flux [L/T]     -0.50312E-02
 Bot Flux [L/T]     -0.11011E+01
----------------------------------------------------------

----------------------------------------------------------
 Time       [T]        1.0000
----------------------------------------------------------
 Sub-region num.                     1
----------------------------------------------------------
 Length   [L]        0.30000E+03  0.30000E+03
 W-volume [L]        0.10182E+03  0.10182E+03
 In-flow  [L/T]     -0.60443E+00 -0.60443E+00
 h Mean   [L]       -0.68298E+02 -0.68298E+02
 ConcVol  [M/L2] 1   0.90963E-01  0.90963E-01
 cMean    [M/L3] 1   0.89525E-03  0.89525E-03
 SorbVolIm[M/L2] 1   0.46731E+02  0.46731E+02
 sMeanIm  [-]    1   0.10743E+00  0.10743E+00
 Top Flux [L/T]      0.75044E-01
 Bot Flux [L/T]     -0.51695E+00
 WatBalT  [L]       -0.13007E-01
 WatBalR  [%]              1.197
 CncBalT  [M]    1   0.80109E-04
 CncBalR  [%]    1         7.948
----------------------------------------------------------
 
 Calculation time [sec]  1.000005006790161E-002
