 All solute fluxes and cumulative solute fluxes are positive into the region

       Time         cvTop        cvBot      Sum(cvTop)   Sum(cvBot)     cvCh0        cvCh1         cTop        cRoot         cBot        cvRoot    Sum(cvRoot)  Sum(cvNEql) TLevel      cGWL        cRunOff   Sum(cRunOff)    (cv(i),    Sum(cv(i)), i=1,NObs)
        [T]        [M/L2/T]     [M/L2/T]      [M/L2]       [M/L2]       [M/L2]      [M/L2]        [M/L3]      [M/L3]        [M/L3]      [M/L2/T]      [M/L2]       [M/L2]              [M/L3]        [M/L2]      [M/L3]      [M/L2/T]      [M/L2]
        0.0100  0.00000E+00 -0.27170E-03  0.00000E+00 -0.27170E-05  0.00000E+00  0.00000E+00  0.93701E-03  0.89325E-03  0.87694E-03  0.23763E-04  0.23763E-06 -0.87159E-06       1  0.88322E-03  0.00000E+00  0.00000E+00  0.34463E-04  0.34463E-06 -0.17883E-03 -0.17883E-05 -0.16842E-03 -0.16842E-05
        0.0200  0.00000E+00 -0.15760E-03  0.00000E+00 -0.42930E-05  0.00000E+00  0.00000E+00  0.93703E-03  0.89322E-03  0.87682E-03  0.23762E-04  0.47525E-06  0.28717E-05       2  0.88321E-03  0.00000E+00  0.00000E+00  0.31570E-04  0.66033E-06 -0.14081E-03 -0.31964E-05 -0.14426E-03 -0.31267E-05
        0.0330  0.00000E+00 -0.14518E-03  0.00000E+00 -0.61803E-05  0.00000E+00  0.00000E+00  0.93697E-03  0.89324E-03  0.87681E-03  0.23763E-04  0.78416E-06  0.71317E-05       3  0.88321E-03  0.00000E+00  0.00000E+00  0.25012E-04  0.98548E-06 -0.10964E-03 -0.46217E-05 -0.12109E-03 -0.47009E-05
        0.0499  0.00000E+00 -0.12851E-03  0.00000E+00 -0.83521E-05  0.00000E+00  0.00000E+00  0.93688E-03  0.89324E-03  0.87679E-03  0.23762E-04  0.11857E-05  0.12428E-04       4  0.88321E-03  0.00000E+00  0.00000E+00  0.11683E-04  0.11829E-05 -0.96807E-04 -0.62577E-05 -0.10537E-03 -0.64817E-05
        0.0719  0.00000E+00 -0.11067E-03  0.00000E+00 -0.10784E-04  0.00000E+00  0.00000E+00  0.93673E-03  0.89324E-03  0.87678E-03  0.23762E-04  0.17078E-05  0.18735E-04       5  0.88321E-03  0.00000E+00  0.00000E+00 -0.37183E-05  0.11012E-05 -0.92234E-04 -0.82841E-05 -0.91309E-04 -0.84877E-05
        0.1004  0.00000E+00 -0.95165E-04  0.00000E+00 -0.13502E-04  0.00000E+00  0.00000E+00  0.93652E-03  0.89324E-03  0.87676E-03  0.23762E-04  0.23865E-05  0.25828E-04       6  0.88321E-03  0.00000E+00  0.00000E+00 -0.26691E-04  0.33893E-06 -0.10225E-03 -0.11204E-04 -0.83935E-04 -0.10885E-04
        0.1376  0.00000E+00 -0.88381E-04  0.00000E+00 -0.16783E-04  0.00000E+00  0.00000E+00  0.93617E-03  0.89324E-03  0.87676E-03  0.23762E-04  0.32688E-05  0.32893E-04       7  0.88321E-03  0.00000E+00  0.00000E+00 -0.64954E-04 -0.20728E-05 -0.13635E-03 -0.16267E-04 -0.90466E-04 -0.14244E-04
        0.1858  0.00000E+00 -0.10021E-03  0.00000E+00 -0.21620E-04  0.00000E+00  0.00000E+00  0.93562E-03  0.89324E-03  0.87679E-03  0.23762E-04  0.44157E-05  0.37962E-04       8  0.88321E-03  0.00000E+00  0.00000E+00 -0.12431E-03 -0.80728E-05 -0.21149E-03 -0.26475E-04 -0.12339E-03 -0.20200E-04
        0.2358  0.00000E+00 -0.13626E-03  0.00000E+00 -0.28433E-04  0.00000E+00  0.00000E+00  0.93501E-03  0.89324E-03  0.87684E-03  0.23763E-04  0.56039E-05  0.38213E-04       9  0.88321E-03  0.00000E+00  0.00000E+00 -0.19072E-03 -0.17609E-04 -0.31476E-03 -0.42213E-04 -0.17914E-03 -0.29157E-04
        0.2858  0.00000E+00 -0.18958E-03  0.00000E+00 -0.37912E-04  0.00000E+00  0.00000E+00  0.93455E-03  0.89325E-03  0.87690E-03  0.23763E-04  0.67920E-05  0.34684E-04      10  0.88321E-03  0.00000E+00  0.00000E+00 -0.23631E-03 -0.29424E-04 -0.40846E-03 -0.62636E-04 -0.24007E-03 -0.41160E-04
        0.3358  0.00000E+00 -0.24348E-03  0.00000E+00 -0.50086E-04  0.00000E+00  0.00000E+00  0.93433E-03  0.89325E-03  0.87695E-03  0.23763E-04  0.79801E-05  0.29651E-04      11  0.88321E-03  0.00000E+00  0.00000E+00 -0.25503E-03 -0.42176E-04 -0.47349E-03 -0.86310E-04 -0.29083E-03 -0.55701E-04
        0.3858  0.00000E+00 -0.28711E-03  0.00000E+00 -0.64441E-04  0.00000E+00  0.00000E+00  0.93415E-03  0.89326E-03  0.87699E-03  0.23763E-04  0.91683E-05  0.24018E-04      12  0.88321E-03  0.00000E+00  0.00000E+00 -0.27040E-03 -0.55696E-04 -0.52736E-03 -0.11268E-03 -0.33263E-03 -0.72332E-04
        0.4358  0.00000E+00 -0.32008E-03  0.00000E+00 -0.80445E-04  0.00000E+00  0.00000E+00  0.93399E-03  0.89326E-03  0.87702E-03  0.23763E-04  0.10356E-04  0.17902E-04      13  0.88321E-03  0.00000E+00  0.00000E+00 -0.28047E-03 -0.69719E-04 -0.56635E-03 -0.14100E-03 -0.36339E-03 -0.90502E-04
        0.4858  0.00000E+00 -0.34355E-03  0.00000E+00 -0.97623E-04  0.00000E+00  0.00000E+00  0.93389E-03  0.89327E-03  0.87705E-03  0.23763E-04  0.11545E-04  0.11535E-04      14  0.88321E-03  0.00000E+00  0.00000E+00 -0.28472E-03 -0.83955E-04 -0.59102E-03 -0.17055E-03 -0.38422E-03 -0.10971E-03
        0.5358  0.00000E+00 -0.35888E-03  0.00000E+00 -0.11557E-03  0.00000E+00  0.00000E+00  0.93384E-03  0.89327E-03  0.87707E-03  0.23763E-04  0.12733E-04  0.51189E-05      15  0.88321E-03  0.00000E+00  0.00000E+00 -0.28252E-03 -0.98081E-04 -0.60096E-03 -0.20060E-03 -0.39569E-03 -0.12950E-03
        0.5858  0.00000E+00 -0.36722E-03  0.00000E+00 -0.13393E-03  0.00000E+00  0.00000E+00  0.93384E-03  0.89327E-03  0.87708E-03  0.23764E-04  0.13921E-04 -0.11053E-05      16  0.88321E-03  0.00000E+00  0.00000E+00 -0.27423E-03 -0.11179E-03 -0.59695E-03 -0.23044E-03 -0.39864E-03 -0.14943E-03
        0.6358  0.00000E+00 -0.36975E-03  0.00000E+00 -0.15242E-03  0.00000E+00  0.00000E+00  0.93388E-03  0.89327E-03  0.87709E-03  0.23764E-04  0.15109E-04 -0.70645E-05      17  0.88321E-03  0.00000E+00  0.00000E+00 -0.26043E-03 -0.12481E-03 -0.58050E-03 -0.25947E-03 -0.39416E-03 -0.16914E-03
        0.6858  0.00000E+00 -0.36742E-03  0.00000E+00 -0.17079E-03  0.00000E+00  0.00000E+00  0.93396E-03  0.89327E-03  0.87710E-03  0.23764E-04  0.16297E-04 -0.12648E-04      18  0.88321E-03  0.00000E+00  0.00000E+00 -0.24241E-03 -0.13693E-03 -0.55401E-03 -0.28717E-03 -0.38360E-03 -0.18832E-03
        0.7358  0.00000E+00 -0.36142E-03  0.00000E+00 -0.18886E-03  0.00000E+00  0.00000E+00  0.93407E-03  0.89327E-03  0.87710E-03  0.23763E-04  0.17486E-04 -0.17889E-04      19  0.88321E-03  0.00000E+00  0.00000E+00 -0.22174E-03 -0.14802E-03 -0.52062E-03 -0.31320E-03 -0.36866E-03 -0.20675E-03
        0.7858  0.00000E+00 -0.34261E-03  0.00000E+00 -0.20599E-03  0.00000E+00  0.00000E+00  0.93454E-03  0.89327E-03  0.87709E-03  0.23763E-04  0.18674E-04 -0.19998E-04      20  0.88321E-03  0.00000E+00  0.00000E+00 -0.15588E-03 -0.15582E-03 -0.42629E-03 -0.33451E-03 -0.32481E-03 -0.22299E-03
        0.8358  0.00000E+00 -0.30227E-03  0.00000E+00 -0.22110E-03  0.00000E+00  0.00000E+00  0.93507E-03  0.89326E-03  0.87706E-03  0.23763E-04  0.19862E-04 -0.17778E-04      21  0.88321E-03  0.00000E+00  0.00000E+00 -0.92556E-04 -0.16044E-03 -0.32373E-03 -0.35070E-03 -0.26728E-03 -0.23635E-03
        0.8858  0.00000E+00 -0.24661E-03  0.00000E+00 -0.23343E-03  0.00000E+00  0.00000E+00  0.93552E-03  0.89326E-03  0.87702E-03  0.23763E-04  0.21050E-04 -0.12287E-04      22  0.88321E-03  0.00000E+00  0.00000E+00 -0.37476E-04 -0.16232E-03 -0.22302E-03 -0.36185E-03 -0.20249E-03 -0.24648E-03
        0.9358  0.00000E+00 -0.18573E-03  0.00000E+00 -0.24272E-03  0.00000E+00  0.00000E+00  0.93588E-03  0.89325E-03  0.87697E-03  0.23763E-04  0.22238E-04 -0.44246E-05      23  0.88321E-03  0.00000E+00  0.00000E+00  0.21120E-05 -0.16221E-03 -0.13815E-03 -0.36876E-03 -0.14089E-03 -0.25352E-03
        0.9679  0.00000E+00 -0.13764E-03  0.00000E+00 -0.24713E-03  0.00000E+00  0.00000E+00  0.93607E-03  0.89325E-03  0.87694E-03  0.23763E-04  0.23001E-04  0.12800E-05      24  0.88321E-03  0.00000E+00  0.00000E+00  0.26539E-04 -0.16136E-03 -0.94691E-04 -0.37180E-03 -0.10570E-03 -0.25692E-03
        1.0000  0.00000E+00 -0.10487E-03  0.00000E+00 -0.25050E-03  0.00000E+00  0.00000E+00  0.93621E-03  0.89325E-03  0.87691E-03  0.23763E-04  0.23763E-04  0.71101E-05      25  0.88321E-03  0.00000E+00  0.00000E+00  0.36350E-04 -0.16019E-03 -0.64911E-04 -0.37388E-03 -0.77582E-04 -0.25940E-03
end
