 All solute fluxes and cumulative solute fluxes are positive into the region

       Time         cvTop        cvBot      Sum(cvTop)   Sum(cvBot)     cvCh0        cvCh1         cTop        cRoot         cBot        cvRoot    Sum(cvRoot)  Sum(cvNEql) TLevel      cGWL        cRunOff   Sum(cRunOff)    (cv(i),    Sum(cv(i)), i=1,NObs)
        [T]        [M/L2/T]     [M/L2/T]      [M/L2]       [M/L2]       [M/L2]      [M/L2]        [M/L3]      [M/L3]        [M/L3]      [M/L2/T]      [M/L2]       [M/L2]              [M/L3]        [M/L2]      [M/L3]      [M/L2/T]      [M/L2]
        0.0100  0.00000E+00 -0.25364E-03  0.00000E+00 -0.25364E-05  0.00000E+00  0.00000E+00  0.84214E-03  0.88268E-03  0.87755E-03  0.35087E-04  0.35087E-06 -0.38430E-06       1  0.88322E-03  0.00000E+00  0.00000E+00  0.32719E-04  0.32719E-06  0.84293E-05  0.84293E-07 -0.85224E-04 -0.85224E-06
        0.0230  0.00000E+00 -0.47853E-03  0.00000E+00 -0.87574E-05  0.00000E+00  0.00000E+00  0.84203E-03  0.88272E-03  0.87738E-03  0.35087E-04  0.80700E-06  0.53530E-05       2  0.88320E-03  0.00000E+00  0.00000E+00  0.32669E-04  0.75189E-06 -0.45269E-04 -0.50420E-06 -0.16261E-03 -0.29662E-05
        0.0399  0.00000E+00 -0.42030E-03  0.00000E+00 -0.15860E-04  0.00000E+00  0.00000E+00  0.84202E-03  0.88266E-03  0.87738E-03  0.35086E-04  0.13999E-05  0.79177E-05       3  0.88321E-03  0.00000E+00  0.00000E+00  0.31982E-04  0.12924E-05 -0.89454E-04 -0.20160E-05 -0.20987E-03 -0.65129E-05
        0.0619  0.00000E+00 -0.36695E-03  0.00000E+00 -0.23922E-04  0.00000E+00  0.00000E+00  0.84199E-03  0.88268E-03  0.87732E-03  0.35086E-04  0.21708E-05  0.12800E-04       4  0.88320E-03  0.00000E+00  0.00000E+00  0.30522E-04  0.19630E-05 -0.10271E-03 -0.42725E-05 -0.20782E-03 -0.11079E-04
        0.0904  0.00000E+00 -0.31825E-03  0.00000E+00 -0.33012E-04  0.00000E+00  0.00000E+00  0.84196E-03  0.88267E-03  0.87730E-03  0.35086E-04  0.31729E-05  0.18017E-04       5  0.88321E-03  0.00000E+00  0.00000E+00  0.27747E-04  0.27554E-05 -0.99529E-04 -0.71151E-05 -0.18915E-03 -0.16481E-04
        0.1276  0.00000E+00 -0.26879E-03  0.00000E+00 -0.42992E-04  0.00000E+00  0.00000E+00  0.84192E-03  0.88267E-03  0.87726E-03  0.35086E-04  0.44756E-05  0.24701E-04       6  0.88321E-03  0.00000E+00  0.00000E+00  0.22784E-04  0.36014E-05 -0.86417E-04 -0.10324E-04 -0.16001E-03 -0.22422E-04
        0.1758  0.00000E+00 -0.21952E-03  0.00000E+00 -0.53588E-04  0.00000E+00  0.00000E+00  0.84185E-03  0.88267E-03  0.87723E-03  0.35086E-04  0.61691E-05  0.32206E-04       7  0.88320E-03  0.00000E+00  0.00000E+00  0.14444E-04  0.42985E-05 -0.71068E-04 -0.13754E-04 -0.12839E-03 -0.28619E-04
        0.2258  0.00000E+00 -0.17511E-03  0.00000E+00 -0.62343E-04  0.00000E+00  0.00000E+00  0.84177E-03  0.88267E-03  0.87719E-03  0.35086E-04  0.79234E-05  0.39416E-04       8  0.88320E-03  0.00000E+00  0.00000E+00  0.52652E-05  0.45618E-05 -0.60009E-04 -0.16754E-04 -0.10373E-03 -0.33806E-04
        0.2758  0.00000E+00 -0.13903E-03  0.00000E+00 -0.69295E-04  0.00000E+00  0.00000E+00  0.84185E-03  0.88267E-03  0.87717E-03  0.35086E-04  0.96777E-05  0.46539E-04       9  0.88320E-03  0.00000E+00  0.00000E+00  0.16727E-04  0.53981E-05 -0.43764E-04 -0.18943E-04 -0.80203E-04 -0.37816E-04
        0.3258  0.00000E+00 -0.10510E-03  0.00000E+00 -0.74550E-04  0.00000E+00  0.00000E+00  0.84257E-03  0.88268E-03  0.87714E-03  0.35086E-04  0.11432E-04  0.56307E-04      10  0.88320E-03  0.00000E+00  0.00000E+00  0.96437E-04  0.10220E-04  0.48263E-06 -0.18919E-04 -0.41484E-04 -0.39890E-04
        0.3758  0.00000E+00 -0.67864E-04  0.00000E+00 -0.77943E-04  0.00000E+00  0.00000E+00  0.84332E-03  0.88268E-03  0.87711E-03  0.35086E-04  0.13186E-04  0.68847E-04      11  0.88320E-03  0.00000E+00  0.00000E+00  0.16003E-03  0.18221E-04  0.46654E-04 -0.16586E-04  0.17811E-05 -0.39801E-04
        0.4258  0.00000E+00 -0.27339E-04  0.00000E+00 -0.79310E-04  0.00000E+00  0.00000E+00  0.84379E-03  0.88267E-03  0.87707E-03  0.35086E-04  0.14941E-04  0.83179E-04      12  0.88320E-03  0.00000E+00  0.00000E+00  0.20470E-03  0.28456E-04  0.88594E-04 -0.12156E-04  0.44504E-04 -0.37576E-04
        0.4758  0.00000E+00 -0.31991E-05  0.00000E+00 -0.79470E-04  0.00000E+00  0.00000E+00  0.84412E-03  0.88267E-03  0.87445E-03  0.35086E-04  0.16695E-04  0.91681E-04      13  0.88319E-03  0.00000E+00  0.00000E+00  0.22667E-03  0.39790E-04  0.11963E-03 -0.61749E-05  0.80889E-04 -0.33531E-04
        0.5258  0.00000E+00  0.00000E+00  0.00000E+00 -0.79470E-04  0.00000E+00  0.00000E+00  0.84418E-03  0.88267E-03  0.87543E-03  0.35086E-04  0.18449E-04  0.97151E-04      14  0.88320E-03  0.00000E+00  0.00000E+00  0.22574E-03  0.51076E-04  0.13689E-03  0.66950E-06  0.10756E-03 -0.28153E-04
        0.5758  0.00000E+00  0.00000E+00  0.00000E+00 -0.79470E-04  0.00000E+00  0.00000E+00  0.84405E-03  0.88267E-03  0.87433E-03  0.35086E-04  0.20203E-04  0.10142E-03      15  0.88319E-03  0.00000E+00  0.00000E+00  0.20155E-03  0.61154E-04  0.13829E-03  0.75838E-05  0.12121E-03 -0.22093E-04
        0.6258  0.00000E+00  0.00000E+00  0.00000E+00 -0.79470E-04  0.00000E+00  0.00000E+00  0.84368E-03  0.88267E-03  0.87470E-03  0.35086E-04  0.21958E-04  0.10198E-03      16  0.88319E-03  0.00000E+00  0.00000E+00  0.15602E-03  0.68955E-04  0.12381E-03  0.13774E-04  0.12082E-03 -0.16052E-04
        0.6758  0.00000E+00  0.00000E+00  0.00000E+00 -0.79470E-04  0.00000E+00  0.00000E+00  0.84311E-03  0.88267E-03  0.87427E-03  0.35086E-04  0.23712E-04  0.99999E-04      17  0.88319E-03  0.00000E+00  0.00000E+00  0.91784E-04  0.73544E-04  0.94795E-04  0.18514E-04  0.10635E-03 -0.10735E-04
        0.7258  0.00000E+00  0.00000E+00  0.00000E+00 -0.79470E-04  0.00000E+00  0.00000E+00  0.84237E-03  0.88267E-03  0.87457E-03  0.35086E-04  0.25466E-04  0.94362E-04      18  0.88319E-03  0.00000E+00  0.00000E+00  0.13261E-04  0.74207E-04  0.54015E-04  0.21215E-04  0.79120E-04 -0.67787E-05
        0.7758  0.00000E+00  0.00000E+00  0.00000E+00 -0.79470E-04  0.00000E+00  0.00000E+00  0.84216E-03  0.88267E-03  0.87451E-03  0.35086E-04  0.27221E-04  0.88628E-04      19  0.88319E-03  0.00000E+00  0.00000E+00  0.50520E-05  0.74460E-04  0.36764E-04  0.23053E-04  0.60758E-04 -0.37409E-05
        0.8258  0.00000E+00  0.00000E+00  0.00000E+00 -0.79470E-04  0.00000E+00  0.00000E+00  0.84230E-03  0.88268E-03  0.87474E-03  0.35086E-04  0.28975E-04  0.83704E-04      20  0.88319E-03  0.00000E+00  0.00000E+00  0.14228E-04  0.75171E-04  0.31105E-04  0.24608E-04  0.49911E-04 -0.12453E-05
        0.8758  0.00000E+00  0.00000E+00  0.00000E+00 -0.79470E-04  0.00000E+00  0.00000E+00  0.84236E-03  0.88267E-03  0.87473E-03  0.35086E-04  0.30729E-04  0.79784E-04      21  0.88319E-03  0.00000E+00  0.00000E+00  0.22660E-04  0.76304E-04  0.30165E-04  0.26117E-04  0.44046E-04  0.95698E-06
        0.9258  0.00000E+00  0.00000E+00  0.00000E+00 -0.79470E-04  0.00000E+00  0.00000E+00  0.84245E-03  0.88267E-03  0.87485E-03  0.35086E-04  0.32483E-04  0.76430E-04      22  0.88319E-03  0.00000E+00  0.00000E+00  0.28649E-04  0.77736E-04  0.30226E-04  0.27628E-04  0.40387E-04  0.29763E-05
        0.9629  0.00000E+00  0.00000E+00  0.00000E+00 -0.79470E-04  0.00000E+00  0.00000E+00  0.84248E-03  0.88267E-03  0.87485E-03  0.35086E-04  0.33785E-04  0.74268E-04      23  0.88319E-03  0.00000E+00  0.00000E+00  0.31283E-04  0.78897E-04  0.30072E-04  0.28743E-04  0.38205E-04  0.43932E-05
        1.0000  0.00000E+00  0.00000E+00  0.00000E+00 -0.79470E-04  0.00000E+00  0.00000E+00  0.84250E-03  0.88267E-03  0.87490E-03  0.35086E-04  0.35086E-04  0.72235E-04      24  0.88319E-03  0.00000E+00  0.00000E+00  0.32157E-04  0.80089E-04  0.29493E-04  0.29837E-04  0.36304E-04  0.57396E-05
end
