 All solute fluxes and cumulative solute fluxes are positive into the region

       Time         cvTop        cvBot      Sum(cvTop)   Sum(cvBot)     cvCh0        cvCh1         cTop        cRoot         cBot        cvRoot    Sum(cvRoot)  Sum(cvNEql) TLevel      cGWL        cRunOff   Sum(cRunOff)    (cv(i),    Sum(cv(i)), i=1,NObs)
        [T]        [M/L2/T]     [M/L2/T]      [M/L2]       [M/L2]       [M/L2]      [M/L2]        [M/L3]      [M/L3]        [M/L3]      [M/L2/T]      [M/L2]       [M/L2]              [M/L3]        [M/L2]      [M/L3]      [M/L2/T]      [M/L2]
        0.0100  0.00000E+00 -0.39475E-03  0.00000E+00 -0.39475E-05  0.00000E+00  0.00000E+00  0.10800E-02  0.91403E-03  0.88021E-03  0.32468E-04  0.32468E-06 -0.90911E-06       1  0.88311E-03  0.00000E+00  0.00000E+00  0.38065E-04  0.38065E-06  0.92966E-05  0.92966E-07  0.17363E-03  0.17363E-05
        0.0230  0.00000E+00 -0.70200E-03  0.00000E+00 -0.13073E-04  0.00000E+00  0.00000E+00  0.10798E-02  0.91400E-03  0.88008E-03  0.32465E-04  0.74672E-06  0.41677E-05       2  0.88308E-03  0.00000E+00  0.00000E+00  0.37729E-04  0.87113E-06  0.90214E-05  0.21024E-06  0.17013E-03  0.39480E-05
        0.0399  0.00000E+00 -0.53749E-03  0.00000E+00 -0.22157E-04  0.00000E+00  0.00000E+00  0.10799E-02  0.91401E-03  0.88005E-03  0.32466E-04  0.12954E-05  0.43318E-05       3  0.88309E-03  0.00000E+00  0.00000E+00  0.36783E-04  0.14928E-05  0.86466E-05  0.35637E-06  0.16547E-03  0.67444E-05
        0.0619  0.00000E+00 -0.41257E-03  0.00000E+00 -0.31221E-04  0.00000E+00  0.00000E+00  0.10798E-02  0.91400E-03  0.88000E-03  0.32466E-04  0.20087E-05  0.72883E-05       4  0.88308E-03  0.00000E+00  0.00000E+00  0.34940E-04  0.22604E-05  0.81326E-05  0.53505E-06  0.16009E-03  0.10262E-04
        0.0904  0.00000E+00 -0.32253E-03  0.00000E+00 -0.40433E-04  0.00000E+00  0.00000E+00  0.10798E-02  0.91401E-03  0.87998E-03  0.32466E-04  0.29359E-05  0.10057E-04       5  0.88308E-03  0.00000E+00  0.00000E+00  0.31403E-04  0.31573E-05  0.74458E-05  0.74771E-06  0.15362E-03  0.14649E-04
        0.1276  0.00000E+00 -0.24588E-03  0.00000E+00 -0.49562E-04  0.00000E+00  0.00000E+00  0.10797E-02  0.91401E-03  0.87995E-03  0.32466E-04  0.41413E-05  0.14083E-04       6  0.88308E-03  0.00000E+00  0.00000E+00  0.25103E-04  0.40893E-05  0.64927E-05  0.98878E-06  0.14586E-03  0.20065E-04
        0.1758  0.00000E+00 -0.18081E-03  0.00000E+00 -0.58290E-04  0.00000E+00  0.00000E+00  0.10796E-02  0.91401E-03  0.87993E-03  0.32466E-04  0.57084E-05  0.18439E-04       7  0.88308E-03  0.00000E+00  0.00000E+00  0.14450E-04  0.47868E-05  0.51729E-05  0.12385E-05  0.13620E-03  0.26639E-04
        0.2258  0.00000E+00 -0.12736E-03  0.00000E+00 -0.64658E-04  0.00000E+00  0.00000E+00  0.10794E-02  0.91401E-03  0.87991E-03  0.32466E-04  0.73317E-05  0.22746E-04       8  0.88308E-03  0.00000E+00  0.00000E+00  0.13800E-05  0.48558E-05  0.37017E-05  0.14235E-05  0.12638E-03  0.32958E-04
        0.2758  0.00000E+00 -0.87239E-04  0.00000E+00 -0.69020E-04  0.00000E+00  0.00000E+00  0.10796E-02  0.91401E-03  0.87990E-03  0.32466E-04  0.89550E-05  0.27787E-04       9  0.88308E-03  0.00000E+00  0.00000E+00  0.20302E-04  0.58709E-05  0.28907E-05  0.15681E-05  0.11789E-03  0.38853E-04
        0.3258  0.00000E+00 -0.56553E-04  0.00000E+00 -0.71847E-04  0.00000E+00  0.00000E+00  0.10810E-02  0.91401E-03  0.87989E-03  0.32466E-04  0.10578E-04  0.41464E-04      10  0.88308E-03  0.00000E+00  0.00000E+00  0.12950E-03  0.12346E-04  0.46901E-05  0.18026E-05  0.11862E-03  0.44784E-04
        0.3758  0.00000E+00 -0.32191E-04  0.00000E+00 -0.73457E-04  0.00000E+00  0.00000E+00  0.10822E-02  0.91403E-03  0.87988E-03  0.32467E-04  0.12202E-04  0.73821E-04      11  0.88308E-03  0.00000E+00  0.00000E+00  0.20904E-03  0.22798E-04  0.79292E-05  0.21990E-05  0.13881E-03  0.51724E-04
        0.4258  0.00000E+00 -0.12059E-04  0.00000E+00 -0.74060E-04  0.00000E+00  0.00000E+00  0.10829E-02  0.91407E-03  0.87987E-03  0.32468E-04  0.13825E-04  0.12250E-03      12  0.88308E-03  0.00000E+00  0.00000E+00  0.26256E-03  0.35926E-04  0.12144E-04  0.28062E-05  0.17020E-03  0.60234E-04
        0.4758  0.00000E+00 -0.14098E-05  0.00000E+00 -0.74130E-04  0.00000E+00  0.00000E+00  0.10834E-02  0.91409E-03  0.87897E-03  0.32469E-04  0.15448E-04  0.17914E-03      13  0.88307E-03  0.00000E+00  0.00000E+00  0.28506E-03  0.50179E-04  0.16474E-04  0.36300E-05  0.20643E-03  0.70556E-04
        0.5258  0.00000E+00  0.00000E+00  0.00000E+00 -0.74130E-04  0.00000E+00  0.00000E+00  0.10835E-02  0.91412E-03  0.87924E-03  0.32470E-04  0.17072E-04  0.23960E-03      14  0.88307E-03  0.00000E+00  0.00000E+00  0.28211E-03  0.64284E-04  0.20263E-04  0.46431E-05  0.24142E-03  0.82627E-04
        0.5758  0.00000E+00  0.00000E+00  0.00000E+00 -0.74130E-04  0.00000E+00  0.00000E+00  0.10833E-02  0.91412E-03  0.87881E-03  0.32470E-04  0.18695E-04  0.29760E-03      15  0.88306E-03  0.00000E+00  0.00000E+00  0.25332E-03  0.76950E-04  0.22984E-04  0.57923E-05  0.27017E-03  0.96135E-04
        0.6258  0.00000E+00  0.00000E+00  0.00000E+00 -0.74130E-04  0.00000E+00  0.00000E+00  0.10827E-02  0.91412E-03  0.87882E-03  0.32470E-04  0.20319E-04  0.34664E-03      16  0.88307E-03  0.00000E+00  0.00000E+00  0.19877E-03  0.86889E-04  0.24024E-04  0.69935E-05  0.28800E-03  0.11054E-03
        0.6758  0.00000E+00  0.00000E+00  0.00000E+00 -0.74130E-04  0.00000E+00  0.00000E+00  0.10818E-02  0.91410E-03  0.87853E-03  0.32469E-04  0.21942E-04  0.38126E-03      17  0.88306E-03  0.00000E+00  0.00000E+00  0.11900E-03  0.92839E-04  0.23056E-04  0.81463E-05  0.29286E-03  0.12518E-03
        0.7258  0.00000E+00  0.00000E+00  0.00000E+00 -0.74130E-04  0.00000E+00  0.00000E+00  0.10805E-02  0.91408E-03  0.87843E-03  0.32469E-04  0.23566E-04  0.39725E-03      18  0.88306E-03  0.00000E+00  0.00000E+00  0.14902E-04  0.93584E-04  0.19948E-04  0.91437E-05  0.28247E-03  0.13930E-03
        0.7758  0.00000E+00  0.00000E+00  0.00000E+00 -0.74130E-04  0.00000E+00  0.00000E+00  0.10802E-02  0.91405E-03  0.87820E-03  0.32467E-04  0.25189E-04  0.39682E-03      19  0.88306E-03  0.00000E+00  0.00000E+00  0.13623E-05  0.93652E-04  0.17225E-04  0.10005E-04  0.25982E-03  0.15229E-03
        0.8258  0.00000E+00  0.00000E+00  0.00000E+00 -0.74130E-04  0.00000E+00  0.00000E+00  0.10804E-02  0.91402E-03  0.87806E-03  0.32466E-04  0.26813E-04  0.39231E-03      20  0.88306E-03  0.00000E+00  0.00000E+00  0.13834E-04  0.94344E-04  0.15085E-04  0.10759E-04  0.23881E-03  0.16423E-03
        0.8758  0.00000E+00  0.00000E+00  0.00000E+00 -0.74130E-04  0.00000E+00  0.00000E+00  0.10805E-02  0.91403E-03  0.87787E-03  0.32467E-04  0.28436E-04  0.38811E-03      21  0.88305E-03  0.00000E+00  0.00000E+00  0.24349E-04  0.95561E-04  0.13510E-04  0.11435E-04  0.22043E-03  0.17525E-03
        0.9258  0.00000E+00  0.00000E+00  0.00000E+00 -0.74130E-04  0.00000E+00  0.00000E+00  0.10806E-02  0.91402E-03  0.87774E-03  0.32466E-04  0.30059E-04  0.38335E-03      22  0.88305E-03  0.00000E+00  0.00000E+00  0.31744E-04  0.97149E-04  0.12276E-04  0.12048E-04  0.20542E-03  0.18553E-03
        0.9629  0.00000E+00  0.00000E+00  0.00000E+00 -0.74130E-04  0.00000E+00  0.00000E+00  0.10807E-02  0.91403E-03  0.87762E-03  0.32467E-04  0.31263E-04  0.37985E-03      23  0.88305E-03  0.00000E+00  0.00000E+00  0.34971E-04  0.98445E-04  0.11466E-04  0.12474E-04  0.19567E-03  0.19278E-03
        1.0000  0.00000E+00  0.00000E+00  0.00000E+00 -0.74130E-04  0.00000E+00  0.00000E+00  0.10807E-02  0.91402E-03  0.87752E-03  0.32466E-04  0.32467E-04  0.37594E-03      24  0.88305E-03  0.00000E+00  0.00000E+00  0.36008E-04  0.99781E-04  0.10744E-04  0.12872E-04  0.18737E-03  0.19973E-03
end
