 All solute fluxes and cumulative solute fluxes are positive into the region

       Time         cvTop        cvBot      Sum(cvTop)   Sum(cvBot)     cvCh0        cvCh1         cTop        cRoot         cBot        cvRoot    Sum(cvRoot)  Sum(cvNEql) TLevel      cGWL        cRunOff   Sum(cRunOff)    (cv(i),    Sum(cv(i)), i=1,NObs)
        [T]        [M/L2/T]     [M/L2/T]      [M/L2]       [M/L2]       [M/L2]      [M/L2]        [M/L3]      [M/L3]        [M/L3]      [M/L2/T]      [M/L2]       [M/L2]              [M/L3]        [M/L2]      [M/L3]      [M/L2/T]      [M/L2]
        0.0100  0.00000E+00  0.00000E+00  0.00000E+00  0.00000E+00  0.00000E+00  0.00000E+00  0.89986E-03  0.88306E-03  0.86934E-03  0.00000E+00  0.00000E+00 -0.97033E-05       1  0.88266E-03  0.00000E+00  0.00000E+00  0.19603E-04  0.19603E-06 -0.51884E-03 -0.51884E-05 -0.75727E-03 -0.75727E-05
        0.0230  0.00000E+00  0.00000E+00  0.00000E+00  0.00000E+00  0.00000E+00  0.00000E+00  0.89986E-03  0.88302E-03  0.86773E-03  0.00000E+00  0.00000E+00 -0.21040E-04       2  0.88259E-03  0.00000E+00  0.00000E+00  0.18955E-04  0.44244E-06 -0.48664E-03 -0.11515E-04 -0.72383E-03 -0.16982E-04
        0.0399  0.00000E+00  0.00000E+00  0.00000E+00  0.00000E+00  0.00000E+00  0.00000E+00  0.89984E-03  0.88303E-03  0.86932E-03  0.00000E+00  0.00000E+00 -0.31552E-04       3  0.88267E-03  0.00000E+00  0.00000E+00  0.17691E-04  0.74143E-06 -0.44609E-03 -0.19054E-04 -0.67859E-03 -0.28451E-04
        0.0619  0.00000E+00  0.00000E+00  0.00000E+00  0.00000E+00  0.00000E+00  0.00000E+00  0.89976E-03  0.88303E-03  0.86956E-03  0.00000E+00  0.00000E+00 -0.42190E-04       4  0.88268E-03  0.00000E+00  0.00000E+00  0.14884E-04  0.10684E-05 -0.40530E-03 -0.27958E-04 -0.62713E-03 -0.42229E-04
        0.0904  0.00000E+00  0.00000E+00  0.00000E+00  0.00000E+00  0.00000E+00  0.00000E+00  0.89969E-03  0.88303E-03  0.87014E-03  0.00000E+00  0.00000E+00 -0.53049E-04       5  0.88271E-03  0.00000E+00  0.00000E+00  0.94184E-05  0.13374E-05 -0.36160E-03 -0.38286E-04 -0.56881E-03 -0.58474E-04
        0.1276  0.00000E+00  0.00000E+00  0.00000E+00  0.00000E+00  0.00000E+00  0.00000E+00  0.89958E-03  0.88303E-03  0.87048E-03  0.00000E+00  0.00000E+00 -0.63792E-04       6  0.88272E-03  0.00000E+00  0.00000E+00 -0.31972E-06  0.13256E-05 -0.31907E-03 -0.50133E-04 -0.50614E-03 -0.77267E-04
        0.1758  0.00000E+00  0.00000E+00  0.00000E+00  0.00000E+00  0.00000E+00  0.00000E+00  0.89944E-03  0.88303E-03  0.87094E-03  0.00000E+00  0.00000E+00 -0.74079E-04       7  0.88274E-03  0.00000E+00  0.00000E+00 -0.14446E-04  0.62830E-06 -0.27918E-03 -0.63608E-04 -0.44160E-03 -0.98582E-04
        0.2258  0.00000E+00  0.00000E+00  0.00000E+00  0.00000E+00  0.00000E+00  0.00000E+00  0.89929E-03  0.88303E-03  0.87126E-03  0.00000E+00  0.00000E+00 -0.81764E-04       8  0.88275E-03  0.00000E+00  0.00000E+00 -0.31404E-04 -0.94189E-06 -0.24964E-03 -0.76090E-04 -0.38904E-03 -0.11803E-03
        0.2758  0.00000E+00  0.00000E+00  0.00000E+00  0.00000E+00  0.00000E+00  0.00000E+00  0.89925E-03  0.88303E-03  0.87161E-03  0.00000E+00  0.00000E+00 -0.86663E-04       9  0.88276E-03  0.00000E+00  0.00000E+00 -0.35296E-04 -0.27067E-05 -0.22614E-03 -0.87397E-04 -0.34610E-03 -0.13534E-03
        0.3258  0.00000E+00  0.00000E+00  0.00000E+00  0.00000E+00  0.00000E+00  0.00000E+00  0.89955E-03  0.88303E-03  0.87189E-03  0.00000E+00  0.00000E+00 -0.85104E-04      10  0.88277E-03  0.00000E+00  0.00000E+00  0.37847E-05 -0.25175E-05 -0.19726E-03 -0.97260E-04 -0.30629E-03 -0.15065E-03
        0.3758  0.00000E+00  0.00000E+00  0.00000E+00  0.00000E+00  0.00000E+00  0.00000E+00  0.89984E-03  0.88304E-03  0.87217E-03  0.00000E+00  0.00000E+00 -0.71773E-04      11  0.88278E-03  0.00000E+00  0.00000E+00  0.42614E-04 -0.38680E-06 -0.16701E-03 -0.10561E-03 -0.25925E-03 -0.16362E-03
        0.4258  0.00000E+00 -0.15768E-04  0.00000E+00 -0.78841E-06  0.00000E+00  0.00000E+00  0.90012E-03  0.88307E-03  0.87928E-03  0.00000E+00  0.00000E+00 -0.30153E-04      12  0.88292E-03  0.00000E+00  0.00000E+00  0.69929E-04  0.31097E-05 -0.13593E-03 -0.11241E-03 -0.21033E-03 -0.17413E-03
        0.4758  0.00000E+00 -0.47315E-04  0.00000E+00 -0.31542E-05  0.00000E+00  0.00000E+00  0.90031E-03  0.88308E-03  0.87887E-03  0.00000E+00  0.00000E+00  0.30990E-04      13  0.88289E-03  0.00000E+00  0.00000E+00  0.83587E-04  0.72890E-05 -0.10741E-03 -0.11778E-03 -0.16364E-03 -0.18231E-03
        0.5258  0.00000E+00 -0.76175E-04  0.00000E+00 -0.69629E-05  0.00000E+00  0.00000E+00  0.90034E-03  0.88309E-03  0.87919E-03  0.00000E+00  0.00000E+00  0.92913E-04      14  0.88292E-03  0.00000E+00  0.00000E+00  0.83193E-04  0.11449E-04 -0.82870E-04 -0.12192E-03 -0.12095E-03 -0.18836E-03
        0.5758  0.00000E+00 -0.99739E-04  0.00000E+00 -0.11950E-04  0.00000E+00  0.00000E+00  0.90022E-03  0.88310E-03  0.87900E-03  0.00000E+00  0.00000E+00  0.15399E-03      15  0.88290E-03  0.00000E+00  0.00000E+00  0.68756E-04  0.14886E-04 -0.63934E-04 -0.12512E-03 -0.85678E-04 -0.19265E-03
        0.6258  0.00000E+00 -0.11844E-03  0.00000E+00 -0.17872E-04  0.00000E+00  0.00000E+00  0.89994E-03  0.88310E-03  0.87916E-03  0.00000E+00  0.00000E+00  0.20986E-03      16  0.88291E-03  0.00000E+00  0.00000E+00  0.41241E-04  0.16949E-04 -0.51452E-04 -0.12769E-03 -0.59638E-04 -0.19563E-03
        0.6758  0.00000E+00 -0.13268E-03  0.00000E+00 -0.24506E-04  0.00000E+00  0.00000E+00  0.89959E-03  0.88309E-03  0.87906E-03  0.00000E+00  0.00000E+00  0.25850E-03      17  0.88290E-03  0.00000E+00  0.00000E+00  0.22968E-05  0.17063E-04 -0.45883E-04 -0.12999E-03 -0.44151E-04 -0.19784E-03
        0.7258  0.00000E+00 -0.14293E-03  0.00000E+00 -0.31653E-04  0.00000E+00  0.00000E+00  0.89927E-03  0.88308E-03  0.87915E-03  0.00000E+00  0.00000E+00  0.29713E-03      18  0.88291E-03  0.00000E+00  0.00000E+00 -0.36549E-04  0.15236E-04 -0.47114E-04 -0.13234E-03 -0.39382E-04 -0.19980E-03
        0.7758  0.00000E+00 -0.14974E-03  0.00000E+00 -0.39140E-04  0.00000E+00  0.00000E+00  0.89930E-03  0.88306E-03  0.87910E-03  0.00000E+00  0.00000E+00  0.32714E-03      19  0.88291E-03  0.00000E+00  0.00000E+00 -0.30647E-04  0.13704E-04 -0.45609E-04 -0.13462E-03 -0.42955E-04 -0.20195E-03
        0.8258  0.00000E+00 -0.15367E-03  0.00000E+00 -0.46824E-04  0.00000E+00  0.00000E+00  0.89941E-03  0.88304E-03  0.87914E-03  0.00000E+00  0.00000E+00  0.35489E-03      20  0.88291E-03  0.00000E+00  0.00000E+00 -0.13774E-04  0.13015E-04 -0.41873E-04 -0.13671E-03 -0.45116E-04 -0.20421E-03
        0.8758  0.00000E+00 -0.15533E-03  0.00000E+00 -0.54590E-04  0.00000E+00  0.00000E+00  0.89951E-03  0.88305E-03  0.87912E-03  0.00000E+00  0.00000E+00  0.38293E-03      21  0.88291E-03  0.00000E+00  0.00000E+00  0.59836E-06  0.13045E-04 -0.36203E-04 -0.13852E-03 -0.45202E-04 -0.20647E-03
        0.9258  0.00000E+00 -0.15523E-03  0.00000E+00 -0.62352E-04  0.00000E+00  0.00000E+00  0.89959E-03  0.88304E-03  0.87914E-03  0.00000E+00  0.00000E+00  0.41048E-03      22  0.88291E-03  0.00000E+00  0.00000E+00  0.13091E-04  0.13699E-04 -0.30057E-04 -0.14003E-03 -0.43463E-04 -0.20864E-03
        0.9629  0.00000E+00 -0.15421E-03  0.00000E+00 -0.68071E-04  0.00000E+00  0.00000E+00  0.89965E-03  0.88305E-03  0.87913E-03  0.00000E+00  0.00000E+00  0.43080E-03      23  0.88291E-03  0.00000E+00  0.00000E+00  0.18495E-04  0.14385E-04 -0.25696E-04 -0.14098E-03 -0.41475E-04 -0.21018E-03
        1.0000  0.00000E+00 -0.15271E-03  0.00000E+00 -0.73734E-04  0.00000E+00  0.00000E+00  0.89968E-03  0.88305E-03  0.87914E-03  0.00000E+00  0.00000E+00  0.45061E-03      24  0.88291E-03  0.00000E+00  0.00000E+00  0.20302E-04  0.15138E-04 -0.21898E-04 -0.14179E-03 -0.38992E-04 -0.21163E-03
end
