 ******* Program HYDRUS
 ******* 
 Welcome to HYDRUS-1D                                                    
 Date:  29. 3.2022    Time:  17:26:57
 Units: L = cm   , T = days , M = mg   

----------------------------------------------------------
 Time       [T]        0.0000
----------------------------------------------------------
 Sub-region num.                     1
----------------------------------------------------------
 Length   [L]        0.30000E+03  0.30000E+03
 W-volume [L]        0.99158E+02  0.99158E+02
 In-flow  [L/T]      0.00000E+00  0.00000E+00
 h Mean   [L]       -0.93416E+02 -0.93416E+02
 ConcVol  [M/L2] 1   0.87513E-01  0.87513E-01
 cMean    [M/L3] 1   0.88241E-03  0.88241E-03
 SorbVolIm[M/L2] 1   0.46063E+02  0.46063E+02
 sMeanIm  [-]    1   0.10589E+00  0.10589E+00
 Top Flux [L/T]      0.44228E-01
 Bot Flux [L/T]      0.26080E+00
----------------------------------------------------------

----------------------------------------------------------
 Time       [T]        1.0000
----------------------------------------------------------
 Sub-region num.                     1
----------------------------------------------------------
 Length   [L]        0.30000E+03  0.30000E+03
 W-volume [L]        0.98735E+02  0.98735E+02
 In-flow  [L/T]      0.14762E+00  0.14762E+00
 h Mean   [L]       -0.97599E+02 -0.97599E+02
 ConcVol  [M/L2] 1   0.87143E-01  0.87143E-01
 cMean    [M/L3] 1   0.88244E-03  0.88244E-03
 SorbVolIm[M/L2] 1   0.46064E+02  0.46064E+02
 sMeanIm  [-]    1   0.10589E+00  0.10589E+00
 Top Flux [L/T]      0.46559E-01
 Bot Flux [L/T]      0.26488E+00
 WatBalT  [L]       -0.83546E-01
 WatBalR  [%]             13.174
 CncBalT  [M]    1   0.11826E-03
 CncBalR  [%]    1        31.838
----------------------------------------------------------
 
 Calculation time [sec]  9.999990463256836E-003
