 All solute fluxes and cumulative solute fluxes are positive into the region

       Time         cvTop        cvBot      Sum(cvTop)   Sum(cvBot)     cvCh0        cvCh1         cTop        cRoot         cBot        cvRoot    Sum(cvRoot)  Sum(cvNEql) TLevel      cGWL        cRunOff   Sum(cRunOff)    (cv(i),    Sum(cv(i)), i=1,NObs)
        [T]        [M/L2/T]     [M/L2/T]      [M/L2]       [M/L2]       [M/L2]      [M/L2]        [M/L3]      [M/L3]        [M/L3]      [M/L2/T]      [M/L2]       [M/L2]              [M/L3]        [M/L2]      [M/L3]      [M/L2/T]      [M/L2]
        0.0100  0.00000E+00 -0.32497E-03  0.00000E+00 -0.32497E-05  0.00000E+00  0.00000E+00  0.10257E-02  0.91497E-03  0.88067E-03  0.13669E-03  0.13669E-05 -0.20840E-05       1  0.88318E-03  0.00000E+00  0.00000E+00  0.27063E-04  0.27063E-06 -0.27216E-04 -0.27216E-06  0.27186E-03  0.27186E-05
        0.0230  0.00000E+00 -0.56266E-03  0.00000E+00 -0.10564E-04  0.00000E+00  0.00000E+00  0.10253E-02  0.91496E-03  0.88008E-03  0.13669E-03  0.31438E-05  0.53095E-05       2  0.88315E-03  0.00000E+00  0.00000E+00  0.27036E-04  0.62210E-06 -0.27017E-04 -0.62339E-06  0.26650E-03  0.61830E-05
        0.0399  0.00000E+00 -0.39388E-03  0.00000E+00 -0.17221E-04  0.00000E+00  0.00000E+00  0.10254E-02  0.91496E-03  0.88017E-03  0.13669E-03  0.54538E-05  0.65223E-05       3  0.88316E-03  0.00000E+00  0.00000E+00  0.26366E-04  0.10677E-05 -0.26749E-04 -0.10755E-05  0.25917E-03  0.10563E-04
        0.0619  0.00000E+00 -0.26003E-03  0.00000E+00 -0.22934E-04  0.00000E+00  0.00000E+00  0.10253E-02  0.91496E-03  0.88006E-03  0.13669E-03  0.84568E-05  0.11401E-04       4  0.88315E-03  0.00000E+00  0.00000E+00  0.25067E-04  0.16184E-05 -0.26340E-04 -0.16541E-05  0.25071E-03  0.16071E-04
        0.0904  0.00000E+00 -0.16215E-03  0.00000E+00 -0.27565E-04  0.00000E+00  0.00000E+00  0.10253E-02  0.91496E-03  0.88005E-03  0.13669E-03  0.12361E-04  0.16290E-04       5  0.88315E-03  0.00000E+00  0.00000E+00  0.22547E-04  0.22624E-05 -0.25799E-04 -0.23910E-05  0.24023E-03  0.22932E-04
        0.1276  0.00000E+00 -0.79275E-04  0.00000E+00 -0.30509E-04  0.00000E+00  0.00000E+00  0.10253E-02  0.91496E-03  0.88000E-03  0.13669E-03  0.17436E-04  0.23193E-04       6  0.88315E-03  0.00000E+00  0.00000E+00  0.18058E-04  0.29329E-05 -0.25057E-04 -0.33213E-05  0.22724E-03  0.31370E-04
        0.1758  0.00000E+00 -0.20961E-04  0.00000E+00 -0.31520E-04  0.00000E+00  0.00000E+00  0.10252E-02  0.91496E-03  0.87546E-03  0.13669E-03  0.24033E-04  0.19495E-04       7  0.88310E-03  0.00000E+00  0.00000E+00  0.10524E-04  0.34408E-05 -0.24070E-04 -0.44832E-05  0.21097E-03  0.41553E-04
        0.2258  0.00000E+00  0.00000E+00  0.00000E+00 -0.31520E-04  0.00000E+00  0.00000E+00  0.10251E-02  0.91496E-03  0.87734E-03  0.13669E-03  0.30868E-04  0.10788E-04       8  0.88312E-03  0.00000E+00  0.00000E+00  0.40424E-05  0.36429E-05 -0.22996E-04 -0.56329E-05  0.19520E-03  0.51313E-04
        0.2758  0.00000E+00  0.00000E+00  0.00000E+00 -0.31520E-04  0.00000E+00  0.00000E+00  0.10252E-02  0.91496E-03  0.87563E-03  0.13669E-03  0.37702E-04  0.24766E-05       9  0.88309E-03  0.00000E+00  0.00000E+00  0.10644E-04  0.41751E-05 -0.22172E-04 -0.67415E-05  0.18070E-03  0.60347E-04
        0.3258  0.00000E+00  0.00000E+00  0.00000E+00 -0.31520E-04  0.00000E+00  0.00000E+00  0.10258E-02  0.91496E-03  0.87635E-03  0.13669E-03  0.44537E-04 -0.35557E-05      10  0.88311E-03  0.00000E+00  0.00000E+00  0.75846E-04  0.79674E-05 -0.22191E-04 -0.78511E-05  0.17340E-03  0.69017E-04
        0.3758  0.00000E+00  0.00000E+00  0.00000E+00 -0.31520E-04  0.00000E+00  0.00000E+00  0.10265E-02  0.91498E-03  0.87556E-03  0.13669E-03  0.51371E-04  0.36310E-05      11  0.88309E-03  0.00000E+00  0.00000E+00  0.12887E-03  0.14411E-04 -0.22708E-04 -0.89865E-05  0.18253E-03  0.78144E-04
        0.4258  0.00000E+00  0.00000E+00  0.00000E+00 -0.31520E-04  0.00000E+00  0.00000E+00  0.10269E-02  0.91502E-03  0.87585E-03  0.13669E-03  0.58206E-04  0.21259E-04      12  0.88310E-03  0.00000E+00  0.00000E+00  0.16633E-03  0.22727E-04 -0.23591E-04 -0.10166E-04  0.20114E-03  0.88201E-04
        0.4758  0.00000E+00  0.00000E+00  0.00000E+00 -0.31520E-04  0.00000E+00  0.00000E+00  0.10271E-02  0.91503E-03  0.87543E-03  0.13670E-03  0.65041E-04  0.46532E-04      13  0.88309E-03  0.00000E+00  0.00000E+00  0.18502E-03  0.31979E-04 -0.24512E-04 -0.11392E-04  0.22604E-03  0.99503E-04
        0.5258  0.00000E+00  0.00000E+00  0.00000E+00 -0.31520E-04  0.00000E+00  0.00000E+00  0.10272E-02  0.91505E-03  0.87552E-03  0.13670E-03  0.71876E-04  0.74959E-04      14  0.88310E-03  0.00000E+00  0.00000E+00  0.18432E-03  0.41195E-04 -0.25392E-04 -0.12661E-04  0.24990E-03  0.11200E-03
        0.5758  0.00000E+00  0.00000E+00  0.00000E+00 -0.31520E-04  0.00000E+00  0.00000E+00  0.10271E-02  0.91505E-03  0.87525E-03  0.13670E-03  0.78711E-04  0.10224E-03      15  0.88309E-03  0.00000E+00  0.00000E+00  0.16406E-03  0.49398E-04 -0.25997E-04 -0.13961E-04  0.26887E-03  0.12544E-03
        0.6258  0.00000E+00  0.00000E+00  0.00000E+00 -0.31520E-04  0.00000E+00  0.00000E+00  0.10267E-02  0.91506E-03  0.87523E-03  0.13670E-03  0.85546E-04  0.12373E-03      16  0.88309E-03  0.00000E+00  0.00000E+00  0.12592E-03  0.55694E-04 -0.26181E-04 -0.15270E-04  0.28030E-03  0.13946E-03
        0.6758  0.00000E+00  0.00000E+00  0.00000E+00 -0.31520E-04  0.00000E+00  0.00000E+00  0.10262E-02  0.91504E-03  0.87502E-03  0.13670E-03  0.92380E-04  0.13556E-03      17  0.88309E-03  0.00000E+00  0.00000E+00  0.72526E-04  0.59320E-04 -0.25921E-04 -0.16566E-04  0.27994E-03  0.15345E-03
        0.7258  0.00000E+00  0.00000E+00  0.00000E+00 -0.31520E-04  0.00000E+00  0.00000E+00  0.10256E-02  0.91502E-03  0.87495E-03  0.13670E-03  0.99215E-04  0.13462E-03      18  0.88309E-03  0.00000E+00  0.00000E+00  0.79678E-05  0.59719E-04 -0.25141E-04 -0.17823E-04  0.26734E-03  0.16682E-03
        0.7758  0.00000E+00  0.00000E+00  0.00000E+00 -0.31520E-04  0.00000E+00  0.00000E+00  0.10255E-02  0.91500E-03  0.87478E-03  0.13669E-03  0.10605E-03  0.12097E-03      19  0.88308E-03  0.00000E+00  0.00000E+00  0.38547E-05  0.59911E-04 -0.24515E-04 -0.19049E-04  0.24440E-03  0.17904E-03
        0.8258  0.00000E+00  0.00000E+00  0.00000E+00 -0.31520E-04  0.00000E+00  0.00000E+00  0.10256E-02  0.91497E-03  0.87470E-03  0.13669E-03  0.11288E-03  0.10382E-03      20  0.88308E-03  0.00000E+00  0.00000E+00  0.10517E-04  0.60437E-04 -0.23895E-04 -0.20244E-04  0.22478E-03  0.19028E-03
        0.8758  0.00000E+00  0.00000E+00  0.00000E+00 -0.31520E-04  0.00000E+00  0.00000E+00  0.10256E-02  0.91498E-03  0.87457E-03  0.13669E-03  0.11972E-03  0.87032E-04      21  0.88308E-03  0.00000E+00  0.00000E+00  0.18198E-04  0.61347E-04 -0.23284E-04 -0.21408E-04  0.20901E-03  0.20073E-03
        0.9258  0.00000E+00  0.00000E+00  0.00000E+00 -0.31520E-04  0.00000E+00  0.00000E+00  0.10257E-02  0.91497E-03  0.87450E-03  0.13669E-03  0.12655E-03  0.69814E-04      22  0.88308E-03  0.00000E+00  0.00000E+00  0.23708E-04  0.62533E-04 -0.22723E-04 -0.22544E-04  0.19582E-03  0.21052E-03
        0.9629  0.00000E+00  0.00000E+00  0.00000E+00 -0.31520E-04  0.00000E+00  0.00000E+00  0.10257E-02  0.91498E-03  0.87443E-03  0.13669E-03  0.13162E-03  0.57226E-04      23  0.88308E-03  0.00000E+00  0.00000E+00  0.26117E-04  0.63501E-04 -0.22326E-04 -0.23372E-04  0.18715E-03  0.21746E-03
        1.0000  0.00000E+00  0.00000E+00  0.00000E+00 -0.31520E-04  0.00000E+00  0.00000E+00  0.10258E-02  0.91497E-03  0.87438E-03  0.13669E-03  0.13669E-03  0.44398E-04      24  0.88308E-03  0.00000E+00  0.00000E+00  0.26924E-04  0.64500E-04 -0.21951E-04 -0.24186E-04  0.17959E-03  0.22412E-03
end
