 ******* Program HYDRUS
 ******* 
 Welcome to HYDRUS-1D                                                    
 Date:   4. 3.2022    Time:  19:32: 4
 Units: L = cm   , T = days , M = mg   


    TLevel      Time           dt     ItrW ItrC    ItCum  KodT  KodB Converg  Peclet   Courant

        1  0.1000000E-01  0.10000E-01    2    2        2    -4     3     T     0.059     0.018
        2  0.2000000E-01  0.10000E-01    2    2        4    -4     3     T     0.059     0.017
        3  0.3300000E-01  0.13000E-01    2    2        6    -4     3     T     0.059     0.022
        4  0.4990000E-01  0.16900E-01    2    1        8    -4     3     T     0.059     0.027
        5  0.7187000E-01  0.21970E-01    2    2       10    -4     3     T     0.059     0.034
        6  0.1004310E+00  0.28561E-01    2    2       12    -4     3     T     0.059     0.042
        7  0.1375603E+00  0.37129E-01    2    2       14    -4     3     T     0.059     0.052
        8  0.1858284E+00  0.48268E-01    2    2       16    -4     3     T     0.059     0.080
        9  0.2358284E+00  0.50000E-01    2    2       18    -4     3     T     0.059     0.124
       10  0.2858284E+00  0.50000E-01    2    2       20    -4     3     T     0.060     0.164
       11  0.3358284E+00  0.50000E-01    2    2       22    -4     3     T     0.060     0.199
       12  0.3858284E+00  0.50000E-01    2    2       24    -4     3     T     0.060     0.228
       13  0.4358284E+00  0.50000E-01    2    2       26    -4     3     T     0.060     0.247
       14  0.4858284E+00  0.50000E-01    2    2       28    -4     3     T     0.060     0.256
       15  0.5358284E+00  0.50000E-01    2    2       30    -4     3     T     0.060     0.253
       16  0.5858284E+00  0.50000E-01    2    1       32    -4     3     T     0.060     0.239
       17  0.6358284E+00  0.50000E-01    2    2       34    -4     3     T     0.060     0.216
       18  0.6858284E+00  0.50000E-01    2    2       36    -4     3     T     0.060     0.190
       19  0.7358284E+00  0.50000E-01    2    2       38    -4     3     T     0.059     0.166
       20  0.7858284E+00  0.50000E-01    2    2       40    -4     3     T     0.059     0.148
       21  0.8358284E+00  0.50000E-01    2    2       42    -4     3     T     0.059     0.135
       22  0.8858284E+00  0.50000E-01    2    2       44    -4     3     T     0.059     0.124
       23  0.9358284E+00  0.50000E-01    2    2       46    -4     3     T     0.059     0.116
       24  0.9679142E+00  0.32086E-01    2    2       48    -4     3     T     0.059     0.072
       25  0.1000000E+01  0.32086E-01    2    2       50    -4     3     T     0.059     0.069
end
