 All solute fluxes and cumulative solute fluxes are positive into the region

       Time         cvTop        cvBot      Sum(cvTop)   Sum(cvBot)     cvCh0        cvCh1         cTop        cRoot         cBot        cvRoot    Sum(cvRoot)  Sum(cvNEql) TLevel      cGWL        cRunOff   Sum(cRunOff)    (cv(i),    Sum(cv(i)), i=1,NObs)
        [T]        [M/L2/T]     [M/L2/T]      [M/L2]       [M/L2]       [M/L2]      [M/L2]        [M/L3]      [M/L3]        [M/L3]      [M/L2/T]      [M/L2]       [M/L2]              [M/L3]        [M/L2]      [M/L3]      [M/L2/T]      [M/L2]
        0.0100  0.00000E+00 -0.68334E-02  0.00000E+00 -0.68334E-04  0.00000E+00  0.00000E+00  0.89436E-02  0.89701E-02  0.86634E-02  0.20472E-02  0.20472E-04 -0.28820E-04       1  0.87425E-02  0.00000E+00  0.00000E+00  0.15892E-03  0.15892E-05 -0.88208E-02 -0.88208E-04 -0.12606E-01 -0.12606E-03
        0.0200  0.00000E+00 -0.91789E-02  0.00000E+00 -0.16012E-03  0.00000E+00  0.00000E+00  0.89651E-02  0.89704E-02  0.86655E-02  0.20473E-02  0.40945E-04 -0.52863E-04       2  0.87426E-02  0.00000E+00  0.00000E+00 -0.14147E-05  0.15750E-05 -0.84376E-02 -0.17258E-03 -0.12154E-01 -0.24760E-03
        0.0330  0.00000E+00 -0.83121E-02  0.00000E+00 -0.26818E-03  0.00000E+00  0.00000E+00  0.89826E-02  0.89706E-02  0.86673E-02  0.20473E-02  0.67560E-04 -0.81509E-04       3  0.87427E-02  0.00000E+00  0.00000E+00 -0.26694E-03 -0.18952E-05 -0.79671E-02 -0.27616E-03 -0.11577E-01 -0.39809E-03
        0.0499  0.00000E+00 -0.77599E-02  0.00000E+00 -0.39932E-03  0.00000E+00  0.00000E+00  0.89862E-02  0.89707E-02  0.86686E-02  0.20473E-02  0.10216E-03 -0.11669E-03       4  0.87428E-02  0.00000E+00  0.00000E+00 -0.79533E-03 -0.15336E-04 -0.75567E-02 -0.40386E-03 -0.10949E-01 -0.58313E-03
        0.0719  0.00000E+00 -0.75305E-02  0.00000E+00 -0.56477E-03  0.00000E+00  0.00000E+00  0.89563E-02  0.89707E-02  0.86696E-02  0.20473E-02  0.14714E-03 -0.16489E-03       5  0.87428E-02  0.00000E+00  0.00000E+00 -0.16508E-02 -0.51604E-04 -0.72861E-02 -0.56394E-03 -0.10272E-01 -0.80881E-03
        0.1004  0.00000E+00 -0.74886E-02  0.00000E+00 -0.77865E-03  0.00000E+00  0.00000E+00  0.88699E-02  0.89703E-02  0.86704E-02  0.20473E-02  0.20561E-03 -0.24639E-03       6  0.87429E-02  0.00000E+00  0.00000E+00 -0.26382E-02 -0.12695E-03 -0.74102E-02 -0.77558E-03 -0.96816E-02 -0.10853E-02
        0.1376  0.00000E+00 -0.76235E-02  0.00000E+00 -0.10617E-02  0.00000E+00  0.00000E+00  0.87228E-02  0.89692E-02  0.86712E-02  0.20473E-02  0.28163E-03 -0.41683E-03       7  0.87429E-02  0.00000E+00  0.00000E+00 -0.33038E-02 -0.24962E-03 -0.83348E-02 -0.10850E-02 -0.93865E-02 -0.14338E-02
        0.1858  0.00000E+00 -0.78959E-02  0.00000E+00 -0.14428E-02  0.00000E+00  0.00000E+00  0.85378E-02  0.89668E-02  0.86720E-02  0.20472E-02  0.38044E-03 -0.81418E-03       8  0.87430E-02  0.00000E+00  0.00000E+00 -0.37419E-02 -0.43024E-03 -0.10767E-01 -0.16047E-02 -0.98445E-02 -0.19090E-02
        0.2358  0.00000E+00 -0.82297E-02  0.00000E+00 -0.18543E-02  0.00000E+00  0.00000E+00  0.83713E-02  0.89617E-02  0.86727E-02  0.20469E-02  0.48279E-03 -0.14989E-02       9  0.87430E-02  0.00000E+00  0.00000E+00 -0.43028E-02 -0.64538E-03 -0.14450E-01 -0.23272E-02 -0.11218E-01 -0.24699E-02
        0.2858  0.00000E+00 -0.85448E-02  0.00000E+00 -0.22815E-02  0.00000E+00  0.00000E+00  0.82286E-02  0.89547E-02  0.86734E-02  0.20465E-02  0.58511E-03 -0.24962E-02      10  0.87431E-02  0.00000E+00  0.00000E+00 -0.47427E-02 -0.88251E-03 -0.18946E-01 -0.32745E-02 -0.13481E-01 -0.31440E-02
        0.3358  0.00000E+00 -0.88210E-02  0.00000E+00 -0.27226E-02  0.00000E+00  0.00000E+00  0.81119E-02  0.89459E-02  0.86740E-02  0.20460E-02  0.68741E-03 -0.37997E-02      11  0.87431E-02  0.00000E+00  0.00000E+00 -0.51181E-02 -0.11384E-02 -0.23607E-01 -0.44549E-02 -0.16427E-01 -0.39653E-02
        0.3858  0.00000E+00 -0.90623E-02  0.00000E+00 -0.31757E-02  0.00000E+00  0.00000E+00  0.80239E-02  0.89370E-02  0.86745E-02  0.20453E-02  0.78968E-03 -0.53663E-02      12  0.87432E-02  0.00000E+00  0.00000E+00 -0.54652E-02 -0.14117E-02 -0.28228E-01 -0.58663E-02 -0.19849E-01 -0.49577E-02
        0.4358  0.00000E+00 -0.92852E-02  0.00000E+00 -0.36400E-02  0.00000E+00  0.00000E+00  0.79575E-02  0.89291E-02  0.86750E-02  0.20448E-02  0.89192E-03 -0.71370E-02      13  0.87432E-02  0.00000E+00  0.00000E+00 -0.56689E-02 -0.16951E-02 -0.32284E-01 -0.74805E-02 -0.23390E-01 -0.61273E-02
        0.4858  0.00000E+00 -0.95139E-02  0.00000E+00 -0.41157E-02  0.00000E+00  0.00000E+00  0.79147E-02  0.89230E-02  0.86754E-02  0.20443E-02  0.99413E-03 -0.90456E-02      14  0.87432E-02  0.00000E+00  0.00000E+00 -0.57640E-02 -0.19833E-02 -0.35066E-01 -0.92338E-02 -0.26638E-01 -0.74591E-02
        0.5358  0.00000E+00 -0.97739E-02  0.00000E+00 -0.46044E-02  0.00000E+00  0.00000E+00  0.78966E-02  0.89191E-02  0.86759E-02  0.20439E-02  0.10963E-02 -0.11019E-01      15  0.87433E-02  0.00000E+00  0.00000E+00 -0.57431E-02 -0.22705E-02 -0.36513E-01 -0.11059E-01 -0.29134E-01 -0.89158E-02
        0.5858  0.00000E+00 -0.10088E-01  0.00000E+00 -0.51087E-02  0.00000E+00  0.00000E+00  0.79033E-02  0.89176E-02  0.86764E-02  0.20437E-02  0.11985E-02 -0.12979E-01      16  0.87433E-02  0.00000E+00  0.00000E+00 -0.56007E-02 -0.25505E-02 -0.36570E-01 -0.12888E-01 -0.30617E-01 -0.10447E-01
        0.6358  0.00000E+00 -0.10475E-01  0.00000E+00 -0.56325E-02  0.00000E+00  0.00000E+00  0.79345E-02  0.89186E-02  0.86770E-02  0.20437E-02  0.13007E-02 -0.14851E-01      17  0.87433E-02  0.00000E+00  0.00000E+00 -0.53349E-02 -0.28173E-02 -0.35298E-01 -0.14653E-01 -0.30979E-01 -0.11996E-01
        0.6858  0.00000E+00 -0.10947E-01  0.00000E+00 -0.61798E-02  0.00000E+00  0.00000E+00  0.79892E-02  0.89218E-02  0.86777E-02  0.20438E-02  0.14029E-02 -0.16566E-01      18  0.87434E-02  0.00000E+00  0.00000E+00 -0.49403E-02 -0.30643E-02 -0.32851E-01 -0.16295E-01 -0.30265E-01 -0.13509E-01
        0.7358  0.00000E+00 -0.11505E-01  0.00000E+00 -0.67551E-02  0.00000E+00  0.00000E+00  0.80660E-02  0.89269E-02  0.86784E-02  0.20441E-02  0.15051E-02 -0.18073E-01      19  0.87434E-02  0.00000E+00  0.00000E+00 -0.44158E-02 -0.32851E-02 -0.29478E-01 -0.17769E-01 -0.28636E-01 -0.14941E-01
        0.7858  0.00000E+00 -0.12140E-01  0.00000E+00 -0.73621E-02  0.00000E+00  0.00000E+00  0.81684E-02  0.89331E-02  0.86792E-02  0.20445E-02  0.16073E-02 -0.19329E-01      20  0.87435E-02  0.00000E+00  0.00000E+00 -0.36912E-02 -0.34696E-02 -0.25290E-01 -0.19034E-01 -0.26246E-01 -0.16253E-01
        0.8358  0.00000E+00 -0.12829E-01  0.00000E+00 -0.80036E-02  0.00000E+00  0.00000E+00  0.82943E-02  0.89399E-02  0.86800E-02  0.20450E-02  0.17096E-02 -0.20299E-01      21  0.87436E-02  0.00000E+00  0.00000E+00 -0.28258E-02 -0.36109E-02 -0.20748E-01 -0.20071E-01 -0.23224E-01 -0.17414E-01
        0.8858  0.00000E+00 -0.13539E-01  0.00000E+00 -0.86805E-02  0.00000E+00  0.00000E+00  0.84371E-02  0.89477E-02  0.86809E-02  0.20456E-02  0.18118E-02 -0.20973E-01      22  0.87456E-02  0.00000E+00  0.00000E+00 -0.18145E-02 -0.37016E-02 -0.16348E-01 -0.20889E-01 -0.20006E-01 -0.18415E-01
        0.9358  0.00000E+00 -0.14227E-01  0.00000E+00 -0.93919E-02  0.00000E+00  0.00000E+00  0.85877E-02  0.89545E-02  0.86817E-02  0.20461E-02  0.19142E-02 -0.21384E-01      23  0.87456E-02  0.00000E+00  0.00000E+00 -0.72577E-03 -0.37379E-02 -0.12532E-01 -0.21515E-01 -0.16938E-01 -0.19261E-01
        0.9679  0.00000E+00 -0.14760E-01  0.00000E+00 -0.98654E-02  0.00000E+00  0.00000E+00  0.86841E-02  0.89590E-02  0.86822E-02  0.20464E-02  0.19798E-02 -0.21540E-01      24  0.87457E-02  0.00000E+00  0.00000E+00 -0.13808E-03 -0.37424E-02 -0.10434E-01 -0.21850E-01 -0.15120E-01 -0.19747E-01
        1.0000  0.00000E+00 -0.15142E-01  0.00000E+00 -0.10351E-01  0.00000E+00  0.00000E+00  0.87685E-02  0.89604E-02  0.86827E-02  0.20465E-02  0.20455E-02 -0.21642E-01      25  0.87457E-02  0.00000E+00  0.00000E+00  0.23753E-03 -0.37347E-02 -0.88217E-02 -0.22133E-01 -0.13532E-01 -0.20181E-01
end
