 ******* Program HYDRUS
 ******* 
 Welcome to HYDRUS-1D                                                    
 Date:   3. 3.2022    Time:  23: 2:23
 Units: L = cm   , T = days , M = mg   

----------------------------------------------------------
 Time       [T]        0.0000
----------------------------------------------------------
 Sub-region num.                     1
----------------------------------------------------------
 Length   [L]        0.30000E+03  0.30000E+03
 W-volume [L]        0.10089E+03  0.10089E+03
 In-flow  [L/T]      0.00000E+00  0.00000E+00
 h Mean   [L]       -0.81457E+02 -0.81457E+02
 ConcVol  [M/L2] 1   0.25727E+00  0.25727E+00
 cMean    [M/L3] 1   0.25536E-02  0.25536E-02
 SorbVolIm[M/L2] 1   0.44425E+02  0.44425E+02
 sMeanIm  [-]    1   0.10213E+00  0.10213E+00
 Top Flux [L/T]     -0.37691E-02
 Bot Flux [L/T]     -0.13039E+01
----------------------------------------------------------

----------------------------------------------------------
 Time       [T]        1.0000
----------------------------------------------------------
 Sub-region num.                     1
----------------------------------------------------------
 Length   [L]        0.30000E+03  0.30000E+03
 W-volume [L]        0.99662E+02  0.99662E+02
 In-flow  [L/T]     -0.73940E+00 -0.73940E+00
 h Mean   [L]       -0.91285E+02 -0.91285E+02
 ConcVol  [M/L2] 1   0.25405E+00  0.25405E+00
 cMean    [M/L3] 1   0.25533E-02  0.25533E-02
 SorbVolIm[M/L2] 1   0.44425E+02  0.44425E+02
 sMeanIm  [-]    1   0.10213E+00  0.10213E+00
 Top Flux [L/T]      0.19310E-01
 Bot Flux [L/T]     -0.65362E+00
 WatBalT  [L]       -0.33498E-04
 WatBalR  [%]              0.003
 CncBalT  [M]    1   0.76294E-04
 CncBalR  [%]    1         2.368
----------------------------------------------------------
 
 Calculation time [sec]  9.999990463256836E-003
