 ******* Program HYDRUS
 ******* 
 Welcome to HYDRUS-1D                                                    
 Date:   4. 3.2022    Time:  19:32: 6
 Units: L = cm   , T = days , M = mg   

----------------------------------------------------------
 Time       [T]        0.0000
----------------------------------------------------------
 Sub-region num.                     1
----------------------------------------------------------
 Length   [L]        0.30000E+03  0.30000E+03
 W-volume [L]        0.99662E+02  0.99662E+02
 In-flow  [L/T]      0.00000E+00  0.00000E+00
 h Mean   [L]       -0.91285E+02 -0.91285E+02
 ConcVol  [M/L2] 1   0.87786E+00  0.87786E+00
 cMean    [M/L3] 1   0.88148E-02  0.88148E-02
 SorbVolIm[M/L2] 1   0.43254E+02  0.43254E+02
 sMeanIm  [-]    1   0.99434E-01  0.99434E-01
 Top Flux [L/T]      0.19515E-01
 Bot Flux [L/T]     -0.65191E+00
----------------------------------------------------------

----------------------------------------------------------
 Time       [T]        1.0000
----------------------------------------------------------
 Sub-region num.                     1
----------------------------------------------------------
 Length   [L]        0.30000E+03  0.30000E+03
 W-volume [L]        0.99212E+02  0.99212E+02
 In-flow  [L/T]     -0.41007E+00 -0.41007E+00
 h Mean   [L]       -0.94834E+02 -0.94834E+02
 ConcVol  [M/L2] 1   0.87385E+00  0.87385E+00
 cMean    [M/L3] 1   0.88145E-02  0.88145E-02
 SorbVolIm[M/L2] 1   0.43252E+02  0.43252E+02
 sMeanIm  [-]    1   0.99430E-01  0.99430E-01
 Top Flux [L/T]      0.19778E-01
 Bot Flux [L/T]     -0.28699E+00
 WatBalT  [L]       -0.37551E-05
 WatBalR  [%]              0.000
 CncBalT  [M]    1   0.15259E-03
 CncBalR  [%]    1         2.623
----------------------------------------------------------
 
 Calculation time [sec]  0.000000000000000E+000
