 ******* Program HYDRUS
 ******* 
 Welcome to HYDRUS-1D                                                    
 Date:  29. 3.2022    Time:  17:26:17
 Units: L = cm   , T = days , M = mg   

----------------------------------------------------------
 Time       [T]        0.0000
----------------------------------------------------------
 Sub-region num.                     1
----------------------------------------------------------
 Length   [L]        0.30000E+03  0.30000E+03
 W-volume [L]        0.98530E+02  0.98530E+02
 In-flow  [L/T]      0.00000E+00  0.00000E+00
 h Mean   [L]       -0.10008E+03 -0.10008E+03
 ConcVol  [M/L2] 1   0.87932E-01  0.87932E-01
 cMean    [M/L3] 1   0.89457E-03  0.89457E-03
 SorbVolIm[M/L2] 1   0.46697E+02  0.46697E+02
 sMeanIm  [-]    1   0.10735E+00  0.10735E+00
 Top Flux [L/T]      0.52817E-01
 Bot Flux [L/T]      0.18834E+00
----------------------------------------------------------

----------------------------------------------------------
 Time       [T]        1.0000
----------------------------------------------------------
 Sub-region num.                     1
----------------------------------------------------------
 Length   [L]        0.30000E+03  0.30000E+03
 W-volume [L]        0.10131E+03  0.10131E+03
 In-flow  [L/T]     -0.53019E+00 -0.53019E+00
 h Mean   [L]       -0.77529E+02 -0.77529E+02
 ConcVol  [M/L2] 1   0.90503E-01  0.90503E-01
 cMean    [M/L3] 1   0.89455E-03  0.89455E-03
 SorbVolIm[M/L2] 1   0.46695E+02  0.46695E+02
 sMeanIm  [-]    1   0.10734E+00  0.10734E+00
 Top Flux [L/T]     -0.56176E-01
 Bot Flux [L/T]     -0.47445E+00
 WatBalT  [L]        0.19073E-05
 WatBalR  [%]              0.000
 CncBalT  [M]    1   0.30518E-04
 CncBalR  [%]    1         1.181
----------------------------------------------------------
 
 Calculation time [sec]  9.999990463256836E-003
