 All solute fluxes and cumulative solute fluxes are positive into the region

       Time         cvTop        cvBot      Sum(cvTop)   Sum(cvBot)     cvCh0        cvCh1         cTop        cRoot         cBot        cvRoot    Sum(cvRoot)  Sum(cvNEql) TLevel      cGWL        cRunOff   Sum(cRunOff)    (cv(i),    Sum(cv(i)), i=1,NObs)
        [T]        [M/L2/T]     [M/L2/T]      [M/L2]       [M/L2]       [M/L2]      [M/L2]        [M/L3]      [M/L3]        [M/L3]      [M/L2/T]      [M/L2]       [M/L2]              [M/L3]        [M/L2]      [M/L3]      [M/L2/T]      [M/L2]
        0.0100  0.00000E+00 -0.26932E-03  0.00000E+00 -0.26932E-05  0.00000E+00  0.00000E+00  0.10401E-02  0.92362E-03  0.88179E-03  0.48254E-04  0.48254E-06 -0.12174E-05       1  0.88317E-03  0.00000E+00  0.00000E+00  0.19850E-04  0.19850E-06 -0.51056E-04 -0.51056E-06  0.23612E-03  0.23612E-05
        0.0200  0.00000E+00 -0.46777E-03  0.00000E+00 -0.73709E-05  0.00000E+00  0.00000E+00  0.10401E-02  0.92355E-03  0.88155E-03  0.48249E-04  0.96503E-06  0.13215E-05       2  0.88314E-03  0.00000E+00  0.00000E+00  0.66525E-07  0.19917E-06 -0.49938E-04 -0.10099E-05  0.23274E-03  0.46886E-05
        0.0330  0.00000E+00 -0.33168E-03  0.00000E+00 -0.11683E-04  0.00000E+00  0.00000E+00  0.10396E-02  0.92357E-03  0.88156E-03  0.48250E-04  0.15923E-05 -0.22189E-06       3  0.88315E-03  0.00000E+00  0.00000E+00 -0.40140E-04 -0.32265E-06 -0.48406E-04 -0.16392E-05  0.22761E-03  0.76476E-05
        0.0499  0.00000E+00 -0.22820E-03  0.00000E+00 -0.15539E-04  0.00000E+00  0.00000E+00  0.10389E-02  0.92356E-03  0.88153E-03  0.48249E-04  0.24077E-05 -0.23310E-05       4  0.88313E-03  0.00000E+00  0.00000E+00 -0.11745E-03 -0.23076E-05 -0.45407E-04 -0.24066E-05  0.22104E-03  0.11383E-04
        0.0719  0.00000E+00 -0.15673E-03  0.00000E+00 -0.18983E-04  0.00000E+00  0.00000E+00  0.10374E-02  0.92357E-03  0.88153E-03  0.48250E-04  0.34677E-05 -0.85301E-05       5  0.88313E-03  0.00000E+00  0.00000E+00 -0.24806E-03 -0.77574E-05 -0.39038E-04 -0.32642E-05  0.21076E-03  0.16014E-04
        0.1004  0.00000E+00 -0.97119E-04  0.00000E+00 -0.21756E-04  0.00000E+00  0.00000E+00  0.10352E-02  0.92356E-03  0.88152E-03  0.48249E-04  0.48458E-05 -0.24322E-04       6  0.88313E-03  0.00000E+00  0.00000E+00 -0.44332E-03 -0.20419E-04 -0.24883E-04 -0.39749E-05  0.19165E-03  0.21487E-04
        0.1376  0.00000E+00 -0.47768E-04  0.00000E+00 -0.23530E-04  0.00000E+00  0.00000E+00  0.10322E-02  0.92356E-03  0.88151E-03  0.48249E-04  0.66373E-05 -0.62452E-04       7  0.88313E-03  0.00000E+00  0.00000E+00 -0.70845E-03 -0.46723E-04 -0.18799E-03 -0.10955E-04  0.14997E-03  0.27056E-04
        0.1858  0.00000E+00 -0.12399E-04  0.00000E+00 -0.24128E-04  0.00000E+00  0.00000E+00  0.10287E-02  0.92355E-03  0.88064E-03  0.48249E-04  0.89661E-05 -0.15126E-03       8  0.88312E-03  0.00000E+00  0.00000E+00 -0.10384E-02 -0.96843E-04 -0.79024E-03 -0.49099E-04  0.56138E-04  0.29765E-04
        0.2358  0.00000E+00  0.00000E+00  0.00000E+00 -0.24128E-04  0.00000E+00  0.00000E+00  0.10257E-02  0.92353E-03  0.88061E-03  0.48248E-04  0.11379E-04 -0.29051E-03       9  0.88312E-03  0.00000E+00  0.00000E+00 -0.13583E-02 -0.16476E-03 -0.16758E-02 -0.13289E-03 -0.10293E-03  0.24619E-04
        0.2858  0.00000E+00  0.00000E+00  0.00000E+00 -0.24128E-04  0.00000E+00  0.00000E+00  0.10231E-02  0.92353E-03  0.88021E-03  0.48247E-04  0.13791E-04 -0.47405E-03      10  0.88311E-03  0.00000E+00  0.00000E+00 -0.16191E-02 -0.24571E-03 -0.28631E-02 -0.27605E-03 -0.34734E-03  0.72518E-05
        0.3358  0.00000E+00  0.00000E+00  0.00000E+00 -0.24128E-04  0.00000E+00  0.00000E+00  0.10211E-02  0.92354E-03  0.88015E-03  0.48247E-04  0.16203E-04 -0.69426E-03      11  0.88311E-03  0.00000E+00  0.00000E+00 -0.18297E-02 -0.33720E-03 -0.41748E-02 -0.48478E-03 -0.67348E-03 -0.26422E-04
        0.3858  0.00000E+00  0.00000E+00  0.00000E+00 -0.24128E-04  0.00000E+00  0.00000E+00  0.10197E-02  0.92359E-03  0.87995E-03  0.48249E-04  0.18616E-04 -0.94006E-03      12  0.88310E-03  0.00000E+00  0.00000E+00 -0.20013E-02 -0.43726E-03 -0.54775E-02 -0.75866E-03 -0.10637E-02 -0.79606E-04
        0.4358  0.00000E+00  0.00000E+00  0.00000E+00 -0.24128E-04  0.00000E+00  0.00000E+00  0.10184E-02  0.92361E-03  0.87992E-03  0.48249E-04  0.21028E-04 -0.12018E-02      13  0.88310E-03  0.00000E+00  0.00000E+00 -0.20948E-02 -0.54200E-03 -0.68472E-02 -0.11010E-02 -0.15101E-02 -0.15511E-03
        0.4858  0.00000E+00  0.00000E+00  0.00000E+00 -0.24128E-04  0.00000E+00  0.00000E+00  0.10178E-02  0.92368E-03  0.87984E-03  0.48252E-04  0.23441E-04 -0.14680E-02      14  0.88310E-03  0.00000E+00  0.00000E+00 -0.21484E-02 -0.64942E-03 -0.78801E-02 -0.14950E-02 -0.19904E-02 -0.25463E-03
        0.5358  0.00000E+00  0.00000E+00  0.00000E+00 -0.24128E-04  0.00000E+00  0.00000E+00  0.10177E-02  0.92372E-03  0.87988E-03  0.48253E-04  0.25853E-04 -0.17280E-02      15  0.88310E-03  0.00000E+00  0.00000E+00 -0.21165E-02 -0.75525E-03 -0.84936E-02 -0.19197E-02 -0.23984E-02 -0.37455E-03
        0.5858  0.00000E+00  0.00000E+00  0.00000E+00 -0.24128E-04  0.00000E+00  0.00000E+00  0.10180E-02  0.92376E-03  0.87995E-03  0.48254E-04  0.28266E-04 -0.19702E-02      16  0.88310E-03  0.00000E+00  0.00000E+00 -0.20304E-02 -0.85677E-03 -0.86880E-02 -0.23541E-02 -0.26918E-02 -0.50914E-03
        0.6358  0.00000E+00  0.00000E+00  0.00000E+00 -0.24128E-04  0.00000E+00  0.00000E+00  0.10188E-02  0.92378E-03  0.88013E-03  0.48254E-04  0.30679E-04 -0.21854E-02      17  0.88311E-03  0.00000E+00  0.00000E+00 -0.18724E-02 -0.95039E-03 -0.85251E-02 -0.27804E-02 -0.28482E-02 -0.65155E-03
        0.6858  0.00000E+00  0.00000E+00  0.00000E+00 -0.24128E-04  0.00000E+00  0.00000E+00  0.10200E-02  0.92380E-03  0.88040E-03  0.48255E-04  0.33091E-04 -0.23662E-02      18  0.88311E-03  0.00000E+00  0.00000E+00 -0.16670E-02 -0.10337E-02 -0.79629E-02 -0.31785E-02 -0.28698E-02 -0.79504E-03
        0.7358  0.00000E+00 -0.94762E-05  0.00000E+00 -0.24602E-04  0.00000E+00  0.00000E+00  0.10216E-02  0.92379E-03  0.88154E-03  0.48254E-04  0.35504E-04 -0.25067E-02      19  0.88314E-03  0.00000E+00  0.00000E+00 -0.14106E-02 -0.11043E-02 -0.71302E-02 -0.35350E-02 -0.27996E-02 -0.93503E-03
        0.7858  0.00000E+00 -0.47158E-04  0.00000E+00 -0.26960E-04  0.00000E+00  0.00000E+00  0.10238E-02  0.92377E-03  0.88149E-03  0.48253E-04  0.37917E-04 -0.26044E-02      20  0.88313E-03  0.00000E+00  0.00000E+00 -0.11013E-02 -0.11593E-02 -0.60557E-02 -0.38378E-02 -0.26059E-02 -0.10653E-02
        0.8358  0.00000E+00 -0.10923E-03  0.00000E+00 -0.32421E-04  0.00000E+00  0.00000E+00  0.10263E-02  0.92375E-03  0.88154E-03  0.48253E-04  0.40329E-04 -0.26600E-02      21  0.88313E-03  0.00000E+00  0.00000E+00 -0.76703E-03 -0.11977E-02 -0.49005E-02 -0.40828E-02 -0.23164E-02 -0.11811E-02
        0.8858  0.00000E+00 -0.18186E-03  0.00000E+00 -0.41515E-04  0.00000E+00  0.00000E+00  0.10289E-02  0.92373E-03  0.88152E-03  0.48252E-04  0.42742E-04 -0.26805E-02      22  0.88314E-03  0.00000E+00  0.00000E+00 -0.43653E-03 -0.12195E-02 -0.37757E-02 -0.42716E-02 -0.19831E-02 -0.12803E-02
        0.9358  0.00000E+00 -0.26293E-03  0.00000E+00 -0.54661E-04  0.00000E+00  0.00000E+00  0.10314E-02  0.92370E-03  0.88156E-03  0.48251E-04  0.45155E-04 -0.26774E-02      23  0.88315E-03  0.00000E+00  0.00000E+00 -0.14989E-03 -0.12270E-02 -0.27916E-02 -0.44112E-02 -0.16535E-02 -0.13630E-02
        0.9679  0.00000E+00 -0.33324E-03  0.00000E+00 -0.65354E-04  0.00000E+00  0.00000E+00  0.10326E-02  0.92367E-03  0.88155E-03  0.48250E-04  0.46703E-04 -0.26701E-02      24  0.88315E-03  0.00000E+00  0.00000E+00 -0.24862E-04 -0.12278E-02 -0.22983E-02 -0.44849E-02 -0.14545E-02 -0.14096E-02
        1.0000  0.00000E+00 -0.38976E-03  0.00000E+00 -0.77859E-04  0.00000E+00  0.00000E+00  0.10332E-02  0.92365E-03  0.88157E-03  0.48250E-04  0.48251E-04 -0.26621E-02      25  0.88315E-03  0.00000E+00  0.00000E+00  0.34180E-04 -0.12267E-02 -0.19257E-02 -0.45467E-02 -0.12818E-02 -0.14508E-02
end
