 All solute fluxes and cumulative solute fluxes are positive into the region

       Time         cvTop        cvBot      Sum(cvTop)   Sum(cvBot)     cvCh0        cvCh1         cTop        cRoot         cBot        cvRoot    Sum(cvRoot)  Sum(cvNEql) TLevel      cGWL        cRunOff   Sum(cRunOff)    (cv(i),    Sum(cv(i)), i=1,NObs)
        [T]        [M/L2/T]     [M/L2/T]      [M/L2]       [M/L2]       [M/L2]      [M/L2]        [M/L3]      [M/L3]        [M/L3]      [M/L2/T]      [M/L2]       [M/L2]              [M/L3]        [M/L2]      [M/L3]      [M/L2/T]      [M/L2]
        0.0100  0.00000E+00 -0.30705E-03  0.00000E+00 -0.30705E-05  0.00000E+00  0.00000E+00  0.91136E-03  0.88317E-03  0.87964E-03  0.17610E-04  0.17610E-06  0.18161E-05       1  0.88309E-03  0.00000E+00  0.00000E+00  0.20283E-04  0.20283E-06 -0.36028E-03 -0.36028E-05 -0.51960E-03 -0.51960E-05
        0.0230  0.00000E+00 -0.46666E-03  0.00000E+00 -0.91371E-05  0.00000E+00  0.00000E+00  0.91153E-03  0.88312E-03  0.87973E-03  0.17609E-04  0.40501E-06  0.66365E-05       2  0.88309E-03  0.00000E+00  0.00000E+00  0.19932E-04  0.46195E-06 -0.33729E-03 -0.79875E-05 -0.49692E-03 -0.11656E-04
        0.0399  0.00000E+00 -0.40732E-03  0.00000E+00 -0.16021E-04  0.00000E+00  0.00000E+00  0.91144E-03  0.88314E-03  0.87968E-03  0.17609E-04  0.70261E-06  0.10444E-04       3  0.88309E-03  0.00000E+00  0.00000E+00  0.19409E-04  0.78996E-06 -0.30805E-03 -0.13194E-04 -0.46589E-03 -0.19530E-04
        0.0619  0.00000E+00 -0.36851E-03  0.00000E+00 -0.24117E-04  0.00000E+00  0.00000E+00  0.91141E-03  0.88313E-03  0.87968E-03  0.17609E-04  0.10895E-05  0.16389E-04       4  0.88309E-03  0.00000E+00  0.00000E+00  0.18136E-04  0.11884E-05 -0.27759E-03 -0.19292E-04 -0.43099E-03 -0.28998E-04
        0.0904  0.00000E+00 -0.34906E-03  0.00000E+00 -0.34086E-04  0.00000E+00  0.00000E+00  0.91134E-03  0.88314E-03  0.87967E-03  0.17609E-04  0.15924E-05  0.23743E-04       5  0.88309E-03  0.00000E+00  0.00000E+00  0.15586E-04  0.16335E-05 -0.24575E-03 -0.26311E-04 -0.39094E-03 -0.40164E-04
        0.1276  0.00000E+00 -0.33992E-03  0.00000E+00 -0.46707E-04  0.00000E+00  0.00000E+00  0.91129E-03  0.88313E-03  0.87967E-03  0.17609E-04  0.22462E-05  0.33377E-04       6  0.88309E-03  0.00000E+00  0.00000E+00  0.10930E-04  0.20394E-05 -0.21395E-03 -0.34255E-04 -0.34801E-03 -0.53085E-04
        0.1758  0.00000E+00 -0.33924E-03  0.00000E+00 -0.63082E-04  0.00000E+00  0.00000E+00  0.91121E-03  0.88314E-03  0.87968E-03  0.17609E-04  0.30962E-05  0.45418E-04       7  0.88309E-03  0.00000E+00  0.00000E+00  0.30573E-05  0.21869E-05 -0.18401E-03 -0.43137E-04 -0.30373E-03 -0.67746E-04
        0.2258  0.00000E+00 -0.34299E-03  0.00000E+00 -0.80231E-04  0.00000E+00  0.00000E+00  0.91116E-03  0.88313E-03  0.87969E-03  0.17609E-04  0.39766E-05  0.57378E-04       8  0.88309E-03  0.00000E+00  0.00000E+00 -0.40016E-05  0.19869E-05 -0.16115E-03 -0.51194E-04 -0.26729E-03 -0.81110E-04
        0.2758  0.00000E+00 -0.34775E-03  0.00000E+00 -0.97618E-04  0.00000E+00  0.00000E+00  0.91117E-03  0.88314E-03  0.87969E-03  0.17609E-04  0.48571E-05  0.69219E-04       9  0.88309E-03  0.00000E+00  0.00000E+00  0.24789E-06  0.19993E-05 -0.14142E-03 -0.58265E-04 -0.23745E-03 -0.92982E-04
        0.3258  0.00000E+00 -0.35150E-03  0.00000E+00 -0.11519E-03  0.00000E+00  0.00000E+00  0.91159E-03  0.88314E-03  0.87970E-03  0.17609E-04  0.57376E-05  0.85449E-04      10  0.88309E-03  0.00000E+00  0.00000E+00  0.54057E-04  0.47021E-05 -0.11461E-03 -0.63996E-04 -0.20570E-03 -0.10327E-03
        0.3758  0.00000E+00 -0.35315E-03  0.00000E+00 -0.13285E-03  0.00000E+00  0.00000E+00  0.91210E-03  0.88315E-03  0.87970E-03  0.17610E-04  0.66180E-05  0.11388E-03      11  0.88309E-03  0.00000E+00  0.00000E+00  0.97997E-04  0.96020E-05 -0.82761E-04 -0.68134E-04 -0.16067E-03 -0.11130E-03
        0.4258  0.00000E+00 -0.35199E-03  0.00000E+00 -0.15045E-03  0.00000E+00  0.00000E+00  0.91255E-03  0.88319E-03  0.87971E-03  0.17610E-04  0.74986E-05  0.15334E-03      12  0.88309E-03  0.00000E+00  0.00000E+00  0.12753E-03  0.15978E-04 -0.48287E-04 -0.70548E-04 -0.10960E-03 -0.11678E-03
        0.4758  0.00000E+00 -0.34771E-03  0.00000E+00 -0.16784E-03  0.00000E+00  0.00000E+00  0.91282E-03  0.88320E-03  0.87971E-03  0.17611E-04  0.83791E-05  0.19982E-03      13  0.88309E-03  0.00000E+00  0.00000E+00  0.14195E-03  0.23076E-04 -0.16449E-04 -0.71371E-04 -0.56904E-04 -0.11963E-03
        0.5258  0.00000E+00 -0.34003E-03  0.00000E+00 -0.18484E-03  0.00000E+00  0.00000E+00  0.91288E-03  0.88322E-03  0.87971E-03  0.17611E-04  0.92596E-05  0.24997E-03      14  0.88309E-03  0.00000E+00  0.00000E+00  0.14104E-03  0.30128E-04  0.92838E-05 -0.70906E-04 -0.85651E-05 -0.12005E-03
        0.5758  0.00000E+00 -0.32885E-03  0.00000E+00 -0.20128E-03  0.00000E+00  0.00000E+00  0.91276E-03  0.88322E-03  0.87971E-03  0.17611E-04  0.10140E-04  0.29895E-03      15  0.88309E-03  0.00000E+00  0.00000E+00  0.12490E-03  0.36373E-04  0.26041E-04 -0.69604E-04  0.31484E-04 -0.11848E-03
        0.6258  0.00000E+00 -0.31436E-03  0.00000E+00 -0.21700E-03  0.00000E+00  0.00000E+00  0.91242E-03  0.88323E-03  0.87971E-03  0.17611E-04  0.11021E-04  0.34291E-03      16  0.88309E-03  0.00000E+00  0.00000E+00  0.94465E-04  0.41096E-04  0.35802E-04 -0.67814E-04  0.59194E-04 -0.11552E-03
        0.6758  0.00000E+00 -0.29695E-03  0.00000E+00 -0.23185E-03  0.00000E+00  0.00000E+00  0.91192E-03  0.88321E-03  0.87971E-03  0.17611E-04  0.11901E-04  0.37773E-03      17  0.88309E-03  0.00000E+00  0.00000E+00  0.51167E-04  0.43655E-04  0.37455E-04 -0.65942E-04  0.72188E-04 -0.11191E-03
        0.7258  0.00000E+00 -0.27751E-03  0.00000E+00 -0.24572E-03  0.00000E+00  0.00000E+00  0.91138E-03  0.88320E-03  0.87970E-03  0.17611E-04  0.12782E-04  0.40079E-03      18  0.88309E-03  0.00000E+00  0.00000E+00 -0.13004E-05  0.43590E-04  0.30982E-04 -0.64392E-04  0.69663E-04 -0.10843E-03
        0.7758  0.00000E+00 -0.25689E-03  0.00000E+00 -0.25857E-03  0.00000E+00  0.00000E+00  0.91130E-03  0.88317E-03  0.87970E-03  0.17610E-04  0.13662E-04  0.41213E-03      19  0.88309E-03  0.00000E+00  0.00000E+00 -0.39191E-05  0.43394E-04  0.25910E-04 -0.63097E-04  0.55128E-04 -0.10567E-03
        0.8258  0.00000E+00 -0.23598E-03  0.00000E+00 -0.27036E-03  0.00000E+00  0.00000E+00  0.91135E-03  0.88315E-03  0.87969E-03  0.17610E-04  0.14543E-04  0.42054E-03      20  0.88309E-03  0.00000E+00  0.00000E+00  0.32325E-05  0.43556E-04  0.22324E-04 -0.61981E-04  0.43094E-04 -0.10352E-03
        0.8758  0.00000E+00 -0.21566E-03  0.00000E+00 -0.28115E-03  0.00000E+00  0.00000E+00  0.91143E-03  0.88316E-03  0.87968E-03  0.17610E-04  0.15423E-04  0.42938E-03      21  0.88309E-03  0.00000E+00  0.00000E+00  0.11269E-04  0.44119E-04  0.20326E-04 -0.60964E-04  0.34111E-04 -0.10181E-03
        0.9258  0.00000E+00 -0.19651E-03  0.00000E+00 -0.29097E-03  0.00000E+00  0.00000E+00  0.91155E-03  0.88315E-03  0.87968E-03  0.17610E-04  0.16304E-04  0.43799E-03      22  0.88309E-03  0.00000E+00  0.00000E+00  0.16966E-04  0.44967E-04  0.18989E-04 -0.60015E-04  0.28126E-04 -0.10040E-03
        0.9629  0.00000E+00 -0.18075E-03  0.00000E+00 -0.29768E-03  0.00000E+00  0.00000E+00  0.91158E-03  0.88316E-03  0.87968E-03  0.17610E-04  0.16957E-04  0.44460E-03      23  0.88309E-03  0.00000E+00  0.00000E+00  0.19455E-04  0.45689E-04  0.18171E-04 -0.59341E-04  0.24812E-04 -0.99485E-04
        1.0000  0.00000E+00 -0.16821E-03  0.00000E+00 -0.30391E-03  0.00000E+00  0.00000E+00  0.91161E-03  0.88315E-03  0.87967E-03  0.17610E-04  0.17610E-04  0.45097E-03      24  0.88309E-03  0.00000E+00  0.00000E+00  0.20262E-04  0.46440E-04  0.17422E-04 -0.58695E-04  0.22456E-04 -0.98652E-04
end
