 ******* Program HYDRUS
 ******* 
 Welcome to HYDRUS-1D                                                    
 Date:  29. 3.2022    Time:  17:26: 3
 Units: L = cm   , T = days , M = mg   

----------------------------------------------------------
 Time       [T]        0.0000
----------------------------------------------------------
 Sub-region num.                     1
----------------------------------------------------------
 Length   [L]        0.30000E+03  0.30000E+03
 W-volume [L]        0.10107E+03  0.10107E+03
 In-flow  [L/T]      0.00000E+00  0.00000E+00
 h Mean   [L]       -0.73481E+02 -0.73481E+02
 ConcVol  [M/L2] 1   0.89249E-01  0.89249E-01
 cMean    [M/L3] 1   0.88304E-03  0.88304E-03
 SorbVolIm[M/L2] 1   0.46096E+02  0.46096E+02
 sMeanIm  [-]    1   0.10597E+00  0.10597E+00
 Top Flux [L/T]      0.10464E+00
 Bot Flux [L/T]      0.24626E+00
----------------------------------------------------------

----------------------------------------------------------
 Time       [T]        1.0000
----------------------------------------------------------
 Sub-region num.                     1
----------------------------------------------------------
 Length   [L]        0.30000E+03  0.30000E+03
 W-volume [L]        0.10120E+03  0.10120E+03
 In-flow  [L/T]      0.26412E+00  0.26412E+00
 h Mean   [L]       -0.71965E+02 -0.71965E+02
 ConcVol  [M/L2] 1   0.89366E-01  0.89366E-01
 cMean    [M/L3] 1   0.88307E-03  0.88307E-03
 SorbVolIm[M/L2] 1   0.46096E+02  0.46096E+02
 sMeanIm  [-]    1   0.10597E+00  0.10597E+00
 Top Flux [L/T]      0.61194E-01
 Bot Flux [L/T]      0.32573E+00
 WatBalT  [L]       -0.13578E-01
 WatBalR  [%]              2.261
 CncBalT  [M]    1  -0.76294E-05
 CncBalR  [%]    1         6.405
----------------------------------------------------------
 
 Calculation time [sec]  2.000001072883606E-002
