 ******* Program HYDRUS
 ******* 
 Welcome to HYDRUS-1D                                                    
 Date:  28. 3.2022    Time:   9:26:50
 Units: L = cm   , T = days , M = mg   

----------------------------------------------------------
 Time       [T]        0.0000
----------------------------------------------------------
 Sub-region num.                     1
----------------------------------------------------------
 Length   [L]        0.30000E+03  0.30000E+03
 W-volume [L]        0.97123E+02  0.97123E+02
 In-flow  [L/T]      0.00000E+00  0.00000E+00
 h Mean   [L]       -0.11310E+03 -0.11310E+03
 ConcVol  [M/L2] 1   0.86759E-01  0.86759E-01
 cMean    [M/L3] 1   0.89545E-03  0.89545E-03
 SorbVolIm[M/L2] 1   0.46743E+02  0.46743E+02
 sMeanIm  [-]    1   0.10746E+00  0.10746E+00
 Top Flux [L/T]      0.90675E-02
 Bot Flux [L/T]      0.56503E+00
----------------------------------------------------------

----------------------------------------------------------
 Time       [T]        1.0000
----------------------------------------------------------
 Sub-region num.                     1
----------------------------------------------------------
 Length   [L]        0.30000E+03  0.30000E+03
 W-volume [L]        0.99196E+02  0.99196E+02
 In-flow  [L/T]      0.64773E-01  0.64773E-01
 h Mean   [L]       -0.94862E+02 -0.94862E+02
 ConcVol  [M/L2] 1   0.88662E-01  0.88662E-01
 cMean    [M/L3] 1   0.89543E-03  0.89543E-03
 SorbVolIm[M/L2] 1   0.46741E+02  0.46741E+02
 sMeanIm  [-]    1   0.10745E+00  0.10745E+00
 Top Flux [L/T]     -0.27835E-01
 Bot Flux [L/T]      0.19139E+00
 WatBalT  [L]        0.53167E-04
 WatBalR  [%]              0.002
 CncBalT  [M]    1  -0.15259E-04
 CncBalR  [%]    1         0.802
----------------------------------------------------------
 
 Calculation time [sec]  1.000002026557922E-002
