 All solute fluxes and cumulative solute fluxes are positive into the region

       Time         cvTop        cvBot      Sum(cvTop)   Sum(cvBot)     cvCh0        cvCh1         cTop        cRoot         cBot        cvRoot    Sum(cvRoot)  Sum(cvNEql) TLevel      cGWL        cRunOff   Sum(cRunOff)    (cv(i),    Sum(cv(i)), i=1,NObs)
        [T]        [M/L2/T]     [M/L2/T]      [M/L2]       [M/L2]       [M/L2]      [M/L2]        [M/L3]      [M/L3]        [M/L3]      [M/L2/T]      [M/L2]       [M/L2]              [M/L3]        [M/L2]      [M/L3]      [M/L2/T]      [M/L2]
        0.0100  0.00000E+00  0.00000E+00  0.00000E+00  0.00000E+00  0.00000E+00  0.00000E+00  0.10246E-02  0.91490E-03  0.86918E-03  0.10126E-03  0.10126E-05 -0.14258E-04       1  0.88261E-03  0.00000E+00  0.00000E+00  0.36306E-04  0.36306E-06 -0.75887E-05 -0.75887E-07  0.39611E-03  0.39611E-05
        0.0230  0.00000E+00  0.00000E+00  0.00000E+00  0.00000E+00  0.00000E+00  0.00000E+00  0.10246E-02  0.91494E-03  0.86806E-03  0.10127E-03  0.23291E-05 -0.29815E-04       2  0.88254E-03  0.00000E+00  0.00000E+00  0.35505E-04  0.82462E-06 -0.74779E-05 -0.17310E-06  0.39305E-03  0.90708E-05
        0.0399  0.00000E+00  0.00000E+00  0.00000E+00  0.00000E+00  0.00000E+00  0.00000E+00  0.10246E-02  0.91493E-03  0.86923E-03  0.10127E-03  0.40405E-05 -0.47458E-04       3  0.88261E-03  0.00000E+00  0.00000E+00  0.33196E-04  0.13856E-05 -0.75157E-05 -0.30011E-06  0.38839E-03  0.15635E-04
        0.0619  0.00000E+00  0.00000E+00  0.00000E+00  0.00000E+00  0.00000E+00  0.00000E+00  0.10246E-02  0.91494E-03  0.86930E-03  0.10127E-03  0.62653E-05 -0.68019E-04       4  0.88261E-03  0.00000E+00  0.00000E+00  0.28397E-04  0.20095E-05 -0.75063E-05 -0.46503E-06  0.38289E-03  0.24047E-04
        0.0904  0.00000E+00  0.00000E+00  0.00000E+00  0.00000E+00  0.00000E+00  0.00000E+00  0.10244E-02  0.91493E-03  0.86962E-03  0.10127E-03  0.91576E-05 -0.93176E-04       5  0.88263E-03  0.00000E+00  0.00000E+00  0.19230E-04  0.25588E-05 -0.75196E-05 -0.67980E-06  0.37584E-03  0.34781E-04
        0.1276  0.00000E+00  0.00000E+00  0.00000E+00  0.00000E+00  0.00000E+00  0.00000E+00  0.10243E-02  0.91494E-03  0.86968E-03  0.10127E-03  0.12918E-04 -0.12421E-03       6  0.88263E-03  0.00000E+00  0.00000E+00  0.27529E-05  0.26610E-05 -0.75423E-05 -0.95984E-06  0.36740E-03  0.48422E-04
        0.1758  0.00000E+00  0.00000E+00  0.00000E+00  0.00000E+00  0.00000E+00  0.00000E+00  0.10241E-02  0.91493E-03  0.86980E-03  0.10127E-03  0.17806E-04 -0.16363E-03       7  0.88264E-03  0.00000E+00  0.00000E+00 -0.96624E-05  0.21946E-05 -0.75863E-05 -0.13260E-05  0.35645E-03  0.65627E-04
        0.2258  0.00000E+00  0.00000E+00  0.00000E+00  0.00000E+00  0.00000E+00  0.00000E+00  0.10239E-02  0.91493E-03  0.86978E-03  0.10127E-03  0.22869E-04 -0.20409E-03       8  0.88264E-03  0.00000E+00  0.00000E+00 -0.24308E-04  0.97919E-06 -0.76057E-05 -0.17063E-05  0.34498E-03  0.82876E-04
        0.2758  0.00000E+00  0.00000E+00  0.00000E+00  0.00000E+00  0.00000E+00  0.00000E+00  0.10239E-02  0.91493E-03  0.86980E-03  0.10127E-03  0.27932E-04 -0.24382E-03       9  0.88264E-03  0.00000E+00  0.00000E+00 -0.26837E-04 -0.36264E-06 -0.75495E-05 -0.20838E-05  0.33378E-03  0.99566E-04
        0.3258  0.00000E+00  0.00000E+00  0.00000E+00  0.00000E+00  0.00000E+00  0.00000E+00  0.10244E-02  0.91494E-03  0.86976E-03  0.10127E-03  0.32996E-04 -0.27582E-03      10  0.88264E-03  0.00000E+00  0.00000E+00  0.19199E-04  0.59729E-06 -0.76945E-05 -0.24685E-05  0.32623E-03  0.11588E-03
        0.3758  0.00000E+00  0.00000E+00  0.00000E+00  0.00000E+00  0.00000E+00  0.00000E+00  0.10251E-02  0.91496E-03  0.86974E-03  0.10127E-03  0.38059E-04 -0.28783E-03      11  0.88264E-03  0.00000E+00  0.00000E+00  0.88123E-04  0.50034E-05 -0.76315E-05 -0.28501E-05  0.32977E-03  0.13237E-03
        0.4258  0.00000E+00  0.00000E+00  0.00000E+00  0.00000E+00  0.00000E+00  0.00000E+00  0.10256E-02  0.91502E-03  0.86968E-03  0.10128E-03  0.43123E-04 -0.28185E-03      12  0.88263E-03  0.00000E+00  0.00000E+00  0.13592E-03  0.11799E-04 -0.76191E-05 -0.32310E-05  0.34015E-03  0.14937E-03
        0.4758  0.00000E+00  0.00000E+00  0.00000E+00  0.00000E+00  0.00000E+00  0.00000E+00  0.10259E-02  0.91504E-03  0.86964E-03  0.10128E-03  0.48187E-04 -0.26406E-03      13  0.88263E-03  0.00000E+00  0.00000E+00  0.16011E-03  0.19805E-04 -0.74512E-05 -0.36036E-05  0.35589E-03  0.16717E-03
        0.5258  0.00000E+00  0.00000E+00  0.00000E+00  0.00000E+00  0.00000E+00  0.00000E+00  0.10260E-02  0.91507E-03  0.86959E-03  0.10128E-03  0.53251E-04 -0.23968E-03      14  0.88263E-03  0.00000E+00  0.00000E+00  0.15925E-03  0.27767E-04 -0.70901E-05 -0.39581E-05  0.37310E-03  0.18582E-03
        0.5758  0.00000E+00  0.00000E+00  0.00000E+00  0.00000E+00  0.00000E+00  0.00000E+00  0.10258E-02  0.91508E-03  0.86954E-03  0.10128E-03  0.58315E-04 -0.21620E-03      15  0.88263E-03  0.00000E+00  0.00000E+00  0.13378E-03  0.34456E-04 -0.71047E-05 -0.43133E-05  0.38829E-03  0.20524E-03
        0.6258  0.00000E+00  0.00000E+00  0.00000E+00  0.00000E+00  0.00000E+00  0.00000E+00  0.10253E-02  0.91508E-03  0.86948E-03  0.10128E-03  0.63379E-04 -0.19957E-03      16  0.88262E-03  0.00000E+00  0.00000E+00  0.85102E-04  0.38711E-04 -0.69275E-05 -0.46597E-05  0.39893E-03  0.22518E-03
        0.6758  0.00000E+00  0.00000E+00  0.00000E+00  0.00000E+00  0.00000E+00  0.00000E+00  0.10246E-02  0.91506E-03  0.86942E-03  0.10128E-03  0.68443E-04 -0.19615E-03      17  0.88262E-03  0.00000E+00  0.00000E+00  0.16250E-04  0.39524E-04 -0.70075E-05 -0.50101E-05  0.40248E-03  0.24531E-03
        0.7258  0.00000E+00  0.00000E+00  0.00000E+00  0.00000E+00  0.00000E+00  0.00000E+00  0.10241E-02  0.91503E-03  0.86936E-03  0.10128E-03  0.73507E-04 -0.21005E-03      18  0.88262E-03  0.00000E+00  0.00000E+00 -0.28896E-04  0.38079E-04 -0.70183E-05 -0.53610E-05  0.39752E-03  0.26518E-03
        0.7758  0.00000E+00  0.00000E+00  0.00000E+00  0.00000E+00  0.00000E+00  0.00000E+00  0.10242E-02  0.91499E-03  0.86930E-03  0.10127E-03  0.78571E-04 -0.24113E-03      19  0.88261E-03  0.00000E+00  0.00000E+00 -0.24403E-04  0.36859E-04 -0.71833E-05 -0.57202E-05  0.38394E-03  0.28438E-03
        0.8258  0.00000E+00  0.00000E+00  0.00000E+00  0.00000E+00  0.00000E+00  0.00000E+00  0.10243E-02  0.91495E-03  0.86923E-03  0.10127E-03  0.83634E-04 -0.27550E-03      20  0.88261E-03  0.00000E+00  0.00000E+00 -0.94390E-05  0.36387E-04 -0.71781E-05 -0.60791E-05  0.37100E-03  0.30293E-03
        0.8758  0.00000E+00  0.00000E+00  0.00000E+00  0.00000E+00  0.00000E+00  0.00000E+00  0.10245E-02  0.91497E-03  0.86916E-03  0.10127E-03  0.88698E-04 -0.30823E-03      21  0.88261E-03  0.00000E+00  0.00000E+00  0.44276E-05  0.36608E-04 -0.72278E-05 -0.64405E-05  0.35811E-03  0.32084E-03
        0.9258  0.00000E+00  0.00000E+00  0.00000E+00  0.00000E+00  0.00000E+00  0.00000E+00  0.10247E-02  0.91495E-03  0.86909E-03  0.10127E-03  0.93761E-04 -0.34046E-03      22  0.88260E-03  0.00000E+00  0.00000E+00  0.24725E-04  0.37844E-04 -0.70958E-05 -0.67952E-05  0.34736E-03  0.33820E-03
        0.9629  0.00000E+00  0.00000E+00  0.00000E+00  0.00000E+00  0.00000E+00  0.00000E+00  0.10248E-02  0.91496E-03  0.86904E-03  0.10127E-03  0.97517E-04 -0.36379E-03      23  0.88260E-03  0.00000E+00  0.00000E+00  0.33476E-04  0.39086E-04 -0.71420E-05 -0.70601E-05  0.34011E-03  0.35082E-03
        1.0000  0.00000E+00  0.00000E+00  0.00000E+00  0.00000E+00  0.00000E+00  0.00000E+00  0.10248E-02  0.91496E-03  0.86899E-03  0.10127E-03  0.10127E-03 -0.38722E-03      24  0.88260E-03  0.00000E+00  0.00000E+00  0.36437E-04  0.40437E-04 -0.71082E-05 -0.73237E-05  0.33382E-03  0.36320E-03
end
