 All solute fluxes and cumulative solute fluxes are positive into the region

       Time         cvTop        cvBot      Sum(cvTop)   Sum(cvBot)     cvCh0        cvCh1         cTop        cRoot         cBot        cvRoot    Sum(cvRoot)  Sum(cvNEql) TLevel      cGWL        cRunOff   Sum(cRunOff)    (cv(i),    Sum(cv(i)), i=1,NObs)
        [T]        [M/L2/T]     [M/L2/T]      [M/L2]       [M/L2]       [M/L2]      [M/L2]        [M/L3]      [M/L3]        [M/L3]      [M/L2/T]      [M/L2]       [M/L2]              [M/L3]        [M/L2]      [M/L3]      [M/L2/T]      [M/L2]
        0.0100  0.00000E+00 -0.63686E-04  0.00000E+00 -0.63686E-06  0.00000E+00  0.00000E+00  0.00000E+00  0.88302E-03  0.87406E-03  0.00000E+00  0.00000E+00  0.23884E-01       1  0.88287E-03  0.00000E+00  0.00000E+00  0.00000E+00  0.00000E+00  0.69214E-04  0.69214E-06  0.94901E-04  0.94901E-06
        0.0200  0.00000E+00  0.00000E+00  0.00000E+00 -0.63686E-06  0.00000E+00  0.00000E+00  0.12339E-02  0.88925E-03  0.87083E-03  0.00000E+00  0.00000E+00  0.21584E-01       2  0.88279E-03  0.00000E+00  0.00000E+00  0.52921E-04  0.52921E-06  0.69513E-04  0.13873E-05  0.93180E-04  0.18808E-05
        0.0330  0.00000E+00  0.00000E+00  0.00000E+00 -0.63686E-06  0.00000E+00  0.00000E+00  0.78364E-03  0.88523E-03  0.87251E-03  0.00000E+00  0.00000E+00  0.22401E-01       3  0.88285E-03  0.00000E+00  0.00000E+00  0.87202E-05  0.64257E-06  0.66831E-04  0.22561E-05  0.90634E-04  0.30591E-05
        0.0499  0.00000E+00  0.00000E+00  0.00000E+00 -0.63686E-06  0.00000E+00  0.00000E+00  0.10017E-02  0.88190E-03  0.87313E-03  0.00000E+00  0.00000E+00  0.22003E-01       4  0.88286E-03  0.00000E+00  0.00000E+00 -0.63245E-04 -0.42627E-06  0.58931E-04  0.32520E-05  0.87303E-04  0.45345E-05
        0.0719  0.00000E+00  0.00000E+00  0.00000E+00 -0.63686E-06  0.00000E+00  0.00000E+00  0.87889E-03  0.88386E-03  0.87375E-03  0.00000E+00  0.00000E+00  0.22217E-01       5  0.88288E-03  0.00000E+00  0.00000E+00 -0.89167E-04 -0.23853E-05  0.43657E-04  0.42111E-05  0.81676E-04  0.63289E-05
        0.1004  0.00000E+00  0.00000E+00  0.00000E+00 -0.63686E-06  0.00000E+00  0.00000E+00  0.95680E-03  0.88253E-03  0.87422E-03  0.00000E+00  0.00000E+00  0.22056E-01       6  0.88289E-03  0.00000E+00  0.00000E+00 -0.33371E-03 -0.11916E-04  0.81202E-05  0.44431E-05  0.70088E-04  0.83307E-05
        0.1376  0.00000E+00  0.00000E+00  0.00000E+00 -0.63686E-06  0.00000E+00  0.00000E+00  0.89897E-03  0.88348E-03  0.87461E-03  0.00000E+00  0.00000E+00  0.22137E-01       7  0.88293E-03  0.00000E+00  0.00000E+00 -0.47518E-03 -0.29560E-04 -0.70796E-04  0.18145E-05  0.42969E-04  0.99261E-05
        0.1858  0.00000E+00  0.00000E+00  0.00000E+00 -0.63686E-06  0.00000E+00  0.00000E+00  0.93944E-03  0.88269E-03  0.87492E-03  0.00000E+00  0.00000E+00  0.21999E-01       8  0.88293E-03  0.00000E+00  0.00000E+00 -0.10792E-02 -0.81649E-04 -0.23727E-03 -0.96382E-05 -0.22266E-04  0.88514E-05
        0.2358  0.00000E+00  0.00000E+00  0.00000E+00 -0.63686E-06  0.00000E+00  0.00000E+00  0.90166E-03  0.88330E-03  0.87512E-03  0.00000E+00  0.00000E+00  0.21987E-01       9  0.88294E-03  0.00000E+00  0.00000E+00 -0.13251E-02 -0.14790E-03 -0.48452E-03 -0.33864E-04 -0.13061E-03  0.23210E-05
        0.2858  0.00000E+00  0.00000E+00  0.00000E+00 -0.63686E-06  0.00000E+00  0.00000E+00  0.92632E-03  0.88275E-03  0.87526E-03  0.00000E+00  0.00000E+00  0.21825E-01      10  0.88294E-03  0.00000E+00  0.00000E+00 -0.19628E-02 -0.24604E-03 -0.78578E-03 -0.73153E-04 -0.28401E-03 -0.11879E-04
        0.3358  0.00000E+00  0.00000E+00  0.00000E+00 -0.63686E-06  0.00000E+00  0.00000E+00  0.90184E-03  0.88323E-03  0.87535E-03  0.00000E+00  0.00000E+00  0.21755E-01      11  0.88294E-03  0.00000E+00  0.00000E+00 -0.19977E-02 -0.34592E-03 -0.11089E-02 -0.12860E-03 -0.46894E-03 -0.35327E-04
        0.3858  0.00000E+00  0.00000E+00  0.00000E+00 -0.63686E-06  0.00000E+00  0.00000E+00  0.91769E-03  0.88289E-03  0.87542E-03  0.00000E+00  0.00000E+00  0.21598E-01      12  0.88294E-03  0.00000E+00  0.00000E+00 -0.24451E-02 -0.46818E-03 -0.14108E-02 -0.19914E-03 -0.66385E-03 -0.68519E-04
        0.4358  0.00000E+00  0.00000E+00  0.00000E+00 -0.63686E-06  0.00000E+00  0.00000E+00  0.90199E-03  0.88327E-03  0.87549E-03  0.00000E+00  0.00000E+00  0.21511E-01      13  0.88294E-03  0.00000E+00  0.00000E+00 -0.23797E-02 -0.58717E-03 -0.16851E-02 -0.28340E-03 -0.85887E-03 -0.11146E-03
        0.4858  0.00000E+00  0.00000E+00  0.00000E+00 -0.63686E-06  0.00000E+00  0.00000E+00  0.91253E-03  0.88305E-03  0.87555E-03  0.00000E+00  0.00000E+00  0.21372E-01      14  0.88294E-03  0.00000E+00  0.00000E+00 -0.26212E-02 -0.71822E-03 -0.19344E-02 -0.38012E-03 -0.10350E-02 -0.16321E-03
        0.5358  0.00000E+00  0.00000E+00  0.00000E+00 -0.63686E-06  0.00000E+00  0.00000E+00  0.90304E-03  0.88330E-03  0.87563E-03  0.00000E+00  0.00000E+00  0.21284E-01      15  0.88295E-03  0.00000E+00  0.00000E+00 -0.24436E-02 -0.84040E-03 -0.20861E-02 -0.48442E-03 -0.11983E-02 -0.22313E-03
        0.5858  0.00000E+00  0.00000E+00  0.00000E+00 -0.63686E-06  0.00000E+00  0.00000E+00  0.91071E-03  0.88316E-03  0.87573E-03  0.00000E+00  0.00000E+00  0.21167E-01      16  0.88295E-03  0.00000E+00  0.00000E+00 -0.24632E-02 -0.96356E-03 -0.21461E-02 -0.59173E-03 -0.13221E-02 -0.28923E-03
        0.6358  0.00000E+00  0.00000E+00  0.00000E+00 -0.63686E-06  0.00000E+00  0.00000E+00  0.90542E-03  0.88330E-03  0.87585E-03  0.00000E+00  0.00000E+00  0.21087E-01      17  0.88295E-03  0.00000E+00  0.00000E+00 -0.21835E-02 -0.10727E-02 -0.21143E-02 -0.69744E-03 -0.14034E-02 -0.35940E-03
        0.6858  0.00000E+00  0.00000E+00  0.00000E+00 -0.63686E-06  0.00000E+00  0.00000E+00  0.91164E-03  0.88318E-03  0.87600E-03  0.00000E+00  0.00000E+00  0.20993E-01      18  0.88295E-03  0.00000E+00  0.00000E+00 -0.20156E-02 -0.11735E-02 -0.20050E-02 -0.79769E-03 -0.14368E-02 -0.43124E-03
        0.7358  0.00000E+00 -0.26483E-05  0.00000E+00 -0.76928E-06  0.00000E+00  0.00000E+00  0.90923E-03  0.88323E-03  0.87940E-03  0.00000E+00  0.00000E+00  0.20935E-01      19  0.88301E-03  0.00000E+00  0.00000E+00 -0.16656E-02 -0.12568E-02 -0.18350E-02 -0.88944E-03 -0.14296E-02 -0.50273E-03
        0.7858  0.00000E+00 -0.19388E-04  0.00000E+00 -0.17387E-05  0.00000E+00  0.00000E+00  0.91529E-03  0.88313E-03  0.87921E-03  0.00000E+00  0.00000E+00  0.20881E-01      20  0.88300E-03  0.00000E+00  0.00000E+00 -0.12718E-02 -0.13204E-02 -0.15865E-02 -0.96877E-03 -0.13741E-02 -0.57143E-03
        0.8358  0.00000E+00 -0.49665E-04  0.00000E+00 -0.42219E-05  0.00000E+00  0.00000E+00  0.91543E-03  0.88314E-03  0.87937E-03  0.00000E+00  0.00000E+00  0.20863E-01      21  0.88301E-03  0.00000E+00  0.00000E+00 -0.80577E-03 -0.13607E-02 -0.13012E-02 -0.10338E-02 -0.12582E-02 -0.63434E-03
        0.8858  0.00000E+00 -0.83974E-04  0.00000E+00 -0.84206E-05  0.00000E+00  0.00000E+00  0.92033E-03  0.88311E-03  0.87929E-03  0.00000E+00  0.00000E+00  0.20858E-01      22  0.88300E-03  0.00000E+00  0.00000E+00 -0.41203E-03 -0.13813E-02 -0.10156E-02 -0.10846E-02 -0.11072E-02 -0.68970E-03
        0.9358  0.00000E+00 -0.12169E-03  0.00000E+00 -0.14505E-04  0.00000E+00  0.00000E+00  0.92042E-03  0.88312E-03  0.87939E-03  0.00000E+00  0.00000E+00  0.20875E-01      23  0.88301E-03  0.00000E+00  0.00000E+00 -0.10630E-03 -0.13866E-02 -0.76591E-03 -0.11229E-02 -0.94693E-03 -0.73705E-03
        0.9679  0.00000E+00 -0.15425E-03  0.00000E+00 -0.19454E-04  0.00000E+00  0.00000E+00  0.92241E-03  0.88310E-03  0.87936E-03  0.00000E+00  0.00000E+00  0.20884E-01      24  0.88300E-03  0.00000E+00  0.00000E+00  0.40184E-05 -0.13865E-02 -0.62941E-03 -0.11431E-02 -0.84666E-03 -0.76422E-03
        1.0000  0.00000E+00 -0.18055E-03  0.00000E+00 -0.25247E-04  0.00000E+00  0.00000E+00  0.92151E-03  0.88310E-03  0.87940E-03  0.00000E+00  0.00000E+00  0.20899E-01      25  0.88301E-03  0.00000E+00  0.00000E+00  0.42686E-04 -0.13851E-02 -0.52173E-03 -0.11598E-02 -0.75466E-03 -0.78843E-03
end
