 All solute fluxes and cumulative solute fluxes are positive into the region

       Time         cvTop        cvBot      Sum(cvTop)   Sum(cvBot)     cvCh0        cvCh1         cTop        cRoot         cBot        cvRoot    Sum(cvRoot)  Sum(cvNEql) TLevel      cGWL        cRunOff   Sum(cRunOff)    (cv(i),    Sum(cv(i)), i=1,NObs)
        [T]        [M/L2/T]     [M/L2/T]      [M/L2]       [M/L2]       [M/L2]      [M/L2]        [M/L3]      [M/L3]        [M/L3]      [M/L2/T]      [M/L2]       [M/L2]              [M/L3]        [M/L2]      [M/L3]      [M/L2/T]      [M/L2]
        0.0100  0.00000E+00 -0.24762E-03  0.00000E+00 -0.24762E-05  0.00000E+00  0.00000E+00  0.83479E-03  0.88262E-03  0.87011E-03  0.49497E-04  0.49497E-06 -0.12579E-04       1  0.88314E-03  0.00000E+00  0.00000E+00  0.62707E-04  0.62707E-06 -0.11411E-03 -0.11411E-05 -0.15153E-03 -0.15153E-05
        0.0200  0.00000E+00  0.00000E+00  0.00000E+00 -0.24762E-05  0.00000E+00  0.00000E+00  0.83474E-03  0.88261E-03  0.86491E-03  0.49499E-04  0.98996E-06 -0.24561E-04       2  0.88309E-03  0.00000E+00  0.00000E+00  0.54563E-04  0.11727E-05 -0.66878E-04 -0.18099E-05 -0.29364E-04 -0.18090E-05
        0.0330  0.00000E+00  0.00000E+00  0.00000E+00 -0.24762E-05  0.00000E+00  0.00000E+00  0.83464E-03  0.88268E-03  0.86656E-03  0.49500E-04  0.16335E-05 -0.38115E-04       3  0.88311E-03  0.00000E+00  0.00000E+00  0.36284E-04  0.16444E-05  0.42198E-05 -0.17550E-05  0.11854E-03 -0.26799E-06
        0.0499  0.00000E+00  0.00000E+00  0.00000E+00 -0.24762E-05  0.00000E+00  0.00000E+00  0.83436E-03  0.88267E-03  0.86667E-03  0.49500E-04  0.24700E-05 -0.53924E-04       4  0.88311E-03  0.00000E+00  0.00000E+00  0.76652E-05  0.17739E-05  0.71756E-04 -0.54236E-06  0.22892E-03  0.36008E-05
        0.0719  0.00000E+00  0.00000E+00  0.00000E+00 -0.24762E-05  0.00000E+00  0.00000E+00  0.83409E-03  0.88268E-03  0.86718E-03  0.49500E-04  0.35575E-05 -0.73051E-04       5  0.88312E-03  0.00000E+00  0.00000E+00 -0.63965E-05  0.16334E-05  0.11452E-03  0.19737E-05  0.29444E-03  0.10070E-04
        0.1004  0.00000E+00  0.00000E+00  0.00000E+00 -0.24762E-05  0.00000E+00  0.00000E+00  0.83386E-03  0.88268E-03  0.86748E-03  0.49500E-04  0.49713E-05 -0.97176E-04       6  0.88312E-03  0.00000E+00  0.00000E+00 -0.30966E-04  0.74900E-06  0.10779E-03  0.50523E-05  0.29926E-03  0.18617E-04
        0.1376  0.00000E+00  0.00000E+00  0.00000E+00 -0.24762E-05  0.00000E+00  0.00000E+00  0.83346E-03  0.88268E-03  0.86793E-03  0.49500E-04  0.68092E-05 -0.12957E-03       7  0.88313E-03  0.00000E+00  0.00000E+00 -0.69705E-04 -0.18391E-05  0.33985E-04  0.63142E-05  0.24052E-03  0.27547E-04
        0.1858  0.00000E+00  0.00000E+00  0.00000E+00 -0.24762E-05  0.00000E+00  0.00000E+00  0.83290E-03  0.88267E-03  0.86847E-03  0.49500E-04  0.91985E-05 -0.17587E-03       8  0.88313E-03  0.00000E+00  0.00000E+00 -0.12708E-03 -0.79732E-05 -0.12807E-03  0.13269E-06  0.10273E-03  0.32505E-04
        0.2358  0.00000E+00  0.00000E+00  0.00000E+00 -0.24762E-05  0.00000E+00  0.00000E+00  0.83232E-03  0.88265E-03  0.86923E-03  0.49499E-04  0.11673E-04 -0.22947E-03       9  0.88314E-03  0.00000E+00  0.00000E+00 -0.18785E-03 -0.17366E-04 -0.34074E-03 -0.16905E-04 -0.80664E-04  0.28472E-04
        0.2858  0.00000E+00  0.00000E+00  0.00000E+00 -0.24762E-05  0.00000E+00  0.00000E+00  0.83189E-03  0.88264E-03  0.87018E-03  0.49498E-04  0.14148E-04 -0.28582E-03      10  0.88315E-03  0.00000E+00  0.00000E+00 -0.23366E-03 -0.29049E-04 -0.55073E-03 -0.44441E-04 -0.27585E-03  0.14680E-04
        0.3358  0.00000E+00 -0.27805E-04  0.00000E+00 -0.38665E-05  0.00000E+00  0.00000E+00  0.83164E-03  0.88263E-03  0.87649E-03  0.49497E-04  0.16623E-04 -0.32611E-03      11  0.88318E-03  0.00000E+00  0.00000E+00 -0.26047E-03 -0.42072E-04 -0.72174E-03 -0.80528E-04 -0.44984E-03 -0.78122E-05
        0.3858  0.00000E+00 -0.13696E-03  0.00000E+00 -0.10715E-04  0.00000E+00  0.00000E+00  0.83141E-03  0.88263E-03  0.87629E-03  0.49497E-04  0.19098E-04 -0.35477E-03      12  0.88318E-03  0.00000E+00  0.00000E+00 -0.28187E-03 -0.56166E-04 -0.86632E-03 -0.12384E-03 -0.60169E-03 -0.37897E-04
        0.4358  0.00000E+00 -0.29356E-03  0.00000E+00 -0.25393E-04  0.00000E+00  0.00000E+00  0.83125E-03  0.88263E-03  0.87670E-03  0.49496E-04  0.21573E-04 -0.38558E-03      13  0.88318E-03  0.00000E+00  0.00000E+00 -0.29570E-03 -0.70951E-04 -0.97903E-03 -0.17280E-03 -0.72608E-03 -0.74201E-04
        0.4858  0.00000E+00 -0.43469E-03  0.00000E+00 -0.47127E-04  0.00000E+00  0.00000E+00  0.83115E-03  0.88263E-03  0.87665E-03  0.49496E-04  0.24048E-04 -0.41587E-03      14  0.88318E-03  0.00000E+00  0.00000E+00 -0.30144E-03 -0.86023E-04 -0.10581E-02 -0.22570E-03 -0.82560E-03 -0.11548E-03
        0.5358  0.00000E+00 -0.55588E-03  0.00000E+00 -0.74921E-04  0.00000E+00  0.00000E+00  0.83112E-03  0.88263E-03  0.87688E-03  0.49496E-04  0.26522E-04 -0.44585E-03      15  0.88319E-03  0.00000E+00  0.00000E+00 -0.29827E-03 -0.10094E-03 -0.10999E-02 -0.28069E-03 -0.89602E-03 -0.16028E-03
        0.5858  0.00000E+00 -0.65519E-03  0.00000E+00 -0.10768E-03  0.00000E+00  0.00000E+00  0.83116E-03  0.88263E-03  0.87687E-03  0.49496E-04  0.28997E-04 -0.47364E-03      16  0.88318E-03  0.00000E+00  0.00000E+00 -0.28672E-03 -0.11527E-03 -0.11037E-02 -0.33587E-03 -0.93608E-03 -0.20709E-03
        0.6358  0.00000E+00 -0.73161E-03  0.00000E+00 -0.14426E-03  0.00000E+00  0.00000E+00  0.83126E-03  0.88263E-03  0.87700E-03  0.49496E-04  0.31472E-04 -0.49911E-03      17  0.88319E-03  0.00000E+00  0.00000E+00 -0.26737E-03 -0.12864E-03 -0.10717E-02 -0.38946E-03 -0.94657E-03 -0.25441E-03
        0.6858  0.00000E+00 -0.78517E-03  0.00000E+00 -0.18352E-03  0.00000E+00  0.00000E+00  0.83142E-03  0.88263E-03  0.87700E-03  0.49496E-04  0.33947E-04 -0.52125E-03      18  0.88319E-03  0.00000E+00  0.00000E+00 -0.24184E-03 -0.14073E-03 -0.10101E-02 -0.43997E-03 -0.93075E-03 -0.30095E-03
        0.7358  0.00000E+00 -0.81700E-03  0.00000E+00 -0.22437E-03  0.00000E+00  0.00000E+00  0.83161E-03  0.88263E-03  0.87706E-03  0.49496E-04  0.36422E-04 -0.54032E-03      19  0.88319E-03  0.00000E+00  0.00000E+00 -0.21206E-03 -0.15134E-03 -0.92671E-03 -0.48630E-03 -0.89431E-03 -0.34567E-03
        0.7858  0.00000E+00 -0.82187E-03  0.00000E+00 -0.26546E-03  0.00000E+00  0.00000E+00  0.83208E-03  0.88263E-03  0.87705E-03  0.49496E-04  0.38896E-04 -0.55097E-03      20  0.88319E-03  0.00000E+00  0.00000E+00 -0.15273E-03 -0.15897E-03 -0.76458E-03 -0.52453E-03 -0.80244E-03 -0.38579E-03
        0.8358  0.00000E+00 -0.79007E-03  0.00000E+00 -0.30497E-03  0.00000E+00  0.00000E+00  0.83256E-03  0.88264E-03  0.87705E-03  0.49497E-04  0.41371E-04 -0.55050E-03      21  0.88319E-03  0.00000E+00  0.00000E+00 -0.93474E-04 -0.16365E-03 -0.58601E-03 -0.55383E-03 -0.67654E-03 -0.41962E-03
        0.8858  0.00000E+00 -0.72413E-03  0.00000E+00 -0.34117E-03  0.00000E+00  0.00000E+00  0.83301E-03  0.88264E-03  0.87700E-03  0.49497E-04  0.43846E-04 -0.54109E-03      22  0.88319E-03  0.00000E+00  0.00000E+00 -0.39641E-04 -0.16563E-03 -0.41301E-03 -0.57448E-03 -0.53844E-03 -0.44654E-03
        0.9358  0.00000E+00 -0.63608E-03  0.00000E+00 -0.37298E-03  0.00000E+00  0.00000E+00  0.83337E-03  0.88265E-03  0.87696E-03  0.49498E-04  0.46321E-04 -0.52554E-03      23  0.88319E-03  0.00000E+00  0.00000E+00  0.92477E-06 -0.16558E-03 -0.27113E-03 -0.58804E-03 -0.41023E-03 -0.46705E-03
        0.9679  0.00000E+00 -0.55637E-03  0.00000E+00 -0.39083E-03  0.00000E+00  0.00000E+00  0.83362E-03  0.88265E-03  0.87692E-03  0.49498E-04  0.47909E-04 -0.51388E-03      24  0.88319E-03  0.00000E+00  0.00000E+00  0.39645E-04 -0.16431E-03 -0.20034E-03 -0.59447E-03 -0.33846E-03 -0.47791E-03
        1.0000  0.00000E+00 -0.49354E-03  0.00000E+00 -0.40666E-03  0.00000E+00  0.00000E+00  0.83388E-03  0.88265E-03  0.87688E-03  0.49499E-04  0.49497E-04 -0.50196E-03      25  0.88319E-03  0.00000E+00  0.00000E+00  0.67147E-04 -0.16215E-03 -0.15309E-03 -0.59938E-03 -0.28150E-03 -0.48694E-03
end
