 All solute fluxes and cumulative solute fluxes are positive into the region

       Time         cvTop        cvBot      Sum(cvTop)   Sum(cvBot)     cvCh0        cvCh1         cTop        cRoot         cBot        cvRoot    Sum(cvRoot)  Sum(cvNEql) TLevel      cGWL        cRunOff   Sum(cRunOff)    (cv(i),    Sum(cv(i)), i=1,NObs)
        [T]        [M/L2/T]     [M/L2/T]      [M/L2]       [M/L2]       [M/L2]      [M/L2]        [M/L3]      [M/L3]        [M/L3]      [M/L2/T]      [M/L2]       [M/L2]              [M/L3]        [M/L2]      [M/L3]      [M/L2/T]      [M/L2]
        0.0100  0.00000E+00  0.00000E+00  0.00000E+00  0.00000E+00  0.00000E+00  0.00000E+00  0.85121E-03  0.88310E-03  0.87450E-03  0.79759E-04  0.79759E-06 -0.78212E-05       1  0.88310E-03  0.00000E+00  0.00000E+00  0.26386E-04  0.26386E-06  0.34817E-04  0.34817E-06  0.53478E-04  0.53478E-06
        0.0200  0.00000E+00  0.00000E+00  0.00000E+00  0.00000E+00  0.00000E+00  0.00000E+00  0.85108E-03  0.88314E-03  0.87286E-03  0.79763E-04  0.15952E-05 -0.13163E-04       2  0.88307E-03  0.00000E+00  0.00000E+00  0.19994E-04  0.46380E-06  0.34283E-04  0.69100E-06  0.52945E-04  0.10642E-05
        0.0330  0.00000E+00  0.00000E+00  0.00000E+00  0.00000E+00  0.00000E+00  0.00000E+00  0.85098E-03  0.88313E-03  0.87352E-03  0.79762E-04  0.26321E-05 -0.19694E-04       3  0.88309E-03  0.00000E+00  0.00000E+00  0.52801E-05  0.53244E-06  0.32895E-04  0.11186E-05  0.52096E-04  0.17415E-05
        0.0499  0.00000E+00  0.00000E+00  0.00000E+00  0.00000E+00  0.00000E+00  0.00000E+00  0.85080E-03  0.88313E-03  0.87386E-03  0.79762E-04  0.39801E-05 -0.27024E-04       4  0.88309E-03  0.00000E+00  0.00000E+00 -0.44224E-05  0.45770E-06  0.29306E-04  0.16139E-05  0.50795E-04  0.25999E-05
        0.0719  0.00000E+00  0.00000E+00  0.00000E+00  0.00000E+00  0.00000E+00  0.00000E+00  0.85062E-03  0.88313E-03  0.87417E-03  0.79762E-04  0.57325E-05 -0.36281E-04       5  0.88310E-03  0.00000E+00  0.00000E+00 -0.21704E-04 -0.19131E-07  0.20435E-04  0.20629E-05  0.48083E-04  0.36563E-05
        0.1004  0.00000E+00  0.00000E+00  0.00000E+00  0.00000E+00  0.00000E+00  0.00000E+00  0.85031E-03  0.88313E-03  0.87442E-03  0.79762E-04  0.80105E-05 -0.48820E-04       6  0.88310E-03  0.00000E+00  0.00000E+00 -0.51351E-04 -0.14858E-05  0.48690E-06  0.20768E-05  0.41710E-04  0.48476E-05
        0.1376  0.00000E+00  0.00000E+00  0.00000E+00  0.00000E+00  0.00000E+00  0.00000E+00  0.84981E-03  0.88312E-03  0.87463E-03  0.79761E-04  0.10972E-04 -0.68018E-04       7  0.88311E-03  0.00000E+00  0.00000E+00 -0.98763E-04 -0.51528E-05 -0.41719E-04  0.52777E-06  0.26145E-04  0.58183E-05
        0.1858  0.00000E+00  0.00000E+00  0.00000E+00  0.00000E+00  0.00000E+00  0.00000E+00  0.84908E-03  0.88312E-03  0.87480E-03  0.79761E-04  0.14822E-04 -0.10044E-03       8  0.88311E-03  0.00000E+00  0.00000E+00 -0.16845E-03 -0.13283E-04 -0.12565E-03 -0.55370E-05 -0.10460E-04  0.53135E-05
        0.2358  0.00000E+00  0.00000E+00  0.00000E+00  0.00000E+00  0.00000E+00  0.00000E+00  0.84835E-03  0.88311E-03  0.87492E-03  0.79760E-04  0.18810E-04 -0.14416E-03       9  0.88311E-03  0.00000E+00  0.00000E+00 -0.24235E-03 -0.25401E-04 -0.23917E-03 -0.17496E-04 -0.67180E-04  0.19545E-05
        0.2858  0.00000E+00  0.00000E+00  0.00000E+00  0.00000E+00  0.00000E+00  0.00000E+00  0.84775E-03  0.88310E-03  0.87502E-03  0.79759E-04  0.22798E-04 -0.19735E-03      10  0.88311E-03  0.00000E+00  0.00000E+00 -0.30465E-03 -0.40633E-04 -0.36665E-03 -0.35828E-04 -0.14077E-03 -0.50840E-05
        0.3358  0.00000E+00  0.00000E+00  0.00000E+00  0.00000E+00  0.00000E+00  0.00000E+00  0.84727E-03  0.88310E-03  0.87510E-03  0.79758E-04  0.26786E-04 -0.25430E-03      11  0.88311E-03  0.00000E+00  0.00000E+00 -0.34873E-03 -0.58070E-04 -0.49488E-03 -0.60572E-04 -0.21999E-03 -0.16083E-04
        0.3858  0.00000E+00  0.00000E+00  0.00000E+00  0.00000E+00  0.00000E+00  0.00000E+00  0.84695E-03  0.88311E-03  0.87518E-03  0.79760E-04  0.30774E-04 -0.30859E-03      12  0.88311E-03  0.00000E+00  0.00000E+00 -0.38526E-03 -0.77333E-04 -0.61887E-03 -0.91516E-04 -0.29571E-03 -0.30869E-04
        0.4358  0.00000E+00  0.00000E+00  0.00000E+00  0.00000E+00  0.00000E+00  0.00000E+00  0.84666E-03  0.88313E-03  0.87527E-03  0.79761E-04  0.34762E-04 -0.35950E-03      13  0.88312E-03  0.00000E+00  0.00000E+00 -0.40788E-03 -0.97727E-04 -0.72688E-03 -0.12786E-03 -0.36643E-03 -0.49190E-04
        0.4858  0.00000E+00  0.00000E+00  0.00000E+00  0.00000E+00  0.00000E+00  0.00000E+00  0.84654E-03  0.88315E-03  0.87536E-03  0.79763E-04  0.38750E-04 -0.40685E-03      14  0.88312E-03  0.00000E+00  0.00000E+00 -0.41841E-03 -0.11865E-03 -0.81066E-03 -0.16839E-03 -0.42852E-03 -0.70616E-04
        0.5358  0.00000E+00  0.00000E+00  0.00000E+00  0.00000E+00  0.00000E+00  0.00000E+00  0.84649E-03  0.88316E-03  0.87546E-03  0.79764E-04  0.42738E-04 -0.45043E-03      15  0.88312E-03  0.00000E+00  0.00000E+00 -0.41328E-03 -0.13931E-03 -0.86323E-03 -0.21155E-03 -0.47959E-03 -0.94596E-04
        0.5858  0.00000E+00  0.00000E+00  0.00000E+00  0.00000E+00  0.00000E+00  0.00000E+00  0.84659E-03  0.88316E-03  0.87558E-03  0.79764E-04  0.46726E-04 -0.49051E-03      16  0.88312E-03  0.00000E+00  0.00000E+00 -0.39511E-03 -0.15907E-03 -0.88154E-03 -0.25563E-03 -0.51803E-03 -0.12050E-03
        0.6358  0.00000E+00  0.00000E+00  0.00000E+00  0.00000E+00  0.00000E+00  0.00000E+00  0.84677E-03  0.88317E-03  0.87570E-03  0.79765E-04  0.50715E-04 -0.52747E-03      17  0.88312E-03  0.00000E+00  0.00000E+00 -0.36322E-03 -0.17723E-03 -0.86588E-03 -0.29893E-03 -0.54271E-03 -0.14763E-03
        0.6858  0.00000E+00  0.00000E+00  0.00000E+00  0.00000E+00  0.00000E+00  0.00000E+00  0.84705E-03  0.88316E-03  0.87585E-03  0.79764E-04  0.54703E-04 -0.56201E-03      18  0.88312E-03  0.00000E+00  0.00000E+00 -0.32112E-03 -0.19328E-03 -0.81979E-03 -0.33991E-03 -0.55366E-03 -0.17532E-03
        0.7358  0.00000E+00  0.00000E+00  0.00000E+00  0.00000E+00  0.00000E+00  0.00000E+00  0.84739E-03  0.88315E-03  0.87603E-03  0.79763E-04  0.58691E-04 -0.59483E-03      19  0.88313E-03  0.00000E+00  0.00000E+00 -0.27084E-03 -0.20683E-03 -0.75001E-03 -0.37741E-03 -0.55346E-03 -0.20299E-03
        0.7858  0.00000E+00 -0.61283E-05  0.00000E+00 -0.30641E-06  0.00000E+00  0.00000E+00  0.84798E-03  0.88313E-03  0.88007E-03  0.79761E-04  0.62679E-04 -0.61410E-03      20  0.88317E-03  0.00000E+00  0.00000E+00 -0.19904E-03 -0.21678E-03 -0.64853E-03 -0.40984E-03 -0.53728E-03 -0.22985E-03
        0.8358  0.00000E+00 -0.25383E-04  0.00000E+00 -0.15756E-05  0.00000E+00  0.00000E+00  0.84856E-03  0.88312E-03  0.87983E-03  0.79760E-04  0.66667E-04 -0.61511E-03      21  0.88316E-03  0.00000E+00  0.00000E+00 -0.12676E-03 -0.22312E-03 -0.53246E-03 -0.43646E-03 -0.49337E-03 -0.25452E-03
        0.8858  0.00000E+00 -0.51937E-04  0.00000E+00 -0.41724E-05  0.00000E+00  0.00000E+00  0.84912E-03  0.88314E-03  0.88001E-03  0.79762E-04  0.70655E-04 -0.60753E-03      22  0.88316E-03  0.00000E+00  0.00000E+00 -0.61586E-04 -0.22620E-03 -0.41424E-03 -0.45718E-03 -0.43304E-03 -0.27617E-03
        0.9358  0.00000E+00 -0.78295E-04  0.00000E+00 -0.80872E-05  0.00000E+00  0.00000E+00  0.84955E-03  0.88313E-03  0.87991E-03  0.79761E-04  0.74643E-04 -0.59397E-03      23  0.88316E-03  0.00000E+00  0.00000E+00 -0.12542E-04 -0.22682E-03 -0.30862E-03 -0.47261E-03 -0.36604E-03 -0.29448E-03
        0.9679  0.00000E+00 -0.99304E-04  0.00000E+00 -0.11273E-04  0.00000E+00  0.00000E+00  0.84973E-03  0.88314E-03  0.87999E-03  0.79762E-04  0.77202E-04 -0.58397E-03      24  0.88316E-03  0.00000E+00  0.00000E+00  0.74391E-05 -0.22658E-03 -0.25001E-03 -0.48063E-03 -0.32350E-03 -0.30485E-03
        1.0000  0.00000E+00 -0.11487E-03  0.00000E+00 -0.14959E-04  0.00000E+00  0.00000E+00  0.84986E-03  0.88313E-03  0.87996E-03  0.79761E-04  0.79762E-04 -0.57378E-03      25  0.88316E-03  0.00000E+00  0.00000E+00  0.30011E-04 -0.22562E-03 -0.20431E-03 -0.48718E-03 -0.28423E-03 -0.31397E-03
end
