 ******* Program HYDRUS
 ******* 
 Welcome to HYDRUS-1D                                                    
 Date:  28. 3.2022    Time:   8:56:50
 Units: L = cm   , T = days , M = mg   


 Time:        0.0000


 Node      Depth      Head Moisture       K          C         Flux        Sink         Kappa   v/KsTop   Temp   Conc(1..NS) Sorb(1...NS)
           [L]        [L]    [-]        [L/T]      [1/L]      [L/T]        [1/T]         [-]      [-]      [C]      [M/L*3]

   1     0.0000    -217.569 0.2802   0.1045E+01  0.3603E-03  0.1204E-01  0.0000E+00      -1   0.277E-03   20.00  0.9666E-03  0.1160E+00
   2    -3.0000    -214.535 0.2813   0.1080E+01  0.3640E-03  0.1224E-01  0.0000E+00      -1   0.282E-03   20.00  0.9831E-03  0.1180E+00
   3    -6.0000    -211.501 0.2824   0.1115E+01  0.3676E-03  0.1340E-01  0.0000E+00      -1   0.308E-03   20.00  0.9925E-03  0.1191E+00
   4    -9.0000    -208.463 0.2835   0.1150E+01  0.3713E-03  0.1788E-01  0.1270E-02      -1   0.411E-03   20.00  0.9957E-03  0.1195E+00
   5   -12.0000    -205.408 0.2846   0.1185E+01  0.3750E-03  0.2575E-01  0.1271E-02      -1   0.592E-03   20.00  0.9908E-03  0.1189E+00
   6   -15.0000    -202.333 0.2857   0.1221E+01  0.3787E-03  0.3424E-01  0.1272E-02      -1   0.788E-03   20.00  0.9790E-03  0.1175E+00
   7   -18.0000    -199.240 0.2868   0.1257E+01  0.3825E-03  0.4278E-01  0.1273E-02      -1   0.984E-03   20.00  0.9599E-03  0.1152E+00
   8   -21.0000    -196.129 0.2880   0.1292E+01  0.3863E-03  0.5153E-01  0.1274E-02      -1   0.119E-02   20.00  0.9367E-03  0.1124E+00
   9   -24.0000    -193.001 0.2891   0.1328E+01  0.3900E-03  0.6030E-01  0.1262E-02      -1   0.139E-02   20.00  0.9159E-03  0.1099E+00
  10   -27.0000    -189.858 0.2903   0.1385E+01  0.3940E-03  0.6857E-01  0.1196E-02      -1   0.158E-02   20.00  0.9009E-03  0.1081E+00
  11   -30.0000    -186.705 0.2916   0.1456E+01  0.3981E-03  0.7623E-01  0.1130E-02      -1   0.175E-02   20.00  0.8909E-03  0.1069E+00
  12   -33.0000    -183.544 0.2930   0.1526E+01  0.4022E-03  0.8295E-01  0.1064E-02      -1   0.191E-02   20.00  0.8858E-03  0.1063E+00
  13   -36.0000    -180.379 0.2943   0.1597E+01  0.4064E-03  0.8864E-01  0.9986E-03      -1   0.204E-02   20.00  0.8834E-03  0.1060E+00
  14   -39.0000    -177.211 0.2956   0.1667E+01  0.4105E-03  0.9365E-01  0.9325E-03      -1   0.215E-02   20.00  0.8833E-03  0.1060E+00
  15   -42.0000    -174.042 0.2969   0.1738E+01  0.4146E-03  0.9790E-01  0.8664E-03      -1   0.225E-02   20.00  0.8833E-03  0.1060E+00
  16   -45.0000    -170.873 0.2982   0.1808E+01  0.4187E-03  0.1010E+00  0.8002E-03      -1   0.232E-02   20.00  0.8833E-03  0.1060E+00
  17   -48.0000    -167.707 0.2996   0.1879E+01  0.4229E-03  0.1030E+00  0.7339E-03      -1   0.237E-02   20.00  0.8833E-03  0.1060E+00
  18   -51.0000    -164.544 0.3009   0.1949E+01  0.4270E-03  0.1043E+00  0.6675E-03      -1   0.240E-02   20.00  0.8833E-03  0.1060E+00
  19   -54.0000    -161.386 0.3022   0.2020E+01  0.4311E-03  0.1047E+00  0.6011E-03      -1   0.241E-02   20.00  0.8833E-03  0.1060E+00
  20   -57.0000    -158.233 0.3035   0.2090E+01  0.4352E-03  0.1041E+00  0.5345E-03      -1   0.240E-02   20.00  0.8833E-03  0.1060E+00
  21   -60.0000    -155.087 0.3048   0.2160E+01  0.4393E-03  0.1026E+00  0.4679E-03      -1   0.236E-02   20.00  0.8833E-03  0.1060E+00
  22   -63.0000    -151.948 0.3062   0.2231E+01  0.4434E-03  0.1006E+00  0.4013E-03      -1   0.231E-02   20.00  0.8833E-03  0.1060E+00
  23   -66.0000    -148.818 0.3076   0.2356E+01  0.4470E-03  0.9724E-01  0.3345E-03      -1   0.224E-02   20.00  0.8833E-03  0.1060E+00
  24   -69.0000    -145.700 0.3090   0.2480E+01  0.4506E-03  0.9287E-01  0.2677E-03      -1   0.214E-02   20.00  0.8833E-03  0.1060E+00
  25   -72.0000    -142.593 0.3105   0.2604E+01  0.4542E-03  0.8753E-01  0.2009E-03      -1   0.201E-02   20.00  0.8833E-03  0.1060E+00
  26   -75.0000    -139.498 0.3119   0.2727E+01  0.4578E-03  0.8171E-01  0.1340E-03      -1   0.188E-02   20.00  0.8833E-03  0.1060E+00
  27   -78.0000    -136.413 0.3133   0.2850E+01  0.4613E-03  0.7541E-01  0.6700E-04      -1   0.173E-02   20.00  0.8833E-03  0.1060E+00
  28   -81.0000    -133.339 0.3148   0.2972E+01  0.4649E-03  0.6876E-01  0.0000E+00      -1   0.158E-02   20.00  0.8833E-03  0.1060E+00
  29   -84.0000    -130.274 0.3162   0.3095E+01  0.4684E-03  0.6179E-01  0.0000E+00      -1   0.142E-02   20.00  0.8833E-03  0.1060E+00
  30   -87.0000    -127.219 0.3176   0.3216E+01  0.4720E-03  0.5405E-01  0.0000E+00      -1   0.124E-02   20.00  0.8833E-03  0.1060E+00
  31   -90.0000    -124.173 0.3190   0.3338E+01  0.4755E-03  0.4721E-01  0.0000E+00      -1   0.109E-02   20.00  0.8833E-03  0.1060E+00
  32   -93.0000    -121.134 0.3204   0.3459E+01  0.4790E-03  0.4043E-01  0.0000E+00      -1   0.930E-03   20.00  0.8833E-03  0.1060E+00
  33   -96.0000    -118.103 0.3219   0.3641E+01  0.4814E-03  0.3268E-01  0.0000E+00      -1   0.752E-03   20.00  0.8833E-03  0.1060E+00
  34   -99.0000    -115.080 0.3233   0.3840E+01  0.4836E-03  0.2550E-01  0.0000E+00      -1   0.587E-03   20.00  0.8833E-03  0.1060E+00
  35  -102.0000    -112.063 0.3248   0.4039E+01  0.4857E-03  0.1806E-01  0.0000E+00      -1   0.416E-03   20.00  0.8833E-03  0.1060E+00
  36  -105.0000    -109.053 0.3263   0.4238E+01  0.4879E-03  0.1124E-01  0.0000E+00      -1   0.259E-03   20.00  0.8833E-03  0.1060E+00
  37  -108.0000    -106.047 0.3278   0.4436E+01  0.4900E-03  0.4340E-02  0.0000E+00      -1   0.999E-04   20.00  0.8833E-03  0.1060E+00
  38  -111.0000    -103.047 0.3292   0.4634E+01  0.4921E-03 -0.2371E-02  0.0000E+00      -1  -0.546E-04   20.00  0.8833E-03  0.1060E+00
  39  -114.0000    -100.050 0.3307   0.4832E+01  0.4943E-03 -0.8942E-02  0.0000E+00      -1  -0.206E-03   20.00  0.8833E-03  0.1060E+00
  40  -117.0000     -97.058 0.3322   0.5029E+01  0.4964E-03 -0.1516E-01  0.0000E+00      -1  -0.349E-03   20.00  0.8833E-03  0.1060E+00
  41  -120.0000     -94.068 0.3337   0.5276E+01  0.4975E-03 -0.2035E-01  0.0000E+00      -1  -0.468E-03   20.00  0.8833E-03  0.1060E+00
  42  -123.0000     -91.081 0.3351   0.5580E+01  0.4973E-03 -0.2704E-01  0.0000E+00      -1  -0.622E-03   20.00  0.8833E-03  0.1060E+00
  43  -126.0000     -88.097 0.3366   0.5883E+01  0.4972E-03 -0.3338E-01  0.0000E+00      -1  -0.768E-03   20.00  0.8833E-03  0.1060E+00
  44  -129.0000     -85.115 0.3381   0.6186E+01  0.4970E-03 -0.3817E-01  0.0000E+00      -1  -0.878E-03   20.00  0.8833E-03  0.1060E+00
  45  -132.0000     -82.134 0.3396   0.6489E+01  0.4969E-03 -0.4220E-01  0.0000E+00      -1  -0.971E-03   20.00  0.8833E-03  0.1060E+00
  46  -135.0000     -79.154 0.3411   0.6791E+01  0.4968E-03 -0.4759E-01  0.0000E+00      -1  -0.109E-02   20.00  0.8833E-03  0.1060E+00
  47  -138.0000     -76.176 0.3426   0.7094E+01  0.4966E-03 -0.5344E-01  0.0000E+00      -1  -0.123E-02   20.00  0.8833E-03  0.1060E+00
  48  -141.0000     -73.199 0.3440   0.7507E+01  0.4940E-03 -0.5760E-01  0.0000E+00      -1  -0.133E-02   20.00  0.8833E-03  0.1060E+00
  49  -144.0000     -70.222 0.3455   0.7944E+01  0.4909E-03 -0.6091E-01  0.0000E+00      -1  -0.140E-02   20.00  0.8833E-03  0.1060E+00
  50  -147.0000     -67.245 0.3469   0.8381E+01  0.4878E-03 -0.6568E-01  0.0000E+00      -1  -0.151E-02   20.00  0.8833E-03  0.1060E+00
  51  -150.0000     -64.269 0.3484   0.8817E+01  0.4846E-03 -0.6903E-01  0.0000E+00      -1  -0.159E-02   20.00  0.8833E-03  0.1060E+00
  52  -153.0000     -61.292 0.3499   0.9254E+01  0.4815E-03 -0.7271E-01  0.0000E+00      -1  -0.167E-02   20.00  0.8833E-03  0.1060E+00
  53  -156.0000     -58.316 0.3513   0.9779E+01  0.4764E-03 -0.7670E-01  0.0000E+00      -1  -0.176E-02   20.00  0.8833E-03  0.1060E+00
  54  -159.0000     -55.339 0.3527   0.1038E+02  0.4697E-03 -0.7955E-01  0.0000E+00      -1  -0.183E-02   20.00  0.8833E-03  0.1060E+00
  55  -162.0000     -52.362 0.3541   0.1097E+02  0.4631E-03 -0.8225E-01  0.0000E+00      -1  -0.189E-02   20.00  0.8833E-03  0.1060E+00
  56  -165.0000     -49.384 0.3555   0.1157E+02  0.4564E-03 -0.8497E-01  0.0000E+00      -1  -0.196E-02   20.00  0.8833E-03  0.1060E+00
  57  -168.0000     -46.406 0.3568   0.1224E+02  0.4483E-03 -0.8784E-01  0.0000E+00      -1  -0.202E-02   20.00  0.8833E-03  0.1060E+00
  58  -171.0000     -43.427 0.3581   0.1302E+02  0.4379E-03 -0.9113E-01  0.0000E+00      -1  -0.210E-02   20.00  0.8833E-03  0.1060E+00
  59  -174.0000     -40.448 0.3594   0.1380E+02  0.4274E-03 -0.9425E-01  0.0000E+00      -1  -0.217E-02   20.00  0.8833E-03  0.1060E+00
  60  -177.0000     -37.468 0.3607   0.1459E+02  0.4167E-03 -0.9509E-01  0.0000E+00      -1  -0.219E-02   20.00  0.8833E-03  0.1060E+00
  61  -180.0000     -34.487 0.3619   0.1558E+02  0.4023E-03 -0.9599E-01  0.0000E+00      -1  -0.221E-02   20.00  0.8833E-03  0.1060E+00
  62  -183.0000     -31.505 0.3631   0.1657E+02  0.3878E-03 -0.9669E-01  0.0000E+00      -1  -0.222E-02   20.00  0.8833E-03  0.1060E+00
  63  -186.0000     -28.522 0.3642   0.1765E+02  0.3717E-03 -0.1002E+00  0.0000E+00      -1  -0.231E-02   20.00  0.8833E-03  0.1060E+00
  64  -189.0000     -25.539 0.3653   0.1886E+02  0.3533E-03 -0.1005E+00  0.0000E+00      -1  -0.231E-02   20.00  0.8833E-03  0.1060E+00
  65  -192.0000     -22.554 0.3663   0.2016E+02  0.3335E-03 -0.1010E+00  0.0000E+00      -1  -0.232E-02   20.00  0.8833E-03  0.1060E+00
  66  -195.0000     -19.569 0.3673   0.2162E+02  0.3111E-03 -0.1046E+00  0.0000E+00      -1  -0.241E-02   20.00  0.8833E-03  0.1060E+00
  67  -198.0000     -16.583 0.3682   0.2326E+02  0.2859E-03 -0.1048E+00  0.0000E+00      -1  -0.241E-02   20.00  0.8833E-03  0.1060E+00
  68  -201.0000     -13.596 0.3690   0.2510E+02  0.2578E-03 -0.1047E+00  0.0000E+00      -1  -0.241E-02   20.00  0.8833E-03  0.1060E+00
  69  -204.0000     -10.608 0.3698   0.2722E+02  0.2256E-03 -0.1093E+00  0.0000E+00      -1  -0.251E-02   20.00  0.8833E-03  0.1060E+00
  70  -207.0000      -7.620 0.3704   0.2973E+02  0.1883E-03 -0.1091E+00  0.0000E+00      -1  -0.251E-02   20.00  0.8833E-03  0.1060E+00
  71  -210.0000      -4.630 0.3709   0.3288E+02  0.1426E-03 -0.1049E+00  0.0000E+00      -1  -0.241E-02   20.00  0.8833E-03  0.1060E+00
  72  -213.0000      -1.639 0.3712   0.3744E+02  0.7896E-04 -0.1067E+00  0.0000E+00      -1  -0.245E-02   20.00  0.8833E-03  0.1060E+00
  73  -216.0000       1.353 0.3713   0.4346E+02  0.0000E+00 -0.1119E+00  0.0000E+00      -1  -0.257E-02   20.00  0.8833E-03  0.1060E+00
  74  -219.0000       4.345 0.3713   0.4346E+02  0.0000E+00 -0.1087E+00  0.0000E+00      -1  -0.250E-02   20.00  0.8833E-03  0.1060E+00
  75  -222.0000       7.338 0.3713   0.4346E+02  0.0000E+00 -0.1014E+00  0.0000E+00      -1  -0.233E-02   20.00  0.8833E-03  0.1060E+00
  76  -225.0000      10.331 0.3713   0.4346E+02  0.0000E+00 -0.1087E+00  0.0000E+00      -1  -0.250E-02   20.00  0.8833E-03  0.1060E+00
  77  -228.0000      13.323 0.3713   0.4346E+02  0.0000E+00 -0.1087E+00  0.0000E+00      -1  -0.250E-02   20.00  0.8833E-03  0.1060E+00
  78  -231.0000      16.316 0.3713   0.4346E+02  0.0000E+00 -0.1087E+00  0.0000E+00      -1  -0.250E-02   20.00  0.8833E-03  0.1060E+00
  79  -234.0000      19.308 0.3713   0.4346E+02  0.0000E+00 -0.1087E+00  0.0000E+00      -1  -0.250E-02   20.00  0.8833E-03  0.1060E+00
  80  -237.0000      22.301 0.3713   0.4346E+02  0.0000E+00 -0.1087E+00  0.0000E+00      -1  -0.250E-02   20.00  0.8833E-03  0.1060E+00
  81  -240.0000      25.293 0.3713   0.4346E+02  0.0000E+00 -0.1087E+00  0.0000E+00      -1  -0.250E-02   20.00  0.8833E-03  0.1060E+00
  82  -243.0000      28.286 0.3713   0.4346E+02  0.0000E+00 -0.1087E+00  0.0000E+00      -1  -0.250E-02   20.00  0.8833E-03  0.1060E+00
  83  -246.0000      31.278 0.3713   0.4346E+02  0.0000E+00 -0.1087E+00  0.0000E+00      -1  -0.250E-02   20.00  0.8833E-03  0.1060E+00
  84  -249.0000      34.271 0.3713   0.4346E+02  0.0000E+00 -0.1014E+00  0.0000E+00      -1  -0.233E-02   20.00  0.8833E-03  0.1060E+00
  85  -252.0000      37.264 0.3713   0.4346E+02  0.0000E+00 -0.1087E+00  0.0000E+00      -1  -0.250E-02   20.00  0.8833E-03  0.1060E+00
  86  -255.0000      40.256 0.3713   0.4346E+02  0.0000E+00 -0.1087E+00  0.0000E+00      -1  -0.250E-02   20.00  0.8833E-03  0.1060E+00
  87  -258.0000      43.249 0.3713   0.4346E+02  0.0000E+00 -0.1087E+00  0.0000E+00      -1  -0.250E-02   20.00  0.8833E-03  0.1060E+00
  88  -261.0000      46.241 0.3713   0.4346E+02  0.0000E+00 -0.1087E+00  0.0000E+00      -1  -0.250E-02   20.00  0.8833E-03  0.1060E+00
  89  -264.0000      49.234 0.3713   0.4346E+02  0.0000E+00 -0.1087E+00  0.0000E+00      -1  -0.250E-02   20.00  0.8833E-03  0.1060E+00
  90  -267.0000      52.226 0.3713   0.4346E+02  0.0000E+00 -0.1087E+00  0.0000E+00      -1  -0.250E-02   20.00  0.8833E-03  0.1060E+00
  91  -270.0000      55.219 0.3713   0.4346E+02  0.0000E+00 -0.1087E+00  0.0000E+00      -1  -0.250E-02   20.00  0.8833E-03  0.1060E+00
  92  -273.0000      58.211 0.3713   0.4346E+02  0.0000E+00 -0.1087E+00  0.0000E+00      -1  -0.250E-02   20.00  0.8833E-03  0.1060E+00
  93  -276.0000      61.204 0.3713   0.4346E+02  0.0000E+00 -0.1014E+00  0.0000E+00      -1  -0.233E-02   20.00  0.8833E-03  0.1060E+00
  94  -279.0000      64.197 0.3713   0.4346E+02  0.0000E+00 -0.1086E+00  0.0000E+00      -1  -0.250E-02   20.00  0.8833E-03  0.1060E+00
  95  -282.0000      67.189 0.3713   0.4346E+02  0.0000E+00 -0.1087E+00  0.0000E+00      -1  -0.250E-02   20.00  0.8833E-03  0.1060E+00
  96  -285.0000      70.182 0.3713   0.4346E+02  0.0000E+00 -0.1087E+00  0.0000E+00      -1  -0.250E-02   20.00  0.8833E-03  0.1060E+00
  97  -288.0000      73.174 0.3713   0.4346E+02  0.0000E+00 -0.1087E+00  0.0000E+00      -1  -0.250E-02   20.00  0.8834E-03  0.1060E+00
  98  -291.0000      76.167 0.3713   0.4346E+02  0.0000E+00 -0.1087E+00  0.0000E+00      -1  -0.250E-02   20.00  0.8833E-03  0.1060E+00
  99  -294.0000      79.159 0.3713   0.4346E+02  0.0000E+00 -0.1087E+00  0.0000E+00      -1  -0.250E-02   20.00  0.8826E-03  0.1059E+00
 100  -297.0000      82.152 0.3713   0.4346E+02  0.0000E+00 -0.1087E+00  0.0000E+00      -1  -0.250E-02   20.00  0.8801E-03  0.1057E+00
 101  -300.0000      85.144 0.3713   0.4346E+02  0.0000E+00 -0.1159E+00  0.0000E+00      -1  -0.267E-02   20.00  0.8801E-03  0.1054E+00
end


 Time:        1.0000


 Node      Depth      Head Moisture       K          C         Flux        Sink         Kappa   v/KsTop   Temp   Conc(1..NS) Sorb(1...NS)
           [L]        [L]    [-]        [L/T]      [1/L]      [L/T]        [1/T]         [-]      [-]      [C]      [M/L*3]

   1     0.0000    -195.422 0.2882   0.1300E+01  0.3871E-03  0.7563E-02  0.0000E+00      -1   0.174E-03   20.00  0.9655E-03  0.1158E+00
   2    -3.0000    -192.468 0.2893   0.1334E+01  0.3906E-03 -0.4882E-01  0.0000E+00      -1  -0.112E-02   20.00  0.9828E-03  0.1179E+00
   3    -6.0000    -189.639 0.2904   0.1390E+01  0.3943E-03 -0.1068E+00  0.0000E+00      -1  -0.246E-02   20.00  0.9921E-03  0.1191E+00
   4    -9.0000    -186.926 0.2915   0.1450E+01  0.3978E-03 -0.1614E+00  0.1277E-02      -1  -0.371E-02   20.00  0.9952E-03  0.1194E+00
   5   -12.0000    -184.305 0.2926   0.1509E+01  0.4012E-03 -0.2103E+00  0.1277E-02      -1  -0.484E-02   20.00  0.9904E-03  0.1189E+00
   6   -15.0000    -181.761 0.2937   0.1566E+01  0.4046E-03 -0.2552E+00  0.1278E-02      -1  -0.587E-02   20.00  0.9786E-03  0.1175E+00
   7   -18.0000    -179.282 0.2947   0.1621E+01  0.4078E-03 -0.2961E+00  0.1278E-02      -1  -0.681E-02   20.00  0.9597E-03  0.1152E+00
   8   -21.0000    -176.856 0.2958   0.1675E+01  0.4109E-03 -0.3329E+00  0.1279E-02      -1  -0.766E-02   20.00  0.9369E-03  0.1124E+00
   9   -24.0000    -174.474 0.2967   0.1728E+01  0.4141E-03 -0.3658E+00  0.1266E-02      -1  -0.842E-02   20.00  0.9164E-03  0.1099E+00
  10   -27.0000    -172.126 0.2977   0.1781E+01  0.4171E-03 -0.3949E+00  0.1200E-02      -1  -0.909E-02   20.00  0.9013E-03  0.1081E+00
  11   -30.0000    -169.804 0.2987   0.1833E+01  0.4201E-03 -0.4205E+00  0.1134E-02      -1  -0.968E-02   20.00  0.8913E-03  0.1069E+00
  12   -33.0000    -167.502 0.2997   0.1884E+01  0.4231E-03 -0.4427E+00  0.1068E-02      -1  -0.102E-01   20.00  0.8860E-03  0.1063E+00
  13   -36.0000    -165.214 0.3006   0.1935E+01  0.4261E-03 -0.4617E+00  0.1001E-02      -1  -0.106E-01   20.00  0.8836E-03  0.1060E+00
  14   -39.0000    -162.934 0.3016   0.1986E+01  0.4291E-03 -0.4778E+00  0.9348E-03      -1  -0.110E-01   20.00  0.8833E-03  0.1060E+00
  15   -42.0000    -160.658 0.3025   0.2036E+01  0.4320E-03 -0.4911E+00  0.8683E-03      -1  -0.113E-01   20.00  0.8834E-03  0.1060E+00
  16   -45.0000    -158.381 0.3035   0.2087E+01  0.4350E-03 -0.5018E+00  0.8018E-03      -1  -0.115E-01   20.00  0.8834E-03  0.1060E+00
  17   -48.0000    -156.100 0.3044   0.2138E+01  0.4380E-03 -0.5102E+00  0.7352E-03      -1  -0.117E-01   20.00  0.8834E-03  0.1060E+00
  18   -51.0000    -153.813 0.3054   0.2189E+01  0.4410E-03 -0.5164E+00  0.6686E-03      -1  -0.119E-01   20.00  0.8834E-03  0.1060E+00
  19   -54.0000    -151.514 0.3064   0.2249E+01  0.4439E-03 -0.5210E+00  0.6019E-03      -1  -0.120E-01   20.00  0.8834E-03  0.1060E+00
  20   -57.0000    -149.198 0.3074   0.2341E+01  0.4465E-03 -0.5241E+00  0.5352E-03      -1  -0.121E-01   20.00  0.8834E-03  0.1060E+00
  21   -60.0000    -146.858 0.3085   0.2434E+01  0.4493E-03 -0.5256E+00  0.4684E-03      -1  -0.121E-01   20.00  0.8834E-03  0.1060E+00
  22   -63.0000    -144.494 0.3096   0.2529E+01  0.4520E-03 -0.5257E+00  0.4016E-03      -1  -0.121E-01   20.00  0.8834E-03  0.1060E+00
  23   -66.0000    -142.106 0.3107   0.2624E+01  0.4548E-03 -0.5245E+00  0.3348E-03      -1  -0.121E-01   20.00  0.8833E-03  0.1060E+00
  24   -69.0000    -139.694 0.3118   0.2720E+01  0.4575E-03 -0.5224E+00  0.2679E-03      -1  -0.120E-01   20.00  0.8833E-03  0.1060E+00
  25   -72.0000    -137.258 0.3129   0.2817E+01  0.4604E-03 -0.5194E+00  0.2010E-03      -1  -0.120E-01   20.00  0.8833E-03  0.1060E+00
  26   -75.0000    -134.800 0.3141   0.2915E+01  0.4632E-03 -0.5157E+00  0.1340E-03      -1  -0.119E-01   20.00  0.8833E-03  0.1060E+00
  27   -78.0000    -132.320 0.3152   0.3014E+01  0.4661E-03 -0.5116E+00  0.6703E-04      -1  -0.118E-01   20.00  0.8833E-03  0.1060E+00
  28   -81.0000    -129.819 0.3164   0.3113E+01  0.4690E-03 -0.5070E+00  0.0000E+00      -1  -0.117E-01   20.00  0.8833E-03  0.1060E+00
  29   -84.0000    -127.298 0.3175   0.3214E+01  0.4719E-03 -0.5021E+00  0.0000E+00      -1  -0.116E-01   20.00  0.8833E-03  0.1060E+00
  30   -87.0000    -124.757 0.3187   0.3315E+01  0.4748E-03 -0.4967E+00  0.0000E+00      -1  -0.114E-01   20.00  0.8833E-03  0.1060E+00
  31   -90.0000    -122.197 0.3199   0.3417E+01  0.4778E-03 -0.4911E+00  0.0000E+00      -1  -0.113E-01   20.00  0.8833E-03  0.1060E+00
  32   -93.0000    -119.618 0.3211   0.3542E+01  0.4804E-03 -0.4851E+00  0.0000E+00      -1  -0.112E-01   20.00  0.8833E-03  0.1060E+00
  33   -96.0000    -117.017 0.3224   0.3713E+01  0.4822E-03 -0.4788E+00  0.0000E+00      -1  -0.110E-01   20.00  0.8833E-03  0.1060E+00
  34   -99.0000    -114.392 0.3237   0.3886E+01  0.4841E-03 -0.4724E+00  0.0000E+00      -1  -0.109E-01   20.00  0.8833E-03  0.1060E+00
  35  -102.0000    -111.747 0.3250   0.4061E+01  0.4860E-03 -0.4660E+00  0.0000E+00      -1  -0.107E-01   20.00  0.8833E-03  0.1060E+00
  36  -105.0000    -109.081 0.3263   0.4237E+01  0.4879E-03 -0.4595E+00  0.0000E+00      -1  -0.106E-01   20.00  0.8833E-03  0.1060E+00
  37  -108.0000    -106.398 0.3276   0.4414E+01  0.4898E-03 -0.4532E+00  0.0000E+00      -1  -0.104E-01   20.00  0.8833E-03  0.1060E+00
  38  -111.0000    -103.698 0.3289   0.4592E+01  0.4917E-03 -0.4469E+00  0.0000E+00      -1  -0.103E-01   20.00  0.8833E-03  0.1060E+00
  39  -114.0000    -100.982 0.3303   0.4771E+01  0.4936E-03 -0.4408E+00  0.0000E+00      -1  -0.101E-01   20.00  0.8833E-03  0.1060E+00
  40  -117.0000     -98.252 0.3316   0.4951E+01  0.4955E-03 -0.4348E+00  0.0000E+00      -1  -0.100E-01   20.00  0.8833E-03  0.1060E+00
  41  -120.0000     -95.509 0.3329   0.5132E+01  0.4975E-03 -0.4289E+00  0.0000E+00      -1  -0.987E-02   20.00  0.8833E-03  0.1060E+00
  42  -123.0000     -92.752 0.3343   0.5410E+01  0.4974E-03 -0.4233E+00  0.0000E+00      -1  -0.974E-02   20.00  0.8833E-03  0.1060E+00
  43  -126.0000     -89.979 0.3357   0.5692E+01  0.4973E-03 -0.4177E+00  0.0000E+00      -1  -0.961E-02   20.00  0.8833E-03  0.1060E+00
  44  -129.0000     -87.192 0.3371   0.5975E+01  0.4971E-03 -0.4124E+00  0.0000E+00      -1  -0.949E-02   20.00  0.8833E-03  0.1060E+00
  45  -132.0000     -84.393 0.3385   0.6259E+01  0.4970E-03 -0.4072E+00  0.0000E+00      -1  -0.937E-02   20.00  0.8833E-03  0.1060E+00
  46  -135.0000     -81.583 0.3399   0.6545E+01  0.4969E-03 -0.4023E+00  0.0000E+00      -1  -0.926E-02   20.00  0.8833E-03  0.1060E+00
  47  -138.0000     -78.762 0.3413   0.6831E+01  0.4968E-03 -0.3975E+00  0.0000E+00      -1  -0.915E-02   20.00  0.8833E-03  0.1060E+00
  48  -141.0000     -75.932 0.3427   0.7119E+01  0.4966E-03 -0.3930E+00  0.0000E+00      -1  -0.904E-02   20.00  0.8833E-03  0.1060E+00
  49  -144.0000     -73.092 0.3441   0.7523E+01  0.4939E-03 -0.3887E+00  0.0000E+00      -1  -0.894E-02   20.00  0.8833E-03  0.1060E+00
  50  -147.0000     -70.242 0.3455   0.7941E+01  0.4909E-03 -0.3847E+00  0.0000E+00      -1  -0.885E-02   20.00  0.8833E-03  0.1060E+00
  51  -150.0000     -67.383 0.3469   0.8361E+01  0.4879E-03 -0.3808E+00  0.0000E+00      -1  -0.876E-02   20.00  0.8833E-03  0.1060E+00
  52  -153.0000     -64.516 0.3483   0.8781E+01  0.4849E-03 -0.3771E+00  0.0000E+00      -1  -0.868E-02   20.00  0.8833E-03  0.1060E+00
  53  -156.0000     -61.641 0.3497   0.9203E+01  0.4818E-03 -0.3736E+00  0.0000E+00      -1  -0.860E-02   20.00  0.8833E-03  0.1060E+00
  54  -159.0000     -58.759 0.3511   0.9690E+01  0.4774E-03 -0.3704E+00  0.0000E+00      -1  -0.852E-02   20.00  0.8833E-03  0.1060E+00
  55  -162.0000     -55.870 0.3524   0.1027E+02  0.4709E-03 -0.3674E+00  0.0000E+00      -1  -0.845E-02   20.00  0.8833E-03  0.1060E+00
  56  -165.0000     -52.974 0.3538   0.1085E+02  0.4644E-03 -0.3645E+00  0.0000E+00      -1  -0.839E-02   20.00  0.8833E-03  0.1060E+00
  57  -168.0000     -50.072 0.3551   0.1143E+02  0.4579E-03 -0.3618E+00  0.0000E+00      -1  -0.832E-02   20.00  0.8833E-03  0.1060E+00
  58  -171.0000     -47.164 0.3565   0.1204E+02  0.4510E-03 -0.3593E+00  0.0000E+00      -1  -0.827E-02   20.00  0.8833E-03  0.1060E+00
  59  -174.0000     -44.250 0.3578   0.1280E+02  0.4407E-03 -0.3570E+00  0.0000E+00      -1  -0.821E-02   20.00  0.8833E-03  0.1060E+00
  60  -177.0000     -41.331 0.3590   0.1357E+02  0.4305E-03 -0.3549E+00  0.0000E+00      -1  -0.817E-02   20.00  0.8833E-03  0.1060E+00
  61  -180.0000     -38.407 0.3603   0.1433E+02  0.4202E-03 -0.3528E+00  0.0000E+00      -1  -0.812E-02   20.00  0.8833E-03  0.1060E+00
  62  -183.0000     -35.479 0.3615   0.1525E+02  0.4070E-03 -0.3510E+00  0.0000E+00      -1  -0.808E-02   20.00  0.8833E-03  0.1060E+00
  63  -186.0000     -32.546 0.3627   0.1622E+02  0.3929E-03 -0.3493E+00  0.0000E+00      -1  -0.804E-02   20.00  0.8833E-03  0.1060E+00
  64  -189.0000     -29.608 0.3638   0.1721E+02  0.3784E-03 -0.3478E+00  0.0000E+00      -1  -0.800E-02   20.00  0.8833E-03  0.1060E+00
  65  -192.0000     -26.667 0.3649   0.1841E+02  0.3602E-03 -0.3465E+00  0.0000E+00      -1  -0.797E-02   20.00  0.8833E-03  0.1060E+00
  66  -195.0000     -23.721 0.3660   0.1960E+02  0.3421E-03 -0.3452E+00  0.0000E+00      -1  -0.794E-02   20.00  0.8833E-03  0.1060E+00
  67  -198.0000     -20.772 0.3669   0.2103E+02  0.3201E-03 -0.3440E+00  0.0000E+00      -1  -0.792E-02   20.00  0.8833E-03  0.1060E+00
  68  -201.0000     -17.819 0.3678   0.2255E+02  0.2968E-03 -0.3431E+00  0.0000E+00      -1  -0.789E-02   20.00  0.8833E-03  0.1060E+00
  69  -204.0000     -14.863 0.3687   0.2425E+02  0.2707E-03 -0.3422E+00  0.0000E+00      -1  -0.787E-02   20.00  0.8833E-03  0.1060E+00
  70  -207.0000     -11.904 0.3695   0.2623E+02  0.2405E-03 -0.3414E+00  0.0000E+00      -1  -0.786E-02   20.00  0.8833E-03  0.1060E+00
  71  -210.0000      -8.941 0.3701   0.2856E+02  0.2057E-03 -0.3408E+00  0.0000E+00      -1  -0.784E-02   20.00  0.8833E-03  0.1060E+00
  72  -213.0000      -5.975 0.3707   0.3135E+02  0.1645E-03 -0.3403E+00  0.0000E+00      -1  -0.783E-02   20.00  0.8833E-03  0.1060E+00
  73  -216.0000      -3.006 0.3711   0.3507E+02  0.1116E-03 -0.3399E+00  0.0000E+00      -1  -0.782E-02   20.00  0.8833E-03  0.1060E+00
  74  -219.0000      -0.032 0.3713   0.4281E+02  0.8339E-05 -0.3398E+00  0.0000E+00      -1  -0.782E-02   20.00  0.8833E-03  0.1060E+00
  75  -222.0000       2.944 0.3713   0.4346E+02  0.0000E+00 -0.3398E+00  0.0000E+00      -1  -0.782E-02   20.00  0.8833E-03  0.1060E+00
  76  -225.0000       5.921 0.3713   0.4346E+02  0.0000E+00 -0.3398E+00  0.0000E+00      -1  -0.782E-02   20.00  0.8833E-03  0.1060E+00
  77  -228.0000       8.897 0.3713   0.4346E+02  0.0000E+00 -0.3398E+00  0.0000E+00      -1  -0.782E-02   20.00  0.8833E-03  0.1060E+00
  78  -231.0000      11.874 0.3713   0.4346E+02  0.0000E+00 -0.3398E+00  0.0000E+00      -1  -0.782E-02   20.00  0.8833E-03  0.1060E+00
  79  -234.0000      14.850 0.3713   0.4346E+02  0.0000E+00 -0.3398E+00  0.0000E+00      -1  -0.782E-02   20.00  0.8833E-03  0.1060E+00
  80  -237.0000      17.827 0.3713   0.4346E+02  0.0000E+00 -0.3398E+00  0.0000E+00      -1  -0.782E-02   20.00  0.8833E-03  0.1060E+00
  81  -240.0000      20.803 0.3713   0.4346E+02  0.0000E+00 -0.3398E+00  0.0000E+00      -1  -0.782E-02   20.00  0.8833E-03  0.1060E+00
  82  -243.0000      23.780 0.3713   0.4346E+02  0.0000E+00 -0.3398E+00  0.0000E+00      -1  -0.782E-02   20.00  0.8833E-03  0.1060E+00
  83  -246.0000      26.757 0.3713   0.4346E+02  0.0000E+00 -0.3398E+00  0.0000E+00      -1  -0.782E-02   20.00  0.8833E-03  0.1060E+00
  84  -249.0000      29.733 0.3713   0.4346E+02  0.0000E+00 -0.3398E+00  0.0000E+00      -1  -0.782E-02   20.00  0.8833E-03  0.1060E+00
  85  -252.0000      32.710 0.3713   0.4346E+02  0.0000E+00 -0.3398E+00  0.0000E+00      -1  -0.782E-02   20.00  0.8833E-03  0.1060E+00
  86  -255.0000      35.686 0.3713   0.4346E+02  0.0000E+00 -0.3398E+00  0.0000E+00      -1  -0.782E-02   20.00  0.8833E-03  0.1060E+00
  87  -258.0000      38.663 0.3713   0.4346E+02  0.0000E+00 -0.3398E+00  0.0000E+00      -1  -0.782E-02   20.00  0.8833E-03  0.1060E+00
  88  -261.0000      41.639 0.3713   0.4346E+02  0.0000E+00 -0.3398E+00  0.0000E+00      -1  -0.782E-02   20.00  0.8833E-03  0.1060E+00
  89  -264.0000      44.616 0.3713   0.4346E+02  0.0000E+00 -0.3398E+00  0.0000E+00      -1  -0.782E-02   20.00  0.8833E-03  0.1060E+00
  90  -267.0000      47.592 0.3713   0.4346E+02  0.0000E+00 -0.3398E+00  0.0000E+00      -1  -0.782E-02   20.00  0.8833E-03  0.1060E+00
  91  -270.0000      50.569 0.3713   0.4346E+02  0.0000E+00 -0.3398E+00  0.0000E+00      -1  -0.782E-02   20.00  0.8833E-03  0.1060E+00
  92  -273.0000      53.545 0.3713   0.4346E+02  0.0000E+00 -0.3398E+00  0.0000E+00      -1  -0.782E-02   20.00  0.8833E-03  0.1060E+00
  93  -276.0000      56.522 0.3713   0.4346E+02  0.0000E+00 -0.3398E+00  0.0000E+00      -1  -0.782E-02   20.00  0.8833E-03  0.1060E+00
  94  -279.0000      59.499 0.3713   0.4346E+02  0.0000E+00 -0.3398E+00  0.0000E+00      -1  -0.782E-02   20.00  0.8833E-03  0.1060E+00
  95  -282.0000      62.475 0.3713   0.4346E+02  0.0000E+00 -0.3398E+00  0.0000E+00      -1  -0.782E-02   20.00  0.8833E-03  0.1060E+00
  96  -285.0000      65.452 0.3713   0.4346E+02  0.0000E+00 -0.3398E+00  0.0000E+00      -1  -0.782E-02   20.00  0.8833E-03  0.1060E+00
  97  -288.0000      68.428 0.3713   0.4346E+02  0.0000E+00 -0.3398E+00  0.0000E+00      -1  -0.782E-02   20.00  0.8834E-03  0.1060E+00
  98  -291.0000      71.405 0.3713   0.4346E+02  0.0000E+00 -0.3398E+00  0.0000E+00      -1  -0.782E-02   20.00  0.8833E-03  0.1060E+00
  99  -294.0000      74.381 0.3713   0.4346E+02  0.0000E+00 -0.3398E+00  0.0000E+00      -1  -0.782E-02   20.00  0.8825E-03  0.1059E+00
 100  -297.0000      77.358 0.3713   0.4346E+02  0.0000E+00 -0.3398E+00  0.0000E+00      -1  -0.782E-02   20.00  0.8805E-03  0.1057E+00
 101  -300.0000      80.334 0.3713   0.4346E+02  0.0000E+00 -0.3398E+00  0.0000E+00      -1  -0.782E-02   20.00  0.8805E-03  0.1055E+00
end
