 All solute fluxes and cumulative solute fluxes are positive into the region

       Time         cvTop        cvBot      Sum(cvTop)   Sum(cvBot)     cvCh0        cvCh1         cTop        cRoot         cBot        cvRoot    Sum(cvRoot)  Sum(cvNEql) TLevel      cGWL        cRunOff   Sum(cRunOff)    (cv(i),    Sum(cv(i)), i=1,NObs)
        [T]        [M/L2/T]     [M/L2/T]      [M/L2]       [M/L2]       [M/L2]      [M/L2]        [M/L3]      [M/L3]        [M/L3]      [M/L2/T]      [M/L2]       [M/L2]              [M/L3]        [M/L2]      [M/L3]      [M/L2/T]      [M/L2]
        0.0100  0.00000E+00 -0.24742E-03  0.00000E+00 -0.24742E-05  0.00000E+00  0.00000E+00  0.83391E-02  0.88953E-02  0.84817E-02  0.20432E-02  0.20432E-04 -0.16876E-04       1  0.87512E-02  0.00000E+00  0.00000E+00  0.16376E-03  0.16376E-05 -0.30635E-02 -0.30635E-04 -0.41933E-02 -0.41933E-04
        0.0230  0.00000E+00  0.00000E+00  0.00000E+00 -0.24742E-05  0.00000E+00  0.00000E+00  0.83496E-02  0.88953E-02  0.83641E-02  0.20432E-02  0.46993E-04 -0.48928E-04       2  0.87488E-02  0.00000E+00  0.00000E+00  0.16024E-03  0.37207E-05 -0.28661E-02 -0.67894E-04 -0.39903E-02 -0.93806E-04
        0.0399  0.00000E+00  0.00000E+00  0.00000E+00 -0.24742E-05  0.00000E+00  0.00000E+00  0.83605E-02  0.88953E-02  0.82871E-02  0.20432E-02  0.81524E-04 -0.10088E-03       3  0.87469E-02  0.00000E+00  0.00000E+00  0.15497E-03  0.63396E-05 -0.26104E-02 -0.11201E-03 -0.37163E-02 -0.15661E-03
        0.0619  0.00000E+00  0.00000E+00  0.00000E+00 -0.24742E-05  0.00000E+00  0.00000E+00  0.83704E-02  0.88953E-02  0.82420E-02  0.20432E-02  0.12641E-03 -0.17705E-03       4  0.87456E-02  0.00000E+00  0.00000E+00  0.14700E-03  0.95691E-05 -0.23492E-02 -0.16362E-03 -0.34097E-02 -0.23152E-03
        0.0904  0.00000E+00  0.00000E+00  0.00000E+00 -0.24742E-05  0.00000E+00  0.00000E+00  0.83791E-02  0.88953E-02  0.82221E-02  0.20432E-02  0.18477E-03 -0.28017E-03       5  0.87450E-02  0.00000E+00  0.00000E+00  0.13462E-03  0.13414E-04 -0.20670E-02 -0.22266E-03 -0.30566E-02 -0.31882E-03
        0.1276  0.00000E+00  0.00000E+00  0.00000E+00 -0.24742E-05  0.00000E+00  0.00000E+00  0.83858E-02  0.88952E-02  0.82247E-02  0.20432E-02  0.26063E-03 -0.40911E-03       6  0.87453E-02  0.00000E+00  0.00000E+00  0.11490E-03  0.17680E-04 -0.17827E-02 -0.28885E-03 -0.26717E-02 -0.41802E-03
        0.1758  0.00000E+00  0.00000E+00  0.00000E+00 -0.24742E-05  0.00000E+00  0.00000E+00  0.83896E-02  0.88952E-02  0.82466E-02  0.20432E-02  0.35926E-03 -0.55734E-03       7  0.87462E-02  0.00000E+00  0.00000E+00  0.84222E-04  0.21745E-04 -0.14946E-02 -0.36099E-03 -0.22607E-02 -0.52714E-03
        0.2258  0.00000E+00  0.00000E+00  0.00000E+00 -0.24742E-05  0.00000E+00  0.00000E+00  0.83900E-02  0.88951E-02  0.82770E-02  0.20432E-02  0.46142E-03 -0.68480E-03       8  0.87475E-02  0.00000E+00  0.00000E+00  0.48450E-04  0.24168E-04 -0.12589E-02 -0.42393E-03 -0.19101E-02 -0.62265E-03
        0.2758  0.00000E+00 -0.56166E-04  0.00000E+00 -0.52825E-05  0.00000E+00  0.00000E+00  0.83919E-02  0.88950E-02  0.85410E-02  0.20432E-02  0.56358E-03 -0.75030E-03       9  0.87520E-02  0.00000E+00  0.00000E+00  0.11815E-03  0.30075E-04 -0.10534E-02 -0.47660E-03 -0.16159E-02 -0.70344E-03
        0.3258  0.00000E+00 -0.25194E-03  0.00000E+00 -0.17879E-04  0.00000E+00  0.00000E+00  0.84128E-02  0.88951E-02  0.85358E-02  0.20432E-02  0.66574E-03 -0.75946E-03      10  0.87519E-02  0.00000E+00  0.00000E+00  0.49228E-03  0.54689E-04 -0.80693E-03 -0.51695E-03 -0.13138E-02 -0.76913E-03
        0.3758  0.00000E+00 -0.48962E-03  0.00000E+00 -0.42360E-04  0.00000E+00  0.00000E+00  0.84541E-02  0.88959E-02  0.85347E-02  0.20433E-02  0.76791E-03 -0.73139E-03      11  0.87519E-02  0.00000E+00  0.00000E+00  0.75731E-03  0.92555E-04 -0.54195E-03 -0.54405E-03 -0.90894E-03 -0.81458E-03
        0.4258  0.00000E+00 -0.64998E-03  0.00000E+00 -0.74859E-04  0.00000E+00  0.00000E+00  0.84981E-02  0.88990E-02  0.85354E-02  0.20435E-02  0.87008E-03 -0.63838E-03      12  0.87519E-02  0.00000E+00  0.00000E+00  0.89896E-03  0.13750E-03 -0.27142E-03 -0.55762E-03 -0.46632E-03 -0.83789E-03
        0.4758  0.00000E+00 -0.74204E-03  0.00000E+00 -0.11196E-03  0.00000E+00  0.00000E+00  0.85337E-02  0.89027E-02  0.85365E-02  0.20437E-02  0.97226E-03 -0.47962E-03      13  0.87519E-02  0.00000E+00  0.00000E+00  0.93632E-03  0.18432E-03 -0.26944E-05 -0.55775E-03 -0.16268E-04 -0.83871E-03
        0.5258  0.00000E+00 -0.77327E-03  0.00000E+00 -0.15063E-03  0.00000E+00  0.00000E+00  0.85554E-02  0.89060E-02  0.85375E-02  0.20438E-02  0.10745E-02 -0.26997E-03      14  0.87519E-02  0.00000E+00  0.00000E+00  0.89206E-03  0.22892E-03  0.20482E-03 -0.54751E-03  0.36094E-03 -0.82066E-03
        0.5758  0.00000E+00 -0.75210E-03  0.00000E+00 -0.18823E-03  0.00000E+00  0.00000E+00  0.85620E-02  0.89084E-02  0.85380E-02  0.20439E-02  0.11766E-02 -0.33411E-04      15  0.87519E-02  0.00000E+00  0.00000E+00  0.78019E-03  0.26793E-03  0.37143E-03 -0.52894E-03  0.66888E-03 -0.78722E-03
        0.6258  0.00000E+00 -0.68606E-03  0.00000E+00 -0.22253E-03  0.00000E+00  0.00000E+00  0.85536E-02  0.89095E-02  0.85378E-02  0.20440E-02  0.12788E-02  0.20147E-03      16  0.87519E-02  0.00000E+00  0.00000E+00  0.60604E-03  0.29823E-03  0.47400E-03 -0.50524E-03  0.88023E-03 -0.74321E-03
        0.6758  0.00000E+00 -0.58601E-03  0.00000E+00 -0.25183E-03  0.00000E+00  0.00000E+00  0.85308E-02  0.89091E-02  0.85371E-02  0.20440E-02  0.13810E-02  0.40544E-03      17  0.87519E-02  0.00000E+00  0.00000E+00  0.37074E-03  0.31677E-03  0.51502E-03 -0.47949E-03  0.98109E-03 -0.69415E-03
        0.7258  0.00000E+00 -0.46517E-03  0.00000E+00 -0.27509E-03  0.00000E+00  0.00000E+00  0.84941E-02  0.89073E-02  0.85358E-02  0.20439E-02  0.14832E-02  0.55200E-03      18  0.87519E-02  0.00000E+00  0.00000E+00  0.74522E-04  0.32050E-03  0.47878E-03 -0.45555E-03  0.96071E-03 -0.64611E-03
        0.7758  0.00000E+00 -0.33584E-03  0.00000E+00 -0.29188E-03  0.00000E+00  0.00000E+00  0.84597E-02  0.89043E-02  0.85341E-02  0.20437E-02  0.15854E-02  0.62390E-03      19  0.87519E-02  0.00000E+00  0.00000E+00  0.34431E-04  0.32222E-03  0.44051E-03 -0.43352E-03  0.84317E-03 -0.60396E-03
        0.8258  0.00000E+00 -0.20844E-03  0.00000E+00 -0.30231E-03  0.00000E+00  0.00000E+00  0.84407E-02  0.89003E-02  0.85322E-02  0.20435E-02  0.16876E-02  0.63377E-03      20  0.87518E-02  0.00000E+00  0.00000E+00  0.69333E-04  0.32568E-03  0.40572E-03 -0.41324E-03  0.74357E-03 -0.56678E-03
        0.8758  0.00000E+00 -0.90530E-04  0.00000E+00 -0.30683E-03  0.00000E+00  0.00000E+00  0.84322E-02  0.88979E-02  0.85301E-02  0.20434E-02  0.17898E-02  0.61190E-03      21  0.87518E-02  0.00000E+00  0.00000E+00  0.99123E-04  0.33064E-03  0.37766E-03 -0.39435E-03  0.66358E-03 -0.53360E-03
        0.9258  0.00000E+00 -0.17446E-04  0.00000E+00 -0.30771E-03  0.00000E+00  0.00000E+00  0.84290E-02  0.88968E-02  0.84846E-02  0.20434E-02  0.18919E-02  0.56937E-03      22  0.87511E-02  0.00000E+00  0.00000E+00  0.12052E-03  0.33667E-03  0.35267E-03 -0.37672E-03  0.60455E-03 -0.50337E-03
        0.9629  0.00000E+00  0.00000E+00  0.00000E+00 -0.30771E-03  0.00000E+00  0.00000E+00  0.84284E-02  0.88963E-02  0.84581E-02  0.20433E-02  0.19677E-02  0.52603E-03      23  0.87507E-02  0.00000E+00  0.00000E+00  0.12988E-03  0.34148E-03  0.33598E-03 -0.36426E-03  0.56837E-03 -0.48229E-03
        1.0000  0.00000E+00  0.00000E+00  0.00000E+00 -0.30771E-03  0.00000E+00  0.00000E+00  0.84283E-02  0.88961E-02  0.84364E-02  0.20433E-02  0.20435E-02  0.47659E-03      24  0.87505E-02  0.00000E+00  0.00000E+00  0.13312E-03  0.34642E-03  0.32087E-03 -0.35236E-03  0.53963E-03 -0.46228E-03
end
