 All solute fluxes and cumulative solute fluxes are positive into the region

       Time         cvTop        cvBot      Sum(cvTop)   Sum(cvBot)     cvCh0        cvCh1         cTop        cRoot         cBot        cvRoot    Sum(cvRoot)  Sum(cvNEql) TLevel      cGWL        cRunOff   Sum(cRunOff)    (cv(i),    Sum(cv(i)), i=1,NObs)
        [T]        [M/L2/T]     [M/L2/T]      [M/L2]       [M/L2]       [M/L2]      [M/L2]        [M/L3]      [M/L3]        [M/L3]      [M/L2/T]      [M/L2]       [M/L2]              [M/L3]        [M/L2]      [M/L3]      [M/L2/T]      [M/L2]
        0.0100  0.00000E+00 -0.45512E-03  0.00000E+00 -0.45512E-05  0.00000E+00  0.00000E+00  0.27852E-02  0.26099E-02  0.25014E-02  0.13563E-03  0.13563E-05  0.18023E-04       1  0.25252E-02  0.00000E+00  0.00000E+00  0.58663E-04  0.58663E-06 -0.32591E-02 -0.32591E-04 -0.33354E-02 -0.33354E-04
        0.0200  0.00000E+00  0.00000E+00  0.00000E+00 -0.45512E-05  0.00000E+00  0.00000E+00  0.27854E-02  0.26098E-02  0.24806E-02  0.13563E-03  0.27126E-05  0.17171E-04       2  0.25246E-02  0.00000E+00  0.00000E+00  0.20632E-04  0.79295E-06 -0.31164E-02 -0.63755E-04 -0.32234E-02 -0.65588E-04
        0.0330  0.00000E+00  0.00000E+00  0.00000E+00 -0.45512E-05  0.00000E+00  0.00000E+00  0.27845E-02  0.26097E-02  0.24768E-02  0.13563E-03  0.44759E-05  0.97555E-05       3  0.25245E-02  0.00000E+00  0.00000E+00 -0.25699E-04  0.45887E-06 -0.29387E-02 -0.10196E-03 -0.30724E-02 -0.10553E-03
        0.0499  0.00000E+00  0.00000E+00  0.00000E+00 -0.45512E-05  0.00000E+00  0.00000E+00  0.27821E-02  0.26097E-02  0.24823E-02  0.13563E-03  0.67680E-05  0.41965E-06       4  0.25247E-02  0.00000E+00  0.00000E+00 -0.11528E-03 -0.14893E-05 -0.27790E-02 -0.14892E-03 -0.29035E-02 -0.15460E-03
        0.0719  0.00000E+00 -0.34043E-05  0.00000E+00 -0.46259E-05  0.00000E+00  0.00000E+00  0.27772E-02  0.26097E-02  0.25150E-02  0.13563E-03  0.97477E-05 -0.92397E-07       5  0.25255E-02  0.00000E+00  0.00000E+00 -0.26914E-03 -0.74023E-05 -0.26614E-02 -0.20739E-03 -0.27218E-02 -0.21440E-03
        0.1004  0.00000E+00 -0.17995E-03  0.00000E+00 -0.97654E-05  0.00000E+00  0.00000E+00  0.27687E-02  0.26096E-02  0.25123E-02  0.13563E-03  0.13621E-04 -0.22031E-05       6  0.25253E-02  0.00000E+00  0.00000E+00 -0.50307E-03 -0.21770E-04 -0.26689E-02 -0.28362E-03 -0.25538E-02 -0.28734E-03
        0.1376  0.00000E+00 -0.52236E-03  0.00000E+00 -0.29160E-04  0.00000E+00  0.00000E+00  0.27564E-02  0.26095E-02  0.25125E-02  0.13562E-03  0.18657E-04 -0.44755E-04       7  0.25253E-02  0.00000E+00  0.00000E+00 -0.82067E-03 -0.52241E-04 -0.29337E-02 -0.39255E-03 -0.24538E-02 -0.37844E-03
        0.1858  0.00000E+00 -0.85609E-03  0.00000E+00 -0.70482E-04  0.00000E+00  0.00000E+00  0.27408E-02  0.26094E-02  0.25128E-02  0.13562E-03  0.25203E-04 -0.17134E-03       8  0.25253E-02  0.00000E+00  0.00000E+00 -0.12272E-02 -0.11148E-03 -0.36875E-02 -0.57054E-03 -0.25236E-02 -0.50025E-03
        0.2358  0.00000E+00 -0.11532E-02  0.00000E+00 -0.12814E-03  0.00000E+00  0.00000E+00  0.27263E-02  0.26092E-02  0.25130E-02  0.13561E-03  0.31984E-04 -0.39463E-03       9  0.25254E-02  0.00000E+00  0.00000E+00 -0.16322E-02 -0.19309E-03 -0.48654E-02 -0.81380E-03 -0.28080E-02 -0.64065E-03
        0.2858  0.00000E+00 -0.13901E-02  0.00000E+00 -0.19765E-03  0.00000E+00  0.00000E+00  0.27138E-02  0.26092E-02  0.25131E-02  0.13561E-03  0.38764E-04 -0.70913E-03      10  0.25254E-02  0.00000E+00  0.00000E+00 -0.19922E-02 -0.29270E-03 -0.63563E-02 -0.11316E-02 -0.32995E-02 -0.80563E-03
        0.3358  0.00000E+00 -0.15775E-02  0.00000E+00 -0.27652E-03  0.00000E+00  0.00000E+00  0.27035E-02  0.26092E-02  0.25132E-02  0.13561E-03  0.45544E-04 -0.11002E-02      11  0.25255E-02  0.00000E+00  0.00000E+00 -0.22939E-02 -0.40740E-03 -0.79999E-02 -0.15316E-02 -0.39490E-02 -0.10031E-02
        0.3858  0.00000E+00 -0.17293E-02  0.00000E+00 -0.36299E-03  0.00000E+00  0.00000E+00  0.26952E-02  0.26093E-02  0.25133E-02  0.13561E-03  0.52325E-04 -0.15432E-02      12  0.25255E-02  0.00000E+00  0.00000E+00 -0.25292E-02 -0.53385E-03 -0.96001E-02 -0.20116E-02 -0.46875E-02 -0.12375E-02
        0.4358  0.00000E+00 -0.18576E-02  0.00000E+00 -0.45587E-03  0.00000E+00  0.00000E+00  0.26899E-02  0.26095E-02  0.25134E-02  0.13562E-03  0.59106E-04 -0.20178E-02      13  0.25255E-02  0.00000E+00  0.00000E+00 -0.27024E-02 -0.66898E-03 -0.11105E-01 -0.25669E-02 -0.54789E-02 -0.15114E-02
        0.4858  0.00000E+00 -0.19733E-02  0.00000E+00 -0.55454E-03  0.00000E+00  0.00000E+00  0.26863E-02  0.26097E-02  0.25135E-02  0.13563E-03  0.65887E-04 -0.25047E-02      14  0.25255E-02  0.00000E+00  0.00000E+00 -0.27726E-02 -0.80761E-03 -0.12297E-01 -0.31817E-02 -0.62200E-02 -0.18224E-02
        0.5358  0.00000E+00 -0.20856E-02  0.00000E+00 -0.65881E-03  0.00000E+00  0.00000E+00  0.26857E-02  0.26099E-02  0.25136E-02  0.13564E-03  0.72669E-04 -0.29822E-02      15  0.25255E-02  0.00000E+00  0.00000E+00 -0.27563E-02 -0.94542E-03 -0.12931E-01 -0.38283E-02 -0.68180E-02 -0.21633E-02
        0.5858  0.00000E+00 -0.22025E-02  0.00000E+00 -0.76894E-03  0.00000E+00  0.00000E+00  0.26876E-02  0.26101E-02  0.25137E-02  0.13564E-03  0.79452E-04 -0.34304E-02      16  0.25255E-02  0.00000E+00  0.00000E+00 -0.26403E-02 -0.10774E-02 -0.13010E-01 -0.44788E-02 -0.71880E-02 -0.25227E-02
        0.6358  0.00000E+00 -0.23303E-02  0.00000E+00 -0.88545E-03  0.00000E+00  0.00000E+00  0.26922E-02  0.26103E-02  0.25138E-02  0.13565E-03  0.86234E-04 -0.38317E-02      17  0.25255E-02  0.00000E+00  0.00000E+00 -0.24383E-02 -0.11994E-02 -0.12545E-01 -0.51060E-02 -0.73009E-02 -0.28877E-02
        0.6858  0.00000E+00 -0.24723E-02  0.00000E+00 -0.10091E-02  0.00000E+00  0.00000E+00  0.26990E-02  0.26104E-02  0.25138E-02  0.13565E-03  0.93017E-04 -0.41729E-02      18  0.25255E-02  0.00000E+00  0.00000E+00 -0.21543E-02 -0.13071E-02 -0.11617E-01 -0.56869E-02 -0.71588E-02 -0.32457E-02
        0.7358  0.00000E+00 -0.26301E-02  0.00000E+00 -0.11406E-02  0.00000E+00  0.00000E+00  0.27077E-02  0.26104E-02  0.25139E-02  0.13565E-03  0.99799E-04 -0.44469E-02      19  0.25255E-02  0.00000E+00  0.00000E+00 -0.18068E-02 -0.13974E-02 -0.10339E-01 -0.62038E-02 -0.67980E-02 -0.35856E-02
        0.7858  0.00000E+00 -0.28021E-02  0.00000E+00 -0.12807E-02  0.00000E+00  0.00000E+00  0.27187E-02  0.26103E-02  0.25140E-02  0.13565E-03  0.10658E-03 -0.46490E-02      20  0.25255E-02  0.00000E+00  0.00000E+00 -0.13888E-02 -0.14669E-02 -0.88026E-02 -0.66439E-02 -0.62604E-02 -0.38986E-02
        0.8358  0.00000E+00 -0.29832E-02  0.00000E+00 -0.14298E-02  0.00000E+00  0.00000E+00  0.27309E-02  0.26102E-02  0.25141E-02  0.13564E-03  0.11336E-03 -0.47696E-02      21  0.25255E-02  0.00000E+00  0.00000E+00 -0.94905E-03 -0.15143E-02 -0.71797E-02 -0.70029E-02 -0.55695E-02 -0.41771E-02
        0.8858  0.00000E+00 -0.31665E-02  0.00000E+00 -0.15882E-02  0.00000E+00  0.00000E+00  0.27428E-02  0.26102E-02  0.25142E-02  0.13564E-03  0.12015E-03 -0.48152E-02      22  0.25255E-02  0.00000E+00  0.00000E+00 -0.51691E-03 -0.15401E-02 -0.56319E-02 -0.72845E-02 -0.48237E-02 -0.44183E-02
        0.9358  0.00000E+00 -0.33432E-02  0.00000E+00 -0.17553E-02  0.00000E+00  0.00000E+00  0.27539E-02  0.26101E-02  0.25143E-02  0.13564E-03  0.12693E-03 -0.48102E-02      23  0.25255E-02  0.00000E+00  0.00000E+00 -0.15797E-03 -0.15480E-02 -0.42764E-02 -0.74983E-02 -0.40967E-02 -0.46231E-02
        0.9679  0.00000E+00 -0.34806E-02  0.00000E+00 -0.18670E-02  0.00000E+00  0.00000E+00  0.27593E-02  0.26100E-02  0.25144E-02  0.13564E-03  0.13128E-03 -0.47931E-02      24  0.25255E-02  0.00000E+00  0.00000E+00 -0.41143E-05 -0.15482E-02 -0.35451E-02 -0.76121E-02 -0.36633E-02 -0.47406E-02
        1.0000  0.00000E+00 -0.35792E-02  0.00000E+00 -0.19818E-02  0.00000E+00  0.00000E+00  0.27623E-02  0.26098E-02  0.25144E-02  0.13563E-03  0.13563E-03 -0.47739E-02      25  0.25255E-02  0.00000E+00  0.00000E+00  0.84420E-04 -0.15455E-02 -0.29869E-02 -0.77079E-02 -0.32811E-02 -0.48459E-02
end
