 ******* Program HYDRUS
 ******* 
 Welcome to HYDRUS-1D                                                    
 Date:  29. 3.2022    Time:  17:26: 3
 Units: L = cm   , T = days , M = mg   

----------------------------------------------------------
 Time       [T]        0.0000
----------------------------------------------------------
 Sub-region num.                     1
----------------------------------------------------------
 Length   [L]        0.30000E+03  0.30000E+03
 W-volume [L]        0.10297E+03  0.10297E+03
 In-flow  [L/T]      0.00000E+00  0.00000E+00
 h Mean   [L]       -0.57112E+02 -0.57112E+02
 ConcVol  [M/L2] 1   0.91943E-01  0.91943E-01
 cMean    [M/L3] 1   0.89462E-03  0.89462E-03
 SorbVolIm[M/L2] 1   0.46700E+02  0.46700E+02
 sMeanIm  [-]    1   0.10736E+00  0.10736E+00
 Top Flux [L/T]      0.34037E-01
 Bot Flux [L/T]     -0.89817E+00
----------------------------------------------------------

----------------------------------------------------------
 Time       [T]        1.0000
----------------------------------------------------------
 Sub-region num.                     1
----------------------------------------------------------
 Length   [L]        0.30000E+03  0.30000E+03
 W-volume [L]        0.10209E+03  0.10209E+03
 In-flow  [L/T]     -0.27648E+00 -0.27648E+00
 h Mean   [L]       -0.63897E+02 -0.63897E+02
 ConcVol  [M/L2] 1   0.91148E-01  0.91148E-01
 cMean    [M/L3] 1   0.89465E-03  0.89465E-03
 SorbVolIm[M/L2] 1   0.46700E+02  0.46700E+02
 sMeanIm  [-]    1   0.10736E+00  0.10736E+00
 Top Flux [L/T]      0.74640E-01
 Bot Flux [L/T]     -0.17508E+00
 WatBalT  [L]       -0.70333E-05
 WatBalR  [%]              0.001
 CncBalT  [M]    1   0.10681E-03
 CncBalR  [%]    1        13.378
----------------------------------------------------------
 
 Calculation time [sec]  9.999990463256836E-003
