 All solute fluxes and cumulative solute fluxes are positive into the region

       Time         cvTop        cvBot      Sum(cvTop)   Sum(cvBot)     cvCh0        cvCh1         cTop        cRoot         cBot        cvRoot    Sum(cvRoot)  Sum(cvNEql) TLevel      cGWL        cRunOff   Sum(cRunOff)    (cv(i),    Sum(cv(i)), i=1,NObs)
        [T]        [M/L2/T]     [M/L2/T]      [M/L2]       [M/L2]       [M/L2]      [M/L2]        [M/L3]      [M/L3]        [M/L3]      [M/L2/T]      [M/L2]       [M/L2]              [M/L3]        [M/L2]      [M/L3]      [M/L2/T]      [M/L2]
        0.0100  0.00000E+00  0.00000E+00  0.00000E+00  0.00000E+00  0.00000E+00  0.00000E+00  0.90859E-03  0.89360E-03  0.87450E-03  0.88701E-04  0.88701E-06 -0.69602E-05       1  0.88310E-03  0.00000E+00  0.00000E+00  0.21288E-04  0.21288E-06  0.13297E-04  0.13297E-06  0.50326E-04  0.50326E-06
        0.0200  0.00000E+00  0.00000E+00  0.00000E+00  0.00000E+00  0.00000E+00  0.00000E+00  0.90856E-03  0.89362E-03  0.87285E-03  0.88702E-04  0.17740E-05 -0.12698E-04       2  0.88307E-03  0.00000E+00  0.00000E+00  0.14171E-04  0.35458E-06  0.13022E-04  0.26319E-06  0.49866E-04  0.10019E-05
        0.0330  0.00000E+00  0.00000E+00  0.00000E+00  0.00000E+00  0.00000E+00  0.00000E+00  0.90842E-03  0.89361E-03  0.87351E-03  0.88702E-04  0.29272E-05 -0.19270E-04       3  0.88309E-03  0.00000E+00  0.00000E+00  0.35844E-05  0.40118E-06  0.12211E-04  0.42193E-06  0.49155E-04  0.16409E-05
        0.0499  0.00000E+00  0.00000E+00  0.00000E+00  0.00000E+00  0.00000E+00  0.00000E+00  0.90829E-03  0.89362E-03  0.87385E-03  0.88702E-04  0.44262E-05 -0.26838E-04       4  0.88309E-03  0.00000E+00  0.00000E+00 -0.51636E-05  0.31392E-06  0.10113E-04  0.59284E-06  0.47966E-04  0.24516E-05
        0.0719  0.00000E+00  0.00000E+00  0.00000E+00  0.00000E+00  0.00000E+00  0.00000E+00  0.90813E-03  0.89361E-03  0.87416E-03  0.88702E-04  0.63750E-05 -0.36361E-04       5  0.88310E-03  0.00000E+00  0.00000E+00 -0.21387E-04 -0.15595E-06  0.48961E-05  0.70041E-06  0.45381E-04  0.34486E-05
        0.1004  0.00000E+00  0.00000E+00  0.00000E+00  0.00000E+00  0.00000E+00  0.00000E+00  0.90784E-03  0.89361E-03  0.87441E-03  0.88702E-04  0.89084E-05 -0.49377E-04       6  0.88310E-03  0.00000E+00  0.00000E+00 -0.49329E-04 -0.15648E-05 -0.99065E-05  0.41747E-06  0.39156E-04  0.45669E-05
        0.1376  0.00000E+00  0.00000E+00  0.00000E+00  0.00000E+00  0.00000E+00  0.00000E+00  0.90738E-03  0.89361E-03  0.87462E-03  0.88701E-04  0.12202E-04 -0.69337E-04       7  0.88311E-03  0.00000E+00  0.00000E+00 -0.94472E-04 -0.50725E-05 -0.72010E-04 -0.22562E-05  0.23704E-04  0.54470E-05
        0.1858  0.00000E+00  0.00000E+00  0.00000E+00  0.00000E+00  0.00000E+00  0.00000E+00  0.90670E-03  0.89361E-03  0.87479E-03  0.88701E-04  0.16483E-04 -0.10311E-03       8  0.88311E-03  0.00000E+00  0.00000E+00 -0.16177E-03 -0.12881E-04 -0.19512E-03 -0.11675E-04 -0.12799E-04  0.48292E-05
        0.2358  0.00000E+00  0.00000E+00  0.00000E+00  0.00000E+00  0.00000E+00  0.00000E+00  0.90601E-03  0.89360E-03  0.87492E-03  0.88700E-04  0.20918E-04 -0.14858E-03       9  0.88311E-03  0.00000E+00  0.00000E+00 -0.23445E-03 -0.24603E-04 -0.36127E-03 -0.29738E-04 -0.69410E-04  0.13587E-05
        0.2858  0.00000E+00  0.00000E+00  0.00000E+00  0.00000E+00  0.00000E+00  0.00000E+00  0.90542E-03  0.89360E-03  0.87501E-03  0.88699E-04  0.25353E-04 -0.20417E-03      10  0.88311E-03  0.00000E+00  0.00000E+00 -0.29915E-03 -0.39561E-04 -0.55030E-03 -0.57253E-04 -0.14353E-03 -0.58177E-05
        0.3358  0.00000E+00  0.00000E+00  0.00000E+00  0.00000E+00  0.00000E+00  0.00000E+00  0.90491E-03  0.89359E-03  0.87510E-03  0.88699E-04  0.29788E-04 -0.26406E-03      11  0.88311E-03  0.00000E+00  0.00000E+00 -0.34852E-03 -0.56987E-04 -0.74566E-03 -0.94536E-04 -0.22426E-03 -0.17031E-04
        0.3858  0.00000E+00  0.00000E+00  0.00000E+00  0.00000E+00  0.00000E+00  0.00000E+00  0.90458E-03  0.89361E-03  0.87518E-03  0.88701E-04  0.34223E-04 -0.32104E-03      12  0.88311E-03  0.00000E+00  0.00000E+00 -0.38992E-03 -0.76483E-04 -0.93681E-03 -0.14138E-03 -0.30191E-03 -0.32126E-04
        0.4358  0.00000E+00  0.00000E+00  0.00000E+00  0.00000E+00  0.00000E+00  0.00000E+00  0.90428E-03  0.89364E-03  0.87526E-03  0.88703E-04  0.38658E-04 -0.37416E-03      13  0.88312E-03  0.00000E+00  0.00000E+00 -0.41614E-03 -0.97290E-04 -0.11045E-02 -0.19660E-03 -0.37500E-03 -0.50876E-04
        0.4858  0.00000E+00  0.00000E+00  0.00000E+00  0.00000E+00  0.00000E+00  0.00000E+00  0.90416E-03  0.89366E-03  0.87535E-03  0.88705E-04  0.43094E-04 -0.42321E-03      14  0.88312E-03  0.00000E+00  0.00000E+00 -0.42885E-03 -0.11873E-03 -0.12341E-02 -0.25830E-03 -0.43939E-03 -0.72846E-04
        0.5358  0.00000E+00  0.00000E+00  0.00000E+00  0.00000E+00  0.00000E+00  0.00000E+00  0.90411E-03  0.89367E-03  0.87545E-03  0.88707E-04  0.47529E-04 -0.46792E-03      15  0.88312E-03  0.00000E+00  0.00000E+00 -0.42406E-03 -0.13994E-03 -0.13143E-02 -0.32402E-03 -0.49223E-03 -0.97457E-04
        0.5858  0.00000E+00  0.00000E+00  0.00000E+00  0.00000E+00  0.00000E+00  0.00000E+00  0.90423E-03  0.89368E-03  0.87556E-03  0.88708E-04  0.51964E-04 -0.50861E-03      16  0.88312E-03  0.00000E+00  0.00000E+00 -0.40447E-03 -0.16016E-03 -0.13401E-02 -0.39103E-03 -0.53148E-03 -0.12403E-03
        0.6358  0.00000E+00  0.00000E+00  0.00000E+00  0.00000E+00  0.00000E+00  0.00000E+00  0.90443E-03  0.89368E-03  0.87569E-03  0.88708E-04  0.56400E-04 -0.54568E-03      17  0.88312E-03  0.00000E+00  0.00000E+00 -0.36945E-03 -0.17863E-03 -0.13119E-02 -0.45662E-03 -0.55593E-03 -0.15183E-03
        0.6858  0.00000E+00  0.00000E+00  0.00000E+00  0.00000E+00  0.00000E+00  0.00000E+00  0.90475E-03  0.89367E-03  0.87584E-03  0.88707E-04  0.60835E-04 -0.57995E-03      18  0.88312E-03  0.00000E+00  0.00000E+00 -0.32288E-03 -0.19478E-03 -0.12355E-02 -0.51840E-03 -0.56548E-03 -0.18010E-03
        0.7358  0.00000E+00  0.00000E+00  0.00000E+00  0.00000E+00  0.00000E+00  0.00000E+00  0.90512E-03  0.89366E-03  0.87601E-03  0.88706E-04  0.65270E-04 -0.61223E-03      19  0.88313E-03  0.00000E+00  0.00000E+00 -0.26717E-03 -0.20813E-03 -0.11214E-02 -0.57447E-03 -0.56285E-03 -0.20824E-03
        0.7858  0.00000E+00 -0.50579E-05  0.00000E+00 -0.25289E-06  0.00000E+00  0.00000E+00  0.90568E-03  0.89364E-03  0.88006E-03  0.88704E-04  0.69706E-04 -0.63154E-03      20  0.88317E-03  0.00000E+00  0.00000E+00 -0.19535E-03 -0.21790E-03 -0.96671E-03 -0.62280E-03 -0.54534E-03 -0.23551E-03
        0.8358  0.00000E+00 -0.23243E-04  0.00000E+00 -0.14150E-05  0.00000E+00  0.00000E+00  0.90624E-03  0.89362E-03  0.87982E-03  0.88702E-04  0.74141E-04 -0.63239E-03      21  0.88316E-03  0.00000E+00  0.00000E+00 -0.12385E-03 -0.22409E-03 -0.79347E-03 -0.66248E-03 -0.49972E-03 -0.26050E-03
        0.8858  0.00000E+00 -0.49797E-04  0.00000E+00 -0.39049E-05  0.00000E+00  0.00000E+00  0.90676E-03  0.89364E-03  0.88001E-03  0.88703E-04  0.78576E-04 -0.62432E-03      22  0.88316E-03  0.00000E+00  0.00000E+00 -0.60256E-04 -0.22711E-03 -0.61912E-03 -0.69343E-03 -0.43811E-03 -0.28240E-03
        0.9358  0.00000E+00 -0.76349E-04  0.00000E+00 -0.77223E-05  0.00000E+00  0.00000E+00  0.90716E-03  0.89362E-03  0.87991E-03  0.88702E-04  0.83011E-04 -0.61029E-03      23  0.88316E-03  0.00000E+00  0.00000E+00 -0.12958E-04 -0.22775E-03 -0.46385E-03 -0.71662E-03 -0.37015E-03 -0.30091E-03
        0.9679  0.00000E+00 -0.97650E-04  0.00000E+00 -0.10855E-04  0.00000E+00  0.00000E+00  0.90730E-03  0.89363E-03  0.87999E-03  0.88703E-04  0.85857E-04 -0.59996E-03      24  0.88316E-03  0.00000E+00  0.00000E+00  0.48880E-05 -0.22760E-03 -0.37775E-03 -0.72874E-03 -0.32713E-03 -0.31141E-03
        1.0000  0.00000E+00 -0.11341E-03  0.00000E+00 -0.14494E-04  0.00000E+00  0.00000E+00  0.90741E-03  0.89362E-03  0.87996E-03  0.88702E-04  0.88703E-04 -0.58958E-03      25  0.88316E-03  0.00000E+00  0.00000E+00  0.24819E-04 -0.22680E-03 -0.31063E-03 -0.73871E-03 -0.28748E-03 -0.32063E-03
end
