 ******* Program HYDRUS
 ******* 
 Welcome to HYDRUS-1D                                                    
 Date:  28. 3.2022    Time:   8:57:12
 Units: L = cm   , T = days , M = mg   

----------------------------------------------------------
 Time       [T]        0.0000
----------------------------------------------------------
 Sub-region num.                     1
----------------------------------------------------------
 Length   [L]        0.30000E+03  0.30000E+03
 W-volume [L]        0.99291E+02  0.99291E+02
 In-flow  [L/T]      0.00000E+00  0.00000E+00
 h Mean   [L]       -0.94636E+02 -0.94636E+02
 ConcVol  [M/L2] 1   0.87727E-01  0.87727E-01
 cMean    [M/L3] 1   0.88361E-03  0.88361E-03
 SorbVolIm[M/L2] 1   0.46126E+02  0.46126E+02
 sMeanIm  [-]    1   0.10604E+00  0.10604E+00
 Top Flux [L/T]      0.24346E-01
 Bot Flux [L/T]     -0.56503E+00
----------------------------------------------------------

----------------------------------------------------------
 Time       [T]        1.0000
----------------------------------------------------------
 Sub-region num.                     1
----------------------------------------------------------
 Length   [L]        0.30000E+03  0.30000E+03
 W-volume [L]        0.98679E+02  0.98679E+02
 In-flow  [L/T]     -0.26545E+00 -0.26545E+00
 h Mean   [L]       -0.99547E+02 -0.99547E+02
 ConcVol  [M/L2] 1   0.87190E-01  0.87190E-01
 cMean    [M/L3] 1   0.88364E-03  0.88364E-03
 SorbVolIm[M/L2] 1   0.46126E+02  0.46126E+02
 sMeanIm  [-]    1   0.10604E+00  0.10604E+00
 Top Flux [L/T]      0.27494E-01
 Bot Flux [L/T]     -0.19691E+00
 WatBalT  [L]       -0.44056E-01
 WatBalR  [%]              7.198
 CncBalT  [M]    1   0.61035E-04
 CncBalR  [%]    1        11.317
----------------------------------------------------------
 
 Calculation time [sec]  0.000000000000000E+000
