 ******* Program HYDRUS
 ******* 
 Welcome to HYDRUS-1D                                                    
 Date:   4. 3.2022    Time:  19:32:32
 Units: L = cm   , T = days , M = mg   

----------------------------------------------------------
 Time       [T]        0.0000
----------------------------------------------------------
 Sub-region num.                     1
----------------------------------------------------------
 Length   [L]        0.30000E+03  0.30000E+03
 W-volume [L]        0.10081E+03  0.10081E+03
 In-flow  [L/T]      0.00000E+00  0.00000E+00
 h Mean   [L]       -0.76504E+02 -0.76504E+02
 ConcVol  [M/L2] 1   0.88313E+00  0.88313E+00
 cMean    [M/L3] 1   0.87596E-02  0.87596E-02
 SorbVolIm[M/L2] 1   0.42992E+02  0.42992E+02
 sMeanIm  [-]    1   0.98833E-01  0.98833E-01
 Top Flux [L/T]      0.54362E-01
 Bot Flux [L/T]      0.20282E+00
----------------------------------------------------------

----------------------------------------------------------
 Time       [T]        1.0000
----------------------------------------------------------
 Sub-region num.                     1
----------------------------------------------------------
 Length   [L]        0.30000E+03  0.30000E+03
 W-volume [L]        0.10206E+03  0.10206E+03
 In-flow  [L/T]     -0.24596E+00 -0.24596E+00
 h Mean   [L]       -0.66348E+02 -0.66348E+02
 ConcVol  [M/L2] 1   0.89399E+00  0.89399E+00
 cMean    [M/L3] 1   0.87582E-02  0.87582E-02
 SorbVolIm[M/L2] 1   0.42980E+02  0.42980E+02
 sMeanIm  [-]    1   0.98804E-01  0.98804E-01
 Top Flux [L/T]     -0.74769E-02
 Bot Flux [L/T]     -0.19155E+00
 WatBalT  [L]       -0.83447E-05
 WatBalR  [%]              0.001
 CncBalT  [M]    1   0.16785E-03
 CncBalR  [%]    1         1.545
----------------------------------------------------------
 
 Calculation time [sec]  0.000000000000000E+000
