 ******* Program HYDRUS
 ******* 
 Welcome to HYDRUS-1D                                                    
 Date:  29. 3.2022    Time:  17:26:13
 Units: L = cm   , T = days , M = mg   

----------------------------------------------------------
 Time       [T]        0.0000
----------------------------------------------------------
 Sub-region num.                     1
----------------------------------------------------------
 Length   [L]        0.30000E+03  0.30000E+03
 W-volume [L]        0.99019E+02  0.99019E+02
 In-flow  [L/T]      0.00000E+00  0.00000E+00
 h Mean   [L]       -0.95049E+02 -0.95049E+02
 ConcVol  [M/L2] 1   0.88367E-01  0.88367E-01
 cMean    [M/L3] 1   0.89455E-03  0.89455E-03
 SorbVolIm[M/L2] 1   0.46696E+02  0.46696E+02
 sMeanIm  [-]    1   0.10735E+00  0.10735E+00
 Top Flux [L/T]      0.54481E-01
 Bot Flux [L/T]      0.20282E+00
----------------------------------------------------------

----------------------------------------------------------
 Time       [T]        1.0000
----------------------------------------------------------
 Sub-region num.                     1
----------------------------------------------------------
 Length   [L]        0.30000E+03  0.30000E+03
 W-volume [L]        0.98808E+02  0.98808E+02
 In-flow  [L/T]      0.13466E+00  0.13466E+00
 h Mean   [L]       -0.97183E+02 -0.97183E+02
 ConcVol  [M/L2] 1   0.88183E-01  0.88183E-01
 cMean    [M/L3] 1   0.89457E-03  0.89457E-03
 SorbVolIm[M/L2] 1   0.46697E+02  0.46697E+02
 sMeanIm  [-]    1   0.10735E+00  0.10735E+00
 Top Flux [L/T]      0.36936E-01
 Bot Flux [L/T]      0.20299E+00
 WatBalT  [L]       -0.41583E-01
 WatBalR  [%]             10.097
 CncBalT  [M]    1   0.57220E-04
 CncBalR  [%]    1        28.748
----------------------------------------------------------
 
 Calculation time [sec]  9.999990463256836E-003
