 All solute fluxes and cumulative solute fluxes are positive into the region

       Time         cvTop        cvBot      Sum(cvTop)   Sum(cvBot)     cvCh0        cvCh1         cTop        cRoot         cBot        cvRoot    Sum(cvRoot)  Sum(cvNEql) TLevel      cGWL        cRunOff   Sum(cRunOff)    (cv(i),    Sum(cv(i)), i=1,NObs)
        [T]        [M/L2/T]     [M/L2/T]      [M/L2]       [M/L2]       [M/L2]      [M/L2]        [M/L3]      [M/L3]        [M/L3]      [M/L2/T]      [M/L2]       [M/L2]              [M/L3]        [M/L2]      [M/L3]      [M/L2/T]      [M/L2]
        0.0100  0.00000E+00 -0.56593E-03  0.00000E+00 -0.56593E-05  0.00000E+00  0.00000E+00  0.99149E-02  0.95713E-02  0.86068E-02  0.20729E-02  0.20729E-04 -0.22040E-04       1  0.87463E-02  0.00000E+00  0.00000E+00  0.44508E-03  0.44508E-05 -0.76586E-02 -0.76586E-04 -0.85824E-02 -0.85824E-04
        0.0200  0.00000E+00  0.00000E+00  0.00000E+00 -0.56593E-05  0.00000E+00  0.00000E+00  0.99337E-02  0.95716E-02  0.84834E-02  0.20729E-02  0.41458E-04 -0.53711E-04       2  0.87420E-02  0.00000E+00  0.00000E+00  0.11659E-03  0.56167E-05 -0.73181E-02 -0.14977E-03 -0.83121E-02 -0.16895E-03
        0.0330  0.00000E+00  0.00000E+00  0.00000E+00 -0.56593E-05  0.00000E+00  0.00000E+00  0.99420E-02  0.95717E-02  0.84069E-02  0.20730E-02  0.68406E-04 -0.10399E-03       3  0.87385E-02  0.00000E+00  0.00000E+00 -0.43551E-03 -0.44964E-07 -0.69068E-02 -0.23955E-03 -0.79349E-02 -0.27210E-03
        0.0499  0.00000E+00  0.00000E+00  0.00000E+00 -0.56593E-05  0.00000E+00  0.00000E+00  0.99211E-02  0.95718E-02  0.83650E-02  0.20730E-02  0.10344E-03 -0.18072E-03       4  0.87384E-02  0.00000E+00  0.00000E+00 -0.14090E-02 -0.23857E-04 -0.66323E-02 -0.35164E-03 -0.75259E-02 -0.39929E-03
        0.0719  0.00000E+00  0.00000E+00  0.00000E+00 -0.56593E-05  0.00000E+00  0.00000E+00  0.98410E-02  0.95716E-02  0.83499E-02  0.20731E-02  0.14899E-03 -0.30022E-03       5  0.87374E-02  0.00000E+00  0.00000E+00 -0.27418E-02 -0.84094E-04 -0.67088E-02 -0.49903E-03 -0.71163E-02 -0.55563E-03
        0.1004  0.00000E+00  0.00000E+00  0.00000E+00 -0.56593E-05  0.00000E+00  0.00000E+00  0.96811E-02  0.95708E-02  0.83603E-02  0.20731E-02  0.20819E-03 -0.50183E-03       6  0.87379E-02  0.00000E+00  0.00000E+00 -0.38170E-02 -0.19311E-03 -0.76576E-02 -0.71774E-03 -0.68761E-02 -0.75202E-03
        0.1376  0.00000E+00  0.00000E+00  0.00000E+00 -0.56593E-05  0.00000E+00  0.00000E+00  0.94542E-02  0.95688E-02  0.83962E-02  0.20730E-02  0.28516E-03 -0.88550E-03       7  0.87399E-02  0.00000E+00  0.00000E+00 -0.43952E-02 -0.35630E-03 -0.10347E-01 -0.11019E-02 -0.71423E-02 -0.10172E-02
        0.1858  0.00000E+00 -0.72473E-04  0.00000E+00 -0.91575E-05  0.00000E+00  0.00000E+00  0.91763E-02  0.95636E-02  0.86559E-02  0.20727E-02  0.38521E-03 -0.16631E-02       8  0.87479E-02  0.00000E+00  0.00000E+00 -0.53309E-02 -0.61361E-03 -0.16533E-01 -0.18999E-02 -0.86986E-02 -0.14371E-02
        0.2358  0.00000E+00 -0.56444E-03  0.00000E+00 -0.37379E-04  0.00000E+00  0.00000E+00  0.89135E-02  0.95444E-02  0.86637E-02  0.20715E-02  0.48878E-03 -0.29250E-02       9  0.87488E-02  0.00000E+00  0.00000E+00 -0.63909E-02 -0.93316E-03 -0.25647E-01 -0.31823E-02 -0.11891E-01 -0.20316E-02
        0.2858  0.00000E+00 -0.13259E-02  0.00000E+00 -0.10367E-03  0.00000E+00  0.00000E+00  0.86827E-02  0.95056E-02  0.86698E-02  0.20692E-02  0.59224E-03 -0.47501E-02      10  0.87493E-02  0.00000E+00  0.00000E+00 -0.72249E-02 -0.12944E-02 -0.36104E-01 -0.49874E-02 -0.16871E-01 -0.28752E-02
        0.3358  0.00000E+00 -0.19655E-02  0.00000E+00 -0.20195E-03  0.00000E+00  0.00000E+00  0.85006E-02  0.94485E-02  0.86744E-02  0.20660E-02  0.69554E-03 -0.71240E-02      11  0.87496E-02  0.00000E+00  0.00000E+00 -0.80882E-02 -0.16988E-02 -0.46438E-01 -0.73093E-02 -0.23511E-01 -0.40507E-02
        0.3858  0.00000E+00 -0.25423E-02  0.00000E+00 -0.32906E-03  0.00000E+00  0.00000E+00  0.83526E-02  0.93793E-02  0.86776E-02  0.20624E-02  0.79866E-03 -0.99865E-02      12  0.87498E-02  0.00000E+00  0.00000E+00 -0.85677E-02 -0.21272E-02 -0.56912E-01 -0.10155E-01 -0.32003E-01 -0.56509E-02
        0.4358  0.00000E+00 -0.31112E-02  0.00000E+00 -0.48462E-03  0.00000E+00  0.00000E+00  0.82433E-02  0.93129E-02  0.86799E-02  0.20591E-02  0.90162E-03 -0.13249E-01      13  0.87499E-02  0.00000E+00  0.00000E+00 -0.90906E-02 -0.25817E-02 -0.64653E-01 -0.13388E-01 -0.41012E-01 -0.77015E-02
        0.4858  0.00000E+00 -0.37356E-02  0.00000E+00 -0.67140E-03  0.00000E+00  0.00000E+00  0.81716E-02  0.92511E-02  0.86818E-02  0.20561E-02  0.10044E-02 -0.16795E-01      14  0.87500E-02  0.00000E+00  0.00000E+00 -0.91976E-02 -0.30416E-02 -0.70392E-01 -0.16907E-01 -0.48728E-01 -0.10138E-01
        0.5358  0.00000E+00 -0.44794E-02  0.00000E+00 -0.89537E-03  0.00000E+00  0.00000E+00  0.81382E-02  0.92032E-02  0.86835E-02  0.20539E-02  0.11071E-02 -0.20487E-01      15  0.87501E-02  0.00000E+00  0.00000E+00 -0.92813E-02 -0.35057E-02 -0.73425E-01 -0.20578E-01 -0.54660E-01 -0.12871E-01
        0.5858  0.00000E+00 -0.54215E-02  0.00000E+00 -0.11664E-02  0.00000E+00  0.00000E+00  0.81423E-02  0.91747E-02  0.86852E-02  0.20526E-02  0.12097E-02 -0.24173E-01      16  0.87502E-02  0.00000E+00  0.00000E+00 -0.90131E-02 -0.39563E-02 -0.73149E-01 -0.24236E-01 -0.58349E-01 -0.15788E-01
        0.6358  0.00000E+00 -0.66410E-02  0.00000E+00 -0.14985E-02  0.00000E+00  0.00000E+00  0.81857E-02  0.91646E-02  0.86871E-02  0.20522E-02  0.13124E-02 -0.27700E-01      17  0.87503E-02  0.00000E+00  0.00000E+00 -0.86441E-02 -0.43885E-02 -0.70294E-01 -0.27751E-01 -0.58786E-01 -0.18728E-01
        0.6858  0.00000E+00 -0.81903E-02  0.00000E+00 -0.19080E-02  0.00000E+00  0.00000E+00  0.82657E-02  0.91746E-02  0.86891E-02  0.20527E-02  0.14150E-02 -0.30929E-01      18  0.87504E-02  0.00000E+00  0.00000E+00 -0.79977E-02 -0.47884E-02 -0.65013E-01 -0.31001E-01 -0.56557E-01 -0.21556E-01
        0.7358  0.00000E+00 -0.10097E-01  0.00000E+00 -0.24129E-02  0.00000E+00  0.00000E+00  0.83819E-02  0.92023E-02  0.86912E-02  0.20541E-02  0.15177E-02 -0.33744E-01      19  0.87505E-02  0.00000E+00  0.00000E+00 -0.72019E-02 -0.51485E-02 -0.57943E-01 -0.33898E-01 -0.52287E-01 -0.24170E-01
        0.7858  0.00000E+00 -0.12304E-01  0.00000E+00 -0.30281E-02  0.00000E+00  0.00000E+00  0.85434E-02  0.92442E-02  0.86934E-02  0.20562E-02  0.16205E-02 -0.36049E-01      20  0.87507E-02  0.00000E+00  0.00000E+00 -0.60564E-02 -0.54513E-02 -0.48956E-01 -0.36346E-01 -0.46169E-01 -0.26478E-01
        0.8358  0.00000E+00 -0.14686E-01  0.00000E+00 -0.37624E-02  0.00000E+00  0.00000E+00  0.87433E-02  0.92973E-02  0.86954E-02  0.20589E-02  0.17235E-02 -0.37785E-01      21  0.87523E-02  0.00000E+00  0.00000E+00 -0.46654E-02 -0.56846E-02 -0.39188E-01 -0.38306E-01 -0.39165E-01 -0.28437E-01
        0.8858  0.00000E+00 -0.17088E-01  0.00000E+00 -0.46168E-02  0.00000E+00  0.00000E+00  0.89724E-02  0.93543E-02  0.86973E-02  0.20617E-02  0.18265E-02 -0.38957E-01      22  0.87524E-02  0.00000E+00  0.00000E+00 -0.30185E-02 -0.58355E-02 -0.29809E-01 -0.39796E-01 -0.32180E-01 -0.30046E-01
        0.9358  0.00000E+00 -0.19337E-01  0.00000E+00 -0.55837E-02  0.00000E+00  0.00000E+00  0.92193E-02  0.94062E-02  0.86989E-02  0.20643E-02  0.19298E-02 -0.39639E-01      23  0.87526E-02  0.00000E+00  0.00000E+00 -0.12393E-02 -0.58975E-02 -0.21708E-01 -0.40881E-01 -0.25888E-01 -0.31340E-01
        0.9679  0.00000E+00 -0.21030E-01  0.00000E+00 -0.62584E-02  0.00000E+00  0.00000E+00  0.93786E-02  0.94456E-02  0.86998E-02  0.20664E-02  0.19961E-02 -0.39876E-01      24  0.87526E-02  0.00000E+00  0.00000E+00 -0.20312E-03 -0.59040E-02 -0.17487E-01 -0.41443E-01 -0.22370E-01 -0.32058E-01
        1.0000  0.00000E+00 -0.22179E-01  0.00000E+00 -0.69701E-02  0.00000E+00  0.00000E+00  0.95199E-02  0.94626E-02  0.87007E-02  0.20673E-02  0.20624E-02 -0.40014E-01      25  0.87527E-02  0.00000E+00  0.00000E+00  0.61297E-03 -0.58843E-02 -0.14615E-01 -0.41911E-01 -0.19474E-01 -0.32683E-01
end
