 All solute fluxes and cumulative solute fluxes are positive into the region

       Time         cvTop        cvBot      Sum(cvTop)   Sum(cvBot)     cvCh0        cvCh1         cTop        cRoot         cBot        cvRoot    Sum(cvRoot)  Sum(cvNEql) TLevel      cGWL        cRunOff   Sum(cRunOff)    (cv(i),    Sum(cv(i)), i=1,NObs)
        [T]        [M/L2/T]     [M/L2/T]      [M/L2]       [M/L2]       [M/L2]      [M/L2]        [M/L3]      [M/L3]        [M/L3]      [M/L2/T]      [M/L2]       [M/L2]              [M/L3]        [M/L2]      [M/L3]      [M/L2/T]      [M/L2]
        0.0100  0.00000E+00  0.00000E+00  0.00000E+00  0.00000E+00  0.00000E+00  0.00000E+00  0.84881E-03  0.88296E-03  0.86918E-03  0.99024E-04  0.99024E-06 -0.14716E-04       1  0.88261E-03  0.00000E+00  0.00000E+00  0.31259E-04  0.31259E-06  0.22721E-03  0.22721E-05  0.41590E-03  0.41590E-05
        0.0230  0.00000E+00  0.00000E+00  0.00000E+00  0.00000E+00  0.00000E+00  0.00000E+00  0.84867E-03  0.88300E-03  0.86806E-03  0.99028E-04  0.22776E-05 -0.29470E-04       2  0.88254E-03  0.00000E+00  0.00000E+00  0.30590E-04  0.71025E-06  0.22550E-03  0.52036E-05  0.41293E-03  0.95272E-05
        0.0399  0.00000E+00  0.00000E+00  0.00000E+00  0.00000E+00  0.00000E+00  0.00000E+00  0.84870E-03  0.88299E-03  0.86923E-03  0.99027E-04  0.39512E-05 -0.46652E-04       3  0.88261E-03  0.00000E+00  0.00000E+00  0.28596E-04  0.11935E-05  0.22421E-03  0.89928E-05  0.40793E-03  0.16421E-04
        0.0619  0.00000E+00  0.00000E+00  0.00000E+00  0.00000E+00  0.00000E+00  0.00000E+00  0.84864E-03  0.88299E-03  0.86930E-03  0.99028E-04  0.61268E-05 -0.66299E-04       4  0.88261E-03  0.00000E+00  0.00000E+00  0.24499E-04  0.17318E-05  0.22194E-03  0.13869E-04  0.40222E-03  0.25258E-04
        0.0904  0.00000E+00  0.00000E+00  0.00000E+00  0.00000E+00  0.00000E+00  0.00000E+00  0.84858E-03  0.88299E-03  0.86962E-03  0.99027E-04  0.89551E-05 -0.90454E-04       5  0.88263E-03  0.00000E+00  0.00000E+00  0.16647E-04  0.22072E-05  0.21861E-03  0.20112E-04  0.39478E-03  0.36533E-04
        0.1276  0.00000E+00  0.00000E+00  0.00000E+00  0.00000E+00  0.00000E+00  0.00000E+00  0.84844E-03  0.88299E-03  0.86968E-03  0.99027E-04  0.12632E-04 -0.12002E-03       6  0.88263E-03  0.00000E+00  0.00000E+00  0.25482E-05  0.23019E-05  0.21324E-03  0.28030E-04  0.38595E-03  0.50863E-04
        0.1758  0.00000E+00  0.00000E+00  0.00000E+00  0.00000E+00  0.00000E+00  0.00000E+00  0.84828E-03  0.88299E-03  0.86980E-03  0.99027E-04  0.17412E-04 -0.15755E-03       7  0.88264E-03  0.00000E+00  0.00000E+00 -0.69846E-05  0.19647E-05  0.20382E-03  0.37868E-04  0.37444E-03  0.68937E-04
        0.2258  0.00000E+00  0.00000E+00  0.00000E+00  0.00000E+00  0.00000E+00  0.00000E+00  0.84811E-03  0.88299E-03  0.86978E-03  0.99027E-04  0.22363E-04 -0.19591E-03       8  0.88264E-03  0.00000E+00  0.00000E+00 -0.18210E-04  0.10542E-05  0.19224E-03  0.47480E-04  0.36243E-03  0.87058E-04
        0.2758  0.00000E+00  0.00000E+00  0.00000E+00  0.00000E+00  0.00000E+00  0.00000E+00  0.84810E-03  0.88299E-03  0.86980E-03  0.99027E-04  0.27315E-04 -0.23366E-03       9  0.88264E-03  0.00000E+00  0.00000E+00 -0.20153E-04  0.46572E-07  0.18254E-03  0.56607E-04  0.35066E-03  0.10459E-03
        0.3258  0.00000E+00  0.00000E+00  0.00000E+00  0.00000E+00  0.00000E+00  0.00000E+00  0.84854E-03  0.88299E-03  0.86976E-03  0.99028E-04  0.32266E-04 -0.26436E-03      10  0.88264E-03  0.00000E+00  0.00000E+00  0.16625E-04  0.87783E-06  0.17800E-03  0.65507E-04  0.34274E-03  0.12173E-03
        0.3758  0.00000E+00  0.00000E+00  0.00000E+00  0.00000E+00  0.00000E+00  0.00000E+00  0.84912E-03  0.88301E-03  0.86974E-03  0.99030E-04  0.37217E-04 -0.27650E-03      11  0.88264E-03  0.00000E+00  0.00000E+00  0.75632E-04  0.46594E-05  0.17945E-03  0.74479E-04  0.34647E-03  0.13905E-03
        0.4258  0.00000E+00  0.00000E+00  0.00000E+00  0.00000E+00  0.00000E+00  0.00000E+00  0.84959E-03  0.88307E-03  0.86968E-03  0.99037E-04  0.42169E-04 -0.27171E-03      12  0.88263E-03  0.00000E+00  0.00000E+00  0.11656E-03  0.10487E-04  0.18469E-03  0.83714E-04  0.35739E-03  0.15692E-03
        0.4758  0.00000E+00  0.00000E+00  0.00000E+00  0.00000E+00  0.00000E+00  0.00000E+00  0.84983E-03  0.88309E-03  0.86964E-03  0.99040E-04  0.47121E-04 -0.25581E-03      13  0.88263E-03  0.00000E+00  0.00000E+00  0.13728E-03  0.17351E-04  0.19165E-03  0.93296E-04  0.37392E-03  0.17562E-03
        0.5258  0.00000E+00  0.00000E+00  0.00000E+00  0.00000E+00  0.00000E+00  0.00000E+00  0.84988E-03  0.88313E-03  0.86959E-03  0.99044E-04  0.52073E-04 -0.23357E-03      14  0.88263E-03  0.00000E+00  0.00000E+00  0.13654E-03  0.24178E-04  0.20138E-03  0.10337E-03  0.39202E-03  0.19522E-03
        0.5758  0.00000E+00  0.00000E+00  0.00000E+00  0.00000E+00  0.00000E+00  0.00000E+00  0.84970E-03  0.88313E-03  0.86954E-03  0.99044E-04  0.57026E-04 -0.21204E-03      15  0.88263E-03  0.00000E+00  0.00000E+00  0.11473E-03  0.29915E-04  0.20601E-03  0.11367E-03  0.40799E-03  0.21562E-03
        0.6258  0.00000E+00  0.00000E+00  0.00000E+00  0.00000E+00  0.00000E+00  0.00000E+00  0.84932E-03  0.88313E-03  0.86948E-03  0.99045E-04  0.61978E-04 -0.19672E-03      16  0.88262E-03  0.00000E+00  0.00000E+00  0.73042E-04  0.33567E-04  0.20720E-03  0.12403E-03  0.41918E-03  0.23658E-03
        0.6758  0.00000E+00  0.00000E+00  0.00000E+00  0.00000E+00  0.00000E+00  0.00000E+00  0.84874E-03  0.88311E-03  0.86942E-03  0.99042E-04  0.66930E-04 -0.19364E-03      17  0.88262E-03  0.00000E+00  0.00000E+00  0.14098E-04  0.34272E-04  0.20320E-03  0.13419E-03  0.42291E-03  0.25772E-03
        0.7258  0.00000E+00  0.00000E+00  0.00000E+00  0.00000E+00  0.00000E+00  0.00000E+00  0.84829E-03  0.88309E-03  0.86936E-03  0.99040E-04  0.71882E-04 -0.20662E-03      18  0.88262E-03  0.00000E+00  0.00000E+00 -0.21785E-04  0.33182E-04  0.19425E-03  0.14390E-03  0.41772E-03  0.27861E-03
        0.7758  0.00000E+00  0.00000E+00  0.00000E+00  0.00000E+00  0.00000E+00  0.00000E+00  0.84835E-03  0.88305E-03  0.86930E-03  0.99034E-04  0.76834E-04 -0.23590E-03      19  0.88261E-03  0.00000E+00  0.00000E+00 -0.18343E-04  0.32265E-04  0.18682E-03  0.15324E-03  0.40346E-03  0.29878E-03
        0.8258  0.00000E+00  0.00000E+00  0.00000E+00  0.00000E+00  0.00000E+00  0.00000E+00  0.84845E-03  0.88301E-03  0.86923E-03  0.99030E-04  0.81785E-04 -0.26845E-03      20  0.88261E-03  0.00000E+00  0.00000E+00 -0.68360E-05  0.31923E-04  0.18413E-03  0.16245E-03  0.38987E-03  0.31827E-03
        0.8758  0.00000E+00  0.00000E+00  0.00000E+00  0.00000E+00  0.00000E+00  0.00000E+00  0.84861E-03  0.88302E-03  0.86916E-03  0.99031E-04  0.86737E-04 -0.29955E-03      21  0.88261E-03  0.00000E+00  0.00000E+00  0.39821E-05  0.32123E-04  0.18417E-03  0.17165E-03  0.37634E-03  0.33709E-03
        0.9258  0.00000E+00  0.00000E+00  0.00000E+00  0.00000E+00  0.00000E+00  0.00000E+00  0.84878E-03  0.88301E-03  0.86909E-03  0.99030E-04  0.91688E-04 -0.33025E-03      22  0.88260E-03  0.00000E+00  0.00000E+00  0.21356E-04  0.33190E-04  0.18634E-03  0.18097E-03  0.36506E-03  0.35534E-03
        0.9629  0.00000E+00  0.00000E+00  0.00000E+00  0.00000E+00  0.00000E+00  0.00000E+00  0.84888E-03  0.88302E-03  0.86904E-03  0.99031E-04  0.95361E-04 -0.35250E-03      23  0.88260E-03  0.00000E+00  0.00000E+00  0.28845E-04  0.34260E-04  0.18750E-03  0.18792E-03  0.35746E-03  0.36860E-03
        1.0000  0.00000E+00  0.00000E+00  0.00000E+00  0.00000E+00  0.00000E+00  0.00000E+00  0.84891E-03  0.88301E-03  0.86899E-03  0.99030E-04  0.99034E-04 -0.37486E-03      24  0.88260E-03  0.00000E+00  0.00000E+00  0.31381E-04  0.35424E-04  0.18761E-03  0.19488E-03  0.35085E-03  0.38161E-03
end
