 All solute fluxes and cumulative solute fluxes are positive into the region

       Time         cvTop        cvBot      Sum(cvTop)   Sum(cvBot)     cvCh0        cvCh1         cTop        cRoot         cBot        cvRoot    Sum(cvRoot)  Sum(cvNEql) TLevel      cGWL        cRunOff   Sum(cRunOff)    (cv(i),    Sum(cv(i)), i=1,NObs)
        [T]        [M/L2/T]     [M/L2/T]      [M/L2]       [M/L2]       [M/L2]      [M/L2]        [M/L3]      [M/L3]        [M/L3]      [M/L2/T]      [M/L2]       [M/L2]              [M/L3]        [M/L2]      [M/L3]      [M/L2/T]      [M/L2]
        0.0100  0.00000E+00  0.00000E+00  0.00000E+00  0.00000E+00  0.00000E+00  0.00000E+00  0.83788E-03  0.88271E-03  0.87679E-03  0.75323E-04  0.75323E-06 -0.65398E-05       1  0.88306E-03  0.00000E+00  0.00000E+00  0.17894E-04  0.17894E-06  0.12176E-03  0.12176E-05  0.21030E-03  0.21030E-05
        0.0200  0.00000E+00  0.00000E+00  0.00000E+00  0.00000E+00  0.00000E+00  0.00000E+00  0.83766E-03  0.88276E-03  0.87712E-03  0.75326E-04  0.15065E-05 -0.68832E-05       2  0.88306E-03  0.00000E+00  0.00000E+00  0.66453E-05  0.24539E-06  0.12085E-03  0.24262E-05  0.20726E-03  0.41756E-05
        0.0330  0.00000E+00  0.00000E+00  0.00000E+00  0.00000E+00  0.00000E+00  0.00000E+00  0.83752E-03  0.88274E-03  0.87699E-03  0.75325E-04  0.24857E-05 -0.96217E-05       3  0.88306E-03  0.00000E+00  0.00000E+00  0.22583E-06  0.24833E-06  0.11836E-03  0.39649E-05  0.20287E-03  0.68130E-05
        0.0499  0.00000E+00  0.00000E+00  0.00000E+00  0.00000E+00  0.00000E+00  0.00000E+00  0.83733E-03  0.88275E-03  0.87686E-03  0.75325E-04  0.37587E-05 -0.13397E-04       4  0.88306E-03  0.00000E+00  0.00000E+00 -0.10146E-04  0.76853E-07  0.11296E-03  0.58739E-05  0.19745E-03  0.10150E-04
        0.0719  0.00000E+00  0.00000E+00  0.00000E+00  0.00000E+00  0.00000E+00  0.00000E+00  0.83712E-03  0.88275E-03  0.87675E-03  0.75325E-04  0.54136E-05 -0.20087E-04       5  0.88305E-03  0.00000E+00  0.00000E+00 -0.29145E-04 -0.56347E-06  0.10030E-03  0.80774E-05  0.18955E-03  0.14314E-04
        0.1004  0.00000E+00  0.00000E+00  0.00000E+00  0.00000E+00  0.00000E+00  0.00000E+00  0.83675E-03  0.88275E-03  0.87664E-03  0.75325E-04  0.75650E-05 -0.32062E-04       6  0.88305E-03  0.00000E+00  0.00000E+00 -0.60981E-04 -0.23051E-05  0.71956E-04  0.10133E-04  0.17616E-03  0.19346E-04
        0.1376  0.00000E+00  0.00000E+00  0.00000E+00  0.00000E+00  0.00000E+00  0.00000E+00  0.83619E-03  0.88274E-03  0.87653E-03  0.75325E-04  0.10362E-04 -0.55034E-04       7  0.88305E-03  0.00000E+00  0.00000E+00 -0.11048E-03 -0.64070E-05  0.11067E-04  0.10543E-04  0.14958E-03  0.24900E-04
        0.1858  0.00000E+00  0.00000E+00  0.00000E+00  0.00000E+00  0.00000E+00  0.00000E+00  0.83544E-03  0.88273E-03  0.87641E-03  0.75324E-04  0.13997E-04 -0.10013E-03       8  0.88305E-03  0.00000E+00  0.00000E+00 -0.18193E-03 -0.15188E-04 -0.11263E-03  0.51071E-05  0.92857E-04  0.29382E-04
        0.2358  0.00000E+00  0.00000E+00  0.00000E+00  0.00000E+00  0.00000E+00  0.00000E+00  0.83470E-03  0.88272E-03  0.87632E-03  0.75322E-04  0.17764E-04 -0.16569E-03       9  0.88305E-03  0.00000E+00  0.00000E+00 -0.25727E-03 -0.28052E-04 -0.28904E-03 -0.93450E-05  0.40364E-05  0.29583E-04
        0.2858  0.00000E+00  0.00000E+00  0.00000E+00  0.00000E+00  0.00000E+00  0.00000E+00  0.83406E-03  0.88270E-03  0.87624E-03  0.75320E-04  0.21530E-04 -0.24958E-03      10  0.88305E-03  0.00000E+00  0.00000E+00 -0.32572E-03 -0.44338E-04 -0.50591E-03 -0.34641E-04 -0.11609E-03  0.23779E-04
        0.3358  0.00000E+00  0.00000E+00  0.00000E+00  0.00000E+00  0.00000E+00  0.00000E+00  0.83356E-03  0.88269E-03  0.87619E-03  0.75318E-04  0.25295E-04 -0.34647E-03      11  0.88304E-03  0.00000E+00  0.00000E+00 -0.38232E-03 -0.63454E-04 -0.74607E-03 -0.71944E-04 -0.26013E-03  0.10772E-04
        0.3858  0.00000E+00  0.00000E+00  0.00000E+00  0.00000E+00  0.00000E+00  0.00000E+00  0.83313E-03  0.88269E-03  0.87615E-03  0.75319E-04  0.29061E-04 -0.44900E-03      12  0.88304E-03  0.00000E+00  0.00000E+00 -0.42584E-03 -0.84746E-04 -0.98867E-03 -0.12138E-03 -0.41197E-03 -0.98258E-05
        0.4358  0.00000E+00  0.00000E+00  0.00000E+00  0.00000E+00  0.00000E+00  0.00000E+00  0.83293E-03  0.88270E-03  0.87614E-03  0.75319E-04  0.32827E-04 -0.55427E-03      13  0.88304E-03  0.00000E+00  0.00000E+00 -0.46032E-03 -0.10776E-03 -0.12093E-02 -0.18184E-03 -0.56223E-03 -0.37937E-04
        0.4858  0.00000E+00  0.00000E+00  0.00000E+00  0.00000E+00  0.00000E+00  0.00000E+00  0.83275E-03  0.88271E-03  0.87615E-03  0.75319E-04  0.36593E-04 -0.65923E-03      14  0.88304E-03  0.00000E+00  0.00000E+00 -0.47127E-03 -0.13133E-03 -0.13922E-02 -0.25145E-03 -0.71084E-03 -0.73479E-04
        0.5358  0.00000E+00  0.00000E+00  0.00000E+00  0.00000E+00  0.00000E+00  0.00000E+00  0.83278E-03  0.88271E-03  0.87619E-03  0.75320E-04  0.40359E-04 -0.76066E-03      15  0.88304E-03  0.00000E+00  0.00000E+00 -0.46985E-03 -0.15482E-03 -0.15131E-02 -0.32711E-03 -0.84346E-03 -0.11565E-03
        0.5858  0.00000E+00  0.00000E+00  0.00000E+00  0.00000E+00  0.00000E+00  0.00000E+00  0.83289E-03  0.88272E-03  0.87627E-03  0.75320E-04  0.44125E-04 -0.85570E-03      16  0.88305E-03  0.00000E+00  0.00000E+00 -0.44599E-03 -0.17712E-03 -0.15625E-02 -0.40523E-03 -0.94706E-03 -0.16300E-03
        0.6358  0.00000E+00  0.00000E+00  0.00000E+00  0.00000E+00  0.00000E+00  0.00000E+00  0.83317E-03  0.88272E-03  0.87639E-03  0.75321E-04  0.47891E-04 -0.94198E-03      17  0.88305E-03  0.00000E+00  0.00000E+00 -0.40952E-03 -0.19759E-03 -0.15405E-02 -0.48226E-03 -0.10141E-02 -0.21371E-03
        0.6858  0.00000E+00  0.00000E+00  0.00000E+00  0.00000E+00  0.00000E+00  0.00000E+00  0.83352E-03  0.88272E-03  0.87655E-03  0.75321E-04  0.51657E-04 -0.10179E-02      18  0.88305E-03  0.00000E+00  0.00000E+00 -0.35605E-03 -0.21540E-03 -0.14534E-02 -0.55493E-03 -0.10407E-02 -0.26574E-03
        0.7358  0.00000E+00  0.00000E+00  0.00000E+00  0.00000E+00  0.00000E+00  0.00000E+00  0.83399E-03  0.88272E-03  0.87676E-03  0.75321E-04  0.55423E-04 -0.10828E-02      19  0.88305E-03  0.00000E+00  0.00000E+00 -0.29434E-03 -0.23011E-03 -0.13155E-02 -0.62070E-03 -0.10300E-02 -0.31724E-03
        0.7858  0.00000E+00  0.00000E+00  0.00000E+00  0.00000E+00  0.00000E+00  0.00000E+00  0.83457E-03  0.88271E-03  0.87702E-03  0.75320E-04  0.59189E-04 -0.11353E-02      20  0.88306E-03  0.00000E+00  0.00000E+00 -0.21795E-03 -0.24101E-03 -0.11336E-02 -0.67738E-03 -0.98411E-03 -0.36645E-03
        0.8358  0.00000E+00  0.00000E+00  0.00000E+00  0.00000E+00  0.00000E+00  0.00000E+00  0.83519E-03  0.88271E-03  0.87734E-03  0.75320E-04  0.62955E-04 -0.11688E-02      21  0.88306E-03  0.00000E+00  0.00000E+00 -0.14159E-03 -0.24809E-03 -0.93194E-03 -0.72398E-03 -0.89952E-03 -0.41142E-03
        0.8858  0.00000E+00 -0.88972E-05  0.00000E+00 -0.44486E-06  0.00000E+00  0.00000E+00  0.83574E-03  0.88273E-03  0.87974E-03  0.75322E-04  0.66722E-04 -0.11795E-02      22  0.88309E-03  0.00000E+00  0.00000E+00 -0.71539E-04 -0.25167E-03 -0.73245E-03 -0.76060E-03 -0.79278E-03 -0.45106E-03
        0.9358  0.00000E+00 -0.38697E-04  0.00000E+00 -0.23797E-05  0.00000E+00  0.00000E+00  0.83619E-03  0.88272E-03  0.87961E-03  0.75322E-04  0.70488E-04 -0.11752E-02      23  0.88309E-03  0.00000E+00  0.00000E+00 -0.18121E-04 -0.25257E-03 -0.55709E-03 -0.78846E-03 -0.67927E-03 -0.48502E-03
        0.9679  0.00000E+00 -0.73021E-04  0.00000E+00 -0.47226E-05  0.00000E+00  0.00000E+00  0.83630E-03  0.88273E-03  0.87972E-03  0.75323E-04  0.72904E-04 -0.11701E-02      24  0.88309E-03  0.00000E+00  0.00000E+00  0.26344E-05 -0.25249E-03 -0.45994E-03 -0.80322E-03 -0.60787E-03 -0.50453E-03
        1.0000  0.00000E+00 -0.99664E-04  0.00000E+00 -0.79204E-05  0.00000E+00  0.00000E+00  0.83642E-03  0.88272E-03  0.87968E-03  0.75322E-04  0.75321E-04 -0.11644E-02      25  0.88309E-03  0.00000E+00  0.00000E+00  0.23571E-04 -0.25173E-03 -0.38322E-03 -0.81551E-03 -0.54188E-03 -0.52192E-03
end
