 ******* Program HYDRUS
 ******* 
 Welcome to HYDRUS-1D                                                    
 Date:  28. 3.2022    Time:   8:56:23
 Units: L = cm   , T = days , M = mg   

----------------------------------------------------------
 Time       [T]        0.0000
----------------------------------------------------------
 Sub-region num.                     1
----------------------------------------------------------
 Length   [L]        0.30000E+03  0.30000E+03
 W-volume [L]        0.10193E+03  0.10193E+03
 In-flow  [L/T]      0.00000E+00  0.00000E+00
 h Mean   [L]       -0.65334E+02 -0.65334E+02
 ConcVol  [M/L2] 1   0.90703E-01  0.90703E-01
 cMean    [M/L3] 1   0.89110E-03  0.89110E-03
 SorbVolIm[M/L2] 1   0.46517E+02  0.46517E+02
 sMeanIm  [-]    1   0.10694E+00  0.10694E+00
 Top Flux [L/T]      0.27894E-01
 Bot Flux [L/T]      0.86877E-01
----------------------------------------------------------

----------------------------------------------------------
 Time       [T]        1.0000
----------------------------------------------------------
 Sub-region num.                     1
----------------------------------------------------------
 Length   [L]        0.30000E+03  0.30000E+03
 W-volume [L]        0.10646E+03  0.10646E+03
 In-flow  [L/T]     -0.48966E+01 -0.48966E+01
 h Mean   [L]       -0.31007E+02 -0.31007E+02
 ConcVol  [M/L2] 1   0.94791E-01  0.94791E-01
 cMean    [M/L3] 1   0.89105E-03  0.89105E-03
 SorbVolIm[M/L2] 1   0.46512E+02  0.46512E+02
 sMeanIm  [-]    1   0.10692E+00  0.10692E+00
 Top Flux [L/T]     -0.77517E-01
 Bot Flux [L/T]     -0.48384E+01
 WatBalT  [L]       -0.35763E-04
 WatBalR  [%]              0.000
 CncBalT  [M]    1   0.14114E-03
 CncBalR  [%]    1         3.451
----------------------------------------------------------
 
 Calculation time [sec]  9.999990463256836E-003
