 ******* Program HYDRUS
 ******* 
 Welcome to HYDRUS-1D                                                    
 Date:   3. 3.2022    Time:  23: 2:35
 Units: L = cm   , T = days , M = mg   

----------------------------------------------------------
 Time       [T]        0.0000
----------------------------------------------------------
 Sub-region num.                     1
----------------------------------------------------------
 Length   [L]        0.30000E+03  0.30000E+03
 W-volume [L]        0.10206E+03  0.10206E+03
 In-flow  [L/T]      0.00000E+00  0.00000E+00
 h Mean   [L]       -0.62008E+02 -0.62008E+02
 ConcVol  [M/L2] 1   0.25996E+00  0.25996E+00
 cMean    [M/L3] 1   0.25515E-02  0.25515E-02
 SorbVolIm[M/L2] 1   0.44397E+02  0.44397E+02
 sMeanIm  [-]    1   0.10206E+00  0.10206E+00
 Top Flux [L/T]      0.29406E-01
 Bot Flux [L/T]      0.36221E+00
----------------------------------------------------------

----------------------------------------------------------
 Time       [T]        1.0000
----------------------------------------------------------
 Sub-region num.                     1
----------------------------------------------------------
 Length   [L]        0.30000E+03  0.30000E+03
 W-volume [L]        0.10186E+03  0.10186E+03
 In-flow  [L/T]      0.22104E+00  0.22104E+00
 h Mean   [L]       -0.64702E+02 -0.64702E+02
 ConcVol  [M/L2] 1   0.25947E+00  0.25947E+00
 cMean    [M/L3] 1   0.25516E-02  0.25516E-02
 SorbVolIm[M/L2] 1   0.44397E+02  0.44397E+02
 sMeanIm  [-]    1   0.10206E+00  0.10206E+00
 Top Flux [L/T]      0.20505E-01
 Bot Flux [L/T]      0.30981E+00
 WatBalT  [L]       -0.59605E-06
 WatBalR  [%]              0.000
 CncBalT  [M]    1   0.12970E-03
 CncBalR  [%]    1        21.887
----------------------------------------------------------
 
 Calculation time [sec]  9.999990463256836E-003
