 All solute fluxes and cumulative solute fluxes are positive into the region

       Time         cvTop        cvBot      Sum(cvTop)   Sum(cvBot)     cvCh0        cvCh1         cTop        cRoot         cBot        cvRoot    Sum(cvRoot)  Sum(cvNEql) TLevel      cGWL        cRunOff   Sum(cRunOff)    (cv(i),    Sum(cv(i)), i=1,NObs)
        [T]        [M/L2/T]     [M/L2/T]      [M/L2]       [M/L2]       [M/L2]      [M/L2]        [M/L3]      [M/L3]        [M/L3]      [M/L2/T]      [M/L2]       [M/L2]              [M/L3]        [M/L2]      [M/L3]      [M/L2/T]      [M/L2]
        0.0100  0.00000E+00 -0.49217E-03  0.00000E+00 -0.49217E-05  0.00000E+00  0.00000E+00  0.86131E-03  0.88311E-03  0.88158E-03  0.26846E-04  0.26846E-06 -0.11994E-05       1  0.88321E-03  0.00000E+00  0.00000E+00  0.31823E-04  0.31823E-06  0.76123E-04  0.76123E-06  0.80136E-04  0.80136E-06
        0.0200  0.00000E+00 -0.78515E-03  0.00000E+00 -0.12773E-04  0.00000E+00  0.00000E+00  0.86108E-03  0.88310E-03  0.88162E-03  0.26845E-04  0.53692E-06  0.19217E-05       2  0.88320E-03  0.00000E+00  0.00000E+00  0.19891E-04  0.51714E-06  0.72703E-04  0.14883E-05  0.77570E-04  0.15771E-05
        0.0330  0.00000E+00 -0.66798E-03  0.00000E+00 -0.21457E-04  0.00000E+00  0.00000E+00  0.86089E-03  0.88310E-03  0.88159E-03  0.26846E-04  0.88591E-06  0.13726E-05       3  0.88320E-03  0.00000E+00  0.00000E+00 -0.32594E-05  0.47477E-06  0.66680E-04  0.23551E-05  0.73755E-04  0.25359E-05
        0.0499  0.00000E+00 -0.57053E-03  0.00000E+00 -0.31099E-04  0.00000E+00  0.00000E+00  0.86051E-03  0.88310E-03  0.88158E-03  0.26846E-04  0.13396E-05  0.11910E-05       4  0.88320E-03  0.00000E+00  0.00000E+00 -0.33569E-04 -0.92541E-07  0.56210E-04  0.33050E-05  0.68620E-04  0.36956E-05
        0.0719  0.00000E+00 -0.49593E-03  0.00000E+00 -0.41994E-04  0.00000E+00  0.00000E+00  0.85994E-03  0.88310E-03  0.88158E-03  0.26846E-04  0.19294E-05 -0.10455E-05       5  0.88320E-03  0.00000E+00  0.00000E+00 -0.87339E-04 -0.20114E-05  0.35033E-04  0.40747E-05  0.60013E-04  0.50140E-05
        0.1004  0.00000E+00 -0.43015E-03  0.00000E+00 -0.54280E-04  0.00000E+00  0.00000E+00  0.85897E-03  0.88310E-03  0.88157E-03  0.26845E-04  0.26961E-05 -0.79327E-05       6  0.88320E-03  0.00000E+00  0.00000E+00 -0.17344E-03 -0.69650E-05 -0.92048E-05  0.38118E-05  0.43065E-04  0.62440E-05
        0.1376  0.00000E+00 -0.37241E-03  0.00000E+00 -0.68107E-04  0.00000E+00  0.00000E+00  0.85759E-03  0.88309E-03  0.88156E-03  0.26845E-04  0.36929E-05 -0.26385E-04       7  0.88320E-03  0.00000E+00  0.00000E+00 -0.29933E-03 -0.18079E-04 -0.10097E-03  0.62837E-07  0.57849E-05  0.64588E-05
        0.1858  0.00000E+00 -0.31970E-03  0.00000E+00 -0.83539E-04  0.00000E+00  0.00000E+00  0.85580E-03  0.88308E-03  0.88156E-03  0.26845E-04  0.49886E-05 -0.70425E-04       8  0.88320E-03  0.00000E+00  0.00000E+00 -0.46676E-03 -0.40609E-04 -0.28392E-03 -0.13641E-04 -0.77561E-04  0.27151E-05
        0.2358  0.00000E+00 -0.27526E-03  0.00000E+00 -0.97302E-04  0.00000E+00  0.00000E+00  0.85415E-03  0.88305E-03  0.88155E-03  0.26844E-04  0.63308E-05 -0.14096E-03       9  0.88320E-03  0.00000E+00  0.00000E+00 -0.63075E-03 -0.72146E-04 -0.54650E-03 -0.40966E-04 -0.20616E-03 -0.75928E-05
        0.2858  0.00000E+00 -0.24165E-03  0.00000E+00 -0.10938E-03  0.00000E+00  0.00000E+00  0.85282E-03  0.88304E-03  0.88155E-03  0.26843E-04  0.76730E-05 -0.23498E-03      10  0.88320E-03  0.00000E+00  0.00000E+00 -0.76419E-03 -0.11036E-03 -0.84943E-03 -0.83438E-04 -0.37498E-03 -0.26342E-04
        0.3358  0.00000E+00 -0.21694E-03  0.00000E+00 -0.12023E-03  0.00000E+00  0.00000E+00  0.85188E-03  0.88302E-03  0.88155E-03  0.26843E-04  0.90151E-05 -0.34765E-03      11  0.88320E-03  0.00000E+00  0.00000E+00 -0.86638E-03 -0.15367E-03 -0.11621E-02 -0.14154E-03 -0.57652E-03 -0.55168E-04
        0.3858  0.00000E+00 -0.19999E-03  0.00000E+00 -0.13023E-03  0.00000E+00  0.00000E+00  0.85106E-03  0.88302E-03  0.88155E-03  0.26843E-04  0.10357E-04 -0.47396E-03      12  0.88320E-03  0.00000E+00  0.00000E+00 -0.94011E-03 -0.20068E-03 -0.14789E-02 -0.21549E-03 -0.80001E-03 -0.95168E-04
        0.4358  0.00000E+00 -0.19049E-03  0.00000E+00 -0.13976E-03  0.00000E+00  0.00000E+00  0.85053E-03  0.88302E-03  0.88155E-03  0.26843E-04  0.11699E-04 -0.60967E-03      13  0.88320E-03  0.00000E+00  0.00000E+00 -0.98996E-03 -0.25018E-03 -0.17598E-02 -0.30348E-03 -0.10300E-02 -0.14667E-03
        0.4858  0.00000E+00 -0.18874E-03  0.00000E+00 -0.14919E-03  0.00000E+00  0.00000E+00  0.85019E-03  0.88303E-03  0.88155E-03  0.26843E-04  0.13041E-04 -0.74923E-03      14  0.88320E-03  0.00000E+00  0.00000E+00 -0.10066E-02 -0.30051E-03 -0.19824E-02 -0.40259E-03 -0.12478E-02 -0.20906E-03
        0.5358  0.00000E+00 -0.19546E-03  0.00000E+00 -0.15897E-03  0.00000E+00  0.00000E+00  0.85013E-03  0.88304E-03  0.88155E-03  0.26843E-04  0.14384E-04 -0.88704E-03      15  0.88320E-03  0.00000E+00  0.00000E+00 -0.99432E-03 -0.35022E-03 -0.21243E-02 -0.50881E-03 -0.14345E-02 -0.28078E-03
        0.5858  0.00000E+00 -0.21125E-03  0.00000E+00 -0.16953E-03  0.00000E+00  0.00000E+00  0.85029E-03  0.88305E-03  0.88155E-03  0.26843E-04  0.15726E-04 -0.10173E-02      16  0.88320E-03  0.00000E+00  0.00000E+00 -0.95128E-03 -0.39779E-03 -0.21752E-02 -0.61757E-03 -0.15756E-02 -0.35956E-03
        0.6358  0.00000E+00 -0.23648E-03  0.00000E+00 -0.18135E-03  0.00000E+00  0.00000E+00  0.85072E-03  0.88305E-03  0.88156E-03  0.26843E-04  0.17068E-04 -0.11354E-02      17  0.88320E-03  0.00000E+00  0.00000E+00 -0.87992E-03 -0.44178E-03 -0.21423E-02 -0.72468E-03 -0.16679E-02 -0.44296E-03
        0.6858  0.00000E+00 -0.27108E-03  0.00000E+00 -0.19491E-03  0.00000E+00  0.00000E+00  0.85130E-03  0.88306E-03  0.88157E-03  0.26843E-04  0.18410E-04 -0.12374E-02      18  0.88320E-03  0.00000E+00  0.00000E+00 -0.78355E-03 -0.48096E-03 -0.20445E-02 -0.82691E-03 -0.16937E-02 -0.52765E-03
        0.7358  0.00000E+00 -0.31444E-03  0.00000E+00 -0.21063E-03  0.00000E+00  0.00000E+00  0.85210E-03  0.88306E-03  0.88157E-03  0.26843E-04  0.19752E-04 -0.13213E-02      19  0.88320E-03  0.00000E+00  0.00000E+00 -0.66780E-03 -0.51435E-03 -0.18647E-02 -0.92014E-03 -0.16600E-02 -0.61065E-03
        0.7858  0.00000E+00 -0.36531E-03  0.00000E+00 -0.22889E-03  0.00000E+00  0.00000E+00  0.85327E-03  0.88306E-03  0.88158E-03  0.26843E-04  0.21094E-04 -0.13824E-02      20  0.88320E-03  0.00000E+00  0.00000E+00 -0.50959E-03 -0.53983E-03 -0.16055E-02 -0.10004E-02 -0.15606E-02 -0.68868E-03
        0.8358  0.00000E+00 -0.42163E-03  0.00000E+00 -0.24997E-03  0.00000E+00  0.00000E+00  0.85458E-03  0.88308E-03  0.88159E-03  0.26844E-04  0.22437E-04 -0.14193E-02      21  0.88320E-03  0.00000E+00  0.00000E+00 -0.34405E-03 -0.55703E-03 -0.13049E-02 -0.10657E-02 -0.14051E-02 -0.75893E-03
        0.8858  0.00000E+00 -0.48098E-03  0.00000E+00 -0.27402E-03  0.00000E+00  0.00000E+00  0.85590E-03  0.88308E-03  0.88160E-03  0.26844E-04  0.23779E-04 -0.14361E-02      22  0.88320E-03  0.00000E+00  0.00000E+00 -0.18374E-03 -0.56622E-03 -0.10135E-02 -0.11163E-02 -0.12207E-02 -0.81997E-03
        0.9358  0.00000E+00 -0.54033E-03  0.00000E+00 -0.30104E-03  0.00000E+00  0.00000E+00  0.85708E-03  0.88308E-03  0.88161E-03  0.26844E-04  0.25121E-04 -0.14389E-02      23  0.88320E-03  0.00000E+00  0.00000E+00 -0.52912E-04 -0.56887E-03 -0.76497E-03 -0.11546E-02 -0.10346E-02 -0.87169E-03
        0.9679  0.00000E+00 -0.58769E-03  0.00000E+00 -0.31990E-03  0.00000E+00  0.00000E+00  0.85760E-03  0.88308E-03  0.88162E-03  0.26844E-04  0.25982E-04 -0.14374E-02      24  0.88320E-03  0.00000E+00  0.00000E+00  0.75110E-06 -0.56884E-03 -0.63118E-03 -0.11748E-02 -0.92110E-03 -0.90125E-03
        1.0000  0.00000E+00 -0.62268E-03  0.00000E+00 -0.33988E-03  0.00000E+00  0.00000E+00  0.85792E-03  0.88307E-03  0.88162E-03  0.26844E-04  0.26844E-04 -0.14350E-02      25  0.88320E-03  0.00000E+00  0.00000E+00  0.40745E-04 -0.56754E-03 -0.52946E-03 -0.11918E-02 -0.82029E-03 -0.92757E-03
end
