 ******* Program HYDRUS
 ******* 
 Welcome to HYDRUS-1D                                                    
 Date:  29. 3.2022    Time:  17:25:55
 Units: L = cm   , T = days , M = mg   


 Time:        0.0000


 Node      Depth      Head Moisture       K          C         Flux        Sink         Kappa   v/KsTop   Temp   Conc(1..NS) Sorb(1...NS)
           [L]        [L]    [-]        [L/T]      [1/L]      [L/T]        [1/T]         [-]      [-]      [C]      [M/L*3]

   1     0.0000    -142.398 0.3106   0.2611E+01  0.4544E-03 -0.5785E-01  0.0000E+00      -1  -0.133E-02   20.00  0.8653E-03  0.1038E+00
   2    -3.0000    -139.463 0.3119   0.2728E+01  0.4578E-03 -0.1602E+00  0.0000E+00      -1  -0.369E-02   20.00  0.8757E-03  0.1051E+00
   3    -6.0000    -136.746 0.3132   0.2837E+01  0.4609E-03 -0.3608E+00  0.0000E+00      -1  -0.830E-02   20.00  0.8811E-03  0.1057E+00
   4    -9.0000    -134.223 0.3143   0.2937E+01  0.4639E-03 -0.5538E+00  0.6273E-03      -1  -0.127E-01   20.00  0.8827E-03  0.1059E+00
   5   -12.0000    -131.875 0.3154   0.3031E+01  0.4666E-03 -0.7398E+00  0.6275E-03      -1  -0.170E-01   20.00  0.8831E-03  0.1060E+00
   6   -15.0000    -129.686 0.3164   0.3118E+01  0.4691E-03 -0.9189E+00  0.5604E-03      -1  -0.211E-01   20.00  0.8833E-03  0.1060E+00
   7   -18.0000    -127.642 0.3174   0.3199E+01  0.4715E-03 -0.1090E+01  0.4484E-03      -1  -0.251E-01   20.00  0.8833E-03  0.1060E+00
   8   -21.0000    -125.730 0.3183   0.3276E+01  0.4737E-03 -0.1254E+01  0.3363E-03      -1  -0.289E-01   20.00  0.8833E-03  0.1060E+00
   9   -24.0000    -123.939 0.3191   0.3347E+01  0.4757E-03 -0.1411E+01  0.2243E-03      -1  -0.325E-01   20.00  0.8833E-03  0.1060E+00
  10   -27.0000    -122.259 0.3199   0.3414E+01  0.4777E-03 -0.1563E+01  0.1122E-03      -1  -0.360E-01   20.00  0.8833E-03  0.1060E+00
  11   -30.0000    -120.685 0.3206   0.3477E+01  0.4795E-03 -0.1709E+01  0.0000E+00      -1  -0.393E-01   20.00  0.8833E-03  0.1060E+00
  12   -33.0000    -119.202 0.3213   0.3568E+01  0.4807E-03 -0.1852E+01  0.0000E+00      -1  -0.426E-01   20.00  0.8833E-03  0.1060E+00
  13   -36.0000    -117.797 0.3220   0.3661E+01  0.4817E-03 -0.1987E+01  0.0000E+00      -1  -0.457E-01   20.00  0.8833E-03  0.1060E+00
  14   -39.0000    -116.458 0.3227   0.3749E+01  0.4826E-03 -0.2114E+01  0.0000E+00      -1  -0.486E-01   20.00  0.8833E-03  0.1060E+00
  15   -42.0000    -115.180 0.3233   0.3834E+01  0.4835E-03 -0.2234E+01  0.0000E+00      -1  -0.514E-01   20.00  0.8833E-03  0.1060E+00
  16   -45.0000    -113.955 0.3239   0.3915E+01  0.4844E-03 -0.2347E+01  0.0000E+00      -1  -0.540E-01   20.00  0.8834E-03  0.1060E+00
  17   -48.0000    -112.777 0.3245   0.3992E+01  0.4852E-03 -0.2452E+01  0.0000E+00      -1  -0.564E-01   20.00  0.8834E-03  0.1060E+00
  18   -51.0000    -111.641 0.3250   0.4067E+01  0.4860E-03 -0.2551E+01  0.0000E+00      -1  -0.587E-01   20.00  0.8834E-03  0.1060E+00
  19   -54.0000    -110.541 0.3256   0.4140E+01  0.4868E-03 -0.2642E+01  0.0000E+00      -1  -0.608E-01   20.00  0.8834E-03  0.1060E+00
  20   -57.0000    -109.471 0.3261   0.4210E+01  0.4876E-03 -0.2728E+01  0.0000E+00      -1  -0.628E-01   20.00  0.8834E-03  0.1060E+00
  21   -60.0000    -108.428 0.3266   0.4279E+01  0.4883E-03 -0.2806E+01  0.0000E+00      -1  -0.646E-01   20.00  0.8834E-03  0.1060E+00
  22   -63.0000    -107.405 0.3271   0.4347E+01  0.4890E-03 -0.2877E+01  0.0000E+00      -1  -0.662E-01   20.00  0.8834E-03  0.1060E+00
  23   -66.0000    -106.399 0.3276   0.4413E+01  0.4898E-03 -0.2943E+01  0.0000E+00      -1  -0.677E-01   20.00  0.8834E-03  0.1060E+00
  24   -69.0000    -105.406 0.3281   0.4479E+01  0.4905E-03 -0.3001E+01  0.0000E+00      -1  -0.691E-01   20.00  0.8834E-03  0.1060E+00
  25   -72.0000    -104.420 0.3286   0.4544E+01  0.4912E-03 -0.3053E+01  0.0000E+00      -1  -0.703E-01   20.00  0.8834E-03  0.1060E+00
  26   -75.0000    -103.438 0.3290   0.4609E+01  0.4919E-03 -0.3100E+01  0.0000E+00      -1  -0.713E-01   20.00  0.8834E-03  0.1060E+00
  27   -78.0000    -102.456 0.3295   0.4673E+01  0.4926E-03 -0.3141E+01  0.0000E+00      -1  -0.723E-01   20.00  0.8834E-03  0.1060E+00
  28   -81.0000    -101.471 0.3300   0.4738E+01  0.4933E-03 -0.3177E+01  0.0000E+00      -1  -0.731E-01   20.00  0.8834E-03  0.1060E+00
  29   -84.0000    -100.479 0.3305   0.4804E+01  0.4940E-03 -0.3207E+01  0.0000E+00      -1  -0.738E-01   20.00  0.8834E-03  0.1060E+00
  30   -87.0000     -99.477 0.3310   0.4870E+01  0.4947E-03 -0.3233E+01  0.0000E+00      -1  -0.744E-01   20.00  0.8834E-03  0.1060E+00
  31   -90.0000     -98.462 0.3315   0.4937E+01  0.4954E-03 -0.3253E+01  0.0000E+00      -1  -0.749E-01   20.00  0.8834E-03  0.1060E+00
  32   -93.0000     -97.431 0.3320   0.5005E+01  0.4961E-03 -0.3269E+01  0.0000E+00      -1  -0.752E-01   20.00  0.8834E-03  0.1060E+00
  33   -96.0000     -96.381 0.3325   0.5074E+01  0.4969E-03 -0.3280E+01  0.0000E+00      -1  -0.755E-01   20.00  0.8834E-03  0.1060E+00
  34   -99.0000     -95.308 0.3330   0.5150E+01  0.4975E-03 -0.3287E+01  0.0000E+00      -1  -0.756E-01   20.00  0.8834E-03  0.1060E+00
  35  -102.0000     -94.204 0.3336   0.5262E+01  0.4975E-03 -0.3290E+01  0.0000E+00      -1  -0.757E-01   20.00  0.8834E-03  0.1060E+00
  36  -105.0000     -93.059 0.3342   0.5379E+01  0.4974E-03 -0.3289E+01  0.0000E+00      -1  -0.757E-01   20.00  0.8834E-03  0.1060E+00
  37  -108.0000     -91.873 0.3347   0.5499E+01  0.4974E-03 -0.3287E+01  0.0000E+00      -1  -0.756E-01   20.00  0.8834E-03  0.1060E+00
  38  -111.0000     -90.645 0.3354   0.5624E+01  0.4973E-03 -0.3280E+01  0.0000E+00      -1  -0.755E-01   20.00  0.8834E-03  0.1060E+00
  39  -114.0000     -89.372 0.3360   0.5753E+01  0.4972E-03 -0.3271E+01  0.0000E+00      -1  -0.753E-01   20.00  0.8834E-03  0.1060E+00
  40  -117.0000     -88.056 0.3366   0.5887E+01  0.4972E-03 -0.3260E+01  0.0000E+00      -1  -0.750E-01   20.00  0.8834E-03  0.1060E+00
  41  -120.0000     -86.694 0.3373   0.6025E+01  0.4971E-03 -0.3244E+01  0.0000E+00      -1  -0.746E-01   20.00  0.8834E-03  0.1060E+00
  42  -123.0000     -85.286 0.3380   0.6168E+01  0.4971E-03 -0.3228E+01  0.0000E+00      -1  -0.743E-01   20.00  0.8834E-03  0.1060E+00
  43  -126.0000     -83.834 0.3388   0.6316E+01  0.4970E-03 -0.3211E+01  0.0000E+00      -1  -0.739E-01   20.00  0.8834E-03  0.1060E+00
  44  -129.0000     -82.336 0.3395   0.6468E+01  0.4969E-03 -0.3191E+01  0.0000E+00      -1  -0.734E-01   20.00  0.8834E-03  0.1060E+00
  45  -132.0000     -80.794 0.3403   0.6625E+01  0.4969E-03 -0.3170E+01  0.0000E+00      -1  -0.729E-01   20.00  0.8834E-03  0.1060E+00
  46  -135.0000     -79.207 0.3411   0.6786E+01  0.4968E-03 -0.3148E+01  0.0000E+00      -1  -0.724E-01   20.00  0.8834E-03  0.1060E+00
  47  -138.0000     -77.577 0.3419   0.6952E+01  0.4967E-03 -0.3126E+01  0.0000E+00      -1  -0.719E-01   20.00  0.8834E-03  0.1060E+00
  48  -141.0000     -75.905 0.3427   0.7122E+01  0.4966E-03 -0.3102E+01  0.0000E+00      -1  -0.714E-01   20.00  0.8834E-03  0.1060E+00
  49  -144.0000     -74.185 0.3436   0.7362E+01  0.4951E-03 -0.3077E+01  0.0000E+00      -1  -0.708E-01   20.00  0.8834E-03  0.1060E+00
  50  -147.0000     -72.412 0.3444   0.7622E+01  0.4932E-03 -0.3052E+01  0.0000E+00      -1  -0.702E-01   20.00  0.8834E-03  0.1060E+00
  51  -150.0000     -70.588 0.3453   0.7890E+01  0.4913E-03 -0.3028E+01  0.0000E+00      -1  -0.697E-01   20.00  0.8834E-03  0.1060E+00
  52  -153.0000     -68.715 0.3462   0.8165E+01  0.4893E-03 -0.3004E+01  0.0000E+00      -1  -0.691E-01   20.00  0.8834E-03  0.1060E+00
  53  -156.0000     -66.796 0.3472   0.8447E+01  0.4873E-03 -0.2980E+01  0.0000E+00      -1  -0.686E-01   20.00  0.8834E-03  0.1060E+00
  54  -159.0000     -64.832 0.3481   0.8735E+01  0.4852E-03 -0.2956E+01  0.0000E+00      -1  -0.680E-01   20.00  0.8834E-03  0.1060E+00
  55  -162.0000     -62.827 0.3491   0.9029E+01  0.4831E-03 -0.2932E+01  0.0000E+00      -1  -0.675E-01   20.00  0.8834E-03  0.1060E+00
  56  -165.0000     -60.781 0.3501   0.9329E+01  0.4809E-03 -0.2907E+01  0.0000E+00      -1  -0.669E-01   20.00  0.8834E-03  0.1060E+00
  57  -168.0000     -58.694 0.3511   0.9703E+01  0.4772E-03 -0.2884E+01  0.0000E+00      -1  -0.664E-01   20.00  0.8834E-03  0.1060E+00
  58  -171.0000     -56.563 0.3521   0.1013E+02  0.4725E-03 -0.2864E+01  0.0000E+00      -1  -0.659E-01   20.00  0.8834E-03  0.1060E+00
  59  -174.0000     -54.391 0.3531   0.1057E+02  0.4676E-03 -0.2843E+01  0.0000E+00      -1  -0.654E-01   20.00  0.8834E-03  0.1060E+00
  60  -177.0000     -52.178 0.3542   0.1101E+02  0.4627E-03 -0.2821E+01  0.0000E+00      -1  -0.649E-01   20.00  0.8834E-03  0.1060E+00
  61  -180.0000     -49.929 0.3552   0.1146E+02  0.4576E-03 -0.2803E+01  0.0000E+00      -1  -0.645E-01   20.00  0.8834E-03  0.1060E+00
  62  -183.0000     -47.646 0.3563   0.1192E+02  0.4525E-03 -0.2784E+01  0.0000E+00      -1  -0.641E-01   20.00  0.8833E-03  0.1060E+00
  63  -186.0000     -45.327 0.3573   0.1252E+02  0.4445E-03 -0.2764E+01  0.0000E+00      -1  -0.636E-01   20.00  0.8834E-03  0.1060E+00
  64  -189.0000     -42.971 0.3583   0.1314E+02  0.4362E-03 -0.2747E+01  0.0000E+00      -1  -0.632E-01   20.00  0.8833E-03  0.1060E+00
  65  -192.0000     -40.582 0.3594   0.1376E+02  0.4278E-03 -0.2733E+01  0.0000E+00      -1  -0.629E-01   20.00  0.8833E-03  0.1060E+00
  66  -195.0000     -38.163 0.3604   0.1440E+02  0.4193E-03 -0.2719E+01  0.0000E+00      -1  -0.626E-01   20.00  0.8833E-03  0.1060E+00
  67  -198.0000     -35.713 0.3614   0.1517E+02  0.4082E-03 -0.2703E+01  0.0000E+00      -1  -0.622E-01   20.00  0.8833E-03  0.1060E+00
  68  -201.0000     -33.232 0.3624   0.1599E+02  0.3962E-03 -0.2691E+01  0.0000E+00      -1  -0.619E-01   20.00  0.8833E-03  0.1060E+00
  69  -204.0000     -30.723 0.3634   0.1683E+02  0.3841E-03 -0.2678E+01  0.0000E+00      -1  -0.616E-01   20.00  0.8833E-03  0.1060E+00
  70  -207.0000     -28.186 0.3644   0.1779E+02  0.3696E-03 -0.2669E+01  0.0000E+00      -1  -0.614E-01   20.00  0.8833E-03  0.1060E+00
  71  -210.0000     -25.623 0.3653   0.1883E+02  0.3538E-03 -0.2658E+01  0.0000E+00      -1  -0.612E-01   20.00  0.8833E-03  0.1060E+00
  72  -213.0000     -23.033 0.3662   0.1993E+02  0.3371E-03 -0.2647E+01  0.0000E+00      -1  -0.609E-01   20.00  0.8833E-03  0.1060E+00
  73  -216.0000     -20.419 0.3670   0.2120E+02  0.3175E-03 -0.2644E+01  0.0000E+00      -1  -0.608E-01   20.00  0.8833E-03  0.1060E+00
  74  -219.0000     -17.781 0.3679   0.2257E+02  0.2964E-03 -0.2635E+01  0.0000E+00      -1  -0.606E-01   20.00  0.8833E-03  0.1060E+00
  75  -222.0000     -15.119 0.3686   0.2410E+02  0.2729E-03 -0.2627E+01  0.0000E+00      -1  -0.604E-01   20.00  0.8833E-03  0.1060E+00
  76  -225.0000     -12.434 0.3693   0.2588E+02  0.2459E-03 -0.2621E+01  0.0000E+00      -1  -0.603E-01   20.00  0.8833E-03  0.1060E+00
  77  -228.0000      -9.726 0.3700   0.2791E+02  0.2154E-03 -0.2619E+01  0.0000E+00      -1  -0.603E-01   20.00  0.8833E-03  0.1060E+00
  78  -231.0000      -6.996 0.3705   0.3033E+02  0.1795E-03 -0.2616E+01  0.0000E+00      -1  -0.602E-01   20.00  0.8833E-03  0.1060E+00
  79  -234.0000      -4.242 0.3709   0.3337E+02  0.1355E-03 -0.2611E+01  0.0000E+00      -1  -0.601E-01   20.00  0.8833E-03  0.1060E+00
  80  -237.0000      -1.462 0.3712   0.3780E+02  0.7409E-04 -0.2605E+01  0.0000E+00      -1  -0.599E-01   20.00  0.8833E-03  0.1060E+00
  81  -240.0000       1.346 0.3713   0.4346E+02  0.0000E+00 -0.2604E+01  0.0000E+00      -1  -0.599E-01   20.00  0.8833E-03  0.1060E+00
  82  -243.0000       4.166 0.3713   0.4346E+02  0.0000E+00 -0.2615E+01  0.0000E+00      -1  -0.602E-01   20.00  0.8833E-03  0.1060E+00
  83  -246.0000       6.985 0.3713   0.4346E+02  0.0000E+00 -0.2615E+01  0.0000E+00      -1  -0.602E-01   20.00  0.8833E-03  0.1060E+00
  84  -249.0000       9.805 0.3713   0.4346E+02  0.0000E+00 -0.2608E+01  0.0000E+00      -1  -0.600E-01   20.00  0.8833E-03  0.1060E+00
  85  -252.0000      12.625 0.3713   0.4346E+02  0.0000E+00 -0.2608E+01  0.0000E+00      -1  -0.600E-01   20.00  0.8833E-03  0.1060E+00
  86  -255.0000      15.445 0.3713   0.4346E+02  0.0000E+00 -0.2608E+01  0.0000E+00      -1  -0.600E-01   20.00  0.8833E-03  0.1060E+00
  87  -258.0000      18.265 0.3713   0.4346E+02  0.0000E+00 -0.2608E+01  0.0000E+00      -1  -0.600E-01   20.00  0.8833E-03  0.1060E+00
  88  -261.0000      21.085 0.3713   0.4346E+02  0.0000E+00 -0.2608E+01  0.0000E+00      -1  -0.600E-01   20.00  0.8833E-03  0.1060E+00
  89  -264.0000      23.905 0.3713   0.4346E+02  0.0000E+00 -0.2608E+01  0.0000E+00      -1  -0.600E-01   20.00  0.8833E-03  0.1060E+00
  90  -267.0000      26.725 0.3713   0.4346E+02  0.0000E+00 -0.2615E+01  0.0000E+00      -1  -0.602E-01   20.00  0.8833E-03  0.1060E+00
  91  -270.0000      29.544 0.3713   0.4346E+02  0.0000E+00 -0.2615E+01  0.0000E+00      -1  -0.602E-01   20.00  0.8833E-03  0.1060E+00
  92  -273.0000      32.364 0.3713   0.4346E+02  0.0000E+00 -0.2608E+01  0.0000E+00      -1  -0.600E-01   20.00  0.8833E-03  0.1060E+00
  93  -276.0000      35.184 0.3713   0.4346E+02  0.0000E+00 -0.2608E+01  0.0000E+00      -1  -0.600E-01   20.00  0.8833E-03  0.1060E+00
  94  -279.0000      38.004 0.3713   0.4346E+02  0.0000E+00 -0.2608E+01  0.0000E+00      -1  -0.600E-01   20.00  0.8833E-03  0.1060E+00
  95  -282.0000      40.824 0.3713   0.4346E+02  0.0000E+00 -0.2608E+01  0.0000E+00      -1  -0.600E-01   20.00  0.8833E-03  0.1060E+00
  96  -285.0000      43.644 0.3713   0.4346E+02  0.0000E+00 -0.2608E+01  0.0000E+00      -1  -0.600E-01   20.00  0.8833E-03  0.1060E+00
  97  -288.0000      46.464 0.3713   0.4346E+02  0.0000E+00 -0.2608E+01  0.0000E+00      -1  -0.600E-01   20.00  0.8833E-03  0.1060E+00
  98  -291.0000      49.284 0.3713   0.4346E+02  0.0000E+00 -0.2608E+01  0.0000E+00      -1  -0.600E-01   20.00  0.8831E-03  0.1060E+00
  99  -294.0000      52.104 0.3713   0.4346E+02  0.0000E+00 -0.2615E+01  0.0000E+00      -1  -0.602E-01   20.00  0.8825E-03  0.1059E+00
 100  -297.0000      54.923 0.3713   0.4346E+02  0.0000E+00 -0.2615E+01  0.0000E+00      -1  -0.602E-01   20.00  0.8815E-03  0.1058E+00
 101  -300.0000      57.743 0.3713   0.4346E+02  0.0000E+00 -0.2608E+01  0.0000E+00      -1  -0.600E-01   20.00  0.8815E-03  0.1056E+00
end


 Time:        1.0000


 Node      Depth      Head Moisture       K          C         Flux        Sink         Kappa   v/KsTop   Temp   Conc(1..NS) Sorb(1...NS)
           [L]        [L]    [-]        [L/T]      [1/L]      [L/T]        [1/T]         [-]      [-]      [C]      [M/L*3]

   1     0.0000    -188.587 0.2908   0.1413E+01  0.3957E-03  0.5931E-01  0.0000E+00      -1   0.136E-02   20.00  0.8651E-03  0.1037E+00
   2    -3.0000    -185.527 0.2921   0.1482E+01  0.3996E-03 -0.1276E-02  0.0000E+00      -1  -0.294E-04   20.00  0.8755E-03  0.1051E+00
   3    -6.0000    -182.589 0.2934   0.1547E+01  0.4035E-03 -0.6048E-01  0.0000E+00      -1  -0.139E-02   20.00  0.8808E-03  0.1057E+00
   4    -9.0000    -179.760 0.2945   0.1610E+01  0.4072E-03 -0.1171E+00  0.6232E-03      -1  -0.269E-02   20.00  0.8825E-03  0.1059E+00
   5   -12.0000    -177.024 0.2957   0.1671E+01  0.4107E-03 -0.1710E+00  0.6235E-03      -1  -0.394E-02   20.00  0.8833E-03  0.1060E+00
   6   -15.0000    -174.372 0.2968   0.1730E+01  0.4142E-03 -0.2232E+00  0.5570E-03      -1  -0.513E-02   20.00  0.8833E-03  0.1060E+00
   7   -18.0000    -171.797 0.2979   0.1788E+01  0.4175E-03 -0.2736E+00  0.4458E-03      -1  -0.630E-02   20.00  0.8833E-03  0.1060E+00
   8   -21.0000    -169.290 0.2989   0.1844E+01  0.4208E-03 -0.3224E+00  0.3345E-03      -1  -0.742E-02   20.00  0.8833E-03  0.1060E+00
   9   -24.0000    -166.845 0.2999   0.1898E+01  0.4240E-03 -0.3697E+00  0.2231E-03      -1  -0.851E-02   20.00  0.8833E-03  0.1060E+00
  10   -27.0000    -164.458 0.3009   0.1951E+01  0.4271E-03 -0.4153E+00  0.1116E-03      -1  -0.956E-02   20.00  0.8833E-03  0.1060E+00
  11   -30.0000    -162.122 0.3019   0.2003E+01  0.4301E-03 -0.4595E+00  0.0000E+00      -1  -0.106E-01   20.00  0.8833E-03  0.1060E+00
  12   -33.0000    -159.833 0.3029   0.2054E+01  0.4331E-03 -0.5020E+00  0.0000E+00      -1  -0.116E-01   20.00  0.8833E-03  0.1060E+00
  13   -36.0000    -157.587 0.3038   0.2105E+01  0.4360E-03 -0.5428E+00  0.0000E+00      -1  -0.125E-01   20.00  0.8833E-03  0.1060E+00
  14   -39.0000    -155.380 0.3047   0.2154E+01  0.4389E-03 -0.5820E+00  0.0000E+00      -1  -0.134E-01   20.00  0.8833E-03  0.1060E+00
  15   -42.0000    -153.209 0.3056   0.2202E+01  0.4417E-03 -0.6196E+00  0.0000E+00      -1  -0.143E-01   20.00  0.8833E-03  0.1060E+00
  16   -45.0000    -151.065 0.3066   0.2266E+01  0.4444E-03 -0.6575E+00  0.0000E+00      -1  -0.151E-01   20.00  0.8833E-03  0.1060E+00
  17   -48.0000    -148.945 0.3075   0.2351E+01  0.4468E-03 -0.6960E+00  0.0000E+00      -1  -0.160E-01   20.00  0.8833E-03  0.1060E+00
  18   -51.0000    -146.841 0.3085   0.2435E+01  0.4493E-03 -0.7330E+00  0.0000E+00      -1  -0.169E-01   20.00  0.8833E-03  0.1060E+00
  19   -54.0000    -144.752 0.3095   0.2518E+01  0.4517E-03 -0.7688E+00  0.0000E+00      -1  -0.177E-01   20.00  0.8833E-03  0.1060E+00
  20   -57.0000    -142.673 0.3104   0.2601E+01  0.4541E-03 -0.8033E+00  0.0000E+00      -1  -0.185E-01   20.00  0.8833E-03  0.1060E+00
  21   -60.0000    -140.605 0.3114   0.2683E+01  0.4565E-03 -0.8366E+00  0.0000E+00      -1  -0.192E-01   20.00  0.8833E-03  0.1060E+00
  22   -63.0000    -138.544 0.3123   0.2765E+01  0.4589E-03 -0.8688E+00  0.0000E+00      -1  -0.200E-01   20.00  0.8833E-03  0.1060E+00
  23   -66.0000    -136.490 0.3133   0.2847E+01  0.4612E-03 -0.8999E+00  0.0000E+00      -1  -0.207E-01   20.00  0.8833E-03  0.1060E+00
  24   -69.0000    -134.441 0.3142   0.2929E+01  0.4636E-03 -0.9300E+00  0.0000E+00      -1  -0.214E-01   20.00  0.8833E-03  0.1060E+00
  25   -72.0000    -132.395 0.3152   0.3010E+01  0.4660E-03 -0.9590E+00  0.0000E+00      -1  -0.221E-01   20.00  0.8833E-03  0.1060E+00
  26   -75.0000    -130.352 0.3161   0.3092E+01  0.4683E-03 -0.9871E+00  0.0000E+00      -1  -0.227E-01   20.00  0.8833E-03  0.1060E+00
  27   -78.0000    -128.311 0.3171   0.3173E+01  0.4707E-03 -0.1014E+01  0.0000E+00      -1  -0.233E-01   20.00  0.8833E-03  0.1060E+00
  28   -81.0000    -126.270 0.3180   0.3254E+01  0.4731E-03 -0.1040E+01  0.0000E+00      -1  -0.239E-01   20.00  0.8833E-03  0.1060E+00
  29   -84.0000    -124.229 0.3190   0.3336E+01  0.4754E-03 -0.1066E+01  0.0000E+00      -1  -0.245E-01   20.00  0.8833E-03  0.1060E+00
  30   -87.0000    -122.187 0.3199   0.3417E+01  0.4778E-03 -0.1090E+01  0.0000E+00      -1  -0.251E-01   20.00  0.8833E-03  0.1060E+00
  31   -90.0000    -120.142 0.3209   0.3506E+01  0.4800E-03 -0.1114E+01  0.0000E+00      -1  -0.256E-01   20.00  0.8833E-03  0.1060E+00
  32   -93.0000    -118.088 0.3219   0.3642E+01  0.4815E-03 -0.1138E+01  0.0000E+00      -1  -0.262E-01   20.00  0.8833E-03  0.1060E+00
  33   -96.0000    -116.018 0.3229   0.3779E+01  0.4829E-03 -0.1162E+01  0.0000E+00      -1  -0.267E-01   20.00  0.8833E-03  0.1060E+00
  34   -99.0000    -113.933 0.3239   0.3916E+01  0.4844E-03 -0.1184E+01  0.0000E+00      -1  -0.273E-01   20.00  0.8833E-03  0.1060E+00
  35  -102.0000    -111.833 0.3249   0.4055E+01  0.4859E-03 -0.1206E+01  0.0000E+00      -1  -0.278E-01   20.00  0.8833E-03  0.1060E+00
  36  -105.0000    -109.718 0.3260   0.4194E+01  0.4874E-03 -0.1228E+01  0.0000E+00      -1  -0.282E-01   20.00  0.8833E-03  0.1060E+00
  37  -108.0000    -107.589 0.3270   0.4335E+01  0.4889E-03 -0.1248E+01  0.0000E+00      -1  -0.287E-01   20.00  0.8833E-03  0.1060E+00
  38  -111.0000    -105.446 0.3281   0.4476E+01  0.4904E-03 -0.1268E+01  0.0000E+00      -1  -0.292E-01   20.00  0.8833E-03  0.1060E+00
  39  -114.0000    -103.289 0.3291   0.4618E+01  0.4920E-03 -0.1287E+01  0.0000E+00      -1  -0.296E-01   20.00  0.8833E-03  0.1060E+00
  40  -117.0000    -101.118 0.3302   0.4761E+01  0.4935E-03 -0.1306E+01  0.0000E+00      -1  -0.300E-01   20.00  0.8833E-03  0.1060E+00
  41  -120.0000     -98.934 0.3313   0.4906E+01  0.4950E-03 -0.1323E+01  0.0000E+00      -1  -0.305E-01   20.00  0.8833E-03  0.1060E+00
  42  -123.0000     -96.737 0.3323   0.5051E+01  0.4966E-03 -0.1340E+01  0.0000E+00      -1  -0.308E-01   20.00  0.8833E-03  0.1060E+00
  43  -126.0000     -94.524 0.3334   0.5230E+01  0.4975E-03 -0.1357E+01  0.0000E+00      -1  -0.312E-01   20.00  0.8833E-03  0.1060E+00
  44  -129.0000     -92.291 0.3345   0.5457E+01  0.4974E-03 -0.1373E+01  0.0000E+00      -1  -0.316E-01   20.00  0.8833E-03  0.1060E+00
  45  -132.0000     -90.035 0.3357   0.5686E+01  0.4973E-03 -0.1389E+01  0.0000E+00      -1  -0.319E-01   20.00  0.8833E-03  0.1060E+00
  46  -135.0000     -87.757 0.3368   0.5917E+01  0.4972E-03 -0.1403E+01  0.0000E+00      -1  -0.323E-01   20.00  0.8833E-03  0.1060E+00
  47  -138.0000     -85.458 0.3379   0.6151E+01  0.4971E-03 -0.1418E+01  0.0000E+00      -1  -0.326E-01   20.00  0.8833E-03  0.1060E+00
  48  -141.0000     -83.140 0.3391   0.6386E+01  0.4970E-03 -0.1431E+01  0.0000E+00      -1  -0.329E-01   20.00  0.8833E-03  0.1060E+00
  49  -144.0000     -80.803 0.3403   0.6624E+01  0.4969E-03 -0.1445E+01  0.0000E+00      -1  -0.332E-01   20.00  0.8833E-03  0.1060E+00
  50  -147.0000     -78.449 0.3414   0.6863E+01  0.4967E-03 -0.1457E+01  0.0000E+00      -1  -0.335E-01   20.00  0.8833E-03  0.1060E+00
  51  -150.0000     -76.077 0.3426   0.7104E+01  0.4966E-03 -0.1469E+01  0.0000E+00      -1  -0.338E-01   20.00  0.8833E-03  0.1060E+00
  52  -153.0000     -73.686 0.3438   0.7435E+01  0.4946E-03 -0.1481E+01  0.0000E+00      -1  -0.341E-01   20.00  0.8833E-03  0.1060E+00
  53  -156.0000     -71.272 0.3450   0.7790E+01  0.4920E-03 -0.1491E+01  0.0000E+00      -1  -0.343E-01   20.00  0.8833E-03  0.1060E+00
  54  -159.0000     -68.835 0.3462   0.8147E+01  0.4894E-03 -0.1502E+01  0.0000E+00      -1  -0.346E-01   20.00  0.8833E-03  0.1060E+00
  55  -162.0000     -66.378 0.3474   0.8508E+01  0.4868E-03 -0.1511E+01  0.0000E+00      -1  -0.348E-01   20.00  0.8833E-03  0.1060E+00
  56  -165.0000     -63.901 0.3486   0.8871E+01  0.4842E-03 -0.1521E+01  0.0000E+00      -1  -0.350E-01   20.00  0.8833E-03  0.1060E+00
  57  -168.0000     -61.407 0.3498   0.9237E+01  0.4816E-03 -0.1530E+01  0.0000E+00      -1  -0.352E-01   20.00  0.8833E-03  0.1060E+00
  58  -171.0000     -58.894 0.3510   0.9663E+01  0.4777E-03 -0.1538E+01  0.0000E+00      -1  -0.354E-01   20.00  0.8833E-03  0.1060E+00
  59  -174.0000     -56.360 0.3522   0.1017E+02  0.4720E-03 -0.1546E+01  0.0000E+00      -1  -0.356E-01   20.00  0.8833E-03  0.1060E+00
  60  -177.0000     -53.806 0.3534   0.1068E+02  0.4663E-03 -0.1553E+01  0.0000E+00      -1  -0.357E-01   20.00  0.8833E-03  0.1060E+00
  61  -180.0000     -51.233 0.3546   0.1120E+02  0.4605E-03 -0.1560E+01  0.0000E+00      -1  -0.359E-01   20.00  0.8833E-03  0.1060E+00
  62  -183.0000     -48.642 0.3558   0.1172E+02  0.4547E-03 -0.1566E+01  0.0000E+00      -1  -0.360E-01   20.00  0.8833E-03  0.1060E+00
  63  -186.0000     -46.034 0.3570   0.1233E+02  0.4470E-03 -0.1572E+01  0.0000E+00      -1  -0.362E-01   20.00  0.8833E-03  0.1060E+00
  64  -189.0000     -43.406 0.3581   0.1302E+02  0.4378E-03 -0.1578E+01  0.0000E+00      -1  -0.363E-01   20.00  0.8833E-03  0.1060E+00
  65  -192.0000     -40.761 0.3593   0.1372E+02  0.4285E-03 -0.1583E+01  0.0000E+00      -1  -0.364E-01   20.00  0.8833E-03  0.1060E+00
  66  -195.0000     -38.099 0.3604   0.1441E+02  0.4191E-03 -0.1588E+01  0.0000E+00      -1  -0.365E-01   20.00  0.8833E-03  0.1060E+00
  67  -198.0000     -35.421 0.3615   0.1527E+02  0.4068E-03 -0.1592E+01  0.0000E+00      -1  -0.366E-01   20.00  0.8833E-03  0.1060E+00
  68  -201.0000     -32.725 0.3626   0.1616E+02  0.3937E-03 -0.1596E+01  0.0000E+00      -1  -0.367E-01   20.00  0.8833E-03  0.1060E+00
  69  -204.0000     -30.014 0.3637   0.1706E+02  0.3806E-03 -0.1600E+01  0.0000E+00      -1  -0.368E-01   20.00  0.8833E-03  0.1060E+00
  70  -207.0000     -27.287 0.3647   0.1815E+02  0.3641E-03 -0.1604E+01  0.0000E+00      -1  -0.369E-01   20.00  0.8833E-03  0.1060E+00
  71  -210.0000     -24.544 0.3657   0.1927E+02  0.3472E-03 -0.1607E+01  0.0000E+00      -1  -0.370E-01   20.00  0.8833E-03  0.1060E+00
  72  -213.0000     -21.787 0.3666   0.2054E+02  0.3277E-03 -0.1609E+01  0.0000E+00      -1  -0.370E-01   20.00  0.8833E-03  0.1060E+00
  73  -216.0000     -19.014 0.3675   0.2189E+02  0.3070E-03 -0.1612E+01  0.0000E+00      -1  -0.371E-01   20.00  0.8833E-03  0.1060E+00
  74  -219.0000     -16.228 0.3683   0.2347E+02  0.2827E-03 -0.1614E+01  0.0000E+00      -1  -0.371E-01   20.00  0.8833E-03  0.1060E+00
  75  -222.0000     -13.427 0.3691   0.2521E+02  0.2560E-03 -0.1616E+01  0.0000E+00      -1  -0.372E-01   20.00  0.8833E-03  0.1060E+00
  76  -225.0000     -10.612 0.3698   0.2722E+02  0.2257E-03 -0.1617E+01  0.0000E+00      -1  -0.372E-01   20.00  0.8833E-03  0.1060E+00
  77  -228.0000      -7.783 0.3703   0.2958E+02  0.1905E-03 -0.1619E+01  0.0000E+00      -1  -0.372E-01   20.00  0.8833E-03  0.1060E+00
  78  -231.0000      -4.939 0.3708   0.3252E+02  0.1477E-03 -0.1620E+01  0.0000E+00      -1  -0.373E-01   20.00  0.8833E-03  0.1060E+00
  79  -234.0000      -2.080 0.3712   0.3660E+02  0.9045E-04 -0.1620E+01  0.0000E+00      -1  -0.373E-01   20.00  0.8833E-03  0.1060E+00
  80  -237.0000       0.799 0.3713   0.4346E+02  0.0000E+00 -0.1620E+01  0.0000E+00      -1  -0.373E-01   20.00  0.8833E-03  0.1060E+00
  81  -240.0000       3.687 0.3713   0.4346E+02  0.0000E+00 -0.1620E+01  0.0000E+00      -1  -0.373E-01   20.00  0.8833E-03  0.1060E+00
  82  -243.0000       6.575 0.3713   0.4346E+02  0.0000E+00 -0.1620E+01  0.0000E+00      -1  -0.373E-01   20.00  0.8833E-03  0.1060E+00
  83  -246.0000       9.463 0.3713   0.4346E+02  0.0000E+00 -0.1620E+01  0.0000E+00      -1  -0.373E-01   20.00  0.8833E-03  0.1060E+00
  84  -249.0000      12.351 0.3713   0.4346E+02  0.0000E+00 -0.1620E+01  0.0000E+00      -1  -0.373E-01   20.00  0.8833E-03  0.1060E+00
  85  -252.0000      15.240 0.3713   0.4346E+02  0.0000E+00 -0.1620E+01  0.0000E+00      -1  -0.373E-01   20.00  0.8833E-03  0.1060E+00
  86  -255.0000      18.128 0.3713   0.4346E+02  0.0000E+00 -0.1620E+01  0.0000E+00      -1  -0.373E-01   20.00  0.8833E-03  0.1060E+00
  87  -258.0000      21.016 0.3713   0.4346E+02  0.0000E+00 -0.1620E+01  0.0000E+00      -1  -0.373E-01   20.00  0.8833E-03  0.1060E+00
  88  -261.0000      23.904 0.3713   0.4346E+02  0.0000E+00 -0.1620E+01  0.0000E+00      -1  -0.373E-01   20.00  0.8833E-03  0.1060E+00
  89  -264.0000      26.792 0.3713   0.4346E+02  0.0000E+00 -0.1620E+01  0.0000E+00      -1  -0.373E-01   20.00  0.8833E-03  0.1060E+00
  90  -267.0000      29.680 0.3713   0.4346E+02  0.0000E+00 -0.1620E+01  0.0000E+00      -1  -0.373E-01   20.00  0.8833E-03  0.1060E+00
  91  -270.0000      32.568 0.3713   0.4346E+02  0.0000E+00 -0.1620E+01  0.0000E+00      -1  -0.373E-01   20.00  0.8833E-03  0.1060E+00
  92  -273.0000      35.457 0.3713   0.4346E+02  0.0000E+00 -0.1620E+01  0.0000E+00      -1  -0.373E-01   20.00  0.8833E-03  0.1060E+00
  93  -276.0000      38.345 0.3713   0.4346E+02  0.0000E+00 -0.1620E+01  0.0000E+00      -1  -0.373E-01   20.00  0.8833E-03  0.1060E+00
  94  -279.0000      41.233 0.3713   0.4346E+02  0.0000E+00 -0.1620E+01  0.0000E+00      -1  -0.373E-01   20.00  0.8833E-03  0.1060E+00
  95  -282.0000      44.121 0.3713   0.4346E+02  0.0000E+00 -0.1620E+01  0.0000E+00      -1  -0.373E-01   20.00  0.8833E-03  0.1060E+00
  96  -285.0000      47.009 0.3713   0.4346E+02  0.0000E+00 -0.1620E+01  0.0000E+00      -1  -0.373E-01   20.00  0.8833E-03  0.1060E+00
  97  -288.0000      49.897 0.3713   0.4346E+02  0.0000E+00 -0.1620E+01  0.0000E+00      -1  -0.373E-01   20.00  0.8833E-03  0.1060E+00
  98  -291.0000      52.785 0.3713   0.4346E+02  0.0000E+00 -0.1620E+01  0.0000E+00      -1  -0.373E-01   20.00  0.8831E-03  0.1060E+00
  99  -294.0000      55.674 0.3713   0.4346E+02  0.0000E+00 -0.1620E+01  0.0000E+00      -1  -0.373E-01   20.00  0.8825E-03  0.1059E+00
 100  -297.0000      58.562 0.3713   0.4346E+02  0.0000E+00 -0.1620E+01  0.0000E+00      -1  -0.373E-01   20.00  0.8817E-03  0.1058E+00
 101  -300.0000      61.450 0.3713   0.4346E+02  0.0000E+00 -0.1620E+01  0.0000E+00      -1  -0.373E-01   20.00  0.8817E-03  0.1057E+00
end
