 All solute fluxes and cumulative solute fluxes are positive into the region

       Time         cvTop        cvBot      Sum(cvTop)   Sum(cvBot)     cvCh0        cvCh1         cTop        cRoot         cBot        cvRoot    Sum(cvRoot)  Sum(cvNEql) TLevel      cGWL        cRunOff   Sum(cRunOff)    (cv(i),    Sum(cv(i)), i=1,NObs)
        [T]        [M/L2/T]     [M/L2/T]      [M/L2]       [M/L2]       [M/L2]      [M/L2]        [M/L3]      [M/L3]        [M/L3]      [M/L2/T]      [M/L2]       [M/L2]              [M/L3]        [M/L2]      [M/L3]      [M/L2/T]      [M/L2]
        0.0100  0.00000E+00 -0.42813E-03  0.00000E+00 -0.42813E-05  0.00000E+00  0.00000E+00  0.87463E-03  0.88330E-03  0.88156E-03  0.92242E-05  0.92242E-07 -0.21931E-05       1  0.88308E-03  0.00000E+00  0.00000E+00  0.15406E-03  0.15406E-05 -0.47549E-03 -0.47549E-05 -0.77562E-03 -0.77562E-05
        0.0200  0.00000E+00 -0.40642E-03  0.00000E+00 -0.83455E-05  0.00000E+00  0.00000E+00  0.87479E-03  0.88335E-03  0.88157E-03  0.92246E-05  0.18449E-06  0.56680E-06       2  0.88307E-03  0.00000E+00  0.00000E+00  0.13962E-03  0.29368E-05 -0.44917E-03 -0.92466E-05 -0.75207E-03 -0.15277E-04
        0.0330  0.00000E+00 -0.42645E-03  0.00000E+00 -0.13889E-04  0.00000E+00  0.00000E+00  0.87459E-03  0.88333E-03  0.88157E-03  0.92244E-05  0.30440E-06  0.26840E-05       3  0.88307E-03  0.00000E+00  0.00000E+00  0.11182E-03  0.43905E-05 -0.41518E-03 -0.14644E-04 -0.71857E-03 -0.24618E-04
        0.0499  0.00000E+00 -0.44428E-03  0.00000E+00 -0.21398E-04  0.00000E+00  0.00000E+00  0.87408E-03  0.88333E-03  0.88157E-03  0.92244E-05  0.46030E-06  0.50053E-05       4  0.88307E-03  0.00000E+00  0.00000E+00  0.54590E-04  0.53131E-05 -0.38400E-03 -0.21134E-04 -0.68036E-03 -0.36116E-04
        0.0719  0.00000E+00 -0.46055E-03  0.00000E+00 -0.31516E-04  0.00000E+00  0.00000E+00  0.87324E-03  0.88332E-03  0.88157E-03  0.92243E-05  0.66296E-06  0.59550E-05       5  0.88307E-03  0.00000E+00  0.00000E+00 -0.31577E-04  0.46194E-05 -0.36143E-03 -0.29074E-04 -0.63737E-03 -0.50119E-04
        0.1004  0.00000E+00 -0.47834E-03  0.00000E+00 -0.45178E-04  0.00000E+00  0.00000E+00  0.87213E-03  0.88332E-03  0.88158E-03  0.92243E-05  0.92641E-06  0.27898E-05       6  0.88307E-03  0.00000E+00  0.00000E+00 -0.13629E-03  0.72668E-06 -0.36356E-03 -0.39458E-04 -0.59722E-03 -0.67177E-04
        0.1376  0.00000E+00 -0.49844E-03  0.00000E+00 -0.63684E-04  0.00000E+00  0.00000E+00  0.87059E-03  0.88331E-03  0.88158E-03  0.92243E-05  0.12689E-05 -0.11493E-04       7  0.88307E-03  0.00000E+00  0.00000E+00 -0.29130E-03 -0.10089E-04 -0.41873E-03 -0.55005E-04 -0.57396E-03 -0.88487E-04
        0.1858  0.00000E+00 -0.52148E-03  0.00000E+00 -0.88855E-04  0.00000E+00  0.00000E+00  0.86855E-03  0.88330E-03  0.88159E-03  0.92242E-05  0.17141E-05 -0.51530E-04       8  0.88307E-03  0.00000E+00  0.00000E+00 -0.50013E-03 -0.34229E-04 -0.57309E-03 -0.82667E-04 -0.59667E-03 -0.11729E-03
        0.2358  0.00000E+00 -0.54480E-03  0.00000E+00 -0.11610E-03  0.00000E+00  0.00000E+00  0.86662E-03  0.88328E-03  0.88159E-03  0.92240E-05  0.21753E-05 -0.11996E-03       9  0.88307E-03  0.00000E+00  0.00000E+00 -0.70839E-03 -0.69649E-04 -0.80818E-03 -0.12308E-03 -0.67598E-03 -0.15109E-03
        0.2858  0.00000E+00 -0.56536E-03  0.00000E+00 -0.14436E-03  0.00000E+00  0.00000E+00  0.86554E-03  0.88328E-03  0.88160E-03  0.92240E-05  0.26365E-05 -0.20689E-03      10  0.88307E-03  0.00000E+00  0.00000E+00 -0.83006E-03 -0.11115E-03 -0.10531E-02 -0.17573E-03 -0.79501E-03 -0.19084E-03
        0.3358  0.00000E+00 -0.58293E-03  0.00000E+00 -0.17351E-03  0.00000E+00  0.00000E+00  0.86524E-03  0.88333E-03  0.88160E-03  0.92244E-05  0.30978E-05 -0.29820E-03      11  0.88307E-03  0.00000E+00  0.00000E+00 -0.85834E-03 -0.15407E-03 -0.12468E-02 -0.23807E-03 -0.92591E-03 -0.23713E-03
        0.3858  0.00000E+00 -0.59789E-03  0.00000E+00 -0.20340E-03  0.00000E+00  0.00000E+00  0.86485E-03  0.88337E-03  0.88161E-03  0.92247E-05  0.35590E-05 -0.39123E-03      12  0.88307E-03  0.00000E+00  0.00000E+00 -0.87801E-03 -0.19797E-03 -0.13885E-02 -0.30750E-03 -0.10501E-02 -0.28964E-03
        0.4358  0.00000E+00 -0.61088E-03  0.00000E+00 -0.23395E-03  0.00000E+00  0.00000E+00  0.86462E-03  0.88337E-03  0.88161E-03  0.92247E-05  0.40202E-05 -0.48595E-03      13  0.88307E-03  0.00000E+00  0.00000E+00 -0.88931E-03 -0.24244E-03 -0.14902E-02 -0.38201E-03 -0.11588E-02 -0.34758E-03
        0.4858  0.00000E+00 -0.62258E-03  0.00000E+00 -0.26508E-03  0.00000E+00  0.00000E+00  0.86438E-03  0.88339E-03  0.88161E-03  0.92249E-05  0.44815E-05 -0.58080E-03      14  0.88307E-03  0.00000E+00  0.00000E+00 -0.89153E-03 -0.28701E-03 -0.15632E-02 -0.46017E-03 -0.12500E-02 -0.41008E-03
        0.5358  0.00000E+00 -0.63376E-03  0.00000E+00 -0.29677E-03  0.00000E+00  0.00000E+00  0.86427E-03  0.88339E-03  0.88162E-03  0.92249E-05  0.49427E-05 -0.67530E-03      15  0.88307E-03  0.00000E+00  0.00000E+00 -0.88396E-03 -0.33121E-03 -0.16125E-02 -0.54079E-03 -0.13239E-02 -0.47627E-03
        0.5858  0.00000E+00 -0.64521E-03  0.00000E+00 -0.32903E-03  0.00000E+00  0.00000E+00  0.86418E-03  0.88341E-03  0.88162E-03  0.92251E-05  0.54040E-05 -0.76810E-03      16  0.88307E-03  0.00000E+00  0.00000E+00 -0.86730E-03 -0.37457E-03 -0.16414E-02 -0.62286E-03 -0.13813E-02 -0.54534E-03
        0.6358  0.00000E+00 -0.65754E-03  0.00000E+00 -0.36190E-03  0.00000E+00  0.00000E+00  0.86420E-03  0.88340E-03  0.88162E-03  0.92250E-05  0.58652E-05 -0.85880E-03      17  0.88307E-03  0.00000E+00  0.00000E+00 -0.84241E-03 -0.41670E-03 -0.16525E-02 -0.70548E-03 -0.14236E-02 -0.61652E-03
        0.6858  0.00000E+00 -0.67128E-03  0.00000E+00 -0.39547E-03  0.00000E+00  0.00000E+00  0.86424E-03  0.88340E-03  0.88163E-03  0.92250E-05  0.63265E-05 -0.94657E-03      18  0.88307E-03  0.00000E+00  0.00000E+00 -0.81129E-03 -0.45726E-03 -0.16488E-02 -0.78793E-03 -0.14519E-02 -0.68911E-03
        0.7358  0.00000E+00 -0.68676E-03  0.00000E+00 -0.42981E-03  0.00000E+00  0.00000E+00  0.86434E-03  0.88338E-03  0.88163E-03  0.92248E-05  0.67877E-05 -0.10314E-02      19  0.88307E-03  0.00000E+00  0.00000E+00 -0.77616E-03 -0.49607E-03 -0.16337E-02 -0.86961E-03 -0.14682E-02 -0.76252E-03
        0.7858  0.00000E+00 -0.70415E-03  0.00000E+00 -0.46501E-03  0.00000E+00  0.00000E+00  0.86593E-03  0.88336E-03  0.88164E-03  0.92247E-05  0.72489E-05 -0.10926E-02      20  0.88307E-03  0.00000E+00  0.00000E+00 -0.58027E-03 -0.52508E-03 -0.14763E-02 -0.94342E-03 -0.14274E-02 -0.83389E-03
        0.8358  0.00000E+00 -0.72345E-03  0.00000E+00 -0.50119E-03  0.00000E+00  0.00000E+00  0.86742E-03  0.88345E-03  0.88164E-03  0.92254E-05  0.77102E-05 -0.11265E-02      21  0.88307E-03  0.00000E+00  0.00000E+00 -0.37199E-03 -0.54368E-03 -0.12402E-02 -0.10054E-02 -0.13285E-02 -0.90031E-03
        0.8858  0.00000E+00 -0.74441E-03  0.00000E+00 -0.53841E-03  0.00000E+00  0.00000E+00  0.86911E-03  0.88336E-03  0.88165E-03  0.92246E-05  0.81714E-05 -0.11402E-02      22  0.88308E-03  0.00000E+00  0.00000E+00 -0.16958E-03 -0.55216E-03 -0.97868E-03 -0.10544E-02 -0.11886E-02 -0.95974E-03
        0.9358  0.00000E+00 -0.76656E-03  0.00000E+00 -0.57673E-03  0.00000E+00  0.00000E+00  0.87049E-03  0.88341E-03  0.88165E-03  0.92251E-05  0.86327E-05 -0.11379E-02      23  0.88308E-03  0.00000E+00  0.00000E+00 -0.43841E-05 -0.55238E-03 -0.74200E-03 -0.10915E-02 -0.10341E-02 -0.10114E-02
        0.9679  0.00000E+00 -0.78522E-03  0.00000E+00 -0.60193E-03  0.00000E+00  0.00000E+00  0.87146E-03  0.88334E-03  0.88166E-03  0.92245E-05  0.89287E-05 -0.11333E-02      24  0.88308E-03  0.00000E+00  0.00000E+00  0.12441E-03 -0.54839E-03 -0.61219E-03 -0.11111E-02 -0.93661E-03 -0.10415E-02
        1.0000  0.00000E+00 -0.79997E-03  0.00000E+00 -0.62760E-03  0.00000E+00  0.00000E+00  0.87198E-03  0.88336E-03  0.88166E-03  0.92247E-05  0.92247E-05 -0.11272E-02      25  0.88308E-03  0.00000E+00  0.00000E+00  0.16710E-03 -0.54303E-03 -0.51037E-03 -0.11275E-02 -0.84619E-03 -0.10687E-02
end
