 All solute fluxes and cumulative solute fluxes are positive into the region

       Time         cvTop        cvBot      Sum(cvTop)   Sum(cvBot)     cvCh0        cvCh1         cTop        cRoot         cBot        cvRoot    Sum(cvRoot)  Sum(cvNEql) TLevel      cGWL        cRunOff   Sum(cRunOff)    (cv(i),    Sum(cv(i)), i=1,NObs)
        [T]        [M/L2/T]     [M/L2/T]      [M/L2]       [M/L2]       [M/L2]      [M/L2]        [M/L3]      [M/L3]        [M/L3]      [M/L2/T]      [M/L2]       [M/L2]              [M/L3]        [M/L2]      [M/L3]      [M/L2/T]      [M/L2]
        0.0100  0.00000E+00 -0.63686E-04  0.00000E+00 -0.63686E-06  0.00000E+00  0.00000E+00  0.00000E+00  0.91509E-03  0.87406E-03  0.00000E+00  0.00000E+00  0.23187E-01       1  0.88287E-03  0.00000E+00  0.00000E+00  0.00000E+00  0.00000E+00 -0.59763E-05 -0.59763E-07  0.91495E-04  0.91495E-06
        0.0200  0.00000E+00  0.00000E+00  0.00000E+00 -0.63686E-06  0.00000E+00  0.00000E+00  0.14625E-02  0.92129E-03  0.87083E-03  0.00000E+00  0.00000E+00  0.20420E-01       2  0.88279E-03  0.00000E+00  0.00000E+00  0.64257E-04  0.64257E-06 -0.46636E-05 -0.10640E-06  0.89824E-04  0.18132E-05
        0.0330  0.00000E+00  0.00000E+00  0.00000E+00 -0.63686E-06  0.00000E+00  0.00000E+00  0.92888E-03  0.91797E-03  0.87251E-03  0.00000E+00  0.00000E+00  0.21405E-01       3  0.88285E-03  0.00000E+00  0.00000E+00  0.10200E-04  0.77517E-06 -0.49212E-05 -0.17037E-06  0.87368E-04  0.29490E-05
        0.0499  0.00000E+00  0.00000E+00  0.00000E+00 -0.63686E-06  0.00000E+00  0.00000E+00  0.11874E-02  0.91361E-03  0.87313E-03  0.00000E+00  0.00000E+00  0.20927E-01       4  0.88286E-03  0.00000E+00  0.00000E+00 -0.73727E-04 -0.47081E-06 -0.71365E-05 -0.29098E-06  0.84146E-04  0.43710E-05
        0.0719  0.00000E+00  0.00000E+00  0.00000E+00 -0.63686E-06  0.00000E+00  0.00000E+00  0.10417E-02  0.91612E-03  0.87375E-03  0.00000E+00  0.00000E+00  0.21186E-01       5  0.88288E-03  0.00000E+00  0.00000E+00 -0.10424E-03 -0.27609E-05 -0.76772E-05 -0.45965E-06  0.78708E-04  0.61002E-05
        0.1004  0.00000E+00  0.00000E+00  0.00000E+00 -0.63686E-06  0.00000E+00  0.00000E+00  0.11341E-02  0.91444E-03  0.87422E-03  0.00000E+00  0.00000E+00  0.20994E-01       6  0.88289E-03  0.00000E+00  0.00000E+00 -0.38567E-03 -0.13776E-04 -0.91210E-05 -0.72015E-06  0.67506E-04  0.80283E-05
        0.1376  0.00000E+00  0.00000E+00  0.00000E+00 -0.63686E-06  0.00000E+00  0.00000E+00  0.10654E-02  0.91564E-03  0.87461E-03  0.00000E+00  0.00000E+00  0.21093E-01       7  0.88293E-03  0.00000E+00  0.00000E+00 -0.53986E-03 -0.33820E-04 -0.16141E-03 -0.67132E-05  0.41283E-04  0.95611E-05
        0.1858  0.00000E+00  0.00000E+00  0.00000E+00 -0.63686E-06  0.00000E+00  0.00000E+00  0.11136E-02  0.91467E-03  0.87492E-03  0.00000E+00  0.00000E+00  0.20931E-01       8  0.88293E-03  0.00000E+00  0.00000E+00 -0.12202E-02 -0.92718E-04 -0.51867E-03 -0.31748E-04 -0.23300E-04  0.84364E-05
        0.2358  0.00000E+00  0.00000E+00  0.00000E+00 -0.63686E-06  0.00000E+00  0.00000E+00  0.10688E-02  0.91544E-03  0.87512E-03  0.00000E+00  0.00000E+00  0.20923E-01       9  0.88294E-03  0.00000E+00  0.00000E+00 -0.14778E-02 -0.16661E-03 -0.10463E-02 -0.84066E-04 -0.13535E-03  0.16688E-05
        0.2858  0.00000E+00  0.00000E+00  0.00000E+00 -0.63686E-06  0.00000E+00  0.00000E+00  0.10984E-02  0.91478E-03  0.87526E-03  0.00000E+00  0.00000E+00  0.20738E-01      10  0.88294E-03  0.00000E+00  0.00000E+00 -0.21981E-02 -0.27652E-03 -0.16883E-02 -0.16848E-03 -0.29457E-03 -0.13060E-04
        0.3358  0.00000E+00  0.00000E+00  0.00000E+00 -0.63686E-06  0.00000E+00  0.00000E+00  0.10694E-02  0.91538E-03  0.87535E-03  0.00000E+00  0.00000E+00  0.20665E-01      11  0.88294E-03  0.00000E+00  0.00000E+00 -0.22225E-02 -0.38764E-03 -0.23708E-02 -0.28702E-03 -0.48731E-03 -0.37425E-04
        0.3858  0.00000E+00  0.00000E+00  0.00000E+00 -0.63686E-06  0.00000E+00  0.00000E+00  0.10884E-02  0.91497E-03  0.87542E-03  0.00000E+00  0.00000E+00  0.20489E-01      12  0.88294E-03  0.00000E+00  0.00000E+00 -0.27345E-02 -0.52436E-03 -0.30069E-02 -0.43737E-03 -0.69135E-03 -0.71993E-04
        0.4358  0.00000E+00  0.00000E+00  0.00000E+00 -0.63686E-06  0.00000E+00  0.00000E+00  0.10698E-02  0.91545E-03  0.87549E-03  0.00000E+00  0.00000E+00  0.20399E-01      13  0.88294E-03  0.00000E+00  0.00000E+00 -0.26520E-02 -0.65697E-03 -0.35808E-02 -0.61641E-03 -0.89638E-03 -0.11681E-03
        0.4858  0.00000E+00  0.00000E+00  0.00000E+00 -0.63686E-06  0.00000E+00  0.00000E+00  0.10825E-02  0.91519E-03  0.87555E-03  0.00000E+00  0.00000E+00  0.20247E-01      14  0.88294E-03  0.00000E+00  0.00000E+00 -0.29329E-02 -0.80361E-03 -0.40987E-02 -0.82134E-03 -0.10825E-02 -0.17094E-03
        0.5358  0.00000E+00  0.00000E+00  0.00000E+00 -0.63686E-06  0.00000E+00  0.00000E+00  0.10711E-02  0.91551E-03  0.87563E-03  0.00000E+00  0.00000E+00  0.20156E-01      15  0.88295E-03  0.00000E+00  0.00000E+00 -0.27261E-02 -0.93992E-03 -0.44125E-02 -0.10420E-02 -0.12554E-02 -0.23370E-03
        0.5858  0.00000E+00  0.00000E+00  0.00000E+00 -0.63686E-06  0.00000E+00  0.00000E+00  0.10801E-02  0.91533E-03  0.87573E-03  0.00000E+00  0.00000E+00  0.20031E-01      16  0.88295E-03  0.00000E+00  0.00000E+00 -0.27545E-02 -0.10776E-02 -0.45335E-02 -0.12686E-02 -0.13869E-02 -0.30305E-03
        0.6358  0.00000E+00  0.00000E+00  0.00000E+00 -0.63686E-06  0.00000E+00  0.00000E+00  0.10738E-02  0.91550E-03  0.87585E-03  0.00000E+00  0.00000E+00  0.19952E-01      17  0.88295E-03  0.00000E+00  0.00000E+00 -0.24367E-02 -0.11995E-02 -0.44649E-02 -0.14919E-02 -0.14733E-02 -0.37672E-03
        0.6858  0.00000E+00  0.00000E+00  0.00000E+00 -0.63686E-06  0.00000E+00  0.00000E+00  0.10811E-02  0.91536E-03  0.87600E-03  0.00000E+00  0.00000E+00  0.19854E-01      18  0.88295E-03  0.00000E+00  0.00000E+00 -0.22523E-02 -0.13121E-02 -0.42347E-02 -0.17036E-02 -0.15090E-02 -0.45217E-03
        0.7358  0.00000E+00 -0.26483E-05  0.00000E+00 -0.76928E-06  0.00000E+00  0.00000E+00  0.10782E-02  0.91543E-03  0.87940E-03  0.00000E+00  0.00000E+00  0.19798E-01      19  0.88301E-03  0.00000E+00  0.00000E+00 -0.18581E-02 -0.14050E-02 -0.38786E-02 -0.18975E-02 -0.15014E-02 -0.52724E-03
        0.7858  0.00000E+00 -0.19388E-04  0.00000E+00 -0.17387E-05  0.00000E+00  0.00000E+00  0.10852E-02  0.91530E-03  0.87921E-03  0.00000E+00  0.00000E+00  0.19745E-01      20  0.88300E-03  0.00000E+00  0.00000E+00 -0.14210E-02 -0.14760E-02 -0.33580E-02 -0.20654E-02 -0.14425E-02 -0.59936E-03
        0.8358  0.00000E+00 -0.49665E-04  0.00000E+00 -0.42219E-05  0.00000E+00  0.00000E+00  0.10852E-02  0.91530E-03  0.87937E-03  0.00000E+00  0.00000E+00  0.19733E-01      21  0.88301E-03  0.00000E+00  0.00000E+00 -0.90075E-03 -0.15211E-02 -0.27604E-02 -0.22035E-02 -0.13196E-02 -0.66534E-03
        0.8858  0.00000E+00 -0.83974E-04  0.00000E+00 -0.84206E-05  0.00000E+00  0.00000E+00  0.10908E-02  0.91525E-03  0.87929E-03  0.00000E+00  0.00000E+00  0.19733E-01      22  0.88300E-03  0.00000E+00  0.00000E+00 -0.46256E-03 -0.15442E-02 -0.21605E-02 -0.23115E-02 -0.11599E-02 -0.72334E-03
        0.9358  0.00000E+00 -0.12169E-03  0.00000E+00 -0.14505E-04  0.00000E+00  0.00000E+00  0.10909E-02  0.91525E-03  0.87939E-03  0.00000E+00  0.00000E+00  0.19756E-01      23  0.88301E-03  0.00000E+00  0.00000E+00 -0.11964E-03 -0.15502E-02 -0.16349E-02 -0.23932E-02 -0.99075E-03 -0.77287E-03
        0.9679  0.00000E+00 -0.15425E-03  0.00000E+00 -0.19454E-04  0.00000E+00  0.00000E+00  0.10932E-02  0.91522E-03  0.87936E-03  0.00000E+00  0.00000E+00  0.19770E-01      24  0.88300E-03  0.00000E+00  0.00000E+00  0.54689E-05 -0.15500E-02 -0.13467E-02 -0.24364E-02 -0.88519E-03 -0.80128E-03
        1.0000  0.00000E+00 -0.18055E-03  0.00000E+00 -0.25247E-04  0.00000E+00  0.00000E+00  0.10922E-02  0.91521E-03  0.87940E-03  0.00000E+00  0.00000E+00  0.19788E-01      25  0.88301E-03  0.00000E+00  0.00000E+00  0.52756E-04 -0.15483E-02 -0.11192E-02 -0.24724E-02 -0.78847E-03 -0.82657E-03
end
