 All solute fluxes and cumulative solute fluxes are positive into the region

       Time         cvTop        cvBot      Sum(cvTop)   Sum(cvBot)     cvCh0        cvCh1         cTop        cRoot         cBot        cvRoot    Sum(cvRoot)  Sum(cvNEql) TLevel      cGWL        cRunOff   Sum(cRunOff)    (cv(i),    Sum(cv(i)), i=1,NObs)
        [T]        [M/L2/T]     [M/L2/T]      [M/L2]       [M/L2]       [M/L2]      [M/L2]        [M/L3]      [M/L3]        [M/L3]      [M/L2/T]      [M/L2]       [M/L2]              [M/L3]        [M/L2]      [M/L3]      [M/L2/T]      [M/L2]
        0.0100  0.00000E+00  0.00000E+00  0.00000E+00  0.00000E+00  0.00000E+00  0.00000E+00  0.96722E-03  0.90300E-03  0.87321E-03  0.77560E-04  0.77560E-06 -0.13865E-04       1  0.88307E-03  0.00000E+00  0.00000E+00  0.26236E-04  0.26236E-06  0.30246E-04  0.30246E-06  0.23635E-03  0.23635E-05
        0.0200  0.00000E+00  0.00000E+00  0.00000E+00  0.00000E+00  0.00000E+00  0.00000E+00  0.96696E-03  0.90303E-03  0.87109E-03  0.77562E-04  0.15512E-05 -0.26223E-04       2  0.88302E-03  0.00000E+00  0.00000E+00  0.25689E-04  0.51925E-06  0.29870E-04  0.60116E-06  0.23251E-03  0.46887E-05
        0.0330  0.00000E+00  0.00000E+00  0.00000E+00  0.00000E+00  0.00000E+00  0.00000E+00  0.96699E-03  0.90302E-03  0.87233E-03  0.77561E-04  0.25595E-05 -0.40359E-04       3  0.88305E-03  0.00000E+00  0.00000E+00  0.24040E-04  0.83177E-06  0.29003E-04  0.97820E-06  0.22743E-03  0.76453E-05
        0.0499  0.00000E+00  0.00000E+00  0.00000E+00  0.00000E+00  0.00000E+00  0.00000E+00  0.96694E-03  0.90302E-03  0.87268E-03  0.77562E-04  0.38703E-05 -0.56336E-04       4  0.88306E-03  0.00000E+00  0.00000E+00  0.20696E-04  0.11815E-05  0.27957E-04  0.14507E-05  0.22142E-03  0.11387E-04
        0.0719  0.00000E+00  0.00000E+00  0.00000E+00  0.00000E+00  0.00000E+00  0.00000E+00  0.96689E-03  0.90302E-03  0.87313E-03  0.77562E-04  0.55743E-05 -0.75150E-04       5  0.88307E-03  0.00000E+00  0.00000E+00  0.14380E-04  0.14975E-05  0.26497E-04  0.20328E-05  0.21413E-03  0.16092E-04
        0.1004  0.00000E+00  0.00000E+00  0.00000E+00  0.00000E+00  0.00000E+00  0.00000E+00  0.96677E-03  0.90302E-03  0.87343E-03  0.77562E-04  0.77896E-05 -0.97315E-04       6  0.88308E-03  0.00000E+00  0.00000E+00  0.36228E-05  0.16009E-05  0.24572E-04  0.27346E-05  0.20553E-03  0.21962E-04
        0.1376  0.00000E+00  0.00000E+00  0.00000E+00  0.00000E+00  0.00000E+00  0.00000E+00  0.96664E-03  0.90302E-03  0.87371E-03  0.77562E-04  0.10669E-04 -0.12407E-03       7  0.88309E-03  0.00000E+00  0.00000E+00 -0.41192E-05  0.14480E-05  0.21915E-04  0.35483E-05  0.19544E-03  0.29218E-04
        0.1858  0.00000E+00  0.00000E+00  0.00000E+00  0.00000E+00  0.00000E+00  0.00000E+00  0.96649E-03  0.90302E-03  0.87391E-03  0.77562E-04  0.14413E-04 -0.15688E-03       8  0.88310E-03  0.00000E+00  0.00000E+00 -0.16532E-04  0.65001E-06  0.18170E-04  0.44254E-05  0.18333E-03  0.38067E-04
        0.2358  0.00000E+00  0.00000E+00  0.00000E+00  0.00000E+00  0.00000E+00  0.00000E+00  0.96634E-03  0.90302E-03  0.87406E-03  0.77562E-04  0.18291E-04 -0.18986E-03       9  0.88310E-03  0.00000E+00  0.00000E+00 -0.30921E-04 -0.89604E-06  0.13950E-04  0.51228E-05  0.17101E-03  0.46618E-04
        0.2858  0.00000E+00  0.00000E+00  0.00000E+00  0.00000E+00  0.00000E+00  0.00000E+00  0.96632E-03  0.90302E-03  0.87415E-03  0.77562E-04  0.22169E-04 -0.22126E-03      10  0.88310E-03  0.00000E+00  0.00000E+00 -0.31998E-04 -0.24960E-05  0.10594E-04  0.56525E-05  0.16035E-03  0.54635E-04
        0.3358  0.00000E+00  0.00000E+00  0.00000E+00  0.00000E+00  0.00000E+00  0.00000E+00  0.96649E-03  0.90302E-03  0.87422E-03  0.77562E-04  0.26047E-04 -0.24690E-03      11  0.88310E-03  0.00000E+00  0.00000E+00 -0.16720E-04 -0.33319E-05  0.92555E-05  0.61153E-05  0.15606E-03  0.62438E-04
        0.3858  0.00000E+00  0.00000E+00  0.00000E+00  0.00000E+00  0.00000E+00  0.00000E+00  0.96663E-03  0.90304E-03  0.87426E-03  0.77563E-04  0.29926E-04 -0.26322E-03      12  0.88310E-03  0.00000E+00  0.00000E+00 -0.38667E-05 -0.35253E-05  0.93108E-05  0.65808E-05  0.16137E-03  0.70507E-04
        0.4358  0.00000E+00  0.00000E+00  0.00000E+00  0.00000E+00  0.00000E+00  0.00000E+00  0.96674E-03  0.90306E-03  0.87429E-03  0.77565E-04  0.33804E-04 -0.27179E-03      13  0.88310E-03  0.00000E+00  0.00000E+00  0.67982E-05 -0.31854E-05  0.10373E-04  0.70995E-05  0.17261E-03  0.79138E-04
        0.4858  0.00000E+00  0.00000E+00  0.00000E+00  0.00000E+00  0.00000E+00  0.00000E+00  0.96682E-03  0.90307E-03  0.87430E-03  0.77566E-04  0.37682E-04 -0.27509E-03      14  0.88310E-03  0.00000E+00  0.00000E+00  0.17233E-04 -0.23237E-05  0.11848E-04  0.76919E-05  0.18668E-03  0.88472E-04
        0.5358  0.00000E+00  0.00000E+00  0.00000E+00  0.00000E+00  0.00000E+00  0.00000E+00  0.96682E-03  0.90308E-03  0.87431E-03  0.77567E-04  0.41560E-04 -0.27578E-03      15  0.88310E-03  0.00000E+00  0.00000E+00  0.14300E-04 -0.16087E-05  0.13258E-04  0.83548E-05  0.20004E-03  0.98474E-04
        0.5858  0.00000E+00  0.00000E+00  0.00000E+00  0.00000E+00  0.00000E+00  0.00000E+00  0.96670E-03  0.90308E-03  0.87430E-03  0.77567E-04  0.45439E-04 -0.27693E-03      16  0.88310E-03  0.00000E+00  0.00000E+00  0.17733E-05 -0.15201E-05  0.14167E-04  0.90632E-05  0.21006E-03  0.10898E-03
        0.6358  0.00000E+00  0.00000E+00  0.00000E+00  0.00000E+00  0.00000E+00  0.00000E+00  0.96658E-03  0.90308E-03  0.87428E-03  0.77567E-04  0.49317E-04 -0.28129E-03      17  0.88310E-03  0.00000E+00  0.00000E+00 -0.91162E-05 -0.19759E-05  0.14279E-04  0.97771E-05  0.21399E-03  0.11968E-03
        0.6858  0.00000E+00  0.00000E+00  0.00000E+00  0.00000E+00  0.00000E+00  0.00000E+00  0.96642E-03  0.90307E-03  0.87425E-03  0.77566E-04  0.53195E-04 -0.29134E-03      18  0.88310E-03  0.00000E+00  0.00000E+00 -0.23220E-04 -0.31369E-05  0.13393E-04  0.10447E-04  0.21017E-03  0.13018E-03
        0.7358  0.00000E+00  0.00000E+00  0.00000E+00  0.00000E+00  0.00000E+00  0.00000E+00  0.96623E-03  0.90306E-03  0.87422E-03  0.77565E-04  0.57074E-04 -0.30887E-03      19  0.88310E-03  0.00000E+00  0.00000E+00 -0.38940E-04 -0.50839E-05  0.11363E-04  0.11015E-04  0.19847E-03  0.14011E-03
        0.7858  0.00000E+00  0.00000E+00  0.00000E+00  0.00000E+00  0.00000E+00  0.00000E+00  0.96637E-03  0.90304E-03  0.87419E-03  0.77564E-04  0.60952E-04 -0.33235E-03      20  0.88310E-03  0.00000E+00  0.00000E+00 -0.24383E-04 -0.63030E-05  0.10910E-04  0.11560E-04  0.18176E-03  0.14920E-03
        0.8358  0.00000E+00  0.00000E+00  0.00000E+00  0.00000E+00  0.00000E+00  0.00000E+00  0.96651E-03  0.90303E-03  0.87416E-03  0.77562E-04  0.64830E-04 -0.35481E-03      21  0.88310E-03  0.00000E+00  0.00000E+00 -0.10585E-04 -0.68323E-05  0.11094E-04  0.12115E-04  0.17034E-03  0.15771E-03
        0.8858  0.00000E+00  0.00000E+00  0.00000E+00  0.00000E+00  0.00000E+00  0.00000E+00  0.96663E-03  0.90304E-03  0.87413E-03  0.77563E-04  0.68708E-04 -0.37549E-03      22  0.88310E-03  0.00000E+00  0.00000E+00  0.11160E-05 -0.67765E-05  0.11898E-04  0.12710E-04  0.16185E-03  0.16581E-03
        0.9358  0.00000E+00  0.00000E+00  0.00000E+00  0.00000E+00  0.00000E+00  0.00000E+00  0.96681E-03  0.90303E-03  0.87410E-03  0.77562E-04  0.72586E-04 -0.39545E-03      23  0.88310E-03  0.00000E+00  0.00000E+00  0.17025E-04 -0.59252E-05  0.12783E-04  0.13349E-04  0.15623E-03  0.17362E-03
        0.9679  0.00000E+00  0.00000E+00  0.00000E+00  0.00000E+00  0.00000E+00  0.00000E+00  0.96690E-03  0.90304E-03  0.87409E-03  0.77563E-04  0.75075E-04 -0.40772E-03      24  0.88310E-03  0.00000E+00  0.00000E+00  0.24361E-04 -0.51436E-05  0.13280E-04  0.13775E-04  0.15326E-03  0.17853E-03
        1.0000  0.00000E+00  0.00000E+00  0.00000E+00  0.00000E+00  0.00000E+00  0.00000E+00  0.96694E-03  0.90303E-03  0.87407E-03  0.77562E-04  0.77564E-04 -0.41999E-03      25  0.88310E-03  0.00000E+00  0.00000E+00  0.26831E-04 -0.42827E-05  0.13595E-04  0.14211E-04  0.15103E-03  0.18338E-03
end
