 All solute fluxes and cumulative solute fluxes are positive into the region

       Time         cvTop        cvBot      Sum(cvTop)   Sum(cvBot)     cvCh0        cvCh1         cTop        cRoot         cBot        cvRoot    Sum(cvRoot)  Sum(cvNEql) TLevel      cGWL        cRunOff   Sum(cRunOff)    (cv(i),    Sum(cv(i)), i=1,NObs)
        [T]        [M/L2/T]     [M/L2/T]      [M/L2]       [M/L2]       [M/L2]      [M/L2]        [M/L3]      [M/L3]        [M/L3]      [M/L2/T]      [M/L2]       [M/L2]              [M/L3]        [M/L2]      [M/L3]      [M/L2/T]      [M/L2]
        0.0100  0.00000E+00 -0.10131E-02  0.00000E+00 -0.10131E-04  0.00000E+00  0.00000E+00  0.10788E-02  0.91552E-03  0.88007E-03  0.40310E-04  0.40310E-06  0.35859E-05       1  0.88297E-03  0.00000E+00  0.00000E+00  0.21808E-04  0.21808E-06 -0.16300E-02 -0.16300E-04 -0.14111E-02 -0.14111E-04
        0.0200  0.00000E+00 -0.12601E-02  0.00000E+00 -0.22732E-04  0.00000E+00  0.00000E+00  0.10790E-02  0.91549E-03  0.88013E-03  0.40309E-04  0.80619E-06  0.86388E-05       2  0.88296E-03  0.00000E+00  0.00000E+00  0.19244E-04  0.41052E-06 -0.15547E-02 -0.31847E-04 -0.13573E-02 -0.27685E-04
        0.0330  0.00000E+00 -0.11654E-02  0.00000E+00 -0.37883E-04  0.00000E+00  0.00000E+00  0.10789E-02  0.91550E-03  0.88009E-03  0.40309E-04  0.13302E-05  0.12201E-04       3  0.88296E-03  0.00000E+00  0.00000E+00  0.14195E-04  0.59505E-06 -0.14637E-02 -0.50875E-04 -0.12922E-02 -0.44483E-04
        0.0499  0.00000E+00 -0.11061E-02  0.00000E+00 -0.56576E-04  0.00000E+00  0.00000E+00  0.10788E-02  0.91549E-03  0.88008E-03  0.40309E-04  0.20114E-05  0.17436E-04       4  0.88296E-03  0.00000E+00  0.00000E+00  0.38965E-05  0.66090E-06 -0.13693E-02 -0.74017E-04 -0.12166E-02 -0.65044E-04
        0.0719  0.00000E+00 -0.10815E-02  0.00000E+00 -0.80335E-04  0.00000E+00  0.00000E+00  0.10786E-02  0.91549E-03  0.88008E-03  0.40309E-04  0.28970E-05  0.23684E-04       5  0.88296E-03  0.00000E+00  0.00000E+00 -0.15213E-04  0.32668E-06 -0.12702E-02 -0.10192E-03 -0.11317E-02 -0.89907E-04
        0.1004  0.00000E+00 -0.10758E-02  0.00000E+00 -0.11106E-03  0.00000E+00  0.00000E+00  0.10783E-02  0.91549E-03  0.88009E-03  0.40309E-04  0.40483E-05  0.30856E-04       6  0.88296E-03  0.00000E+00  0.00000E+00 -0.48790E-04 -0.10668E-05 -0.11765E-02 -0.13553E-03 -0.10407E-02 -0.11963E-03
        0.1376  0.00000E+00 -0.10870E-02  0.00000E+00 -0.15142E-03  0.00000E+00  0.00000E+00  0.10778E-02  0.91548E-03  0.88010E-03  0.40309E-04  0.55449E-05  0.37957E-04       7  0.88296E-03  0.00000E+00  0.00000E+00 -0.10493E-03 -0.49628E-05 -0.10986E-02 -0.17632E-03 -0.95049E-03 -0.15492E-03
        0.1858  0.00000E+00 -0.11098E-02  0.00000E+00 -0.20499E-03  0.00000E+00  0.00000E+00  0.10770E-02  0.91548E-03  0.88011E-03  0.40309E-04  0.74905E-05  0.42589E-04       8  0.88296E-03  0.00000E+00  0.00000E+00 -0.19272E-03 -0.14265E-04 -0.10546E-02 -0.22722E-03 -0.87107E-03 -0.19697E-03
        0.2358  0.00000E+00 -0.11359E-02  0.00000E+00 -0.26178E-03  0.00000E+00  0.00000E+00  0.10761E-02  0.91548E-03  0.88013E-03  0.40309E-04  0.95060E-05  0.41558E-04       9  0.88297E-03  0.00000E+00  0.00000E+00 -0.29187E-03 -0.28859E-04 -0.10546E-02 -0.27995E-03 -0.81708E-03 -0.23782E-03
        0.2858  0.00000E+00 -0.11573E-02  0.00000E+00 -0.31965E-03  0.00000E+00  0.00000E+00  0.10755E-02  0.91549E-03  0.88014E-03  0.40309E-04  0.11521E-04  0.36093E-04      10  0.88297E-03  0.00000E+00  0.00000E+00 -0.36100E-03 -0.46909E-04 -0.10738E-02 -0.33365E-03 -0.78238E-03 -0.27694E-03
        0.3358  0.00000E+00 -0.11716E-02  0.00000E+00 -0.37823E-03  0.00000E+00  0.00000E+00  0.10752E-02  0.91549E-03  0.88016E-03  0.40309E-04  0.13537E-04  0.31007E-04      11  0.88297E-03  0.00000E+00  0.00000E+00 -0.39023E-03 -0.66421E-04 -0.10880E-02 -0.38804E-03 -0.75350E-03 -0.31462E-03
        0.3858  0.00000E+00 -0.11785E-02  0.00000E+00 -0.43715E-03  0.00000E+00  0.00000E+00  0.10749E-02  0.91551E-03  0.88017E-03  0.40310E-04  0.15552E-04  0.30054E-04      12  0.88297E-03  0.00000E+00  0.00000E+00 -0.41427E-03 -0.87134E-04 -0.10972E-02 -0.44290E-03 -0.72352E-03 -0.35079E-03
        0.4358  0.00000E+00 -0.11785E-02  0.00000E+00 -0.49608E-03  0.00000E+00  0.00000E+00  0.10747E-02  0.91553E-03  0.88018E-03  0.40311E-04  0.17568E-04  0.32747E-04      13  0.88297E-03  0.00000E+00  0.00000E+00 -0.43039E-03 -0.10865E-03 -0.10979E-02 -0.49780E-03 -0.69309E-03 -0.38545E-03
        0.4858  0.00000E+00 -0.11724E-02  0.00000E+00 -0.55470E-03  0.00000E+00  0.00000E+00  0.10745E-02  0.91554E-03  0.88018E-03  0.40312E-04  0.19584E-04  0.38030E-04      14  0.88297E-03  0.00000E+00  0.00000E+00 -0.43743E-03 -0.13053E-03 -0.10902E-02 -0.55231E-03 -0.66325E-03 -0.41861E-03
        0.5358  0.00000E+00 -0.11612E-02  0.00000E+00 -0.61275E-03  0.00000E+00  0.00000E+00  0.10744E-02  0.91555E-03  0.88019E-03  0.40312E-04  0.21599E-04  0.44710E-04      15  0.88297E-03  0.00000E+00  0.00000E+00 -0.43453E-03 -0.15225E-03 -0.10733E-02 -0.60598E-03 -0.63551E-03 -0.45038E-03
        0.5858  0.00000E+00 -0.11456E-02  0.00000E+00 -0.67004E-03  0.00000E+00  0.00000E+00  0.10744E-02  0.91556E-03  0.88019E-03  0.40313E-04  0.23615E-04  0.51285E-04      16  0.88297E-03  0.00000E+00  0.00000E+00 -0.42193E-03 -0.17335E-03 -0.10471E-02 -0.65833E-03 -0.61058E-03 -0.48091E-03
        0.6358  0.00000E+00 -0.11266E-02  0.00000E+00 -0.72637E-03  0.00000E+00  0.00000E+00  0.10744E-02  0.91556E-03  0.88020E-03  0.40313E-04  0.25630E-04  0.56343E-04      17  0.88297E-03  0.00000E+00  0.00000E+00 -0.40036E-03 -0.19337E-03 -0.10119E-02 -0.70893E-03 -0.58926E-03 -0.51038E-03
        0.6858  0.00000E+00 -0.11050E-02  0.00000E+00 -0.78161E-03  0.00000E+00  0.00000E+00  0.10746E-02  0.91555E-03  0.88020E-03  0.40312E-04  0.27646E-04  0.58487E-04      18  0.88297E-03  0.00000E+00  0.00000E+00 -0.37343E-03 -0.21204E-03 -0.96923E-03 -0.75739E-03 -0.57189E-03 -0.53897E-03
        0.7358  0.00000E+00 -0.10814E-02  0.00000E+00 -0.83569E-03  0.00000E+00  0.00000E+00  0.10747E-02  0.91554E-03  0.88020E-03  0.40312E-04  0.29662E-04  0.56649E-04      19  0.88297E-03  0.00000E+00  0.00000E+00 -0.34103E-03 -0.22909E-03 -0.92262E-03 -0.80352E-03 -0.55887E-03 -0.56691E-03
        0.7858  0.00000E+00 -0.10567E-02  0.00000E+00 -0.88852E-03  0.00000E+00  0.00000E+00  0.10755E-02  0.91553E-03  0.88021E-03  0.40311E-04  0.31677E-04  0.53414E-04      20  0.88297E-03  0.00000E+00  0.00000E+00 -0.24235E-03 -0.24121E-03 -0.84220E-03 -0.84563E-03 -0.54442E-03 -0.59413E-03
        0.8358  0.00000E+00 -0.10313E-02  0.00000E+00 -0.94009E-03  0.00000E+00  0.00000E+00  0.10762E-02  0.91551E-03  0.88021E-03  0.40310E-04  0.33693E-04  0.54535E-04      21  0.88297E-03  0.00000E+00  0.00000E+00 -0.14719E-03 -0.24857E-03 -0.74474E-03 -0.88287E-03 -0.51870E-03 -0.62007E-03
        0.8858  0.00000E+00 -0.10058E-02  0.00000E+00 -0.99038E-03  0.00000E+00  0.00000E+00  0.10768E-02  0.91551E-03  0.88021E-03  0.40310E-04  0.35708E-04  0.59721E-04      22  0.88297E-03  0.00000E+00  0.00000E+00 -0.65416E-04 -0.25184E-03 -0.63989E-03 -0.91486E-03 -0.48599E-03 -0.64437E-03
        0.9358  0.00000E+00 -0.98061E-03  0.00000E+00 -0.10394E-02  0.00000E+00  0.00000E+00  0.10773E-02  0.91550E-03  0.88021E-03  0.40310E-04  0.37724E-04  0.67205E-04      23  0.88297E-03  0.00000E+00  0.00000E+00 -0.70772E-05 -0.25219E-03 -0.54255E-03 -0.94199E-03 -0.44952E-03 -0.66684E-03
        0.9679  0.00000E+00 -0.96023E-03  0.00000E+00 -0.10702E-02  0.00000E+00  0.00000E+00  0.10775E-02  0.91550E-03  0.88021E-03  0.40310E-04  0.39017E-04  0.72782E-04      24  0.88297E-03  0.00000E+00  0.00000E+00  0.15748E-04 -0.25169E-03 -0.48460E-03 -0.95754E-03 -0.42580E-03 -0.68051E-03
        1.0000  0.00000E+00 -0.94452E-03  0.00000E+00 -0.11005E-02  0.00000E+00  0.00000E+00  0.10776E-02  0.91550E-03  0.88021E-03  0.40310E-04  0.40310E-04  0.78285E-04      25  0.88297E-03  0.00000E+00  0.00000E+00  0.23715E-04 -0.25092E-03 -0.43928E-03 -0.97163E-03 -0.40301E-03 -0.69344E-03
end
