 ******* Program HYDRUS
 ******* 
 Welcome to HYDRUS-1D                                                    
 Date:  28. 3.2022    Time:   8:56:21
 Units: L = cm   , T = days , M = mg   
 
 CosAlf,MaxIt,TolTh,  TolH
 1.000   10   0.001 1.00000
 
 TopInF,BotInF,AtmBC,SinkF,WLayer,qGWLF,FreeD,SeepF,lWat,lChem,lTemp,lRoot,lWDep
     T     T     T     T     T     F     F     F     T     T     F     F     F

Nodal point information

node      x         hOld    MatN LayN  Beta      Ah       AK      ATh     Temp    Conc(1...NS)         Sorb(1...NS)

   1      0.000   -230.225    1    1   0.000    1.000    1.000    1.000   20.00  0.8683E-03  0.1041E+00
   2     -3.000   -227.039    1    1   0.000    1.000    1.000    1.000   20.00  0.8709E-03  0.1045E+00
   3     -6.000   -223.797    1    1   0.000    1.000    1.000    1.000   20.00  0.8791E-03  0.1055E+00
   4     -9.000   -220.507    1    1   0.043    1.000    1.000    1.000   20.00  0.8818E-03  0.1058E+00
   5    -12.000   -217.169    1    1   0.043    1.000    1.000    1.000   20.00  0.8833E-03  0.1060E+00
   6    -15.000   -213.790    1    1   0.043    1.000    1.000    1.000   20.00  0.8834E-03  0.1060E+00
   7    -18.000   -210.376    1    1   0.041    1.000    1.000    1.000   20.00  0.8834E-03  0.1060E+00
   8    -21.000   -206.935    1    1   0.036    1.000    1.000    1.000   20.00  0.8834E-03  0.1060E+00
   9    -24.000   -203.472    1    1   0.032    1.000    1.000    1.000   20.00  0.8834E-03  0.1060E+00
  10    -27.000   -199.993    1    1   0.027    1.000    1.000    1.000   20.00  0.8834E-03  0.1060E+00
  11    -30.000   -196.503    1    1   0.023    1.000    1.000    1.000   20.00  0.8834E-03  0.1060E+00
  12    -33.000   -193.006    1    1   0.018    1.000    1.000    1.000   20.00  0.8833E-03  0.1060E+00
  13    -36.000   -189.510    1    1   0.014    1.000    1.000    1.000   20.00  0.8834E-03  0.1060E+00
  14    -39.000   -186.022    1    1   0.009    1.000    1.000    1.000   20.00  0.8833E-03  0.1060E+00
  15    -42.000   -182.547    1    1   0.005    1.000    1.000    1.000   20.00  0.8833E-03  0.1060E+00
  16    -45.000   -179.086    1    1   0.000    1.000    1.000    1.000   20.00  0.8833E-03  0.1060E+00
  17    -48.000   -175.640    1    1   0.000    1.000    1.000    1.000   20.00  0.8833E-03  0.1060E+00
  18    -51.000   -172.209    1    1   0.000    1.000    1.000    1.000   20.00  0.8833E-03  0.1060E+00
  19    -54.000   -168.792    1    1   0.000    1.000    1.000    1.000   20.00  0.8833E-03  0.1060E+00
  20    -57.000   -165.388    1    1   0.000    1.000    1.000    1.000   20.00  0.8833E-03  0.1060E+00
  21    -60.000   -161.999    1    1   0.000    1.000    1.000    1.000   20.00  0.8833E-03  0.1060E+00
  22    -63.000   -158.622    1    1   0.000    1.000    1.000    1.000   20.00  0.8833E-03  0.1060E+00
  23    -66.000   -155.258    1    1   0.000    1.000    1.000    1.000   20.00  0.8833E-03  0.1060E+00
  24    -69.000   -151.907    1    1   0.000    1.000    1.000    1.000   20.00  0.8833E-03  0.1060E+00
  25    -72.000   -148.570    1    1   0.000    1.000    1.000    1.000   20.00  0.8833E-03  0.1060E+00
  26    -75.000   -145.253    1    1   0.000    1.000    1.000    1.000   20.00  0.8833E-03  0.1060E+00
  27    -78.000   -141.951    1    1   0.000    1.000    1.000    1.000   20.00  0.8833E-03  0.1060E+00
  28    -81.000   -138.665    1    1   0.000    1.000    1.000    1.000   20.00  0.8833E-03  0.1060E+00
  29    -84.000   -135.393    1    1   0.000    1.000    1.000    1.000   20.00  0.8833E-03  0.1060E+00
  30    -87.000   -132.134    1    1   0.000    1.000    1.000    1.000   20.00  0.8833E-03  0.1060E+00
  31    -90.000   -128.885    1    1   0.000    1.000    1.000    1.000   20.00  0.8833E-03  0.1060E+00
  32    -93.000   -125.648    1    1   0.000    1.000    1.000    1.000   20.00  0.8833E-03  0.1060E+00
  33    -96.000   -122.420    1    1   0.000    1.000    1.000    1.000   20.00  0.8833E-03  0.1060E+00
  34    -99.000   -119.202    1    1   0.000    1.000    1.000    1.000   20.00  0.8833E-03  0.1060E+00
  35   -102.000   -115.996    1    1   0.000    1.000    1.000    1.000   20.00  0.8833E-03  0.1060E+00
  36   -105.000   -112.802    1    1   0.000    1.000    1.000    1.000   20.00  0.8833E-03  0.1060E+00
  37   -108.000   -109.618    1    1   0.000    1.000    1.000    1.000   20.00  0.8833E-03  0.1060E+00
  38   -111.000   -106.444    1    1   0.000    1.000    1.000    1.000   20.00  0.8833E-03  0.1060E+00
  39   -114.000   -103.278    1    1   0.000    1.000    1.000    1.000   20.00  0.8833E-03  0.1060E+00
  40   -117.000   -100.120    1    1   0.000    1.000    1.000    1.000   20.00  0.8833E-03  0.1060E+00
  41   -120.000    -96.969    1    1   0.000    1.000    1.000    1.000   20.00  0.8833E-03  0.1060E+00
  42   -123.000    -93.826    1    1   0.000    1.000    1.000    1.000   20.00  0.8833E-03  0.1060E+00
  43   -126.000    -90.690    1    1   0.000    1.000    1.000    1.000   20.00  0.8833E-03  0.1060E+00
  44   -129.000    -87.563    1    1   0.000    1.000    1.000    1.000   20.00  0.8833E-03  0.1060E+00
  45   -132.000    -84.442    1    1   0.000    1.000    1.000    1.000   20.00  0.8833E-03  0.1060E+00
  46   -135.000    -81.327    1    1   0.000    1.000    1.000    1.000   20.00  0.8833E-03  0.1060E+00
  47   -138.000    -78.219    1    1   0.000    1.000    1.000    1.000   20.00  0.8833E-03  0.1060E+00
  48   -141.000    -75.115    1    1   0.000    1.000    1.000    1.000   20.00  0.8833E-03  0.1060E+00
  49   -144.000    -72.017    1    1   0.000    1.000    1.000    1.000   20.00  0.8833E-03  0.1060E+00
  50   -147.000    -68.926    1    1   0.000    1.000    1.000    1.000   20.00  0.8833E-03  0.1060E+00
  51   -150.000    -65.839    1    1   0.000    1.000    1.000    1.000   20.00  0.8833E-03  0.1060E+00
  52   -153.000    -62.757    1    1   0.000    1.000    1.000    1.000   20.00  0.8833E-03  0.1060E+00
  53   -156.000    -59.679    1    1   0.000    1.000    1.000    1.000   20.00  0.8833E-03  0.1060E+00
  54   -159.000    -56.605    1    1   0.000    1.000    1.000    1.000   20.00  0.8833E-03  0.1060E+00
  55   -162.000    -53.536    1    1   0.000    1.000    1.000    1.000   20.00  0.8833E-03  0.1060E+00
  56   -165.000    -50.471    1    1   0.000    1.000    1.000    1.000   20.00  0.8833E-03  0.1060E+00
  57   -168.000    -47.409    1    1   0.000    1.000    1.000    1.000   20.00  0.8833E-03  0.1060E+00
  58   -171.000    -44.351    1    1   0.000    1.000    1.000    1.000   20.00  0.8833E-03  0.1060E+00
  59   -174.000    -41.297    1    1   0.000    1.000    1.000    1.000   20.00  0.8833E-03  0.1060E+00
  60   -177.000    -38.246    1    1   0.000    1.000    1.000    1.000   20.00  0.8833E-03  0.1060E+00
  61   -180.000    -35.198    1    1   0.000    1.000    1.000    1.000   20.00  0.8833E-03  0.1060E+00
  62   -183.000    -32.152    1    1   0.000    1.000    1.000    1.000   20.00  0.8833E-03  0.1060E+00
  63   -186.000    -29.110    1    1   0.000    1.000    1.000    1.000   20.00  0.8833E-03  0.1060E+00
  64   -189.000    -26.071    1    1   0.000    1.000    1.000    1.000   20.00  0.8833E-03  0.1060E+00
  65   -192.000    -23.034    1    1   0.000    1.000    1.000    1.000   20.00  0.8833E-03  0.1060E+00
  66   -195.000    -19.999    1    1   0.000    1.000    1.000    1.000   20.00  0.8833E-03  0.1060E+00
  67   -198.000    -16.967    1    1   0.000    1.000    1.000    1.000   20.00  0.8833E-03  0.1060E+00
  68   -201.000    -13.938    1    1   0.000    1.000    1.000    1.000   20.00  0.8833E-03  0.1060E+00
  69   -204.000    -10.910    1    1   0.000    1.000    1.000    1.000   20.00  0.8833E-03  0.1060E+00
  70   -207.000     -7.885    1    1   0.000    1.000    1.000    1.000   20.00  0.8833E-03  0.1060E+00
  71   -210.000     -4.862    1    1   0.000    1.000    1.000    1.000   20.00  0.8833E-03  0.1060E+00
  72   -213.000     -1.842    1    1   0.000    1.000    1.000    1.000   20.00  0.8833E-03  0.1060E+00
  73   -216.000      1.176    1    1   0.000    1.000    1.000    1.000   20.00  0.8833E-03  0.1060E+00
  74   -219.000      4.192    1    1   0.000    1.000    1.000    1.000   20.00  0.8833E-03  0.1060E+00
  75   -222.000      7.209    1    1   0.000    1.000    1.000    1.000   20.00  0.8833E-03  0.1060E+00
  76   -225.000     10.225    1    1   0.000    1.000    1.000    1.000   20.00  0.8833E-03  0.1060E+00
  77   -228.000     13.241    1    1   0.000    1.000    1.000    1.000   20.00  0.8833E-03  0.1060E+00
  78   -231.000     16.258    1    1   0.000    1.000    1.000    1.000   20.00  0.8833E-03  0.1060E+00
  79   -234.000     19.274    1    1   0.000    1.000    1.000    1.000   20.00  0.8833E-03  0.1060E+00
  80   -237.000     22.290    1    1   0.000    1.000    1.000    1.000   20.00  0.8833E-03  0.1060E+00
  81   -240.000     25.307    1    1   0.000    1.000    1.000    1.000   20.00  0.8833E-03  0.1060E+00
  82   -243.000     28.323    1    1   0.000    1.000    1.000    1.000   20.00  0.8833E-03  0.1060E+00
  83   -246.000     31.339    1    1   0.000    1.000    1.000    1.000   20.00  0.8833E-03  0.1060E+00
  84   -249.000     34.356    1    1   0.000    1.000    1.000    1.000   20.00  0.8833E-03  0.1060E+00
  85   -252.000     37.372    1    1   0.000    1.000    1.000    1.000   20.00  0.8833E-03  0.1060E+00
  86   -255.000     40.388    1    1   0.000    1.000    1.000    1.000   20.00  0.8833E-03  0.1060E+00
  87   -258.000     43.405    1    1   0.000    1.000    1.000    1.000   20.00  0.8833E-03  0.1060E+00
  88   -261.000     46.421    1    1   0.000    1.000    1.000    1.000   20.00  0.8833E-03  0.1060E+00
  89   -264.000     49.437    1    1   0.000    1.000    1.000    1.000   20.00  0.8833E-03  0.1060E+00
  90   -267.000     52.454    1    1   0.000    1.000    1.000    1.000   20.00  0.8833E-03  0.1060E+00
  91   -270.000     55.470    1    1   0.000    1.000    1.000    1.000   20.00  0.8833E-03  0.1060E+00
  92   -273.000     58.486    1    1   0.000    1.000    1.000    1.000   20.00  0.8833E-03  0.1060E+00
  93   -276.000     61.503    1    1   0.000    1.000    1.000    1.000   20.00  0.8833E-03  0.1060E+00
  94   -279.000     64.519    1    1   0.000    1.000    1.000    1.000   20.00  0.8833E-03  0.1060E+00
  95   -282.000     67.535    1    1   0.000    1.000    1.000    1.000   20.00  0.8833E-03  0.1060E+00
  96   -285.000     70.552    1    1   0.000    1.000    1.000    1.000   20.00  0.8833E-03  0.1060E+00
  97   -288.000     73.568    1    1   0.000    1.000    1.000    1.000   20.00  0.8833E-03  0.1060E+00
  98   -291.000     76.585    1    1   0.000    1.000    1.000    1.000   20.00  0.8833E-03  0.1060E+00
  99   -294.000     79.601    1    1   0.000    1.000    1.000    1.000   20.00  0.8824E-03  0.1059E+00
 100   -297.000     82.617    1    1   0.000    1.000    1.000    1.000   20.00  0.8821E-03  0.1058E+00
 101   -300.000     85.634    1    1   0.000    1.000    1.000    1.000   20.00  0.8782E-03  0.1056E+00
end

 Number of species in the chain :   1


MatNum, Param. array:

   Mat     Qr     Qs        Alfa         n          Ks      l

    1    0.056  0.371   0.610E-02   0.157E+01   0.435E+02  0.500

       Table of Hydraulic Properties which are interpolated in simulation
       =================================================================

  theta         h        log h        C             K        log K          S          Kv
 
  0.3713  -0.100E-05 -0.6000E+01  0.2220E-07  0.4346E+02  0.1638E+01    1.0000  0.0000E+00
  0.3713  -0.126E-05 -0.5899E+01  0.2536E-07  0.4346E+02  0.1638E+01    1.0000  0.0000E+00
  0.3713  -0.159E-05 -0.5798E+01  0.2896E-07  0.4346E+02  0.1638E+01    1.0000  0.0000E+00
  0.3713  -0.201E-05 -0.5697E+01  0.3308E-07  0.4346E+02  0.1638E+01    1.0000  0.0000E+00
  0.3713  -0.254E-05 -0.5596E+01  0.3778E-07  0.4346E+02  0.1638E+01    1.0000  0.0000E+00
  0.3713  -0.320E-05 -0.5495E+01  0.4315E-07  0.4346E+02  0.1638E+01    1.0000  0.0000E+00
  0.3713  -0.404E-05 -0.5394E+01  0.4929E-07  0.4346E+02  0.1638E+01    1.0000  0.0000E+00
  0.3713  -0.509E-05 -0.5293E+01  0.5630E-07  0.4346E+02  0.1638E+01    1.0000  0.0000E+00
  0.3713  -0.643E-05 -0.5192E+01  0.6430E-07  0.4346E+02  0.1638E+01    1.0000  0.0000E+00
  0.3713  -0.811E-05 -0.5091E+01  0.7345E-07  0.4346E+02  0.1638E+01    1.0000  0.0000E+00
  0.3713  -0.102E-04 -0.4990E+01  0.8389E-07  0.4346E+02  0.1638E+01    1.0000  0.0000E+00
  0.3713  -0.129E-04 -0.4889E+01  0.9582E-07  0.4345E+02  0.1638E+01    1.0000  0.0000E+00
  0.3713  -0.163E-04 -0.4788E+01  0.1094E-06  0.4345E+02  0.1638E+01    1.0000  0.0000E+00
  0.3713  -0.206E-04 -0.4687E+01  0.1250E-06  0.4345E+02  0.1638E+01    1.0000  0.0000E+00
  0.3713  -0.260E-04 -0.4586E+01  0.1428E-06  0.4345E+02  0.1638E+01    1.0000  0.0000E+00
  0.3713  -0.327E-04 -0.4485E+01  0.1631E-06  0.4345E+02  0.1638E+01    1.0000  0.0000E+00
  0.3713  -0.413E-04 -0.4384E+01  0.1863E-06  0.4345E+02  0.1638E+01    1.0000  0.0000E+00
  0.3713  -0.521E-04 -0.4283E+01  0.2127E-06  0.4345E+02  0.1638E+01    1.0000  0.0000E+00
  0.3713  -0.658E-04 -0.4182E+01  0.2430E-06  0.4344E+02  0.1638E+01    1.0000  0.0000E+00
  0.3713  -0.830E-04 -0.4081E+01  0.2775E-06  0.4344E+02  0.1638E+01    1.0000  0.0000E+00
  0.3713  -0.105E-03 -0.3980E+01  0.3170E-06  0.4344E+02  0.1638E+01    1.0000  0.0000E+00
  0.3713  -0.132E-03 -0.3879E+01  0.3621E-06  0.4343E+02  0.1638E+01    1.0000  0.0000E+00
  0.3713  -0.167E-03 -0.3778E+01  0.4136E-06  0.4343E+02  0.1638E+01    1.0000  0.0000E+00
  0.3713  -0.210E-03 -0.3677E+01  0.4724E-06  0.4343E+02  0.1638E+01    1.0000  0.0000E+00
  0.3713  -0.266E-03 -0.3576E+01  0.5395E-06  0.4342E+02  0.1638E+01    1.0000  0.0000E+00
  0.3713  -0.335E-03 -0.3475E+01  0.6163E-06  0.4341E+02  0.1638E+01    1.0000  0.0000E+00
  0.3713  -0.423E-03 -0.3374E+01  0.7039E-06  0.4341E+02  0.1638E+01    1.0000  0.0000E+00
  0.3713  -0.534E-03 -0.3273E+01  0.8040E-06  0.4340E+02  0.1637E+01    1.0000  0.0000E+00
  0.3713  -0.673E-03 -0.3172E+01  0.9183E-06  0.4339E+02  0.1637E+01    1.0000  0.0000E+00
  0.3713  -0.850E-03 -0.3071E+01  0.1049E-05  0.4338E+02  0.1637E+01    1.0000  0.0000E+00
  0.3713  -0.107E-02 -0.2970E+01  0.1198E-05  0.4337E+02  0.1637E+01    1.0000  0.0000E+00
  0.3713  -0.135E-02 -0.2869E+01  0.1368E-05  0.4335E+02  0.1637E+01    1.0000  0.0000E+00
  0.3713  -0.171E-02 -0.2768E+01  0.1563E-05  0.4334E+02  0.1637E+01    1.0000  0.0000E+00
  0.3713  -0.215E-02 -0.2667E+01  0.1785E-05  0.4332E+02  0.1637E+01    1.0000  0.0000E+00
  0.3713  -0.272E-02 -0.2566E+01  0.2039E-05  0.4330E+02  0.1637E+01    1.0000  0.0000E+00
  0.3713  -0.343E-02 -0.2465E+01  0.2329E-05  0.4328E+02  0.1636E+01    1.0000  0.0000E+00
  0.3713  -0.433E-02 -0.2364E+01  0.2660E-05  0.4325E+02  0.1636E+01    1.0000  0.0000E+00
  0.3713  -0.546E-02 -0.2263E+01  0.3038E-05  0.4322E+02  0.1636E+01    1.0000  0.0000E+00
  0.3713  -0.689E-02 -0.2162E+01  0.3470E-05  0.4319E+02  0.1635E+01    1.0000  0.1577E-30
  0.3713  -0.870E-02 -0.2061E+01  0.3964E-05  0.4315E+02  0.1635E+01    1.0000  0.1577E-30
  0.3713  -0.110E-01 -0.1960E+01  0.4527E-05  0.4311E+02  0.1635E+01    1.0000  0.1577E-30
  0.3713  -0.138E-01 -0.1859E+01  0.5171E-05  0.4306E+02  0.1634E+01    1.0000  0.1589E-29
  0.3713  -0.175E-01 -0.1758E+01  0.5906E-05  0.4300E+02  0.1633E+01    1.0000  0.1589E-29
  0.3713  -0.221E-01 -0.1657E+01  0.6746E-05  0.4293E+02  0.1633E+01    1.0000  0.6141E-29
  0.3713  -0.278E-01 -0.1556E+01  0.7705E-05  0.4286E+02  0.1632E+01    1.0000  0.3371E-28
  0.3713  -0.351E-01 -0.1455E+01  0.8801E-05  0.4277E+02  0.1631E+01    1.0000  0.1035E-27
  0.3713  -0.443E-01 -0.1354E+01  0.1005E-04  0.4267E+02  0.1630E+01    1.0000  0.3397E-27
  0.3713  -0.559E-01 -0.1253E+01  0.1148E-04  0.4256E+02  0.1629E+01    1.0000  0.1043E-26
  0.3713  -0.705E-01 -0.1152E+01  0.1311E-04  0.4243E+02  0.1628E+01    1.0000  0.3424E-26
  0.3713  -0.890E-01 -0.1051E+01  0.1498E-04  0.4229E+02  0.1626E+01    1.0000  0.1051E-25
  0.3713  -0.112E+00 -0.9495E+00  0.1711E-04  0.4212E+02  0.1625E+01    1.0000  0.3748E-25
  0.3713  -0.142E+00 -0.8485E+00  0.1954E-04  0.4193E+02  0.1623E+01    1.0000  0.1261E-24
  0.3713  -0.179E+00 -0.7475E+00  0.2232E-04  0.4172E+02  0.1620E+01    1.0000  0.4258E-24
  0.3713  -0.226E+00 -0.6465E+00  0.2549E-04  0.4147E+02  0.1618E+01    1.0000  0.1459E-23
  0.3713  -0.285E+00 -0.5455E+00  0.2912E-04  0.4119E+02  0.1615E+01    1.0000  0.4910E-23
  0.3713  -0.359E+00 -0.4444E+00  0.3325E-04  0.4088E+02  0.1611E+01    1.0000  0.1658E-22
  0.3713  -0.453E+00 -0.3434E+00  0.3798E-04  0.4051E+02  0.1608E+01    1.0000  0.5632E-22
  0.3713  -0.572E+00 -0.2424E+00  0.4338E-04  0.4010E+02  0.1603E+01    0.9999  0.1900E-21
  0.3713  -0.722E+00 -0.1414E+00  0.4954E-04  0.3964E+02  0.1598E+01    0.9999  0.6429E-21
  0.3713  -0.911E+00 -0.4040E-01  0.5658E-04  0.3911E+02  0.1592E+01    0.9999  0.2173E-20
  0.3713  -0.115E+01  0.6061E-01  0.6461E-04  0.3851E+02  0.1586E+01    0.9999  0.7352E-20
  0.3712  -0.145E+01  0.1616E+00  0.7378E-04  0.3783E+02  0.1578E+01    0.9998  0.2482E-19
  0.3712  -0.183E+01  0.2626E+00  0.8424E-04  0.3706E+02  0.1569E+01    0.9997  0.8394E-19
  0.3712  -0.231E+01  0.3636E+00  0.9617E-04  0.3619E+02  0.1559E+01    0.9996  0.2835E-18
  0.3711  -0.292E+01  0.4646E+00  0.1098E-03  0.3520E+02  0.1547E+01    0.9994  0.9579E-18
  0.3710  -0.368E+01  0.5657E+00  0.1252E-03  0.3410E+02  0.1533E+01    0.9991  0.3234E-17
  0.3709  -0.464E+01  0.6667E+00  0.1428E-03  0.3286E+02  0.1517E+01    0.9987  0.1091E-16
  0.3707  -0.586E+01  0.7677E+00  0.1628E-03  0.3147E+02  0.1498E+01    0.9981  0.3675E-16
  0.3704  -0.739E+01  0.8687E+00  0.1853E-03  0.2993E+02  0.1476E+01    0.9972  0.1236E-15
  0.3700  -0.933E+01  0.9697E+00  0.2107E-03  0.2821E+02  0.1450E+01    0.9960  0.4149E-15
  0.3695  -0.118E+02  0.1071E+01  0.2391E-03  0.2633E+02  0.1420E+01    0.9943  0.1388E-14
  0.3687  -0.148E+02  0.1172E+01  0.2705E-03  0.2426E+02  0.1385E+01    0.9918  0.4621E-14
  0.3676  -0.187E+02  0.1273E+01  0.3049E-03  0.2202E+02  0.1343E+01    0.9882  0.1528E-13
  0.3660  -0.236E+02  0.1374E+01  0.3416E-03  0.1963E+02  0.1293E+01    0.9832  0.5005E-13
  0.3638  -0.298E+02  0.1475E+01  0.3798E-03  0.1712E+02  0.1233E+01    0.9761  0.1617E-12
  0.3606  -0.376E+02  0.1576E+01  0.4175E-03  0.1453E+02  0.1162E+01    0.9662  0.5130E-12
  0.3563  -0.475E+02  0.1677E+01  0.4522E-03  0.1195E+02  0.1077E+01    0.9526  0.1586E-11
  0.3505  -0.599E+02  0.1778E+01  0.4800E-03  0.9451E+01  0.9755E+00    0.9342  0.4738E-11
  0.3428  -0.756E+02  0.1879E+01  0.4966E-03  0.7148E+01  0.8542E+00    0.9099  0.1353E-10
  0.3330  -0.955E+02  0.1980E+01  0.4975E-03  0.5135E+01  0.7106E+00    0.8786  0.3652E-10
  0.3207  -0.120E+03  0.2081E+01  0.4798E-03  0.3486E+01  0.5423E+00    0.8398  0.9199E-10
  0.3061  -0.152E+03  0.2182E+01  0.4433E-03  0.2229E+01  0.3481E+00    0.7936  0.2140E-09
  0.2895  -0.192E+03  0.2283E+01  0.3915E-03  0.1342E+01  0.1279E+00    0.7410  0.4562E-09
  0.2714  -0.242E+03  0.2384E+01  0.3307E-03  0.7636E+00 -0.1171E+00    0.6837  0.8882E-09
  0.2525  -0.305E+03  0.2485E+01  0.2680E-03  0.4127E+00 -0.3844E+00    0.6239  0.1582E-08
  0.2336  -0.385E+03  0.2586E+01  0.2095E-03  0.2135E+00 -0.6705E+00    0.5639  0.2591E-08
  0.2152  -0.486E+03  0.2687E+01  0.1589E-03  0.1066E+00 -0.9721E+00    0.5056  0.3937E-08
  0.1978  -0.614E+03  0.2788E+01  0.1177E-03  0.5178E-01 -0.1286E+01    0.4505  0.5599E-08
  0.1816  -0.774E+03  0.2889E+01  0.8565E-04  0.2463E-01 -0.1609E+01    0.3994  0.7528E-08
  0.1669  -0.977E+03  0.2990E+01  0.6148E-04  0.1153E-01 -0.1938E+01    0.3529  0.9654E-08
  0.1537  -0.123E+04  0.3091E+01  0.4369E-04  0.5338E-02 -0.2273E+01    0.3109  0.1190E-07
  0.1419  -0.156E+04  0.3192E+01  0.3083E-04  0.2451E-02 -0.2611E+01    0.2734  0.1419E-07
  0.1313  -0.196E+04  0.3293E+01  0.2165E-04  0.1119E-02 -0.2951E+01    0.2402  0.1647E-07
  0.1220  -0.248E+04  0.3394E+01  0.1514E-04  0.5088E-03 -0.3293E+01    0.2107  0.1869E-07
  0.1139  -0.313E+04  0.3495E+01  0.1057E-04  0.2307E-03 -0.3637E+01    0.1848  0.2081E-07
  0.1066  -0.394E+04  0.3596E+01  0.7362E-05  0.1044E-03 -0.3981E+01    0.1620  0.2280E-07
  0.1003  -0.498E+04  0.3697E+01  0.5123E-05  0.4717E-04 -0.4326E+01    0.1419  0.2466E-07
  0.0948  -0.628E+04  0.3798E+01  0.3561E-05  0.2129E-04 -0.4672E+01    0.1243  0.2636E-07
  0.0899  -0.792E+04  0.3899E+01  0.2474E-05  0.9607E-05 -0.5017E+01    0.1089  0.2790E-07
  0.0856  -0.100E+05  0.4000E+01  0.1718E-05  0.4332E-05 -0.5363E+01    0.0953  0.2930E-07
end


 Solute transport information
 ============================

 Galerkin finite-element method


 lTDep     lWDep     cTolA     cTolR   MaxItC
  F        0    0.100E-04    0.0000     10


 Mat.     Bulk.D.    DispL    Fraction  Immobile WC
  1       1.4500  100.0000    0.0000    0.0000

    Dif.w.      Dif.g.   -------------------------------------------------- ( 1.solute)
  0.1000E+02  0.0000E+00
 Mat.     KS         Nu         Beta      Henry  SinkL1     SinkS1     SinkG1     SinkL1`    SinkS1`    SinkG1`  SinkL0     SinkS0     SinkG0      Alfa
   1 0.1200E+03 0.1200E-01 0.1000E+01 0.0000E+00 0.0000E+00 0.0000E+00 0.0000E+00 0.0000E+00 0.0000E+00 0.0000E+00 0.0000E+00 0.0000E+00 0.0000E+00 0.6200E+00

 Langmuir nonlinear adsorption isotherm for material  1

 Chemical non-equilibrium solute transport with kinetic and equilibrium sorption sites.

 kTopCh      cTop(1...NS)
  -1        0.000E+00

 kBotCh      cBot(1...NS)
  -1        0.000E+00

 tPulse =           100.000
