 ******* Program HYDRUS
 ******* 
 Welcome to HYDRUS-1D                                                    
 Date:  29. 3.2022    Time:  17:27: 6
 Units: L = cm   , T = days , M = mg   


 Time:        0.0000


 Node      Depth      Head Moisture       K          C         Flux        Sink         Kappa   v/KsTop   Temp   Conc(1..NS) Sorb(1...NS)
           [L]        [L]    [-]        [L/T]      [1/L]      [L/T]        [1/T]         [-]      [-]      [C]      [M/L*3]

   1     0.0000    -259.204 0.2663   0.6684E+00  0.3137E-03  0.1963E-01  0.0000E+00      -1   0.452E-03   20.00  0.8399E-03  0.1007E+00
   2    -3.0000    -256.117 0.2672   0.6855E+00  0.3167E-03  0.2266E-01  0.0000E+00      -1   0.521E-03   20.00  0.8524E-03  0.1023E+00
   3    -6.0000    -253.006 0.2681   0.7028E+00  0.3198E-03  0.2873E-01  0.0000E+00      -1   0.661E-03   20.00  0.8650E-03  0.1038E+00
   4    -9.0000    -249.872 0.2691   0.7201E+00  0.3229E-03  0.3581E-01  0.1041E-02      -1   0.824E-03   20.00  0.8733E-03  0.1048E+00
   5   -12.0000    -246.708 0.2700   0.7376E+00  0.3260E-03  0.4356E-01  0.1042E-02      -1   0.100E-02   20.00  0.8791E-03  0.1055E+00
   6   -15.0000    -243.518 0.2710   0.7553E+00  0.3292E-03  0.5133E-01  0.1043E-02      -1   0.118E-02   20.00  0.8817E-03  0.1058E+00
   7   -18.0000    -240.302 0.2720   0.7833E+00  0.3328E-03  0.5964E-01  0.1044E-02      -1   0.137E-02   20.00  0.8833E-03  0.1060E+00
   8   -21.0000    -237.063 0.2732   0.8207E+00  0.3367E-03  0.6832E-01  0.1045E-02      -1   0.157E-02   20.00  0.8833E-03  0.1060E+00
   9   -24.0000    -233.803 0.2744   0.8582E+00  0.3406E-03  0.7687E-01  0.1035E-02      -1   0.177E-02   20.00  0.8833E-03  0.1060E+00
  10   -27.0000    -230.526 0.2756   0.8960E+00  0.3446E-03  0.8502E-01  0.9817E-03      -1   0.196E-02   20.00  0.8833E-03  0.1060E+00
  11   -30.0000    -227.234 0.2767   0.9340E+00  0.3486E-03  0.9297E-01  0.9281E-03      -1   0.214E-02   20.00  0.8833E-03  0.1060E+00
  12   -33.0000    -223.929 0.2779   0.9720E+00  0.3526E-03  0.1005E+00  0.8743E-03      -1   0.231E-02   20.00  0.8833E-03  0.1060E+00
  13   -36.0000    -220.614 0.2791   0.1010E+01  0.3566E-03  0.1075E+00  0.8205E-03      -1   0.247E-02   20.00  0.8833E-03  0.1060E+00
  14   -39.0000    -217.291 0.2803   0.1049E+01  0.3606E-03  0.1140E+00  0.7665E-03      -1   0.262E-02   20.00  0.8833E-03  0.1060E+00
  15   -42.0000    -213.962 0.2815   0.1087E+01  0.3647E-03  0.1201E+00  0.7123E-03      -1   0.276E-02   20.00  0.8833E-03  0.1060E+00
  16   -45.0000    -210.628 0.2827   0.1125E+01  0.3687E-03  0.1261E+00  0.6581E-03      -1   0.290E-02   20.00  0.8833E-03  0.1060E+00
  17   -48.0000    -207.290 0.2839   0.1164E+01  0.3727E-03  0.1315E+00  0.6038E-03      -1   0.303E-02   20.00  0.8833E-03  0.1060E+00
  18   -51.0000    -203.950 0.2851   0.1202E+01  0.3768E-03  0.1365E+00  0.5493E-03      -1   0.314E-02   20.00  0.8833E-03  0.1060E+00
  19   -54.0000    -200.609 0.2863   0.1241E+01  0.3808E-03  0.1410E+00  0.4948E-03      -1   0.325E-02   20.00  0.8833E-03  0.1060E+00
  20   -57.0000    -197.268 0.2875   0.1279E+01  0.3849E-03  0.1452E+00  0.4402E-03      -1   0.334E-02   20.00  0.8833E-03  0.1060E+00
  21   -60.0000    -193.928 0.2887   0.1318E+01  0.3889E-03  0.1490E+00  0.3854E-03      -1   0.343E-02   20.00  0.8833E-03  0.1060E+00
  22   -63.0000    -190.591 0.2900   0.1369E+01  0.3931E-03  0.1528E+00  0.3306E-03      -1   0.352E-02   20.00  0.8833E-03  0.1060E+00
  23   -66.0000    -187.261 0.2914   0.1443E+01  0.3974E-03  0.1563E+00  0.2757E-03      -1   0.360E-02   20.00  0.8833E-03  0.1060E+00
  24   -69.0000    -183.941 0.2928   0.1517E+01  0.4017E-03  0.1595E+00  0.2207E-03      -1   0.367E-02   20.00  0.8833E-03  0.1060E+00
  25   -72.0000    -180.630 0.2942   0.1591E+01  0.4060E-03  0.1622E+00  0.1656E-03      -1   0.373E-02   20.00  0.8833E-03  0.1060E+00
  26   -75.0000    -177.329 0.2956   0.1665E+01  0.4103E-03  0.1647E+00  0.1105E-03      -1   0.379E-02   20.00  0.8833E-03  0.1060E+00
  27   -78.0000    -174.036 0.2969   0.1738E+01  0.4146E-03  0.1671E+00  0.5528E-04      -1   0.384E-02   20.00  0.8833E-03  0.1060E+00
  28   -81.0000    -170.752 0.2983   0.1811E+01  0.4189E-03  0.1690E+00  0.0000E+00      -1   0.389E-02   20.00  0.8833E-03  0.1060E+00
  29   -84.0000    -167.476 0.2997   0.1884E+01  0.4232E-03  0.1708E+00  0.0000E+00      -1   0.393E-02   20.00  0.8833E-03  0.1060E+00
  30   -87.0000    -164.208 0.3010   0.1957E+01  0.4274E-03  0.1725E+00  0.0000E+00      -1   0.397E-02   20.00  0.8833E-03  0.1060E+00
  31   -90.0000    -160.947 0.3024   0.2030E+01  0.4316E-03  0.1738E+00  0.0000E+00      -1   0.400E-02   20.00  0.8833E-03  0.1060E+00
  32   -93.0000    -157.694 0.3038   0.2102E+01  0.4359E-03  0.1751E+00  0.0000E+00      -1   0.403E-02   20.00  0.8833E-03  0.1060E+00
  33   -96.0000    -154.447 0.3051   0.2174E+01  0.4401E-03  0.1764E+00  0.0000E+00      -1   0.406E-02   20.00  0.8833E-03  0.1060E+00
  34   -99.0000    -151.208 0.3065   0.2260E+01  0.4442E-03  0.1774E+00  0.0000E+00      -1   0.408E-02   20.00  0.8833E-03  0.1060E+00
  35  -102.0000    -147.978 0.3080   0.2389E+01  0.4479E-03  0.1791E+00  0.0000E+00      -1   0.412E-02   20.00  0.8833E-03  0.1060E+00
  36  -105.0000    -144.758 0.3095   0.2517E+01  0.4517E-03  0.1799E+00  0.0000E+00      -1   0.414E-02   20.00  0.8833E-03  0.1060E+00
  37  -108.0000    -141.549 0.3110   0.2645E+01  0.4554E-03  0.1807E+00  0.0000E+00      -1   0.416E-02   20.00  0.8833E-03  0.1060E+00
  38  -111.0000    -138.348 0.3124   0.2773E+01  0.4591E-03  0.1815E+00  0.0000E+00      -1   0.418E-02   20.00  0.8833E-03  0.1060E+00
  39  -114.0000    -135.156 0.3139   0.2900E+01  0.4628E-03  0.1821E+00  0.0000E+00      -1   0.419E-02   20.00  0.8833E-03  0.1060E+00
  40  -117.0000    -131.971 0.3154   0.3027E+01  0.4665E-03  0.1831E+00  0.0000E+00      -1   0.421E-02   20.00  0.8833E-03  0.1060E+00
  41  -120.0000    -128.793 0.3169   0.3154E+01  0.4701E-03  0.1839E+00  0.0000E+00      -1   0.423E-02   20.00  0.8833E-03  0.1060E+00
  42  -123.0000    -125.621 0.3183   0.3280E+01  0.4738E-03  0.1847E+00  0.0000E+00      -1   0.425E-02   20.00  0.8833E-03  0.1060E+00
  43  -126.0000    -122.455 0.3198   0.3406E+01  0.4775E-03  0.1854E+00  0.0000E+00      -1   0.427E-02   20.00  0.8833E-03  0.1060E+00
  44  -129.0000    -119.295 0.3213   0.3562E+01  0.4806E-03  0.1858E+00  0.0000E+00      -1   0.427E-02   20.00  0.8833E-03  0.1060E+00
  45  -132.0000    -116.143 0.3228   0.3770E+01  0.4828E-03  0.1865E+00  0.0000E+00      -1   0.429E-02   20.00  0.8833E-03  0.1060E+00
  46  -135.0000    -112.998 0.3244   0.3978E+01  0.4851E-03  0.1868E+00  0.0000E+00      -1   0.430E-02   20.00  0.8833E-03  0.1060E+00
  47  -138.0000    -109.861 0.3259   0.4185E+01  0.4873E-03  0.1868E+00  0.0000E+00      -1   0.430E-02   20.00  0.8833E-03  0.1060E+00
  48  -141.0000    -106.730 0.3274   0.4391E+01  0.4895E-03  0.1880E+00  0.0000E+00      -1   0.433E-02   20.00  0.8833E-03  0.1060E+00
  49  -144.0000    -103.604 0.3290   0.4598E+01  0.4917E-03  0.1884E+00  0.0000E+00      -1   0.433E-02   20.00  0.8833E-03  0.1060E+00
  50  -147.0000    -100.484 0.3305   0.4803E+01  0.4940E-03  0.1889E+00  0.0000E+00      -1   0.435E-02   20.00  0.8833E-03  0.1060E+00
  51  -150.0000     -97.368 0.3320   0.5009E+01  0.4962E-03  0.1898E+00  0.0000E+00      -1   0.437E-02   20.00  0.8833E-03  0.1060E+00
  52  -153.0000     -94.257 0.3336   0.5257E+01  0.4975E-03  0.1897E+00  0.0000E+00      -1   0.436E-02   20.00  0.8833E-03  0.1060E+00
  53  -156.0000     -91.152 0.3351   0.5572E+01  0.4973E-03  0.1893E+00  0.0000E+00      -1   0.436E-02   20.00  0.8833E-03  0.1060E+00
  54  -159.0000     -88.053 0.3366   0.5887E+01  0.4972E-03  0.1902E+00  0.0000E+00      -1   0.438E-02   20.00  0.8833E-03  0.1060E+00
  55  -162.0000     -84.958 0.3382   0.6202E+01  0.4970E-03  0.1911E+00  0.0000E+00      -1   0.440E-02   20.00  0.8833E-03  0.1060E+00
  56  -165.0000     -81.868 0.3397   0.6516E+01  0.4969E-03  0.1910E+00  0.0000E+00      -1   0.440E-02   20.00  0.8833E-03  0.1060E+00
  57  -168.0000     -78.782 0.3413   0.6829E+01  0.4968E-03  0.1911E+00  0.0000E+00      -1   0.440E-02   20.00  0.8833E-03  0.1060E+00
  58  -171.0000     -75.700 0.3428   0.7142E+01  0.4966E-03  0.1912E+00  0.0000E+00      -1   0.440E-02   20.00  0.8833E-03  0.1060E+00
  59  -174.0000     -72.622 0.3443   0.7592E+01  0.4934E-03  0.1922E+00  0.0000E+00      -1   0.442E-02   20.00  0.8833E-03  0.1060E+00
  60  -177.0000     -69.548 0.3458   0.8043E+01  0.4902E-03  0.1915E+00  0.0000E+00      -1   0.441E-02   20.00  0.8833E-03  0.1060E+00
  61  -180.0000     -66.479 0.3473   0.8493E+01  0.4869E-03  0.1924E+00  0.0000E+00      -1   0.443E-02   20.00  0.8833E-03  0.1060E+00
  62  -183.0000     -63.412 0.3488   0.8943E+01  0.4837E-03  0.1936E+00  0.0000E+00      -1   0.445E-02   20.00  0.8833E-03  0.1060E+00
  63  -186.0000     -60.349 0.3503   0.9392E+01  0.4805E-03  0.1915E+00  0.0000E+00      -1   0.441E-02   20.00  0.8833E-03  0.1060E+00
  64  -189.0000     -57.290 0.3518   0.9985E+01  0.4741E-03  0.1930E+00  0.0000E+00      -1   0.444E-02   20.00  0.8833E-03  0.1060E+00
  65  -192.0000     -54.233 0.3532   0.1060E+02  0.4673E-03  0.1941E+00  0.0000E+00      -1   0.447E-02   20.00  0.8833E-03  0.1060E+00
  66  -195.0000     -51.180 0.3546   0.1121E+02  0.4604E-03  0.1923E+00  0.0000E+00      -1   0.442E-02   20.00  0.8833E-03  0.1060E+00
  67  -198.0000     -48.130 0.3560   0.1182E+02  0.4536E-03  0.1936E+00  0.0000E+00      -1   0.445E-02   20.00  0.8833E-03  0.1060E+00
  68  -201.0000     -45.082 0.3574   0.1258E+02  0.4437E-03  0.1928E+00  0.0000E+00      -1   0.444E-02   20.00  0.8833E-03  0.1060E+00
  69  -204.0000     -42.038 0.3587   0.1338E+02  0.4330E-03  0.1940E+00  0.0000E+00      -1   0.446E-02   20.00  0.8833E-03  0.1060E+00
  70  -207.0000     -38.995 0.3600   0.1418E+02  0.4223E-03  0.1939E+00  0.0000E+00      -1   0.446E-02   20.00  0.8833E-03  0.1060E+00
  71  -210.0000     -35.956 0.3613   0.1509E+02  0.4094E-03  0.1939E+00  0.0000E+00      -1   0.446E-02   20.00  0.8833E-03  0.1060E+00
  72  -213.0000     -32.918 0.3625   0.1610E+02  0.3947E-03  0.1956E+00  0.0000E+00      -1   0.450E-02   20.00  0.8833E-03  0.1060E+00
  73  -216.0000     -29.883 0.3637   0.1710E+02  0.3800E-03  0.1943E+00  0.0000E+00      -1   0.447E-02   20.00  0.8833E-03  0.1060E+00
  74  -219.0000     -26.850 0.3648   0.1833E+02  0.3614E-03  0.1922E+00  0.0000E+00      -1   0.442E-02   20.00  0.8833E-03  0.1060E+00
  75  -222.0000     -23.820 0.3659   0.1956E+02  0.3427E-03  0.1928E+00  0.0000E+00      -1   0.444E-02   20.00  0.8833E-03  0.1060E+00
  76  -225.0000     -20.791 0.3669   0.2102E+02  0.3203E-03  0.1962E+00  0.0000E+00      -1   0.451E-02   20.00  0.8833E-03  0.1060E+00
  77  -228.0000     -17.764 0.3679   0.2258E+02  0.2963E-03  0.1959E+00  0.0000E+00      -1   0.451E-02   20.00  0.8833E-03  0.1060E+00
  78  -231.0000     -14.739 0.3687   0.2433E+02  0.2694E-03  0.1949E+00  0.0000E+00      -1   0.448E-02   20.00  0.8833E-03  0.1060E+00
  79  -234.0000     -11.716 0.3695   0.2637E+02  0.2385E-03  0.1937E+00  0.0000E+00      -1   0.446E-02   20.00  0.8833E-03  0.1060E+00
  80  -237.0000      -8.695 0.3702   0.2877E+02  0.2024E-03  0.1922E+00  0.0000E+00      -1   0.442E-02   20.00  0.8833E-03  0.1060E+00
  81  -240.0000      -5.676 0.3707   0.3168E+02  0.1598E-03  0.1911E+00  0.0000E+00      -1   0.440E-02   20.00  0.8833E-03  0.1060E+00
  82  -243.0000      -2.659 0.3711   0.3562E+02  0.1040E-03  0.1942E+00  0.0000E+00      -1   0.447E-02   20.00  0.8833E-03  0.1060E+00
  83  -246.0000       0.356 0.3713   0.4346E+02  0.0000E+00  0.2003E+00  0.0000E+00      -1   0.461E-02   20.00  0.8833E-03  0.1060E+00
  84  -249.0000       3.370 0.3713   0.4346E+02  0.0000E+00  0.1956E+00  0.0000E+00      -1   0.450E-02   20.00  0.8833E-03  0.1060E+00
  85  -252.0000       6.383 0.3713   0.4346E+02  0.0000E+00  0.1883E+00  0.0000E+00      -1   0.433E-02   20.00  0.8833E-03  0.1060E+00
  86  -255.0000       9.396 0.3713   0.4346E+02  0.0000E+00  0.1956E+00  0.0000E+00      -1   0.450E-02   20.00  0.8833E-03  0.1060E+00
  87  -258.0000      12.410 0.3713   0.4346E+02  0.0000E+00  0.1956E+00  0.0000E+00      -1   0.450E-02   20.00  0.8833E-03  0.1060E+00
  88  -261.0000      15.423 0.3713   0.4346E+02  0.0000E+00  0.1956E+00  0.0000E+00      -1   0.450E-02   20.00  0.8833E-03  0.1060E+00
  89  -264.0000      18.437 0.3713   0.4346E+02  0.0000E+00  0.1956E+00  0.0000E+00      -1   0.450E-02   20.00  0.8833E-03  0.1060E+00
  90  -267.0000      21.450 0.3713   0.4346E+02  0.0000E+00  0.1956E+00  0.0000E+00      -1   0.450E-02   20.00  0.8833E-03  0.1060E+00
  91  -270.0000      24.464 0.3713   0.4346E+02  0.0000E+00  0.1956E+00  0.0000E+00      -1   0.450E-02   20.00  0.8833E-03  0.1060E+00
  92  -273.0000      27.477 0.3713   0.4346E+02  0.0000E+00  0.1883E+00  0.0000E+00      -1   0.433E-02   20.00  0.8833E-03  0.1060E+00
  93  -276.0000      30.490 0.3713   0.4346E+02  0.0000E+00  0.1956E+00  0.0000E+00      -1   0.450E-02   20.00  0.8833E-03  0.1060E+00
  94  -279.0000      33.504 0.3713   0.4346E+02  0.0000E+00  0.1956E+00  0.0000E+00      -1   0.450E-02   20.00  0.8833E-03  0.1060E+00
  95  -282.0000      36.517 0.3713   0.4346E+02  0.0000E+00  0.1956E+00  0.0000E+00      -1   0.450E-02   20.00  0.8833E-03  0.1060E+00
  96  -285.0000      39.531 0.3713   0.4346E+02  0.0000E+00  0.1956E+00  0.0000E+00      -1   0.450E-02   20.00  0.8833E-03  0.1060E+00
  97  -288.0000      42.544 0.3713   0.4346E+02  0.0000E+00  0.1883E+00  0.0000E+00      -1   0.433E-02   20.00  0.8833E-03  0.1060E+00
  98  -291.0000      45.557 0.3713   0.4346E+02  0.0000E+00  0.1956E+00  0.0000E+00      -1   0.450E-02   20.00  0.8833E-03  0.1060E+00
  99  -294.0000      48.571 0.3713   0.4346E+02  0.0000E+00  0.1956E+00  0.0000E+00      -1   0.450E-02   20.00  0.8823E-03  0.1059E+00
 100  -297.0000      51.584 0.3713   0.4346E+02  0.0000E+00  0.1956E+00  0.0000E+00      -1   0.450E-02   20.00  0.8806E-03  0.1056E+00
 101  -300.0000      54.598 0.3713   0.4346E+02  0.0000E+00  0.2028E+00  0.0000E+00      -1   0.467E-02   20.00  0.8770E-03  0.1054E+00
end


 Time:        1.0000


 Node      Depth      Head Moisture       K          C         Flux        Sink         Kappa   v/KsTop   Temp   Conc(1..NS) Sorb(1...NS)
           [L]        [L]    [-]        [L/T]      [1/L]      [L/T]        [1/T]         [-]      [-]      [C]      [M/L*3]

   1     0.0000    -224.593 0.2777   0.9637E+00  0.3517E-03  0.3198E-01  0.0000E+00      -1   0.736E-03   20.00  0.8382E-03  0.1005E+00
   2    -3.0000    -221.588 0.2788   0.9985E+00  0.3554E-03 -0.2759E-01  0.0000E+00      -1  -0.635E-03   20.00  0.8524E-03  0.1023E+00
   3    -6.0000    -218.756 0.2798   0.1031E+01  0.3588E-03 -0.8388E-01  0.0000E+00      -1  -0.193E-02   20.00  0.8648E-03  0.1038E+00
   4    -9.0000    -216.074 0.2808   0.1062E+01  0.3621E-03 -0.1345E+00  0.1051E-02      -1  -0.310E-02   20.00  0.8732E-03  0.1048E+00
   5   -12.0000    -213.514 0.2817   0.1092E+01  0.3652E-03 -0.1790E+00  0.1052E-02      -1  -0.412E-02   20.00  0.8789E-03  0.1055E+00
   6   -15.0000    -211.057 0.2826   0.1120E+01  0.3682E-03 -0.2186E+00  0.1053E-02      -1  -0.503E-02   20.00  0.8816E-03  0.1058E+00
   7   -18.0000    -208.684 0.2834   0.1148E+01  0.3711E-03 -0.2532E+00  0.1054E-02      -1  -0.583E-02   20.00  0.8832E-03  0.1060E+00
   8   -21.0000    -206.380 0.2843   0.1174E+01  0.3738E-03 -0.2828E+00  0.1054E-02      -1  -0.651E-02   20.00  0.8834E-03  0.1060E+00
   9   -24.0000    -204.129 0.2851   0.1200E+01  0.3766E-03 -0.3073E+00  0.1044E-02      -1  -0.707E-02   20.00  0.8834E-03  0.1060E+00
  10   -27.0000    -201.916 0.2859   0.1226E+01  0.3793E-03 -0.3272E+00  0.9893E-03      -1  -0.753E-02   20.00  0.8834E-03  0.1060E+00
  11   -30.0000    -199.730 0.2867   0.1251E+01  0.3819E-03 -0.3426E+00  0.9348E-03      -1  -0.788E-02   20.00  0.8834E-03  0.1060E+00
  12   -33.0000    -197.559 0.2874   0.1276E+01  0.3846E-03 -0.3538E+00  0.8803E-03      -1  -0.814E-02   20.00  0.8834E-03  0.1060E+00
  13   -36.0000    -195.393 0.2882   0.1301E+01  0.3872E-03 -0.3611E+00  0.8256E-03      -1  -0.831E-02   20.00  0.8834E-03  0.1060E+00
  14   -39.0000    -193.224 0.2890   0.1326E+01  0.3898E-03 -0.3648E+00  0.7710E-03      -1  -0.839E-02   20.00  0.8834E-03  0.1060E+00
  15   -42.0000    -191.041 0.2898   0.1360E+01  0.3925E-03 -0.3652E+00  0.7162E-03      -1  -0.840E-02   20.00  0.8834E-03  0.1060E+00
  16   -45.0000    -188.831 0.2908   0.1409E+01  0.3954E-03 -0.3625E+00  0.6614E-03      -1  -0.834E-02   20.00  0.8834E-03  0.1060E+00
  17   -48.0000    -186.585 0.2917   0.1459E+01  0.3983E-03 -0.3569E+00  0.6066E-03      -1  -0.821E-02   20.00  0.8834E-03  0.1060E+00
  18   -51.0000    -184.299 0.2927   0.1510E+01  0.4013E-03 -0.3486E+00  0.5517E-03      -1  -0.802E-02   20.00  0.8834E-03  0.1060E+00
  19   -54.0000    -181.971 0.2936   0.1562E+01  0.4043E-03 -0.3382E+00  0.4968E-03      -1  -0.778E-02   20.00  0.8834E-03  0.1060E+00
  20   -57.0000    -179.599 0.2946   0.1615E+01  0.4074E-03 -0.3259E+00  0.4418E-03      -1  -0.750E-02   20.00  0.8834E-03  0.1060E+00
  21   -60.0000    -177.183 0.2956   0.1668E+01  0.4105E-03 -0.3122E+00  0.3867E-03      -1  -0.718E-02   20.00  0.8834E-03  0.1060E+00
  22   -63.0000    -174.723 0.2966   0.1723E+01  0.4137E-03 -0.2974E+00  0.3316E-03      -1  -0.684E-02   20.00  0.8834E-03  0.1060E+00
  23   -66.0000    -172.219 0.2977   0.1779E+01  0.4170E-03 -0.2816E+00  0.2765E-03      -1  -0.648E-02   20.00  0.8834E-03  0.1060E+00
  24   -69.0000    -169.673 0.2988   0.1836E+01  0.4203E-03 -0.2653E+00  0.2213E-03      -1  -0.610E-02   20.00  0.8833E-03  0.1060E+00
  25   -72.0000    -167.087 0.2998   0.1893E+01  0.4237E-03 -0.2486E+00  0.1660E-03      -1  -0.572E-02   20.00  0.8833E-03  0.1060E+00
  26   -75.0000    -164.462 0.3009   0.1952E+01  0.4271E-03 -0.2318E+00  0.1107E-03      -1  -0.533E-02   20.00  0.8833E-03  0.1060E+00
  27   -78.0000    -161.800 0.3020   0.2011E+01  0.4306E-03 -0.2149E+00  0.5539E-04      -1  -0.494E-02   20.00  0.8833E-03  0.1060E+00
  28   -81.0000    -159.103 0.3032   0.2071E+01  0.4341E-03 -0.1981E+00  0.0000E+00      -1  -0.456E-02   20.00  0.8833E-03  0.1060E+00
  29   -84.0000    -156.374 0.3043   0.2132E+01  0.4376E-03 -0.1816E+00  0.0000E+00      -1  -0.418E-02   20.00  0.8833E-03  0.1060E+00
  30   -87.0000    -153.615 0.3055   0.2193E+01  0.4412E-03 -0.1653E+00  0.0000E+00      -1  -0.380E-02   20.00  0.8833E-03  0.1060E+00
  31   -90.0000    -150.826 0.3067   0.2276E+01  0.4447E-03 -0.1484E+00  0.0000E+00      -1  -0.341E-02   20.00  0.8833E-03  0.1060E+00
  32   -93.0000    -148.005 0.3080   0.2388E+01  0.4479E-03 -0.1311E+00  0.0000E+00      -1  -0.302E-02   20.00  0.8833E-03  0.1060E+00
  33   -96.0000    -145.156 0.3093   0.2502E+01  0.4512E-03 -0.1142E+00  0.0000E+00      -1  -0.263E-02   20.00  0.8833E-03  0.1060E+00
  34   -99.0000    -142.280 0.3106   0.2616E+01  0.4545E-03 -0.9780E-01  0.0000E+00      -1  -0.225E-02   20.00  0.8833E-03  0.1060E+00
  35  -102.0000    -139.381 0.3120   0.2732E+01  0.4579E-03 -0.8196E-01  0.0000E+00      -1  -0.189E-02   20.00  0.8833E-03  0.1060E+00
  36  -105.0000    -136.460 0.3133   0.2848E+01  0.4613E-03 -0.6669E-01  0.0000E+00      -1  -0.153E-02   20.00  0.8833E-03  0.1060E+00
  37  -108.0000    -133.521 0.3147   0.2965E+01  0.4647E-03 -0.5203E-01  0.0000E+00      -1  -0.120E-02   20.00  0.8833E-03  0.1060E+00
  38  -111.0000    -130.566 0.3160   0.3083E+01  0.4681E-03 -0.3796E-01  0.0000E+00      -1  -0.873E-03   20.00  0.8833E-03  0.1060E+00
  39  -114.0000    -127.596 0.3174   0.3201E+01  0.4715E-03 -0.2451E-01  0.0000E+00      -1  -0.564E-03   20.00  0.8833E-03  0.1060E+00
  40  -117.0000    -124.612 0.3188   0.3320E+01  0.4750E-03 -0.1167E-01  0.0000E+00      -1  -0.268E-03   20.00  0.8833E-03  0.1060E+00
  41  -120.0000    -121.617 0.3202   0.3440E+01  0.4784E-03  0.5672E-03  0.0000E+00      -1   0.130E-04   20.00  0.8833E-03  0.1060E+00
  42  -123.0000    -118.611 0.3216   0.3608E+01  0.4811E-03  0.1254E-01  0.0000E+00      -1   0.288E-03   20.00  0.8833E-03  0.1060E+00
  43  -126.0000    -115.596 0.3231   0.3806E+01  0.4832E-03  0.2425E-01  0.0000E+00      -1   0.558E-03   20.00  0.8833E-03  0.1060E+00
  44  -129.0000    -112.573 0.3246   0.4006E+01  0.4854E-03  0.3536E-01  0.0000E+00      -1   0.814E-03   20.00  0.8833E-03  0.1060E+00
  45  -132.0000    -109.544 0.3261   0.4206E+01  0.4875E-03  0.4589E-01  0.0000E+00      -1   0.106E-02   20.00  0.8833E-03  0.1060E+00
  46  -135.0000    -106.508 0.3275   0.4406E+01  0.4897E-03  0.5586E-01  0.0000E+00      -1   0.129E-02   20.00  0.8833E-03  0.1060E+00
  47  -138.0000    -103.468 0.3290   0.4607E+01  0.4918E-03  0.6529E-01  0.0000E+00      -1   0.150E-02   20.00  0.8833E-03  0.1060E+00
  48  -141.0000    -100.423 0.3305   0.4807E+01  0.4940E-03  0.7422E-01  0.0000E+00      -1   0.171E-02   20.00  0.8833E-03  0.1060E+00
  49  -144.0000     -97.375 0.3320   0.5009E+01  0.4962E-03  0.8263E-01  0.0000E+00      -1   0.190E-02   20.00  0.8833E-03  0.1060E+00
  50  -147.0000     -94.324 0.3335   0.5250E+01  0.4975E-03  0.9064E-01  0.0000E+00      -1   0.209E-02   20.00  0.8833E-03  0.1060E+00
  51  -150.0000     -91.272 0.3350   0.5560E+01  0.4973E-03  0.9826E-01  0.0000E+00      -1   0.226E-02   20.00  0.8833E-03  0.1060E+00
  52  -153.0000     -88.218 0.3366   0.5870E+01  0.4972E-03  0.1054E+00  0.0000E+00      -1   0.243E-02   20.00  0.8833E-03  0.1060E+00
  53  -156.0000     -85.164 0.3381   0.6181E+01  0.4971E-03  0.1122E+00  0.0000E+00      -1   0.258E-02   20.00  0.8833E-03  0.1060E+00
  54  -159.0000     -82.109 0.3396   0.6491E+01  0.4969E-03  0.1185E+00  0.0000E+00      -1   0.273E-02   20.00  0.8833E-03  0.1060E+00
  55  -162.0000     -79.054 0.3411   0.6802E+01  0.4968E-03  0.1245E+00  0.0000E+00      -1   0.287E-02   20.00  0.8833E-03  0.1060E+00
  56  -165.0000     -76.000 0.3427   0.7112E+01  0.4966E-03  0.1302E+00  0.0000E+00      -1   0.299E-02   20.00  0.8833E-03  0.1060E+00
  57  -168.0000     -72.945 0.3442   0.7544E+01  0.4938E-03  0.1354E+00  0.0000E+00      -1   0.312E-02   20.00  0.8833E-03  0.1060E+00
  58  -171.0000     -69.892 0.3457   0.7992E+01  0.4905E-03  0.1403E+00  0.0000E+00      -1   0.323E-02   20.00  0.8833E-03  0.1060E+00
  59  -174.0000     -66.840 0.3471   0.8440E+01  0.4873E-03  0.1448E+00  0.0000E+00      -1   0.333E-02   20.00  0.8833E-03  0.1060E+00
  60  -177.0000     -63.789 0.3486   0.8888E+01  0.4841E-03  0.1491E+00  0.0000E+00      -1   0.343E-02   20.00  0.8833E-03  0.1060E+00
  61  -180.0000     -60.739 0.3501   0.9335E+01  0.4809E-03  0.1532E+00  0.0000E+00      -1   0.352E-02   20.00  0.8833E-03  0.1060E+00
  62  -183.0000     -57.691 0.3516   0.9904E+01  0.4750E-03  0.1569E+00  0.0000E+00      -1   0.361E-02   20.00  0.8833E-03  0.1060E+00
  63  -186.0000     -54.644 0.3530   0.1052E+02  0.4682E-03  0.1602E+00  0.0000E+00      -1   0.369E-02   20.00  0.8833E-03  0.1060E+00
  64  -189.0000     -51.599 0.3544   0.1113E+02  0.4614E-03  0.1634E+00  0.0000E+00      -1   0.376E-02   20.00  0.8833E-03  0.1060E+00
  65  -192.0000     -48.556 0.3558   0.1174E+02  0.4545E-03  0.1664E+00  0.0000E+00      -1   0.383E-02   20.00  0.8833E-03  0.1060E+00
  66  -195.0000     -45.514 0.3572   0.1247E+02  0.4452E-03  0.1690E+00  0.0000E+00      -1   0.389E-02   20.00  0.8833E-03  0.1060E+00
  67  -198.0000     -42.475 0.3585   0.1327E+02  0.4345E-03  0.1715E+00  0.0000E+00      -1   0.394E-02   20.00  0.8833E-03  0.1060E+00
  68  -201.0000     -39.437 0.3599   0.1406E+02  0.4238E-03  0.1737E+00  0.0000E+00      -1   0.400E-02   20.00  0.8833E-03  0.1060E+00
  69  -204.0000     -36.401 0.3611   0.1495E+02  0.4115E-03  0.1757E+00  0.0000E+00      -1   0.404E-02   20.00  0.8833E-03  0.1060E+00
  70  -207.0000     -33.366 0.3623   0.1595E+02  0.3968E-03  0.1775E+00  0.0000E+00      -1   0.409E-02   20.00  0.8833E-03  0.1060E+00
  71  -210.0000     -30.334 0.3636   0.1695E+02  0.3822E-03  0.1792E+00  0.0000E+00      -1   0.412E-02   20.00  0.8833E-03  0.1060E+00
  72  -213.0000     -27.303 0.3647   0.1815E+02  0.3642E-03  0.1807E+00  0.0000E+00      -1   0.416E-02   20.00  0.8833E-03  0.1060E+00
  73  -216.0000     -24.274 0.3658   0.1938E+02  0.3455E-03  0.1821E+00  0.0000E+00      -1   0.419E-02   20.00  0.8833E-03  0.1060E+00
  74  -219.0000     -21.247 0.3668   0.2080E+02  0.3237E-03  0.1833E+00  0.0000E+00      -1   0.422E-02   20.00  0.8833E-03  0.1060E+00
  75  -222.0000     -18.221 0.3677   0.2232E+02  0.3003E-03  0.1843E+00  0.0000E+00      -1   0.424E-02   20.00  0.8833E-03  0.1060E+00
  76  -225.0000     -15.197 0.3686   0.2406E+02  0.2736E-03  0.1851E+00  0.0000E+00      -1   0.426E-02   20.00  0.8833E-03  0.1060E+00
  77  -228.0000     -12.175 0.3694   0.2605E+02  0.2433E-03  0.1859E+00  0.0000E+00      -1   0.428E-02   20.00  0.8833E-03  0.1060E+00
  78  -231.0000      -9.154 0.3701   0.2837E+02  0.2085E-03  0.1865E+00  0.0000E+00      -1   0.429E-02   20.00  0.8833E-03  0.1060E+00
  79  -234.0000      -6.136 0.3706   0.3119E+02  0.1669E-03  0.1870E+00  0.0000E+00      -1   0.430E-02   20.00  0.8833E-03  0.1060E+00
  80  -237.0000      -3.119 0.3711   0.3491E+02  0.1139E-03  0.1873E+00  0.0000E+00      -1   0.431E-02   20.00  0.8833E-03  0.1060E+00
  81  -240.0000      -0.104 0.3713   0.4218E+02  0.1636E-04  0.1875E+00  0.0000E+00      -1   0.431E-02   20.00  0.8833E-03  0.1060E+00
  82  -243.0000       2.909 0.3713   0.4346E+02  0.0000E+00  0.1875E+00  0.0000E+00      -1   0.431E-02   20.00  0.8833E-03  0.1060E+00
  83  -246.0000       5.922 0.3713   0.4346E+02  0.0000E+00  0.1875E+00  0.0000E+00      -1   0.431E-02   20.00  0.8833E-03  0.1060E+00
  84  -249.0000       8.935 0.3713   0.4346E+02  0.0000E+00  0.1875E+00  0.0000E+00      -1   0.431E-02   20.00  0.8833E-03  0.1060E+00
  85  -252.0000      11.948 0.3713   0.4346E+02  0.0000E+00  0.1875E+00  0.0000E+00      -1   0.431E-02   20.00  0.8833E-03  0.1060E+00
  86  -255.0000      14.961 0.3713   0.4346E+02  0.0000E+00  0.1875E+00  0.0000E+00      -1   0.431E-02   20.00  0.8833E-03  0.1060E+00
  87  -258.0000      17.974 0.3713   0.4346E+02  0.0000E+00  0.1875E+00  0.0000E+00      -1   0.431E-02   20.00  0.8833E-03  0.1060E+00
  88  -261.0000      20.987 0.3713   0.4346E+02  0.0000E+00  0.1875E+00  0.0000E+00      -1   0.431E-02   20.00  0.8833E-03  0.1060E+00
  89  -264.0000      24.000 0.3713   0.4346E+02  0.0000E+00  0.1875E+00  0.0000E+00      -1   0.431E-02   20.00  0.8833E-03  0.1060E+00
  90  -267.0000      27.013 0.3713   0.4346E+02  0.0000E+00  0.1875E+00  0.0000E+00      -1   0.431E-02   20.00  0.8833E-03  0.1060E+00
  91  -270.0000      30.026 0.3713   0.4346E+02  0.0000E+00  0.1875E+00  0.0000E+00      -1   0.431E-02   20.00  0.8833E-03  0.1060E+00
  92  -273.0000      33.038 0.3713   0.4346E+02  0.0000E+00  0.1875E+00  0.0000E+00      -1   0.431E-02   20.00  0.8833E-03  0.1060E+00
  93  -276.0000      36.051 0.3713   0.4346E+02  0.0000E+00  0.1875E+00  0.0000E+00      -1   0.431E-02   20.00  0.8833E-03  0.1060E+00
  94  -279.0000      39.064 0.3713   0.4346E+02  0.0000E+00  0.1875E+00  0.0000E+00      -1   0.431E-02   20.00  0.8833E-03  0.1060E+00
  95  -282.0000      42.077 0.3713   0.4346E+02  0.0000E+00  0.1875E+00  0.0000E+00      -1   0.431E-02   20.00  0.8833E-03  0.1060E+00
  96  -285.0000      45.090 0.3713   0.4346E+02  0.0000E+00  0.1875E+00  0.0000E+00      -1   0.431E-02   20.00  0.8833E-03  0.1060E+00
  97  -288.0000      48.103 0.3713   0.4346E+02  0.0000E+00  0.1875E+00  0.0000E+00      -1   0.431E-02   20.00  0.8833E-03  0.1060E+00
  98  -291.0000      51.116 0.3713   0.4346E+02  0.0000E+00  0.1875E+00  0.0000E+00      -1   0.431E-02   20.00  0.8833E-03  0.1060E+00
  99  -294.0000      54.129 0.3713   0.4346E+02  0.0000E+00  0.1875E+00  0.0000E+00      -1   0.431E-02   20.00  0.8823E-03  0.1059E+00
 100  -297.0000      57.142 0.3713   0.4346E+02  0.0000E+00  0.1875E+00  0.0000E+00      -1   0.431E-02   20.00  0.8805E-03  0.1056E+00
 101  -300.0000      60.155 0.3713   0.4346E+02  0.0000E+00  0.1875E+00  0.0000E+00      -1   0.431E-02   20.00  0.8750E-03  0.1052E+00
end
