 ******* Program HYDRUS
 ******* 
 Welcome to HYDRUS-1D                                                    
 Date:  28. 3.2022    Time:   8:56: 8
 Units: L = cm   , T = days , M = mg   


 Time:        0.0000


 Node      Depth      Head Moisture       K          C         Flux        Sink         Kappa   v/KsTop   Temp   Conc(1..NS) Sorb(1...NS)
           [L]        [L]    [-]        [L/T]      [1/L]      [L/T]        [1/T]         [-]      [-]      [C]      [M/L*3]

   1     0.0000    -270.555 0.2629   0.6056E+00  0.3024E-03  0.1030E+00  0.0000E+00      -1   0.237E-02   20.00  0.9384E-03  0.1125E+00
   2    -3.0000    -267.053 0.2640   0.6250E+00  0.3059E-03  0.1149E+00  0.0000E+00      -1   0.264E-02   20.00  0.9408E-03  0.1129E+00
   3    -6.0000    -263.454 0.2650   0.6449E+00  0.3095E-03  0.1374E+00  0.0000E+00      -1   0.316E-02   20.00  0.9459E-03  0.1135E+00
   4    -9.0000    -259.776 0.2661   0.6653E+00  0.3131E-03  0.1587E+00  0.4310E-03      -1   0.365E-02   20.00  0.9461E-03  0.1135E+00
   5   -12.0000    -256.024 0.2672   0.6860E+00  0.3168E-03  0.1787E+00  0.4317E-03      -1   0.411E-02   20.00  0.9458E-03  0.1135E+00
   6   -15.0000    -252.214 0.2684   0.7071E+00  0.3206E-03  0.1958E+00  0.3602E-03      -1   0.451E-02   20.00  0.9406E-03  0.1129E+00
   7   -18.0000    -248.363 0.2695   0.7285E+00  0.3244E-03  0.2099E+00  0.2705E-03      -1   0.483E-02   20.00  0.9262E-03  0.1112E+00
   8   -21.0000    -244.486 0.2707   0.7499E+00  0.3282E-03  0.2207E+00  0.1806E-03      -1   0.508E-02   20.00  0.9039E-03  0.1084E+00
   9   -24.0000    -240.602 0.2719   0.7799E+00  0.3324E-03  0.2293E+00  0.9042E-04      -1   0.528E-02   20.00  0.8896E-03  0.1067E+00
  10   -27.0000    -236.730 0.2733   0.8245E+00  0.3371E-03  0.2351E+00  0.0000E+00      -1   0.541E-02   20.00  0.8844E-03  0.1061E+00
  11   -30.0000    -232.890 0.2747   0.8688E+00  0.3417E-03  0.2382E+00  0.0000E+00      -1   0.548E-02   20.00  0.8834E-03  0.1060E+00
  12   -33.0000    -229.084 0.2761   0.9126E+00  0.3463E-03  0.2394E+00  0.0000E+00      -1   0.551E-02   20.00  0.8834E-03  0.1060E+00
  13   -36.0000    -225.315 0.2774   0.9561E+00  0.3509E-03  0.2392E+00  0.0000E+00      -1   0.550E-02   20.00  0.8834E-03  0.1060E+00
  14   -39.0000    -221.582 0.2788   0.9991E+00  0.3554E-03  0.2378E+00  0.0000E+00      -1   0.547E-02   20.00  0.8834E-03  0.1060E+00
  15   -42.0000    -217.886 0.2801   0.1042E+01  0.3599E-03  0.2354E+00  0.0000E+00      -1   0.542E-02   20.00  0.8833E-03  0.1060E+00
  16   -45.0000    -214.225 0.2814   0.1084E+01  0.3643E-03  0.2322E+00  0.0000E+00      -1   0.534E-02   20.00  0.8833E-03  0.1060E+00
  17   -48.0000    -210.600 0.2827   0.1126E+01  0.3687E-03  0.2284E+00  0.0000E+00      -1   0.525E-02   20.00  0.8833E-03  0.1060E+00
  18   -51.0000    -207.007 0.2840   0.1167E+01  0.3731E-03  0.2243E+00  0.0000E+00      -1   0.516E-02   20.00  0.8833E-03  0.1060E+00
  19   -54.0000    -203.446 0.2853   0.1208E+01  0.3774E-03  0.2198E+00  0.0000E+00      -1   0.506E-02   20.00  0.8833E-03  0.1060E+00
  20   -57.0000    -199.915 0.2866   0.1249E+01  0.3817E-03  0.2151E+00  0.0000E+00      -1   0.495E-02   20.00  0.8833E-03  0.1060E+00
  21   -60.0000    -196.412 0.2879   0.1289E+01  0.3859E-03  0.2100E+00  0.0000E+00      -1   0.483E-02   20.00  0.8833E-03  0.1060E+00
  22   -63.0000    -192.937 0.2891   0.1329E+01  0.3901E-03  0.2051E+00  0.0000E+00      -1   0.472E-02   20.00  0.8833E-03  0.1060E+00
  23   -66.0000    -189.490 0.2905   0.1394E+01  0.3945E-03  0.1997E+00  0.0000E+00      -1   0.460E-02   20.00  0.8833E-03  0.1060E+00
  24   -69.0000    -186.078 0.2919   0.1470E+01  0.3989E-03  0.1938E+00  0.0000E+00      -1   0.446E-02   20.00  0.8833E-03  0.1060E+00
  25   -72.0000    -182.698 0.2933   0.1545E+01  0.4033E-03  0.1883E+00  0.0000E+00      -1   0.433E-02   20.00  0.8833E-03  0.1060E+00
  26   -75.0000    -179.346 0.2947   0.1620E+01  0.4077E-03  0.1826E+00  0.0000E+00      -1   0.420E-02   20.00  0.8833E-03  0.1060E+00
  27   -78.0000    -176.021 0.2961   0.1694E+01  0.4120E-03  0.1768E+00  0.0000E+00      -1   0.407E-02   20.00  0.8833E-03  0.1060E+00
  28   -81.0000    -172.719 0.2975   0.1767E+01  0.4163E-03  0.1719E+00  0.0000E+00      -1   0.395E-02   20.00  0.8833E-03  0.1060E+00
  29   -84.0000    -169.437 0.2988   0.1840E+01  0.4206E-03  0.1667E+00  0.0000E+00      -1   0.384E-02   20.00  0.8833E-03  0.1060E+00
  30   -87.0000    -166.175 0.3002   0.1913E+01  0.4248E-03  0.1616E+00  0.0000E+00      -1   0.372E-02   20.00  0.8833E-03  0.1060E+00
  31   -90.0000    -162.930 0.3016   0.1985E+01  0.4291E-03  0.1571E+00  0.0000E+00      -1   0.361E-02   20.00  0.8833E-03  0.1060E+00
  32   -93.0000    -159.700 0.3029   0.2057E+01  0.4333E-03  0.1528E+00  0.0000E+00      -1   0.352E-02   20.00  0.8833E-03  0.1060E+00
  33   -96.0000    -156.484 0.3043   0.2129E+01  0.4375E-03  0.1486E+00  0.0000E+00      -1   0.342E-02   20.00  0.8833E-03  0.1060E+00
  34   -99.0000    -153.281 0.3056   0.2200E+01  0.4416E-03  0.1446E+00  0.0000E+00      -1   0.333E-02   20.00  0.8833E-03  0.1060E+00
  35  -102.0000    -150.091 0.3070   0.2305E+01  0.4455E-03  0.1404E+00  0.0000E+00      -1   0.323E-02   20.00  0.8833E-03  0.1060E+00
  36  -105.0000    -146.916 0.3085   0.2431E+01  0.4492E-03  0.1364E+00  0.0000E+00      -1   0.314E-02   20.00  0.8833E-03  0.1060E+00
  37  -108.0000    -143.754 0.3099   0.2557E+01  0.4528E-03  0.1324E+00  0.0000E+00      -1   0.305E-02   20.00  0.8833E-03  0.1060E+00
  38  -111.0000    -140.605 0.3114   0.2683E+01  0.4565E-03  0.1291E+00  0.0000E+00      -1   0.297E-02   20.00  0.8833E-03  0.1060E+00
  39  -114.0000    -137.465 0.3128   0.2808E+01  0.4601E-03  0.1258E+00  0.0000E+00      -1   0.289E-02   20.00  0.8833E-03  0.1060E+00
  40  -117.0000    -134.336 0.3143   0.2933E+01  0.4637E-03  0.1221E+00  0.0000E+00      -1   0.281E-02   20.00  0.8833E-03  0.1060E+00
  41  -120.0000    -131.215 0.3157   0.3057E+01  0.4673E-03  0.1197E+00  0.0000E+00      -1   0.275E-02   20.00  0.8833E-03  0.1060E+00
  42  -123.0000    -128.101 0.3172   0.3181E+01  0.4709E-03  0.1171E+00  0.0000E+00      -1   0.269E-02   20.00  0.8833E-03  0.1060E+00
  43  -126.0000    -124.994 0.3186   0.3305E+01  0.4745E-03  0.1145E+00  0.0000E+00      -1   0.263E-02   20.00  0.8833E-03  0.1060E+00
  44  -129.0000    -121.893 0.3200   0.3429E+01  0.4781E-03  0.1117E+00  0.0000E+00      -1   0.257E-02   20.00  0.8833E-03  0.1060E+00
  45  -132.0000    -118.799 0.3215   0.3595E+01  0.4810E-03  0.1092E+00  0.0000E+00      -1   0.251E-02   20.00  0.8833E-03  0.1060E+00
  46  -135.0000    -115.711 0.3230   0.3799E+01  0.4831E-03  0.1069E+00  0.0000E+00      -1   0.246E-02   20.00  0.8833E-03  0.1060E+00
  47  -138.0000    -112.630 0.3245   0.4002E+01  0.4853E-03  0.1046E+00  0.0000E+00      -1   0.241E-02   20.00  0.8833E-03  0.1060E+00
  48  -141.0000    -109.554 0.3261   0.4205E+01  0.4875E-03  0.1037E+00  0.0000E+00      -1   0.238E-02   20.00  0.8833E-03  0.1060E+00
  49  -144.0000    -106.482 0.3276   0.4408E+01  0.4897E-03  0.1013E+00  0.0000E+00      -1   0.233E-02   20.00  0.8833E-03  0.1060E+00
  50  -147.0000    -103.416 0.3291   0.4610E+01  0.4919E-03  0.9907E-01  0.0000E+00      -1   0.228E-02   20.00  0.8833E-03  0.1060E+00
  51  -150.0000    -100.353 0.3306   0.4812E+01  0.4940E-03  0.9778E-01  0.0000E+00      -1   0.225E-02   20.00  0.8833E-03  0.1060E+00
  52  -153.0000     -97.294 0.3321   0.5014E+01  0.4962E-03  0.9625E-01  0.0000E+00      -1   0.221E-02   20.00  0.8833E-03  0.1060E+00
  53  -156.0000     -94.238 0.3336   0.5259E+01  0.4975E-03  0.9486E-01  0.0000E+00      -1   0.218E-02   20.00  0.8833E-03  0.1060E+00
  54  -159.0000     -91.186 0.3351   0.5569E+01  0.4973E-03  0.9366E-01  0.0000E+00      -1   0.216E-02   20.00  0.8833E-03  0.1060E+00
  55  -162.0000     -88.137 0.3366   0.5879E+01  0.4972E-03  0.9300E-01  0.0000E+00      -1   0.214E-02   20.00  0.8833E-03  0.1060E+00
  56  -165.0000     -85.091 0.3381   0.6188E+01  0.4970E-03  0.9172E-01  0.0000E+00      -1   0.211E-02   20.00  0.8833E-03  0.1060E+00
  57  -168.0000     -82.048 0.3396   0.6497E+01  0.4969E-03  0.8980E-01  0.0000E+00      -1   0.207E-02   20.00  0.8833E-03  0.1060E+00
  58  -171.0000     -79.008 0.3412   0.6806E+01  0.4968E-03  0.8842E-01  0.0000E+00      -1   0.203E-02   20.00  0.8833E-03  0.1060E+00
  59  -174.0000     -75.970 0.3427   0.7115E+01  0.4966E-03  0.8807E-01  0.0000E+00      -1   0.203E-02   20.00  0.8833E-03  0.1060E+00
  60  -177.0000     -72.934 0.3442   0.7546E+01  0.4938E-03  0.8800E-01  0.0000E+00      -1   0.202E-02   20.00  0.8833E-03  0.1060E+00
  61  -180.0000     -69.900 0.3456   0.7991E+01  0.4906E-03  0.8645E-01  0.0000E+00      -1   0.199E-02   20.00  0.8833E-03  0.1060E+00
  62  -183.0000     -66.869 0.3471   0.8436E+01  0.4874E-03  0.8573E-01  0.0000E+00      -1   0.197E-02   20.00  0.8833E-03  0.1060E+00
  63  -186.0000     -63.839 0.3486   0.8880E+01  0.4842E-03  0.8577E-01  0.0000E+00      -1   0.197E-02   20.00  0.8833E-03  0.1060E+00
  64  -189.0000     -60.811 0.3501   0.9325E+01  0.4810E-03  0.8410E-01  0.0000E+00      -1   0.194E-02   20.00  0.8833E-03  0.1060E+00
  65  -192.0000     -57.785 0.3515   0.9885E+01  0.4752E-03  0.8237E-01  0.0000E+00      -1   0.190E-02   20.00  0.8833E-03  0.1060E+00
  66  -195.0000     -54.761 0.3529   0.1049E+02  0.4684E-03  0.8394E-01  0.0000E+00      -1   0.193E-02   20.00  0.8833E-03  0.1060E+00
  67  -198.0000     -51.737 0.3544   0.1110E+02  0.4617E-03  0.8309E-01  0.0000E+00      -1   0.191E-02   20.00  0.8833E-03  0.1060E+00
  68  -201.0000     -48.716 0.3558   0.1170E+02  0.4549E-03  0.8213E-01  0.0000E+00      -1   0.189E-02   20.00  0.8833E-03  0.1060E+00
  69  -204.0000     -45.695 0.3571   0.1242E+02  0.4458E-03  0.8282E-01  0.0000E+00      -1   0.191E-02   20.00  0.8833E-03  0.1060E+00
  70  -207.0000     -42.676 0.3584   0.1321E+02  0.4352E-03  0.8142E-01  0.0000E+00      -1   0.187E-02   20.00  0.8833E-03  0.1060E+00
  71  -210.0000     -39.658 0.3598   0.1401E+02  0.4246E-03  0.8173E-01  0.0000E+00      -1   0.188E-02   20.00  0.8833E-03  0.1060E+00
  72  -213.0000     -36.641 0.3610   0.1487E+02  0.4127E-03  0.7932E-01  0.0000E+00      -1   0.183E-02   20.00  0.8833E-03  0.1060E+00
  73  -216.0000     -33.626 0.3622   0.1586E+02  0.3981E-03  0.7932E-01  0.0000E+00      -1   0.182E-02   20.00  0.8833E-03  0.1060E+00
  74  -219.0000     -30.611 0.3634   0.1686E+02  0.3835E-03  0.8161E-01  0.0000E+00      -1   0.188E-02   20.00  0.8833E-03  0.1060E+00
  75  -222.0000     -27.597 0.3646   0.1803E+02  0.3660E-03  0.8109E-01  0.0000E+00      -1   0.187E-02   20.00  0.8833E-03  0.1060E+00
  76  -225.0000     -24.584 0.3657   0.1925E+02  0.3474E-03  0.8028E-01  0.0000E+00      -1   0.185E-02   20.00  0.8833E-03  0.1060E+00
  77  -228.0000     -21.572 0.3667   0.2064E+02  0.3261E-03  0.7909E-01  0.0000E+00      -1   0.182E-02   20.00  0.8833E-03  0.1060E+00
  78  -231.0000     -18.561 0.3676   0.2212E+02  0.3033E-03  0.7752E-01  0.0000E+00      -1   0.178E-02   20.00  0.8833E-03  0.1060E+00
  79  -234.0000     -15.551 0.3685   0.2386E+02  0.2767E-03  0.7971E-01  0.0000E+00      -1   0.183E-02   20.00  0.8833E-03  0.1060E+00
  80  -237.0000     -12.541 0.3693   0.2581E+02  0.2470E-03  0.8178E-01  0.0000E+00      -1   0.188E-02   20.00  0.8833E-03  0.1060E+00
  81  -240.0000      -9.532 0.3700   0.2806E+02  0.2131E-03  0.7964E-01  0.0000E+00      -1   0.183E-02   20.00  0.8833E-03  0.1060E+00
  82  -243.0000      -6.524 0.3706   0.3080E+02  0.1726E-03  0.7723E-01  0.0000E+00      -1   0.178E-02   20.00  0.8833E-03  0.1060E+00
  83  -246.0000      -3.517 0.3710   0.3433E+02  0.1220E-03  0.8154E-01  0.0000E+00      -1   0.188E-02   20.00  0.8833E-03  0.1060E+00
  84  -249.0000      -0.510 0.3713   0.4032E+02  0.4055E-04  0.7846E-01  0.0000E+00      -1   0.181E-02   20.00  0.8833E-03  0.1060E+00
  85  -252.0000       2.495 0.3713   0.4346E+02  0.0000E+00  0.7837E-01  0.0000E+00      -1   0.180E-02   20.00  0.8833E-03  0.1060E+00
  86  -255.0000       5.501 0.3713   0.4346E+02  0.0000E+00  0.7968E-01  0.0000E+00      -1   0.183E-02   20.00  0.8833E-03  0.1060E+00
  87  -258.0000       8.506 0.3713   0.4346E+02  0.0000E+00  0.7968E-01  0.0000E+00      -1   0.183E-02   20.00  0.8833E-03  0.1060E+00
  88  -261.0000      11.512 0.3713   0.4346E+02  0.0000E+00  0.7969E-01  0.0000E+00      -1   0.183E-02   20.00  0.8833E-03  0.1060E+00
  89  -264.0000      14.517 0.3713   0.4346E+02  0.0000E+00  0.7969E-01  0.0000E+00      -1   0.183E-02   20.00  0.8833E-03  0.1060E+00
  90  -267.0000      17.523 0.3713   0.4346E+02  0.0000E+00  0.7968E-01  0.0000E+00      -1   0.183E-02   20.00  0.8833E-03  0.1060E+00
  91  -270.0000      20.528 0.3713   0.4346E+02  0.0000E+00  0.7968E-01  0.0000E+00      -1   0.183E-02   20.00  0.8833E-03  0.1060E+00
  92  -273.0000      23.534 0.3713   0.4346E+02  0.0000E+00  0.7968E-01  0.0000E+00      -1   0.183E-02   20.00  0.8833E-03  0.1060E+00
  93  -276.0000      26.539 0.3713   0.4346E+02  0.0000E+00  0.7244E-01  0.0000E+00      -1   0.167E-02   20.00  0.8833E-03  0.1060E+00
  94  -279.0000      29.544 0.3713   0.4346E+02  0.0000E+00  0.7968E-01  0.0000E+00      -1   0.183E-02   20.00  0.8833E-03  0.1060E+00
  95  -282.0000      32.550 0.3713   0.4346E+02  0.0000E+00  0.7968E-01  0.0000E+00      -1   0.183E-02   20.00  0.8833E-03  0.1060E+00
  96  -285.0000      35.555 0.3713   0.4346E+02  0.0000E+00  0.7969E-01  0.0000E+00      -1   0.183E-02   20.00  0.8833E-03  0.1060E+00
  97  -288.0000      38.561 0.3713   0.4346E+02  0.0000E+00  0.7969E-01  0.0000E+00      -1   0.183E-02   20.00  0.8833E-03  0.1060E+00
  98  -291.0000      41.566 0.3713   0.4346E+02  0.0000E+00  0.7966E-01  0.0000E+00      -1   0.183E-02   20.00  0.8833E-03  0.1060E+00
  99  -294.0000      44.572 0.3713   0.4346E+02  0.0000E+00  0.7966E-01  0.0000E+00      -1   0.183E-02   20.00  0.8825E-03  0.1059E+00
 100  -297.0000      47.577 0.3713   0.4346E+02  0.0000E+00  0.7969E-01  0.0000E+00      -1   0.183E-02   20.00  0.8819E-03  0.1058E+00
 101  -300.0000      50.583 0.3713   0.4346E+02  0.0000E+00  0.8693E-01  0.0000E+00      -1   0.200E-02   20.00  0.8796E-03  0.1056E+00
end


 Time:        1.0000


 Node      Depth      Head Moisture       K          C         Flux        Sink         Kappa   v/KsTop   Temp   Conc(1..NS) Sorb(1...NS)
           [L]        [L]    [-]        [L/T]      [1/L]      [L/T]        [1/T]         [-]      [-]      [C]      [M/L*3]

   1     0.0000    -195.516 0.2882   0.1298E+01  0.3869E-03  0.4380E-01  0.0000E+00      -1   0.101E-02   20.00  0.9332E-03  0.1119E+00
   2    -3.0000    -192.540 0.2892   0.1333E+01  0.3905E-03 -0.6920E-01  0.0000E+00      -1  -0.159E-02   20.00  0.9403E-03  0.1128E+00
   3    -6.0000    -189.822 0.2903   0.1385E+01  0.3940E-03 -0.1850E+00  0.0000E+00      -1  -0.426E-02   20.00  0.9452E-03  0.1134E+00
   4    -9.0000    -187.336 0.2914   0.1441E+01  0.3973E-03 -0.2954E+00  0.4401E-03      -1  -0.680E-02   20.00  0.9458E-03  0.1135E+00
   5   -12.0000    -185.049 0.2923   0.1492E+01  0.4002E-03 -0.3979E+00  0.4404E-03      -1  -0.915E-02   20.00  0.9451E-03  0.1134E+00
   6   -15.0000    -182.935 0.2932   0.1539E+01  0.4030E-03 -0.4928E+00  0.3671E-03      -1  -0.113E-01   20.00  0.9395E-03  0.1128E+00
   7   -18.0000    -180.969 0.2940   0.1583E+01  0.4056E-03 -0.5801E+00  0.2754E-03      -1  -0.133E-01   20.00  0.9253E-03  0.1111E+00
   8   -21.0000    -179.133 0.2948   0.1624E+01  0.4080E-03 -0.6598E+00  0.1837E-03      -1  -0.152E-01   20.00  0.9047E-03  0.1085E+00
   9   -24.0000    -177.406 0.2955   0.1663E+01  0.4102E-03 -0.7319E+00  0.9187E-04      -1  -0.168E-01   20.00  0.8906E-03  0.1068E+00
  10   -27.0000    -175.773 0.2962   0.1699E+01  0.4124E-03 -0.7963E+00  0.0000E+00      -1  -0.183E-01   20.00  0.8849E-03  0.1061E+00
  11   -30.0000    -174.218 0.2969   0.1734E+01  0.4144E-03 -0.8533E+00  0.0000E+00      -1  -0.196E-01   20.00  0.8835E-03  0.1060E+00
  12   -33.0000    -172.725 0.2975   0.1768E+01  0.4163E-03 -0.9027E+00  0.0000E+00      -1  -0.208E-01   20.00  0.8834E-03  0.1060E+00
  13   -36.0000    -171.281 0.2981   0.1800E+01  0.4182E-03 -0.9448E+00  0.0000E+00      -1  -0.217E-01   20.00  0.8834E-03  0.1060E+00
  14   -39.0000    -169.874 0.2987   0.1831E+01  0.4201E-03 -0.9800E+00  0.0000E+00      -1  -0.225E-01   20.00  0.8834E-03  0.1060E+00
  15   -42.0000    -168.492 0.2993   0.1862E+01  0.4219E-03 -0.1008E+01  0.0000E+00      -1  -0.232E-01   20.00  0.8834E-03  0.1060E+00
  16   -45.0000    -167.124 0.2998   0.1893E+01  0.4237E-03 -0.1031E+01  0.0000E+00      -1  -0.237E-01   20.00  0.8834E-03  0.1060E+00
  17   -48.0000    -165.759 0.3004   0.1923E+01  0.4254E-03 -0.1047E+01  0.0000E+00      -1  -0.241E-01   20.00  0.8834E-03  0.1060E+00
  18   -51.0000    -164.389 0.3010   0.1954E+01  0.4272E-03 -0.1058E+01  0.0000E+00      -1  -0.243E-01   20.00  0.8834E-03  0.1060E+00
  19   -54.0000    -163.007 0.3015   0.1985E+01  0.4290E-03 -0.1063E+01  0.0000E+00      -1  -0.245E-01   20.00  0.8834E-03  0.1060E+00
  20   -57.0000    -161.603 0.3021   0.2016E+01  0.4308E-03 -0.1064E+01  0.0000E+00      -1  -0.245E-01   20.00  0.8834E-03  0.1060E+00
  21   -60.0000    -160.173 0.3027   0.2048E+01  0.4327E-03 -0.1060E+01  0.0000E+00      -1  -0.244E-01   20.00  0.8834E-03  0.1060E+00
  22   -63.0000    -158.711 0.3033   0.2080E+01  0.4346E-03 -0.1053E+01  0.0000E+00      -1  -0.242E-01   20.00  0.8834E-03  0.1060E+00
  23   -66.0000    -157.211 0.3040   0.2114E+01  0.4366E-03 -0.1042E+01  0.0000E+00      -1  -0.240E-01   20.00  0.8834E-03  0.1060E+00
  24   -69.0000    -155.669 0.3046   0.2148E+01  0.4386E-03 -0.1028E+01  0.0000E+00      -1  -0.237E-01   20.00  0.8834E-03  0.1060E+00
  25   -72.0000    -154.083 0.3053   0.2183E+01  0.4406E-03 -0.1012E+01  0.0000E+00      -1  -0.233E-01   20.00  0.8834E-03  0.1060E+00
  26   -75.0000    -152.450 0.3059   0.2220E+01  0.4427E-03 -0.9929E+00  0.0000E+00      -1  -0.228E-01   20.00  0.8834E-03  0.1060E+00
  27   -78.0000    -150.761 0.3067   0.2279E+01  0.4448E-03 -0.9709E+00  0.0000E+00      -1  -0.223E-01   20.00  0.8834E-03  0.1060E+00
  28   -81.0000    -149.003 0.3075   0.2349E+01  0.4468E-03 -0.9458E+00  0.0000E+00      -1  -0.218E-01   20.00  0.8833E-03  0.1060E+00
  29   -84.0000    -147.176 0.3084   0.2422E+01  0.4489E-03 -0.9190E+00  0.0000E+00      -1  -0.211E-01   20.00  0.8834E-03  0.1060E+00
  30   -87.0000    -145.280 0.3092   0.2498E+01  0.4511E-03 -0.8910E+00  0.0000E+00      -1  -0.205E-01   20.00  0.8833E-03  0.1060E+00
  31   -90.0000    -143.317 0.3101   0.2576E+01  0.4534E-03 -0.8620E+00  0.0000E+00      -1  -0.198E-01   20.00  0.8834E-03  0.1060E+00
  32   -93.0000    -141.289 0.3111   0.2657E+01  0.4557E-03 -0.8324E+00  0.0000E+00      -1  -0.192E-01   20.00  0.8833E-03  0.1060E+00
  33   -96.0000    -139.197 0.3121   0.2740E+01  0.4581E-03 -0.8024E+00  0.0000E+00      -1  -0.185E-01   20.00  0.8833E-03  0.1060E+00
  34   -99.0000    -137.046 0.3130   0.2826E+01  0.4606E-03 -0.7724E+00  0.0000E+00      -1  -0.178E-01   20.00  0.8833E-03  0.1060E+00
  35  -102.0000    -134.838 0.3141   0.2913E+01  0.4632E-03 -0.7424E+00  0.0000E+00      -1  -0.171E-01   20.00  0.8833E-03  0.1060E+00
  36  -105.0000    -132.576 0.3151   0.3004E+01  0.4658E-03 -0.7128E+00  0.0000E+00      -1  -0.164E-01   20.00  0.8833E-03  0.1060E+00
  37  -108.0000    -130.262 0.3162   0.3096E+01  0.4685E-03 -0.6835E+00  0.0000E+00      -1  -0.157E-01   20.00  0.8833E-03  0.1060E+00
  38  -111.0000    -127.901 0.3173   0.3190E+01  0.4712E-03 -0.6549E+00  0.0000E+00      -1  -0.151E-01   20.00  0.8833E-03  0.1060E+00
  39  -114.0000    -125.495 0.3184   0.3286E+01  0.4740E-03 -0.6270E+00  0.0000E+00      -1  -0.144E-01   20.00  0.8833E-03  0.1060E+00
  40  -117.0000    -123.047 0.3195   0.3383E+01  0.4768E-03 -0.5999E+00  0.0000E+00      -1  -0.138E-01   20.00  0.8833E-03  0.1060E+00
  41  -120.0000    -120.559 0.3207   0.3482E+01  0.4797E-03 -0.5737E+00  0.0000E+00      -1  -0.132E-01   20.00  0.8833E-03  0.1060E+00
  42  -123.0000    -118.031 0.3219   0.3646E+01  0.4815E-03 -0.5476E+00  0.0000E+00      -1  -0.126E-01   20.00  0.8833E-03  0.1060E+00
  43  -126.0000    -115.461 0.3232   0.3816E+01  0.4833E-03 -0.5218E+00  0.0000E+00      -1  -0.120E-01   20.00  0.8833E-03  0.1060E+00
  44  -129.0000    -112.853 0.3244   0.3988E+01  0.4852E-03 -0.4969E+00  0.0000E+00      -1  -0.114E-01   20.00  0.8833E-03  0.1060E+00
  45  -132.0000    -110.209 0.3257   0.4162E+01  0.4871E-03 -0.4730E+00  0.0000E+00      -1  -0.109E-01   20.00  0.8833E-03  0.1060E+00
  46  -135.0000    -107.535 0.3270   0.4338E+01  0.4890E-03 -0.4502E+00  0.0000E+00      -1  -0.104E-01   20.00  0.8833E-03  0.1060E+00
  47  -138.0000    -104.833 0.3284   0.4517E+01  0.4909E-03 -0.4284E+00  0.0000E+00      -1  -0.986E-02   20.00  0.8833E-03  0.1060E+00
  48  -141.0000    -102.105 0.3297   0.4697E+01  0.4928E-03 -0.4076E+00  0.0000E+00      -1  -0.938E-02   20.00  0.8833E-03  0.1060E+00
  49  -144.0000     -99.354 0.3310   0.4878E+01  0.4948E-03 -0.3878E+00  0.0000E+00      -1  -0.892E-02   20.00  0.8833E-03  0.1060E+00
  50  -147.0000     -96.582 0.3324   0.5061E+01  0.4967E-03 -0.3690E+00  0.0000E+00      -1  -0.849E-02   20.00  0.8833E-03  0.1060E+00
  51  -150.0000     -93.790 0.3338   0.5305E+01  0.4974E-03 -0.3511E+00  0.0000E+00      -1  -0.808E-02   20.00  0.8833E-03  0.1060E+00
  52  -153.0000     -90.979 0.3352   0.5590E+01  0.4973E-03 -0.3339E+00  0.0000E+00      -1  -0.768E-02   20.00  0.8833E-03  0.1060E+00
  53  -156.0000     -88.149 0.3366   0.5878E+01  0.4972E-03 -0.3176E+00  0.0000E+00      -1  -0.731E-02   20.00  0.8833E-03  0.1060E+00
  54  -159.0000     -85.303 0.3380   0.6167E+01  0.4971E-03 -0.3023E+00  0.0000E+00      -1  -0.695E-02   20.00  0.8833E-03  0.1060E+00
  55  -162.0000     -82.443 0.3394   0.6457E+01  0.4969E-03 -0.2877E+00  0.0000E+00      -1  -0.662E-02   20.00  0.8833E-03  0.1060E+00
  56  -165.0000     -79.571 0.3409   0.6749E+01  0.4968E-03 -0.2740E+00  0.0000E+00      -1  -0.631E-02   20.00  0.8833E-03  0.1060E+00
  57  -168.0000     -76.687 0.3423   0.7042E+01  0.4967E-03 -0.2611E+00  0.0000E+00      -1  -0.601E-02   20.00  0.8833E-03  0.1060E+00
  58  -171.0000     -73.793 0.3437   0.7420E+01  0.4947E-03 -0.2491E+00  0.0000E+00      -1  -0.573E-02   20.00  0.8833E-03  0.1060E+00
  59  -174.0000     -70.889 0.3452   0.7846E+01  0.4916E-03 -0.2378E+00  0.0000E+00      -1  -0.547E-02   20.00  0.8833E-03  0.1060E+00
  60  -177.0000     -67.975 0.3466   0.8273E+01  0.4885E-03 -0.2273E+00  0.0000E+00      -1  -0.523E-02   20.00  0.8833E-03  0.1060E+00
  61  -180.0000     -65.054 0.3480   0.8702E+01  0.4854E-03 -0.2173E+00  0.0000E+00      -1  -0.500E-02   20.00  0.8833E-03  0.1060E+00
  62  -183.0000     -62.125 0.3495   0.9132E+01  0.4823E-03 -0.2080E+00  0.0000E+00      -1  -0.479E-02   20.00  0.8833E-03  0.1060E+00
  63  -186.0000     -59.190 0.3509   0.9603E+01  0.4784E-03 -0.1995E+00  0.0000E+00      -1  -0.459E-02   20.00  0.8833E-03  0.1060E+00
  64  -189.0000     -56.250 0.3523   0.1019E+02  0.4718E-03 -0.1916E+00  0.0000E+00      -1  -0.441E-02   20.00  0.8833E-03  0.1060E+00
  65  -192.0000     -53.303 0.3536   0.1078E+02  0.4652E-03 -0.1843E+00  0.0000E+00      -1  -0.424E-02   20.00  0.8833E-03  0.1060E+00
  66  -195.0000     -50.352 0.3550   0.1138E+02  0.4586E-03 -0.1774E+00  0.0000E+00      -1  -0.408E-02   20.00  0.8833E-03  0.1060E+00
  67  -198.0000     -47.397 0.3564   0.1198E+02  0.4518E-03 -0.1712E+00  0.0000E+00      -1  -0.394E-02   20.00  0.8833E-03  0.1060E+00
  68  -201.0000     -44.438 0.3577   0.1275E+02  0.4414E-03 -0.1655E+00  0.0000E+00      -1  -0.381E-02   20.00  0.8833E-03  0.1060E+00
  69  -204.0000     -41.475 0.3590   0.1353E+02  0.4310E-03 -0.1603E+00  0.0000E+00      -1  -0.369E-02   20.00  0.8833E-03  0.1060E+00
  70  -207.0000     -38.509 0.3603   0.1431E+02  0.4206E-03 -0.1554E+00  0.0000E+00      -1  -0.357E-02   20.00  0.8833E-03  0.1060E+00
  71  -210.0000     -35.540 0.3615   0.1523E+02  0.4073E-03 -0.1510E+00  0.0000E+00      -1  -0.347E-02   20.00  0.8833E-03  0.1060E+00
  72  -213.0000     -32.568 0.3627   0.1621E+02  0.3930E-03 -0.1471E+00  0.0000E+00      -1  -0.338E-02   20.00  0.8833E-03  0.1060E+00
  73  -216.0000     -29.595 0.3638   0.1722E+02  0.3783E-03 -0.1436E+00  0.0000E+00      -1  -0.330E-02   20.00  0.8833E-03  0.1060E+00
  74  -219.0000     -26.618 0.3649   0.1842E+02  0.3600E-03 -0.1405E+00  0.0000E+00      -1  -0.323E-02   20.00  0.8833E-03  0.1060E+00
  75  -222.0000     -23.640 0.3660   0.1963E+02  0.3416E-03 -0.1377E+00  0.0000E+00      -1  -0.317E-02   20.00  0.8833E-03  0.1060E+00
  76  -225.0000     -20.660 0.3670   0.2109E+02  0.3193E-03 -0.1351E+00  0.0000E+00      -1  -0.311E-02   20.00  0.8833E-03  0.1060E+00
  77  -228.0000     -17.679 0.3679   0.2263E+02  0.2955E-03 -0.1330E+00  0.0000E+00      -1  -0.306E-02   20.00  0.8833E-03  0.1060E+00
  78  -231.0000     -14.696 0.3687   0.2436E+02  0.2690E-03 -0.1313E+00  0.0000E+00      -1  -0.302E-02   20.00  0.8833E-03  0.1060E+00
  79  -234.0000     -11.711 0.3695   0.2637E+02  0.2384E-03 -0.1298E+00  0.0000E+00      -1  -0.299E-02   20.00  0.8833E-03  0.1060E+00
  80  -237.0000      -8.725 0.3702   0.2875E+02  0.2028E-03 -0.1287E+00  0.0000E+00      -1  -0.296E-02   20.00  0.8833E-03  0.1060E+00
  81  -240.0000      -5.738 0.3707   0.3161E+02  0.1608E-03 -0.1277E+00  0.0000E+00      -1  -0.294E-02   20.00  0.8833E-03  0.1060E+00
  82  -243.0000      -2.749 0.3711   0.3547E+02  0.1060E-03 -0.1271E+00  0.0000E+00      -1  -0.292E-02   20.00  0.8833E-03  0.1060E+00
  83  -246.0000       0.241 0.3713   0.4346E+02  0.0000E+00 -0.1269E+00  0.0000E+00      -1  -0.292E-02   20.00  0.8833E-03  0.1060E+00
  84  -249.0000       3.232 0.3713   0.4346E+02  0.0000E+00 -0.1269E+00  0.0000E+00      -1  -0.292E-02   20.00  0.8833E-03  0.1060E+00
  85  -252.0000       6.224 0.3713   0.4346E+02  0.0000E+00 -0.1269E+00  0.0000E+00      -1  -0.292E-02   20.00  0.8833E-03  0.1060E+00
  86  -255.0000       9.215 0.3713   0.4346E+02  0.0000E+00 -0.1269E+00  0.0000E+00      -1  -0.292E-02   20.00  0.8833E-03  0.1060E+00
  87  -258.0000      12.206 0.3713   0.4346E+02  0.0000E+00 -0.1269E+00  0.0000E+00      -1  -0.292E-02   20.00  0.8833E-03  0.1060E+00
  88  -261.0000      15.197 0.3713   0.4346E+02  0.0000E+00 -0.1269E+00  0.0000E+00      -1  -0.292E-02   20.00  0.8833E-03  0.1060E+00
  89  -264.0000      18.188 0.3713   0.4346E+02  0.0000E+00 -0.1269E+00  0.0000E+00      -1  -0.292E-02   20.00  0.8833E-03  0.1060E+00
  90  -267.0000      21.180 0.3713   0.4346E+02  0.0000E+00 -0.1269E+00  0.0000E+00      -1  -0.292E-02   20.00  0.8833E-03  0.1060E+00
  91  -270.0000      24.171 0.3713   0.4346E+02  0.0000E+00 -0.1269E+00  0.0000E+00      -1  -0.292E-02   20.00  0.8833E-03  0.1060E+00
  92  -273.0000      27.162 0.3713   0.4346E+02  0.0000E+00 -0.1269E+00  0.0000E+00      -1  -0.292E-02   20.00  0.8833E-03  0.1060E+00
  93  -276.0000      30.153 0.3713   0.4346E+02  0.0000E+00 -0.1269E+00  0.0000E+00      -1  -0.292E-02   20.00  0.8833E-03  0.1060E+00
  94  -279.0000      33.145 0.3713   0.4346E+02  0.0000E+00 -0.1269E+00  0.0000E+00      -1  -0.292E-02   20.00  0.8833E-03  0.1060E+00
  95  -282.0000      36.136 0.3713   0.4346E+02  0.0000E+00 -0.1269E+00  0.0000E+00      -1  -0.292E-02   20.00  0.8833E-03  0.1060E+00
  96  -285.0000      39.127 0.3713   0.4346E+02  0.0000E+00 -0.1269E+00  0.0000E+00      -1  -0.292E-02   20.00  0.8833E-03  0.1060E+00
  97  -288.0000      42.118 0.3713   0.4346E+02  0.0000E+00 -0.1269E+00  0.0000E+00      -1  -0.292E-02   20.00  0.8834E-03  0.1060E+00
  98  -291.0000      45.110 0.3713   0.4346E+02  0.0000E+00 -0.1269E+00  0.0000E+00      -1  -0.292E-02   20.00  0.8833E-03  0.1060E+00
  99  -294.0000      48.101 0.3713   0.4346E+02  0.0000E+00 -0.1268E+00  0.0000E+00      -1  -0.292E-02   20.00  0.8826E-03  0.1059E+00
 100  -297.0000      51.092 0.3713   0.4346E+02  0.0000E+00 -0.1269E+00  0.0000E+00      -1  -0.292E-02   20.00  0.8812E-03  0.1058E+00
 101  -300.0000      54.083 0.3713   0.4346E+02  0.0000E+00 -0.1269E+00  0.0000E+00      -1  -0.292E-02   20.00  0.8812E-03  0.1055E+00
end
