 ******* Program HYDRUS
 ******* 
 Welcome to HYDRUS-1D                                                    
 Date:  29. 3.2022    Time:  17:27:31
 Units: L = cm   , T = days , M = mg   

       Time          rTop        rRoot        vTop         vRoot        vBot       sum(rTop)   sum(rRoot)    sum(vTop)   sum(vRoot)    sum(vBot)      hTop         hRoot        hBot        RunOff    sum(RunOff)     Volume     sum(Infil)    sum(Evap) TLevel Cum(WTrans)  SnowLayer
        [T]         [L/T]        [L/T]        [L/T]        [L/T]        [L/T]         [L]          [L]          [L]         [L]           [L]         [L]           [L]         [L]          [L/T]         [L]          [L]          [L]          [L]

       0.0100  0.59098E-01  0.37068E-01  0.59101E-01  0.36573E-01 -0.15481E+01  0.59098E-03  0.37068E-03  0.59101E-03  0.36573E-03 -0.15481E-01 -0.21404E+03 -0.18374E+03  0.70169E+02  0.00000E+00  0.00000E+00  0.10158E+03  0.00000E+00  0.59101E-03      1  0.00000E+00      0.000
       0.0230  0.59098E-01  0.37068E-01  0.59100E-01  0.36572E-01 -0.13427E+01  0.13592E-02  0.85255E-03  0.13593E-02  0.84117E-03 -0.32936E-01 -0.21416E+03 -0.18387E+03  0.70169E+02  0.00000E+00  0.00000E+00  0.10156E+03  0.00000E+00  0.13593E-02      2  0.00000E+00      0.000
       0.0399  0.59098E-01  0.37068E-01  0.59097E-01  0.36571E-01 -0.11573E+01  0.23580E-02  0.14790E-02  0.23581E-02  0.14592E-02 -0.52494E-01 -0.21433E+03 -0.18405E+03  0.70169E+02  0.00000E+00  0.00000E+00  0.10154E+03  0.00000E+00  0.23581E-02      3  0.00000E+00      0.000
       0.0619  0.59098E-01  0.37068E-01  0.59099E-01  0.36569E-01 -0.10383E+01  0.36564E-02  0.22934E-02  0.36564E-02  0.22626E-02 -0.75306E-01 -0.21454E+03 -0.18428E+03  0.70169E+02  0.00000E+00  0.00000E+00  0.10151E+03  0.00000E+00  0.36564E-02      4  0.00000E+00      0.000
       0.0904  0.59098E-01  0.37068E-01  0.59099E-01  0.36567E-01 -0.93321E+00  0.53443E-02  0.33521E-02  0.53444E-02  0.33070E-02 -0.10196E+00 -0.21482E+03 -0.18458E+03  0.70169E+02  0.00000E+00  0.00000E+00  0.10148E+03  0.00000E+00  0.53444E-02      5  0.00000E+00      0.000
       0.1276  0.59098E-01  0.37068E-01  0.59094E-01  0.36564E-01 -0.84368E+00  0.75385E-02  0.47283E-02  0.75385E-02  0.46646E-02 -0.13328E+00 -0.21519E+03 -0.18497E+03  0.70169E+02  0.00000E+00  0.00000E+00  0.10145E+03  0.00000E+00  0.75385E-02      6  0.00000E+00      0.000
       0.1758  0.59098E-01  0.37068E-01  0.59095E-01  0.36560E-01 -0.76001E+00  0.10391E-01  0.65175E-02  0.10391E-01  0.64293E-02 -0.16997E+00 -0.21568E+03 -0.18547E+03  0.70169E+02  0.00000E+00  0.00000E+00  0.10141E+03  0.00000E+00  0.10391E-01      7  0.00000E+00      0.000
       0.2386  0.59098E-01  0.37068E-01  0.59096E-01  0.36555E-01 -0.68087E+00  0.14099E-01  0.88434E-02  0.14099E-01  0.87231E-02 -0.21269E+00 -0.21633E+03 -0.18611E+03  0.70169E+02  0.00000E+00  0.00000E+00  0.10136E+03  0.00000E+00  0.14099E-01      8  0.00000E+00      0.000
       0.3232  0.30050E+00  0.18848E+00  0.30050E+00  0.18580E+00 -0.60151E+00  0.39523E-01  0.24790E-01  0.39522E-01  0.24442E-01 -0.26358E+00 -0.22083E+03 -0.18774E+03  0.70169E+02  0.00000E+00  0.00000E+00  0.10128E+03  0.00000E+00  0.39522E-01      9  0.00000E+00      0.000
       0.4360  0.62312E+00  0.39083E+00  0.62312E+00  0.38484E+00 -0.51905E+00  0.10981E+00  0.68877E-01  0.10981E+00  0.67853E-01 -0.32213E+00 -0.23055E+03 -0.19184E+03  0.70169E+02  0.00000E+00  0.00000E+00  0.10113E+03  0.00000E+00  0.10981E+00     10  0.00000E+00      0.000
       0.5770  0.59947E+00  0.37600E+00  0.59947E+00  0.36968E+00 -0.43007E+00  0.19434E+00  0.12189E+00  0.19434E+00  0.11998E+00 -0.38277E+00 -0.23875E+03 -0.19739E+03  0.70169E+02  0.00000E+00  0.00000E+00  0.10093E+03  0.00000E+00  0.19434E+00     11  0.00000E+00      0.000
       0.7885  0.59098E-01  0.37068E-01  0.59096E-01  0.36424E-01 -0.31413E+00  0.20684E+00  0.12973E+00  0.20684E+00  0.12768E+00 -0.44921E+00 -0.23430E+03 -0.20017E+03  0.70169E+02  0.00000E+00  0.00000E+00  0.10077E+03  0.00000E+00  0.20684E+00     12  0.00000E+00      0.000
       1.0000  0.59098E-01  0.37068E-01  0.59097E-01  0.36425E-01 -0.21929E+00  0.21934E+00  0.13757E+00  0.21934E+00  0.13539E+00 -0.49560E+00 -0.23360E+03 -0.20047E+03  0.70169E+02  0.00000E+00  0.00000E+00  0.10071E+03  0.00000E+00  0.21934E+00     13  0.00000E+00      0.000
end
