 All solute fluxes and cumulative solute fluxes are positive into the region

       Time         cvTop        cvBot      Sum(cvTop)   Sum(cvBot)     cvCh0        cvCh1         cTop        cRoot         cBot        cvRoot    Sum(cvRoot)  Sum(cvNEql) TLevel      cGWL        cRunOff   Sum(cRunOff)    (cv(i),    Sum(cv(i)), i=1,NObs)
        [T]        [M/L2/T]     [M/L2/T]      [M/L2]       [M/L2]       [M/L2]      [M/L2]        [M/L3]      [M/L3]        [M/L3]      [M/L2/T]      [M/L2]       [M/L2]              [M/L3]        [M/L2]      [M/L3]      [M/L2/T]      [M/L2]
        0.0100  0.00000E+00 -0.18471E-03  0.00000E+00 -0.18471E-05  0.00000E+00  0.00000E+00  0.90112E-03  0.88316E-03  0.87072E-03  0.40042E-04  0.40042E-06 -0.14437E-04       1  0.88286E-03  0.00000E+00  0.00000E+00  0.38274E-04  0.38274E-06 -0.55157E-03 -0.55157E-05 -0.84952E-03 -0.84952E-05
        0.0230  0.00000E+00  0.00000E+00  0.00000E+00 -0.18471E-05  0.00000E+00  0.00000E+00  0.90149E-03  0.88314E-03  0.86473E-03  0.40042E-04  0.92096E-06 -0.41449E-04       2  0.88272E-03  0.00000E+00  0.00000E+00  0.37631E-04  0.87195E-06 -0.51879E-03 -0.12260E-04 -0.81277E-03 -0.19061E-04
        0.0399  0.00000E+00  0.00000E+00  0.00000E+00 -0.18471E-05  0.00000E+00  0.00000E+00  0.90138E-03  0.88314E-03  0.86996E-03  0.40042E-04  0.15977E-05 -0.62688E-04       3  0.88286E-03  0.00000E+00  0.00000E+00  0.37573E-04  0.15069E-05 -0.47749E-03 -0.20330E-04 -0.76560E-03 -0.32000E-04
        0.0619  0.00000E+00  0.00000E+00  0.00000E+00 -0.18471E-05  0.00000E+00  0.00000E+00  0.90141E-03  0.88314E-03  0.86959E-03  0.40042E-04  0.24774E-05 -0.83307E-04       4  0.88289E-03  0.00000E+00  0.00000E+00  0.37199E-04  0.23242E-05 -0.43538E-03 -0.29895E-04 -0.71207E-03 -0.47644E-04
        0.0904  0.00000E+00  0.00000E+00  0.00000E+00 -0.18471E-05  0.00000E+00  0.00000E+00  0.90136E-03  0.88314E-03  0.87182E-03  0.40041E-04  0.36210E-05 -0.10095E-03       5  0.88294E-03  0.00000E+00  0.00000E+00  0.36470E-04  0.33658E-05 -0.39016E-03 -0.41038E-04 -0.65082E-03 -0.66232E-04
        0.1276  0.00000E+00  0.00000E+00  0.00000E+00 -0.18471E-05  0.00000E+00  0.00000E+00  0.90136E-03  0.88314E-03  0.87244E-03  0.40041E-04  0.51077E-05 -0.11497E-03       6  0.88296E-03  0.00000E+00  0.00000E+00  0.35085E-04  0.46685E-05 -0.34438E-03 -0.53825E-04 -0.58421E-03 -0.87923E-04
        0.1758  0.00000E+00  0.00000E+00  0.00000E+00 -0.18471E-05  0.00000E+00  0.00000E+00  0.90127E-03  0.88314E-03  0.87408E-03  0.40041E-04  0.70404E-05 -0.12283E-03       7  0.88299E-03  0.00000E+00  0.00000E+00  0.32839E-04  0.62535E-05 -0.29725E-03 -0.68173E-04 -0.51259E-03 -0.11266E-03
        0.2258  0.00000E+00  0.00000E+00  0.00000E+00 -0.18471E-05  0.00000E+00  0.00000E+00  0.90131E-03  0.88314E-03  0.87488E-03  0.40041E-04  0.90425E-05 -0.12339E-03       8  0.88301E-03  0.00000E+00  0.00000E+00  0.29825E-04  0.77448E-05 -0.25755E-03 -0.81050E-04 -0.45004E-03 -0.13517E-03
        0.2758  0.00000E+00 -0.40622E-04  0.00000E+00 -0.38782E-05  0.00000E+00  0.00000E+00  0.90153E-03  0.88314E-03  0.87924E-03  0.40041E-04  0.11045E-04 -0.10898E-03       9  0.88307E-03  0.00000E+00  0.00000E+00  0.57929E-04  0.10641E-04 -0.21804E-03 -0.91952E-04 -0.39518E-03 -0.15493E-03
        0.3258  0.00000E+00 -0.12102E-03  0.00000E+00 -0.99292E-05  0.00000E+00  0.00000E+00  0.90278E-03  0.88314E-03  0.87902E-03  0.40041E-04  0.13047E-04 -0.79742E-04      10  0.88305E-03  0.00000E+00  0.00000E+00  0.17035E-03  0.19159E-04 -0.15857E-03 -0.99880E-04 -0.33624E-03 -0.17174E-03
        0.3758  0.00000E+00 -0.18978E-03  0.00000E+00 -0.19418E-04  0.00000E+00  0.00000E+00  0.90389E-03  0.88315E-03  0.87925E-03  0.40042E-04  0.15049E-04 -0.40975E-04      11  0.88306E-03  0.00000E+00  0.00000E+00  0.25254E-03  0.31786E-04 -0.90991E-04 -0.10443E-03 -0.26751E-03 -0.18511E-03
        0.4258  0.00000E+00 -0.23949E-03  0.00000E+00 -0.31393E-04  0.00000E+00  0.00000E+00  0.90461E-03  0.88316E-03  0.87914E-03  0.40043E-04  0.17051E-04  0.62698E-05      12  0.88306E-03  0.00000E+00  0.00000E+00  0.30789E-03  0.47180E-04 -0.21960E-04 -0.10553E-03 -0.19496E-03 -0.19486E-03
        0.4758  0.00000E+00 -0.27438E-03  0.00000E+00 -0.45112E-04  0.00000E+00  0.00000E+00  0.90505E-03  0.88318E-03  0.87926E-03  0.40043E-04  0.19053E-04  0.58212E-04      13  0.88306E-03  0.00000E+00  0.00000E+00  0.33282E-03  0.63821E-04  0.39570E-04 -0.10355E-03 -0.12375E-03 -0.20105E-03
        0.5258  0.00000E+00 -0.29713E-03  0.00000E+00 -0.59969E-04  0.00000E+00  0.00000E+00  0.90515E-03  0.88319E-03  0.87920E-03  0.40044E-04  0.21055E-04  0.11185E-03      14  0.88306E-03  0.00000E+00  0.00000E+00  0.33028E-03  0.80335E-04  0.87784E-04 -0.99160E-04 -0.60114E-04 -0.20405E-03
        0.5758  0.00000E+00 -0.30986E-03  0.00000E+00 -0.75462E-04  0.00000E+00  0.00000E+00  0.90495E-03  0.88319E-03  0.87926E-03  0.40044E-04  0.23057E-04  0.16296E-03      15  0.88306E-03  0.00000E+00  0.00000E+00  0.29924E-03  0.95297E-04  0.11628E-03 -0.93346E-04 -0.86742E-05 -0.20449E-03
        0.6258  0.00000E+00 -0.31439E-03  0.00000E+00 -0.91181E-04  0.00000E+00  0.00000E+00  0.90443E-03  0.88319E-03  0.87923E-03  0.40044E-04  0.25060E-04  0.20827E-03      16  0.88306E-03  0.00000E+00  0.00000E+00  0.24157E-03  0.10738E-03  0.12413E-03 -0.87140E-04  0.27254E-04 -0.20313E-03
        0.6758  0.00000E+00 -0.31215E-03  0.00000E+00 -0.10679E-03  0.00000E+00  0.00000E+00  0.90359E-03  0.88318E-03  0.87926E-03  0.40044E-04  0.27062E-04  0.24444E-03      17  0.88306E-03  0.00000E+00  0.00000E+00  0.15791E-03  0.11527E-03  0.11115E-03 -0.81582E-04  0.45608E-04 -0.20085E-03
        0.7258  0.00000E+00 -0.30467E-03  0.00000E+00 -0.12202E-03  0.00000E+00  0.00000E+00  0.90244E-03  0.88317E-03  0.87924E-03  0.40043E-04  0.29064E-04  0.26941E-03      18  0.88306E-03  0.00000E+00  0.00000E+00  0.50544E-04  0.11780E-03  0.80994E-04 -0.77532E-04  0.45647E-04 -0.19856E-03
        0.7758  0.00000E+00 -0.29345E-03  0.00000E+00 -0.13669E-03  0.00000E+00  0.00000E+00  0.90209E-03  0.88315E-03  0.87926E-03  0.40042E-04  0.31066E-04  0.28617E-03      19  0.88306E-03  0.00000E+00  0.00000E+00  0.28471E-04  0.11922E-03  0.57091E-04 -0.74678E-04  0.34369E-04 -0.19684E-03
        0.8258  0.00000E+00 -0.27979E-03  0.00000E+00 -0.15068E-03  0.00000E+00  0.00000E+00  0.90215E-03  0.88314E-03  0.87924E-03  0.40042E-04  0.33068E-04  0.30106E-03      20  0.88306E-03  0.00000E+00  0.00000E+00  0.31143E-04  0.12078E-03  0.40374E-04 -0.72659E-04  0.22996E-04 -0.19569E-03
        0.8758  0.00000E+00 -0.26487E-03  0.00000E+00 -0.16393E-03  0.00000E+00  0.00000E+00  0.90216E-03  0.88315E-03  0.87925E-03  0.40042E-04  0.35070E-04  0.31563E-03      21  0.88306E-03  0.00000E+00  0.00000E+00  0.33549E-04  0.12246E-03  0.30343E-04 -0.71142E-04  0.13866E-04 -0.19500E-03
        0.9258  0.00000E+00 -0.24942E-03  0.00000E+00 -0.17640E-03  0.00000E+00  0.00000E+00  0.90220E-03  0.88314E-03  0.87924E-03  0.40042E-04  0.37072E-04  0.32980E-03      22  0.88306E-03  0.00000E+00  0.00000E+00  0.35170E-04  0.12421E-03  0.24097E-04 -0.69937E-04  0.73871E-05 -0.19463E-03
        0.9629  0.00000E+00 -0.23591E-03  0.00000E+00 -0.18515E-03  0.00000E+00  0.00000E+00  0.90221E-03  0.88315E-03  0.87924E-03  0.40042E-04  0.38557E-04  0.34015E-03      23  0.88306E-03  0.00000E+00  0.00000E+00  0.35913E-04  0.12555E-03  0.20847E-04 -0.69164E-04  0.37439E-05 -0.19449E-03
        1.0000  0.00000E+00 -0.22468E-03  0.00000E+00 -0.19348E-03  0.00000E+00  0.00000E+00  0.90223E-03  0.88314E-03  0.87923E-03  0.40042E-04  0.40042E-04  0.35028E-03      24  0.88306E-03  0.00000E+00  0.00000E+00  0.36124E-04  0.12689E-03  0.18625E-04 -0.68473E-04  0.12410E-05 -0.19445E-03
end
