 All solute fluxes and cumulative solute fluxes are positive into the region

       Time         cvTop        cvBot      Sum(cvTop)   Sum(cvBot)     cvCh0        cvCh1         cTop        cRoot         cBot        cvRoot    Sum(cvRoot)  Sum(cvNEql) TLevel      cGWL        cRunOff   Sum(cRunOff)    (cv(i),    Sum(cv(i)), i=1,NObs)
        [T]        [M/L2/T]     [M/L2/T]      [M/L2]       [M/L2]       [M/L2]      [M/L2]        [M/L3]      [M/L3]        [M/L3]      [M/L2/T]      [M/L2]       [M/L2]              [M/L3]        [M/L2]      [M/L3]      [M/L2/T]      [M/L2]
        0.0100  0.00000E+00  0.00000E+00  0.00000E+00  0.00000E+00  0.00000E+00  0.00000E+00  0.83770E-03  0.88269E-03  0.86911E-03  0.61673E-04  0.61673E-06 -0.19860E-04       1  0.88276E-03  0.00000E+00  0.00000E+00  0.23146E-04  0.23146E-06 -0.23339E-03 -0.23339E-05 -0.30908E-03 -0.30908E-05
        0.0200  0.00000E+00  0.00000E+00  0.00000E+00  0.00000E+00  0.00000E+00  0.00000E+00  0.83770E-03  0.88267E-03  0.86542E-03  0.61672E-04  0.12334E-05 -0.44088E-04       2  0.88262E-03  0.00000E+00  0.00000E+00  0.75582E-05  0.30704E-06 -0.22190E-03 -0.45530E-05 -0.29865E-03 -0.60773E-05
        0.0330  0.00000E+00  0.00000E+00  0.00000E+00  0.00000E+00  0.00000E+00  0.00000E+00  0.83754E-03  0.88267E-03  0.86830E-03  0.61672E-04  0.20352E-05 -0.67843E-04       3  0.88273E-03  0.00000E+00  0.00000E+00 -0.33707E-05  0.26322E-06 -0.20778E-03 -0.72541E-05 -0.28394E-03 -0.97686E-05
        0.0499  0.00000E+00  0.00000E+00  0.00000E+00  0.00000E+00  0.00000E+00  0.00000E+00  0.83733E-03  0.88267E-03  0.86868E-03  0.61672E-04  0.30774E-05 -0.94246E-04       4  0.88276E-03  0.00000E+00  0.00000E+00 -0.21039E-04 -0.92331E-07 -0.19667E-03 -0.10578E-04 -0.26741E-03 -0.14288E-04
        0.0719  0.00000E+00  0.00000E+00  0.00000E+00  0.00000E+00  0.00000E+00  0.00000E+00  0.83696E-03  0.88267E-03  0.86977E-03  0.61672E-04  0.44324E-05 -0.12506E-03       5  0.88280E-03  0.00000E+00  0.00000E+00 -0.52418E-04 -0.12439E-05 -0.19357E-03 -0.14831E-04 -0.24987E-03 -0.19777E-04
        0.1004  0.00000E+00  0.00000E+00  0.00000E+00  0.00000E+00  0.00000E+00  0.00000E+00  0.83637E-03  0.88267E-03  0.87032E-03  0.61671E-04  0.61938E-05 -0.16378E-03       6  0.88285E-03  0.00000E+00  0.00000E+00 -0.10350E-03 -0.41999E-05 -0.21209E-03 -0.20888E-04 -0.23675E-03 -0.26539E-04
        0.1376  0.00000E+00  0.00000E+00  0.00000E+00  0.00000E+00  0.00000E+00  0.00000E+00  0.83552E-03  0.88266E-03  0.87105E-03  0.61671E-04  0.84836E-05 -0.21768E-03       7  0.88287E-03  0.00000E+00  0.00000E+00 -0.17981E-03 -0.10876E-04 -0.27681E-03 -0.31166E-04 -0.23980E-03 -0.35443E-04
        0.1858  0.00000E+00  0.00000E+00  0.00000E+00  0.00000E+00  0.00000E+00  0.00000E+00  0.83439E-03  0.88265E-03  0.87156E-03  0.61669E-04  0.11460E-04 -0.30157E-03       8  0.88288E-03  0.00000E+00  0.00000E+00 -0.28506E-03 -0.24636E-04 -0.43234E-03 -0.52034E-04 -0.28492E-03 -0.49195E-04
        0.2358  0.00000E+00  0.00000E+00  0.00000E+00  0.00000E+00  0.00000E+00  0.00000E+00  0.83334E-03  0.88262E-03  0.87207E-03  0.61667E-04  0.14544E-04 -0.40905E-03       9  0.88290E-03  0.00000E+00  0.00000E+00 -0.39213E-03 -0.44242E-04 -0.66814E-03 -0.85441E-04 -0.38101E-03 -0.68246E-04
        0.2858  0.00000E+00  0.00000E+00  0.00000E+00  0.00000E+00  0.00000E+00  0.00000E+00  0.83243E-03  0.88260E-03  0.87240E-03  0.61665E-04  0.17627E-04 -0.53805E-03      10  0.88291E-03  0.00000E+00  0.00000E+00 -0.48542E-03 -0.68513E-04 -0.96678E-03 -0.13378E-03 -0.52948E-03 -0.94720E-04
        0.3358  0.00000E+00  0.00000E+00  0.00000E+00  0.00000E+00  0.00000E+00  0.00000E+00  0.83174E-03  0.88257E-03  0.87273E-03  0.61663E-04  0.20710E-04 -0.68505E-03      11  0.88292E-03  0.00000E+00  0.00000E+00 -0.56461E-03 -0.96744E-04 -0.12955E-02 -0.19855E-03 -0.71142E-03 -0.13029E-03
        0.3858  0.00000E+00  0.00000E+00  0.00000E+00  0.00000E+00  0.00000E+00  0.00000E+00  0.83123E-03  0.88257E-03  0.87299E-03  0.61662E-04  0.23793E-04 -0.84470E-03      12  0.88292E-03  0.00000E+00  0.00000E+00 -0.62386E-03 -0.12794E-03 -0.16448E-02 -0.28080E-03 -0.92717E-03 -0.17665E-03
        0.4358  0.00000E+00  0.00000E+00  0.00000E+00  0.00000E+00  0.00000E+00  0.00000E+00  0.83080E-03  0.88255E-03  0.87325E-03  0.61660E-04  0.26876E-04 -0.10124E-02      13  0.88293E-03  0.00000E+00  0.00000E+00 -0.66451E-03 -0.16116E-03 -0.19626E-02 -0.37892E-03 -0.11651E-02 -0.23491E-03
        0.4858  0.00000E+00  0.00000E+00  0.00000E+00  0.00000E+00  0.00000E+00  0.00000E+00  0.83063E-03  0.88255E-03  0.87349E-03  0.61660E-04  0.29959E-04 -0.11821E-02      14  0.88293E-03  0.00000E+00  0.00000E+00 -0.68082E-03 -0.19520E-03 -0.22118E-02 -0.48951E-03 -0.13981E-02 -0.30481E-03
        0.5358  0.00000E+00  0.00000E+00  0.00000E+00  0.00000E+00  0.00000E+00  0.00000E+00  0.83059E-03  0.88255E-03  0.87375E-03  0.61659E-04  0.33042E-04 -0.13474E-02      15  0.88294E-03  0.00000E+00  0.00000E+00 -0.67474E-03 -0.22894E-03 -0.23688E-02 -0.60795E-03 -0.15981E-02 -0.38472E-03
        0.5858  0.00000E+00  0.00000E+00  0.00000E+00  0.00000E+00  0.00000E+00  0.00000E+00  0.83077E-03  0.88256E-03  0.87403E-03  0.61660E-04  0.36125E-04 -0.15018E-02      16  0.88294E-03  0.00000E+00  0.00000E+00 -0.64249E-03 -0.26106E-03 -0.24188E-02 -0.72889E-03 -0.17437E-02 -0.47190E-03
        0.6358  0.00000E+00  0.00000E+00  0.00000E+00  0.00000E+00  0.00000E+00  0.00000E+00  0.83111E-03  0.88256E-03  0.87436E-03  0.61660E-04  0.39208E-04 -0.16399E-02      17  0.88295E-03  0.00000E+00  0.00000E+00 -0.59358E-03 -0.29074E-03 -0.23635E-02 -0.84706E-03 -0.18210E-02 -0.56295E-03
        0.6858  0.00000E+00  0.00000E+00  0.00000E+00  0.00000E+00  0.00000E+00  0.00000E+00  0.83161E-03  0.88257E-03  0.87475E-03  0.61661E-04  0.42291E-04 -0.17572E-02      18  0.88296E-03  0.00000E+00  0.00000E+00 -0.51907E-03 -0.31670E-03 -0.22158E-02 -0.95785E-03 -0.18293E-02 -0.65442E-03
        0.7358  0.00000E+00 -0.39358E-05  0.00000E+00 -0.19679E-06  0.00000E+00  0.00000E+00  0.83223E-03  0.88258E-03  0.87923E-03  0.61662E-04  0.45374E-04 -0.18405E-02      19  0.88303E-03  0.00000E+00  0.00000E+00 -0.43540E-03 -0.33847E-03 -0.19956E-02 -0.10576E-02 -0.17748E-02 -0.74316E-03
        0.7858  0.00000E+00 -0.40661E-04  0.00000E+00 -0.22298E-05  0.00000E+00  0.00000E+00  0.83304E-03  0.88259E-03  0.87899E-03  0.61663E-04  0.48457E-04 -0.18911E-02      20  0.88301E-03  0.00000E+00  0.00000E+00 -0.32728E-03 -0.35483E-03 -0.17106E-02 -0.11432E-02 -0.16633E-02 -0.82632E-03
        0.8358  0.00000E+00 -0.10806E-03  0.00000E+00 -0.76326E-05  0.00000E+00  0.00000E+00  0.83390E-03  0.88260E-03  0.87922E-03  0.61664E-04  0.51541E-04 -0.19174E-02      21  0.88302E-03  0.00000E+00  0.00000E+00 -0.21888E-03 -0.36577E-03 -0.14005E-02 -0.12132E-02 -0.14991E-02 -0.90128E-03
        0.8858  0.00000E+00 -0.17822E-03  0.00000E+00 -0.16544E-04  0.00000E+00  0.00000E+00  0.83472E-03  0.88262E-03  0.87914E-03  0.61666E-04  0.54624E-04 -0.19220E-02      22  0.88302E-03  0.00000E+00  0.00000E+00 -0.11488E-03 -0.37152E-03 -0.10980E-02 -0.12681E-02 -0.13048E-02 -0.96652E-03
        0.9358  0.00000E+00 -0.24936E-03  0.00000E+00 -0.29012E-04  0.00000E+00  0.00000E+00  0.83542E-03  0.88263E-03  0.87927E-03  0.61666E-04  0.57707E-04 -0.19123E-02      23  0.88302E-03  0.00000E+00  0.00000E+00 -0.32922E-04 -0.37316E-03 -0.83560E-03 -0.13099E-02 -0.11097E-02 -0.10220E-02
        0.9679  0.00000E+00 -0.30744E-03  0.00000E+00 -0.38876E-04  0.00000E+00  0.00000E+00  0.83569E-03  0.88263E-03  0.87924E-03  0.61667E-04  0.59686E-04 -0.19025E-02      24  0.88302E-03  0.00000E+00  0.00000E+00  0.10924E-06 -0.37316E-03 -0.69354E-03 -0.13321E-02 -0.99068E-03 -0.10538E-02
        1.0000  0.00000E+00 -0.35167E-03  0.00000E+00 -0.50160E-04  0.00000E+00  0.00000E+00  0.83586E-03  0.88263E-03  0.87930E-03  0.61667E-04  0.61664E-04 -0.18921E-02      25  0.88302E-03  0.00000E+00  0.00000E+00  0.30540E-04 -0.37218E-03 -0.58434E-03 -0.13509E-02 -0.88505E-03 -0.10822E-02
end
