 ******* Program HYDRUS
 ******* 
 Welcome to HYDRUS-1D                                                    
 Date:   4. 3.2022    Time:  19:32:28
 Units: L = cm   , T = days , M = mg   

----------------------------------------------------------
 Time       [T]        0.0000
----------------------------------------------------------
 Sub-region num.                     1
----------------------------------------------------------
 Length   [L]        0.30000E+03  0.30000E+03
 W-volume [L]        0.10088E+03  0.10088E+03
 In-flow  [L/T]      0.00000E+00  0.00000E+00
 h Mean   [L]       -0.79475E+02 -0.79475E+02
 ConcVol  [M/L2] 1   0.88453E+00  0.88453E+00
 cMean    [M/L3] 1   0.87693E-02  0.87693E-02
 SorbVolIm[M/L2] 1   0.43032E+02  0.43032E+02
 sMeanIm  [-]    1   0.98923E-01  0.98923E-01
 Top Flux [L/T]     -0.69889E-02
 Bot Flux [L/T]     -0.21730E+00
----------------------------------------------------------

----------------------------------------------------------
 Time       [T]        1.0000
----------------------------------------------------------
 Sub-region num.                     1
----------------------------------------------------------
 Length   [L]        0.30000E+03  0.30000E+03
 W-volume [L]        0.10274E+03  0.10274E+03
 In-flow  [L/T]     -0.13575E+01 -0.13575E+01
 h Mean   [L]       -0.64697E+02 -0.64697E+02
 ConcVol  [M/L2] 1   0.90043E+00  0.90043E+00
 cMean    [M/L3] 1   0.87645E-02  0.87645E-02
 SorbVolIm[M/L2] 1   0.43010E+02  0.43010E+02
 sMeanIm  [-]    1   0.98875E-01  0.98875E-01
 Top Flux [L/T]     -0.41259E-01
 Bot Flux [L/T]     -0.12678E+01
 WatBalT  [L]        0.11921E-04
 WatBalR  [%]              0.000
 CncBalT  [M]    1   0.85831E-03
 CncBalR  [%]    1         5.356
----------------------------------------------------------
 
 Calculation time [sec]  9.999990463256836E-003
