 ******* Program HYDRUS
 ******* 
 Welcome to HYDRUS-1D                                                    
 Date:  29. 3.2022    Time:  17:26:36
 Units: L = cm   , T = days , M = mg   

----------------------------------------------------------
 Time       [T]        0.0000
----------------------------------------------------------
 Sub-region num.                     1
----------------------------------------------------------
 Length   [L]        0.30000E+03  0.30000E+03
 W-volume [L]        0.10067E+03  0.10067E+03
 In-flow  [L/T]      0.00000E+00  0.00000E+00
 h Mean   [L]       -0.81375E+02 -0.81375E+02
 ConcVol  [M/L2] 1   0.88864E-01  0.88864E-01
 cMean    [M/L3] 1   0.88259E-03  0.88259E-03
 SorbVolIm[M/L2] 1   0.46072E+02  0.46072E+02
 sMeanIm  [-]    1   0.10591E+00  0.10591E+00
 Top Flux [L/T]      0.70104E-02
 Bot Flux [L/T]     -0.75332E+00
----------------------------------------------------------

----------------------------------------------------------
 Time       [T]        1.0000
----------------------------------------------------------
 Sub-region num.                     1
----------------------------------------------------------
 Length   [L]        0.30000E+03  0.30000E+03
 W-volume [L]        0.99385E+02  0.99385E+02
 In-flow  [L/T]     -0.45017E+00 -0.45017E+00
 h Mean   [L]       -0.92594E+02 -0.92594E+02
 ConcVol  [M/L2] 1   0.87730E-01  0.87730E-01
 cMean    [M/L3] 1   0.88261E-03  0.88261E-03
 SorbVolIm[M/L2] 1   0.46073E+02  0.46073E+02
 sMeanIm  [-]    1   0.10591E+00  0.10591E+00
 Top Flux [L/T]      0.25540E-01
 Bot Flux [L/T]     -0.31904E+00
 WatBalT  [L]       -0.10976E+00
 WatBalR  [%]              8.514
 CncBalT  [M]    1   0.13351E-03
 CncBalR  [%]    1        11.756
----------------------------------------------------------
 
 Calculation time [sec]  1.999999582767487E-002
