 ******* Program HYDRUS
 ******* 
 Welcome to HYDRUS-1D                                                    
 Date:  29. 3.2022    Time:  17:27:40
 Units: L = cm   , T = days , M = mg   


    TLevel      Time           dt     ItrW ItrC    ItCum  KodT  KodB Converg  Peclet   Courant

        1  0.1000000E-01  0.10000E-01    2    1        2    -4     3     T     0.029     0.011
        2  0.2000000E-01  0.10000E-01    2    1        4    -4     3     T     0.029     0.009
        3  0.3300000E-01  0.13000E-01    2    1        6    -4     3     T     0.029     0.009
        4  0.4990000E-01  0.16900E-01    2    1        8    -4     3     T     0.029     0.009
        5  0.7187000E-01  0.21970E-01    2    1       10    -4     3     T     0.028     0.010
        6  0.1004310E+00  0.28561E-01    2    1       12    -4     3     T     0.028     0.010
        7  0.1375603E+00  0.37129E-01    2    1       14    -4     3     T     0.028     0.010
        8  0.1858284E+00  0.48268E-01    2    1       16    -4     3     T     0.029     0.012
        9  0.2358284E+00  0.50000E-01    2    1       18    -4     3     T     0.029     0.019
       10  0.2858284E+00  0.50000E-01    2    1       20    -4     3     T     0.029     0.025
       11  0.3358284E+00  0.50000E-01    2    1       22    -4     3     T     0.029     0.028
       12  0.3858284E+00  0.50000E-01    2    1       24    -4     3     T     0.029     0.031
       13  0.4358284E+00  0.50000E-01    2    1       26    -4     3     T     0.029     0.033
       14  0.4858284E+00  0.50000E-01    2    1       28    -4     3     T     0.029     0.035
       15  0.5358284E+00  0.50000E-01    2    1       30    -4     3     T     0.029     0.035
       16  0.5858284E+00  0.50000E-01    2    1       32    -4     3     T     0.029     0.033
       17  0.6358284E+00  0.50000E-01    2    1       34    -4     3     T     0.029     0.031
       18  0.6858284E+00  0.50000E-01    2    1       36    -4     3     T     0.029     0.028
       19  0.7358284E+00  0.50000E-01    2    1       38    -4     3     T     0.029     0.025
       20  0.7858284E+00  0.50000E-01    2    1       40    -4     3     T     0.029     0.019
       21  0.8358284E+00  0.50000E-01    2    1       42    -4     3     T     0.029     0.015
       22  0.8858284E+00  0.50000E-01    2    1       44    -4     3     T     0.028     0.012
       23  0.9358284E+00  0.50000E-01    2    1       46    -4     3     T     0.028     0.010
       24  0.9679142E+00  0.32086E-01    2    1       48    -4     3     T     0.028     0.006
       25  0.1000000E+01  0.32086E-01    2    1       50    -4     3     T     0.028     0.005
end
