 All solute fluxes and cumulative solute fluxes are positive into the region

       Time         cvTop        cvBot      Sum(cvTop)   Sum(cvBot)     cvCh0        cvCh1         cTop        cRoot         cBot        cvRoot    Sum(cvRoot)  Sum(cvNEql) TLevel      cGWL        cRunOff   Sum(cRunOff)    (cv(i),    Sum(cv(i)), i=1,NObs)
        [T]        [M/L2/T]     [M/L2/T]      [M/L2]       [M/L2]       [M/L2]      [M/L2]        [M/L3]      [M/L3]        [M/L3]      [M/L2/T]      [M/L2]       [M/L2]              [M/L3]        [M/L2]      [M/L3]      [M/L2/T]      [M/L2]
        0.0100  0.00000E+00  0.00000E+00  0.00000E+00  0.00000E+00  0.00000E+00  0.00000E+00  0.90841E-03  0.88302E-03  0.87210E-03  0.00000E+00  0.00000E+00 -0.11378E-04       1  0.88270E-03  0.00000E+00  0.00000E+00  0.30792E-04  0.30792E-06  0.22422E-03  0.22422E-05  0.39195E-03  0.39195E-05
        0.0200  0.00000E+00  0.00000E+00  0.00000E+00  0.00000E+00  0.00000E+00  0.00000E+00  0.90821E-03  0.88308E-03  0.87115E-03  0.00000E+00  0.00000E+00 -0.18442E-04       2  0.88265E-03  0.00000E+00  0.00000E+00  0.25847E-04  0.56639E-06  0.22346E-03  0.44768E-05  0.38961E-03  0.78157E-05
        0.0330  0.00000E+00  0.00000E+00  0.00000E+00  0.00000E+00  0.00000E+00  0.00000E+00  0.90812E-03  0.88306E-03  0.87183E-03  0.00000E+00  0.00000E+00 -0.27711E-04       3  0.88269E-03  0.00000E+00  0.00000E+00  0.14066E-04  0.74925E-06  0.22207E-03  0.73638E-05  0.38549E-03  0.12827E-04
        0.0499  0.00000E+00  0.00000E+00  0.00000E+00  0.00000E+00  0.00000E+00  0.00000E+00  0.90781E-03  0.88307E-03  0.87206E-03  0.00000E+00  0.00000E+00 -0.38422E-04       4  0.88270E-03  0.00000E+00  0.00000E+00 -0.10364E-04  0.57409E-06  0.21903E-03  0.11065E-04  0.38079E-03  0.19262E-04
        0.0719  0.00000E+00  0.00000E+00  0.00000E+00  0.00000E+00  0.00000E+00  0.00000E+00  0.90724E-03  0.88306E-03  0.87225E-03  0.00000E+00  0.00000E+00 -0.52558E-04       5  0.88271E-03  0.00000E+00  0.00000E+00 -0.55257E-04 -0.63991E-06  0.21249E-03  0.15734E-04  0.37439E-03  0.27488E-04
        0.1004  0.00000E+00  0.00000E+00  0.00000E+00  0.00000E+00  0.00000E+00  0.00000E+00  0.90640E-03  0.88307E-03  0.87236E-03  0.00000E+00  0.00000E+00 -0.72004E-04       6  0.88275E-03  0.00000E+00  0.00000E+00 -0.13149E-03 -0.43955E-05  0.19778E-03  0.21383E-04  0.36553E-03  0.37928E-04
        0.1376  0.00000E+00  0.00000E+00  0.00000E+00  0.00000E+00  0.00000E+00  0.00000E+00  0.90546E-03  0.88307E-03  0.87243E-03  0.00000E+00  0.00000E+00 -0.10149E-03       7  0.88276E-03  0.00000E+00  0.00000E+00 -0.26343E-03 -0.14177E-04  0.16757E-03  0.27604E-04  0.35140E-03  0.50975E-04
        0.1858  0.00000E+00  0.00000E+00  0.00000E+00  0.00000E+00  0.00000E+00  0.00000E+00  0.90406E-03  0.88306E-03  0.87245E-03  0.00000E+00  0.00000E+00 -0.14949E-03       8  0.88276E-03  0.00000E+00  0.00000E+00 -0.47720E-03 -0.37210E-04  0.10406E-03  0.32627E-04  0.32538E-03  0.66680E-04
        0.2358  0.00000E+00  0.00000E+00  0.00000E+00  0.00000E+00  0.00000E+00  0.00000E+00  0.90232E-03  0.88303E-03  0.87243E-03  0.00000E+00  0.00000E+00 -0.21197E-03       9  0.88276E-03  0.00000E+00  0.00000E+00 -0.71673E-03 -0.73047E-04  0.18258E-04  0.33540E-04  0.28856E-03  0.81108E-04
        0.2858  0.00000E+00  0.00000E+00  0.00000E+00  0.00000E+00  0.00000E+00  0.00000E+00  0.90095E-03  0.88301E-03  0.87240E-03  0.00000E+00  0.00000E+00 -0.28520E-03      10  0.88276E-03  0.00000E+00  0.00000E+00 -0.91172E-03 -0.11863E-03 -0.94256E-04  0.28827E-04  0.23874E-03  0.93045E-04
        0.3358  0.00000E+00  0.00000E+00  0.00000E+00  0.00000E+00  0.00000E+00  0.00000E+00  0.89992E-03  0.88299E-03  0.87235E-03  0.00000E+00  0.00000E+00 -0.35855E-03      11  0.88275E-03  0.00000E+00  0.00000E+00 -0.10383E-02 -0.17055E-03 -0.21704E-03  0.17975E-04  0.18237E-03  0.10216E-03
        0.3858  0.00000E+00  0.00000E+00  0.00000E+00  0.00000E+00  0.00000E+00  0.00000E+00  0.89908E-03  0.88303E-03  0.87230E-03  0.00000E+00  0.00000E+00 -0.42135E-03      12  0.88275E-03  0.00000E+00  0.00000E+00 -0.11400E-02 -0.22755E-03 -0.34239E-03  0.85559E-06  0.12648E-03  0.10849E-03
        0.4358  0.00000E+00  0.00000E+00  0.00000E+00  0.00000E+00  0.00000E+00  0.00000E+00  0.89837E-03  0.88307E-03  0.87224E-03  0.00000E+00  0.00000E+00 -0.47428E-03      13  0.88275E-03  0.00000E+00  0.00000E+00 -0.12090E-02 -0.28800E-03 -0.45766E-03 -0.22028E-04  0.71849E-04  0.11208E-03
        0.4858  0.00000E+00  0.00000E+00  0.00000E+00  0.00000E+00  0.00000E+00  0.00000E+00  0.89795E-03  0.88310E-03  0.87218E-03  0.00000E+00  0.00000E+00 -0.51942E-03      14  0.88275E-03  0.00000E+00  0.00000E+00 -0.12407E-02 -0.35004E-03 -0.55498E-03 -0.49776E-04  0.20244E-04  0.11309E-03
        0.5358  0.00000E+00  0.00000E+00  0.00000E+00  0.00000E+00  0.00000E+00  0.00000E+00  0.89775E-03  0.88312E-03  0.87212E-03  0.00000E+00  0.00000E+00 -0.55918E-03      15  0.88274E-03  0.00000E+00  0.00000E+00 -0.12333E-02 -0.41170E-03 -0.62771E-03 -0.81162E-04 -0.28114E-04  0.11169E-03
        0.5858  0.00000E+00  0.00000E+00  0.00000E+00  0.00000E+00  0.00000E+00  0.00000E+00  0.89786E-03  0.88313E-03  0.87207E-03  0.00000E+00  0.00000E+00 -0.59685E-03      16  0.88274E-03  0.00000E+00  0.00000E+00 -0.11877E-02 -0.47108E-03 -0.67234E-03 -0.11478E-03 -0.72747E-04  0.10805E-03
        0.6358  0.00000E+00  0.00000E+00  0.00000E+00  0.00000E+00  0.00000E+00  0.00000E+00  0.89819E-03  0.88313E-03  0.87201E-03  0.00000E+00  0.00000E+00 -0.63556E-03      17  0.88274E-03  0.00000E+00  0.00000E+00 -0.11076E-02 -0.52646E-03 -0.68829E-03 -0.14919E-03 -0.11386E-03  0.10236E-03
        0.6858  0.00000E+00  0.00000E+00  0.00000E+00  0.00000E+00  0.00000E+00  0.00000E+00  0.89875E-03  0.88312E-03  0.87195E-03  0.00000E+00  0.00000E+00 -0.67859E-03      18  0.88274E-03  0.00000E+00  0.00000E+00 -0.99892E-03 -0.57641E-03 -0.67751E-03 -0.18307E-03 -0.15241E-03  0.94736E-04
        0.7358  0.00000E+00  0.00000E+00  0.00000E+00  0.00000E+00  0.00000E+00  0.00000E+00  0.89945E-03  0.88309E-03  0.87189E-03  0.00000E+00  0.00000E+00 -0.72860E-03      19  0.88273E-03  0.00000E+00  0.00000E+00 -0.87037E-03 -0.61993E-03 -0.64442E-03 -0.21529E-03 -0.18935E-03  0.85269E-04
        0.7858  0.00000E+00  0.00000E+00  0.00000E+00  0.00000E+00  0.00000E+00  0.00000E+00  0.90104E-03  0.88305E-03  0.87183E-03  0.00000E+00  0.00000E+00 -0.78228E-03      20  0.88273E-03  0.00000E+00  0.00000E+00 -0.63325E-03 -0.65159E-03 -0.57528E-03 -0.24405E-03 -0.22314E-03  0.74111E-04
        0.8358  0.00000E+00  0.00000E+00  0.00000E+00  0.00000E+00  0.00000E+00  0.00000E+00  0.90262E-03  0.88302E-03  0.87178E-03  0.00000E+00  0.00000E+00 -0.82403E-03      21  0.88273E-03  0.00000E+00  0.00000E+00 -0.39755E-03 -0.67147E-03 -0.48275E-03 -0.26819E-03 -0.22925E-03  0.62649E-04
        0.8858  0.00000E+00  0.00000E+00  0.00000E+00  0.00000E+00  0.00000E+00  0.00000E+00  0.90402E-03  0.88306E-03  0.87173E-03  0.00000E+00  0.00000E+00 -0.85384E-03      22  0.88273E-03  0.00000E+00  0.00000E+00 -0.18953E-03 -0.68094E-03 -0.37888E-03 -0.28713E-03 -0.20873E-03  0.52213E-04
        0.9358  0.00000E+00  0.00000E+00  0.00000E+00  0.00000E+00  0.00000E+00  0.00000E+00  0.90499E-03  0.88305E-03  0.87169E-03  0.00000E+00  0.00000E+00 -0.87657E-03      23  0.88272E-03  0.00000E+00  0.00000E+00 -0.39230E-04 -0.68291E-03 -0.27918E-03 -0.30109E-03 -0.17520E-03  0.43453E-04
        0.9679  0.00000E+00  0.00000E+00  0.00000E+00  0.00000E+00  0.00000E+00  0.00000E+00  0.90530E-03  0.88307E-03  0.87166E-03  0.00000E+00  0.00000E+00 -0.88866E-03      24  0.88272E-03  0.00000E+00  0.00000E+00  0.15385E-04 -0.68241E-03 -0.22025E-03 -0.30816E-03 -0.15027E-03  0.38631E-04
        1.0000  0.00000E+00  0.00000E+00  0.00000E+00  0.00000E+00  0.00000E+00  0.00000E+00  0.90534E-03  0.88306E-03  0.87164E-03  0.00000E+00  0.00000E+00 -0.90055E-03      25  0.88272E-03  0.00000E+00  0.00000E+00  0.33956E-04 -0.68132E-03 -0.17074E-03 -0.31364E-03 -0.12382E-03  0.34659E-04
end
