 All solute fluxes and cumulative solute fluxes are positive into the region

       Time         cvTop        cvBot      Sum(cvTop)   Sum(cvBot)     cvCh0        cvCh1         cTop        cRoot         cBot        cvRoot    Sum(cvRoot)  Sum(cvNEql) TLevel      cGWL        cRunOff   Sum(cRunOff)    (cv(i),    Sum(cv(i)), i=1,NObs)
        [T]        [M/L2/T]     [M/L2/T]      [M/L2]       [M/L2]       [M/L2]      [M/L2]        [M/L3]      [M/L3]        [M/L3]      [M/L2/T]      [M/L2]       [M/L2]              [M/L3]        [M/L2]      [M/L3]      [M/L2/T]      [M/L2]
        0.0100  0.00000E+00  0.00000E+00  0.00000E+00  0.00000E+00  0.00000E+00  0.00000E+00  0.90354E-03  0.88323E-03  0.86911E-03  0.28548E-04  0.28548E-06 -0.18384E-04       1  0.88276E-03  0.00000E+00  0.00000E+00  0.13304E-04  0.13304E-06 -0.23346E-03 -0.23346E-05 -0.30909E-03 -0.30909E-05
        0.0200  0.00000E+00  0.00000E+00  0.00000E+00  0.00000E+00  0.00000E+00  0.00000E+00  0.90352E-03  0.88316E-03  0.86542E-03  0.28546E-04  0.57094E-06 -0.42569E-04       2  0.88262E-03  0.00000E+00  0.00000E+00  0.22519E-05  0.15556E-06 -0.22204E-03 -0.45550E-05 -0.29865E-03 -0.60774E-05
        0.0330  0.00000E+00  0.00000E+00  0.00000E+00  0.00000E+00  0.00000E+00  0.00000E+00  0.90331E-03  0.88318E-03  0.86830E-03  0.28546E-04  0.94204E-06 -0.65728E-04       3  0.88273E-03  0.00000E+00  0.00000E+00 -0.20758E-04 -0.11429E-06 -0.20788E-03 -0.72574E-05 -0.28395E-03 -0.97688E-05
        0.0499  0.00000E+00  0.00000E+00  0.00000E+00  0.00000E+00  0.00000E+00  0.00000E+00  0.90291E-03  0.88317E-03  0.86868E-03  0.28546E-04  0.14245E-05 -0.91588E-04       4  0.88276E-03  0.00000E+00  0.00000E+00 -0.65776E-04 -0.12259E-05 -0.19678E-03 -0.10583E-04 -0.26741E-03 -0.14288E-04
        0.0719  0.00000E+00  0.00000E+00  0.00000E+00  0.00000E+00  0.00000E+00  0.00000E+00  0.90216E-03  0.88317E-03  0.86977E-03  0.28546E-04  0.20516E-05 -0.12166E-03       5  0.88280E-03  0.00000E+00  0.00000E+00 -0.14696E-03 -0.44547E-05 -0.19367E-03 -0.14838E-04 -0.24987E-03 -0.19778E-04
        0.1004  0.00000E+00  0.00000E+00  0.00000E+00  0.00000E+00  0.00000E+00  0.00000E+00  0.90094E-03  0.88317E-03  0.87032E-03  0.28546E-04  0.28669E-05 -0.15958E-03       6  0.88285E-03  0.00000E+00  0.00000E+00 -0.28271E-03 -0.12529E-04 -0.21222E-03 -0.20899E-04 -0.23676E-03 -0.26540E-04
        0.1376  0.00000E+00  0.00000E+00  0.00000E+00  0.00000E+00  0.00000E+00  0.00000E+00  0.89907E-03  0.88317E-03  0.87105E-03  0.28546E-04  0.39268E-05 -0.21261E-03       7  0.88287E-03  0.00000E+00  0.00000E+00 -0.49323E-03 -0.30842E-04 -0.27702E-03 -0.31185E-04 -0.23980E-03 -0.35443E-04
        0.1858  0.00000E+00  0.00000E+00  0.00000E+00  0.00000E+00  0.00000E+00  0.00000E+00  0.89648E-03  0.88317E-03  0.87156E-03  0.28546E-04  0.53047E-05 -0.29572E-03       8  0.88288E-03  0.00000E+00  0.00000E+00 -0.79398E-03 -0.69166E-04 -0.43286E-03 -0.52078E-04 -0.28493E-03 -0.49196E-04
        0.2358  0.00000E+00  0.00000E+00  0.00000E+00  0.00000E+00  0.00000E+00  0.00000E+00  0.89385E-03  0.88317E-03  0.87207E-03  0.28546E-04  0.67320E-05 -0.40271E-03       9  0.88290E-03  0.00000E+00  0.00000E+00 -0.11050E-02 -0.12441E-03 -0.66930E-03 -0.85543E-04 -0.38102E-03 -0.68247E-04
        0.2858  0.00000E+00  0.00000E+00  0.00000E+00  0.00000E+00  0.00000E+00  0.00000E+00  0.89152E-03  0.88318E-03  0.87240E-03  0.28547E-04  0.81593E-05 -0.53142E-03      10  0.88291E-03  0.00000E+00  0.00000E+00 -0.13762E-02 -0.19322E-03 -0.96908E-03 -0.13400E-03 -0.52949E-03 -0.94722E-04
        0.3358  0.00000E+00  0.00000E+00  0.00000E+00  0.00000E+00  0.00000E+00  0.00000E+00  0.88963E-03  0.88320E-03  0.87273E-03  0.28548E-04  0.95867E-05 -0.67819E-03      11  0.88292E-03  0.00000E+00  0.00000E+00 -0.15958E-02 -0.27301E-03 -0.12995E-02 -0.19897E-03 -0.71144E-03 -0.13029E-03
        0.3858  0.00000E+00  0.00000E+00  0.00000E+00  0.00000E+00  0.00000E+00  0.00000E+00  0.88812E-03  0.88323E-03  0.87299E-03  0.28549E-04  0.11014E-04 -0.83752E-03      12  0.88292E-03  0.00000E+00  0.00000E+00 -0.17622E-02 -0.36113E-03 -0.16512E-02 -0.28153E-03 -0.92719E-03 -0.17665E-03
        0.4358  0.00000E+00  0.00000E+00  0.00000E+00  0.00000E+00  0.00000E+00  0.00000E+00  0.88693E-03  0.88325E-03  0.87325E-03  0.28550E-04  0.12442E-04 -0.10047E-02      13  0.88293E-03  0.00000E+00  0.00000E+00 -0.18700E-02 -0.45463E-03 -0.19716E-02 -0.38011E-03 -0.11652E-02 -0.23491E-03
        0.4858  0.00000E+00  0.00000E+00  0.00000E+00  0.00000E+00  0.00000E+00  0.00000E+00  0.88630E-03  0.88329E-03  0.87349E-03  0.28552E-04  0.13869E-04 -0.11738E-02      14  0.88293E-03  0.00000E+00  0.00000E+00 -0.19117E-02 -0.55021E-03 -0.22233E-02 -0.49128E-03 -0.13982E-02 -0.30482E-03
        0.5358  0.00000E+00  0.00000E+00  0.00000E+00  0.00000E+00  0.00000E+00  0.00000E+00  0.88606E-03  0.88330E-03  0.87375E-03  0.28552E-04  0.15297E-04 -0.13382E-02      15  0.88294E-03  0.00000E+00  0.00000E+00 -0.18898E-02 -0.64470E-03 -0.23821E-02 -0.61038E-03 -0.15982E-02 -0.38473E-03
        0.5858  0.00000E+00  0.00000E+00  0.00000E+00  0.00000E+00  0.00000E+00  0.00000E+00  0.88634E-03  0.88332E-03  0.87403E-03  0.28553E-04  0.16725E-04 -0.14915E-02      16  0.88294E-03  0.00000E+00  0.00000E+00 -0.18012E-02 -0.73476E-03 -0.24328E-02 -0.73202E-03 -0.17437E-02 -0.47191E-03
        0.6358  0.00000E+00  0.00000E+00  0.00000E+00  0.00000E+00  0.00000E+00  0.00000E+00  0.88706E-03  0.88333E-03  0.87436E-03  0.28553E-04  0.18152E-04 -0.16282E-02      17  0.88295E-03  0.00000E+00  0.00000E+00 -0.16591E-02 -0.81771E-03 -0.23770E-02 -0.85087E-03 -0.18210E-02 -0.56297E-03
        0.6858  0.00000E+00  0.00000E+00  0.00000E+00  0.00000E+00  0.00000E+00  0.00000E+00  0.88819E-03  0.88333E-03  0.87475E-03  0.28553E-04  0.19580E-04 -0.17437E-02      18  0.88296E-03  0.00000E+00  0.00000E+00 -0.14579E-02 -0.89061E-03 -0.22279E-02 -0.96226E-03 -0.18294E-02 -0.65444E-03
        0.7358  0.00000E+00 -0.39358E-05  0.00000E+00 -0.19679E-06  0.00000E+00  0.00000E+00  0.88966E-03  0.88332E-03  0.87923E-03  0.28553E-04  0.21007E-04 -0.18251E-02      19  0.88303E-03  0.00000E+00  0.00000E+00 -0.12212E-02 -0.95167E-03 -0.20057E-02 -0.10625E-02 -0.17748E-02 -0.74318E-03
        0.7858  0.00000E+00 -0.40661E-04  0.00000E+00 -0.22298E-05  0.00000E+00  0.00000E+00  0.89164E-03  0.88331E-03  0.87899E-03  0.28552E-04  0.22435E-04 -0.18735E-02      20  0.88301E-03  0.00000E+00  0.00000E+00 -0.92224E-03 -0.99778E-03 -0.17184E-02 -0.11485E-02 -0.16633E-02 -0.82634E-03
        0.8358  0.00000E+00 -0.10806E-03  0.00000E+00 -0.76326E-05  0.00000E+00  0.00000E+00  0.89380E-03  0.88329E-03  0.87922E-03  0.28551E-04  0.23863E-04 -0.18973E-02      21  0.88302E-03  0.00000E+00  0.00000E+00 -0.61684E-03 -0.10286E-02 -0.14061E-02 -0.12188E-02 -0.14992E-02 -0.90130E-03
        0.8858  0.00000E+00 -0.17822E-03  0.00000E+00 -0.16544E-04  0.00000E+00  0.00000E+00  0.89590E-03  0.88328E-03  0.87914E-03  0.28551E-04  0.25290E-04 -0.18994E-02      22  0.88302E-03  0.00000E+00  0.00000E+00 -0.32866E-03 -0.10451E-02 -0.11019E-02 -0.12739E-02 -0.13049E-02 -0.96654E-03
        0.9358  0.00000E+00 -0.24936E-03  0.00000E+00 -0.29012E-04  0.00000E+00  0.00000E+00  0.89766E-03  0.88325E-03  0.87927E-03  0.28550E-04  0.26718E-04 -0.18872E-02      23  0.88302E-03  0.00000E+00  0.00000E+00 -0.10413E-03 -0.10503E-02 -0.83822E-03 -0.13158E-02 -0.11097E-02 -0.10220E-02
        0.9679  0.00000E+00 -0.30744E-03  0.00000E+00 -0.38876E-04  0.00000E+00  0.00000E+00  0.89838E-03  0.88324E-03  0.87924E-03  0.28549E-04  0.27634E-04 -0.18758E-02      24  0.88302E-03  0.00000E+00  0.00000E+00 -0.15751E-04 -0.10508E-02 -0.69557E-03 -0.13381E-02 -0.99071E-03 -0.10538E-02
        1.0000  0.00000E+00 -0.35167E-03  0.00000E+00 -0.50160E-04  0.00000E+00  0.00000E+00  0.89866E-03  0.88322E-03  0.87930E-03  0.28548E-04  0.28550E-04 -0.18639E-02      25  0.88302E-03  0.00000E+00  0.00000E+00  0.19409E-04 -0.10501E-02 -0.58595E-03 -0.13569E-02 -0.88508E-03 -0.10822E-02
end
