 All solute fluxes and cumulative solute fluxes are positive into the region

       Time         cvTop        cvBot      Sum(cvTop)   Sum(cvBot)     cvCh0        cvCh1         cTop        cRoot         cBot        cvRoot    Sum(cvRoot)  Sum(cvNEql) TLevel      cGWL        cRunOff   Sum(cRunOff)    (cv(i),    Sum(cv(i)), i=1,NObs)
        [T]        [M/L2/T]     [M/L2/T]      [M/L2]       [M/L2]       [M/L2]      [M/L2]        [M/L3]      [M/L3]        [M/L3]      [M/L2/T]      [M/L2]       [M/L2]              [M/L3]        [M/L2]      [M/L3]      [M/L2/T]      [M/L2]
        0.0100  0.00000E+00  0.00000E+00  0.00000E+00  0.00000E+00  0.00000E+00  0.00000E+00  0.10530E-02  0.94640E-03  0.87880E-03  0.21984E-04  0.21984E-06 -0.52449E-05       1  0.88319E-03  0.00000E+00  0.00000E+00  0.45116E-04  0.45116E-06 -0.85499E-04 -0.85499E-06  0.20326E-03  0.20326E-05
        0.0200  0.00000E+00  0.00000E+00  0.00000E+00  0.00000E+00  0.00000E+00  0.00000E+00  0.10529E-02  0.94639E-03  0.87937E-03  0.21984E-04  0.43968E-06 -0.48199E-05       2  0.88319E-03  0.00000E+00  0.00000E+00  0.42394E-04  0.87510E-06 -0.83457E-04 -0.16896E-05  0.20003E-03  0.40328E-05
        0.0330  0.00000E+00  0.00000E+00  0.00000E+00  0.00000E+00  0.00000E+00  0.00000E+00  0.10529E-02  0.94639E-03  0.87918E-03  0.21984E-04  0.72548E-06 -0.62614E-05       3  0.88318E-03  0.00000E+00  0.00000E+00  0.35936E-04  0.13423E-05 -0.81040E-04 -0.27431E-05  0.19550E-03  0.65743E-05
        0.0499  0.00000E+00  0.00000E+00  0.00000E+00  0.00000E+00  0.00000E+00  0.00000E+00  0.10528E-02  0.94639E-03  0.87899E-03  0.21984E-04  0.10970E-05 -0.82452E-05       4  0.88318E-03  0.00000E+00  0.00000E+00  0.22846E-04  0.17284E-05 -0.77869E-04 -0.40591E-05  0.18988E-03  0.97833E-05
        0.0719  0.00000E+00  0.00000E+00  0.00000E+00  0.00000E+00  0.00000E+00  0.00000E+00  0.10525E-02  0.94639E-03  0.87884E-03  0.21984E-04  0.15800E-05 -0.11767E-04       5  0.88318E-03  0.00000E+00  0.00000E+00 -0.14650E-05  0.16962E-05 -0.73390E-04 -0.56714E-05  0.18248E-03  0.13793E-04
        0.1004  0.00000E+00  0.00000E+00  0.00000E+00  0.00000E+00  0.00000E+00  0.00000E+00  0.10521E-02  0.94639E-03  0.87870E-03  0.21984E-04  0.22079E-05 -0.17713E-04       6  0.88318E-03  0.00000E+00  0.00000E+00 -0.37165E-04  0.63469E-06 -0.66462E-04 -0.75697E-05  0.17230E-03  0.18714E-04
        0.1376  0.00000E+00  0.00000E+00  0.00000E+00  0.00000E+00  0.00000E+00  0.00000E+00  0.10515E-02  0.94639E-03  0.87858E-03  0.21984E-04  0.30242E-05 -0.28288E-04       7  0.88318E-03  0.00000E+00  0.00000E+00 -0.95559E-04 -0.29133E-05 -0.54766E-04 -0.96031E-05  0.15682E-03  0.24536E-04
        0.1858  0.00000E+00  0.00000E+00  0.00000E+00  0.00000E+00  0.00000E+00  0.00000E+00  0.10505E-02  0.94639E-03  0.87846E-03  0.21984E-04  0.40853E-05 -0.47488E-04       8  0.88317E-03  0.00000E+00  0.00000E+00 -0.18278E-03 -0.11736E-04 -0.34087E-04 -0.11248E-04  0.13156E-03  0.30886E-04
        0.2358  0.00000E+00  0.00000E+00  0.00000E+00  0.00000E+00  0.00000E+00  0.00000E+00  0.10495E-02  0.94639E-03  0.87837E-03  0.21985E-04  0.51845E-05 -0.73892E-04       9  0.88317E-03  0.00000E+00  0.00000E+00 -0.27610E-03 -0.25541E-04 -0.62339E-04 -0.14365E-04  0.97790E-04  0.35776E-04
        0.2858  0.00000E+00  0.00000E+00  0.00000E+00  0.00000E+00  0.00000E+00  0.00000E+00  0.10489E-02  0.94639E-03  0.87830E-03  0.21985E-04  0.62838E-05 -0.10385E-03      10  0.88317E-03  0.00000E+00  0.00000E+00 -0.32187E-03 -0.41634E-04 -0.21183E-03 -0.24957E-04  0.59592E-04  0.38755E-04
        0.3358  0.00000E+00  0.00000E+00  0.00000E+00  0.00000E+00  0.00000E+00  0.00000E+00  0.10489E-02  0.94640E-03  0.87824E-03  0.21985E-04  0.73830E-05 -0.13219E-03      11  0.88317E-03  0.00000E+00  0.00000E+00 -0.31400E-03 -0.57334E-04 -0.31573E-03 -0.40743E-04  0.26354E-04  0.40073E-04
        0.3858  0.00000E+00  0.00000E+00  0.00000E+00  0.00000E+00  0.00000E+00  0.00000E+00  0.10488E-02  0.94642E-03  0.87820E-03  0.21985E-04  0.84823E-05 -0.15735E-03      12  0.88317E-03  0.00000E+00  0.00000E+00 -0.30784E-03 -0.72726E-04 -0.38196E-03 -0.59841E-04  0.29724E-05  0.40222E-04
        0.4358  0.00000E+00  0.00000E+00  0.00000E+00  0.00000E+00  0.00000E+00  0.00000E+00  0.10488E-02  0.94643E-03  0.87817E-03  0.21985E-04  0.95816E-05 -0.18004E-03      13  0.88317E-03  0.00000E+00  0.00000E+00 -0.30284E-03 -0.87868E-04 -0.41940E-03 -0.80811E-04 -0.13490E-04  0.39547E-04
        0.4858  0.00000E+00  0.00000E+00  0.00000E+00  0.00000E+00  0.00000E+00  0.00000E+00  0.10487E-02  0.94644E-03  0.87815E-03  0.21985E-04  0.10681E-04 -0.20085E-03      14  0.88317E-03  0.00000E+00  0.00000E+00 -0.30011E-03 -0.10287E-03 -0.44267E-03 -0.10294E-03 -0.25017E-04  0.38296E-04
        0.5358  0.00000E+00  0.00000E+00  0.00000E+00  0.00000E+00  0.00000E+00  0.00000E+00  0.10486E-02  0.94645E-03  0.87815E-03  0.21986E-04  0.11780E-04 -0.22075E-03      15  0.88317E-03  0.00000E+00  0.00000E+00 -0.29919E-03 -0.11783E-03 -0.46080E-03 -0.12598E-03 -0.34249E-04  0.36584E-04
        0.5858  0.00000E+00  0.00000E+00  0.00000E+00  0.00000E+00  0.00000E+00  0.00000E+00  0.10485E-02  0.94645E-03  0.87816E-03  0.21986E-04  0.12879E-04 -0.24057E-03      16  0.88317E-03  0.00000E+00  0.00000E+00 -0.30039E-03 -0.13285E-03 -0.47922E-03 -0.14995E-03 -0.43993E-04  0.34384E-04
        0.6358  0.00000E+00  0.00000E+00  0.00000E+00  0.00000E+00  0.00000E+00  0.00000E+00  0.10484E-02  0.94645E-03  0.87817E-03  0.21986E-04  0.13979E-04 -0.26125E-03      17  0.88317E-03  0.00000E+00  0.00000E+00 -0.30317E-03 -0.14801E-03 -0.50198E-03 -0.17504E-03 -0.56191E-04  0.31574E-04
        0.6858  0.00000E+00  0.00000E+00  0.00000E+00  0.00000E+00  0.00000E+00  0.00000E+00  0.10483E-02  0.94644E-03  0.87820E-03  0.21985E-04  0.15078E-04 -0.28349E-03      18  0.88317E-03  0.00000E+00  0.00000E+00 -0.30726E-03 -0.16337E-03 -0.53206E-03 -0.20165E-03 -0.72094E-04  0.27970E-04
        0.7358  0.00000E+00  0.00000E+00  0.00000E+00  0.00000E+00  0.00000E+00  0.00000E+00  0.10481E-02  0.94644E-03  0.87823E-03  0.21985E-04  0.16177E-04 -0.30788E-03      19  0.88317E-03  0.00000E+00  0.00000E+00 -0.31198E-03 -0.17897E-03 -0.57186E-03 -0.23024E-03 -0.91965E-04  0.23372E-04
        0.7858  0.00000E+00  0.00000E+00  0.00000E+00  0.00000E+00  0.00000E+00  0.00000E+00  0.10489E-02  0.94643E-03  0.87826E-03  0.21985E-04  0.17276E-04 -0.32825E-03      20  0.88317E-03  0.00000E+00  0.00000E+00 -0.22175E-03 -0.19006E-03 -0.54268E-03 -0.25737E-03 -0.10711E-03  0.18016E-04
        0.8358  0.00000E+00  0.00000E+00  0.00000E+00  0.00000E+00  0.00000E+00  0.00000E+00  0.10498E-02  0.94643E-03  0.87831E-03  0.21985E-04  0.18376E-04 -0.34170E-03      21  0.88317E-03  0.00000E+00  0.00000E+00 -0.13292E-03 -0.19671E-03 -0.46132E-03 -0.28044E-03 -0.10804E-03  0.12614E-04
        0.8858  0.00000E+00  0.00000E+00  0.00000E+00  0.00000E+00  0.00000E+00  0.00000E+00  0.10506E-02  0.94642E-03  0.87836E-03  0.21985E-04  0.19475E-04 -0.34993E-03      22  0.88317E-03  0.00000E+00  0.00000E+00 -0.52621E-04 -0.19934E-03 -0.35142E-03 -0.29801E-03 -0.98074E-04  0.77104E-05
        0.9358  0.00000E+00  0.00000E+00  0.00000E+00  0.00000E+00  0.00000E+00  0.00000E+00  0.10512E-02  0.94642E-03  0.87841E-03  0.21985E-04  0.20574E-04 -0.35411E-03      23  0.88317E-03  0.00000E+00  0.00000E+00  0.87053E-05 -0.19890E-03 -0.24144E-03 -0.31008E-03 -0.80934E-04  0.36637E-05
        0.9679  0.00000E+00  0.00000E+00  0.00000E+00  0.00000E+00  0.00000E+00  0.00000E+00  0.10515E-02  0.94641E-03  0.87845E-03  0.21985E-04  0.21280E-04 -0.35591E-03      24  0.88317E-03  0.00000E+00  0.00000E+00  0.38815E-04 -0.19766E-03 -0.17716E-03 -0.31577E-03 -0.68593E-04  0.14628E-05
        1.0000  0.00000E+00  0.00000E+00  0.00000E+00  0.00000E+00  0.00000E+00  0.00000E+00  0.10517E-02  0.94641E-03  0.87849E-03  0.21985E-04  0.21985E-04 -0.35727E-03      25  0.88317E-03  0.00000E+00  0.00000E+00  0.48686E-04 -0.19609E-03 -0.12552E-03 -0.31980E-03 -0.55734E-04 -0.32543E-06
end
