 All solute fluxes and cumulative solute fluxes are positive into the region

       Time         cvTop        cvBot      Sum(cvTop)   Sum(cvBot)     cvCh0        cvCh1         cTop        cRoot         cBot        cvRoot    Sum(cvRoot)  Sum(cvNEql) TLevel      cGWL        cRunOff   Sum(cRunOff)    (cv(i),    Sum(cv(i)), i=1,NObs)
        [T]        [M/L2/T]     [M/L2/T]      [M/L2]       [M/L2]       [M/L2]      [M/L2]        [M/L3]      [M/L3]        [M/L3]      [M/L2/T]      [M/L2]       [M/L2]              [M/L3]        [M/L2]      [M/L3]      [M/L2/T]      [M/L2]
        0.0100  0.00000E+00  0.00000E+00  0.00000E+00  0.00000E+00  0.00000E+00  0.00000E+00  0.97369E-03  0.90694E-03  0.87646E-03  0.59018E-04  0.59018E-06 -0.10040E-04       1  0.88303E-03  0.00000E+00  0.00000E+00  0.23746E-04  0.23746E-06  0.76349E-05  0.76349E-07  0.12178E-03  0.12178E-05
        0.0200  0.00000E+00  0.00000E+00  0.00000E+00  0.00000E+00  0.00000E+00  0.00000E+00  0.97348E-03  0.90691E-03  0.87432E-03  0.59016E-04  0.11803E-05 -0.19355E-04       2  0.88297E-03  0.00000E+00  0.00000E+00  0.23093E-05  0.26056E-06  0.75979E-05  0.15233E-06  0.12095E-03  0.24273E-05
        0.0330  0.00000E+00  0.00000E+00  0.00000E+00  0.00000E+00  0.00000E+00  0.00000E+00  0.97314E-03  0.90692E-03  0.87568E-03  0.59017E-04  0.19476E-05 -0.29520E-04       3  0.88301E-03  0.00000E+00  0.00000E+00 -0.22321E-04 -0.29619E-07  0.71670E-05  0.24550E-06  0.11951E-03  0.39810E-05
        0.0499  0.00000E+00  0.00000E+00  0.00000E+00  0.00000E+00  0.00000E+00  0.00000E+00  0.97262E-03  0.90692E-03  0.87618E-03  0.59016E-04  0.29449E-05 -0.41918E-04       4  0.88303E-03  0.00000E+00  0.00000E+00 -0.69838E-04 -0.12099E-05  0.56600E-05  0.34115E-06  0.11730E-03  0.59634E-05
        0.0719  0.00000E+00  0.00000E+00  0.00000E+00  0.00000E+00  0.00000E+00  0.00000E+00  0.97173E-03  0.90692E-03  0.87666E-03  0.59016E-04  0.42415E-05 -0.59294E-04       5  0.88304E-03  0.00000E+00  0.00000E+00 -0.15185E-03 -0.45461E-05  0.14117E-05  0.37217E-06  0.11233E-03  0.84313E-05
        0.1004  0.00000E+00  0.00000E+00  0.00000E+00  0.00000E+00  0.00000E+00  0.00000E+00  0.97032E-03  0.90692E-03  0.87700E-03  0.59016E-04  0.59271E-05 -0.87098E-04       6  0.88305E-03  0.00000E+00  0.00000E+00 -0.27949E-03 -0.12529E-04 -0.22499E-04 -0.27044E-06  0.99709E-04  0.11279E-04
        0.1376  0.00000E+00  0.00000E+00  0.00000E+00  0.00000E+00  0.00000E+00  0.00000E+00  0.96839E-03  0.90691E-03  0.87728E-03  0.59016E-04  0.81183E-05 -0.13723E-03       7  0.88306E-03  0.00000E+00  0.00000E+00 -0.46169E-03 -0.29671E-04 -0.23961E-03 -0.91669E-05  0.65858E-04  0.13724E-04
        0.1858  0.00000E+00  0.00000E+00  0.00000E+00  0.00000E+00  0.00000E+00  0.00000E+00  0.96592E-03  0.90690E-03  0.87749E-03  0.59015E-04  0.10967E-04 -0.23384E-03       8  0.88306E-03  0.00000E+00  0.00000E+00 -0.70186E-03 -0.63548E-04 -0.66470E-03 -0.41251E-04 -0.17058E-04  0.12901E-04
        0.2358  0.00000E+00  0.00000E+00  0.00000E+00  0.00000E+00  0.00000E+00  0.00000E+00  0.96377E-03  0.90688E-03  0.87762E-03  0.59013E-04  0.13917E-04 -0.37359E-03       9  0.88307E-03  0.00000E+00  0.00000E+00 -0.94565E-03 -0.11083E-03 -0.13290E-02 -0.10770E-03 -0.16236E-03  0.47832E-05
        0.2858  0.00000E+00  0.00000E+00  0.00000E+00  0.00000E+00  0.00000E+00  0.00000E+00  0.96183E-03  0.90687E-03  0.87772E-03  0.59012E-04  0.16868E-04 -0.55211E-03      10  0.88307E-03  0.00000E+00  0.00000E+00 -0.11536E-02 -0.16851E-03 -0.21942E-02 -0.21741E-03 -0.38331E-03 -0.14383E-04
        0.3358  0.00000E+00  0.00000E+00  0.00000E+00  0.00000E+00  0.00000E+00  0.00000E+00  0.96029E-03  0.90687E-03  0.87778E-03  0.59012E-04  0.19819E-04 -0.76242E-03      11  0.88307E-03  0.00000E+00  0.00000E+00 -0.13243E-02 -0.23472E-03 -0.31588E-02 -0.37535E-03 -0.67760E-03 -0.48262E-04
        0.3858  0.00000E+00  0.00000E+00  0.00000E+00  0.00000E+00  0.00000E+00  0.00000E+00  0.95922E-03  0.90689E-03  0.87783E-03  0.59013E-04  0.22769E-04 -0.99467E-03      12  0.88307E-03  0.00000E+00  0.00000E+00 -0.14691E-02 -0.30818E-03 -0.41132E-02 -0.58101E-03 -0.10267E-02 -0.99599E-04
        0.4358  0.00000E+00  0.00000E+00  0.00000E+00  0.00000E+00  0.00000E+00  0.00000E+00  0.95824E-03  0.90691E-03  0.87789E-03  0.59014E-04  0.25720E-04 -0.12405E-02      13  0.88307E-03  0.00000E+00  0.00000E+00 -0.15505E-02 -0.38571E-03 -0.51247E-02 -0.83725E-03 -0.14247E-02 -0.17083E-03
        0.4858  0.00000E+00  0.00000E+00  0.00000E+00  0.00000E+00  0.00000E+00  0.00000E+00  0.95778E-03  0.90695E-03  0.87796E-03  0.59016E-04  0.28671E-04 -0.14900E-02      14  0.88307E-03  0.00000E+00  0.00000E+00 -0.15947E-02 -0.46544E-03 -0.59014E-02 -0.11323E-02 -0.18492E-02 -0.26330E-03
        0.5358  0.00000E+00  0.00000E+00  0.00000E+00  0.00000E+00  0.00000E+00  0.00000E+00  0.95769E-03  0.90698E-03  0.87805E-03  0.59018E-04  0.31622E-04 -0.17334E-02      15  0.88308E-03  0.00000E+00  0.00000E+00 -0.15813E-02 -0.54451E-03 -0.63616E-02 -0.14504E-02 -0.22117E-02 -0.37388E-03
        0.5858  0.00000E+00  0.00000E+00  0.00000E+00  0.00000E+00  0.00000E+00  0.00000E+00  0.95797E-03  0.90700E-03  0.87819E-03  0.59019E-04  0.34573E-04 -0.19609E-02      16  0.88308E-03  0.00000E+00  0.00000E+00 -0.15101E-02 -0.62001E-03 -0.65035E-02 -0.17756E-02 -0.24723E-02 -0.49750E-03
        0.6358  0.00000E+00  0.00000E+00  0.00000E+00  0.00000E+00  0.00000E+00  0.00000E+00  0.95862E-03  0.90702E-03  0.87839E-03  0.59019E-04  0.37524E-04 -0.21639E-02      17  0.88308E-03  0.00000E+00  0.00000E+00 -0.13933E-02 -0.68968E-03 -0.63599E-02 -0.20936E-02 -0.26110E-02 -0.62805E-03
        0.6858  0.00000E+00  0.00000E+00  0.00000E+00  0.00000E+00  0.00000E+00  0.00000E+00  0.95961E-03  0.90704E-03  0.87868E-03  0.59020E-04  0.40475E-04 -0.23361E-02      18  0.88309E-03  0.00000E+00  0.00000E+00 -0.12281E-02 -0.75108E-03 -0.59545E-02 -0.23913E-02 -0.26284E-02 -0.75947E-03
        0.7358  0.00000E+00  0.00000E+00  0.00000E+00  0.00000E+00  0.00000E+00  0.00000E+00  0.96089E-03  0.90703E-03  0.87906E-03  0.59020E-04  0.43426E-04 -0.24737E-02      19  0.88310E-03  0.00000E+00  0.00000E+00 -0.10322E-02 -0.80269E-03 -0.53283E-02 -0.26577E-02 -0.25417E-02 -0.88655E-03
        0.7858  0.00000E+00  0.00000E+00  0.00000E+00  0.00000E+00  0.00000E+00  0.00000E+00  0.96256E-03  0.90702E-03  0.87957E-03  0.59019E-04  0.46377E-04 -0.25728E-02      20  0.88311E-03  0.00000E+00  0.00000E+00 -0.79080E-03 -0.84223E-03 -0.45362E-02 -0.28845E-02 -0.23855E-02 -0.10058E-02
        0.8358  0.00000E+00 -0.31982E-04  0.00000E+00 -0.15991E-05  0.00000E+00  0.00000E+00  0.96438E-03  0.90701E-03  0.88147E-03  0.59018E-04  0.49327E-04 -0.26267E-02      21  0.88314E-03  0.00000E+00  0.00000E+00 -0.54001E-03 -0.86923E-03 -0.36739E-02 -0.30682E-02 -0.21295E-02 -0.11123E-02
        0.8858  0.00000E+00 -0.10273E-03  0.00000E+00 -0.67357E-05  0.00000E+00  0.00000E+00  0.96621E-03  0.90701E-03  0.88138E-03  0.59018E-04  0.52278E-04 -0.26444E-02      22  0.88313E-03  0.00000E+00  0.00000E+00 -0.29774E-03 -0.88412E-03 -0.28240E-02 -0.32094E-02 -0.18310E-02 -0.12039E-02
        0.9358  0.00000E+00 -0.18301E-03  0.00000E+00 -0.15886E-04  0.00000E+00  0.00000E+00  0.96791E-03  0.90699E-03  0.88147E-03  0.59018E-04  0.55229E-04 -0.26404E-02      23  0.88314E-03  0.00000E+00  0.00000E+00 -0.97280E-04 -0.88898E-03 -0.21139E-02 -0.33151E-02 -0.15291E-02 -0.12803E-02
        0.9679  0.00000E+00 -0.25190E-03  0.00000E+00 -0.23969E-04  0.00000E+00  0.00000E+00  0.96862E-03  0.90697E-03  0.88143E-03  0.59017E-04  0.57123E-04 -0.26327E-02      24  0.88314E-03  0.00000E+00  0.00000E+00 -0.13333E-04 -0.88941E-03 -0.17459E-02 -0.33711E-02 -0.13484E-02 -0.13236E-02
        1.0000  0.00000E+00 -0.30694E-03  0.00000E+00 -0.33817E-04  0.00000E+00  0.00000E+00  0.96903E-03  0.90695E-03  0.88147E-03  0.59016E-04  0.59016E-04 -0.26243E-02      25  0.88314E-03  0.00000E+00  0.00000E+00  0.36116E-04 -0.88825E-03 -0.14623E-02 -0.34180E-02 -0.11941E-02 -0.13619E-02
end
