 All solute fluxes and cumulative solute fluxes are positive into the region

       Time         cvTop        cvBot      Sum(cvTop)   Sum(cvBot)     cvCh0        cvCh1         cTop        cRoot         cBot        cvRoot    Sum(cvRoot)  Sum(cvNEql) TLevel      cGWL        cRunOff   Sum(cRunOff)    (cv(i),    Sum(cv(i)), i=1,NObs)
        [T]        [M/L2/T]     [M/L2/T]      [M/L2]       [M/L2]       [M/L2]      [M/L2]        [M/L3]      [M/L3]        [M/L3]      [M/L2/T]      [M/L2]       [M/L2]              [M/L3]        [M/L2]      [M/L3]      [M/L2/T]      [M/L2]
        0.0100  0.00000E+00 -0.36389E-02  0.00000E+00 -0.36389E-04  0.00000E+00  0.00000E+00  0.87807E-03  0.88360E-03  0.88176E-03  0.29210E-05  0.29210E-07  0.47956E-04       1  0.88313E-03  0.00000E+00  0.00000E+00  0.86908E-04  0.86908E-06 -0.79981E-03 -0.79981E-05 -0.13819E-02 -0.13819E-04
        0.0230  0.00000E+00 -0.44089E-02  0.00000E+00 -0.93705E-04  0.00000E+00  0.00000E+00  0.87839E-03  0.88328E-03  0.88180E-03  0.29201E-05  0.67171E-07  0.45275E-04       2  0.88318E-03  0.00000E+00  0.00000E+00  0.84410E-04  0.19664E-05 -0.75643E-03 -0.17832E-04 -0.13271E-02 -0.31071E-04
        0.0399  0.00000E+00 -0.39755E-02  0.00000E+00 -0.16089E-03  0.00000E+00  0.00000E+00  0.87833E-03  0.88335E-03  0.88174E-03  0.29203E-05  0.11652E-06  0.47714E-04       3  0.88316E-03  0.00000E+00  0.00000E+00  0.82024E-04  0.33526E-05 -0.70352E-03 -0.29721E-04 -0.12590E-02 -0.52348E-04
        0.0619  0.00000E+00 -0.36583E-02  0.00000E+00 -0.24126E-03  0.00000E+00  0.00000E+00  0.87835E-03  0.88331E-03  0.88175E-03  0.29202E-05  0.18068E-06  0.49710E-04       4  0.88317E-03  0.00000E+00  0.00000E+00  0.76630E-04  0.50362E-05 -0.64957E-03 -0.43992E-04 -0.11831E-02 -0.78341E-04
        0.0904  0.00000E+00 -0.34307E-02  0.00000E+00 -0.33925E-03  0.00000E+00  0.00000E+00  0.87826E-03  0.88333E-03  0.88172E-03  0.29202E-05  0.26408E-06  0.54243E-04       5  0.88315E-03  0.00000E+00  0.00000E+00  0.66942E-04  0.69481E-05 -0.59343E-03 -0.60941E-04 -0.10989E-02 -0.10973E-03
        0.1276  0.00000E+00 -0.32335E-02  0.00000E+00 -0.45931E-03  0.00000E+00  0.00000E+00  0.87811E-03  0.88332E-03  0.88173E-03  0.29202E-05  0.37251E-06  0.58757E-04       6  0.88316E-03  0.00000E+00  0.00000E+00  0.49441E-04  0.87838E-05 -0.53914E-03 -0.80959E-04 -0.10107E-02 -0.14726E-03
        0.1758  0.00000E+00 -0.30535E-02  0.00000E+00 -0.60670E-03  0.00000E+00  0.00000E+00  0.87785E-03  0.88332E-03  0.88171E-03  0.29202E-05  0.51346E-06  0.64121E-04       7  0.88315E-03  0.00000E+00  0.00000E+00  0.19660E-04  0.97328E-05 -0.48996E-03 -0.10461E-03 -0.92200E-03 -0.19176E-03
        0.2258  0.00000E+00 -0.28878E-02  0.00000E+00 -0.75108E-03  0.00000E+00  0.00000E+00  0.87757E-03  0.88330E-03  0.88171E-03  0.29201E-05  0.65946E-06  0.67721E-04       8  0.88316E-03  0.00000E+00  0.00000E+00 -0.11166E-04  0.91745E-05 -0.45570E-03 -0.12739E-03 -0.85100E-03 -0.23431E-03
        0.2758  0.00000E+00 -0.27422E-02  0.00000E+00 -0.88819E-03  0.00000E+00  0.00000E+00  0.87778E-03  0.88334E-03  0.88170E-03  0.29202E-05  0.80548E-06  0.73128E-04       9  0.88315E-03  0.00000E+00  0.00000E+00  0.17249E-04  0.10037E-04 -0.41441E-03 -0.14811E-03 -0.78862E-03 -0.27374E-03
        0.3258  0.00000E+00 -0.26106E-02  0.00000E+00 -0.10187E-02  0.00000E+00  0.00000E+00  0.87997E-03  0.88334E-03  0.88170E-03  0.29202E-05  0.95149E-06  0.88478E-04      10  0.88316E-03  0.00000E+00  0.00000E+00  0.24942E-03  0.22508E-04 -0.31786E-03 -0.16401E-03 -0.71025E-03 -0.30925E-03
        0.3758  0.00000E+00 -0.24887E-02  0.00000E+00 -0.11432E-02  0.00000E+00  0.00000E+00  0.88193E-03  0.88337E-03  0.88170E-03  0.29203E-05  0.10975E-05  0.11452E-03      11  0.88315E-03  0.00000E+00  0.00000E+00  0.40945E-03  0.42980E-04 -0.20565E-03 -0.17429E-03 -0.61861E-03 -0.34018E-03
        0.4258  0.00000E+00 -0.23738E-02  0.00000E+00 -0.12618E-02  0.00000E+00  0.00000E+00  0.88305E-03  0.88332E-03  0.88170E-03  0.29202E-05  0.12435E-05  0.14703E-03      12  0.88316E-03  0.00000E+00  0.00000E+00  0.51726E-03  0.68843E-04 -0.92974E-04 -0.17894E-03 -0.52018E-03 -0.36619E-03
        0.4758  0.00000E+00 -0.22643E-02  0.00000E+00 -0.13751E-02  0.00000E+00  0.00000E+00  0.88375E-03  0.88337E-03  0.88169E-03  0.29203E-05  0.13895E-05  0.18395E-03      13  0.88315E-03  0.00000E+00  0.00000E+00  0.56412E-03  0.97049E-04  0.11282E-06 -0.17893E-03 -0.42603E-03 -0.38749E-03
        0.5258  0.00000E+00 -0.21597E-02  0.00000E+00 -0.14830E-02  0.00000E+00  0.00000E+00  0.88381E-03  0.88335E-03  0.88169E-03  0.29203E-05  0.15355E-05  0.22059E-03      14  0.88315E-03  0.00000E+00  0.00000E+00  0.56291E-03  0.12519E-03  0.65025E-04 -0.17568E-03 -0.34373E-03 -0.40468E-03
        0.5758  0.00000E+00 -0.20595E-02  0.00000E+00 -0.15860E-02  0.00000E+00  0.00000E+00  0.88350E-03  0.88337E-03  0.88169E-03  0.29203E-05  0.16816E-05  0.25405E-03      15  0.88315E-03  0.00000E+00  0.00000E+00  0.50263E-03  0.15033E-03  0.95523E-04 -0.17091E-03 -0.28244E-03 -0.41880E-03
        0.6258  0.00000E+00 -0.19630E-02  0.00000E+00 -0.16842E-02  0.00000E+00  0.00000E+00  0.88258E-03  0.88335E-03  0.88169E-03  0.29203E-05  0.18276E-05  0.28027E-03      16  0.88315E-03  0.00000E+00  0.00000E+00  0.39316E-03  0.16998E-03  0.88399E-04 -0.16649E-03 -0.24651E-03 -0.43113E-03
        0.6758  0.00000E+00 -0.18700E-02  0.00000E+00 -0.17777E-02  0.00000E+00  0.00000E+00  0.88113E-03  0.88335E-03  0.88168E-03  0.29203E-05  0.19736E-05  0.29707E-03      17  0.88315E-03  0.00000E+00  0.00000E+00  0.22859E-03  0.18141E-03  0.43980E-04 -0.16429E-03 -0.23455E-03 -0.44286E-03
        0.7258  0.00000E+00 -0.17811E-02  0.00000E+00 -0.18667E-02  0.00000E+00  0.00000E+00  0.87897E-03  0.88332E-03  0.88168E-03  0.29202E-05  0.21196E-05  0.30229E-03      18  0.88315E-03  0.00000E+00  0.00000E+00  0.72380E-05  0.18178E-03 -0.34812E-04 -0.16603E-03 -0.24688E-03 -0.45520E-03
        0.7758  0.00000E+00 -0.16959E-02  0.00000E+00 -0.19515E-02  0.00000E+00  0.00000E+00  0.87854E-03  0.88332E-03  0.88168E-03  0.29202E-05  0.22656E-05  0.30503E-03      19  0.88315E-03  0.00000E+00  0.00000E+00 -0.11576E-04  0.18120E-03 -0.88708E-04 -0.17046E-03 -0.26420E-03 -0.46841E-03
        0.8258  0.00000E+00 -0.16142E-02  0.00000E+00 -0.20322E-02  0.00000E+00  0.00000E+00  0.87891E-03  0.88338E-03  0.88168E-03  0.29204E-05  0.24116E-05  0.30953E-03      20  0.88315E-03  0.00000E+00  0.00000E+00  0.19304E-04  0.18216E-03 -0.11660E-03 -0.17629E-03 -0.27853E-03 -0.48234E-03
        0.8758  0.00000E+00 -0.15363E-02  0.00000E+00 -0.21090E-02  0.00000E+00  0.00000E+00  0.87917E-03  0.88334E-03  0.88167E-03  0.29203E-05  0.25576E-05  0.31495E-03      21  0.88314E-03  0.00000E+00  0.00000E+00  0.48618E-04  0.18459E-03 -0.12419E-03 -0.18250E-03 -0.28451E-03 -0.49656E-03
        0.9258  0.00000E+00 -0.14623E-02  0.00000E+00 -0.21822E-02  0.00000E+00  0.00000E+00  0.87944E-03  0.88335E-03  0.88167E-03  0.29203E-05  0.27036E-05  0.32154E-03      22  0.88314E-03  0.00000E+00  0.00000E+00  0.68997E-04  0.18804E-03 -0.12119E-03 -0.18856E-03 -0.28378E-03 -0.51075E-03
        0.9629  0.00000E+00 -0.14009E-02  0.00000E+00 -0.22341E-02  0.00000E+00  0.00000E+00  0.87954E-03  0.88331E-03  0.88167E-03  0.29202E-05  0.28119E-05  0.32681E-03      23  0.88314E-03  0.00000E+00  0.00000E+00  0.77895E-04  0.19093E-03 -0.11671E-03 -0.19289E-03 -0.28039E-03 -0.52115E-03
        1.0000  0.00000E+00 -0.13513E-02  0.00000E+00 -0.22842E-02  0.00000E+00  0.00000E+00  0.87961E-03  0.88333E-03  0.88167E-03  0.29202E-05  0.29202E-05  0.33237E-03      24  0.88314E-03  0.00000E+00  0.00000E+00  0.80713E-04  0.19393E-03 -0.11174E-03 -0.19703E-03 -0.27517E-03 -0.53135E-03
end
