 ******* Program HYDRUS
 ******* 
 Welcome to HYDRUS-1D                                                    
 Date:  28. 3.2022    Time:   8:57:30
 Units: L = cm   , T = days , M = mg   

----------------------------------------------------------
 Time       [T]        0.0000
----------------------------------------------------------
 Sub-region num.                     1
----------------------------------------------------------
 Length   [L]        0.30000E+03  0.30000E+03
 W-volume [L]        0.11056E+03  0.11056E+03
 In-flow  [L/T]      0.00000E+00  0.00000E+00
 h Mean   [L]        0.77306E+02  0.77306E+02
 ConcVol  [M/L2] 1   0.98485E-01  0.98485E-01
 cMean    [M/L3] 1   0.89123E-03  0.89123E-03
 SorbVolIm[M/L2] 1   0.46523E+02  0.46523E+02
 sMeanIm  [-]    1   0.10695E+00  0.10695E+00
 Top Flux [L/T]      0.45924E-01
 Bot Flux [L/T]      0.21730E+00
----------------------------------------------------------

----------------------------------------------------------
 Time       [T]        1.0000
----------------------------------------------------------
 Sub-region num.                     1
----------------------------------------------------------
 Length   [L]        0.30000E+03  0.30000E+03
 W-volume [L]        0.11074E+03  0.11074E+03
 In-flow  [L/T]      0.15318E+00  0.15318E+00
 h Mean   [L]        0.84515E+02  0.84515E+02
 ConcVol  [M/L2] 1   0.98658E-01  0.98658E-01
 cMean    [M/L3] 1   0.89124E-03  0.89124E-03
 SorbVolIm[M/L2] 1   0.46522E+02  0.46522E+02
 sMeanIm  [-]    1   0.10695E+00  0.10695E+00
 Top Flux [L/T]      0.52793E-01
 Bot Flux [L/T]      0.21974E+00
 WatBalT  [L]       -0.19998E-01
 WatBalR  [%]              2.855
 CncBalT  [M]    1   0.38147E-05
 CncBalR  [%]    1         2.165
----------------------------------------------------------
 
 Calculation time [sec]  0.000000000000000E+000
