 All solute fluxes and cumulative solute fluxes are positive into the region

       Time         cvTop        cvBot      Sum(cvTop)   Sum(cvBot)     cvCh0        cvCh1         cTop        cRoot         cBot        cvRoot    Sum(cvRoot)  Sum(cvNEql) TLevel      cGWL        cRunOff   Sum(cRunOff)    (cv(i),    Sum(cv(i)), i=1,NObs)
        [T]        [M/L2/T]     [M/L2/T]      [M/L2]       [M/L2]       [M/L2]      [M/L2]        [M/L3]      [M/L3]        [M/L3]      [M/L2/T]      [M/L2]       [M/L2]              [M/L3]        [M/L2]      [M/L3]      [M/L2/T]      [M/L2]
        0.0100  0.00000E+00 -0.37042E-03  0.00000E+00 -0.37042E-05  0.00000E+00  0.00000E+00  0.96720E-03  0.90484E-03  0.88186E-03  0.64303E-04  0.64303E-06 -0.74577E-05       1  0.88319E-03  0.00000E+00  0.00000E+00  0.36371E-04  0.36371E-06 -0.72241E-04 -0.72241E-06 -0.10059E-03 -0.10059E-05
        0.0230  0.00000E+00  0.00000E+00  0.00000E+00 -0.37042E-05  0.00000E+00  0.00000E+00  0.96702E-03  0.90486E-03  0.87699E-03  0.64304E-04  0.14790E-05 -0.11057E-04       2  0.88310E-03  0.00000E+00  0.00000E+00  0.35618E-04  0.82675E-06 -0.75085E-04 -0.16985E-05 -0.10217E-03 -0.23340E-05
        0.0399  0.00000E+00  0.00000E+00  0.00000E+00 -0.37042E-05  0.00000E+00  0.00000E+00  0.96707E-03  0.90485E-03  0.88031E-03  0.64303E-04  0.25657E-05 -0.12290E-04       3  0.88318E-03  0.00000E+00  0.00000E+00  0.33550E-04  0.13937E-05 -0.79526E-04 -0.30425E-05 -0.10404E-03 -0.40923E-05
        0.0619  0.00000E+00 -0.50032E-04  0.00000E+00 -0.48035E-05  0.00000E+00  0.00000E+00  0.96699E-03  0.90486E-03  0.88151E-03  0.64303E-04  0.39785E-05 -0.10139E-04       4  0.88318E-03  0.00000E+00  0.00000E+00  0.29281E-04  0.20370E-05 -0.84436E-04 -0.48976E-05 -0.10599E-03 -0.64209E-05
        0.0904  0.00000E+00 -0.14669E-03  0.00000E+00 -0.89931E-05  0.00000E+00  0.00000E+00  0.96693E-03  0.90485E-03  0.88154E-03  0.64303E-04  0.58150E-05 -0.68726E-05       5  0.88318E-03  0.00000E+00  0.00000E+00  0.21131E-04  0.26406E-05 -0.90875E-04 -0.74931E-05 -0.10790E-03 -0.95027E-05
        0.1276  0.00000E+00 -0.22474E-03  0.00000E+00 -0.17337E-04  0.00000E+00  0.00000E+00  0.96679E-03  0.90485E-03  0.88154E-03  0.64303E-04  0.82026E-05 -0.36279E-05       6  0.88318E-03  0.00000E+00  0.00000E+00  0.64771E-05  0.28811E-05 -0.99548E-04 -0.11189E-04 -0.10969E-03 -0.13576E-04
        0.1758  0.00000E+00 -0.27721E-03  0.00000E+00 -0.30718E-04  0.00000E+00  0.00000E+00  0.96669E-03  0.90485E-03  0.88156E-03  0.64303E-04  0.11306E-04 -0.69413E-06       7  0.88318E-03  0.00000E+00  0.00000E+00 -0.30600E-05  0.27334E-05 -0.11257E-03 -0.16623E-04 -0.11142E-03 -0.18953E-04
        0.2258  0.00000E+00 -0.30912E-03  0.00000E+00 -0.46174E-04  0.00000E+00  0.00000E+00  0.96659E-03  0.90485E-03  0.88155E-03  0.64303E-04  0.14522E-04  0.80440E-06       8  0.88318E-03  0.00000E+00  0.00000E+00 -0.13234E-04  0.20717E-05 -0.12814E-03 -0.23030E-04 -0.11315E-03 -0.24611E-04
        0.2758  0.00000E+00 -0.32452E-03  0.00000E+00 -0.62400E-04  0.00000E+00  0.00000E+00  0.96658E-03  0.90485E-03  0.88156E-03  0.64303E-04  0.17737E-04  0.17061E-05       9  0.88318E-03  0.00000E+00  0.00000E+00 -0.14566E-04  0.13434E-05 -0.13881E-03 -0.29970E-04 -0.11395E-03 -0.30308E-04
        0.3258  0.00000E+00 -0.32993E-03  0.00000E+00 -0.78896E-04  0.00000E+00  0.00000E+00  0.96695E-03  0.90485E-03  0.88156E-03  0.64303E-04  0.20952E-04  0.64029E-05      10  0.88318E-03  0.00000E+00  0.00000E+00  0.27171E-04  0.27019E-05 -0.12476E-03 -0.36209E-04 -0.10786E-03 -0.35701E-04
        0.3758  0.00000E+00 -0.32939E-03  0.00000E+00 -0.95366E-04  0.00000E+00  0.00000E+00  0.96759E-03  0.90487E-03  0.88156E-03  0.64304E-04  0.24167E-04  0.19935E-04      11  0.88318E-03  0.00000E+00  0.00000E+00  0.92290E-04  0.73164E-05 -0.94669E-04 -0.40942E-04 -0.88359E-04 -0.40119E-04
        0.4258  0.00000E+00 -0.32515E-03  0.00000E+00 -0.11162E-03  0.00000E+00  0.00000E+00  0.96815E-03  0.90489E-03  0.88156E-03  0.64306E-04  0.27382E-04  0.41093E-04      12  0.88318E-03  0.00000E+00  0.00000E+00  0.13741E-03  0.14187E-04 -0.55577E-04 -0.43721E-04 -0.61067E-04 -0.43173E-04
        0.4758  0.00000E+00 -0.31838E-03  0.00000E+00 -0.12754E-03  0.00000E+00  0.00000E+00  0.96843E-03  0.90490E-03  0.88156E-03  0.64307E-04  0.30598E-04  0.67129E-04      13  0.88318E-03  0.00000E+00  0.00000E+00  0.16034E-03  0.22204E-04 -0.18148E-04 -0.44628E-04 -0.29341E-04 -0.44640E-04
        0.5258  0.00000E+00 -0.30961E-03  0.00000E+00 -0.14302E-03  0.00000E+00  0.00000E+00  0.96850E-03  0.90491E-03  0.88156E-03  0.64308E-04  0.33813E-04  0.95442E-04      14  0.88318E-03  0.00000E+00  0.00000E+00  0.15945E-03  0.30176E-04 -0.51105E-05 -0.44884E-04  0.85690E-07 -0.44636E-04
        0.5758  0.00000E+00 -0.29921E-03  0.00000E+00 -0.15798E-03  0.00000E+00  0.00000E+00  0.96831E-03  0.90491E-03  0.88156E-03  0.64308E-04  0.37029E-04  0.12268E-03      15  0.88318E-03  0.00000E+00  0.00000E+00  0.13529E-03  0.36941E-04 -0.24146E-05 -0.45004E-04  0.25300E-04 -0.43371E-04
        0.6258  0.00000E+00 -0.28737E-03  0.00000E+00 -0.17235E-03  0.00000E+00  0.00000E+00  0.96790E-03  0.90491E-03  0.88156E-03  0.64308E-04  0.40244E-04  0.14599E-03      16  0.88318E-03  0.00000E+00  0.00000E+00  0.89167E-04  0.41399E-04 -0.13300E-05 -0.45071E-04  0.40663E-04 -0.41337E-04
        0.6758  0.00000E+00 -0.27434E-03  0.00000E+00 -0.18607E-03  0.00000E+00  0.00000E+00  0.96724E-03  0.90491E-03  0.88156E-03  0.64307E-04  0.43459E-04  0.16258E-03      17  0.88318E-03  0.00000E+00  0.00000E+00  0.24103E-04  0.42604E-04 -0.22284E-05 -0.45182E-04  0.45819E-04 -0.39046E-04
        0.7258  0.00000E+00 -0.26036E-03  0.00000E+00 -0.19909E-03  0.00000E+00  0.00000E+00  0.96678E-03  0.90489E-03  0.88156E-03  0.64307E-04  0.46675E-04  0.17056E-03      18  0.88318E-03  0.00000E+00  0.00000E+00 -0.16307E-04  0.41789E-04 -0.50958E-05 -0.45437E-04  0.39600E-04 -0.37066E-04
        0.7758  0.00000E+00 -0.24574E-03  0.00000E+00 -0.21137E-03  0.00000E+00  0.00000E+00  0.96683E-03  0.90488E-03  0.88156E-03  0.64305E-04  0.49890E-04  0.17147E-03      19  0.88318E-03  0.00000E+00  0.00000E+00 -0.13586E-04  0.41109E-04 -0.69749E-05 -0.45786E-04  0.24825E-04 -0.35825E-04
        0.8258  0.00000E+00 -0.23098E-03  0.00000E+00 -0.22292E-03  0.00000E+00  0.00000E+00  0.96692E-03  0.90486E-03  0.88156E-03  0.64304E-04  0.53105E-04  0.17147E-03      20  0.88318E-03  0.00000E+00  0.00000E+00 -0.32470E-05  0.40947E-04 -0.78352E-05 -0.46178E-04  0.13579E-04 -0.35146E-04
        0.8758  0.00000E+00 -0.21641E-03  0.00000E+00 -0.23374E-03  0.00000E+00  0.00000E+00  0.96704E-03  0.90487E-03  0.88156E-03  0.64304E-04  0.56320E-04  0.17243E-03      21  0.88318E-03  0.00000E+00  0.00000E+00  0.76229E-05  0.41328E-04 -0.78160E-05 -0.46569E-04  0.63512E-05 -0.34829E-04
        0.9258  0.00000E+00 -0.20233E-03  0.00000E+00 -0.24386E-03  0.00000E+00  0.00000E+00  0.96720E-03  0.90486E-03  0.88156E-03  0.64304E-04  0.59536E-04  0.17383E-03      22  0.88318E-03  0.00000E+00  0.00000E+00  0.25626E-04  0.42610E-04 -0.73831E-05 -0.46938E-04  0.23814E-05 -0.34710E-04
        0.9629  0.00000E+00 -0.19059E-03  0.00000E+00 -0.25093E-03  0.00000E+00  0.00000E+00  0.96731E-03  0.90487E-03  0.88156E-03  0.64304E-04  0.61920E-04  0.17518E-03      23  0.88318E-03  0.00000E+00  0.00000E+00  0.33364E-04  0.43847E-04 -0.70014E-05 -0.47197E-04  0.65318E-06 -0.34685E-04
        1.0000  0.00000E+00 -0.18109E-03  0.00000E+00 -0.25764E-03  0.00000E+00  0.00000E+00  0.96735E-03  0.90486E-03  0.88156E-03  0.64304E-04  0.64305E-04  0.17651E-03      24  0.88318E-03  0.00000E+00  0.00000E+00  0.35985E-04  0.45181E-04 -0.66712E-05 -0.47445E-04 -0.10245E-06 -0.34689E-04
end
