 ******* Program HYDRUS
 ******* 
 Welcome to HYDRUS-1D                                                    
 Date:  29. 3.2022    Time:  17:26:33
 Units: L = cm   , T = days , M = mg   

----------------------------------------------------------
 Time       [T]        0.0000
----------------------------------------------------------
 Sub-region num.                     1
----------------------------------------------------------
 Length   [L]        0.30000E+03  0.30000E+03
 W-volume [L]        0.10295E+03  0.10295E+03
 In-flow  [L/T]      0.00000E+00  0.00000E+00
 h Mean   [L]       -0.58696E+02 -0.58696E+02
 ConcVol  [M/L2] 1   0.91215E-01  0.91215E-01
 cMean    [M/L3] 1   0.88649E-03  0.88649E-03
 SorbVolIm[M/L2] 1   0.46276E+02  0.46276E+02
 sMeanIm  [-]    1   0.10638E+00  0.10638E+00
 Top Flux [L/T]     -0.24279E-01
 Bot Flux [L/T]     -0.91276E+00
----------------------------------------------------------

----------------------------------------------------------
 Time       [T]        1.0000
----------------------------------------------------------
 Sub-region num.                     1
----------------------------------------------------------
 Length   [L]        0.30000E+03  0.30000E+03
 W-volume [L]        0.10352E+03  0.10352E+03
 In-flow  [L/T]     -0.15873E+01 -0.15873E+01
 h Mean   [L]       -0.55838E+02 -0.55838E+02
 ConcVol  [M/L2] 1   0.91731E-01  0.91731E-01
 cMean    [M/L3] 1   0.88649E-03  0.88649E-03
 SorbVolIm[M/L2] 1   0.46274E+02  0.46274E+02
 sMeanIm  [-]    1   0.10638E+00  0.10638E+00
 Top Flux [L/T]     -0.50010E-01
 Bot Flux [L/T]     -0.15318E+01
 WatBalT  [L]        0.47088E-05
 WatBalR  [%]              0.000
 CncBalT  [M]    1   0.14877E-03
 CncBalR  [%]    1        11.874
----------------------------------------------------------
 
 Calculation time [sec]  0.000000000000000E+000
