 ******* Program HYDRUS
 ******* 
 Welcome to HYDRUS-1D                                                    
 Date:  28. 3.2022    Time:   8:56:24
 Units: L = cm   , T = days , M = mg   


 Time:        0.0000


 Node      Depth      Head Moisture       K          C         Flux        Sink         Kappa   v/KsTop   Temp   Conc(1..NS) Sorb(1...NS)
           [L]        [L]    [-]        [L/T]      [1/L]      [L/T]        [1/T]         [-]      [-]      [C]      [M/L*3]

   1     0.0000    -223.200 0.2782   0.9804E+00  0.3535E-03  0.4326E-01  0.0000E+00      -1   0.995E-03   20.00  0.8600E-03  0.1031E+00
   2    -3.0000    -220.070 0.2793   0.1017E+01  0.3573E-03  0.4681E-01  0.0000E+00      -1   0.108E-02   20.00  0.8681E-03  0.1042E+00
   3    -6.0000    -216.924 0.2805   0.1053E+01  0.3611E-03  0.5356E-01  0.0000E+00      -1   0.123E-02   20.00  0.8775E-03  0.1053E+00
   4    -9.0000    -213.765 0.2816   0.1089E+01  0.3649E-03  0.6105E-01  0.7024E-03      -1   0.140E-02   20.00  0.8809E-03  0.1057E+00
   5   -12.0000    -210.588 0.2827   0.1126E+01  0.3687E-03  0.6929E-01  0.7030E-03      -1   0.159E-02   20.00  0.8825E-03  0.1059E+00
   6   -15.0000    -207.396 0.2839   0.1163E+01  0.3726E-03  0.7657E-01  0.7036E-03      -1   0.176E-02   20.00  0.8834E-03  0.1060E+00
   7   -18.0000    -204.193 0.2850   0.1199E+01  0.3765E-03  0.8299E-01  0.6916E-03      -1   0.191E-02   20.00  0.8834E-03  0.1060E+00
   8   -21.0000    -200.981 0.2862   0.1237E+01  0.3804E-03  0.8842E-01  0.6292E-03      -1   0.203E-02   20.00  0.8834E-03  0.1060E+00
   9   -24.0000    -197.764 0.2874   0.1274E+01  0.3843E-03  0.9255E-01  0.5667E-03      -1   0.213E-02   20.00  0.8833E-03  0.1060E+00
  10   -27.0000    -194.545 0.2885   0.1311E+01  0.3882E-03  0.9555E-01  0.5041E-03      -1   0.220E-02   20.00  0.8834E-03  0.1060E+00
  11   -30.0000    -191.327 0.2897   0.1353E+01  0.3921E-03  0.9722E-01  0.4414E-03      -1   0.224E-02   20.00  0.8833E-03  0.1060E+00
  12   -33.0000    -188.116 0.2911   0.1424E+01  0.3963E-03  0.9749E-01  0.3786E-03      -1   0.224E-02   20.00  0.8833E-03  0.1060E+00
  13   -36.0000    -184.916 0.2924   0.1496E+01  0.4005E-03  0.9664E-01  0.3157E-03      -1   0.222E-02   20.00  0.8833E-03  0.1060E+00
  14   -39.0000    -181.728 0.2937   0.1567E+01  0.4046E-03  0.9470E-01  0.2527E-03      -1   0.218E-02   20.00  0.8833E-03  0.1060E+00
  15   -42.0000    -178.553 0.2950   0.1637E+01  0.4087E-03  0.9132E-01  0.1896E-03      -1   0.210E-02   20.00  0.8833E-03  0.1060E+00
  16   -45.0000    -175.393 0.2964   0.1708E+01  0.4129E-03  0.8730E-01  0.1265E-03      -1   0.201E-02   20.00  0.8833E-03  0.1060E+00
  17   -48.0000    -172.246 0.2977   0.1778E+01  0.4169E-03  0.8228E-01  0.6328E-04      -1   0.189E-02   20.00  0.8833E-03  0.1060E+00
  18   -51.0000    -169.115 0.2990   0.1848E+01  0.4210E-03  0.7629E-01  0.0000E+00      -1   0.176E-02   20.00  0.8833E-03  0.1060E+00
  19   -54.0000    -165.998 0.3003   0.1917E+01  0.4251E-03  0.7054E-01  0.0000E+00      -1   0.162E-02   20.00  0.8833E-03  0.1060E+00
  20   -57.0000    -162.894 0.3016   0.1986E+01  0.4291E-03  0.6381E-01  0.0000E+00      -1   0.147E-02   20.00  0.8833E-03  0.1060E+00
  21   -60.0000    -159.805 0.3029   0.2055E+01  0.4331E-03  0.5679E-01  0.0000E+00      -1   0.131E-02   20.00  0.8833E-03  0.1060E+00
  22   -63.0000    -156.728 0.3042   0.2124E+01  0.4371E-03  0.4983E-01  0.0000E+00      -1   0.115E-02   20.00  0.8833E-03  0.1060E+00
  23   -66.0000    -153.664 0.3054   0.2192E+01  0.4411E-03  0.4279E-01  0.0000E+00      -1   0.984E-03   20.00  0.8833E-03  0.1060E+00
  24   -69.0000    -150.611 0.3068   0.2284E+01  0.4449E-03  0.3501E-01  0.0000E+00      -1   0.805E-03   20.00  0.8833E-03  0.1060E+00
  25   -72.0000    -147.572 0.3082   0.2405E+01  0.4484E-03  0.2716E-01  0.0000E+00      -1   0.625E-03   20.00  0.8833E-03  0.1060E+00
  26   -75.0000    -144.543 0.3096   0.2526E+01  0.4519E-03  0.1968E-01  0.0000E+00      -1   0.453E-03   20.00  0.8833E-03  0.1060E+00
  27   -78.0000    -141.525 0.3110   0.2646E+01  0.4554E-03  0.1137E-01  0.0000E+00      -1   0.262E-03   20.00  0.8833E-03  0.1060E+00
  28   -81.0000    -138.517 0.3124   0.2766E+01  0.4589E-03  0.3606E-02  0.0000E+00      -1   0.830E-04   20.00  0.8833E-03  0.1060E+00
  29   -84.0000    -135.517 0.3137   0.2886E+01  0.4624E-03 -0.3438E-02  0.0000E+00      -1  -0.791E-04   20.00  0.8833E-03  0.1060E+00
  30   -87.0000    -132.524 0.3151   0.3005E+01  0.4658E-03 -0.1110E-01  0.0000E+00      -1  -0.255E-03   20.00  0.8833E-03  0.1060E+00
  31   -90.0000    -129.539 0.3165   0.3124E+01  0.4693E-03 -0.1827E-01  0.0000E+00      -1  -0.420E-03   20.00  0.8833E-03  0.1060E+00
  32   -93.0000    -126.559 0.3179   0.3243E+01  0.4727E-03 -0.2547E-01  0.0000E+00      -1  -0.586E-03   20.00  0.8833E-03  0.1060E+00
  33   -96.0000    -123.586 0.3193   0.3361E+01  0.4762E-03 -0.3253E-01  0.0000E+00      -1  -0.748E-03   20.00  0.8833E-03  0.1060E+00
  34   -99.0000    -120.617 0.3206   0.3479E+01  0.4796E-03 -0.3853E-01  0.0000E+00      -1  -0.886E-03   20.00  0.8833E-03  0.1060E+00
  35  -102.0000    -117.652 0.3221   0.3671E+01  0.4818E-03 -0.4598E-01  0.0000E+00      -1  -0.106E-02   20.00  0.8833E-03  0.1060E+00
  36  -105.0000    -114.692 0.3235   0.3866E+01  0.4839E-03 -0.5287E-01  0.0000E+00      -1  -0.122E-02   20.00  0.8833E-03  0.1060E+00
  37  -108.0000    -111.734 0.3250   0.4061E+01  0.4860E-03 -0.5824E-01  0.0000E+00      -1  -0.134E-02   20.00  0.8833E-03  0.1060E+00
  38  -111.0000    -108.778 0.3264   0.4256E+01  0.4881E-03 -0.6460E-01  0.0000E+00      -1  -0.149E-02   20.00  0.8833E-03  0.1060E+00
  39  -114.0000    -105.825 0.3279   0.4451E+01  0.4902E-03 -0.7125E-01  0.0000E+00      -1  -0.164E-02   20.00  0.8833E-03  0.1060E+00
  40  -117.0000    -102.874 0.3293   0.4646E+01  0.4923E-03 -0.7668E-01  0.0000E+00      -1  -0.176E-02   20.00  0.8833E-03  0.1060E+00
  41  -120.0000     -99.924 0.3308   0.4840E+01  0.4943E-03 -0.8232E-01  0.0000E+00      -1  -0.189E-02   20.00  0.8833E-03  0.1060E+00
  42  -123.0000     -96.976 0.3322   0.5035E+01  0.4964E-03 -0.8749E-01  0.0000E+00      -1  -0.201E-02   20.00  0.8833E-03  0.1060E+00
  43  -126.0000     -94.028 0.3337   0.5280E+01  0.4975E-03 -0.9176E-01  0.0000E+00      -1  -0.211E-02   20.00  0.8833E-03  0.1060E+00
  44  -129.0000     -91.080 0.3351   0.5580E+01  0.4973E-03 -0.9672E-01  0.0000E+00      -1  -0.223E-02   20.00  0.8833E-03  0.1060E+00
  45  -132.0000     -88.132 0.3366   0.5879E+01  0.4972E-03 -0.1019E+00  0.0000E+00      -1  -0.234E-02   20.00  0.8833E-03  0.1060E+00
  46  -135.0000     -85.184 0.3381   0.6179E+01  0.4971E-03 -0.1071E+00  0.0000E+00      -1  -0.246E-02   20.00  0.8833E-03  0.1060E+00
  47  -138.0000     -82.236 0.3395   0.6478E+01  0.4969E-03 -0.1112E+00  0.0000E+00      -1  -0.256E-02   20.00  0.8833E-03  0.1060E+00
  48  -141.0000     -79.287 0.3410   0.6778E+01  0.4968E-03 -0.1141E+00  0.0000E+00      -1  -0.262E-02   20.00  0.8833E-03  0.1060E+00
  49  -144.0000     -76.337 0.3425   0.7078E+01  0.4967E-03 -0.1184E+00  0.0000E+00      -1  -0.272E-02   20.00  0.8833E-03  0.1060E+00
  50  -147.0000     -73.387 0.3439   0.7479E+01  0.4942E-03 -0.1222E+00  0.0000E+00      -1  -0.281E-02   20.00  0.8833E-03  0.1060E+00
  51  -150.0000     -70.435 0.3454   0.7913E+01  0.4911E-03 -0.1252E+00  0.0000E+00      -1  -0.288E-02   20.00  0.8833E-03  0.1060E+00
  52  -153.0000     -67.482 0.3468   0.8346E+01  0.4880E-03 -0.1293E+00  0.0000E+00      -1  -0.298E-02   20.00  0.8833E-03  0.1060E+00
  53  -156.0000     -64.528 0.3483   0.8779E+01  0.4849E-03 -0.1316E+00  0.0000E+00      -1  -0.303E-02   20.00  0.8833E-03  0.1060E+00
  54  -159.0000     -61.572 0.3497   0.9213E+01  0.4818E-03 -0.1354E+00  0.0000E+00      -1  -0.312E-02   20.00  0.8833E-03  0.1060E+00
  55  -162.0000     -58.616 0.3511   0.9719E+01  0.4771E-03 -0.1379E+00  0.0000E+00      -1  -0.317E-02   20.00  0.8833E-03  0.1060E+00
  56  -165.0000     -55.657 0.3525   0.1031E+02  0.4704E-03 -0.1392E+00  0.0000E+00      -1  -0.320E-02   20.00  0.8833E-03  0.1060E+00
  57  -168.0000     -52.697 0.3539   0.1091E+02  0.4638E-03 -0.1435E+00  0.0000E+00      -1  -0.330E-02   20.00  0.8833E-03  0.1060E+00
  58  -171.0000     -49.736 0.3553   0.1150E+02  0.4572E-03 -0.1457E+00  0.0000E+00      -1  -0.335E-02   20.00  0.8833E-03  0.1060E+00
  59  -174.0000     -46.773 0.3567   0.1214E+02  0.4496E-03 -0.1460E+00  0.0000E+00      -1  -0.336E-02   20.00  0.8833E-03  0.1060E+00
  60  -177.0000     -43.808 0.3580   0.1292E+02  0.4392E-03 -0.1485E+00  0.0000E+00      -1  -0.342E-02   20.00  0.8833E-03  0.1060E+00
  61  -180.0000     -40.842 0.3592   0.1370E+02  0.4288E-03 -0.1505E+00  0.0000E+00      -1  -0.346E-02   20.00  0.8833E-03  0.1060E+00
  62  -183.0000     -37.874 0.3605   0.1447E+02  0.4183E-03 -0.1524E+00  0.0000E+00      -1  -0.351E-02   20.00  0.8833E-03  0.1060E+00
  63  -186.0000     -34.905 0.3617   0.1544E+02  0.4043E-03 -0.1543E+00  0.0000E+00      -1  -0.355E-02   20.00  0.8833E-03  0.1060E+00
  64  -189.0000     -31.934 0.3629   0.1642E+02  0.3899E-03 -0.1533E+00  0.0000E+00      -1  -0.353E-02   20.00  0.8833E-03  0.1060E+00
  65  -192.0000     -28.961 0.3641   0.1747E+02  0.3744E-03 -0.1576E+00  0.0000E+00      -1  -0.363E-02   20.00  0.8833E-03  0.1060E+00
  66  -195.0000     -25.988 0.3651   0.1868E+02  0.3561E-03 -0.1586E+00  0.0000E+00      -1  -0.365E-02   20.00  0.8833E-03  0.1060E+00
  67  -198.0000     -23.012 0.3662   0.1994E+02  0.3369E-03 -0.1565E+00  0.0000E+00      -1  -0.360E-02   20.00  0.8833E-03  0.1060E+00
  68  -201.0000     -20.035 0.3672   0.2139E+02  0.3146E-03 -0.1606E+00  0.0000E+00      -1  -0.369E-02   20.00  0.8833E-03  0.1060E+00
  69  -204.0000     -17.057 0.3681   0.2299E+02  0.2900E-03 -0.1610E+00  0.0000E+00      -1  -0.370E-02   20.00  0.8833E-03  0.1060E+00
  70  -207.0000     -14.077 0.3689   0.2478E+02  0.2627E-03 -0.1614E+00  0.0000E+00      -1  -0.371E-02   20.00  0.8833E-03  0.1060E+00
  71  -210.0000     -11.096 0.3696   0.2685E+02  0.2313E-03 -0.1613E+00  0.0000E+00      -1  -0.371E-02   20.00  0.8833E-03  0.1060E+00
  72  -213.0000      -8.113 0.3703   0.2929E+02  0.1948E-03 -0.1616E+00  0.0000E+00      -1  -0.372E-02   20.00  0.8833E-03  0.1060E+00
  73  -216.0000      -5.129 0.3708   0.3230E+02  0.1508E-03 -0.1624E+00  0.0000E+00      -1  -0.374E-02   20.00  0.8833E-03  0.1060E+00
  74  -219.0000      -2.143 0.3712   0.3649E+02  0.9201E-04 -0.1602E+00  0.0000E+00      -1  -0.369E-02   20.00  0.8833E-03  0.1060E+00
  75  -222.0000       0.845 0.3713   0.4346E+02  0.0000E+00 -0.1596E+00  0.0000E+00      -1  -0.367E-02   20.00  0.8833E-03  0.1060E+00
  76  -225.0000       3.834 0.3713   0.4346E+02  0.0000E+00 -0.1666E+00  0.0000E+00      -1  -0.383E-02   20.00  0.8833E-03  0.1060E+00
  77  -228.0000       6.822 0.3713   0.4346E+02  0.0000E+00 -0.1666E+00  0.0000E+00      -1  -0.383E-02   20.00  0.8833E-03  0.1060E+00
  78  -231.0000       9.811 0.3713   0.4346E+02  0.0000E+00 -0.1594E+00  0.0000E+00      -1  -0.367E-02   20.00  0.8833E-03  0.1060E+00
  79  -234.0000      12.800 0.3713   0.4346E+02  0.0000E+00 -0.1594E+00  0.0000E+00      -1  -0.367E-02   20.00  0.8833E-03  0.1060E+00
  80  -237.0000      15.789 0.3713   0.4346E+02  0.0000E+00 -0.1666E+00  0.0000E+00      -1  -0.383E-02   20.00  0.8833E-03  0.1060E+00
  81  -240.0000      18.777 0.3713   0.4346E+02  0.0000E+00 -0.1666E+00  0.0000E+00      -1  -0.383E-02   20.00  0.8833E-03  0.1060E+00
  82  -243.0000      21.766 0.3713   0.4346E+02  0.0000E+00 -0.1594E+00  0.0000E+00      -1  -0.367E-02   20.00  0.8833E-03  0.1060E+00
  83  -246.0000      24.755 0.3713   0.4346E+02  0.0000E+00 -0.1594E+00  0.0000E+00      -1  -0.367E-02   20.00  0.8833E-03  0.1060E+00
  84  -249.0000      27.744 0.3713   0.4346E+02  0.0000E+00 -0.1666E+00  0.0000E+00      -1  -0.383E-02   20.00  0.8833E-03  0.1060E+00
  85  -252.0000      30.732 0.3713   0.4346E+02  0.0000E+00 -0.1666E+00  0.0000E+00      -1  -0.383E-02   20.00  0.8833E-03  0.1060E+00
  86  -255.0000      33.721 0.3713   0.4346E+02  0.0000E+00 -0.1594E+00  0.0000E+00      -1  -0.367E-02   20.00  0.8833E-03  0.1060E+00
  87  -258.0000      36.710 0.3713   0.4346E+02  0.0000E+00 -0.1594E+00  0.0000E+00      -1  -0.367E-02   20.00  0.8833E-03  0.1060E+00
  88  -261.0000      39.699 0.3713   0.4346E+02  0.0000E+00 -0.1594E+00  0.0000E+00      -1  -0.367E-02   20.00  0.8833E-03  0.1060E+00
  89  -264.0000      42.688 0.3713   0.4346E+02  0.0000E+00 -0.1666E+00  0.0000E+00      -1  -0.383E-02   20.00  0.8833E-03  0.1060E+00
  90  -267.0000      45.676 0.3713   0.4346E+02  0.0000E+00 -0.1666E+00  0.0000E+00      -1  -0.383E-02   20.00  0.8833E-03  0.1060E+00
  91  -270.0000      48.665 0.3713   0.4346E+02  0.0000E+00 -0.1594E+00  0.0000E+00      -1  -0.367E-02   20.00  0.8833E-03  0.1060E+00
  92  -273.0000      51.654 0.3713   0.4346E+02  0.0000E+00 -0.1594E+00  0.0000E+00      -1  -0.367E-02   20.00  0.8833E-03  0.1060E+00
  93  -276.0000      54.643 0.3713   0.4346E+02  0.0000E+00 -0.1666E+00  0.0000E+00      -1  -0.383E-02   20.00  0.8833E-03  0.1060E+00
  94  -279.0000      57.631 0.3713   0.4346E+02  0.0000E+00 -0.1666E+00  0.0000E+00      -1  -0.383E-02   20.00  0.8833E-03  0.1060E+00
  95  -282.0000      60.620 0.3713   0.4346E+02  0.0000E+00 -0.1594E+00  0.0000E+00      -1  -0.367E-02   20.00  0.8833E-03  0.1060E+00
  96  -285.0000      63.609 0.3713   0.4346E+02  0.0000E+00 -0.1594E+00  0.0000E+00      -1  -0.367E-02   20.00  0.8833E-03  0.1060E+00
  97  -288.0000      66.598 0.3713   0.4346E+02  0.0000E+00 -0.1666E+00  0.0000E+00      -1  -0.383E-02   20.00  0.8834E-03  0.1060E+00
  98  -291.0000      69.586 0.3713   0.4346E+02  0.0000E+00 -0.1666E+00  0.0000E+00      -1  -0.383E-02   20.00  0.8833E-03  0.1060E+00
  99  -294.0000      72.575 0.3713   0.4346E+02  0.0000E+00 -0.1593E+00  0.0000E+00      -1  -0.367E-02   20.00  0.8825E-03  0.1059E+00
 100  -297.0000      75.564 0.3713   0.4346E+02  0.0000E+00 -0.1593E+00  0.0000E+00      -1  -0.367E-02   20.00  0.8816E-03  0.1058E+00
 101  -300.0000      78.553 0.3713   0.4346E+02  0.0000E+00 -0.1594E+00  0.0000E+00      -1  -0.367E-02   20.00  0.8816E-03  0.1057E+00
end


 Time:        1.0000


 Node      Depth      Head Moisture       K          C         Flux        Sink         Kappa   v/KsTop   Temp   Conc(1..NS) Sorb(1...NS)
           [L]        [L]    [-]        [L/T]      [1/L]      [L/T]        [1/T]         [-]      [-]      [C]      [M/L*3]

   1     0.0000    -178.621 0.2950   0.1634E+01  0.4086E-03  0.2837E-01  0.0000E+00      -1   0.653E-03   20.00  0.8565E-03  0.1027E+00
   2    -3.0000    -175.666 0.2962   0.1700E+01  0.4124E-03 -0.7693E-01  0.0000E+00      -1  -0.177E-02   20.00  0.8679E-03  0.1042E+00
   3    -6.0000    -172.889 0.2974   0.1762E+01  0.4160E-03 -0.1785E+00  0.0000E+00      -1  -0.411E-02   20.00  0.8768E-03  0.1052E+00
   4    -9.0000    -170.271 0.2985   0.1821E+01  0.4195E-03 -0.2745E+00  0.7090E-03      -1  -0.632E-02   20.00  0.8806E-03  0.1057E+00
   5   -12.0000    -167.792 0.2995   0.1876E+01  0.4227E-03 -0.3644E+00  0.7093E-03      -1  -0.838E-02   20.00  0.8824E-03  0.1059E+00
   6   -15.0000    -165.435 0.3005   0.1929E+01  0.4258E-03 -0.4488E+00  0.7096E-03      -1  -0.103E-01   20.00  0.8832E-03  0.1060E+00
   7   -18.0000    -163.186 0.3015   0.1979E+01  0.4287E-03 -0.5276E+00  0.6971E-03      -1  -0.121E-01   20.00  0.8833E-03  0.1060E+00
   8   -21.0000    -161.033 0.3024   0.2027E+01  0.4315E-03 -0.6006E+00  0.6340E-03      -1  -0.138E-01   20.00  0.8833E-03  0.1060E+00
   9   -24.0000    -158.963 0.3032   0.2074E+01  0.4342E-03 -0.6680E+00  0.5708E-03      -1  -0.154E-01   20.00  0.8833E-03  0.1060E+00
  10   -27.0000    -156.966 0.3041   0.2118E+01  0.4368E-03 -0.7297E+00  0.5075E-03      -1  -0.168E-01   20.00  0.8833E-03  0.1060E+00
  11   -30.0000    -155.030 0.3049   0.2162E+01  0.4394E-03 -0.7858E+00  0.4442E-03      -1  -0.181E-01   20.00  0.8834E-03  0.1060E+00
  12   -33.0000    -153.147 0.3057   0.2204E+01  0.4418E-03 -0.8366E+00  0.3808E-03      -1  -0.192E-01   20.00  0.8833E-03  0.1060E+00
  13   -36.0000    -151.304 0.3065   0.2257E+01  0.4441E-03 -0.8844E+00  0.3174E-03      -1  -0.203E-01   20.00  0.8834E-03  0.1060E+00
  14   -39.0000    -149.492 0.3073   0.2329E+01  0.4462E-03 -0.9290E+00  0.2540E-03      -1  -0.214E-01   20.00  0.8834E-03  0.1060E+00
  15   -42.0000    -147.697 0.3081   0.2401E+01  0.4483E-03 -0.9683E+00  0.1905E-03      -1  -0.223E-01   20.00  0.8834E-03  0.1060E+00
  16   -45.0000    -145.912 0.3089   0.2472E+01  0.4504E-03 -0.1003E+01  0.1271E-03      -1  -0.231E-01   20.00  0.8834E-03  0.1060E+00
  17   -48.0000    -144.131 0.3098   0.2543E+01  0.4524E-03 -0.1032E+01  0.6354E-04      -1  -0.238E-01   20.00  0.8833E-03  0.1060E+00
  18   -51.0000    -142.348 0.3106   0.2614E+01  0.4545E-03 -0.1058E+01  0.0000E+00      -1  -0.243E-01   20.00  0.8834E-03  0.1060E+00
  19   -54.0000    -140.558 0.3114   0.2686E+01  0.4566E-03 -0.1079E+01  0.0000E+00      -1  -0.248E-01   20.00  0.8834E-03  0.1060E+00
  20   -57.0000    -138.758 0.3123   0.2758E+01  0.4586E-03 -0.1096E+01  0.0000E+00      -1  -0.252E-01   20.00  0.8834E-03  0.1060E+00
  21   -60.0000    -136.943 0.3131   0.2830E+01  0.4607E-03 -0.1109E+01  0.0000E+00      -1  -0.255E-01   20.00  0.8834E-03  0.1060E+00
  22   -63.0000    -135.110 0.3139   0.2903E+01  0.4629E-03 -0.1119E+01  0.0000E+00      -1  -0.258E-01   20.00  0.8834E-03  0.1060E+00
  23   -66.0000    -133.256 0.3148   0.2977E+01  0.4650E-03 -0.1126E+01  0.0000E+00      -1  -0.259E-01   20.00  0.8834E-03  0.1060E+00
  24   -69.0000    -131.380 0.3157   0.3052E+01  0.4672E-03 -0.1130E+01  0.0000E+00      -1  -0.260E-01   20.00  0.8834E-03  0.1060E+00
  25   -72.0000    -129.479 0.3165   0.3127E+01  0.4694E-03 -0.1132E+01  0.0000E+00      -1  -0.260E-01   20.00  0.8834E-03  0.1060E+00
  26   -75.0000    -127.551 0.3174   0.3204E+01  0.4716E-03 -0.1131E+01  0.0000E+00      -1  -0.260E-01   20.00  0.8834E-03  0.1060E+00
  27   -78.0000    -125.597 0.3183   0.3282E+01  0.4739E-03 -0.1128E+01  0.0000E+00      -1  -0.260E-01   20.00  0.8834E-03  0.1060E+00
  28   -81.0000    -123.614 0.3193   0.3361E+01  0.4762E-03 -0.1123E+01  0.0000E+00      -1  -0.258E-01   20.00  0.8834E-03  0.1060E+00
  29   -84.0000    -121.602 0.3202   0.3441E+01  0.4785E-03 -0.1117E+01  0.0000E+00      -1  -0.257E-01   20.00  0.8834E-03  0.1060E+00
  30   -87.0000    -119.559 0.3212   0.3546E+01  0.4804E-03 -0.1109E+01  0.0000E+00      -1  -0.255E-01   20.00  0.8833E-03  0.1060E+00
  31   -90.0000    -117.475 0.3222   0.3684E+01  0.4819E-03 -0.1100E+01  0.0000E+00      -1  -0.253E-01   20.00  0.8833E-03  0.1060E+00
  32   -93.0000    -115.350 0.3232   0.3824E+01  0.4834E-03 -0.1089E+01  0.0000E+00      -1  -0.251E-01   20.00  0.8833E-03  0.1060E+00
  33   -96.0000    -113.184 0.3243   0.3967E+01  0.4850E-03 -0.1078E+01  0.0000E+00      -1  -0.248E-01   20.00  0.8833E-03  0.1060E+00
  34   -99.0000    -110.980 0.3254   0.4112E+01  0.4865E-03 -0.1065E+01  0.0000E+00      -1  -0.245E-01   20.00  0.8833E-03  0.1060E+00
  35  -102.0000    -108.739 0.3265   0.4260E+01  0.4881E-03 -0.1053E+01  0.0000E+00      -1  -0.242E-01   20.00  0.8833E-03  0.1060E+00
  36  -105.0000    -106.463 0.3276   0.4410E+01  0.4897E-03 -0.1039E+01  0.0000E+00      -1  -0.239E-01   20.00  0.8833E-03  0.1060E+00
  37  -108.0000    -104.154 0.3287   0.4562E+01  0.4914E-03 -0.1026E+01  0.0000E+00      -1  -0.236E-01   20.00  0.8833E-03  0.1060E+00
  38  -111.0000    -101.813 0.3298   0.4717E+01  0.4930E-03 -0.1012E+01  0.0000E+00      -1  -0.233E-01   20.00  0.8833E-03  0.1060E+00
  39  -114.0000     -99.442 0.3310   0.4873E+01  0.4947E-03 -0.9985E+00  0.0000E+00      -1  -0.230E-01   20.00  0.8833E-03  0.1060E+00
  40  -117.0000     -97.043 0.3322   0.5031E+01  0.4964E-03 -0.9848E+00  0.0000E+00      -1  -0.227E-01   20.00  0.8833E-03  0.1060E+00
  41  -120.0000     -94.615 0.3334   0.5222E+01  0.4975E-03 -0.9711E+00  0.0000E+00      -1  -0.223E-01   20.00  0.8833E-03  0.1060E+00
  42  -123.0000     -92.156 0.3346   0.5472E+01  0.4974E-03 -0.9573E+00  0.0000E+00      -1  -0.220E-01   20.00  0.8833E-03  0.1060E+00
  43  -126.0000     -89.665 0.3358   0.5725E+01  0.4973E-03 -0.9438E+00  0.0000E+00      -1  -0.217E-01   20.00  0.8833E-03  0.1060E+00
  44  -129.0000     -87.146 0.3371   0.5980E+01  0.4971E-03 -0.9305E+00  0.0000E+00      -1  -0.214E-01   20.00  0.8833E-03  0.1060E+00
  45  -132.0000     -84.599 0.3384   0.6239E+01  0.4970E-03 -0.9175E+00  0.0000E+00      -1  -0.211E-01   20.00  0.8833E-03  0.1060E+00
  46  -135.0000     -82.028 0.3397   0.6500E+01  0.4969E-03 -0.9048E+00  0.0000E+00      -1  -0.208E-01   20.00  0.8833E-03  0.1060E+00
  47  -138.0000     -79.435 0.3409   0.6764E+01  0.4968E-03 -0.8925E+00  0.0000E+00      -1  -0.205E-01   20.00  0.8833E-03  0.1060E+00
  48  -141.0000     -76.821 0.3423   0.7029E+01  0.4967E-03 -0.8806E+00  0.0000E+00      -1  -0.203E-01   20.00  0.8833E-03  0.1060E+00
  49  -144.0000     -74.185 0.3436   0.7363E+01  0.4951E-03 -0.8692E+00  0.0000E+00      -1  -0.200E-01   20.00  0.8833E-03  0.1060E+00
  50  -147.0000     -71.528 0.3449   0.7753E+01  0.4923E-03 -0.8583E+00  0.0000E+00      -1  -0.197E-01   20.00  0.8833E-03  0.1060E+00
  51  -150.0000     -68.850 0.3462   0.8146E+01  0.4894E-03 -0.8478E+00  0.0000E+00      -1  -0.195E-01   20.00  0.8833E-03  0.1060E+00
  52  -153.0000     -66.153 0.3475   0.8542E+01  0.4866E-03 -0.8377E+00  0.0000E+00      -1  -0.193E-01   20.00  0.8833E-03  0.1060E+00
  53  -156.0000     -63.439 0.3488   0.8940E+01  0.4837E-03 -0.8280E+00  0.0000E+00      -1  -0.191E-01   20.00  0.8833E-03  0.1060E+00
  54  -159.0000     -60.709 0.3502   0.9340E+01  0.4808E-03 -0.8187E+00  0.0000E+00      -1  -0.188E-01   20.00  0.8833E-03  0.1060E+00
  55  -162.0000     -57.963 0.3515   0.9850E+01  0.4756E-03 -0.8100E+00  0.0000E+00      -1  -0.186E-01   20.00  0.8833E-03  0.1060E+00
  56  -165.0000     -55.202 0.3527   0.1040E+02  0.4694E-03 -0.8019E+00  0.0000E+00      -1  -0.185E-01   20.00  0.8833E-03  0.1060E+00
  57  -168.0000     -52.426 0.3540   0.1096E+02  0.4632E-03 -0.7942E+00  0.0000E+00      -1  -0.183E-01   20.00  0.8833E-03  0.1060E+00
  58  -171.0000     -49.637 0.3553   0.1152E+02  0.4570E-03 -0.7869E+00  0.0000E+00      -1  -0.181E-01   20.00  0.8833E-03  0.1060E+00
  59  -174.0000     -46.836 0.3566   0.1212E+02  0.4498E-03 -0.7801E+00  0.0000E+00      -1  -0.179E-01   20.00  0.8833E-03  0.1060E+00
  60  -177.0000     -44.022 0.3579   0.1286E+02  0.4399E-03 -0.7739E+00  0.0000E+00      -1  -0.178E-01   20.00  0.8833E-03  0.1060E+00
  61  -180.0000     -41.197 0.3591   0.1360E+02  0.4300E-03 -0.7680E+00  0.0000E+00      -1  -0.177E-01   20.00  0.8833E-03  0.1060E+00
  62  -183.0000     -38.362 0.3603   0.1435E+02  0.4200E-03 -0.7624E+00  0.0000E+00      -1  -0.175E-01   20.00  0.8833E-03  0.1060E+00
  63  -186.0000     -35.516 0.3615   0.1524E+02  0.4072E-03 -0.7573E+00  0.0000E+00      -1  -0.174E-01   20.00  0.8833E-03  0.1060E+00
  64  -189.0000     -32.660 0.3626   0.1618E+02  0.3934E-03 -0.7527E+00  0.0000E+00      -1  -0.173E-01   20.00  0.8833E-03  0.1060E+00
  65  -192.0000     -29.795 0.3638   0.1714E+02  0.3795E-03 -0.7484E+00  0.0000E+00      -1  -0.172E-01   20.00  0.8833E-03  0.1060E+00
  66  -195.0000     -26.921 0.3648   0.1830E+02  0.3618E-03 -0.7445E+00  0.0000E+00      -1  -0.171E-01   20.00  0.8833E-03  0.1060E+00
  67  -198.0000     -24.039 0.3659   0.1947E+02  0.3441E-03 -0.7410E+00  0.0000E+00      -1  -0.170E-01   20.00  0.8833E-03  0.1060E+00
  68  -201.0000     -21.149 0.3668   0.2085E+02  0.3229E-03 -0.7378E+00  0.0000E+00      -1  -0.170E-01   20.00  0.8833E-03  0.1060E+00
  69  -204.0000     -18.252 0.3677   0.2230E+02  0.3006E-03 -0.7351E+00  0.0000E+00      -1  -0.169E-01   20.00  0.8833E-03  0.1060E+00
  70  -207.0000     -15.347 0.3686   0.2397E+02  0.2749E-03 -0.7326E+00  0.0000E+00      -1  -0.169E-01   20.00  0.8833E-03  0.1060E+00
  71  -210.0000     -12.435 0.3693   0.2588E+02  0.2459E-03 -0.7305E+00  0.0000E+00      -1  -0.168E-01   20.00  0.8833E-03  0.1060E+00
  72  -213.0000      -9.516 0.3700   0.2807E+02  0.2129E-03 -0.7286E+00  0.0000E+00      -1  -0.168E-01   20.00  0.8833E-03  0.1060E+00
  73  -216.0000      -6.590 0.3706   0.3074E+02  0.1735E-03 -0.7272E+00  0.0000E+00      -1  -0.167E-01   20.00  0.8833E-03  0.1060E+00
  74  -219.0000      -3.657 0.3710   0.3413E+02  0.1248E-03 -0.7261E+00  0.0000E+00      -1  -0.167E-01   20.00  0.8833E-03  0.1060E+00
  75  -222.0000      -0.716 0.3713   0.3966E+02  0.4926E-04 -0.7255E+00  0.0000E+00      -1  -0.167E-01   20.00  0.8833E-03  0.1060E+00
  76  -225.0000       2.231 0.3713   0.4346E+02  0.0000E+00 -0.7254E+00  0.0000E+00      -1  -0.167E-01   20.00  0.8833E-03  0.1060E+00
  77  -228.0000       5.181 0.3713   0.4346E+02  0.0000E+00 -0.7254E+00  0.0000E+00      -1  -0.167E-01   20.00  0.8833E-03  0.1060E+00
  78  -231.0000       8.131 0.3713   0.4346E+02  0.0000E+00 -0.7254E+00  0.0000E+00      -1  -0.167E-01   20.00  0.8833E-03  0.1060E+00
  79  -234.0000      11.081 0.3713   0.4346E+02  0.0000E+00 -0.7254E+00  0.0000E+00      -1  -0.167E-01   20.00  0.8833E-03  0.1060E+00
  80  -237.0000      14.031 0.3713   0.4346E+02  0.0000E+00 -0.7254E+00  0.0000E+00      -1  -0.167E-01   20.00  0.8833E-03  0.1060E+00
  81  -240.0000      16.981 0.3713   0.4346E+02  0.0000E+00 -0.7254E+00  0.0000E+00      -1  -0.167E-01   20.00  0.8833E-03  0.1060E+00
  82  -243.0000      19.931 0.3713   0.4346E+02  0.0000E+00 -0.7254E+00  0.0000E+00      -1  -0.167E-01   20.00  0.8833E-03  0.1060E+00
  83  -246.0000      22.881 0.3713   0.4346E+02  0.0000E+00 -0.7254E+00  0.0000E+00      -1  -0.167E-01   20.00  0.8833E-03  0.1060E+00
  84  -249.0000      25.831 0.3713   0.4346E+02  0.0000E+00 -0.7254E+00  0.0000E+00      -1  -0.167E-01   20.00  0.8833E-03  0.1060E+00
  85  -252.0000      28.781 0.3713   0.4346E+02  0.0000E+00 -0.7254E+00  0.0000E+00      -1  -0.167E-01   20.00  0.8833E-03  0.1060E+00
  86  -255.0000      31.731 0.3713   0.4346E+02  0.0000E+00 -0.7254E+00  0.0000E+00      -1  -0.167E-01   20.00  0.8833E-03  0.1060E+00
  87  -258.0000      34.681 0.3713   0.4346E+02  0.0000E+00 -0.7254E+00  0.0000E+00      -1  -0.167E-01   20.00  0.8833E-03  0.1060E+00
  88  -261.0000      37.630 0.3713   0.4346E+02  0.0000E+00 -0.7254E+00  0.0000E+00      -1  -0.167E-01   20.00  0.8833E-03  0.1060E+00
  89  -264.0000      40.580 0.3713   0.4346E+02  0.0000E+00 -0.7254E+00  0.0000E+00      -1  -0.167E-01   20.00  0.8833E-03  0.1060E+00
  90  -267.0000      43.530 0.3713   0.4346E+02  0.0000E+00 -0.7254E+00  0.0000E+00      -1  -0.167E-01   20.00  0.8833E-03  0.1060E+00
  91  -270.0000      46.480 0.3713   0.4346E+02  0.0000E+00 -0.7254E+00  0.0000E+00      -1  -0.167E-01   20.00  0.8833E-03  0.1060E+00
  92  -273.0000      49.430 0.3713   0.4346E+02  0.0000E+00 -0.7254E+00  0.0000E+00      -1  -0.167E-01   20.00  0.8833E-03  0.1060E+00
  93  -276.0000      52.380 0.3713   0.4346E+02  0.0000E+00 -0.7254E+00  0.0000E+00      -1  -0.167E-01   20.00  0.8833E-03  0.1060E+00
  94  -279.0000      55.330 0.3713   0.4346E+02  0.0000E+00 -0.7254E+00  0.0000E+00      -1  -0.167E-01   20.00  0.8833E-03  0.1060E+00
  95  -282.0000      58.280 0.3713   0.4346E+02  0.0000E+00 -0.7254E+00  0.0000E+00      -1  -0.167E-01   20.00  0.8833E-03  0.1060E+00
  96  -285.0000      61.230 0.3713   0.4346E+02  0.0000E+00 -0.7254E+00  0.0000E+00      -1  -0.167E-01   20.00  0.8833E-03  0.1060E+00
  97  -288.0000      64.180 0.3713   0.4346E+02  0.0000E+00 -0.7254E+00  0.0000E+00      -1  -0.167E-01   20.00  0.8834E-03  0.1060E+00
  98  -291.0000      67.130 0.3713   0.4346E+02  0.0000E+00 -0.7254E+00  0.0000E+00      -1  -0.167E-01   20.00  0.8832E-03  0.1060E+00
  99  -294.0000      70.080 0.3713   0.4346E+02  0.0000E+00 -0.7254E+00  0.0000E+00      -1  -0.167E-01   20.00  0.8825E-03  0.1059E+00
 100  -297.0000      73.030 0.3713   0.4346E+02  0.0000E+00 -0.7254E+00  0.0000E+00      -1  -0.167E-01   20.00  0.8816E-03  0.1058E+00
 101  -300.0000      75.980 0.3713   0.4346E+02  0.0000E+00 -0.7254E+00  0.0000E+00      -1  -0.167E-01   20.00  0.8816E-03  0.1057E+00
end
