 ******* Program HYDRUS
 ******* 
 Welcome to HYDRUS-1D                                                    
 Date:  29. 3.2022    Time:  17:27:47
 Units: L = cm   , T = days , M = mg   

----------------------------------------------------------
 Time       [T]        0.0000
----------------------------------------------------------
 Sub-region num.                     1
----------------------------------------------------------
 Length   [L]        0.30000E+03  0.30000E+03
 W-volume [L]        0.10328E+03  0.10328E+03
 In-flow  [L/T]      0.00000E+00  0.00000E+00
 h Mean   [L]       -0.50459E+02 -0.50459E+02
 ConcVol  [M/L2] 1   0.92190E-01  0.92190E-01
 cMean    [M/L3] 1   0.89433E-03  0.89433E-03
 SorbVolIm[M/L2] 1   0.46685E+02  0.46685E+02
 sMeanIm  [-]    1   0.10732E+00  0.10732E+00
 Top Flux [L/T]      0.52560E-02
 Bot Flux [L/T]      0.57920E-01
----------------------------------------------------------

----------------------------------------------------------
 Time       [T]        1.0000
----------------------------------------------------------
 Sub-region num.                     1
----------------------------------------------------------
 Length   [L]        0.30000E+03  0.30000E+03
 W-volume [L]        0.10246E+03  0.10246E+03
 In-flow  [L/T]      0.63673E-01  0.63673E-01
 h Mean   [L]       -0.57725E+02 -0.57725E+02
 ConcVol  [M/L2] 1   0.91444E-01  0.91444E-01
 cMean    [M/L3] 1   0.89435E-03  0.89435E-03
 SorbVolIm[M/L2] 1   0.46686E+02  0.46686E+02
 sMeanIm  [-]    1   0.10732E+00  0.10732E+00
 Top Flux [L/T]      0.41819E-01
 Bot Flux [L/T]      0.23875E+00
 WatBalT  [L]       -0.14494E+00
 WatBalR  [%]             17.572
 CncBalT  [M]    1   0.38147E-03
 CncBalR  [%]    1        50.844
----------------------------------------------------------
 
 Calculation time [sec]  0.000000000000000E+000
