 ******* Program HYDRUS
 ******* 
 Welcome to HYDRUS-1D                                                    
 Date:  29. 3.2022    Time:  17:28:28
 Units: L = cm   , T = days , M = mg   

----------------------------------------------------------
 Time       [T]        0.0000
----------------------------------------------------------
 Sub-region num.                     1
----------------------------------------------------------
 Length   [L]        0.30000E+03  0.30000E+03
 W-volume [L]        0.11061E+03  0.11061E+03
 In-flow  [L/T]      0.00000E+00  0.00000E+00
 h Mean   [L]        0.79317E+02  0.79317E+02
 ConcVol  [M/L2] 1   0.98897E-01  0.98897E-01
 cMean    [M/L3] 1   0.89463E-03  0.89463E-03
 SorbVolIm[M/L2] 1   0.46701E+02  0.46701E+02
 sMeanIm  [-]    1   0.10736E+00  0.10736E+00
 Top Flux [L/T]      0.50567E-01
 Bot Flux [L/T]      0.17375E+00
----------------------------------------------------------

----------------------------------------------------------
 Time       [T]        1.0000
----------------------------------------------------------
 Sub-region num.                     1
----------------------------------------------------------
 Length   [L]        0.30000E+03  0.30000E+03
 W-volume [L]        0.11049E+03  0.11049E+03
 In-flow  [L/T]      0.89511E-01  0.89511E-01
 h Mean   [L]        0.74790E+02  0.74790E+02
 ConcVol  [M/L2] 1   0.98788E-01  0.98788E-01
 cMean    [M/L3] 1   0.89467E-03  0.89467E-03
 SorbVolIm[M/L2] 1   0.46701E+02  0.46701E+02
 sMeanIm  [-]    1   0.10736E+00  0.10736E+00
 Top Flux [L/T]      0.43589E-01
 Bot Flux [L/T]      0.13639E+00
 WatBalT  [L]       -0.67029E-02
 WatBalR  [%]              1.860
 CncBalT  [M]    1   0.87738E-04
 CncBalR  [%]    1        74.583
----------------------------------------------------------
 
 Calculation time [sec]  9.999990463256836E-003
