 ******* Program HYDRUS
 ******* 
 Welcome to HYDRUS-1D                                                    
 Date:  29. 3.2022    Time:  17:26:33
 Units: L = cm   , T = days , M = mg   

----------------------------------------------------------
 Time       [T]        0.0000
----------------------------------------------------------
 Sub-region num.                     1
----------------------------------------------------------
 Length   [L]        0.30000E+03  0.30000E+03
 W-volume [L]        0.10328E+03  0.10328E+03
 In-flow  [L/T]      0.00000E+00  0.00000E+00
 h Mean   [L]       -0.50451E+02 -0.50451E+02
 ConcVol  [M/L2] 1   0.91172E-01  0.91172E-01
 cMean    [M/L3] 1   0.88271E-03  0.88271E-03
 SorbVolIm[M/L2] 1   0.46078E+02  0.46078E+02
 sMeanIm  [-]    1   0.10593E+00  0.10593E+00
 Top Flux [L/T]     -0.17617E-02
 Bot Flux [L/T]      0.57920E-01
----------------------------------------------------------

----------------------------------------------------------
 Time       [T]        1.0000
----------------------------------------------------------
 Sub-region num.                     1
----------------------------------------------------------
 Length   [L]        0.30000E+03  0.30000E+03
 W-volume [L]        0.10245E+03  0.10245E+03
 In-flow  [L/T]      0.71002E-01  0.71002E-01
 h Mean   [L]       -0.57807E+02 -0.57807E+02
 ConcVol  [M/L2] 1   0.90448E-01  0.90448E-01
 cMean    [M/L3] 1   0.88273E-03  0.88273E-03
 SorbVolIm[M/L2] 1   0.46079E+02  0.46079E+02
 sMeanIm  [-]    1   0.10593E+00  0.10593E+00
 Top Flux [L/T]      0.29351E-01
 Bot Flux [L/T]      0.24670E+00
 WatBalT  [L]       -0.15757E+00
 WatBalR  [%]             18.988
 CncBalT  [M]    1   0.38147E-03
 CncBalR  [%]    1        52.404
----------------------------------------------------------
 
 Calculation time [sec]  0.000000000000000E+000
