 All solute fluxes and cumulative solute fluxes are positive into the region

       Time         cvTop        cvBot      Sum(cvTop)   Sum(cvBot)     cvCh0        cvCh1         cTop        cRoot         cBot        cvRoot    Sum(cvRoot)  Sum(cvNEql) TLevel      cGWL        cRunOff   Sum(cRunOff)    (cv(i),    Sum(cv(i)), i=1,NObs)
        [T]        [M/L2/T]     [M/L2/T]      [M/L2]       [M/L2]       [M/L2]      [M/L2]        [M/L3]      [M/L3]        [M/L3]      [M/L2/T]      [M/L2]       [M/L2]              [M/L3]        [M/L2]      [M/L3]      [M/L2/T]      [M/L2]
        0.0100  0.00000E+00  0.00000E+00  0.00000E+00  0.00000E+00  0.00000E+00  0.00000E+00  0.10007E-02  0.96667E-03  0.87528E-03  0.83118E-05  0.83118E-07 -0.11793E-04       1  0.88296E-03  0.00000E+00  0.00000E+00  0.43744E-04  0.43744E-06 -0.82669E-04 -0.82669E-06  0.20698E-03  0.20698E-05
        0.0200  0.00000E+00  0.00000E+00  0.00000E+00  0.00000E+00  0.00000E+00  0.00000E+00  0.10004E-02  0.96662E-03  0.87254E-03  0.83119E-05  0.16624E-06 -0.22962E-04       2  0.88287E-03  0.00000E+00  0.00000E+00  0.30814E-04  0.74558E-06 -0.80139E-04 -0.16281E-05  0.20427E-03  0.41126E-05
        0.0330  0.00000E+00  0.00000E+00  0.00000E+00  0.00000E+00  0.00000E+00  0.00000E+00  0.10001E-02  0.96664E-03  0.87439E-03  0.83120E-05  0.27429E-06 -0.34490E-04       3  0.88295E-03  0.00000E+00  0.00000E+00  0.56671E-07  0.74632E-06 -0.76643E-04 -0.26244E-05  0.20001E-03  0.67126E-05
        0.0499  0.00000E+00  0.00000E+00  0.00000E+00  0.00000E+00  0.00000E+00  0.00000E+00  0.99955E-03  0.96663E-03  0.87496E-03  0.83120E-05  0.41477E-06 -0.47448E-04       4  0.88296E-03  0.00000E+00  0.00000E+00 -0.49452E-04 -0.89411E-07 -0.71382E-04 -0.38308E-05  0.19408E-03  0.99927E-05
        0.0719  0.00000E+00  0.00000E+00  0.00000E+00  0.00000E+00  0.00000E+00  0.00000E+00  0.99864E-03  0.96663E-03  0.87559E-03  0.83121E-05  0.59738E-06 -0.64110E-04       5  0.88299E-03  0.00000E+00  0.00000E+00 -0.13674E-03 -0.30936E-05 -0.62398E-04 -0.52017E-05  0.18481E-03  0.14053E-04
        0.1004  0.00000E+00  0.00000E+00  0.00000E+00  0.00000E+00  0.00000E+00  0.00000E+00  0.99713E-03  0.96663E-03  0.87603E-03  0.83122E-05  0.83478E-06 -0.88298E-04       6  0.88300E-03  0.00000E+00  0.00000E+00 -0.27563E-03 -0.10966E-04 -0.45202E-04 -0.64927E-05  0.16864E-03  0.18869E-04
        0.1376  0.00000E+00  0.00000E+00  0.00000E+00  0.00000E+00  0.00000E+00  0.00000E+00  0.99497E-03  0.96663E-03  0.87641E-03  0.83124E-05  0.11434E-05 -0.12876E-03       7  0.88301E-03  0.00000E+00  0.00000E+00 -0.47555E-03 -0.28623E-04 -0.26260E-04 -0.74677E-05  0.13664E-03  0.23943E-04
        0.1858  0.00000E+00  0.00000E+00  0.00000E+00  0.00000E+00  0.00000E+00  0.00000E+00  0.99222E-03  0.96663E-03  0.87669E-03  0.83125E-05  0.15446E-05 -0.20296E-03       8  0.88302E-03  0.00000E+00  0.00000E+00 -0.73919E-03 -0.64302E-04 -0.47464E-03 -0.30378E-04  0.67705E-04  0.27211E-04
        0.2358  0.00000E+00  0.00000E+00  0.00000E+00  0.00000E+00  0.00000E+00  0.00000E+00  0.98969E-03  0.96662E-03  0.87687E-03  0.83114E-05  0.19602E-05 -0.30807E-03       9  0.88302E-03  0.00000E+00  0.00000E+00 -0.99589E-03 -0.11410E-03 -0.10413E-02 -0.82443E-04 -0.35866E-04  0.25418E-04
        0.2858  0.00000E+00  0.00000E+00  0.00000E+00  0.00000E+00  0.00000E+00  0.00000E+00  0.98781E-03  0.96661E-03  0.87699E-03  0.83101E-05  0.23757E-05 -0.43902E-03      10  0.88303E-03  0.00000E+00  0.00000E+00 -0.12014E-02 -0.17417E-03 -0.17833E-02 -0.17161E-03 -0.18422E-03  0.16207E-04
        0.3358  0.00000E+00  0.00000E+00  0.00000E+00  0.00000E+00  0.00000E+00  0.00000E+00  0.98633E-03  0.96659E-03  0.87707E-03  0.83086E-05  0.27911E-05 -0.58970E-03      11  0.88303E-03  0.00000E+00  0.00000E+00 -0.13449E-02 -0.24141E-03 -0.25728E-02 -0.30025E-03 -0.37460E-03 -0.25235E-05
        0.3858  0.00000E+00  0.00000E+00  0.00000E+00  0.00000E+00  0.00000E+00  0.00000E+00  0.98518E-03  0.96659E-03  0.87713E-03  0.83070E-05  0.32065E-05 -0.75543E-03      12  0.88303E-03  0.00000E+00  0.00000E+00 -0.14517E-02 -0.31399E-03 -0.33505E-02 -0.46778E-03 -0.59891E-03 -0.32469E-04
        0.4358  0.00000E+00  0.00000E+00  0.00000E+00  0.00000E+00  0.00000E+00  0.00000E+00  0.98436E-03  0.96656E-03  0.87718E-03  0.83053E-05  0.36218E-05 -0.93139E-03      13  0.88303E-03  0.00000E+00  0.00000E+00 -0.15294E-02 -0.39046E-03 -0.40136E-02 -0.66846E-03 -0.83862E-03 -0.74400E-04
        0.4858  0.00000E+00  0.00000E+00  0.00000E+00  0.00000E+00  0.00000E+00  0.00000E+00  0.98395E-03  0.96654E-03  0.87723E-03  0.83039E-05  0.40370E-05 -0.11108E-02      14  0.88303E-03  0.00000E+00  0.00000E+00 -0.15481E-02 -0.46787E-03 -0.45479E-02 -0.89585E-03 -0.10755E-02 -0.12818E-03
        0.5358  0.00000E+00  0.00000E+00  0.00000E+00  0.00000E+00  0.00000E+00  0.00000E+00  0.98376E-03  0.96646E-03  0.87728E-03  0.83023E-05  0.44521E-05 -0.12866E-02      15  0.88303E-03  0.00000E+00  0.00000E+00 -0.15361E-02 -0.54467E-03 -0.50331E-02 -0.11475E-02 -0.13069E-02 -0.19352E-03
        0.5858  0.00000E+00  0.00000E+00  0.00000E+00  0.00000E+00  0.00000E+00  0.00000E+00  0.98401E-03  0.96649E-03  0.87736E-03  0.83017E-05  0.48672E-05 -0.14520E-02      16  0.88304E-03  0.00000E+00  0.00000E+00 -0.14669E-02 -0.61802E-03 -0.52471E-02 -0.14099E-02 -0.15011E-02 -0.26858E-03
        0.6358  0.00000E+00  0.00000E+00  0.00000E+00  0.00000E+00  0.00000E+00  0.00000E+00  0.98452E-03  0.96641E-03  0.87747E-03  0.83005E-05  0.52822E-05 -0.16012E-02      17  0.88304E-03  0.00000E+00  0.00000E+00 -0.13667E-02 -0.68635E-03 -0.52228E-02 -0.16710E-02 -0.16278E-02 -0.34997E-03
        0.6858  0.00000E+00  0.00000E+00  0.00000E+00  0.00000E+00  0.00000E+00  0.00000E+00  0.98538E-03  0.96643E-03  0.87761E-03  0.83007E-05  0.56972E-05 -0.17297E-02      18  0.88304E-03  0.00000E+00  0.00000E+00 -0.12214E-02 -0.74742E-03 -0.49844E-02 -0.19202E-02 -0.16800E-02 -0.43397E-03
        0.7358  0.00000E+00  0.00000E+00  0.00000E+00  0.00000E+00  0.00000E+00  0.00000E+00  0.98645E-03  0.96639E-03  0.87780E-03  0.83005E-05  0.61122E-05 -0.18347E-02      19  0.88305E-03  0.00000E+00  0.00000E+00 -0.10555E-02 -0.80020E-03 -0.45886E-02 -0.21497E-02 -0.16627E-02 -0.51710E-03
        0.7858  0.00000E+00  0.00000E+00  0.00000E+00  0.00000E+00  0.00000E+00  0.00000E+00  0.98828E-03  0.96642E-03  0.87805E-03  0.83013E-05  0.65273E-05 -0.19088E-02      20  0.88305E-03  0.00000E+00  0.00000E+00 -0.80707E-03 -0.84055E-03 -0.39957E-02 -0.23494E-02 -0.15751E-02 -0.59586E-03
        0.8358  0.00000E+00  0.00000E+00  0.00000E+00  0.00000E+00  0.00000E+00  0.00000E+00  0.99023E-03  0.96644E-03  0.87836E-03  0.83022E-05  0.69424E-05 -0.19520E-02      21  0.88307E-03  0.00000E+00  0.00000E+00 -0.54825E-03 -0.86797E-03 -0.33074E-02 -0.25148E-02 -0.14322E-02 -0.66747E-03
        0.8858  0.00000E+00  0.00000E+00  0.00000E+00  0.00000E+00  0.00000E+00  0.00000E+00  0.99232E-03  0.96646E-03  0.87873E-03  0.83033E-05  0.73576E-05 -0.19699E-02      22  0.88308E-03  0.00000E+00  0.00000E+00 -0.29304E-03 -0.88262E-03 -0.26141E-02 -0.26455E-02 -0.12580E-02 -0.73037E-03
        0.9358  0.00000E+00 -0.22794E-04  0.00000E+00 -0.11397E-05  0.00000E+00  0.00000E+00  0.99417E-03  0.96648E-03  0.88129E-03  0.83045E-05  0.77728E-05 -0.19635E-02      23  0.88313E-03  0.00000E+00  0.00000E+00 -0.83127E-04 -0.88677E-03 -0.20024E-02 -0.27456E-02 -0.10781E-02 -0.78427E-03
        0.9679  0.00000E+00 -0.61897E-04  0.00000E+00 -0.31257E-05  0.00000E+00  0.00000E+00  0.99502E-03  0.96648E-03  0.88116E-03  0.83055E-05  0.80393E-05 -0.19527E-02      24  0.88312E-03  0.00000E+00  0.00000E+00  0.49124E-05 -0.88662E-03 -0.16658E-02 -0.27991E-02 -0.96684E-03 -0.81529E-03
        1.0000  0.00000E+00 -0.95013E-04  0.00000E+00 -0.61743E-05  0.00000E+00  0.00000E+00  0.99540E-03  0.96649E-03  0.88124E-03  0.83060E-05  0.83058E-05 -0.19414E-02      25  0.88312E-03  0.00000E+00  0.00000E+00  0.57074E-04 -0.88478E-03 -0.13992E-02 -0.28440E-02 -0.86564E-03 -0.84306E-03
end
