 All solute fluxes and cumulative solute fluxes are positive into the region

       Time         cvTop        cvBot      Sum(cvTop)   Sum(cvBot)     cvCh0        cvCh1         cTop        cRoot         cBot        cvRoot    Sum(cvRoot)  Sum(cvNEql) TLevel      cGWL        cRunOff   Sum(cRunOff)    (cv(i),    Sum(cv(i)), i=1,NObs)
        [T]        [M/L2/T]     [M/L2/T]      [M/L2]       [M/L2]       [M/L2]      [M/L2]        [M/L3]      [M/L3]        [M/L3]      [M/L2/T]      [M/L2]       [M/L2]              [M/L3]        [M/L2]      [M/L3]      [M/L2/T]      [M/L2]
        0.0100  0.00000E+00 -0.33204E-03  0.00000E+00 -0.33204E-05  0.00000E+00  0.00000E+00  0.97805E-03  0.94290E-03  0.88267E-03  0.10018E-04  0.10018E-06 -0.41000E-05       1  0.88322E-03  0.00000E+00  0.00000E+00  0.54341E-04  0.54341E-06 -0.60168E-03 -0.60168E-05 -0.45734E-03 -0.45734E-05
        0.0200  0.00000E+00  0.00000E+00  0.00000E+00 -0.33204E-05  0.00000E+00  0.00000E+00  0.97800E-03  0.94268E-03  0.87924E-03  0.10016E-04  0.20034E-06 -0.48123E-05       2  0.88314E-03  0.00000E+00  0.00000E+00  0.41746E-04  0.96088E-06 -0.58160E-03 -0.11833E-04 -0.44661E-03 -0.90395E-05
        0.0330  0.00000E+00 -0.28604E-04  0.00000E+00 -0.36922E-05  0.00000E+00  0.00000E+00  0.97782E-03  0.94274E-03  0.88176E-03  0.10017E-04  0.33056E-06 -0.34686E-05       3  0.88320E-03  0.00000E+00  0.00000E+00  0.12951E-04  0.11292E-05 -0.55588E-03 -0.19059E-04 -0.43136E-03 -0.14647E-04
        0.0499  0.00000E+00 -0.10747E-03  0.00000E+00 -0.55085E-05  0.00000E+00  0.00000E+00  0.97754E-03  0.94271E-03  0.88145E-03  0.10017E-04  0.49984E-06 -0.10203E-05       4  0.88319E-03  0.00000E+00  0.00000E+00 -0.97299E-05  0.96481E-06 -0.53628E-03 -0.28122E-04 -0.41465E-03 -0.21655E-04
        0.0719  0.00000E+00 -0.20120E-03  0.00000E+00 -0.99289E-05  0.00000E+00  0.00000E+00  0.97721E-03  0.94272E-03  0.88158E-03  0.10017E-04  0.71991E-06 -0.34915E-06       5  0.88320E-03  0.00000E+00  0.00000E+00 -0.42070E-04  0.40528E-07 -0.53112E-03 -0.39791E-04 -0.39687E-03 -0.30374E-04
        0.1004  0.00000E+00 -0.27887E-03  0.00000E+00 -0.17894E-04  0.00000E+00  0.00000E+00  0.97666E-03  0.94271E-03  0.88153E-03  0.10017E-04  0.10060E-05 -0.29404E-05       6  0.88319E-03  0.00000E+00  0.00000E+00 -0.96853E-04 -0.27257E-05 -0.56528E-03 -0.55936E-04 -0.38325E-03 -0.41320E-04
        0.1376  0.00000E+00 -0.34142E-03  0.00000E+00 -0.30571E-04  0.00000E+00  0.00000E+00  0.97581E-03  0.94271E-03  0.88157E-03  0.10016E-04  0.13779E-05 -0.14711E-04       7  0.88320E-03  0.00000E+00  0.00000E+00 -0.18302E-03 -0.95209E-05 -0.67936E-03 -0.81160E-04 -0.38388E-03 -0.55573E-04
        0.1858  0.00000E+00 -0.39220E-03  0.00000E+00 -0.49501E-04  0.00000E+00  0.00000E+00  0.97464E-03  0.94270E-03  0.88156E-03  0.10016E-04  0.18613E-05 -0.46901E-04       8  0.88319E-03  0.00000E+00  0.00000E+00 -0.30919E-03 -0.24445E-04 -0.93905E-03 -0.12649E-03 -0.41898E-03 -0.75796E-04
        0.2358  0.00000E+00 -0.42942E-03  0.00000E+00 -0.70972E-04  0.00000E+00  0.00000E+00  0.97338E-03  0.94269E-03  0.88158E-03  0.10016E-04  0.23621E-05 -0.10136E-03       9  0.88320E-03  0.00000E+00  0.00000E+00 -0.44001E-03 -0.46445E-04 -0.13129E-02 -0.19213E-03 -0.49235E-03 -0.10041E-03
        0.2858  0.00000E+00 -0.45369E-03  0.00000E+00 -0.93656E-04  0.00000E+00  0.00000E+00  0.97247E-03  0.94270E-03  0.88157E-03  0.10015E-04  0.28629E-05 -0.17445E-03      10  0.88320E-03  0.00000E+00  0.00000E+00 -0.55301E-03 -0.74096E-04 -0.17558E-02 -0.27992E-03 -0.60068E-03 -0.13045E-03
        0.3358  0.00000E+00 -0.46947E-03  0.00000E+00 -0.11713E-03  0.00000E+00  0.00000E+00  0.97172E-03  0.94271E-03  0.88159E-03  0.10014E-04  0.33636E-05 -0.26125E-03      11  0.88320E-03  0.00000E+00  0.00000E+00 -0.63166E-03 -0.10568E-03 -0.22014E-02 -0.38999E-03 -0.73239E-03 -0.16707E-03
        0.3858  0.00000E+00 -0.48063E-03  0.00000E+00 -0.14116E-03  0.00000E+00  0.00000E+00  0.97115E-03  0.94273E-03  0.88158E-03  0.10014E-04  0.38643E-05 -0.35829E-03      12  0.88320E-03  0.00000E+00  0.00000E+00 -0.69686E-03 -0.14052E-03 -0.26221E-02 -0.52110E-03 -0.87715E-03 -0.21093E-03
        0.4358  0.00000E+00 -0.48999E-03  0.00000E+00 -0.16566E-03  0.00000E+00  0.00000E+00  0.97070E-03  0.94275E-03  0.88159E-03  0.10013E-04  0.43650E-05 -0.46248E-03      13  0.88320E-03  0.00000E+00  0.00000E+00 -0.73795E-03 -0.17742E-03 -0.29868E-02 -0.67044E-03 -0.10234E-02 -0.26210E-03
        0.4858  0.00000E+00 -0.49978E-03  0.00000E+00 -0.19065E-03  0.00000E+00  0.00000E+00  0.97046E-03  0.94277E-03  0.88159E-03  0.10013E-04  0.48656E-05 -0.56936E-03      14  0.88320E-03  0.00000E+00  0.00000E+00 -0.75777E-03 -0.21531E-03 -0.32698E-02 -0.83392E-03 -0.11603E-02 -0.32011E-03
        0.5358  0.00000E+00 -0.51177E-03  0.00000E+00 -0.21624E-03  0.00000E+00  0.00000E+00  0.97039E-03  0.94278E-03  0.88160E-03  0.10012E-04  0.53662E-05 -0.67474E-03      15  0.88320E-03  0.00000E+00  0.00000E+00 -0.75007E-03 -0.25281E-03 -0.34490E-02 -0.10064E-02 -0.12768E-02 -0.38395E-03
        0.5858  0.00000E+00 -0.52717E-03  0.00000E+00 -0.24260E-03  0.00000E+00  0.00000E+00  0.97053E-03  0.94280E-03  0.88160E-03  0.10012E-04  0.58668E-05 -0.77414E-03      16  0.88320E-03  0.00000E+00  0.00000E+00 -0.71921E-03 -0.28877E-03 -0.35131E-02 -0.11820E-02 -0.13645E-02 -0.45218E-03
        0.6358  0.00000E+00 -0.54686E-03  0.00000E+00 -0.26994E-03  0.00000E+00  0.00000E+00  0.97083E-03  0.94280E-03  0.88161E-03  0.10012E-04  0.63674E-05 -0.86398E-03      17  0.88320E-03  0.00000E+00  0.00000E+00 -0.66403E-03 -0.32197E-03 -0.34616E-02 -0.13551E-02 -0.14133E-02 -0.52285E-03
        0.6858  0.00000E+00 -0.57107E-03  0.00000E+00 -0.29849E-03  0.00000E+00  0.00000E+00  0.97130E-03  0.94281E-03  0.88161E-03  0.10012E-04  0.68680E-05 -0.94137E-03      18  0.88320E-03  0.00000E+00  0.00000E+00 -0.59081E-03 -0.35151E-03 -0.33031E-02 -0.15203E-02 -0.14169E-02 -0.59369E-03
        0.7358  0.00000E+00 -0.59953E-03  0.00000E+00 -0.32847E-03  0.00000E+00  0.00000E+00  0.97186E-03  0.94280E-03  0.88162E-03  0.10012E-04  0.73686E-05 -0.10048E-02      19  0.88320E-03  0.00000E+00  0.00000E+00 -0.50300E-03 -0.37666E-03 -0.30529E-02 -0.16729E-02 -0.13819E-02 -0.66279E-03
        0.7858  0.00000E+00 -0.63164E-03  0.00000E+00 -0.36005E-03  0.00000E+00  0.00000E+00  0.97287E-03  0.94280E-03  0.88162E-03  0.10012E-04  0.78692E-05 -0.10486E-02      20  0.88320E-03  0.00000E+00  0.00000E+00 -0.37222E-03 -0.39528E-03 -0.26691E-02 -0.18064E-02 -0.13001E-02 -0.72779E-03
        0.8358  0.00000E+00 -0.66610E-03  0.00000E+00 -0.39336E-03  0.00000E+00  0.00000E+00  0.97382E-03  0.94281E-03  0.88163E-03  0.10013E-04  0.83698E-05 -0.10725E-02      21  0.88320E-03  0.00000E+00  0.00000E+00 -0.23909E-03 -0.40723E-03 -0.22202E-02 -0.19174E-02 -0.11807E-02 -0.78683E-03
        0.8858  0.00000E+00 -0.70128E-03  0.00000E+00 -0.42842E-03  0.00000E+00  0.00000E+00  0.97478E-03  0.94278E-03  0.88164E-03  0.10013E-04  0.88704E-05 -0.10808E-02      22  0.88320E-03  0.00000E+00  0.00000E+00 -0.11811E-03 -0.41314E-03 -0.17691E-02 -0.20058E-02 -0.10397E-02 -0.83881E-03
        0.9358  0.00000E+00 -0.73534E-03  0.00000E+00 -0.46519E-03  0.00000E+00  0.00000E+00  0.97549E-03  0.94278E-03  0.88164E-03  0.10013E-04  0.93711E-05 -0.10778E-02      23  0.88320E-03  0.00000E+00  0.00000E+00 -0.25951E-04 -0.41443E-03 -0.13714E-02 -0.20744E-02 -0.89625E-03 -0.88363E-03
        0.9679  0.00000E+00 -0.76195E-03  0.00000E+00 -0.48964E-03  0.00000E+00  0.00000E+00  0.97583E-03  0.94275E-03  0.88165E-03  0.10014E-04  0.96924E-05 -0.10737E-02      24  0.88320E-03  0.00000E+00  0.00000E+00  0.16664E-04 -0.41390E-03 -0.11544E-02 -0.21114E-02 -0.80744E-03 -0.90953E-03
        1.0000  0.00000E+00 -0.78115E-03  0.00000E+00 -0.51470E-03  0.00000E+00  0.00000E+00  0.97607E-03  0.94275E-03  0.88165E-03  0.10014E-04  0.10014E-04 -0.10690E-02      25  0.88320E-03  0.00000E+00  0.00000E+00  0.60616E-04 -0.41195E-03 -0.98604E-03 -0.21431E-02 -0.72920E-03 -0.93293E-03
end
