 All solute fluxes and cumulative solute fluxes are positive into the region

       Time         cvTop        cvBot      Sum(cvTop)   Sum(cvBot)     cvCh0        cvCh1         cTop        cRoot         cBot        cvRoot    Sum(cvRoot)  Sum(cvNEql) TLevel      cGWL        cRunOff   Sum(cRunOff)    (cv(i),    Sum(cv(i)), i=1,NObs)
        [T]        [M/L2/T]     [M/L2/T]      [M/L2]       [M/L2]       [M/L2]      [M/L2]        [M/L3]      [M/L3]        [M/L3]      [M/L2/T]      [M/L2]       [M/L2]              [M/L3]        [M/L2]      [M/L3]      [M/L2/T]      [M/L2]
        0.0100  0.00000E+00  0.00000E+00  0.00000E+00  0.00000E+00  0.00000E+00  0.00000E+00  0.10105E-02  0.91502E-03  0.87680E-03  0.90241E-04  0.90241E-06 -0.75383E-05       1  0.88306E-03  0.00000E+00  0.00000E+00  0.25964E-04  0.25964E-06  0.45993E-05  0.45993E-07  0.19824E-03  0.19824E-05
        0.0200  0.00000E+00  0.00000E+00  0.00000E+00  0.00000E+00  0.00000E+00  0.00000E+00  0.10103E-02  0.91509E-03  0.87712E-03  0.90248E-04  0.18049E-05 -0.80162E-05       2  0.88306E-03  0.00000E+00  0.00000E+00  0.13164E-04  0.39129E-06  0.46867E-05  0.92861E-07  0.19539E-03  0.39364E-05
        0.0330  0.00000E+00  0.00000E+00  0.00000E+00  0.00000E+00  0.00000E+00  0.00000E+00  0.10101E-02  0.91506E-03  0.87699E-03  0.90246E-04  0.29781E-05 -0.11314E-04       3  0.88306E-03  0.00000E+00  0.00000E+00 -0.49480E-06  0.38485E-06  0.42700E-05  0.14837E-06  0.19127E-03  0.64229E-05
        0.0499  0.00000E+00  0.00000E+00  0.00000E+00  0.00000E+00  0.00000E+00  0.00000E+00  0.10098E-02  0.91507E-03  0.87687E-03  0.90247E-04  0.45033E-05 -0.15766E-04       4  0.88306E-03  0.00000E+00  0.00000E+00 -0.16221E-04  0.11072E-06  0.36498E-05  0.21005E-06  0.18611E-03  0.95682E-05
        0.0719  0.00000E+00  0.00000E+00  0.00000E+00  0.00000E+00  0.00000E+00  0.00000E+00  0.10095E-02  0.91507E-03  0.87675E-03  0.90246E-04  0.64860E-05 -0.23601E-04       5  0.88305E-03  0.00000E+00  0.00000E+00 -0.44986E-04 -0.87763E-06  0.21934E-05  0.25824E-06  0.17859E-03  0.13492E-04
        0.1004  0.00000E+00  0.00000E+00  0.00000E+00  0.00000E+00  0.00000E+00  0.00000E+00  0.10090E-02  0.91507E-03  0.87664E-03  0.90246E-04  0.90635E-05 -0.37457E-04       6  0.88305E-03  0.00000E+00  0.00000E+00 -0.93482E-04 -0.35476E-05 -0.91087E-06  0.23223E-06  0.16595E-03  0.18231E-04
        0.1376  0.00000E+00  0.00000E+00  0.00000E+00  0.00000E+00  0.00000E+00  0.00000E+00  0.10081E-02  0.91507E-03  0.87653E-03  0.90246E-04  0.12414E-04 -0.63821E-04       7  0.88305E-03  0.00000E+00  0.00000E+00 -0.16870E-03 -0.98113E-05 -0.75734E-05 -0.48969E-07  0.14110E-03  0.23470E-04
        0.1858  0.00000E+00  0.00000E+00  0.00000E+00  0.00000E+00  0.00000E+00  0.00000E+00  0.10070E-02  0.91506E-03  0.87642E-03  0.90246E-04  0.16770E-04 -0.11503E-03       8  0.88305E-03  0.00000E+00  0.00000E+00 -0.27776E-03 -0.23218E-04 -0.23457E-03 -0.11371E-04  0.88442E-04  0.27739E-04
        0.2358  0.00000E+00  0.00000E+00  0.00000E+00  0.00000E+00  0.00000E+00  0.00000E+00  0.10060E-02  0.91505E-03  0.87632E-03  0.90245E-04  0.21282E-04 -0.18882E-03       9  0.88305E-03  0.00000E+00  0.00000E+00 -0.39277E-03 -0.42857E-04 -0.60311E-03 -0.41527E-04  0.62399E-05  0.28051E-04
        0.2858  0.00000E+00  0.00000E+00  0.00000E+00  0.00000E+00  0.00000E+00  0.00000E+00  0.10050E-02  0.91505E-03  0.87625E-03  0.90245E-04  0.25795E-04 -0.28207E-03      10  0.88305E-03  0.00000E+00  0.00000E+00 -0.49624E-03 -0.67669E-04 -0.10535E-02 -0.94202E-04 -0.12239E-03  0.21932E-04
        0.3358  0.00000E+00  0.00000E+00  0.00000E+00  0.00000E+00  0.00000E+00  0.00000E+00  0.10043E-02  0.91505E-03  0.87619E-03  0.90245E-04  0.30307E-04 -0.38859E-03      11  0.88304E-03  0.00000E+00  0.00000E+00 -0.58045E-03 -0.96691E-04 -0.15455E-02 -0.17148E-03 -0.27768E-03  0.80475E-05
        0.3858  0.00000E+00  0.00000E+00  0.00000E+00  0.00000E+00  0.00000E+00  0.00000E+00  0.10037E-02  0.91508E-03  0.87615E-03  0.90247E-04  0.34819E-04 -0.50053E-03      12  0.88304E-03  0.00000E+00  0.00000E+00 -0.64605E-03 -0.12899E-03 -0.20400E-02 -0.27348E-03 -0.44134E-03 -0.14020E-04
        0.4358  0.00000E+00  0.00000E+00  0.00000E+00  0.00000E+00  0.00000E+00  0.00000E+00  0.10033E-02  0.91510E-03  0.87614E-03  0.90250E-04  0.39332E-04 -0.61467E-03      13  0.88304E-03  0.00000E+00  0.00000E+00 -0.69674E-03 -0.16383E-03 -0.24852E-02 -0.39774E-03 -0.60307E-03 -0.44173E-04
        0.4858  0.00000E+00  0.00000E+00  0.00000E+00  0.00000E+00  0.00000E+00  0.00000E+00  0.10030E-02  0.91512E-03  0.87615E-03  0.90251E-04  0.43844E-04 -0.72752E-03      14  0.88304E-03  0.00000E+00  0.00000E+00 -0.71451E-03 -0.19956E-03 -0.28536E-02 -0.54041E-03 -0.76268E-03 -0.82307E-04
        0.5358  0.00000E+00  0.00000E+00  0.00000E+00  0.00000E+00  0.00000E+00  0.00000E+00  0.10030E-02  0.91514E-03  0.87620E-03  0.90253E-04  0.48357E-04 -0.83560E-03      15  0.88304E-03  0.00000E+00  0.00000E+00 -0.71188E-03 -0.23515E-03 -0.30967E-02 -0.69525E-03 -0.90552E-03 -0.12758E-03
        0.5858  0.00000E+00  0.00000E+00  0.00000E+00  0.00000E+00  0.00000E+00  0.00000E+00  0.10032E-02  0.91516E-03  0.87627E-03  0.90255E-04  0.52870E-04 -0.93591E-03      16  0.88305E-03  0.00000E+00  0.00000E+00 -0.67682E-03 -0.26899E-03 -0.31976E-02 -0.85513E-03 -0.10176E-02 -0.17846E-03
        0.6358  0.00000E+00  0.00000E+00  0.00000E+00  0.00000E+00  0.00000E+00  0.00000E+00  0.10036E-02  0.91516E-03  0.87639E-03  0.90255E-04  0.57383E-04 -0.10260E-02      17  0.88305E-03  0.00000E+00  0.00000E+00 -0.62166E-03 -0.30007E-03 -0.31553E-02 -0.10129E-02 -0.10907E-02 -0.23300E-03
        0.6858  0.00000E+00  0.00000E+00  0.00000E+00  0.00000E+00  0.00000E+00  0.00000E+00  0.10041E-02  0.91516E-03  0.87655E-03  0.90255E-04  0.61895E-04 -0.11043E-02      18  0.88305E-03  0.00000E+00  0.00000E+00 -0.54212E-03 -0.32718E-03 -0.29843E-02 -0.11621E-02 -0.11209E-02 -0.28904E-03
        0.7358  0.00000E+00  0.00000E+00  0.00000E+00  0.00000E+00  0.00000E+00  0.00000E+00  0.10047E-02  0.91515E-03  0.87676E-03  0.90254E-04  0.66408E-04 -0.11702E-02      19  0.88305E-03  0.00000E+00  0.00000E+00 -0.45004E-03 -0.34968E-03 -0.27114E-02 -0.12977E-02 -0.11111E-02 -0.34459E-03
        0.7858  0.00000E+00  0.00000E+00  0.00000E+00  0.00000E+00  0.00000E+00  0.00000E+00  0.10056E-02  0.91514E-03  0.87702E-03  0.90252E-04  0.70921E-04 -0.12218E-02      20  0.88306E-03  0.00000E+00  0.00000E+00 -0.33317E-03 -0.36634E-03 -0.23430E-02 -0.14148E-02 -0.10623E-02 -0.39771E-03
        0.8358  0.00000E+00  0.00000E+00  0.00000E+00  0.00000E+00  0.00000E+00  0.00000E+00  0.10065E-02  0.91512E-03  0.87734E-03  0.90250E-04  0.75433E-04 -0.12527E-02      21  0.88306E-03  0.00000E+00  0.00000E+00 -0.21658E-03 -0.37717E-03 -0.19307E-02 -0.15114E-02 -0.97146E-03 -0.44628E-03
        0.8858  0.00000E+00 -0.88004E-05  0.00000E+00 -0.44002E-06  0.00000E+00  0.00000E+00  0.10073E-02  0.91513E-03  0.87974E-03  0.90251E-04  0.79946E-04 -0.12600E-02      22  0.88309E-03  0.00000E+00  0.00000E+00 -0.11009E-03 -0.38267E-03 -0.15207E-02 -0.15874E-02 -0.85625E-03 -0.48910E-03
        0.9358  0.00000E+00 -0.38405E-04  0.00000E+00 -0.23603E-05  0.00000E+00  0.00000E+00  0.10080E-02  0.91511E-03  0.87961E-03  0.90249E-04  0.84458E-04 -0.12519E-02      23  0.88309E-03  0.00000E+00  0.00000E+00 -0.28995E-04 -0.38412E-03 -0.11590E-02 -0.16453E-02 -0.73355E-03 -0.52577E-03
        0.9679  0.00000E+00 -0.72631E-04  0.00000E+00 -0.46907E-05  0.00000E+00  0.00000E+00  0.10082E-02  0.91511E-03  0.87972E-03  0.90249E-04  0.87354E-04 -0.12445E-02      24  0.88309E-03  0.00000E+00  0.00000E+00  0.24702E-05 -0.38404E-03 -0.95820E-03 -0.16761E-02 -0.65634E-03 -0.54683E-03
        1.0000  0.00000E+00 -0.99178E-04  0.00000E+00 -0.78729E-05  0.00000E+00  0.00000E+00  0.10084E-02  0.91509E-03  0.87968E-03  0.90248E-04  0.90250E-04 -0.12368E-02      25  0.88309E-03  0.00000E+00  0.00000E+00  0.32752E-04 -0.38299E-03 -0.79930E-03 -0.17017E-02 -0.58493E-03 -0.56560E-03
end
