 ******* Program HYDRUS
 ******* 
 Welcome to HYDRUS-1D                                                    
 Date:  29. 3.2022    Time:  17:26:13
 Units: L = cm   , T = days , M = mg   

----------------------------------------------------------
 Time       [T]        0.0000
----------------------------------------------------------
 Sub-region num.                     1
----------------------------------------------------------
 Length   [L]        0.30000E+03  0.30000E+03
 W-volume [L]        0.98504E+02  0.98504E+02
 In-flow  [L/T]      0.00000E+00  0.00000E+00
 h Mean   [L]       -0.10031E+03 -0.10031E+03
 ConcVol  [M/L2] 1   0.87588E-01  0.87588E-01
 cMean    [M/L3] 1   0.89057E-03  0.89057E-03
 SorbVolIm[M/L2] 1   0.46489E+02  0.46489E+02
 sMeanIm  [-]    1   0.10687E+00  0.10687E+00
 Top Flux [L/T]      0.47191E-01
 Bot Flux [L/T]      0.20282E+00
----------------------------------------------------------

----------------------------------------------------------
 Time       [T]        1.0000
----------------------------------------------------------
 Sub-region num.                     1
----------------------------------------------------------
 Length   [L]        0.30000E+03  0.30000E+03
 W-volume [L]        0.10129E+03  0.10129E+03
 In-flow  [L/T]     -0.51706E+00 -0.51706E+00
 h Mean   [L]       -0.77671E+02 -0.77671E+02
 ConcVol  [M/L2] 1   0.90126E-01  0.90126E-01
 cMean    [M/L3] 1   0.89056E-03  0.89056E-03
 SorbVolIm[M/L2] 1   0.46487E+02  0.46487E+02
 sMeanIm  [-]    1   0.10687E+00  0.10687E+00
 Top Flux [L/T]     -0.59459E-01
 Bot Flux [L/T]     -0.46041E+00
 WatBalT  [L]        0.34332E-04
 WatBalR  [%]              0.001
 CncBalT  [M]    1   0.41962E-04
 CncBalR  [%]    1         1.645
----------------------------------------------------------
 
 Calculation time [sec]  1.000002026557922E-002
