 All solute fluxes and cumulative solute fluxes are positive into the region

       Time         cvTop        cvBot      Sum(cvTop)   Sum(cvBot)     cvCh0        cvCh1         cTop        cRoot         cBot        cvRoot    Sum(cvRoot)  Sum(cvNEql) TLevel      cGWL        cRunOff   Sum(cRunOff)    (cv(i),    Sum(cv(i)), i=1,NObs)
        [T]        [M/L2/T]     [M/L2/T]      [M/L2]       [M/L2]       [M/L2]      [M/L2]        [M/L3]      [M/L3]        [M/L3]      [M/L2/T]      [M/L2]       [M/L2]              [M/L3]        [M/L2]      [M/L3]      [M/L2/T]      [M/L2]
        0.0100  0.00000E+00  0.00000E+00  0.00000E+00  0.00000E+00  0.00000E+00  0.00000E+00  0.96277E-03  0.90301E-03  0.87184E-03  0.87382E-04  0.87382E-06 -0.13955E-04       1  0.88305E-03  0.00000E+00  0.00000E+00  0.16409E-04  0.16409E-06  0.12321E-04  0.12321E-06  0.14742E-03  0.14742E-05
        0.0200  0.00000E+00  0.00000E+00  0.00000E+00  0.00000E+00  0.00000E+00  0.00000E+00  0.96266E-03  0.90303E-03  0.87007E-03  0.87382E-04  0.17476E-05 -0.26406E-04       2  0.88300E-03  0.00000E+00  0.00000E+00  0.59383E-05  0.22347E-06  0.12345E-04  0.24666E-06  0.14693E-03  0.29436E-05
        0.0330  0.00000E+00  0.00000E+00  0.00000E+00  0.00000E+00  0.00000E+00  0.00000E+00  0.96251E-03  0.90302E-03  0.87109E-03  0.87382E-04  0.28836E-05 -0.40972E-04       3  0.88303E-03  0.00000E+00  0.00000E+00 -0.82016E-06  0.21281E-06  0.12092E-04  0.40385E-06  0.14603E-03  0.48420E-05
        0.0499  0.00000E+00  0.00000E+00  0.00000E+00  0.00000E+00  0.00000E+00  0.00000E+00  0.96234E-03  0.90302E-03  0.87138E-03  0.87382E-04  0.43604E-05 -0.58287E-04       4  0.88305E-03  0.00000E+00  0.00000E+00 -0.13661E-04 -0.18066E-07  0.11184E-04  0.59287E-06  0.14448E-03  0.72837E-05
        0.0719  0.00000E+00  0.00000E+00  0.00000E+00  0.00000E+00  0.00000E+00  0.00000E+00  0.96210E-03  0.90302E-03  0.87177E-03  0.87382E-04  0.62801E-05 -0.80036E-04       5  0.88306E-03  0.00000E+00  0.00000E+00 -0.37264E-04 -0.83676E-06  0.86182E-05  0.78221E-06  0.14113E-03  0.10384E-04
        0.1004  0.00000E+00  0.00000E+00  0.00000E+00  0.00000E+00  0.00000E+00  0.00000E+00  0.96167E-03  0.90302E-03  0.87204E-03  0.87382E-04  0.87758E-05 -0.10882E-03       6  0.88306E-03  0.00000E+00  0.00000E+00 -0.77292E-04 -0.30443E-05  0.23943E-05  0.85060E-06  0.13308E-03  0.14185E-04
        0.1376  0.00000E+00  0.00000E+00  0.00000E+00  0.00000E+00  0.00000E+00  0.00000E+00  0.96101E-03  0.90302E-03  0.87230E-03  0.87381E-04  0.12020E-04 -0.15008E-03       7  0.88307E-03  0.00000E+00  0.00000E+00 -0.14091E-03 -0.82762E-05 -0.32547E-04 -0.35786E-06  0.11335E-03  0.18394E-04
        0.1858  0.00000E+00  0.00000E+00  0.00000E+00  0.00000E+00  0.00000E+00  0.00000E+00  0.96008E-03  0.90301E-03  0.87250E-03  0.87381E-04  0.16238E-04 -0.21417E-03       8  0.88307E-03  0.00000E+00  0.00000E+00 -0.23422E-03 -0.19582E-04 -0.23385E-03 -0.11646E-04  0.66564E-04  0.21607E-04
        0.2358  0.00000E+00  0.00000E+00  0.00000E+00  0.00000E+00  0.00000E+00  0.00000E+00  0.95915E-03  0.90301E-03  0.87266E-03  0.87380E-04  0.20607E-04 -0.29475E-03       9  0.88308E-03  0.00000E+00  0.00000E+00 -0.33404E-03 -0.36284E-04 -0.51946E-03 -0.37618E-04 -0.68613E-05  0.21264E-04
        0.2858  0.00000E+00  0.00000E+00  0.00000E+00  0.00000E+00  0.00000E+00  0.00000E+00  0.95832E-03  0.90301E-03  0.87277E-03  0.87380E-04  0.24976E-04 -0.38955E-03      10  0.88308E-03  0.00000E+00  0.00000E+00 -0.42528E-03 -0.57548E-04 -0.86899E-03 -0.81068E-04 -0.10775E-03  0.15876E-04
        0.3358  0.00000E+00  0.00000E+00  0.00000E+00  0.00000E+00  0.00000E+00  0.00000E+00  0.95765E-03  0.90301E-03  0.87287E-03  0.87380E-04  0.29345E-04 -0.49394E-03      11  0.88308E-03  0.00000E+00  0.00000E+00 -0.50132E-03 -0.82614E-04 -0.12572E-02 -0.14393E-03 -0.22719E-03  0.45168E-05
        0.3858  0.00000E+00  0.00000E+00  0.00000E+00  0.00000E+00  0.00000E+00  0.00000E+00  0.95711E-03  0.90302E-03  0.87296E-03  0.87382E-04  0.33714E-04 -0.60155E-03      12  0.88308E-03  0.00000E+00  0.00000E+00 -0.56291E-03 -0.11076E-03 -0.15955E-02 -0.22370E-03 -0.35200E-03 -0.13083E-04
        0.4358  0.00000E+00  0.00000E+00  0.00000E+00  0.00000E+00  0.00000E+00  0.00000E+00  0.95674E-03  0.90305E-03  0.87306E-03  0.87384E-04  0.38083E-04 -0.70972E-03      13  0.88309E-03  0.00000E+00  0.00000E+00 -0.60438E-03 -0.14098E-03 -0.19265E-02 -0.32003E-03 -0.48210E-03 -0.37188E-04
        0.4858  0.00000E+00  0.00000E+00  0.00000E+00  0.00000E+00  0.00000E+00  0.00000E+00  0.95651E-03  0.90306E-03  0.87316E-03  0.87386E-04  0.42453E-04 -0.81571E-03      14  0.88309E-03  0.00000E+00  0.00000E+00 -0.62266E-03 -0.17211E-03 -0.21864E-02 -0.42935E-03 -0.60582E-03 -0.67479E-04
        0.5358  0.00000E+00  0.00000E+00  0.00000E+00  0.00000E+00  0.00000E+00  0.00000E+00  0.95650E-03  0.90308E-03  0.87328E-03  0.87387E-04  0.46822E-04 -0.91666E-03      15  0.88309E-03  0.00000E+00  0.00000E+00 -0.61735E-03 -0.20298E-03 -0.23604E-02 -0.54737E-03 -0.71422E-03 -0.10319E-03
        0.5858  0.00000E+00  0.00000E+00  0.00000E+00  0.00000E+00  0.00000E+00  0.00000E+00  0.95663E-03  0.90309E-03  0.87342E-03  0.87388E-04  0.51191E-04 -0.10101E-02      16  0.88309E-03  0.00000E+00  0.00000E+00 -0.58774E-03 -0.23237E-03 -0.24260E-02 -0.66867E-03 -0.79767E-03 -0.14307E-03
        0.6358  0.00000E+00  0.00000E+00  0.00000E+00  0.00000E+00  0.00000E+00  0.00000E+00  0.95696E-03  0.90309E-03  0.87359E-03  0.87389E-04  0.55561E-04 -0.10940E-02      17  0.88310E-03  0.00000E+00  0.00000E+00 -0.53636E-03 -0.25918E-03 -0.23857E-02 -0.78795E-03 -0.85057E-03 -0.18560E-03
        0.6858  0.00000E+00  0.00000E+00  0.00000E+00  0.00000E+00  0.00000E+00  0.00000E+00  0.95742E-03  0.90309E-03  0.87379E-03  0.87389E-04  0.59930E-04 -0.11670E-02      18  0.88310E-03  0.00000E+00  0.00000E+00 -0.46611E-03 -0.28249E-03 -0.22465E-02 -0.90028E-03 -0.87051E-03 -0.22913E-03
        0.7358  0.00000E+00  0.00000E+00  0.00000E+00  0.00000E+00  0.00000E+00  0.00000E+00  0.95800E-03  0.90308E-03  0.87402E-03  0.87388E-04  0.64300E-04 -0.12287E-02      19  0.88310E-03  0.00000E+00  0.00000E+00 -0.38241E-03 -0.30161E-03 -0.20301E-02 -0.10018E-02 -0.85923E-03 -0.27209E-03
        0.7858  0.00000E+00  0.00000E+00  0.00000E+00  0.00000E+00  0.00000E+00  0.00000E+00  0.95874E-03  0.90307E-03  0.87428E-03  0.87386E-04  0.68669E-04 -0.12781E-02      20  0.88311E-03  0.00000E+00  0.00000E+00 -0.28224E-03 -0.31572E-03 -0.17460E-02 -0.10891E-02 -0.81850E-03 -0.31301E-03
        0.8358  0.00000E+00  0.00000E+00  0.00000E+00  0.00000E+00  0.00000E+00  0.00000E+00  0.95951E-03  0.90305E-03  0.87458E-03  0.87384E-04  0.73038E-04 -0.13097E-02      21  0.88311E-03  0.00000E+00  0.00000E+00 -0.18214E-03 -0.32483E-03 -0.14314E-02 -0.11607E-02 -0.74330E-03 -0.35018E-03
        0.8858  0.00000E+00  0.00000E+00  0.00000E+00  0.00000E+00  0.00000E+00  0.00000E+00  0.96021E-03  0.90306E-03  0.87490E-03  0.87385E-04  0.77407E-04 -0.13251E-02      22  0.88312E-03  0.00000E+00  0.00000E+00 -0.92113E-04 -0.32943E-03 -0.11187E-02 -0.12166E-02 -0.64832E-03 -0.38260E-03
        0.9358  0.00000E+00 -0.29688E-05  0.00000E+00 -0.14844E-06  0.00000E+00  0.00000E+00  0.96076E-03  0.90305E-03  0.88052E-03  0.87384E-04  0.81777E-04 -0.13155E-02      23  0.88318E-03  0.00000E+00  0.00000E+00 -0.24317E-04 -0.33065E-03 -0.84246E-03 -0.12587E-02 -0.54754E-03 -0.40997E-03
        0.9679  0.00000E+00 -0.21211E-04  0.00000E+00 -0.82900E-06  0.00000E+00  0.00000E+00  0.96097E-03  0.90305E-03  0.88021E-03  0.87384E-04  0.84580E-04 -0.12996E-02      24  0.88317E-03  0.00000E+00  0.00000E+00  0.15664E-05 -0.33060E-03 -0.68993E-03 -0.12809E-02 -0.48435E-03 -0.42551E-03
        1.0000  0.00000E+00 -0.50889E-04  0.00000E+00 -0.24618E-05  0.00000E+00  0.00000E+00  0.96108E-03  0.90304E-03  0.88040E-03  0.87383E-04  0.87384E-04 -0.12845E-02      25  0.88317E-03  0.00000E+00  0.00000E+00  0.21603E-04 -0.32991E-03 -0.57131E-03 -0.12992E-02 -0.42686E-03 -0.43921E-03
end
