 All solute fluxes and cumulative solute fluxes are positive into the region

       Time         cvTop        cvBot      Sum(cvTop)   Sum(cvBot)     cvCh0        cvCh1         cTop        cRoot         cBot        cvRoot    Sum(cvRoot)  Sum(cvNEql) TLevel      cGWL        cRunOff   Sum(cRunOff)    (cv(i),    Sum(cv(i)), i=1,NObs)
        [T]        [M/L2/T]     [M/L2/T]      [M/L2]       [M/L2]       [M/L2]      [M/L2]        [M/L3]      [M/L3]        [M/L3]      [M/L2/T]      [M/L2]       [M/L2]              [M/L3]        [M/L2]      [M/L3]      [M/L2/T]      [M/L2]
        0.0100  0.00000E+00  0.00000E+00  0.00000E+00  0.00000E+00  0.00000E+00  0.00000E+00  0.10204E-02  0.90435E-03  0.86953E-03  0.00000E+00  0.00000E+00 -0.10240E-04       1  0.88262E-03  0.00000E+00  0.00000E+00  0.30686E-04  0.30686E-06 -0.28736E-03 -0.28736E-05 -0.11670E-03 -0.11670E-05
        0.0200  0.00000E+00  0.00000E+00  0.00000E+00  0.00000E+00  0.00000E+00  0.00000E+00  0.10205E-02  0.90427E-03  0.86841E-03  0.00000E+00  0.00000E+00 -0.20731E-04       2  0.88256E-03  0.00000E+00  0.00000E+00  0.17454E-04  0.48140E-06 -0.26626E-03 -0.55362E-05 -0.10956E-03 -0.22627E-05
        0.0330  0.00000E+00  0.00000E+00  0.00000E+00  0.00000E+00  0.00000E+00  0.00000E+00  0.10202E-02  0.90429E-03  0.86931E-03  0.00000E+00  0.00000E+00 -0.32119E-04       3  0.88262E-03  0.00000E+00  0.00000E+00 -0.11264E-04  0.33496E-06 -0.23962E-03 -0.86513E-05 -0.98756E-04 -0.35465E-05
        0.0499  0.00000E+00  0.00000E+00  0.00000E+00  0.00000E+00  0.00000E+00  0.00000E+00  0.10197E-02  0.90429E-03  0.86959E-03  0.00000E+00  0.00000E+00 -0.46144E-04       4  0.88263E-03  0.00000E+00  0.00000E+00 -0.64875E-04 -0.76143E-06 -0.21587E-03 -0.12299E-04 -0.86187E-04 -0.50031E-05
        0.0719  0.00000E+00  0.00000E+00  0.00000E+00  0.00000E+00  0.00000E+00  0.00000E+00  0.10189E-02  0.90429E-03  0.86987E-03  0.00000E+00  0.00000E+00 -0.64952E-04       5  0.88264E-03  0.00000E+00  0.00000E+00 -0.16308E-03 -0.43443E-05 -0.20309E-03 -0.16761E-04 -0.71908E-04 -0.65829E-05
        0.1004  0.00000E+00  0.00000E+00  0.00000E+00  0.00000E+00  0.00000E+00  0.00000E+00  0.10176E-02  0.90428E-03  0.87006E-03  0.00000E+00  0.00000E+00 -0.92904E-04       6  0.88265E-03  0.00000E+00  0.00000E+00 -0.33256E-03 -0.13843E-04 -0.22349E-03 -0.23145E-04 -0.59758E-04 -0.82896E-05
        0.1376  0.00000E+00  0.00000E+00  0.00000E+00  0.00000E+00  0.00000E+00  0.00000E+00  0.10155E-02  0.90427E-03  0.87022E-03  0.00000E+00  0.00000E+00 -0.13898E-03       7  0.88266E-03  0.00000E+00  0.00000E+00 -0.60702E-03 -0.36381E-04 -0.31929E-03 -0.35000E-04 -0.58818E-04 -0.10474E-04
        0.1858  0.00000E+00  0.00000E+00  0.00000E+00  0.00000E+00  0.00000E+00  0.00000E+00  0.10124E-02  0.90425E-03  0.87034E-03  0.00000E+00  0.00000E+00 -0.22102E-03       8  0.88267E-03  0.00000E+00  0.00000E+00 -0.10147E-02 -0.85357E-04 -0.57204E-03 -0.62611E-04 -0.90066E-04 -0.14821E-04
        0.2358  0.00000E+00  0.00000E+00  0.00000E+00  0.00000E+00  0.00000E+00  0.00000E+00  0.10090E-02  0.90423E-03  0.87043E-03  0.00000E+00  0.00000E+00 -0.33415E-03       9  0.88267E-03  0.00000E+00  0.00000E+00 -0.14392E-02 -0.15732E-03 -0.96954E-03 -0.11109E-03 -0.16171E-03 -0.22906E-04
        0.2858  0.00000E+00  0.00000E+00  0.00000E+00  0.00000E+00  0.00000E+00  0.00000E+00  0.10062E-02  0.90423E-03  0.87049E-03  0.00000E+00  0.00000E+00 -0.47376E-03      10  0.88267E-03  0.00000E+00  0.00000E+00 -0.18111E-02 -0.24787E-03 -0.14485E-02 -0.18351E-03 -0.27254E-03 -0.36533E-04
        0.3358  0.00000E+00  0.00000E+00  0.00000E+00  0.00000E+00  0.00000E+00  0.00000E+00  0.10037E-02  0.90424E-03  0.87054E-03  0.00000E+00  0.00000E+00 -0.62888E-03      11  0.88267E-03  0.00000E+00  0.00000E+00 -0.20837E-02 -0.35206E-03 -0.20279E-02 -0.28491E-03 -0.42663E-03 -0.57865E-04
        0.3858  0.00000E+00  0.00000E+00  0.00000E+00  0.00000E+00  0.00000E+00  0.00000E+00  0.10019E-02  0.90430E-03  0.87058E-03  0.00000E+00  0.00000E+00 -0.78704E-03      12  0.88268E-03  0.00000E+00  0.00000E+00 -0.22986E-02 -0.46699E-03 -0.26133E-02 -0.41558E-03 -0.60811E-03 -0.88271E-04
        0.4358  0.00000E+00  0.00000E+00  0.00000E+00  0.00000E+00  0.00000E+00  0.00000E+00  0.10003E-02  0.90436E-03  0.87062E-03  0.00000E+00  0.00000E+00 -0.94454E-03      13  0.88268E-03  0.00000E+00  0.00000E+00 -0.24240E-02 -0.58819E-03 -0.31452E-02 -0.57284E-03 -0.80531E-03 -0.12854E-03
        0.4858  0.00000E+00  0.00000E+00  0.00000E+00  0.00000E+00  0.00000E+00  0.00000E+00  0.99962E-03  0.90441E-03  0.87066E-03  0.00000E+00  0.00000E+00 -0.10979E-02      14  0.88268E-03  0.00000E+00  0.00000E+00 -0.24930E-02 -0.71284E-03 -0.35589E-02 -0.75078E-03 -0.99889E-03 -0.17848E-03
        0.5358  0.00000E+00  0.00000E+00  0.00000E+00  0.00000E+00  0.00000E+00  0.00000E+00  0.99923E-03  0.90445E-03  0.87070E-03  0.00000E+00  0.00000E+00 -0.12438E-02      15  0.88268E-03  0.00000E+00  0.00000E+00 -0.24524E-02 -0.83546E-03 -0.38329E-02 -0.94243E-03 -0.11718E-02 -0.23707E-03
        0.5858  0.00000E+00  0.00000E+00  0.00000E+00  0.00000E+00  0.00000E+00  0.00000E+00  0.99959E-03  0.90447E-03  0.87074E-03  0.00000E+00  0.00000E+00 -0.13793E-02      16  0.88268E-03  0.00000E+00  0.00000E+00 -0.23583E-02 -0.95337E-03 -0.39444E-02 -0.11396E-02 -0.13099E-02 -0.30256E-03
        0.6358  0.00000E+00  0.00000E+00  0.00000E+00  0.00000E+00  0.00000E+00  0.00000E+00  0.10004E-02  0.90449E-03  0.87078E-03  0.00000E+00  0.00000E+00 -0.15026E-02      17  0.88268E-03  0.00000E+00  0.00000E+00 -0.21673E-02 -0.10617E-02 -0.39172E-02 -0.13355E-02 -0.14036E-02 -0.37275E-03
        0.6858  0.00000E+00  0.00000E+00  0.00000E+00  0.00000E+00  0.00000E+00  0.00000E+00  0.10018E-02  0.90447E-03  0.87084E-03  0.00000E+00  0.00000E+00 -0.16129E-02      18  0.88269E-03  0.00000E+00  0.00000E+00 -0.19295E-02 -0.11582E-02 -0.37376E-02 -0.15224E-02 -0.14505E-02 -0.44527E-03
        0.7358  0.00000E+00  0.00000E+00  0.00000E+00  0.00000E+00  0.00000E+00  0.00000E+00  0.10035E-02  0.90445E-03  0.87091E-03  0.00000E+00  0.00000E+00 -0.17101E-02      19  0.88269E-03  0.00000E+00  0.00000E+00 -0.16256E-02 -0.12395E-02 -0.34364E-02 -0.16942E-02 -0.14745E-02 -0.51899E-03
        0.7858  0.00000E+00  0.00000E+00  0.00000E+00  0.00000E+00  0.00000E+00  0.00000E+00  0.10061E-02  0.90441E-03  0.87099E-03  0.00000E+00  0.00000E+00 -0.17908E-02      20  0.88269E-03  0.00000E+00  0.00000E+00 -0.12297E-02 -0.13010E-02 -0.29936E-02 -0.18439E-02 -0.14414E-02 -0.59106E-03
        0.8358  0.00000E+00  0.00000E+00  0.00000E+00  0.00000E+00  0.00000E+00  0.00000E+00  0.10089E-02  0.90437E-03  0.87110E-03  0.00000E+00  0.00000E+00 -0.18427E-02      21  0.88270E-03  0.00000E+00  0.00000E+00 -0.81123E-03 -0.13415E-02 -0.24809E-02 -0.19679E-02 -0.13337E-02 -0.65775E-03
        0.8858  0.00000E+00  0.00000E+00  0.00000E+00  0.00000E+00  0.00000E+00  0.00000E+00  0.10117E-02  0.90437E-03  0.87123E-03  0.00000E+00  0.00000E+00 -0.18687E-02      22  0.88270E-03  0.00000E+00  0.00000E+00 -0.42390E-03 -0.13627E-02 -0.19619E-02 -0.20660E-02 -0.11837E-02 -0.71693E-03
        0.9358  0.00000E+00  0.00000E+00  0.00000E+00  0.00000E+00  0.00000E+00  0.00000E+00  0.10138E-02  0.90434E-03  0.87138E-03  0.00000E+00  0.00000E+00 -0.18777E-02      23  0.88271E-03  0.00000E+00  0.00000E+00 -0.12335E-03 -0.13689E-02 -0.14853E-02 -0.21403E-02 -0.10159E-02 -0.76773E-03
        0.9679  0.00000E+00  0.00000E+00  0.00000E+00  0.00000E+00  0.00000E+00  0.00000E+00  0.10147E-02  0.90435E-03  0.87148E-03  0.00000E+00  0.00000E+00 -0.18784E-02      24  0.88271E-03  0.00000E+00  0.00000E+00 -0.83406E-05 -0.13692E-02 -0.12114E-02 -0.21792E-02 -0.90809E-03 -0.79687E-03
        1.0000  0.00000E+00  0.00000E+00  0.00000E+00  0.00000E+00  0.00000E+00  0.00000E+00  0.10149E-02  0.90432E-03  0.87160E-03  0.00000E+00  0.00000E+00 -0.18781E-02      25  0.88272E-03  0.00000E+00  0.00000E+00  0.36248E-04 -0.13680E-02 -0.99591E-03 -0.22111E-02 -0.80641E-03 -0.82274E-03
end
