 All solute fluxes and cumulative solute fluxes are positive into the region

       Time         cvTop        cvBot      Sum(cvTop)   Sum(cvBot)     cvCh0        cvCh1         cTop        cRoot         cBot        cvRoot    Sum(cvRoot)  Sum(cvNEql) TLevel      cGWL        cRunOff   Sum(cRunOff)    (cv(i),    Sum(cv(i)), i=1,NObs)
        [T]        [M/L2/T]     [M/L2/T]      [M/L2]       [M/L2]       [M/L2]      [M/L2]        [M/L3]      [M/L3]        [M/L3]      [M/L2/T]      [M/L2]       [M/L2]              [M/L3]        [M/L2]      [M/L3]      [M/L2/T]      [M/L2]
        0.0100  0.00000E+00 -0.18486E-03  0.00000E+00 -0.18486E-05  0.00000E+00  0.00000E+00  0.10322E-02  0.90420E-03  0.87975E-03  0.18011E-04  0.18011E-06 -0.87785E-04       1  0.88310E-03  0.00000E+00  0.00000E+00  0.14667E-04  0.14667E-06 -0.41319E-04 -0.41319E-06 -0.46578E-04 -0.46578E-06
        0.0200  0.00000E+00  0.00000E+00  0.00000E+00 -0.18486E-05  0.00000E+00  0.00000E+00  0.10198E-02  0.90484E-03  0.87743E-03  0.18028E-04  0.36039E-06 -0.62626E-04       2  0.88306E-03  0.00000E+00  0.00000E+00  0.13660E-04  0.28326E-06 -0.41446E-04 -0.82764E-06 -0.47210E-04 -0.93788E-06
        0.0330  0.00000E+00  0.00000E+00  0.00000E+00 -0.18486E-05  0.00000E+00  0.00000E+00  0.10238E-02  0.90460E-03  0.87832E-03  0.18022E-04  0.59467E-06 -0.72161E-04       3  0.88309E-03  0.00000E+00  0.00000E+00  0.94703E-05  0.40638E-06 -0.42142E-04 -0.13755E-05 -0.48001E-04 -0.15619E-05
        0.0499  0.00000E+00 -0.36474E-05  0.00000E+00 -0.19102E-05  0.00000E+00  0.00000E+00  0.10220E-02  0.90469E-03  0.87996E-03  0.18024E-04  0.89928E-06 -0.66629E-04       4  0.88310E-03  0.00000E+00  0.00000E+00  0.23890E-05  0.44675E-06 -0.43704E-04 -0.21141E-05 -0.48904E-04 -0.23884E-05
        0.0719  0.00000E+00 -0.30925E-04  0.00000E+00 -0.25896E-05  0.00000E+00  0.00000E+00  0.10229E-02  0.90465E-03  0.87982E-03  0.18023E-04  0.12952E-05 -0.66230E-04       5  0.88310E-03  0.00000E+00  0.00000E+00 -0.56398E-05  0.32285E-06 -0.47654E-04 -0.31610E-05 -0.50063E-04 -0.34883E-05
        0.1004  0.00000E+00 -0.71578E-04  0.00000E+00 -0.46339E-05  0.00000E+00  0.00000E+00  0.10222E-02  0.90467E-03  0.87991E-03  0.18024E-04  0.18100E-05 -0.62353E-04       6  0.88310E-03  0.00000E+00  0.00000E+00 -0.19973E-04 -0.24760E-06 -0.56373E-04 -0.47711E-05 -0.51930E-04 -0.49715E-05
        0.1376  0.00000E+00 -0.10114E-03  0.00000E+00 -0.83894E-05  0.00000E+00  0.00000E+00  0.10226E-02  0.90465E-03  0.87988E-03  0.18023E-04  0.24792E-05 -0.61440E-04       7  0.88310E-03  0.00000E+00  0.00000E+00 -0.45085E-04 -0.19216E-05 -0.74518E-04 -0.75379E-05 -0.55635E-04 -0.70371E-05
        0.1858  0.00000E+00 -0.12191E-03  0.00000E+00 -0.14274E-04  0.00000E+00  0.00000E+00  0.10221E-02  0.90466E-03  0.87992E-03  0.18023E-04  0.33492E-05 -0.60980E-04       8  0.88310E-03  0.00000E+00  0.00000E+00 -0.86374E-04 -0.60907E-05 -0.10967E-03 -0.12832E-04 -0.63665E-04 -0.10110E-04
        0.2358  0.00000E+00 -0.13436E-03  0.00000E+00 -0.20992E-04  0.00000E+00  0.00000E+00  0.10221E-02  0.90465E-03  0.87990E-03  0.18023E-04  0.42503E-05 -0.65353E-04       9  0.88310E-03  0.00000E+00  0.00000E+00 -0.13670E-03 -0.12926E-04 -0.15728E-03 -0.20696E-04 -0.75966E-04 -0.13908E-04
        0.2858  0.00000E+00 -0.14015E-03  0.00000E+00 -0.27999E-04  0.00000E+00  0.00000E+00  0.10217E-02  0.90465E-03  0.87992E-03  0.18023E-04  0.51515E-05 -0.71332E-04      10  0.88310E-03  0.00000E+00  0.00000E+00 -0.17849E-03 -0.21850E-04 -0.20882E-03 -0.31137E-04 -0.91547E-04 -0.18486E-04
        0.3358  0.00000E+00 -0.14190E-03  0.00000E+00 -0.35094E-04  0.00000E+00  0.00000E+00  0.10218E-02  0.90464E-03  0.87991E-03  0.18023E-04  0.60526E-05 -0.76801E-04      11  0.88310E-03  0.00000E+00  0.00000E+00 -0.20554E-03 -0.32127E-04 -0.25556E-03 -0.43914E-04 -0.10404E-03 -0.23688E-04
        0.3858  0.00000E+00 -0.14131E-03  0.00000E+00 -0.42160E-04  0.00000E+00  0.00000E+00  0.10215E-02  0.90466E-03  0.87992E-03  0.18023E-04  0.69537E-05 -0.75556E-04      12  0.88310E-03  0.00000E+00  0.00000E+00 -0.22847E-03 -0.43551E-04 -0.29521E-03 -0.58675E-04 -0.10878E-03 -0.29127E-04
        0.4358  0.00000E+00 -0.13908E-03  0.00000E+00 -0.49114E-04  0.00000E+00  0.00000E+00  0.10216E-02  0.90467E-03  0.87992E-03  0.18023E-04  0.78549E-05 -0.69630E-04      13  0.88310E-03  0.00000E+00  0.00000E+00 -0.24543E-03 -0.55822E-04 -0.32559E-03 -0.74955E-04 -0.10844E-03 -0.34549E-04
        0.4858  0.00000E+00 -0.13577E-03  0.00000E+00 -0.55902E-04  0.00000E+00  0.00000E+00  0.10215E-02  0.90469E-03  0.87992E-03  0.18024E-04  0.87561E-05 -0.59418E-04      14  0.88310E-03  0.00000E+00  0.00000E+00 -0.25385E-03 -0.68515E-04 -0.34623E-03 -0.92266E-04 -0.10457E-03 -0.39778E-04
        0.5358  0.00000E+00 -0.13149E-03  0.00000E+00 -0.62477E-04  0.00000E+00  0.00000E+00  0.10215E-02  0.90469E-03  0.87992E-03  0.18024E-04  0.96573E-05 -0.47481E-04      15  0.88310E-03  0.00000E+00  0.00000E+00 -0.25347E-03 -0.81189E-04 -0.35634E-03 -0.11008E-03 -0.99392E-04 -0.44747E-04
        0.5858  0.00000E+00 -0.12634E-03  0.00000E+00 -0.68794E-04  0.00000E+00  0.00000E+00  0.10215E-02  0.90470E-03  0.87992E-03  0.18024E-04  0.10559E-04 -0.35146E-04      16  0.88310E-03  0.00000E+00  0.00000E+00 -0.24385E-03 -0.93381E-04 -0.35558E-03 -0.12786E-03 -0.94978E-04 -0.49496E-04
        0.6358  0.00000E+00 -0.12040E-03  0.00000E+00 -0.74814E-04  0.00000E+00  0.00000E+00  0.10216E-02  0.90470E-03  0.87992E-03  0.18024E-04  0.11460E-04 -0.24927E-04      17  0.88310E-03  0.00000E+00  0.00000E+00 -0.22634E-03 -0.10470E-03 -0.34549E-03 -0.14514E-03 -0.92708E-04 -0.54132E-04
        0.6858  0.00000E+00 -0.11389E-03  0.00000E+00 -0.80508E-04  0.00000E+00  0.00000E+00  0.10216E-02  0.90469E-03  0.87992E-03  0.18024E-04  0.12361E-04 -0.18194E-04      18  0.88310E-03  0.00000E+00  0.00000E+00 -0.20250E-03 -0.11482E-03 -0.32792E-03 -0.16153E-03 -0.93643E-04 -0.58814E-04
        0.7358  0.00000E+00 -0.10718E-03  0.00000E+00 -0.85867E-04  0.00000E+00  0.00000E+00  0.10218E-02  0.90468E-03  0.87992E-03  0.18024E-04  0.13262E-04 -0.16754E-04      19  0.88310E-03  0.00000E+00  0.00000E+00 -0.17502E-03 -0.12357E-03 -0.30534E-03 -0.17680E-03 -0.98376E-04 -0.63732E-04
        0.7858  0.00000E+00 -0.10056E-03  0.00000E+00 -0.90896E-04  0.00000E+00  0.00000E+00  0.10220E-02  0.90466E-03  0.87992E-03  0.18023E-04  0.14163E-04 -0.19809E-04      20  0.88310E-03  0.00000E+00  0.00000E+00 -0.12124E-03 -0.12964E-03 -0.26916E-03 -0.19026E-03 -0.10504E-03 -0.68984E-04
        0.8358  0.00000E+00 -0.94485E-04  0.00000E+00 -0.95620E-04  0.00000E+00  0.00000E+00  0.10222E-02  0.90465E-03  0.87992E-03  0.18023E-04  0.15064E-04 -0.20665E-04      21  0.88310E-03  0.00000E+00  0.00000E+00 -0.71564E-04 -0.13321E-03 -0.22599E-03 -0.20156E-03 -0.10244E-03 -0.74106E-04
        0.8858  0.00000E+00 -0.89233E-04  0.00000E+00 -0.10008E-03  0.00000E+00  0.00000E+00  0.10224E-02  0.90467E-03  0.87992E-03  0.18023E-04  0.15966E-04 -0.18484E-04      22  0.88310E-03  0.00000E+00  0.00000E+00 -0.31032E-04 -0.13477E-03 -0.17976E-03 -0.21054E-03 -0.94728E-04 -0.78843E-04
        0.9358  0.00000E+00 -0.84808E-04  0.00000E+00 -0.10432E-03  0.00000E+00  0.00000E+00  0.10225E-02  0.90466E-03  0.87992E-03  0.18023E-04  0.16867E-04 -0.15128E-04      23  0.88310E-03  0.00000E+00  0.00000E+00 -0.33274E-05 -0.13493E-03 -0.13709E-03 -0.21740E-03 -0.83254E-04 -0.83005E-04
        0.9679  0.00000E+00 -0.81647E-04  0.00000E+00 -0.10694E-03  0.00000E+00  0.00000E+00  0.10225E-02  0.90467E-03  0.87992E-03  0.18023E-04  0.17445E-04 -0.12276E-04      24  0.88310E-03  0.00000E+00  0.00000E+00  0.92484E-05 -0.13464E-03 -0.11258E-03 -0.22101E-03 -0.75351E-04 -0.85423E-04
        1.0000  0.00000E+00 -0.79605E-04  0.00000E+00 -0.10950E-03  0.00000E+00  0.00000E+00  0.10225E-02  0.90466E-03  0.87992E-03  0.18023E-04  0.18023E-04 -0.96513E-05      25  0.88310E-03  0.00000E+00  0.00000E+00  0.15107E-04 -0.13415E-03 -0.92913E-04 -0.22399E-03 -0.67266E-04 -0.87581E-04
end
