 All solute fluxes and cumulative solute fluxes are positive into the region

       Time         cvTop        cvBot      Sum(cvTop)   Sum(cvBot)     cvCh0        cvCh1         cTop        cRoot         cBot        cvRoot    Sum(cvRoot)  Sum(cvNEql) TLevel      cGWL        cRunOff   Sum(cRunOff)    (cv(i),    Sum(cv(i)), i=1,NObs)
        [T]        [M/L2/T]     [M/L2/T]      [M/L2]       [M/L2]       [M/L2]      [M/L2]        [M/L3]      [M/L3]        [M/L3]      [M/L2/T]      [M/L2]       [M/L2]              [M/L3]        [M/L2]      [M/L3]      [M/L2/T]      [M/L2]
        0.0100  0.00000E+00 -0.70301E-03  0.00000E+00 -0.70301E-05  0.00000E+00  0.00000E+00  0.87871E-03  0.88357E-03  0.88160E-03  0.43140E-05  0.43140E-07  0.29880E-06       1  0.88308E-03  0.00000E+00  0.00000E+00  0.10145E-03  0.10145E-05  0.16337E-03  0.16337E-05  0.98076E-04  0.98076E-06
        0.0200  0.00000E+00 -0.80884E-03  0.00000E+00 -0.15118E-04  0.00000E+00  0.00000E+00  0.87854E-03  0.88327E-03  0.88162E-03  0.43126E-05  0.86265E-07  0.28356E-05       2  0.88307E-03  0.00000E+00  0.00000E+00  0.91375E-04  0.19283E-05  0.15590E-03  0.31927E-05  0.94738E-04  0.19281E-05
        0.0330  0.00000E+00 -0.74119E-03  0.00000E+00 -0.24754E-04  0.00000E+00  0.00000E+00  0.87831E-03  0.88337E-03  0.88160E-03  0.43130E-05  0.14233E-06  0.41322E-05       3  0.88307E-03  0.00000E+00  0.00000E+00  0.66340E-04  0.27907E-05  0.14446E-03  0.50708E-05  0.89815E-04  0.30957E-05
        0.0499  0.00000E+00 -0.68927E-03  0.00000E+00 -0.36403E-04  0.00000E+00  0.00000E+00  0.87783E-03  0.88333E-03  0.88160E-03  0.43129E-05  0.21522E-06  0.55254E-05       4  0.88307E-03  0.00000E+00  0.00000E+00  0.14554E-04  0.30366E-05  0.12861E-03  0.72443E-05  0.83070E-04  0.44996E-05
        0.0719  0.00000E+00 -0.65177E-03  0.00000E+00 -0.50722E-04  0.00000E+00  0.00000E+00  0.87696E-03  0.88334E-03  0.88160E-03  0.43129E-05  0.30998E-06  0.54353E-05       5  0.88307E-03  0.00000E+00  0.00000E+00 -0.65147E-04  0.16054E-05  0.10265E-03  0.94995E-05  0.72829E-04  0.60997E-05
        0.1004  0.00000E+00 -0.61772E-03  0.00000E+00 -0.68365E-04  0.00000E+00  0.00000E+00  0.87564E-03  0.88333E-03  0.88159E-03  0.43128E-05  0.43316E-06  0.79906E-06       6  0.88307E-03  0.00000E+00  0.00000E+00 -0.18796E-03 -0.37629E-05  0.56450E-04  0.11112E-04  0.55484E-04  0.76844E-05
        0.1376  0.00000E+00 -0.58544E-03  0.00000E+00 -0.90101E-04  0.00000E+00  0.00000E+00  0.87377E-03  0.88333E-03  0.88159E-03  0.43129E-05  0.59329E-06 -0.15424E-04       7  0.88307E-03  0.00000E+00  0.00000E+00 -0.36705E-03 -0.17391E-04 -0.31040E-04  0.99592E-05  0.22014E-04  0.85017E-05
        0.1858  0.00000E+00 -0.55228E-03  0.00000E+00 -0.11676E-03  0.00000E+00  0.00000E+00  0.87133E-03  0.88331E-03  0.88159E-03  0.43128E-05  0.80146E-06 -0.58231E-04       8  0.88307E-03  0.00000E+00  0.00000E+00 -0.60053E-03 -0.46377E-04 -0.20297E-03  0.16223E-06 -0.48882E-04  0.61423E-05
        0.2358  0.00000E+00 -0.52017E-03  0.00000E+00 -0.14277E-03  0.00000E+00  0.00000E+00  0.86916E-03  0.88329E-03  0.88159E-03  0.43127E-05  0.10171E-05 -0.12941E-03       9  0.88307E-03  0.00000E+00  0.00000E+00 -0.83293E-03 -0.88024E-04 -0.45167E-03 -0.22421E-04 -0.16046E-03 -0.18808E-05
        0.2858  0.00000E+00 -0.49162E-03  0.00000E+00 -0.16735E-03  0.00000E+00  0.00000E+00  0.86776E-03  0.88329E-03  0.88159E-03  0.43127E-05  0.12327E-05 -0.22105E-03      10  0.88307E-03  0.00000E+00  0.00000E+00 -0.97947E-03 -0.13700E-03 -0.73556E-03 -0.59199E-04 -0.30958E-03 -0.17360E-04
        0.3358  0.00000E+00 -0.46626E-03  0.00000E+00 -0.19066E-03  0.00000E+00  0.00000E+00  0.86710E-03  0.88333E-03  0.88159E-03  0.43129E-05  0.14484E-05 -0.32204E-03      11  0.88307E-03  0.00000E+00  0.00000E+00 -0.10453E-02 -0.18926E-03 -0.99550E-03 -0.10897E-03 -0.48053E-03 -0.41387E-04
        0.3858  0.00000E+00 -0.44360E-03  0.00000E+00 -0.21284E-03  0.00000E+00  0.00000E+00  0.86642E-03  0.88336E-03  0.88159E-03  0.43130E-05  0.16640E-05 -0.42942E-03      12  0.88307E-03  0.00000E+00  0.00000E+00 -0.10885E-02 -0.24369E-03 -0.12186E-02 -0.16990E-03 -0.65962E-03 -0.74367E-04
        0.4358  0.00000E+00 -0.42358E-03  0.00000E+00 -0.23402E-03  0.00000E+00  0.00000E+00  0.86603E-03  0.88336E-03  0.88158E-03  0.43130E-05  0.18797E-05 -0.54167E-03      13  0.88307E-03  0.00000E+00  0.00000E+00 -0.11243E-02 -0.29990E-03 -0.13944E-02 -0.23962E-03 -0.83516E-03 -0.11613E-03
        0.4858  0.00000E+00 -0.40633E-03  0.00000E+00 -0.25434E-03  0.00000E+00  0.00000E+00  0.86572E-03  0.88339E-03  0.88158E-03  0.43131E-05  0.20953E-05 -0.65569E-03      14  0.88307E-03  0.00000E+00  0.00000E+00 -0.11275E-02 -0.35628E-03 -0.15507E-02 -0.31715E-03 -0.99577E-03 -0.16591E-03
        0.5358  0.00000E+00 -0.39218E-03  0.00000E+00 -0.27395E-03  0.00000E+00  0.00000E+00  0.86558E-03  0.88338E-03  0.88158E-03  0.43131E-05  0.23110E-05 -0.76911E-03      15  0.88307E-03  0.00000E+00  0.00000E+00 -0.11211E-02 -0.41233E-03 -0.16763E-02 -0.40097E-03 -0.11352E-02 -0.22268E-03
        0.5858  0.00000E+00 -0.38146E-03  0.00000E+00 -0.29302E-03  0.00000E+00  0.00000E+00  0.86560E-03  0.88342E-03  0.88158E-03  0.43132E-05  0.25266E-05 -0.87889E-03      16  0.88307E-03  0.00000E+00  0.00000E+00 -0.10839E-02 -0.46653E-03 -0.17415E-02 -0.48804E-03 -0.12526E-02 -0.28530E-03
        0.6358  0.00000E+00 -0.37454E-03  0.00000E+00 -0.31175E-03  0.00000E+00  0.00000E+00  0.86577E-03  0.88339E-03  0.88159E-03  0.43131E-05  0.27423E-05 -0.98294E-03      17  0.88307E-03  0.00000E+00  0.00000E+00 -0.10367E-02 -0.51836E-03 -0.17601E-02 -0.57605E-03 -0.13370E-02 -0.35216E-03
        0.6858  0.00000E+00 -0.37172E-03  0.00000E+00 -0.33033E-03  0.00000E+00  0.00000E+00  0.86607E-03  0.88341E-03  0.88159E-03  0.43132E-05  0.29580E-05 -0.10793E-02      18  0.88307E-03  0.00000E+00  0.00000E+00 -0.96746E-03 -0.56673E-03 -0.17345E-02 -0.66277E-03 -0.13887E-02 -0.42159E-03
        0.7358  0.00000E+00 -0.37318E-03  0.00000E+00 -0.34899E-03  0.00000E+00  0.00000E+00  0.86646E-03  0.88338E-03  0.88159E-03  0.43130E-05  0.31736E-05 -0.11670E-02      19  0.88307E-03  0.00000E+00  0.00000E+00 -0.89385E-03 -0.61142E-03 -0.16772E-02 -0.74664E-03 -0.14081E-02 -0.49200E-03
        0.7858  0.00000E+00 -0.37905E-03  0.00000E+00 -0.36794E-03  0.00000E+00  0.00000E+00  0.86816E-03  0.88338E-03  0.88159E-03  0.43130E-05  0.33893E-05 -0.12299E-02      20  0.88307E-03  0.00000E+00  0.00000E+00 -0.67496E-03 -0.64517E-03 -0.14983E-02 -0.82155E-03 -0.13686E-02 -0.56043E-03
        0.8358  0.00000E+00 -0.38926E-03  0.00000E+00 -0.38741E-03  0.00000E+00  0.00000E+00  0.86988E-03  0.88344E-03  0.88160E-03  0.43133E-05  0.36049E-05 -0.12659E-02      21  0.88307E-03  0.00000E+00  0.00000E+00 -0.44488E-03 -0.66742E-03 -0.12541E-02 -0.88426E-03 -0.12727E-02 -0.62406E-03
        0.8858  0.00000E+00 -0.40356E-03  0.00000E+00 -0.40758E-03  0.00000E+00  0.00000E+00  0.87178E-03  0.88337E-03  0.88160E-03  0.43130E-05  0.38206E-05 -0.12813E-02      22  0.88307E-03  0.00000E+00  0.00000E+00 -0.21672E-03 -0.67825E-03 -0.99050E-03 -0.93378E-03 -0.11382E-02 -0.68097E-03
        0.9358  0.00000E+00 -0.42144E-03  0.00000E+00 -0.42866E-03  0.00000E+00  0.00000E+00  0.87340E-03  0.88340E-03  0.88160E-03  0.43132E-05  0.40362E-05 -0.12808E-02      23  0.88307E-03  0.00000E+00  0.00000E+00 -0.28452E-04 -0.67967E-03 -0.75284E-03 -0.97142E-03 -0.98938E-03 -0.73044E-03
        0.9679  0.00000E+00 -0.43794E-03  0.00000E+00 -0.44271E-03  0.00000E+00  0.00000E+00  0.87434E-03  0.88335E-03  0.88161E-03  0.43129E-05  0.41746E-05 -0.12773E-02      24  0.88307E-03  0.00000E+00  0.00000E+00  0.78353E-04 -0.67716E-03 -0.61870E-03 -0.99127E-03 -0.89445E-03 -0.75914E-03
        1.0000  0.00000E+00 -0.45202E-03  0.00000E+00 -0.45721E-03  0.00000E+00  0.00000E+00  0.87483E-03  0.88336E-03  0.88161E-03  0.43130E-05  0.43130E-05 -0.12724E-02      25  0.88307E-03  0.00000E+00  0.00000E+00  0.11909E-03 -0.67334E-03 -0.51056E-03 -0.10077E-02 -0.80515E-03 -0.78498E-03
end
