 All solute fluxes and cumulative solute fluxes are positive into the region

       Time         cvTop        cvBot      Sum(cvTop)   Sum(cvBot)     cvCh0        cvCh1         cTop        cRoot         cBot        cvRoot    Sum(cvRoot)  Sum(cvNEql) TLevel      cGWL        cRunOff   Sum(cRunOff)    (cv(i),    Sum(cv(i)), i=1,NObs)
        [T]        [M/L2/T]     [M/L2/T]      [M/L2]       [M/L2]       [M/L2]      [M/L2]        [M/L3]      [M/L3]        [M/L3]      [M/L2/T]      [M/L2]       [M/L2]              [M/L3]        [M/L2]      [M/L3]      [M/L2/T]      [M/L2]
        0.0100  0.00000E+00 -0.38221E-04  0.00000E+00 -0.38221E-06  0.00000E+00  0.00000E+00  0.10280E-02  0.90331E-03  0.87814E-03  0.31078E-04  0.31078E-06 -0.59745E-05       1  0.88308E-03  0.00000E+00  0.00000E+00  0.23894E-04  0.23894E-06 -0.78904E-04 -0.78904E-06 -0.59789E-04 -0.59789E-06
        0.0230  0.00000E+00  0.00000E+00  0.00000E+00 -0.38221E-06  0.00000E+00  0.00000E+00  0.10278E-02  0.90331E-03  0.87645E-03  0.31078E-04  0.71479E-06 -0.81978E-05       2  0.88305E-03  0.00000E+00  0.00000E+00  0.23400E-04  0.54314E-06 -0.72960E-04 -0.17375E-05 -0.56854E-04 -0.13370E-05
        0.0399  0.00000E+00  0.00000E+00  0.00000E+00 -0.38221E-06  0.00000E+00  0.00000E+00  0.10279E-02  0.90331E-03  0.87739E-03  0.31078E-04  0.12400E-05 -0.11080E-04       3  0.88307E-03  0.00000E+00  0.00000E+00  0.22099E-04  0.91662E-06 -0.65460E-04 -0.28438E-05 -0.52737E-04 -0.22283E-05
        0.0619  0.00000E+00  0.00000E+00  0.00000E+00 -0.38221E-06  0.00000E+00  0.00000E+00  0.10278E-02  0.90331E-03  0.87772E-03  0.31078E-04  0.19228E-05 -0.13145E-04       4  0.88307E-03  0.00000E+00  0.00000E+00  0.19410E-04  0.13431E-05 -0.57997E-04 -0.41180E-05 -0.48007E-04 -0.32830E-05
        0.0904  0.00000E+00  0.00000E+00  0.00000E+00 -0.38221E-06  0.00000E+00  0.00000E+00  0.10278E-02  0.90331E-03  0.87809E-03  0.31078E-04  0.28104E-05 -0.15201E-04       5  0.88308E-03  0.00000E+00  0.00000E+00  0.14265E-04  0.17505E-05 -0.50881E-04 -0.55712E-05 -0.42515E-04 -0.44972E-05
        0.1276  0.00000E+00  0.00000E+00  0.00000E+00 -0.38221E-06  0.00000E+00  0.00000E+00  0.10277E-02  0.90331E-03  0.87833E-03  0.31078E-04  0.39643E-05 -0.16795E-04       6  0.88308E-03  0.00000E+00  0.00000E+00  0.50191E-05  0.19368E-05 -0.45527E-04 -0.72616E-05 -0.36676E-04 -0.58590E-05
        0.1758  0.00000E+00  0.00000E+00  0.00000E+00 -0.38221E-06  0.00000E+00  0.00000E+00  0.10277E-02  0.90331E-03  0.87856E-03  0.31078E-04  0.54643E-05 -0.18461E-04       7  0.88309E-03  0.00000E+00  0.00000E+00 -0.57383E-05  0.16599E-05 -0.43695E-04 -0.93706E-05 -0.31043E-04 -0.73574E-05
        0.2258  0.00000E+00  0.00000E+00  0.00000E+00 -0.38221E-06  0.00000E+00  0.00000E+00  0.10276E-02  0.90331E-03  0.87870E-03  0.31078E-04  0.70182E-05 -0.19964E-04       8  0.88309E-03  0.00000E+00  0.00000E+00 -0.17664E-04  0.77665E-06 -0.46323E-04 -0.11687E-04 -0.26988E-04 -0.87068E-05
        0.2758  0.00000E+00  0.00000E+00  0.00000E+00 -0.38221E-06  0.00000E+00  0.00000E+00  0.10276E-02  0.90331E-03  0.87881E-03  0.31077E-04  0.85721E-05 -0.21080E-04       9  0.88309E-03  0.00000E+00  0.00000E+00 -0.18482E-04 -0.14746E-06 -0.47427E-04 -0.14058E-04 -0.24010E-04 -0.99073E-05
        0.3258  0.00000E+00  0.00000E+00  0.00000E+00 -0.38221E-06  0.00000E+00  0.00000E+00  0.10279E-02  0.90331E-03  0.87888E-03  0.31077E-04  0.10126E-04 -0.17675E-04      10  0.88309E-03  0.00000E+00  0.00000E+00  0.24723E-04  0.10887E-05 -0.33280E-04 -0.15722E-04 -0.16079E-04 -0.10711E-04
        0.3758  0.00000E+00  0.00000E+00  0.00000E+00 -0.38221E-06  0.00000E+00  0.00000E+00  0.10284E-02  0.90332E-03  0.87894E-03  0.31078E-04  0.11680E-04 -0.36381E-05      11  0.88309E-03  0.00000E+00  0.00000E+00  0.69910E-04  0.45842E-05 -0.10408E-04 -0.16243E-04  0.44283E-05 -0.10490E-04
        0.4258  0.00000E+00  0.00000E+00  0.00000E+00 -0.38221E-06  0.00000E+00  0.00000E+00  0.10289E-02  0.90335E-03  0.87897E-03  0.31079E-04  0.13234E-04  0.19903E-04      12  0.88309E-03  0.00000E+00  0.00000E+00  0.10044E-03  0.96063E-05 -0.70070E-06 -0.16278E-04  0.30505E-04 -0.89646E-05
        0.4758  0.00000E+00  0.00000E+00  0.00000E+00 -0.38221E-06  0.00000E+00  0.00000E+00  0.10292E-02  0.90336E-03  0.87899E-03  0.31079E-04  0.14788E-04  0.49481E-04      13  0.88309E-03  0.00000E+00  0.00000E+00  0.11584E-03  0.15398E-04  0.59984E-05 -0.15978E-04  0.59928E-04 -0.59682E-05
        0.5258  0.00000E+00  0.00000E+00  0.00000E+00 -0.38221E-06  0.00000E+00  0.00000E+00  0.10292E-02  0.90337E-03  0.87898E-03  0.31080E-04  0.16342E-04  0.82178E-04      14  0.88309E-03  0.00000E+00  0.00000E+00  0.11504E-03  0.21150E-04  0.11802E-04 -0.15388E-04  0.88126E-04 -0.15619E-05
        0.5758  0.00000E+00  0.00000E+00  0.00000E+00 -0.38221E-06  0.00000E+00  0.00000E+00  0.10291E-02  0.90338E-03  0.87896E-03  0.31080E-04  0.17896E-04  0.11389E-03      15  0.88309E-03  0.00000E+00  0.00000E+00  0.98587E-04  0.26079E-04  0.16154E-04 -0.14580E-04  0.11039E-03  0.39578E-05
        0.6258  0.00000E+00  0.00000E+00  0.00000E+00 -0.38221E-06  0.00000E+00  0.00000E+00  0.10287E-02  0.90338E-03  0.87891E-03  0.31080E-04  0.19450E-04  0.14132E-03      16  0.88309E-03  0.00000E+00  0.00000E+00  0.67191E-04  0.29439E-04  0.18302E-04 -0.13665E-04  0.12552E-03  0.10234E-04
        0.6758  0.00000E+00  0.00000E+00  0.00000E+00 -0.38221E-06  0.00000E+00  0.00000E+00  0.10282E-02  0.90337E-03  0.87884E-03  0.31080E-04  0.21004E-04  0.16101E-03      17  0.88309E-03  0.00000E+00  0.00000E+00  0.22492E-04  0.30564E-04  0.18090E-04 -0.12760E-04  0.13004E-03  0.16736E-04
        0.7258  0.00000E+00  0.00000E+00  0.00000E+00 -0.38221E-06  0.00000E+00  0.00000E+00  0.10278E-02  0.90336E-03  0.87876E-03  0.31079E-04  0.22558E-04  0.17069E-03      18  0.88309E-03  0.00000E+00  0.00000E+00 -0.20100E-04  0.29559E-04  0.15373E-04 -0.11992E-04  0.12348E-03  0.22910E-04
        0.7758  0.00000E+00  0.00000E+00  0.00000E+00 -0.38221E-06  0.00000E+00  0.00000E+00  0.10278E-02  0.90334E-03  0.87867E-03  0.31079E-04  0.24112E-04  0.17091E-03      19  0.88309E-03  0.00000E+00  0.00000E+00 -0.17712E-04  0.28673E-04  0.13681E-04 -0.11308E-04  0.10861E-03  0.28341E-04
        0.8258  0.00000E+00  0.00000E+00  0.00000E+00 -0.38221E-06  0.00000E+00  0.00000E+00  0.10278E-02  0.90332E-03  0.87858E-03  0.31078E-04  0.25666E-04  0.16901E-03      20  0.88308E-03  0.00000E+00  0.00000E+00 -0.56328E-05  0.28391E-04  0.12732E-04 -0.10671E-04  0.96815E-04  0.33181E-04
        0.8758  0.00000E+00  0.00000E+00  0.00000E+00 -0.38221E-06  0.00000E+00  0.00000E+00  0.10280E-02  0.90332E-03  0.87849E-03  0.31078E-04  0.27219E-04  0.16760E-03      21  0.88308E-03  0.00000E+00  0.00000E+00  0.56745E-05  0.28675E-04  0.12450E-04 -0.10048E-04  0.88225E-04  0.37593E-04
        0.9258  0.00000E+00  0.00000E+00  0.00000E+00 -0.38221E-06  0.00000E+00  0.00000E+00  0.10282E-02  0.90332E-03  0.87841E-03  0.31078E-04  0.28773E-04  0.16610E-03      22  0.88308E-03  0.00000E+00  0.00000E+00  0.16811E-04  0.29516E-04  0.12457E-04 -0.94255E-05  0.82244E-04  0.41705E-04
        0.9629  0.00000E+00  0.00000E+00  0.00000E+00 -0.38221E-06  0.00000E+00  0.00000E+00  0.10282E-02  0.90332E-03  0.87835E-03  0.31078E-04  0.29926E-04  0.16509E-03      23  0.88308E-03  0.00000E+00  0.00000E+00  0.21589E-04  0.30316E-04  0.12476E-04 -0.89628E-05  0.78777E-04  0.44626E-04
        1.0000  0.00000E+00  0.00000E+00  0.00000E+00 -0.38221E-06  0.00000E+00  0.00000E+00  0.10283E-02  0.90332E-03  0.87830E-03  0.31078E-04  0.31078E-04  0.16386E-03      24  0.88308E-03  0.00000E+00  0.00000E+00  0.23167E-04  0.31176E-04  0.12412E-04 -0.85025E-05  0.76124E-04  0.47449E-04
end
