 ******* Program HYDRUS
 ******* 
 Welcome to HYDRUS-1D                                                    
 Date:  28. 3.2022    Time:   9:26:23
 Units: L = cm   , T = days , M = mg   

----------------------------------------------------------
 Time       [T]        0.0000
----------------------------------------------------------
 Sub-region num.                     1
----------------------------------------------------------
 Length   [L]        0.30000E+03  0.30000E+03
 W-volume [L]        0.10193E+03  0.10193E+03
 In-flow  [L/T]      0.00000E+00  0.00000E+00
 h Mean   [L]       -0.65348E+02 -0.65348E+02
 ConcVol  [M/L2] 1   0.91049E-01  0.91049E-01
 cMean    [M/L3] 1   0.89517E-03  0.89517E-03
 SorbVolIm[M/L2] 1   0.46730E+02  0.46730E+02
 sMeanIm  [-]    1   0.10742E+00  0.10742E+00
 Top Flux [L/T]      0.26061E-01
 Bot Flux [L/T]      0.86877E-01
----------------------------------------------------------

----------------------------------------------------------
 Time       [T]        1.0000
----------------------------------------------------------
 Sub-region num.                     1
----------------------------------------------------------
 Length   [L]        0.30000E+03  0.30000E+03
 W-volume [L]        0.10646E+03  0.10646E+03
 In-flow  [L/T]     -0.48948E+01 -0.48948E+01
 h Mean   [L]       -0.31013E+02 -0.31013E+02
 ConcVol  [M/L2] 1   0.95186E-01  0.95186E-01
 cMean    [M/L3] 1   0.89512E-03  0.89512E-03
 SorbVolIm[M/L2] 1   0.46724E+02  0.46724E+02
 sMeanIm  [-]    1   0.10741E+00  0.10741E+00
 Top Flux [L/T]     -0.79769E-01
 Bot Flux [L/T]     -0.48364E+01
 WatBalT  [L]       -0.33379E-05
 WatBalR  [%]              0.000
 CncBalT  [M]    1   0.13351E-03
 CncBalR  [%]    1         3.227
----------------------------------------------------------
 
 Calculation time [sec]  0.000000000000000E+000
