 All solute fluxes and cumulative solute fluxes are positive into the region

       Time         cvTop        cvBot      Sum(cvTop)   Sum(cvBot)     cvCh0        cvCh1         cTop        cRoot         cBot        cvRoot    Sum(cvRoot)  Sum(cvNEql) TLevel      cGWL        cRunOff   Sum(cRunOff)    (cv(i),    Sum(cv(i)), i=1,NObs)
        [T]        [M/L2/T]     [M/L2/T]      [M/L2]       [M/L2]       [M/L2]      [M/L2]        [M/L3]      [M/L3]        [M/L3]      [M/L2/T]      [M/L2]       [M/L2]              [M/L3]        [M/L2]      [M/L3]      [M/L2/T]      [M/L2]
        0.0100  0.00000E+00  0.00000E+00  0.00000E+00  0.00000E+00  0.00000E+00  0.00000E+00  0.10248E-02  0.91496E-03  0.87620E-03  0.93945E-04  0.93945E-06 -0.60419E-05       1  0.88314E-03  0.00000E+00  0.00000E+00  0.34976E-04  0.34976E-06 -0.21971E-04 -0.21971E-06  0.16629E-03  0.16629E-05
        0.0200  0.00000E+00  0.00000E+00  0.00000E+00  0.00000E+00  0.00000E+00  0.00000E+00  0.10245E-02  0.91498E-03  0.87635E-03  0.93945E-04  0.18789E-05 -0.63005E-05       2  0.88314E-03  0.00000E+00  0.00000E+00  0.34060E-04  0.69036E-06 -0.21930E-04 -0.43901E-06  0.16429E-03  0.33058E-05
        0.0330  0.00000E+00  0.00000E+00  0.00000E+00  0.00000E+00  0.00000E+00  0.00000E+00  0.10246E-02  0.91497E-03  0.87627E-03  0.93945E-04  0.31002E-05 -0.84306E-05       3  0.88314E-03  0.00000E+00  0.00000E+00  0.31700E-04  0.11025E-05 -0.21819E-04 -0.72266E-06  0.16139E-03  0.54039E-05
        0.0499  0.00000E+00  0.00000E+00  0.00000E+00  0.00000E+00  0.00000E+00  0.00000E+00  0.10245E-02  0.91497E-03  0.87620E-03  0.93945E-04  0.46879E-05 -0.10934E-04       4  0.88314E-03  0.00000E+00  0.00000E+00  0.26971E-04  0.15583E-05 -0.21638E-04 -0.10883E-05  0.15806E-03  0.80750E-05
        0.0719  0.00000E+00  0.00000E+00  0.00000E+00  0.00000E+00  0.00000E+00  0.00000E+00  0.10244E-02  0.91497E-03  0.87612E-03  0.93945E-04  0.67518E-05 -0.14643E-04       5  0.88314E-03  0.00000E+00  0.00000E+00  0.18022E-04  0.19542E-05 -0.21344E-04 -0.15573E-05  0.15383E-03  0.11455E-04
        0.1004  0.00000E+00  0.00000E+00  0.00000E+00  0.00000E+00  0.00000E+00  0.00000E+00  0.10243E-02  0.91497E-03  0.87605E-03  0.93945E-04  0.94350E-05 -0.19828E-04       6  0.88314E-03  0.00000E+00  0.00000E+00  0.50308E-05  0.20979E-05 -0.20856E-04 -0.21529E-05  0.14849E-03  0.15696E-04
        0.1376  0.00000E+00  0.00000E+00  0.00000E+00  0.00000E+00  0.00000E+00  0.00000E+00  0.10242E-02  0.91497E-03  0.87598E-03  0.93945E-04  0.12923E-04 -0.27450E-04       7  0.88314E-03  0.00000E+00  0.00000E+00 -0.25715E-05  0.20024E-05 -0.20030E-04 -0.28966E-05  0.14119E-03  0.20938E-04
        0.1858  0.00000E+00  0.00000E+00  0.00000E+00  0.00000E+00  0.00000E+00  0.00000E+00  0.10240E-02  0.91497E-03  0.87591E-03  0.93945E-04  0.17458E-04 -0.38841E-04       8  0.88313E-03  0.00000E+00  0.00000E+00 -0.14816E-04  0.12873E-05 -0.18636E-04 -0.37962E-05  0.13057E-03  0.27240E-04
        0.2358  0.00000E+00  0.00000E+00  0.00000E+00  0.00000E+00  0.00000E+00  0.00000E+00  0.10239E-02  0.91497E-03  0.87584E-03  0.93945E-04  0.22155E-04 -0.52409E-04       9  0.88313E-03  0.00000E+00  0.00000E+00 -0.28928E-04 -0.15912E-06 -0.16877E-04 -0.46400E-05  0.11802E-03  0.33141E-04
        0.2858  0.00000E+00  0.00000E+00  0.00000E+00  0.00000E+00  0.00000E+00  0.00000E+00  0.10239E-02  0.91497E-03  0.87579E-03  0.93945E-04  0.26852E-04 -0.66328E-04      10  0.88313E-03  0.00000E+00  0.00000E+00 -0.31225E-04 -0.17204E-05 -0.15500E-04 -0.54150E-05  0.10577E-03  0.38430E-04
        0.3358  0.00000E+00  0.00000E+00  0.00000E+00  0.00000E+00  0.00000E+00  0.00000E+00  0.10240E-02  0.91498E-03  0.87575E-03  0.93946E-04  0.31549E-04 -0.71575E-04      11  0.88313E-03  0.00000E+00  0.00000E+00 -0.18828E-04 -0.26617E-05 -0.15160E-04 -0.61730E-05  0.10693E-03  0.43776E-04
        0.3858  0.00000E+00  0.00000E+00  0.00000E+00  0.00000E+00  0.00000E+00  0.00000E+00  0.10242E-02  0.91501E-03  0.87570E-03  0.93950E-04  0.36247E-04 -0.58714E-04      12  0.88313E-03  0.00000E+00  0.00000E+00 -0.84512E-05 -0.30843E-05 -0.15599E-04 -0.69529E-05  0.12924E-03  0.50238E-04
        0.4358  0.00000E+00  0.00000E+00  0.00000E+00  0.00000E+00  0.00000E+00  0.00000E+00  0.10243E-02  0.91506E-03  0.87564E-03  0.93955E-04  0.40945E-04 -0.30600E-04      13  0.88313E-03  0.00000E+00  0.00000E+00 -0.11602E-05 -0.31423E-05 -0.16595E-04 -0.77827E-05  0.16307E-03  0.58391E-04
        0.4858  0.00000E+00  0.00000E+00  0.00000E+00  0.00000E+00  0.00000E+00  0.00000E+00  0.10243E-02  0.91509E-03  0.87557E-03  0.93958E-04  0.45643E-04  0.73717E-05      14  0.88313E-03  0.00000E+00  0.00000E+00  0.21809E-05 -0.30333E-05 -0.17998E-04 -0.86825E-05  0.20250E-03  0.68517E-04
        0.5358  0.00000E+00  0.00000E+00  0.00000E+00  0.00000E+00  0.00000E+00  0.00000E+00  0.10243E-02  0.91511E-03  0.87546E-03  0.93961E-04  0.50341E-04  0.49606E-04      15  0.88313E-03  0.00000E+00  0.00000E+00  0.11718E-05 -0.29747E-05 -0.19321E-04 -0.96486E-05  0.23935E-03  0.80484E-04
        0.5858  0.00000E+00  0.00000E+00  0.00000E+00  0.00000E+00  0.00000E+00  0.00000E+00  0.10242E-02  0.91512E-03  0.87534E-03  0.93962E-04  0.55039E-04  0.89438E-04      16  0.88313E-03  0.00000E+00  0.00000E+00 -0.40766E-05 -0.31785E-05 -0.20322E-04 -0.10665E-04  0.26827E-03  0.93897E-04
        0.6358  0.00000E+00  0.00000E+00  0.00000E+00  0.00000E+00  0.00000E+00  0.00000E+00  0.10241E-02  0.91512E-03  0.87519E-03  0.93961E-04  0.59737E-04  0.12093E-03      17  0.88312E-03  0.00000E+00  0.00000E+00 -0.12946E-04 -0.38258E-05 -0.20946E-04 -0.11712E-04  0.28361E-03  0.10808E-03
        0.6858  0.00000E+00  0.00000E+00  0.00000E+00  0.00000E+00  0.00000E+00  0.00000E+00  0.10240E-02  0.91510E-03  0.87503E-03  0.93959E-04  0.64435E-04  0.13852E-03      18  0.88312E-03  0.00000E+00  0.00000E+00 -0.24409E-04 -0.50463E-05 -0.20976E-04 -0.12761E-04  0.28369E-03  0.12226E-03
        0.7358  0.00000E+00  0.00000E+00  0.00000E+00  0.00000E+00  0.00000E+00  0.00000E+00  0.10238E-02  0.91507E-03  0.87487E-03  0.93956E-04  0.69133E-04  0.13838E-03      19  0.88312E-03  0.00000E+00  0.00000E+00 -0.37199E-04 -0.69062E-05 -0.20451E-04 -0.13783E-04  0.26599E-03  0.13556E-03
        0.7858  0.00000E+00  0.00000E+00  0.00000E+00  0.00000E+00  0.00000E+00  0.00000E+00  0.10239E-02  0.91503E-03  0.87472E-03  0.93951E-04  0.73830E-04  0.12115E-03      20  0.88312E-03  0.00000E+00  0.00000E+00 -0.22796E-04 -0.80460E-05 -0.20535E-04 -0.14810E-04  0.23531E-03  0.14733E-03
        0.8358  0.00000E+00  0.00000E+00  0.00000E+00  0.00000E+00  0.00000E+00  0.00000E+00  0.10241E-02  0.91499E-03  0.87459E-03  0.93947E-04  0.78527E-04  0.10341E-03      21  0.88312E-03  0.00000E+00  0.00000E+00 -0.91733E-05 -0.85047E-05 -0.20767E-04 -0.15848E-04  0.21551E-03  0.15810E-03
        0.8858  0.00000E+00  0.00000E+00  0.00000E+00  0.00000E+00  0.00000E+00  0.00000E+00  0.10242E-02  0.91501E-03  0.87448E-03  0.93950E-04  0.83225E-04  0.87808E-04      22  0.88311E-03  0.00000E+00  0.00000E+00  0.23505E-05 -0.83872E-05 -0.21228E-04 -0.16910E-04  0.19979E-03  0.16809E-03
        0.9358  0.00000E+00  0.00000E+00  0.00000E+00  0.00000E+00  0.00000E+00  0.00000E+00  0.10244E-02  0.91499E-03  0.87439E-03  0.93947E-04  0.87922E-04  0.71937E-04      23  0.88311E-03  0.00000E+00  0.00000E+00  0.21476E-04 -0.73133E-05 -0.21572E-04 -0.17988E-04  0.18959E-03  0.17757E-03
        0.9679  0.00000E+00  0.00000E+00  0.00000E+00  0.00000E+00  0.00000E+00  0.00000E+00  0.10245E-02  0.91501E-03  0.87434E-03  0.93949E-04  0.90937E-04  0.62528E-04      24  0.88311E-03  0.00000E+00  0.00000E+00  0.31858E-04 -0.62912E-05 -0.21764E-04 -0.18687E-04  0.18395E-03  0.18347E-03
        1.0000  0.00000E+00  0.00000E+00  0.00000E+00  0.00000E+00  0.00000E+00  0.00000E+00  0.10246E-02  0.91499E-03  0.87430E-03  0.93947E-04  0.93951E-04  0.52588E-04      25  0.88311E-03  0.00000E+00  0.00000E+00  0.35341E-04 -0.51572E-05 -0.21837E-04 -0.19387E-04  0.17976E-03  0.18924E-03
end
