 All solute fluxes and cumulative solute fluxes are positive into the region

       Time         cvTop        cvBot      Sum(cvTop)   Sum(cvBot)     cvCh0        cvCh1         cTop        cRoot         cBot        cvRoot    Sum(cvRoot)  Sum(cvNEql) TLevel      cGWL        cRunOff   Sum(cRunOff)    (cv(i),    Sum(cv(i)), i=1,NObs)
        [T]        [M/L2/T]     [M/L2/T]      [M/L2]       [M/L2]       [M/L2]      [M/L2]        [M/L3]      [M/L3]        [M/L3]      [M/L2/T]      [M/L2]       [M/L2]              [M/L3]        [M/L2]      [M/L3]      [M/L2/T]      [M/L2]
        0.0100  0.00000E+00 -0.25533E-04  0.00000E+00 -0.25533E-06  0.00000E+00  0.00000E+00  0.85644E-03  0.88311E-03  0.87947E-03  0.61907E-04  0.61907E-06 -0.80422E-05       1  0.88310E-03  0.00000E+00  0.00000E+00  0.35648E-04  0.35648E-06  0.13146E-03  0.13146E-05  0.19026E-03  0.19026E-05
        0.0200  0.00000E+00  0.00000E+00  0.00000E+00 -0.25533E-06  0.00000E+00  0.00000E+00  0.85623E-03  0.88314E-03  0.87743E-03  0.61908E-04  0.12381E-05 -0.12135E-04       2  0.88305E-03  0.00000E+00  0.00000E+00  0.34873E-04  0.70520E-06  0.12844E-03  0.25991E-05  0.18690E-03  0.37715E-05
        0.0330  0.00000E+00  0.00000E+00  0.00000E+00 -0.25533E-06  0.00000E+00  0.00000E+00  0.85625E-03  0.88313E-03  0.87846E-03  0.61907E-04  0.20429E-05 -0.16907E-04       3  0.88308E-03  0.00000E+00  0.00000E+00  0.32621E-04  0.11293E-05  0.12451E-03  0.42177E-05  0.18192E-03  0.61364E-05
        0.0499  0.00000E+00  0.00000E+00  0.00000E+00 -0.25533E-06  0.00000E+00  0.00000E+00  0.85618E-03  0.88313E-03  0.87901E-03  0.61907E-04  0.30892E-05 -0.21376E-04       4  0.88309E-03  0.00000E+00  0.00000E+00  0.28085E-04  0.16039E-05  0.11941E-03  0.62357E-05  0.17606E-03  0.91118E-05
        0.0719  0.00000E+00  0.00000E+00  0.00000E+00 -0.25533E-06  0.00000E+00  0.00000E+00  0.85611E-03  0.88313E-03  0.87943E-03  0.61907E-04  0.44493E-05 -0.26315E-04       5  0.88310E-03  0.00000E+00  0.00000E+00  0.19494E-04  0.20322E-05  0.11281E-03  0.87140E-05  0.16874E-03  0.12819E-04
        0.1004  0.00000E+00  0.00000E+00  0.00000E+00 -0.25533E-06  0.00000E+00  0.00000E+00  0.85595E-03  0.88313E-03  0.87974E-03  0.61907E-04  0.62174E-05 -0.31751E-04       6  0.88311E-03  0.00000E+00  0.00000E+00  0.39641E-05  0.21454E-05  0.10438E-03  0.11695E-04  0.15994E-03  0.17387E-04
        0.1376  0.00000E+00  0.00000E+00  0.00000E+00 -0.25533E-06  0.00000E+00  0.00000E+00  0.85577E-03  0.88313E-03  0.87996E-03  0.61907E-04  0.85160E-05 -0.38504E-04       7  0.88311E-03  0.00000E+00  0.00000E+00 -0.73631E-05  0.18720E-05  0.92219E-04  0.15119E-04  0.14905E-03  0.22921E-04
        0.1858  0.00000E+00  0.00000E+00  0.00000E+00 -0.25533E-06  0.00000E+00  0.00000E+00  0.85558E-03  0.88313E-03  0.88011E-03  0.61907E-04  0.11504E-04 -0.47703E-04       8  0.88312E-03  0.00000E+00  0.00000E+00 -0.24616E-04  0.68389E-06  0.73643E-04  0.18674E-04  0.13496E-03  0.29435E-04
        0.2358  0.00000E+00  0.00000E+00  0.00000E+00 -0.25533E-06  0.00000E+00  0.00000E+00  0.85538E-03  0.88313E-03  0.88019E-03  0.61907E-04  0.14600E-04 -0.58528E-04       9  0.88312E-03  0.00000E+00  0.00000E+00 -0.44331E-04 -0.15326E-05  0.51622E-04  0.21255E-04  0.11977E-03  0.35424E-04
        0.2858  0.00000E+00  0.00000E+00  0.00000E+00 -0.25533E-06  0.00000E+00  0.00000E+00  0.85537E-03  0.88313E-03  0.88022E-03  0.61907E-04  0.17695E-04 -0.69177E-04      10  0.88312E-03  0.00000E+00  0.00000E+00 -0.44456E-04 -0.37554E-05  0.33922E-04  0.22951E-04  0.10519E-03  0.40684E-04
        0.3358  0.00000E+00  0.00000E+00  0.00000E+00 -0.25533E-06  0.00000E+00  0.00000E+00  0.85563E-03  0.88313E-03  0.88022E-03  0.61908E-04  0.20790E-04 -0.73640E-04      11  0.88312E-03  0.00000E+00  0.00000E+00 -0.20543E-04 -0.47826E-05  0.29030E-04  0.24403E-04  0.99505E-04  0.45659E-04
        0.3858  0.00000E+00  0.00000E+00  0.00000E+00 -0.25533E-06  0.00000E+00  0.00000E+00  0.85584E-03  0.88316E-03  0.88020E-03  0.61909E-04  0.23886E-04 -0.67064E-04      12  0.88312E-03  0.00000E+00  0.00000E+00 -0.83856E-07 -0.47868E-05  0.34675E-04  0.26136E-04  0.10787E-03  0.51052E-04
        0.4358  0.00000E+00  0.00000E+00  0.00000E+00 -0.25533E-06  0.00000E+00  0.00000E+00  0.85610E-03  0.88319E-03  0.88018E-03  0.61912E-04  0.26981E-04 -0.51436E-04      13  0.88312E-03  0.00000E+00  0.00000E+00  0.30555E-04 -0.32590E-05  0.46550E-04  0.28464E-04  0.12525E-03  0.57315E-04
        0.4858  0.00000E+00  0.00000E+00  0.00000E+00 -0.25533E-06  0.00000E+00  0.00000E+00  0.85628E-03  0.88320E-03  0.88015E-03  0.61913E-04  0.30077E-04 -0.29907E-04      14  0.88312E-03  0.00000E+00  0.00000E+00  0.46417E-04 -0.93818E-06  0.60268E-04  0.31477E-04  0.14742E-03  0.64686E-04
        0.5358  0.00000E+00  0.00000E+00  0.00000E+00 -0.25533E-06  0.00000E+00  0.00000E+00  0.85626E-03  0.88322E-03  0.88011E-03  0.61914E-04  0.33173E-04 -0.59729E-05      15  0.88312E-03  0.00000E+00  0.00000E+00  0.41926E-04  0.11581E-05  0.73762E-04  0.35165E-04  0.16942E-03  0.73157E-04
        0.5858  0.00000E+00  0.00000E+00  0.00000E+00 -0.25533E-06  0.00000E+00  0.00000E+00  0.85605E-03  0.88322E-03  0.88006E-03  0.61915E-04  0.36268E-04  0.16456E-04      16  0.88312E-03  0.00000E+00  0.00000E+00  0.17337E-04  0.20250E-05  0.80618E-04  0.39196E-04  0.18646E-03  0.82480E-04
        0.6358  0.00000E+00  0.00000E+00  0.00000E+00 -0.25533E-06  0.00000E+00  0.00000E+00  0.85579E-03  0.88322E-03  0.88002E-03  0.61915E-04  0.39364E-04  0.33784E-04      17  0.88311E-03  0.00000E+00  0.00000E+00 -0.85439E-05  0.15978E-05  0.80808E-04  0.43237E-04  0.19557E-03  0.92259E-04
        0.6858  0.00000E+00  0.00000E+00  0.00000E+00 -0.25533E-06  0.00000E+00  0.00000E+00  0.85553E-03  0.88321E-03  0.87996E-03  0.61914E-04  0.42460E-04  0.42765E-04      18  0.88311E-03  0.00000E+00  0.00000E+00 -0.30923E-04  0.51644E-07  0.72836E-04  0.46878E-04  0.19382E-03  0.10195E-03
        0.7358  0.00000E+00  0.00000E+00  0.00000E+00 -0.25533E-06  0.00000E+00  0.00000E+00  0.85525E-03  0.88319E-03  0.87990E-03  0.61912E-04  0.45555E-04  0.41054E-04      19  0.88311E-03  0.00000E+00  0.00000E+00 -0.55480E-04 -0.27224E-05  0.56624E-04  0.49710E-04  0.18014E-03  0.11096E-03
        0.7858  0.00000E+00  0.00000E+00  0.00000E+00 -0.25533E-06  0.00000E+00  0.00000E+00  0.85546E-03  0.88316E-03  0.87984E-03  0.61910E-04  0.48651E-04  0.31184E-04      20  0.88311E-03  0.00000E+00  0.00000E+00 -0.35546E-04 -0.44997E-05  0.47494E-04  0.52084E-04  0.15777E-03  0.11885E-03
        0.8358  0.00000E+00  0.00000E+00  0.00000E+00 -0.25533E-06  0.00000E+00  0.00000E+00  0.85564E-03  0.88314E-03  0.87977E-03  0.61908E-04  0.51746E-04  0.22298E-04      21  0.88311E-03  0.00000E+00  0.00000E+00 -0.16507E-04 -0.53250E-05  0.46379E-04  0.54403E-04  0.14237E-03  0.12596E-03
        0.8858  0.00000E+00  0.00000E+00  0.00000E+00 -0.25533E-06  0.00000E+00  0.00000E+00  0.85581E-03  0.88316E-03  0.87971E-03  0.61909E-04  0.54842E-04  0.15170E-04      22  0.88311E-03  0.00000E+00  0.00000E+00 -0.21544E-06 -0.53358E-05  0.50642E-04  0.56935E-04  0.13053E-03  0.13249E-03
        0.9358  0.00000E+00  0.00000E+00  0.00000E+00 -0.25533E-06  0.00000E+00  0.00000E+00  0.85603E-03  0.88314E-03  0.87964E-03  0.61909E-04  0.57937E-04  0.85308E-05      23  0.88311E-03  0.00000E+00  0.00000E+00  0.22932E-04 -0.41892E-05  0.56354E-04  0.59753E-04  0.12339E-03  0.13866E-03
        0.9679  0.00000E+00  0.00000E+00  0.00000E+00 -0.25533E-06  0.00000E+00  0.00000E+00  0.85617E-03  0.88315E-03  0.87960E-03  0.61909E-04  0.59924E-04  0.46877E-05      24  0.88311E-03  0.00000E+00  0.00000E+00  0.32899E-04 -0.31336E-05  0.60069E-04  0.61680E-04  0.11980E-03  0.14250E-03
        1.0000  0.00000E+00  0.00000E+00  0.00000E+00 -0.25533E-06  0.00000E+00  0.00000E+00  0.85621E-03  0.88314E-03  0.87955E-03  0.61908E-04  0.61910E-04  0.63001E-06      25  0.88310E-03  0.00000E+00  0.00000E+00  0.36227E-04 -0.19713E-05  0.62993E-04  0.63702E-04  0.11752E-03  0.14627E-03
end
