 All solute fluxes and cumulative solute fluxes are positive into the region

       Time         cvTop        cvBot      Sum(cvTop)   Sum(cvBot)     cvCh0        cvCh1         cTop        cRoot         cBot        cvRoot    Sum(cvRoot)  Sum(cvNEql) TLevel      cGWL        cRunOff   Sum(cRunOff)    (cv(i),    Sum(cv(i)), i=1,NObs)
        [T]        [M/L2/T]     [M/L2/T]      [M/L2]       [M/L2]       [M/L2]      [M/L2]        [M/L3]      [M/L3]        [M/L3]      [M/L2/T]      [M/L2]       [M/L2]              [M/L3]        [M/L2]      [M/L3]      [M/L2/T]      [M/L2]
        0.0100  0.00000E+00 -0.35336E-02  0.00000E+00 -0.35336E-04  0.00000E+00  0.00000E+00  0.77169E-02  0.88137E-02  0.84819E-02  0.20372E-02  0.20372E-04 -0.20532E-04       1  0.87281E-02  0.00000E+00  0.00000E+00  0.52538E-03  0.52538E-05 -0.32535E-02 -0.32535E-04 -0.54829E-02 -0.54829E-04
        0.0230  0.00000E+00 -0.50332E-02  0.00000E+00 -0.10077E-03  0.00000E+00  0.00000E+00  0.77317E-02  0.88140E-02  0.84878E-02  0.20373E-02  0.46857E-04 -0.42954E-04       2  0.87282E-02  0.00000E+00  0.00000E+00  0.50935E-03  0.11875E-04 -0.30439E-02 -0.72106E-04 -0.52510E-02 -0.12309E-03
        0.0399  0.00000E+00 -0.44639E-02  0.00000E+00 -0.17621E-03  0.00000E+00  0.00000E+00  0.77475E-02  0.88143E-02  0.84924E-02  0.20373E-02  0.81287E-04 -0.68772E-04       3  0.87284E-02  0.00000E+00  0.00000E+00  0.48783E-03  0.20120E-04 -0.27738E-02 -0.11898E-03 -0.49325E-02 -0.20645E-03
        0.0619  0.00000E+00 -0.40906E-02  0.00000E+00 -0.26608E-03  0.00000E+00  0.00000E+00  0.77633E-02  0.88147E-02  0.84958E-02  0.20373E-02  0.12605E-03 -0.97907E-04       4  0.87285E-02  0.00000E+00  0.00000E+00  0.45829E-03  0.30188E-04 -0.24989E-02 -0.17388E-03 -0.45733E-02 -0.30693E-03
        0.0904  0.00000E+00 -0.39004E-02  0.00000E+00 -0.37748E-03  0.00000E+00  0.00000E+00  0.77778E-02  0.88151E-02  0.84983E-02  0.20374E-02  0.18424E-03 -0.13027E-03       5  0.87286E-02  0.00000E+00  0.00000E+00  0.41752E-03  0.42113E-04 -0.22014E-02 -0.23676E-03 -0.41584E-02 -0.42570E-03
        0.1276  0.00000E+00 -0.38065E-02  0.00000E+00 -0.51881E-03  0.00000E+00  0.00000E+00  0.77888E-02  0.88154E-02  0.84999E-02  0.20374E-02  0.25988E-03 -0.16642E-03       6  0.87287E-02  0.00000E+00  0.00000E+00  0.36017E-03  0.55486E-04 -0.19119E-02 -0.30775E-03 -0.37138E-02 -0.56359E-03
        0.1758  0.00000E+00 -0.37916E-02  0.00000E+00 -0.70182E-03  0.00000E+00  0.00000E+00  0.77941E-02  0.88157E-02  0.85011E-02  0.20374E-02  0.35823E-03 -0.20834E-03       7  0.87287E-02  0.00000E+00  0.00000E+00  0.27884E-03  0.68945E-04 -0.16325E-02 -0.38654E-03 -0.32538E-02 -0.72064E-03
        0.2258  0.00000E+00 -0.38165E-02  0.00000E+00 -0.89265E-03  0.00000E+00  0.00000E+00  0.77918E-02  0.88159E-02  0.85019E-02  0.20374E-02  0.46010E-03 -0.25003E-03       8  0.87288E-02  0.00000E+00  0.00000E+00  0.18861E-03  0.78375E-04 -0.14229E-02 -0.45769E-03 -0.28763E-02 -0.86445E-03
        0.2758  0.00000E+00 -0.38488E-02  0.00000E+00 -0.10851E-02  0.00000E+00  0.00000E+00  0.78006E-02  0.88159E-02  0.85026E-02  0.20374E-02  0.56197E-03 -0.28850E-03       9  0.87288E-02  0.00000E+00  0.00000E+00  0.45185E-03  0.10097E-03 -0.11982E-02 -0.51760E-03 -0.25509E-02 -0.99200E-03
        0.3258  0.00000E+00 -0.38697E-02  0.00000E+00 -0.12786E-02  0.00000E+00  0.00000E+00  0.78746E-02  0.88161E-02  0.85031E-02  0.20375E-02  0.66384E-03 -0.30241E-03      10  0.87288E-02  0.00000E+00  0.00000E+00  0.15980E-02  0.18087E-03 -0.75807E-03 -0.55550E-03 -0.21643E-02 -0.11002E-02
        0.3758  0.00000E+00 -0.38714E-02  0.00000E+00 -0.14721E-02  0.00000E+00  0.00000E+00  0.79940E-02  0.88170E-02  0.85036E-02  0.20375E-02  0.76572E-03 -0.25803E-03      11  0.87288E-02  0.00000E+00  0.00000E+00  0.21276E-02  0.28725E-03 -0.21608E-03 -0.56630E-03 -0.16640E-02 -0.11834E-02
        0.4258  0.00000E+00 -0.38485E-02  0.00000E+00 -0.16646E-02  0.00000E+00  0.00000E+00  0.80933E-02  0.88187E-02  0.85039E-02  0.20376E-02  0.86760E-03 -0.13884E-03      12  0.87288E-02  0.00000E+00  0.00000E+00  0.23061E-02  0.40255E-03  0.42007E-03 -0.54530E-03 -0.11001E-02 -0.12384E-02
        0.4758  0.00000E+00 -0.37988E-02  0.00000E+00 -0.18545E-02  0.00000E+00  0.00000E+00  0.81568E-02  0.88202E-02  0.85040E-02  0.20377E-02  0.96948E-03  0.48073E-04      13  0.87288E-02  0.00000E+00  0.00000E+00  0.23519E-02  0.52015E-03  0.10286E-02 -0.49387E-03 -0.52618E-03 -0.12647E-02
        0.5258  0.00000E+00 -0.37222E-02  0.00000E+00 -0.20406E-02  0.00000E+00  0.00000E+00  0.81872E-02  0.88214E-02  0.85040E-02  0.20377E-02  0.10714E-02  0.28178E-03      14  0.87288E-02  0.00000E+00  0.00000E+00  0.22794E-02  0.63412E-03  0.14656E-02 -0.42059E-03 -0.11209E-05 -0.12648E-02
        0.5758  0.00000E+00 -0.36178E-02  0.00000E+00 -0.22215E-02  0.00000E+00  0.00000E+00  0.81881E-02  0.88220E-02  0.85038E-02  0.20377E-02  0.11733E-02  0.53360E-03      15  0.87288E-02  0.00000E+00  0.00000E+00  0.20610E-02  0.73717E-03  0.16931E-02 -0.33594E-03  0.39095E-03 -0.12452E-02
        0.6258  0.00000E+00 -0.34871E-02  0.00000E+00 -0.23959E-02  0.00000E+00  0.00000E+00  0.81604E-02  0.88221E-02  0.85035E-02  0.20377E-02  0.12751E-02  0.77174E-03      16  0.87288E-02  0.00000E+00  0.00000E+00  0.16769E-02  0.82101E-03  0.16962E-02 -0.25113E-03  0.65306E-03 -0.12126E-02
        0.6758  0.00000E+00 -0.33337E-02  0.00000E+00 -0.25625E-02  0.00000E+00  0.00000E+00  0.81032E-02  0.88215E-02  0.85030E-02  0.20377E-02  0.13770E-02  0.96517E-03      17  0.87288E-02  0.00000E+00  0.00000E+00  0.11015E-02  0.87609E-03  0.14964E-02 -0.17631E-03  0.75650E-03 -0.11748E-02
        0.7258  0.00000E+00 -0.31629E-02  0.00000E+00 -0.27207E-02  0.00000E+00  0.00000E+00  0.80123E-02  0.88204E-02  0.85023E-02  0.20377E-02  0.14789E-02  0.10871E-02      18  0.87288E-02  0.00000E+00  0.00000E+00  0.28150E-03  0.89016E-03  0.10886E-02 -0.12188E-03  0.70210E-03 -0.11397E-02
        0.7758  0.00000E+00 -0.29803E-02  0.00000E+00 -0.28697E-02  0.00000E+00  0.00000E+00  0.79299E-02  0.88189E-02  0.85015E-02  0.20376E-02  0.15808E-02  0.11326E-02      19  0.87288E-02  0.00000E+00  0.00000E+00  0.14586E-03  0.89746E-03  0.77506E-03 -0.83122E-04  0.55038E-03 -0.11121E-02
        0.8258  0.00000E+00 -0.27926E-02  0.00000E+00 -0.30093E-02  0.00000E+00  0.00000E+00  0.78870E-02  0.88173E-02  0.85006E-02  0.20375E-02  0.16827E-02  0.11264E-02      20  0.87287E-02  0.00000E+00  0.00000E+00  0.23675E-03  0.90929E-03  0.55950E-03 -0.55147E-04  0.40480E-03 -0.10919E-02
        0.8758  0.00000E+00 -0.26053E-02  0.00000E+00 -0.31396E-02  0.00000E+00  0.00000E+00  0.78712E-02  0.88165E-02  0.84997E-02  0.20375E-02  0.17845E-02  0.10967E-02      21  0.87287E-02  0.00000E+00  0.00000E+00  0.31110E-03  0.92485E-03  0.43505E-03 -0.33394E-04  0.28905E-03 -0.10774E-02
        0.9258  0.00000E+00 -0.24232E-02  0.00000E+00 -0.32608E-02  0.00000E+00  0.00000E+00  0.78685E-02  0.88163E-02  0.84987E-02  0.20375E-02  0.18864E-02  0.10580E-02      22  0.87287E-02  0.00000E+00  0.00000E+00  0.36148E-03  0.94292E-03  0.36199E-03 -0.15295E-04  0.20638E-03 -0.10671E-02
        0.9629  0.00000E+00 -0.22708E-02  0.00000E+00 -0.33450E-02  0.00000E+00  0.00000E+00  0.78701E-02  0.88161E-02  0.84979E-02  0.20375E-02  0.19620E-02  0.10273E-02      23  0.87286E-02  0.00000E+00  0.00000E+00  0.38157E-03  0.95707E-03  0.32524E-03 -0.32333E-05  0.15961E-03 -0.10612E-02
        1.0000  0.00000E+00 -0.21471E-02  0.00000E+00 -0.34246E-02  0.00000E+00  0.00000E+00  0.78722E-02  0.88160E-02  0.84972E-02  0.20375E-02  0.20375E-02  0.99588E-03      24  0.87286E-02  0.00000E+00  0.00000E+00  0.38706E-03  0.97143E-03  0.30008E-03  0.78954E-05  0.12644E-03 -0.10565E-02
end
