 All solute fluxes and cumulative solute fluxes are positive into the region

       Time         cvTop        cvBot      Sum(cvTop)   Sum(cvBot)     cvCh0        cvCh1         cTop        cRoot         cBot        cvRoot    Sum(cvRoot)  Sum(cvNEql) TLevel      cGWL        cRunOff   Sum(cRunOff)    (cv(i),    Sum(cv(i)), i=1,NObs)
        [T]        [M/L2/T]     [M/L2/T]      [M/L2]       [M/L2]       [M/L2]      [M/L2]        [M/L3]      [M/L3]        [M/L3]      [M/L2/T]      [M/L2]       [M/L2]              [M/L3]        [M/L2]      [M/L3]      [M/L2/T]      [M/L2]
        0.0100  0.00000E+00 -0.57441E-04  0.00000E+00 -0.57441E-06  0.00000E+00  0.00000E+00  0.87113E-03  0.88330E-03  0.87600E-03  0.75410E-05  0.75410E-07 -0.75669E-05       1  0.88299E-03  0.00000E+00  0.00000E+00  0.44248E-04  0.44248E-06 -0.54786E-03 -0.54786E-05 -0.83263E-03 -0.83263E-05
        0.0200  0.00000E+00  0.00000E+00  0.00000E+00 -0.57441E-06  0.00000E+00  0.00000E+00  0.87116E-03  0.88334E-03  0.87278E-03  0.75413E-05  0.15082E-06 -0.17407E-04       2  0.88291E-03  0.00000E+00  0.00000E+00  0.13751E-04  0.57999E-06 -0.52293E-03 -0.10708E-04 -0.80679E-03 -0.16394E-04
        0.0330  0.00000E+00  0.00000E+00  0.00000E+00 -0.57441E-06  0.00000E+00  0.00000E+00  0.87072E-03  0.88333E-03  0.87474E-03  0.75412E-05  0.24886E-06 -0.26352E-04       3  0.88298E-03  0.00000E+00  0.00000E+00 -0.29850E-04  0.19194E-06 -0.49286E-03 -0.17115E-04 -0.77065E-03 -0.26413E-04
        0.0499  0.00000E+00  0.00000E+00  0.00000E+00 -0.57441E-06  0.00000E+00  0.00000E+00  0.86998E-03  0.88333E-03  0.87554E-03  0.75412E-05  0.37630E-06 -0.36843E-04       4  0.88302E-03  0.00000E+00  0.00000E+00 -0.10296E-03 -0.15481E-05 -0.47248E-03 -0.25100E-04 -0.73150E-03 -0.38775E-04
        0.0719  0.00000E+00  0.00000E+00  0.00000E+00 -0.57441E-06  0.00000E+00  0.00000E+00  0.86872E-03  0.88332E-03  0.87642E-03  0.75411E-05  0.54198E-06 -0.51726E-04       5  0.88304E-03  0.00000E+00  0.00000E+00 -0.22507E-03 -0.64928E-05 -0.47690E-03 -0.35577E-04 -0.69235E-03 -0.53986E-04
        0.1004  0.00000E+00  0.00000E+00  0.00000E+00 -0.57441E-06  0.00000E+00  0.00000E+00  0.86687E-03  0.88330E-03  0.87722E-03  0.75410E-05  0.75736E-06 -0.77962E-04       6  0.88306E-03  0.00000E+00  0.00000E+00 -0.40826E-03 -0.18153E-04 -0.54278E-03 -0.51080E-04 -0.66968E-03 -0.73113E-04
        0.1376  0.00000E+00  0.00000E+00  0.00000E+00 -0.57441E-06  0.00000E+00  0.00000E+00  0.86437E-03  0.88327E-03  0.87807E-03  0.75407E-05  0.10373E-05 -0.13137E-03       7  0.88308E-03  0.00000E+00  0.00000E+00 -0.66229E-03 -0.42744E-04 -0.73111E-03 -0.78225E-04 -0.69624E-03 -0.98964E-04
        0.1858  0.00000E+00 -0.76704E-05  0.00000E+00 -0.94465E-06  0.00000E+00  0.00000E+00  0.86132E-03  0.88324E-03  0.88123E-03  0.75404E-05  0.14013E-05 -0.23991E-03       8  0.88314E-03  0.00000E+00  0.00000E+00 -0.99315E-03 -0.90681E-04 -0.11705E-02 -0.13472E-03 -0.84799E-03 -0.13989E-03
        0.2358  0.00000E+00 -0.57994E-04  0.00000E+00 -0.38444E-05  0.00000E+00  0.00000E+00  0.85852E-03  0.88316E-03  0.88107E-03  0.75397E-05  0.17783E-05 -0.40822E-03       9  0.88313E-03  0.00000E+00  0.00000E+00 -0.13211E-02 -0.15673E-03 -0.18464E-02 -0.22704E-03 -0.11559E-02 -0.19769E-03
        0.2858  0.00000E+00 -0.13533E-03  0.00000E+00 -0.10611E-04  0.00000E+00  0.00000E+00  0.85610E-03  0.88314E-03  0.88121E-03  0.75395E-05  0.21553E-05 -0.63818E-03      10  0.88313E-03  0.00000E+00  0.00000E+00 -0.15959E-02 -0.23653E-03 -0.26904E-02 -0.36156E-03 -0.16280E-02 -0.27909E-03
        0.3358  0.00000E+00 -0.20020E-03  0.00000E+00 -0.20621E-04  0.00000E+00  0.00000E+00  0.85434E-03  0.88310E-03  0.88114E-03  0.75390E-05  0.25322E-05 -0.92123E-03      11  0.88313E-03  0.00000E+00  0.00000E+00 -0.18250E-02 -0.32778E-03 -0.36193E-02 -0.54253E-03 -0.22442E-02 -0.39130E-03
        0.3858  0.00000E+00 -0.25869E-03  0.00000E+00 -0.33555E-04  0.00000E+00  0.00000E+00  0.85270E-03  0.88304E-03  0.88121E-03  0.75382E-05  0.29091E-05 -0.12478E-02      12  0.88313E-03  0.00000E+00  0.00000E+00 -0.19821E-02 -0.42688E-03 -0.46277E-02 -0.77391E-03 -0.30242E-02 -0.54251E-03
        0.4358  0.00000E+00 -0.31635E-03  0.00000E+00 -0.49373E-04  0.00000E+00  0.00000E+00  0.85171E-03  0.88304E-03  0.88119E-03  0.75380E-05  0.32860E-05 -0.16050E-02      13  0.88313E-03  0.00000E+00  0.00000E+00 -0.21041E-02 -0.53208E-03 -0.54474E-02 -0.10463E-02 -0.38498E-02 -0.73500E-03
        0.4858  0.00000E+00 -0.37967E-03  0.00000E+00 -0.68356E-04  0.00000E+00  0.00000E+00  0.85101E-03  0.88294E-03  0.88123E-03  0.75368E-05  0.36629E-05 -0.19765E-02      14  0.88313E-03  0.00000E+00  0.00000E+00 -0.21324E-02 -0.63870E-03 -0.60889E-02 -0.13507E-02 -0.45690E-02 -0.96346E-03
        0.5358  0.00000E+00 -0.45511E-03  0.00000E+00 -0.91112E-04  0.00000E+00  0.00000E+00  0.85089E-03  0.88294E-03  0.88123E-03  0.75368E-05  0.40397E-05 -0.23450E-02      15  0.88313E-03  0.00000E+00  0.00000E+00 -0.21217E-02 -0.74479E-03 -0.64395E-02 -0.16727E-02 -0.51376E-02 -0.12203E-02
        0.5858  0.00000E+00 -0.55058E-03  0.00000E+00 -0.11864E-03  0.00000E+00  0.00000E+00  0.85115E-03  0.88292E-03  0.88127E-03  0.75363E-05  0.44165E-05 -0.26930E-02      16  0.88313E-03  0.00000E+00  0.00000E+00 -0.20189E-02 -0.84574E-03 -0.64544E-02 -0.19954E-02 -0.54905E-02 -0.14949E-02
        0.6358  0.00000E+00 -0.67421E-03  0.00000E+00 -0.15235E-03  0.00000E+00  0.00000E+00  0.85195E-03  0.88293E-03  0.88128E-03  0.75366E-05  0.47933E-05 -0.30052E-02      17  0.88313E-03  0.00000E+00  0.00000E+00 -0.18767E-02 -0.93958E-03 -0.61705E-02 -0.23039E-02 -0.55470E-02 -0.17722E-02
        0.6858  0.00000E+00 -0.83126E-03  0.00000E+00 -0.19391E-03  0.00000E+00  0.00000E+00  0.85307E-03  0.88298E-03  0.88132E-03  0.75369E-05  0.51702E-05 -0.32697E-02      18  0.88313E-03  0.00000E+00  0.00000E+00 -0.16617E-02 -0.10227E-02 -0.56351E-02 -0.25857E-02 -0.53457E-02 -0.20395E-02
        0.7358  0.00000E+00 -0.10245E-02  0.00000E+00 -0.24514E-03  0.00000E+00  0.00000E+00  0.85464E-03  0.88303E-03  0.88135E-03  0.75376E-05  0.55471E-05 -0.34793E-02      19  0.88314E-03  0.00000E+00  0.00000E+00 -0.14179E-02 -0.10936E-02 -0.49271E-02 -0.28321E-02 -0.49443E-02 -0.22867E-02
        0.7858  0.00000E+00 -0.12480E-02  0.00000E+00 -0.30754E-03  0.00000E+00  0.00000E+00  0.85672E-03  0.88309E-03  0.88139E-03  0.75382E-05  0.59240E-05 -0.36259E-02      20  0.88314E-03  0.00000E+00  0.00000E+00 -0.10982E-02 -0.11485E-02 -0.40638E-02 -0.30353E-02 -0.43705E-02 -0.25052E-02
        0.8358  0.00000E+00 -0.14892E-02  0.00000E+00 -0.38200E-03  0.00000E+00  0.00000E+00  0.85904E-03  0.88316E-03  0.88143E-03  0.75391E-05  0.63009E-05 -0.37118E-02      21  0.88315E-03  0.00000E+00  0.00000E+00 -0.76342E-03 -0.11866E-02 -0.31683E-02 -0.31937E-02 -0.37122E-02 -0.26908E-02
        0.8858  0.00000E+00 -0.17324E-02  0.00000E+00 -0.46862E-03  0.00000E+00  0.00000E+00  0.86143E-03  0.88319E-03  0.88146E-03  0.75394E-05  0.66779E-05 -0.37481E-02      22  0.88315E-03  0.00000E+00  0.00000E+00 -0.42852E-03 -0.12081E-02 -0.23506E-02 -0.33112E-02 -0.30590E-02 -0.28438E-02
        0.9358  0.00000E+00 -0.19601E-02  0.00000E+00 -0.56662E-03  0.00000E+00  0.00000E+00  0.86368E-03  0.88321E-03  0.88149E-03  0.75398E-05  0.70549E-05 -0.37496E-02      23  0.88315E-03  0.00000E+00  0.00000E+00 -0.14336E-03 -0.12152E-02 -0.16768E-02 -0.33950E-02 -0.24693E-02 -0.29673E-02
        0.9679  0.00000E+00 -0.21313E-02  0.00000E+00 -0.63500E-03  0.00000E+00  0.00000E+00  0.86477E-03  0.88320E-03  0.88151E-03  0.75397E-05  0.72968E-05 -0.37431E-02      24  0.88315E-03  0.00000E+00  0.00000E+00 -0.17817E-04 -0.12158E-02 -0.13367E-02 -0.34379E-02 -0.21395E-02 -0.30359E-02
        1.0000  0.00000E+00 -0.22477E-02  0.00000E+00 -0.70712E-03  0.00000E+00  0.00000E+00  0.86535E-03  0.88319E-03  0.88153E-03  0.75397E-05  0.75387E-05 -0.37348E-02      25  0.88315E-03  0.00000E+00  0.00000E+00  0.61607E-04 -0.12138E-02 -0.11077E-02 -0.34735E-02 -0.18670E-02 -0.30958E-02
end
