 ******* Program HYDRUS
 ******* 
 Welcome to HYDRUS-1D                                                    
 Date:  28. 3.2022    Time:   8:56:48
 Units: L = cm   , T = days , M = mg   

----------------------------------------------------------
 Time       [T]        0.0000
----------------------------------------------------------
 Sub-region num.                     1
----------------------------------------------------------
 Length   [L]        0.30000E+03  0.30000E+03
 W-volume [L]        0.10246E+03  0.10246E+03
 In-flow  [L/T]      0.00000E+00  0.00000E+00
 h Mean   [L]       -0.57808E+02 -0.57808E+02
 ConcVol  [M/L2] 1   0.91136E-01  0.91136E-01
 cMean    [M/L3] 1   0.89081E-03  0.89081E-03
 SorbVolIm[M/L2] 1   0.46502E+02  0.46502E+02
 sMeanIm  [-]    1   0.10690E+00  0.10690E+00
 Top Flux [L/T]      0.29150E-01
 Bot Flux [L/T]      0.24637E+00
----------------------------------------------------------

----------------------------------------------------------
 Time       [T]        1.0000
----------------------------------------------------------
 Sub-region num.                     1
----------------------------------------------------------
 Length   [L]        0.30000E+03  0.30000E+03
 W-volume [L]        0.10205E+03  0.10205E+03
 In-flow  [L/T]      0.23110E+00  0.23110E+00
 h Mean   [L]       -0.61917E+02 -0.61917E+02
 ConcVol  [M/L2] 1   0.90773E-01  0.90773E-01
 cMean    [M/L3] 1   0.89083E-03  0.89083E-03
 SorbVolIm[M/L2] 1   0.46502E+02  0.46502E+02
 sMeanIm  [-]    1   0.10690E+00  0.10690E+00
 Top Flux [L/T]      0.24178E-01
 Bot Flux [L/T]      0.35768E+00
 WatBalT  [L]       -0.11360E+00
 WatBalR  [%]             16.125
 CncBalT  [M]    1   0.20981E-03
 CncBalR  [%]    1        57.444
----------------------------------------------------------
 
 Calculation time [sec]  9.999999776482582E-003
