 ******* Program HYDRUS
 ******* 
 Welcome to HYDRUS-1D                                                    
 Date:  29. 3.2022    Time:  17:27:34
 Units: L = cm   , T = days , M = mg   

       Time          rTop        rRoot        vTop         vRoot        vBot       sum(rTop)   sum(rRoot)    sum(vTop)   sum(vRoot)    sum(vBot)      hTop         hRoot        hBot        RunOff    sum(RunOff)     Volume     sum(Infil)    sum(Evap) TLevel Cum(WTrans)  SnowLayer
        [T]         [L/T]        [L/T]        [L/T]        [L/T]        [L/T]         [L]          [L]          [L]         [L]           [L]         [L]           [L]         [L]          [L/T]         [L]          [L]          [L]          [L]

       0.0100  0.35896E-01  0.21261E-02  0.35898E-01  0.21249E-02  0.41626E+00  0.35896E-03  0.21261E-04  0.35898E-03  0.21249E-04  0.41626E-02 -0.94640E+02 -0.50802E+02  0.20823E+03  0.00000E+00  0.00000E+00  0.10987E+03  0.00000E+00  0.35898E-03      1  0.00000E+00      0.000
       0.0230  0.35896E-01  0.21261E-02  0.35896E-01  0.21249E-02  0.37868E+00  0.82561E-03  0.48901E-04  0.82563E-03  0.48874E-04  0.90854E-02 -0.94612E+02 -0.50689E+02  0.20823E+03  0.00000E+00  0.00000E+00  0.10988E+03  0.00000E+00  0.82563E-03      2  0.00000E+00      0.000
       0.0399  0.35896E-01  0.21261E-02  0.35898E-01  0.21249E-02  0.33933E+00  0.14323E-02  0.84832E-04  0.14323E-02  0.84785E-04  0.14820E-01 -0.94544E+02 -0.50539E+02  0.20823E+03  0.00000E+00  0.00000E+00  0.10988E+03  0.00000E+00  0.14323E-02      3  0.00000E+00      0.000
       0.0619  0.35896E-01  0.21261E-02  0.35897E-01  0.21250E-02  0.30794E+00  0.22209E-02  0.13154E-03  0.22210E-02  0.13147E-03  0.21585E-01 -0.94425E+02 -0.50378E+02  0.20823E+03  0.00000E+00  0.00000E+00  0.10989E+03  0.00000E+00  0.22210E-02      4  0.00000E+00      0.000
       0.0904  0.35896E-01  0.21261E-02  0.35894E-01  0.21250E-02  0.27655E+00  0.32461E-02  0.19227E-03  0.32461E-02  0.19216E-03  0.29484E-01 -0.94250E+02 -0.50193E+02  0.20823E+03  0.00000E+00  0.00000E+00  0.10990E+03  0.00000E+00  0.32461E-02      5  0.00000E+00      0.000
       0.1276  0.35896E-01  0.21261E-02  0.35888E-01  0.21250E-02  0.24515E+00  0.45789E-02  0.27121E-03  0.45787E-02  0.27106E-03  0.38586E-01 -0.94024E+02 -0.49990E+02  0.20823E+03  0.00000E+00  0.00000E+00  0.10990E+03  0.00000E+00  0.45787E-02      6  0.00000E+00      0.000
       0.1758  0.35896E-01  0.21261E-02  0.35896E-01  0.21250E-02  0.21244E+00  0.63116E-02  0.37383E-03  0.63113E-02  0.37363E-03  0.48840E-01 -0.93759E+02 -0.49769E+02  0.20823E+03  0.00000E+00  0.00000E+00  0.10991E+03  0.00000E+00  0.63113E-02      7  0.00000E+00      0.000
       0.2386  0.35896E-01  0.21261E-02  0.35900E-01  0.21250E-02  0.17884E+00  0.85640E-02  0.50724E-03  0.85639E-02  0.50697E-03  0.60062E-01 -0.93474E+02 -0.49538E+02  0.20823E+03  0.00000E+00  0.00000E+00  0.10992E+03  0.00000E+00  0.85639E-02      8  0.00000E+00      0.000
       0.3232  0.18253E+00  0.10811E-01  0.18252E+00  0.10805E-01  0.17000E+00  0.24006E-01  0.14219E-02  0.24006E-01  0.14211E-02  0.74444E-01 -0.93941E+02 -0.49562E+02  0.20823E+03  0.00000E+00  0.00000E+00  0.10992E+03  0.00000E+00  0.24006E-01      9  0.00000E+00      0.000
       0.4360  0.37848E+00  0.22417E-01  0.37848E+00  0.22405E-01  0.21465E+00  0.66700E-01  0.39506E-02  0.66700E-01  0.39485E-02  0.98657E-01 -0.95187E+02 -0.50026E+02  0.20823E+03  0.00000E+00  0.00000E+00  0.10990E+03  0.00000E+00  0.66700E-01     10  0.00000E+00      0.000
       0.5770  0.36412E+00  0.21567E-01  0.36412E+00  0.21555E-01  0.26417E+00  0.11804E+00  0.69917E-02  0.11804E+00  0.69878E-02  0.13591E+00 -0.95706E+02 -0.50404E+02  0.20823E+03  0.00000E+00  0.00000E+00  0.10988E+03  0.00000E+00  0.11804E+00     11  0.00000E+00      0.000
       0.7885  0.35896E-01  0.21261E-02  0.35899E-01  0.21250E-02  0.18989E+00  0.12564E+00  0.74413E-02  0.12564E+00  0.74373E-02  0.17607E+00 -0.93696E+02 -0.49655E+02  0.20823E+03  0.00000E+00  0.00000E+00  0.10991E+03  0.00000E+00  0.12564E+00     12  0.00000E+00      0.000
       1.0000  0.35896E-01  0.21261E-02  0.35899E-01  0.21250E-02  0.13949E+00  0.13323E+00  0.78910E-02  0.13323E+00  0.78867E-02  0.20557E+00 -0.93164E+02 -0.49273E+02  0.20823E+03  0.00000E+00  0.00000E+00  0.10993E+03  0.00000E+00  0.13323E+00     13  0.00000E+00      0.000
end
