 All solute fluxes and cumulative solute fluxes are positive into the region

       Time         cvTop        cvBot      Sum(cvTop)   Sum(cvBot)     cvCh0        cvCh1         cTop        cRoot         cBot        cvRoot    Sum(cvRoot)  Sum(cvNEql) TLevel      cGWL        cRunOff   Sum(cRunOff)    (cv(i),    Sum(cv(i)), i=1,NObs)
        [T]        [M/L2/T]     [M/L2/T]      [M/L2]       [M/L2]       [M/L2]      [M/L2]        [M/L3]      [M/L3]        [M/L3]      [M/L2/T]      [M/L2]       [M/L2]              [M/L3]        [M/L2]      [M/L3]      [M/L2/T]      [M/L2]
        0.0100  0.00000E+00 -0.21864E-03  0.00000E+00 -0.21864E-05  0.00000E+00  0.00000E+00  0.27684E-02  0.26062E-02  0.24970E-02  0.16287E-03  0.16287E-05  0.12773E-04       1  0.25256E-02  0.00000E+00  0.00000E+00  0.61371E-04  0.61371E-06 -0.26229E-04 -0.26229E-06 -0.64743E-05 -0.64743E-07
        0.0200  0.00000E+00  0.00000E+00  0.00000E+00 -0.21864E-05  0.00000E+00  0.00000E+00  0.27679E-02  0.26060E-02  0.24707E-02  0.16286E-03  0.32573E-05  0.82290E-06       2  0.25249E-02  0.00000E+00  0.00000E+00  0.52335E-04  0.11371E-05 -0.25575E-04 -0.51804E-06 -0.67908E-05 -0.13265E-06
        0.0330  0.00000E+00  0.00000E+00  0.00000E+00 -0.21864E-05  0.00000E+00  0.00000E+00  0.27673E-02  0.26059E-02  0.24656E-02  0.16286E-03  0.53744E-05 -0.23369E-04       3  0.25248E-02  0.00000E+00  0.00000E+00  0.31261E-04  0.15435E-05 -0.25781E-04 -0.85319E-06 -0.76225E-05 -0.23174E-06
        0.0499  0.00000E+00  0.00000E+00  0.00000E+00 -0.21864E-05  0.00000E+00  0.00000E+00  0.27664E-02  0.26059E-02  0.24697E-02  0.16286E-03  0.81266E-05 -0.54302E-04       4  0.25249E-02  0.00000E+00  0.00000E+00  0.12255E-04  0.17506E-05 -0.29744E-04 -0.13559E-05 -0.86839E-05 -0.37850E-06
        0.0719  0.00000E+00  0.00000E+00  0.00000E+00 -0.21864E-05  0.00000E+00  0.00000E+00  0.27653E-02  0.26058E-02  0.24758E-02  0.16285E-03  0.11705E-04 -0.88657E-04       5  0.25251E-02  0.00000E+00  0.00000E+00 -0.16100E-04  0.13968E-05 -0.42413E-04 -0.22877E-05 -0.11173E-04 -0.62397E-06
        0.1004  0.00000E+00  0.00000E+00  0.00000E+00 -0.21864E-05  0.00000E+00  0.00000E+00  0.27635E-02  0.26058E-02  0.24816E-02  0.16285E-03  0.16356E-04 -0.12639E-03       6  0.25252E-02  0.00000E+00  0.00000E+00 -0.65267E-04 -0.46723E-06 -0.74438E-04 -0.44137E-05 -0.17391E-04 -0.11207E-05
        0.1376  0.00000E+00  0.00000E+00  0.00000E+00 -0.21864E-05  0.00000E+00  0.00000E+00  0.27605E-02  0.26058E-02  0.24865E-02  0.16285E-03  0.22402E-04 -0.17144E-03       7  0.25254E-02  0.00000E+00  0.00000E+00 -0.14441E-03 -0.58290E-05 -0.14558E-03 -0.98191E-05 -0.33168E-04 -0.23522E-05
        0.1858  0.00000E+00  0.00000E+00  0.00000E+00 -0.21864E-05  0.00000E+00  0.00000E+00  0.27560E-02  0.26058E-02  0.24907E-02  0.16285E-03  0.30263E-04 -0.23277E-03       8  0.25255E-02  0.00000E+00  0.00000E+00 -0.26071E-03 -0.18413E-04 -0.28958E-03 -0.23797E-04 -0.70832E-04 -0.57711E-05
        0.2358  0.00000E+00  0.00000E+00  0.00000E+00 -0.21864E-05  0.00000E+00  0.00000E+00  0.27512E-02  0.26058E-02  0.24936E-02  0.16285E-03  0.38406E-04 -0.30538E-03       9  0.25255E-02  0.00000E+00  0.00000E+00 -0.38289E-03 -0.37558E-04 -0.48949E-03 -0.48271E-04 -0.13054E-03 -0.12298E-04
        0.2858  0.00000E+00  0.00000E+00  0.00000E+00 -0.21864E-05  0.00000E+00  0.00000E+00  0.27472E-02  0.26058E-02  0.24958E-02  0.16285E-03  0.46548E-04 -0.38814E-03      10  0.25256E-02  0.00000E+00  0.00000E+00 -0.48129E-03 -0.61622E-04 -0.72011E-03 -0.84276E-04 -0.20970E-03 -0.22783E-04
        0.3358  0.00000E+00  0.00000E+00  0.00000E+00 -0.21864E-05  0.00000E+00  0.00000E+00  0.27444E-02  0.26058E-02  0.24974E-02  0.16285E-03  0.54691E-04 -0.47269E-03      11  0.25256E-02  0.00000E+00  0.00000E+00 -0.55078E-03 -0.89161E-04 -0.95300E-03 -0.13193E-03 -0.28964E-03 -0.37265E-04
        0.3858  0.00000E+00  0.00000E+00  0.00000E+00 -0.21864E-05  0.00000E+00  0.00000E+00  0.27423E-02  0.26059E-02  0.24986E-02  0.16286E-03  0.62834E-04 -0.54695E-03      12  0.25256E-02  0.00000E+00  0.00000E+00 -0.60656E-03 -0.11949E-03 -0.11727E-02 -0.19056E-03 -0.35474E-03 -0.55002E-04
        0.4358  0.00000E+00  0.00000E+00  0.00000E+00 -0.21864E-05  0.00000E+00  0.00000E+00  0.27407E-02  0.26061E-02  0.24996E-02  0.16287E-03  0.70977E-04 -0.60902E-03      13  0.25256E-02  0.00000E+00  0.00000E+00 -0.64303E-03 -0.15164E-03 -0.13615E-02 -0.25864E-03 -0.40965E-03 -0.75485E-04
        0.4858  0.00000E+00  0.00000E+00  0.00000E+00 -0.21864E-05  0.00000E+00  0.00000E+00  0.27398E-02  0.26063E-02  0.25005E-02  0.16288E-03  0.79121E-04 -0.66148E-03      14  0.25256E-02  0.00000E+00  0.00000E+00 -0.65834E-03 -0.18456E-03 -0.15072E-02 -0.33400E-03 -0.45459E-03 -0.98214E-04
        0.5358  0.00000E+00  0.00000E+00  0.00000E+00 -0.21864E-05  0.00000E+00  0.00000E+00  0.27396E-02  0.26064E-02  0.25011E-02  0.16288E-03  0.87265E-04 -0.70597E-03      15  0.25256E-02  0.00000E+00  0.00000E+00 -0.65108E-03 -0.21711E-03 -0.15996E-02 -0.41397E-03 -0.49204E-03 -0.12282E-03
        0.5858  0.00000E+00  0.00000E+00  0.00000E+00 -0.21864E-05  0.00000E+00  0.00000E+00  0.27401E-02  0.26064E-02  0.25017E-02  0.16288E-03  0.95409E-04 -0.74536E-03      16  0.25257E-02  0.00000E+00  0.00000E+00 -0.62166E-03 -0.24820E-03 -0.16342E-02 -0.49568E-03 -0.52274E-03 -0.14895E-03
        0.6358  0.00000E+00  0.00000E+00  0.00000E+00 -0.21864E-05  0.00000E+00  0.00000E+00  0.27413E-02  0.26064E-02  0.25023E-02  0.16289E-03  0.10355E-03 -0.78254E-03      17  0.25257E-02  0.00000E+00  0.00000E+00 -0.57188E-03 -0.27679E-03 -0.16121E-02 -0.57629E-03 -0.54759E-03 -0.17633E-03
        0.6858  0.00000E+00  0.00000E+00  0.00000E+00 -0.21864E-05  0.00000E+00  0.00000E+00  0.27429E-02  0.26064E-02  0.25027E-02  0.16288E-03  0.11170E-03 -0.82057E-03      18  0.25257E-02  0.00000E+00  0.00000E+00 -0.50507E-03 -0.30204E-03 -0.15392E-02 -0.65325E-03 -0.56765E-03 -0.20472E-03
        0.7358  0.00000E+00  0.00000E+00  0.00000E+00 -0.21864E-05  0.00000E+00  0.00000E+00  0.27451E-02  0.26063E-02  0.25032E-02  0.16288E-03  0.11984E-03 -0.86223E-03      19  0.25257E-02  0.00000E+00  0.00000E+00 -0.42614E-03 -0.32335E-03 -0.14259E-02 -0.72455E-03 -0.58409E-03 -0.23392E-03
        0.7858  0.00000E+00  0.00000E+00  0.00000E+00 -0.21864E-05  0.00000E+00  0.00000E+00  0.27485E-02  0.26061E-02  0.25036E-02  0.16287E-03  0.12798E-03 -0.90634E-03      20  0.25257E-02  0.00000E+00  0.00000E+00 -0.30585E-03 -0.33864E-03 -0.12569E-02 -0.78739E-03 -0.59166E-03 -0.26350E-03
        0.8358  0.00000E+00  0.00000E+00  0.00000E+00 -0.21864E-05  0.00000E+00  0.00000E+00  0.27524E-02  0.26060E-02  0.25041E-02  0.16286E-03  0.13613E-03 -0.93889E-03      21  0.25257E-02  0.00000E+00  0.00000E+00 -0.18688E-03 -0.34799E-03 -0.10561E-02 -0.84019E-03 -0.56042E-03 -0.29152E-03
        0.8858  0.00000E+00  0.00000E+00  0.00000E+00 -0.21864E-05  0.00000E+00  0.00000E+00  0.27560E-02  0.26060E-02  0.25046E-02  0.16286E-03  0.14427E-03 -0.95533E-03      22  0.25257E-02  0.00000E+00  0.00000E+00 -0.79582E-04 -0.35197E-03 -0.84315E-03 -0.88235E-03 -0.50711E-03 -0.31688E-03
        0.9358  0.00000E+00  0.00000E+00  0.00000E+00 -0.21864E-05  0.00000E+00  0.00000E+00  0.27590E-02  0.26060E-02  0.25052E-02  0.16286E-03  0.15241E-03 -0.96245E-03      23  0.25257E-02  0.00000E+00  0.00000E+00  0.81267E-06 -0.35192E-03 -0.64601E-03 -0.91465E-03 -0.43955E-03 -0.33886E-03
        0.9679  0.00000E+00  0.00000E+00  0.00000E+00 -0.21864E-05  0.00000E+00  0.00000E+00  0.27603E-02  0.26060E-02  0.25056E-02  0.16286E-03  0.15764E-03 -0.96374E-03      24  0.25257E-02  0.00000E+00  0.00000E+00  0.36651E-04 -0.35075E-03 -0.53283E-03 -0.93175E-03 -0.39440E-03 -0.35151E-03
        1.0000  0.00000E+00  0.00000E+00  0.00000E+00 -0.21864E-05  0.00000E+00  0.00000E+00  0.27612E-02  0.26059E-02  0.25060E-02  0.16286E-03  0.16287E-03 -0.96430E-03      25  0.25257E-02  0.00000E+00  0.00000E+00  0.68800E-04 -0.34854E-03 -0.44118E-03 -0.94590E-03 -0.34975E-03 -0.36273E-03
end
