 ******* Program HYDRUS
 ******* 
 Welcome to HYDRUS-1D                                                    
 Date:  29. 3.2022    Time:  17:26: 6
 Units: L = cm   , T = days , M = mg   


 Time:        0.0000


 Node      Depth      Head Moisture       K          C         Flux        Sink         Kappa   v/KsTop   Temp   Conc(1..NS) Sorb(1...NS)
           [L]        [L]    [-]        [L/T]      [1/L]      [L/T]        [1/T]         [-]      [-]      [C]      [M/L*3]

   1     0.0000    -194.811 0.2884   0.1308E+01  0.3879E-03  0.3580E-01  0.0000E+00      -1   0.824E-03   20.00  0.1037E-02  0.1244E+00
   2    -3.0000    -191.730 0.2895   0.1344E+01  0.3916E-03  0.2570E-01  0.0000E+00      -1   0.591E-03   20.00  0.1046E-02  0.1256E+00
   3    -6.0000    -188.696 0.2908   0.1411E+01  0.3955E-03  0.5399E-02  0.0000E+00      -1   0.124E-03   20.00  0.1056E-02  0.1267E+00
   4    -9.0000    -185.706 0.2921   0.1478E+01  0.3994E-03 -0.1374E-01  0.1194E-02      -1  -0.316E-03   20.00  0.1057E-02  0.1268E+00
   5   -12.0000    -182.751 0.2933   0.1544E+01  0.4033E-03 -0.3183E-01  0.1195E-02      -1  -0.732E-03   20.00  0.1049E-02  0.1259E+00
   6   -15.0000    -179.829 0.2945   0.1609E+01  0.4071E-03 -0.5003E-01  0.1195E-02      -1  -0.115E-02   20.00  0.1030E-02  0.1236E+00
   7   -18.0000    -176.937 0.2957   0.1673E+01  0.4108E-03 -0.6819E-01  0.1087E-02      -1  -0.157E-02   20.00  0.9962E-03  0.1196E+00
   8   -21.0000    -174.073 0.2969   0.1737E+01  0.4146E-03 -0.8670E-01  0.9519E-03      -1  -0.199E-02   20.00  0.9527E-03  0.1143E+00
   9   -24.0000    -171.236 0.2981   0.1800E+01  0.4183E-03 -0.1054E+00  0.8163E-03      -1  -0.243E-02   20.00  0.9179E-03  0.1101E+00
  10   -27.0000    -168.424 0.2993   0.1863E+01  0.4219E-03 -0.1243E+00  0.6806E-03      -1  -0.286E-02   20.00  0.8978E-03  0.1077E+00
  11   -30.0000    -165.636 0.3004   0.1925E+01  0.4255E-03 -0.1432E+00  0.5447E-03      -1  -0.329E-02   20.00  0.8878E-03  0.1065E+00
  12   -33.0000    -162.870 0.3016   0.1987E+01  0.4291E-03 -0.1624E+00  0.4087E-03      -1  -0.374E-02   20.00  0.8843E-03  0.1061E+00
  13   -36.0000    -160.126 0.3027   0.2048E+01  0.4327E-03 -0.1820E+00  0.2726E-03      -1  -0.419E-02   20.00  0.8834E-03  0.1060E+00
  14   -39.0000    -157.403 0.3039   0.2109E+01  0.4363E-03 -0.2015E+00  0.1363E-03      -1  -0.464E-02   20.00  0.8833E-03  0.1060E+00
  15   -42.0000    -154.699 0.3050   0.2169E+01  0.4398E-03 -0.2209E+00  0.0000E+00      -1  -0.508E-02   20.00  0.8833E-03  0.1060E+00
  16   -45.0000    -152.014 0.3061   0.2229E+01  0.4433E-03 -0.2421E+00  0.0000E+00      -1  -0.557E-02   20.00  0.8833E-03  0.1060E+00
  17   -48.0000    -149.347 0.3074   0.2335E+01  0.4464E-03 -0.2635E+00  0.0000E+00      -1  -0.606E-02   20.00  0.8833E-03  0.1060E+00
  18   -51.0000    -146.691 0.3086   0.2440E+01  0.4494E-03 -0.2852E+00  0.0000E+00      -1  -0.656E-02   20.00  0.8833E-03  0.1060E+00
  19   -54.0000    -144.048 0.3098   0.2546E+01  0.4525E-03 -0.3068E+00  0.0000E+00      -1  -0.706E-02   20.00  0.8833E-03  0.1060E+00
  20   -57.0000    -141.414 0.3110   0.2651E+01  0.4555E-03 -0.3279E+00  0.0000E+00      -1  -0.754E-02   20.00  0.8833E-03  0.1060E+00
  21   -60.0000    -138.790 0.3122   0.2755E+01  0.4586E-03 -0.3491E+00  0.0000E+00      -1  -0.803E-02   20.00  0.8833E-03  0.1060E+00
  22   -63.0000    -136.174 0.3134   0.2859E+01  0.4616E-03 -0.3699E+00  0.0000E+00      -1  -0.851E-02   20.00  0.8833E-03  0.1060E+00
  23   -66.0000    -133.566 0.3146   0.2963E+01  0.4646E-03 -0.3902E+00  0.0000E+00      -1  -0.898E-02   20.00  0.8833E-03  0.1060E+00
  24   -69.0000    -130.964 0.3159   0.3067E+01  0.4676E-03 -0.4100E+00  0.0000E+00      -1  -0.943E-02   20.00  0.8833E-03  0.1060E+00
  25   -72.0000    -128.368 0.3171   0.3171E+01  0.4706E-03 -0.4302E+00  0.0000E+00      -1  -0.990E-02   20.00  0.8833E-03  0.1060E+00
  26   -75.0000    -125.778 0.3183   0.3274E+01  0.4736E-03 -0.4502E+00  0.0000E+00      -1  -0.104E-01   20.00  0.8833E-03  0.1060E+00
  27   -78.0000    -123.193 0.3194   0.3377E+01  0.4766E-03 -0.4688E+00  0.0000E+00      -1  -0.108E-01   20.00  0.8833E-03  0.1060E+00
  28   -81.0000    -120.611 0.3206   0.3480E+01  0.4796E-03 -0.4876E+00  0.0000E+00      -1  -0.112E-01   20.00  0.8833E-03  0.1060E+00
  29   -84.0000    -118.030 0.3219   0.3646E+01  0.4815E-03 -0.5069E+00  0.0000E+00      -1  -0.117E-01   20.00  0.8833E-03  0.1060E+00
  30   -87.0000    -115.445 0.3232   0.3816E+01  0.4833E-03 -0.5260E+00  0.0000E+00      -1  -0.121E-01   20.00  0.8833E-03  0.1060E+00
  31   -90.0000    -112.857 0.3244   0.3987E+01  0.4852E-03 -0.5449E+00  0.0000E+00      -1  -0.125E-01   20.00  0.8833E-03  0.1060E+00
  32   -93.0000    -110.265 0.3257   0.4158E+01  0.4870E-03 -0.5620E+00  0.0000E+00      -1  -0.129E-01   20.00  0.8833E-03  0.1060E+00
  33   -96.0000    -107.668 0.3270   0.4329E+01  0.4889E-03 -0.5794E+00  0.0000E+00      -1  -0.133E-01   20.00  0.8833E-03  0.1060E+00
  34   -99.0000    -105.068 0.3282   0.4501E+01  0.4907E-03 -0.5971E+00  0.0000E+00      -1  -0.137E-01   20.00  0.8833E-03  0.1060E+00
  35  -102.0000    -102.464 0.3295   0.4673E+01  0.4925E-03 -0.6136E+00  0.0000E+00      -1  -0.141E-01   20.00  0.8833E-03  0.1060E+00
  36  -105.0000     -99.856 0.3308   0.4845E+01  0.4944E-03 -0.6290E+00  0.0000E+00      -1  -0.145E-01   20.00  0.8833E-03  0.1060E+00
  37  -108.0000     -97.243 0.3321   0.5017E+01  0.4963E-03 -0.6439E+00  0.0000E+00      -1  -0.148E-01   20.00  0.8833E-03  0.1060E+00
  38  -111.0000     -94.625 0.3334   0.5220E+01  0.4975E-03 -0.6595E+00  0.0000E+00      -1  -0.152E-01   20.00  0.8833E-03  0.1060E+00
  39  -114.0000     -91.999 0.3347   0.5486E+01  0.4974E-03 -0.6746E+00  0.0000E+00      -1  -0.155E-01   20.00  0.8833E-03  0.1060E+00
  40  -117.0000     -89.363 0.3360   0.5754E+01  0.4972E-03 -0.6884E+00  0.0000E+00      -1  -0.158E-01   20.00  0.8833E-03  0.1060E+00
  41  -120.0000     -86.717 0.3373   0.6023E+01  0.4971E-03 -0.7015E+00  0.0000E+00      -1  -0.161E-01   20.00  0.8833E-03  0.1060E+00
  42  -123.0000     -84.062 0.3386   0.6293E+01  0.4970E-03 -0.7151E+00  0.0000E+00      -1  -0.165E-01   20.00  0.8833E-03  0.1060E+00
  43  -126.0000     -81.399 0.3400   0.6563E+01  0.4969E-03 -0.7284E+00  0.0000E+00      -1  -0.168E-01   20.00  0.8833E-03  0.1060E+00
  44  -129.0000     -78.728 0.3413   0.6835E+01  0.4968E-03 -0.7403E+00  0.0000E+00      -1  -0.170E-01   20.00  0.8833E-03  0.1060E+00
  45  -132.0000     -76.049 0.3426   0.7107E+01  0.4966E-03 -0.7511E+00  0.0000E+00      -1  -0.173E-01   20.00  0.8833E-03  0.1060E+00
  46  -135.0000     -73.360 0.3440   0.7483E+01  0.4942E-03 -0.7622E+00  0.0000E+00      -1  -0.175E-01   20.00  0.8833E-03  0.1060E+00
  47  -138.0000     -70.660 0.3453   0.7880E+01  0.4914E-03 -0.7732E+00  0.0000E+00      -1  -0.178E-01   20.00  0.8833E-03  0.1060E+00
  48  -141.0000     -67.949 0.3466   0.8277E+01  0.4885E-03 -0.7833E+00  0.0000E+00      -1  -0.180E-01   20.00  0.8833E-03  0.1060E+00
  49  -144.0000     -65.228 0.3479   0.8677E+01  0.4856E-03 -0.7922E+00  0.0000E+00      -1  -0.182E-01   20.00  0.8833E-03  0.1060E+00
  50  -147.0000     -62.497 0.3493   0.9077E+01  0.4827E-03 -0.8018E+00  0.0000E+00      -1  -0.184E-01   20.00  0.8833E-03  0.1060E+00
  51  -150.0000     -59.758 0.3506   0.9489E+01  0.4796E-03 -0.8107E+00  0.0000E+00      -1  -0.187E-01   20.00  0.8833E-03  0.1060E+00
  52  -153.0000     -57.008 0.3519   0.1004E+02  0.4735E-03 -0.8179E+00  0.0000E+00      -1  -0.188E-01   20.00  0.8833E-03  0.1060E+00
  53  -156.0000     -54.247 0.3532   0.1060E+02  0.4673E-03 -0.8260E+00  0.0000E+00      -1  -0.190E-01   20.00  0.8833E-03  0.1060E+00
  54  -159.0000     -51.476 0.3545   0.1115E+02  0.4611E-03 -0.8322E+00  0.0000E+00      -1  -0.191E-01   20.00  0.8833E-03  0.1060E+00
  55  -162.0000     -48.695 0.3558   0.1171E+02  0.4549E-03 -0.8385E+00  0.0000E+00      -1  -0.193E-01   20.00  0.8833E-03  0.1060E+00
  56  -165.0000     -45.905 0.3570   0.1237E+02  0.4466E-03 -0.8480E+00  0.0000E+00      -1  -0.195E-01   20.00  0.8833E-03  0.1060E+00
  57  -168.0000     -43.106 0.3583   0.1310E+02  0.4367E-03 -0.8532E+00  0.0000E+00      -1  -0.196E-01   20.00  0.8833E-03  0.1060E+00
  58  -171.0000     -40.296 0.3595   0.1384E+02  0.4268E-03 -0.8577E+00  0.0000E+00      -1  -0.197E-01   20.00  0.8833E-03  0.1060E+00
  59  -174.0000     -37.478 0.3607   0.1459E+02  0.4167E-03 -0.8628E+00  0.0000E+00      -1  -0.199E-01   20.00  0.8833E-03  0.1060E+00
  60  -177.0000     -34.650 0.3618   0.1553E+02  0.4030E-03 -0.8662E+00  0.0000E+00      -1  -0.199E-01   20.00  0.8833E-03  0.1060E+00
  61  -180.0000     -31.813 0.3630   0.1646E+02  0.3893E-03 -0.8729E+00  0.0000E+00      -1  -0.201E-01   20.00  0.8833E-03  0.1060E+00
  62  -183.0000     -28.968 0.3641   0.1747E+02  0.3744E-03 -0.8776E+00  0.0000E+00      -1  -0.202E-01   20.00  0.8833E-03  0.1060E+00
  63  -186.0000     -26.114 0.3651   0.1863E+02  0.3568E-03 -0.8782E+00  0.0000E+00      -1  -0.202E-01   20.00  0.8833E-03  0.1060E+00
  64  -189.0000     -23.251 0.3661   0.1982E+02  0.3387E-03 -0.8803E+00  0.0000E+00      -1  -0.203E-01   20.00  0.8833E-03  0.1060E+00
  65  -192.0000     -20.380 0.3671   0.2122E+02  0.3172E-03 -0.8845E+00  0.0000E+00      -1  -0.204E-01   20.00  0.8833E-03  0.1060E+00
  66  -195.0000     -17.501 0.3679   0.2273E+02  0.2940E-03 -0.8912E+00  0.0000E+00      -1  -0.205E-01   20.00  0.8833E-03  0.1060E+00
  67  -198.0000     -14.615 0.3688   0.2442E+02  0.2682E-03 -0.8923E+00  0.0000E+00      -1  -0.205E-01   20.00  0.8833E-03  0.1060E+00
  68  -201.0000     -11.720 0.3695   0.2636E+02  0.2385E-03 -0.8891E+00  0.0000E+00      -1  -0.205E-01   20.00  0.8833E-03  0.1060E+00
  69  -204.0000      -8.817 0.3701   0.2867E+02  0.2040E-03 -0.8955E+00  0.0000E+00      -1  -0.206E-01   20.00  0.8833E-03  0.1060E+00
  70  -207.0000      -5.907 0.3707   0.3142E+02  0.1635E-03 -0.8941E+00  0.0000E+00      -1  -0.206E-01   20.00  0.8833E-03  0.1060E+00
  71  -210.0000      -2.987 0.3711   0.3510E+02  0.1112E-03 -0.8964E+00  0.0000E+00      -1  -0.206E-01   20.00  0.8833E-03  0.1060E+00
  72  -213.0000      -0.057 0.3713   0.4255E+02  0.1160E-04 -0.8974E+00  0.0000E+00      -1  -0.206E-01   20.00  0.8833E-03  0.1060E+00
  73  -216.0000       2.881 0.3713   0.4346E+02  0.0000E+00 -0.8935E+00  0.0000E+00      -1  -0.206E-01   20.00  0.8833E-03  0.1060E+00
  74  -219.0000       5.819 0.3713   0.4346E+02  0.0000E+00 -0.8982E+00  0.0000E+00      -1  -0.207E-01   20.00  0.8833E-03  0.1060E+00
  75  -222.0000       8.757 0.3713   0.4346E+02  0.0000E+00 -0.8982E+00  0.0000E+00      -1  -0.207E-01   20.00  0.8833E-03  0.1060E+00
  76  -225.0000      11.695 0.3713   0.4346E+02  0.0000E+00 -0.8982E+00  0.0000E+00      -1  -0.207E-01   20.00  0.8833E-03  0.1060E+00
  77  -228.0000      14.633 0.3713   0.4346E+02  0.0000E+00 -0.8910E+00  0.0000E+00      -1  -0.205E-01   20.00  0.8833E-03  0.1060E+00
  78  -231.0000      17.572 0.3713   0.4346E+02  0.0000E+00 -0.8910E+00  0.0000E+00      -1  -0.205E-01   20.00  0.8833E-03  0.1060E+00
  79  -234.0000      20.510 0.3713   0.4346E+02  0.0000E+00 -0.8982E+00  0.0000E+00      -1  -0.207E-01   20.00  0.8833E-03  0.1060E+00
  80  -237.0000      23.448 0.3713   0.4346E+02  0.0000E+00 -0.8982E+00  0.0000E+00      -1  -0.207E-01   20.00  0.8833E-03  0.1060E+00
  81  -240.0000      26.386 0.3713   0.4346E+02  0.0000E+00 -0.8982E+00  0.0000E+00      -1  -0.207E-01   20.00  0.8833E-03  0.1060E+00
  82  -243.0000      29.324 0.3713   0.4346E+02  0.0000E+00 -0.8982E+00  0.0000E+00      -1  -0.207E-01   20.00  0.8833E-03  0.1060E+00
  83  -246.0000      32.262 0.3713   0.4346E+02  0.0000E+00 -0.8982E+00  0.0000E+00      -1  -0.207E-01   20.00  0.8833E-03  0.1060E+00
  84  -249.0000      35.200 0.3713   0.4346E+02  0.0000E+00 -0.8982E+00  0.0000E+00      -1  -0.207E-01   20.00  0.8833E-03  0.1060E+00
  85  -252.0000      38.138 0.3713   0.4346E+02  0.0000E+00 -0.8982E+00  0.0000E+00      -1  -0.207E-01   20.00  0.8833E-03  0.1060E+00
  86  -255.0000      41.076 0.3713   0.4346E+02  0.0000E+00 -0.8910E+00  0.0000E+00      -1  -0.205E-01   20.00  0.8833E-03  0.1060E+00
  87  -258.0000      44.015 0.3713   0.4346E+02  0.0000E+00 -0.8910E+00  0.0000E+00      -1  -0.205E-01   20.00  0.8833E-03  0.1060E+00
  88  -261.0000      46.953 0.3713   0.4346E+02  0.0000E+00 -0.8982E+00  0.0000E+00      -1  -0.207E-01   20.00  0.8833E-03  0.1060E+00
  89  -264.0000      49.891 0.3713   0.4346E+02  0.0000E+00 -0.8982E+00  0.0000E+00      -1  -0.207E-01   20.00  0.8833E-03  0.1060E+00
  90  -267.0000      52.829 0.3713   0.4346E+02  0.0000E+00 -0.8982E+00  0.0000E+00      -1  -0.207E-01   20.00  0.8833E-03  0.1060E+00
  91  -270.0000      55.767 0.3713   0.4346E+02  0.0000E+00 -0.8982E+00  0.0000E+00      -1  -0.207E-01   20.00  0.8833E-03  0.1060E+00
  92  -273.0000      58.705 0.3713   0.4346E+02  0.0000E+00 -0.8982E+00  0.0000E+00      -1  -0.207E-01   20.00  0.8833E-03  0.1060E+00
  93  -276.0000      61.643 0.3713   0.4346E+02  0.0000E+00 -0.8982E+00  0.0000E+00      -1  -0.207E-01   20.00  0.8833E-03  0.1060E+00
  94  -279.0000      64.581 0.3713   0.4346E+02  0.0000E+00 -0.8910E+00  0.0000E+00      -1  -0.205E-01   20.00  0.8833E-03  0.1060E+00
  95  -282.0000      67.520 0.3713   0.4346E+02  0.0000E+00 -0.8910E+00  0.0000E+00      -1  -0.205E-01   20.00  0.8833E-03  0.1060E+00
  96  -285.0000      70.458 0.3713   0.4346E+02  0.0000E+00 -0.8982E+00  0.0000E+00      -1  -0.207E-01   20.00  0.8833E-03  0.1060E+00
  97  -288.0000      73.396 0.3713   0.4346E+02  0.0000E+00 -0.8982E+00  0.0000E+00      -1  -0.207E-01   20.00  0.8833E-03  0.1060E+00
  98  -291.0000      76.334 0.3713   0.4346E+02  0.0000E+00 -0.8982E+00  0.0000E+00      -1  -0.207E-01   20.00  0.8832E-03  0.1060E+00
  99  -294.0000      79.272 0.3713   0.4346E+02  0.0000E+00 -0.8982E+00  0.0000E+00      -1  -0.207E-01   20.00  0.8825E-03  0.1059E+00
 100  -297.0000      82.210 0.3713   0.4346E+02  0.0000E+00 -0.8982E+00  0.0000E+00      -1  -0.207E-01   20.00  0.8813E-03  0.1058E+00
 101  -300.0000      85.148 0.3713   0.4346E+02  0.0000E+00 -0.8982E+00  0.0000E+00      -1  -0.207E-01   20.00  0.8813E-03  0.1056E+00
end


 Time:        1.0000


 Node      Depth      Head Moisture       K          C         Flux        Sink         Kappa   v/KsTop   Temp   Conc(1..NS) Sorb(1...NS)
           [L]        [L]    [-]        [L/T]      [1/L]      [L/T]        [1/T]         [-]      [-]      [C]      [M/L*3]

   1     0.0000    -217.590 0.2802   0.1045E+01  0.3603E-03  0.7604E-01  0.0000E+00      -1   0.175E-02   20.00  0.1040E-02  0.1246E+00
   2    -3.0000    -214.369 0.2814   0.1082E+01  0.3642E-03  0.8035E-01  0.0000E+00      -1   0.185E-02   20.00  0.1046E-02  0.1256E+00
   3    -6.0000    -211.145 0.2825   0.1120E+01  0.3681E-03  0.8457E-01  0.0000E+00      -1   0.195E-02   20.00  0.1056E-02  0.1267E+00
   4    -9.0000    -207.916 0.2837   0.1157E+01  0.3720E-03  0.9034E-01  0.1188E-02      -1   0.208E-02   20.00  0.1056E-02  0.1268E+00
   5   -12.0000    -204.676 0.2849   0.1194E+01  0.3759E-03  0.9756E-01  0.1189E-02      -1   0.224E-02   20.00  0.1049E-02  0.1259E+00
   6   -15.0000    -201.426 0.2860   0.1231E+01  0.3799E-03  0.1043E+00  0.1190E-02      -1   0.240E-02   20.00  0.1030E-02  0.1236E+00
   7   -18.0000    -198.168 0.2872   0.1269E+01  0.3838E-03  0.1104E+00  0.1083E-02      -1   0.254E-02   20.00  0.9963E-03  0.1196E+00
   8   -21.0000    -194.904 0.2884   0.1307E+01  0.3878E-03  0.1155E+00  0.9480E-03      -1   0.266E-02   20.00  0.9528E-03  0.1143E+00
   9   -24.0000    -191.638 0.2896   0.1346E+01  0.3917E-03  0.1197E+00  0.8131E-03      -1   0.275E-02   20.00  0.9180E-03  0.1101E+00
  10   -27.0000    -188.374 0.2909   0.1419E+01  0.3960E-03  0.1227E+00  0.6781E-03      -1   0.282E-02   20.00  0.8978E-03  0.1077E+00
  11   -30.0000    -185.118 0.2923   0.1491E+01  0.4002E-03  0.1246E+00  0.5428E-03      -1   0.287E-02   20.00  0.8877E-03  0.1065E+00
  12   -33.0000    -181.872 0.2937   0.1563E+01  0.4044E-03  0.1252E+00  0.4074E-03      -1   0.288E-02   20.00  0.8842E-03  0.1061E+00
  13   -36.0000    -178.637 0.2950   0.1635E+01  0.4086E-03  0.1246E+00  0.2717E-03      -1   0.287E-02   20.00  0.8834E-03  0.1060E+00
  14   -39.0000    -175.415 0.2964   0.1707E+01  0.4128E-03  0.1228E+00  0.1360E-03      -1   0.283E-02   20.00  0.8833E-03  0.1060E+00
  15   -42.0000    -172.206 0.2977   0.1779E+01  0.4170E-03  0.1199E+00  0.0000E+00      -1   0.276E-02   20.00  0.8833E-03  0.1060E+00
  16   -45.0000    -169.010 0.2990   0.1850E+01  0.4212E-03  0.1161E+00  0.0000E+00      -1   0.267E-02   20.00  0.8833E-03  0.1060E+00
  17   -48.0000    -165.829 0.3004   0.1921E+01  0.4253E-03  0.1116E+00  0.0000E+00      -1   0.257E-02   20.00  0.8833E-03  0.1060E+00
  18   -51.0000    -162.661 0.3017   0.1991E+01  0.4294E-03  0.1066E+00  0.0000E+00      -1   0.245E-02   20.00  0.8833E-03  0.1060E+00
  19   -54.0000    -159.507 0.3030   0.2062E+01  0.4335E-03  0.1010E+00  0.0000E+00      -1   0.232E-02   20.00  0.8833E-03  0.1060E+00
  20   -57.0000    -156.367 0.3043   0.2132E+01  0.4376E-03  0.9503E-01  0.0000E+00      -1   0.219E-02   20.00  0.8833E-03  0.1060E+00
  21   -60.0000    -153.240 0.3056   0.2201E+01  0.4417E-03  0.8860E-01  0.0000E+00      -1   0.204E-02   20.00  0.8833E-03  0.1060E+00
  22   -63.0000    -150.126 0.3070   0.2303E+01  0.4455E-03  0.8145E-01  0.0000E+00      -1   0.187E-02   20.00  0.8833E-03  0.1060E+00
  23   -66.0000    -147.028 0.3084   0.2427E+01  0.4490E-03  0.7363E-01  0.0000E+00      -1   0.169E-02   20.00  0.8833E-03  0.1060E+00
  24   -69.0000    -143.944 0.3099   0.2550E+01  0.4526E-03  0.6556E-01  0.0000E+00      -1   0.151E-02   20.00  0.8833E-03  0.1060E+00
  25   -72.0000    -140.873 0.3113   0.2672E+01  0.4562E-03  0.5730E-01  0.0000E+00      -1   0.132E-02   20.00  0.8833E-03  0.1060E+00
  26   -75.0000    -137.815 0.3127   0.2794E+01  0.4597E-03  0.4890E-01  0.0000E+00      -1   0.113E-02   20.00  0.8833E-03  0.1060E+00
  27   -78.0000    -134.768 0.3141   0.2915E+01  0.4632E-03  0.4042E-01  0.0000E+00      -1   0.930E-03   20.00  0.8833E-03  0.1060E+00
  28   -81.0000    -131.731 0.3155   0.3036E+01  0.4667E-03  0.3190E-01  0.0000E+00      -1   0.734E-03   20.00  0.8833E-03  0.1060E+00
  29   -84.0000    -128.704 0.3169   0.3157E+01  0.4702E-03  0.2339E-01  0.0000E+00      -1   0.538E-03   20.00  0.8833E-03  0.1060E+00
  30   -87.0000    -125.687 0.3183   0.3277E+01  0.4737E-03  0.1491E-01  0.0000E+00      -1   0.343E-03   20.00  0.8833E-03  0.1060E+00
  31   -90.0000    -122.677 0.3197   0.3397E+01  0.4772E-03  0.6519E-02  0.0000E+00      -1   0.150E-03   20.00  0.8833E-03  0.1060E+00
  32   -93.0000    -119.675 0.3211   0.3537E+01  0.4803E-03 -0.2017E-02  0.0000E+00      -1  -0.464E-04   20.00  0.8833E-03  0.1060E+00
  33   -96.0000    -116.680 0.3226   0.3735E+01  0.4825E-03 -0.1067E-01  0.0000E+00      -1  -0.245E-03   20.00  0.8833E-03  0.1060E+00
  34   -99.0000    -113.692 0.3240   0.3932E+01  0.4846E-03 -0.1916E-01  0.0000E+00      -1  -0.441E-03   20.00  0.8833E-03  0.1060E+00
  35  -102.0000    -110.709 0.3255   0.4128E+01  0.4867E-03 -0.2746E-01  0.0000E+00      -1  -0.632E-03   20.00  0.8833E-03  0.1060E+00
  36  -105.0000    -107.732 0.3269   0.4325E+01  0.4888E-03 -0.3557E-01  0.0000E+00      -1  -0.818E-03   20.00  0.8833E-03  0.1060E+00
  37  -108.0000    -104.759 0.3284   0.4521E+01  0.4909E-03 -0.4346E-01  0.0000E+00      -1  -0.100E-02   20.00  0.8833E-03  0.1060E+00
  38  -111.0000    -101.789 0.3299   0.4717E+01  0.4930E-03 -0.5113E-01  0.0000E+00      -1  -0.118E-02   20.00  0.8833E-03  0.1060E+00
  39  -114.0000     -98.824 0.3313   0.4913E+01  0.4951E-03 -0.5858E-01  0.0000E+00      -1  -0.135E-02   20.00  0.8833E-03  0.1060E+00
  40  -117.0000     -95.861 0.3328   0.5108E+01  0.4972E-03 -0.6577E-01  0.0000E+00      -1  -0.151E-02   20.00  0.8833E-03  0.1060E+00
  41  -120.0000     -92.900 0.3342   0.5394E+01  0.4974E-03 -0.7277E-01  0.0000E+00      -1  -0.167E-02   20.00  0.8833E-03  0.1060E+00
  42  -123.0000     -89.942 0.3357   0.5695E+01  0.4973E-03 -0.7959E-01  0.0000E+00      -1  -0.183E-02   20.00  0.8833E-03  0.1060E+00
  43  -126.0000     -86.984 0.3372   0.5996E+01  0.4971E-03 -0.8615E-01  0.0000E+00      -1  -0.198E-02   20.00  0.8833E-03  0.1060E+00
  44  -129.0000     -84.028 0.3387   0.6296E+01  0.4970E-03 -0.9246E-01  0.0000E+00      -1  -0.213E-02   20.00  0.8833E-03  0.1060E+00
  45  -132.0000     -81.072 0.3401   0.6596E+01  0.4969E-03 -0.9852E-01  0.0000E+00      -1  -0.227E-02   20.00  0.8833E-03  0.1060E+00
  46  -135.0000     -78.117 0.3416   0.6897E+01  0.4967E-03 -0.1043E+00  0.0000E+00      -1  -0.240E-02   20.00  0.8833E-03  0.1060E+00
  47  -138.0000     -75.163 0.3431   0.7218E+01  0.4961E-03 -0.1098E+00  0.0000E+00      -1  -0.253E-02   20.00  0.8833E-03  0.1060E+00
  48  -141.0000     -72.208 0.3445   0.7652E+01  0.4930E-03 -0.1151E+00  0.0000E+00      -1  -0.265E-02   20.00  0.8833E-03  0.1060E+00
  49  -144.0000     -69.253 0.3460   0.8086E+01  0.4899E-03 -0.1201E+00  0.0000E+00      -1  -0.276E-02   20.00  0.8833E-03  0.1060E+00
  50  -147.0000     -66.298 0.3474   0.8519E+01  0.4868E-03 -0.1248E+00  0.0000E+00      -1  -0.287E-02   20.00  0.8833E-03  0.1060E+00
  51  -150.0000     -63.341 0.3489   0.8953E+01  0.4836E-03 -0.1294E+00  0.0000E+00      -1  -0.298E-02   20.00  0.8833E-03  0.1060E+00
  52  -153.0000     -60.384 0.3503   0.9387E+01  0.4805E-03 -0.1337E+00  0.0000E+00      -1  -0.308E-02   20.00  0.8833E-03  0.1060E+00
  53  -156.0000     -57.426 0.3517   0.9957E+01  0.4744E-03 -0.1378E+00  0.0000E+00      -1  -0.317E-02   20.00  0.8833E-03  0.1060E+00
  54  -159.0000     -54.467 0.3531   0.1055E+02  0.4678E-03 -0.1415E+00  0.0000E+00      -1  -0.326E-02   20.00  0.8833E-03  0.1060E+00
  55  -162.0000     -51.507 0.3545   0.1114E+02  0.4612E-03 -0.1451E+00  0.0000E+00      -1  -0.334E-02   20.00  0.8833E-03  0.1060E+00
  56  -165.0000     -48.545 0.3559   0.1174E+02  0.4545E-03 -0.1485E+00  0.0000E+00      -1  -0.342E-02   20.00  0.8833E-03  0.1060E+00
  57  -168.0000     -45.583 0.3572   0.1245E+02  0.4454E-03 -0.1516E+00  0.0000E+00      -1  -0.349E-02   20.00  0.8833E-03  0.1060E+00
  58  -171.0000     -42.618 0.3585   0.1323E+02  0.4350E-03 -0.1544E+00  0.0000E+00      -1  -0.355E-02   20.00  0.8833E-03  0.1060E+00
  59  -174.0000     -39.653 0.3598   0.1401E+02  0.4246E-03 -0.1571E+00  0.0000E+00      -1  -0.362E-02   20.00  0.8833E-03  0.1060E+00
  60  -177.0000     -36.686 0.3610   0.1485E+02  0.4129E-03 -0.1596E+00  0.0000E+00      -1  -0.367E-02   20.00  0.8833E-03  0.1060E+00
  61  -180.0000     -33.717 0.3622   0.1583E+02  0.3985E-03 -0.1618E+00  0.0000E+00      -1  -0.372E-02   20.00  0.8833E-03  0.1060E+00
  62  -183.0000     -30.747 0.3634   0.1682E+02  0.3842E-03 -0.1640E+00  0.0000E+00      -1  -0.377E-02   20.00  0.8833E-03  0.1060E+00
  63  -186.0000     -27.775 0.3645   0.1795E+02  0.3671E-03 -0.1659E+00  0.0000E+00      -1  -0.382E-02   20.00  0.8833E-03  0.1060E+00
  64  -189.0000     -24.802 0.3656   0.1916E+02  0.3488E-03 -0.1676E+00  0.0000E+00      -1  -0.386E-02   20.00  0.8833E-03  0.1060E+00
  65  -192.0000     -21.828 0.3666   0.2052E+02  0.3280E-03 -0.1692E+00  0.0000E+00      -1  -0.389E-02   20.00  0.8833E-03  0.1060E+00
  66  -195.0000     -18.852 0.3675   0.2197E+02  0.3057E-03 -0.1706E+00  0.0000E+00      -1  -0.392E-02   20.00  0.8833E-03  0.1060E+00
  67  -198.0000     -15.874 0.3684   0.2367E+02  0.2796E-03 -0.1718E+00  0.0000E+00      -1  -0.395E-02   20.00  0.8833E-03  0.1060E+00
  68  -201.0000     -12.895 0.3692   0.2557E+02  0.2506E-03 -0.1729E+00  0.0000E+00      -1  -0.398E-02   20.00  0.8833E-03  0.1060E+00
  69  -204.0000      -9.915 0.3699   0.2776E+02  0.2176E-03 -0.1738E+00  0.0000E+00      -1  -0.400E-02   20.00  0.8833E-03  0.1060E+00
  70  -207.0000      -6.933 0.3705   0.3039E+02  0.1786E-03 -0.1745E+00  0.0000E+00      -1  -0.401E-02   20.00  0.8833E-03  0.1060E+00
  71  -210.0000      -3.949 0.3710   0.3375E+02  0.1302E-03 -0.1750E+00  0.0000E+00      -1  -0.403E-02   20.00  0.8833E-03  0.1060E+00
  72  -213.0000      -0.964 0.3713   0.3897E+02  0.5837E-04 -0.1753E+00  0.0000E+00      -1  -0.403E-02   20.00  0.8833E-03  0.1060E+00
  73  -216.0000       2.024 0.3713   0.4346E+02  0.0000E+00 -0.1754E+00  0.0000E+00      -1  -0.404E-02   20.00  0.8833E-03  0.1060E+00
  74  -219.0000       5.011 0.3713   0.4346E+02  0.0000E+00 -0.1754E+00  0.0000E+00      -1  -0.404E-02   20.00  0.8833E-03  0.1060E+00
  75  -222.0000       7.999 0.3713   0.4346E+02  0.0000E+00 -0.1754E+00  0.0000E+00      -1  -0.404E-02   20.00  0.8833E-03  0.1060E+00
  76  -225.0000      10.987 0.3713   0.4346E+02  0.0000E+00 -0.1754E+00  0.0000E+00      -1  -0.404E-02   20.00  0.8833E-03  0.1060E+00
  77  -228.0000      13.975 0.3713   0.4346E+02  0.0000E+00 -0.1754E+00  0.0000E+00      -1  -0.404E-02   20.00  0.8833E-03  0.1060E+00
  78  -231.0000      16.963 0.3713   0.4346E+02  0.0000E+00 -0.1754E+00  0.0000E+00      -1  -0.404E-02   20.00  0.8833E-03  0.1060E+00
  79  -234.0000      19.951 0.3713   0.4346E+02  0.0000E+00 -0.1754E+00  0.0000E+00      -1  -0.404E-02   20.00  0.8833E-03  0.1060E+00
  80  -237.0000      22.939 0.3713   0.4346E+02  0.0000E+00 -0.1754E+00  0.0000E+00      -1  -0.404E-02   20.00  0.8833E-03  0.1060E+00
  81  -240.0000      25.927 0.3713   0.4346E+02  0.0000E+00 -0.1754E+00  0.0000E+00      -1  -0.404E-02   20.00  0.8833E-03  0.1060E+00
  82  -243.0000      28.915 0.3713   0.4346E+02  0.0000E+00 -0.1754E+00  0.0000E+00      -1  -0.404E-02   20.00  0.8833E-03  0.1060E+00
  83  -246.0000      31.902 0.3713   0.4346E+02  0.0000E+00 -0.1754E+00  0.0000E+00      -1  -0.404E-02   20.00  0.8833E-03  0.1060E+00
  84  -249.0000      34.890 0.3713   0.4346E+02  0.0000E+00 -0.1754E+00  0.0000E+00      -1  -0.404E-02   20.00  0.8833E-03  0.1060E+00
  85  -252.0000      37.878 0.3713   0.4346E+02  0.0000E+00 -0.1754E+00  0.0000E+00      -1  -0.404E-02   20.00  0.8833E-03  0.1060E+00
  86  -255.0000      40.866 0.3713   0.4346E+02  0.0000E+00 -0.1754E+00  0.0000E+00      -1  -0.404E-02   20.00  0.8833E-03  0.1060E+00
  87  -258.0000      43.854 0.3713   0.4346E+02  0.0000E+00 -0.1754E+00  0.0000E+00      -1  -0.404E-02   20.00  0.8833E-03  0.1060E+00
  88  -261.0000      46.842 0.3713   0.4346E+02  0.0000E+00 -0.1754E+00  0.0000E+00      -1  -0.404E-02   20.00  0.8833E-03  0.1060E+00
  89  -264.0000      49.830 0.3713   0.4346E+02  0.0000E+00 -0.1754E+00  0.0000E+00      -1  -0.404E-02   20.00  0.8833E-03  0.1060E+00
  90  -267.0000      52.818 0.3713   0.4346E+02  0.0000E+00 -0.1754E+00  0.0000E+00      -1  -0.404E-02   20.00  0.8833E-03  0.1060E+00
  91  -270.0000      55.806 0.3713   0.4346E+02  0.0000E+00 -0.1754E+00  0.0000E+00      -1  -0.404E-02   20.00  0.8833E-03  0.1060E+00
  92  -273.0000      58.793 0.3713   0.4346E+02  0.0000E+00 -0.1754E+00  0.0000E+00      -1  -0.404E-02   20.00  0.8833E-03  0.1060E+00
  93  -276.0000      61.781 0.3713   0.4346E+02  0.0000E+00 -0.1754E+00  0.0000E+00      -1  -0.404E-02   20.00  0.8833E-03  0.1060E+00
  94  -279.0000      64.769 0.3713   0.4346E+02  0.0000E+00 -0.1754E+00  0.0000E+00      -1  -0.404E-02   20.00  0.8833E-03  0.1060E+00
  95  -282.0000      67.757 0.3713   0.4346E+02  0.0000E+00 -0.1754E+00  0.0000E+00      -1  -0.404E-02   20.00  0.8833E-03  0.1060E+00
  96  -285.0000      70.745 0.3713   0.4346E+02  0.0000E+00 -0.1754E+00  0.0000E+00      -1  -0.404E-02   20.00  0.8833E-03  0.1060E+00
  97  -288.0000      73.733 0.3713   0.4346E+02  0.0000E+00 -0.1755E+00  0.0000E+00      -1  -0.404E-02   20.00  0.8834E-03  0.1060E+00
  98  -291.0000      76.721 0.3713   0.4346E+02  0.0000E+00 -0.1755E+00  0.0000E+00      -1  -0.404E-02   20.00  0.8833E-03  0.1060E+00
  99  -294.0000      79.709 0.3713   0.4346E+02  0.0000E+00 -0.1754E+00  0.0000E+00      -1  -0.404E-02   20.00  0.8826E-03  0.1059E+00
 100  -297.0000      82.697 0.3713   0.4346E+02  0.0000E+00 -0.1755E+00  0.0000E+00      -1  -0.404E-02   20.00  0.8814E-03  0.1058E+00
 101  -300.0000      85.684 0.3713   0.4346E+02  0.0000E+00 -0.1755E+00  0.0000E+00      -1  -0.404E-02   20.00  0.8814E-03  0.1057E+00
end
