 All solute fluxes and cumulative solute fluxes are positive into the region

       Time         cvTop        cvBot      Sum(cvTop)   Sum(cvBot)     cvCh0        cvCh1         cTop        cRoot         cBot        cvRoot    Sum(cvRoot)  Sum(cvNEql) TLevel      cGWL        cRunOff   Sum(cRunOff)    (cv(i),    Sum(cv(i)), i=1,NObs)
        [T]        [M/L2/T]     [M/L2/T]      [M/L2]       [M/L2]       [M/L2]      [M/L2]        [M/L3]      [M/L3]        [M/L3]      [M/L2/T]      [M/L2]       [M/L2]              [M/L3]        [M/L2]      [M/L3]      [M/L2/T]      [M/L2]
        0.0100  0.00000E+00 -0.71710E-03  0.00000E+00 -0.71710E-05  0.00000E+00  0.00000E+00  0.10377E-02  0.94904E-03  0.88147E-03  0.19330E-04  0.19330E-06 -0.26107E-05       1  0.88322E-03  0.00000E+00  0.00000E+00  0.10464E-03  0.10464E-05 -0.20799E-03 -0.20799E-05 -0.17681E-03 -0.17681E-05
        0.0230  0.00000E+00 -0.65042E-03  0.00000E+00 -0.15627E-04  0.00000E+00  0.00000E+00  0.10377E-02  0.94893E-03  0.88143E-03  0.19328E-04  0.44456E-06  0.12682E-05       2  0.88321E-03  0.00000E+00  0.00000E+00  0.10371E-03  0.23946E-05 -0.20096E-03 -0.46924E-05 -0.17499E-03 -0.40430E-05
        0.0399  0.00000E+00 -0.66201E-03  0.00000E+00 -0.26814E-04  0.00000E+00  0.00000E+00  0.10378E-02  0.94896E-03  0.88145E-03  0.19328E-04  0.77120E-06  0.51674E-05       3  0.88322E-03  0.00000E+00  0.00000E+00  0.10315E-03  0.41379E-05 -0.19074E-03 -0.79159E-05 -0.17188E-03 -0.69479E-05
        0.0619  0.00000E+00 -0.66386E-03  0.00000E+00 -0.41400E-04  0.00000E+00  0.00000E+00  0.10378E-02  0.94895E-03  0.88144E-03  0.19328E-04  0.11958E-05  0.10464E-04       4  0.88321E-03  0.00000E+00  0.00000E+00  0.10199E-03  0.63785E-05 -0.18004E-03 -0.11871E-04 -0.16752E-03 -0.10628E-04
        0.0904  0.00000E+00 -0.65636E-03  0.00000E+00 -0.60146E-04  0.00000E+00  0.00000E+00  0.10378E-02  0.94896E-03  0.88145E-03  0.19328E-04  0.17479E-05  0.16892E-04       5  0.88321E-03  0.00000E+00  0.00000E+00  0.99813E-04  0.92293E-05 -0.16878E-03 -0.16692E-04 -0.16163E-03 -0.15244E-04
        0.1276  0.00000E+00 -0.64146E-03  0.00000E+00 -0.83963E-04  0.00000E+00  0.00000E+00  0.10378E-02  0.94895E-03  0.88145E-03  0.19328E-04  0.24655E-05  0.24989E-04       6  0.88321E-03  0.00000E+00  0.00000E+00  0.95952E-04  0.12792E-04 -0.15790E-03 -0.22554E-04 -0.15422E-03 -0.20970E-04
        0.1758  0.00000E+00 -0.61895E-03  0.00000E+00 -0.11384E-03  0.00000E+00  0.00000E+00  0.10377E-02  0.94895E-03  0.88145E-03  0.19328E-04  0.33984E-05  0.34741E-04       7  0.88321E-03  0.00000E+00  0.00000E+00  0.89529E-04  0.17113E-04 -0.14722E-03 -0.29660E-04 -0.14522E-03 -0.27980E-04
        0.2258  0.00000E+00 -0.59191E-03  0.00000E+00 -0.14343E-03  0.00000E+00  0.00000E+00  0.10377E-02  0.94895E-03  0.88144E-03  0.19328E-04  0.43648E-05  0.44297E-04       8  0.88321E-03  0.00000E+00  0.00000E+00  0.81779E-04  0.21202E-04 -0.13837E-03 -0.36579E-04 -0.13706E-03 -0.34833E-04
        0.2758  0.00000E+00 -0.56434E-03  0.00000E+00 -0.17165E-03  0.00000E+00  0.00000E+00  0.10384E-02  0.94895E-03  0.88144E-03  0.19328E-04  0.53313E-05  0.56221E-04       9  0.88321E-03  0.00000E+00  0.00000E+00  0.15611E-03  0.29008E-04 -0.96279E-04 -0.41393E-04 -0.12476E-03 -0.41071E-04
        0.3258  0.00000E+00 -0.53750E-03  0.00000E+00 -0.19853E-03  0.00000E+00  0.00000E+00  0.10412E-02  0.94896E-03  0.88144E-03  0.19328E-04  0.62977E-05  0.80842E-04      10  0.88321E-03  0.00000E+00  0.00000E+00  0.44589E-03  0.51302E-04 -0.31527E-04 -0.42969E-04 -0.90885E-04 -0.45615E-04
        0.3758  0.00000E+00 -0.51149E-03  0.00000E+00 -0.22410E-03  0.00000E+00  0.00000E+00  0.10435E-02  0.94898E-03  0.88144E-03  0.19329E-04  0.72641E-05  0.12032E-03      11  0.88321E-03  0.00000E+00  0.00000E+00  0.65184E-03  0.83894E-04 -0.71033E-04 -0.46521E-04 -0.28996E-04 -0.47065E-04
        0.4258  0.00000E+00 -0.48596E-03  0.00000E+00 -0.24840E-03  0.00000E+00  0.00000E+00  0.10449E-02  0.94899E-03  0.88144E-03  0.19328E-04  0.82305E-05  0.17029E-03      12  0.88321E-03  0.00000E+00  0.00000E+00  0.79135E-03  0.12346E-03 -0.11237E-03 -0.52140E-04  0.48057E-04 -0.44662E-04
        0.4758  0.00000E+00 -0.46043E-03  0.00000E+00 -0.27142E-03  0.00000E+00  0.00000E+00  0.10458E-02  0.94900E-03  0.88144E-03  0.19328E-04  0.91969E-05  0.22653E-03      13  0.88321E-03  0.00000E+00  0.00000E+00  0.85325E-03  0.16612E-03 -0.14803E-03 -0.59541E-04  0.12880E-03 -0.38222E-04
        0.5258  0.00000E+00 -0.43452E-03  0.00000E+00 -0.29315E-03  0.00000E+00  0.00000E+00  0.10460E-02  0.94899E-03  0.88143E-03  0.19328E-04  0.10163E-04  0.28334E-03      14  0.88321E-03  0.00000E+00  0.00000E+00  0.84934E-03  0.20859E-03 -0.17230E-03 -0.68156E-04  0.20120E-03 -0.28162E-04
        0.5758  0.00000E+00 -0.40782E-03  0.00000E+00 -0.31354E-03  0.00000E+00  0.00000E+00  0.10455E-02  0.94900E-03  0.88143E-03  0.19327E-04  0.11130E-04  0.33567E-03      15  0.88321E-03  0.00000E+00  0.00000E+00  0.77232E-03  0.24721E-03 -0.18355E-03 -0.77333E-04  0.25599E-03 -0.15363E-04
        0.6258  0.00000E+00 -0.37996E-03  0.00000E+00 -0.33253E-03  0.00000E+00  0.00000E+00  0.10444E-02  0.94898E-03  0.88143E-03  0.19327E-04  0.12096E-04  0.37834E-03      16  0.88321E-03  0.00000E+00  0.00000E+00  0.62915E-03  0.27866E-03 -0.17991E-03 -0.86329E-04  0.28724E-03 -0.10007E-05
        0.6758  0.00000E+00 -0.35092E-03  0.00000E+00 -0.35008E-03  0.00000E+00  0.00000E+00  0.10427E-02  0.94897E-03  0.88143E-03  0.19327E-04  0.13062E-04  0.40760E-03      17  0.88321E-03  0.00000E+00  0.00000E+00  0.41657E-03  0.29949E-03 -0.16279E-03 -0.94468E-04  0.29073E-03  0.13536E-04
        0.7258  0.00000E+00 -0.32101E-03  0.00000E+00 -0.36613E-03  0.00000E+00  0.00000E+00  0.10401E-02  0.94896E-03  0.88142E-03  0.19326E-04  0.14029E-04  0.42060E-03      18  0.88321E-03  0.00000E+00  0.00000E+00  0.13693E-03  0.30634E-03 -0.13168E-03 -0.10105E-03  0.26569E-03  0.26820E-04
        0.7758  0.00000E+00 -0.29071E-03  0.00000E+00 -0.38067E-03  0.00000E+00  0.00000E+00  0.10394E-02  0.94894E-03  0.88142E-03  0.19326E-04  0.14995E-04  0.42632E-03      19  0.88321E-03  0.00000E+00  0.00000E+00  0.77863E-04  0.31023E-03 -0.10469E-03 -0.10629E-03  0.22490E-03  0.38065E-04
        0.8258  0.00000E+00 -0.26071E-03  0.00000E+00 -0.39370E-03  0.00000E+00  0.00000E+00  0.10395E-02  0.94895E-03  0.88142E-03  0.19327E-04  0.15961E-04  0.43198E-03      20  0.88321E-03  0.00000E+00  0.00000E+00  0.84775E-04  0.31447E-03 -0.84976E-04 -0.11054E-03  0.18740E-03  0.47435E-04
        0.8758  0.00000E+00 -0.23167E-03  0.00000E+00 -0.40529E-03  0.00000E+00  0.00000E+00  0.10396E-02  0.94895E-03  0.88141E-03  0.19327E-04  0.16928E-04  0.43785E-03      21  0.88321E-03  0.00000E+00  0.00000E+00  0.91073E-04  0.31902E-03 -0.72269E-04 -0.11415E-03  0.15686E-03  0.55278E-04
        0.9258  0.00000E+00 -0.20410E-03  0.00000E+00 -0.41549E-03  0.00000E+00  0.00000E+00  0.10397E-02  0.94895E-03  0.88141E-03  0.19327E-04  0.17894E-04  0.44418E-03      22  0.88321E-03  0.00000E+00  0.00000E+00  0.95263E-04  0.32379E-03 -0.63786E-04 -0.11734E-03  0.13354E-03  0.61955E-04
        0.9629  0.00000E+00 -0.18140E-03  0.00000E+00 -0.42222E-03  0.00000E+00  0.00000E+00  0.10397E-02  0.94895E-03  0.88141E-03  0.19327E-04  0.18611E-04  0.44892E-03      23  0.88321E-03  0.00000E+00  0.00000E+00  0.97214E-04  0.32739E-03 -0.59109E-04 -0.11953E-03  0.11943E-03  0.66385E-04
        1.0000  0.00000E+00 -0.16338E-03  0.00000E+00 -0.42828E-03  0.00000E+00  0.00000E+00  0.10397E-02  0.94895E-03  0.88141E-03  0.19327E-04  0.19328E-04  0.45385E-03      24  0.88321E-03  0.00000E+00  0.00000E+00  0.97727E-04  0.33102E-03 -0.55676E-04 -0.12160E-03  0.10842E-03  0.70405E-04
end
