 All solute fluxes and cumulative solute fluxes are positive into the region

       Time         cvTop        cvBot      Sum(cvTop)   Sum(cvBot)     cvCh0        cvCh1         cTop        cRoot         cBot        cvRoot    Sum(cvRoot)  Sum(cvNEql) TLevel      cGWL        cRunOff   Sum(cRunOff)    (cv(i),    Sum(cv(i)), i=1,NObs)
        [T]        [M/L2/T]     [M/L2/T]      [M/L2]       [M/L2]       [M/L2]      [M/L2]        [M/L3]      [M/L3]        [M/L3]      [M/L2/T]      [M/L2]       [M/L2]              [M/L3]        [M/L2]      [M/L3]      [M/L2/T]      [M/L2]
        0.0100  0.00000E+00 -0.58326E-02  0.00000E+00 -0.58326E-04  0.00000E+00  0.00000E+00  0.26962E-02  0.25993E-02  0.25065E-02  0.22015E-03  0.22015E-05  0.30816E-04       1  0.25254E-02  0.00000E+00  0.00000E+00  0.47332E-04  0.47332E-06 -0.25913E-02 -0.25913E-04 -0.29717E-02 -0.29717E-04
        0.0200  0.00000E+00 -0.75164E-02  0.00000E+00 -0.13349E-03  0.00000E+00  0.00000E+00  0.26961E-02  0.25992E-02  0.25072E-02  0.22015E-03  0.44029E-05  0.51616E-04       2  0.25253E-02  0.00000E+00  0.00000E+00  0.16158E-04  0.63490E-06 -0.24832E-02 -0.50745E-04 -0.28817E-02 -0.58534E-04
        0.0330  0.00000E+00 -0.68542E-02  0.00000E+00 -0.22259E-03  0.00000E+00  0.00000E+00  0.26946E-02  0.25992E-02  0.25071E-02  0.22014E-03  0.72648E-05  0.62568E-04       3  0.25252E-02  0.00000E+00  0.00000E+00 -0.46180E-04  0.34563E-07 -0.23723E-02 -0.81585E-04 -0.27609E-02 -0.94426E-04
        0.0499  0.00000E+00 -0.63228E-02  0.00000E+00 -0.32945E-03  0.00000E+00  0.00000E+00  0.26911E-02  0.25991E-02  0.25069E-02  0.22014E-03  0.10985E-04  0.64173E-04       4  0.25252E-02  0.00000E+00  0.00000E+00 -0.16252E-03 -0.27121E-05 -0.23137E-02 -0.12069E-03 -0.26359E-02 -0.13897E-03
        0.0719  0.00000E+00 -0.59391E-02  0.00000E+00 -0.45993E-03  0.00000E+00  0.00000E+00  0.26846E-02  0.25991E-02  0.25067E-02  0.22014E-03  0.15822E-04  0.51897E-04       5  0.25251E-02  0.00000E+00  0.00000E+00 -0.35038E-03 -0.10410E-04 -0.23979E-02 -0.17337E-03 -0.25257E-02 -0.19446E-03
        0.1004  0.00000E+00 -0.56163E-02  0.00000E+00 -0.62034E-03  0.00000E+00  0.00000E+00  0.26742E-02  0.25990E-02  0.25066E-02  0.22013E-03  0.22109E-04  0.68625E-05       6  0.25251E-02  0.00000E+00  0.00000E+00 -0.61799E-03 -0.28060E-04 -0.27829E-02 -0.25285E-03 -0.24939E-02 -0.26569E-03
        0.1376  0.00000E+00 -0.53390E-02  0.00000E+00 -0.81857E-03  0.00000E+00  0.00000E+00  0.26600E-02  0.25989E-02  0.25065E-02  0.22012E-03  0.30282E-04 -0.11785E-03       7  0.25251E-02  0.00000E+00  0.00000E+00 -0.98329E-03 -0.64569E-04 -0.37693E-02 -0.39280E-03 -0.26696E-02 -0.36481E-03
        0.1858  0.00000E+00 -0.50820E-02  0.00000E+00 -0.10639E-02  0.00000E+00  0.00000E+00  0.26417E-02  0.25986E-02  0.25064E-02  0.22010E-03  0.40906E-04 -0.42318E-03       8  0.25251E-02  0.00000E+00  0.00000E+00 -0.14884E-02 -0.13641E-03 -0.58750E-02 -0.67638E-03 -0.33115E-02 -0.52465E-03
        0.2358  0.00000E+00 -0.48564E-02  0.00000E+00 -0.13067E-02  0.00000E+00  0.00000E+00  0.26240E-02  0.25982E-02  0.25064E-02  0.22007E-03  0.51909E-04 -0.92215E-03       9  0.25251E-02  0.00000E+00  0.00000E+00 -0.20303E-02 -0.23793E-03 -0.88324E-02 -0.11180E-02 -0.44532E-02 -0.74731E-03
        0.2858  0.00000E+00 -0.46787E-02  0.00000E+00 -0.15406E-02  0.00000E+00  0.00000E+00  0.26077E-02  0.25978E-02  0.25064E-02  0.22005E-03  0.62912E-04 -0.16024E-02      10  0.25251E-02  0.00000E+00  0.00000E+00 -0.25334E-02 -0.36460E-03 -0.12532E-01 -0.17446E-02 -0.61357E-02 -0.10541E-02
        0.3358  0.00000E+00 -0.45505E-02  0.00000E+00 -0.17682E-02  0.00000E+00  0.00000E+00  0.25933E-02  0.25975E-02  0.25064E-02  0.22002E-03  0.73913E-04 -0.24442E-02      11  0.25251E-02  0.00000E+00  0.00000E+00 -0.29788E-02 -0.51353E-03 -0.16461E-01 -0.25676E-02 -0.82496E-02 -0.14666E-02
        0.3858  0.00000E+00 -0.44799E-02  0.00000E+00 -0.19921E-02  0.00000E+00  0.00000E+00  0.25824E-02  0.25974E-02  0.25064E-02  0.22001E-03  0.84913E-04 -0.34065E-02      12  0.25251E-02  0.00000E+00  0.00000E+00 -0.33551E-02 -0.68129E-03 -0.20398E-01 -0.35875E-02 -0.10655E-01 -0.19993E-02
        0.4358  0.00000E+00 -0.44838E-02  0.00000E+00 -0.22163E-02  0.00000E+00  0.00000E+00  0.25736E-02  0.25973E-02  0.25065E-02  0.22000E-03  0.95913E-04 -0.44476E-02      13  0.25251E-02  0.00000E+00  0.00000E+00 -0.36026E-02 -0.86142E-03 -0.23879E-01 -0.47814E-02 -0.13320E-01 -0.26653E-02
        0.4858  0.00000E+00 -0.45843E-02  0.00000E+00 -0.24456E-02  0.00000E+00  0.00000E+00  0.25689E-02  0.25975E-02  0.25066E-02  0.22000E-03  0.10691E-03 -0.55228E-02      14  0.25251E-02  0.00000E+00  0.00000E+00 -0.37448E-02 -0.10487E-02 -0.26156E-01 -0.60892E-02 -0.15496E-01 -0.34401E-02
        0.5358  0.00000E+00 -0.48016E-02  0.00000E+00 -0.26856E-02  0.00000E+00  0.00000E+00  0.25678E-02  0.25977E-02  0.25068E-02  0.22000E-03  0.11791E-03 -0.65828E-02      15  0.25251E-02  0.00000E+00  0.00000E+00 -0.37299E-02 -0.12352E-02 -0.27319E-01 -0.74552E-02 -0.17003E-01 -0.42902E-02
        0.5858  0.00000E+00 -0.51564E-02  0.00000E+00 -0.29435E-02  0.00000E+00  0.00000E+00  0.25702E-02  0.25979E-02  0.25071E-02  0.22001E-03  0.12891E-03 -0.75791E-02      16  0.25252E-02  0.00000E+00  0.00000E+00 -0.35841E-02 -0.14144E-02 -0.27135E-01 -0.88119E-02 -0.17751E-01 -0.51778E-02
        0.6358  0.00000E+00 -0.56581E-02  0.00000E+00 -0.32264E-02  0.00000E+00  0.00000E+00  0.25767E-02  0.25982E-02  0.25074E-02  0.22003E-03  0.13991E-03 -0.84694E-02      17  0.25252E-02  0.00000E+00  0.00000E+00 -0.33041E-02 -0.15796E-02 -0.25713E-01 -0.10098E-01 -0.17692E-01 -0.60624E-02
        0.6858  0.00000E+00 -0.62939E-02  0.00000E+00 -0.35411E-02  0.00000E+00  0.00000E+00  0.25863E-02  0.25985E-02  0.25078E-02  0.22005E-03  0.15092E-03 -0.92215E-02      18  0.25252E-02  0.00000E+00  0.00000E+00 -0.29133E-02 -0.17252E-02 -0.23268E-01 -0.11261E-01 -0.16782E-01 -0.69015E-02
        0.7358  0.00000E+00 -0.70292E-02  0.00000E+00 -0.38925E-02  0.00000E+00  0.00000E+00  0.25987E-02  0.25987E-02  0.25082E-02  0.22007E-03  0.16192E-03 -0.98167E-02      19  0.25253E-02  0.00000E+00  0.00000E+00 -0.24233E-02 -0.18464E-02 -0.20093E-01 -0.12266E-01 -0.15269E-01 -0.76649E-02
        0.7858  0.00000E+00 -0.77917E-02  0.00000E+00 -0.42821E-02  0.00000E+00  0.00000E+00  0.26137E-02  0.25989E-02  0.25085E-02  0.22008E-03  0.17292E-03 -0.10249E-01      20  0.25253E-02  0.00000E+00  0.00000E+00 -0.18656E-02 -0.19397E-02 -0.16488E-01 -0.13090E-01 -0.13323E-01 -0.83311E-02
        0.8358  0.00000E+00 -0.85040E-02  0.00000E+00 -0.47073E-02  0.00000E+00  0.00000E+00  0.26298E-02  0.25989E-02  0.25089E-02  0.22009E-03  0.18393E-03 -0.10513E-01      21  0.25253E-02  0.00000E+00  0.00000E+00 -0.12767E-02 -0.20035E-02 -0.12869E-01 -0.13733E-01 -0.11186E-01 -0.88904E-02
        0.8858  0.00000E+00 -0.90998E-02  0.00000E+00 -0.51623E-02  0.00000E+00  0.00000E+00  0.26455E-02  0.25991E-02  0.25091E-02  0.22011E-03  0.19493E-03 -0.10628E-01      22  0.25253E-02  0.00000E+00  0.00000E+00 -0.70840E-03 -0.20389E-02 -0.96532E-02 -0.14216E-01 -0.91742E-02 -0.93491E-02
        0.9358  0.00000E+00 -0.95247E-02  0.00000E+00 -0.56385E-02  0.00000E+00  0.00000E+00  0.26589E-02  0.25991E-02  0.25093E-02  0.22012E-03  0.20594E-03 -0.10642E-01      23  0.25253E-02  0.00000E+00  0.00000E+00 -0.22509E-03 -0.20502E-02 -0.70085E-02 -0.14567E-01 -0.74345E-02 -0.97208E-02
        0.9679  0.00000E+00 -0.97569E-02  0.00000E+00 -0.59516E-02  0.00000E+00  0.00000E+00  0.26654E-02  0.25990E-02  0.25094E-02  0.22012E-03  0.21300E-03 -0.10623E-01      24  0.25253E-02  0.00000E+00  0.00000E+00 -0.16268E-04 -0.20507E-02 -0.56515E-02 -0.14748E-01 -0.64649E-02 -0.99283E-02
        1.0000  0.00000E+00 -0.98474E-02  0.00000E+00 -0.62675E-02  0.00000E+00  0.00000E+00  0.26689E-02  0.25989E-02  0.25095E-02  0.22011E-03  0.22007E-03 -0.10599E-01      25  0.25253E-02  0.00000E+00  0.00000E+00  0.96654E-04 -0.20476E-02 -0.46783E-02 -0.14898E-01 -0.56640E-02 -0.10110E-01
end
