 ******* Program HYDRUS
 ******* 
 Welcome to HYDRUS-1D                                                    
 Date:  29. 3.2022    Time:  17:26:49
 Units: L = cm   , T = days , M = mg   

----------------------------------------------------------
 Time       [T]        0.0000
----------------------------------------------------------
 Sub-region num.                     1
----------------------------------------------------------
 Length   [L]        0.30000E+03  0.30000E+03
 W-volume [L]        0.10081E+03  0.10081E+03
 In-flow  [L/T]      0.00000E+00  0.00000E+00
 h Mean   [L]       -0.76504E+02 -0.76504E+02
 ConcVol  [M/L2] 1   0.90022E-01  0.90022E-01
 cMean    [M/L3] 1   0.89508E-03  0.89508E-03
 SorbVolIm[M/L2] 1   0.46724E+02  0.46724E+02
 sMeanIm  [-]    1   0.10741E+00  0.10741E+00
 Top Flux [L/T]      0.54362E-01
 Bot Flux [L/T]      0.20282E+00
----------------------------------------------------------

----------------------------------------------------------
 Time       [T]        1.0000
----------------------------------------------------------
 Sub-region num.                     1
----------------------------------------------------------
 Length   [L]        0.30000E+03  0.30000E+03
 W-volume [L]        0.10206E+03  0.10206E+03
 In-flow  [L/T]     -0.24596E+00 -0.24596E+00
 h Mean   [L]       -0.66348E+02 -0.66348E+02
 ConcVol  [M/L2] 1   0.91188E-01  0.91188E-01
 cMean    [M/L3] 1   0.89510E-03  0.89510E-03
 SorbVolIm[M/L2] 1   0.46723E+02  0.46723E+02
 sMeanIm  [-]    1   0.10741E+00  0.10741E+00
 Top Flux [L/T]     -0.74769E-02
 Bot Flux [L/T]     -0.19155E+00
 WatBalT  [L]       -0.83447E-05
 WatBalR  [%]              0.001
 CncBalT  [M]    1   0.26703E-04
 CncBalR  [%]    1         2.289
----------------------------------------------------------
 
 Calculation time [sec]  9.999990463256836E-003
