 ******* Program HYDRUS
 ******* 
 Welcome to HYDRUS-1D                                                    
 Date:  29. 3.2022    Time:  17:26:14
 Units: L = cm   , T = days , M = mg   

       Time          rTop        rRoot        vTop         vRoot        vBot       sum(rTop)   sum(rRoot)    sum(vTop)   sum(vRoot)    sum(vBot)      hTop         hRoot        hBot        RunOff    sum(RunOff)     Volume     sum(Infil)    sum(Evap) TLevel Cum(WTrans)  SnowLayer
        [T]         [L/T]        [L/T]        [L/T]        [L/T]        [L/T]         [L]          [L]          [L]         [L]           [L]         [L]           [L]         [L]          [L/T]         [L]          [L]          [L]          [L]

       0.0100  0.31736E-01  0.36626E-01  0.31742E-01  0.35718E-01 -0.79300E+00  0.31736E-03  0.36626E-03  0.31742E-03  0.35718E-03 -0.79300E-02 -0.26494E+03 -0.22501E+03  0.58338E+02  0.00000E+00  0.00000E+00  0.99037E+02  0.00000E+00  0.31742E-03      1  0.00000E+00      0.000
       0.0230  0.31736E-01  0.36626E-01  0.31734E-01  0.35720E-01 -0.57481E+00  0.72993E-03  0.84239E-03  0.72996E-03  0.82154E-03 -0.15403E-01 -0.26461E+03 -0.22488E+03  0.58338E+02  0.00000E+00  0.00000E+00  0.99028E+02  0.00000E+00  0.72996E-03      2  0.00000E+00      0.000
       0.0399  0.31736E-01  0.36626E-01  0.31733E-01  0.35723E-01 -0.38282E+00  0.12663E-02  0.14614E-02  0.12662E-02  0.14253E-02 -0.21872E-01 -0.26416E+03 -0.22468E+03  0.58338E+02  0.00000E+00  0.00000E+00  0.99021E+02  0.00000E+00  0.12662E-02      3  0.00000E+00      0.000
       0.0619  0.31736E-01  0.36626E-01  0.31738E-01  0.35727E-01 -0.27108E+00  0.19635E-02  0.22660E-02  0.19635E-02  0.22102E-02 -0.27828E-01 -0.26364E+03 -0.22445E+03  0.58338E+02  0.00000E+00  0.00000E+00  0.99013E+02  0.00000E+00  0.19635E-02      4  0.00000E+00      0.000
       0.0904  0.31736E-01  0.36626E-01  0.31734E-01  0.35731E-01 -0.17613E+00  0.28699E-02  0.33121E-02  0.28699E-02  0.32307E-02 -0.32858E-01 -0.26301E+03 -0.22414E+03  0.58338E+02  0.00000E+00  0.00000E+00  0.99006E+02  0.00000E+00  0.28699E-02      5  0.00000E+00      0.000
       0.1276  0.31736E-01  0.36626E-01  0.31736E-01  0.35737E-01 -0.10208E+00  0.40482E-02  0.46720E-02  0.40482E-02  0.45576E-02 -0.36648E-01 -0.26228E+03 -0.22377E+03  0.58338E+02  0.00000E+00  0.00000E+00  0.99000E+02  0.00000E+00  0.40482E-02      6  0.00000E+00      0.000
       0.1758  0.31736E-01  0.36626E-01  0.31735E-01  0.35743E-01 -0.38630E-01  0.55801E-02  0.64398E-02  0.55800E-02  0.62828E-02 -0.38513E-01 -0.26144E+03 -0.22331E+03  0.58338E+02  0.00000E+00  0.00000E+00  0.98995E+02  0.00000E+00  0.55800E-02      7  0.00000E+00      0.000
       0.2386  0.31736E-01  0.36626E-01  0.31735E-01  0.35751E-01  0.14979E-01  0.75715E-02  0.87380E-02  0.75713E-02  0.85262E-02 -0.37573E-01 -0.26049E+03 -0.22276E+03  0.58338E+02  0.00000E+00  0.00000E+00  0.98992E+02  0.00000E+00  0.75713E-02      8  0.00000E+00      0.000
       0.3232  0.16137E+00  0.18624E+00  0.16137E+00  0.18180E+00  0.61733E-01  0.21224E-01  0.24494E-01  0.21224E-01  0.23907E-01 -0.32350E-01 -0.26208E+03 -0.22251E+03  0.58338E+02  0.00000E+00  0.00000E+00  0.98980E+02  0.00000E+00  0.21224E-01      9  0.00000E+00      0.000
       0.4360  0.33462E+00  0.38618E+00  0.33462E+00  0.37676E+00  0.10152E+00  0.58970E-01  0.68056E-01  0.58970E-01  0.66407E-01 -0.20898E-01 -0.26729E+03 -0.22380E+03  0.58338E+02  0.00000E+00  0.00000E+00  0.98933E+02  0.00000E+00  0.58970E-01     10  0.00000E+00      0.000
       0.5770  0.32192E+00  0.37152E+00  0.32192E+00  0.36210E+00  0.13479E+00  0.10436E+00  0.12044E+00  0.10436E+00  0.11746E+00 -0.18917E-02 -0.27160E+03 -0.22640E+03  0.58338E+02  0.00000E+00  0.00000E+00  0.98854E+02  0.00000E+00  0.10436E+00     11  0.00000E+00      0.000
       0.7885  0.31736E-01  0.36626E-01  0.31739E-01  0.35692E-01  0.16950E+00  0.11107E+00  0.12819E+00  0.11107E+00  0.12501E+00  0.33959E-01 -0.26696E+03 -0.22722E+03  0.58338E+02  0.00000E+00  0.00000E+00  0.98806E+02  0.00000E+00  0.11107E+00     12  0.00000E+00      0.000
       1.0000  0.31736E-01  0.36626E-01  0.31736E-01  0.35720E-01  0.19359E+00  0.11779E+00  0.13594E+00  0.11779E+00  0.13257E+00  0.74905E-01 -0.26379E+03 -0.22534E+03  0.58338E+02  0.00000E+00  0.00000E+00  0.98833E+02  0.00000E+00  0.11779E+00     13  0.00000E+00      0.000
end
