 ******* Program HYDRUS
 ******* 
 Welcome to HYDRUS-1D                                                    
 Date:  28. 3.2022    Time:   8:57:40
 Units: L = cm   , T = days , M = mg   

----------------------------------------------------------
 Time       [T]        0.0000
----------------------------------------------------------
 Sub-region num.                     1
----------------------------------------------------------
 Length   [L]        0.30000E+03  0.30000E+03
 W-volume [L]        0.11008E+03  0.11008E+03
 In-flow  [L/T]      0.00000E+00  0.00000E+00
 h Mean   [L]        0.61689E+02  0.61689E+02
 ConcVol  [M/L2] 1   0.98043E-01  0.98043E-01
 cMean    [M/L3] 1   0.89121E-03  0.89121E-03
 SorbVolIm[M/L2] 1   0.46522E+02  0.46522E+02
 sMeanIm  [-]    1   0.10695E+00  0.10695E+00
 Top Flux [L/T]      0.39621E-01
 Bot Flux [L/T]      0.11583E+00
----------------------------------------------------------

----------------------------------------------------------
 Time       [T]        1.0000
----------------------------------------------------------
 Sub-region num.                     1
----------------------------------------------------------
 Length   [L]        0.30000E+03  0.30000E+03
 W-volume [L]        0.11004E+03  0.11004E+03
 In-flow  [L/T]     -0.22820E+00 -0.22820E+00
 h Mean   [L]        0.59423E+02  0.59423E+02
 ConcVol  [M/L2] 1   0.98010E-01  0.98010E-01
 cMean    [M/L3] 1   0.89124E-03  0.89124E-03
 SorbVolIm[M/L2] 1   0.46522E+02  0.46522E+02
 sMeanIm  [-]    1   0.10695E+00  0.10695E+00
 Top Flux [L/T]      0.14661E-01
 Bot Flux [L/T]     -0.20448E+00
 WatBalT  [L]       -0.17472E-04
 WatBalR  [%]              0.003
 CncBalT  [M]    1   0.18692E-03
 CncBalR  [%]    1        68.460
----------------------------------------------------------
 
 Calculation time [sec]  1.000000163912773E-002
