 ******* Program HYDRUS
 ******* 
 Welcome to HYDRUS-1D                                                    
 Date:  29. 3.2022    Time:  17:25:50
 Units: L = cm   , T = days , M = mg   


    TLevel      Time           dt     ItrW ItrC    ItCum  KodT  KodB Converg  Peclet   Courant

        1  0.1000000E-01  0.10000E-01    2    1        2    -4     3     T     0.030     0.010
        2  0.2300000E-01  0.13000E-01    2    1        4    -4     3     T     0.030     0.013
        3  0.3990000E-01  0.16900E-01    2    1        6    -4     3     T     0.030     0.016
        4  0.6187000E-01  0.21970E-01    2    1        8    -4     3     T     0.030     0.021
        5  0.9043099E-01  0.28561E-01    2    1       10    -4     3     T     0.030     0.026
        6  0.1275603E+00  0.37129E-01    2    1       12    -4     3     T     0.029     0.032
        7  0.1758284E+00  0.48268E-01    2    1       14    -4     3     T     0.029     0.039
        8  0.2258284E+00  0.50000E-01    2    1       16    -4     3     T     0.029     0.038
        9  0.2758284E+00  0.50000E-01    2    1       18    -4     3     T     0.029     0.037
       10  0.3258284E+00  0.50000E-01    2    1       20    -4     3     T     0.029     0.035
       11  0.3758284E+00  0.50000E-01    2    1       22    -4     3     T     0.029     0.033
       12  0.4258284E+00  0.50000E-01    2    1       24    -4     3     T     0.029     0.032
       13  0.4758284E+00  0.50000E-01    2    1       26    -4     3     T     0.029     0.031
       14  0.5258284E+00  0.50000E-01    2    1       28    -4     3     T     0.029     0.030
       15  0.5758284E+00  0.50000E-01    2    1       30    -4     3     T     0.029     0.029
       16  0.6258284E+00  0.50000E-01    2    1       32    -4     3     T     0.029     0.028
       17  0.6758284E+00  0.50000E-01    2    1       34    -4     3     T     0.029     0.027
       18  0.7258284E+00  0.50000E-01    2    1       36    -4     3     T     0.029     0.026
       19  0.7758284E+00  0.50000E-01    2    1       38    -4     3     T     0.029     0.026
       20  0.8258284E+00  0.50000E-01    2    1       40    -4     3     T     0.029     0.025
       21  0.8758284E+00  0.50000E-01    2    1       42    -4     3     T     0.029     0.024
       22  0.9258284E+00  0.50000E-01    2    1       44    -4     3     T     0.029     0.024
       23  0.9629142E+00  0.37086E-01    2    1       46    -4     3     T     0.029     0.017
       24  0.1000000E+01  0.37086E-01    2    1       48    -4     3     T     0.029     0.017
end
