 ******* Program HYDRUS
 ******* 
 Welcome to HYDRUS-1D                                                    
 Date:  28. 3.2022    Time:   8:57:21
 Units: L = cm   , T = days , M = mg   


 Time:        0.0000


 Node      Depth      Head Moisture       K          C         Flux        Sink         Kappa   v/KsTop   Temp   Conc(1..NS) Sorb(1...NS)
           [L]        [L]    [-]        [L/T]      [1/L]      [L/T]        [1/T]         [-]      [-]      [C]      [M/L*3]

   1     0.0000    -218.741 0.2798   0.1032E+01  0.3589E-03  0.3254E-01  0.0000E+00      -1   0.749E-03   20.00  0.1007E-02  0.1208E+00
   2    -3.0000    -215.648 0.2809   0.1067E+01  0.3626E-03  0.3056E-01  0.0000E+00      -1   0.703E-03   20.00  0.1012E-02  0.1214E+00
   3    -6.0000    -212.569 0.2820   0.1103E+01  0.3663E-03  0.2643E-01  0.0000E+00      -1   0.608E-03   20.00  0.9994E-03  0.1199E+00
   4    -9.0000    -209.504 0.2831   0.1138E+01  0.3701E-03  0.2370E-01  0.1019E-02      -1   0.545E-03   20.00  0.9900E-03  0.1188E+00
   5   -12.0000    -206.444 0.2842   0.1174E+01  0.3738E-03  0.2228E-01  0.1020E-02      -1   0.513E-03   20.00  0.9833E-03  0.1180E+00
   6   -15.0000    -203.390 0.2853   0.1209E+01  0.3775E-03  0.2094E-01  0.1021E-02      -1   0.482E-03   20.00  0.9725E-03  0.1167E+00
   7   -18.0000    -200.340 0.2864   0.1244E+01  0.3812E-03  0.1926E-01  0.1021E-02      -1   0.443E-03   20.00  0.9575E-03  0.1149E+00
   8   -21.0000    -197.297 0.2875   0.1279E+01  0.3848E-03  0.1747E-01  0.1022E-02      -1   0.402E-03   20.00  0.9392E-03  0.1127E+00
   9   -24.0000    -194.258 0.2886   0.1314E+01  0.3885E-03  0.1576E-01  0.1012E-02      -1   0.363E-03   20.00  0.9226E-03  0.1107E+00
  10   -27.0000    -191.225 0.2898   0.1355E+01  0.3922E-03  0.1289E-01  0.9596E-03      -1   0.297E-03   20.00  0.9084E-03  0.1090E+00
  11   -30.0000    -188.201 0.2910   0.1422E+01  0.3962E-03  0.9680E-02  0.9068E-03      -1   0.223E-03   20.00  0.8976E-03  0.1077E+00
  12   -33.0000    -185.184 0.2923   0.1490E+01  0.4001E-03  0.6410E-02  0.8540E-03      -1   0.147E-03   20.00  0.8901E-03  0.1068E+00
  13   -36.0000    -182.175 0.2935   0.1557E+01  0.4040E-03  0.2285E-02  0.8011E-03      -1   0.526E-04   20.00  0.8859E-03  0.1063E+00
  14   -39.0000    -179.175 0.2948   0.1624E+01  0.4079E-03 -0.1934E-02  0.7481E-03      -1  -0.445E-04   20.00  0.8834E-03  0.1060E+00
  15   -42.0000    -176.182 0.2960   0.1690E+01  0.4118E-03 -0.6243E-02  0.6950E-03      -1  -0.144E-03   20.00  0.8833E-03  0.1060E+00
  16   -45.0000    -173.197 0.2973   0.1757E+01  0.4157E-03 -0.1117E-01  0.6419E-03      -1  -0.257E-03   20.00  0.8834E-03  0.1060E+00
  17   -48.0000    -170.220 0.2985   0.1823E+01  0.4196E-03 -0.1645E-01  0.5887E-03      -1  -0.379E-03   20.00  0.8834E-03  0.1060E+00
  18   -51.0000    -167.251 0.2998   0.1889E+01  0.4234E-03 -0.2176E-01  0.5355E-03      -1  -0.501E-03   20.00  0.8834E-03  0.1060E+00
  19   -54.0000    -164.289 0.3010   0.1955E+01  0.4273E-03 -0.2708E-01  0.4822E-03      -1  -0.623E-03   20.00  0.8834E-03  0.1060E+00
  20   -57.0000    -161.334 0.3022   0.2021E+01  0.4311E-03 -0.3305E-01  0.4288E-03      -1  -0.760E-03   20.00  0.8834E-03  0.1060E+00
  21   -60.0000    -158.387 0.3035   0.2087E+01  0.4350E-03 -0.3934E-01  0.3753E-03      -1  -0.905E-03   20.00  0.8833E-03  0.1060E+00
  22   -63.0000    -155.447 0.3047   0.2152E+01  0.4388E-03 -0.4523E-01  0.3219E-03      -1  -0.104E-02   20.00  0.8833E-03  0.1060E+00
  23   -66.0000    -152.513 0.3059   0.2218E+01  0.4426E-03 -0.5129E-01  0.2683E-03      -1  -0.118E-02   20.00  0.8833E-03  0.1060E+00
  24   -69.0000    -149.585 0.3072   0.2325E+01  0.4461E-03 -0.5824E-01  0.2147E-03      -1  -0.134E-02   20.00  0.8833E-03  0.1060E+00
  25   -72.0000    -146.663 0.3086   0.2441E+01  0.4495E-03 -0.6556E-01  0.1611E-03      -1  -0.151E-02   20.00  0.8833E-03  0.1060E+00
  26   -75.0000    -143.746 0.3099   0.2558E+01  0.4528E-03 -0.7294E-01  0.1074E-03      -1  -0.168E-02   20.00  0.8833E-03  0.1060E+00
  27   -78.0000    -140.834 0.3113   0.2674E+01  0.4562E-03 -0.8025E-01  0.5374E-04      -1  -0.185E-02   20.00  0.8833E-03  0.1060E+00
  28   -81.0000    -137.926 0.3126   0.2790E+01  0.4596E-03 -0.8745E-01  0.0000E+00      -1  -0.201E-02   20.00  0.8833E-03  0.1060E+00
  29   -84.0000    -135.022 0.3140   0.2905E+01  0.4629E-03 -0.9495E-01  0.0000E+00      -1  -0.218E-02   20.00  0.8833E-03  0.1060E+00
  30   -87.0000    -132.122 0.3153   0.3021E+01  0.4663E-03 -0.1022E+00  0.0000E+00      -1  -0.235E-02   20.00  0.8833E-03  0.1060E+00
  31   -90.0000    -129.225 0.3167   0.3136E+01  0.4696E-03 -0.1093E+00  0.0000E+00      -1  -0.251E-02   20.00  0.8833E-03  0.1060E+00
  32   -93.0000    -126.331 0.3180   0.3252E+01  0.4730E-03 -0.1160E+00  0.0000E+00      -1  -0.267E-02   20.00  0.8833E-03  0.1060E+00
  33   -96.0000    -123.439 0.3193   0.3367E+01  0.4763E-03 -0.1229E+00  0.0000E+00      -1  -0.283E-02   20.00  0.8833E-03  0.1060E+00
  34   -99.0000    -120.550 0.3207   0.3482E+01  0.4797E-03 -0.1295E+00  0.0000E+00      -1  -0.298E-02   20.00  0.8833E-03  0.1060E+00
  35  -102.0000    -117.661 0.3221   0.3670E+01  0.4818E-03 -0.1358E+00  0.0000E+00      -1  -0.312E-02   20.00  0.8833E-03  0.1060E+00
  36  -105.0000    -114.772 0.3235   0.3861E+01  0.4838E-03 -0.1422E+00  0.0000E+00      -1  -0.327E-02   20.00  0.8833E-03  0.1060E+00
  37  -108.0000    -111.882 0.3249   0.4051E+01  0.4859E-03 -0.1485E+00  0.0000E+00      -1  -0.342E-02   20.00  0.8833E-03  0.1060E+00
  38  -111.0000    -108.992 0.3263   0.4242E+01  0.4879E-03 -0.1541E+00  0.0000E+00      -1  -0.355E-02   20.00  0.8833E-03  0.1060E+00
  39  -114.0000    -106.100 0.3277   0.4433E+01  0.4900E-03 -0.1596E+00  0.0000E+00      -1  -0.367E-02   20.00  0.8833E-03  0.1060E+00
  40  -117.0000    -103.208 0.3292   0.4624E+01  0.4920E-03 -0.1657E+00  0.0000E+00      -1  -0.381E-02   20.00  0.8833E-03  0.1060E+00
  41  -120.0000    -100.315 0.3306   0.4815E+01  0.4941E-03 -0.1717E+00  0.0000E+00      -1  -0.395E-02   20.00  0.8833E-03  0.1060E+00
  42  -123.0000     -97.422 0.3320   0.5005E+01  0.4961E-03 -0.1763E+00  0.0000E+00      -1  -0.406E-02   20.00  0.8833E-03  0.1060E+00
  43  -126.0000     -94.526 0.3334   0.5230E+01  0.4975E-03 -0.1810E+00  0.0000E+00      -1  -0.416E-02   20.00  0.8833E-03  0.1060E+00
  44  -129.0000     -91.629 0.3349   0.5524E+01  0.4973E-03 -0.1859E+00  0.0000E+00      -1  -0.428E-02   20.00  0.8833E-03  0.1060E+00
  45  -132.0000     -88.728 0.3363   0.5819E+01  0.4972E-03 -0.1900E+00  0.0000E+00      -1  -0.437E-02   20.00  0.8833E-03  0.1060E+00
  46  -135.0000     -85.825 0.3378   0.6114E+01  0.4971E-03 -0.1945E+00  0.0000E+00      -1  -0.448E-02   20.00  0.8833E-03  0.1060E+00
  47  -138.0000     -82.919 0.3392   0.6409E+01  0.4969E-03 -0.1986E+00  0.0000E+00      -1  -0.457E-02   20.00  0.8833E-03  0.1060E+00
  48  -141.0000     -80.011 0.3407   0.6704E+01  0.4968E-03 -0.2033E+00  0.0000E+00      -1  -0.468E-02   20.00  0.8833E-03  0.1060E+00
  49  -144.0000     -77.101 0.3421   0.7000E+01  0.4967E-03 -0.2069E+00  0.0000E+00      -1  -0.476E-02   20.00  0.8833E-03  0.1060E+00
  50  -147.0000     -74.188 0.3435   0.7362E+01  0.4951E-03 -0.2102E+00  0.0000E+00      -1  -0.484E-02   20.00  0.8833E-03  0.1060E+00
  51  -150.0000     -71.272 0.3450   0.7790E+01  0.4920E-03 -0.2128E+00  0.0000E+00      -1  -0.490E-02   20.00  0.8833E-03  0.1060E+00
  52  -153.0000     -68.352 0.3464   0.8218E+01  0.4889E-03 -0.2163E+00  0.0000E+00      -1  -0.498E-02   20.00  0.8833E-03  0.1060E+00
  53  -156.0000     -65.430 0.3478   0.8647E+01  0.4858E-03 -0.2204E+00  0.0000E+00      -1  -0.507E-02   20.00  0.8833E-03  0.1060E+00
  54  -159.0000     -62.505 0.3493   0.9076E+01  0.4827E-03 -0.2224E+00  0.0000E+00      -1  -0.512E-02   20.00  0.8833E-03  0.1060E+00
  55  -162.0000     -59.577 0.3507   0.9526E+01  0.4792E-03 -0.2245E+00  0.0000E+00      -1  -0.517E-02   20.00  0.8833E-03  0.1060E+00
  56  -165.0000     -56.646 0.3521   0.1011E+02  0.4727E-03 -0.2274E+00  0.0000E+00      -1  -0.523E-02   20.00  0.8833E-03  0.1060E+00
  57  -168.0000     -53.712 0.3534   0.1070E+02  0.4661E-03 -0.2300E+00  0.0000E+00      -1  -0.529E-02   20.00  0.8833E-03  0.1060E+00
  58  -171.0000     -50.775 0.3548   0.1129E+02  0.4595E-03 -0.2313E+00  0.0000E+00      -1  -0.532E-02   20.00  0.8833E-03  0.1060E+00
  59  -174.0000     -47.835 0.3562   0.1188E+02  0.4529E-03 -0.2344E+00  0.0000E+00      -1  -0.539E-02   20.00  0.8833E-03  0.1060E+00
  60  -177.0000     -44.893 0.3575   0.1263E+02  0.4430E-03 -0.2378E+00  0.0000E+00      -1  -0.547E-02   20.00  0.8833E-03  0.1060E+00
  61  -180.0000     -41.948 0.3588   0.1341E+02  0.4326E-03 -0.2366E+00  0.0000E+00      -1  -0.544E-02   20.00  0.8833E-03  0.1060E+00
  62  -183.0000     -38.999 0.3600   0.1418E+02  0.4223E-03 -0.2391E+00  0.0000E+00      -1  -0.550E-02   20.00  0.8833E-03  0.1060E+00
  63  -186.0000     -36.049 0.3613   0.1506E+02  0.4098E-03 -0.2411E+00  0.0000E+00      -1  -0.555E-02   20.00  0.8833E-03  0.1060E+00
  64  -189.0000     -33.095 0.3625   0.1604E+02  0.3955E-03 -0.2404E+00  0.0000E+00      -1  -0.553E-02   20.00  0.8833E-03  0.1060E+00
  65  -192.0000     -30.139 0.3636   0.1702E+02  0.3812E-03 -0.2445E+00  0.0000E+00      -1  -0.562E-02   20.00  0.8833E-03  0.1060E+00
  66  -195.0000     -27.181 0.3647   0.1820E+02  0.3634E-03 -0.2454E+00  0.0000E+00      -1  -0.565E-02   20.00  0.8833E-03  0.1060E+00
  67  -198.0000     -24.220 0.3658   0.1940E+02  0.3452E-03 -0.2461E+00  0.0000E+00      -1  -0.566E-02   20.00  0.8833E-03  0.1060E+00
  68  -201.0000     -21.257 0.3668   0.2080E+02  0.3238E-03 -0.2460E+00  0.0000E+00      -1  -0.566E-02   20.00  0.8833E-03  0.1060E+00
  69  -204.0000     -18.291 0.3677   0.2228E+02  0.3009E-03 -0.2454E+00  0.0000E+00      -1  -0.565E-02   20.00  0.8833E-03  0.1060E+00
  70  -207.0000     -15.323 0.3686   0.2399E+02  0.2747E-03 -0.2482E+00  0.0000E+00      -1  -0.571E-02   20.00  0.8833E-03  0.1060E+00
  71  -210.0000     -12.353 0.3693   0.2593E+02  0.2451E-03 -0.2510E+00  0.0000E+00      -1  -0.578E-02   20.00  0.8833E-03  0.1060E+00
  72  -213.0000      -9.381 0.3700   0.2817E+02  0.2114E-03 -0.2494E+00  0.0000E+00      -1  -0.574E-02   20.00  0.8833E-03  0.1060E+00
  73  -216.0000      -6.406 0.3706   0.3092E+02  0.1708E-03 -0.2484E+00  0.0000E+00      -1  -0.572E-02   20.00  0.8833E-03  0.1060E+00
  74  -219.0000      -3.429 0.3710   0.3446E+02  0.1202E-03 -0.2503E+00  0.0000E+00      -1  -0.576E-02   20.00  0.8833E-03  0.1060E+00
  75  -222.0000      -0.449 0.3713   0.4053E+02  0.3776E-04 -0.2510E+00  0.0000E+00      -1  -0.577E-02   20.00  0.8833E-03  0.1060E+00
  76  -225.0000       2.533 0.3713   0.4346E+02  0.0000E+00 -0.2491E+00  0.0000E+00      -1  -0.573E-02   20.00  0.8833E-03  0.1060E+00
  77  -228.0000       5.516 0.3713   0.4346E+02  0.0000E+00 -0.2463E+00  0.0000E+00      -1  -0.567E-02   20.00  0.8833E-03  0.1060E+00
  78  -231.0000       8.499 0.3713   0.4346E+02  0.0000E+00 -0.2463E+00  0.0000E+00      -1  -0.567E-02   20.00  0.8833E-03  0.1060E+00
  79  -234.0000      11.482 0.3713   0.4346E+02  0.0000E+00 -0.2535E+00  0.0000E+00      -1  -0.583E-02   20.00  0.8833E-03  0.1060E+00
  80  -237.0000      14.464 0.3713   0.4346E+02  0.0000E+00 -0.2535E+00  0.0000E+00      -1  -0.583E-02   20.00  0.8833E-03  0.1060E+00
  81  -240.0000      17.447 0.3713   0.4346E+02  0.0000E+00 -0.2463E+00  0.0000E+00      -1  -0.567E-02   20.00  0.8833E-03  0.1060E+00
  82  -243.0000      20.430 0.3713   0.4346E+02  0.0000E+00 -0.2463E+00  0.0000E+00      -1  -0.567E-02   20.00  0.8833E-03  0.1060E+00
  83  -246.0000      23.413 0.3713   0.4346E+02  0.0000E+00 -0.2535E+00  0.0000E+00      -1  -0.583E-02   20.00  0.8833E-03  0.1060E+00
  84  -249.0000      26.395 0.3713   0.4346E+02  0.0000E+00 -0.2535E+00  0.0000E+00      -1  -0.583E-02   20.00  0.8833E-03  0.1060E+00
  85  -252.0000      29.378 0.3713   0.4346E+02  0.0000E+00 -0.2463E+00  0.0000E+00      -1  -0.567E-02   20.00  0.8833E-03  0.1060E+00
  86  -255.0000      32.361 0.3713   0.4346E+02  0.0000E+00 -0.2463E+00  0.0000E+00      -1  -0.567E-02   20.00  0.8833E-03  0.1060E+00
  87  -258.0000      35.344 0.3713   0.4346E+02  0.0000E+00 -0.2535E+00  0.0000E+00      -1  -0.583E-02   20.00  0.8833E-03  0.1060E+00
  88  -261.0000      38.326 0.3713   0.4346E+02  0.0000E+00 -0.2536E+00  0.0000E+00      -1  -0.583E-02   20.00  0.8833E-03  0.1060E+00
  89  -264.0000      41.309 0.3713   0.4346E+02  0.0000E+00 -0.2463E+00  0.0000E+00      -1  -0.567E-02   20.00  0.8833E-03  0.1060E+00
  90  -267.0000      44.292 0.3713   0.4346E+02  0.0000E+00 -0.2463E+00  0.0000E+00      -1  -0.567E-02   20.00  0.8833E-03  0.1060E+00
  91  -270.0000      47.275 0.3713   0.4346E+02  0.0000E+00 -0.2535E+00  0.0000E+00      -1  -0.583E-02   20.00  0.8833E-03  0.1060E+00
  92  -273.0000      50.257 0.3713   0.4346E+02  0.0000E+00 -0.2535E+00  0.0000E+00      -1  -0.583E-02   20.00  0.8833E-03  0.1060E+00
  93  -276.0000      53.240 0.3713   0.4346E+02  0.0000E+00 -0.2463E+00  0.0000E+00      -1  -0.567E-02   20.00  0.8833E-03  0.1060E+00
  94  -279.0000      56.223 0.3713   0.4346E+02  0.0000E+00 -0.2463E+00  0.0000E+00      -1  -0.567E-02   20.00  0.8833E-03  0.1060E+00
  95  -282.0000      59.206 0.3713   0.4346E+02  0.0000E+00 -0.2535E+00  0.0000E+00      -1  -0.583E-02   20.00  0.8833E-03  0.1060E+00
  96  -285.0000      62.188 0.3713   0.4346E+02  0.0000E+00 -0.2536E+00  0.0000E+00      -1  -0.583E-02   20.00  0.8833E-03  0.1060E+00
  97  -288.0000      65.171 0.3713   0.4346E+02  0.0000E+00 -0.2463E+00  0.0000E+00      -1  -0.567E-02   20.00  0.8834E-03  0.1060E+00
  98  -291.0000      68.154 0.3713   0.4346E+02  0.0000E+00 -0.2463E+00  0.0000E+00      -1  -0.567E-02   20.00  0.8833E-03  0.1060E+00
  99  -294.0000      71.137 0.3713   0.4346E+02  0.0000E+00 -0.2535E+00  0.0000E+00      -1  -0.583E-02   20.00  0.8825E-03  0.1059E+00
 100  -297.0000      74.119 0.3713   0.4346E+02  0.0000E+00 -0.2536E+00  0.0000E+00      -1  -0.583E-02   20.00  0.8792E-03  0.1056E+00
 101  -300.0000      77.102 0.3713   0.4346E+02  0.0000E+00 -0.2464E+00  0.0000E+00      -1  -0.567E-02   20.00  0.8792E-03  0.1052E+00
end


 Time:        1.0000


 Node      Depth      Head Moisture       K          C         Flux        Sink         Kappa   v/KsTop   Temp   Conc(1..NS) Sorb(1...NS)
           [L]        [L]    [-]        [L/T]      [1/L]      [L/T]        [1/T]         [-]      [-]      [C]      [M/L*3]

   1     0.0000    -228.450 0.2764   0.9190E+00  0.3470E-03  0.3969E-01  0.0000E+00      -1   0.913E-03   20.00  0.1009E-02  0.1210E+00
   2    -3.0000    -225.296 0.2775   0.9540E+00  0.3507E-03  0.5598E-01  0.0000E+00      -1   0.129E-02   20.00  0.1011E-02  0.1213E+00
   3    -6.0000    -222.099 0.2786   0.9897E+00  0.3544E-03  0.7120E-01  0.0000E+00      -1   0.164E-02   20.00  0.9994E-03  0.1199E+00
   4    -9.0000    -218.865 0.2797   0.1026E+01  0.3583E-03  0.8722E-01  0.1017E-02      -1   0.201E-02   20.00  0.9901E-03  0.1188E+00
   5   -12.0000    -215.590 0.2809   0.1063E+01  0.3621E-03  0.1042E+00  0.1018E-02      -1   0.240E-02   20.00  0.9833E-03  0.1180E+00
   6   -15.0000    -212.278 0.2821   0.1101E+01  0.3661E-03  0.1205E+00  0.1018E-02      -1   0.277E-02   20.00  0.9724E-03  0.1167E+00
   7   -18.0000    -208.934 0.2832   0.1139E+01  0.3701E-03  0.1361E+00  0.1019E-02      -1   0.313E-02   20.00  0.9574E-03  0.1149E+00
   8   -21.0000    -205.561 0.2845   0.1177E+01  0.3742E-03  0.1510E+00  0.1020E-02      -1   0.347E-02   20.00  0.9392E-03  0.1127E+00
   9   -24.0000    -202.164 0.2857   0.1216E+01  0.3783E-03  0.1652E+00  0.1010E-02      -1   0.380E-02   20.00  0.9226E-03  0.1107E+00
  10   -27.0000    -198.747 0.2869   0.1256E+01  0.3824E-03  0.1785E+00  0.9580E-03      -1   0.411E-02   20.00  0.9084E-03  0.1090E+00
  11   -30.0000    -195.312 0.2881   0.1295E+01  0.3866E-03  0.1909E+00  0.9054E-03      -1   0.439E-02   20.00  0.8976E-03  0.1077E+00
  12   -33.0000    -191.863 0.2894   0.1335E+01  0.3908E-03  0.2023E+00  0.8528E-03      -1   0.466E-02   20.00  0.8901E-03  0.1068E+00
  13   -36.0000    -188.408 0.2908   0.1406E+01  0.3952E-03  0.2134E+00  0.8001E-03      -1   0.491E-02   20.00  0.8859E-03  0.1063E+00
  14   -39.0000    -184.953 0.2922   0.1484E+01  0.3998E-03  0.2242E+00  0.7473E-03      -1   0.516E-02   20.00  0.8835E-03  0.1060E+00
  15   -42.0000    -181.501 0.2937   0.1561E+01  0.4043E-03  0.2339E+00  0.6944E-03      -1   0.538E-02   20.00  0.8833E-03  0.1060E+00
  16   -45.0000    -178.054 0.2951   0.1639E+01  0.4088E-03  0.2428E+00  0.6414E-03      -1   0.559E-02   20.00  0.8833E-03  0.1060E+00
  17   -48.0000    -174.612 0.2966   0.1716E+01  0.4133E-03  0.2508E+00  0.5883E-03      -1   0.577E-02   20.00  0.8833E-03  0.1060E+00
  18   -51.0000    -171.177 0.2980   0.1793E+01  0.4178E-03  0.2580E+00  0.5351E-03      -1   0.594E-02   20.00  0.8833E-03  0.1060E+00
  19   -54.0000    -167.749 0.2995   0.1870E+01  0.4223E-03  0.2645E+00  0.4819E-03      -1   0.609E-02   20.00  0.8833E-03  0.1060E+00
  20   -57.0000    -164.328 0.3009   0.1947E+01  0.4268E-03  0.2702E+00  0.4286E-03      -1   0.622E-02   20.00  0.8833E-03  0.1060E+00
  21   -60.0000    -160.916 0.3023   0.2024E+01  0.4313E-03  0.2753E+00  0.3752E-03      -1   0.633E-02   20.00  0.8833E-03  0.1060E+00
  22   -63.0000    -157.512 0.3038   0.2100E+01  0.4358E-03  0.2797E+00  0.3218E-03      -1   0.643E-02   20.00  0.8833E-03  0.1060E+00
  23   -66.0000    -154.117 0.3052   0.2176E+01  0.4402E-03  0.2835E+00  0.2683E-03      -1   0.652E-02   20.00  0.8833E-03  0.1060E+00
  24   -69.0000    -150.732 0.3067   0.2271E+01  0.4445E-03  0.2868E+00  0.2147E-03      -1   0.660E-02   20.00  0.8833E-03  0.1060E+00
  25   -72.0000    -147.362 0.3082   0.2406E+01  0.4484E-03  0.2897E+00  0.1611E-03      -1   0.667E-02   20.00  0.8833E-03  0.1060E+00
  26   -75.0000    -144.009 0.3098   0.2540E+01  0.4523E-03  0.2921E+00  0.1074E-03      -1   0.672E-02   20.00  0.8833E-03  0.1060E+00
  27   -78.0000    -140.671 0.3113   0.2674E+01  0.4562E-03  0.2940E+00  0.5374E-04      -1   0.676E-02   20.00  0.8833E-03  0.1060E+00
  28   -81.0000    -137.349 0.3129   0.2807E+01  0.4601E-03  0.2955E+00  0.0000E+00      -1   0.680E-02   20.00  0.8833E-03  0.1060E+00
  29   -84.0000    -134.040 0.3144   0.2940E+01  0.4639E-03  0.2966E+00  0.0000E+00      -1   0.683E-02   20.00  0.8833E-03  0.1060E+00
  30   -87.0000    -130.743 0.3159   0.3072E+01  0.4678E-03  0.2976E+00  0.0000E+00      -1   0.685E-02   20.00  0.8833E-03  0.1060E+00
  31   -90.0000    -127.458 0.3175   0.3203E+01  0.4716E-03  0.2985E+00  0.0000E+00      -1   0.687E-02   20.00  0.8833E-03  0.1060E+00
  32   -93.0000    -124.184 0.3190   0.3334E+01  0.4754E-03  0.2993E+00  0.0000E+00      -1   0.689E-02   20.00  0.8833E-03  0.1060E+00
  33   -96.0000    -120.919 0.3205   0.3464E+01  0.4792E-03  0.3000E+00  0.0000E+00      -1   0.690E-02   20.00  0.8833E-03  0.1060E+00
  34   -99.0000    -117.666 0.3221   0.3665E+01  0.4817E-03  0.3006E+00  0.0000E+00      -1   0.692E-02   20.00  0.8833E-03  0.1060E+00
  35  -102.0000    -114.427 0.3237   0.3880E+01  0.4840E-03  0.3012E+00  0.0000E+00      -1   0.693E-02   20.00  0.8833E-03  0.1060E+00
  36  -105.0000    -111.200 0.3252   0.4093E+01  0.4863E-03  0.3017E+00  0.0000E+00      -1   0.694E-02   20.00  0.8833E-03  0.1060E+00
  37  -108.0000    -107.985 0.3268   0.4306E+01  0.4886E-03  0.3022E+00  0.0000E+00      -1   0.695E-02   20.00  0.8833E-03  0.1060E+00
  38  -111.0000    -104.779 0.3284   0.4518E+01  0.4909E-03  0.3026E+00  0.0000E+00      -1   0.696E-02   20.00  0.8833E-03  0.1060E+00
  39  -114.0000    -101.582 0.3300   0.4729E+01  0.4931E-03  0.3031E+00  0.0000E+00      -1   0.697E-02   20.00  0.8833E-03  0.1060E+00
  40  -117.0000     -98.394 0.3315   0.4939E+01  0.4954E-03  0.3035E+00  0.0000E+00      -1   0.698E-02   20.00  0.8833E-03  0.1060E+00
  41  -120.0000     -95.214 0.3331   0.5157E+01  0.4975E-03  0.3039E+00  0.0000E+00      -1   0.699E-02   20.00  0.8833E-03  0.1060E+00
  42  -123.0000     -92.042 0.3347   0.5480E+01  0.4974E-03  0.3043E+00  0.0000E+00      -1   0.700E-02   20.00  0.8833E-03  0.1060E+00
  43  -126.0000     -88.880 0.3362   0.5802E+01  0.4972E-03  0.3047E+00  0.0000E+00      -1   0.701E-02   20.00  0.8833E-03  0.1060E+00
  44  -129.0000     -85.727 0.3378   0.6122E+01  0.4971E-03  0.3051E+00  0.0000E+00      -1   0.702E-02   20.00  0.8833E-03  0.1060E+00
  45  -132.0000     -82.581 0.3394   0.6442E+01  0.4969E-03  0.3055E+00  0.0000E+00      -1   0.703E-02   20.00  0.8833E-03  0.1060E+00
  46  -135.0000     -79.442 0.3409   0.6761E+01  0.4968E-03  0.3059E+00  0.0000E+00      -1   0.704E-02   20.00  0.8833E-03  0.1060E+00
  47  -138.0000     -76.309 0.3425   0.7080E+01  0.4966E-03  0.3062E+00  0.0000E+00      -1   0.705E-02   20.00  0.8833E-03  0.1060E+00
  48  -141.0000     -73.183 0.3440   0.7508E+01  0.4940E-03  0.3066E+00  0.0000E+00      -1   0.705E-02   20.00  0.8833E-03  0.1060E+00
  49  -144.0000     -70.064 0.3456   0.7966E+01  0.4907E-03  0.3069E+00  0.0000E+00      -1   0.706E-02   20.00  0.8833E-03  0.1060E+00
  50  -147.0000     -66.952 0.3471   0.8423E+01  0.4874E-03  0.3072E+00  0.0000E+00      -1   0.707E-02   20.00  0.8833E-03  0.1060E+00
  51  -150.0000     -63.845 0.3486   0.8879E+01  0.4842E-03  0.3075E+00  0.0000E+00      -1   0.708E-02   20.00  0.8833E-03  0.1060E+00
  52  -153.0000     -60.744 0.3501   0.9334E+01  0.4809E-03  0.3079E+00  0.0000E+00      -1   0.708E-02   20.00  0.8833E-03  0.1060E+00
  53  -156.0000     -57.648 0.3516   0.9912E+01  0.4749E-03  0.3081E+00  0.0000E+00      -1   0.709E-02   20.00  0.8833E-03  0.1060E+00
  54  -159.0000     -54.558 0.3530   0.1053E+02  0.4680E-03  0.3084E+00  0.0000E+00      -1   0.710E-02   20.00  0.8833E-03  0.1060E+00
  55  -162.0000     -51.472 0.3545   0.1115E+02  0.4611E-03  0.3087E+00  0.0000E+00      -1   0.710E-02   20.00  0.8833E-03  0.1060E+00
  56  -165.0000     -48.391 0.3559   0.1177E+02  0.4542E-03  0.3089E+00  0.0000E+00      -1   0.711E-02   20.00  0.8833E-03  0.1060E+00
  57  -168.0000     -45.315 0.3573   0.1252E+02  0.4445E-03  0.3092E+00  0.0000E+00      -1   0.711E-02   20.00  0.8833E-03  0.1060E+00
  58  -171.0000     -42.243 0.3586   0.1333E+02  0.4337E-03  0.3094E+00  0.0000E+00      -1   0.712E-02   20.00  0.8833E-03  0.1060E+00
  59  -174.0000     -39.176 0.3600   0.1413E+02  0.4229E-03  0.3096E+00  0.0000E+00      -1   0.712E-02   20.00  0.8833E-03  0.1060E+00
  60  -177.0000     -36.112 0.3613   0.1504E+02  0.4101E-03  0.3098E+00  0.0000E+00      -1   0.713E-02   20.00  0.8833E-03  0.1060E+00
  61  -180.0000     -33.052 0.3625   0.1605E+02  0.3953E-03  0.3099E+00  0.0000E+00      -1   0.713E-02   20.00  0.8833E-03  0.1060E+00
  62  -183.0000     -29.996 0.3637   0.1707E+02  0.3805E-03  0.3101E+00  0.0000E+00      -1   0.713E-02   20.00  0.8833E-03  0.1060E+00
  63  -186.0000     -26.943 0.3648   0.1829E+02  0.3620E-03  0.3102E+00  0.0000E+00      -1   0.714E-02   20.00  0.8833E-03  0.1060E+00
  64  -189.0000     -23.894 0.3659   0.1953E+02  0.3432E-03  0.3104E+00  0.0000E+00      -1   0.714E-02   20.00  0.8833E-03  0.1060E+00
  65  -192.0000     -20.848 0.3669   0.2099E+02  0.3207E-03  0.3105E+00  0.0000E+00      -1   0.714E-02   20.00  0.8833E-03  0.1060E+00
  66  -195.0000     -17.805 0.3679   0.2256E+02  0.2966E-03  0.3106E+00  0.0000E+00      -1   0.715E-02   20.00  0.8833E-03  0.1060E+00
  67  -198.0000     -14.766 0.3687   0.2432E+02  0.2697E-03  0.3107E+00  0.0000E+00      -1   0.715E-02   20.00  0.8833E-03  0.1060E+00
  68  -201.0000     -11.729 0.3695   0.2636E+02  0.2386E-03  0.3108E+00  0.0000E+00      -1   0.715E-02   20.00  0.8833E-03  0.1060E+00
  69  -204.0000      -8.695 0.3702   0.2877E+02  0.2024E-03  0.3108E+00  0.0000E+00      -1   0.715E-02   20.00  0.8833E-03  0.1060E+00
  70  -207.0000      -5.664 0.3707   0.3169E+02  0.1596E-03  0.3109E+00  0.0000E+00      -1   0.715E-02   20.00  0.8833E-03  0.1060E+00
  71  -210.0000      -2.636 0.3711   0.3566E+02  0.1035E-03  0.3109E+00  0.0000E+00      -1   0.715E-02   20.00  0.8833E-03  0.1060E+00
  72  -213.0000       0.387 0.3713   0.4346E+02  0.0000E+00  0.3109E+00  0.0000E+00      -1   0.715E-02   20.00  0.8833E-03  0.1060E+00
  73  -216.0000       3.409 0.3713   0.4346E+02  0.0000E+00  0.3109E+00  0.0000E+00      -1   0.715E-02   20.00  0.8833E-03  0.1060E+00
  74  -219.0000       6.430 0.3713   0.4346E+02  0.0000E+00  0.3109E+00  0.0000E+00      -1   0.715E-02   20.00  0.8833E-03  0.1060E+00
  75  -222.0000       9.452 0.3713   0.4346E+02  0.0000E+00  0.3109E+00  0.0000E+00      -1   0.715E-02   20.00  0.8833E-03  0.1060E+00
  76  -225.0000      12.473 0.3713   0.4346E+02  0.0000E+00  0.3109E+00  0.0000E+00      -1   0.715E-02   20.00  0.8833E-03  0.1060E+00
  77  -228.0000      15.494 0.3713   0.4346E+02  0.0000E+00  0.3109E+00  0.0000E+00      -1   0.715E-02   20.00  0.8833E-03  0.1060E+00
  78  -231.0000      18.516 0.3713   0.4346E+02  0.0000E+00  0.3109E+00  0.0000E+00      -1   0.715E-02   20.00  0.8833E-03  0.1060E+00
  79  -234.0000      21.537 0.3713   0.4346E+02  0.0000E+00  0.3109E+00  0.0000E+00      -1   0.715E-02   20.00  0.8833E-03  0.1060E+00
  80  -237.0000      24.559 0.3713   0.4346E+02  0.0000E+00  0.3109E+00  0.0000E+00      -1   0.715E-02   20.00  0.8833E-03  0.1060E+00
  81  -240.0000      27.580 0.3713   0.4346E+02  0.0000E+00  0.3109E+00  0.0000E+00      -1   0.715E-02   20.00  0.8833E-03  0.1060E+00
  82  -243.0000      30.602 0.3713   0.4346E+02  0.0000E+00  0.3109E+00  0.0000E+00      -1   0.715E-02   20.00  0.8833E-03  0.1060E+00
  83  -246.0000      33.623 0.3713   0.4346E+02  0.0000E+00  0.3109E+00  0.0000E+00      -1   0.715E-02   20.00  0.8833E-03  0.1060E+00
  84  -249.0000      36.645 0.3713   0.4346E+02  0.0000E+00  0.3109E+00  0.0000E+00      -1   0.715E-02   20.00  0.8833E-03  0.1060E+00
  85  -252.0000      39.666 0.3713   0.4346E+02  0.0000E+00  0.3109E+00  0.0000E+00      -1   0.715E-02   20.00  0.8833E-03  0.1060E+00
  86  -255.0000      42.688 0.3713   0.4346E+02  0.0000E+00  0.3109E+00  0.0000E+00      -1   0.715E-02   20.00  0.8833E-03  0.1060E+00
  87  -258.0000      45.709 0.3713   0.4346E+02  0.0000E+00  0.3109E+00  0.0000E+00      -1   0.715E-02   20.00  0.8833E-03  0.1060E+00
  88  -261.0000      48.731 0.3713   0.4346E+02  0.0000E+00  0.3109E+00  0.0000E+00      -1   0.715E-02   20.00  0.8833E-03  0.1060E+00
  89  -264.0000      51.752 0.3713   0.4346E+02  0.0000E+00  0.3109E+00  0.0000E+00      -1   0.715E-02   20.00  0.8833E-03  0.1060E+00
  90  -267.0000      54.773 0.3713   0.4346E+02  0.0000E+00  0.3109E+00  0.0000E+00      -1   0.715E-02   20.00  0.8833E-03  0.1060E+00
  91  -270.0000      57.795 0.3713   0.4346E+02  0.0000E+00  0.3109E+00  0.0000E+00      -1   0.715E-02   20.00  0.8833E-03  0.1060E+00
  92  -273.0000      60.816 0.3713   0.4346E+02  0.0000E+00  0.3109E+00  0.0000E+00      -1   0.715E-02   20.00  0.8833E-03  0.1060E+00
  93  -276.0000      63.838 0.3713   0.4346E+02  0.0000E+00  0.3109E+00  0.0000E+00      -1   0.715E-02   20.00  0.8833E-03  0.1060E+00
  94  -279.0000      66.859 0.3713   0.4346E+02  0.0000E+00  0.3109E+00  0.0000E+00      -1   0.715E-02   20.00  0.8833E-03  0.1060E+00
  95  -282.0000      69.881 0.3713   0.4346E+02  0.0000E+00  0.3109E+00  0.0000E+00      -1   0.715E-02   20.00  0.8833E-03  0.1060E+00
  96  -285.0000      72.902 0.3713   0.4346E+02  0.0000E+00  0.3109E+00  0.0000E+00      -1   0.715E-02   20.00  0.8833E-03  0.1060E+00
  97  -288.0000      75.924 0.3713   0.4346E+02  0.0000E+00  0.3109E+00  0.0000E+00      -1   0.715E-02   20.00  0.8833E-03  0.1060E+00
  98  -291.0000      78.945 0.3713   0.4346E+02  0.0000E+00  0.3110E+00  0.0000E+00      -1   0.716E-02   20.00  0.8833E-03  0.1060E+00
  99  -294.0000      81.967 0.3713   0.4346E+02  0.0000E+00  0.3110E+00  0.0000E+00      -1   0.716E-02   20.00  0.8823E-03  0.1059E+00
 100  -297.0000      84.988 0.3713   0.4346E+02  0.0000E+00  0.3110E+00  0.0000E+00      -1   0.716E-02   20.00  0.8803E-03  0.1056E+00
 101  -300.0000      88.010 0.3713   0.4346E+02  0.0000E+00  0.3109E+00  0.0000E+00      -1   0.715E-02   20.00  0.8729E-03  0.1050E+00
end
