 ******* Program HYDRUS
 ******* 
 Welcome to HYDRUS-1D                                                    
 Date:  28. 3.2022    Time:   8:56:56
 Units: L = cm   , T = days , M = mg   

----------------------------------------------------------
 Time       [T]        0.0000
----------------------------------------------------------
 Sub-region num.                     1
----------------------------------------------------------
 Length   [L]        0.30000E+03  0.30000E+03
 W-volume [L]        0.95972E+02  0.95972E+02
 In-flow  [L/T]      0.00000E+00  0.00000E+00
 h Mean   [L]       -0.12524E+03 -0.12524E+03
 ConcVol  [M/L2] 1   0.98753E-01  0.98753E-01
 cMean    [M/L3] 1   0.10722E-02  0.10722E-02
 SorbVolIm[M/L2] 1   0.46299E+02  0.46299E+02
 sMeanIm  [-]    1   0.10644E+00  0.10644E+00
 Top Flux [L/T]      0.29504E-01
 Bot Flux [L/T]      0.56503E+00
----------------------------------------------------------

----------------------------------------------------------
 Time       [T]        1.0000
----------------------------------------------------------
 Sub-region num.                     1
----------------------------------------------------------
 Length   [L]        0.30000E+03  0.30000E+03
 W-volume [L]        0.95933E+02  0.95933E+02
 In-flow  [L/T]      0.50353E+00  0.50353E+00
 h Mean   [L]       -0.12557E+03 -0.12557E+03
 ConcVol  [M/L2] 1   0.84956E-01  0.84956E-01
 cMean    [M/L3] 1   0.88626E-03  0.88626E-03
 SorbVolIm[M/L2] 1   0.46324E+02  0.46324E+02
 sMeanIm  [-]    1   0.10649E+00  0.10649E+00
 Top Flux [L/T]      0.29864E-01
 Bot Flux [L/T]      0.66097E+00
 WatBalT  [L]       -0.14326E+00
 WatBalR  [%]             11.205
 CncBalT  [M]    1   0.10956E-01
 CncBalR  [%]    1        78.926
----------------------------------------------------------
 
 Calculation time [sec]  9.999990463256836E-003
