 ******* Program HYDRUS
 ******* 
 Welcome to HYDRUS-1D                                                    
 Date:  28. 3.2022    Time:   8:56:56
 Units: L = cm   , T = days , M = mg   


 Time:        0.0000


 Node      Depth      Head Moisture       K          C         Flux        Sink         Kappa   v/KsTop   Temp   Conc(1..NS) Sorb(1...NS)
           [L]        [L]    [-]        [L/T]      [1/L]      [L/T]        [1/T]         [-]      [-]      [C]      [M/L*3]

   1     0.0000    -332.244 0.2462   0.3458E+00  0.2483E-03  0.2950E-01  0.0000E+00      -1   0.679E-03   20.00  0.1329E-01  0.1120E+00
   2    -3.0000    -328.991 0.2469   0.3539E+00  0.2507E-03  0.3935E-01  0.0000E+00      -1   0.905E-03   20.00  0.1330E-01  0.1131E+00
   3    -6.0000    -325.579 0.2477   0.3624E+00  0.2532E-03  0.5987E-01  0.0000E+00      -1   0.138E-02   20.00  0.9258E-03  0.1110E+00
   4    -9.0000    -322.002 0.2486   0.3713E+00  0.2558E-03  0.8762E-01  0.3058E-02      -1   0.202E-02   20.00  0.9354E-03  0.1123E+00
   5   -12.0000    -318.167 0.2495   0.3809E+00  0.2586E-03  0.1227E+00  0.3065E-02      -1   0.282E-02   20.00  0.9341E-03  0.1121E+00
   6   -15.0000    -314.073 0.2505   0.3911E+00  0.2616E-03  0.1593E+00  0.3072E-02      -1   0.367E-02   20.00  0.9291E-03  0.1115E+00
   7   -18.0000    -309.727 0.2515   0.4019E+00  0.2648E-03  0.1964E+00  0.3079E-02      -1   0.452E-02   20.00  0.9214E-03  0.1106E+00
   8   -21.0000    -305.147 0.2526   0.4140E+00  0.2682E-03  0.2334E+00  0.3086E-02      -1   0.537E-02   20.00  0.9101E-03  0.1092E+00
   9   -24.0000    -300.378 0.2540   0.4404E+00  0.2729E-03  0.2722E+00  0.3061E-02      -1   0.626E-02   20.00  0.9000E-03  0.1080E+00
  10   -27.0000    -295.446 0.2555   0.4677E+00  0.2778E-03  0.3131E+00  0.2907E-02      -1   0.720E-02   20.00  0.8918E-03  0.1070E+00
  11   -30.0000    -290.368 0.2570   0.4959E+00  0.2828E-03  0.3530E+00  0.2753E-02      -1   0.812E-02   20.00  0.8867E-03  0.1064E+00
  12   -33.0000    -285.179 0.2586   0.5246E+00  0.2880E-03  0.3902E+00  0.2597E-02      -1   0.898E-02   20.00  0.8842E-03  0.1061E+00
  13   -36.0000    -279.908 0.2601   0.5538E+00  0.2932E-03  0.4250E+00  0.2440E-02      -1   0.978E-02   20.00  0.8834E-03  0.1060E+00
  14   -39.0000    -274.577 0.2617   0.5833E+00  0.2985E-03  0.4570E+00  0.2283E-02      -1   0.105E-01   20.00  0.8833E-03  0.1060E+00
  15   -42.0000    -269.209 0.2633   0.6130E+00  0.3038E-03  0.4861E+00  0.2125E-02      -1   0.112E-01   20.00  0.8833E-03  0.1060E+00
  16   -45.0000    -263.820 0.2649   0.6429E+00  0.3091E-03  0.5127E+00  0.1965E-02      -1   0.118E-01   20.00  0.8833E-03  0.1060E+00
  17   -48.0000    -258.424 0.2665   0.6728E+00  0.3144E-03  0.5366E+00  0.1805E-02      -1   0.123E-01   20.00  0.8833E-03  0.1060E+00
  18   -51.0000    -253.034 0.2681   0.7026E+00  0.3198E-03  0.5578E+00  0.1645E-02      -1   0.128E-01   20.00  0.8833E-03  0.1060E+00
  19   -54.0000    -247.660 0.2697   0.7324E+00  0.3251E-03  0.5759E+00  0.1483E-02      -1   0.133E-01   20.00  0.8833E-03  0.1060E+00
  20   -57.0000    -242.315 0.2713   0.7620E+00  0.3304E-03  0.5909E+00  0.1321E-02      -1   0.136E-01   20.00  0.8833E-03  0.1060E+00
  21   -60.0000    -237.049 0.2732   0.8208E+00  0.3367E-03  0.6047E+00  0.1157E-02      -1   0.139E-01   20.00  0.8833E-03  0.1060E+00
  22   -63.0000    -231.892 0.2751   0.8803E+00  0.3429E-03  0.6175E+00  0.9937E-03      -1   0.142E-01   20.00  0.8833E-03  0.1060E+00
  23   -66.0000    -226.835 0.2769   0.9386E+00  0.3491E-03  0.6280E+00  0.8294E-03      -1   0.145E-01   20.00  0.8833E-03  0.1060E+00
  24   -69.0000    -221.873 0.2787   0.9957E+00  0.3551E-03  0.6360E+00  0.6645E-03      -1   0.146E-01   20.00  0.8833E-03  0.1060E+00
  25   -72.0000    -216.999 0.2804   0.1052E+01  0.3610E-03  0.6420E+00  0.4990E-03      -1   0.148E-01   20.00  0.8833E-03  0.1060E+00
  26   -75.0000    -212.208 0.2822   0.1107E+01  0.3668E-03  0.6459E+00  0.3331E-03      -1   0.149E-01   20.00  0.8833E-03  0.1060E+00
  27   -78.0000    -207.496 0.2839   0.1161E+01  0.3725E-03  0.6478E+00  0.1667E-03      -1   0.149E-01   20.00  0.8833E-03  0.1060E+00
  28   -81.0000    -202.859 0.2855   0.1215E+01  0.3781E-03  0.6483E+00  0.0000E+00      -1   0.149E-01   20.00  0.8833E-03  0.1060E+00
  29   -84.0000    -198.292 0.2872   0.1267E+01  0.3836E-03  0.6477E+00  0.0000E+00      -1   0.149E-01   20.00  0.8833E-03  0.1060E+00
  30   -87.0000    -193.791 0.2888   0.1319E+01  0.3891E-03  0.6461E+00  0.0000E+00      -1   0.149E-01   20.00  0.8833E-03  0.1060E+00
  31   -90.0000    -189.366 0.2905   0.1396E+01  0.3947E-03  0.6435E+00  0.0000E+00      -1   0.148E-01   20.00  0.8833E-03  0.1060E+00
  32   -93.0000    -185.033 0.2923   0.1493E+01  0.4003E-03  0.6411E+00  0.0000E+00      -1   0.148E-01   20.00  0.8833E-03  0.1060E+00
  33   -96.0000    -180.786 0.2941   0.1588E+01  0.4058E-03  0.6388E+00  0.0000E+00      -1   0.147E-01   20.00  0.8833E-03  0.1060E+00
  34   -99.0000    -176.616 0.2959   0.1681E+01  0.4113E-03  0.6360E+00  0.0000E+00      -1   0.146E-01   20.00  0.8833E-03  0.1060E+00
  35  -102.0000    -172.513 0.2976   0.1772E+01  0.4166E-03  0.6332E+00  0.0000E+00      -1   0.146E-01   20.00  0.8833E-03  0.1060E+00
  36  -105.0000    -168.470 0.2993   0.1862E+01  0.4219E-03  0.6304E+00  0.0000E+00      -1   0.145E-01   20.00  0.8833E-03  0.1060E+00
  37  -108.0000    -164.480 0.3009   0.1951E+01  0.4271E-03  0.6278E+00  0.0000E+00      -1   0.144E-01   20.00  0.8833E-03  0.1060E+00
  38  -111.0000    -160.538 0.3026   0.2039E+01  0.4322E-03  0.6248E+00  0.0000E+00      -1   0.144E-01   20.00  0.8833E-03  0.1060E+00
  39  -114.0000    -156.640 0.3042   0.2126E+01  0.4373E-03  0.6221E+00  0.0000E+00      -1   0.143E-01   20.00  0.8833E-03  0.1060E+00
  40  -117.0000    -152.781 0.3058   0.2212E+01  0.4423E-03  0.6195E+00  0.0000E+00      -1   0.143E-01   20.00  0.8833E-03  0.1060E+00
  41  -120.0000    -148.968 0.3075   0.2350E+01  0.4468E-03  0.6165E+00  0.0000E+00      -1   0.142E-01   20.00  0.8833E-03  0.1060E+00
  42  -123.0000    -145.207 0.3093   0.2500E+01  0.4511E-03  0.6138E+00  0.0000E+00      -1   0.141E-01   20.00  0.8833E-03  0.1060E+00
  43  -126.0000    -141.493 0.3110   0.2648E+01  0.4554E-03  0.6114E+00  0.0000E+00      -1   0.141E-01   20.00  0.8833E-03  0.1060E+00
  44  -129.0000    -137.820 0.3127   0.2794E+01  0.4597E-03  0.6090E+00  0.0000E+00      -1   0.140E-01   20.00  0.8833E-03  0.1060E+00
  45  -132.0000    -134.184 0.3144   0.2939E+01  0.4639E-03  0.6064E+00  0.0000E+00      -1   0.140E-01   20.00  0.8833E-03  0.1060E+00
  46  -135.0000    -130.581 0.3160   0.3082E+01  0.4681E-03  0.6043E+00  0.0000E+00      -1   0.139E-01   20.00  0.8833E-03  0.1060E+00
  47  -138.0000    -127.007 0.3177   0.3225E+01  0.4722E-03  0.6021E+00  0.0000E+00      -1   0.139E-01   20.00  0.8833E-03  0.1060E+00
  48  -141.0000    -123.460 0.3193   0.3366E+01  0.4763E-03  0.6000E+00  0.0000E+00      -1   0.138E-01   20.00  0.8833E-03  0.1060E+00
  49  -144.0000    -119.938 0.3210   0.3520E+01  0.4801E-03  0.5982E+00  0.0000E+00      -1   0.138E-01   20.00  0.8833E-03  0.1060E+00
  50  -147.0000    -116.445 0.3227   0.3750E+01  0.4826E-03  0.5969E+00  0.0000E+00      -1   0.137E-01   20.00  0.8833E-03  0.1060E+00
  51  -150.0000    -112.982 0.3244   0.3979E+01  0.4851E-03  0.5949E+00  0.0000E+00      -1   0.137E-01   20.00  0.8833E-03  0.1060E+00
  52  -153.0000    -109.547 0.3261   0.4205E+01  0.4875E-03  0.5925E+00  0.0000E+00      -1   0.136E-01   20.00  0.8833E-03  0.1060E+00
  53  -156.0000    -106.136 0.3277   0.4430E+01  0.4899E-03  0.5918E+00  0.0000E+00      -1   0.136E-01   20.00  0.8833E-03  0.1060E+00
  54  -159.0000    -102.745 0.3294   0.4654E+01  0.4923E-03  0.5907E+00  0.0000E+00      -1   0.136E-01   20.00  0.8833E-03  0.1060E+00
  55  -162.0000     -99.374 0.3310   0.4877E+01  0.4947E-03  0.5889E+00  0.0000E+00      -1   0.136E-01   20.00  0.8833E-03  0.1060E+00
  56  -165.0000     -96.020 0.3327   0.5098E+01  0.4971E-03  0.5869E+00  0.0000E+00      -1   0.135E-01   20.00  0.8833E-03  0.1060E+00
  57  -168.0000     -92.686 0.3343   0.5417E+01  0.4974E-03  0.5859E+00  0.0000E+00      -1   0.135E-01   20.00  0.8833E-03  0.1060E+00
  58  -171.0000     -89.371 0.3360   0.5753E+01  0.4972E-03  0.5853E+00  0.0000E+00      -1   0.135E-01   20.00  0.8833E-03  0.1060E+00
  59  -174.0000     -86.075 0.3376   0.6088E+01  0.4971E-03  0.5840E+00  0.0000E+00      -1   0.134E-01   20.00  0.8833E-03  0.1060E+00
  60  -177.0000     -82.795 0.3393   0.6422E+01  0.4969E-03  0.5839E+00  0.0000E+00      -1   0.134E-01   20.00  0.8833E-03  0.1060E+00
  61  -180.0000     -79.529 0.3409   0.6753E+01  0.4968E-03  0.5826E+00  0.0000E+00      -1   0.134E-01   20.00  0.8833E-03  0.1060E+00
  62  -183.0000     -76.277 0.3425   0.7084E+01  0.4966E-03  0.5804E+00  0.0000E+00      -1   0.134E-01   20.00  0.8833E-03  0.1060E+00
  63  -186.0000     -73.039 0.3441   0.7530E+01  0.4939E-03  0.5811E+00  0.0000E+00      -1   0.134E-01   20.00  0.8833E-03  0.1060E+00
  64  -189.0000     -69.814 0.3457   0.8004E+01  0.4905E-03  0.5810E+00  0.0000E+00      -1   0.134E-01   20.00  0.8833E-03  0.1060E+00
  65  -192.0000     -66.603 0.3473   0.8475E+01  0.4871E-03  0.5786E+00  0.0000E+00      -1   0.133E-01   20.00  0.8833E-03  0.1060E+00
  66  -195.0000     -63.404 0.3488   0.8944E+01  0.4837E-03  0.5780E+00  0.0000E+00      -1   0.133E-01   20.00  0.8833E-03  0.1060E+00
  67  -198.0000     -60.215 0.3504   0.9412E+01  0.4803E-03  0.5776E+00  0.0000E+00      -1   0.133E-01   20.00  0.8833E-03  0.1060E+00
  68  -201.0000     -57.037 0.3519   0.1004E+02  0.4735E-03  0.5784E+00  0.0000E+00      -1   0.133E-01   20.00  0.8833E-03  0.1060E+00
  69  -204.0000     -53.869 0.3534   0.1067E+02  0.4664E-03  0.5774E+00  0.0000E+00      -1   0.133E-01   20.00  0.8833E-03  0.1060E+00
  70  -207.0000     -50.712 0.3548   0.1130E+02  0.4594E-03  0.5761E+00  0.0000E+00      -1   0.133E-01   20.00  0.8833E-03  0.1060E+00
  71  -210.0000     -47.563 0.3563   0.1194E+02  0.4523E-03  0.5767E+00  0.0000E+00      -1   0.133E-01   20.00  0.8833E-03  0.1060E+00
  72  -213.0000     -44.423 0.3577   0.1276E+02  0.4414E-03  0.5756E+00  0.0000E+00      -1   0.132E-01   20.00  0.8833E-03  0.1060E+00
  73  -216.0000     -41.292 0.3590   0.1358E+02  0.4303E-03  0.5742E+00  0.0000E+00      -1   0.132E-01   20.00  0.8833E-03  0.1060E+00
  74  -219.0000     -38.169 0.3604   0.1440E+02  0.4194E-03  0.5747E+00  0.0000E+00      -1   0.132E-01   20.00  0.8833E-03  0.1060E+00
  75  -222.0000     -35.053 0.3617   0.1539E+02  0.4050E-03  0.5743E+00  0.0000E+00      -1   0.132E-01   20.00  0.8833E-03  0.1060E+00
  76  -225.0000     -31.945 0.3629   0.1642E+02  0.3900E-03  0.5748E+00  0.0000E+00      -1   0.132E-01   20.00  0.8833E-03  0.1060E+00
  77  -228.0000     -28.843 0.3641   0.1752E+02  0.3737E-03  0.5759E+00  0.0000E+00      -1   0.133E-01   20.00  0.8833E-03  0.1060E+00
  78  -231.0000     -25.748 0.3652   0.1878E+02  0.3546E-03  0.5726E+00  0.0000E+00      -1   0.132E-01   20.00  0.8833E-03  0.1060E+00
  79  -234.0000     -22.660 0.3663   0.2011E+02  0.3343E-03  0.5738E+00  0.0000E+00      -1   0.132E-01   20.00  0.8833E-03  0.1060E+00
  80  -237.0000     -19.577 0.3673   0.2161E+02  0.3112E-03  0.5769E+00  0.0000E+00      -1   0.133E-01   20.00  0.8833E-03  0.1060E+00
  81  -240.0000     -16.500 0.3682   0.2331E+02  0.2851E-03  0.5754E+00  0.0000E+00      -1   0.132E-01   20.00  0.8833E-03  0.1060E+00
  82  -243.0000     -13.429 0.3691   0.2521E+02  0.2560E-03  0.5721E+00  0.0000E+00      -1   0.132E-01   20.00  0.8833E-03  0.1060E+00
  83  -246.0000     -10.364 0.3698   0.2741E+02  0.2228E-03  0.5722E+00  0.0000E+00      -1   0.132E-01   20.00  0.8833E-03  0.1060E+00
  84  -249.0000      -7.304 0.3704   0.3002E+02  0.1841E-03  0.5723E+00  0.0000E+00      -1   0.132E-01   20.00  0.8833E-03  0.1060E+00
  85  -252.0000      -4.250 0.3709   0.3336E+02  0.1357E-03  0.5722E+00  0.0000E+00      -1   0.132E-01   20.00  0.8833E-03  0.1060E+00
  86  -255.0000      -1.202 0.3712   0.3839E+02  0.6621E-04  0.5735E+00  0.0000E+00      -1   0.132E-01   20.00  0.8833E-03  0.1060E+00
  87  -258.0000       1.840 0.3713   0.4346E+02  0.0000E+00  0.5762E+00  0.0000E+00      -1   0.133E-01   20.00  0.8833E-03  0.1060E+00
  88  -261.0000       4.880 0.3713   0.4346E+02  0.0000E+00  0.5723E+00  0.0000E+00      -1   0.132E-01   20.00  0.8833E-03  0.1060E+00
  89  -264.0000       7.919 0.3713   0.4346E+02  0.0000E+00  0.5723E+00  0.0000E+00      -1   0.132E-01   20.00  0.8833E-03  0.1060E+00
  90  -267.0000      10.959 0.3713   0.4346E+02  0.0000E+00  0.5795E+00  0.0000E+00      -1   0.133E-01   20.00  0.8833E-03  0.1060E+00
  91  -270.0000      13.999 0.3713   0.4346E+02  0.0000E+00  0.5723E+00  0.0000E+00      -1   0.132E-01   20.00  0.8833E-03  0.1060E+00
  92  -273.0000      17.038 0.3713   0.4346E+02  0.0000E+00  0.5722E+00  0.0000E+00      -1   0.132E-01   20.00  0.8833E-03  0.1060E+00
  93  -276.0000      20.078 0.3713   0.4346E+02  0.0000E+00  0.5723E+00  0.0000E+00      -1   0.132E-01   20.00  0.8833E-03  0.1060E+00
  94  -279.0000      23.117 0.3713   0.4346E+02  0.0000E+00  0.5723E+00  0.0000E+00      -1   0.132E-01   20.00  0.8833E-03  0.1060E+00
  95  -282.0000      26.157 0.3713   0.4346E+02  0.0000E+00  0.5722E+00  0.0000E+00      -1   0.132E-01   20.00  0.8833E-03  0.1060E+00
  96  -285.0000      29.196 0.3713   0.4346E+02  0.0000E+00  0.5723E+00  0.0000E+00      -1   0.132E-01   20.00  0.8833E-03  0.1060E+00
  97  -288.0000      32.236 0.3713   0.4346E+02  0.0000E+00  0.5795E+00  0.0000E+00      -1   0.133E-01   20.00  0.8834E-03  0.1060E+00
  98  -291.0000      35.276 0.3713   0.4346E+02  0.0000E+00  0.5722E+00  0.0000E+00      -1   0.132E-01   20.00  0.8833E-03  0.1060E+00
  99  -294.0000      38.315 0.3713   0.4346E+02  0.0000E+00  0.5722E+00  0.0000E+00      -1   0.132E-01   20.00  0.8824E-03  0.1059E+00
 100  -297.0000      41.355 0.3713   0.4346E+02  0.0000E+00  0.5723E+00  0.0000E+00      -1   0.132E-01   20.00  0.8812E-03  0.1057E+00
 101  -300.0000      44.394 0.3713   0.4346E+02  0.0000E+00  0.5650E+00  0.0000E+00      -1   0.130E-01   20.00  0.8730E-03  0.1052E+00
end


 Time:        1.0000


 Node      Depth      Head Moisture       K          C         Flux        Sink         Kappa   v/KsTop   Temp   Conc(1..NS) Sorb(1...NS)
           [L]        [L]    [-]        [L/T]      [1/L]      [L/T]        [1/T]         [-]      [-]      [C]      [M/L*3]

   1     0.0000    -336.591 0.2451   0.3362E+00  0.2455E-03  0.1894E-01  0.0000E+00      -1   0.436E-03   20.00  0.9181E-03  0.1162E+00
   2    -3.0000    -333.327 0.2459   0.3444E+00  0.2479E-03  0.4081E-01  0.0000E+00      -1   0.939E-03   20.00  0.9289E-03  0.1171E+00
   3    -6.0000    -329.882 0.2467   0.3530E+00  0.2504E-03  0.6344E-01  0.0000E+00      -1   0.146E-02   20.00  0.8912E-03  0.1105E+00
   4    -9.0000    -326.252 0.2475   0.3621E+00  0.2531E-03  0.9284E-01  0.3051E-02      -1   0.214E-02   20.00  0.9245E-03  0.1124E+00
   5   -12.0000    -322.348 0.2484   0.3718E+00  0.2560E-03  0.1293E+00  0.3057E-02      -1   0.297E-02   20.00  0.9328E-03  0.1121E+00
   6   -15.0000    -318.171 0.2494   0.3823E+00  0.2590E-03  0.1672E+00  0.3065E-02      -1   0.385E-02   20.00  0.9295E-03  0.1115E+00
   7   -18.0000    -313.729 0.2505   0.3934E+00  0.2623E-03  0.2058E+00  0.3072E-02      -1   0.473E-02   20.00  0.9213E-03  0.1106E+00
   8   -21.0000    -309.037 0.2516   0.4051E+00  0.2658E-03  0.2443E+00  0.3080E-02      -1   0.562E-02   20.00  0.9100E-03  0.1092E+00
   9   -24.0000    -304.129 0.2529   0.4233E+00  0.2699E-03  0.2829E+00  0.3056E-02      -1   0.651E-02   20.00  0.9000E-03  0.1080E+00
  10   -27.0000    -299.056 0.2544   0.4516E+00  0.2749E-03  0.3228E+00  0.2902E-02      -1   0.743E-02   20.00  0.8918E-03  0.1070E+00
  11   -30.0000    -293.847 0.2559   0.4808E+00  0.2801E-03  0.3636E+00  0.2748E-02      -1   0.837E-02   20.00  0.8867E-03  0.1064E+00
  12   -33.0000    -288.524 0.2575   0.5104E+00  0.2854E-03  0.4024E+00  0.2593E-02      -1   0.926E-02   20.00  0.8842E-03  0.1061E+00
  13   -36.0000    -283.119 0.2591   0.5404E+00  0.2908E-03  0.4384E+00  0.2437E-02      -1   0.101E-01   20.00  0.8833E-03  0.1060E+00
  14   -39.0000    -277.658 0.2608   0.5706E+00  0.2962E-03  0.4715E+00  0.2280E-02      -1   0.108E-01   20.00  0.8833E-03  0.1060E+00
  15   -42.0000    -272.162 0.2624   0.6010E+00  0.3016E-03  0.5019E+00  0.2122E-02      -1   0.115E-01   20.00  0.8833E-03  0.1060E+00
  16   -45.0000    -266.648 0.2640   0.6313E+00  0.3070E-03  0.5294E+00  0.1963E-02      -1   0.122E-01   20.00  0.8833E-03  0.1060E+00
  17   -48.0000    -261.131 0.2657   0.6617E+00  0.3125E-03  0.5544E+00  0.1804E-02      -1   0.128E-01   20.00  0.8833E-03  0.1060E+00
  18   -51.0000    -255.621 0.2673   0.6920E+00  0.3179E-03  0.5766E+00  0.1643E-02      -1   0.133E-01   20.00  0.8833E-03  0.1060E+00
  19   -54.0000    -250.130 0.2690   0.7222E+00  0.3233E-03  0.5963E+00  0.1482E-02      -1   0.137E-01   20.00  0.8833E-03  0.1060E+00
  20   -57.0000    -244.666 0.2706   0.7522E+00  0.3286E-03  0.6135E+00  0.1320E-02      -1   0.141E-01   20.00  0.8833E-03  0.1060E+00
  21   -60.0000    -239.267 0.2724   0.8017E+00  0.3347E-03  0.6294E+00  0.1157E-02      -1   0.145E-01   20.00  0.8833E-03  0.1060E+00
  22   -63.0000    -233.968 0.2743   0.8625E+00  0.3411E-03  0.6441E+00  0.9931E-03      -1   0.148E-01   20.00  0.8833E-03  0.1060E+00
  23   -66.0000    -228.781 0.2762   0.9220E+00  0.3473E-03  0.6560E+00  0.8289E-03      -1   0.151E-01   20.00  0.8833E-03  0.1060E+00
  24   -69.0000    -223.695 0.2780   0.9802E+00  0.3534E-03  0.6656E+00  0.6641E-03      -1   0.153E-01   20.00  0.8833E-03  0.1060E+00
  25   -72.0000    -218.703 0.2798   0.1037E+01  0.3595E-03  0.6729E+00  0.4988E-03      -1   0.155E-01   20.00  0.8833E-03  0.1060E+00
  26   -75.0000    -213.799 0.2816   0.1093E+01  0.3653E-03  0.6784E+00  0.3330E-03      -1   0.156E-01   20.00  0.8833E-03  0.1060E+00
  27   -78.0000    -208.978 0.2833   0.1149E+01  0.3711E-03  0.6821E+00  0.1667E-03      -1   0.157E-01   20.00  0.8833E-03  0.1060E+00
  28   -81.0000    -204.234 0.2850   0.1203E+01  0.3769E-03  0.6843E+00  0.0000E+00      -1   0.157E-01   20.00  0.8833E-03  0.1060E+00
  29   -84.0000    -199.562 0.2867   0.1256E+01  0.3825E-03  0.6853E+00  0.0000E+00      -1   0.158E-01   20.00  0.8833E-03  0.1060E+00
  30   -87.0000    -194.959 0.2884   0.1309E+01  0.3880E-03  0.6858E+00  0.0000E+00      -1   0.158E-01   20.00  0.8833E-03  0.1060E+00
  31   -90.0000    -190.428 0.2901   0.1379E+01  0.3936E-03  0.6858E+00  0.0000E+00      -1   0.158E-01   20.00  0.8833E-03  0.1060E+00
  32   -93.0000    -185.987 0.2919   0.1477E+01  0.3994E-03  0.6855E+00  0.0000E+00      -1   0.158E-01   20.00  0.8833E-03  0.1060E+00
  33   -96.0000    -181.639 0.2938   0.1573E+01  0.4050E-03  0.6849E+00  0.0000E+00      -1   0.158E-01   20.00  0.8833E-03  0.1060E+00
  34   -99.0000    -177.372 0.2955   0.1668E+01  0.4105E-03  0.6841E+00  0.0000E+00      -1   0.157E-01   20.00  0.8833E-03  0.1060E+00
  35  -102.0000    -173.176 0.2973   0.1761E+01  0.4160E-03  0.6831E+00  0.0000E+00      -1   0.157E-01   20.00  0.8833E-03  0.1060E+00
  36  -105.0000    -169.042 0.2990   0.1853E+01  0.4213E-03  0.6820E+00  0.0000E+00      -1   0.157E-01   20.00  0.8833E-03  0.1060E+00
  37  -108.0000    -164.965 0.3007   0.1943E+01  0.4266E-03  0.6809E+00  0.0000E+00      -1   0.157E-01   20.00  0.8833E-03  0.1060E+00
  38  -111.0000    -160.939 0.3024   0.2033E+01  0.4318E-03  0.6798E+00  0.0000E+00      -1   0.156E-01   20.00  0.8833E-03  0.1060E+00
  39  -114.0000    -156.958 0.3041   0.2121E+01  0.4370E-03  0.6786E+00  0.0000E+00      -1   0.156E-01   20.00  0.8833E-03  0.1060E+00
  40  -117.0000    -153.018 0.3057   0.2209E+01  0.4421E-03  0.6775E+00  0.0000E+00      -1   0.156E-01   20.00  0.8833E-03  0.1060E+00
  41  -120.0000    -149.127 0.3075   0.2347E+01  0.4467E-03  0.6764E+00  0.0000E+00      -1   0.156E-01   20.00  0.8833E-03  0.1060E+00
  42  -123.0000    -145.290 0.3092   0.2500E+01  0.4512E-03  0.6753E+00  0.0000E+00      -1   0.155E-01   20.00  0.8833E-03  0.1060E+00
  43  -126.0000    -141.504 0.3110   0.2650E+01  0.4555E-03  0.6742E+00  0.0000E+00      -1   0.155E-01   20.00  0.8833E-03  0.1060E+00
  44  -129.0000    -137.762 0.3127   0.2799E+01  0.4598E-03  0.6732E+00  0.0000E+00      -1   0.155E-01   20.00  0.8833E-03  0.1060E+00
  45  -132.0000    -134.060 0.3144   0.2946E+01  0.4641E-03  0.6723E+00  0.0000E+00      -1   0.155E-01   20.00  0.8833E-03  0.1060E+00
  46  -135.0000    -130.392 0.3161   0.3092E+01  0.4684E-03  0.6714E+00  0.0000E+00      -1   0.154E-01   20.00  0.8833E-03  0.1060E+00
  47  -138.0000    -126.756 0.3178   0.3237E+01  0.4726E-03  0.6706E+00  0.0000E+00      -1   0.154E-01   20.00  0.8833E-03  0.1060E+00
  48  -141.0000    -123.148 0.3195   0.3381E+01  0.4767E-03  0.6698E+00  0.0000E+00      -1   0.154E-01   20.00  0.8833E-03  0.1060E+00
  49  -144.0000    -119.569 0.3211   0.3547E+01  0.4804E-03  0.6691E+00  0.0000E+00      -1   0.154E-01   20.00  0.8833E-03  0.1060E+00
  50  -147.0000    -116.021 0.3229   0.3781E+01  0.4830E-03  0.6684E+00  0.0000E+00      -1   0.154E-01   20.00  0.8833E-03  0.1060E+00
  51  -150.0000    -112.507 0.3246   0.4013E+01  0.4854E-03  0.6678E+00  0.0000E+00      -1   0.154E-01   20.00  0.8833E-03  0.1060E+00
  52  -153.0000    -109.022 0.3263   0.4242E+01  0.4879E-03  0.6672E+00  0.0000E+00      -1   0.154E-01   20.00  0.8833E-03  0.1060E+00
  53  -156.0000    -105.562 0.3280   0.4470E+01  0.4904E-03  0.6666E+00  0.0000E+00      -1   0.153E-01   20.00  0.8833E-03  0.1060E+00
  54  -159.0000    -102.126 0.3297   0.4697E+01  0.4928E-03  0.6661E+00  0.0000E+00      -1   0.153E-01   20.00  0.8833E-03  0.1060E+00
  55  -162.0000     -98.711 0.3314   0.4922E+01  0.4952E-03  0.6656E+00  0.0000E+00      -1   0.153E-01   20.00  0.8833E-03  0.1060E+00
  56  -165.0000     -95.315 0.3330   0.5152E+01  0.4975E-03  0.6652E+00  0.0000E+00      -1   0.153E-01   20.00  0.8833E-03  0.1060E+00
  57  -168.0000     -91.940 0.3347   0.5495E+01  0.4974E-03  0.6648E+00  0.0000E+00      -1   0.153E-01   20.00  0.8833E-03  0.1060E+00
  58  -171.0000     -88.588 0.3364   0.5835E+01  0.4972E-03  0.6644E+00  0.0000E+00      -1   0.153E-01   20.00  0.8833E-03  0.1060E+00
  59  -174.0000     -85.256 0.3380   0.6173E+01  0.4971E-03  0.6641E+00  0.0000E+00      -1   0.153E-01   20.00  0.8833E-03  0.1060E+00
  60  -177.0000     -81.942 0.3397   0.6510E+01  0.4969E-03  0.6638E+00  0.0000E+00      -1   0.153E-01   20.00  0.8833E-03  0.1060E+00
  61  -180.0000     -78.644 0.3413   0.6845E+01  0.4968E-03  0.6635E+00  0.0000E+00      -1   0.153E-01   20.00  0.8833E-03  0.1060E+00
  62  -183.0000     -75.360 0.3430   0.7192E+01  0.4963E-03  0.6632E+00  0.0000E+00      -1   0.153E-01   20.00  0.8833E-03  0.1060E+00
  63  -186.0000     -72.093 0.3446   0.7671E+01  0.4929E-03  0.6630E+00  0.0000E+00      -1   0.153E-01   20.00  0.8833E-03  0.1060E+00
  64  -189.0000     -68.841 0.3462   0.8148E+01  0.4894E-03  0.6628E+00  0.0000E+00      -1   0.152E-01   20.00  0.8833E-03  0.1060E+00
  65  -192.0000     -65.604 0.3478   0.8623E+01  0.4860E-03  0.6626E+00  0.0000E+00      -1   0.152E-01   20.00  0.8833E-03  0.1060E+00
  66  -195.0000     -62.380 0.3493   0.9096E+01  0.4826E-03  0.6624E+00  0.0000E+00      -1   0.152E-01   20.00  0.8833E-03  0.1060E+00
  67  -198.0000     -59.167 0.3509   0.9610E+01  0.4783E-03  0.6622E+00  0.0000E+00      -1   0.152E-01   20.00  0.8833E-03  0.1060E+00
  68  -201.0000     -55.967 0.3524   0.1025E+02  0.4711E-03  0.6621E+00  0.0000E+00      -1   0.152E-01   20.00  0.8833E-03  0.1060E+00
  69  -204.0000     -52.779 0.3539   0.1089E+02  0.4640E-03  0.6619E+00  0.0000E+00      -1   0.152E-01   20.00  0.8833E-03  0.1060E+00
  70  -207.0000     -49.602 0.3554   0.1153E+02  0.4569E-03  0.6618E+00  0.0000E+00      -1   0.152E-01   20.00  0.8833E-03  0.1060E+00
  71  -210.0000     -46.435 0.3568   0.1223E+02  0.4484E-03  0.6617E+00  0.0000E+00      -1   0.152E-01   20.00  0.8833E-03  0.1060E+00
  72  -213.0000     -43.278 0.3582   0.1306E+02  0.4373E-03  0.6616E+00  0.0000E+00      -1   0.152E-01   20.00  0.8833E-03  0.1060E+00
  73  -216.0000     -40.131 0.3596   0.1388E+02  0.4262E-03  0.6615E+00  0.0000E+00      -1   0.152E-01   20.00  0.8833E-03  0.1060E+00
  74  -219.0000     -36.992 0.3609   0.1475E+02  0.4143E-03  0.6614E+00  0.0000E+00      -1   0.152E-01   20.00  0.8833E-03  0.1060E+00
  75  -222.0000     -33.862 0.3621   0.1579E+02  0.3992E-03  0.6613E+00  0.0000E+00      -1   0.152E-01   20.00  0.8833E-03  0.1060E+00
  76  -225.0000     -30.741 0.3634   0.1682E+02  0.3841E-03  0.6613E+00  0.0000E+00      -1   0.152E-01   20.00  0.8833E-03  0.1060E+00
  77  -228.0000     -27.627 0.3646   0.1802E+02  0.3661E-03  0.6612E+00  0.0000E+00      -1   0.152E-01   20.00  0.8833E-03  0.1060E+00
  78  -231.0000     -24.520 0.3657   0.1928E+02  0.3470E-03  0.6612E+00  0.0000E+00      -1   0.152E-01   20.00  0.8833E-03  0.1060E+00
  79  -234.0000     -21.421 0.3667   0.2072E+02  0.3250E-03  0.6611E+00  0.0000E+00      -1   0.152E-01   20.00  0.8833E-03  0.1060E+00
  80  -237.0000     -18.329 0.3677   0.2226E+02  0.3012E-03  0.6611E+00  0.0000E+00      -1   0.152E-01   20.00  0.8833E-03  0.1060E+00
  81  -240.0000     -15.243 0.3686   0.2404E+02  0.2740E-03  0.6611E+00  0.0000E+00      -1   0.152E-01   20.00  0.8833E-03  0.1060E+00
  82  -243.0000     -12.164 0.3694   0.2606E+02  0.2431E-03  0.6610E+00  0.0000E+00      -1   0.152E-01   20.00  0.8833E-03  0.1060E+00
  83  -246.0000      -9.091 0.3701   0.2842E+02  0.2076E-03  0.6610E+00  0.0000E+00      -1   0.152E-01   20.00  0.8833E-03  0.1060E+00
  84  -249.0000      -6.025 0.3707   0.3131E+02  0.1652E-03  0.6610E+00  0.0000E+00      -1   0.152E-01   20.00  0.8833E-03  0.1060E+00
  85  -252.0000      -2.965 0.3711   0.3513E+02  0.1107E-03  0.6610E+00  0.0000E+00      -1   0.152E-01   20.00  0.8833E-03  0.1060E+00
  86  -255.0000       0.085 0.3713   0.4346E+02  0.0000E+00  0.6610E+00  0.0000E+00      -1   0.152E-01   20.00  0.8833E-03  0.1060E+00
  87  -258.0000       3.131 0.3713   0.4346E+02  0.0000E+00  0.6610E+00  0.0000E+00      -1   0.152E-01   20.00  0.8833E-03  0.1060E+00
  88  -261.0000       6.176 0.3713   0.4346E+02  0.0000E+00  0.6610E+00  0.0000E+00      -1   0.152E-01   20.00  0.8833E-03  0.1060E+00
  89  -264.0000       9.222 0.3713   0.4346E+02  0.0000E+00  0.6610E+00  0.0000E+00      -1   0.152E-01   20.00  0.8833E-03  0.1060E+00
  90  -267.0000      12.268 0.3713   0.4346E+02  0.0000E+00  0.6610E+00  0.0000E+00      -1   0.152E-01   20.00  0.8833E-03  0.1060E+00
  91  -270.0000      15.313 0.3713   0.4346E+02  0.0000E+00  0.6610E+00  0.0000E+00      -1   0.152E-01   20.00  0.8833E-03  0.1060E+00
  92  -273.0000      18.359 0.3713   0.4346E+02  0.0000E+00  0.6610E+00  0.0000E+00      -1   0.152E-01   20.00  0.8833E-03  0.1060E+00
  93  -276.0000      21.405 0.3713   0.4346E+02  0.0000E+00  0.6610E+00  0.0000E+00      -1   0.152E-01   20.00  0.8833E-03  0.1060E+00
  94  -279.0000      24.450 0.3713   0.4346E+02  0.0000E+00  0.6610E+00  0.0000E+00      -1   0.152E-01   20.00  0.8833E-03  0.1060E+00
  95  -282.0000      27.496 0.3713   0.4346E+02  0.0000E+00  0.6610E+00  0.0000E+00      -1   0.152E-01   20.00  0.8833E-03  0.1060E+00
  96  -285.0000      30.541 0.3713   0.4346E+02  0.0000E+00  0.6610E+00  0.0000E+00      -1   0.152E-01   20.00  0.8833E-03  0.1060E+00
  97  -288.0000      33.587 0.3713   0.4346E+02  0.0000E+00  0.6610E+00  0.0000E+00      -1   0.152E-01   20.00  0.8833E-03  0.1060E+00
  98  -291.0000      36.633 0.3713   0.4346E+02  0.0000E+00  0.6610E+00  0.0000E+00      -1   0.152E-01   20.00  0.8832E-03  0.1060E+00
  99  -294.0000      39.678 0.3713   0.4346E+02  0.0000E+00  0.6610E+00  0.0000E+00      -1   0.152E-01   20.00  0.8824E-03  0.1059E+00
 100  -297.0000      42.724 0.3713   0.4346E+02  0.0000E+00  0.6610E+00  0.0000E+00      -1   0.152E-01   20.00  0.8808E-03  0.1057E+00
 101  -300.0000      45.770 0.3713   0.4346E+02  0.0000E+00  0.6610E+00  0.0000E+00      -1   0.152E-01   20.00  0.8711E-03  0.1049E+00
end
