 All solute fluxes and cumulative solute fluxes are positive into the region

       Time         cvTop        cvBot      Sum(cvTop)   Sum(cvBot)     cvCh0        cvCh1         cTop        cRoot         cBot        cvRoot    Sum(cvRoot)  Sum(cvNEql) TLevel      cGWL        cRunOff   Sum(cRunOff)    (cv(i),    Sum(cv(i)), i=1,NObs)
        [T]        [M/L2/T]     [M/L2/T]      [M/L2]       [M/L2]       [M/L2]      [M/L2]        [M/L3]      [M/L3]        [M/L3]      [M/L2/T]      [M/L2]       [M/L2]              [M/L3]        [M/L2]      [M/L3]      [M/L2/T]      [M/L2]
        0.0100  0.00000E+00  0.00000E+00  0.00000E+00  0.00000E+00  0.00000E+00  0.00000E+00  0.84709E-03  0.88296E-03  0.86917E-03  0.92466E-04  0.92466E-06 -0.15079E-04       1  0.88261E-03  0.00000E+00  0.00000E+00  0.23169E-04  0.23169E-06  0.21329E-03  0.21329E-05  0.40977E-03  0.40977E-05
        0.0200  0.00000E+00  0.00000E+00  0.00000E+00  0.00000E+00  0.00000E+00  0.00000E+00  0.84693E-03  0.88301E-03  0.86809E-03  0.92470E-04  0.18494E-05 -0.26502E-04       2  0.88254E-03  0.00000E+00  0.00000E+00  0.22666E-04  0.45835E-06  0.21224E-03  0.42553E-05  0.40771E-03  0.81748E-05
        0.0330  0.00000E+00  0.00000E+00  0.00000E+00  0.00000E+00  0.00000E+00  0.00000E+00  0.84696E-03  0.88299E-03  0.86896E-03  0.92469E-04  0.30515E-05 -0.40354E-04       3  0.88260E-03  0.00000E+00  0.00000E+00  0.21320E-04  0.73551E-06  0.21195E-03  0.70106E-05  0.40385E-03  0.13425E-04
        0.0499  0.00000E+00  0.00000E+00  0.00000E+00  0.00000E+00  0.00000E+00  0.00000E+00  0.84692E-03  0.88300E-03  0.86921E-03  0.92469E-04  0.46142E-05 -0.56135E-04       4  0.88261E-03  0.00000E+00  0.00000E+00  0.18604E-04  0.10499E-05  0.21108E-03  0.10578E-04  0.39957E-03  0.20178E-04
        0.0719  0.00000E+00  0.00000E+00  0.00000E+00  0.00000E+00  0.00000E+00  0.00000E+00  0.84688E-03  0.88299E-03  0.86946E-03  0.92469E-04  0.66457E-05 -0.75435E-04       5  0.88262E-03  0.00000E+00  0.00000E+00  0.13476E-04  0.13460E-05  0.20980E-03  0.15187E-04  0.39391E-03  0.28832E-04
        0.1004  0.00000E+00  0.00000E+00  0.00000E+00  0.00000E+00  0.00000E+00  0.00000E+00  0.84679E-03  0.88299E-03  0.86960E-03  0.92469E-04  0.92867E-05 -0.98927E-04       6  0.88263E-03  0.00000E+00  0.00000E+00  0.42382E-05  0.14670E-05  0.20709E-03  0.21102E-04  0.38703E-03  0.39886E-04
        0.1376  0.00000E+00  0.00000E+00  0.00000E+00  0.00000E+00  0.00000E+00  0.00000E+00  0.84668E-03  0.88299E-03  0.86971E-03  0.92469E-04  0.12720E-04 -0.12835E-03       7  0.88263E-03  0.00000E+00  0.00000E+00 -0.21021E-05  0.13890E-05  0.20241E-03  0.28617E-04  0.37863E-03  0.53944E-04
        0.1858  0.00000E+00  0.00000E+00  0.00000E+00  0.00000E+00  0.00000E+00  0.00000E+00  0.84652E-03  0.88299E-03  0.86976E-03  0.92469E-04  0.17183E-04 -0.16562E-03       8  0.88264E-03  0.00000E+00  0.00000E+00 -0.10692E-04  0.87292E-06  0.19348E-03  0.37956E-04  0.36775E-03  0.71694E-04
        0.2358  0.00000E+00  0.00000E+00  0.00000E+00  0.00000E+00  0.00000E+00  0.00000E+00  0.84640E-03  0.88299E-03  0.86977E-03  0.92469E-04  0.21807E-04 -0.20405E-03       9  0.88264E-03  0.00000E+00  0.00000E+00 -0.20699E-04 -0.16201E-06  0.18245E-03  0.47079E-04  0.35615E-03  0.89502E-04
        0.2858  0.00000E+00  0.00000E+00  0.00000E+00  0.00000E+00  0.00000E+00  0.00000E+00  0.84643E-03  0.88299E-03  0.86976E-03  0.92469E-04  0.26430E-04 -0.24157E-03      10  0.88264E-03  0.00000E+00  0.00000E+00 -0.20391E-04 -0.11816E-05  0.17335E-03  0.55746E-04  0.34479E-03  0.10674E-03
        0.3358  0.00000E+00  0.00000E+00  0.00000E+00  0.00000E+00  0.00000E+00  0.00000E+00  0.84659E-03  0.88300E-03  0.86973E-03  0.92469E-04  0.31054E-04 -0.26970E-03      11  0.88264E-03  0.00000E+00  0.00000E+00 -0.71530E-05 -0.15392E-05  0.16668E-03  0.64080E-04  0.33933E-03  0.12371E-03
        0.3858  0.00000E+00  0.00000E+00  0.00000E+00  0.00000E+00  0.00000E+00  0.00000E+00  0.84675E-03  0.88303E-03  0.86969E-03  0.92474E-04  0.35677E-04 -0.27904E-03      12  0.88263E-03  0.00000E+00  0.00000E+00  0.61698E-05 -0.12307E-05  0.16365E-03  0.72263E-04  0.34418E-03  0.14092E-03
        0.4358  0.00000E+00  0.00000E+00  0.00000E+00  0.00000E+00  0.00000E+00  0.00000E+00  0.84695E-03  0.88308E-03  0.86965E-03  0.92479E-04  0.40301E-04 -0.27247E-03      13  0.88263E-03  0.00000E+00  0.00000E+00  0.28898E-04  0.21416E-06  0.16301E-03  0.80413E-04  0.35567E-03  0.15870E-03
        0.4858  0.00000E+00  0.00000E+00  0.00000E+00  0.00000E+00  0.00000E+00  0.00000E+00  0.84706E-03  0.88311E-03  0.86960E-03  0.92483E-04  0.44925E-04 -0.25519E-03      14  0.88263E-03  0.00000E+00  0.00000E+00  0.39160E-04  0.21722E-05  0.16462E-03  0.88644E-04  0.37155E-03  0.17728E-03
        0.5358  0.00000E+00  0.00000E+00  0.00000E+00  0.00000E+00  0.00000E+00  0.00000E+00  0.84704E-03  0.88314E-03  0.86955E-03  0.92486E-04  0.49550E-04 -0.23272E-03      15  0.88263E-03  0.00000E+00  0.00000E+00  0.36266E-04  0.39855E-05  0.16898E-03  0.97094E-04  0.38793E-03  0.19667E-03
        0.5858  0.00000E+00  0.00000E+00  0.00000E+00  0.00000E+00  0.00000E+00  0.00000E+00  0.84692E-03  0.88314E-03  0.86950E-03  0.92487E-04  0.54174E-04 -0.21159E-03      16  0.88262E-03  0.00000E+00  0.00000E+00  0.20392E-04  0.50051E-05  0.17065E-03  0.10563E-03  0.40176E-03  0.21676E-03
        0.6358  0.00000E+00  0.00000E+00  0.00000E+00  0.00000E+00  0.00000E+00  0.00000E+00  0.84672E-03  0.88314E-03  0.86944E-03  0.92486E-04  0.58798E-04 -0.19771E-03      17  0.88262E-03  0.00000E+00  0.00000E+00 -0.60646E-06  0.49747E-05  0.17086E-03  0.11417E-03  0.41045E-03  0.23729E-03
        0.6858  0.00000E+00  0.00000E+00  0.00000E+00  0.00000E+00  0.00000E+00  0.00000E+00  0.84656E-03  0.88312E-03  0.86938E-03  0.92484E-04  0.63423E-04 -0.19657E-03      18  0.88262E-03  0.00000E+00  0.00000E+00 -0.12897E-04  0.43299E-05  0.16854E-03  0.12260E-03  0.41172E-03  0.25787E-03
        0.7358  0.00000E+00  0.00000E+00  0.00000E+00  0.00000E+00  0.00000E+00  0.00000E+00  0.84639E-03  0.88309E-03  0.86931E-03  0.92480E-04  0.68047E-04 -0.21210E-03      19  0.88261E-03  0.00000E+00  0.00000E+00 -0.26605E-04  0.29996E-05  0.16371E-03  0.13078E-03  0.40428E-03  0.27809E-03
        0.7858  0.00000E+00  0.00000E+00  0.00000E+00  0.00000E+00  0.00000E+00  0.00000E+00  0.84650E-03  0.88305E-03  0.86925E-03  0.92475E-04  0.72670E-04 -0.24450E-03      20  0.88261E-03  0.00000E+00  0.00000E+00 -0.16413E-04  0.21789E-05  0.16185E-03  0.13887E-03  0.38817E-03  0.29749E-03
        0.8358  0.00000E+00  0.00000E+00  0.00000E+00  0.00000E+00  0.00000E+00  0.00000E+00  0.84659E-03  0.88301E-03  0.86918E-03  0.92471E-04  0.77294E-04 -0.27721E-03      21  0.88261E-03  0.00000E+00  0.00000E+00 -0.66695E-05  0.18455E-05  0.16437E-03  0.14709E-03  0.37581E-03  0.31628E-03
        0.8858  0.00000E+00  0.00000E+00  0.00000E+00  0.00000E+00  0.00000E+00  0.00000E+00  0.84671E-03  0.88304E-03  0.86911E-03  0.92474E-04  0.81918E-04 -0.30783E-03      22  0.88260E-03  0.00000E+00  0.00000E+00  0.15127E-05  0.19211E-05  0.16838E-03  0.15551E-03  0.36305E-03  0.33444E-03
        0.9358  0.00000E+00  0.00000E+00  0.00000E+00  0.00000E+00  0.00000E+00  0.00000E+00  0.84686E-03  0.88301E-03  0.86904E-03  0.92471E-04  0.86541E-04 -0.33869E-03      23  0.88260E-03  0.00000E+00  0.00000E+00  0.15569E-04  0.26996E-05  0.17347E-03  0.16418E-03  0.35330E-03  0.35210E-03
        0.9679  0.00000E+00  0.00000E+00  0.00000E+00  0.00000E+00  0.00000E+00  0.00000E+00  0.84694E-03  0.88303E-03  0.86900E-03  0.92473E-04  0.89508E-04 -0.35770E-03      24  0.88260E-03  0.00000E+00  0.00000E+00  0.21534E-04  0.33905E-05  0.17522E-03  0.16981E-03  0.34729E-03  0.36324E-03
        1.0000  0.00000E+00  0.00000E+00  0.00000E+00  0.00000E+00  0.00000E+00  0.00000E+00  0.84697E-03  0.88301E-03  0.86895E-03  0.92471E-04  0.92475E-04 -0.37720E-03      25  0.88259E-03  0.00000E+00  0.00000E+00  0.23541E-04  0.41459E-05  0.17633E-03  0.17546E-03  0.34224E-03  0.37423E-03
end
