 All solute fluxes and cumulative solute fluxes are positive into the region

       Time         cvTop        cvBot      Sum(cvTop)   Sum(cvBot)     cvCh0        cvCh1         cTop        cRoot         cBot        cvRoot    Sum(cvRoot)  Sum(cvNEql) TLevel      cGWL        cRunOff   Sum(cRunOff)    (cv(i),    Sum(cv(i)), i=1,NObs)
        [T]        [M/L2/T]     [M/L2/T]      [M/L2]       [M/L2]       [M/L2]      [M/L2]        [M/L3]      [M/L3]        [M/L3]      [M/L2/T]      [M/L2]       [M/L2]              [M/L3]        [M/L2]      [M/L3]      [M/L2/T]      [M/L2]
        0.0100  0.00000E+00 -0.17148E-03  0.00000E+00 -0.17148E-05  0.00000E+00  0.00000E+00  0.10004E-02  0.90477E-03  0.86591E-03  0.26986E-04  0.26986E-06 -0.10539E-04       1  0.88306E-03  0.00000E+00  0.00000E+00  0.54357E-04  0.54357E-06 -0.21167E-03 -0.21167E-05 -0.20556E-03 -0.20556E-05
        0.0200  0.00000E+00  0.00000E+00  0.00000E+00 -0.17148E-05  0.00000E+00  0.00000E+00  0.10005E-02  0.90470E-03  0.86114E-03  0.26984E-04  0.53969E-06 -0.29331E-04       2  0.88301E-03  0.00000E+00  0.00000E+00  0.46885E-04  0.10124E-05 -0.18515E-03 -0.39681E-05 -0.16420E-03 -0.36977E-05
        0.0330  0.00000E+00  0.00000E+00  0.00000E+00 -0.17148E-05  0.00000E+00  0.00000E+00  0.10004E-02  0.90472E-03  0.86317E-03  0.26984E-04  0.89049E-06 -0.48199E-04       3  0.88303E-03  0.00000E+00  0.00000E+00  0.30799E-04  0.14128E-05 -0.13921E-03 -0.57779E-05 -0.90671E-04 -0.48764E-05
        0.0499  0.00000E+00  0.00000E+00  0.00000E+00 -0.17148E-05  0.00000E+00  0.00000E+00  0.10002E-02  0.90472E-03  0.86315E-03  0.26984E-04  0.13465E-05 -0.70406E-04       4  0.88305E-03  0.00000E+00  0.00000E+00 -0.60913E-07  0.14118E-05 -0.78479E-04 -0.71042E-05  0.20346E-05 -0.48420E-05
        0.0719  0.00000E+00  0.00000E+00  0.00000E+00 -0.17148E-05  0.00000E+00  0.00000E+00  0.99973E-03  0.90473E-03  0.86383E-03  0.26984E-04  0.19394E-05 -0.96483E-04       5  0.88305E-03  0.00000E+00  0.00000E+00 -0.39480E-04  0.54440E-06 -0.14306E-04 -0.74185E-05  0.89403E-04 -0.28778E-05
        0.1004  0.00000E+00  0.00000E+00  0.00000E+00 -0.17148E-05  0.00000E+00  0.00000E+00  0.99911E-03  0.90473E-03  0.86410E-03  0.26984E-04  0.27100E-05 -0.12872E-03       6  0.88306E-03  0.00000E+00  0.00000E+00 -0.10735E-03 -0.25215E-05 -0.35755E-05 -0.75206E-05  0.15398E-03  0.15201E-05
        0.1376  0.00000E+00  0.00000E+00  0.00000E+00 -0.17148E-05  0.00000E+00  0.00000E+00  0.99810E-03  0.90473E-03  0.86455E-03  0.26984E-04  0.37119E-05 -0.17101E-03       7  0.88307E-03  0.00000E+00  0.00000E+00 -0.21608E-03 -0.10544E-04 -0.28637E-04 -0.85839E-05  0.17113E-03  0.78742E-05
        0.1858  0.00000E+00  0.00000E+00  0.00000E+00 -0.17148E-05  0.00000E+00  0.00000E+00  0.99665E-03  0.90473E-03  0.86489E-03  0.26984E-04  0.50144E-05 -0.23074E-03       8  0.88308E-03  0.00000E+00  0.00000E+00 -0.37799E-03 -0.28789E-04 -0.21554E-03 -0.18988E-04  0.11407E-03  0.13380E-04
        0.2358  0.00000E+00  0.00000E+00  0.00000E+00 -0.17148E-05  0.00000E+00  0.00000E+00  0.99510E-03  0.90474E-03  0.86533E-03  0.26985E-04  0.63637E-05 -0.29993E-03       9  0.88308E-03  0.00000E+00  0.00000E+00 -0.55011E-03 -0.56295E-04 -0.50915E-03 -0.44445E-04 -0.48671E-05  0.13137E-04
        0.2858  0.00000E+00  0.00000E+00  0.00000E+00 -0.17148E-05  0.00000E+00  0.00000E+00  0.99396E-03  0.90475E-03  0.86575E-03  0.26985E-04  0.77129E-05 -0.37368E-03      10  0.88309E-03  0.00000E+00  0.00000E+00 -0.67827E-03 -0.90208E-04 -0.82631E-03 -0.85761E-04 -0.16883E-03  0.46955E-05
        0.3358  0.00000E+00  0.00000E+00  0.00000E+00 -0.17148E-05  0.00000E+00  0.00000E+00  0.99325E-03  0.90477E-03  0.86628E-03  0.26986E-04  0.90622E-05 -0.44527E-03      11  0.88310E-03  0.00000E+00  0.00000E+00 -0.74936E-03 -0.12768E-03 -0.10971E-02 -0.14061E-03 -0.32780E-03 -0.11695E-04
        0.3858  0.00000E+00  0.00000E+00  0.00000E+00 -0.17148E-05  0.00000E+00  0.00000E+00  0.99266E-03  0.90480E-03  0.86683E-03  0.26987E-04  0.10412E-04 -0.51112E-03      12  0.88310E-03  0.00000E+00  0.00000E+00 -0.80663E-03 -0.16801E-03 -0.13302E-02 -0.20712E-03 -0.46978E-03 -0.35183E-04
        0.4358  0.00000E+00  0.00000E+00  0.00000E+00 -0.17148E-05  0.00000E+00  0.00000E+00  0.99220E-03  0.90482E-03  0.86748E-03  0.26987E-04  0.11761E-04 -0.57056E-03      13  0.88311E-03  0.00000E+00  0.00000E+00 -0.84344E-03 -0.21018E-03 -0.15144E-02 -0.28284E-03 -0.59069E-03 -0.64718E-04
        0.4858  0.00000E+00 -0.48920E-04  0.00000E+00 -0.41608E-05  0.00000E+00  0.00000E+00  0.99190E-03  0.90483E-03  0.87644E-03  0.26988E-04  0.13110E-04 -0.60189E-03      14  0.88316E-03  0.00000E+00  0.00000E+00 -0.85889E-03 -0.25312E-03 -0.16470E-02 -0.36520E-03 -0.68865E-03 -0.99150E-04
        0.5358  0.00000E+00 -0.15437E-03  0.00000E+00 -0.11879E-04  0.00000E+00  0.00000E+00  0.99178E-03  0.90485E-03  0.87604E-03  0.26988E-04  0.14460E-04 -0.61289E-03      15  0.88315E-03  0.00000E+00  0.00000E+00 -0.85042E-03 -0.29564E-03 -0.17225E-02 -0.45132E-03 -0.76233E-03 -0.13727E-03
        0.5858  0.00000E+00 -0.26191E-03  0.00000E+00 -0.24975E-04  0.00000E+00  0.00000E+00  0.99183E-03  0.90485E-03  0.87652E-03  0.26989E-04  0.15809E-04 -0.62320E-03      16  0.88316E-03  0.00000E+00  0.00000E+00 -0.81981E-03 -0.33664E-03 -0.17405E-02 -0.53835E-03 -0.81054E-03 -0.17779E-03
        0.6358  0.00000E+00 -0.35726E-03  0.00000E+00 -0.42838E-04  0.00000E+00  0.00000E+00  0.99204E-03  0.90486E-03  0.87636E-03  0.26989E-04  0.17159E-04 -0.63005E-03      17  0.88316E-03  0.00000E+00  0.00000E+00 -0.76844E-03 -0.37506E-03 -0.17042E-02 -0.62356E-03 -0.83439E-03 -0.21951E-03
        0.6858  0.00000E+00 -0.43926E-03  0.00000E+00 -0.64801E-04  0.00000E+00  0.00000E+00  0.99238E-03  0.90485E-03  0.87662E-03  0.26989E-04  0.18508E-04 -0.63499E-03      18  0.88316E-03  0.00000E+00  0.00000E+00 -0.70091E-03 -0.41010E-03 -0.16222E-02 -0.70467E-03 -0.83570E-03 -0.26130E-03
        0.7358  0.00000E+00 -0.50790E-03  0.00000E+00 -0.90196E-04  0.00000E+00  0.00000E+00  0.99283E-03  0.90484E-03  0.87656E-03  0.26988E-04  0.19857E-04 -0.63695E-03      19  0.88316E-03  0.00000E+00  0.00000E+00 -0.62218E-03 -0.44121E-03 -0.15062E-02 -0.77998E-03 -0.81894E-03 -0.30225E-03
        0.7858  0.00000E+00 -0.55986E-03  0.00000E+00 -0.11819E-03  0.00000E+00  0.00000E+00  0.99401E-03  0.90483E-03  0.87671E-03  0.26988E-04  0.21207E-04 -0.63084E-03      20  0.88316E-03  0.00000E+00  0.00000E+00 -0.45359E-03 -0.46389E-03 -0.12618E-02 -0.84307E-03 -0.75172E-03 -0.33983E-03
        0.8358  0.00000E+00 -0.58702E-03  0.00000E+00 -0.14754E-03  0.00000E+00  0.00000E+00  0.99528E-03  0.90482E-03  0.87667E-03  0.26987E-04  0.22556E-04 -0.61235E-03      21  0.88316E-03  0.00000E+00  0.00000E+00 -0.28584E-03 -0.47818E-03 -0.98035E-03 -0.89208E-03 -0.64484E-03 -0.37207E-03
        0.8858  0.00000E+00 -0.58567E-03  0.00000E+00 -0.17682E-03  0.00000E+00  0.00000E+00  0.99645E-03  0.90481E-03  0.87672E-03  0.26987E-04  0.23906E-04 -0.58485E-03      22  0.88316E-03  0.00000E+00  0.00000E+00 -0.13425E-03 -0.48490E-03 -0.70046E-03 -0.92711E-03 -0.52112E-03 -0.39813E-03
        0.9358  0.00000E+00 -0.55932E-03  0.00000E+00 -0.20479E-03  0.00000E+00  0.00000E+00  0.99741E-03  0.90479E-03  0.87667E-03  0.26986E-04  0.25255E-04 -0.55121E-03      23  0.88316E-03  0.00000E+00  0.00000E+00 -0.20941E-04 -0.48594E-03 -0.46628E-03 -0.95042E-03 -0.40292E-03 -0.41828E-03
        0.9679  0.00000E+00 -0.52539E-03  0.00000E+00 -0.22165E-03  0.00000E+00  0.00000E+00  0.99785E-03  0.90478E-03  0.87668E-03  0.26986E-04  0.26121E-04 -0.52852E-03      24  0.88316E-03  0.00000E+00  0.00000E+00  0.34966E-04 -0.48482E-03 -0.34696E-03 -0.96155E-03 -0.33524E-03 -0.42903E-03
        1.0000  0.00000E+00 -0.49244E-03  0.00000E+00 -0.23745E-03  0.00000E+00  0.00000E+00  0.99812E-03  0.90477E-03  0.87665E-03  0.26986E-04  0.26987E-04 -0.50583E-03      25  0.88316E-03  0.00000E+00  0.00000E+00  0.59856E-04 -0.48290E-03 -0.26560E-03 -0.97008E-03 -0.28058E-03 -0.43803E-03
end
