 All solute fluxes and cumulative solute fluxes are positive into the region

       Time         cvTop        cvBot      Sum(cvTop)   Sum(cvBot)     cvCh0        cvCh1         cTop        cRoot         cBot        cvRoot    Sum(cvRoot)  Sum(cvNEql) TLevel      cGWL        cRunOff   Sum(cRunOff)    (cv(i),    Sum(cv(i)), i=1,NObs)
        [T]        [M/L2/T]     [M/L2/T]      [M/L2]       [M/L2]       [M/L2]      [M/L2]        [M/L3]      [M/L3]        [M/L3]      [M/L2/T]      [M/L2]       [M/L2]              [M/L3]        [M/L2]      [M/L3]      [M/L2/T]      [M/L2]
        0.0100  0.00000E+00 -0.76422E-04  0.00000E+00 -0.76422E-06  0.00000E+00  0.00000E+00  0.84452E-03  0.88305E-03  0.87238E-03  0.50336E-04  0.50336E-06 -0.56089E-05       1  0.88273E-03  0.00000E+00  0.00000E+00  0.42795E-04  0.42795E-06 -0.20601E-04 -0.20601E-06 -0.37816E-04 -0.37816E-06
        0.0200  0.00000E+00  0.00000E+00  0.00000E+00 -0.76422E-06  0.00000E+00  0.00000E+00  0.84455E-03  0.88303E-03  0.86955E-03  0.50335E-04  0.10067E-05 -0.13367E-04       2  0.88268E-03  0.00000E+00  0.00000E+00  0.31480E-04  0.74275E-06 -0.19765E-04 -0.40366E-06 -0.36931E-04 -0.74747E-06
        0.0330  0.00000E+00  0.00000E+00  0.00000E+00 -0.76422E-06  0.00000E+00  0.00000E+00  0.84432E-03  0.88303E-03  0.87101E-03  0.50335E-04  0.16611E-05 -0.19893E-04       3  0.88273E-03  0.00000E+00  0.00000E+00  0.57413E-05  0.81739E-06 -0.19107E-04 -0.65205E-06 -0.35572E-04 -0.12099E-05
        0.0499  0.00000E+00  0.00000E+00  0.00000E+00 -0.76422E-06  0.00000E+00  0.00000E+00  0.84406E-03  0.88303E-03  0.87161E-03  0.50335E-04  0.25117E-05 -0.26658E-04       4  0.88275E-03  0.00000E+00  0.00000E+00 -0.11550E-04  0.62220E-06 -0.20779E-04 -0.10032E-05 -0.34251E-04 -0.17887E-05
        0.0719  0.00000E+00  0.00000E+00  0.00000E+00 -0.76422E-06  0.00000E+00  0.00000E+00  0.84373E-03  0.88303E-03  0.87217E-03  0.50335E-04  0.36176E-05 -0.34642E-04       5  0.88277E-03  0.00000E+00  0.00000E+00 -0.40653E-04 -0.27095E-06 -0.28641E-04 -0.16325E-05 -0.33768E-04 -0.25306E-05
        0.1004  0.00000E+00  0.00000E+00  0.00000E+00 -0.76422E-06  0.00000E+00  0.00000E+00  0.84318E-03  0.88303E-03  0.87260E-03  0.50335E-04  0.50552E-05 -0.46111E-04       6  0.88278E-03  0.00000E+00  0.00000E+00 -0.88602E-04 -0.28015E-05 -0.51527E-04 -0.31041E-05 -0.37043E-04 -0.35886E-05
        0.1376  0.00000E+00  0.00000E+00  0.00000E+00 -0.76422E-06  0.00000E+00  0.00000E+00  0.84236E-03  0.88302E-03  0.87297E-03  0.50334E-04  0.69241E-05 -0.66265E-04       7  0.88280E-03  0.00000E+00  0.00000E+00 -0.16139E-03 -0.87939E-05 -0.10678E-03 -0.70688E-05 -0.51356E-04 -0.54954E-05
        0.1858  0.00000E+00  0.00000E+00  0.00000E+00 -0.76422E-06  0.00000E+00  0.00000E+00  0.84127E-03  0.88301E-03  0.87328E-03  0.50334E-04  0.93536E-05 -0.10609E-03       8  0.88280E-03  0.00000E+00  0.00000E+00 -0.26209E-03 -0.21444E-04 -0.22636E-03 -0.17995E-04 -0.93324E-04 -0.10000E-04
        0.2358  0.00000E+00  0.00000E+00  0.00000E+00 -0.76422E-06  0.00000E+00  0.00000E+00  0.84023E-03  0.88299E-03  0.87350E-03  0.50332E-04  0.11870E-04 -0.16562E-03       9  0.88281E-03  0.00000E+00  0.00000E+00 -0.36401E-03 -0.39645E-04 -0.40220E-03 -0.38105E-04 -0.16655E-03 -0.18328E-04
        0.2858  0.00000E+00  0.00000E+00  0.00000E+00 -0.76422E-06  0.00000E+00  0.00000E+00  0.83943E-03  0.88298E-03  0.87366E-03  0.50331E-04  0.14387E-04 -0.24235E-03      10  0.88281E-03  0.00000E+00  0.00000E+00 -0.44677E-03 -0.61984E-04 -0.61690E-03 -0.68950E-04 -0.27134E-03 -0.31895E-04
        0.3358  0.00000E+00  0.00000E+00  0.00000E+00 -0.76422E-06  0.00000E+00  0.00000E+00  0.83888E-03  0.88296E-03  0.87378E-03  0.50330E-04  0.16903E-04 -0.32766E-03      11  0.88282E-03  0.00000E+00  0.00000E+00 -0.50647E-03 -0.87307E-04 -0.84515E-03 -0.11121E-03 -0.39636E-03 -0.51713E-04
        0.3858  0.00000E+00  0.00000E+00  0.00000E+00 -0.76422E-06  0.00000E+00  0.00000E+00  0.83841E-03  0.88298E-03  0.87387E-03  0.50331E-04  0.19420E-04 -0.41222E-03      12  0.88282E-03  0.00000E+00  0.00000E+00 -0.55252E-03 -0.11493E-03 -0.10682E-02 -0.16462E-03 -0.52630E-03 -0.78028E-04
        0.4358  0.00000E+00  0.00000E+00  0.00000E+00 -0.76422E-06  0.00000E+00  0.00000E+00  0.83806E-03  0.88300E-03  0.87396E-03  0.50332E-04  0.21936E-04 -0.49441E-03      13  0.88282E-03  0.00000E+00  0.00000E+00 -0.58087E-03 -0.14398E-03 -0.12634E-02 -0.22779E-03 -0.65518E-03 -0.11079E-03
        0.4858  0.00000E+00 -0.24534E-05  0.00000E+00 -0.88690E-06  0.00000E+00  0.00000E+00  0.83795E-03  0.88302E-03  0.87895E-03  0.50333E-04  0.24453E-04 -0.56019E-03      14  0.88292E-03  0.00000E+00  0.00000E+00 -0.59751E-03 -0.17385E-03 -0.14130E-02 -0.29844E-03 -0.77484E-03 -0.14953E-03
        0.5358  0.00000E+00 -0.96154E-05  0.00000E+00 -0.13677E-05  0.00000E+00  0.00000E+00  0.83789E-03  0.88303E-03  0.87864E-03  0.50334E-04  0.26970E-04 -0.61199E-03      15  0.88289E-03  0.00000E+00  0.00000E+00 -0.58743E-03 -0.20322E-03 -0.15161E-02 -0.37424E-03 -0.87856E-03 -0.19346E-03
        0.5858  0.00000E+00 -0.19134E-04  0.00000E+00 -0.23244E-05  0.00000E+00  0.00000E+00  0.83804E-03  0.88303E-03  0.87886E-03  0.50334E-04  0.29486E-04 -0.66055E-03      16  0.88291E-03  0.00000E+00  0.00000E+00 -0.56596E-03 -0.23152E-03 -0.15793E-02 -0.45320E-03 -0.95638E-03 -0.24128E-03
        0.6358  0.00000E+00 -0.29140E-04  0.00000E+00 -0.37814E-05  0.00000E+00  0.00000E+00  0.83827E-03  0.88304E-03  0.87872E-03  0.50334E-04  0.32003E-04 -0.70419E-03      17  0.88290E-03  0.00000E+00  0.00000E+00 -0.52143E-03 -0.25759E-03 -0.15676E-02 -0.53158E-03 -0.10156E-02 -0.29206E-03
        0.6858  0.00000E+00 -0.40213E-04  0.00000E+00 -0.57920E-05  0.00000E+00  0.00000E+00  0.83867E-03  0.88303E-03  0.87884E-03  0.50334E-04  0.34520E-04 -0.74426E-03      18  0.88291E-03  0.00000E+00  0.00000E+00 -0.46679E-03 -0.28093E-03 -0.14989E-02 -0.60653E-03 -0.10460E-02 -0.34436E-03
        0.7358  0.00000E+00 -0.52792E-04  0.00000E+00 -0.84316E-05  0.00000E+00  0.00000E+00  0.83912E-03  0.88302E-03  0.87877E-03  0.50333E-04  0.37036E-04 -0.78068E-03      19  0.88290E-03  0.00000E+00  0.00000E+00 -0.39767E-03 -0.30082E-03 -0.13824E-02 -0.67565E-03 -0.10510E-02 -0.39691E-03
        0.7858  0.00000E+00 -0.67266E-04  0.00000E+00 -0.11795E-04  0.00000E+00  0.00000E+00  0.83994E-03  0.88300E-03  0.87884E-03  0.50332E-04  0.39553E-04 -0.81048E-03      20  0.88291E-03  0.00000E+00  0.00000E+00 -0.29998E-03 -0.31581E-03 -0.12103E-02 -0.73617E-03 -0.10242E-02 -0.44811E-03
        0.8358  0.00000E+00 -0.83975E-04  0.00000E+00 -0.15994E-04  0.00000E+00  0.00000E+00  0.84074E-03  0.88299E-03  0.87881E-03  0.50332E-04  0.42070E-04 -0.82225E-03      21  0.88290E-03  0.00000E+00  0.00000E+00 -0.19675E-03 -0.32565E-03 -0.10077E-02 -0.78655E-03 -0.95269E-03 -0.49575E-03
        0.8858  0.00000E+00 -0.10302E-03  0.00000E+00 -0.21144E-04  0.00000E+00  0.00000E+00  0.84153E-03  0.88302E-03  0.87886E-03  0.50333E-04  0.44586E-04 -0.81780E-03      22  0.88291E-03  0.00000E+00  0.00000E+00 -0.10000E-03 -0.33065E-03 -0.79842E-03 -0.82647E-03 -0.85225E-03 -0.53836E-03
        0.9358  0.00000E+00 -0.12422E-03  0.00000E+00 -0.27355E-04  0.00000E+00  0.00000E+00  0.84224E-03  0.88301E-03  0.87886E-03  0.50333E-04  0.47103E-04 -0.80289E-03      23  0.88291E-03  0.00000E+00  0.00000E+00 -0.23937E-04 -0.33185E-03 -0.60472E-03 -0.85671E-03 -0.73851E-03 -0.57529E-03
        0.9679  0.00000E+00 -0.14277E-03  0.00000E+00 -0.31936E-04  0.00000E+00  0.00000E+00  0.84250E-03  0.88303E-03  0.87888E-03  0.50334E-04  0.48718E-04 -0.79050E-03      24  0.88291E-03  0.00000E+00  0.00000E+00  0.94612E-05 -0.33155E-03 -0.49541E-03 -0.87260E-03 -0.66506E-03 -0.59663E-03
        1.0000  0.00000E+00 -0.15800E-03  0.00000E+00 -0.37006E-04  0.00000E+00  0.00000E+00  0.84276E-03  0.88301E-03  0.87888E-03  0.50333E-04  0.50333E-04 -0.77778E-03      25  0.88291E-03  0.00000E+00  0.00000E+00  0.49383E-04 -0.32996E-03 -0.40802E-03 -0.88569E-03 -0.59553E-03 -0.61573E-03
end
