 ******* Program HYDRUS
 ******* 
 Welcome to HYDRUS-1D                                                    
 Date:  29. 3.2022    Time:  17:26:28
 Units: L = cm   , T = days , M = mg   

----------------------------------------------------------
 Time       [T]        0.0000
----------------------------------------------------------
 Sub-region num.                     1
----------------------------------------------------------
 Length   [L]        0.30000E+03  0.30000E+03
 W-volume [L]        0.10323E+03  0.10323E+03
 In-flow  [L/T]      0.00000E+00  0.00000E+00
 h Mean   [L]       -0.50618E+02 -0.50618E+02
 ConcVol  [M/L2] 1   0.91459E-01  0.91459E-01
 cMean    [M/L3] 1   0.88652E-03  0.88652E-03
 SorbVolIm[M/L2] 1   0.46278E+02  0.46278E+02
 sMeanIm  [-]    1   0.10639E+00  0.10639E+00
 Top Flux [L/T]      0.91692E-02
 Bot Flux [L/T]      0.00000E+00
----------------------------------------------------------

----------------------------------------------------------
 Time       [T]        1.0000
----------------------------------------------------------
 Sub-region num.                     1
----------------------------------------------------------
 Length   [L]        0.30000E+03  0.30000E+03
 W-volume [L]        0.10295E+03  0.10295E+03
 In-flow  [L/T]      0.12674E+00  0.12674E+00
 h Mean   [L]       -0.52491E+02 -0.52491E+02
 ConcVol  [M/L2] 1   0.91211E-01  0.91211E-01
 cMean    [M/L3] 1   0.88654E-03  0.88654E-03
 SorbVolIm[M/L2] 1   0.46278E+02  0.46278E+02
 sMeanIm  [-]    1   0.10639E+00  0.10639E+00
 Top Flux [L/T]      0.19332E-01
 Bot Flux [L/T]      0.21918E+00
 WatBalT  [L]       -0.80346E-01
 WatBalR  [%]             16.463
 CncBalT  [M]    1   0.87738E-04
 CncBalR  [%]    1        34.462
----------------------------------------------------------
 
 Calculation time [sec]  9.999990463256836E-003
