 ******* Program HYDRUS
 ******* 
 Welcome to HYDRUS-1D                                                    
 Date:  29. 3.2022    Time:  17:26:57
 Units: L = cm   , T = days , M = mg   

----------------------------------------------------------
 Time       [T]        0.0000
----------------------------------------------------------
 Sub-region num.                     1
----------------------------------------------------------
 Length   [L]        0.30000E+03  0.30000E+03
 W-volume [L]        0.10027E+03  0.10027E+03
 In-flow  [L/T]      0.00000E+00  0.00000E+00
 h Mean   [L]       -0.86593E+02 -0.86593E+02
 ConcVol  [M/L2] 1   0.88915E-01  0.88915E-01
 cMean    [M/L3] 1   0.88736E-03  0.88736E-03
 SorbVolIm[M/L2] 1   0.46321E+02  0.46321E+02
 sMeanIm  [-]    1   0.10649E+00  0.10649E+00
 Top Flux [L/T]      0.21308E-01
 Bot Flux [L/T]     -0.95620E+00
----------------------------------------------------------

----------------------------------------------------------
 Time       [T]        1.0000
----------------------------------------------------------
 Sub-region num.                     1
----------------------------------------------------------
 Length   [L]        0.30000E+03  0.30000E+03
 W-volume [L]        0.99304E+02  0.99304E+02
 In-flow  [L/T]     -0.60042E+00 -0.60042E+00
 h Mean   [L]       -0.94518E+02 -0.94518E+02
 ConcVol  [M/L2] 1   0.88056E-01  0.88056E-01
 cMean    [M/L3] 1   0.88741E-03  0.88741E-03
 SorbVolIm[M/L2] 1   0.46322E+02  0.46322E+02
 sMeanIm  [-]    1   0.10649E+00  0.10649E+00
 Top Flux [L/T]      0.52945E-01
 Bot Flux [L/T]     -0.54348E+00
 WatBalT  [L]       -0.47628E-02
 WatBalR  [%]              0.493
 CncBalT  [M]    1   0.45776E-04
 CncBalR  [%]    1         5.320
----------------------------------------------------------
 
 Calculation time [sec]  0.000000000000000E+000
