 All solute fluxes and cumulative solute fluxes are positive into the region

       Time         cvTop        cvBot      Sum(cvTop)   Sum(cvBot)     cvCh0        cvCh1         cTop        cRoot         cBot        cvRoot    Sum(cvRoot)  Sum(cvNEql) TLevel      cGWL        cRunOff   Sum(cRunOff)    (cv(i),    Sum(cv(i)), i=1,NObs)
        [T]        [M/L2/T]     [M/L2/T]      [M/L2]       [M/L2]       [M/L2]      [M/L2]        [M/L3]      [M/L3]        [M/L3]      [M/L2/T]      [M/L2]       [M/L2]              [M/L3]        [M/L2]      [M/L3]      [M/L2/T]      [M/L2]
        0.0100  0.00000E+00  0.00000E+00  0.00000E+00  0.00000E+00  0.00000E+00  0.00000E+00  0.10685E-02  0.91555E-03  0.86911E-03  0.16587E-04  0.16587E-06 -0.16978E-04       1  0.88276E-03  0.00000E+00  0.00000E+00  0.17356E-04  0.17356E-06 -0.48452E-03 -0.48452E-05 -0.33640E-03 -0.33640E-05
        0.0200  0.00000E+00  0.00000E+00  0.00000E+00  0.00000E+00  0.00000E+00  0.00000E+00  0.10686E-02  0.91545E-03  0.86542E-03  0.16585E-04  0.33172E-06 -0.40873E-04       2  0.88262E-03  0.00000E+00  0.00000E+00  0.43419E-05  0.21698E-06 -0.46125E-03 -0.94577E-05 -0.32512E-03 -0.66151E-05
        0.0330  0.00000E+00  0.00000E+00  0.00000E+00  0.00000E+00  0.00000E+00  0.00000E+00  0.10683E-02  0.91548E-03  0.86830E-03  0.16585E-04  0.54733E-06 -0.63315E-04       3  0.88273E-03  0.00000E+00  0.00000E+00 -0.23197E-04 -0.84577E-07 -0.43239E-03 -0.15079E-04 -0.30905E-03 -0.10633E-04
        0.0499  0.00000E+00  0.00000E+00  0.00000E+00  0.00000E+00  0.00000E+00  0.00000E+00  0.10678E-02  0.91547E-03  0.86868E-03  0.16585E-04  0.82761E-06 -0.88571E-04       4  0.88276E-03  0.00000E+00  0.00000E+00 -0.76823E-04 -0.13829E-05 -0.40992E-03 -0.22006E-04 -0.29106E-03 -0.15552E-04
        0.0719  0.00000E+00  0.00000E+00  0.00000E+00  0.00000E+00  0.00000E+00  0.00000E+00  0.10669E-02  0.91547E-03  0.86977E-03  0.16585E-04  0.11920E-05 -0.11815E-03       5  0.88280E-03  0.00000E+00  0.00000E+00 -0.17321E-03 -0.51884E-05 -0.40395E-03 -0.30881E-04 -0.27198E-03 -0.21527E-04
        0.1004  0.00000E+00  0.00000E+00  0.00000E+00  0.00000E+00  0.00000E+00  0.00000E+00  0.10654E-02  0.91547E-03  0.87031E-03  0.16585E-04  0.16657E-05 -0.15621E-03       6  0.88285E-03  0.00000E+00  0.00000E+00 -0.33348E-03 -0.14713E-04 -0.44262E-03 -0.43523E-04 -0.25780E-03 -0.28890E-04
        0.1376  0.00000E+00  0.00000E+00  0.00000E+00  0.00000E+00  0.00000E+00  0.00000E+00  0.10632E-02  0.91547E-03  0.87105E-03  0.16585E-04  0.22815E-05 -0.21080E-03       7  0.88287E-03  0.00000E+00  0.00000E+00 -0.57991E-03 -0.36245E-04 -0.57667E-03 -0.64934E-04 -0.26135E-03 -0.38594E-04
        0.1858  0.00000E+00  0.00000E+00  0.00000E+00  0.00000E+00  0.00000E+00  0.00000E+00  0.10601E-02  0.91547E-03  0.87156E-03  0.16585E-04  0.30820E-05 -0.29855E-03       8  0.88288E-03  0.00000E+00  0.00000E+00 -0.92882E-03 -0.81077E-04 -0.89811E-03 -0.10828E-03 -0.31106E-03 -0.53608E-04
        0.2358  0.00000E+00  0.00000E+00  0.00000E+00  0.00000E+00  0.00000E+00  0.00000E+00  0.10570E-02  0.91548E-03  0.87207E-03  0.16585E-04  0.39113E-05 -0.41308E-03       9  0.88290E-03  0.00000E+00  0.00000E+00 -0.12874E-02 -0.14545E-03 -0.13844E-02 -0.17750E-03 -0.41670E-03 -0.74443E-04
        0.2858  0.00000E+00  0.00000E+00  0.00000E+00  0.00000E+00  0.00000E+00  0.00000E+00  0.10543E-02  0.91551E-03  0.87240E-03  0.16586E-04  0.47406E-05 -0.55133E-03      10  0.88291E-03  0.00000E+00  0.00000E+00 -0.15987E-02 -0.22538E-03 -0.19978E-02 -0.27739E-03 -0.58000E-03 -0.10344E-03
        0.3358  0.00000E+00  0.00000E+00  0.00000E+00  0.00000E+00  0.00000E+00  0.00000E+00  0.10521E-02  0.91554E-03  0.87273E-03  0.16587E-04  0.55699E-05 -0.70866E-03      11  0.88292E-03  0.00000E+00  0.00000E+00 -0.18494E-02 -0.31785E-03 -0.26682E-02 -0.41080E-03 -0.78022E-03 -0.14245E-03
        0.3858  0.00000E+00  0.00000E+00  0.00000E+00  0.00000E+00  0.00000E+00  0.00000E+00  0.10504E-02  0.91558E-03  0.87298E-03  0.16588E-04  0.63993E-05 -0.87871E-03      12  0.88292E-03  0.00000E+00  0.00000E+00 -0.20414E-02 -0.41992E-03 -0.33780E-02 -0.57970E-03 -0.10174E-02 -0.19332E-03
        0.4358  0.00000E+00  0.00000E+00  0.00000E+00  0.00000E+00  0.00000E+00  0.00000E+00  0.10490E-02  0.91563E-03  0.87324E-03  0.16589E-04  0.72288E-05 -0.10561E-02      13  0.88293E-03  0.00000E+00  0.00000E+00 -0.21656E-02 -0.52821E-03 -0.40203E-02 -0.78072E-03 -0.12796E-02 -0.25731E-03
        0.4858  0.00000E+00  0.00000E+00  0.00000E+00  0.00000E+00  0.00000E+00  0.00000E+00  0.10483E-02  0.91568E-03  0.87348E-03  0.16590E-04  0.80583E-05 -0.12341E-02      14  0.88293E-03  0.00000E+00  0.00000E+00 -0.22151E-02 -0.63896E-03 -0.45221E-02 -0.10068E-02 -0.15369E-02 -0.33415E-03
        0.5358  0.00000E+00  0.00000E+00  0.00000E+00  0.00000E+00  0.00000E+00  0.00000E+00  0.10480E-02  0.91571E-03  0.87374E-03  0.16591E-04  0.88878E-05 -0.14058E-02      15  0.88294E-03  0.00000E+00  0.00000E+00 -0.21900E-02 -0.74846E-03 -0.48367E-02 -0.12487E-02 -0.17582E-02 -0.42206E-03
        0.5858  0.00000E+00  0.00000E+00  0.00000E+00  0.00000E+00  0.00000E+00  0.00000E+00  0.10484E-02  0.91574E-03  0.87402E-03  0.16591E-04  0.97174E-05 -0.15644E-02      16  0.88294E-03  0.00000E+00  0.00000E+00 -0.20883E-02 -0.85288E-03 -0.49360E-02 -0.14955E-02 -0.19197E-02 -0.51805E-03
        0.6358  0.00000E+00  0.00000E+00  0.00000E+00  0.00000E+00  0.00000E+00  0.00000E+00  0.10492E-02  0.91575E-03  0.87435E-03  0.16591E-04  0.10547E-04 -0.17041E-02      17  0.88295E-03  0.00000E+00  0.00000E+00 -0.19240E-02 -0.94908E-03 -0.48233E-02 -0.17366E-02 -0.20058E-02 -0.61834E-03
        0.6858  0.00000E+00  0.00000E+00  0.00000E+00  0.00000E+00  0.00000E+00  0.00000E+00  0.10505E-02  0.91575E-03  0.87474E-03  0.16591E-04  0.11376E-04 -0.18205E-02      18  0.88296E-03  0.00000E+00  0.00000E+00 -0.16918E-02 -0.10337E-02 -0.45254E-02 -0.19629E-02 -0.20156E-02 -0.71912E-03
        0.7358  0.00000E+00 -0.33528E-05  0.00000E+00 -0.16764E-06  0.00000E+00  0.00000E+00  0.10522E-02  0.91573E-03  0.87923E-03  0.16591E-04  0.12206E-04 -0.19005E-02      19  0.88303E-03  0.00000E+00  0.00000E+00 -0.14190E-02 -0.11046E-02 -0.40813E-02 -0.21670E-02 -0.19556E-02 -0.81690E-03
        0.7858  0.00000E+00 -0.39446E-04  0.00000E+00 -0.21399E-05  0.00000E+00  0.00000E+00  0.10545E-02  0.91571E-03  0.87899E-03  0.16590E-04  0.13036E-04 -0.19451E-02      20  0.88301E-03  0.00000E+00  0.00000E+00 -0.10721E-02 -0.11582E-02 -0.35036E-02 -0.23421E-02 -0.18320E-02 -0.90850E-03
        0.8358  0.00000E+00 -0.10679E-03  0.00000E+00 -0.74795E-05  0.00000E+00  0.00000E+00  0.10570E-02  0.91568E-03  0.87922E-03  0.16590E-04  0.13865E-04 -0.19632E-02      21  0.88302E-03  0.00000E+00  0.00000E+00 -0.71794E-03 -0.11941E-02 -0.28734E-02 -0.24858E-02 -0.16505E-02 -0.99102E-03
        0.8858  0.00000E+00 -0.17691E-03  0.00000E+00 -0.16325E-04  0.00000E+00  0.00000E+00  0.10595E-02  0.91565E-03  0.87914E-03  0.16589E-04  0.14694E-04 -0.19583E-02      22  0.88302E-03  0.00000E+00  0.00000E+00 -0.38305E-03 -0.12133E-02 -0.22572E-02 -0.25987E-02 -0.14361E-02 -0.10628E-02
        0.9358  0.00000E+00 -0.24795E-03  0.00000E+00 -0.28722E-04  0.00000E+00  0.00000E+00  0.10616E-02  0.91562E-03  0.87927E-03  0.16588E-04  0.15524E-04 -0.19389E-02      23  0.88302E-03  0.00000E+00  0.00000E+00 -0.12086E-03 -0.12193E-02 -0.17218E-02 -0.26847E-02 -0.12206E-02 -0.11239E-02
        0.9679  0.00000E+00 -0.30598E-03  0.00000E+00 -0.38540E-04  0.00000E+00  0.00000E+00  0.10624E-02  0.91559E-03  0.87923E-03  0.16588E-04  0.16056E-04 -0.19230E-02      24  0.88302E-03  0.00000E+00  0.00000E+00 -0.17053E-04 -0.12199E-02 -0.14315E-02 -0.27307E-02 -0.10896E-02 -0.11588E-02
        1.0000  0.00000E+00 -0.35021E-03  0.00000E+00 -0.49777E-04  0.00000E+00  0.00000E+00  0.10628E-02  0.91557E-03  0.87930E-03  0.16587E-04  0.16588E-04 -0.19070E-02      25  0.88302E-03  0.00000E+00  0.00000E+00  0.24943E-04 -0.12191E-02 -0.12081E-02 -0.27694E-02 -0.97311E-03 -0.11900E-02
end
