 All solute fluxes and cumulative solute fluxes are positive into the region

       Time         cvTop        cvBot      Sum(cvTop)   Sum(cvBot)     cvCh0        cvCh1         cTop        cRoot         cBot        cvRoot    Sum(cvRoot)  Sum(cvNEql) TLevel      cGWL        cRunOff   Sum(cRunOff)    (cv(i),    Sum(cv(i)), i=1,NObs)
        [T]        [M/L2/T]     [M/L2/T]      [M/L2]       [M/L2]       [M/L2]      [M/L2]        [M/L3]      [M/L3]        [M/L3]      [M/L2/T]      [M/L2]       [M/L2]              [M/L3]        [M/L2]      [M/L3]      [M/L2/T]      [M/L2]
        0.0100  0.00000E+00  0.00000E+00  0.00000E+00  0.00000E+00  0.00000E+00  0.00000E+00  0.90544E-03  0.88308E-03  0.86953E-03  0.00000E+00  0.00000E+00 -0.11054E-04       1  0.88262E-03  0.00000E+00  0.00000E+00  0.25461E-04  0.25461E-06 -0.15519E-03 -0.15519E-05 -0.11473E-03 -0.11473E-05
        0.0200  0.00000E+00  0.00000E+00  0.00000E+00  0.00000E+00  0.00000E+00  0.00000E+00  0.90541E-03  0.88302E-03  0.86841E-03  0.00000E+00  0.00000E+00 -0.21591E-04       2  0.88256E-03  0.00000E+00  0.00000E+00  0.14331E-04  0.39791E-06 -0.14360E-03 -0.29879E-05 -0.10767E-03 -0.22241E-05
        0.0330  0.00000E+00  0.00000E+00  0.00000E+00  0.00000E+00  0.00000E+00  0.00000E+00  0.90519E-03  0.88304E-03  0.86931E-03  0.00000E+00  0.00000E+00 -0.33289E-04       3  0.88262E-03  0.00000E+00  0.00000E+00 -0.10994E-04  0.25499E-06 -0.12885E-03 -0.46630E-05 -0.97054E-04 -0.34858E-05
        0.0499  0.00000E+00  0.00000E+00  0.00000E+00  0.00000E+00  0.00000E+00  0.00000E+00  0.90477E-03  0.88303E-03  0.86959E-03  0.00000E+00  0.00000E+00 -0.47466E-04       4  0.88263E-03  0.00000E+00  0.00000E+00 -0.61278E-04 -0.78061E-06 -0.11573E-03 -0.66188E-05 -0.84684E-04 -0.49169E-05
        0.0719  0.00000E+00  0.00000E+00  0.00000E+00  0.00000E+00  0.00000E+00  0.00000E+00  0.90403E-03  0.88303E-03  0.86987E-03  0.00000E+00  0.00000E+00 -0.66260E-04       5  0.88264E-03  0.00000E+00  0.00000E+00 -0.15352E-03 -0.41535E-05 -0.10866E-03 -0.90060E-05 -0.70637E-04 -0.64688E-05
        0.1004  0.00000E+00  0.00000E+00  0.00000E+00  0.00000E+00  0.00000E+00  0.00000E+00  0.90281E-03  0.88302E-03  0.87006E-03  0.00000E+00  0.00000E+00 -0.93593E-04       6  0.88265E-03  0.00000E+00  0.00000E+00 -0.31307E-03 -0.13095E-04 -0.11990E-03 -0.12431E-04 -0.58681E-04 -0.81448E-05
        0.1376  0.00000E+00  0.00000E+00  0.00000E+00  0.00000E+00  0.00000E+00  0.00000E+00  0.90086E-03  0.88301E-03  0.87022E-03  0.00000E+00  0.00000E+00 -0.13778E-03       7  0.88266E-03  0.00000E+00  0.00000E+00 -0.57214E-03 -0.34339E-04 -0.17279E-03 -0.18846E-04 -0.57754E-04 -0.10289E-04
        0.1858  0.00000E+00  0.00000E+00  0.00000E+00  0.00000E+00  0.00000E+00  0.00000E+00  0.89792E-03  0.88299E-03  0.87034E-03  0.00000E+00  0.00000E+00 -0.21536E-03       8  0.88267E-03  0.00000E+00  0.00000E+00 -0.95708E-03 -0.80535E-04 -0.31263E-03 -0.33936E-04 -0.88493E-04 -0.14561E-04
        0.2358  0.00000E+00  0.00000E+00  0.00000E+00  0.00000E+00  0.00000E+00  0.00000E+00  0.89474E-03  0.88296E-03  0.87043E-03  0.00000E+00  0.00000E+00 -0.32171E-03       9  0.88267E-03  0.00000E+00  0.00000E+00 -0.13569E-02 -0.14838E-03 -0.53353E-03 -0.60612E-04 -0.15894E-03 -0.22507E-04
        0.2858  0.00000E+00  0.00000E+00  0.00000E+00  0.00000E+00  0.00000E+00  0.00000E+00  0.89209E-03  0.88296E-03  0.87049E-03  0.00000E+00  0.00000E+00 -0.45288E-03      10  0.88267E-03  0.00000E+00  0.00000E+00 -0.17044E-02 -0.23360E-03 -0.80062E-03 -0.10064E-03 -0.26782E-03 -0.35898E-04
        0.3358  0.00000E+00  0.00000E+00  0.00000E+00  0.00000E+00  0.00000E+00  0.00000E+00  0.88980E-03  0.88295E-03  0.87054E-03  0.00000E+00  0.00000E+00 -0.59901E-03      11  0.88267E-03  0.00000E+00  0.00000E+00 -0.19575E-02 -0.33148E-03 -0.11262E-02 -0.15695E-03 -0.41899E-03 -0.56848E-04
        0.3858  0.00000E+00  0.00000E+00  0.00000E+00  0.00000E+00  0.00000E+00  0.00000E+00  0.88806E-03  0.88299E-03  0.87058E-03  0.00000E+00  0.00000E+00 -0.74849E-03      12  0.88268E-03  0.00000E+00  0.00000E+00 -0.21548E-02 -0.43922E-03 -0.14565E-02 -0.22978E-03 -0.59667E-03 -0.86681E-04
        0.4358  0.00000E+00  0.00000E+00  0.00000E+00  0.00000E+00  0.00000E+00  0.00000E+00  0.88664E-03  0.88303E-03  0.87062E-03  0.00000E+00  0.00000E+00 -0.89801E-03      13  0.88268E-03  0.00000E+00  0.00000E+00 -0.22687E-02 -0.55266E-03 -0.17591E-02 -0.31773E-03 -0.78933E-03 -0.12615E-03
        0.4858  0.00000E+00  0.00000E+00  0.00000E+00  0.00000E+00  0.00000E+00  0.00000E+00  0.88596E-03  0.88307E-03  0.87066E-03  0.00000E+00  0.00000E+00 -0.10445E-02      14  0.88268E-03  0.00000E+00  0.00000E+00 -0.23294E-02 -0.66913E-03 -0.19953E-02 -0.41749E-03 -0.97803E-03 -0.17505E-03
        0.5358  0.00000E+00  0.00000E+00  0.00000E+00  0.00000E+00  0.00000E+00  0.00000E+00  0.88560E-03  0.88310E-03  0.87070E-03  0.00000E+00  0.00000E+00 -0.11846E-02      15  0.88268E-03  0.00000E+00  0.00000E+00 -0.22904E-02 -0.78364E-03 -0.21532E-02 -0.52515E-03 -0.11462E-02 -0.23236E-03
        0.5858  0.00000E+00  0.00000E+00  0.00000E+00  0.00000E+00  0.00000E+00  0.00000E+00  0.88593E-03  0.88312E-03  0.87074E-03  0.00000E+00  0.00000E+00 -0.13161E-02      16  0.88268E-03  0.00000E+00  0.00000E+00 -0.22016E-02 -0.89372E-03 -0.22176E-02 -0.63603E-03 -0.12803E-02 -0.29638E-03
        0.6358  0.00000E+00  0.00000E+00  0.00000E+00  0.00000E+00  0.00000E+00  0.00000E+00  0.88663E-03  0.88313E-03  0.87078E-03  0.00000E+00  0.00000E+00 -0.14368E-02      17  0.88268E-03  0.00000E+00  0.00000E+00 -0.20249E-02 -0.99497E-03 -0.22049E-02 -0.74627E-03 -0.13713E-02 -0.36494E-03
        0.6858  0.00000E+00  0.00000E+00  0.00000E+00  0.00000E+00  0.00000E+00  0.00000E+00  0.88793E-03  0.88312E-03  0.87084E-03  0.00000E+00  0.00000E+00 -0.15459E-02      18  0.88269E-03  0.00000E+00  0.00000E+00 -0.18044E-02 -0.10852E-02 -0.21030E-02 -0.85142E-03 -0.14166E-02 -0.43577E-03
        0.7358  0.00000E+00  0.00000E+00  0.00000E+00  0.00000E+00  0.00000E+00  0.00000E+00  0.88952E-03  0.88310E-03  0.87091E-03  0.00000E+00  0.00000E+00 -0.16435E-02      19  0.88269E-03  0.00000E+00  0.00000E+00 -0.15229E-02 -0.11613E-02 -0.19327E-02 -0.94806E-03 -0.14399E-02 -0.50777E-03
        0.7858  0.00000E+00  0.00000E+00  0.00000E+00  0.00000E+00  0.00000E+00  0.00000E+00  0.89201E-03  0.88307E-03  0.87099E-03  0.00000E+00  0.00000E+00 -0.17259E-02      20  0.88269E-03  0.00000E+00  0.00000E+00 -0.11541E-02 -0.12190E-02 -0.16811E-02 -0.10321E-02 -0.14079E-02 -0.57816E-03
        0.8358  0.00000E+00  0.00000E+00  0.00000E+00  0.00000E+00  0.00000E+00  0.00000E+00  0.89463E-03  0.88304E-03  0.87110E-03  0.00000E+00  0.00000E+00 -0.17811E-02      21  0.88270E-03  0.00000E+00  0.00000E+00 -0.76304E-03 -0.12572E-02 -0.13903E-02 -0.11016E-02 -0.13033E-02 -0.64333E-03
        0.8858  0.00000E+00  0.00000E+00  0.00000E+00  0.00000E+00  0.00000E+00  0.00000E+00  0.89721E-03  0.88305E-03  0.87123E-03  0.00000E+00  0.00000E+00 -0.18114E-02      22  0.88270E-03  0.00000E+00  0.00000E+00 -0.39935E-03 -0.12772E-02 -0.10964E-02 -0.11565E-02 -0.11574E-02 -0.70120E-03
        0.9358  0.00000E+00  0.00000E+00  0.00000E+00  0.00000E+00  0.00000E+00  0.00000E+00  0.89919E-03  0.88303E-03  0.87138E-03  0.00000E+00  0.00000E+00 -0.18250E-02      23  0.88271E-03  0.00000E+00  0.00000E+00 -0.11662E-03 -0.12830E-02 -0.82752E-03 -0.11978E-02 -0.99402E-03 -0.75090E-03
        0.9679  0.00000E+00  0.00000E+00  0.00000E+00  0.00000E+00  0.00000E+00  0.00000E+00  0.90002E-03  0.88305E-03  0.87148E-03  0.00000E+00  0.00000E+00 -0.18285E-02      24  0.88271E-03  0.00000E+00  0.00000E+00 -0.84316E-05 -0.12833E-02 -0.67321E-03 -0.12194E-02 -0.88888E-03 -0.77942E-03
        1.0000  0.00000E+00  0.00000E+00  0.00000E+00  0.00000E+00  0.00000E+00  0.00000E+00  0.90019E-03  0.88303E-03  0.87160E-03  0.00000E+00  0.00000E+00 -0.18307E-02      25  0.88272E-03  0.00000E+00  0.00000E+00  0.30076E-04 -0.12823E-02 -0.55191E-03 -0.12371E-02 -0.78964E-03 -0.80475E-03
end
