 ******* Program HYDRUS
 ******* 
 Welcome to HYDRUS-1D                                                    
 Date:  28. 3.2022    Time:   8:56: 0
 Units: L = cm   , T = days , M = mg   

       Time          rTop        rRoot        vTop         vRoot        vBot       sum(rTop)   sum(rRoot)    sum(vTop)   sum(vRoot)    sum(vBot)      hTop         hRoot        hBot        RunOff    sum(RunOff)     Volume     sum(Infil)    sum(Evap) TLevel Cum(WTrans)  SnowLayer
        [T]         [L/T]        [L/T]        [L/T]        [L/T]        [L/T]         [L]          [L]          [L]         [L]           [L]         [L]           [L]         [L]          [L/T]         [L]          [L]          [L]          [L]

       0.0100  0.16611E+00  0.81002E-02  0.16612E+00  0.80161E-02 -0.28925E+01  0.16611E-02  0.81002E-04  0.16612E-02  0.80161E-04 -0.28925E-01 -0.18503E+03 -0.17485E+03  0.44831E+02  0.00000E+00  0.00000E+00  0.10122E+03  0.00000E+00  0.16612E-02      1  0.00000E+00      0.000
       0.0230  0.16611E+00  0.81002E-02  0.16612E+00  0.80147E-02 -0.24760E+01  0.38206E-02  0.18630E-03  0.38206E-02  0.18435E-03 -0.61114E-01 -0.18609E+03 -0.17579E+03  0.44831E+02  0.00000E+00  0.00000E+00  0.10118E+03  0.00000E+00  0.38206E-02      2  0.00000E+00      0.000
       0.0399  0.16611E+00  0.81002E-02  0.16611E+00  0.80128E-02 -0.21396E+01  0.66280E-02  0.32320E-03  0.66279E-02  0.31977E-03 -0.97273E-01 -0.18754E+03 -0.17712E+03  0.44831E+02  0.00000E+00  0.00000E+00  0.10114E+03  0.00000E+00  0.66279E-02      3  0.00000E+00      0.000
       0.0619  0.16611E+00  0.81002E-02  0.16611E+00  0.80105E-02 -0.19642E+01  0.10278E-01  0.50116E-03  0.10277E-01  0.49576E-03 -0.14043E+00 -0.18917E+03 -0.17865E+03  0.44831E+02  0.00000E+00  0.00000E+00  0.10110E+03  0.00000E+00  0.10277E-01      4  0.00000E+00      0.000
       0.0904  0.16611E+00  0.81002E-02  0.16611E+00  0.80077E-02 -0.18219E+01  0.15022E-01  0.73251E-03  0.15022E-01  0.72447E-03 -0.19246E+00 -0.19114E+03 -0.18050E+03  0.44831E+02  0.00000E+00  0.00000E+00  0.10104E+03  0.00000E+00  0.15022E-01      5  0.00000E+00      0.000
       0.1276  0.16611E+00  0.81002E-02  0.16611E+00  0.80043E-02 -0.17191E+01  0.21190E-01  0.10333E-02  0.21189E-01  0.10217E-02 -0.25629E+00 -0.19346E+03 -0.18270E+03  0.44831E+02  0.00000E+00  0.00000E+00  0.10097E+03  0.00000E+00  0.21189E-01      6  0.00000E+00      0.000
       0.1758  0.16611E+00  0.81002E-02  0.16612E+00  0.80002E-02 -0.16342E+01  0.29208E-01  0.14242E-02  0.29208E-01  0.14078E-02 -0.33517E+00 -0.19619E+03 -0.18529E+03  0.44831E+02  0.00000E+00  0.00000E+00  0.10088E+03  0.00000E+00  0.29208E-01      7  0.00000E+00      0.000
       0.2386  0.16611E+00  0.81002E-02  0.16612E+00  0.79953E-02 -0.15600E+01  0.39631E-01  0.19325E-02  0.39631E-01  0.19095E-02 -0.43306E+00 -0.19937E+03 -0.18833E+03  0.44831E+02  0.00000E+00  0.00000E+00  0.10077E+03  0.00000E+00  0.39631E-01      8  0.00000E+00      0.000
       0.3232  0.84467E+00  0.41188E-01  0.84467E+00  0.40579E-01 -0.14820E+01  0.11109E+00  0.54172E-02  0.11109E+00  0.53426E-02 -0.55844E+00 -0.21263E+03 -0.19690E+03  0.44831E+02  0.00000E+00  0.00000E+00  0.10057E+03  0.00000E+00  0.11109E+00      9  0.00000E+00      0.000
       0.4360  0.17515E+01  0.85407E-01  0.17515E+01  0.83787E-01 -0.13857E+01  0.30867E+00  0.15051E-01  0.30867E+00  0.14794E-01 -0.71475E+00 -0.23973E+03 -0.21400E+03  0.44831E+02  0.00000E+00  0.00000E+00  0.10022E+03  0.00000E+00  0.30867E+00     10  0.00000E+00      0.000
       0.5770  0.16850E+01  0.82166E-01  0.16850E+01  0.80198E-01 -0.12597E+01  0.54626E+00  0.26637E-01  0.54626E+00  0.26102E-01 -0.89238E+00 -0.26219E+03 -0.23162E+03  0.44831E+02  0.00000E+00  0.00000E+00  0.99789E+02  0.00000E+00  0.54626E+00     11  0.00000E+00      0.000
       0.7885  0.16611E+00  0.81002E-02  0.16612E+00  0.79134E-02 -0.10625E+01  0.58139E+00  0.28350E-01  0.58139E+00  0.27776E-01 -0.11171E+01 -0.24292E+03 -0.22898E+03  0.44831E+02  0.00000E+00  0.00000E+00  0.99513E+02  0.00000E+00  0.58139E+00     12  0.00000E+00      0.000
       1.0000  0.16611E+00  0.81002E-02  0.16611E+00  0.79150E-02 -0.88187E+00  0.61653E+00  0.30064E-01  0.61653E+00  0.29450E-01 -0.13036E+01 -0.24119E+03 -0.22839E+03  0.44831E+02  0.00000E+00  0.00000E+00  0.99289E+02  0.00000E+00  0.61653E+00     13  0.00000E+00      0.000
end
