 ******* Program HYDRUS
 ******* 
 Welcome to HYDRUS-1D                                                    
 Date:  28. 3.2022    Time:   8:58:34
 Units: L = cm   , T = days , M = mg   


 Time:        0.0000


 Node      Depth      Head Moisture       K          C         Flux        Sink         Kappa   v/KsTop   Temp   Conc(1..NS) Sorb(1...NS)
           [L]        [L]    [-]        [L/T]      [1/L]      [L/T]        [1/T]         [-]      [-]      [C]      [M/L*3]

   1     0.0000     -59.579 0.3507   0.9525E+01  0.4792E-03  0.3930E-01  0.0000E+00      -1   0.904E-03   20.00  0.1005E-02  0.1205E+00
   2    -3.0000     -56.567 0.3521   0.1013E+02  0.4725E-03  0.3704E-01  0.0000E+00      -1   0.852E-03   20.00  0.1019E-02  0.1223E+00
   3    -6.0000     -53.557 0.3535   0.1073E+02  0.4657E-03  0.3210E-01  0.0000E+00      -1   0.739E-03   20.00  0.1032E-02  0.1238E+00
   4    -9.0000     -50.549 0.3549   0.1134E+02  0.4590E-03  0.2829E-01  0.1728E-03      -1   0.651E-03   20.00  0.1034E-02  0.1241E+00
   5   -12.0000     -47.542 0.3563   0.1194E+02  0.4523E-03  0.2386E-01  0.1728E-03      -1   0.549E-03   20.00  0.1027E-02  0.1233E+00
   6   -15.0000     -44.537 0.3576   0.1273E+02  0.4418E-03  0.1902E-01  0.1728E-03      -1   0.438E-03   20.00  0.1014E-02  0.1217E+00
   7   -18.0000     -41.533 0.3589   0.1351E+02  0.4312E-03  0.1802E-01  0.1728E-03      -1   0.415E-03   20.00  0.9933E-03  0.1192E+00
   8   -21.0000     -38.529 0.3603   0.1430E+02  0.4206E-03  0.1666E-01  0.1728E-03      -1   0.383E-03   20.00  0.9667E-03  0.1160E+00
   9   -24.0000     -35.526 0.3615   0.1524E+02  0.4073E-03  0.1263E-01  0.1710E-03      -1   0.291E-03   20.00  0.9425E-03  0.1131E+00
  10   -27.0000     -32.524 0.3627   0.1623E+02  0.3928E-03  0.8034E-02  0.1620E-03      -1   0.185E-03   20.00  0.9217E-03  0.1106E+00
  11   -30.0000     -29.523 0.3639   0.1725E+02  0.3778E-03  0.5762E-02  0.1530E-03      -1   0.133E-03   20.00  0.9059E-03  0.1087E+00
  12   -33.0000     -26.522 0.3650   0.1846E+02  0.3594E-03  0.6158E-02  0.1440E-03      -1   0.142E-03   20.00  0.8943E-03  0.1073E+00
  13   -36.0000     -23.521 0.3660   0.1969E+02  0.3407E-03  0.3178E-02  0.1350E-03      -1   0.731E-04   20.00  0.8884E-03  0.1066E+00
  14   -39.0000     -20.521 0.3670   0.2115E+02  0.3182E-03  0.0000E+00  0.1260E-03      -1   0.000E+00   20.00  0.8850E-03  0.1062E+00
  15   -42.0000     -17.521 0.3679   0.2272E+02  0.2941E-03  0.0000E+00  0.1170E-03      -1   0.000E+00   20.00  0.8834E-03  0.1060E+00
  16   -45.0000     -14.521 0.3688   0.2448E+02  0.2672E-03 -0.4252E-02  0.1080E-03      -1  -0.978E-04   20.00  0.8833E-03  0.1060E+00
  17   -48.0000     -11.522 0.3695   0.2652E+02  0.2362E-03 -0.4252E-02  0.9901E-04      -1  -0.978E-04   20.00  0.8833E-03  0.1060E+00
  18   -51.0000      -8.522 0.3702   0.2893E+02  0.2002E-03 -0.5062E-02  0.9001E-04      -1  -0.116E-03   20.00  0.8833E-03  0.1060E+00
  19   -54.0000      -5.523 0.3707   0.3185E+02  0.1573E-03 -0.5063E-02  0.8101E-04      -1  -0.116E-03   20.00  0.8833E-03  0.1060E+00
  20   -57.0000      -2.523 0.3711   0.3584E+02  0.1010E-03 -0.6609E-02  0.7200E-04      -1  -0.152E-03   20.00  0.8833E-03  0.1060E+00
  21   -60.0000       0.476 0.3713   0.4346E+02  0.0000E+00 -0.6608E-02  0.6300E-04      -1  -0.152E-03   20.00  0.8833E-03  0.1060E+00
  22   -63.0000       3.476 0.3713   0.4346E+02  0.0000E+00 -0.1295E-05  0.5400E-04      -1  -0.298E-07   20.00  0.8833E-03  0.1060E+00
  23   -66.0000       6.476 0.3713   0.4346E+02  0.0000E+00 -0.7241E-02  0.4500E-04      -1  -0.167E-03   20.00  0.8833E-03  0.1060E+00
  24   -69.0000       9.475 0.3713   0.4346E+02  0.0000E+00 -0.7239E-02  0.3600E-04      -1  -0.167E-03   20.00  0.8833E-03  0.1060E+00
  25   -72.0000      12.475 0.3713   0.4346E+02  0.0000E+00  0.0000E+00  0.2700E-04      -1   0.000E+00   20.00  0.8833E-03  0.1060E+00
  26   -75.0000      15.475 0.3713   0.4346E+02  0.0000E+00 -0.7239E-02  0.1800E-04      -1  -0.167E-03   20.00  0.8833E-03  0.1060E+00
  27   -78.0000      18.474 0.3713   0.4346E+02  0.0000E+00 -0.7239E-02  0.9001E-05      -1  -0.167E-03   20.00  0.8833E-03  0.1060E+00
  28   -81.0000      21.474 0.3713   0.4346E+02  0.0000E+00  0.0000E+00  0.0000E+00      -1   0.000E+00   20.00  0.8833E-03  0.1060E+00
  29   -84.0000      24.474 0.3713   0.4346E+02  0.0000E+00  0.0000E+00  0.0000E+00      -1   0.000E+00   20.00  0.8833E-03  0.1060E+00
  30   -87.0000      27.474 0.3713   0.4346E+02  0.0000E+00 -0.7254E-02  0.0000E+00      -1  -0.167E-03   20.00  0.8833E-03  0.1060E+00
  31   -90.0000      30.473 0.3713   0.4346E+02  0.0000E+00 -0.7254E-02  0.0000E+00      -1  -0.167E-03   20.00  0.8833E-03  0.1060E+00
  32   -93.0000      33.473 0.3713   0.4346E+02  0.0000E+00  0.0000E+00  0.0000E+00      -1   0.000E+00   20.00  0.8833E-03  0.1060E+00
  33   -96.0000      36.473 0.3713   0.4346E+02  0.0000E+00 -0.7239E-02  0.0000E+00      -1  -0.167E-03   20.00  0.8833E-03  0.1060E+00
  34   -99.0000      39.472 0.3713   0.4346E+02  0.0000E+00 -0.7239E-02  0.0000E+00      -1  -0.167E-03   20.00  0.8833E-03  0.1060E+00
  35  -102.0000      42.472 0.3713   0.4346E+02  0.0000E+00  0.0000E+00  0.0000E+00      -1   0.000E+00   20.00  0.8833E-03  0.1060E+00
  36  -105.0000      45.472 0.3713   0.4346E+02  0.0000E+00 -0.7239E-02  0.0000E+00      -1  -0.167E-03   20.00  0.8833E-03  0.1060E+00
  37  -108.0000      48.471 0.3713   0.4346E+02  0.0000E+00 -0.7239E-02  0.0000E+00      -1  -0.167E-03   20.00  0.8833E-03  0.1060E+00
  38  -111.0000      51.471 0.3713   0.4346E+02  0.0000E+00  0.0000E+00  0.0000E+00      -1   0.000E+00   20.00  0.8833E-03  0.1060E+00
  39  -114.0000      54.471 0.3713   0.4346E+02  0.0000E+00  0.0000E+00  0.0000E+00      -1   0.000E+00   20.00  0.8833E-03  0.1060E+00
  40  -117.0000      57.471 0.3713   0.4346E+02  0.0000E+00 -0.7239E-02  0.0000E+00      -1  -0.167E-03   20.00  0.8833E-03  0.1060E+00
  41  -120.0000      60.470 0.3713   0.4346E+02  0.0000E+00 -0.7239E-02  0.0000E+00      -1  -0.167E-03   20.00  0.8833E-03  0.1060E+00
  42  -123.0000      63.470 0.3713   0.4346E+02  0.0000E+00  0.0000E+00  0.0000E+00      -1   0.000E+00   20.00  0.8833E-03  0.1060E+00
  43  -126.0000      66.470 0.3713   0.4346E+02  0.0000E+00 -0.7239E-02  0.0000E+00      -1  -0.167E-03   20.00  0.8833E-03  0.1060E+00
  44  -129.0000      69.469 0.3713   0.4346E+02  0.0000E+00 -0.7239E-02  0.0000E+00      -1  -0.167E-03   20.00  0.8833E-03  0.1060E+00
  45  -132.0000      72.469 0.3713   0.4346E+02  0.0000E+00  0.0000E+00  0.0000E+00      -1   0.000E+00   20.00  0.8833E-03  0.1060E+00
  46  -135.0000      75.469 0.3713   0.4346E+02  0.0000E+00 -0.7239E-02  0.0000E+00      -1  -0.167E-03   20.00  0.8833E-03  0.1060E+00
  47  -138.0000      78.468 0.3713   0.4346E+02  0.0000E+00 -0.7239E-02  0.0000E+00      -1  -0.167E-03   20.00  0.8833E-03  0.1060E+00
  48  -141.0000      81.468 0.3713   0.4346E+02  0.0000E+00  0.0000E+00  0.0000E+00      -1   0.000E+00   20.00  0.8833E-03  0.1060E+00
  49  -144.0000      84.468 0.3713   0.4346E+02  0.0000E+00 -0.7239E-02  0.0000E+00      -1  -0.167E-03   20.00  0.8833E-03  0.1060E+00
  50  -147.0000      87.467 0.3713   0.4346E+02  0.0000E+00 -0.7239E-02  0.0000E+00      -1  -0.167E-03   20.00  0.8833E-03  0.1060E+00
  51  -150.0000      90.467 0.3713   0.4346E+02  0.0000E+00  0.0000E+00  0.0000E+00      -1   0.000E+00   20.00  0.8833E-03  0.1060E+00
  52  -153.0000      93.467 0.3713   0.4346E+02  0.0000E+00  0.0000E+00  0.0000E+00      -1   0.000E+00   20.00  0.8833E-03  0.1060E+00
  53  -156.0000      96.467 0.3713   0.4346E+02  0.0000E+00 -0.7239E-02  0.0000E+00      -1  -0.167E-03   20.00  0.8833E-03  0.1060E+00
  54  -159.0000      99.466 0.3713   0.4346E+02  0.0000E+00 -0.7239E-02  0.0000E+00      -1  -0.167E-03   20.00  0.8833E-03  0.1060E+00
  55  -162.0000     102.466 0.3713   0.4346E+02  0.0000E+00  0.0000E+00  0.0000E+00      -1   0.000E+00   20.00  0.8833E-03  0.1060E+00
  56  -165.0000     105.466 0.3713   0.4346E+02  0.0000E+00 -0.7295E-02  0.0000E+00      -1  -0.168E-03   20.00  0.8833E-03  0.1060E+00
  57  -168.0000     108.465 0.3713   0.4346E+02  0.0000E+00 -0.7295E-02  0.0000E+00      -1  -0.168E-03   20.00  0.8833E-03  0.1060E+00
  58  -171.0000     111.465 0.3713   0.4346E+02  0.0000E+00  0.0000E+00  0.0000E+00      -1   0.000E+00   20.00  0.8833E-03  0.1060E+00
  59  -174.0000     114.465 0.3713   0.4346E+02  0.0000E+00 -0.7239E-02  0.0000E+00      -1  -0.167E-03   20.00  0.8833E-03  0.1060E+00
  60  -177.0000     117.464 0.3713   0.4346E+02  0.0000E+00 -0.7239E-02  0.0000E+00      -1  -0.167E-03   20.00  0.8833E-03  0.1060E+00
  61  -180.0000     120.464 0.3713   0.4346E+02  0.0000E+00  0.0000E+00  0.0000E+00      -1   0.000E+00   20.00  0.8833E-03  0.1060E+00
  62  -183.0000     123.464 0.3713   0.4346E+02  0.0000E+00  0.0000E+00  0.0000E+00      -1   0.000E+00   20.00  0.8833E-03  0.1060E+00
  63  -186.0000     126.464 0.3713   0.4346E+02  0.0000E+00 -0.7239E-02  0.0000E+00      -1  -0.167E-03   20.00  0.8833E-03  0.1060E+00
  64  -189.0000     129.463 0.3713   0.4346E+02  0.0000E+00 -0.7239E-02  0.0000E+00      -1  -0.167E-03   20.00  0.8833E-03  0.1060E+00
  65  -192.0000     132.463 0.3713   0.4346E+02  0.0000E+00  0.0000E+00  0.0000E+00      -1   0.000E+00   20.00  0.8833E-03  0.1060E+00
  66  -195.0000     135.463 0.3713   0.4346E+02  0.0000E+00 -0.7185E-02  0.0000E+00      -1  -0.165E-03   20.00  0.8833E-03  0.1060E+00
  67  -198.0000     138.462 0.3713   0.4346E+02  0.0000E+00 -0.7185E-02  0.0000E+00      -1  -0.165E-03   20.00  0.8833E-03  0.1060E+00
  68  -201.0000     141.462 0.3713   0.4346E+02  0.0000E+00  0.0000E+00  0.0000E+00      -1   0.000E+00   20.00  0.8833E-03  0.1060E+00
  69  -204.0000     144.462 0.3713   0.4346E+02  0.0000E+00 -0.7295E-02  0.0000E+00      -1  -0.168E-03   20.00  0.8833E-03  0.1060E+00
  70  -207.0000     147.461 0.3713   0.4346E+02  0.0000E+00 -0.7295E-02  0.0000E+00      -1  -0.168E-03   20.00  0.8833E-03  0.1060E+00
  71  -210.0000     150.461 0.3713   0.4346E+02  0.0000E+00  0.0000E+00  0.0000E+00      -1   0.000E+00   20.00  0.8833E-03  0.1060E+00
  72  -213.0000     153.461 0.3713   0.4346E+02  0.0000E+00  0.0000E+00  0.0000E+00      -1   0.000E+00   20.00  0.8833E-03  0.1060E+00
  73  -216.0000     156.461 0.3713   0.4346E+02  0.0000E+00 -0.7185E-02  0.0000E+00      -1  -0.165E-03   20.00  0.8833E-03  0.1060E+00
  74  -219.0000     159.460 0.3713   0.4346E+02  0.0000E+00 -0.7185E-02  0.0000E+00      -1  -0.165E-03   20.00  0.8833E-03  0.1060E+00
  75  -222.0000     162.460 0.3713   0.4346E+02  0.0000E+00  0.0000E+00  0.0000E+00      -1   0.000E+00   20.00  0.8833E-03  0.1060E+00
  76  -225.0000     165.460 0.3713   0.4346E+02  0.0000E+00 -0.7295E-02  0.0000E+00      -1  -0.168E-03   20.00  0.8833E-03  0.1060E+00
  77  -228.0000     168.459 0.3713   0.4346E+02  0.0000E+00 -0.7295E-02  0.0000E+00      -1  -0.168E-03   20.00  0.8833E-03  0.1060E+00
  78  -231.0000     171.459 0.3713   0.4346E+02  0.0000E+00  0.0000E+00  0.0000E+00      -1   0.000E+00   20.00  0.8833E-03  0.1060E+00
  79  -234.0000     174.459 0.3713   0.4346E+02  0.0000E+00 -0.7295E-02  0.0000E+00      -1  -0.168E-03   20.00  0.8833E-03  0.1060E+00
  80  -237.0000     177.458 0.3713   0.4346E+02  0.0000E+00 -0.7295E-02  0.0000E+00      -1  -0.168E-03   20.00  0.8833E-03  0.1060E+00
  81  -240.0000     180.458 0.3713   0.4346E+02  0.0000E+00  0.0000E+00  0.0000E+00      -1   0.000E+00   20.00  0.8833E-03  0.1060E+00
  82  -243.0000     183.458 0.3713   0.4346E+02  0.0000E+00 -0.7185E-02  0.0000E+00      -1  -0.165E-03   20.00  0.8833E-03  0.1060E+00
  83  -246.0000     186.457 0.3713   0.4346E+02  0.0000E+00 -0.7185E-02  0.0000E+00      -1  -0.165E-03   20.00  0.8833E-03  0.1060E+00
  84  -249.0000     189.457 0.3713   0.4346E+02  0.0000E+00  0.0000E+00  0.0000E+00      -1   0.000E+00   20.00  0.8833E-03  0.1060E+00
  85  -252.0000     192.457 0.3713   0.4346E+02  0.0000E+00  0.0000E+00  0.0000E+00      -1   0.000E+00   20.00  0.8833E-03  0.1060E+00
  86  -255.0000     195.457 0.3713   0.4346E+02  0.0000E+00 -0.7295E-02  0.0000E+00      -1  -0.168E-03   20.00  0.8833E-03  0.1060E+00
  87  -258.0000     198.456 0.3713   0.4346E+02  0.0000E+00 -0.7295E-02  0.0000E+00      -1  -0.168E-03   20.00  0.8833E-03  0.1060E+00
  88  -261.0000     201.456 0.3713   0.4346E+02  0.0000E+00  0.0000E+00  0.0000E+00      -1   0.000E+00   20.00  0.8833E-03  0.1060E+00
  89  -264.0000     204.456 0.3713   0.4346E+02  0.0000E+00 -0.7185E-02  0.0000E+00      -1  -0.165E-03   20.00  0.8833E-03  0.1060E+00
  90  -267.0000     207.455 0.3713   0.4346E+02  0.0000E+00 -0.7185E-02  0.0000E+00      -1  -0.165E-03   20.00  0.8833E-03  0.1060E+00
  91  -270.0000     210.455 0.3713   0.4346E+02  0.0000E+00  0.0000E+00  0.0000E+00      -1   0.000E+00   20.00  0.8833E-03  0.1060E+00
  92  -273.0000     213.455 0.3713   0.4346E+02  0.0000E+00 -0.7295E-02  0.0000E+00      -1  -0.168E-03   20.00  0.8833E-03  0.1060E+00
  93  -276.0000     216.454 0.3713   0.4346E+02  0.0000E+00 -0.7295E-02  0.0000E+00      -1  -0.168E-03   20.00  0.8833E-03  0.1060E+00
  94  -279.0000     219.454 0.3713   0.4346E+02  0.0000E+00  0.0000E+00  0.0000E+00      -1   0.000E+00   20.00  0.8833E-03  0.1060E+00
  95  -282.0000     222.454 0.3713   0.4346E+02  0.0000E+00  0.0000E+00  0.0000E+00      -1   0.000E+00   20.00  0.8833E-03  0.1060E+00
  96  -285.0000     225.454 0.3713   0.4346E+02  0.0000E+00 -0.7185E-02  0.0000E+00      -1  -0.165E-03   20.00  0.8833E-03  0.1060E+00
  97  -288.0000     228.453 0.3713   0.4346E+02  0.0000E+00 -0.7185E-02  0.0000E+00      -1  -0.165E-03   20.00  0.8834E-03  0.1060E+00
  98  -291.0000     231.453 0.3713   0.4346E+02  0.0000E+00  0.0000E+00  0.0000E+00      -1   0.000E+00   20.00  0.8832E-03  0.1060E+00
  99  -294.0000     234.453 0.3713   0.4346E+02  0.0000E+00 -0.7295E-02  0.0000E+00      -1  -0.168E-03   20.00  0.8828E-03  0.1059E+00
 100  -297.0000     237.452 0.3713   0.4346E+02  0.0000E+00 -0.7295E-02  0.0000E+00      -1  -0.168E-03   20.00  0.8761E-03  0.1053E+00
 101  -300.0000     240.452 0.3713   0.4346E+02  0.0000E+00  0.0000E+00  0.0000E+00      -1   0.000E+00   20.00  0.8761E-03  0.1045E+00
end


 Time:        1.0000


 Node      Depth      Head Moisture       K          C         Flux        Sink         Kappa   v/KsTop   Temp   Conc(1..NS) Sorb(1...NS)
           [L]        [L]    [-]        [L/T]      [1/L]      [L/T]        [1/T]         [-]      [-]      [C]      [M/L*3]

   1     0.0000     -53.209 0.3537   0.1080E+02  0.4651E-03  0.2359E-01  0.0000E+00      -1   0.543E-03   20.00  0.1002E-02  0.1202E+00
   2    -3.0000     -50.208 0.3551   0.1140E+02  0.4583E-03 -0.1775E-01  0.0000E+00      -1  -0.408E-03   20.00  0.1019E-02  0.1223E+00
   3    -6.0000     -47.218 0.3565   0.1201E+02  0.4513E-03 -0.5728E-01  0.0000E+00      -1  -0.132E-02   20.00  0.1031E-02  0.1237E+00
   4    -9.0000     -44.236 0.3578   0.1280E+02  0.4408E-03 -0.9468E-01  0.1728E-03      -1  -0.218E-02   20.00  0.1033E-02  0.1240E+00
   5   -12.0000     -41.262 0.3591   0.1358E+02  0.4304E-03 -0.1313E+00  0.1728E-03      -1  -0.302E-02   20.00  0.1027E-02  0.1232E+00
   6   -15.0000     -38.294 0.3603   0.1435E+02  0.4199E-03 -0.1670E+00  0.1728E-03      -1  -0.384E-02   20.00  0.1013E-02  0.1216E+00
   7   -18.0000     -35.332 0.3616   0.1529E+02  0.4065E-03 -0.2006E+00  0.1728E-03      -1  -0.461E-02   20.00  0.9927E-03  0.1192E+00
   8   -21.0000     -32.373 0.3627   0.1627E+02  0.3922E-03 -0.2324E+00  0.1728E-03      -1  -0.535E-02   20.00  0.9669E-03  0.1160E+00
   9   -24.0000     -29.417 0.3639   0.1728E+02  0.3774E-03 -0.2622E+00  0.1710E-03      -1  -0.603E-02   20.00  0.9429E-03  0.1131E+00
  10   -27.0000     -26.464 0.3650   0.1848E+02  0.3592E-03 -0.2900E+00  0.1620E-03      -1  -0.667E-02   20.00  0.9222E-03  0.1107E+00
  11   -30.0000     -23.511 0.3660   0.1968E+02  0.3409E-03 -0.3158E+00  0.1530E-03      -1  -0.727E-02   20.00  0.9063E-03  0.1087E+00
  12   -33.0000     -20.560 0.3670   0.2112E+02  0.3188E-03 -0.3398E+00  0.1440E-03      -1  -0.782E-02   20.00  0.8949E-03  0.1074E+00
  13   -36.0000     -17.608 0.3679   0.2266E+02  0.2952E-03 -0.3620E+00  0.1350E-03      -1  -0.833E-02   20.00  0.8886E-03  0.1066E+00
  14   -39.0000     -14.655 0.3687   0.2437E+02  0.2689E-03 -0.3814E+00  0.1260E-03      -1  -0.878E-02   20.00  0.8852E-03  0.1062E+00
  15   -42.0000     -11.701 0.3695   0.2636E+02  0.2387E-03 -0.3982E+00  0.1170E-03      -1  -0.916E-02   20.00  0.8835E-03  0.1060E+00
  16   -45.0000      -8.746 0.3702   0.2870E+02  0.2035E-03 -0.4127E+00  0.1080E-03      -1  -0.950E-02   20.00  0.8833E-03  0.1060E+00
  17   -48.0000      -5.787 0.3707   0.3152E+02  0.1621E-03 -0.4246E+00  0.9901E-04      -1  -0.977E-02   20.00  0.8833E-03  0.1060E+00
  18   -51.0000      -2.826 0.3711   0.3530E+02  0.1084E-03 -0.4333E+00  0.9001E-04      -1  -0.997E-02   20.00  0.8833E-03  0.1060E+00
  19   -54.0000       0.141 0.3713   0.4346E+02  0.0000E+00 -0.4368E+00  0.8101E-04      -1  -0.101E-01   20.00  0.8833E-03  0.1060E+00
  20   -57.0000       3.111 0.3713   0.4346E+02  0.0000E+00 -0.4366E+00  0.7200E-04      -1  -0.100E-01   20.00  0.8833E-03  0.1060E+00
  21   -60.0000       6.080 0.3713   0.4346E+02  0.0000E+00 -0.4364E+00  0.6300E-04      -1  -0.100E-01   20.00  0.8833E-03  0.1060E+00
  22   -63.0000       9.050 0.3713   0.4346E+02  0.0000E+00 -0.4362E+00  0.5400E-04      -1  -0.100E-01   20.00  0.8833E-03  0.1060E+00
  23   -66.0000      12.020 0.3713   0.4346E+02  0.0000E+00 -0.4361E+00  0.4500E-04      -1  -0.100E-01   20.00  0.8833E-03  0.1060E+00
  24   -69.0000      14.990 0.3713   0.4346E+02  0.0000E+00 -0.4360E+00  0.3600E-04      -1  -0.100E-01   20.00  0.8833E-03  0.1060E+00
  25   -72.0000      17.960 0.3713   0.4346E+02  0.0000E+00 -0.4359E+00  0.2700E-04      -1  -0.100E-01   20.00  0.8833E-03  0.1060E+00
  26   -75.0000      20.930 0.3713   0.4346E+02  0.0000E+00 -0.4358E+00  0.1800E-04      -1  -0.100E-01   20.00  0.8833E-03  0.1060E+00
  27   -78.0000      23.900 0.3713   0.4346E+02  0.0000E+00 -0.4358E+00  0.9001E-05      -1  -0.100E-01   20.00  0.8833E-03  0.1060E+00
  28   -81.0000      26.870 0.3713   0.4346E+02  0.0000E+00 -0.4357E+00  0.0000E+00      -1  -0.100E-01   20.00  0.8833E-03  0.1060E+00
  29   -84.0000      29.840 0.3713   0.4346E+02  0.0000E+00 -0.4358E+00  0.0000E+00      -1  -0.100E-01   20.00  0.8833E-03  0.1060E+00
  30   -87.0000      32.810 0.3713   0.4346E+02  0.0000E+00 -0.4358E+00  0.0000E+00      -1  -0.100E-01   20.00  0.8833E-03  0.1060E+00
  31   -90.0000      35.780 0.3713   0.4346E+02  0.0000E+00 -0.4358E+00  0.0000E+00      -1  -0.100E-01   20.00  0.8833E-03  0.1060E+00
  32   -93.0000      38.749 0.3713   0.4346E+02  0.0000E+00 -0.4358E+00  0.0000E+00      -1  -0.100E-01   20.00  0.8833E-03  0.1060E+00
  33   -96.0000      41.719 0.3713   0.4346E+02  0.0000E+00 -0.4358E+00  0.0000E+00      -1  -0.100E-01   20.00  0.8833E-03  0.1060E+00
  34   -99.0000      44.689 0.3713   0.4346E+02  0.0000E+00 -0.4358E+00  0.0000E+00      -1  -0.100E-01   20.00  0.8833E-03  0.1060E+00
  35  -102.0000      47.659 0.3713   0.4346E+02  0.0000E+00 -0.4358E+00  0.0000E+00      -1  -0.100E-01   20.00  0.8833E-03  0.1060E+00
  36  -105.0000      50.629 0.3713   0.4346E+02  0.0000E+00 -0.4358E+00  0.0000E+00      -1  -0.100E-01   20.00  0.8833E-03  0.1060E+00
  37  -108.0000      53.599 0.3713   0.4346E+02  0.0000E+00 -0.4358E+00  0.0000E+00      -1  -0.100E-01   20.00  0.8833E-03  0.1060E+00
  38  -111.0000      56.569 0.3713   0.4346E+02  0.0000E+00 -0.4358E+00  0.0000E+00      -1  -0.100E-01   20.00  0.8833E-03  0.1060E+00
  39  -114.0000      59.539 0.3713   0.4346E+02  0.0000E+00 -0.4358E+00  0.0000E+00      -1  -0.100E-01   20.00  0.8833E-03  0.1060E+00
  40  -117.0000      62.509 0.3713   0.4346E+02  0.0000E+00 -0.4358E+00  0.0000E+00      -1  -0.100E-01   20.00  0.8833E-03  0.1060E+00
  41  -120.0000      65.479 0.3713   0.4346E+02  0.0000E+00 -0.4357E+00  0.0000E+00      -1  -0.100E-01   20.00  0.8833E-03  0.1060E+00
  42  -123.0000      68.449 0.3713   0.4346E+02  0.0000E+00 -0.4357E+00  0.0000E+00      -1  -0.100E-01   20.00  0.8833E-03  0.1060E+00
  43  -126.0000      71.419 0.3713   0.4346E+02  0.0000E+00 -0.4357E+00  0.0000E+00      -1  -0.100E-01   20.00  0.8833E-03  0.1060E+00
  44  -129.0000      74.389 0.3713   0.4346E+02  0.0000E+00 -0.4357E+00  0.0000E+00      -1  -0.100E-01   20.00  0.8833E-03  0.1060E+00
  45  -132.0000      77.358 0.3713   0.4346E+02  0.0000E+00 -0.4357E+00  0.0000E+00      -1  -0.100E-01   20.00  0.8833E-03  0.1060E+00
  46  -135.0000      80.328 0.3713   0.4346E+02  0.0000E+00 -0.4357E+00  0.0000E+00      -1  -0.100E-01   20.00  0.8833E-03  0.1060E+00
  47  -138.0000      83.298 0.3713   0.4346E+02  0.0000E+00 -0.4357E+00  0.0000E+00      -1  -0.100E-01   20.00  0.8833E-03  0.1060E+00
  48  -141.0000      86.268 0.3713   0.4346E+02  0.0000E+00 -0.4357E+00  0.0000E+00      -1  -0.100E-01   20.00  0.8833E-03  0.1060E+00
  49  -144.0000      89.238 0.3713   0.4346E+02  0.0000E+00 -0.4357E+00  0.0000E+00      -1  -0.100E-01   20.00  0.8833E-03  0.1060E+00
  50  -147.0000      92.208 0.3713   0.4346E+02  0.0000E+00 -0.4357E+00  0.0000E+00      -1  -0.100E-01   20.00  0.8833E-03  0.1060E+00
  51  -150.0000      95.178 0.3713   0.4346E+02  0.0000E+00 -0.4357E+00  0.0000E+00      -1  -0.100E-01   20.00  0.8833E-03  0.1060E+00
  52  -153.0000      98.148 0.3713   0.4346E+02  0.0000E+00 -0.4357E+00  0.0000E+00      -1  -0.100E-01   20.00  0.8833E-03  0.1060E+00
  53  -156.0000     101.118 0.3713   0.4346E+02  0.0000E+00 -0.4357E+00  0.0000E+00      -1  -0.100E-01   20.00  0.8833E-03  0.1060E+00
  54  -159.0000     104.088 0.3713   0.4346E+02  0.0000E+00 -0.4357E+00  0.0000E+00      -1  -0.100E-01   20.00  0.8833E-03  0.1060E+00
  55  -162.0000     107.058 0.3713   0.4346E+02  0.0000E+00 -0.4357E+00  0.0000E+00      -1  -0.100E-01   20.00  0.8833E-03  0.1060E+00
  56  -165.0000     110.028 0.3713   0.4346E+02  0.0000E+00 -0.4357E+00  0.0000E+00      -1  -0.100E-01   20.00  0.8833E-03  0.1060E+00
  57  -168.0000     112.998 0.3713   0.4346E+02  0.0000E+00 -0.4357E+00  0.0000E+00      -1  -0.100E-01   20.00  0.8833E-03  0.1060E+00
  58  -171.0000     115.967 0.3713   0.4346E+02  0.0000E+00 -0.4357E+00  0.0000E+00      -1  -0.100E-01   20.00  0.8833E-03  0.1060E+00
  59  -174.0000     118.937 0.3713   0.4346E+02  0.0000E+00 -0.4358E+00  0.0000E+00      -1  -0.100E-01   20.00  0.8833E-03  0.1060E+00
  60  -177.0000     121.907 0.3713   0.4346E+02  0.0000E+00 -0.4358E+00  0.0000E+00      -1  -0.100E-01   20.00  0.8833E-03  0.1060E+00
  61  -180.0000     124.877 0.3713   0.4346E+02  0.0000E+00 -0.4358E+00  0.0000E+00      -1  -0.100E-01   20.00  0.8833E-03  0.1060E+00
  62  -183.0000     127.847 0.3713   0.4346E+02  0.0000E+00 -0.4358E+00  0.0000E+00      -1  -0.100E-01   20.00  0.8833E-03  0.1060E+00
  63  -186.0000     130.817 0.3713   0.4346E+02  0.0000E+00 -0.4358E+00  0.0000E+00      -1  -0.100E-01   20.00  0.8833E-03  0.1060E+00
  64  -189.0000     133.787 0.3713   0.4346E+02  0.0000E+00 -0.4357E+00  0.0000E+00      -1  -0.100E-01   20.00  0.8833E-03  0.1060E+00
  65  -192.0000     136.757 0.3713   0.4346E+02  0.0000E+00 -0.4357E+00  0.0000E+00      -1  -0.100E-01   20.00  0.8833E-03  0.1060E+00
  66  -195.0000     139.727 0.3713   0.4346E+02  0.0000E+00 -0.4357E+00  0.0000E+00      -1  -0.100E-01   20.00  0.8833E-03  0.1060E+00
  67  -198.0000     142.697 0.3713   0.4346E+02  0.0000E+00 -0.4357E+00  0.0000E+00      -1  -0.100E-01   20.00  0.8833E-03  0.1060E+00
  68  -201.0000     145.667 0.3713   0.4346E+02  0.0000E+00 -0.4357E+00  0.0000E+00      -1  -0.100E-01   20.00  0.8833E-03  0.1060E+00
  69  -204.0000     148.637 0.3713   0.4346E+02  0.0000E+00 -0.4357E+00  0.0000E+00      -1  -0.100E-01   20.00  0.8833E-03  0.1060E+00
  70  -207.0000     151.607 0.3713   0.4346E+02  0.0000E+00 -0.4357E+00  0.0000E+00      -1  -0.100E-01   20.00  0.8833E-03  0.1060E+00
  71  -210.0000     154.576 0.3713   0.4346E+02  0.0000E+00 -0.4357E+00  0.0000E+00      -1  -0.100E-01   20.00  0.8833E-03  0.1060E+00
  72  -213.0000     157.546 0.3713   0.4346E+02  0.0000E+00 -0.4357E+00  0.0000E+00      -1  -0.100E-01   20.00  0.8833E-03  0.1060E+00
  73  -216.0000     160.516 0.3713   0.4346E+02  0.0000E+00 -0.4357E+00  0.0000E+00      -1  -0.100E-01   20.00  0.8833E-03  0.1060E+00
  74  -219.0000     163.486 0.3713   0.4346E+02  0.0000E+00 -0.4357E+00  0.0000E+00      -1  -0.100E-01   20.00  0.8833E-03  0.1060E+00
  75  -222.0000     166.456 0.3713   0.4346E+02  0.0000E+00 -0.4357E+00  0.0000E+00      -1  -0.100E-01   20.00  0.8833E-03  0.1060E+00
  76  -225.0000     169.426 0.3713   0.4346E+02  0.0000E+00 -0.4357E+00  0.0000E+00      -1  -0.100E-01   20.00  0.8833E-03  0.1060E+00
  77  -228.0000     172.396 0.3713   0.4346E+02  0.0000E+00 -0.4357E+00  0.0000E+00      -1  -0.100E-01   20.00  0.8833E-03  0.1060E+00
  78  -231.0000     175.366 0.3713   0.4346E+02  0.0000E+00 -0.4357E+00  0.0000E+00      -1  -0.100E-01   20.00  0.8833E-03  0.1060E+00
  79  -234.0000     178.336 0.3713   0.4346E+02  0.0000E+00 -0.4357E+00  0.0000E+00      -1  -0.100E-01   20.00  0.8833E-03  0.1060E+00
  80  -237.0000     181.306 0.3713   0.4346E+02  0.0000E+00 -0.4357E+00  0.0000E+00      -1  -0.100E-01   20.00  0.8833E-03  0.1060E+00
  81  -240.0000     184.276 0.3713   0.4346E+02  0.0000E+00 -0.4357E+00  0.0000E+00      -1  -0.100E-01   20.00  0.8833E-03  0.1060E+00
  82  -243.0000     187.246 0.3713   0.4346E+02  0.0000E+00 -0.4357E+00  0.0000E+00      -1  -0.100E-01   20.00  0.8833E-03  0.1060E+00
  83  -246.0000     190.216 0.3713   0.4346E+02  0.0000E+00 -0.4357E+00  0.0000E+00      -1  -0.100E-01   20.00  0.8833E-03  0.1060E+00
  84  -249.0000     193.186 0.3713   0.4346E+02  0.0000E+00 -0.4358E+00  0.0000E+00      -1  -0.100E-01   20.00  0.8833E-03  0.1060E+00
  85  -252.0000     196.155 0.3713   0.4346E+02  0.0000E+00 -0.4359E+00  0.0000E+00      -1  -0.100E-01   20.00  0.8833E-03  0.1060E+00
  86  -255.0000     199.125 0.3713   0.4346E+02  0.0000E+00 -0.4358E+00  0.0000E+00      -1  -0.100E-01   20.00  0.8833E-03  0.1060E+00
  87  -258.0000     202.095 0.3713   0.4346E+02  0.0000E+00 -0.4358E+00  0.0000E+00      -1  -0.100E-01   20.00  0.8833E-03  0.1060E+00
  88  -261.0000     205.065 0.3713   0.4346E+02  0.0000E+00 -0.4358E+00  0.0000E+00      -1  -0.100E-01   20.00  0.8833E-03  0.1060E+00
  89  -264.0000     208.035 0.3713   0.4346E+02  0.0000E+00 -0.4358E+00  0.0000E+00      -1  -0.100E-01   20.00  0.8833E-03  0.1060E+00
  90  -267.0000     211.005 0.3713   0.4346E+02  0.0000E+00 -0.4358E+00  0.0000E+00      -1  -0.100E-01   20.00  0.8833E-03  0.1060E+00
  91  -270.0000     213.975 0.3713   0.4346E+02  0.0000E+00 -0.4358E+00  0.0000E+00      -1  -0.100E-01   20.00  0.8833E-03  0.1060E+00
  92  -273.0000     216.945 0.3713   0.4346E+02  0.0000E+00 -0.4358E+00  0.0000E+00      -1  -0.100E-01   20.00  0.8833E-03  0.1060E+00
  93  -276.0000     219.915 0.3713   0.4346E+02  0.0000E+00 -0.4358E+00  0.0000E+00      -1  -0.100E-01   20.00  0.8833E-03  0.1060E+00
  94  -279.0000     222.885 0.3713   0.4346E+02  0.0000E+00 -0.4358E+00  0.0000E+00      -1  -0.100E-01   20.00  0.8833E-03  0.1060E+00
  95  -282.0000     225.855 0.3713   0.4346E+02  0.0000E+00 -0.4358E+00  0.0000E+00      -1  -0.100E-01   20.00  0.8833E-03  0.1060E+00
  96  -285.0000     228.825 0.3713   0.4346E+02  0.0000E+00 -0.4358E+00  0.0000E+00      -1  -0.100E-01   20.00  0.8833E-03  0.1060E+00
  97  -288.0000     231.794 0.3713   0.4346E+02  0.0000E+00 -0.4358E+00  0.0000E+00      -1  -0.100E-01   20.00  0.8833E-03  0.1060E+00
  98  -291.0000     234.764 0.3713   0.4346E+02  0.0000E+00 -0.4358E+00  0.0000E+00      -1  -0.100E-01   20.00  0.8832E-03  0.1060E+00
  99  -294.0000     237.734 0.3713   0.4346E+02  0.0000E+00 -0.4357E+00  0.0000E+00      -1  -0.100E-01   20.00  0.8821E-03  0.1059E+00
 100  -297.0000     240.704 0.3713   0.4346E+02  0.0000E+00 -0.4358E+00  0.0000E+00      -1  -0.100E-01   20.00  0.8770E-03  0.1053E+00
 101  -300.0000     243.674 0.3713   0.4346E+02  0.0000E+00 -0.4359E+00  0.0000E+00      -1  -0.100E-01   20.00  0.8770E-03  0.1048E+00
end
