 All solute fluxes and cumulative solute fluxes are positive into the region

       Time         cvTop        cvBot      Sum(cvTop)   Sum(cvBot)     cvCh0        cvCh1         cTop        cRoot         cBot        cvRoot    Sum(cvRoot)  Sum(cvNEql) TLevel      cGWL        cRunOff   Sum(cRunOff)    (cv(i),    Sum(cv(i)), i=1,NObs)
        [T]        [M/L2/T]     [M/L2/T]      [M/L2]       [M/L2]       [M/L2]      [M/L2]        [M/L3]      [M/L3]        [M/L3]      [M/L2/T]      [M/L2]       [M/L2]              [M/L3]        [M/L2]      [M/L3]      [M/L2/T]      [M/L2]
        0.0100  0.00000E+00 -0.22302E-02  0.00000E+00 -0.22302E-04  0.00000E+00  0.00000E+00  0.87942E-03  0.88335E-03  0.88176E-03  0.69051E-05  0.69051E-07  0.22805E-05       1  0.88315E-03  0.00000E+00  0.00000E+00  0.11364E-03  0.11364E-05 -0.10858E-03 -0.10858E-05 -0.27332E-03 -0.27332E-05
        0.0200  0.00000E+00 -0.29420E-02  0.00000E+00 -0.51722E-04  0.00000E+00  0.00000E+00  0.87948E-03  0.88333E-03  0.88182E-03  0.69050E-05  0.13810E-06  0.87546E-05       2  0.88314E-03  0.00000E+00  0.00000E+00  0.10162E-03  0.21526E-05 -0.10576E-03 -0.21434E-05 -0.27166E-03 -0.54498E-05
        0.0330  0.00000E+00 -0.25737E-02  0.00000E+00 -0.85180E-04  0.00000E+00  0.00000E+00  0.87926E-03  0.88332E-03  0.88177E-03  0.69050E-05  0.22787E-06  0.73839E-05       3  0.88314E-03  0.00000E+00  0.00000E+00  0.76145E-04  0.31425E-05 -0.10354E-03 -0.34894E-05 -0.26891E-03 -0.89457E-05
        0.0499  0.00000E+00 -0.22847E-02  0.00000E+00 -0.12379E-03  0.00000E+00  0.00000E+00  0.87877E-03  0.88333E-03  0.88176E-03  0.69050E-05  0.34456E-06  0.79474E-05       4  0.88314E-03  0.00000E+00  0.00000E+00  0.23380E-04  0.35376E-05 -0.10580E-03 -0.52775E-05 -0.26607E-03 -0.13442E-04
        0.0719  0.00000E+00 -0.20764E-02  0.00000E+00 -0.16941E-03  0.00000E+00  0.00000E+00  0.87793E-03  0.88332E-03  0.88174E-03  0.69050E-05  0.49626E-06  0.65853E-05       5  0.88314E-03  0.00000E+00  0.00000E+00 -0.56984E-04  0.22857E-05 -0.11984E-03 -0.79104E-05 -0.26513E-03 -0.19267E-04
        0.1004  0.00000E+00 -0.18974E-02  0.00000E+00 -0.22360E-03  0.00000E+00  0.00000E+00  0.87668E-03  0.88332E-03  0.88173E-03  0.69050E-05  0.69348E-06  0.87719E-06       6  0.88314E-03  0.00000E+00  0.00000E+00 -0.17778E-03 -0.27918E-05 -0.16018E-03 -0.12485E-04 -0.27213E-03 -0.27039E-04
        0.1376  0.00000E+00 -0.17417E-02  0.00000E+00 -0.28827E-03  0.00000E+00  0.00000E+00  0.87489E-03  0.88331E-03  0.88172E-03  0.69050E-05  0.94985E-06 -0.16624E-04       7  0.88314E-03  0.00000E+00  0.00000E+00 -0.35517E-03 -0.15979E-04 -0.25390E-03 -0.21913E-04 -0.30078E-03 -0.38207E-04
        0.1858  0.00000E+00 -0.15981E-02  0.00000E+00 -0.36541E-03  0.00000E+00  0.00000E+00  0.87257E-03  0.88330E-03  0.88171E-03  0.69049E-05  0.12831E-05 -0.60823E-04       8  0.88314E-03  0.00000E+00  0.00000E+00 -0.59306E-03 -0.44605E-04 -0.44599E-03 -0.43439E-04 -0.37929E-03 -0.56515E-04
        0.2358  0.00000E+00 -0.14729E-02  0.00000E+00 -0.43906E-03  0.00000E+00  0.00000E+00  0.87035E-03  0.88327E-03  0.88170E-03  0.69047E-05  0.16284E-05 -0.13306E-03       9  0.88314E-03  0.00000E+00  0.00000E+00 -0.82714E-03 -0.85962E-04 -0.70844E-03 -0.78861E-04 -0.50678E-03 -0.81854E-04
        0.2858  0.00000E+00 -0.13718E-02  0.00000E+00 -0.50765E-03  0.00000E+00  0.00000E+00  0.86901E-03  0.88329E-03  0.88170E-03  0.69048E-05  0.19736E-05 -0.22481E-03      10  0.88313E-03  0.00000E+00  0.00000E+00 -0.97421E-03 -0.13467E-03 -0.99694E-03 -0.12871E-03 -0.67309E-03 -0.11551E-03
        0.3358  0.00000E+00 -0.12895E-02  0.00000E+00 -0.57212E-03  0.00000E+00  0.00000E+00  0.86839E-03  0.88333E-03  0.88170E-03  0.69051E-05  0.23189E-05 -0.32465E-03      11  0.88313E-03  0.00000E+00  0.00000E+00 -0.10315E-02 -0.18625E-03 -0.12418E-02 -0.19080E-03 -0.85180E-03 -0.15810E-03
        0.3858  0.00000E+00 -0.12213E-02  0.00000E+00 -0.63319E-03  0.00000E+00  0.00000E+00  0.86781E-03  0.88337E-03  0.88170E-03  0.69053E-05  0.26641E-05 -0.42984E-03      12  0.88313E-03  0.00000E+00  0.00000E+00 -0.10734E-02 -0.23992E-03 -0.14441E-02 -0.26300E-03 -0.10272E-02 -0.20946E-03
        0.4358  0.00000E+00 -0.11645E-02  0.00000E+00 -0.69141E-03  0.00000E+00  0.00000E+00  0.86738E-03  0.88336E-03  0.88169E-03  0.69052E-05  0.30094E-05 -0.53932E-03      13  0.88313E-03  0.00000E+00  0.00000E+00 -0.10993E-02 -0.29488E-03 -0.16038E-02 -0.34319E-03 -0.11881E-02 -0.26886E-03
        0.4858  0.00000E+00 -0.11177E-02  0.00000E+00 -0.74730E-03  0.00000E+00  0.00000E+00  0.86708E-03  0.88339E-03  0.88169E-03  0.69054E-05  0.33547E-05 -0.65021E-03      14  0.88313E-03  0.00000E+00  0.00000E+00 -0.11066E-02 -0.35021E-03 -0.17244E-02 -0.42941E-03 -0.13286E-02 -0.33529E-03
        0.5358  0.00000E+00 -0.10800E-02  0.00000E+00 -0.80130E-03  0.00000E+00  0.00000E+00  0.86694E-03  0.88338E-03  0.88169E-03  0.69053E-05  0.36999E-05 -0.76057E-03      15  0.88313E-03  0.00000E+00  0.00000E+00 -0.10953E-02 -0.40498E-03 -0.18056E-02 -0.51969E-03 -0.14450E-02 -0.40754E-03
        0.5858  0.00000E+00 -0.10511E-02  0.00000E+00 -0.85385E-03  0.00000E+00  0.00000E+00  0.86694E-03  0.88340E-03  0.88169E-03  0.69054E-05  0.40452E-05 -0.86759E-03      16  0.88313E-03  0.00000E+00  0.00000E+00 -0.10654E-02 -0.45825E-03 -0.18470E-02 -0.61204E-03 -0.15347E-02 -0.48427E-03
        0.6358  0.00000E+00 -0.10308E-02  0.00000E+00 -0.90539E-03  0.00000E+00  0.00000E+00  0.86707E-03  0.88339E-03  0.88170E-03  0.69054E-05  0.43905E-05 -0.96950E-03      17  0.88313E-03  0.00000E+00  0.00000E+00 -0.10193E-02 -0.50921E-03 -0.18510E-02 -0.70459E-03 -0.15971E-02 -0.56413E-03
        0.6858  0.00000E+00 -0.10185E-02  0.00000E+00 -0.95632E-03  0.00000E+00  0.00000E+00  0.86731E-03  0.88339E-03  0.88170E-03  0.69054E-05  0.47357E-05 -0.10645E-02      18  0.88313E-03  0.00000E+00  0.00000E+00 -0.95989E-03 -0.55721E-03 -0.18220E-02 -0.79569E-03 -0.16325E-02 -0.64575E-03
        0.7358  0.00000E+00 -0.10137E-02  0.00000E+00 -0.10070E-02  0.00000E+00  0.00000E+00  0.86764E-03  0.88338E-03  0.88170E-03  0.69053E-05  0.50810E-05 -0.11518E-02      19  0.88313E-03  0.00000E+00  0.00000E+00 -0.89193E-03 -0.60180E-03 -0.17667E-02 -0.88403E-03 -0.16360E-02 -0.72755E-03
        0.7858  0.00000E+00 -0.10156E-02  0.00000E+00 -0.10578E-02  0.00000E+00  0.00000E+00  0.86933E-03  0.88337E-03  0.88171E-03  0.69053E-05  0.54263E-05 -0.12142E-02      20  0.88313E-03  0.00000E+00  0.00000E+00 -0.67176E-03 -0.63539E-03 -0.15722E-02 -0.96264E-03 -0.15714E-02 -0.80612E-03
        0.8358  0.00000E+00 -0.10233E-02  0.00000E+00 -0.11090E-02  0.00000E+00  0.00000E+00  0.87105E-03  0.88344E-03  0.88171E-03  0.69057E-05  0.57715E-05 -0.12494E-02      21  0.88313E-03  0.00000E+00  0.00000E+00 -0.43851E-03 -0.65732E-03 -0.13081E-02 -0.10280E-02 -0.14431E-02 -0.87828E-03
        0.8858  0.00000E+00 -0.10354E-02  0.00000E+00 -0.11607E-02  0.00000E+00  0.00000E+00  0.87293E-03  0.88335E-03  0.88171E-03  0.69052E-05  0.61168E-05 -0.12642E-02      22  0.88313E-03  0.00000E+00  0.00000E+00 -0.21009E-03 -0.66782E-03 -0.10276E-02 -0.10794E-02 -0.12751E-02 -0.94203E-03
        0.9358  0.00000E+00 -0.10505E-02  0.00000E+00 -0.12132E-02  0.00000E+00  0.00000E+00  0.87454E-03  0.88340E-03  0.88172E-03  0.69054E-05  0.64621E-05 -0.12631E-02      23  0.88313E-03  0.00000E+00  0.00000E+00 -0.22656E-04 -0.66896E-03 -0.77821E-03 -0.11183E-02 -0.10967E-02 -0.99687E-03
        0.9679  0.00000E+00 -0.10640E-02  0.00000E+00 -0.12474E-02  0.00000E+00  0.00000E+00  0.87548E-03  0.88333E-03  0.88172E-03  0.69050E-05  0.66836E-05 -0.12592E-02      24  0.88313E-03  0.00000E+00  0.00000E+00  0.88286E-04 -0.66612E-03 -0.64286E-03 -0.11390E-02 -0.98901E-03 -0.10286E-02
        1.0000  0.00000E+00 -0.10749E-02  0.00000E+00 -0.12819E-02  0.00000E+00  0.00000E+00  0.87593E-03  0.88335E-03  0.88173E-03  0.69052E-05  0.69052E-05 -0.12538E-02      25  0.88313E-03  0.00000E+00  0.00000E+00  0.12930E-03 -0.66197E-03 -0.53873E-03 -0.11562E-02 -0.89137E-03 -0.10572E-02
end
