 All solute fluxes and cumulative solute fluxes are positive into the region

       Time         cvTop        cvBot      Sum(cvTop)   Sum(cvBot)     cvCh0        cvCh1         cTop        cRoot         cBot        cvRoot    Sum(cvRoot)  Sum(cvNEql) TLevel      cGWL        cRunOff   Sum(cRunOff)    (cv(i),    Sum(cv(i)), i=1,NObs)
        [T]        [M/L2/T]     [M/L2/T]      [M/L2]       [M/L2]       [M/L2]      [M/L2]        [M/L3]      [M/L3]        [M/L3]      [M/L2/T]      [M/L2]       [M/L2]              [M/L3]        [M/L2]      [M/L3]      [M/L2/T]      [M/L2]
        0.0100  0.00000E+00 -0.70990E-03  0.00000E+00 -0.70990E-05  0.00000E+00  0.00000E+00  0.10434E-02  0.92556E-03  0.88160E-03  0.44168E-04  0.44168E-06  0.31156E-05       1  0.88314E-03  0.00000E+00  0.00000E+00  0.29090E-04  0.29090E-06 -0.18600E-02 -0.18600E-04 -0.12284E-02 -0.12284E-04
        0.0200  0.00000E+00 -0.95019E-03  0.00000E+00 -0.16601E-04  0.00000E+00  0.00000E+00  0.10435E-02  0.92548E-03  0.88164E-03  0.44165E-04  0.88333E-06  0.64364E-05       2  0.88314E-03  0.00000E+00  0.00000E+00  0.95879E-05  0.38678E-06 -0.17793E-02 -0.36393E-04 -0.11840E-02 -0.24124E-04
        0.0330  0.00000E+00 -0.86194E-03  0.00000E+00 -0.27806E-04  0.00000E+00  0.00000E+00  0.10432E-02  0.92550E-03  0.88162E-03  0.44166E-04  0.14575E-05  0.78523E-05       3  0.88314E-03  0.00000E+00  0.00000E+00 -0.21064E-04  0.11294E-06 -0.16788E-02 -0.58217E-04 -0.11279E-02 -0.38787E-04
        0.0499  0.00000E+00 -0.80578E-03  0.00000E+00 -0.41424E-04  0.00000E+00  0.00000E+00  0.10427E-02  0.92549E-03  0.88162E-03  0.44165E-04  0.22039E-05  0.92105E-05       4  0.88314E-03  0.00000E+00  0.00000E+00 -0.75836E-04 -0.11687E-05 -0.15911E-02 -0.85107E-04 -0.10655E-02 -0.56793E-04
        0.0719  0.00000E+00 -0.78244E-03  0.00000E+00 -0.58614E-04  0.00000E+00  0.00000E+00  0.10417E-02  0.92549E-03  0.88161E-03  0.44165E-04  0.31742E-05  0.80817E-05       5  0.88314E-03  0.00000E+00  0.00000E+00 -0.17117E-03 -0.49293E-05 -0.15332E-02 -0.11879E-03 -0.10008E-02 -0.78779E-04
        0.1004  0.00000E+00 -0.77815E-03  0.00000E+00 -0.80839E-04  0.00000E+00  0.00000E+00  0.10401E-02  0.92548E-03  0.88162E-03  0.44165E-04  0.44356E-05  0.30767E-07       6  0.88314E-03  0.00000E+00  0.00000E+00 -0.32104E-03 -0.14099E-04 -0.15580E-02 -0.16329E-03 -0.94292E-03 -0.10571E-03
        0.1376  0.00000E+00 -0.79170E-03  0.00000E+00 -0.11023E-03  0.00000E+00  0.00000E+00  0.10379E-02  0.92547E-03  0.88162E-03  0.44165E-04  0.60754E-05 -0.25178E-04       7  0.88314E-03  0.00000E+00  0.00000E+00 -0.53455E-03 -0.33946E-04 -0.17517E-02 -0.22833E-03 -0.91511E-03 -0.13969E-03
        0.1858  0.00000E+00 -0.81909E-03  0.00000E+00 -0.14977E-03  0.00000E+00  0.00000E+00  0.10351E-02  0.92546E-03  0.88163E-03  0.44164E-04  0.82071E-05 -0.88875E-04       8  0.88314E-03  0.00000E+00  0.00000E+00 -0.81388E-03 -0.73231E-04 -0.22646E-02 -0.33763E-03 -0.96092E-03 -0.18607E-03
        0.2358  0.00000E+00 -0.85261E-03  0.00000E+00 -0.19240E-03  0.00000E+00  0.00000E+00  0.10325E-02  0.92545E-03  0.88163E-03  0.44163E-04  0.10415E-04 -0.19293E-03       9  0.88314E-03  0.00000E+00  0.00000E+00 -0.10858E-02 -0.12752E-03 -0.30482E-02 -0.49005E-03 -0.10957E-02 -0.24085E-03
        0.2858  0.00000E+00 -0.88409E-03  0.00000E+00 -0.23660E-03  0.00000E+00  0.00000E+00  0.10303E-02  0.92546E-03  0.88164E-03  0.44163E-04  0.12623E-04 -0.33337E-03      10  0.88314E-03  0.00000E+00  0.00000E+00 -0.13163E-02 -0.19333E-03 -0.40155E-02 -0.69082E-03 -0.13150E-02 -0.30660E-03
        0.3358  0.00000E+00 -0.91153E-03  0.00000E+00 -0.28218E-03  0.00000E+00  0.00000E+00  0.10286E-02  0.92548E-03  0.88165E-03  0.44163E-04  0.14832E-04 -0.50322E-03      11  0.88314E-03  0.00000E+00  0.00000E+00 -0.14967E-02 -0.26817E-03 -0.50401E-02 -0.94282E-03 -0.15998E-02 -0.38659E-03
        0.3858  0.00000E+00 -0.93541E-03  0.00000E+00 -0.32895E-03  0.00000E+00  0.00000E+00  0.10274E-02  0.92552E-03  0.88165E-03  0.44165E-04  0.17040E-04 -0.69363E-03      12  0.88314E-03  0.00000E+00  0.00000E+00 -0.16408E-02 -0.35021E-03 -0.60914E-02 -0.12474E-02 -0.19280E-02 -0.48299E-03
        0.4358  0.00000E+00 -0.95754E-03  0.00000E+00 -0.37683E-03  0.00000E+00  0.00000E+00  0.10263E-02  0.92555E-03  0.88166E-03  0.44165E-04  0.19248E-04 -0.89716E-03      13  0.88314E-03  0.00000E+00  0.00000E+00 -0.17290E-02 -0.43666E-03 -0.70316E-02 -0.15990E-02 -0.22698E-02 -0.59648E-03
        0.4858  0.00000E+00 -0.98030E-03  0.00000E+00 -0.42584E-03  0.00000E+00  0.00000E+00  0.10258E-02  0.92560E-03  0.88166E-03  0.44167E-04  0.21456E-04 -0.11050E-02      14  0.88314E-03  0.00000E+00  0.00000E+00 -0.17673E-02 -0.52502E-03 -0.77020E-02 -0.19841E-02 -0.25839E-02 -0.72567E-03
        0.5358  0.00000E+00 -0.10062E-02  0.00000E+00 -0.47615E-03  0.00000E+00  0.00000E+00  0.10256E-02  0.92563E-03  0.88167E-03  0.44168E-04  0.23665E-04 -0.13083E-02      15  0.88314E-03  0.00000E+00  0.00000E+00 -0.17442E-02 -0.61223E-03 -0.80655E-02 -0.23873E-02 -0.28283E-02 -0.86709E-03
        0.5858  0.00000E+00 -0.10377E-02  0.00000E+00 -0.52804E-03  0.00000E+00  0.00000E+00  0.10259E-02  0.92566E-03  0.88168E-03  0.44169E-04  0.25873E-04 -0.14980E-02      16  0.88314E-03  0.00000E+00  0.00000E+00 -0.16683E-02 -0.69565E-03 -0.80939E-02 -0.27920E-02 -0.29773E-02 -0.10160E-02
        0.6358  0.00000E+00 -0.10768E-02  0.00000E+00 -0.58188E-03  0.00000E+00  0.00000E+00  0.10266E-02  0.92568E-03  0.88169E-03  0.44169E-04  0.28082E-04 -0.16669E-02      17  0.88314E-03  0.00000E+00  0.00000E+00 -0.15367E-02 -0.77248E-03 -0.78046E-02 -0.31823E-02 -0.30175E-02 -0.11668E-02
        0.6858  0.00000E+00 -0.11247E-02  0.00000E+00 -0.63811E-03  0.00000E+00  0.00000E+00  0.10276E-02  0.92568E-03  0.88169E-03  0.44169E-04  0.30290E-04 -0.18094E-02      18  0.88314E-03  0.00000E+00  0.00000E+00 -0.13617E-02 -0.84057E-03 -0.72378E-02 -0.35442E-02 -0.29530E-02 -0.13145E-02
        0.7358  0.00000E+00 -0.11813E-02  0.00000E+00 -0.69718E-03  0.00000E+00  0.00000E+00  0.10290E-02  0.92567E-03  0.88170E-03  0.44169E-04  0.32499E-04 -0.19226E-02      19  0.88314E-03  0.00000E+00  0.00000E+00 -0.11488E-02 -0.89800E-03 -0.64643E-02 -0.38674E-02 -0.27979E-02 -0.14544E-02
        0.7858  0.00000E+00 -0.12458E-02  0.00000E+00 -0.75947E-03  0.00000E+00  0.00000E+00  0.10308E-02  0.92566E-03  0.88171E-03  0.44168E-04  0.34707E-04 -0.20022E-02      20  0.88314E-03  0.00000E+00  0.00000E+00 -0.88371E-03 -0.94219E-03 -0.55006E-02 -0.41424E-02 -0.25644E-02 -0.15826E-02
        0.8358  0.00000E+00 -0.13157E-02  0.00000E+00 -0.82525E-03  0.00000E+00  0.00000E+00  0.10329E-02  0.92563E-03  0.88172E-03  0.44167E-04  0.36915E-04 -0.20466E-02      21  0.88314E-03  0.00000E+00  0.00000E+00 -0.60422E-03 -0.97240E-03 -0.44737E-02 -0.43661E-02 -0.22692E-02 -0.16961E-02
        0.8858  0.00000E+00 -0.13877E-02  0.00000E+00 -0.89464E-03  0.00000E+00  0.00000E+00  0.10350E-02  0.92562E-03  0.88174E-03  0.44167E-04  0.39124E-04 -0.20619E-02      22  0.88315E-03  0.00000E+00  0.00000E+00 -0.33351E-03 -0.98908E-03 -0.34966E-02 -0.45409E-02 -0.19547E-02 -0.17938E-02
        0.9358  0.00000E+00 -0.14573E-02  0.00000E+00 -0.96750E-03  0.00000E+00  0.00000E+00  0.10369E-02  0.92559E-03  0.88175E-03  0.44166E-04  0.41332E-04 -0.20576E-02      23  0.88315E-03  0.00000E+00  0.00000E+00 -0.10688E-03 -0.99442E-03 -0.26642E-02 -0.46741E-02 -0.16552E-02 -0.18765E-02
        0.9679  0.00000E+00 -0.15112E-02  0.00000E+00 -0.10160E-02  0.00000E+00  0.00000E+00  0.10379E-02  0.92557E-03  0.88175E-03  0.44166E-04  0.42749E-04 -0.20506E-02      24  0.88315E-03  0.00000E+00  0.00000E+00 -0.12387E-04 -0.99482E-03 -0.22121E-02 -0.47451E-02 -0.14780E-02 -0.19240E-02
        1.0000  0.00000E+00 -0.15498E-02  0.00000E+00 -0.10657E-02  0.00000E+00  0.00000E+00  0.10383E-02  0.92555E-03  0.88176E-03  0.44165E-04  0.44166E-04 -0.20432E-02      25  0.88315E-03  0.00000E+00  0.00000E+00  0.40740E-04 -0.99351E-03 -0.18662E-02 -0.48050E-02 -0.13230E-02 -0.19664E-02
end
