 All solute fluxes and cumulative solute fluxes are positive into the region

       Time         cvTop        cvBot      Sum(cvTop)   Sum(cvBot)     cvCh0        cvCh1         cTop        cRoot         cBot        cvRoot    Sum(cvRoot)  Sum(cvNEql) TLevel      cGWL        cRunOff   Sum(cRunOff)    (cv(i),    Sum(cv(i)), i=1,NObs)
        [T]        [M/L2/T]     [M/L2/T]      [M/L2]       [M/L2]       [M/L2]      [M/L2]        [M/L3]      [M/L3]        [M/L3]      [M/L2/T]      [M/L2]       [M/L2]              [M/L3]        [M/L2]      [M/L3]      [M/L2/T]      [M/L2]
        0.0100  0.00000E+00 -0.71691E-03  0.00000E+00 -0.71691E-05  0.00000E+00  0.00000E+00  0.10451E-02  0.95210E-03  0.88147E-03  0.38935E-04  0.38935E-06 -0.41170E-05       1  0.88322E-03  0.00000E+00  0.00000E+00  0.10338E-03  0.10338E-05 -0.21560E-03 -0.21560E-05 -0.17687E-03 -0.17687E-05
        0.0230  0.00000E+00 -0.65004E-03  0.00000E+00 -0.15620E-04  0.00000E+00  0.00000E+00  0.10452E-02  0.95215E-03  0.88143E-03  0.38939E-04  0.89555E-06 -0.52543E-07       2  0.88321E-03  0.00000E+00  0.00000E+00  0.10195E-03  0.23591E-05 -0.20833E-03 -0.48643E-05 -0.17496E-03 -0.40432E-05
        0.0399  0.00000E+00 -0.66167E-03  0.00000E+00 -0.26802E-04  0.00000E+00  0.00000E+00  0.10453E-02  0.95213E-03  0.88145E-03  0.38937E-04  0.15536E-05  0.33520E-05       3  0.88322E-03  0.00000E+00  0.00000E+00  0.10138E-03  0.40725E-05 -0.19815E-03 -0.82131E-05 -0.17180E-03 -0.69466E-05
        0.0619  0.00000E+00 -0.66352E-03  0.00000E+00 -0.41379E-04  0.00000E+00  0.00000E+00  0.10453E-02  0.95213E-03  0.88144E-03  0.38938E-04  0.24091E-05  0.83496E-05       4  0.88321E-03  0.00000E+00  0.00000E+00  0.10018E-03  0.62734E-05 -0.18737E-03 -0.12330E-04 -0.16742E-03 -0.10625E-04
        0.0904  0.00000E+00 -0.65607E-03  0.00000E+00 -0.60117E-04  0.00000E+00  0.00000E+00  0.10453E-02  0.95213E-03  0.88145E-03  0.38938E-04  0.35212E-05  0.14178E-04       5  0.88321E-03  0.00000E+00  0.00000E+00  0.97947E-04  0.90708E-05 -0.17606E-03 -0.17358E-04 -0.16152E-03 -0.15238E-04
        0.1276  0.00000E+00 -0.64116E-03  0.00000E+00 -0.83923E-04  0.00000E+00  0.00000E+00  0.10452E-02  0.95213E-03  0.88145E-03  0.38938E-04  0.49669E-05  0.21627E-04       6  0.88321E-03  0.00000E+00  0.00000E+00  0.93977E-04  0.12560E-04 -0.16502E-03 -0.23485E-04 -0.15412E-03 -0.20961E-04
        0.1758  0.00000E+00 -0.61856E-03  0.00000E+00 -0.11378E-03  0.00000E+00  0.00000E+00  0.10452E-02  0.95213E-03  0.88145E-03  0.38938E-04  0.68463E-05  0.30470E-04       7  0.88321E-03  0.00000E+00  0.00000E+00  0.87391E-04  0.16778E-04 -0.15423E-03 -0.30929E-04 -0.14515E-03 -0.27967E-04
        0.2258  0.00000E+00 -0.59157E-03  0.00000E+00 -0.14336E-03  0.00000E+00  0.00000E+00  0.10451E-02  0.95213E-03  0.88144E-03  0.38938E-04  0.87932E-05  0.39143E-04       8  0.88321E-03  0.00000E+00  0.00000E+00  0.79421E-04  0.20749E-04 -0.14520E-03 -0.38189E-04 -0.13701E-03 -0.34817E-04
        0.2758  0.00000E+00 -0.56410E-03  0.00000E+00 -0.17156E-03  0.00000E+00  0.00000E+00  0.10458E-02  0.95213E-03  0.88144E-03  0.38938E-04  0.10740E-04  0.49987E-04       9  0.88321E-03  0.00000E+00  0.00000E+00  0.15197E-03  0.28348E-04 -0.10375E-03 -0.43377E-04 -0.12494E-03 -0.41064E-04
        0.3258  0.00000E+00 -0.53721E-03  0.00000E+00 -0.19842E-03  0.00000E+00  0.00000E+00  0.10486E-02  0.95214E-03  0.88144E-03  0.38938E-04  0.12687E-04  0.73210E-04      10  0.88321E-03  0.00000E+00  0.00000E+00  0.43687E-03  0.50192E-04 -0.32328E-04 -0.44993E-04 -0.91657E-04 -0.45647E-04
        0.3758  0.00000E+00 -0.51110E-03  0.00000E+00 -0.22398E-03  0.00000E+00  0.00000E+00  0.10509E-02  0.95216E-03  0.88144E-03  0.38939E-04  0.14634E-04  0.11134E-03      11  0.88321E-03  0.00000E+00  0.00000E+00  0.64004E-03  0.82194E-04 -0.76613E-04 -0.48824E-04 -0.29438E-04 -0.47119E-04
        0.4258  0.00000E+00 -0.48557E-03  0.00000E+00 -0.24826E-03  0.00000E+00  0.00000E+00  0.10523E-02  0.95217E-03  0.88144E-03  0.38939E-04  0.16581E-04  0.16020E-03      12  0.88321E-03  0.00000E+00  0.00000E+00  0.77763E-03  0.12108E-03 -0.12345E-03 -0.54996E-04  0.47964E-04 -0.44721E-04
        0.4758  0.00000E+00 -0.46014E-03  0.00000E+00 -0.27126E-03  0.00000E+00  0.00000E+00  0.10532E-02  0.95218E-03  0.88144E-03  0.38938E-04  0.18528E-04  0.21542E-03      13  0.88321E-03  0.00000E+00  0.00000E+00  0.83880E-03  0.16302E-03 -0.16445E-03 -0.63219E-04  0.12911E-03 -0.38266E-04
        0.5258  0.00000E+00 -0.43432E-03  0.00000E+00 -0.29298E-03  0.00000E+00  0.00000E+00  0.10534E-02  0.95218E-03  0.88143E-03  0.38937E-04  0.20475E-04  0.27142E-03      14  0.88321E-03  0.00000E+00  0.00000E+00  0.83477E-03  0.20475E-03 -0.19275E-03 -0.72857E-04  0.20171E-03 -0.28180E-04
        0.5758  0.00000E+00 -0.40763E-03  0.00000E+00 -0.31336E-03  0.00000E+00  0.00000E+00  0.10529E-02  0.95218E-03  0.88143E-03  0.38937E-04  0.22422E-04  0.32308E-03      15  0.88321E-03  0.00000E+00  0.00000E+00  0.75877E-03  0.24269E-03 -0.20618E-03 -0.83165E-04  0.25659E-03 -0.15351E-04
        0.6258  0.00000E+00 -0.37976E-03  0.00000E+00 -0.33235E-03  0.00000E+00  0.00000E+00  0.10518E-02  0.95217E-03  0.88143E-03  0.38936E-04  0.24368E-04  0.36524E-03      16  0.88321E-03  0.00000E+00  0.00000E+00  0.61744E-03  0.27356E-03 -0.20258E-03 -0.93295E-04  0.28779E-03 -0.96113E-06
        0.6758  0.00000E+00 -0.35073E-03  0.00000E+00 -0.34989E-03  0.00000E+00  0.00000E+00  0.10501E-02  0.95216E-03  0.88143E-03  0.38936E-04  0.26315E-04  0.39403E-03      17  0.88321E-03  0.00000E+00  0.00000E+00  0.40803E-03  0.29397E-03 -0.18338E-03 -0.10246E-03  0.29109E-03  0.13594E-04
        0.7258  0.00000E+00 -0.32082E-03  0.00000E+00 -0.36593E-03  0.00000E+00  0.00000E+00  0.10476E-02  0.95214E-03  0.88142E-03  0.38935E-04  0.28262E-04  0.40660E-03      18  0.88321E-03  0.00000E+00  0.00000E+00  0.13323E-03  0.30063E-03 -0.14826E-03 -0.10988E-03  0.26582E-03  0.26885E-04
        0.7758  0.00000E+00 -0.29052E-03  0.00000E+00 -0.38045E-03  0.00000E+00  0.00000E+00  0.10469E-02  0.95212E-03  0.88142E-03  0.38935E-04  0.30209E-04  0.41148E-03      19  0.88321E-03  0.00000E+00  0.00000E+00  0.75632E-04  0.30441E-03 -0.11745E-03 -0.11575E-03  0.22417E-03  0.38093E-04
        0.8258  0.00000E+00 -0.26041E-03  0.00000E+00 -0.39347E-03  0.00000E+00  0.00000E+00  0.10470E-02  0.95212E-03  0.88142E-03  0.38936E-04  0.32155E-04  0.41611E-03      20  0.88321E-03  0.00000E+00  0.00000E+00  0.82785E-04  0.30855E-03 -0.95078E-04 -0.12050E-03  0.18648E-03  0.47417E-04
        0.8758  0.00000E+00 -0.23128E-03  0.00000E+00 -0.40504E-03  0.00000E+00  0.00000E+00  0.10470E-02  0.95212E-03  0.88141E-03  0.38936E-04  0.34102E-04  0.42100E-03      21  0.88321E-03  0.00000E+00  0.00000E+00  0.89260E-04  0.31301E-03 -0.80636E-04 -0.12453E-03  0.15598E-03  0.55216E-04
        0.9258  0.00000E+00 -0.20371E-03  0.00000E+00 -0.41522E-03  0.00000E+00  0.00000E+00  0.10471E-02  0.95213E-03  0.88141E-03  0.38936E-04  0.36049E-04  0.42633E-03      22  0.88321E-03  0.00000E+00  0.00000E+00  0.93597E-04  0.31769E-03 -0.70992E-04 -0.12808E-03  0.13282E-03  0.61857E-04
        0.9629  0.00000E+00 -0.18101E-03  0.00000E+00 -0.42194E-03  0.00000E+00  0.00000E+00  0.10472E-02  0.95213E-03  0.88141E-03  0.38936E-04  0.37493E-04  0.43036E-03      23  0.88321E-03  0.00000E+00  0.00000E+00  0.95607E-04  0.32124E-03 -0.65667E-04 -0.13052E-03  0.11882E-03  0.66263E-04
        1.0000  0.00000E+00 -0.16299E-03  0.00000E+00 -0.42798E-03  0.00000E+00  0.00000E+00  0.10472E-02  0.95213E-03  0.88141E-03  0.38937E-04  0.38937E-04  0.43456E-03      24  0.88321E-03  0.00000E+00  0.00000E+00  0.96149E-04  0.32480E-03 -0.61755E-04 -0.13281E-03  0.10790E-03  0.70265E-04
end
