 All solute fluxes and cumulative solute fluxes are positive into the region

       Time         cvTop        cvBot      Sum(cvTop)   Sum(cvBot)     cvCh0        cvCh1         cTop        cRoot         cBot        cvRoot    Sum(cvRoot)  Sum(cvNEql) TLevel      cGWL        cRunOff   Sum(cRunOff)    (cv(i),    Sum(cv(i)), i=1,NObs)
        [T]        [M/L2/T]     [M/L2/T]      [M/L2]       [M/L2]       [M/L2]      [M/L2]        [M/L3]      [M/L3]        [M/L3]      [M/L2/T]      [M/L2]       [M/L2]              [M/L3]        [M/L2]      [M/L3]      [M/L2/T]      [M/L2]
        0.0100  0.00000E+00 -0.95548E-04  0.00000E+00 -0.95548E-06  0.00000E+00  0.00000E+00  0.84195E-03  0.88304E-03  0.87454E-03  0.45790E-04  0.45790E-06 -0.52728E-05       1  0.88290E-03  0.00000E+00  0.00000E+00  0.38713E-04  0.38713E-06 -0.48983E-03 -0.48983E-05 -0.72492E-03 -0.72492E-05
        0.0200  0.00000E+00  0.00000E+00  0.00000E+00 -0.95548E-06  0.00000E+00  0.00000E+00  0.84205E-03  0.88297E-03  0.87135E-03  0.45788E-04  0.91578E-06 -0.13681E-04       2  0.88283E-03  0.00000E+00  0.00000E+00  0.17298E-04  0.56012E-06 -0.46665E-03 -0.95648E-05 -0.70196E-03 -0.14269E-04
        0.0330  0.00000E+00  0.00000E+00  0.00000E+00 -0.95548E-06  0.00000E+00  0.00000E+00  0.84179E-03  0.88299E-03  0.87304E-03  0.45788E-04  0.15110E-05 -0.20568E-04       3  0.88291E-03  0.00000E+00  0.00000E+00 -0.40515E-05  0.50745E-06 -0.43765E-03 -0.15254E-04 -0.66957E-03 -0.22973E-04
        0.0499  0.00000E+00  0.00000E+00  0.00000E+00 -0.95548E-06  0.00000E+00  0.00000E+00  0.84150E-03  0.88299E-03  0.87383E-03  0.45788E-04  0.22848E-05 -0.28124E-04       4  0.88293E-03  0.00000E+00  0.00000E+00 -0.28533E-04  0.25239E-07 -0.41399E-03 -0.22251E-04 -0.63384E-03 -0.33685E-04
        0.0719  0.00000E+00  0.00000E+00  0.00000E+00 -0.95548E-06  0.00000E+00  0.00000E+00  0.84102E-03  0.88299E-03  0.87465E-03  0.45788E-04  0.32908E-05 -0.37568E-04       5  0.88295E-03  0.00000E+00  0.00000E+00 -0.71577E-04 -0.15473E-05 -0.40357E-03 -0.31117E-04 -0.59569E-03 -0.46772E-04
        0.1004  0.00000E+00  0.00000E+00  0.00000E+00 -0.95548E-06  0.00000E+00  0.00000E+00  0.84026E-03  0.88298E-03  0.87542E-03  0.45788E-04  0.45985E-05 -0.52776E-04       6  0.88296E-03  0.00000E+00  0.00000E+00 -0.14013E-03 -0.55494E-05 -0.42806E-03 -0.43343E-04 -0.56528E-03 -0.62917E-04
        0.1376  0.00000E+00  0.00000E+00  0.00000E+00 -0.95548E-06  0.00000E+00  0.00000E+00  0.83919E-03  0.88297E-03  0.87621E-03  0.45787E-04  0.62986E-05 -0.82452E-04       7  0.88298E-03  0.00000E+00  0.00000E+00 -0.24076E-03 -0.14489E-04 -0.52494E-03 -0.62834E-04 -0.56195E-03 -0.83782E-04
        0.1858  0.00000E+00 -0.33487E-04  0.00000E+00 -0.25718E-05  0.00000E+00  0.00000E+00  0.83778E-03  0.88295E-03  0.87944E-03  0.45786E-04  0.85086E-05 -0.13966E-03       8  0.88303E-03  0.00000E+00  0.00000E+00 -0.37795E-03 -0.32731E-04 -0.75372E-03 -0.99214E-04 -0.62504E-03 -0.11395E-03
        0.2358  0.00000E+00 -0.10278E-03  0.00000E+00 -0.77110E-05  0.00000E+00  0.00000E+00  0.83648E-03  0.88291E-03  0.87931E-03  0.45784E-04  0.10798E-04 -0.22889E-03       9  0.88302E-03  0.00000E+00  0.00000E+00 -0.51619E-03 -0.58541E-04 -0.11054E-02 -0.15449E-03 -0.76947E-03 -0.15243E-03
        0.2858  0.00000E+00 -0.16680E-03  0.00000E+00 -0.16051E-04  0.00000E+00  0.00000E+00  0.83539E-03  0.88288E-03  0.87946E-03  0.45782E-04  0.13087E-04 -0.35431E-03      10  0.88303E-03  0.00000E+00  0.00000E+00 -0.63863E-03 -0.90472E-04 -0.15488E-02 -0.23192E-03 -0.99683E-03 -0.20227E-03
        0.3358  0.00000E+00 -0.21842E-03  0.00000E+00 -0.26972E-04  0.00000E+00  0.00000E+00  0.83454E-03  0.88285E-03  0.87940E-03  0.45780E-04  0.15376E-04 -0.50686E-03      11  0.88302E-03  0.00000E+00  0.00000E+00 -0.73485E-03 -0.12721E-03 -0.20321E-02 -0.33353E-03 -0.12884E-02 -0.26669E-03
        0.3858  0.00000E+00 -0.26241E-03  0.00000E+00 -0.40092E-04  0.00000E+00  0.00000E+00  0.83382E-03  0.88285E-03  0.87949E-03  0.45779E-04  0.17665E-04 -0.67669E-03      12  0.88303E-03  0.00000E+00  0.00000E+00 -0.81027E-03 -0.16773E-03 -0.25004E-02 -0.45855E-03 -0.16127E-02 -0.34733E-03
        0.4358  0.00000E+00 -0.30242E-03  0.00000E+00 -0.55213E-04  0.00000E+00  0.00000E+00  0.83343E-03  0.88285E-03  0.87947E-03  0.45779E-04  0.19954E-04 -0.85731E-03      13  0.88302E-03  0.00000E+00  0.00000E+00 -0.86494E-03 -0.21098E-03 -0.29108E-02 -0.60409E-03 -0.19428E-02 -0.44447E-03
        0.4858  0.00000E+00 -0.34184E-03  0.00000E+00 -0.72305E-04  0.00000E+00  0.00000E+00  0.83311E-03  0.88285E-03  0.87952E-03  0.45779E-04  0.22243E-04 -0.10418E-02      14  0.88303E-03  0.00000E+00  0.00000E+00 -0.88378E-03 -0.25516E-03 -0.32787E-02 -0.76803E-03 -0.22744E-02 -0.55818E-03
        0.5358  0.00000E+00 -0.38366E-03  0.00000E+00 -0.91488E-04  0.00000E+00  0.00000E+00  0.83312E-03  0.88286E-03  0.87952E-03  0.45779E-04  0.24532E-04 -0.12225E-02      15  0.88303E-03  0.00000E+00  0.00000E+00 -0.87876E-03 -0.29910E-03 -0.34825E-02 -0.94215E-03 -0.25572E-02 -0.68604E-03
        0.5858  0.00000E+00 -0.43048E-03  0.00000E+00 -0.11301E-03  0.00000E+00  0.00000E+00  0.83328E-03  0.88287E-03  0.87957E-03  0.45779E-04  0.26821E-04 -0.13922E-02      16  0.88303E-03  0.00000E+00  0.00000E+00 -0.83779E-03 -0.34099E-03 -0.35242E-02 -0.11184E-02 -0.27348E-02 -0.82278E-03
        0.6358  0.00000E+00 -0.48454E-03  0.00000E+00 -0.13724E-03  0.00000E+00  0.00000E+00  0.83371E-03  0.88288E-03  0.87959E-03  0.45780E-04  0.29110E-04 -0.15448E-02      17  0.88303E-03  0.00000E+00  0.00000E+00 -0.77374E-03 -0.37968E-03 -0.34062E-02 -0.12887E-02 -0.28002E-02 -0.96279E-03
        0.6858  0.00000E+00 -0.54749E-03  0.00000E+00 -0.16461E-03  0.00000E+00  0.00000E+00  0.83427E-03  0.88288E-03  0.87963E-03  0.45780E-04  0.31399E-04 -0.16761E-02      18  0.88303E-03  0.00000E+00  0.00000E+00 -0.68157E-03 -0.41376E-03 -0.31601E-02 -0.14467E-02 -0.27581E-02 -0.11007E-02
        0.7358  0.00000E+00 -0.61975E-03  0.00000E+00 -0.19560E-03  0.00000E+00  0.00000E+00  0.83503E-03  0.88289E-03  0.87966E-03  0.45781E-04  0.33688E-04 -0.17836E-02      19  0.88303E-03  0.00000E+00  0.00000E+00 -0.57372E-03 -0.44244E-03 -0.28142E-02 -0.15874E-02 -0.26266E-02 -0.12320E-02
        0.7858  0.00000E+00 -0.70050E-03  0.00000E+00 -0.23063E-03  0.00000E+00  0.00000E+00  0.83604E-03  0.88289E-03  0.87970E-03  0.45781E-04  0.35977E-04 -0.18633E-02      20  0.88303E-03  0.00000E+00  0.00000E+00 -0.43506E-03 -0.46420E-03 -0.23804E-02 -0.17064E-02 -0.24151E-02 -0.13528E-02
        0.8358  0.00000E+00 -0.78776E-03  0.00000E+00 -0.27001E-03  0.00000E+00  0.00000E+00  0.83712E-03  0.88290E-03  0.87974E-03  0.45782E-04  0.38266E-04 -0.19085E-02      21  0.88303E-03  0.00000E+00  0.00000E+00 -0.29228E-03 -0.47881E-03 -0.19165E-02 -0.18022E-02 -0.21354E-02 -0.14595E-02
        0.8858  0.00000E+00 -0.87837E-03  0.00000E+00 -0.31393E-03  0.00000E+00  0.00000E+00  0.83817E-03  0.88293E-03  0.87978E-03  0.45783E-04  0.40555E-04 -0.19242E-02      22  0.88303E-03  0.00000E+00  0.00000E+00 -0.15586E-03 -0.48660E-03 -0.14774E-02 -0.18761E-02 -0.18308E-02 -0.15511E-02
        0.9358  0.00000E+00 -0.96792E-03  0.00000E+00 -0.36233E-03  0.00000E+00  0.00000E+00  0.83900E-03  0.88293E-03  0.87982E-03  0.45784E-04  0.42844E-04 -0.19197E-02      23  0.88303E-03  0.00000E+00  0.00000E+00 -0.45014E-04 -0.48885E-03 -0.11013E-02 -0.19312E-02 -0.15369E-02 -0.16279E-02
        0.9679  0.00000E+00 -0.10388E-02  0.00000E+00 -0.39566E-03  0.00000E+00  0.00000E+00  0.83944E-03  0.88295E-03  0.87984E-03  0.45785E-04  0.44313E-04 -0.19120E-02      24  0.88303E-03  0.00000E+00  0.00000E+00 -0.36087E-07 -0.48885E-03 -0.89828E-03 -0.19600E-02 -0.13618E-02 -0.16716E-02
        1.0000  0.00000E+00 -0.10906E-02  0.00000E+00 -0.43065E-03  0.00000E+00  0.00000E+00  0.83967E-03  0.88293E-03  0.87986E-03  0.45784E-04  0.45782E-04 -0.19032E-02      25  0.88303E-03  0.00000E+00  0.00000E+00  0.48570E-04 -0.48730E-03 -0.74452E-03 -0.19839E-02 -0.12088E-02 -0.17104E-02
end
