 ******* Program HYDRUS
 ******* 
 Welcome to HYDRUS-1D                                                    
 Date:  28. 3.2022    Time:   9:26:48
 Units: L = cm   , T = days , M = mg   

----------------------------------------------------------
 Time       [T]        0.0000
----------------------------------------------------------
 Sub-region num.                     1
----------------------------------------------------------
 Length   [L]        0.30000E+03  0.30000E+03
 W-volume [L]        0.96651E+02  0.96651E+02
 In-flow  [L/T]      0.00000E+00  0.00000E+00
 h Mean   [L]       -0.11852E+03 -0.11852E+03
 ConcVol  [M/L2] 1   0.86216E-01  0.86216E-01
 cMean    [M/L3] 1   0.89433E-03  0.89433E-03
 SorbVolIm[M/L2] 1   0.46745E+02  0.46745E+02
 sMeanIm  [-]    1   0.10746E+00  0.10746E+00
 Top Flux [L/T]      0.43808E-01
 Bot Flux [L/T]      0.33319E+00
----------------------------------------------------------

----------------------------------------------------------
 Time       [T]        1.0000
----------------------------------------------------------
 Sub-region num.                     1
----------------------------------------------------------
 Length   [L]        0.30000E+03  0.30000E+03
 W-volume [L]        0.96292E+02  0.96292E+02
 In-flow  [L/T]      0.28164E+00  0.28164E+00
 h Mean   [L]       -0.12199E+03 -0.12199E+03
 ConcVol  [M/L2] 1   0.85978E-01  0.85978E-01
 cMean    [M/L3] 1   0.89551E-03  0.89551E-03
 SorbVolIm[M/L2] 1   0.46745E+02  0.46745E+02
 sMeanIm  [-]    1   0.10746E+00  0.10746E+00
 Top Flux [L/T]      0.47281E-01
 Bot Flux [L/T]      0.44444E+00
 WatBalT  [L]       -0.12973E+00
 WatBalR  [%]             13.181
 CncBalT  [M]    1   0.14114E-03
 CncBalR  [%]    1        40.646
----------------------------------------------------------
 
 Calculation time [sec]  9.999990463256836E-003
