 All solute fluxes and cumulative solute fluxes are positive into the region

       Time         cvTop        cvBot      Sum(cvTop)   Sum(cvBot)     cvCh0        cvCh1         cTop        cRoot         cBot        cvRoot    Sum(cvRoot)  Sum(cvNEql) TLevel      cGWL        cRunOff   Sum(cRunOff)    (cv(i),    Sum(cv(i)), i=1,NObs)
        [T]        [M/L2/T]     [M/L2/T]      [M/L2]       [M/L2]       [M/L2]      [M/L2]        [M/L3]      [M/L3]        [M/L3]      [M/L2/T]      [M/L2]       [M/L2]              [M/L3]        [M/L2]      [M/L3]      [M/L2/T]      [M/L2]
        0.0100  0.00000E+00  0.00000E+00  0.00000E+00  0.00000E+00  0.00000E+00  0.00000E+00  0.81375E-02  0.88646E-02  0.80264E-02  0.20408E-02  0.20408E-04 -0.64165E-04       1  0.86707E-02  0.00000E+00  0.00000E+00  0.30220E-03  0.30220E-05 -0.15360E-02 -0.15360E-04 -0.11936E-02 -0.11936E-04
        0.0200  0.00000E+00  0.00000E+00  0.00000E+00  0.00000E+00  0.00000E+00  0.00000E+00  0.81453E-02  0.88644E-02  0.79987E-02  0.20408E-02  0.40816E-04 -0.13562E-03       2  0.86672E-02  0.00000E+00  0.00000E+00  0.17196E-03  0.47416E-05 -0.14216E-02 -0.29576E-04 -0.11200E-02 -0.23136E-04
        0.0330  0.00000E+00  0.00000E+00  0.00000E+00  0.00000E+00  0.00000E+00  0.00000E+00  0.81486E-02  0.88642E-02  0.79796E-02  0.20408E-02  0.67345E-04 -0.23545E-03       3  0.86643E-02  0.00000E+00  0.00000E+00 -0.66222E-04  0.38807E-05 -0.12756E-02 -0.46158E-04 -0.10095E-02 -0.36260E-04
        0.0499  0.00000E+00  0.00000E+00  0.00000E+00  0.00000E+00  0.00000E+00  0.00000E+00  0.81401E-02  0.88641E-02  0.79683E-02  0.20408E-02  0.10183E-03 -0.37336E-03       4  0.86622E-02  0.00000E+00  0.00000E+00 -0.40918E-03 -0.30345E-05 -0.11456E-02 -0.65519E-04 -0.88084E-03 -0.51146E-04
        0.0719  0.00000E+00  0.00000E+00  0.00000E+00  0.00000E+00  0.00000E+00  0.00000E+00  0.81063E-02  0.88638E-02  0.79635E-02  0.20407E-02  0.14667E-03 -0.56438E-03       5  0.86610E-02  0.00000E+00  0.00000E+00 -0.95763E-03 -0.24074E-04 -0.10753E-02 -0.89144E-04 -0.73482E-03 -0.67290E-04
        0.1004  0.00000E+00  0.00000E+00  0.00000E+00  0.00000E+00  0.00000E+00  0.00000E+00  0.80311E-02  0.88634E-02  0.79648E-02  0.20407E-02  0.20495E-03 -0.83527E-03       6  0.86606E-02  0.00000E+00  0.00000E+00 -0.15594E-02 -0.68612E-04 -0.11856E-02 -0.12301E-03 -0.61055E-03 -0.84728E-04
        0.1376  0.00000E+00  0.00000E+00  0.00000E+00  0.00000E+00  0.00000E+00  0.00000E+00  0.79148E-02  0.88624E-02  0.79711E-02  0.20407E-02  0.28072E-03 -0.12411E-02       7  0.86611E-02  0.00000E+00  0.00000E+00 -0.18624E-02 -0.13776E-03 -0.17048E-02 -0.18630E-03 -0.60074E-03 -0.10703E-03
        0.1858  0.00000E+00  0.00000E+00  0.00000E+00  0.00000E+00  0.00000E+00  0.00000E+00  0.77813E-02  0.88602E-02  0.79810E-02  0.20405E-02  0.37921E-03 -0.19015E-02       8  0.86624E-02  0.00000E+00  0.00000E+00 -0.19552E-02 -0.23213E-03 -0.30674E-02 -0.33436E-03 -0.91918E-03 -0.15140E-03
        0.2358  0.00000E+00  0.00000E+00  0.00000E+00  0.00000E+00  0.00000E+00  0.00000E+00  0.76677E-02  0.88555E-02  0.79907E-02  0.20402E-02  0.48123E-03 -0.27876E-02       9  0.86639E-02  0.00000E+00  0.00000E+00 -0.21986E-02 -0.34206E-03 -0.51932E-02 -0.59402E-03 -0.16490E-02 -0.23385E-03
        0.2858  0.00000E+00  0.00000E+00  0.00000E+00  0.00000E+00  0.00000E+00  0.00000E+00  0.75820E-02  0.88494E-02  0.79991E-02  0.20398E-02  0.58322E-03 -0.39012E-02      10  0.86653E-02  0.00000E+00  0.00000E+00 -0.25081E-02 -0.46747E-03 -0.76911E-02 -0.97858E-03 -0.27777E-02 -0.37274E-03
        0.3358  0.00000E+00  0.00000E+00  0.00000E+00  0.00000E+00  0.00000E+00  0.00000E+00  0.75160E-02  0.88419E-02  0.80064E-02  0.20393E-02  0.68518E-03 -0.52160E-02      11  0.86664E-02  0.00000E+00  0.00000E+00 -0.27307E-02 -0.60401E-03 -0.10658E-01 -0.15115E-02 -0.43470E-02 -0.59009E-03
        0.3858  0.00000E+00  0.00000E+00  0.00000E+00  0.00000E+00  0.00000E+00  0.00000E+00  0.74665E-02  0.88363E-02  0.80128E-02  0.20389E-02  0.78713E-03 -0.66596E-02      12  0.86675E-02  0.00000E+00  0.00000E+00 -0.29217E-02 -0.75009E-03 -0.13595E-01 -0.21912E-02 -0.62006E-02 -0.90012E-03
        0.4358  0.00000E+00  0.00000E+00  0.00000E+00  0.00000E+00  0.00000E+00  0.00000E+00  0.74300E-02  0.88344E-02  0.80185E-02  0.20387E-02  0.88906E-03 -0.81636E-02      13  0.86684E-02  0.00000E+00  0.00000E+00 -0.29962E-02 -0.89990E-03 -0.16199E-01 -0.30012E-02 -0.82206E-02 -0.13112E-02
        0.4858  0.00000E+00  0.00000E+00  0.00000E+00  0.00000E+00  0.00000E+00  0.00000E+00  0.74115E-02  0.88342E-02  0.80238E-02  0.20386E-02  0.99099E-03 -0.96839E-02      14  0.86692E-02  0.00000E+00  0.00000E+00 -0.31965E-02 -0.10597E-02 -0.18209E-01 -0.39117E-02 -0.10202E-01 -0.18213E-02
        0.5358  0.00000E+00  0.00000E+00  0.00000E+00  0.00000E+00  0.00000E+00  0.00000E+00  0.74075E-02  0.88348E-02  0.80289E-02  0.20385E-02  0.10929E-02 -0.11186E-01      15  0.86700E-02  0.00000E+00  0.00000E+00 -0.31518E-02 -0.12173E-02 -0.19524E-01 -0.48879E-02 -0.11967E-01 -0.24196E-02
        0.5858  0.00000E+00  0.00000E+00  0.00000E+00  0.00000E+00  0.00000E+00  0.00000E+00  0.74184E-02  0.88358E-02  0.80340E-02  0.20385E-02  0.11948E-02 -0.12642E-01      16  0.86707E-02  0.00000E+00  0.00000E+00 -0.31563E-02 -0.13751E-02 -0.20066E-01 -0.58912E-02 -0.13365E-01 -0.30879E-02
        0.6358  0.00000E+00  0.00000E+00  0.00000E+00  0.00000E+00  0.00000E+00  0.00000E+00  0.74423E-02  0.88370E-02  0.80393E-02  0.20385E-02  0.12968E-02 -0.14026E-01      17  0.86715E-02  0.00000E+00  0.00000E+00 -0.30043E-02 -0.15253E-02 -0.20018E-01 -0.68921E-02 -0.14304E-01 -0.38030E-02
        0.6858  0.00000E+00  0.00000E+00  0.00000E+00  0.00000E+00  0.00000E+00  0.00000E+00  0.74799E-02  0.88382E-02  0.80449E-02  0.20386E-02  0.13987E-02 -0.15322E-01      18  0.86722E-02  0.00000E+00  0.00000E+00 -0.28349E-02 -0.16671E-02 -0.19231E-01 -0.78536E-02 -0.14755E-01 -0.45408E-02
        0.7358  0.00000E+00  0.00000E+00  0.00000E+00  0.00000E+00  0.00000E+00  0.00000E+00  0.75287E-02  0.88392E-02  0.80511E-02  0.20387E-02  0.15006E-02 -0.16517E-01      19  0.86731E-02  0.00000E+00  0.00000E+00 -0.25549E-02 -0.17948E-02 -0.17798E-01 -0.87436E-02 -0.14976E-01 -0.52896E-02
        0.7858  0.00000E+00  0.00000E+00  0.00000E+00  0.00000E+00  0.00000E+00  0.00000E+00  0.75977E-02  0.88395E-02  0.80581E-02  0.20388E-02  0.16026E-02 -0.17596E-01      20  0.86740E-02  0.00000E+00  0.00000E+00 -0.21457E-02 -0.19021E-02 -0.15656E-01 -0.95264E-02 -0.14627E-01 -0.60210E-02
        0.8358  0.00000E+00  0.00000E+00  0.00000E+00  0.00000E+00  0.00000E+00  0.00000E+00  0.76830E-02  0.88399E-02  0.80662E-02  0.20389E-02  0.17045E-02 -0.18503E-01      21  0.86750E-02  0.00000E+00  0.00000E+00 -0.16328E-02 -0.19838E-02 -0.13096E-01 -0.10181E-01 -0.13526E-01 -0.66973E-02
        0.8858  0.00000E+00  0.00000E+00  0.00000E+00  0.00000E+00  0.00000E+00  0.00000E+00  0.77770E-02  0.88440E-02  0.80757E-02  0.20392E-02  0.18065E-02 -0.19192E-01      22  0.86762E-02  0.00000E+00  0.00000E+00 -0.10188E-02 -0.20347E-02 -0.10445E-01 -0.10703E-01 -0.12004E-01 -0.72975E-02
        0.9358  0.00000E+00  0.00000E+00  0.00000E+00  0.00000E+00  0.00000E+00  0.00000E+00  0.78728E-02  0.88489E-02  0.80867E-02  0.20396E-02  0.19085E-02 -0.19670E-01      23  0.86775E-02  0.00000E+00  0.00000E+00 -0.36698E-03 -0.20530E-02 -0.79578E-02 -0.11101E-01 -0.10307E-01 -0.78128E-02
        0.9679  0.00000E+00  0.00000E+00  0.00000E+00  0.00000E+00  0.00000E+00  0.00000E+00  0.79337E-02  0.88530E-02  0.80946E-02  0.20398E-02  0.19739E-02 -0.19887E-01      24  0.86784E-02  0.00000E+00  0.00000E+00 -0.80250E-05 -0.20533E-02 -0.65066E-02 -0.11310E-01 -0.92137E-02 -0.81084E-02
        1.0000  0.00000E+00  0.00000E+00  0.00000E+00  0.00000E+00  0.00000E+00  0.00000E+00  0.79876E-02  0.88543E-02  0.81034E-02  0.20400E-02  0.20394E-02 -0.20054E-01      25  0.86793E-02  0.00000E+00  0.00000E+00  0.39786E-03 -0.20405E-02 -0.53498E-02 -0.11482E-01 -0.81837E-02 -0.83710E-02
end
