 All solute fluxes and cumulative solute fluxes are positive into the region

       Time         cvTop        cvBot      Sum(cvTop)   Sum(cvBot)     cvCh0        cvCh1         cTop        cRoot         cBot        cvRoot    Sum(cvRoot)  Sum(cvNEql) TLevel      cGWL        cRunOff   Sum(cRunOff)    (cv(i),    Sum(cv(i)), i=1,NObs)
        [T]        [M/L2/T]     [M/L2/T]      [M/L2]       [M/L2]       [M/L2]      [M/L2]        [M/L3]      [M/L3]        [M/L3]      [M/L2/T]      [M/L2]       [M/L2]              [M/L3]        [M/L2]      [M/L3]      [M/L2/T]      [M/L2]
        0.0100  0.00000E+00 -0.36404E-03  0.00000E+00 -0.36404E-05  0.00000E+00  0.00000E+00  0.10205E-02  0.91627E-03  0.88177E-03  0.13928E-03  0.13928E-05 -0.84316E-05       1  0.88319E-03  0.00000E+00  0.00000E+00  0.26932E-04  0.26932E-06 -0.10532E-03 -0.10532E-05 -0.99031E-04 -0.99031E-06
        0.0200  0.00000E+00  0.00000E+00  0.00000E+00 -0.36404E-05  0.00000E+00  0.00000E+00  0.10202E-02  0.91629E-03  0.87731E-03  0.13928E-03  0.27856E-05 -0.12254E-04       2  0.88310E-03  0.00000E+00  0.00000E+00  0.26379E-04  0.53311E-06 -0.10645E-03 -0.21178E-05 -0.10042E-03 -0.19946E-05
        0.0330  0.00000E+00  0.00000E+00  0.00000E+00 -0.36404E-05  0.00000E+00  0.00000E+00  0.10203E-02  0.91628E-03  0.87941E-03  0.13928E-03  0.45963E-05 -0.15147E-04       3  0.88316E-03  0.00000E+00  0.00000E+00  0.24904E-04  0.85686E-06 -0.10890E-03 -0.35335E-05 -0.10214E-03 -0.33224E-05
        0.0499  0.00000E+00 -0.17394E-04  0.00000E+00 -0.39344E-05  0.00000E+00  0.00000E+00  0.10202E-02  0.91629E-03  0.88164E-03  0.13928E-03  0.69501E-05 -0.15051E-04       4  0.88319E-03  0.00000E+00  0.00000E+00  0.21938E-04  0.12276E-05 -0.11180E-03 -0.54230E-05 -0.10392E-03 -0.50787E-05
        0.0719  0.00000E+00 -0.84182E-04  0.00000E+00 -0.57839E-05  0.00000E+00  0.00000E+00  0.10202E-02  0.91629E-03  0.88147E-03  0.13928E-03  0.10010E-04 -0.13747E-04       5  0.88318E-03  0.00000E+00  0.00000E+00  0.16317E-04  0.15861E-05 -0.11619E-03 -0.79756E-05 -0.10574E-03 -0.74017E-05
        0.1004  0.00000E+00 -0.16925E-03  0.00000E+00 -0.10618E-04  0.00000E+00  0.00000E+00  0.10201E-02  0.91629E-03  0.88156E-03  0.13928E-03  0.13988E-04 -0.13015E-04       6  0.88318E-03  0.00000E+00  0.00000E+00  0.62247E-05  0.17639E-05 -0.12248E-03 -0.11474E-04 -0.10752E-03 -0.10473E-04
        0.1376  0.00000E+00 -0.23132E-03  0.00000E+00 -0.19206E-04  0.00000E+00  0.00000E+00  0.10201E-02  0.91628E-03  0.88153E-03  0.13928E-03  0.19160E-04 -0.12615E-04       7  0.88318E-03  0.00000E+00  0.00000E+00  0.74804E-06  0.17916E-05 -0.13229E-03 -0.16386E-04 -0.10916E-03 -0.14526E-04
        0.1858  0.00000E+00 -0.27516E-03  0.00000E+00 -0.32488E-04  0.00000E+00  0.00000E+00  0.10200E-02  0.91628E-03  0.88156E-03  0.13928E-03  0.25882E-04 -0.13499E-04       8  0.88318E-03  0.00000E+00  0.00000E+00 -0.75605E-05  0.14267E-05 -0.14787E-03 -0.23523E-04 -0.11086E-03 -0.19876E-04
        0.2358  0.00000E+00 -0.30172E-03  0.00000E+00 -0.47574E-04  0.00000E+00  0.00000E+00  0.10199E-02  0.91628E-03  0.88154E-03  0.13928E-03  0.32846E-04 -0.15861E-04       9  0.88318E-03  0.00000E+00  0.00000E+00 -0.17215E-04  0.56598E-06 -0.16746E-03 -0.31896E-04 -0.11248E-03 -0.25501E-04
        0.2858  0.00000E+00 -0.31434E-03  0.00000E+00 -0.63291E-04  0.00000E+00  0.00000E+00  0.10199E-02  0.91628E-03  0.88156E-03  0.13928E-03  0.39810E-04 -0.18711E-04      10  0.88318E-03  0.00000E+00  0.00000E+00 -0.17388E-04 -0.30341E-06 -0.17960E-03 -0.40876E-04 -0.11327E-03 -0.31164E-04
        0.3358  0.00000E+00 -0.31819E-03  0.00000E+00 -0.79200E-04  0.00000E+00  0.00000E+00  0.10200E-02  0.91629E-03  0.88155E-03  0.13928E-03  0.46774E-04 -0.16881E-04      11  0.88318E-03  0.00000E+00  0.00000E+00 -0.58064E-05 -0.59373E-06 -0.17398E-03 -0.49575E-04 -0.10571E-03 -0.36450E-04
        0.3858  0.00000E+00 -0.31687E-03  0.00000E+00 -0.95044E-04  0.00000E+00  0.00000E+00  0.10201E-02  0.91630E-03  0.88156E-03  0.13928E-03  0.53739E-04 -0.56889E-05      12  0.88318E-03  0.00000E+00  0.00000E+00  0.39019E-05 -0.39864E-06 -0.15508E-03 -0.57329E-04 -0.85505E-04 -0.40725E-04
        0.4358  0.00000E+00 -0.31219E-03  0.00000E+00 -0.11065E-03  0.00000E+00  0.00000E+00  0.10203E-02  0.91633E-03  0.88156E-03  0.13929E-03  0.60703E-04  0.13369E-04      13  0.88318E-03  0.00000E+00  0.00000E+00  0.22450E-04  0.72387E-06 -0.12910E-03 -0.63784E-04 -0.57715E-04 -0.43611E-04
        0.4858  0.00000E+00 -0.30508E-03  0.00000E+00 -0.12591E-03  0.00000E+00  0.00000E+00  0.10204E-02  0.91634E-03  0.88156E-03  0.13929E-03  0.67668E-04  0.37501E-04      14  0.88318E-03  0.00000E+00  0.00000E+00  0.32741E-04  0.23609E-05 -0.10040E-03 -0.68804E-04 -0.27484E-04 -0.44985E-04
        0.5358  0.00000E+00 -0.29602E-03  0.00000E+00 -0.14071E-03  0.00000E+00  0.00000E+00  0.10204E-02  0.91636E-03  0.88156E-03  0.13929E-03  0.74632E-04  0.63810E-04      15  0.88318E-03  0.00000E+00  0.00000E+00  0.29799E-04  0.38509E-05 -0.73880E-04 -0.72498E-04  0.10577E-05 -0.44932E-04
        0.5858  0.00000E+00 -0.28530E-03  0.00000E+00 -0.15497E-03  0.00000E+00  0.00000E+00  0.10203E-02  0.91636E-03  0.88156E-03  0.13929E-03  0.81597E-04  0.88845E-04      16  0.88318E-03  0.00000E+00  0.00000E+00  0.13844E-04  0.45431E-05 -0.52631E-04 -0.75129E-04  0.22696E-04 -0.43797E-04
        0.6358  0.00000E+00 -0.27312E-03  0.00000E+00 -0.16863E-03  0.00000E+00  0.00000E+00  0.10201E-02  0.91636E-03  0.88156E-03  0.13929E-03  0.88561E-04  0.10953E-03      17  0.88318E-03  0.00000E+00  0.00000E+00 -0.25020E-06  0.45306E-05 -0.39440E-04 -0.77101E-04  0.35754E-04 -0.42010E-04
        0.6858  0.00000E+00 -0.25968E-03  0.00000E+00 -0.18161E-03  0.00000E+00  0.00000E+00  0.10200E-02  0.91635E-03  0.88156E-03  0.13929E-03  0.95526E-04  0.12302E-03      18  0.88318E-03  0.00000E+00  0.00000E+00 -0.11006E-04  0.39803E-05 -0.36644E-04 -0.78934E-04  0.39172E-04 -0.40051E-04
        0.7358  0.00000E+00 -0.24530E-03  0.00000E+00 -0.19388E-03  0.00000E+00  0.00000E+00  0.10198E-02  0.91633E-03  0.88156E-03  0.13929E-03  0.10249E-03  0.12731E-03      19  0.88318E-03  0.00000E+00  0.00000E+00 -0.23067E-04  0.28269E-05 -0.44305E-04 -0.81149E-04  0.31023E-04 -0.38500E-04
        0.7858  0.00000E+00 -0.23044E-03  0.00000E+00 -0.20540E-03  0.00000E+00  0.00000E+00  0.10199E-02  0.91631E-03  0.88156E-03  0.13928E-03  0.10945E-03  0.12340E-03      20  0.88318E-03  0.00000E+00  0.00000E+00 -0.13240E-04  0.21649E-05 -0.43119E-04 -0.83305E-04  0.15188E-04 -0.37741E-04
        0.8358  0.00000E+00 -0.21548E-03  0.00000E+00 -0.21617E-03  0.00000E+00  0.00000E+00  0.10200E-02  0.91629E-03  0.88156E-03  0.13928E-03  0.11642E-03  0.11974E-03      21  0.88318E-03  0.00000E+00  0.00000E+00 -0.39496E-05  0.19674E-05 -0.38527E-04 -0.85231E-04  0.66955E-05 -0.37406E-04
        0.8858  0.00000E+00 -0.20092E-03  0.00000E+00 -0.22622E-03  0.00000E+00  0.00000E+00  0.10201E-02  0.91630E-03  0.88155E-03  0.13928E-03  0.12338E-03  0.11740E-03      22  0.88318E-03  0.00000E+00  0.00000E+00  0.38503E-05  0.21599E-05 -0.30465E-04 -0.86754E-04  0.14340E-05 -0.37334E-04
        0.9358  0.00000E+00 -0.18703E-03  0.00000E+00 -0.23557E-03  0.00000E+00  0.00000E+00  0.10202E-02  0.91629E-03  0.88155E-03  0.13928E-03  0.13035E-03  0.11516E-03      23  0.88318E-03  0.00000E+00  0.00000E+00  0.18196E-04  0.30698E-05 -0.22002E-04 -0.87855E-04 -0.82006E-06 -0.37375E-04
        0.9679  0.00000E+00 -0.17612E-03  0.00000E+00 -0.24122E-03  0.00000E+00  0.00000E+00  0.10203E-02  0.91630E-03  0.88155E-03  0.13928E-03  0.13482E-03  0.11417E-03      24  0.88318E-03  0.00000E+00  0.00000E+00  0.24681E-04  0.38617E-05 -0.16989E-04 -0.88400E-04 -0.16218E-05 -0.37427E-04
        1.0000  0.00000E+00 -0.16803E-03  0.00000E+00 -0.24661E-03  0.00000E+00  0.00000E+00  0.10203E-02  0.91629E-03  0.88155E-03  0.13928E-03  0.13928E-03  0.11296E-03      25  0.88318E-03  0.00000E+00  0.00000E+00  0.26850E-04  0.47232E-05 -0.13011E-04 -0.88817E-04 -0.17486E-05 -0.37483E-04
end
