 ******* Program HYDRUS
 ******* 
 Welcome to HYDRUS-1D                                                    
 Date:  29. 3.2022    Time:  17:26:52
 Units: L = cm   , T = days , M = mg   

----------------------------------------------------------
 Time       [T]        0.0000
----------------------------------------------------------
 Sub-region num.                     1
----------------------------------------------------------
 Length   [L]        0.30000E+03  0.30000E+03
 W-volume [L]        0.10228E+03  0.10228E+03
 In-flow  [L/T]      0.00000E+00  0.00000E+00
 h Mean   [L]       -0.66464E+02 -0.66464E+02
 ConcVol  [M/L2] 1   0.10470E+00  0.10470E+00
 cMean    [M/L3] 1   0.10488E-02  0.10488E-02
 SorbVolIm[M/L2] 1   0.46496E+02  0.46496E+02
 sMeanIm  [-]    1   0.10689E+00  0.10689E+00
 Top Flux [L/T]     -0.35381E-02
 Bot Flux [L/T]     -0.13184E+01
----------------------------------------------------------

----------------------------------------------------------
 Time       [T]        1.0000
----------------------------------------------------------
 Sub-region num.                     1
----------------------------------------------------------
 Length   [L]        0.30000E+03  0.30000E+03
 W-volume [L]        0.10138E+03  0.10138E+03
 In-flow  [L/T]     -0.47861E+00 -0.47861E+00
 h Mean   [L]       -0.72797E+02 -0.72797E+02
 ConcVol  [M/L2] 1   0.90149E-01  0.90149E-01
 cMean    [M/L3] 1   0.89039E-03  0.89039E-03
 SorbVolIm[M/L2] 1   0.46516E+02  0.46516E+02
 sMeanIm  [-]    1   0.10693E+00  0.10693E+00
 Top Flux [L/T]      0.55068E-02
 Bot Flux [L/T]     -0.42079E+00
 WatBalT  [L]       -0.50262E-01
 WatBalR  [%]              5.511
 CncBalT  [M]    1   0.60120E-02
 CncBalR  [%]    1        41.268
----------------------------------------------------------
 
 Calculation time [sec]  0.000000000000000E+000
