 All solute fluxes and cumulative solute fluxes are positive into the region

       Time         cvTop        cvBot      Sum(cvTop)   Sum(cvBot)     cvCh0        cvCh1         cTop        cRoot         cBot        cvRoot    Sum(cvRoot)  Sum(cvNEql) TLevel      cGWL        cRunOff   Sum(cRunOff)    (cv(i),    Sum(cv(i)), i=1,NObs)
        [T]        [M/L2/T]     [M/L2/T]      [M/L2]       [M/L2]       [M/L2]      [M/L2]        [M/L3]      [M/L3]        [M/L3]      [M/L2/T]      [M/L2]       [M/L2]              [M/L3]        [M/L2]      [M/L3]      [M/L2/T]      [M/L2]
        0.0100  0.00000E+00 -0.24762E-03  0.00000E+00 -0.24762E-05  0.00000E+00  0.00000E+00  0.99052E-03  0.90332E-03  0.87011E-03  0.27111E-04  0.27111E-06 -0.97121E-05       1  0.88314E-03  0.00000E+00  0.00000E+00  0.54591E-04  0.54591E-06 -0.20160E-03 -0.20160E-05 -0.15715E-03 -0.15715E-05
        0.0200  0.00000E+00  0.00000E+00  0.00000E+00 -0.24762E-05  0.00000E+00  0.00000E+00  0.99055E-03  0.90323E-03  0.86491E-03  0.27109E-04  0.54220E-06 -0.21862E-04       2  0.88309E-03  0.00000E+00  0.00000E+00  0.46963E-04  0.10155E-05 -0.12268E-03 -0.32427E-05 -0.30949E-04 -0.18810E-05
        0.0330  0.00000E+00  0.00000E+00  0.00000E+00 -0.24762E-05  0.00000E+00  0.00000E+00  0.99042E-03  0.90331E-03  0.86656E-03  0.27110E-04  0.89463E-06 -0.34919E-04       3  0.88311E-03  0.00000E+00  0.00000E+00  0.29923E-04  0.14045E-05 -0.90679E-05 -0.33606E-05  0.11412E-03 -0.39740E-06
        0.0499  0.00000E+00  0.00000E+00  0.00000E+00 -0.24762E-05  0.00000E+00  0.00000E+00  0.99014E-03  0.90330E-03  0.86667E-03  0.27110E-04  0.13528E-05 -0.50540E-04       4  0.88311E-03  0.00000E+00  0.00000E+00 -0.10012E-06  0.14029E-05  0.21034E-04 -0.30051E-05  0.22086E-03  0.33352E-05
        0.0719  0.00000E+00  0.00000E+00  0.00000E+00 -0.24762E-05  0.00000E+00  0.00000E+00  0.98974E-03  0.90331E-03  0.86718E-03  0.27110E-04  0.19484E-05 -0.69608E-04       5  0.88312E-03  0.00000E+00  0.00000E+00 -0.34600E-04  0.64270E-06  0.40224E-04 -0.21214E-05  0.28407E-03  0.95761E-05
        0.1004  0.00000E+00  0.00000E+00  0.00000E+00 -0.24762E-05  0.00000E+00  0.00000E+00  0.98921E-03  0.90331E-03  0.86748E-03  0.27110E-04  0.27227E-05 -0.94011E-04       6  0.88312E-03  0.00000E+00  0.00000E+00 -0.94414E-04 -0.20539E-05  0.37175E-04 -0.10597E-05  0.28869E-03  0.17822E-04
        0.1376  0.00000E+00  0.00000E+00  0.00000E+00 -0.24762E-05  0.00000E+00  0.00000E+00  0.98835E-03  0.90331E-03  0.86793E-03  0.27110E-04  0.37293E-05 -0.12709E-03       7  0.88313E-03  0.00000E+00  0.00000E+00 -0.19117E-03 -0.91519E-05  0.40358E-05 -0.90982E-06  0.23196E-03  0.26434E-04
        0.1858  0.00000E+00  0.00000E+00  0.00000E+00 -0.24762E-05  0.00000E+00  0.00000E+00  0.98709E-03  0.90331E-03  0.86847E-03  0.27110E-04  0.50378E-05 -0.17473E-03       8  0.88313E-03  0.00000E+00  0.00000E+00 -0.33616E-03 -0.25378E-04 -0.22534E-03 -0.11787E-04  0.98793E-04  0.31203E-04
        0.2358  0.00000E+00  0.00000E+00  0.00000E+00 -0.24762E-05  0.00000E+00  0.00000E+00  0.98574E-03  0.90332E-03  0.86923E-03  0.27111E-04  0.63933E-05 -0.23010E-03       9  0.88314E-03  0.00000E+00  0.00000E+00 -0.49356E-03 -0.50056E-04 -0.58065E-03 -0.40819E-04 -0.83957E-04  0.27005E-04
        0.2858  0.00000E+00  0.00000E+00  0.00000E+00 -0.24762E-05  0.00000E+00  0.00000E+00  0.98469E-03  0.90333E-03  0.87018E-03  0.27111E-04  0.77489E-05 -0.28832E-03      10  0.88315E-03  0.00000E+00  0.00000E+00 -0.61327E-03 -0.80719E-04 -0.93130E-03 -0.87385E-04 -0.28596E-03  0.12707E-04
        0.3358  0.00000E+00 -0.27805E-04  0.00000E+00 -0.38665E-05  0.00000E+00  0.00000E+00  0.98402E-03  0.90335E-03  0.87649E-03  0.27112E-04  0.91045E-05 -0.33018E-03      11  0.88318E-03  0.00000E+00  0.00000E+00 -0.68450E-03 -0.11494E-03 -0.12162E-02 -0.14819E-03 -0.46645E-03 -0.10616E-04
        0.3858  0.00000E+00 -0.13696E-03  0.00000E+00 -0.10715E-04  0.00000E+00  0.00000E+00  0.98345E-03  0.90338E-03  0.87629E-03  0.27113E-04  0.10460E-04 -0.36004E-03      12  0.88318E-03  0.00000E+00  0.00000E+00 -0.74133E-03 -0.15201E-03 -0.14571E-02 -0.22105E-03 -0.62433E-03 -0.41832E-04
        0.4358  0.00000E+00 -0.29356E-03  0.00000E+00 -0.25393E-04  0.00000E+00  0.00000E+00  0.98301E-03  0.90339E-03  0.87670E-03  0.27113E-04  0.11816E-04 -0.39171E-03      13  0.88318E-03  0.00000E+00  0.00000E+00 -0.77861E-03 -0.19094E-03 -0.16444E-02 -0.30327E-03 -0.75384E-03 -0.79525E-04
        0.4858  0.00000E+00 -0.43469E-03  0.00000E+00 -0.47127E-04  0.00000E+00  0.00000E+00  0.98274E-03  0.90341E-03  0.87665E-03  0.27114E-04  0.13171E-04 -0.42248E-03      14  0.88318E-03  0.00000E+00  0.00000E+00 -0.79423E-03 -0.23065E-03 -0.17758E-02 -0.39206E-03 -0.85765E-03 -0.12241E-03
        0.5358  0.00000E+00 -0.55588E-03  0.00000E+00 -0.74921E-04  0.00000E+00  0.00000E+00  0.98262E-03  0.90342E-03  0.87688E-03  0.27114E-04  0.14527E-04 -0.45254E-03      15  0.88319E-03  0.00000E+00  0.00000E+00 -0.78658E-03 -0.26998E-03 -0.18450E-02 -0.48431E-03 -0.93119E-03 -0.16897E-03
        0.5858  0.00000E+00 -0.65519E-03  0.00000E+00 -0.10768E-03  0.00000E+00  0.00000E+00  0.98268E-03  0.90343E-03  0.87687E-03  0.27114E-04  0.15883E-04 -0.48001E-03      16  0.88318E-03  0.00000E+00  0.00000E+00 -0.75660E-03 -0.30781E-03 -0.18511E-02 -0.57687E-03 -0.97310E-03 -0.21762E-03
        0.6358  0.00000E+00 -0.73161E-03  0.00000E+00 -0.14426E-03  0.00000E+00  0.00000E+00  0.98289E-03  0.90343E-03  0.87700E-03  0.27114E-04  0.17239E-04 -0.50478E-03      17  0.88319E-03  0.00000E+00  0.00000E+00 -0.70630E-03 -0.34313E-03 -0.17978E-02 -0.66676E-03 -0.98415E-03 -0.26683E-03
        0.6858  0.00000E+00 -0.78517E-03  0.00000E+00 -0.18352E-03  0.00000E+00  0.00000E+00  0.98324E-03  0.90343E-03  0.87700E-03  0.27114E-04  0.18594E-04 -0.52588E-03      18  0.88319E-03  0.00000E+00  0.00000E+00 -0.63972E-03 -0.37511E-03 -0.16950E-02 -0.75151E-03 -0.96772E-03 -0.31522E-03
        0.7358  0.00000E+00 -0.81700E-03  0.00000E+00 -0.22437E-03  0.00000E+00  0.00000E+00  0.98369E-03  0.90342E-03  0.87706E-03  0.27114E-04  0.19950E-04 -0.54362E-03      19  0.88319E-03  0.00000E+00  0.00000E+00 -0.56218E-03 -0.40322E-03 -0.15561E-02 -0.82932E-03 -0.92975E-03 -0.36170E-03
        0.7858  0.00000E+00 -0.82187E-03  0.00000E+00 -0.26546E-03  0.00000E+00  0.00000E+00  0.98474E-03  0.90340E-03  0.87705E-03  0.27114E-04  0.21306E-04 -0.55235E-03      20  0.88319E-03  0.00000E+00  0.00000E+00 -0.40819E-03 -0.42363E-03 -0.12861E-02 -0.89362E-03 -0.83398E-03 -0.40340E-03
        0.8358  0.00000E+00 -0.79007E-03  0.00000E+00 -0.30497E-03  0.00000E+00  0.00000E+00  0.98587E-03  0.90340E-03  0.87705E-03  0.27113E-04  0.22661E-04 -0.54938E-03      21  0.88319E-03  0.00000E+00  0.00000E+00 -0.25603E-03 -0.43643E-03 -0.98880E-03 -0.94306E-03 -0.70280E-03 -0.43854E-03
        0.8858  0.00000E+00 -0.72413E-03  0.00000E+00 -0.34117E-03  0.00000E+00  0.00000E+00  0.98690E-03  0.90338E-03  0.87700E-03  0.27113E-04  0.24017E-04 -0.53721E-03      22  0.88319E-03  0.00000E+00  0.00000E+00 -0.11963E-03 -0.44241E-03 -0.70054E-03 -0.97809E-03 -0.55909E-03 -0.46650E-03
        0.9358  0.00000E+00 -0.63608E-03  0.00000E+00 -0.37298E-03  0.00000E+00  0.00000E+00  0.98774E-03  0.90337E-03  0.87696E-03  0.27112E-04  0.25373E-04 -0.51885E-03      23  0.88319E-03  0.00000E+00  0.00000E+00 -0.18420E-04 -0.44334E-03 -0.46396E-03 -0.10013E-02 -0.42584E-03 -0.48779E-03
        0.9679  0.00000E+00 -0.55637E-03  0.00000E+00 -0.39083E-03  0.00000E+00  0.00000E+00  0.98814E-03  0.90335E-03  0.87692E-03  0.27112E-04  0.26243E-04 -0.50547E-03      24  0.88319E-03  0.00000E+00  0.00000E+00  0.33739E-04 -0.44225E-03 -0.34587E-03 -0.10124E-02 -0.35134E-03 -0.49906E-03
        1.0000  0.00000E+00 -0.49354E-03  0.00000E+00 -0.40666E-03  0.00000E+00  0.00000E+00  0.98840E-03  0.90335E-03  0.87688E-03  0.27111E-04  0.27112E-04 -0.49195E-03      25  0.88319E-03  0.00000E+00  0.00000E+00  0.59908E-04 -0.44033E-03 -0.26703E-03 -0.10210E-02 -0.29223E-03 -0.50844E-03
end
