 All solute fluxes and cumulative solute fluxes are positive into the region

       Time         cvTop        cvBot      Sum(cvTop)   Sum(cvBot)     cvCh0        cvCh1         cTop        cRoot         cBot        cvRoot    Sum(cvRoot)  Sum(cvNEql) TLevel      cGWL        cRunOff   Sum(cRunOff)    (cv(i),    Sum(cv(i)), i=1,NObs)
        [T]        [M/L2/T]     [M/L2/T]      [M/L2]       [M/L2]       [M/L2]      [M/L2]        [M/L3]      [M/L3]        [M/L3]      [M/L2/T]      [M/L2]       [M/L2]              [M/L3]        [M/L2]      [M/L3]      [M/L2/T]      [M/L2]
        0.0100  0.00000E+00 -0.27737E-05  0.00000E+00 -0.27737E-07  0.00000E+00  0.00000E+00  0.96463E-03  0.90303E-03  0.88051E-03  0.88443E-04  0.88443E-06 -0.73625E-06       1  0.88319E-03  0.00000E+00  0.00000E+00  0.34734E-04  0.34734E-06  0.18705E-04  0.18705E-06  0.18783E-03  0.18783E-05
        0.0200  0.00000E+00 -0.27737E-05  0.00000E+00 -0.55474E-07  0.00000E+00  0.00000E+00  0.96456E-03  0.90298E-03  0.87683E-03  0.88439E-04  0.17688E-05  0.22907E-05       2  0.88312E-03  0.00000E+00  0.00000E+00  0.28534E-04  0.63268E-06  0.18567E-04  0.37272E-06  0.18650E-03  0.37433E-05
        0.0330  0.00000E+00  0.00000E+00  0.00000E+00 -0.55474E-07  0.00000E+00  0.00000E+00  0.96443E-03  0.90300E-03  0.87631E-03  0.88440E-04  0.29185E-05  0.55693E-06       3  0.88313E-03  0.00000E+00  0.00000E+00  0.14123E-04  0.81628E-06  0.18197E-04  0.60928E-06  0.18423E-03  0.61382E-05
        0.0499  0.00000E+00  0.00000E+00  0.00000E+00 -0.55474E-07  0.00000E+00  0.00000E+00  0.96421E-03  0.90299E-03  0.87586E-03  0.88439E-04  0.44132E-05 -0.15675E-05       4  0.88312E-03  0.00000E+00  0.00000E+00 -0.12696E-05  0.79482E-06  0.17248E-04  0.90076E-06  0.18123E-03  0.92011E-05
        0.0719  0.00000E+00  0.00000E+00  0.00000E+00 -0.55474E-07  0.00000E+00  0.00000E+00  0.96397E-03  0.90299E-03  0.87565E-03  0.88440E-04  0.63562E-05 -0.60988E-05       5  0.88312E-03  0.00000E+00  0.00000E+00 -0.18517E-04  0.38801E-06  0.15051E-04  0.12314E-05  0.17622E-03  0.13073E-04
        0.1004  0.00000E+00  0.00000E+00  0.00000E+00 -0.55474E-07  0.00000E+00  0.00000E+00  0.96367E-03  0.90299E-03  0.87543E-03  0.88439E-04  0.88821E-05 -0.14309E-04       6  0.88312E-03  0.00000E+00  0.00000E+00 -0.48500E-04 -0.99719E-06  0.10191E-04  0.15225E-05  0.16690E-03  0.17840E-04
        0.1376  0.00000E+00  0.00000E+00  0.00000E+00 -0.55474E-07  0.00000E+00  0.00000E+00  0.96315E-03  0.90299E-03  0.87528E-03  0.88439E-04  0.12166E-04 -0.29837E-04       7  0.88312E-03  0.00000E+00  0.00000E+00 -0.96598E-04 -0.45838E-05  0.79901E-07  0.15255E-05  0.14793E-03  0.23332E-04
        0.1858  0.00000E+00  0.00000E+00  0.00000E+00 -0.55474E-07  0.00000E+00  0.00000E+00  0.96242E-03  0.90299E-03  0.87513E-03  0.88439E-04  0.16435E-04 -0.59172E-04       8  0.88311E-03  0.00000E+00  0.00000E+00 -0.16832E-03 -0.12708E-04 -0.88363E-04 -0.27396E-05  0.10894E-03  0.28590E-04
        0.2358  0.00000E+00  0.00000E+00  0.00000E+00 -0.55474E-07  0.00000E+00  0.00000E+00  0.96165E-03  0.90299E-03  0.87504E-03  0.88439E-04  0.20857E-04 -0.10050E-03       9  0.88311E-03  0.00000E+00  0.00000E+00 -0.24508E-03 -0.24962E-04 -0.27772E-03 -0.16625E-04  0.52470E-04  0.31214E-04
        0.2858  0.00000E+00  0.00000E+00  0.00000E+00 -0.55474E-07  0.00000E+00  0.00000E+00  0.96105E-03  0.90298E-03  0.87496E-03  0.88439E-04  0.25278E-04 -0.15109E-03      10  0.88311E-03  0.00000E+00  0.00000E+00 -0.30731E-03 -0.40328E-04 -0.48892E-03 -0.41072E-04 -0.18112E-04  0.30308E-04
        0.3358  0.00000E+00  0.00000E+00  0.00000E+00 -0.55474E-07  0.00000E+00  0.00000E+00  0.96066E-03  0.90299E-03  0.87493E-03  0.88439E-04  0.29700E-04 -0.20273E-03      11  0.88311E-03  0.00000E+00  0.00000E+00 -0.34994E-03 -0.57825E-04 -0.69140E-03 -0.75641E-04 -0.88389E-04  0.25889E-04
        0.3858  0.00000E+00  0.00000E+00  0.00000E+00 -0.55474E-07  0.00000E+00  0.00000E+00  0.96031E-03  0.90301E-03  0.87491E-03  0.88442E-04  0.34123E-04 -0.24656E-03      12  0.88311E-03  0.00000E+00  0.00000E+00 -0.38462E-03 -0.77056E-04 -0.87344E-03 -0.11931E-03 -0.14670E-03  0.18553E-04
        0.4358  0.00000E+00  0.00000E+00  0.00000E+00 -0.55474E-07  0.00000E+00  0.00000E+00  0.96007E-03  0.90305E-03  0.87490E-03  0.88446E-04  0.38545E-04 -0.28269E-03      13  0.88311E-03  0.00000E+00  0.00000E+00 -0.40602E-03 -0.97357E-04 -0.10291E-02 -0.17077E-03 -0.19522E-03  0.87923E-05
        0.4858  0.00000E+00  0.00000E+00  0.00000E+00 -0.55474E-07  0.00000E+00  0.00000E+00  0.95993E-03  0.90308E-03  0.87491E-03  0.88449E-04  0.42967E-04 -0.31254E-03      14  0.88311E-03  0.00000E+00  0.00000E+00 -0.41676E-03 -0.11819E-03 -0.11465E-02 -0.22810E-03 -0.23388E-03 -0.29016E-05
        0.5358  0.00000E+00  0.00000E+00  0.00000E+00 -0.55474E-07  0.00000E+00  0.00000E+00  0.95990E-03  0.90310E-03  0.87492E-03  0.88451E-04  0.47390E-04 -0.33769E-03      15  0.88311E-03  0.00000E+00  0.00000E+00 -0.41194E-03 -0.13879E-03 -0.12190E-02 -0.28904E-03 -0.26436E-03 -0.16119E-04
        0.5858  0.00000E+00  0.00000E+00  0.00000E+00 -0.55474E-07  0.00000E+00  0.00000E+00  0.95996E-03  0.90311E-03  0.87493E-03  0.88452E-04  0.51812E-04 -0.36048E-03      16  0.88311E-03  0.00000E+00  0.00000E+00 -0.39496E-03 -0.15854E-03 -0.12431E-02 -0.35120E-03 -0.28765E-03 -0.30502E-04
        0.6358  0.00000E+00  0.00000E+00  0.00000E+00 -0.55474E-07  0.00000E+00  0.00000E+00  0.96013E-03  0.90311E-03  0.87496E-03  0.88452E-04  0.56235E-04 -0.38314E-03      17  0.88311E-03  0.00000E+00  0.00000E+00 -0.36460E-03 -0.17677E-03 -0.12211E-02 -0.41225E-03 -0.30525E-03 -0.45764E-04
        0.6858  0.00000E+00  0.00000E+00  0.00000E+00 -0.55474E-07  0.00000E+00  0.00000E+00  0.96038E-03  0.90310E-03  0.87499E-03  0.88451E-04  0.60658E-04 -0.40805E-03      18  0.88311E-03  0.00000E+00  0.00000E+00 -0.32488E-03 -0.19301E-03 -0.11587E-02 -0.47019E-03 -0.31865E-03 -0.61697E-04
        0.7358  0.00000E+00  0.00000E+00  0.00000E+00 -0.55474E-07  0.00000E+00  0.00000E+00  0.96068E-03  0.90308E-03  0.87504E-03  0.88449E-04  0.65080E-04 -0.43714E-03      19  0.88311E-03  0.00000E+00  0.00000E+00 -0.27765E-03 -0.20690E-03 -0.10656E-02 -0.52347E-03 -0.32985E-03 -0.78189E-04
        0.7858  0.00000E+00  0.00000E+00  0.00000E+00 -0.55474E-07  0.00000E+00  0.00000E+00  0.96129E-03  0.90305E-03  0.87510E-03  0.88445E-04  0.69502E-04 -0.46854E-03      20  0.88311E-03  0.00000E+00  0.00000E+00 -0.20220E-03 -0.21701E-03 -0.92051E-03 -0.56949E-03 -0.33375E-03 -0.94877E-04
        0.8358  0.00000E+00  0.00000E+00  0.00000E+00 -0.55474E-07  0.00000E+00  0.00000E+00  0.96191E-03  0.90302E-03  0.87519E-03  0.88442E-04  0.73924E-04 -0.49013E-03      21  0.88311E-03  0.00000E+00  0.00000E+00 -0.12696E-03 -0.22336E-03 -0.75092E-03 -0.60704E-03 -0.31060E-03 -0.11041E-03
        0.8858  0.00000E+00  0.00000E+00  0.00000E+00 -0.55474E-07  0.00000E+00  0.00000E+00  0.96248E-03  0.90304E-03  0.87531E-03  0.88444E-04  0.78347E-04 -0.50162E-03      22  0.88312E-03  0.00000E+00  0.00000E+00 -0.59820E-04 -0.22635E-03 -0.57507E-03 -0.63579E-03 -0.27231E-03 -0.12402E-03
        0.9358  0.00000E+00  0.00000E+00  0.00000E+00 -0.55474E-07  0.00000E+00  0.00000E+00  0.96288E-03  0.90302E-03  0.87543E-03  0.88442E-04  0.82769E-04 -0.50708E-03      23  0.88312E-03  0.00000E+00  0.00000E+00 -0.97010E-05 -0.22683E-03 -0.41510E-03 -0.65655E-03 -0.22497E-03 -0.13527E-03
        0.9679  0.00000E+00  0.00000E+00  0.00000E+00 -0.55474E-07  0.00000E+00  0.00000E+00  0.96310E-03  0.90303E-03  0.87552E-03  0.88443E-04  0.85607E-04 -0.50835E-03      24  0.88312E-03  0.00000E+00  0.00000E+00  0.16526E-04 -0.22630E-03 -0.32569E-03 -0.66700E-03 -0.19408E-03 -0.14150E-03
        1.0000  0.00000E+00  0.00000E+00  0.00000E+00 -0.55474E-07  0.00000E+00  0.00000E+00  0.96327E-03  0.90301E-03  0.87561E-03  0.88442E-04  0.88444E-04 -0.50935E-03      25  0.88312E-03  0.00000E+00  0.00000E+00  0.38553E-04 -0.22506E-03 -0.25421E-03 -0.67515E-03 -0.16433E-03 -0.14677E-03
end
