 All solute fluxes and cumulative solute fluxes are positive into the region

       Time         cvTop        cvBot      Sum(cvTop)   Sum(cvBot)     cvCh0        cvCh1         cTop        cRoot         cBot        cvRoot    Sum(cvRoot)  Sum(cvNEql) TLevel      cGWL        cRunOff   Sum(cRunOff)    (cv(i),    Sum(cv(i)), i=1,NObs)
        [T]        [M/L2/T]     [M/L2/T]      [M/L2]       [M/L2]       [M/L2]      [M/L2]        [M/L3]      [M/L3]        [M/L3]      [M/L2/T]      [M/L2]       [M/L2]              [M/L3]        [M/L2]      [M/L3]      [M/L2/T]      [M/L2]
        0.0100  0.00000E+00  0.00000E+00  0.00000E+00  0.00000E+00  0.00000E+00  0.00000E+00  0.10089E-02  0.91495E-03  0.86564E-03  0.70958E-04  0.70958E-06 -0.24337E-04       1  0.88296E-03  0.00000E+00  0.00000E+00  0.47372E-04  0.47372E-06 -0.35916E-05 -0.35916E-07  0.65170E-04  0.65170E-06
        0.0230  0.00000E+00  0.00000E+00  0.00000E+00  0.00000E+00  0.00000E+00  0.00000E+00  0.10089E-02  0.91497E-03  0.86130E-03  0.70959E-04  0.16320E-05 -0.62062E-04       2  0.88285E-03  0.00000E+00  0.00000E+00  0.46482E-04  0.10780E-05 -0.37143E-05 -0.84201E-07  0.64024E-04  0.14840E-05
        0.0399  0.00000E+00  0.00000E+00  0.00000E+00  0.00000E+00  0.00000E+00  0.00000E+00  0.10089E-02  0.91496E-03  0.86480E-03  0.70958E-04  0.28312E-05 -0.10019E-03       3  0.88294E-03  0.00000E+00  0.00000E+00  0.44341E-04  0.18274E-05 -0.39542E-05 -0.15103E-06  0.63424E-04  0.25559E-05
        0.0619  0.00000E+00  0.00000E+00  0.00000E+00  0.00000E+00  0.00000E+00  0.00000E+00  0.10088E-02  0.91497E-03  0.86429E-03  0.70958E-04  0.43902E-05 -0.14310E-03       4  0.88294E-03  0.00000E+00  0.00000E+00  0.39883E-04  0.27036E-05 -0.41167E-05 -0.24147E-06  0.65398E-04  0.39927E-05
        0.0904  0.00000E+00  0.00000E+00  0.00000E+00  0.00000E+00  0.00000E+00  0.00000E+00  0.10087E-02  0.91496E-03  0.86579E-03  0.70958E-04  0.64168E-05 -0.19069E-03       5  0.88297E-03  0.00000E+00  0.00000E+00  0.31386E-04  0.36000E-05 -0.41446E-05 -0.35985E-06  0.72547E-04  0.60647E-05
        0.1276  0.00000E+00  0.00000E+00  0.00000E+00  0.00000E+00  0.00000E+00  0.00000E+00  0.10086E-02  0.91496E-03  0.86582E-03  0.70958E-04  0.90514E-05 -0.24432E-03       6  0.88298E-03  0.00000E+00  0.00000E+00  0.16131E-04  0.41989E-05 -0.38600E-05 -0.50317E-06  0.86798E-04  0.92874E-05
        0.1758  0.00000E+00  0.00000E+00  0.00000E+00  0.00000E+00  0.00000E+00  0.00000E+00  0.10084E-02  0.91496E-03  0.86675E-03  0.70958E-04  0.12476E-04 -0.30493E-03       7  0.88301E-03  0.00000E+00  0.00000E+00  0.59549E-06  0.42277E-05 -0.33139E-05 -0.66312E-06  0.10695E-03  0.14449E-04
        0.2258  0.00000E+00  0.00000E+00  0.00000E+00  0.00000E+00  0.00000E+00  0.00000E+00  0.10083E-02  0.91496E-03  0.86682E-03  0.70958E-04  0.16024E-04 -0.36106E-03       8  0.88301E-03  0.00000E+00  0.00000E+00 -0.98685E-05  0.37342E-05 -0.28956E-05 -0.80790E-06  0.12522E-03  0.20710E-04
        0.2758  0.00000E+00  0.00000E+00  0.00000E+00  0.00000E+00  0.00000E+00  0.00000E+00  0.10083E-02  0.91496E-03  0.86737E-03  0.70958E-04  0.19572E-04 -0.41150E-03       9  0.88302E-03  0.00000E+00  0.00000E+00 -0.87881E-05  0.32948E-05 -0.20667E-05 -0.91123E-06  0.14033E-03  0.27727E-04
        0.3258  0.00000E+00  0.00000E+00  0.00000E+00  0.00000E+00  0.00000E+00  0.00000E+00  0.10091E-02  0.91497E-03  0.86740E-03  0.70958E-04  0.23120E-04 -0.45315E-03      10  0.88302E-03  0.00000E+00  0.00000E+00  0.74023E-04  0.69960E-05  0.11441E-05 -0.85403E-06  0.15791E-03  0.35622E-04
        0.3758  0.00000E+00  0.00000E+00  0.00000E+00  0.00000E+00  0.00000E+00  0.00000E+00  0.10101E-02  0.91497E-03  0.86773E-03  0.70959E-04  0.26668E-04 -0.48430E-03      11  0.88303E-03  0.00000E+00  0.00000E+00  0.16335E-03  0.15164E-04  0.53376E-05 -0.58715E-06  0.18132E-03  0.44688E-04
        0.4258  0.00000E+00  0.00000E+00  0.00000E+00  0.00000E+00  0.00000E+00  0.00000E+00  0.10108E-02  0.91498E-03  0.86776E-03  0.70959E-04  0.30216E-04 -0.50711E-03      12  0.88303E-03  0.00000E+00  0.00000E+00  0.22504E-03  0.26416E-04  0.98803E-05 -0.93130E-07  0.20735E-03  0.55056E-04
        0.4758  0.00000E+00  0.00000E+00  0.00000E+00  0.00000E+00  0.00000E+00  0.00000E+00  0.10112E-02  0.91499E-03  0.86794E-03  0.70960E-04  0.33764E-04 -0.52406E-03      13  0.88303E-03  0.00000E+00  0.00000E+00  0.25563E-03  0.39197E-04  0.13860E-04  0.59988E-06  0.23269E-03  0.66690E-04
        0.5258  0.00000E+00  0.00000E+00  0.00000E+00  0.00000E+00  0.00000E+00  0.00000E+00  0.10113E-02  0.91499E-03  0.86796E-03  0.70960E-04  0.37312E-04 -0.53792E-03      14  0.88303E-03  0.00000E+00  0.00000E+00  0.25437E-03  0.51916E-04  0.16696E-04  0.14347E-05  0.25375E-03  0.79378E-04
        0.5758  0.00000E+00  0.00000E+00  0.00000E+00  0.00000E+00  0.00000E+00  0.00000E+00  0.10111E-02  0.91499E-03  0.86805E-03  0.70960E-04  0.40860E-04 -0.55150E-03      15  0.88304E-03  0.00000E+00  0.00000E+00  0.22129E-03  0.62981E-04  0.17957E-04  0.23326E-05  0.26755E-03  0.92755E-04
        0.6258  0.00000E+00  0.00000E+00  0.00000E+00  0.00000E+00  0.00000E+00  0.00000E+00  0.10105E-02  0.91499E-03  0.86805E-03  0.70960E-04  0.44408E-04 -0.56734E-03      16  0.88304E-03  0.00000E+00  0.00000E+00  0.15842E-03  0.70902E-04  0.17394E-04  0.32023E-05  0.27187E-03  0.10635E-03
        0.6758  0.00000E+00  0.00000E+00  0.00000E+00  0.00000E+00  0.00000E+00  0.00000E+00  0.10097E-02  0.91498E-03  0.86809E-03  0.70959E-04  0.47956E-04 -0.58756E-03      17  0.88304E-03  0.00000E+00  0.00000E+00  0.69029E-04  0.74353E-04  0.14965E-04  0.39505E-05  0.26531E-03  0.11961E-03
        0.7258  0.00000E+00  0.00000E+00  0.00000E+00  0.00000E+00  0.00000E+00  0.00000E+00  0.10087E-02  0.91498E-03  0.86809E-03  0.70959E-04  0.51504E-04 -0.61364E-03      18  0.88304E-03  0.00000E+00  0.00000E+00 -0.10933E-04  0.73807E-04  0.10801E-04  0.44906E-05  0.24747E-03  0.13199E-03
        0.7758  0.00000E+00  0.00000E+00  0.00000E+00  0.00000E+00  0.00000E+00  0.00000E+00  0.10087E-02  0.91497E-03  0.86811E-03  0.70958E-04  0.55052E-04 -0.64275E-03      19  0.88304E-03  0.00000E+00  0.00000E+00 -0.10049E-04  0.73304E-04  0.78784E-05  0.48845E-05  0.22582E-03  0.14328E-03
        0.8258  0.00000E+00  0.00000E+00  0.00000E+00  0.00000E+00  0.00000E+00  0.00000E+00  0.10089E-02  0.91497E-03  0.86812E-03  0.70958E-04  0.58600E-04 -0.67068E-03      20  0.88304E-03  0.00000E+00  0.00000E+00  0.62307E-06  0.73335E-04  0.61377E-05  0.51914E-05  0.20692E-03  0.15363E-03
        0.8758  0.00000E+00  0.00000E+00  0.00000E+00  0.00000E+00  0.00000E+00  0.00000E+00  0.10090E-02  0.91497E-03  0.86815E-03  0.70958E-04  0.62148E-04 -0.69673E-03      21  0.88304E-03  0.00000E+00  0.00000E+00  0.17524E-04  0.74211E-04  0.52834E-05  0.54555E-05  0.19221E-03  0.16324E-03
        0.9258  0.00000E+00  0.00000E+00  0.00000E+00  0.00000E+00  0.00000E+00  0.00000E+00  0.10093E-02  0.91497E-03  0.86816E-03  0.70958E-04  0.65695E-04 -0.72110E-03      22  0.88304E-03  0.00000E+00  0.00000E+00  0.36150E-04  0.76019E-04  0.48406E-05  0.56976E-05  0.18091E-03  0.17228E-03
        0.9629  0.00000E+00  0.00000E+00  0.00000E+00  0.00000E+00  0.00000E+00  0.00000E+00  0.10093E-02  0.91497E-03  0.86819E-03  0.70958E-04  0.68327E-04 -0.73840E-03      23  0.88304E-03  0.00000E+00  0.00000E+00  0.44213E-04  0.77659E-04  0.45684E-05  0.58670E-05  0.17384E-03  0.17873E-03
        1.0000  0.00000E+00  0.00000E+00  0.00000E+00  0.00000E+00  0.00000E+00  0.00000E+00  0.10094E-02  0.91497E-03  0.86820E-03  0.70958E-04  0.70959E-04 -0.75511E-03      24  0.88304E-03  0.00000E+00  0.00000E+00  0.46908E-04  0.79398E-04  0.42657E-05  0.60252E-05  0.16786E-03  0.18495E-03
end
