 ******* Program HYDRUS
 ******* 
 Welcome to HYDRUS-1D                                                    
 Date:  29. 3.2022    Time:  17:26:19
 Units: L = cm   , T = days , M = mg   

----------------------------------------------------------
 Time       [T]        0.0000
----------------------------------------------------------
 Sub-region num.                     1
----------------------------------------------------------
 Length   [L]        0.30000E+03  0.30000E+03
 W-volume [L]        0.10090E+03  0.10090E+03
 In-flow  [L/T]      0.00000E+00  0.00000E+00
 h Mean   [L]       -0.81392E+02 -0.81392E+02
 ConcVol  [M/L2] 1   0.89083E-01  0.89083E-01
 cMean    [M/L3] 1   0.88284E-03  0.88284E-03
 SorbVolIm[M/L2] 1   0.46086E+02  0.46086E+02
 sMeanIm  [-]    1   0.10594E+00  0.10594E+00
 Top Flux [L/T]      0.00000E+00
 Bot Flux [L/T]     -0.13039E+01
----------------------------------------------------------

----------------------------------------------------------
 Time       [T]        1.0000
----------------------------------------------------------
 Sub-region num.                     1
----------------------------------------------------------
 Length   [L]        0.30000E+03  0.30000E+03
 W-volume [L]        0.99673E+02  0.99673E+02
 In-flow  [L/T]     -0.74341E+00 -0.74341E+00
 h Mean   [L]       -0.91200E+02 -0.91200E+02
 ConcVol  [M/L2] 1   0.88006E-01  0.88006E-01
 cMean    [M/L3] 1   0.88288E-03  0.88288E-03
 SorbVolIm[M/L2] 1   0.46086E+02  0.46086E+02
 sMeanIm  [-]    1   0.10594E+00  0.10594E+00
 Top Flux [L/T]      0.24738E-01
 Bot Flux [L/T]     -0.65937E+00
 WatBalT  [L]       -0.28133E-04
 WatBalR  [%]              0.002
 CncBalT  [M]    1   0.15259E-04
 CncBalR  [%]    1         1.415
----------------------------------------------------------
 
 Calculation time [sec]  9.999999776482582E-003
