 ******* Program HYDRUS
 ******* 
 Welcome to HYDRUS-1D                                                    
 Date:  28. 3.2022    Time:   8:57:19
 Units: L = cm   , T = days , M = mg   

----------------------------------------------------------
 Time       [T]        0.0000
----------------------------------------------------------
 Sub-region num.                     1
----------------------------------------------------------
 Length   [L]        0.30000E+03  0.30000E+03
 W-volume [L]        0.10125E+03  0.10125E+03
 In-flow  [L/T]      0.00000E+00  0.00000E+00
 h Mean   [L]       -0.79008E+02 -0.79008E+02
 ConcVol  [M/L2] 1   0.90511E-01  0.90511E-01
 cMean    [M/L3] 1   0.89543E-03  0.89543E-03
 SorbVolIm[M/L2] 1   0.46742E+02  0.46742E+02
 sMeanIm  [-]    1   0.10745E+00  0.10745E+00
 Top Flux [L/T]      0.58528E-01
 Bot Flux [L/T]     -0.12169E+01
----------------------------------------------------------

----------------------------------------------------------
 Time       [T]        1.0000
----------------------------------------------------------
 Sub-region num.                     1
----------------------------------------------------------
 Length   [L]        0.30000E+03  0.30000E+03
 W-volume [L]        0.99290E+02  0.99290E+02
 In-flow  [L/T]     -0.10559E+01 -0.10559E+01
 h Mean   [L]       -0.95271E+02 -0.95271E+02
 ConcVol  [M/L2] 1   0.88713E-01  0.88713E-01
 cMean    [M/L3] 1   0.89549E-03  0.89549E-03
 SorbVolIm[M/L2] 1   0.46742E+02  0.46742E+02
 sMeanIm  [-]    1   0.10745E+00  0.10745E+00
 Top Flux [L/T]      0.17491E+00
 Bot Flux [L/T]     -0.88187E+00
 WatBalT  [L]       -0.75577E-02
 WatBalR  [%]              0.386
 CncBalT  [M]    1   0.15259E-04
 CncBalR  [%]    1         0.848
----------------------------------------------------------
 
 Calculation time [sec]  9.999990463256836E-003
