 All solute fluxes and cumulative solute fluxes are positive into the region

       Time         cvTop        cvBot      Sum(cvTop)   Sum(cvBot)     cvCh0        cvCh1         cTop        cRoot         cBot        cvRoot    Sum(cvRoot)  Sum(cvNEql) TLevel      cGWL        cRunOff   Sum(cRunOff)    (cv(i),    Sum(cv(i)), i=1,NObs)
        [T]        [M/L2/T]     [M/L2/T]      [M/L2]       [M/L2]       [M/L2]      [M/L2]        [M/L3]      [M/L3]        [M/L3]      [M/L2/T]      [M/L2]       [M/L2]              [M/L3]        [M/L2]      [M/L3]      [M/L2/T]      [M/L2]
        0.0100  0.00000E+00 -0.71730E-03  0.00000E+00 -0.71730E-05  0.00000E+00  0.00000E+00  0.10385E-02  0.94904E-03  0.88148E-03  0.17592E-04  0.17592E-06 -0.23166E-05       1  0.88322E-03  0.00000E+00  0.00000E+00  0.10862E-03  0.10862E-05 -0.20646E-03 -0.20646E-05 -0.17690E-03 -0.17690E-05
        0.0230  0.00000E+00 -0.65082E-03  0.00000E+00 -0.15634E-04  0.00000E+00  0.00000E+00  0.10386E-02  0.94893E-03  0.88143E-03  0.17590E-04  0.40460E-06  0.14979E-05       2  0.88321E-03  0.00000E+00  0.00000E+00  0.10756E-03  0.24845E-05 -0.19928E-03 -0.46552E-05 -0.17512E-03 -0.40455E-05
        0.0399  0.00000E+00 -0.66240E-03  0.00000E+00 -0.26828E-04  0.00000E+00  0.00000E+00  0.10387E-02  0.94896E-03  0.88145E-03  0.17591E-04  0.70188E-06  0.54718E-05       3  0.88322E-03  0.00000E+00  0.00000E+00  0.10701E-03  0.42929E-05 -0.18891E-03 -0.78478E-05 -0.17204E-03 -0.69529E-05
        0.0619  0.00000E+00 -0.66425E-03  0.00000E+00 -0.41422E-04  0.00000E+00  0.00000E+00  0.10387E-02  0.94895E-03  0.88144E-03  0.17591E-04  0.10884E-05  0.10787E-04       4  0.88321E-03  0.00000E+00  0.00000E+00  0.10583E-03  0.66180E-05 -0.17800E-03 -0.11759E-04 -0.16769E-03 -0.10637E-04
        0.0904  0.00000E+00 -0.65675E-03  0.00000E+00 -0.60179E-04  0.00000E+00  0.00000E+00  0.10387E-02  0.94896E-03  0.88145E-03  0.17591E-04  0.15908E-05  0.17275E-04       5  0.88321E-03  0.00000E+00  0.00000E+00  0.10365E-03  0.95785E-05 -0.16662E-03 -0.16517E-04 -0.16179E-03 -0.15258E-04
        0.1276  0.00000E+00 -0.64185E-03  0.00000E+00 -0.84011E-04  0.00000E+00  0.00000E+00  0.10386E-02  0.94895E-03  0.88145E-03  0.17591E-04  0.22439E-05  0.25413E-04       6  0.88321E-03  0.00000E+00  0.00000E+00  0.99799E-04  0.13284E-04 -0.15560E-03 -0.22295E-04 -0.15436E-03 -0.20989E-04
        0.1758  0.00000E+00 -0.61924E-03  0.00000E+00 -0.11390E-03  0.00000E+00  0.00000E+00  0.10386E-02  0.94895E-03  0.88145E-03  0.17591E-04  0.30930E-05  0.35256E-04       7  0.88321E-03  0.00000E+00  0.00000E+00  0.93393E-04  0.17792E-04 -0.14481E-03 -0.29284E-04 -0.14535E-03 -0.28005E-04
        0.2258  0.00000E+00 -0.59216E-03  0.00000E+00 -0.14351E-03  0.00000E+00  0.00000E+00  0.10386E-02  0.94895E-03  0.88144E-03  0.17591E-04  0.39725E-05  0.44899E-04       8  0.88321E-03  0.00000E+00  0.00000E+00  0.85650E-04  0.22074E-04 -0.13592E-03 -0.36081E-04 -0.13716E-03 -0.34863E-04
        0.2758  0.00000E+00 -0.56468E-03  0.00000E+00 -0.17174E-03  0.00000E+00  0.00000E+00  0.10393E-02  0.94895E-03  0.88144E-03  0.17591E-04  0.48521E-05  0.57025E-04       9  0.88321E-03  0.00000E+00  0.00000E+00  0.16297E-03  0.30223E-04 -0.92381E-04 -0.40700E-04 -0.12467E-03 -0.41096E-04
        0.3258  0.00000E+00 -0.53779E-03  0.00000E+00 -0.19863E-03  0.00000E+00  0.00000E+00  0.10422E-02  0.94896E-03  0.88144E-03  0.17591E-04  0.57316E-05  0.82232E-04      10  0.88321E-03  0.00000E+00  0.00000E+00  0.46199E-03  0.53322E-04 -0.33080E-04 -0.42354E-04 -0.90272E-04 -0.45610E-04
        0.3758  0.00000E+00 -0.51168E-03  0.00000E+00 -0.22422E-03  0.00000E+00  0.00000E+00  0.10446E-02  0.94898E-03  0.88144E-03  0.17591E-04  0.66112E-05  0.12231E-03      11  0.88321E-03  0.00000E+00  0.00000E+00  0.67298E-03  0.86971E-04 -0.73397E-04 -0.46023E-04 -0.28629E-04 -0.47041E-04
        0.4258  0.00000E+00 -0.48615E-03  0.00000E+00 -0.24852E-03  0.00000E+00  0.00000E+00  0.10461E-02  0.94898E-03  0.88144E-03  0.17591E-04  0.74907E-05  0.17272E-03      12  0.88321E-03  0.00000E+00  0.00000E+00  0.81575E-03  0.12776E-03 -0.11548E-03 -0.51797E-04  0.48106E-04 -0.44636E-04
        0.4758  0.00000E+00 -0.46063E-03  0.00000E+00 -0.27156E-03  0.00000E+00  0.00000E+00  0.10469E-02  0.94899E-03  0.88144E-03  0.17591E-04  0.83703E-05  0.22930E-03      13  0.88321E-03  0.00000E+00  0.00000E+00  0.87863E-03  0.17169E-03 -0.15148E-03 -0.59371E-04  0.12844E-03 -0.38214E-04
        0.5258  0.00000E+00 -0.43471E-03  0.00000E+00 -0.29329E-03  0.00000E+00  0.00000E+00  0.10471E-02  0.94898E-03  0.88143E-03  0.17590E-04  0.92498E-05  0.28622E-03      14  0.88321E-03  0.00000E+00  0.00000E+00  0.87458E-03  0.21542E-03 -0.17595E-03 -0.68169E-04  0.20056E-03 -0.28186E-04
        0.5758  0.00000E+00 -0.40802E-03  0.00000E+00 -0.31369E-03  0.00000E+00  0.00000E+00  0.10467E-02  0.94898E-03  0.88143E-03  0.17590E-04  0.10129E-04  0.33852E-03      15  0.88321E-03  0.00000E+00  0.00000E+00  0.79560E-03  0.25520E-03 -0.18706E-03 -0.77522E-04  0.25518E-03 -0.15427E-04
        0.6258  0.00000E+00 -0.38015E-03  0.00000E+00 -0.33270E-03  0.00000E+00  0.00000E+00  0.10455E-02  0.94897E-03  0.88143E-03  0.17589E-04  0.11009E-04  0.38097E-03      16  0.88321E-03  0.00000E+00  0.00000E+00  0.64903E-03  0.28765E-03 -0.18307E-03 -0.86675E-04  0.28642E-03 -0.11061E-05
        0.6758  0.00000E+00 -0.35112E-03  0.00000E+00 -0.35025E-03  0.00000E+00  0.00000E+00  0.10437E-02  0.94896E-03  0.88143E-03  0.17589E-04  0.11888E-04  0.40989E-03      17  0.88321E-03  0.00000E+00  0.00000E+00  0.43080E-03  0.30919E-03 -0.16536E-03 -0.94943E-04  0.29007E-03  0.13397E-04
        0.7258  0.00000E+00 -0.32121E-03  0.00000E+00 -0.36632E-03  0.00000E+00  0.00000E+00  0.10411E-02  0.94895E-03  0.88142E-03  0.17589E-04  0.12768E-04  0.42244E-03      18  0.88321E-03  0.00000E+00  0.00000E+00  0.14266E-03  0.31632E-03 -0.13342E-03 -0.10161E-03  0.26529E-03  0.26662E-04
        0.7758  0.00000E+00 -0.29101E-03  0.00000E+00 -0.38087E-03  0.00000E+00  0.00000E+00  0.10404E-02  0.94893E-03  0.88142E-03  0.17589E-04  0.13647E-04  0.42808E-03      19  0.88321E-03  0.00000E+00  0.00000E+00  0.81360E-04  0.32039E-03 -0.10598E-03 -0.10691E-03  0.22529E-03  0.37926E-04
        0.8258  0.00000E+00 -0.26100E-03  0.00000E+00 -0.39392E-03  0.00000E+00  0.00000E+00  0.10405E-02  0.94895E-03  0.88142E-03  0.17590E-04  0.14527E-04  0.43384E-03      20  0.88321E-03  0.00000E+00  0.00000E+00  0.88217E-04  0.32480E-03 -0.85899E-04 -0.11121E-03  0.18802E-03  0.47327E-04
        0.8758  0.00000E+00 -0.23187E-03  0.00000E+00 -0.40551E-03  0.00000E+00  0.00000E+00  0.10405E-02  0.94894E-03  0.88141E-03  0.17590E-04  0.15406E-04  0.43977E-03      21  0.88321E-03  0.00000E+00  0.00000E+00  0.94494E-04  0.32953E-03 -0.72990E-04 -0.11486E-03  0.15746E-03  0.55200E-04
        0.9258  0.00000E+00 -0.20430E-03  0.00000E+00 -0.41572E-03  0.00000E+00  0.00000E+00  0.10406E-02  0.94895E-03  0.88141E-03  0.17590E-04  0.16286E-04  0.44620E-03      22  0.88321E-03  0.00000E+00  0.00000E+00  0.98649E-04  0.33446E-03 -0.64390E-04 -0.11808E-03  0.13405E-03  0.61903E-04
        0.9629  0.00000E+00 -0.18160E-03  0.00000E+00 -0.42246E-03  0.00000E+00  0.00000E+00  0.10406E-02  0.94895E-03  0.88141E-03  0.17590E-04  0.16938E-04  0.45101E-03      23  0.88321E-03  0.00000E+00  0.00000E+00  0.10058E-03  0.33819E-03 -0.59655E-04 -0.12029E-03  0.11986E-03  0.66348E-04
        1.0000  0.00000E+00 -0.16357E-03  0.00000E+00 -0.42852E-03  0.00000E+00  0.00000E+00  0.10407E-02  0.94895E-03  0.88141E-03  0.17590E-04  0.17590E-04  0.45601E-03      24  0.88321E-03  0.00000E+00  0.00000E+00  0.10109E-03  0.34194E-03 -0.56187E-04 -0.12237E-03  0.10878E-03  0.70382E-04
end
