 All solute fluxes and cumulative solute fluxes are positive into the region

       Time         cvTop        cvBot      Sum(cvTop)   Sum(cvBot)     cvCh0        cvCh1         cTop        cRoot         cBot        cvRoot    Sum(cvRoot)  Sum(cvNEql) TLevel      cGWL        cRunOff   Sum(cRunOff)    (cv(i),    Sum(cv(i)), i=1,NObs)
        [T]        [M/L2/T]     [M/L2/T]      [M/L2]       [M/L2]       [M/L2]      [M/L2]        [M/L3]      [M/L3]        [M/L3]      [M/L2/T]      [M/L2]       [M/L2]              [M/L3]        [M/L2]      [M/L3]      [M/L2/T]      [M/L2]
        0.0100  0.00000E+00 -0.27170E-03  0.00000E+00 -0.27170E-05  0.00000E+00  0.00000E+00  0.10429E-02  0.91570E-03  0.87694E-03  0.23635E-04  0.23635E-06 -0.78589E-06       1  0.88322E-03  0.00000E+00  0.00000E+00  0.40542E-04  0.40542E-06 -0.26904E-03 -0.26904E-05 -0.18700E-03 -0.18700E-05
        0.0200  0.00000E+00 -0.15760E-03  0.00000E+00 -0.42930E-05  0.00000E+00  0.00000E+00  0.10429E-02  0.91569E-03  0.87682E-03  0.23634E-04  0.47269E-06  0.31394E-05       2  0.88321E-03  0.00000E+00  0.00000E+00  0.37171E-04  0.77712E-06 -0.21374E-03 -0.48279E-05 -0.16030E-03 -0.34730E-05
        0.0330  0.00000E+00 -0.14518E-03  0.00000E+00 -0.61803E-05  0.00000E+00  0.00000E+00  0.10429E-02  0.91571E-03  0.87681E-03  0.23635E-04  0.77994E-06  0.75552E-05       3  0.88321E-03  0.00000E+00  0.00000E+00  0.29631E-04  0.11623E-05 -0.16831E-03 -0.70158E-05 -0.13492E-03 -0.52270E-05
        0.0499  0.00000E+00 -0.12851E-03  0.00000E+00 -0.83521E-05  0.00000E+00  0.00000E+00  0.10428E-02  0.91570E-03  0.87679E-03  0.23635E-04  0.11794E-05  0.13012E-04       4  0.88321E-03  0.00000E+00  0.00000E+00  0.14279E-04  0.14036E-05 -0.14963E-03 -0.95445E-05 -0.11769E-03 -0.72159E-05
        0.0719  0.00000E+00 -0.11067E-03  0.00000E+00 -0.10784E-04  0.00000E+00  0.00000E+00  0.10426E-02  0.91570E-03  0.87678E-03  0.23635E-04  0.16986E-05  0.19469E-04       5  0.88321E-03  0.00000E+00  0.00000E+00 -0.22766E-05  0.13536E-05 -0.14297E-03 -0.12685E-04 -0.10227E-03 -0.94627E-05
        0.1004  0.00000E+00 -0.95165E-04  0.00000E+00 -0.13502E-04  0.00000E+00  0.00000E+00  0.10424E-02  0.91570E-03  0.87676E-03  0.23635E-04  0.23736E-05  0.26665E-04       6  0.88321E-03  0.00000E+00  0.00000E+00 -0.26159E-04  0.60649E-06 -0.15754E-03 -0.17185E-04 -0.94188E-04 -0.12153E-04
        0.1376  0.00000E+00 -0.88381E-04  0.00000E+00 -0.16783E-04  0.00000E+00  0.00000E+00  0.10420E-02  0.91570E-03  0.87676E-03  0.23635E-04  0.32512E-05  0.33716E-04       7  0.88321E-03  0.00000E+00  0.00000E+00 -0.66028E-04 -0.18451E-05 -0.20720E-03 -0.24878E-04 -0.10136E-03 -0.15916E-04
        0.1858  0.00000E+00 -0.10021E-03  0.00000E+00 -0.21620E-04  0.00000E+00  0.00000E+00  0.10415E-02  0.91571E-03  0.87679E-03  0.23635E-04  0.43920E-05  0.38537E-04       8  0.88321E-03  0.00000E+00  0.00000E+00 -0.12808E-03 -0.80273E-05 -0.31664E-03 -0.40162E-04 -0.13747E-03 -0.22551E-04
        0.2358  0.00000E+00 -0.13626E-03  0.00000E+00 -0.28433E-04  0.00000E+00  0.00000E+00  0.10408E-02  0.91571E-03  0.87684E-03  0.23635E-04  0.55737E-05  0.38317E-04       9  0.88321E-03  0.00000E+00  0.00000E+00 -0.19782E-03 -0.17918E-04 -0.46714E-03 -0.63519E-04 -0.19862E-03 -0.32482E-04
        0.2858  0.00000E+00 -0.18958E-03  0.00000E+00 -0.37912E-04  0.00000E+00  0.00000E+00  0.10404E-02  0.91572E-03  0.87690E-03  0.23635E-04  0.67555E-05  0.34247E-04      10  0.88321E-03  0.00000E+00  0.00000E+00 -0.24593E-03 -0.30215E-04 -0.60379E-03 -0.93708E-04 -0.26547E-03 -0.45756E-04
        0.3358  0.00000E+00 -0.24348E-03  0.00000E+00 -0.50086E-04  0.00000E+00  0.00000E+00  0.10401E-02  0.91573E-03  0.87695E-03  0.23635E-04  0.79372E-05  0.28776E-04      11  0.88321E-03  0.00000E+00  0.00000E+00 -0.26579E-03 -0.43504E-04 -0.69866E-03 -0.12864E-03 -0.32117E-03 -0.61814E-04
        0.3858  0.00000E+00 -0.28711E-03  0.00000E+00 -0.64441E-04  0.00000E+00  0.00000E+00  0.10399E-02  0.91573E-03  0.87699E-03  0.23635E-04  0.91190E-05  0.22813E-04      12  0.88321E-03  0.00000E+00  0.00000E+00 -0.28211E-03 -0.57610E-04 -0.77727E-03 -0.16750E-03 -0.36705E-03 -0.80166E-04
        0.4358  0.00000E+00 -0.32008E-03  0.00000E+00 -0.80445E-04  0.00000E+00  0.00000E+00  0.10398E-02  0.91574E-03  0.87702E-03  0.23636E-04  0.10301E-04  0.16454E-04      13  0.88321E-03  0.00000E+00  0.00000E+00 -0.29289E-03 -0.72254E-04 -0.83418E-03 -0.20921E-03 -0.40082E-03 -0.10021E-03
        0.4858  0.00000E+00 -0.34355E-03  0.00000E+00 -0.97623E-04  0.00000E+00  0.00000E+00  0.10397E-02  0.91574E-03  0.87705E-03  0.23636E-04  0.11483E-04  0.99283E-05      14  0.88321E-03  0.00000E+00  0.00000E+00 -0.29749E-03 -0.87128E-04 -0.87021E-03 -0.25272E-03 -0.42369E-03 -0.12139E-03
        0.5358  0.00000E+00 -0.35888E-03  0.00000E+00 -0.11557E-03  0.00000E+00  0.00000E+00  0.10396E-02  0.91575E-03  0.87707E-03  0.23636E-04  0.12664E-04  0.34311E-05      15  0.88321E-03  0.00000E+00  0.00000E+00 -0.29528E-03 -0.10189E-03 -0.88475E-03 -0.29696E-03 -0.43629E-03 -0.14321E-03
        0.5858  0.00000E+00 -0.36722E-03  0.00000E+00 -0.13393E-03  0.00000E+00  0.00000E+00  0.10396E-02  0.91575E-03  0.87708E-03  0.23636E-04  0.13846E-04 -0.28112E-05      16  0.88321E-03  0.00000E+00  0.00000E+00 -0.28660E-03 -0.11622E-03 -0.87892E-03 -0.34091E-03 -0.43954E-03 -0.16518E-03
        0.6358  0.00000E+00 -0.36975E-03  0.00000E+00 -0.15242E-03  0.00000E+00  0.00000E+00  0.10397E-02  0.91575E-03  0.87709E-03  0.23636E-04  0.15028E-04 -0.87375E-05      17  0.88321E-03  0.00000E+00  0.00000E+00 -0.27209E-03 -0.12983E-03 -0.85495E-03 -0.38365E-03 -0.43462E-03 -0.18691E-03
        0.6858  0.00000E+00 -0.36742E-03  0.00000E+00 -0.17079E-03  0.00000E+00  0.00000E+00  0.10398E-02  0.91575E-03  0.87710E-03  0.23636E-04  0.16210E-04 -0.14242E-04      18  0.88321E-03  0.00000E+00  0.00000E+00 -0.25311E-03 -0.14248E-03 -0.81633E-03 -0.42447E-03 -0.42303E-03 -0.20807E-03
        0.7358  0.00000E+00 -0.36142E-03  0.00000E+00 -0.18886E-03  0.00000E+00  0.00000E+00  0.10399E-02  0.91575E-03  0.87710E-03  0.23636E-04  0.17392E-04 -0.19380E-04      19  0.88321E-03  0.00000E+00  0.00000E+00 -0.23134E-03 -0.15405E-03 -0.76763E-03 -0.46285E-03 -0.40663E-03 -0.22840E-03
        0.7858  0.00000E+00 -0.34261E-03  0.00000E+00 -0.20599E-03  0.00000E+00  0.00000E+00  0.10404E-02  0.91574E-03  0.87709E-03  0.23636E-04  0.18573E-04 -0.21195E-04      20  0.88321E-03  0.00000E+00  0.00000E+00 -0.16198E-03 -0.16215E-03 -0.63004E-03 -0.49435E-03 -0.35849E-03 -0.24632E-03
        0.8358  0.00000E+00 -0.30227E-03  0.00000E+00 -0.22110E-03  0.00000E+00  0.00000E+00  0.10409E-02  0.91574E-03  0.87706E-03  0.23636E-04  0.19755E-04 -0.18477E-04      21  0.88321E-03  0.00000E+00  0.00000E+00 -0.95399E-04 -0.16692E-03 -0.48046E-03 -0.51838E-03 -0.29534E-03 -0.26109E-03
        0.8858  0.00000E+00 -0.24661E-03  0.00000E+00 -0.23343E-03  0.00000E+00  0.00000E+00  0.10414E-02  0.91573E-03  0.87702E-03  0.23635E-04  0.20937E-04 -0.12410E-04      22  0.88321E-03  0.00000E+00  0.00000E+00 -0.37683E-04 -0.16880E-03 -0.33366E-03 -0.53506E-03 -0.22425E-03 -0.27230E-03
        0.9358  0.00000E+00 -0.18573E-03  0.00000E+00 -0.24272E-03  0.00000E+00  0.00000E+00  0.10417E-02  0.91573E-03  0.87697E-03  0.23635E-04  0.22119E-04 -0.39777E-05      23  0.88321E-03  0.00000E+00  0.00000E+00  0.36916E-05 -0.16862E-03 -0.20997E-03 -0.54556E-03 -0.15668E-03 -0.28014E-03
        0.9679  0.00000E+00 -0.13764E-03  0.00000E+00 -0.24713E-03  0.00000E+00  0.00000E+00  0.10419E-02  0.91572E-03  0.87694E-03  0.23635E-04  0.22877E-04  0.20511E-05      24  0.88321E-03  0.00000E+00  0.00000E+00  0.31194E-04 -0.16762E-03 -0.14665E-03 -0.55027E-03 -0.11808E-03 -0.28392E-03
        1.0000  0.00000E+00 -0.10487E-03  0.00000E+00 -0.25050E-03  0.00000E+00  0.00000E+00  0.10421E-02  0.91572E-03  0.87691E-03  0.23635E-04  0.23635E-04  0.81578E-05      25  0.88321E-03  0.00000E+00  0.00000E+00  0.42454E-04 -0.16625E-03 -0.10328E-03 -0.55358E-03 -0.87246E-04 -0.28672E-03
end
