 ******* Program HYDRUS
 ******* 
 Welcome to HYDRUS-1D                                                    
 Date:  29. 3.2022    Time:  17:28:33
 Units: L = cm   , T = days , M = mg   

----------------------------------------------------------
 Time       [T]        0.0000
----------------------------------------------------------
 Sub-region num.                     1
----------------------------------------------------------
 Length   [L]        0.30000E+03  0.30000E+03
 W-volume [L]        0.10976E+03  0.10976E+03
 In-flow  [L/T]      0.00000E+00  0.00000E+00
 h Mean   [L]        0.53230E+02  0.53230E+02
 ConcVol  [M/L2] 1   0.98114E-01  0.98114E-01
 cMean    [M/L3] 1   0.89477E-03  0.89477E-03
 SorbVolIm[M/L2] 1   0.46708E+02  0.46708E+02
 sMeanIm  [-]    1   0.10738E+00  0.10738E+00
 Top Flux [L/T]      0.39123E-01
 Bot Flux [L/T]      0.13042E+00
----------------------------------------------------------

----------------------------------------------------------
 Time       [T]        1.0000
----------------------------------------------------------
 Sub-region num.                     1
----------------------------------------------------------
 Length   [L]        0.30000E+03  0.30000E+03
 W-volume [L]        0.10980E+03  0.10980E+03
 In-flow  [L/T]      0.83168E-01  0.83168E-01
 h Mean   [L]        0.54194E+02  0.54194E+02
 ConcVol  [M/L2] 1   0.98157E-01  0.98157E-01
 cMean    [M/L3] 1   0.89480E-03  0.89480E-03
 SorbVolIm[M/L2] 1   0.46708E+02  0.46708E+02
 sMeanIm  [-]    1   0.10738E+00  0.10738E+00
 Top Flux [L/T]      0.30934E-01
 Bot Flux [L/T]      0.11340E+00
 WatBalT  [L]       -0.21809E-02
 WatBalR  [%]              0.806
 CncBalT  [M]    1  -0.38147E-05
 CncBalR  [%]    1         8.623
----------------------------------------------------------
 
 Calculation time [sec]  0.000000000000000E+000
