 All solute fluxes and cumulative solute fluxes are positive into the region

       Time         cvTop        cvBot      Sum(cvTop)   Sum(cvBot)     cvCh0        cvCh1         cTop        cRoot         cBot        cvRoot    Sum(cvRoot)  Sum(cvNEql) TLevel      cGWL        cRunOff   Sum(cRunOff)    (cv(i),    Sum(cv(i)), i=1,NObs)
        [T]        [M/L2/T]     [M/L2/T]      [M/L2]       [M/L2]       [M/L2]      [M/L2]        [M/L3]      [M/L3]        [M/L3]      [M/L2/T]      [M/L2]       [M/L2]              [M/L3]        [M/L2]      [M/L3]      [M/L2/T]      [M/L2]
        0.0100  0.00000E+00 -0.39475E-03  0.00000E+00 -0.39475E-05  0.00000E+00  0.00000E+00  0.10690E-02  0.91403E-03  0.88021E-03  0.00000E+00  0.00000E+00 -0.42745E-06       1  0.88311E-03  0.00000E+00  0.00000E+00  0.40340E-04  0.40340E-06  0.92966E-05  0.92966E-07  0.17363E-03  0.17363E-05
        0.0230  0.00000E+00 -0.70200E-03  0.00000E+00 -0.13073E-04  0.00000E+00  0.00000E+00  0.10690E-02  0.91400E-03  0.88008E-03  0.00000E+00  0.00000E+00  0.50101E-05       2  0.88308E-03  0.00000E+00  0.00000E+00  0.39893E-04  0.92200E-06  0.90211E-05  0.21024E-06  0.17013E-03  0.39480E-05
        0.0399  0.00000E+00 -0.53749E-03  0.00000E+00 -0.22157E-04  0.00000E+00  0.00000E+00  0.10690E-02  0.91401E-03  0.88005E-03  0.00000E+00  0.00000E+00  0.57537E-05       3  0.88309E-03  0.00000E+00  0.00000E+00  0.38950E-04  0.15803E-05  0.86465E-05  0.35637E-06  0.16546E-03  0.67443E-05
        0.0619  0.00000E+00 -0.41257E-03  0.00000E+00 -0.31221E-04  0.00000E+00  0.00000E+00  0.10690E-02  0.91401E-03  0.88000E-03  0.00000E+00  0.00000E+00  0.94113E-05       4  0.88308E-03  0.00000E+00  0.00000E+00  0.37005E-04  0.23933E-05  0.81320E-05  0.53503E-06  0.16009E-03  0.10261E-04
        0.0904  0.00000E+00 -0.32253E-03  0.00000E+00 -0.40433E-04  0.00000E+00  0.00000E+00  0.10690E-02  0.91401E-03  0.87998E-03  0.00000E+00  0.00000E+00  0.13119E-04       5  0.88308E-03  0.00000E+00  0.00000E+00  0.33319E-04  0.33449E-05  0.74453E-05  0.74767E-06  0.15362E-03  0.14649E-04
        0.1276  0.00000E+00 -0.24588E-03  0.00000E+00 -0.49562E-04  0.00000E+00  0.00000E+00  0.10689E-02  0.91401E-03  0.87995E-03  0.00000E+00  0.00000E+00  0.18343E-04       6  0.88308E-03  0.00000E+00  0.00000E+00  0.26729E-04  0.43373E-05  0.64918E-05  0.98871E-06  0.14586E-03  0.20065E-04
        0.1758  0.00000E+00 -0.18081E-03  0.00000E+00 -0.58290E-04  0.00000E+00  0.00000E+00  0.10688E-02  0.91401E-03  0.87993E-03  0.00000E+00  0.00000E+00  0.24281E-04       7  0.88308E-03  0.00000E+00  0.00000E+00  0.15607E-04  0.50907E-05  0.51717E-05  0.12383E-05  0.13620E-03  0.26639E-04
        0.2258  0.00000E+00 -0.12736E-03  0.00000E+00 -0.64658E-04  0.00000E+00  0.00000E+00  0.10686E-02  0.91401E-03  0.87991E-03  0.00000E+00  0.00000E+00  0.30213E-04       8  0.88308E-03  0.00000E+00  0.00000E+00  0.19720E-05  0.51893E-05  0.37012E-05  0.14234E-05  0.12638E-03  0.32958E-04
        0.2758  0.00000E+00 -0.87239E-04  0.00000E+00 -0.69020E-04  0.00000E+00  0.00000E+00  0.10688E-02  0.91401E-03  0.87990E-03  0.00000E+00  0.00000E+00  0.36880E-04       9  0.88308E-03  0.00000E+00  0.00000E+00  0.21698E-04  0.62742E-05  0.28900E-05  0.15679E-05  0.11789E-03  0.38853E-04
        0.3258  0.00000E+00 -0.56553E-04  0.00000E+00 -0.71847E-04  0.00000E+00  0.00000E+00  0.10701E-02  0.91401E-03  0.87989E-03  0.00000E+00  0.00000E+00  0.52156E-04      10  0.88308E-03  0.00000E+00  0.00000E+00  0.13611E-03  0.13080E-04  0.46904E-05  0.18024E-05  0.11862E-03  0.44783E-04
        0.3758  0.00000E+00 -0.32191E-04  0.00000E+00 -0.73457E-04  0.00000E+00  0.00000E+00  0.10714E-02  0.91403E-03  0.87988E-03  0.00000E+00  0.00000E+00  0.86102E-04      11  0.88308E-03  0.00000E+00  0.00000E+00  0.22044E-03  0.24102E-04  0.79282E-05  0.21988E-05  0.13881E-03  0.51724E-04
        0.4258  0.00000E+00 -0.12059E-04  0.00000E+00 -0.74060E-04  0.00000E+00  0.00000E+00  0.10721E-02  0.91408E-03  0.87987E-03  0.00000E+00  0.00000E+00  0.13636E-03      12  0.88308E-03  0.00000E+00  0.00000E+00  0.27750E-03  0.37977E-04  0.12143E-04  0.28060E-05  0.17020E-03  0.60234E-04
        0.4758  0.00000E+00 -0.14098E-05  0.00000E+00 -0.74130E-04  0.00000E+00  0.00000E+00  0.10726E-02  0.91409E-03  0.87897E-03  0.00000E+00  0.00000E+00  0.19457E-03      13  0.88307E-03  0.00000E+00  0.00000E+00  0.30205E-03  0.53079E-04  0.16473E-04  0.36296E-05  0.20643E-03  0.70555E-04
        0.5258  0.00000E+00  0.00000E+00  0.00000E+00 -0.74130E-04  0.00000E+00  0.00000E+00  0.10727E-02  0.91412E-03  0.87924E-03  0.00000E+00  0.00000E+00  0.25661E-03      14  0.88307E-03  0.00000E+00  0.00000E+00  0.29919E-03  0.68039E-04  0.20261E-04  0.46427E-05  0.24142E-03  0.82626E-04
        0.5758  0.00000E+00  0.00000E+00  0.00000E+00 -0.74130E-04  0.00000E+00  0.00000E+00  0.10725E-02  0.91412E-03  0.87881E-03  0.00000E+00  0.00000E+00  0.31620E-03      15  0.88306E-03  0.00000E+00  0.00000E+00  0.26857E-03  0.81467E-04  0.22982E-04  0.57918E-05  0.27016E-03  0.96135E-04
        0.6258  0.00000E+00  0.00000E+00  0.00000E+00 -0.74130E-04  0.00000E+00  0.00000E+00  0.10719E-02  0.91413E-03  0.87882E-03  0.00000E+00  0.00000E+00  0.36683E-03      16  0.88307E-03  0.00000E+00  0.00000E+00  0.21041E-03  0.91987E-04  0.24023E-04  0.69930E-05  0.28800E-03  0.11053E-03
        0.6758  0.00000E+00  0.00000E+00  0.00000E+00 -0.74130E-04  0.00000E+00  0.00000E+00  0.10709E-02  0.91411E-03  0.87853E-03  0.00000E+00  0.00000E+00  0.40307E-03      17  0.88306E-03  0.00000E+00  0.00000E+00  0.12576E-03  0.98275E-04  0.23055E-04  0.81457E-05  0.29285E-03  0.12518E-03
        0.7258  0.00000E+00  0.00000E+00  0.00000E+00 -0.74130E-04  0.00000E+00  0.00000E+00  0.10696E-02  0.91409E-03  0.87843E-03  0.00000E+00  0.00000E+00  0.42069E-03      18  0.88306E-03  0.00000E+00  0.00000E+00  0.16157E-04  0.99083E-04  0.19947E-04  0.91430E-05  0.28246E-03  0.13930E-03
        0.7758  0.00000E+00  0.00000E+00  0.00000E+00 -0.74130E-04  0.00000E+00  0.00000E+00  0.10693E-02  0.91405E-03  0.87820E-03  0.00000E+00  0.00000E+00  0.42190E-03      19  0.88306E-03  0.00000E+00  0.00000E+00  0.19679E-05  0.99182E-04  0.17224E-04  0.10004E-04  0.25982E-03  0.15229E-03
        0.8258  0.00000E+00  0.00000E+00  0.00000E+00 -0.74130E-04  0.00000E+00  0.00000E+00  0.10695E-02  0.91403E-03  0.87806E-03  0.00000E+00  0.00000E+00  0.41902E-03      20  0.88306E-03  0.00000E+00  0.00000E+00  0.15028E-04  0.99933E-04  0.15083E-04  0.10758E-04  0.23881E-03  0.16423E-03
        0.8758  0.00000E+00  0.00000E+00  0.00000E+00 -0.74130E-04  0.00000E+00  0.00000E+00  0.10697E-02  0.91404E-03  0.87787E-03  0.00000E+00  0.00000E+00  0.41645E-03      21  0.88305E-03  0.00000E+00  0.00000E+00  0.26045E-04  0.10124E-03  0.13509E-04  0.11434E-04  0.22043E-03  0.17525E-03
        0.9258  0.00000E+00  0.00000E+00  0.00000E+00 -0.74130E-04  0.00000E+00  0.00000E+00  0.10698E-02  0.91403E-03  0.87774E-03  0.00000E+00  0.00000E+00  0.41331E-03      22  0.88305E-03  0.00000E+00  0.00000E+00  0.33811E-04  0.10293E-03  0.12274E-04  0.12048E-04  0.20541E-03  0.18552E-03
        0.9629  0.00000E+00  0.00000E+00  0.00000E+00 -0.74130E-04  0.00000E+00  0.00000E+00  0.10698E-02  0.91404E-03  0.87762E-03  0.00000E+00  0.00000E+00  0.41103E-03      23  0.88305E-03  0.00000E+00  0.00000E+00  0.37200E-04  0.10431E-03  0.11464E-04  0.12473E-04  0.19566E-03  0.19278E-03
        1.0000  0.00000E+00  0.00000E+00  0.00000E+00 -0.74130E-04  0.00000E+00  0.00000E+00  0.10699E-02  0.91403E-03  0.87752E-03  0.00000E+00  0.00000E+00  0.40832E-03      24  0.88305E-03  0.00000E+00  0.00000E+00  0.38294E-04  0.10573E-03  0.10743E-04  0.12871E-04  0.18736E-03  0.19973E-03
end
