 ******* Program HYDRUS
 ******* 
 Welcome to HYDRUS-1D                                                    
 Date:  28. 3.2022    Time:   8:56:25
 Units: L = cm   , T = days , M = mg   

       Time          rTop        rRoot        vTop         vRoot        vBot       sum(rTop)   sum(rRoot)    sum(vTop)   sum(vRoot)    sum(vBot)      hTop         hRoot        hBot        RunOff    sum(RunOff)     Volume     sum(Infil)    sum(Evap) TLevel Cum(WTrans)  SnowLayer
        [T]         [L/T]        [L/T]        [L/T]        [L/T]        [L/T]         [L]          [L]          [L]         [L]           [L]         [L]           [L]         [L]          [L/T]         [L]          [L]          [L]          [L]

       0.0100  0.54159E-01  0.41879E-01  0.54164E-01  0.41320E-01 -0.15474E+01  0.54159E-03  0.41879E-03  0.54164E-03  0.41320E-03 -0.15474E-01 -0.21402E+03 -0.18378E+03  0.70169E+02  0.00000E+00  0.00000E+00  0.10158E+03  0.00000E+00  0.54164E-03      1  0.00000E+00      0.000
       0.0230  0.54159E-01  0.41879E-01  0.54162E-01  0.41319E-01 -0.13419E+01  0.12457E-02  0.96322E-03  0.12457E-02  0.95035E-03 -0.32920E-01 -0.21414E+03 -0.18391E+03  0.70169E+02  0.00000E+00  0.00000E+00  0.10156E+03  0.00000E+00  0.12457E-02      2  0.00000E+00      0.000
       0.0399  0.54159E-01  0.41879E-01  0.54160E-01  0.41317E-01 -0.11566E+01  0.21610E-02  0.16710E-02  0.21610E-02  0.16486E-02 -0.52466E-01 -0.21430E+03 -0.18409E+03  0.70169E+02  0.00000E+00  0.00000E+00  0.10154E+03  0.00000E+00  0.21610E-02      3  0.00000E+00      0.000
       0.0619  0.54159E-01  0.41879E-01  0.54160E-01  0.41316E-01 -0.10377E+01  0.33508E-02  0.25911E-02  0.33509E-02  0.25563E-02 -0.75263E-01 -0.21451E+03 -0.18432E+03  0.70169E+02  0.00000E+00  0.00000E+00  0.10151E+03  0.00000E+00  0.33509E-02      4  0.00000E+00      0.000
       0.0904  0.54159E-01  0.41879E-01  0.54157E-01  0.41313E-01 -0.93243E+00  0.48977E-02  0.37872E-02  0.48977E-02  0.37363E-02 -0.10189E+00 -0.21479E+03 -0.18462E+03  0.70169E+02  0.00000E+00  0.00000E+00  0.10148E+03  0.00000E+00  0.48977E-02      5  0.00000E+00      0.000
       0.1276  0.54159E-01  0.41879E-01  0.54159E-01  0.41310E-01 -0.84290E+00  0.69086E-02  0.53421E-02  0.69086E-02  0.52701E-02 -0.13319E+00 -0.21516E+03 -0.18500E+03  0.70169E+02  0.00000E+00  0.00000E+00  0.10145E+03  0.00000E+00  0.69086E-02      6  0.00000E+00      0.000
       0.1758  0.54159E-01  0.41879E-01  0.54158E-01  0.41305E-01 -0.75912E+00  0.95227E-02  0.73635E-02  0.95227E-02  0.72638E-02 -0.16983E+00 -0.21564E+03 -0.18550E+03  0.70169E+02  0.00000E+00  0.00000E+00  0.10141E+03  0.00000E+00  0.95227E-02      7  0.00000E+00      0.000
       0.2386  0.54159E-01  0.41879E-01  0.54156E-01  0.41300E-01 -0.67998E+00  0.12921E-01  0.99913E-02  0.12921E-01  0.98553E-02 -0.21250E+00 -0.21628E+03 -0.18614E+03  0.70169E+02  0.00000E+00  0.00000E+00  0.10136E+03  0.00000E+00  0.12921E-01      8  0.00000E+00      0.000
       0.3232  0.27539E+00  0.21295E+00  0.27539E+00  0.20992E+00 -0.60051E+00  0.36220E-01  0.28007E-01  0.36220E-01  0.27615E-01 -0.26331E+00 -0.22047E+03 -0.18770E+03  0.70169E+02  0.00000E+00  0.00000E+00  0.10128E+03  0.00000E+00  0.36220E-01      9  0.00000E+00      0.000
       0.4360  0.57105E+00  0.44157E+00  0.57105E+00  0.43481E+00 -0.51817E+00  0.10064E+00  0.77817E-01  0.10064E+00  0.76664E-01 -0.32176E+00 -0.22961E+03 -0.19171E+03  0.70169E+02  0.00000E+00  0.00000E+00  0.10113E+03  0.00000E+00  0.10064E+00     10  0.00000E+00      0.000
       0.5770  0.54937E+00  0.42481E+00  0.54937E+00  0.41768E+00 -0.42930E+00  0.17810E+00  0.13772E+00  0.17810E+00  0.13556E+00 -0.38229E+00 -0.23767E+03 -0.19728E+03  0.70169E+02  0.00000E+00  0.00000E+00  0.10093E+03  0.00000E+00  0.17810E+00     11  0.00000E+00      0.000
       0.7885  0.54159E-01  0.41879E-01  0.54158E-01  0.41150E-01 -0.31280E+00  0.18956E+00  0.14657E+00  0.18955E+00  0.14426E+00 -0.44845E+00 -0.23432E+03 -0.20038E+03  0.70169E+02  0.00000E+00  0.00000E+00  0.10077E+03  0.00000E+00  0.18955E+00     12  0.00000E+00      0.000
       1.0000  0.54159E-01  0.41879E-01  0.54158E-01  0.41153E-01 -0.21774E+00  0.20101E+00  0.15543E+00  0.20101E+00  0.15297E+00 -0.49450E+00 -0.23357E+03 -0.20056E+03  0.70169E+02  0.00000E+00  0.00000E+00  0.10070E+03  0.00000E+00  0.20101E+00     13  0.00000E+00      0.000
end
