 All solute fluxes and cumulative solute fluxes are positive into the region

       Time         cvTop        cvBot      Sum(cvTop)   Sum(cvBot)     cvCh0        cvCh1         cTop        cRoot         cBot        cvRoot    Sum(cvRoot)  Sum(cvNEql) TLevel      cGWL        cRunOff   Sum(cRunOff)    (cv(i),    Sum(cv(i)), i=1,NObs)
        [T]        [M/L2/T]     [M/L2/T]      [M/L2]       [M/L2]       [M/L2]      [M/L2]        [M/L3]      [M/L3]        [M/L3]      [M/L2/T]      [M/L2]       [M/L2]              [M/L3]        [M/L2]      [M/L3]      [M/L2/T]      [M/L2]
        0.0100  0.00000E+00  0.00000E+00  0.00000E+00  0.00000E+00  0.00000E+00  0.00000E+00  0.00000E+00  0.91499E-03  0.86654E-03  0.74375E-04  0.74375E-06  0.23639E-01       1  0.88264E-03  0.00000E+00  0.00000E+00  0.00000E+00  0.00000E+00 -0.77989E-05 -0.77989E-07  0.11817E-03  0.11817E-05
        0.0200  0.00000E+00  0.00000E+00  0.00000E+00  0.00000E+00  0.00000E+00  0.00000E+00  0.14515E-02  0.92153E-03  0.86499E-03  0.75090E-04  0.14946E-05  0.20926E-01       2  0.88256E-03  0.00000E+00  0.00000E+00  0.32029E-04  0.32029E-06 -0.63014E-05 -0.14100E-06  0.11707E-03  0.23523E-05
        0.0330  0.00000E+00  0.00000E+00  0.00000E+00  0.00000E+00  0.00000E+00  0.00000E+00  0.91114E-03  0.91785E-03  0.86610E-03  0.74689E-04  0.24656E-05  0.21904E-01       3  0.88262E-03  0.00000E+00  0.00000E+00  0.72214E-05  0.41417E-06 -0.65422E-05 -0.22605E-06  0.11548E-03  0.38535E-05
        0.0499  0.00000E+00  0.00000E+00  0.00000E+00  0.00000E+00  0.00000E+00  0.00000E+00  0.11767E-02  0.91357E-03  0.86643E-03  0.74214E-04  0.37198E-05  0.21417E-01       4  0.88264E-03  0.00000E+00  0.00000E+00 -0.88562E-04 -0.10825E-05 -0.87405E-05 -0.37377E-06  0.11334E-03  0.57689E-05
        0.0719  0.00000E+00  0.00000E+00  0.00000E+00  0.00000E+00  0.00000E+00  0.00000E+00  0.10259E-02  0.91610E-03  0.86680E-03  0.74497E-04  0.53565E-05  0.21675E-01       5  0.88266E-03  0.00000E+00  0.00000E+00 -0.93445E-04 -0.31355E-05 -0.87224E-05 -0.56540E-06  0.10937E-03  0.81718E-05
        0.1004  0.00000E+00  0.00000E+00  0.00000E+00  0.00000E+00  0.00000E+00  0.00000E+00  0.11225E-02  0.91437E-03  0.86705E-03  0.74304E-04  0.74787E-05  0.21470E-01       6  0.88267E-03  0.00000E+00  0.00000E+00 -0.36494E-03 -0.13559E-04 -0.90601E-05 -0.82416E-06  0.10027E-03  0.11036E-04
        0.1376  0.00000E+00  0.00000E+00  0.00000E+00  0.00000E+00  0.00000E+00  0.00000E+00  0.10509E-02  0.91561E-03  0.86727E-03  0.74443E-04  0.10243E-04  0.21562E-01       7  0.88268E-03  0.00000E+00  0.00000E+00 -0.47943E-03 -0.31359E-04 -0.14594E-03 -0.62428E-05  0.77435E-04  0.13911E-04
        0.1858  0.00000E+00  0.00000E+00  0.00000E+00  0.00000E+00  0.00000E+00  0.00000E+00  0.11020E-02  0.91460E-03  0.86744E-03  0.74330E-04  0.13831E-04  0.21383E-01       8  0.88269E-03  0.00000E+00  0.00000E+00 -0.11238E-02 -0.85604E-04 -0.48391E-03 -0.29600E-04  0.22577E-04  0.15001E-04
        0.2358  0.00000E+00  0.00000E+00  0.00000E+00  0.00000E+00  0.00000E+00  0.00000E+00  0.10554E-02  0.91539E-03  0.86755E-03  0.74419E-04  0.17551E-04  0.21365E-01       9  0.88269E-03  0.00000E+00  0.00000E+00 -0.13170E-02 -0.15145E-03 -0.97916E-03 -0.78558E-04 -0.75006E-04  0.11250E-04
        0.2858  0.00000E+00  0.00000E+00  0.00000E+00  0.00000E+00  0.00000E+00  0.00000E+00  0.10870E-02  0.91469E-03  0.86762E-03  0.74340E-04  0.21268E-04  0.21163E-01      10  0.88269E-03  0.00000E+00  0.00000E+00 -0.20297E-02 -0.25294E-03 -0.16144E-02 -0.15928E-03 -0.22143E-03  0.17886E-06
        0.3358  0.00000E+00  0.00000E+00  0.00000E+00  0.00000E+00  0.00000E+00  0.00000E+00  0.10565E-02  0.91531E-03  0.86768E-03  0.74409E-04  0.24989E-04  0.21077E-01      11  0.88270E-03  0.00000E+00  0.00000E+00 -0.20406E-02 -0.35497E-03 -0.23261E-02 -0.27558E-03 -0.40452E-03 -0.20047E-04
        0.3858  0.00000E+00  0.00000E+00  0.00000E+00  0.00000E+00  0.00000E+00  0.00000E+00  0.10768E-02  0.91487E-03  0.86772E-03  0.74359E-04  0.28707E-04  0.20884E-01      12  0.88270E-03  0.00000E+00  0.00000E+00 -0.25752E-02 -0.48373E-03 -0.30320E-02 -0.42718E-03 -0.60539E-03 -0.50316E-04
        0.4358  0.00000E+00  0.00000E+00  0.00000E+00  0.00000E+00  0.00000E+00  0.00000E+00  0.10572E-02  0.91537E-03  0.86775E-03  0.74414E-04  0.32428E-04  0.20783E-01      13  0.88270E-03  0.00000E+00  0.00000E+00 -0.24771E-02 -0.60759E-03 -0.36465E-02 -0.60950E-03 -0.80972E-03 -0.90802E-04
        0.4858  0.00000E+00  0.00000E+00  0.00000E+00  0.00000E+00  0.00000E+00  0.00000E+00  0.10708E-02  0.91509E-03  0.86778E-03  0.74382E-04  0.36147E-04  0.20616E-01      14  0.88270E-03  0.00000E+00  0.00000E+00 -0.27725E-02 -0.74621E-03 -0.41280E-02 -0.81591E-03 -0.10033E-02 -0.14097E-03
        0.5358  0.00000E+00  0.00000E+00  0.00000E+00  0.00000E+00  0.00000E+00  0.00000E+00  0.10586E-02  0.91542E-03  0.86781E-03  0.74417E-04  0.39868E-04  0.20516E-01      15  0.88270E-03  0.00000E+00  0.00000E+00 -0.25572E-02 -0.87407E-03 -0.44813E-02 -0.10400E-02 -0.11752E-02 -0.19973E-03
        0.5858  0.00000E+00  0.00000E+00  0.00000E+00  0.00000E+00  0.00000E+00  0.00000E+00  0.10685E-02  0.91524E-03  0.86785E-03  0.74396E-04  0.43587E-04  0.20380E-01      16  0.88270E-03  0.00000E+00  0.00000E+00 -0.25953E-02 -0.10038E-02 -0.46698E-02 -0.12735E-02 -0.13242E-02 -0.26593E-03
        0.6358  0.00000E+00  0.00000E+00  0.00000E+00  0.00000E+00  0.00000E+00  0.00000E+00  0.10616E-02  0.91541E-03  0.86789E-03  0.74416E-04  0.47308E-04  0.20293E-01      17  0.88270E-03  0.00000E+00  0.00000E+00 -0.22715E-02 -0.11174E-02 -0.46172E-02 -0.15043E-02 -0.14279E-02 -0.33733E-03
        0.6858  0.00000E+00  0.00000E+00  0.00000E+00  0.00000E+00  0.00000E+00  0.00000E+00  0.10695E-02  0.91527E-03  0.86795E-03  0.74400E-04  0.51028E-04  0.20186E-01      18  0.88271E-03  0.00000E+00  0.00000E+00 -0.20880E-02 -0.12218E-02 -0.43721E-02 -0.17229E-02 -0.14771E-02 -0.41118E-03
        0.7358  0.00000E+00  0.00000E+00  0.00000E+00  0.00000E+00  0.00000E+00  0.00000E+00  0.10662E-02  0.91533E-03  0.86802E-03  0.74407E-04  0.54748E-04  0.20114E-01      19  0.88271E-03  0.00000E+00  0.00000E+00 -0.16871E-02 -0.13062E-02 -0.39772E-02 -0.19218E-02 -0.14759E-02 -0.48498E-03
        0.7858  0.00000E+00  0.00000E+00  0.00000E+00  0.00000E+00  0.00000E+00  0.00000E+00  0.10732E-02  0.91520E-03  0.86811E-03  0.74393E-04  0.58468E-04  0.20035E-01      20  0.88271E-03  0.00000E+00  0.00000E+00 -0.12954E-02 -0.13709E-02 -0.34385E-02 -0.20937E-02 -0.14255E-02 -0.55625E-03
        0.8358  0.00000E+00  0.00000E+00  0.00000E+00  0.00000E+00  0.00000E+00  0.00000E+00  0.10726E-02  0.91520E-03  0.86822E-03  0.74394E-04  0.62188E-04  0.19999E-01      21  0.88272E-03  0.00000E+00  0.00000E+00 -0.82312E-03 -0.14121E-02 -0.28280E-02 -0.22351E-02 -0.13074E-02 -0.62162E-03
        0.8858  0.00000E+00  0.00000E+00  0.00000E+00  0.00000E+00  0.00000E+00  0.00000E+00  0.10782E-02  0.91517E-03  0.86835E-03  0.74389E-04  0.65907E-04  0.19976E-01      22  0.88272E-03  0.00000E+00  0.00000E+00 -0.43025E-03 -0.14336E-02 -0.22203E-02 -0.23461E-02 -0.11515E-02 -0.67920E-03
        0.9358  0.00000E+00  0.00000E+00  0.00000E+00  0.00000E+00  0.00000E+00  0.00000E+00  0.10777E-02  0.91516E-03  0.86850E-03  0.74389E-04  0.69627E-04  0.19980E-01      23  0.88273E-03  0.00000E+00  0.00000E+00 -0.12142E-03 -0.14397E-02 -0.16848E-02 -0.24304E-02 -0.98409E-03 -0.72840E-03
        0.9679  0.00000E+00  0.00000E+00  0.00000E+00  0.00000E+00  0.00000E+00  0.00000E+00  0.10802E-02  0.91514E-03  0.86861E-03  0.74387E-04  0.72014E-04  0.19982E-01      24  0.88273E-03  0.00000E+00  0.00000E+00 -0.10640E-04 -0.14400E-02 -0.13821E-02 -0.24747E-02 -0.87826E-03 -0.75658E-03
        1.0000  0.00000E+00 -0.80123E-05  0.00000E+00 -0.25708E-06  0.00000E+00  0.00000E+00  0.10790E-02  0.91514E-03  0.87867E-03  0.74388E-04  0.74400E-04  0.20007E-01      25  0.88292E-03  0.00000E+00  0.00000E+00  0.36063E-04 -0.14389E-02 -0.11408E-02 -0.25113E-02 -0.78006E-03 -0.78161E-03
end
