 All solute fluxes and cumulative solute fluxes are positive into the region

       Time         cvTop        cvBot      Sum(cvTop)   Sum(cvBot)     cvCh0        cvCh1         cTop        cRoot         cBot        cvRoot    Sum(cvRoot)  Sum(cvNEql) TLevel      cGWL        cRunOff   Sum(cRunOff)    (cv(i),    Sum(cv(i)), i=1,NObs)
        [T]        [M/L2/T]     [M/L2/T]      [M/L2]       [M/L2]       [M/L2]      [M/L2]        [M/L3]      [M/L3]        [M/L3]      [M/L2/T]      [M/L2]       [M/L2]              [M/L3]        [M/L2]      [M/L3]      [M/L2/T]      [M/L2]
        0.0100  0.00000E+00 -0.57441E-04  0.00000E+00 -0.57441E-06  0.00000E+00  0.00000E+00  0.92943E-03  0.92322E-03  0.87600E-03  0.83741E-05  0.83741E-07 -0.64892E-05       1  0.88299E-03  0.00000E+00  0.00000E+00  0.45662E-04  0.45662E-06 -0.90683E-03 -0.90683E-05 -0.83248E-03 -0.83248E-05
        0.0200  0.00000E+00  0.00000E+00  0.00000E+00 -0.57441E-06  0.00000E+00  0.00000E+00  0.92951E-03  0.92328E-03  0.87278E-03  0.83750E-05  0.16749E-06 -0.16207E-04       2  0.88291E-03  0.00000E+00  0.00000E+00  0.13562E-04  0.59224E-06 -0.86665E-03 -0.17735E-04 -0.80665E-03 -0.16391E-04
        0.0330  0.00000E+00  0.00000E+00  0.00000E+00 -0.57441E-06  0.00000E+00  0.00000E+00  0.92902E-03  0.92327E-03  0.87474E-03  0.83749E-05  0.27636E-06 -0.24724E-04       3  0.88298E-03  0.00000E+00  0.00000E+00 -0.33278E-04  0.15963E-06 -0.81765E-03 -0.28364E-04 -0.77050E-03 -0.26408E-04
        0.0499  0.00000E+00  0.00000E+00  0.00000E+00 -0.57441E-06  0.00000E+00  0.00000E+00  0.92822E-03  0.92327E-03  0.87554E-03  0.83749E-05  0.41790E-06 -0.34912E-04       4  0.88302E-03  0.00000E+00  0.00000E+00 -0.11300E-03 -0.17500E-05 -0.78456E-03 -0.41623E-04 -0.73136E-03 -0.38768E-04
        0.0719  0.00000E+00  0.00000E+00  0.00000E+00 -0.57441E-06  0.00000E+00  0.00000E+00  0.92684E-03  0.92327E-03  0.87642E-03  0.83749E-05  0.60190E-06 -0.49624E-04       5  0.88304E-03  0.00000E+00  0.00000E+00 -0.24571E-03 -0.71483E-05 -0.79194E-03 -0.59022E-04 -0.69221E-03 -0.53976E-04
        0.1004  0.00000E+00  0.00000E+00  0.00000E+00 -0.57441E-06  0.00000E+00  0.00000E+00  0.92482E-03  0.92325E-03  0.87722E-03  0.83746E-05  0.84108E-06 -0.76236E-04       6  0.88306E-03  0.00000E+00  0.00000E+00 -0.44379E-03 -0.19823E-04 -0.89959E-03 -0.84715E-04 -0.66954E-03 -0.73098E-04
        0.1376  0.00000E+00  0.00000E+00  0.00000E+00 -0.57441E-06  0.00000E+00  0.00000E+00  0.92211E-03  0.92321E-03  0.87806E-03  0.83741E-05  0.11520E-05 -0.13119E-03       7  0.88308E-03  0.00000E+00  0.00000E+00 -0.71640E-03 -0.46423E-04 -0.12056E-02 -0.12948E-03 -0.69610E-03 -0.98944E-04
        0.1858  0.00000E+00 -0.74273E-05  0.00000E+00 -0.93291E-06  0.00000E+00  0.00000E+00  0.91883E-03  0.92316E-03  0.88123E-03  0.83731E-05  0.15562E-05 -0.24361E-03       8  0.88313E-03  0.00000E+00  0.00000E+00 -0.10687E-02 -0.98009E-04 -0.19121E-02 -0.22177E-03 -0.84782E-03 -0.13987E-03
        0.2358  0.00000E+00 -0.57508E-04  0.00000E+00 -0.38083E-05  0.00000E+00  0.00000E+00  0.91583E-03  0.92305E-03  0.88107E-03  0.83711E-05  0.19747E-05 -0.41773E-03       9  0.88313E-03  0.00000E+00  0.00000E+00 -0.14162E-02 -0.16882E-03 -0.29806E-02 -0.37080E-03 -0.11557E-02 -0.19765E-03
        0.2858  0.00000E+00 -0.13489E-03  0.00000E+00 -0.10553E-04  0.00000E+00  0.00000E+00  0.91325E-03  0.92297E-03  0.88121E-03  0.83690E-05  0.23932E-05 -0.65470E-03      10  0.88313E-03  0.00000E+00  0.00000E+00 -0.17080E-02 -0.25422E-03 -0.42884E-02 -0.58522E-03 -0.16279E-02 -0.27905E-03
        0.3358  0.00000E+00 -0.19981E-03  0.00000E+00 -0.20543E-04  0.00000E+00  0.00000E+00  0.91137E-03  0.92285E-03  0.88114E-03  0.83663E-05  0.28115E-05 -0.94519E-03      11  0.88313E-03  0.00000E+00  0.00000E+00 -0.19527E-02 -0.35185E-03 -0.56992E-02 -0.87018E-03 -0.22446E-02 -0.39128E-03
        0.3858  0.00000E+00 -0.25825E-03  0.00000E+00 -0.33456E-04  0.00000E+00  0.00000E+00  0.90961E-03  0.92271E-03  0.88121E-03  0.83634E-05  0.32297E-05 -0.12788E-02      12  0.88313E-03  0.00000E+00  0.00000E+00 -0.21224E-02 -0.45797E-03 -0.71988E-02 -0.12301E-02 -0.30258E-02 -0.54257E-03
        0.4358  0.00000E+00 -0.31591E-03  0.00000E+00 -0.49251E-04  0.00000E+00  0.00000E+00  0.90854E-03  0.92261E-03  0.88119E-03  0.83609E-05  0.36477E-05 -0.16422E-02      13  0.88313E-03  0.00000E+00  0.00000E+00 -0.22553E-02 -0.57074E-03 -0.83980E-02 -0.16500E-02 -0.38540E-02 -0.73527E-03
        0.4858  0.00000E+00 -0.37928E-03  0.00000E+00 -0.68215E-04  0.00000E+00  0.00000E+00  0.90778E-03  0.92241E-03  0.88123E-03  0.83577E-05  0.40656E-05 -0.20188E-02      14  0.88313E-03  0.00000E+00  0.00000E+00 -0.22881E-02 -0.68514E-03 -0.93178E-02 -0.21159E-02 -0.45765E-02 -0.96410E-03
        0.5358  0.00000E+00 -0.45472E-03  0.00000E+00 -0.90951E-04  0.00000E+00  0.00000E+00  0.90764E-03  0.92233E-03  0.88123E-03  0.83563E-05  0.44834E-05 -0.23910E-02      15  0.88313E-03  0.00000E+00  0.00000E+00 -0.22781E-02 -0.79905E-03 -0.98089E-02 -0.26064E-02 -0.51486E-02 -0.12215E-02
        0.5858  0.00000E+00 -0.55019E-03  0.00000E+00 -0.11846E-03  0.00000E+00  0.00000E+00  0.90791E-03  0.92225E-03  0.88127E-03  0.83548E-05  0.49011E-05 -0.27414E-02      16  0.88313E-03  0.00000E+00  0.00000E+00 -0.21680E-02 -0.90745E-03 -0.98110E-02 -0.30969E-02 -0.55036E-02 -0.14967E-02
        0.6358  0.00000E+00 -0.67382E-03  0.00000E+00 -0.15215E-03  0.00000E+00  0.00000E+00  0.90878E-03  0.92223E-03  0.88128E-03  0.83547E-05  0.53189E-05 -0.30545E-02      17  0.88313E-03  0.00000E+00  0.00000E+00 -0.20145E-02 -0.10082E-02 -0.93809E-02 -0.35659E-02 -0.55603E-02 -0.17747E-02
        0.6858  0.00000E+00 -0.83087E-03  0.00000E+00 -0.19370E-03  0.00000E+00  0.00000E+00  0.90998E-03  0.92226E-03  0.88132E-03  0.83551E-05  0.57366E-05 -0.33186E-02      18  0.88313E-03  0.00000E+00  0.00000E+00 -0.17825E-02 -0.10973E-02 -0.85866E-02 -0.39953E-02 -0.53574E-02 -0.20426E-02
        0.7358  0.00000E+00 -0.10241E-02  0.00000E+00 -0.24490E-03  0.00000E+00  0.00000E+00  0.91167E-03  0.92234E-03  0.88135E-03  0.83565E-05  0.61545E-05 -0.35266E-02      19  0.88314E-03  0.00000E+00  0.00000E+00 -0.15197E-02 -0.11733E-02 -0.75381E-02 -0.43722E-02 -0.49535E-02 -0.22903E-02
        0.7858  0.00000E+00 -0.12476E-02  0.00000E+00 -0.30728E-03  0.00000E+00  0.00000E+00  0.91390E-03  0.92243E-03  0.88139E-03  0.83581E-05  0.65724E-05 -0.36705E-02      20  0.88314E-03  0.00000E+00  0.00000E+00 -0.11772E-02 -0.12321E-02 -0.62560E-02 -0.46850E-02 -0.43771E-02 -0.25091E-02
        0.8358  0.00000E+00 -0.14888E-02  0.00000E+00 -0.38172E-03  0.00000E+00  0.00000E+00  0.91638E-03  0.92257E-03  0.88143E-03  0.83604E-05  0.69904E-05 -0.37526E-02      21  0.88315E-03  0.00000E+00  0.00000E+00 -0.81946E-03 -0.12731E-02 -0.49146E-02 -0.49307E-02 -0.37166E-02 -0.26950E-02
        0.8858  0.00000E+00 -0.17320E-02  0.00000E+00 -0.46832E-03  0.00000E+00  0.00000E+00  0.91895E-03  0.92266E-03  0.88146E-03  0.83623E-05  0.74085E-05 -0.37846E-02      22  0.88315E-03  0.00000E+00  0.00000E+00 -0.46151E-03 -0.12962E-02 -0.36763E-02 -0.51145E-02 -0.30618E-02 -0.28480E-02
        0.9358  0.00000E+00 -0.19597E-02  0.00000E+00 -0.56630E-03  0.00000E+00  0.00000E+00  0.92138E-03  0.92275E-03  0.88149E-03  0.83644E-05  0.78267E-05 -0.37818E-02      23  0.88315E-03  0.00000E+00  0.00000E+00 -0.15539E-03 -0.13040E-02 -0.26439E-02 -0.52467E-02 -0.24713E-02 -0.29716E-02
        0.9679  0.00000E+00 -0.21309E-02  0.00000E+00 -0.63468E-03  0.00000E+00  0.00000E+00  0.92257E-03  0.92280E-03  0.88151E-03  0.83657E-05  0.80951E-05 -0.37727E-02      24  0.88315E-03  0.00000E+00  0.00000E+00 -0.19862E-04 -0.13046E-02 -0.21186E-02 -0.53147E-02 -0.21410E-02 -0.30403E-02
        1.0000  0.00000E+00 -0.22473E-02  0.00000E+00 -0.70678E-03  0.00000E+00  0.00000E+00  0.92320E-03  0.92282E-03  0.88153E-03  0.83665E-05  0.83636E-05 -0.37620E-02      25  0.88315E-03  0.00000E+00  0.00000E+00  0.64334E-04 -0.13025E-02 -0.17620E-02 -0.53712E-02 -0.18683E-02 -0.31002E-02
end
