 ******* Program HYDRUS
 ******* 
 Welcome to HYDRUS-1D                                                    
 Date:  29. 3.2022    Time:  17:26:40
 Units: L = cm   , T = days , M = mg   

       Time          rTop        rRoot        vTop         vRoot        vBot       sum(rTop)   sum(rRoot)    sum(vTop)   sum(vRoot)    sum(vBot)      hTop         hRoot        hBot        RunOff    sum(RunOff)     Volume     sum(Infil)    sum(Evap) TLevel Cum(WTrans)  SnowLayer
        [T]         [L/T]        [L/T]        [L/T]        [L/T]        [L/T]         [L]          [L]          [L]         [L]           [L]         [L]           [L]         [L]          [L/T]         [L]          [L]          [L]          [L]

       0.0100  0.39260E-01  0.12601E+00  0.39260E-01  0.12107E+00  0.66843E+00  0.39260E-03  0.12601E-02  0.39260E-03  0.12107E-02  0.66843E-02 -0.31967E+03 -0.25617E+03  0.44394E+02  0.00000E+00  0.00000E+00  0.96300E+02  0.00000E+00  0.39260E-03      1  0.00000E+00      0.000
       0.0230  0.39260E-01  0.12601E+00  0.39257E-01  0.12109E+00  0.61317E+00  0.90298E-03  0.28982E-02  0.90293E-03  0.27848E-02  0.14655E-01 -0.31933E+03 -0.25598E+03  0.44394E+02  0.00000E+00  0.00000E+00  0.96306E+02  0.00000E+00  0.90293E-03      2  0.00000E+00      0.000
       0.0399  0.39260E-01  0.12601E+00  0.39258E-01  0.12111E+00  0.56973E+00  0.15665E-02  0.50277E-02  0.15664E-02  0.48315E-02  0.24284E-01 -0.31884E+03 -0.25571E+03  0.44394E+02  0.00000E+00  0.00000E+00  0.96313E+02  0.00000E+00  0.15664E-02      3  0.00000E+00      0.000
       0.0619  0.39260E-01  0.12601E+00  0.39261E-01  0.12113E+00  0.54862E+00  0.24290E-02  0.77961E-02  0.24290E-02  0.74927E-02  0.36337E-01 -0.31820E+03 -0.25538E+03  0.44394E+02  0.00000E+00  0.00000E+00  0.96321E+02  0.00000E+00  0.24290E-02      4  0.00000E+00      0.000
       0.0904  0.39260E-01  0.12601E+00  0.39262E-01  0.12116E+00  0.53292E+00  0.35503E-02  0.11395E-01  0.35503E-02  0.10953E-01  0.51558E-01 -0.31737E+03 -0.25495E+03  0.44394E+02  0.00000E+00  0.00000E+00  0.96332E+02  0.00000E+00  0.35503E-02      5  0.00000E+00      0.000
       0.1276  0.39260E-01  0.12601E+00  0.39261E-01  0.12120E+00  0.52319E+00  0.50080E-02  0.16074E-01  0.50081E-02  0.15453E-01  0.70984E-01 -0.31632E+03 -0.25441E+03  0.44394E+02  0.00000E+00  0.00000E+00  0.96345E+02  0.00000E+00  0.50081E-02      6  0.00000E+00      0.000
       0.1758  0.39260E-01  0.12601E+00  0.39260E-01  0.12124E+00  0.51695E+00  0.69030E-02  0.22156E-01  0.69031E-02  0.21305E-01  0.95936E-01 -0.31501E+03 -0.25374E+03  0.44394E+02  0.00000E+00  0.00000E+00  0.96362E+02  0.00000E+00  0.69031E-02      7  0.00000E+00      0.000
       0.2386  0.39260E-01  0.12601E+00  0.39260E-01  0.12130E+00  0.51358E+00  0.93665E-02  0.30063E-01  0.93665E-02  0.28917E-01  0.12816E+00 -0.31341E+03 -0.25290E+03  0.44394E+02  0.00000E+00  0.00000E+00  0.96385E+02  0.00000E+00  0.93665E-02      8  0.00000E+00      0.000
       0.3232  0.19963E+00  0.64073E+00  0.19963E+00  0.61698E+00  0.51181E+00  0.26256E-01  0.84270E-01  0.26256E-01  0.81115E-01  0.17146E+00 -0.31614E+03 -0.25221E+03  0.44394E+02  0.00000E+00  0.00000E+00  0.96401E+02  0.00000E+00  0.26256E-01      9  0.00000E+00      0.000
       0.4360  0.41395E+00  0.13286E+01  0.41395E+00  0.12776E+01  0.51104E+00  0.72951E-01  0.23414E+00  0.72950E-01  0.22523E+00  0.22911E+00 -0.32635E+03 -0.25447E+03  0.44394E+02  0.00000E+00  0.00000E+00  0.96342E+02  0.00000E+00  0.72950E-01     10  0.00000E+00      0.000
       0.5770  0.39824E+00  0.12782E+01  0.39824E+00  0.12247E+01  0.51336E+00  0.12910E+00  0.41437E+00  0.12910E+00  0.39792E+00  0.30150E+00 -0.33787E+03 -0.26065E+03  0.44394E+02  0.00000E+00  0.00000E+00  0.96178E+02  0.00000E+00  0.12910E+00     11  0.00000E+00      0.000
       0.7885  0.39260E-01  0.12601E+00  0.39260E-01  0.12039E+00  0.52563E+00  0.13741E+00  0.44102E+00  0.13741E+00  0.42339E+00  0.41267E+00 -0.33542E+03 -0.26613E+03  0.44394E+02  0.00000E+00  0.00000E+00  0.96022E+02  0.00000E+00  0.13741E+00     12  0.00000E+00      0.000
       1.0000  0.39260E-01  0.12601E+00  0.39260E-01  0.12071E+00  0.54099E+00  0.14571E+00  0.46767E+00  0.14571E+00  0.44892E+00  0.52709E+00 -0.32845E+03 -0.26203E+03  0.44394E+02  0.00000E+00  0.00000E+00  0.96103E+02  0.00000E+00  0.14571E+00     13  0.00000E+00      0.000
end
