 ******* Program HYDRUS
 ******* 
 Welcome to HYDRUS-1D                                                    
 Date:  28. 3.2022    Time:   8:57:27
 Units: L = cm   , T = days , M = mg   

----------------------------------------------------------
 Time       [T]        0.0000
----------------------------------------------------------
 Sub-region num.                     1
----------------------------------------------------------
 Length   [L]        0.30000E+03  0.30000E+03
 W-volume [L]        0.11046E+03  0.11046E+03
 In-flow  [L/T]      0.00000E+00  0.00000E+00
 h Mean   [L]        0.71217E+02  0.71217E+02
 ConcVol  [M/L2] 1   0.98812E-01  0.98812E-01
 cMean    [M/L3] 1   0.89518E-03  0.89518E-03
 SorbVolIm[M/L2] 1   0.46729E+02  0.46729E+02
 sMeanIm  [-]    1   0.10742E+00  0.10742E+00
 Top Flux [L/T]      0.48833E-02
 Bot Flux [L/T]     -0.62295E+00
----------------------------------------------------------

----------------------------------------------------------
 Time       [T]        1.0000
----------------------------------------------------------
 Sub-region num.                     1
----------------------------------------------------------
 Length   [L]        0.30000E+03  0.30000E+03
 W-volume [L]        0.11056E+03  0.11056E+03
 In-flow  [L/T]      0.15270E+00  0.15270E+00
 h Mean   [L]        0.77306E+02  0.77306E+02
 ConcVol  [M/L2] 1   0.98903E-01  0.98903E-01
 cMean    [M/L3] 1   0.89521E-03  0.89521E-03
 SorbVolIm[M/L2] 1   0.46729E+02  0.46729E+02
 sMeanIm  [-]    1   0.10742E+00  0.10742E+00
 Top Flux [L/T]      0.47773E-01
 Bot Flux [L/T]      0.21509E+00
 WatBalT  [L]       -0.20235E-01
 WatBalR  [%]              3.503
 CncBalT  [M]    1   0.38147E-05
 CncBalR  [%]    1         3.935
----------------------------------------------------------
 
 Calculation time [sec]  1.000005006790161E-002
