 All solute fluxes and cumulative solute fluxes are positive into the region

       Time         cvTop        cvBot      Sum(cvTop)   Sum(cvBot)     cvCh0        cvCh1         cTop        cRoot         cBot        cvRoot    Sum(cvRoot)  Sum(cvNEql) TLevel      cGWL        cRunOff   Sum(cRunOff)    (cv(i),    Sum(cv(i)), i=1,NObs)
        [T]        [M/L2/T]     [M/L2/T]      [M/L2]       [M/L2]       [M/L2]      [M/L2]        [M/L3]      [M/L3]        [M/L3]      [M/L2/T]      [M/L2]       [M/L2]              [M/L3]        [M/L2]      [M/L3]      [M/L2/T]      [M/L2]
        0.0100  0.00000E+00 -0.30676E-03  0.00000E+00 -0.30676E-05  0.00000E+00  0.00000E+00  0.10087E-02  0.91508E-03  0.87964E-03  0.14006E-03  0.14006E-05  0.23681E-05       1  0.88309E-03  0.00000E+00  0.00000E+00  0.44764E-04  0.44764E-06 -0.75312E-03 -0.75312E-05 -0.55944E-03 -0.55944E-05
        0.0230  0.00000E+00 -0.46608E-03  0.00000E+00 -0.91266E-05  0.00000E+00  0.00000E+00  0.10089E-02  0.91498E-03  0.87973E-03  0.14004E-03  0.32211E-05  0.60544E-05       2  0.88309E-03  0.00000E+00  0.00000E+00  0.44077E-04  0.10206E-05 -0.70445E-03 -0.16689E-04 -0.53552E-03 -0.12556E-04
        0.0399  0.00000E+00 -0.40673E-03  0.00000E+00 -0.16000E-04  0.00000E+00  0.00000E+00  0.10088E-02  0.91502E-03  0.87968E-03  0.14005E-03  0.55879E-05  0.89684E-05       3  0.88309E-03  0.00000E+00  0.00000E+00  0.43068E-04  0.17485E-05 -0.64350E-03 -0.27564E-04 -0.50176E-03 -0.21036E-04
        0.0619  0.00000E+00 -0.36787E-03  0.00000E+00 -0.24083E-04  0.00000E+00  0.00000E+00  0.10088E-02  0.91500E-03  0.87968E-03  0.14004E-03  0.86646E-05  0.13317E-04       4  0.88309E-03  0.00000E+00  0.00000E+00  0.41005E-04  0.26494E-05 -0.57999E-03 -0.40306E-04 -0.46413E-03 -0.31233E-04
        0.0904  0.00000E+00 -0.34833E-03  0.00000E+00 -0.34031E-04  0.00000E+00  0.00000E+00  0.10088E-02  0.91501E-03  0.87967E-03  0.14004E-03  0.12664E-04  0.18617E-04       5  0.88309E-03  0.00000E+00  0.00000E+00  0.37050E-04  0.37076E-05 -0.51376E-03 -0.54980E-04 -0.42076E-03 -0.43250E-04
        0.1276  0.00000E+00 -0.33904E-03  0.00000E+00 -0.46620E-04  0.00000E+00  0.00000E+00  0.10087E-02  0.91500E-03  0.87967E-03  0.14004E-03  0.17864E-04  0.25225E-04       6  0.88309E-03  0.00000E+00  0.00000E+00  0.29988E-04  0.48210E-05 -0.44731E-03 -0.71588E-04 -0.37436E-03 -0.57150E-04
        0.1758  0.00000E+00 -0.33827E-03  0.00000E+00 -0.62947E-04  0.00000E+00  0.00000E+00  0.10086E-02  0.91500E-03  0.87968E-03  0.14004E-03  0.24624E-04  0.33134E-04       7  0.88309E-03  0.00000E+00  0.00000E+00  0.18165E-04  0.56978E-05 -0.38521E-03 -0.90182E-04 -0.32648E-03 -0.72908E-04
        0.2258  0.00000E+00 -0.34196E-03  0.00000E+00 -0.80045E-04  0.00000E+00  0.00000E+00  0.10085E-02  0.91500E-03  0.87969E-03  0.14004E-03  0.31626E-04  0.40484E-04       8  0.88309E-03  0.00000E+00  0.00000E+00  0.59573E-05  0.59956E-05 -0.33737E-03 -0.10705E-03 -0.28709E-03 -0.87262E-04
        0.2758  0.00000E+00 -0.34663E-03  0.00000E+00 -0.97377E-04  0.00000E+00  0.00000E+00  0.10086E-02  0.91500E-03  0.87969E-03  0.14004E-03  0.38628E-04  0.47851E-04       9  0.88309E-03  0.00000E+00  0.00000E+00  0.21030E-04  0.70471E-05 -0.29429E-03 -0.12176E-03 -0.25450E-03 -0.99988E-04
        0.3258  0.00000E+00 -0.35033E-03  0.00000E+00 -0.11489E-03  0.00000E+00  0.00000E+00  0.10096E-02  0.91500E-03  0.87970E-03  0.14004E-03  0.45630E-04  0.60572E-04      10  0.88309E-03  0.00000E+00  0.00000E+00  0.13224E-03  0.13659E-04 -0.22791E-03 -0.13316E-03 -0.21863E-03 -0.11092E-03
        0.3758  0.00000E+00 -0.35189E-03  0.00000E+00 -0.13249E-03  0.00000E+00  0.00000E+00  0.10107E-02  0.91502E-03  0.87970E-03  0.14005E-03  0.52633E-04  0.86246E-04      11  0.88309E-03  0.00000E+00  0.00000E+00  0.22018E-03  0.24668E-04 -0.14834E-03 -0.14058E-03 -0.16824E-03 -0.11933E-03
        0.4258  0.00000E+00 -0.35072E-03  0.00000E+00 -0.15002E-03  0.00000E+00  0.00000E+00  0.10114E-02  0.91505E-03  0.87971E-03  0.14005E-03  0.59635E-04  0.12319E-03      12  0.88309E-03  0.00000E+00  0.00000E+00  0.28153E-03  0.38745E-04 -0.61688E-04 -0.14366E-03 -0.11076E-03 -0.12487E-03
        0.4758  0.00000E+00 -0.34654E-03  0.00000E+00 -0.16735E-03  0.00000E+00  0.00000E+00  0.10119E-02  0.91506E-03  0.87971E-03  0.14005E-03  0.66638E-04  0.16721E-03      13  0.88309E-03  0.00000E+00  0.00000E+00  0.31133E-03  0.54311E-04 -0.88251E-05 -0.14410E-03 -0.51601E-04 -0.12745E-03
        0.5258  0.00000E+00 -0.33896E-03  0.00000E+00 -0.18430E-03  0.00000E+00  0.00000E+00  0.10119E-02  0.91508E-03  0.87971E-03  0.14006E-03  0.73641E-04  0.21453E-03      14  0.88309E-03  0.00000E+00  0.00000E+00  0.30991E-03  0.69807E-04 -0.56557E-05 -0.14439E-03  0.20383E-05 -0.12735E-03
        0.5758  0.00000E+00 -0.32792E-03  0.00000E+00 -0.20070E-03  0.00000E+00  0.00000E+00  0.10117E-02  0.91508E-03  0.87971E-03  0.14006E-03  0.80643E-04  0.26011E-03      15  0.88309E-03  0.00000E+00  0.00000E+00  0.27662E-03  0.83638E-04 -0.36803E-05 -0.14457E-03  0.39941E-04 -0.12535E-03
        0.6258  0.00000E+00 -0.31368E-03  0.00000E+00 -0.21638E-03  0.00000E+00  0.00000E+00  0.10112E-02  0.91508E-03  0.87971E-03  0.14006E-03  0.87646E-04  0.29977E-03      16  0.88309E-03  0.00000E+00  0.00000E+00  0.21405E-03  0.94340E-04 -0.27142E-05 -0.14471E-03  0.66053E-04 -0.12205E-03
        0.6758  0.00000E+00 -0.29661E-03  0.00000E+00 -0.23121E-03  0.00000E+00  0.00000E+00  0.10104E-02  0.91507E-03  0.87970E-03  0.14005E-03  0.94649E-04  0.32931E-03      17  0.88309E-03  0.00000E+00  0.00000E+00  0.12533E-03  0.10061E-03 -0.29441E-05 -0.14485E-03  0.77624E-04 -0.11817E-03
        0.7258  0.00000E+00 -0.27736E-03  0.00000E+00 -0.24508E-03  0.00000E+00  0.00000E+00  0.10093E-02  0.91505E-03  0.87970E-03  0.14005E-03  0.10165E-03  0.34597E-03      18  0.88309E-03  0.00000E+00  0.00000E+00  0.16040E-04  0.10141E-03 -0.43007E-05 -0.14507E-03  0.74261E-04 -0.11445E-03
        0.7758  0.00000E+00 -0.25694E-03  0.00000E+00 -0.25793E-03  0.00000E+00  0.00000E+00  0.10090E-02  0.91503E-03  0.87969E-03  0.14005E-03  0.10865E-03  0.35090E-03      19  0.88309E-03  0.00000E+00  0.00000E+00  0.53094E-05  0.10167E-03 -0.54184E-05 -0.14534E-03  0.59960E-04 -0.11146E-03
        0.8258  0.00000E+00 -0.23623E-03  0.00000E+00 -0.26974E-03  0.00000E+00  0.00000E+00  0.10092E-02  0.91501E-03  0.87969E-03  0.14004E-03  0.11566E-03  0.35315E-03      20  0.88309E-03  0.00000E+00  0.00000E+00  0.17596E-04  0.10255E-03 -0.61886E-05 -0.14565E-03  0.47522E-04 -0.10908E-03
        0.8758  0.00000E+00 -0.21590E-03  0.00000E+00 -0.28053E-03  0.00000E+00  0.00000E+00  0.10093E-02  0.91501E-03  0.87968E-03  0.14005E-03  0.12266E-03  0.35589E-03      21  0.88309E-03  0.00000E+00  0.00000E+00  0.29464E-04  0.10403E-03 -0.66581E-05 -0.14598E-03  0.38117E-04 -0.10717E-03
        0.9258  0.00000E+00 -0.19665E-03  0.00000E+00 -0.29036E-03  0.00000E+00  0.00000E+00  0.10095E-02  0.91501E-03  0.87968E-03  0.14004E-03  0.12966E-03  0.35853E-03      22  0.88309E-03  0.00000E+00  0.00000E+00  0.37934E-04  0.10592E-03 -0.69505E-05 -0.14633E-03  0.31564E-04 -0.10560E-03
        0.9629  0.00000E+00 -0.18080E-03  0.00000E+00 -0.29707E-03  0.00000E+00  0.00000E+00  0.10095E-02  0.91501E-03  0.87968E-03  0.14005E-03  0.13485E-03  0.36068E-03      23  0.88309E-03  0.00000E+00  0.00000E+00  0.41636E-04  0.10747E-03 -0.71169E-05 -0.14659E-03  0.27838E-04 -0.10456E-03
        1.0000  0.00000E+00 -0.16821E-03  0.00000E+00 -0.30331E-03  0.00000E+00  0.00000E+00  0.10095E-02  0.91501E-03  0.87967E-03  0.14004E-03  0.14005E-03  0.36264E-03      24  0.88309E-03  0.00000E+00  0.00000E+00  0.42857E-04  0.10906E-03 -0.72488E-05 -0.14686E-03  0.25136E-04 -0.10363E-03
end
