 ******* Program HYDRUS
 ******* 
 Welcome to HYDRUS-1D                                                    
 Date:  28. 3.2022    Time:   8:56:30
 Units: L = cm   , T = days , M = mg   

----------------------------------------------------------
 Time       [T]        0.0000
----------------------------------------------------------
 Sub-region num.                     1
----------------------------------------------------------
 Length   [L]        0.30000E+03  0.30000E+03
 W-volume [L]        0.10242E+03  0.10242E+03
 In-flow  [L/T]      0.00000E+00  0.00000E+00
 h Mean   [L]       -0.69758E+02 -0.69758E+02
 ConcVol  [M/L2] 1   0.91541E-01  0.91541E-01
 cMean    [M/L3] 1   0.89501E-03  0.89501E-03
 SorbVolIm[M/L2] 1   0.46719E+02  0.46719E+02
 sMeanIm  [-]    1   0.10740E+00  0.10740E+00
 Top Flux [L/T]     -0.53131E-01
 Bot Flux [L/T]     -0.17675E+01
----------------------------------------------------------

----------------------------------------------------------
 Time       [T]        1.0000
----------------------------------------------------------
 Sub-region num.                     1
----------------------------------------------------------
 Length   [L]        0.30000E+03  0.30000E+03
 W-volume [L]        0.10089E+03  0.10089E+03
 In-flow  [L/T]     -0.13662E+01 -0.13662E+01
 h Mean   [L]       -0.81457E+02 -0.81457E+02
 ConcVol  [M/L2] 1   0.90136E-01  0.90136E-01
 cMean    [M/L3] 1   0.89501E-03  0.89501E-03
 SorbVolIm[M/L2] 1   0.46719E+02  0.46719E+02
 sMeanIm  [-]    1   0.10740E+00  0.10740E+00
 Top Flux [L/T]     -0.36404E-02
 Bot Flux [L/T]     -0.13066E+01
 WatBalT  [L]        0.21100E-04
 WatBalR  [%]              0.001
 CncBalT  [M]    1   0.64850E-04
 CncBalR  [%]    1         3.990
----------------------------------------------------------
 
 Calculation time [sec]  1.000005006790161E-002
