 ******* Program HYDRUS
 ******* 
 Welcome to HYDRUS-1D                                                    
 Date:  29. 3.2022    Time:  17:27:17
 Units: L = cm   , T = days , M = mg   

----------------------------------------------------------
 Time       [T]        0.0000
----------------------------------------------------------
 Sub-region num.                     1
----------------------------------------------------------
 Length   [L]        0.30000E+03  0.30000E+03
 W-volume [L]        0.11011E+03  0.11011E+03
 In-flow  [L/T]      0.00000E+00  0.00000E+00
 h Mean   [L]        0.60297E+02  0.60297E+02
 ConcVol  [M/L2] 1   0.97263E-01  0.97263E-01
 cMean    [M/L3] 1   0.88337E-03  0.88337E-03
 SorbVolIm[M/L2] 1   0.46113E+02  0.46113E+02
 sMeanIm  [-]    1   0.10601E+00  0.10601E+00
 Top Flux [L/T]      0.24449E-01
 Bot Flux [L/T]     -0.52148E+00
----------------------------------------------------------

----------------------------------------------------------
 Time       [T]        1.0000
----------------------------------------------------------
 Sub-region num.                     1
----------------------------------------------------------
 Length   [L]        0.30000E+03  0.30000E+03
 W-volume [L]        0.11046E+03  0.11046E+03
 In-flow  [L/T]     -0.65043E+00 -0.65043E+00
 h Mean   [L]        0.71217E+02  0.71217E+02
 ConcVol  [M/L2] 1   0.97579E-01  0.97579E-01
 cMean    [M/L3] 1   0.88339E-03  0.88339E-03
 SorbVolIm[M/L2] 1   0.46112E+02  0.46112E+02
 sMeanIm  [-]    1   0.10600E+00  0.10600E+00
 Top Flux [L/T]      0.46950E-02
 Bot Flux [L/T]     -0.61344E+00
 WatBalT  [L]       -0.97752E-05
 WatBalR  [%]              0.000
 CncBalT  [M]    1   0.28992E-03
 CncBalR  [%]    1        42.535
----------------------------------------------------------
 
 Calculation time [sec]  1.000000163912773E-002
