 ******* Program HYDRUS
 ******* 
 Welcome to HYDRUS-1D                                                    
 Date:  28. 3.2022    Time:   8:58:12
 Units: L = cm   , T = days , M = mg   

----------------------------------------------------------
 Time       [T]        0.0000
----------------------------------------------------------
 Sub-region num.                     1
----------------------------------------------------------
 Length   [L]        0.30000E+03  0.30000E+03
 W-volume [L]        0.99564E+02  0.99564E+02
 In-flow  [L/T]      0.00000E+00  0.00000E+00
 h Mean   [L]       -0.90426E+02 -0.90426E+02
 ConcVol  [M/L2] 1   0.88875E-01  0.88875E-01
 cMean    [M/L3] 1   0.89464E-03  0.89464E-03
 SorbVolIm[M/L2] 1   0.46701E+02  0.46701E+02
 sMeanIm  [-]    1   0.10736E+00  0.10736E+00
 Top Flux [L/T]      0.32400E-01
 Bot Flux [L/T]     -0.86931E-01
----------------------------------------------------------

----------------------------------------------------------
 Time       [T]        1.0000
----------------------------------------------------------
 Sub-region num.                     1
----------------------------------------------------------
 Length   [L]        0.30000E+03  0.30000E+03
 W-volume [L]        0.10513E+03  0.10513E+03
 In-flow  [L/T]     -0.36269E+01 -0.36269E+01
 h Mean   [L]       -0.47403E+02 -0.47403E+02
 ConcVol  [M/L2] 1   0.93948E-01  0.93948E-01
 cMean    [M/L3] 1   0.89458E-03  0.89458E-03
 SorbVolIm[M/L2] 1   0.46695E+02  0.46695E+02
 sMeanIm  [-]    1   0.10734E+00  0.10734E+00
 Top Flux [L/T]     -0.10131E+00
 Bot Flux [L/T]     -0.35234E+01
 WatBalT  [L]        0.61035E-04
 WatBalR  [%]              0.001
 CncBalT  [M]    1   0.29755E-03
 CncBalR  [%]    1         5.864
----------------------------------------------------------
 
 Calculation time [sec]  0.000000000000000E+000
