 ******* Program HYDRUS
 ******* 
 Welcome to HYDRUS-1D                                                    
 Date:  28. 3.2022    Time:   8:56:43
 Units: L = cm   , T = days , M = mg   

       Time          rTop        rRoot        vTop         vRoot        vBot       sum(rTop)   sum(rRoot)    sum(vTop)   sum(vRoot)    sum(vBot)      hTop         hRoot        hBot        RunOff    sum(RunOff)     Volume     sum(Infil)    sum(Evap) TLevel Cum(WTrans)  SnowLayer
        [T]         [L/T]        [L/T]        [L/T]        [L/T]        [L/T]         [L]          [L]          [L]         [L]           [L]         [L]           [L]         [L]          [L/T]         [L]          [L]          [L]          [L]

       0.0100  0.13458E-01  0.77685E-01  0.13456E-01  0.76952E-01  0.22040E+00  0.13458E-03  0.77685E-03  0.13456E-03  0.76952E-03  0.22040E-02 -0.20103E+03 -0.15733E+03  0.10043E+03  0.00000E+00  0.00000E+00  0.10324E+03  0.00000E+00  0.13456E-03      1  0.00000E+00      0.000
       0.0230  0.13458E-01  0.77685E-01  0.13455E-01  0.76951E-01  0.18293E+00  0.30954E-03  0.17868E-02  0.30948E-03  0.17699E-02  0.45821E-02 -0.20108E+03 -0.15735E+03  0.10043E+03  0.00000E+00  0.00000E+00  0.10324E+03  0.00000E+00  0.30948E-03      2  0.00000E+00      0.000
       0.0399  0.13458E-01  0.77685E-01  0.13459E-01  0.76951E-01  0.14932E+00  0.53699E-03  0.30996E-02  0.53695E-03  0.30704E-02  0.71057E-02 -0.20115E+03 -0.15739E+03  0.10043E+03  0.00000E+00  0.00000E+00  0.10324E+03  0.00000E+00  0.53695E-03      3  0.00000E+00      0.000
       0.0619  0.13458E-01  0.77685E-01  0.13458E-01  0.76950E-01  0.12789E+00  0.83267E-03  0.48064E-02  0.83262E-03  0.47609E-02  0.99153E-02 -0.20123E+03 -0.15742E+03  0.10043E+03  0.00000E+00  0.00000E+00  0.10324E+03  0.00000E+00  0.83262E-03      4  0.00000E+00      0.000
       0.0904  0.13458E-01  0.77685E-01  0.13460E-01  0.76949E-01  0.10976E+00  0.12170E-02  0.70252E-02  0.12170E-02  0.69587E-02  0.13050E-01 -0.20133E+03 -0.15747E+03  0.10043E+03  0.00000E+00  0.00000E+00  0.10324E+03  0.00000E+00  0.12170E-02      5  0.00000E+00      0.000
       0.1276  0.13458E-01  0.77685E-01  0.13458E-01  0.76948E-01  0.95389E-01  0.17167E-02  0.99096E-02  0.17167E-02  0.98157E-02  0.16592E-01 -0.20144E+03 -0.15753E+03  0.10043E+03  0.00000E+00  0.00000E+00  0.10324E+03  0.00000E+00  0.17167E-02      6  0.00000E+00      0.000
       0.1758  0.13458E-01  0.77685E-01  0.13456E-01  0.76947E-01  0.83670E-01  0.23664E-02  0.13659E-01  0.23662E-02  0.13530E-01  0.20630E-01 -0.20157E+03 -0.15759E+03  0.10043E+03  0.00000E+00  0.00000E+00  0.10324E+03  0.00000E+00  0.23662E-02      7  0.00000E+00      0.000
       0.2386  0.13458E-01  0.77685E-01  0.13460E-01  0.76946E-01  0.74608E-01  0.32108E-02  0.18534E-01  0.32108E-02  0.18358E-01  0.25312E-01 -0.20171E+03 -0.15766E+03  0.10043E+03  0.00000E+00  0.00000E+00  0.10324E+03  0.00000E+00  0.32108E-02      8  0.00000E+00      0.000
       0.3232  0.68433E-01  0.39502E+00  0.68434E-01  0.39124E+00  0.68417E-01  0.90005E-02  0.51954E-01  0.90005E-02  0.51458E-01  0.31100E-01 -0.20261E+03 -0.15786E+03  0.10043E+03  0.00000E+00  0.00000E+00  0.10324E+03  0.00000E+00  0.90005E-02      9  0.00000E+00      0.000
       0.4360  0.14190E+00  0.81910E+00  0.14190E+00  0.81101E+00  0.72841E-01  0.25008E-01  0.14435E+00  0.25008E-01  0.14294E+00  0.39317E-01 -0.20550E+03 -0.15928E+03  0.10043E+03  0.00000E+00  0.00000E+00  0.10318E+03  0.00000E+00  0.25008E-01     10  0.00000E+00      0.000
       0.5770  0.13652E+00  0.78802E+00  0.13652E+00  0.77974E+00  0.10467E+00  0.44257E-01  0.25547E+00  0.44257E-01  0.25289E+00  0.54076E-01 -0.20977E+03 -0.16222E+03  0.10043E+03  0.00000E+00  0.00000E+00  0.10306E+03  0.00000E+00  0.44257E-01     11  0.00000E+00      0.000
       0.7885  0.13458E-01  0.77685E-01  0.13457E-01  0.76826E-01  0.17652E+00  0.47104E-01  0.27190E+00  0.47103E-01  0.26914E+00  0.91410E-01 -0.21206E+03 -0.16492E+03  0.10043E+03  0.00000E+00  0.00000E+00  0.10293E+03  0.00000E+00  0.47103E-01     12  0.00000E+00      0.000
       1.0000  0.13458E-01  0.77685E-01  0.13456E-01  0.76851E-01  0.21056E+00  0.49950E-01  0.28833E+00  0.49949E-01  0.28539E+00  0.13595E+00 -0.21028E+03 -0.16363E+03  0.10043E+03  0.00000E+00  0.00000E+00  0.10296E+03  0.00000E+00  0.49949E-01     13  0.00000E+00      0.000
end
