 ******* Program HYDRUS
 ******* 
 Welcome to HYDRUS-1D                                                    
 Date:  29. 3.2022    Time:  17:26:30
 Units: L = cm   , T = days , M = mg   

----------------------------------------------------------
 Time       [T]        0.0000
----------------------------------------------------------
 Sub-region num.                     1
----------------------------------------------------------
 Length   [L]        0.30000E+03  0.30000E+03
 W-volume [L]        0.10326E+03  0.10326E+03
 In-flow  [L/T]      0.00000E+00  0.00000E+00
 h Mean   [L]       -0.50566E+02 -0.50566E+02
 ConcVol  [M/L2] 1   0.91493E-01  0.91493E-01
 cMean    [M/L3] 1   0.88652E-03  0.88652E-03
 SorbVolIm[M/L2] 1   0.46277E+02  0.46277E+02
 sMeanIm  [-]    1   0.10638E+00  0.10638E+00
 Top Flux [L/T]      0.87429E-03
 Bot Flux [L/T]      0.57920E-01
----------------------------------------------------------

----------------------------------------------------------
 Time       [T]        1.0000
----------------------------------------------------------
 Sub-region num.                     1
----------------------------------------------------------
 Length   [L]        0.30000E+03  0.30000E+03
 W-volume [L]        0.10244E+03  0.10244E+03
 In-flow  [L/T]      0.75328E-01  0.75328E-01
 h Mean   [L]       -0.57919E+02 -0.57919E+02
 ConcVol  [M/L2] 1   0.90759E-01  0.90759E-01
 cMean    [M/L3] 1   0.88654E-03  0.88654E-03
 SorbVolIm[M/L2] 1   0.46278E+02  0.46278E+02
 sMeanIm  [-]    1   0.10639E+00  0.10639E+00
 Top Flux [L/T]      0.35348E-01
 Bot Flux [L/T]      0.25378E+00
 WatBalT  [L]       -0.15477E+00
 WatBalR  [%]             18.483
 CncBalT  [M]    1   0.38528E-03
 CncBalR  [%]    1        52.245
----------------------------------------------------------
 
 Calculation time [sec]  9.999990463256836E-003
