 All solute fluxes and cumulative solute fluxes are positive into the region

       Time         cvTop        cvBot      Sum(cvTop)   Sum(cvBot)     cvCh0        cvCh1         cTop        cRoot         cBot        cvRoot    Sum(cvRoot)  Sum(cvNEql) TLevel      cGWL        cRunOff   Sum(cRunOff)    (cv(i),    Sum(cv(i)), i=1,NObs)
        [T]        [M/L2/T]     [M/L2/T]      [M/L2]       [M/L2]       [M/L2]      [M/L2]        [M/L3]      [M/L3]        [M/L3]      [M/L2/T]      [M/L2]       [M/L2]              [M/L3]        [M/L2]      [M/L3]      [M/L2/T]      [M/L2]
        0.0100  0.00000E+00 -0.31870E-04  0.00000E+00 -0.31870E-06  0.00000E+00  0.00000E+00  0.90850E-03  0.89363E-03  0.87361E-03  0.87870E-04  0.87870E-06 -0.58267E-05       1  0.88309E-03  0.00000E+00  0.00000E+00  0.21660E-04  0.21660E-06 -0.42416E-03 -0.42416E-05 -0.40642E-03 -0.40642E-05
        0.0230  0.00000E+00  0.00000E+00  0.00000E+00 -0.31870E-06  0.00000E+00  0.00000E+00  0.90866E-03  0.89361E-03  0.87117E-03  0.87870E-04  0.20210E-05 -0.14144E-04       2  0.88306E-03  0.00000E+00  0.00000E+00  0.21361E-04  0.49429E-06 -0.39664E-03 -0.93979E-05 -0.38708E-03 -0.90961E-05
        0.0399  0.00000E+00  0.00000E+00  0.00000E+00 -0.31870E-06  0.00000E+00  0.00000E+00  0.90862E-03  0.89362E-03  0.87259E-03  0.87870E-04  0.35060E-05 -0.21783E-04       3  0.88309E-03  0.00000E+00  0.00000E+00  0.21059E-04  0.85019E-06 -0.36191E-03 -0.15514E-04 -0.36089E-03 -0.15195E-04
        0.0619  0.00000E+00  0.00000E+00  0.00000E+00 -0.31870E-06  0.00000E+00  0.00000E+00  0.90862E-03  0.89361E-03  0.87290E-03  0.87870E-04  0.54365E-05 -0.29416E-04       4  0.88309E-03  0.00000E+00  0.00000E+00  0.20429E-04  0.12990E-05 -0.32635E-03 -0.22684E-04 -0.33159E-03 -0.22480E-04
        0.0904  0.00000E+00  0.00000E+00  0.00000E+00 -0.31870E-06  0.00000E+00  0.00000E+00  0.90857E-03  0.89361E-03  0.87351E-03  0.87870E-04  0.79461E-05 -0.36639E-04       5  0.88310E-03  0.00000E+00  0.00000E+00  0.19265E-04  0.18492E-05 -0.28783E-03 -0.30905E-04 -0.29776E-03 -0.30985E-04
        0.1276  0.00000E+00  0.00000E+00  0.00000E+00 -0.31870E-06  0.00000E+00  0.00000E+00  0.90857E-03  0.89361E-03  0.87393E-03  0.87870E-04  0.11209E-04 -0.43003E-04       6  0.88311E-03  0.00000E+00  0.00000E+00  0.17140E-04  0.24856E-05 -0.24902E-03 -0.40151E-04 -0.26084E-03 -0.40670E-04
        0.1758  0.00000E+00  0.00000E+00  0.00000E+00 -0.31870E-06  0.00000E+00  0.00000E+00  0.90853E-03  0.89361E-03  0.87442E-03  0.87869E-04  0.15450E-04 -0.47855E-04       7  0.88312E-03  0.00000E+00  0.00000E+00  0.13622E-04  0.31432E-05 -0.21012E-03 -0.50292E-04 -0.22140E-03 -0.51356E-04
        0.2258  0.00000E+00  0.00000E+00  0.00000E+00 -0.31870E-06  0.00000E+00  0.00000E+00  0.90852E-03  0.89361E-03  0.87476E-03  0.87869E-04  0.19843E-04 -0.50246E-04       8  0.88312E-03  0.00000E+00  0.00000E+00  0.93485E-05  0.36106E-05 -0.17783E-03 -0.59184E-04 -0.18762E-03 -0.60737E-04
        0.2758  0.00000E+00 -0.11727E-04  0.00000E+00 -0.90505E-06  0.00000E+00  0.00000E+00  0.90856E-03  0.89361E-03  0.88046E-03  0.87869E-04  0.24237E-04 -0.36399E-04       9  0.88318E-03  0.00000E+00  0.00000E+00  0.18036E-04  0.45124E-05 -0.14978E-03 -0.66673E-04 -0.15925E-03 -0.68700E-04
        0.3258  0.00000E+00 -0.37652E-04  0.00000E+00 -0.27876E-05  0.00000E+00  0.00000E+00  0.90901E-03  0.89361E-03  0.88011E-03  0.87870E-04  0.28630E-04 -0.81372E-05      10  0.88317E-03  0.00000E+00  0.00000E+00  0.65487E-04  0.77867E-05 -0.11622E-03 -0.72484E-04 -0.13004E-03 -0.75202E-04
        0.3758  0.00000E+00 -0.61685E-04  0.00000E+00 -0.58719E-05  0.00000E+00  0.00000E+00  0.90948E-03  0.89362E-03  0.88037E-03  0.87871E-04  0.33024E-04  0.27451E-04      11  0.88318E-03  0.00000E+00  0.00000E+00  0.10438E-03  0.13006E-04 -0.79844E-04 -0.76476E-04 -0.91541E-04 -0.79779E-04
        0.4258  0.00000E+00 -0.77741E-04  0.00000E+00 -0.97589E-05  0.00000E+00  0.00000E+00  0.90979E-03  0.89365E-03  0.88021E-03  0.87874E-04  0.37418E-04  0.71148E-04      12  0.88317E-03  0.00000E+00  0.00000E+00  0.13193E-03  0.19602E-04 -0.43139E-04 -0.78633E-04 -0.49520E-04 -0.82255E-04
        0.4758  0.00000E+00 -0.86885E-04  0.00000E+00 -0.14103E-04  0.00000E+00  0.00000E+00  0.91001E-03  0.89366E-03  0.88033E-03  0.87875E-04  0.41811E-04  0.11891E-03      13  0.88318E-03  0.00000E+00  0.00000E+00  0.14576E-03  0.26890E-04 -0.67258E-05 -0.78969E-04 -0.69047E-05 -0.82600E-04
        0.5258  0.00000E+00 -0.89904E-04  0.00000E+00 -0.18598E-04  0.00000E+00  0.00000E+00  0.91005E-03  0.89368E-03  0.88025E-03  0.87877E-04  0.46205E-04  0.16914E-03      14  0.88317E-03  0.00000E+00  0.00000E+00  0.14521E-03  0.34151E-04  0.68905E-05 -0.78625E-04  0.31373E-04 -0.81031E-04
        0.5758  0.00000E+00 -0.87568E-04  0.00000E+00 -0.22977E-04  0.00000E+00  0.00000E+00  0.90996E-03  0.89368E-03  0.88031E-03  0.87877E-04  0.50599E-04  0.21767E-03      15  0.88318E-03  0.00000E+00  0.00000E+00  0.13025E-03  0.40663E-04  0.17097E-04 -0.77770E-04  0.62609E-04 -0.77901E-04
        0.6258  0.00000E+00 -0.80757E-04  0.00000E+00 -0.27015E-04  0.00000E+00  0.00000E+00  0.90971E-03  0.89368E-03  0.88026E-03  0.87877E-04  0.54993E-04  0.26217E-03      16  0.88317E-03  0.00000E+00  0.00000E+00  0.10211E-03  0.45769E-04  0.23044E-04 -0.76617E-04  0.84048E-04 -0.73698E-04
        0.6758  0.00000E+00 -0.70443E-04  0.00000E+00 -0.30537E-04  0.00000E+00  0.00000E+00  0.90935E-03  0.89367E-03  0.88029E-03  0.87876E-04  0.59387E-04  0.29933E-03      17  0.88318E-03  0.00000E+00  0.00000E+00  0.62906E-04  0.48914E-04  0.25344E-04 -0.75350E-04  0.94350E-04 -0.68981E-04
        0.7258  0.00000E+00 -0.57892E-04  0.00000E+00 -0.33431E-04  0.00000E+00  0.00000E+00  0.90888E-03  0.89366E-03  0.88026E-03  0.87875E-04  0.63780E-04  0.32745E-03      18  0.88317E-03  0.00000E+00  0.00000E+00  0.15810E-04  0.49705E-04  0.23078E-04 -0.74196E-04  0.92455E-04 -0.64358E-04
        0.7758  0.00000E+00 -0.44561E-04  0.00000E+00 -0.35659E-04  0.00000E+00  0.00000E+00  0.90877E-03  0.89364E-03  0.88027E-03  0.87872E-04  0.68174E-04  0.34623E-03      19  0.88318E-03  0.00000E+00  0.00000E+00  0.90601E-05  0.50158E-04  0.20663E-04 -0.73163E-04  0.80817E-04 -0.60317E-04
        0.8258  0.00000E+00 -0.31524E-04  0.00000E+00 -0.37236E-04  0.00000E+00  0.00000E+00  0.90884E-03  0.89362E-03  0.88026E-03  0.87870E-04  0.72568E-04  0.36229E-03      20  0.88317E-03  0.00000E+00  0.00000E+00  0.13225E-04  0.50819E-04  0.18522E-04 -0.72237E-04  0.70899E-04 -0.56772E-04
        0.8758  0.00000E+00 -0.19459E-04  0.00000E+00 -0.38209E-04  0.00000E+00  0.00000E+00  0.90887E-03  0.89363E-03  0.88026E-03  0.87871E-04  0.76961E-04  0.37811E-03      21  0.88318E-03  0.00000E+00  0.00000E+00  0.16766E-04  0.51657E-04  0.16846E-04 -0.71395E-04  0.63004E-04 -0.53622E-04
        0.9258  0.00000E+00 -0.87566E-05  0.00000E+00 -0.38646E-04  0.00000E+00  0.00000E+00  0.90891E-03  0.89362E-03  0.88025E-03  0.87870E-04  0.81355E-04  0.39332E-03      22  0.88317E-03  0.00000E+00  0.00000E+00  0.19309E-04  0.52623E-04  0.15394E-04 -0.70625E-04  0.57211E-04 -0.50762E-04
        0.9629  0.00000E+00 -0.18972E-05  0.00000E+00 -0.38717E-04  0.00000E+00  0.00000E+00  0.90893E-03  0.89362E-03  0.87510E-03  0.87871E-04  0.84613E-04  0.39407E-03      23  0.88312E-03  0.00000E+00  0.00000E+00  0.20423E-04  0.53380E-04  0.14431E-04 -0.70090E-04  0.53684E-04 -0.48771E-04
        1.0000  0.00000E+00  0.00000E+00  0.00000E+00 -0.38717E-04  0.00000E+00  0.00000E+00  0.90894E-03  0.89362E-03  0.87758E-03  0.87871E-04  0.87872E-04  0.39131E-03      24  0.88316E-03  0.00000E+00  0.00000E+00  0.20791E-04  0.54151E-04  0.13573E-04 -0.69587E-04  0.50909E-04 -0.46883E-04
end
