 All solute fluxes and cumulative solute fluxes are positive into the region

       Time         cvTop        cvBot      Sum(cvTop)   Sum(cvBot)     cvCh0        cvCh1         cTop        cRoot         cBot        cvRoot    Sum(cvRoot)  Sum(cvNEql) TLevel      cGWL        cRunOff   Sum(cRunOff)    (cv(i),    Sum(cv(i)), i=1,NObs)
        [T]        [M/L2/T]     [M/L2/T]      [M/L2]       [M/L2]       [M/L2]      [M/L2]        [M/L3]      [M/L3]        [M/L3]      [M/L2/T]      [M/L2]       [M/L2]              [M/L3]        [M/L2]      [M/L3]      [M/L2/T]      [M/L2]
        0.0100  0.00000E+00 -0.32497E-03  0.00000E+00 -0.32497E-05  0.00000E+00  0.00000E+00  0.96132E-03  0.90296E-03  0.88067E-03  0.13644E-03  0.13644E-05 -0.22763E-05       1  0.88318E-03  0.00000E+00  0.00000E+00  0.26226E-04  0.26226E-06  0.33110E-04  0.33110E-06  0.27678E-03  0.27678E-05
        0.0230  0.00000E+00 -0.56266E-03  0.00000E+00 -0.10564E-04  0.00000E+00  0.00000E+00  0.96116E-03  0.90299E-03  0.88008E-03  0.13645E-03  0.31383E-05  0.53278E-05       2  0.88315E-03  0.00000E+00  0.00000E+00  0.26111E-04  0.60170E-06  0.32775E-04  0.75717E-06  0.27132E-03  0.62949E-05
        0.0399  0.00000E+00 -0.39388E-03  0.00000E+00 -0.17221E-04  0.00000E+00  0.00000E+00  0.96119E-03  0.90298E-03  0.88017E-03  0.13645E-03  0.54442E-05  0.66480E-05       3  0.88316E-03  0.00000E+00  0.00000E+00  0.25495E-04  0.10326E-05  0.31859E-04  0.12956E-05  0.26385E-03  0.10754E-04
        0.0619  0.00000E+00 -0.26003E-03  0.00000E+00 -0.22934E-04  0.00000E+00  0.00000E+00  0.96116E-03  0.90299E-03  0.88006E-03  0.13645E-03  0.84420E-05  0.11739E-04       4  0.88315E-03  0.00000E+00  0.00000E+00  0.24239E-04  0.15651E-05  0.30763E-04  0.19714E-05  0.25525E-03  0.16362E-04
        0.0904  0.00000E+00 -0.16215E-03  0.00000E+00 -0.27565E-04  0.00000E+00  0.00000E+00  0.96115E-03  0.90298E-03  0.88005E-03  0.13645E-03  0.12339E-04  0.16855E-04       5  0.88315E-03  0.00000E+00  0.00000E+00  0.21830E-04  0.21886E-05  0.29179E-04  0.28048E-05  0.24458E-03  0.23347E-04
        0.1276  0.00000E+00 -0.79275E-04  0.00000E+00 -0.30509E-04  0.00000E+00  0.00000E+00  0.96111E-03  0.90298E-03  0.88000E-03  0.13645E-03  0.17405E-04  0.24065E-04       6  0.88315E-03  0.00000E+00  0.00000E+00  0.17525E-04  0.28393E-05  0.27107E-04  0.38113E-05  0.23135E-03  0.31937E-04
        0.1758  0.00000E+00 -0.20961E-04  0.00000E+00 -0.31520E-04  0.00000E+00  0.00000E+00  0.96104E-03  0.90298E-03  0.87546E-03  0.13645E-03  0.23991E-04  0.20719E-04       7  0.88310E-03  0.00000E+00  0.00000E+00  0.10307E-04  0.33368E-05  0.24313E-04  0.49848E-05  0.21480E-03  0.42305E-04
        0.2258  0.00000E+00  0.00000E+00  0.00000E+00 -0.31520E-04  0.00000E+00  0.00000E+00  0.96096E-03  0.90298E-03  0.87734E-03  0.13645E-03  0.30814E-04  0.12375E-04       8  0.88312E-03  0.00000E+00  0.00000E+00  0.42043E-05  0.35470E-05  0.21328E-04  0.60512E-05  0.19875E-03  0.52242E-04
        0.2758  0.00000E+00  0.00000E+00  0.00000E+00 -0.31520E-04  0.00000E+00  0.00000E+00  0.96103E-03  0.90298E-03  0.87563E-03  0.13645E-03  0.37636E-04  0.43705E-05       9  0.88309E-03  0.00000E+00  0.00000E+00  0.10423E-04  0.40681E-05  0.19005E-04  0.70015E-05  0.18399E-03  0.61442E-04
        0.3258  0.00000E+00  0.00000E+00  0.00000E+00 -0.31520E-04  0.00000E+00  0.00000E+00  0.96162E-03  0.90298E-03  0.87635E-03  0.13645E-03  0.44458E-04 -0.15326E-05      10  0.88311E-03  0.00000E+00  0.00000E+00  0.72913E-04  0.77138E-05  0.19023E-04  0.79526E-05  0.17656E-03  0.70270E-04
        0.3758  0.00000E+00  0.00000E+00  0.00000E+00 -0.31520E-04  0.00000E+00  0.00000E+00  0.96223E-03  0.90300E-03  0.87556E-03  0.13645E-03  0.51281E-04  0.54466E-05      11  0.88309E-03  0.00000E+00  0.00000E+00  0.12373E-03  0.13900E-04  0.20546E-04  0.89799E-05  0.18586E-03  0.79563E-04
        0.4258  0.00000E+00  0.00000E+00  0.00000E+00 -0.31520E-04  0.00000E+00  0.00000E+00  0.96262E-03  0.90304E-03  0.87585E-03  0.13645E-03  0.58103E-04  0.22615E-04      12  0.88310E-03  0.00000E+00  0.00000E+00  0.15962E-03  0.21881E-04  0.23191E-04  0.10139E-04  0.20482E-03  0.89804E-04
        0.4758  0.00000E+00  0.00000E+00  0.00000E+00 -0.31520E-04  0.00000E+00  0.00000E+00  0.96288E-03  0.90305E-03  0.87543E-03  0.13646E-03  0.64926E-04  0.47269E-04      13  0.88309E-03  0.00000E+00  0.00000E+00  0.17753E-03  0.30758E-04  0.26053E-04  0.11442E-04  0.23018E-03  0.10131E-03
        0.5258  0.00000E+00  0.00000E+00  0.00000E+00 -0.31520E-04  0.00000E+00  0.00000E+00  0.96293E-03  0.90307E-03  0.87552E-03  0.13646E-03  0.71749E-04  0.75028E-04      14  0.88310E-03  0.00000E+00  0.00000E+00  0.17686E-03  0.39601E-04  0.28856E-04  0.12885E-04  0.25450E-03  0.11404E-03
        0.5758  0.00000E+00  0.00000E+00  0.00000E+00 -0.31520E-04  0.00000E+00  0.00000E+00  0.96280E-03  0.90307E-03  0.87525E-03  0.13646E-03  0.78572E-04  0.10170E-03      15  0.88309E-03  0.00000E+00  0.00000E+00  0.15744E-03  0.47473E-04  0.30928E-04  0.14431E-04  0.27383E-03  0.12773E-03
        0.6258  0.00000E+00  0.00000E+00  0.00000E+00 -0.31520E-04  0.00000E+00  0.00000E+00  0.96248E-03  0.90308E-03  0.87523E-03  0.13646E-03  0.85395E-04  0.12276E-03      16  0.88309E-03  0.00000E+00  0.00000E+00  0.12090E-03  0.53518E-04  0.31740E-04  0.16018E-04  0.28548E-03  0.14200E-03
        0.6758  0.00000E+00  0.00000E+00  0.00000E+00 -0.31520E-04  0.00000E+00  0.00000E+00  0.96200E-03  0.90306E-03  0.87502E-03  0.13646E-03  0.92218E-04  0.13441E-03      17  0.88309E-03  0.00000E+00  0.00000E+00  0.69723E-04  0.57004E-04  0.31209E-04  0.17579E-04  0.28513E-03  0.15626E-03
        0.7258  0.00000E+00  0.00000E+00  0.00000E+00 -0.31520E-04  0.00000E+00  0.00000E+00  0.96138E-03  0.90305E-03  0.87495E-03  0.13646E-03  0.99041E-04  0.13359E-03      18  0.88309E-03  0.00000E+00  0.00000E+00  0.78506E-05  0.57396E-04  0.29060E-04  0.19032E-04  0.27230E-03  0.16987E-03
        0.7758  0.00000E+00  0.00000E+00  0.00000E+00 -0.31520E-04  0.00000E+00  0.00000E+00  0.96128E-03  0.90302E-03  0.87478E-03  0.13645E-03  0.10586E-03  0.12032E-03      19  0.88308E-03  0.00000E+00  0.00000E+00  0.40106E-05  0.57597E-04  0.27181E-04  0.20391E-04  0.24893E-03  0.18232E-03
        0.8258  0.00000E+00  0.00000E+00  0.00000E+00 -0.31520E-04  0.00000E+00  0.00000E+00  0.96140E-03  0.90299E-03  0.87470E-03  0.13645E-03  0.11269E-03  0.10357E-03      20  0.88308E-03  0.00000E+00  0.00000E+00  0.10294E-04  0.58112E-04  0.25351E-04  0.21658E-04  0.22895E-03  0.19377E-03
        0.8758  0.00000E+00  0.00000E+00  0.00000E+00 -0.31520E-04  0.00000E+00  0.00000E+00  0.96145E-03  0.90300E-03  0.87457E-03  0.13645E-03  0.11951E-03  0.87123E-04      21  0.88308E-03  0.00000E+00  0.00000E+00  0.17657E-04  0.58994E-04  0.23551E-04  0.22836E-04  0.21290E-03  0.20441E-03
        0.9258  0.00000E+00  0.00000E+00  0.00000E+00 -0.31520E-04  0.00000E+00  0.00000E+00  0.96154E-03  0.90299E-03  0.87450E-03  0.13645E-03  0.12633E-03  0.70220E-04      22  0.88308E-03  0.00000E+00  0.00000E+00  0.22937E-04  0.60141E-04  0.21927E-04  0.23932E-04  0.19947E-03  0.21439E-03
        0.9629  0.00000E+00  0.00000E+00  0.00000E+00 -0.31520E-04  0.00000E+00  0.00000E+00  0.96156E-03  0.90300E-03  0.87443E-03  0.13645E-03  0.13139E-03  0.57853E-04      23  0.88308E-03  0.00000E+00  0.00000E+00  0.25246E-04  0.61077E-04  0.20773E-04  0.24703E-04  0.19064E-03  0.22146E-03
        1.0000  0.00000E+00  0.00000E+00  0.00000E+00 -0.31520E-04  0.00000E+00  0.00000E+00  0.96158E-03  0.90299E-03  0.87438E-03  0.13645E-03  0.13645E-03  0.45235E-04      24  0.88308E-03  0.00000E+00  0.00000E+00  0.26020E-04  0.62042E-04  0.19696E-04  0.25433E-04  0.18295E-03  0.22824E-03
end
