 ******* Program HYDRUS
 ******* 
 Welcome to HYDRUS-1D                                                    
 Date:  29. 3.2022    Time:  17:26: 4
 Units: L = cm   , T = days , M = mg   


 Time:        0.0000


 Node      Depth      Head Moisture       K          C         Flux        Sink         Kappa   v/KsTop   Temp   Conc(1..NS) Sorb(1...NS)
           [L]        [L]    [-]        [L/T]      [1/L]      [L/T]        [1/T]         [-]      [-]      [C]      [M/L*3]

   1     0.0000    -194.826 0.2884   0.1307E+01  0.3878E-03  0.3756E-01  0.0000E+00      -1   0.864E-03   20.00  0.8633E-03  0.1035E+00
   2    -3.0000    -191.741 0.2895   0.1344E+01  0.3916E-03  0.2727E-01  0.0000E+00      -1   0.628E-03   20.00  0.8705E-03  0.1045E+00
   3    -6.0000    -188.704 0.2908   0.1411E+01  0.3955E-03  0.7047E-02  0.0000E+00      -1   0.162E-03   20.00  0.8791E-03  0.1055E+00
   4    -9.0000    -185.710 0.2921   0.1478E+01  0.3994E-03 -0.1202E-01  0.1055E-02      -1  -0.277E-03   20.00  0.8817E-03  0.1058E+00
   5   -12.0000    -182.752 0.2933   0.1544E+01  0.4033E-03 -0.3054E-01  0.1055E-02      -1  -0.703E-03   20.00  0.8833E-03  0.1060E+00
   6   -15.0000    -179.828 0.2945   0.1609E+01  0.4071E-03 -0.4896E-01  0.1056E-02      -1  -0.113E-02   20.00  0.8833E-03  0.1060E+00
   7   -18.0000    -176.934 0.2957   0.1673E+01  0.4108E-03 -0.6736E-01  0.9603E-03      -1  -0.155E-02   20.00  0.8833E-03  0.1060E+00
   8   -21.0000    -174.069 0.2969   0.1737E+01  0.4146E-03 -0.8613E-01  0.8407E-03      -1  -0.198E-02   20.00  0.8833E-03  0.1060E+00
   9   -24.0000    -171.231 0.2981   0.1801E+01  0.4183E-03 -0.1049E+00  0.7210E-03      -1  -0.241E-02   20.00  0.8833E-03  0.1060E+00
  10   -27.0000    -168.418 0.2993   0.1863E+01  0.4219E-03 -0.1237E+00  0.6011E-03      -1  -0.285E-02   20.00  0.8833E-03  0.1060E+00
  11   -30.0000    -165.629 0.3004   0.1925E+01  0.4256E-03 -0.1429E+00  0.4811E-03      -1  -0.329E-02   20.00  0.8833E-03  0.1060E+00
  12   -33.0000    -162.863 0.3016   0.1987E+01  0.4292E-03 -0.1624E+00  0.3610E-03      -1  -0.374E-02   20.00  0.8833E-03  0.1060E+00
  13   -36.0000    -160.119 0.3027   0.2048E+01  0.4327E-03 -0.1820E+00  0.2407E-03      -1  -0.419E-02   20.00  0.8833E-03  0.1060E+00
  14   -39.0000    -157.396 0.3039   0.2109E+01  0.4363E-03 -0.2015E+00  0.1204E-03      -1  -0.464E-02   20.00  0.8833E-03  0.1060E+00
  15   -42.0000    -154.692 0.3050   0.2169E+01  0.4398E-03 -0.2210E+00  0.0000E+00      -1  -0.508E-02   20.00  0.8833E-03  0.1060E+00
  16   -45.0000    -152.007 0.3061   0.2229E+01  0.4433E-03 -0.2421E+00  0.0000E+00      -1  -0.557E-02   20.00  0.8833E-03  0.1060E+00
  17   -48.0000    -149.340 0.3074   0.2335E+01  0.4464E-03 -0.2639E+00  0.0000E+00      -1  -0.607E-02   20.00  0.8833E-03  0.1060E+00
  18   -51.0000    -146.685 0.3086   0.2441E+01  0.4494E-03 -0.2852E+00  0.0000E+00      -1  -0.656E-02   20.00  0.8833E-03  0.1060E+00
  19   -54.0000    -144.041 0.3098   0.2546E+01  0.4525E-03 -0.3064E+00  0.0000E+00      -1  -0.705E-02   20.00  0.8833E-03  0.1060E+00
  20   -57.0000    -141.407 0.3110   0.2651E+01  0.4555E-03 -0.3279E+00  0.0000E+00      -1  -0.754E-02   20.00  0.8833E-03  0.1060E+00
  21   -60.0000    -138.783 0.3122   0.2756E+01  0.4586E-03 -0.3496E+00  0.0000E+00      -1  -0.804E-02   20.00  0.8833E-03  0.1060E+00
  22   -63.0000    -136.168 0.3134   0.2860E+01  0.4616E-03 -0.3699E+00  0.0000E+00      -1  -0.851E-02   20.00  0.8833E-03  0.1060E+00
  23   -66.0000    -133.559 0.3147   0.2964E+01  0.4646E-03 -0.3903E+00  0.0000E+00      -1  -0.898E-02   20.00  0.8833E-03  0.1060E+00
  24   -69.0000    -130.958 0.3159   0.3067E+01  0.4676E-03 -0.4105E+00  0.0000E+00      -1  -0.945E-02   20.00  0.8833E-03  0.1060E+00
  25   -72.0000    -128.362 0.3171   0.3171E+01  0.4706E-03 -0.4302E+00  0.0000E+00      -1  -0.990E-02   20.00  0.8833E-03  0.1060E+00
  26   -75.0000    -125.772 0.3183   0.3274E+01  0.4736E-03 -0.4502E+00  0.0000E+00      -1  -0.104E-01   20.00  0.8833E-03  0.1060E+00
  27   -78.0000    -123.187 0.3194   0.3377E+01  0.4766E-03 -0.4694E+00  0.0000E+00      -1  -0.108E-01   20.00  0.8833E-03  0.1060E+00
  28   -81.0000    -120.606 0.3206   0.3480E+01  0.4796E-03 -0.4882E+00  0.0000E+00      -1  -0.112E-01   20.00  0.8833E-03  0.1060E+00
  29   -84.0000    -118.025 0.3219   0.3646E+01  0.4815E-03 -0.5069E+00  0.0000E+00      -1  -0.117E-01   20.00  0.8833E-03  0.1060E+00
  30   -87.0000    -115.440 0.3232   0.3817E+01  0.4833E-03 -0.5260E+00  0.0000E+00      -1  -0.121E-01   20.00  0.8833E-03  0.1060E+00
  31   -90.0000    -112.852 0.3244   0.3987E+01  0.4852E-03 -0.5449E+00  0.0000E+00      -1  -0.125E-01   20.00  0.8833E-03  0.1060E+00
  32   -93.0000    -110.260 0.3257   0.4158E+01  0.4870E-03 -0.5620E+00  0.0000E+00      -1  -0.129E-01   20.00  0.8833E-03  0.1060E+00
  33   -96.0000    -107.663 0.3270   0.4330E+01  0.4889E-03 -0.5794E+00  0.0000E+00      -1  -0.133E-01   20.00  0.8833E-03  0.1060E+00
  34   -99.0000    -105.063 0.3283   0.4501E+01  0.4907E-03 -0.5971E+00  0.0000E+00      -1  -0.137E-01   20.00  0.8833E-03  0.1060E+00
  35  -102.0000    -102.459 0.3295   0.4673E+01  0.4925E-03 -0.6137E+00  0.0000E+00      -1  -0.141E-01   20.00  0.8833E-03  0.1060E+00
  36  -105.0000     -99.851 0.3308   0.4845E+01  0.4944E-03 -0.6298E+00  0.0000E+00      -1  -0.145E-01   20.00  0.8833E-03  0.1060E+00
  37  -108.0000     -97.239 0.3321   0.5017E+01  0.4963E-03 -0.6448E+00  0.0000E+00      -1  -0.148E-01   20.00  0.8833E-03  0.1060E+00
  38  -111.0000     -94.621 0.3334   0.5220E+01  0.4975E-03 -0.6596E+00  0.0000E+00      -1  -0.152E-01   20.00  0.8833E-03  0.1060E+00
  39  -114.0000     -91.995 0.3347   0.5487E+01  0.4974E-03 -0.6747E+00  0.0000E+00      -1  -0.155E-01   20.00  0.8833E-03  0.1060E+00
  40  -117.0000     -89.359 0.3360   0.5755E+01  0.4972E-03 -0.6884E+00  0.0000E+00      -1  -0.158E-01   20.00  0.8833E-03  0.1060E+00
  41  -120.0000     -86.713 0.3373   0.6023E+01  0.4971E-03 -0.7026E+00  0.0000E+00      -1  -0.162E-01   20.00  0.8833E-03  0.1060E+00
  42  -123.0000     -84.059 0.3386   0.6293E+01  0.4970E-03 -0.7162E+00  0.0000E+00      -1  -0.165E-01   20.00  0.8833E-03  0.1060E+00
  43  -126.0000     -81.396 0.3400   0.6564E+01  0.4969E-03 -0.7284E+00  0.0000E+00      -1  -0.168E-01   20.00  0.8833E-03  0.1060E+00
  44  -129.0000     -78.725 0.3413   0.6835E+01  0.4968E-03 -0.7403E+00  0.0000E+00      -1  -0.170E-01   20.00  0.8833E-03  0.1060E+00
  45  -132.0000     -76.046 0.3426   0.7107E+01  0.4966E-03 -0.7511E+00  0.0000E+00      -1  -0.173E-01   20.00  0.8833E-03  0.1060E+00
  46  -135.0000     -73.357 0.3440   0.7484E+01  0.4942E-03 -0.7622E+00  0.0000E+00      -1  -0.175E-01   20.00  0.8833E-03  0.1060E+00
  47  -138.0000     -70.657 0.3453   0.7880E+01  0.4914E-03 -0.7732E+00  0.0000E+00      -1  -0.178E-01   20.00  0.8833E-03  0.1060E+00
  48  -141.0000     -67.946 0.3466   0.8278E+01  0.4885E-03 -0.7833E+00  0.0000E+00      -1  -0.180E-01   20.00  0.8833E-03  0.1060E+00
  49  -144.0000     -65.225 0.3479   0.8677E+01  0.4856E-03 -0.7937E+00  0.0000E+00      -1  -0.183E-01   20.00  0.8833E-03  0.1060E+00
  50  -147.0000     -62.495 0.3493   0.9078E+01  0.4827E-03 -0.8018E+00  0.0000E+00      -1  -0.184E-01   20.00  0.8833E-03  0.1060E+00
  51  -150.0000     -59.755 0.3506   0.9490E+01  0.4796E-03 -0.8108E+00  0.0000E+00      -1  -0.187E-01   20.00  0.8833E-03  0.1060E+00
  52  -153.0000     -57.006 0.3519   0.1004E+02  0.4735E-03 -0.8196E+00  0.0000E+00      -1  -0.189E-01   20.00  0.8833E-03  0.1060E+00
  53  -156.0000     -54.245 0.3532   0.1060E+02  0.4673E-03 -0.8260E+00  0.0000E+00      -1  -0.190E-01   20.00  0.8833E-03  0.1060E+00
  54  -159.0000     -51.474 0.3545   0.1115E+02  0.4611E-03 -0.8322E+00  0.0000E+00      -1  -0.191E-01   20.00  0.8833E-03  0.1060E+00
  55  -162.0000     -48.693 0.3558   0.1171E+02  0.4549E-03 -0.8406E+00  0.0000E+00      -1  -0.193E-01   20.00  0.8833E-03  0.1060E+00
  56  -165.0000     -45.904 0.3570   0.1237E+02  0.4466E-03 -0.8479E+00  0.0000E+00      -1  -0.195E-01   20.00  0.8833E-03  0.1060E+00
  57  -168.0000     -43.104 0.3583   0.1310E+02  0.4367E-03 -0.8511E+00  0.0000E+00      -1  -0.196E-01   20.00  0.8833E-03  0.1060E+00
  58  -171.0000     -40.294 0.3595   0.1384E+02  0.4268E-03 -0.8578E+00  0.0000E+00      -1  -0.197E-01   20.00  0.8833E-03  0.1060E+00
  59  -174.0000     -37.476 0.3607   0.1459E+02  0.4167E-03 -0.8654E+00  0.0000E+00      -1  -0.199E-01   20.00  0.8833E-03  0.1060E+00
  60  -177.0000     -34.649 0.3618   0.1553E+02  0.4030E-03 -0.8687E+00  0.0000E+00      -1  -0.200E-01   20.00  0.8833E-03  0.1060E+00
  61  -180.0000     -31.812 0.3630   0.1646E+02  0.3893E-03 -0.8701E+00  0.0000E+00      -1  -0.200E-01   20.00  0.8833E-03  0.1060E+00
  62  -183.0000     -28.966 0.3641   0.1747E+02  0.3744E-03 -0.8748E+00  0.0000E+00      -1  -0.201E-01   20.00  0.8833E-03  0.1060E+00
  63  -186.0000     -26.112 0.3651   0.1863E+02  0.3568E-03 -0.8815E+00  0.0000E+00      -1  -0.203E-01   20.00  0.8833E-03  0.1060E+00
  64  -189.0000     -23.250 0.3661   0.1982E+02  0.3387E-03 -0.8835E+00  0.0000E+00      -1  -0.203E-01   20.00  0.8833E-03  0.1060E+00
  65  -192.0000     -20.379 0.3671   0.2122E+02  0.3172E-03 -0.8845E+00  0.0000E+00      -1  -0.204E-01   20.00  0.8833E-03  0.1060E+00
  66  -195.0000     -17.500 0.3679   0.2274E+02  0.2940E-03 -0.8873E+00  0.0000E+00      -1  -0.204E-01   20.00  0.8833E-03  0.1060E+00
  67  -198.0000     -14.613 0.3688   0.2442E+02  0.2681E-03 -0.8926E+00  0.0000E+00      -1  -0.205E-01   20.00  0.8833E-03  0.1060E+00
  68  -201.0000     -11.719 0.3695   0.2636E+02  0.2385E-03 -0.8934E+00  0.0000E+00      -1  -0.206E-01   20.00  0.8833E-03  0.1060E+00
  69  -204.0000      -8.816 0.3701   0.2867E+02  0.2040E-03 -0.8955E+00  0.0000E+00      -1  -0.206E-01   20.00  0.8833E-03  0.1060E+00
  70  -207.0000      -5.906 0.3707   0.3142E+02  0.1635E-03 -0.8942E+00  0.0000E+00      -1  -0.206E-01   20.00  0.8833E-03  0.1060E+00
  71  -210.0000      -2.986 0.3711   0.3510E+02  0.1112E-03 -0.8965E+00  0.0000E+00      -1  -0.206E-01   20.00  0.8833E-03  0.1060E+00
  72  -213.0000      -0.056 0.3713   0.4256E+02  0.1149E-04 -0.8975E+00  0.0000E+00      -1  -0.206E-01   20.00  0.8833E-03  0.1060E+00
  73  -216.0000       2.882 0.3713   0.4346E+02  0.0000E+00 -0.8936E+00  0.0000E+00      -1  -0.206E-01   20.00  0.8833E-03  0.1060E+00
  74  -219.0000       5.820 0.3713   0.4346E+02  0.0000E+00 -0.8982E+00  0.0000E+00      -1  -0.207E-01   20.00  0.8833E-03  0.1060E+00
  75  -222.0000       8.758 0.3713   0.4346E+02  0.0000E+00 -0.8982E+00  0.0000E+00      -1  -0.207E-01   20.00  0.8833E-03  0.1060E+00
  76  -225.0000      11.696 0.3713   0.4346E+02  0.0000E+00 -0.8982E+00  0.0000E+00      -1  -0.207E-01   20.00  0.8833E-03  0.1060E+00
  77  -228.0000      14.634 0.3713   0.4346E+02  0.0000E+00 -0.8982E+00  0.0000E+00      -1  -0.207E-01   20.00  0.8833E-03  0.1060E+00
  78  -231.0000      17.572 0.3713   0.4346E+02  0.0000E+00 -0.8982E+00  0.0000E+00      -1  -0.207E-01   20.00  0.8833E-03  0.1060E+00
  79  -234.0000      20.510 0.3713   0.4346E+02  0.0000E+00 -0.8982E+00  0.0000E+00      -1  -0.207E-01   20.00  0.8833E-03  0.1060E+00
  80  -237.0000      23.448 0.3713   0.4346E+02  0.0000E+00 -0.8982E+00  0.0000E+00      -1  -0.207E-01   20.00  0.8833E-03  0.1060E+00
  81  -240.0000      26.386 0.3713   0.4346E+02  0.0000E+00 -0.8910E+00  0.0000E+00      -1  -0.205E-01   20.00  0.8833E-03  0.1060E+00
  82  -243.0000      29.325 0.3713   0.4346E+02  0.0000E+00 -0.8910E+00  0.0000E+00      -1  -0.205E-01   20.00  0.8833E-03  0.1060E+00
  83  -246.0000      32.263 0.3713   0.4346E+02  0.0000E+00 -0.8982E+00  0.0000E+00      -1  -0.207E-01   20.00  0.8833E-03  0.1060E+00
  84  -249.0000      35.201 0.3713   0.4346E+02  0.0000E+00 -0.8982E+00  0.0000E+00      -1  -0.207E-01   20.00  0.8833E-03  0.1060E+00
  85  -252.0000      38.139 0.3713   0.4346E+02  0.0000E+00 -0.8982E+00  0.0000E+00      -1  -0.207E-01   20.00  0.8833E-03  0.1060E+00
  86  -255.0000      41.077 0.3713   0.4346E+02  0.0000E+00 -0.8982E+00  0.0000E+00      -1  -0.207E-01   20.00  0.8833E-03  0.1060E+00
  87  -258.0000      44.015 0.3713   0.4346E+02  0.0000E+00 -0.8982E+00  0.0000E+00      -1  -0.207E-01   20.00  0.8833E-03  0.1060E+00
  88  -261.0000      46.953 0.3713   0.4346E+02  0.0000E+00 -0.8982E+00  0.0000E+00      -1  -0.207E-01   20.00  0.8833E-03  0.1060E+00
  89  -264.0000      49.891 0.3713   0.4346E+02  0.0000E+00 -0.8982E+00  0.0000E+00      -1  -0.207E-01   20.00  0.8833E-03  0.1060E+00
  90  -267.0000      52.829 0.3713   0.4346E+02  0.0000E+00 -0.8982E+00  0.0000E+00      -1  -0.207E-01   20.00  0.8833E-03  0.1060E+00
  91  -270.0000      55.767 0.3713   0.4346E+02  0.0000E+00 -0.8982E+00  0.0000E+00      -1  -0.207E-01   20.00  0.8833E-03  0.1060E+00
  92  -273.0000      58.705 0.3713   0.4346E+02  0.0000E+00 -0.8982E+00  0.0000E+00      -1  -0.207E-01   20.00  0.8833E-03  0.1060E+00
  93  -276.0000      61.643 0.3713   0.4346E+02  0.0000E+00 -0.8910E+00  0.0000E+00      -1  -0.205E-01   20.00  0.8833E-03  0.1060E+00
  94  -279.0000      64.582 0.3713   0.4346E+02  0.0000E+00 -0.8910E+00  0.0000E+00      -1  -0.205E-01   20.00  0.8833E-03  0.1060E+00
  95  -282.0000      67.520 0.3713   0.4346E+02  0.0000E+00 -0.8982E+00  0.0000E+00      -1  -0.207E-01   20.00  0.8833E-03  0.1060E+00
  96  -285.0000      70.458 0.3713   0.4346E+02  0.0000E+00 -0.8982E+00  0.0000E+00      -1  -0.207E-01   20.00  0.8833E-03  0.1060E+00
  97  -288.0000      73.396 0.3713   0.4346E+02  0.0000E+00 -0.8982E+00  0.0000E+00      -1  -0.207E-01   20.00  0.8833E-03  0.1060E+00
  98  -291.0000      76.334 0.3713   0.4346E+02  0.0000E+00 -0.8982E+00  0.0000E+00      -1  -0.207E-01   20.00  0.8832E-03  0.1060E+00
  99  -294.0000      79.272 0.3713   0.4346E+02  0.0000E+00 -0.8982E+00  0.0000E+00      -1  -0.207E-01   20.00  0.8825E-03  0.1059E+00
 100  -297.0000      82.210 0.3713   0.4346E+02  0.0000E+00 -0.8982E+00  0.0000E+00      -1  -0.207E-01   20.00  0.8813E-03  0.1058E+00
 101  -300.0000      85.148 0.3713   0.4346E+02  0.0000E+00 -0.8982E+00  0.0000E+00      -1  -0.207E-01   20.00  0.8813E-03  0.1056E+00
end


 Time:        1.0000


 Node      Depth      Head Moisture       K          C         Flux        Sink         Kappa   v/KsTop   Temp   Conc(1..NS) Sorb(1...NS)
           [L]        [L]    [-]        [L/T]      [1/L]      [L/T]        [1/T]         [-]      [-]      [C]      [M/L*3]

   1     0.0000    -217.649 0.2802   0.1045E+01  0.3602E-03  0.7905E-01  0.0000E+00      -1   0.182E-02   20.00  0.8651E-03  0.1037E+00
   2    -3.0000    -214.420 0.2814   0.1082E+01  0.3641E-03  0.8341E-01  0.0000E+00      -1   0.192E-02   20.00  0.8705E-03  0.1045E+00
   3    -6.0000    -211.187 0.2825   0.1119E+01  0.3680E-03  0.8768E-01  0.0000E+00      -1   0.202E-02   20.00  0.8790E-03  0.1055E+00
   4    -9.0000    -207.950 0.2837   0.1156E+01  0.3720E-03  0.9330E-01  0.1049E-02      -1   0.215E-02   20.00  0.8817E-03  0.1058E+00
   5   -12.0000    -204.703 0.2849   0.1194E+01  0.3759E-03  0.1001E+00  0.1050E-02      -1   0.230E-02   20.00  0.8833E-03  0.1060E+00
   6   -15.0000    -201.447 0.2860   0.1231E+01  0.3798E-03  0.1066E+00  0.1051E-02      -1   0.245E-02   20.00  0.8834E-03  0.1060E+00
   7   -18.0000    -198.184 0.2872   0.1269E+01  0.3838E-03  0.1123E+00  0.9562E-03      -1   0.258E-02   20.00  0.8834E-03  0.1060E+00
   8   -21.0000    -194.916 0.2884   0.1306E+01  0.3877E-03  0.1171E+00  0.8373E-03      -1   0.269E-02   20.00  0.8834E-03  0.1060E+00
   9   -24.0000    -191.646 0.2896   0.1346E+01  0.3917E-03  0.1209E+00  0.7182E-03      -1   0.278E-02   20.00  0.8834E-03  0.1060E+00
  10   -27.0000    -188.380 0.2909   0.1418E+01  0.3960E-03  0.1237E+00  0.5989E-03      -1   0.285E-02   20.00  0.8834E-03  0.1060E+00
  11   -30.0000    -185.123 0.2923   0.1491E+01  0.4002E-03  0.1254E+00  0.4794E-03      -1   0.288E-02   20.00  0.8834E-03  0.1060E+00
  12   -33.0000    -181.875 0.2937   0.1563E+01  0.4044E-03  0.1258E+00  0.3598E-03      -1   0.289E-02   20.00  0.8833E-03  0.1060E+00
  13   -36.0000    -178.639 0.2950   0.1635E+01  0.4086E-03  0.1251E+00  0.2400E-03      -1   0.288E-02   20.00  0.8833E-03  0.1060E+00
  14   -39.0000    -175.416 0.2964   0.1707E+01  0.4128E-03  0.1232E+00  0.1201E-03      -1   0.283E-02   20.00  0.8833E-03  0.1060E+00
  15   -42.0000    -172.206 0.2977   0.1779E+01  0.4170E-03  0.1203E+00  0.0000E+00      -1   0.277E-02   20.00  0.8833E-03  0.1060E+00
  16   -45.0000    -169.010 0.2990   0.1850E+01  0.4212E-03  0.1164E+00  0.0000E+00      -1   0.268E-02   20.00  0.8833E-03  0.1060E+00
  17   -48.0000    -165.828 0.3004   0.1921E+01  0.4253E-03  0.1120E+00  0.0000E+00      -1   0.258E-02   20.00  0.8833E-03  0.1060E+00
  18   -51.0000    -162.660 0.3017   0.1991E+01  0.4294E-03  0.1069E+00  0.0000E+00      -1   0.246E-02   20.00  0.8833E-03  0.1060E+00
  19   -54.0000    -159.506 0.3030   0.2062E+01  0.4335E-03  0.1013E+00  0.0000E+00      -1   0.233E-02   20.00  0.8833E-03  0.1060E+00
  20   -57.0000    -156.365 0.3043   0.2132E+01  0.4376E-03  0.9528E-01  0.0000E+00      -1   0.219E-02   20.00  0.8833E-03  0.1060E+00
  21   -60.0000    -153.238 0.3056   0.2201E+01  0.4417E-03  0.8883E-01  0.0000E+00      -1   0.204E-02   20.00  0.8833E-03  0.1060E+00
  22   -63.0000    -150.124 0.3070   0.2303E+01  0.4455E-03  0.8165E-01  0.0000E+00      -1   0.188E-02   20.00  0.8833E-03  0.1060E+00
  23   -66.0000    -147.025 0.3084   0.2427E+01  0.4490E-03  0.7380E-01  0.0000E+00      -1   0.170E-02   20.00  0.8833E-03  0.1060E+00
  24   -69.0000    -143.941 0.3099   0.2550E+01  0.4526E-03  0.6570E-01  0.0000E+00      -1   0.151E-02   20.00  0.8833E-03  0.1060E+00
  25   -72.0000    -140.870 0.3113   0.2672E+01  0.4562E-03  0.5740E-01  0.0000E+00      -1   0.132E-02   20.00  0.8833E-03  0.1060E+00
  26   -75.0000    -137.812 0.3127   0.2794E+01  0.4597E-03  0.4897E-01  0.0000E+00      -1   0.113E-02   20.00  0.8833E-03  0.1060E+00
  27   -78.0000    -134.765 0.3141   0.2915E+01  0.4632E-03  0.4047E-01  0.0000E+00      -1   0.931E-03   20.00  0.8833E-03  0.1060E+00
  28   -81.0000    -131.728 0.3155   0.3036E+01  0.4667E-03  0.3193E-01  0.0000E+00      -1   0.735E-03   20.00  0.8833E-03  0.1060E+00
  29   -84.0000    -128.701 0.3169   0.3157E+01  0.4702E-03  0.2340E-01  0.0000E+00      -1   0.538E-03   20.00  0.8833E-03  0.1060E+00
  30   -87.0000    -125.683 0.3183   0.3277E+01  0.4737E-03  0.1491E-01  0.0000E+00      -1   0.343E-03   20.00  0.8833E-03  0.1060E+00
  31   -90.0000    -122.674 0.3197   0.3397E+01  0.4772E-03  0.6493E-02  0.0000E+00      -1   0.149E-03   20.00  0.8833E-03  0.1060E+00
  32   -93.0000    -119.672 0.3211   0.3537E+01  0.4803E-03 -0.2063E-02  0.0000E+00      -1  -0.475E-04   20.00  0.8833E-03  0.1060E+00
  33   -96.0000    -116.677 0.3226   0.3735E+01  0.4825E-03 -0.1073E-01  0.0000E+00      -1  -0.247E-03   20.00  0.8833E-03  0.1060E+00
  34   -99.0000    -113.689 0.3240   0.3932E+01  0.4846E-03 -0.1924E-01  0.0000E+00      -1  -0.443E-03   20.00  0.8833E-03  0.1060E+00
  35  -102.0000    -110.706 0.3255   0.4129E+01  0.4867E-03 -0.2756E-01  0.0000E+00      -1  -0.634E-03   20.00  0.8833E-03  0.1060E+00
  36  -105.0000    -107.729 0.3269   0.4325E+01  0.4888E-03 -0.3569E-01  0.0000E+00      -1  -0.821E-03   20.00  0.8833E-03  0.1060E+00
  37  -108.0000    -104.756 0.3284   0.4521E+01  0.4909E-03 -0.4360E-01  0.0000E+00      -1  -0.100E-02   20.00  0.8833E-03  0.1060E+00
  38  -111.0000    -101.787 0.3299   0.4717E+01  0.4930E-03 -0.5127E-01  0.0000E+00      -1  -0.118E-02   20.00  0.8833E-03  0.1060E+00
  39  -114.0000     -98.821 0.3313   0.4913E+01  0.4951E-03 -0.5872E-01  0.0000E+00      -1  -0.135E-02   20.00  0.8833E-03  0.1060E+00
  40  -117.0000     -95.858 0.3328   0.5108E+01  0.4972E-03 -0.6593E-01  0.0000E+00      -1  -0.152E-02   20.00  0.8833E-03  0.1060E+00
  41  -120.0000     -92.898 0.3342   0.5395E+01  0.4974E-03 -0.7295E-01  0.0000E+00      -1  -0.168E-02   20.00  0.8833E-03  0.1060E+00
  42  -123.0000     -89.939 0.3357   0.5695E+01  0.4973E-03 -0.7977E-01  0.0000E+00      -1  -0.184E-02   20.00  0.8833E-03  0.1060E+00
  43  -126.0000     -86.982 0.3372   0.5996E+01  0.4971E-03 -0.8634E-01  0.0000E+00      -1  -0.199E-02   20.00  0.8833E-03  0.1060E+00
  44  -129.0000     -84.026 0.3387   0.6296E+01  0.4970E-03 -0.9266E-01  0.0000E+00      -1  -0.213E-02   20.00  0.8833E-03  0.1060E+00
  45  -132.0000     -81.070 0.3401   0.6597E+01  0.4969E-03 -0.9873E-01  0.0000E+00      -1  -0.227E-02   20.00  0.8833E-03  0.1060E+00
  46  -135.0000     -78.115 0.3416   0.6897E+01  0.4967E-03 -0.1045E+00  0.0000E+00      -1  -0.241E-02   20.00  0.8833E-03  0.1060E+00
  47  -138.0000     -75.161 0.3431   0.7219E+01  0.4961E-03 -0.1101E+00  0.0000E+00      -1  -0.253E-02   20.00  0.8833E-03  0.1060E+00
  48  -141.0000     -72.207 0.3445   0.7652E+01  0.4930E-03 -0.1153E+00  0.0000E+00      -1  -0.265E-02   20.00  0.8833E-03  0.1060E+00
  49  -144.0000     -69.252 0.3460   0.8086E+01  0.4899E-03 -0.1203E+00  0.0000E+00      -1  -0.277E-02   20.00  0.8833E-03  0.1060E+00
  50  -147.0000     -66.296 0.3474   0.8520E+01  0.4868E-03 -0.1251E+00  0.0000E+00      -1  -0.288E-02   20.00  0.8833E-03  0.1060E+00
  51  -150.0000     -63.340 0.3489   0.8953E+01  0.4836E-03 -0.1296E+00  0.0000E+00      -1  -0.298E-02   20.00  0.8833E-03  0.1060E+00
  52  -153.0000     -60.383 0.3503   0.9387E+01  0.4805E-03 -0.1340E+00  0.0000E+00      -1  -0.308E-02   20.00  0.8833E-03  0.1060E+00
  53  -156.0000     -57.425 0.3517   0.9957E+01  0.4744E-03 -0.1380E+00  0.0000E+00      -1  -0.318E-02   20.00  0.8833E-03  0.1060E+00
  54  -159.0000     -54.466 0.3531   0.1055E+02  0.4678E-03 -0.1417E+00  0.0000E+00      -1  -0.326E-02   20.00  0.8833E-03  0.1060E+00
  55  -162.0000     -51.506 0.3545   0.1114E+02  0.4612E-03 -0.1453E+00  0.0000E+00      -1  -0.334E-02   20.00  0.8833E-03  0.1060E+00
  56  -165.0000     -48.544 0.3559   0.1174E+02  0.4545E-03 -0.1487E+00  0.0000E+00      -1  -0.342E-02   20.00  0.8833E-03  0.1060E+00
  57  -168.0000     -45.581 0.3572   0.1245E+02  0.4454E-03 -0.1518E+00  0.0000E+00      -1  -0.349E-02   20.00  0.8833E-03  0.1060E+00
  58  -171.0000     -42.617 0.3585   0.1323E+02  0.4350E-03 -0.1547E+00  0.0000E+00      -1  -0.356E-02   20.00  0.8833E-03  0.1060E+00
  59  -174.0000     -39.652 0.3598   0.1401E+02  0.4246E-03 -0.1574E+00  0.0000E+00      -1  -0.362E-02   20.00  0.8833E-03  0.1060E+00
  60  -177.0000     -36.685 0.3610   0.1485E+02  0.4129E-03 -0.1599E+00  0.0000E+00      -1  -0.368E-02   20.00  0.8833E-03  0.1060E+00
  61  -180.0000     -33.716 0.3622   0.1583E+02  0.3985E-03 -0.1621E+00  0.0000E+00      -1  -0.373E-02   20.00  0.8833E-03  0.1060E+00
  62  -183.0000     -30.746 0.3634   0.1682E+02  0.3842E-03 -0.1642E+00  0.0000E+00      -1  -0.378E-02   20.00  0.8833E-03  0.1060E+00
  63  -186.0000     -27.775 0.3645   0.1796E+02  0.3671E-03 -0.1661E+00  0.0000E+00      -1  -0.382E-02   20.00  0.8833E-03  0.1060E+00
  64  -189.0000     -24.802 0.3656   0.1916E+02  0.3488E-03 -0.1679E+00  0.0000E+00      -1  -0.386E-02   20.00  0.8833E-03  0.1060E+00
  65  -192.0000     -21.827 0.3666   0.2052E+02  0.3280E-03 -0.1694E+00  0.0000E+00      -1  -0.390E-02   20.00  0.8833E-03  0.1060E+00
  66  -195.0000     -18.851 0.3675   0.2197E+02  0.3057E-03 -0.1708E+00  0.0000E+00      -1  -0.393E-02   20.00  0.8833E-03  0.1060E+00
  67  -198.0000     -15.874 0.3684   0.2367E+02  0.2796E-03 -0.1721E+00  0.0000E+00      -1  -0.396E-02   20.00  0.8833E-03  0.1060E+00
  68  -201.0000     -12.895 0.3692   0.2557E+02  0.2506E-03 -0.1731E+00  0.0000E+00      -1  -0.398E-02   20.00  0.8833E-03  0.1060E+00
  69  -204.0000      -9.914 0.3699   0.2776E+02  0.2176E-03 -0.1740E+00  0.0000E+00      -1  -0.400E-02   20.00  0.8833E-03  0.1060E+00
  70  -207.0000      -6.932 0.3705   0.3039E+02  0.1786E-03 -0.1748E+00  0.0000E+00      -1  -0.402E-02   20.00  0.8833E-03  0.1060E+00
  71  -210.0000      -3.949 0.3710   0.3375E+02  0.1302E-03 -0.1753E+00  0.0000E+00      -1  -0.403E-02   20.00  0.8833E-03  0.1060E+00
  72  -213.0000      -0.963 0.3713   0.3897E+02  0.5835E-04 -0.1756E+00  0.0000E+00      -1  -0.404E-02   20.00  0.8833E-03  0.1060E+00
  73  -216.0000       2.024 0.3713   0.4346E+02  0.0000E+00 -0.1757E+00  0.0000E+00      -1  -0.404E-02   20.00  0.8833E-03  0.1060E+00
  74  -219.0000       5.012 0.3713   0.4346E+02  0.0000E+00 -0.1757E+00  0.0000E+00      -1  -0.404E-02   20.00  0.8833E-03  0.1060E+00
  75  -222.0000       8.000 0.3713   0.4346E+02  0.0000E+00 -0.1757E+00  0.0000E+00      -1  -0.404E-02   20.00  0.8833E-03  0.1060E+00
  76  -225.0000      10.988 0.3713   0.4346E+02  0.0000E+00 -0.1757E+00  0.0000E+00      -1  -0.404E-02   20.00  0.8833E-03  0.1060E+00
  77  -228.0000      13.976 0.3713   0.4346E+02  0.0000E+00 -0.1757E+00  0.0000E+00      -1  -0.404E-02   20.00  0.8833E-03  0.1060E+00
  78  -231.0000      16.963 0.3713   0.4346E+02  0.0000E+00 -0.1757E+00  0.0000E+00      -1  -0.404E-02   20.00  0.8833E-03  0.1060E+00
  79  -234.0000      19.951 0.3713   0.4346E+02  0.0000E+00 -0.1757E+00  0.0000E+00      -1  -0.404E-02   20.00  0.8833E-03  0.1060E+00
  80  -237.0000      22.939 0.3713   0.4346E+02  0.0000E+00 -0.1757E+00  0.0000E+00      -1  -0.404E-02   20.00  0.8833E-03  0.1060E+00
  81  -240.0000      25.927 0.3713   0.4346E+02  0.0000E+00 -0.1757E+00  0.0000E+00      -1  -0.404E-02   20.00  0.8833E-03  0.1060E+00
  82  -243.0000      28.915 0.3713   0.4346E+02  0.0000E+00 -0.1757E+00  0.0000E+00      -1  -0.404E-02   20.00  0.8833E-03  0.1060E+00
  83  -246.0000      31.903 0.3713   0.4346E+02  0.0000E+00 -0.1757E+00  0.0000E+00      -1  -0.404E-02   20.00  0.8833E-03  0.1060E+00
  84  -249.0000      34.891 0.3713   0.4346E+02  0.0000E+00 -0.1757E+00  0.0000E+00      -1  -0.404E-02   20.00  0.8833E-03  0.1060E+00
  85  -252.0000      37.879 0.3713   0.4346E+02  0.0000E+00 -0.1757E+00  0.0000E+00      -1  -0.404E-02   20.00  0.8833E-03  0.1060E+00
  86  -255.0000      40.866 0.3713   0.4346E+02  0.0000E+00 -0.1757E+00  0.0000E+00      -1  -0.404E-02   20.00  0.8833E-03  0.1060E+00
  87  -258.0000      43.854 0.3713   0.4346E+02  0.0000E+00 -0.1757E+00  0.0000E+00      -1  -0.404E-02   20.00  0.8833E-03  0.1060E+00
  88  -261.0000      46.842 0.3713   0.4346E+02  0.0000E+00 -0.1757E+00  0.0000E+00      -1  -0.404E-02   20.00  0.8833E-03  0.1060E+00
  89  -264.0000      49.830 0.3713   0.4346E+02  0.0000E+00 -0.1757E+00  0.0000E+00      -1  -0.404E-02   20.00  0.8833E-03  0.1060E+00
  90  -267.0000      52.818 0.3713   0.4346E+02  0.0000E+00 -0.1757E+00  0.0000E+00      -1  -0.404E-02   20.00  0.8833E-03  0.1060E+00
  91  -270.0000      55.806 0.3713   0.4346E+02  0.0000E+00 -0.1757E+00  0.0000E+00      -1  -0.404E-02   20.00  0.8833E-03  0.1060E+00
  92  -273.0000      58.794 0.3713   0.4346E+02  0.0000E+00 -0.1757E+00  0.0000E+00      -1  -0.404E-02   20.00  0.8833E-03  0.1060E+00
  93  -276.0000      61.782 0.3713   0.4346E+02  0.0000E+00 -0.1757E+00  0.0000E+00      -1  -0.404E-02   20.00  0.8833E-03  0.1060E+00
  94  -279.0000      64.769 0.3713   0.4346E+02  0.0000E+00 -0.1757E+00  0.0000E+00      -1  -0.404E-02   20.00  0.8833E-03  0.1060E+00
  95  -282.0000      67.757 0.3713   0.4346E+02  0.0000E+00 -0.1757E+00  0.0000E+00      -1  -0.404E-02   20.00  0.8833E-03  0.1060E+00
  96  -285.0000      70.745 0.3713   0.4346E+02  0.0000E+00 -0.1757E+00  0.0000E+00      -1  -0.404E-02   20.00  0.8833E-03  0.1060E+00
  97  -288.0000      73.733 0.3713   0.4346E+02  0.0000E+00 -0.1757E+00  0.0000E+00      -1  -0.404E-02   20.00  0.8834E-03  0.1060E+00
  98  -291.0000      76.721 0.3713   0.4346E+02  0.0000E+00 -0.1757E+00  0.0000E+00      -1  -0.404E-02   20.00  0.8833E-03  0.1060E+00
  99  -294.0000      79.709 0.3713   0.4346E+02  0.0000E+00 -0.1756E+00  0.0000E+00      -1  -0.404E-02   20.00  0.8826E-03  0.1059E+00
 100  -297.0000      82.697 0.3713   0.4346E+02  0.0000E+00 -0.1757E+00  0.0000E+00      -1  -0.404E-02   20.00  0.8814E-03  0.1058E+00
 101  -300.0000      85.684 0.3713   0.4346E+02  0.0000E+00 -0.1757E+00  0.0000E+00      -1  -0.404E-02   20.00  0.8814E-03  0.1057E+00
end
