 All solute fluxes and cumulative solute fluxes are positive into the region

       Time         cvTop        cvBot      Sum(cvTop)   Sum(cvBot)     cvCh0        cvCh1         cTop        cRoot         cBot        cvRoot    Sum(cvRoot)  Sum(cvNEql) TLevel      cGWL        cRunOff   Sum(cRunOff)    (cv(i),    Sum(cv(i)), i=1,NObs)
        [T]        [M/L2/T]     [M/L2/T]      [M/L2]       [M/L2]       [M/L2]      [M/L2]        [M/L3]      [M/L3]        [M/L3]      [M/L2/T]      [M/L2]       [M/L2]              [M/L3]        [M/L2]      [M/L3]      [M/L2/T]      [M/L2]
        0.0100  0.00000E+00  0.00000E+00  0.00000E+00  0.00000E+00  0.00000E+00  0.00000E+00  0.10431E-02  0.95539E-03  0.87507E-03  0.16067E-04  0.16067E-06 -0.97337E-05       1  0.88311E-03  0.00000E+00  0.00000E+00  0.40030E-04  0.40030E-06 -0.92111E-04 -0.92111E-06  0.22227E-03  0.22227E-05
        0.0200  0.00000E+00  0.00000E+00  0.00000E+00  0.00000E+00  0.00000E+00  0.00000E+00  0.10427E-02  0.95542E-03  0.87430E-03  0.16068E-04  0.32135E-06 -0.14902E-04       2  0.88309E-03  0.00000E+00  0.00000E+00  0.11301E-04  0.51331E-06 -0.89686E-04 -0.18180E-05  0.21927E-03  0.44154E-05
        0.0330  0.00000E+00  0.00000E+00  0.00000E+00  0.00000E+00  0.00000E+00  0.00000E+00  0.10422E-02  0.95541E-03  0.87469E-03  0.16068E-04  0.53023E-06 -0.22946E-04       3  0.88310E-03  0.00000E+00  0.00000E+00 -0.34835E-04  0.60459E-07 -0.85884E-04 -0.29345E-05  0.21480E-03  0.72078E-05
        0.0499  0.00000E+00  0.00000E+00  0.00000E+00  0.00000E+00  0.00000E+00  0.00000E+00  0.10413E-02  0.95541E-03  0.87487E-03  0.16068E-04  0.80179E-06 -0.33931E-04       4  0.88310E-03  0.00000E+00  0.00000E+00 -0.11627E-03 -0.19045E-05 -0.78287E-04 -0.42575E-05  0.20803E-03  0.10723E-04
        0.0719  0.00000E+00  0.00000E+00  0.00000E+00  0.00000E+00  0.00000E+00  0.00000E+00  0.10399E-02  0.95541E-03  0.87503E-03  0.16068E-04  0.11548E-05 -0.52013E-04       5  0.88310E-03  0.00000E+00  0.00000E+00 -0.25225E-03 -0.74464E-05 -0.61429E-04 -0.56071E-05  0.19536E-03  0.15016E-04
        0.1004  0.00000E+00  0.00000E+00  0.00000E+00  0.00000E+00  0.00000E+00  0.00000E+00  0.10377E-02  0.95541E-03  0.87515E-03  0.16068E-04  0.16137E-05 -0.84669E-04       6  0.88311E-03  0.00000E+00  0.00000E+00 -0.45314E-03 -0.20389E-04 -0.23286E-04 -0.62722E-05  0.16726E-03  0.19793E-04
        0.1376  0.00000E+00  0.00000E+00  0.00000E+00  0.00000E+00  0.00000E+00  0.00000E+00  0.10348E-02  0.95539E-03  0.87524E-03  0.16068E-04  0.22103E-05 -0.14874E-03       7  0.88311E-03  0.00000E+00  0.00000E+00 -0.72756E-03 -0.47402E-04 -0.44369E-03 -0.22746E-04  0.99204E-04  0.23476E-04
        0.1858  0.00000E+00  0.00000E+00  0.00000E+00  0.00000E+00  0.00000E+00  0.00000E+00  0.10313E-02  0.95537E-03  0.87530E-03  0.16067E-04  0.29859E-05 -0.27774E-03       8  0.88311E-03  0.00000E+00  0.00000E+00 -0.10794E-02 -0.99504E-04 -0.14333E-02 -0.91928E-04 -0.64969E-04  0.20340E-04
        0.2358  0.00000E+00  0.00000E+00  0.00000E+00  0.00000E+00  0.00000E+00  0.00000E+00  0.10282E-02  0.95534E-03  0.87535E-03  0.16065E-04  0.37891E-05 -0.46770E-03       9  0.88311E-03  0.00000E+00  0.00000E+00 -0.14198E-02 -0.17050E-03 -0.28635E-02 -0.23510E-03 -0.33401E-03  0.36392E-05
        0.2858  0.00000E+00  0.00000E+00  0.00000E+00  0.00000E+00  0.00000E+00  0.00000E+00  0.10258E-02  0.95537E-03  0.87539E-03  0.16063E-04  0.45923E-05 -0.71087E-03      10  0.88311E-03  0.00000E+00  0.00000E+00 -0.17259E-02 -0.25679E-03 -0.46630E-02 -0.46825E-03 -0.71635E-03 -0.32178E-04
        0.3358  0.00000E+00  0.00000E+00  0.00000E+00  0.00000E+00  0.00000E+00  0.00000E+00  0.10235E-02  0.95539E-03  0.87545E-03  0.16060E-04  0.53953E-05 -0.99840E-03      11  0.88311E-03  0.00000E+00  0.00000E+00 -0.19519E-02 -0.35439E-03 -0.66254E-02 -0.79952E-03 -0.12376E-02 -0.94056E-04
        0.3858  0.00000E+00  0.00000E+00  0.00000E+00  0.00000E+00  0.00000E+00  0.00000E+00  0.10220E-02  0.95550E-03  0.87557E-03  0.16058E-04  0.61982E-05 -0.13198E-02      12  0.88311E-03  0.00000E+00  0.00000E+00 -0.21564E-02 -0.46221E-03 -0.84532E-02 -0.12222E-02 -0.18466E-02 -0.18639E-03
        0.4358  0.00000E+00  0.00000E+00  0.00000E+00  0.00000E+00  0.00000E+00  0.00000E+00  0.10207E-02  0.95554E-03  0.87576E-03  0.16055E-04  0.70009E-05 -0.16623E-02      13  0.88312E-03  0.00000E+00  0.00000E+00 -0.22620E-02 -0.57531E-03 -0.10219E-01 -0.17331E-02 -0.25143E-02 -0.31210E-03
        0.4858  0.00000E+00  0.00000E+00  0.00000E+00  0.00000E+00  0.00000E+00  0.00000E+00  0.10200E-02  0.95564E-03  0.87606E-03  0.16053E-04  0.78036E-05 -0.20102E-02      14  0.88312E-03  0.00000E+00  0.00000E+00 -0.23338E-02 -0.69200E-03 -0.11553E-01 -0.23108E-02 -0.32193E-02 -0.47307E-03
        0.5358  0.00000E+00  0.00000E+00  0.00000E+00  0.00000E+00  0.00000E+00  0.00000E+00  0.10198E-02  0.95573E-03  0.87657E-03  0.16051E-04  0.86061E-05 -0.23482E-02      15  0.88313E-03  0.00000E+00  0.00000E+00 -0.22959E-02 -0.80679E-03 -0.12255E-01 -0.29235E-02 -0.37471E-02 -0.66042E-03
        0.5858  0.00000E+00  0.00000E+00  0.00000E+00  0.00000E+00  0.00000E+00  0.00000E+00  0.10202E-02  0.95574E-03  0.87736E-03  0.16049E-04  0.94086E-05 -0.26597E-02      16  0.88315E-03  0.00000E+00  0.00000E+00 -0.22113E-02 -0.91736E-03 -0.12406E-01 -0.35438E-02 -0.40817E-02 -0.86451E-03
        0.6358  0.00000E+00 -0.70260E-04  0.00000E+00 -0.35130E-05  0.00000E+00  0.00000E+00  0.10210E-02  0.95580E-03  0.88102E-03  0.16049E-04  0.10211E-04 -0.29245E-02      17  0.88319E-03  0.00000E+00  0.00000E+00 -0.20316E-02 -0.10189E-02 -0.11997E-01 -0.41437E-02 -0.42269E-02 -0.10758E-02
        0.6858  0.00000E+00 -0.23164E-03  0.00000E+00 -0.15095E-04  0.00000E+00  0.00000E+00  0.10223E-02  0.95580E-03  0.88087E-03  0.16049E-04  0.11014E-04 -0.31377E-02      18  0.88318E-03  0.00000E+00  0.00000E+00 -0.18119E-02 -0.11095E-02 -0.11091E-01 -0.46982E-02 -0.41944E-02 -0.12856E-02
        0.7358  0.00000E+00 -0.42719E-03  0.00000E+00 -0.36454E-04  0.00000E+00  0.00000E+00  0.10240E-02  0.95580E-03  0.88106E-03  0.16050E-04  0.11816E-04 -0.33024E-02      19  0.88319E-03  0.00000E+00  0.00000E+00 -0.15285E-02 -0.11860E-02 -0.98012E-02 -0.51883E-02 -0.39319E-02 -0.14822E-02
        0.7858  0.00000E+00 -0.64661E-03  0.00000E+00 -0.68785E-04  0.00000E+00  0.00000E+00  0.10263E-02  0.95575E-03  0.88102E-03  0.16051E-04  0.12619E-04 -0.34109E-02      20  0.88319E-03  0.00000E+00  0.00000E+00 -0.11885E-02 -0.12454E-02 -0.81745E-02 -0.55970E-02 -0.35132E-02 -0.16578E-02
        0.8358  0.00000E+00 -0.87901E-03  0.00000E+00 -0.11274E-03  0.00000E+00  0.00000E+00  0.10289E-02  0.95575E-03  0.88114E-03  0.16053E-04  0.13421E-04 -0.34659E-02      21  0.88319E-03  0.00000E+00  0.00000E+00 -0.81977E-03 -0.12864E-02 -0.64606E-02 -0.59201E-02 -0.30046E-02 -0.18081E-02
        0.8858  0.00000E+00 -0.11081E-02  0.00000E+00 -0.16814E-03  0.00000E+00  0.00000E+00  0.10316E-02  0.95567E-03  0.88113E-03  0.16055E-04  0.14224E-04 -0.34776E-02      22  0.88320E-03  0.00000E+00  0.00000E+00 -0.46518E-03 -0.13096E-02 -0.48318E-02 -0.61616E-02 -0.24808E-02 -0.19321E-02
        0.9358  0.00000E+00 -0.13157E-02  0.00000E+00 -0.23393E-03  0.00000E+00  0.00000E+00  0.10341E-02  0.95564E-03  0.88121E-03  0.16057E-04  0.15027E-04 -0.34601E-02      23  0.88320E-03  0.00000E+00  0.00000E+00 -0.15507E-03 -0.13174E-02 -0.35001E-02 -0.63366E-02 -0.20036E-02 -0.20323E-02
        0.9679  0.00000E+00 -0.14660E-02  0.00000E+00 -0.28097E-03  0.00000E+00  0.00000E+00  0.10353E-02  0.95557E-03  0.88120E-03  0.16058E-04  0.15542E-04 -0.34430E-02      24  0.88320E-03  0.00000E+00  0.00000E+00 -0.20221E-04 -0.13180E-02 -0.28347E-02 -0.64276E-02 -0.17344E-02 -0.20879E-02
        1.0000  0.00000E+00 -0.15648E-02  0.00000E+00 -0.33117E-03  0.00000E+00  0.00000E+00  0.10360E-02  0.95556E-03  0.88124E-03  0.16059E-04  0.16057E-04 -0.34253E-02      25  0.88320E-03  0.00000E+00  0.00000E+00  0.59408E-04 -0.13161E-02 -0.23439E-02 -0.65028E-02 -0.15112E-02 -0.21364E-02
end
