 ******* Program HYDRUS
 ******* 
 Welcome to HYDRUS-1D                                                    
 Date:  28. 3.2022    Time:   8:58:11
 Units: L = cm   , T = days , M = mg   

----------------------------------------------------------
 Time       [T]        0.0000
----------------------------------------------------------
 Sub-region num.                     1
----------------------------------------------------------
 Length   [L]        0.30000E+03  0.30000E+03
 W-volume [L]        0.98582E+02  0.98582E+02
 In-flow  [L/T]      0.00000E+00  0.00000E+00
 h Mean   [L]       -0.99796E+02 -0.99796E+02
 ConcVol  [M/L2] 1   0.10016E+00  0.10016E+00
 cMean    [M/L3] 1   0.10467E-02  0.10467E-02
 SorbVolIm[M/L2] 1   0.46721E+02  0.46721E+02
 sMeanIm  [-]    1   0.10740E+00  0.10740E+00
 Top Flux [L/T]      0.25378E-01
 Bot Flux [L/T]      0.13037E+00
----------------------------------------------------------

----------------------------------------------------------
 Time       [T]        1.0000
----------------------------------------------------------
 Sub-region num.                     1
----------------------------------------------------------
 Length   [L]        0.30000E+03  0.30000E+03
 W-volume [L]        0.10028E+03  0.10028E+03
 In-flow  [L/T]     -0.16112E+00 -0.16112E+00
 h Mean   [L]       -0.84824E+02 -0.84824E+02
 ConcVol  [M/L2] 1   0.89622E-01  0.89622E-01
 cMean    [M/L3] 1   0.89539E-03  0.89539E-03
 SorbVolIm[M/L2] 1   0.46737E+02  0.46737E+02
 sMeanIm  [-]    1   0.10744E+00  0.10744E+00
 Top Flux [L/T]     -0.27118E-01
 Bot Flux [L/T]     -0.18238E-01
 WatBalT  [L]        0.28253E-04
 WatBalR  [%]              0.001
 CncBalT  [M]    1   0.60883E-02
 CncBalR  [%]    1        45.291
----------------------------------------------------------
 
 Calculation time [sec]  0.000000000000000E+000
