 ******* Program HYDRUS
 ******* 
 Welcome to HYDRUS-1D                                                    
 Date:  28. 3.2022    Time:   8:58:15
 Units: L = cm   , T = days , M = mg   

----------------------------------------------------------
 Time       [T]        0.0000
----------------------------------------------------------
 Sub-region num.                     1
----------------------------------------------------------
 Length   [L]        0.30000E+03  0.30000E+03
 W-volume [L]        0.10139E+03  0.10139E+03
 In-flow  [L/T]      0.00000E+00  0.00000E+00
 h Mean   [L]       -0.72802E+02 -0.72802E+02
 ConcVol  [M/L2] 1   0.90507E-01  0.90507E-01
 cMean    [M/L3] 1   0.89447E-03  0.89447E-03
 SorbVolIm[M/L2] 1   0.46693E+02  0.46693E+02
 sMeanIm  [-]    1   0.10734E+00  0.10734E+00
 Top Flux [L/T]      0.95947E-02
 Bot Flux [L/T]     -0.42013E+00
----------------------------------------------------------

----------------------------------------------------------
 Time       [T]        1.0000
----------------------------------------------------------
 Sub-region num.                     1
----------------------------------------------------------
 Length   [L]        0.30000E+03  0.30000E+03
 W-volume [L]        0.10124E+03  0.10124E+03
 In-flow  [L/T]     -0.14802E+00 -0.14802E+00
 h Mean   [L]       -0.73370E+02 -0.73370E+02
 ConcVol  [M/L2] 1   0.90383E-01  0.90383E-01
 cMean    [M/L3] 1   0.89452E-03  0.89452E-03
 SorbVolIm[M/L2] 1   0.46693E+02  0.46693E+02
 sMeanIm  [-]    1   0.10734E+00  0.10734E+00
 Top Flux [L/T]      0.60175E-02
 Bot Flux [L/T]     -0.90081E-01
 WatBalT  [L]       -0.33110E-04
 WatBalR  [%]              0.007
 CncBalT  [M]    1   0.49591E-04
 CncBalR  [%]    1        24.408
----------------------------------------------------------
 
 Calculation time [sec]  1.000000536441803E-002
