 ******* Program HYDRUS
 ******* 
 Welcome to HYDRUS-1D                                                    
 Date:  29. 3.2022    Time:  17:27:14
 Units: L = cm   , T = days , M = mg   

----------------------------------------------------------
 Time       [T]        0.0000
----------------------------------------------------------
 Sub-region num.                     1
----------------------------------------------------------
 Length   [L]        0.30000E+03  0.30000E+03
 W-volume [L]        0.10666E+03  0.10666E+03
 In-flow  [L/T]      0.00000E+00  0.00000E+00
 h Mean   [L]       -0.69816E+01 -0.69816E+01
 ConcVol  [M/L2] 1   0.94581E-01  0.94581E-01
 cMean    [M/L3] 1   0.88722E-03  0.88722E-03
 SorbVolIm[M/L2] 1   0.46313E+02  0.46313E+02
 sMeanIm  [-]    1   0.10647E+00  0.10647E+00
 Top Flux [L/T]      0.61009E-02
 Bot Flux [L/T]     -0.21730E+00
----------------------------------------------------------

----------------------------------------------------------
 Time       [T]        1.0000
----------------------------------------------------------
 Sub-region num.                     1
----------------------------------------------------------
 Length   [L]        0.30000E+03  0.30000E+03
 W-volume [L]        0.10709E+03  0.10709E+03
 In-flow  [L/T]      0.37905E+00  0.37905E+00
 h Mean   [L]        0.30938E+01  0.30938E+01
 ConcVol  [M/L2] 1   0.94955E-01  0.94955E-01
 cMean    [M/L3] 1   0.88720E-03  0.88720E-03
 SorbVolIm[M/L2] 1   0.46312E+02  0.46312E+02
 sMeanIm  [-]    1   0.10646E+00  0.10646E+00
 Top Flux [L/T]      0.52494E-01
 Bot Flux [L/T]      0.45273E+00
 WatBalT  [L]       -0.31411E-01
 WatBalR  [%]              3.130
 CncBalT  [M]    1  -0.38147E-05
 CncBalR  [%]    1         0.985
----------------------------------------------------------
 
 Calculation time [sec]  0.000000000000000E+000
