 All solute fluxes and cumulative solute fluxes are positive into the region

       Time         cvTop        cvBot      Sum(cvTop)   Sum(cvBot)     cvCh0        cvCh1         cTop        cRoot         cBot        cvRoot    Sum(cvRoot)  Sum(cvNEql) TLevel      cGWL        cRunOff   Sum(cRunOff)    (cv(i),    Sum(cv(i)), i=1,NObs)
        [T]        [M/L2/T]     [M/L2/T]      [M/L2]       [M/L2]       [M/L2]      [M/L2]        [M/L3]      [M/L3]        [M/L3]      [M/L2/T]      [M/L2]       [M/L2]              [M/L3]        [M/L2]      [M/L3]      [M/L2/T]      [M/L2]
        0.0100  0.00000E+00 -0.17148E-03  0.00000E+00 -0.17148E-05  0.00000E+00  0.00000E+00  0.99978E-03  0.91355E-03  0.86591E-03  0.65272E-04  0.65272E-06 -0.12415E-04       1  0.88306E-03  0.00000E+00  0.00000E+00  0.71866E-04  0.71866E-06 -0.24890E-03 -0.24890E-05 -0.21505E-03 -0.21505E-05
        0.0200  0.00000E+00  0.00000E+00  0.00000E+00 -0.17148E-05  0.00000E+00  0.00000E+00  0.99983E-03  0.91352E-03  0.86114E-03  0.65269E-04  0.13054E-05 -0.31177E-04       2  0.88301E-03  0.00000E+00  0.00000E+00  0.62887E-04  0.13475E-05 -0.21776E-03 -0.46666E-05 -0.17190E-03 -0.38695E-05
        0.0330  0.00000E+00  0.00000E+00  0.00000E+00 -0.17148E-05  0.00000E+00  0.00000E+00  0.99970E-03  0.91353E-03  0.86317E-03  0.65270E-04  0.21539E-05 -0.50594E-04       3  0.88303E-03  0.00000E+00  0.00000E+00  0.43177E-04  0.19088E-05 -0.16389E-03 -0.67971E-05 -0.95019E-04 -0.51047E-05
        0.0499  0.00000E+00  0.00000E+00  0.00000E+00 -0.17148E-05  0.00000E+00  0.00000E+00  0.99939E-03  0.91353E-03  0.86314E-03  0.65269E-04  0.32570E-05 -0.73396E-04       4  0.88305E-03  0.00000E+00  0.00000E+00  0.61665E-05  0.20130E-05 -0.92722E-04 -0.83641E-05  0.16040E-05 -0.50776E-05
        0.0719  0.00000E+00  0.00000E+00  0.00000E+00 -0.17148E-05  0.00000E+00  0.00000E+00  0.99902E-03  0.91354E-03  0.86383E-03  0.65269E-04  0.46909E-05 -0.10037E-03       5  0.88305E-03  0.00000E+00  0.00000E+00 -0.19057E-04  0.15944E-05 -0.17548E-04 -0.87497E-05  0.84886E-04 -0.32127E-05
        0.1004  0.00000E+00  0.00000E+00  0.00000E+00 -0.17148E-05  0.00000E+00  0.00000E+00  0.99859E-03  0.91354E-03  0.86410E-03  0.65269E-04  0.65551E-05 -0.13386E-03       6  0.88306E-03  0.00000E+00  0.00000E+00 -0.62331E-04 -0.18587E-06 -0.11684E-04 -0.90834E-05  0.14651E-03  0.97191E-06
        0.1376  0.00000E+00  0.00000E+00  0.00000E+00 -0.17148E-05  0.00000E+00  0.00000E+00  0.99787E-03  0.91354E-03  0.86455E-03  0.65269E-04  0.89785E-05 -0.17791E-03       7  0.88307E-03  0.00000E+00  0.00000E+00 -0.13032E-03 -0.50246E-05 -0.34207E-04 -0.10353E-04  0.16291E-03  0.70206E-05
        0.1858  0.00000E+00  0.00000E+00  0.00000E+00 -0.17148E-05  0.00000E+00  0.00000E+00  0.99689E-03  0.91354E-03  0.86489E-03  0.65269E-04  0.12129E-04 -0.24011E-03       8  0.88308E-03  0.00000E+00  0.00000E+00 -0.22966E-03 -0.16110E-04 -0.25290E-03 -0.22560E-04  0.10851E-03  0.12258E-04
        0.2358  0.00000E+00  0.00000E+00  0.00000E+00 -0.17148E-05  0.00000E+00  0.00000E+00  0.99585E-03  0.91354E-03  0.86533E-03  0.65269E-04  0.15392E-04 -0.31205E-03       9  0.88308E-03  0.00000E+00  0.00000E+00 -0.33237E-03 -0.32728E-04 -0.59592E-03 -0.52356E-04 -0.51431E-05  0.12001E-04
        0.2858  0.00000E+00  0.00000E+00  0.00000E+00 -0.17148E-05  0.00000E+00  0.00000E+00  0.99514E-03  0.91354E-03  0.86574E-03  0.65269E-04  0.18656E-04 -0.38854E-03      10  0.88309E-03  0.00000E+00  0.00000E+00 -0.40766E-03 -0.53111E-04 -0.96475E-03 -0.10059E-03 -0.17630E-03  0.31860E-05
        0.3358  0.00000E+00  0.00000E+00  0.00000E+00 -0.17148E-05  0.00000E+00  0.00000E+00  0.99473E-03  0.91354E-03  0.86627E-03  0.65269E-04  0.21919E-04 -0.46274E-03      11  0.88310E-03  0.00000E+00  0.00000E+00 -0.44787E-03 -0.75505E-04 -0.12768E-02 -0.16443E-03 -0.34150E-03 -0.13889E-04
        0.3858  0.00000E+00  0.00000E+00  0.00000E+00 -0.17148E-05  0.00000E+00  0.00000E+00  0.99438E-03  0.91355E-03  0.86683E-03  0.65270E-04  0.25183E-04 -0.53105E-03      12  0.88310E-03  0.00000E+00  0.00000E+00 -0.48044E-03 -0.99527E-04 -0.15444E-02 -0.24165E-03 -0.48878E-03 -0.38328E-04
        0.4358  0.00000E+00  0.00000E+00  0.00000E+00 -0.17148E-05  0.00000E+00  0.00000E+00  0.99411E-03  0.91357E-03  0.86748E-03  0.65271E-04  0.28446E-04 -0.59288E-03      13  0.88311E-03  0.00000E+00  0.00000E+00 -0.50107E-03 -0.12458E-03 -0.17553E-02 -0.32942E-03 -0.61400E-03 -0.69028E-04
        0.4858  0.00000E+00 -0.48533E-04  0.00000E+00 -0.41414E-05  0.00000E+00  0.00000E+00  0.99394E-03  0.91358E-03  0.87644E-03  0.65272E-04  0.31710E-04 -0.62653E-03      14  0.88316E-03  0.00000E+00  0.00000E+00 -0.50963E-03 -0.15006E-03 -0.19073E-02 -0.42478E-03 -0.71551E-03 -0.10480E-03
        0.5358  0.00000E+00 -0.15359E-03  0.00000E+00 -0.11821E-04  0.00000E+00  0.00000E+00  0.99388E-03  0.91358E-03  0.87604E-03  0.65272E-04  0.34974E-04 -0.63985E-03      15  0.88315E-03  0.00000E+00  0.00000E+00 -0.50428E-03 -0.17528E-03 -0.19942E-02 -0.52449E-03 -0.79204E-03 -0.14441E-03
        0.5858  0.00000E+00 -0.26094E-03  0.00000E+00 -0.24868E-04  0.00000E+00  0.00000E+00  0.99392E-03  0.91359E-03  0.87652E-03  0.65272E-04  0.38237E-04 -0.65239E-03      16  0.88316E-03  0.00000E+00  0.00000E+00 -0.48626E-03 -0.19959E-03 -0.20159E-02 -0.62529E-03 -0.84245E-03 -0.18653E-03
        0.6358  0.00000E+00 -0.35610E-03  0.00000E+00 -0.42673E-04  0.00000E+00  0.00000E+00  0.99406E-03  0.91359E-03  0.87636E-03  0.65272E-04  0.41501E-04 -0.66140E-03      17  0.88316E-03  0.00000E+00  0.00000E+00 -0.45621E-03 -0.22240E-03 -0.19760E-02 -0.72409E-03 -0.86791E-03 -0.22992E-03
        0.6858  0.00000E+00 -0.43809E-03  0.00000E+00 -0.64578E-04  0.00000E+00  0.00000E+00  0.99428E-03  0.91359E-03  0.87662E-03  0.65272E-04  0.44764E-04 -0.66853E-03      18  0.88316E-03  0.00000E+00  0.00000E+00 -0.41686E-03 -0.24324E-03 -0.18843E-02 -0.81830E-03 -0.87025E-03 -0.27344E-03
        0.7358  0.00000E+00 -0.50673E-03  0.00000E+00 -0.89915E-04  0.00000E+00  0.00000E+00  0.99456E-03  0.91358E-03  0.87656E-03  0.65272E-04  0.48028E-04 -0.67262E-03      19  0.88316E-03  0.00000E+00  0.00000E+00 -0.37103E-03 -0.26179E-03 -0.17538E-02 -0.90600E-03 -0.85403E-03 -0.31614E-03
        0.7858  0.00000E+00 -0.55870E-03  0.00000E+00 -0.11785E-03  0.00000E+00  0.00000E+00  0.99534E-03  0.91357E-03  0.87671E-03  0.65271E-04  0.51292E-04 -0.66834E-03      20  0.88316E-03  0.00000E+00  0.00000E+00 -0.27017E-03 -0.27530E-03 -0.14711E-02 -0.97955E-03 -0.78427E-03 -0.35535E-03
        0.8358  0.00000E+00 -0.58605E-03  0.00000E+00 -0.14715E-03  0.00000E+00  0.00000E+00  0.99615E-03  0.91357E-03  0.87667E-03  0.65271E-04  0.54555E-04 -0.65148E-03      21  0.88316E-03  0.00000E+00  0.00000E+00 -0.16906E-03 -0.28376E-03 -0.11442E-02 -0.10368E-02 -0.67309E-03 -0.38901E-03
        0.8858  0.00000E+00 -0.58490E-03  0.00000E+00 -0.17640E-03  0.00000E+00  0.00000E+00  0.99693E-03  0.91357E-03  0.87672E-03  0.65271E-04  0.57819E-04 -0.62554E-03      22  0.88316E-03  0.00000E+00  0.00000E+00 -0.76553E-04 -0.28758E-03 -0.81828E-03 -0.10777E-02 -0.54412E-03 -0.41621E-03
        0.9358  0.00000E+00 -0.55844E-03  0.00000E+00 -0.20432E-03  0.00000E+00  0.00000E+00  0.99757E-03  0.91357E-03  0.87667E-03  0.65271E-04  0.61082E-04 -0.59335E-03      23  0.88316E-03  0.00000E+00  0.00000E+00 -0.62414E-05 -0.28790E-03 -0.54528E-03 -0.11049E-02 -0.42084E-03 -0.43725E-03
        0.9679  0.00000E+00 -0.52451E-03  0.00000E+00 -0.22115E-03  0.00000E+00  0.00000E+00  0.99796E-03  0.91356E-03  0.87668E-03  0.65270E-04  0.63176E-04 -0.57163E-03      24  0.88316E-03  0.00000E+00  0.00000E+00  0.47718E-04 -0.28637E-03 -0.40604E-03 -0.11180E-02 -0.35021E-03 -0.44849E-03
        1.0000  0.00000E+00 -0.49166E-03  0.00000E+00 -0.23692E-03  0.00000E+00  0.00000E+00  0.99829E-03  0.91356E-03  0.87664E-03  0.65270E-04  0.65271E-04 -0.54992E-03      25  0.88316E-03  0.00000E+00  0.00000E+00  0.77621E-04 -0.28387E-03 -0.31107E-03 -0.11279E-02 -0.29318E-03 -0.45790E-03
end
