 ******* Program HYDRUS
 ******* 
 Welcome to HYDRUS-1D                                                    
 Date:  29. 3.2022    Time:  17:28:35
 Units: L = cm   , T = days , M = mg   

----------------------------------------------------------
 Time       [T]        0.0000
----------------------------------------------------------
 Sub-region num.                     1
----------------------------------------------------------
 Length   [L]        0.30000E+03  0.30000E+03
 W-volume [L]        0.10993E+03  0.10993E+03
 In-flow  [L/T]      0.00000E+00  0.00000E+00
 h Mean   [L]        0.57697E+02  0.57697E+02
 ConcVol  [M/L2] 1   0.98272E-01  0.98272E-01
 cMean    [M/L3] 1   0.89477E-03  0.89477E-03
 SorbVolIm[M/L2] 1   0.46708E+02  0.46708E+02
 sMeanIm  [-]    1   0.10738E+00  0.10738E+00
 Top Flux [L/T]      0.38657E-01
 Bot Flux [L/T]      0.13021E+00
----------------------------------------------------------

----------------------------------------------------------
 Time       [T]        1.0000
----------------------------------------------------------
 Sub-region num.                     1
----------------------------------------------------------
 Length   [L]        0.30000E+03  0.30000E+03
 W-volume [L]        0.11003E+03  0.11003E+03
 In-flow  [L/T]      0.10023E+00  0.10023E+00
 h Mean   [L]        0.60257E+02  0.60257E+02
 ConcVol  [M/L2] 1   0.98365E-01  0.98365E-01
 cMean    [M/L3] 1   0.89480E-03  0.89480E-03
 SorbVolIm[M/L2] 1   0.46708E+02  0.46708E+02
 sMeanIm  [-]    1   0.10738E+00  0.10738E+00
 Top Flux [L/T]      0.37476E-01
 Bot Flux [L/T]      0.13639E+00
 WatBalT  [L]       -0.19390E-02
 WatBalR  [%]              0.531
 CncBalT  [M]    1   0.00000E+00
 CncBalR  [%]    1         0.000
----------------------------------------------------------
 
 Calculation time [sec]  9.999990463256836E-003
