 All solute fluxes and cumulative solute fluxes are positive into the region

       Time         cvTop        cvBot      Sum(cvTop)   Sum(cvBot)     cvCh0        cvCh1         cTop        cRoot         cBot        cvRoot    Sum(cvRoot)  Sum(cvNEql) TLevel      cGWL        cRunOff   Sum(cRunOff)    (cv(i),    Sum(cv(i)), i=1,NObs)
        [T]        [M/L2/T]     [M/L2/T]      [M/L2]       [M/L2]       [M/L2]      [M/L2]        [M/L3]      [M/L3]        [M/L3]      [M/L2/T]      [M/L2]       [M/L2]              [M/L3]        [M/L2]      [M/L3]      [M/L2/T]      [M/L2]
        0.0100  0.00000E+00 -0.19111E-04  0.00000E+00 -0.19111E-06  0.00000E+00  0.00000E+00  0.96603E-03  0.89308E-03  0.87782E-03  0.00000E+00  0.00000E+00 -0.47781E-05       1  0.88307E-03  0.00000E+00  0.00000E+00  0.31560E-04  0.31560E-06 -0.49758E-04 -0.49758E-06 -0.46826E-04 -0.46826E-06
        0.0230  0.00000E+00  0.00000E+00  0.00000E+00 -0.19111E-06  0.00000E+00  0.00000E+00  0.96628E-03  0.89307E-03  0.87617E-03  0.00000E+00  0.00000E+00 -0.77614E-05       2  0.88304E-03  0.00000E+00  0.00000E+00  0.30782E-04  0.71576E-06 -0.44825E-04 -0.10803E-05 -0.44178E-04 -0.10426E-05
        0.0399  0.00000E+00  0.00000E+00  0.00000E+00 -0.19111E-06  0.00000E+00  0.00000E+00  0.96622E-03  0.89307E-03  0.87709E-03  0.00000E+00  0.00000E+00 -0.10799E-04       3  0.88307E-03  0.00000E+00  0.00000E+00  0.29695E-04  0.12176E-05 -0.38442E-04 -0.17300E-05 -0.40469E-04 -0.17265E-05
        0.0619  0.00000E+00  0.00000E+00  0.00000E+00 -0.19111E-06  0.00000E+00  0.00000E+00  0.96624E-03  0.89307E-03  0.87740E-03  0.00000E+00  0.00000E+00 -0.13418E-04       4  0.88307E-03  0.00000E+00  0.00000E+00  0.27393E-04  0.18194E-05 -0.32129E-04 -0.24359E-05 -0.36130E-04 -0.25203E-05
        0.0904  0.00000E+00  0.00000E+00  0.00000E+00 -0.19111E-06  0.00000E+00  0.00000E+00  0.96618E-03  0.89307E-03  0.87776E-03  0.00000E+00  0.00000E+00 -0.15936E-04       5  0.88308E-03  0.00000E+00  0.00000E+00  0.23101E-04  0.24792E-05 -0.26119E-04 -0.31818E-05 -0.31057E-04 -0.34073E-05
        0.1276  0.00000E+00  0.00000E+00  0.00000E+00 -0.19111E-06  0.00000E+00  0.00000E+00  0.96611E-03  0.89307E-03  0.87799E-03  0.00000E+00  0.00000E+00 -0.18207E-04       6  0.88308E-03  0.00000E+00  0.00000E+00  0.15406E-04  0.30512E-05 -0.21637E-04 -0.39852E-05 -0.25664E-04 -0.43602E-05
        0.1758  0.00000E+00  0.00000E+00  0.00000E+00 -0.19111E-06  0.00000E+00  0.00000E+00  0.96596E-03  0.89307E-03  0.87822E-03  0.00000E+00  0.00000E+00 -0.20505E-04       7  0.88308E-03  0.00000E+00  0.00000E+00  0.24056E-05  0.31674E-05 -0.20118E-04 -0.49563E-05 -0.20526E-04 -0.53509E-05
        0.2258  0.00000E+00  0.00000E+00  0.00000E+00 -0.19111E-06  0.00000E+00  0.00000E+00  0.96585E-03  0.89307E-03  0.87836E-03  0.00000E+00  0.00000E+00 -0.22608E-04       8  0.88308E-03  0.00000E+00  0.00000E+00 -0.10643E-04  0.26352E-05 -0.22177E-04 -0.60651E-05 -0.17054E-04 -0.62036E-05
        0.2758  0.00000E+00  0.00000E+00  0.00000E+00 -0.19111E-06  0.00000E+00  0.00000E+00  0.96592E-03  0.89307E-03  0.87848E-03  0.00000E+00  0.00000E+00 -0.23773E-04       9  0.88308E-03  0.00000E+00  0.00000E+00 -0.30486E-05  0.24828E-05 -0.20586E-04 -0.70944E-05 -0.13971E-04 -0.69022E-05
        0.3258  0.00000E+00  0.00000E+00  0.00000E+00 -0.19111E-06  0.00000E+00  0.00000E+00  0.96683E-03  0.89307E-03  0.87855E-03  0.00000E+00  0.00000E+00 -0.19581E-04      10  0.88308E-03  0.00000E+00  0.00000E+00  0.81267E-04  0.65462E-05 -0.86423E-06 -0.71377E-05 -0.50204E-05 -0.71532E-05
        0.3758  0.00000E+00  0.00000E+00  0.00000E+00 -0.19111E-06  0.00000E+00  0.00000E+00  0.96777E-03  0.89308E-03  0.87862E-03  0.00000E+00  0.00000E+00 -0.65911E-05      11  0.88309E-03  0.00000E+00  0.00000E+00  0.14580E-03  0.13836E-04  0.14838E-04 -0.63958E-05  0.14490E-04 -0.64287E-05
        0.4258  0.00000E+00  0.00000E+00  0.00000E+00 -0.19111E-06  0.00000E+00  0.00000E+00  0.96838E-03  0.89309E-03  0.87865E-03  0.00000E+00  0.00000E+00  0.13601E-04      12  0.88309E-03  0.00000E+00  0.00000E+00  0.18924E-03  0.23298E-04  0.33220E-04 -0.47348E-05  0.40630E-04 -0.43972E-05
        0.4758  0.00000E+00  0.00000E+00  0.00000E+00 -0.19111E-06  0.00000E+00  0.00000E+00  0.96877E-03  0.89310E-03  0.87868E-03  0.00000E+00  0.00000E+00  0.38429E-04      13  0.88309E-03  0.00000E+00  0.00000E+00  0.20936E-03  0.33766E-04  0.50136E-04 -0.22280E-05  0.70252E-04 -0.88458E-06
        0.5258  0.00000E+00  0.00000E+00  0.00000E+00 -0.19111E-06  0.00000E+00  0.00000E+00  0.96886E-03  0.89311E-03  0.87869E-03  0.00000E+00  0.00000E+00  0.65110E-04      14  0.88309E-03  0.00000E+00  0.00000E+00  0.20775E-03  0.44153E-04  0.63424E-04  0.94317E-06  0.97981E-04  0.40145E-05
        0.5758  0.00000E+00  0.00000E+00  0.00000E+00 -0.19111E-06  0.00000E+00  0.00000E+00  0.96868E-03  0.89311E-03  0.87868E-03  0.00000E+00  0.00000E+00  0.90496E-04      15  0.88309E-03  0.00000E+00  0.00000E+00  0.18394E-03  0.53350E-04  0.71196E-04  0.45030E-05  0.12005E-03  0.10017E-04
        0.6258  0.00000E+00  0.00000E+00  0.00000E+00 -0.19111E-06  0.00000E+00  0.00000E+00  0.96822E-03  0.89311E-03  0.87865E-03  0.00000E+00  0.00000E+00  0.11178E-03      16  0.88309E-03  0.00000E+00  0.00000E+00  0.13934E-03  0.60318E-04  0.72261E-04  0.81160E-05  0.13405E-03  0.16719E-04
        0.6758  0.00000E+00  0.00000E+00  0.00000E+00 -0.19111E-06  0.00000E+00  0.00000E+00  0.96749E-03  0.89310E-03  0.87861E-03  0.00000E+00  0.00000E+00  0.12637E-03      17  0.88309E-03  0.00000E+00  0.00000E+00  0.74877E-04  0.64061E-04  0.66126E-04  0.11422E-04  0.13830E-03  0.23634E-04
        0.7258  0.00000E+00  0.00000E+00  0.00000E+00 -0.19111E-06  0.00000E+00  0.00000E+00  0.96650E-03  0.89310E-03  0.87856E-03  0.00000E+00  0.00000E+00  0.13245E-03      18  0.88308E-03  0.00000E+00  0.00000E+00 -0.61722E-05  0.63753E-04  0.53198E-04  0.14082E-04  0.13060E-03  0.30164E-04
        0.7758  0.00000E+00  0.00000E+00  0.00000E+00 -0.19111E-06  0.00000E+00  0.00000E+00  0.96630E-03  0.89308E-03  0.87850E-03  0.00000E+00  0.00000E+00  0.13246E-03      19  0.88308E-03  0.00000E+00  0.00000E+00 -0.10756E-04  0.63215E-04  0.43392E-04  0.16252E-04  0.11601E-03  0.35965E-04
        0.8258  0.00000E+00  0.00000E+00  0.00000E+00 -0.19111E-06  0.00000E+00  0.00000E+00  0.96650E-03  0.89308E-03  0.87843E-03  0.00000E+00  0.00000E+00  0.13160E-03      20  0.88308E-03  0.00000E+00  0.00000E+00  0.25147E-05  0.63341E-04  0.36878E-04  0.18096E-04  0.10306E-03  0.41118E-04
        0.8758  0.00000E+00  0.00000E+00  0.00000E+00 -0.19111E-06  0.00000E+00  0.00000E+00  0.96664E-03  0.89308E-03  0.87836E-03  0.00000E+00  0.00000E+00  0.13112E-03      21  0.88308E-03  0.00000E+00  0.00000E+00  0.15452E-04  0.64113E-04  0.33458E-04  0.19769E-04  0.93068E-04  0.45771E-04
        0.9258  0.00000E+00  0.00000E+00  0.00000E+00 -0.19111E-06  0.00000E+00  0.00000E+00  0.96678E-03  0.89308E-03  0.87830E-03  0.00000E+00  0.00000E+00  0.13078E-03      22  0.88308E-03  0.00000E+00  0.00000E+00  0.24604E-04  0.65344E-04  0.31729E-04  0.21355E-04  0.85780E-04  0.50060E-04
        0.9629  0.00000E+00  0.00000E+00  0.00000E+00 -0.19111E-06  0.00000E+00  0.00000E+00  0.96684E-03  0.89308E-03  0.87825E-03  0.00000E+00  0.00000E+00  0.13057E-03      23  0.88308E-03  0.00000E+00  0.00000E+00  0.28575E-04  0.66403E-04  0.30906E-04  0.22501E-04  0.81520E-04  0.53083E-04
        1.0000  0.00000E+00  0.00000E+00  0.00000E+00 -0.19111E-06  0.00000E+00  0.00000E+00  0.96687E-03  0.89308E-03  0.87821E-03  0.00000E+00  0.00000E+00  0.13027E-03      24  0.88308E-03  0.00000E+00  0.00000E+00  0.29873E-04  0.67511E-04  0.30275E-04  0.23624E-04  0.78245E-04  0.55985E-04
end
