 All solute fluxes and cumulative solute fluxes are positive into the region

       Time         cvTop        cvBot      Sum(cvTop)   Sum(cvBot)     cvCh0        cvCh1         cTop        cRoot         cBot        cvRoot    Sum(cvRoot)  Sum(cvNEql) TLevel      cGWL        cRunOff   Sum(cRunOff)    (cv(i),    Sum(cv(i)), i=1,NObs)
        [T]        [M/L2/T]     [M/L2/T]      [M/L2]       [M/L2]       [M/L2]      [M/L2]        [M/L3]      [M/L3]        [M/L3]      [M/L2/T]      [M/L2]       [M/L2]              [M/L3]        [M/L2]      [M/L3]      [M/L2/T]      [M/L2]
        0.0100  0.00000E+00  0.00000E+00  0.00000E+00  0.00000E+00  0.00000E+00  0.00000E+00  0.96190E-03  0.90480E-03  0.87546E-03  0.13981E-03  0.13981E-05 -0.12592E-04       1  0.88308E-03  0.00000E+00  0.00000E+00  0.27210E-04  0.27210E-06 -0.17415E-03 -0.17415E-05 -0.11390E-03 -0.11390E-05
        0.0200  0.00000E+00  0.00000E+00  0.00000E+00  0.00000E+00  0.00000E+00  0.00000E+00  0.96189E-03  0.90482E-03  0.87235E-03  0.13981E-03  0.27962E-05 -0.24705E-04       2  0.88301E-03  0.00000E+00  0.00000E+00  0.12488E-04  0.39698E-06 -0.16525E-03 -0.33940E-05 -0.10942E-03 -0.22332E-05
        0.0330  0.00000E+00  0.00000E+00  0.00000E+00  0.00000E+00  0.00000E+00  0.00000E+00  0.96174E-03  0.90481E-03  0.87417E-03  0.13981E-03  0.46137E-05 -0.37544E-04       3  0.88306E-03  0.00000E+00  0.00000E+00 -0.81165E-06  0.38643E-06 -0.15496E-03 -0.54085E-05 -0.10296E-03 -0.35717E-05
        0.0499  0.00000E+00  0.00000E+00  0.00000E+00  0.00000E+00  0.00000E+00  0.00000E+00  0.96154E-03  0.90481E-03  0.87472E-03  0.13981E-03  0.69765E-05 -0.51970E-04       4  0.88307E-03  0.00000E+00  0.00000E+00 -0.17280E-04  0.94395E-07 -0.15020E-03 -0.79469E-05 -0.95900E-04 -0.51924E-05
        0.0719  0.00000E+00  0.00000E+00  0.00000E+00  0.00000E+00  0.00000E+00  0.00000E+00  0.96122E-03  0.90481E-03  0.87543E-03  0.13981E-03  0.10048E-04 -0.69711E-04       5  0.88309E-03  0.00000E+00  0.00000E+00 -0.47178E-04 -0.94210E-06 -0.15977E-03 -0.11457E-04 -0.89354E-04 -0.71555E-05
        0.1004  0.00000E+00  0.00000E+00  0.00000E+00  0.00000E+00  0.00000E+00  0.00000E+00  0.96069E-03  0.90481E-03  0.87595E-03  0.13981E-03  0.14041E-04 -0.93623E-04       6  0.88310E-03  0.00000E+00  0.00000E+00 -0.97494E-04 -0.37266E-05 -0.20424E-03 -0.17290E-04 -0.87861E-04 -0.96649E-05
        0.1376  0.00000E+00  0.00000E+00  0.00000E+00  0.00000E+00  0.00000E+00  0.00000E+00  0.95989E-03  0.90480E-03  0.87645E-03  0.13981E-03  0.19232E-04 -0.13028E-03       7  0.88311E-03  0.00000E+00  0.00000E+00 -0.17638E-03 -0.10275E-04 -0.32175E-03 -0.29236E-04 -0.10119E-03 -0.13422E-04
        0.1858  0.00000E+00  0.00000E+00  0.00000E+00  0.00000E+00  0.00000E+00  0.00000E+00  0.95877E-03  0.90479E-03  0.87687E-03  0.13981E-03  0.25980E-04 -0.19282E-03       8  0.88313E-03  0.00000E+00  0.00000E+00 -0.29128E-03 -0.24335E-04 -0.58033E-03 -0.57248E-04 -0.15011E-03 -0.20667E-04
        0.2358  0.00000E+00  0.00000E+00  0.00000E+00  0.00000E+00  0.00000E+00  0.00000E+00  0.95766E-03  0.90478E-03  0.87720E-03  0.13981E-03  0.32971E-04 -0.27774E-03       9  0.88313E-03  0.00000E+00  0.00000E+00 -0.41395E-03 -0.45033E-04 -0.95705E-03 -0.10510E-03 -0.23940E-03 -0.32638E-04
        0.2858  0.00000E+00  0.00000E+00  0.00000E+00  0.00000E+00  0.00000E+00  0.00000E+00  0.95670E-03  0.90478E-03  0.87746E-03  0.13980E-03  0.39961E-04 -0.38253E-03      10  0.88314E-03  0.00000E+00  0.00000E+00 -0.52523E-03 -0.71294E-04 -0.14262E-02 -0.17641E-03 -0.36740E-03 -0.51007E-04
        0.3358  0.00000E+00  0.00000E+00  0.00000E+00  0.00000E+00  0.00000E+00  0.00000E+00  0.95592E-03  0.90478E-03  0.87767E-03  0.13980E-03  0.46951E-04 -0.49974E-03      11  0.88314E-03  0.00000E+00  0.00000E+00 -0.61655E-03 -0.10212E-03 -0.19188E-02 -0.27235E-03 -0.51540E-03 -0.76777E-04
        0.3858  0.00000E+00  0.00000E+00  0.00000E+00  0.00000E+00  0.00000E+00  0.00000E+00  0.95534E-03  0.90481E-03  0.87786E-03  0.13981E-03  0.53941E-04 -0.61948E-03      12  0.88314E-03  0.00000E+00  0.00000E+00 -0.69357E-03 -0.13680E-03 -0.23980E-02 -0.39225E-03 -0.67466E-03 -0.11051E-03
        0.4358  0.00000E+00  0.00000E+00  0.00000E+00  0.00000E+00  0.00000E+00  0.00000E+00  0.95484E-03  0.90484E-03  0.87804E-03  0.13981E-03  0.60932E-04 -0.73864E-03      13  0.88315E-03  0.00000E+00  0.00000E+00 -0.74208E-03 -0.17390E-03 -0.28329E-02 -0.53390E-03 -0.83674E-03 -0.15235E-03
        0.4858  0.00000E+00  0.00000E+00  0.00000E+00  0.00000E+00  0.00000E+00  0.00000E+00  0.95463E-03  0.90487E-03  0.87822E-03  0.13982E-03  0.67923E-04 -0.85438E-03      14  0.88315E-03  0.00000E+00  0.00000E+00 -0.76746E-03 -0.21228E-03 -0.31682E-02 -0.69230E-03 -0.98889E-03 -0.20179E-03
        0.5358  0.00000E+00  0.00000E+00  0.00000E+00  0.00000E+00  0.00000E+00  0.00000E+00  0.95456E-03  0.90490E-03  0.87842E-03  0.13982E-03  0.74914E-04 -0.96363E-03      15  0.88315E-03  0.00000E+00  0.00000E+00 -0.76001E-03 -0.25028E-03 -0.33768E-02 -0.86115E-03 -0.11180E-02 -0.25769E-03
        0.5858  0.00000E+00  0.00000E+00  0.00000E+00  0.00000E+00  0.00000E+00  0.00000E+00  0.95476E-03  0.90491E-03  0.87865E-03  0.13982E-03  0.81905E-04 -0.10641E-02      16  0.88315E-03  0.00000E+00  0.00000E+00 -0.72664E-03 -0.28661E-03 -0.34392E-02 -0.10331E-02 -0.12134E-02 -0.31836E-03
        0.6358  0.00000E+00  0.00000E+00  0.00000E+00  0.00000E+00  0.00000E+00  0.00000E+00  0.95511E-03  0.90492E-03  0.87892E-03  0.13982E-03  0.88896E-04 -0.11538E-02      17  0.88316E-03  0.00000E+00  0.00000E+00 -0.66391E-03 -0.31981E-03 -0.33602E-02 -0.12011E-02 -0.12690E-02 -0.38182E-03
        0.6858  0.00000E+00 -0.72568E-05  0.00000E+00 -0.36284E-06  0.00000E+00  0.00000E+00  0.95566E-03  0.90491E-03  0.88131E-03  0.13982E-03  0.95887E-04 -0.12264E-02      18  0.88319E-03  0.00000E+00  0.00000E+00 -0.58052E-03 -0.34883E-03 -0.31535E-02 -0.13588E-02 -0.12838E-02 -0.44601E-03
        0.7358  0.00000E+00 -0.34089E-04  0.00000E+00 -0.20673E-05  0.00000E+00  0.00000E+00  0.95632E-03  0.90490E-03  0.88118E-03  0.13982E-03  0.10288E-03 -0.12843E-02      19  0.88318E-03  0.00000E+00  0.00000E+00 -0.47906E-03 -0.37278E-03 -0.28493E-02 -0.15013E-02 -0.12616E-02 -0.50909E-03
        0.7858  0.00000E+00 -0.74953E-04  0.00000E+00 -0.58149E-05  0.00000E+00  0.00000E+00  0.95723E-03  0.90487E-03  0.88129E-03  0.13982E-03  0.10987E-03 -0.13315E-02      20  0.88319E-03  0.00000E+00  0.00000E+00 -0.35535E-03 -0.39055E-03 -0.24541E-02 -0.16240E-02 -0.12041E-02 -0.56929E-03
        0.8358  0.00000E+00 -0.11888E-03  0.00000E+00 -0.11759E-04  0.00000E+00  0.00000E+00  0.95814E-03  0.90485E-03  0.88123E-03  0.13981E-03  0.11686E-03 -0.13576E-02      21  0.88318E-03  0.00000E+00  0.00000E+00 -0.23032E-03 -0.40207E-03 -0.20169E-02 -0.17248E-02 -0.10973E-02 -0.62416E-03
        0.8858  0.00000E+00 -0.16510E-03  0.00000E+00 -0.20014E-04  0.00000E+00  0.00000E+00  0.95901E-03  0.90486E-03  0.88129E-03  0.13981E-03  0.12385E-03 -0.13653E-02      22  0.88319E-03  0.00000E+00  0.00000E+00 -0.11754E-03 -0.40794E-03 -0.15848E-02 -0.18040E-02 -0.96358E-03 -0.67234E-03
        0.9358  0.00000E+00 -0.21215E-03  0.00000E+00 -0.30622E-04  0.00000E+00  0.00000E+00  0.95967E-03  0.90484E-03  0.88126E-03  0.13981E-03  0.13084E-03 -0.13612E-02      23  0.88319E-03  0.00000E+00  0.00000E+00 -0.31437E-04 -0.40952E-03 -0.12061E-02 -0.18644E-02 -0.82228E-03 -0.71345E-03
        0.9679  0.00000E+00 -0.25063E-03  0.00000E+00 -0.38664E-04  0.00000E+00  0.00000E+00  0.95992E-03  0.90485E-03  0.88129E-03  0.13981E-03  0.13533E-03 -0.13556E-02      24  0.88319E-03  0.00000E+00  0.00000E+00  0.17193E-05 -0.40946E-03 -0.99886E-03 -0.18964E-02 -0.73442E-03 -0.73702E-03
        1.0000  0.00000E+00 -0.28005E-03  0.00000E+00 -0.47649E-04  0.00000E+00  0.00000E+00  0.96008E-03  0.90483E-03  0.88129E-03  0.13981E-03  0.13981E-03 -0.13499E-02      25  0.88319E-03  0.00000E+00  0.00000E+00  0.33762E-04 -0.40838E-03 -0.83812E-03 -0.19233E-02 -0.65442E-03 -0.75801E-03
end
