 ******* Program HYDRUS
 ******* 
 Welcome to HYDRUS-1D                                                    
 Date:   3. 3.2022    Time:  23: 2: 6
 Units: L = cm   , T = days , M = mg   

----------------------------------------------------------
 Time       [T]        0.0000
----------------------------------------------------------
 Sub-region num.                     1
----------------------------------------------------------
 Length   [L]        0.30000E+03  0.30000E+03
 W-volume [L]        0.10039E+03  0.10039E+03
 In-flow  [L/T]      0.00000E+00  0.00000E+00
 h Mean   [L]       -0.84489E+02 -0.84489E+02
 ConcVol  [M/L2] 1   0.25630E+00  0.25630E+00
 cMean    [M/L3] 1   0.25570E-02  0.25570E-02
 SorbVolIm[M/L2] 1   0.44484E+02  0.44484E+02
 sMeanIm  [-]    1   0.10226E+00  0.10226E+00
 Top Flux [L/T]     -0.10969E-01
 Bot Flux [L/T]     -0.13037E+00
----------------------------------------------------------

----------------------------------------------------------
 Time       [T]        1.0000
----------------------------------------------------------
 Sub-region num.                     1
----------------------------------------------------------
 Length   [L]        0.30000E+03  0.30000E+03
 W-volume [L]        0.10400E+03  0.10400E+03
 In-flow  [L/T]     -0.26614E+01 -0.26614E+01
 h Mean   [L]       -0.57170E+02 -0.57170E+02
 ConcVol  [M/L2] 1   0.26554E+00  0.26554E+00
 cMean    [M/L3] 1   0.25561E-02  0.25561E-02
 SorbVolIm[M/L2] 1   0.44473E+02  0.44473E+02
 sMeanIm  [-]    1   0.10224E+00  0.10224E+00
 Top Flux [L/T]     -0.58402E-01
 Bot Flux [L/T]     -0.26095E+01
 WatBalT  [L]        0.23842E-05
 WatBalR  [%]              0.000
 CncBalT  [M]    1   0.11444E-03
 CncBalR  [%]    1         1.236
----------------------------------------------------------
 
 Calculation time [sec]  1.000005006790161E-002
