 ******* Program HYDRUS
 ******* 
 Welcome to HYDRUS-1D                                                    
 Date:  28. 3.2022    Time:   8:57:11
 Units: L = cm   , T = days , M = mg   

       Time          rTop        rRoot        vTop         vRoot        vBot       sum(rTop)   sum(rRoot)    sum(vTop)   sum(vRoot)    sum(vBot)      hTop         hRoot        hBot        RunOff    sum(RunOff)     Volume     sum(Infil)    sum(Evap) TLevel Cum(WTrans)  SnowLayer
        [T]         [L/T]        [L/T]        [L/T]        [L/T]        [L/T]         [L]          [L]          [L]         [L]           [L]         [L]           [L]         [L]          [L/T]         [L]          [L]          [L]          [L]

       0.0100  0.26916E-01  0.80172E-01  0.26919E-01  0.78119E-01 -0.89911E+00  0.26916E-03  0.80172E-03  0.26919E-03  0.78119E-03 -0.89911E-02 -0.27594E+03 -0.22219E+03  0.53275E+02  0.00000E+00  0.00000E+00  0.98341E+02  0.19733E-04  0.28892E-03      1  0.00000E+00      0.000
       0.0200  0.21004E-01  0.80172E-01  0.21007E-01  0.78123E-01 -0.66644E+00  0.47920E-03  0.16034E-02  0.47926E-03  0.15624E-02 -0.15656E-01 -0.27570E+03 -0.22211E+03  0.53275E+02  0.00000E+00  0.00000E+00  0.98333E+02  0.98585E-04  0.57784E-03      2  0.00000E+00      0.000
       0.0330  0.74705E-02  0.80172E-01  0.74711E-02  0.78128E-01 -0.45091E+00  0.57632E-03  0.26457E-02  0.57638E-03  0.25781E-02 -0.21517E-01 -0.27527E+03 -0.22198E+03  0.53275E+02  0.00000E+00  0.00000E+00  0.98326E+02  0.37703E-03  0.95341E-03      3  0.00000E+00      0.000
       0.0499 -0.19860E-01  0.80172E-01 -0.19861E-01  0.78134E-01 -0.32391E+00  0.24069E-03  0.40006E-02  0.24073E-03  0.38985E-02 -0.26991E-01 -0.27456E+03 -0.22181E+03  0.53275E+02  0.00000E+00  0.00000E+00  0.98320E+02  0.12009E-02  0.14416E-02      4  0.00000E+00      0.000
       0.0719 -0.71349E-01  0.80172E-01 -0.71348E-01  0.78143E-01 -0.21382E+00 -0.13268E-02  0.57619E-02 -0.13268E-02  0.56154E-02 -0.31689E-01 -0.27330E+03 -0.22156E+03  0.53275E+02  0.00000E+00  0.00000E+00  0.98315E+02  0.34031E-02  0.20764E-02      5  0.00000E+00      0.000
       0.1004 -0.16369E+00  0.80172E-01 -0.16369E+00  0.78158E-01 -0.12650E+00 -0.60019E-02  0.80517E-02 -0.60018E-02  0.78476E-02 -0.35302E-01 -0.27103E+03 -0.22118E+03  0.53275E+02  0.00000E+00  0.00000E+00  0.98314E+02  0.89033E-02  0.29015E-02      6  0.00000E+00      0.000
       0.1376 -0.32195E+00  0.80172E-01 -0.32195E+00  0.78183E-01 -0.51011E-01 -0.17956E-01  0.11028E-01 -0.17956E-01  0.10751E-01 -0.37196E-01 -0.26695E+03 -0.22053E+03  0.53275E+02  0.00000E+00  0.00000E+00  0.98321E+02  0.21930E-01  0.39741E-02      7  0.00000E+00      0.000
       0.1858 -0.57874E+00  0.80172E-01 -0.57874E+00  0.78230E-01  0.13321E-01 -0.45891E-01  0.14898E-01 -0.45890E-01  0.14527E-01 -0.36553E-01 -0.25982E+03 -0.21935E+03  0.53275E+02  0.00000E+00  0.00000E+00  0.98346E+02  0.51259E-01  0.53686E-02      8  0.00000E+00      0.000
       0.2358 -0.88219E+00  0.80172E-01 -0.88219E+00  0.78292E-01  0.60956E-01 -0.90000E-01  0.18907E-01 -0.90000E-01  0.18441E-01 -0.33505E-01 -0.25086E+03 -0.21768E+03  0.53275E+02  0.00000E+00  0.00000E+00  0.98389E+02  0.96813E-01  0.68130E-02      9  0.00000E+00      0.000
       0.2858 -0.11493E+01  0.20506E+00 -0.11493E+01  0.20044E+00  0.95773E-01 -0.14747E+00  0.29160E-01 -0.14747E+00  0.28463E-01 -0.28717E-01 -0.24158E+03 -0.21562E+03  0.53275E+02  0.00000E+00  0.00000E+00  0.98447E+02  0.15797E+00  0.10508E-01     10  0.00000E+00      0.000
       0.3358 -0.13435E+01  0.47173E+00 -0.13435E+01  0.46151E+00  0.12241E+00 -0.21464E+00  0.52746E-01 -0.21464E+00  0.51539E-01 -0.22596E-01 -0.23448E+03 -0.21363E+03  0.53275E+02  0.00000E+00  0.00000E+00  0.98510E+02  0.23365E+00  0.19007E-01     11  0.00000E+00      0.000
       0.3858 -0.15041E+01  0.69223E+00 -0.15041E+01  0.67776E+00  0.14297E+00 -0.28985E+00  0.87358E-01 -0.28985E+00  0.85427E-01 -0.15447E-01 -0.22807E+03 -0.21178E+03  0.53275E+02  0.00000E+00  0.00000E+00  0.98570E+02  0.32133E+00  0.31479E-01     12  0.00000E+00      0.000
       0.4358 -0.16153E+01  0.84497E+00 -0.16153E+01  0.82789E+00  0.15900E+00 -0.37061E+00  0.12961E+00 -0.37061E+00  0.12682E+00 -0.74975E-02 -0.22283E+03 -0.21007E+03  0.53275E+02  0.00000E+00  0.00000E+00  0.98624E+02  0.41732E+00  0.46703E-01     13  0.00000E+00      0.000
       0.4858 -0.16663E+01  0.91499E+00 -0.16663E+01  0.89706E+00  0.17138E+00 -0.45393E+00  0.17536E+00 -0.45393E+00  0.17167E+00  0.10713E-02 -0.21873E+03 -0.20847E+03  0.53275E+02  0.00000E+00  0.00000E+00  0.98675E+02  0.51712E+00  0.63189E-01     14  0.00000E+00      0.000
       0.5358 -0.16521E+01  0.89545E+00 -0.16521E+01  0.87840E+00  0.18088E+00 -0.53654E+00  0.22013E+00 -0.53654E+00  0.21559E+00  0.10115E-01 -0.21588E+03 -0.20695E+03  0.53275E+02  0.00000E+00  0.00000E+00  0.98722E+02  0.61586E+00  0.79322E-01     15  0.00000E+00      0.000
       0.5858 -0.15740E+01  0.78826E+00 -0.15740E+01  0.77363E+00  0.18785E+00 -0.61524E+00  0.25954E+00 -0.61524E+00  0.25428E+00  0.19508E-01 -0.21423E+03 -0.20550E+03  0.53275E+02  0.00000E+00  0.00000E+00  0.98766E+02  0.70876E+00  0.93525E-01     16  0.00000E+00      0.000
       0.6358 -0.14398E+01  0.60391E+00 -0.14398E+01  0.59297E+00  0.19249E+00 -0.68723E+00  0.28974E+00 -0.68723E+00  0.28392E+00  0.29132E-01 -0.21371E+03 -0.20406E+03  0.53275E+02  0.00000E+00  0.00000E+00  0.98809E+02  0.79163E+00  0.10441E+00     17  0.00000E+00      0.000
       0.6858 -0.12625E+01  0.36044E+00 -0.12625E+01  0.35406E+00  0.19514E+00 -0.75035E+00  0.30776E+00 -0.75035E+00  0.30163E+00  0.38889E-01 -0.21413E+03 -0.20261E+03  0.53275E+02  0.00000E+00  0.00000E+00  0.98852E+02  0.86125E+00  0.11090E+00     18  0.00000E+00      0.000
       0.7358 -0.10595E+01  0.81689E-01 -0.10595E+01  0.80275E-01  0.19558E+00 -0.80332E+00  0.31184E+00 -0.80332E+00  0.30564E+00  0.48668E-01 -0.21525E+03 -0.20113E+03  0.53275E+02  0.00000E+00  0.00000E+00  0.98897E+02  0.91570E+00  0.11237E+00     19  0.00000E+00      0.000
       0.7858 -0.74789E+00  0.80172E-01 -0.74789E+00  0.78809E-01  0.19392E+00 -0.84072E+00  0.31585E+00 -0.84072E+00  0.30958E+00  0.58365E-01 -0.21798E+03 -0.19973E+03  0.53275E+02  0.00000E+00  0.00000E+00  0.98940E+02  0.95454E+00  0.11382E+00     20  0.00000E+00      0.000
       0.8358 -0.45760E+00  0.80172E-01 -0.45759E+00  0.78819E-01  0.18994E+00 -0.86360E+00  0.31986E+00 -0.86360E+00  0.31352E+00  0.67862E-01 -0.22165E+03 -0.19888E+03  0.53275E+02  0.00000E+00  0.00000E+00  0.98969E+02  0.97886E+00  0.11526E+00     21  0.00000E+00      0.000
       0.8858 -0.21757E+00  0.80172E-01 -0.21757E+00  0.78819E-01  0.18364E+00 -0.87448E+00  0.32387E+00 -0.87448E+00  0.31746E+00  0.77044E-01 -0.22578E+03 -0.19846E+03  0.53275E+02  0.00000E+00  0.00000E+00  0.98985E+02  0.99118E+00  0.11671E+00     22  0.00000E+00      0.000
       0.9358 -0.51301E-01  0.80172E-01 -0.51302E-01  0.78810E-01  0.17508E+00 -0.87704E+00  0.32788E+00 -0.87704E+00  0.32140E+00  0.85798E-01 -0.22979E+03 -0.19839E+03  0.53275E+02  0.00000E+00  0.00000E+00  0.98992E+02  0.99519E+00  0.11815E+00     23  0.00000E+00      0.000
       0.9679  0.86368E-02  0.80172E-01  0.86363E-02  0.78802E-01  0.16884E+00 -0.87677E+00  0.33045E+00 -0.87677E+00  0.32393E+00  0.91215E-01 -0.23203E+03 -0.19844E+03  0.53275E+02  0.00000E+00  0.00000E+00  0.98995E+02  0.99584E+00  0.11908E+00     24  0.00000E+00      0.000
       1.0000  0.28890E-01  0.80172E-01  0.28888E-01  0.78793E-01  0.16165E+00 -0.87584E+00  0.33302E+00 -0.87584E+00  0.32646E+00  0.96402E-01 -0.23382E+03 -0.19857E+03  0.53275E+02  0.00000E+00  0.00000E+00  0.98997E+02  0.99584E+00  0.12000E+00     25  0.00000E+00      0.000
end
