 ******* Program HYDRUS
 ******* 
 Welcome to HYDRUS-1D                                                    
 Date:  29. 3.2022    Time:  17:28:13
 Units: L = cm   , T = days , M = mg   

----------------------------------------------------------
 Time       [T]        0.0000
----------------------------------------------------------
 Sub-region num.                     1
----------------------------------------------------------
 Length   [L]        0.30000E+03  0.30000E+03
 W-volume [L]        0.98602E+02  0.98602E+02
 In-flow  [L/T]      0.00000E+00  0.00000E+00
 h Mean   [L]       -0.99436E+02 -0.99436E+02
 ConcVol  [M/L2] 1   0.88047E-01  0.88047E-01
 cMean    [M/L3] 1   0.89508E-03  0.89508E-03
 SorbVolIm[M/L2] 1   0.46724E+02  0.46724E+02
 sMeanIm  [-]    1   0.10741E+00  0.10741E+00
 Top Flux [L/T]      0.20965E-01
 Bot Flux [L/T]      0.20282E+00
----------------------------------------------------------

----------------------------------------------------------
 Time       [T]        1.0000
----------------------------------------------------------
 Sub-region num.                     1
----------------------------------------------------------
 Length   [L]        0.30000E+03  0.30000E+03
 W-volume [L]        0.99769E+02  0.99769E+02
 In-flow  [L/T]      0.10800E+00  0.10800E+00
 h Mean   [L]       -0.88426E+02 -0.88426E+02
 ConcVol  [M/L2] 1   0.89120E-01  0.89120E-01
 cMean    [M/L3] 1   0.89509E-03  0.89509E-03
 SorbVolIm[M/L2] 1   0.46723E+02  0.46723E+02
 sMeanIm  [-]    1   0.10741E+00  0.10741E+00
 Top Flux [L/T]      0.49035E-02
 Bot Flux [L/T]      0.18751E+00
 WatBalT  [L]        0.33021E-04
 WatBalR  [%]              0.002
 CncBalT  [M]    1  -0.22888E-04
 CncBalR  [%]    1         2.130
----------------------------------------------------------
 
 Calculation time [sec]  9.999990463256836E-003
