 ******* Program HYDRUS
 ******* 
 Welcome to HYDRUS-1D                                                    
 Date:  29. 3.2022    Time:  17:26:21
 Units: L = cm   , T = days , M = mg   


 Time:        0.0000


 Node      Depth      Head Moisture       K          C         Flux        Sink         Kappa   v/KsTop   Temp   Conc(1..NS) Sorb(1...NS)
           [L]        [L]    [-]        [L/T]      [1/L]      [L/T]        [1/T]         [-]      [-]      [C]      [M/L*3]

   1     0.0000    -234.754 0.2740   0.8473E+00  0.3395E-03  0.2740E-01  0.0000E+00      -1   0.630E-03   20.00  0.1027E-02  0.1232E+00
   2    -3.0000    -231.659 0.2752   0.8830E+00  0.3432E-03  0.1205E-01  0.0000E+00      -1   0.277E-03   20.00  0.1040E-02  0.1248E+00
   3    -6.0000    -228.670 0.2762   0.9174E+00  0.3468E-03 -0.1800E-01  0.0000E+00      -1  -0.414E-03   20.00  0.1048E-02  0.1258E+00
   4    -9.0000    -225.775 0.2773   0.9508E+00  0.3504E-03 -0.4294E-01  0.2330E-02      -1  -0.988E-03   20.00  0.1049E-02  0.1259E+00
   5   -12.0000    -222.940 0.2783   0.9834E+00  0.3538E-03 -0.6191E-01  0.2332E-02      -1  -0.142E-02   20.00  0.1041E-02  0.1249E+00
   6   -15.0000    -220.152 0.2793   0.1016E+01  0.3572E-03 -0.7829E-01  0.2334E-02      -1  -0.180E-02   20.00  0.1021E-02  0.1226E+00
   7   -18.0000    -217.402 0.2803   0.1047E+01  0.3605E-03 -0.9240E-01  0.2336E-02      -1  -0.213E-02   20.00  0.9924E-03  0.1191E+00
   8   -21.0000    -214.681 0.2813   0.1079E+01  0.3638E-03 -0.1043E+00  0.2337E-02      -1  -0.240E-02   20.00  0.9578E-03  0.1149E+00
   9   -24.0000    -211.982 0.2822   0.1110E+01  0.3671E-03 -0.1140E+00  0.2193E-02      -1  -0.262E-02   20.00  0.9278E-03  0.1113E+00
  10   -27.0000    -209.297 0.2832   0.1141E+01  0.3703E-03 -0.1219E+00  0.2048E-02      -1  -0.280E-02   20.00  0.9062E-03  0.1087E+00
  11   -30.0000    -206.623 0.2842   0.1171E+01  0.3735E-03 -0.1285E+00  0.1903E-02      -1  -0.296E-02   20.00  0.8935E-03  0.1072E+00
  12   -33.0000    -203.955 0.2851   0.1202E+01  0.3768E-03 -0.1339E+00  0.1758E-02      -1  -0.308E-02   20.00  0.8868E-03  0.1064E+00
  13   -36.0000    -201.291 0.2861   0.1233E+01  0.3800E-03 -0.1383E+00  0.1612E-02      -1  -0.318E-02   20.00  0.8842E-03  0.1061E+00
  14   -39.0000    -198.628 0.2871   0.1264E+01  0.3832E-03 -0.1415E+00  0.1467E-02      -1  -0.326E-02   20.00  0.8834E-03  0.1060E+00
  15   -42.0000    -195.963 0.2880   0.1294E+01  0.3865E-03 -0.1443E+00  0.1321E-02      -1  -0.332E-02   20.00  0.8834E-03  0.1060E+00
  16   -45.0000    -193.297 0.2890   0.1325E+01  0.3897E-03 -0.1465E+00  0.1175E-02      -1  -0.337E-02   20.00  0.8834E-03  0.1060E+00
  17   -48.0000    -190.625 0.2900   0.1368E+01  0.3930E-03 -0.1487E+00  0.1028E-02      -1  -0.342E-02   20.00  0.8834E-03  0.1060E+00
  18   -51.0000    -187.947 0.2911   0.1428E+01  0.3965E-03 -0.1511E+00  0.8821E-03      -1  -0.348E-02   20.00  0.8834E-03  0.1060E+00
  19   -54.0000    -185.260 0.2922   0.1488E+01  0.4000E-03 -0.1530E+00  0.7354E-03      -1  -0.352E-02   20.00  0.8834E-03  0.1060E+00
  20   -57.0000    -182.564 0.2934   0.1548E+01  0.4035E-03 -0.1550E+00  0.5887E-03      -1  -0.357E-02   20.00  0.8834E-03  0.1060E+00
  21   -60.0000    -179.861 0.2945   0.1608E+01  0.4070E-03 -0.1576E+00  0.4417E-03      -1  -0.363E-02   20.00  0.8834E-03  0.1060E+00
  22   -63.0000    -177.152 0.2956   0.1669E+01  0.4106E-03 -0.1602E+00  0.2946E-03      -1  -0.368E-02   20.00  0.8833E-03  0.1060E+00
  23   -66.0000    -174.437 0.2968   0.1729E+01  0.4141E-03 -0.1625E+00  0.1474E-03      -1  -0.374E-02   20.00  0.8833E-03  0.1060E+00
  24   -69.0000    -171.716 0.2979   0.1790E+01  0.4176E-03 -0.1655E+00  0.0000E+00      -1  -0.381E-02   20.00  0.8833E-03  0.1060E+00
  25   -72.0000    -168.992 0.2990   0.1850E+01  0.4212E-03 -0.1687E+00  0.0000E+00      -1  -0.388E-02   20.00  0.8833E-03  0.1060E+00
  26   -75.0000    -166.263 0.3002   0.1911E+01  0.4247E-03 -0.1714E+00  0.0000E+00      -1  -0.394E-02   20.00  0.8833E-03  0.1060E+00
  27   -78.0000    -163.530 0.3013   0.1972E+01  0.4283E-03 -0.1742E+00  0.0000E+00      -1  -0.401E-02   20.00  0.8833E-03  0.1060E+00
  28   -81.0000    -160.793 0.3025   0.2033E+01  0.4318E-03 -0.1772E+00  0.0000E+00      -1  -0.408E-02   20.00  0.8833E-03  0.1060E+00
  29   -84.0000    -158.053 0.3036   0.2094E+01  0.4354E-03 -0.1801E+00  0.0000E+00      -1  -0.414E-02   20.00  0.8833E-03  0.1060E+00
  30   -87.0000    -155.309 0.3047   0.2155E+01  0.4390E-03 -0.1832E+00  0.0000E+00      -1  -0.421E-02   20.00  0.8833E-03  0.1060E+00
  31   -90.0000    -152.563 0.3059   0.2216E+01  0.4426E-03 -0.1862E+00  0.0000E+00      -1  -0.428E-02   20.00  0.8833E-03  0.1060E+00
  32   -93.0000    -149.811 0.3071   0.2316E+01  0.4458E-03 -0.1897E+00  0.0000E+00      -1  -0.436E-02   20.00  0.8833E-03  0.1060E+00
  33   -96.0000    -147.054 0.3084   0.2426E+01  0.4490E-03 -0.1932E+00  0.0000E+00      -1  -0.445E-02   20.00  0.8833E-03  0.1060E+00
  34   -99.0000    -144.289 0.3097   0.2536E+01  0.4522E-03 -0.1965E+00  0.0000E+00      -1  -0.452E-02   20.00  0.8833E-03  0.1060E+00
  35  -102.0000    -141.519 0.3110   0.2646E+01  0.4554E-03 -0.2007E+00  0.0000E+00      -1  -0.462E-02   20.00  0.8833E-03  0.1060E+00
  36  -105.0000    -138.744 0.3123   0.2757E+01  0.4586E-03 -0.2040E+00  0.0000E+00      -1  -0.469E-02   20.00  0.8833E-03  0.1060E+00
  37  -108.0000    -135.963 0.3135   0.2868E+01  0.4618E-03 -0.2074E+00  0.0000E+00      -1  -0.477E-02   20.00  0.8833E-03  0.1060E+00
  38  -111.0000    -133.178 0.3148   0.2979E+01  0.4651E-03 -0.2115E+00  0.0000E+00      -1  -0.487E-02   20.00  0.8833E-03  0.1060E+00
  39  -114.0000    -130.389 0.3161   0.3090E+01  0.4683E-03 -0.2147E+00  0.0000E+00      -1  -0.494E-02   20.00  0.8833E-03  0.1060E+00
  40  -117.0000    -127.595 0.3174   0.3201E+01  0.4715E-03 -0.2182E+00  0.0000E+00      -1  -0.502E-02   20.00  0.8833E-03  0.1060E+00
  41  -120.0000    -124.798 0.3187   0.3313E+01  0.4748E-03 -0.2219E+00  0.0000E+00      -1  -0.511E-02   20.00  0.8833E-03  0.1060E+00
  42  -123.0000    -121.997 0.3200   0.3424E+01  0.4780E-03 -0.2254E+00  0.0000E+00      -1  -0.519E-02   20.00  0.8833E-03  0.1060E+00
  43  -126.0000    -119.192 0.3213   0.3569E+01  0.4807E-03 -0.2284E+00  0.0000E+00      -1  -0.525E-02   20.00  0.8833E-03  0.1060E+00
  44  -129.0000    -116.380 0.3227   0.3755E+01  0.4827E-03 -0.2321E+00  0.0000E+00      -1  -0.534E-02   20.00  0.8833E-03  0.1060E+00
  45  -132.0000    -113.563 0.3241   0.3940E+01  0.4847E-03 -0.2357E+00  0.0000E+00      -1  -0.542E-02   20.00  0.8833E-03  0.1060E+00
  46  -135.0000    -110.739 0.3255   0.4127E+01  0.4867E-03 -0.2386E+00  0.0000E+00      -1  -0.549E-02   20.00  0.8833E-03  0.1060E+00
  47  -138.0000    -107.910 0.3269   0.4313E+01  0.4887E-03 -0.2422E+00  0.0000E+00      -1  -0.557E-02   20.00  0.8833E-03  0.1060E+00
  48  -141.0000    -105.076 0.3282   0.4500E+01  0.4907E-03 -0.2460E+00  0.0000E+00      -1  -0.566E-02   20.00  0.8833E-03  0.1060E+00
  49  -144.0000    -102.238 0.3296   0.4688E+01  0.4927E-03 -0.2484E+00  0.0000E+00      -1  -0.571E-02   20.00  0.8833E-03  0.1060E+00
  50  -147.0000     -99.394 0.3310   0.4875E+01  0.4947E-03 -0.2510E+00  0.0000E+00      -1  -0.578E-02   20.00  0.8833E-03  0.1060E+00
  51  -150.0000     -96.547 0.3324   0.5063E+01  0.4967E-03 -0.2547E+00  0.0000E+00      -1  -0.586E-02   20.00  0.8833E-03  0.1060E+00
  52  -153.0000     -93.695 0.3338   0.5314E+01  0.4974E-03 -0.2572E+00  0.0000E+00      -1  -0.592E-02   20.00  0.8833E-03  0.1060E+00
  53  -156.0000     -90.837 0.3353   0.5604E+01  0.4973E-03 -0.2595E+00  0.0000E+00      -1  -0.597E-02   20.00  0.8833E-03  0.1060E+00
  54  -159.0000     -87.973 0.3367   0.5895E+01  0.4972E-03 -0.2622E+00  0.0000E+00      -1  -0.603E-02   20.00  0.8833E-03  0.1060E+00
  55  -162.0000     -85.104 0.3381   0.6187E+01  0.4970E-03 -0.2649E+00  0.0000E+00      -1  -0.609E-02   20.00  0.8833E-03  0.1060E+00
  56  -165.0000     -82.230 0.3396   0.6479E+01  0.4969E-03 -0.2666E+00  0.0000E+00      -1  -0.613E-02   20.00  0.8833E-03  0.1060E+00
  57  -168.0000     -79.351 0.3410   0.6771E+01  0.4968E-03 -0.2685E+00  0.0000E+00      -1  -0.618E-02   20.00  0.8833E-03  0.1060E+00
  58  -171.0000     -76.468 0.3424   0.7064E+01  0.4967E-03 -0.2716E+00  0.0000E+00      -1  -0.625E-02   20.00  0.8833E-03  0.1060E+00
  59  -174.0000     -73.581 0.3438   0.7451E+01  0.4944E-03 -0.2733E+00  0.0000E+00      -1  -0.629E-02   20.00  0.8833E-03  0.1060E+00
  60  -177.0000     -70.688 0.3453   0.7875E+01  0.4914E-03 -0.2755E+00  0.0000E+00      -1  -0.634E-02   20.00  0.8833E-03  0.1060E+00
  61  -180.0000     -67.791 0.3467   0.8301E+01  0.4883E-03 -0.2765E+00  0.0000E+00      -1  -0.636E-02   20.00  0.8833E-03  0.1060E+00
  62  -183.0000     -64.888 0.3481   0.8726E+01  0.4853E-03 -0.2777E+00  0.0000E+00      -1  -0.639E-02   20.00  0.8833E-03  0.1060E+00
  63  -186.0000     -61.982 0.3495   0.9153E+01  0.4822E-03 -0.2809E+00  0.0000E+00      -1  -0.646E-02   20.00  0.8833E-03  0.1060E+00
  64  -189.0000     -59.072 0.3509   0.9627E+01  0.4781E-03 -0.2814E+00  0.0000E+00      -1  -0.647E-02   20.00  0.8833E-03  0.1060E+00
  65  -192.0000     -56.157 0.3523   0.1021E+02  0.4716E-03 -0.2823E+00  0.0000E+00      -1  -0.650E-02   20.00  0.8833E-03  0.1060E+00
  66  -195.0000     -53.238 0.3537   0.1080E+02  0.4650E-03 -0.2841E+00  0.0000E+00      -1  -0.654E-02   20.00  0.8833E-03  0.1060E+00
  67  -198.0000     -50.315 0.3550   0.1138E+02  0.4585E-03 -0.2864E+00  0.0000E+00      -1  -0.659E-02   20.00  0.8833E-03  0.1060E+00
  68  -201.0000     -47.389 0.3564   0.1198E+02  0.4518E-03 -0.2862E+00  0.0000E+00      -1  -0.659E-02   20.00  0.8833E-03  0.1060E+00
  69  -204.0000     -44.458 0.3577   0.1275E+02  0.4415E-03 -0.2866E+00  0.0000E+00      -1  -0.659E-02   20.00  0.8833E-03  0.1060E+00
  70  -207.0000     -41.524 0.3589   0.1352E+02  0.4312E-03 -0.2904E+00  0.0000E+00      -1  -0.668E-02   20.00  0.8833E-03  0.1060E+00
  71  -210.0000     -38.587 0.3602   0.1429E+02  0.4208E-03 -0.2909E+00  0.0000E+00      -1  -0.669E-02   20.00  0.8833E-03  0.1060E+00
  72  -213.0000     -35.646 0.3614   0.1520E+02  0.4079E-03 -0.2887E+00  0.0000E+00      -1  -0.664E-02   20.00  0.8833E-03  0.1060E+00
  73  -216.0000     -32.701 0.3626   0.1617E+02  0.3936E-03 -0.2909E+00  0.0000E+00      -1  -0.669E-02   20.00  0.8833E-03  0.1060E+00
  74  -219.0000     -29.754 0.3638   0.1715E+02  0.3793E-03 -0.2921E+00  0.0000E+00      -1  -0.672E-02   20.00  0.8833E-03  0.1060E+00
  75  -222.0000     -26.803 0.3649   0.1835E+02  0.3611E-03 -0.2902E+00  0.0000E+00      -1  -0.668E-02   20.00  0.8833E-03  0.1060E+00
  76  -225.0000     -23.849 0.3659   0.1955E+02  0.3429E-03 -0.2905E+00  0.0000E+00      -1  -0.668E-02   20.00  0.8833E-03  0.1060E+00
  77  -228.0000     -20.892 0.3669   0.2097E+02  0.3210E-03 -0.2937E+00  0.0000E+00      -1  -0.676E-02   20.00  0.8833E-03  0.1060E+00
  78  -231.0000     -17.933 0.3678   0.2249E+02  0.2978E-03 -0.2963E+00  0.0000E+00      -1  -0.682E-02   20.00  0.8833E-03  0.1060E+00
  79  -234.0000     -14.971 0.3687   0.2419E+02  0.2716E-03 -0.2947E+00  0.0000E+00      -1  -0.678E-02   20.00  0.8833E-03  0.1060E+00
  80  -237.0000     -12.006 0.3694   0.2617E+02  0.2415E-03 -0.2926E+00  0.0000E+00      -1  -0.673E-02   20.00  0.8833E-03  0.1060E+00
  81  -240.0000      -9.038 0.3701   0.2847E+02  0.2069E-03 -0.2900E+00  0.0000E+00      -1  -0.667E-02   20.00  0.8833E-03  0.1060E+00
  82  -243.0000      -6.067 0.3707   0.3126E+02  0.1659E-03 -0.2933E+00  0.0000E+00      -1  -0.675E-02   20.00  0.8833E-03  0.1060E+00
  83  -246.0000      -3.094 0.3711   0.3494E+02  0.1134E-03 -0.2966E+00  0.0000E+00      -1  -0.682E-02   20.00  0.8833E-03  0.1060E+00
  84  -249.0000      -0.117 0.3713   0.4209E+02  0.1749E-04 -0.2974E+00  0.0000E+00      -1  -0.684E-02   20.00  0.8833E-03  0.1060E+00
  85  -252.0000       2.862 0.3713   0.4346E+02  0.0000E+00 -0.2946E+00  0.0000E+00      -1  -0.678E-02   20.00  0.8833E-03  0.1060E+00
  86  -255.0000       5.842 0.3713   0.4346E+02  0.0000E+00 -0.2898E+00  0.0000E+00      -1  -0.667E-02   20.00  0.8833E-03  0.1060E+00
  87  -258.0000       8.822 0.3713   0.4346E+02  0.0000E+00 -0.2970E+00  0.0000E+00      -1  -0.683E-02   20.00  0.8833E-03  0.1060E+00
  88  -261.0000      11.801 0.3713   0.4346E+02  0.0000E+00 -0.2970E+00  0.0000E+00      -1  -0.683E-02   20.00  0.8833E-03  0.1060E+00
  89  -264.0000      14.781 0.3713   0.4346E+02  0.0000E+00 -0.2897E+00  0.0000E+00      -1  -0.667E-02   20.00  0.8833E-03  0.1060E+00
  90  -267.0000      17.761 0.3713   0.4346E+02  0.0000E+00 -0.2970E+00  0.0000E+00      -1  -0.683E-02   20.00  0.8833E-03  0.1060E+00
  91  -270.0000      20.740 0.3713   0.4346E+02  0.0000E+00 -0.2970E+00  0.0000E+00      -1  -0.683E-02   20.00  0.8833E-03  0.1060E+00
  92  -273.0000      23.720 0.3713   0.4346E+02  0.0000E+00 -0.2897E+00  0.0000E+00      -1  -0.667E-02   20.00  0.8833E-03  0.1060E+00
  93  -276.0000      26.700 0.3713   0.4346E+02  0.0000E+00 -0.2970E+00  0.0000E+00      -1  -0.683E-02   20.00  0.8833E-03  0.1060E+00
  94  -279.0000      29.679 0.3713   0.4346E+02  0.0000E+00 -0.2970E+00  0.0000E+00      -1  -0.683E-02   20.00  0.8833E-03  0.1060E+00
  95  -282.0000      32.659 0.3713   0.4346E+02  0.0000E+00 -0.2898E+00  0.0000E+00      -1  -0.667E-02   20.00  0.8833E-03  0.1060E+00
  96  -285.0000      35.639 0.3713   0.4346E+02  0.0000E+00 -0.2970E+00  0.0000E+00      -1  -0.683E-02   20.00  0.8833E-03  0.1060E+00
  97  -288.0000      38.618 0.3713   0.4346E+02  0.0000E+00 -0.2970E+00  0.0000E+00      -1  -0.683E-02   20.00  0.8834E-03  0.1060E+00
  98  -291.0000      41.598 0.3713   0.4346E+02  0.0000E+00 -0.2898E+00  0.0000E+00      -1  -0.667E-02   20.00  0.8833E-03  0.1060E+00
  99  -294.0000      44.578 0.3713   0.4346E+02  0.0000E+00 -0.2970E+00  0.0000E+00      -1  -0.683E-02   20.00  0.8825E-03  0.1059E+00
 100  -297.0000      47.557 0.3713   0.4346E+02  0.0000E+00 -0.2970E+00  0.0000E+00      -1  -0.683E-02   20.00  0.8817E-03  0.1058E+00
 101  -300.0000      50.537 0.3713   0.4346E+02  0.0000E+00 -0.2898E+00  0.0000E+00      -1  -0.667E-02   20.00  0.8817E-03  0.1058E+00
end


 Time:        1.0000


 Node      Depth      Head Moisture       K          C         Flux        Sink         Kappa   v/KsTop   Temp   Conc(1..NS) Sorb(1...NS)
           [L]        [L]    [-]        [L/T]      [1/L]      [L/T]        [1/T]         [-]      [-]      [C]      [M/L*3]

   1     0.0000    -263.156 0.2651   0.6414E+00  0.3088E-03  0.4428E-01  0.0000E+00      -1   0.102E-02   20.00  0.1029E-02  0.1234E+00
   2    -3.0000    -259.922 0.2660   0.6583E+00  0.3119E-03  0.5642E-01  0.0000E+00      -1   0.130E-02   20.00  0.1040E-02  0.1247E+00
   3    -6.0000    -256.642 0.2669   0.6756E+00  0.3150E-03  0.6758E-01  0.0000E+00      -1   0.155E-02   20.00  0.1048E-02  0.1258E+00
   4    -9.0000    -253.322 0.2679   0.6932E+00  0.3181E-03  0.8193E-01  0.2309E-02      -1   0.189E-02   20.00  0.1049E-02  0.1259E+00
   5   -12.0000    -249.934 0.2689   0.7114E+00  0.3213E-03  0.9965E-01  0.2312E-02      -1   0.229E-02   20.00  0.1041E-02  0.1249E+00
   6   -15.0000    -246.483 0.2699   0.7301E+00  0.3247E-03  0.1169E+00  0.2315E-02      -1   0.269E-02   20.00  0.1021E-02  0.1226E+00
   7   -18.0000    -242.974 0.2709   0.7494E+00  0.3281E-03  0.1335E+00  0.2318E-02      -1   0.307E-02   20.00  0.9923E-03  0.1191E+00
   8   -21.0000    -239.417 0.2720   0.7753E+00  0.3319E-03  0.1497E+00  0.2320E-02      -1   0.344E-02   20.00  0.9576E-03  0.1149E+00
   9   -24.0000    -235.823 0.2733   0.8174E+00  0.3363E-03  0.1653E+00  0.2178E-02      -1   0.380E-02   20.00  0.9277E-03  0.1113E+00
  10   -27.0000    -232.205 0.2747   0.8601E+00  0.3408E-03  0.1794E+00  0.2035E-02      -1   0.413E-02   20.00  0.9061E-03  0.1087E+00
  11   -30.0000    -228.571 0.2760   0.9029E+00  0.3453E-03  0.1918E+00  0.1892E-02      -1   0.441E-02   20.00  0.8935E-03  0.1072E+00
  12   -33.0000    -224.930 0.2773   0.9459E+00  0.3498E-03  0.2022E+00  0.1748E-02      -1   0.465E-02   20.00  0.8868E-03  0.1064E+00
  13   -36.0000    -221.288 0.2786   0.9888E+00  0.3543E-03  0.2109E+00  0.1604E-02      -1   0.485E-02   20.00  0.8842E-03  0.1061E+00
  14   -39.0000    -217.651 0.2800   0.1032E+01  0.3589E-03  0.2177E+00  0.1460E-02      -1   0.501E-02   20.00  0.8834E-03  0.1060E+00
  15   -42.0000    -214.022 0.2813   0.1074E+01  0.3633E-03  0.2227E+00  0.1315E-02      -1   0.513E-02   20.00  0.8833E-03  0.1060E+00
  16   -45.0000    -210.407 0.2826   0.1117E+01  0.3678E-03  0.2261E+00  0.1170E-02      -1   0.520E-02   20.00  0.8833E-03  0.1060E+00
  17   -48.0000    -206.807 0.2839   0.1159E+01  0.3723E-03  0.2278E+00  0.1025E-02      -1   0.524E-02   20.00  0.8833E-03  0.1060E+00
  18   -51.0000    -203.227 0.2852   0.1201E+01  0.3767E-03  0.2278E+00  0.8791E-03      -1   0.524E-02   20.00  0.8833E-03  0.1060E+00
  19   -54.0000    -199.669 0.2865   0.1243E+01  0.3811E-03  0.2264E+00  0.7332E-03      -1   0.521E-02   20.00  0.8833E-03  0.1060E+00
  20   -57.0000    -196.134 0.2878   0.1285E+01  0.3854E-03  0.2235E+00  0.5870E-03      -1   0.514E-02   20.00  0.8833E-03  0.1060E+00
  21   -60.0000    -192.625 0.2891   0.1326E+01  0.3898E-03  0.2193E+00  0.4406E-03      -1   0.505E-02   20.00  0.8833E-03  0.1060E+00
  22   -63.0000    -189.145 0.2905   0.1390E+01  0.3943E-03  0.2132E+00  0.2939E-03      -1   0.491E-02   20.00  0.8833E-03  0.1060E+00
  23   -66.0000    -185.705 0.2919   0.1468E+01  0.3988E-03  0.2055E+00  0.1471E-03      -1   0.473E-02   20.00  0.8833E-03  0.1060E+00
  24   -69.0000    -182.304 0.2934   0.1545E+01  0.4033E-03  0.1968E+00  0.0000E+00      -1   0.453E-02   20.00  0.8833E-03  0.1060E+00
  25   -72.0000    -178.940 0.2948   0.1621E+01  0.4078E-03  0.1876E+00  0.0000E+00      -1   0.432E-02   20.00  0.8833E-03  0.1060E+00
  26   -75.0000    -175.609 0.2962   0.1696E+01  0.4121E-03  0.1781E+00  0.0000E+00      -1   0.410E-02   20.00  0.8833E-03  0.1060E+00
  27   -78.0000    -172.309 0.2976   0.1770E+01  0.4165E-03  0.1686E+00  0.0000E+00      -1   0.388E-02   20.00  0.8833E-03  0.1060E+00
  28   -81.0000    -169.037 0.2990   0.1844E+01  0.4208E-03  0.1590E+00  0.0000E+00      -1   0.366E-02   20.00  0.8833E-03  0.1060E+00
  29   -84.0000    -165.790 0.3003   0.1917E+01  0.4250E-03  0.1496E+00  0.0000E+00      -1   0.344E-02   20.00  0.8833E-03  0.1060E+00
  30   -87.0000    -162.568 0.3017   0.1989E+01  0.4293E-03  0.1403E+00  0.0000E+00      -1   0.323E-02   20.00  0.8833E-03  0.1060E+00
  31   -90.0000    -159.367 0.3030   0.2061E+01  0.4335E-03  0.1312E+00  0.0000E+00      -1   0.302E-02   20.00  0.8833E-03  0.1060E+00
  32   -93.0000    -156.185 0.3044   0.2132E+01  0.4376E-03  0.1224E+00  0.0000E+00      -1   0.282E-02   20.00  0.8833E-03  0.1060E+00
  33   -96.0000    -153.022 0.3057   0.2203E+01  0.4418E-03  0.1137E+00  0.0000E+00      -1   0.261E-02   20.00  0.8833E-03  0.1060E+00
  34   -99.0000    -149.877 0.3071   0.2308E+01  0.4456E-03  0.1048E+00  0.0000E+00      -1   0.241E-02   20.00  0.8833E-03  0.1060E+00
  35  -102.0000    -146.750 0.3085   0.2433E+01  0.4492E-03  0.9588E-01  0.0000E+00      -1   0.221E-02   20.00  0.8833E-03  0.1060E+00
  36  -105.0000    -143.640 0.3100   0.2558E+01  0.4528E-03  0.8733E-01  0.0000E+00      -1   0.201E-02   20.00  0.8833E-03  0.1060E+00
  37  -108.0000    -140.545 0.3114   0.2682E+01  0.4564E-03  0.7913E-01  0.0000E+00      -1   0.182E-02   20.00  0.8833E-03  0.1060E+00
  38  -111.0000    -137.462 0.3128   0.2805E+01  0.4600E-03  0.7128E-01  0.0000E+00      -1   0.164E-02   20.00  0.8833E-03  0.1060E+00
  39  -114.0000    -134.392 0.3143   0.2927E+01  0.4636E-03  0.6378E-01  0.0000E+00      -1   0.147E-02   20.00  0.8833E-03  0.1060E+00
  40  -117.0000    -131.332 0.3157   0.3050E+01  0.4671E-03  0.5663E-01  0.0000E+00      -1   0.130E-02   20.00  0.8833E-03  0.1060E+00
  41  -120.0000    -128.280 0.3171   0.3172E+01  0.4707E-03  0.4982E-01  0.0000E+00      -1   0.115E-02   20.00  0.8833E-03  0.1060E+00
  42  -123.0000    -125.237 0.3185   0.3293E+01  0.4742E-03  0.4334E-01  0.0000E+00      -1   0.997E-03   20.00  0.8833E-03  0.1060E+00
  43  -126.0000    -122.201 0.3199   0.3414E+01  0.4777E-03  0.3718E-01  0.0000E+00      -1   0.856E-03   20.00  0.8833E-03  0.1060E+00
  44  -129.0000    -119.172 0.3213   0.3568E+01  0.4807E-03  0.3117E-01  0.0000E+00      -1   0.717E-03   20.00  0.8833E-03  0.1060E+00
  45  -132.0000    -116.149 0.3228   0.3767E+01  0.4828E-03  0.2529E-01  0.0000E+00      -1   0.582E-03   20.00  0.8833E-03  0.1060E+00
  46  -135.0000    -113.131 0.3243   0.3967E+01  0.4850E-03  0.1973E-01  0.0000E+00      -1   0.454E-03   20.00  0.8833E-03  0.1060E+00
  47  -138.0000    -110.119 0.3258   0.4166E+01  0.4871E-03  0.1446E-01  0.0000E+00      -1   0.333E-03   20.00  0.8833E-03  0.1060E+00
  48  -141.0000    -107.110 0.3272   0.4364E+01  0.4892E-03  0.9474E-02  0.0000E+00      -1   0.218E-03   20.00  0.8833E-03  0.1060E+00
  49  -144.0000    -104.106 0.3287   0.4563E+01  0.4914E-03  0.4758E-02  0.0000E+00      -1   0.109E-03   20.00  0.8833E-03  0.1060E+00
  50  -147.0000    -101.104 0.3302   0.4761E+01  0.4935E-03  0.3059E-03  0.0000E+00      -1   0.704E-05   20.00  0.8833E-03  0.1060E+00
  51  -150.0000     -98.105 0.3317   0.4959E+01  0.4956E-03 -0.3889E-02  0.0000E+00      -1  -0.895E-04   20.00  0.8833E-03  0.1060E+00
  52  -153.0000     -95.109 0.3331   0.5169E+01  0.4975E-03 -0.7881E-02  0.0000E+00      -1  -0.181E-03   20.00  0.8833E-03  0.1060E+00
  53  -156.0000     -92.114 0.3346   0.5473E+01  0.4974E-03 -0.1169E-01  0.0000E+00      -1  -0.269E-03   20.00  0.8833E-03  0.1060E+00
  54  -159.0000     -89.122 0.3361   0.5777E+01  0.4972E-03 -0.1526E-01  0.0000E+00      -1  -0.351E-03   20.00  0.8833E-03  0.1060E+00
  55  -162.0000     -86.130 0.3376   0.6081E+01  0.4971E-03 -0.1863E-01  0.0000E+00      -1  -0.429E-03   20.00  0.8833E-03  0.1060E+00
  56  -165.0000     -83.140 0.3391   0.6385E+01  0.4970E-03 -0.2181E-01  0.0000E+00      -1  -0.502E-03   20.00  0.8833E-03  0.1060E+00
  57  -168.0000     -80.151 0.3406   0.6689E+01  0.4968E-03 -0.2479E-01  0.0000E+00      -1  -0.570E-03   20.00  0.8833E-03  0.1060E+00
  58  -171.0000     -77.162 0.3421   0.6993E+01  0.4967E-03 -0.2759E-01  0.0000E+00      -1  -0.635E-03   20.00  0.8833E-03  0.1060E+00
  59  -174.0000     -74.174 0.3436   0.7363E+01  0.4951E-03 -0.3021E-01  0.0000E+00      -1  -0.695E-03   20.00  0.8833E-03  0.1060E+00
  60  -177.0000     -71.187 0.3450   0.7801E+01  0.4919E-03 -0.3264E-01  0.0000E+00      -1  -0.751E-03   20.00  0.8833E-03  0.1060E+00
  61  -180.0000     -68.199 0.3465   0.8240E+01  0.4888E-03 -0.3491E-01  0.0000E+00      -1  -0.803E-03   20.00  0.8833E-03  0.1060E+00
  62  -183.0000     -65.212 0.3479   0.8678E+01  0.4856E-03 -0.3705E-01  0.0000E+00      -1  -0.852E-03   20.00  0.8833E-03  0.1060E+00
  63  -186.0000     -62.225 0.3494   0.9116E+01  0.4825E-03 -0.3905E-01  0.0000E+00      -1  -0.899E-03   20.00  0.8833E-03  0.1060E+00
  64  -189.0000     -59.238 0.3509   0.9593E+01  0.4785E-03 -0.4089E-01  0.0000E+00      -1  -0.941E-03   20.00  0.8833E-03  0.1060E+00
  65  -192.0000     -56.250 0.3523   0.1019E+02  0.4718E-03 -0.4256E-01  0.0000E+00      -1  -0.979E-03   20.00  0.8833E-03  0.1060E+00
  66  -195.0000     -53.263 0.3536   0.1079E+02  0.4651E-03 -0.4413E-01  0.0000E+00      -1  -0.102E-02   20.00  0.8833E-03  0.1060E+00
  67  -198.0000     -50.275 0.3550   0.1139E+02  0.4584E-03 -0.4559E-01  0.0000E+00      -1  -0.105E-02   20.00  0.8833E-03  0.1060E+00
  68  -201.0000     -47.287 0.3564   0.1200E+02  0.4514E-03 -0.4691E-01  0.0000E+00      -1  -0.108E-02   20.00  0.8833E-03  0.1060E+00
  69  -204.0000     -44.298 0.3577   0.1279E+02  0.4409E-03 -0.4811E-01  0.0000E+00      -1  -0.111E-02   20.00  0.8833E-03  0.1060E+00
  70  -207.0000     -41.309 0.3590   0.1357E+02  0.4304E-03 -0.4922E-01  0.0000E+00      -1  -0.113E-02   20.00  0.8833E-03  0.1060E+00
  71  -210.0000     -38.320 0.3603   0.1436E+02  0.4199E-03 -0.5026E-01  0.0000E+00      -1  -0.116E-02   20.00  0.8833E-03  0.1060E+00
  72  -213.0000     -35.330 0.3616   0.1530E+02  0.4063E-03 -0.5118E-01  0.0000E+00      -1  -0.118E-02   20.00  0.8833E-03  0.1060E+00
  73  -216.0000     -32.340 0.3628   0.1629E+02  0.3919E-03 -0.5200E-01  0.0000E+00      -1  -0.120E-02   20.00  0.8833E-03  0.1060E+00
  74  -219.0000     -29.350 0.3639   0.1732E+02  0.3768E-03 -0.5273E-01  0.0000E+00      -1  -0.121E-02   20.00  0.8833E-03  0.1060E+00
  75  -222.0000     -26.358 0.3650   0.1853E+02  0.3584E-03 -0.5338E-01  0.0000E+00      -1  -0.123E-02   20.00  0.8833E-03  0.1060E+00
  76  -225.0000     -23.367 0.3661   0.1977E+02  0.3396E-03 -0.5395E-01  0.0000E+00      -1  -0.124E-02   20.00  0.8833E-03  0.1060E+00
  77  -228.0000     -20.375 0.3671   0.2122E+02  0.3172E-03 -0.5445E-01  0.0000E+00      -1  -0.125E-02   20.00  0.8833E-03  0.1060E+00
  78  -231.0000     -17.382 0.3680   0.2280E+02  0.2929E-03 -0.5489E-01  0.0000E+00      -1  -0.126E-02   20.00  0.8833E-03  0.1060E+00
  79  -234.0000     -14.389 0.3688   0.2457E+02  0.2659E-03 -0.5525E-01  0.0000E+00      -1  -0.127E-02   20.00  0.8833E-03  0.1060E+00
  80  -237.0000     -11.396 0.3696   0.2661E+02  0.2348E-03 -0.5555E-01  0.0000E+00      -1  -0.128E-02   20.00  0.8833E-03  0.1060E+00
  81  -240.0000      -8.402 0.3702   0.2903E+02  0.1986E-03 -0.5579E-01  0.0000E+00      -1  -0.128E-02   20.00  0.8833E-03  0.1060E+00
  82  -243.0000      -5.407 0.3708   0.3199E+02  0.1554E-03 -0.5598E-01  0.0000E+00      -1  -0.129E-02   20.00  0.8833E-03  0.1060E+00
  83  -246.0000      -2.412 0.3711   0.3602E+02  0.9849E-04 -0.5611E-01  0.0000E+00      -1  -0.129E-02   20.00  0.8833E-03  0.1060E+00
  84  -249.0000       0.584 0.3713   0.4346E+02  0.0000E+00 -0.5616E-01  0.0000E+00      -1  -0.129E-02   20.00  0.8833E-03  0.1060E+00
  85  -252.0000       3.580 0.3713   0.4346E+02  0.0000E+00 -0.5616E-01  0.0000E+00      -1  -0.129E-02   20.00  0.8833E-03  0.1060E+00
  86  -255.0000       6.576 0.3713   0.4346E+02  0.0000E+00 -0.5616E-01  0.0000E+00      -1  -0.129E-02   20.00  0.8833E-03  0.1060E+00
  87  -258.0000       9.572 0.3713   0.4346E+02  0.0000E+00 -0.5616E-01  0.0000E+00      -1  -0.129E-02   20.00  0.8833E-03  0.1060E+00
  88  -261.0000      12.568 0.3713   0.4346E+02  0.0000E+00 -0.5616E-01  0.0000E+00      -1  -0.129E-02   20.00  0.8833E-03  0.1060E+00
  89  -264.0000      15.564 0.3713   0.4346E+02  0.0000E+00 -0.5616E-01  0.0000E+00      -1  -0.129E-02   20.00  0.8833E-03  0.1060E+00
  90  -267.0000      18.560 0.3713   0.4346E+02  0.0000E+00 -0.5615E-01  0.0000E+00      -1  -0.129E-02   20.00  0.8833E-03  0.1060E+00
  91  -270.0000      21.556 0.3713   0.4346E+02  0.0000E+00 -0.5615E-01  0.0000E+00      -1  -0.129E-02   20.00  0.8833E-03  0.1060E+00
  92  -273.0000      24.553 0.3713   0.4346E+02  0.0000E+00 -0.5615E-01  0.0000E+00      -1  -0.129E-02   20.00  0.8833E-03  0.1060E+00
  93  -276.0000      27.549 0.3713   0.4346E+02  0.0000E+00 -0.5616E-01  0.0000E+00      -1  -0.129E-02   20.00  0.8833E-03  0.1060E+00
  94  -279.0000      30.545 0.3713   0.4346E+02  0.0000E+00 -0.5618E-01  0.0000E+00      -1  -0.129E-02   20.00  0.8833E-03  0.1060E+00
  95  -282.0000      33.541 0.3713   0.4346E+02  0.0000E+00 -0.5616E-01  0.0000E+00      -1  -0.129E-02   20.00  0.8833E-03  0.1060E+00
  96  -285.0000      36.537 0.3713   0.4346E+02  0.0000E+00 -0.5615E-01  0.0000E+00      -1  -0.129E-02   20.00  0.8833E-03  0.1060E+00
  97  -288.0000      39.533 0.3713   0.4346E+02  0.0000E+00 -0.5615E-01  0.0000E+00      -1  -0.129E-02   20.00  0.8833E-03  0.1060E+00
  98  -291.0000      42.529 0.3713   0.4346E+02  0.0000E+00 -0.5615E-01  0.0000E+00      -1  -0.129E-02   20.00  0.8833E-03  0.1060E+00
  99  -294.0000      45.525 0.3713   0.4346E+02  0.0000E+00 -0.5615E-01  0.0000E+00      -1  -0.129E-02   20.00  0.8825E-03  0.1059E+00
 100  -297.0000      48.522 0.3713   0.4346E+02  0.0000E+00 -0.5618E-01  0.0000E+00      -1  -0.129E-02   20.00  0.8817E-03  0.1058E+00
 101  -300.0000      51.518 0.3713   0.4346E+02  0.0000E+00 -0.5620E-01  0.0000E+00      -1  -0.129E-02   20.00  0.8817E-03  0.1058E+00
end
