 ******* Program HYDRUS
 ******* 
 Welcome to HYDRUS-1D                                                    
 Date:  28. 3.2022    Time:   8:58:38
 Units: L = cm   , T = days , M = mg   

----------------------------------------------------------
 Time       [T]        0.0000
----------------------------------------------------------
 Sub-region num.                     1
----------------------------------------------------------
 Length   [L]        0.30000E+03  0.30000E+03
 W-volume [L]        0.11082E+03  0.11082E+03
 In-flow  [L/T]      0.00000E+00  0.00000E+00
 h Mean   [L]        0.87695E+02  0.87695E+02
 ConcVol  [M/L2] 1   0.99163E-01  0.99163E-01
 cMean    [M/L3] 1   0.89530E-03  0.89530E-03
 SorbVolIm[M/L2] 1   0.46736E+02  0.46736E+02
 sMeanIm  [-]    1   0.10744E+00  0.10744E+00
 Top Flux [L/T]      0.43089E-01
 Bot Flux [L/T]      0.14480E+00
----------------------------------------------------------

----------------------------------------------------------
 Time       [T]        1.0000
----------------------------------------------------------
 Sub-region num.                     1
----------------------------------------------------------
 Length   [L]        0.30000E+03  0.30000E+03
 W-volume [L]        0.11073E+03  0.11073E+03
 In-flow  [L/T]      0.10003E+00  0.10003E+00
 h Mean   [L]        0.83733E+02  0.83733E+02
 ConcVol  [M/L2] 1   0.99079E-01  0.99079E-01
 cMean    [M/L3] 1   0.89533E-03  0.89533E-03
 SorbVolIm[M/L2] 1   0.46736E+02  0.46736E+02
 sMeanIm  [-]    1   0.10744E+00  0.10744E+00
 Top Flux [L/T]      0.48226E-01
 Bot Flux [L/T]      0.15342E+00
 WatBalT  [L]       -0.92292E-02
 WatBalR  [%]              2.291
 CncBalT  [M]    1   0.76294E-04
 CncBalR  [%]    1        83.982
----------------------------------------------------------
 
 Calculation time [sec]  9.999997913837433E-003
