 All solute fluxes and cumulative solute fluxes are positive into the region

       Time         cvTop        cvBot      Sum(cvTop)   Sum(cvBot)     cvCh0        cvCh1         cTop        cRoot         cBot        cvRoot    Sum(cvRoot)  Sum(cvNEql) TLevel      cGWL        cRunOff   Sum(cRunOff)    (cv(i),    Sum(cv(i)), i=1,NObs)
        [T]        [M/L2/T]     [M/L2/T]      [M/L2]       [M/L2]       [M/L2]      [M/L2]        [M/L3]      [M/L3]        [M/L3]      [M/L2/T]      [M/L2]       [M/L2]              [M/L3]        [M/L2]      [M/L3]      [M/L2/T]      [M/L2]
        0.0100  0.00000E+00 -0.18806E-02  0.00000E+00 -0.18806E-04  0.00000E+00  0.00000E+00  0.10374E-02  0.93754E-03  0.88174E-03  0.56184E-04  0.56184E-06  0.67788E-06       1  0.88323E-03  0.00000E+00  0.00000E+00  0.12359E-03  0.12359E-05 -0.89281E-03 -0.89281E-05 -0.66054E-03 -0.66054E-05
        0.0230  0.00000E+00 -0.20587E-02  0.00000E+00 -0.45569E-04  0.00000E+00  0.00000E+00  0.10378E-02  0.93744E-03  0.88174E-03  0.56178E-04  0.12922E-05  0.53045E-05       2  0.88322E-03  0.00000E+00  0.00000E+00  0.12122E-03  0.28117E-05 -0.84711E-03 -0.19941E-04 -0.64035E-03 -0.14930E-04
        0.0399  0.00000E+00 -0.19520E-02  0.00000E+00 -0.78557E-04  0.00000E+00  0.00000E+00  0.10378E-02  0.93747E-03  0.88173E-03  0.56180E-04  0.22416E-05  0.77933E-05       3  0.88322E-03  0.00000E+00  0.00000E+00  0.12050E-03  0.48481E-05 -0.79357E-03 -0.33352E-04 -0.61257E-03 -0.25282E-04
        0.0619  0.00000E+00 -0.18601E-02  0.00000E+00 -0.11942E-03  0.00000E+00  0.00000E+00  0.10379E-02  0.93745E-03  0.88172E-03  0.56179E-04  0.34758E-05  0.12303E-04       4  0.88322E-03  0.00000E+00  0.00000E+00  0.11905E-03  0.74636E-05 -0.73675E-03 -0.49538E-04 -0.58132E-03 -0.38054E-04
        0.0904  0.00000E+00 -0.17797E-02  0.00000E+00 -0.17025E-03  0.00000E+00  0.00000E+00  0.10379E-02  0.93746E-03  0.88172E-03  0.56179E-04  0.50804E-05  0.17430E-04       5  0.88322E-03  0.00000E+00  0.00000E+00  0.11658E-03  0.10793E-04 -0.68286E-03 -0.69041E-04 -0.54473E-03 -0.53612E-04
        0.1276  0.00000E+00 -0.16978E-02  0.00000E+00 -0.23329E-03  0.00000E+00  0.00000E+00  0.10379E-02  0.93745E-03  0.88172E-03  0.56179E-04  0.71663E-05  0.23958E-04       6  0.88322E-03  0.00000E+00  0.00000E+00  0.11224E-03  0.14961E-04 -0.62393E-03 -0.92207E-04 -0.50538E-03 -0.72376E-04
        0.1758  0.00000E+00 -0.16109E-02  0.00000E+00 -0.31105E-03  0.00000E+00  0.00000E+00  0.10378E-02  0.93746E-03  0.88171E-03  0.56179E-04  0.98779E-05  0.31463E-04       7  0.88322E-03  0.00000E+00  0.00000E+00  0.10512E-03  0.20035E-04 -0.56855E-03 -0.11965E-03 -0.46277E-03 -0.94714E-04
        0.2258  0.00000E+00 -0.15229E-02  0.00000E+00 -0.38719E-03  0.00000E+00  0.00000E+00  0.10378E-02  0.93745E-03  0.88171E-03  0.56179E-04  0.12687E-04  0.38814E-04       8  0.88322E-03  0.00000E+00  0.00000E+00  0.96534E-04  0.24861E-04 -0.52314E-03 -0.14581E-03 -0.42610E-03 -0.11602E-03
        0.2758  0.00000E+00 -0.14414E-02  0.00000E+00 -0.45926E-03  0.00000E+00  0.00000E+00  0.10386E-02  0.93745E-03  0.88171E-03  0.56179E-04  0.15496E-04  0.48713E-04       9  0.88321E-03  0.00000E+00  0.00000E+00  0.18169E-03  0.33946E-04 -0.44650E-03 -0.16813E-03 -0.38924E-03 -0.13548E-03
        0.3258  0.00000E+00 -0.13662E-02  0.00000E+00 -0.52757E-03  0.00000E+00  0.00000E+00  0.10419E-02  0.93746E-03  0.88170E-03  0.56180E-04  0.18305E-04  0.72961E-04      10  0.88321E-03  0.00000E+00  0.00000E+00  0.50966E-03  0.59429E-04 -0.23042E-03 -0.17965E-03 -0.32525E-03 -0.15174E-03
        0.3758  0.00000E+00 -0.12960E-02  0.00000E+00 -0.59237E-03  0.00000E+00  0.00000E+00  0.10445E-02  0.93749E-03  0.88170E-03  0.56182E-04  0.21114E-04  0.11700E-03      11  0.88321E-03  0.00000E+00  0.00000E+00  0.73907E-03  0.96382E-04 -0.26093E-04 -0.18096E-03 -0.22070E-03 -0.16278E-03
        0.4258  0.00000E+00 -0.12289E-02  0.00000E+00 -0.65382E-03  0.00000E+00  0.00000E+00  0.10461E-02  0.93752E-03  0.88170E-03  0.56183E-04  0.23923E-04  0.17600E-03      12  0.88321E-03  0.00000E+00  0.00000E+00  0.89442E-03  0.14110E-03 -0.65793E-04 -0.18425E-03 -0.99719E-04 -0.16776E-03
        0.4758  0.00000E+00 -0.11638E-02  0.00000E+00 -0.71201E-03  0.00000E+00  0.00000E+00  0.10472E-02  0.93754E-03  0.88170E-03  0.56184E-04  0.26732E-04  0.24412E-03      13  0.88321E-03  0.00000E+00  0.00000E+00  0.95873E-03  0.18904E-03 -0.99140E-04 -0.18921E-03  0.18894E-04 -0.16682E-03
        0.5258  0.00000E+00 -0.10996E-02  0.00000E+00 -0.76698E-03  0.00000E+00  0.00000E+00  0.10473E-02  0.93755E-03  0.88169E-03  0.56184E-04  0.29541E-04  0.31439E-03      14  0.88321E-03  0.00000E+00  0.00000E+00  0.95648E-03  0.23686E-03 -0.12427E-03 -0.19542E-03  0.11860E-03 -0.16089E-03
        0.5758  0.00000E+00 -0.10356E-02  0.00000E+00 -0.81877E-03  0.00000E+00  0.00000E+00  0.10469E-02  0.93755E-03  0.88169E-03  0.56184E-04  0.32351E-04  0.37985E-03      15  0.88321E-03  0.00000E+00  0.00000E+00  0.86822E-03  0.28027E-03 -0.13661E-03 -0.20225E-03  0.19331E-03 -0.15122E-03
        0.6258  0.00000E+00 -0.97151E-03  0.00000E+00 -0.86734E-03  0.00000E+00  0.00000E+00  0.10456E-02  0.93754E-03  0.88169E-03  0.56183E-04  0.35160E-04  0.43385E-03      16  0.88321E-03  0.00000E+00  0.00000E+00  0.71051E-03  0.31580E-03 -0.13726E-03 -0.20911E-03  0.23564E-03 -0.13944E-03
        0.6758  0.00000E+00 -0.90729E-03  0.00000E+00 -0.91271E-03  0.00000E+00  0.00000E+00  0.10436E-02  0.93752E-03  0.88168E-03  0.56182E-04  0.37969E-04  0.47106E-03      17  0.88321E-03  0.00000E+00  0.00000E+00  0.47245E-03  0.33942E-03 -0.12341E-03 -0.21528E-03  0.24168E-03 -0.12736E-03
        0.7258  0.00000E+00 -0.84345E-03  0.00000E+00 -0.95488E-03  0.00000E+00  0.00000E+00  0.10407E-02  0.93750E-03  0.88168E-03  0.56181E-04  0.40778E-04  0.48765E-03      18  0.88321E-03  0.00000E+00  0.00000E+00  0.15804E-03  0.34732E-03 -0.97863E-04 -0.22018E-03  0.21075E-03 -0.11682E-03
        0.7758  0.00000E+00 -0.78088E-03  0.00000E+00 -0.99392E-03  0.00000E+00  0.00000E+00  0.10398E-02  0.93747E-03  0.88167E-03  0.56179E-04  0.43587E-04  0.49231E-03      19  0.88321E-03  0.00000E+00  0.00000E+00  0.90829E-04  0.35187E-03 -0.74674E-04 -0.22391E-03  0.15790E-03 -0.10893E-03
        0.8258  0.00000E+00 -0.72056E-03  0.00000E+00 -0.10300E-02  0.00000E+00  0.00000E+00  0.10400E-02  0.93746E-03  0.88167E-03  0.56179E-04  0.46396E-04  0.49570E-03      20  0.88321E-03  0.00000E+00  0.00000E+00  0.98376E-04  0.35678E-03 -0.58315E-04 -0.22682E-03  0.11350E-03 -0.10325E-03
        0.8758  0.00000E+00 -0.66325E-03  0.00000E+00 -0.10631E-02  0.00000E+00  0.00000E+00  0.10400E-02  0.93746E-03  0.88167E-03  0.56180E-04  0.49205E-04  0.49957E-03      21  0.88321E-03  0.00000E+00  0.00000E+00  0.10523E-03  0.36205E-03 -0.47842E-04 -0.22922E-03  0.79719E-04 -0.99266E-04
        0.9258  0.00000E+00 -0.60965E-03  0.00000E+00 -0.10936E-02  0.00000E+00  0.00000E+00  0.10401E-02  0.93746E-03  0.88166E-03  0.56180E-04  0.52014E-04  0.50390E-03      22  0.88321E-03  0.00000E+00  0.00000E+00  0.10978E-03  0.36754E-03 -0.41033E-04 -0.23127E-03  0.55507E-04 -0.96490E-04
        0.9629  0.00000E+00 -0.56580E-03  0.00000E+00 -0.11146E-02  0.00000E+00  0.00000E+00  0.10402E-02  0.93746E-03  0.88166E-03  0.56180E-04  0.54097E-04  0.50739E-03      23  0.88321E-03  0.00000E+00  0.00000E+00  0.11189E-03  0.37169E-03 -0.37308E-04 -0.23265E-03  0.41454E-04 -0.94953E-04
        1.0000  0.00000E+00 -0.53101E-03  0.00000E+00 -0.11343E-02  0.00000E+00  0.00000E+00  0.10402E-02  0.93746E-03  0.88166E-03  0.56180E-04  0.56181E-04  0.51106E-03      24  0.88321E-03  0.00000E+00  0.00000E+00  0.11244E-03  0.37586E-03 -0.34643E-04 -0.23394E-03  0.31212E-04 -0.93795E-04
end
