 All solute fluxes and cumulative solute fluxes are positive into the region

       Time         cvTop        cvBot      Sum(cvTop)   Sum(cvBot)     cvCh0        cvCh1         cTop        cRoot         cBot        cvRoot    Sum(cvRoot)  Sum(cvNEql) TLevel      cGWL        cRunOff   Sum(cRunOff)    (cv(i),    Sum(cv(i)), i=1,NObs)
        [T]        [M/L2/T]     [M/L2/T]      [M/L2]       [M/L2]       [M/L2]      [M/L2]        [M/L3]      [M/L3]        [M/L3]      [M/L2/T]      [M/L2]       [M/L2]              [M/L3]        [M/L2]      [M/L3]      [M/L2/T]      [M/L2]
        0.0100  0.00000E+00  0.00000E+00  0.00000E+00  0.00000E+00  0.00000E+00  0.00000E+00  0.85050E-03  0.88310E-03  0.87622E-03  0.84232E-04  0.84232E-06 -0.59493E-05       1  0.88314E-03  0.00000E+00  0.00000E+00  0.40380E-04  0.40380E-06  0.10109E-03  0.10109E-05  0.17178E-03  0.17178E-05
        0.0230  0.00000E+00  0.00000E+00  0.00000E+00  0.00000E+00  0.00000E+00  0.00000E+00  0.85045E-03  0.88314E-03  0.87638E-03  0.84235E-04  0.19374E-05 -0.61908E-05       2  0.88314E-03  0.00000E+00  0.00000E+00  0.39181E-04  0.91315E-06  0.99790E-04  0.23082E-05  0.16903E-03  0.39152E-05
        0.0399  0.00000E+00  0.00000E+00  0.00000E+00  0.00000E+00  0.00000E+00  0.00000E+00  0.85045E-03  0.88313E-03  0.87626E-03  0.84234E-04  0.33609E-05 -0.87462E-05       3  0.88314E-03  0.00000E+00  0.00000E+00  0.36225E-04  0.15253E-05  0.97858E-04  0.39620E-05  0.16515E-03  0.67063E-05
        0.0619  0.00000E+00  0.00000E+00  0.00000E+00  0.00000E+00  0.00000E+00  0.00000E+00  0.85039E-03  0.88314E-03  0.87619E-03  0.84235E-04  0.52116E-05 -0.11535E-04       4  0.88314E-03  0.00000E+00  0.00000E+00  0.30081E-04  0.21862E-05  0.94908E-04  0.60471E-05  0.16074E-03  0.10238E-04
        0.0904  0.00000E+00  0.00000E+00  0.00000E+00  0.00000E+00  0.00000E+00  0.00000E+00  0.85028E-03  0.88313E-03  0.87610E-03  0.84235E-04  0.76174E-05 -0.16012E-04       5  0.88314E-03  0.00000E+00  0.00000E+00  0.18333E-04  0.27098E-05  0.90124E-04  0.86211E-05  0.15511E-03  0.14668E-04
        0.1276  0.00000E+00  0.00000E+00  0.00000E+00  0.00000E+00  0.00000E+00  0.00000E+00  0.85009E-03  0.88313E-03  0.87603E-03  0.84235E-04  0.10745E-04 -0.22350E-04       6  0.88314E-03  0.00000E+00  0.00000E+00  0.27752E-05  0.28129E-05  0.82090E-04  0.11669E-04  0.14772E-03  0.20152E-04
        0.1758  0.00000E+00  0.00000E+00  0.00000E+00  0.00000E+00  0.00000E+00  0.00000E+00  0.84995E-03  0.88313E-03  0.87595E-03  0.84235E-04  0.14811E-04 -0.32179E-04       7  0.88313E-03  0.00000E+00  0.00000E+00 -0.73325E-05  0.24590E-05  0.68469E-04  0.14974E-04  0.13709E-03  0.26769E-04
        0.2258  0.00000E+00  0.00000E+00  0.00000E+00  0.00000E+00  0.00000E+00  0.00000E+00  0.84983E-03  0.88313E-03  0.87588E-03  0.84235E-04  0.19023E-04 -0.43852E-04       8  0.88313E-03  0.00000E+00  0.00000E+00 -0.19391E-04  0.14894E-05  0.51228E-04  0.17535E-04  0.12461E-03  0.33000E-04
        0.2758  0.00000E+00  0.00000E+00  0.00000E+00  0.00000E+00  0.00000E+00  0.00000E+00  0.84979E-03  0.88313E-03  0.87583E-03  0.84235E-04  0.23234E-04 -0.56299E-04       9  0.88313E-03  0.00000E+00  0.00000E+00 -0.23292E-04  0.32482E-06  0.36420E-04  0.19356E-04  0.11207E-03  0.38604E-04
        0.3258  0.00000E+00  0.00000E+00  0.00000E+00  0.00000E+00  0.00000E+00  0.00000E+00  0.85004E-03  0.88313E-03  0.87578E-03  0.84235E-04  0.27446E-04 -0.62892E-04      10  0.88313E-03  0.00000E+00  0.00000E+00 -0.94350E-06  0.27764E-06  0.38667E-04  0.21290E-04  0.10992E-03  0.44100E-04
        0.3758  0.00000E+00  0.00000E+00  0.00000E+00  0.00000E+00  0.00000E+00  0.00000E+00  0.85050E-03  0.88315E-03  0.87574E-03  0.84237E-04  0.31658E-04 -0.52808E-04      11  0.88313E-03  0.00000E+00  0.00000E+00  0.51197E-04  0.28375E-05  0.51791E-04  0.23879E-04  0.13203E-03  0.50701E-04
        0.4258  0.00000E+00  0.00000E+00  0.00000E+00  0.00000E+00  0.00000E+00  0.00000E+00  0.85103E-03  0.88320E-03  0.87569E-03  0.84242E-04  0.35870E-04 -0.27583E-04      12  0.88313E-03  0.00000E+00  0.00000E+00  0.97842E-04  0.77296E-05  0.72099E-04  0.27484E-04  0.16751E-03  0.59076E-04
        0.4758  0.00000E+00  0.00000E+00  0.00000E+00  0.00000E+00  0.00000E+00  0.00000E+00  0.85132E-03  0.88322E-03  0.87562E-03  0.84244E-04  0.40082E-04  0.73175E-05      13  0.88313E-03  0.00000E+00  0.00000E+00  0.12135E-03  0.13797E-04  0.95948E-04  0.32282E-04  0.21026E-03  0.69590E-04
        0.5258  0.00000E+00  0.00000E+00  0.00000E+00  0.00000E+00  0.00000E+00  0.00000E+00  0.85137E-03  0.88325E-03  0.87552E-03  0.84248E-04  0.44295E-04  0.47330E-04      14  0.88313E-03  0.00000E+00  0.00000E+00  0.12062E-03  0.19828E-04  0.11616E-03  0.38090E-04  0.25124E-03  0.82151E-04
        0.5758  0.00000E+00  0.00000E+00  0.00000E+00  0.00000E+00  0.00000E+00  0.00000E+00  0.85116E-03  0.88326E-03  0.87540E-03  0.84248E-04  0.48507E-04  0.85816E-04      15  0.88313E-03  0.00000E+00  0.00000E+00  0.95888E-04  0.24623E-04  0.13013E-03  0.44596E-04  0.28457E-03  0.96380E-04
        0.6258  0.00000E+00  0.00000E+00  0.00000E+00  0.00000E+00  0.00000E+00  0.00000E+00  0.85070E-03  0.88326E-03  0.87526E-03  0.84248E-04  0.52719E-04  0.11749E-03      16  0.88313E-03  0.00000E+00  0.00000E+00  0.48551E-04  0.27050E-04  0.13530E-03  0.51361E-04  0.30380E-03  0.11157E-03
        0.6758  0.00000E+00  0.00000E+00  0.00000E+00  0.00000E+00  0.00000E+00  0.00000E+00  0.85021E-03  0.88324E-03  0.87511E-03  0.84246E-04  0.56932E-04  0.13672E-03      17  0.88312E-03  0.00000E+00  0.00000E+00 -0.21598E-05  0.26942E-04  0.13001E-03  0.57862E-04  0.30663E-03  0.12690E-03
        0.7258  0.00000E+00  0.00000E+00  0.00000E+00  0.00000E+00  0.00000E+00  0.00000E+00  0.84992E-03  0.88322E-03  0.87495E-03  0.84244E-04  0.61144E-04  0.13991E-03      18  0.88312E-03  0.00000E+00  0.00000E+00 -0.24929E-04  0.25696E-04  0.11563E-03  0.63644E-04  0.29033E-03  0.14142E-03
        0.7758  0.00000E+00  0.00000E+00  0.00000E+00  0.00000E+00  0.00000E+00  0.00000E+00  0.84998E-03  0.88318E-03  0.87480E-03  0.84240E-04  0.65356E-04  0.12749E-03      19  0.88312E-03  0.00000E+00  0.00000E+00 -0.19612E-04  0.24715E-04  0.10613E-03  0.68950E-04  0.26001E-03  0.15442E-03
        0.8258  0.00000E+00  0.00000E+00  0.00000E+00  0.00000E+00  0.00000E+00  0.00000E+00  0.85009E-03  0.88315E-03  0.87467E-03  0.84237E-04  0.69568E-04  0.11167E-03      20  0.88312E-03  0.00000E+00  0.00000E+00 -0.73792E-05  0.24346E-04  0.10196E-03  0.74048E-04  0.23548E-03  0.16619E-03
        0.8758  0.00000E+00  0.00000E+00  0.00000E+00  0.00000E+00  0.00000E+00  0.00000E+00  0.85021E-03  0.88316E-03  0.87455E-03  0.84238E-04  0.73780E-04  0.97058E-04      21  0.88311E-03  0.00000E+00  0.00000E+00  0.32077E-05  0.24507E-04  0.10246E-03  0.79171E-04  0.21673E-03  0.17703E-03
        0.9258  0.00000E+00  0.00000E+00  0.00000E+00  0.00000E+00  0.00000E+00  0.00000E+00  0.85044E-03  0.88315E-03  0.87446E-03  0.84237E-04  0.77992E-04  0.82682E-04      22  0.88311E-03  0.00000E+00  0.00000E+00  0.25324E-04  0.25773E-04  0.10408E-03  0.84375E-04  0.20364E-03  0.18721E-03
        0.9629  0.00000E+00  0.00000E+00  0.00000E+00  0.00000E+00  0.00000E+00  0.00000E+00  0.85059E-03  0.88316E-03  0.87440E-03  0.84238E-04  0.81116E-04  0.72448E-04      23  0.88311E-03  0.00000E+00  0.00000E+00  0.36509E-04  0.27127E-04  0.10510E-03  0.88273E-04  0.19587E-03  0.19447E-03
        1.0000  0.00000E+00  0.00000E+00  0.00000E+00  0.00000E+00  0.00000E+00  0.00000E+00  0.85064E-03  0.88315E-03  0.87434E-03  0.84237E-04  0.84240E-04  0.62045E-04      24  0.88311E-03  0.00000E+00  0.00000E+00  0.40281E-04  0.28621E-04  0.10522E-03  0.92175E-04  0.18989E-03  0.20152E-03
end
