 All solute fluxes and cumulative solute fluxes are positive into the region

       Time         cvTop        cvBot      Sum(cvTop)   Sum(cvBot)     cvCh0        cvCh1         cTop        cRoot         cBot        cvRoot    Sum(cvRoot)  Sum(cvNEql) TLevel      cGWL        cRunOff   Sum(cRunOff)    (cv(i),    Sum(cv(i)), i=1,NObs)
        [T]        [M/L2/T]     [M/L2/T]      [M/L2]       [M/L2]       [M/L2]      [M/L2]        [M/L3]      [M/L3]        [M/L3]      [M/L2/T]      [M/L2]       [M/L2]              [M/L3]        [M/L2]      [M/L3]      [M/L2/T]      [M/L2]
        0.0100  0.00000E+00  0.00000E+00  0.00000E+00  0.00000E+00  0.00000E+00  0.00000E+00  0.10129E-02  0.91502E-03  0.87503E-03  0.81684E-04  0.81684E-06 -0.12195E-04       1  0.88286E-03  0.00000E+00  0.00000E+00  0.28758E-04  0.28758E-06  0.69538E-06  0.69538E-08  0.96364E-04  0.96364E-06
        0.0230  0.00000E+00  0.00000E+00  0.00000E+00  0.00000E+00  0.00000E+00  0.00000E+00  0.10128E-02  0.91504E-03  0.87168E-03  0.81683E-04  0.18787E-05 -0.27198E-04       2  0.88277E-03  0.00000E+00  0.00000E+00  0.28596E-04  0.65933E-06  0.44393E-06  0.12725E-07  0.94604E-04  0.21935E-05
        0.0399  0.00000E+00  0.00000E+00  0.00000E+00  0.00000E+00  0.00000E+00  0.00000E+00  0.10128E-02  0.91503E-03  0.87456E-03  0.81684E-04  0.32592E-05 -0.41363E-04       3  0.88287E-03  0.00000E+00  0.00000E+00  0.28013E-04  0.11327E-05  0.14543E-06  0.15183E-07  0.92048E-04  0.37491E-05
        0.0619  0.00000E+00  0.00000E+00  0.00000E+00  0.00000E+00  0.00000E+00  0.00000E+00  0.10128E-02  0.91503E-03  0.87477E-03  0.81683E-04  0.50538E-05 -0.56275E-04       4  0.88287E-03  0.00000E+00  0.00000E+00  0.26795E-04  0.17214E-05 -0.23746E-06  0.99657E-08  0.88993E-04  0.57043E-05
        0.0904  0.00000E+00  0.00000E+00  0.00000E+00  0.00000E+00  0.00000E+00  0.00000E+00  0.10128E-02  0.91503E-03  0.87569E-03  0.81683E-04  0.73867E-05 -0.72457E-04       5  0.88290E-03  0.00000E+00  0.00000E+00  0.24480E-04  0.24206E-05 -0.68161E-06 -0.95018E-08  0.85208E-04  0.81379E-05
        0.1276  0.00000E+00  0.00000E+00  0.00000E+00  0.00000E+00  0.00000E+00  0.00000E+00  0.10128E-02  0.91503E-03  0.87602E-03  0.81683E-04  0.10420E-04 -0.90294E-04       6  0.88293E-03  0.00000E+00  0.00000E+00  0.20339E-04  0.31758E-05 -0.12224E-05 -0.54888E-07  0.80767E-04  0.11137E-04
        0.1758  0.00000E+00  0.00000E+00  0.00000E+00  0.00000E+00  0.00000E+00  0.00000E+00  0.10127E-02  0.91503E-03  0.87650E-03  0.81683E-04  0.14362E-04 -0.11049E-03       7  0.88295E-03  0.00000E+00  0.00000E+00  0.13402E-04  0.38227E-05 -0.18777E-05 -0.14552E-06  0.75660E-04  0.14789E-04
        0.2258  0.00000E+00  0.00000E+00  0.00000E+00  0.00000E+00  0.00000E+00  0.00000E+00  0.10126E-02  0.91503E-03  0.87668E-03  0.81683E-04  0.18446E-04 -0.12930E-03       8  0.88295E-03  0.00000E+00  0.00000E+00  0.49640E-05  0.40709E-05 -0.25411E-05 -0.27257E-06  0.70964E-04  0.18337E-04
        0.2758  0.00000E+00  0.00000E+00  0.00000E+00  0.00000E+00  0.00000E+00  0.00000E+00  0.10127E-02  0.91503E-03  0.87690E-03  0.81683E-04  0.22531E-04 -0.14617E-03       9  0.88296E-03  0.00000E+00  0.00000E+00  0.17684E-04  0.49551E-05 -0.28764E-05 -0.41639E-06  0.67307E-04  0.21702E-04
        0.3258  0.00000E+00  0.00000E+00  0.00000E+00  0.00000E+00  0.00000E+00  0.00000E+00  0.10135E-02  0.91503E-03  0.87698E-03  0.81683E-04  0.26615E-04 -0.15831E-03      10  0.88296E-03  0.00000E+00  0.00000E+00  0.93564E-04  0.96333E-05 -0.21377E-05 -0.52328E-06  0.67041E-04  0.25054E-04
        0.3758  0.00000E+00  0.00000E+00  0.00000E+00  0.00000E+00  0.00000E+00  0.00000E+00  0.10142E-02  0.91504E-03  0.87708E-03  0.81684E-04  0.30699E-04 -0.16337E-03      11  0.88296E-03  0.00000E+00  0.00000E+00  0.15480E-03  0.17373E-04 -0.65761E-06 -0.55616E-06  0.72621E-04  0.28685E-04
        0.4258  0.00000E+00  0.00000E+00  0.00000E+00  0.00000E+00  0.00000E+00  0.00000E+00  0.10147E-02  0.91505E-03  0.87711E-03  0.81685E-04  0.34783E-04 -0.16261E-03      12  0.88296E-03  0.00000E+00  0.00000E+00  0.19783E-03  0.27265E-04  0.12729E-05 -0.49251E-06  0.82413E-04  0.32806E-04
        0.4758  0.00000E+00  0.00000E+00  0.00000E+00  0.00000E+00  0.00000E+00  0.00000E+00  0.10150E-02  0.91506E-03  0.87716E-03  0.81685E-04  0.38868E-04 -0.15807E-03      13  0.88296E-03  0.00000E+00  0.00000E+00  0.21920E-03  0.38224E-04  0.31613E-05 -0.33445E-06  0.94724E-04  0.37542E-04
        0.5258  0.00000E+00  0.00000E+00  0.00000E+00  0.00000E+00  0.00000E+00  0.00000E+00  0.10150E-02  0.91506E-03  0.87718E-03  0.81686E-04  0.42952E-04 -0.15175E-03      14  0.88296E-03  0.00000E+00  0.00000E+00  0.21836E-03  0.49143E-04  0.46851E-05 -0.10019E-06  0.10727E-03  0.42905E-04
        0.5758  0.00000E+00  0.00000E+00  0.00000E+00  0.00000E+00  0.00000E+00  0.00000E+00  0.10149E-02  0.91506E-03  0.87719E-03  0.81686E-04  0.47036E-04 -0.14599E-03      15  0.88296E-03  0.00000E+00  0.00000E+00  0.19510E-03  0.58898E-04  0.56467E-05  0.18215E-06  0.11810E-03  0.48810E-04
        0.6258  0.00000E+00  0.00000E+00  0.00000E+00  0.00000E+00  0.00000E+00  0.00000E+00  0.10145E-02  0.91506E-03  0.87719E-03  0.81686E-04  0.51120E-04 -0.14287E-03      16  0.88296E-03  0.00000E+00  0.00000E+00  0.15125E-03  0.66460E-04  0.58576E-05  0.47503E-06  0.12556E-03  0.55088E-04
        0.6758  0.00000E+00  0.00000E+00  0.00000E+00  0.00000E+00  0.00000E+00  0.00000E+00  0.10140E-02  0.91506E-03  0.87719E-03  0.81685E-04  0.55205E-04 -0.14429E-03      17  0.88296E-03  0.00000E+00  0.00000E+00  0.89587E-04  0.70940E-04  0.50518E-05  0.72762E-06  0.12817E-03  0.61497E-04
        0.7258  0.00000E+00  0.00000E+00  0.00000E+00  0.00000E+00  0.00000E+00  0.00000E+00  0.10132E-02  0.91505E-03  0.87717E-03  0.81685E-04  0.59289E-04 -0.15154E-03      18  0.88296E-03  0.00000E+00  0.00000E+00  0.14563E-04  0.71668E-04  0.33935E-05  0.89729E-06  0.12520E-03  0.67757E-04
        0.7758  0.00000E+00  0.00000E+00  0.00000E+00  0.00000E+00  0.00000E+00  0.00000E+00  0.10131E-02  0.91504E-03  0.87715E-03  0.81684E-04  0.63373E-04 -0.16308E-03      19  0.88296E-03  0.00000E+00  0.00000E+00  0.50459E-05  0.71920E-04  0.19053E-05  0.99255E-06  0.11803E-03  0.73658E-04
        0.8258  0.00000E+00  0.00000E+00  0.00000E+00  0.00000E+00  0.00000E+00  0.00000E+00  0.10132E-02  0.91503E-03  0.87713E-03  0.81683E-04  0.67457E-04 -0.17513E-03      20  0.88296E-03  0.00000E+00  0.00000E+00  0.13339E-04  0.72587E-04  0.91505E-06  0.10383E-05  0.11078E-03  0.79197E-04
        0.8758  0.00000E+00  0.00000E+00  0.00000E+00  0.00000E+00  0.00000E+00  0.00000E+00  0.10132E-02  0.91504E-03  0.87710E-03  0.81683E-04  0.71541E-04 -0.18672E-03      21  0.88296E-03  0.00000E+00  0.00000E+00  0.20377E-04  0.73606E-04  0.26920E-06  0.10518E-05  0.10424E-03  0.84409E-04
        0.9258  0.00000E+00  0.00000E+00  0.00000E+00  0.00000E+00  0.00000E+00  0.00000E+00  0.10133E-02  0.91503E-03  0.87707E-03  0.81683E-04  0.75626E-04 -0.19805E-03      22  0.88296E-03  0.00000E+00  0.00000E+00  0.25416E-04  0.74877E-04 -0.18589E-06  0.10425E-05  0.98750E-04  0.89347E-04
        0.9629  0.00000E+00  0.00000E+00  0.00000E+00  0.00000E+00  0.00000E+00  0.00000E+00  0.10133E-02  0.91504E-03  0.87705E-03  0.81683E-04  0.78655E-04 -0.20631E-03      23  0.88296E-03  0.00000E+00  0.00000E+00  0.27623E-04  0.75901E-04 -0.45891E-06  0.10255E-05  0.95162E-04  0.92876E-04
        1.0000  0.00000E+00  0.00000E+00  0.00000E+00  0.00000E+00  0.00000E+00  0.00000E+00  0.10133E-02  0.91503E-03  0.87702E-03  0.81683E-04  0.81684E-04 -0.21454E-03      24  0.88296E-03  0.00000E+00  0.00000E+00  0.28359E-04  0.76953E-04 -0.68384E-06  0.10001E-05  0.92084E-04  0.96291E-04
end
