 ******* Program HYDRUS
 ******* 
 Welcome to HYDRUS-1D                                                    
 Date:  28. 3.2022    Time:   8:56:43
 Units: L = cm   , T = days , M = mg   


 Time:        0.0000


 Node      Depth      Head Moisture       K          C         Flux        Sink         Kappa   v/KsTop   Temp   Conc(1..NS) Sorb(1...NS)
           [L]        [L]    [-]        [L/T]      [1/L]      [L/T]        [1/T]         [-]      [-]      [C]      [M/L*3]

   1     0.0000    -210.692 0.2827   0.1125E+01  0.3686E-03  0.1942E-01  0.0000E+00      -1   0.447E-03   20.00  0.1024E-02  0.1228E+00
   2    -3.0000    -207.641 0.2838   0.1160E+01  0.3723E-03  0.2443E-01  0.0000E+00      -1   0.562E-03   20.00  0.1041E-02  0.1250E+00
   3    -6.0000    -204.566 0.2849   0.1195E+01  0.3760E-03  0.3413E-01  0.0000E+00      -1   0.785E-03   20.00  0.1052E-02  0.1262E+00
   4    -9.0000    -201.470 0.2860   0.1231E+01  0.3798E-03  0.4688E-01  0.2467E-02      -1   0.108E-02   20.00  0.1052E-02  0.1262E+00
   5   -12.0000    -198.338 0.2872   0.1267E+01  0.3836E-03  0.6282E-01  0.2469E-02      -1   0.145E-02   20.00  0.1043E-02  0.1252E+00
   6   -15.0000    -195.173 0.2883   0.1303E+01  0.3874E-03  0.7874E-01  0.2470E-02      -1   0.181E-02   20.00  0.1025E-02  0.1230E+00
   7   -18.0000    -191.976 0.2895   0.1340E+01  0.3913E-03  0.9497E-01  0.2472E-02      -1   0.219E-02   20.00  0.9965E-03  0.1196E+00
   8   -21.0000    -188.751 0.2908   0.1410E+01  0.3955E-03  0.1121E+00  0.2474E-02      -1   0.258E-02   20.00  0.9633E-03  0.1156E+00
   9   -24.0000    -185.500 0.2921   0.1483E+01  0.3997E-03  0.1294E+00  0.2449E-02      -1   0.298E-02   20.00  0.9334E-03  0.1120E+00
  10   -27.0000    -182.228 0.2935   0.1555E+01  0.4040E-03  0.1458E+00  0.2322E-02      -1   0.335E-02   20.00  0.9109E-03  0.1093E+00
  11   -30.0000    -178.938 0.2949   0.1629E+01  0.4082E-03  0.1611E+00  0.2194E-02      -1   0.371E-02   20.00  0.8960E-03  0.1075E+00
  12   -33.0000    -175.635 0.2963   0.1702E+01  0.4125E-03  0.1754E+00  0.2067E-02      -1   0.404E-02   20.00  0.8884E-03  0.1066E+00
  13   -36.0000    -172.320 0.2976   0.1776E+01  0.4168E-03  0.1892E+00  0.1939E-02      -1   0.435E-02   20.00  0.8843E-03  0.1061E+00
  14   -39.0000    -168.996 0.2990   0.1850E+01  0.4212E-03  0.2017E+00  0.1810E-02      -1   0.464E-02   20.00  0.8833E-03  0.1060E+00
  15   -42.0000    -165.666 0.3004   0.1924E+01  0.4255E-03  0.2130E+00  0.1682E-02      -1   0.490E-02   20.00  0.8833E-03  0.1060E+00
  16   -45.0000    -162.332 0.3018   0.1999E+01  0.4298E-03  0.2232E+00  0.1553E-02      -1   0.514E-02   20.00  0.8833E-03  0.1060E+00
  17   -48.0000    -158.996 0.3032   0.2073E+01  0.4342E-03  0.2325E+00  0.1425E-02      -1   0.535E-02   20.00  0.8833E-03  0.1060E+00
  18   -51.0000    -155.659 0.3046   0.2147E+01  0.4385E-03  0.2409E+00  0.1296E-02      -1   0.554E-02   20.00  0.8833E-03  0.1060E+00
  19   -54.0000    -152.323 0.3060   0.2222E+01  0.4429E-03  0.2480E+00  0.1167E-02      -1   0.571E-02   20.00  0.8833E-03  0.1060E+00
  20   -57.0000    -148.993 0.3075   0.2349E+01  0.4468E-03  0.2545E+00  0.1038E-02      -1   0.586E-02   20.00  0.8833E-03  0.1060E+00
  21   -60.0000    -145.673 0.3091   0.2481E+01  0.4506E-03  0.2600E+00  0.9082E-03      -1   0.598E-02   20.00  0.8833E-03  0.1060E+00
  22   -63.0000    -142.364 0.3106   0.2613E+01  0.4544E-03  0.2642E+00  0.7788E-03      -1   0.608E-02   20.00  0.8833E-03  0.1060E+00
  23   -66.0000    -139.066 0.3121   0.2744E+01  0.4583E-03  0.2674E+00  0.6492E-03      -1   0.615E-02   20.00  0.8833E-03  0.1060E+00
  24   -69.0000    -135.779 0.3136   0.2875E+01  0.4621E-03  0.2697E+00  0.5196E-03      -1   0.620E-02   20.00  0.8833E-03  0.1060E+00
  25   -72.0000    -132.503 0.3151   0.3006E+01  0.4658E-03  0.2709E+00  0.3898E-03      -1   0.623E-02   20.00  0.8833E-03  0.1060E+00
  26   -75.0000    -129.238 0.3167   0.3136E+01  0.4696E-03  0.2717E+00  0.2600E-03      -1   0.625E-02   20.00  0.8833E-03  0.1060E+00
  27   -78.0000    -125.983 0.3182   0.3266E+01  0.4734E-03  0.2720E+00  0.1300E-03      -1   0.626E-02   20.00  0.8833E-03  0.1060E+00
  28   -81.0000    -122.738 0.3197   0.3395E+01  0.4771E-03  0.2714E+00  0.0000E+00      -1   0.624E-02   20.00  0.8833E-03  0.1060E+00
  29   -84.0000    -119.504 0.3212   0.3549E+01  0.4805E-03  0.2706E+00  0.0000E+00      -1   0.623E-02   20.00  0.8833E-03  0.1060E+00
  30   -87.0000    -116.282 0.3228   0.3761E+01  0.4827E-03  0.2693E+00  0.0000E+00      -1   0.620E-02   20.00  0.8833E-03  0.1060E+00
  31   -90.0000    -113.074 0.3243   0.3973E+01  0.4850E-03  0.2666E+00  0.0000E+00      -1   0.613E-02   20.00  0.8833E-03  0.1060E+00
  32   -93.0000    -109.879 0.3259   0.4184E+01  0.4873E-03  0.2648E+00  0.0000E+00      -1   0.609E-02   20.00  0.8833E-03  0.1060E+00
  33   -96.0000    -106.694 0.3275   0.4394E+01  0.4895E-03  0.2634E+00  0.0000E+00      -1   0.606E-02   20.00  0.8833E-03  0.1060E+00
  34   -99.0000    -103.519 0.3290   0.4603E+01  0.4918E-03  0.2615E+00  0.0000E+00      -1   0.602E-02   20.00  0.8833E-03  0.1060E+00
  35  -102.0000    -100.353 0.3306   0.4812E+01  0.4940E-03  0.2597E+00  0.0000E+00      -1   0.598E-02   20.00  0.8833E-03  0.1060E+00
  36  -105.0000     -97.195 0.3321   0.5020E+01  0.4963E-03  0.2573E+00  0.0000E+00      -1   0.592E-02   20.00  0.8833E-03  0.1060E+00
  37  -108.0000     -94.046 0.3337   0.5278E+01  0.4975E-03  0.2548E+00  0.0000E+00      -1   0.586E-02   20.00  0.8833E-03  0.1060E+00
  38  -111.0000     -90.906 0.3352   0.5597E+01  0.4973E-03  0.2526E+00  0.0000E+00      -1   0.581E-02   20.00  0.8833E-03  0.1060E+00
  39  -114.0000     -87.775 0.3368   0.5916E+01  0.4972E-03  0.2512E+00  0.0000E+00      -1   0.578E-02   20.00  0.8833E-03  0.1060E+00
  40  -117.0000     -84.651 0.3383   0.6233E+01  0.4970E-03  0.2491E+00  0.0000E+00      -1   0.573E-02   20.00  0.8833E-03  0.1060E+00
  41  -120.0000     -81.535 0.3399   0.6550E+01  0.4969E-03  0.2465E+00  0.0000E+00      -1   0.567E-02   20.00  0.8833E-03  0.1060E+00
  42  -123.0000     -78.425 0.3414   0.6866E+01  0.4967E-03  0.2448E+00  0.0000E+00      -1   0.563E-02   20.00  0.8833E-03  0.1060E+00
  43  -126.0000     -75.321 0.3430   0.7196E+01  0.4963E-03  0.2431E+00  0.0000E+00      -1   0.559E-02   20.00  0.8833E-03  0.1060E+00
  44  -129.0000     -72.223 0.3445   0.7650E+01  0.4930E-03  0.2407E+00  0.0000E+00      -1   0.554E-02   20.00  0.8833E-03  0.1060E+00
  45  -132.0000     -69.132 0.3460   0.8104E+01  0.4897E-03  0.2389E+00  0.0000E+00      -1   0.550E-02   20.00  0.8833E-03  0.1060E+00
  46  -135.0000     -66.046 0.3475   0.8557E+01  0.4865E-03  0.2380E+00  0.0000E+00      -1   0.548E-02   20.00  0.8833E-03  0.1060E+00
  47  -138.0000     -62.965 0.3490   0.9009E+01  0.4832E-03  0.2371E+00  0.0000E+00      -1   0.546E-02   20.00  0.8833E-03  0.1060E+00
  48  -141.0000     -59.888 0.3506   0.9463E+01  0.4799E-03  0.2342E+00  0.0000E+00      -1   0.539E-02   20.00  0.8833E-03  0.1060E+00
  49  -144.0000     -56.817 0.3520   0.1008E+02  0.4730E-03  0.2316E+00  0.0000E+00      -1   0.533E-02   20.00  0.8833E-03  0.1060E+00
  50  -147.0000     -53.750 0.3534   0.1069E+02  0.4662E-03  0.2315E+00  0.0000E+00      -1   0.533E-02   20.00  0.8833E-03  0.1060E+00
  51  -150.0000     -50.687 0.3549   0.1131E+02  0.4593E-03  0.2317E+00  0.0000E+00      -1   0.533E-02   20.00  0.8833E-03  0.1060E+00
  52  -153.0000     -47.627 0.3563   0.1192E+02  0.4525E-03  0.2291E+00  0.0000E+00      -1   0.527E-02   20.00  0.8833E-03  0.1060E+00
  53  -156.0000     -44.572 0.3576   0.1272E+02  0.4419E-03  0.2266E+00  0.0000E+00      -1   0.521E-02   20.00  0.8833E-03  0.1060E+00
  54  -159.0000     -41.520 0.3589   0.1352E+02  0.4311E-03  0.2273E+00  0.0000E+00      -1   0.523E-02   20.00  0.8833E-03  0.1060E+00
  55  -162.0000     -38.471 0.3603   0.1432E+02  0.4204E-03  0.2271E+00  0.0000E+00      -1   0.522E-02   20.00  0.8833E-03  0.1060E+00
  56  -165.0000     -35.425 0.3615   0.1527E+02  0.4068E-03  0.2265E+00  0.0000E+00      -1   0.521E-02   20.00  0.8833E-03  0.1060E+00
  57  -168.0000     -32.382 0.3627   0.1628E+02  0.3921E-03  0.2250E+00  0.0000E+00      -1   0.518E-02   20.00  0.8833E-03  0.1060E+00
  58  -171.0000     -29.342 0.3639   0.1732E+02  0.3767E-03  0.2226E+00  0.0000E+00      -1   0.512E-02   20.00  0.8833E-03  0.1060E+00
  59  -174.0000     -26.305 0.3650   0.1855E+02  0.3580E-03  0.2225E+00  0.0000E+00      -1   0.512E-02   20.00  0.8833E-03  0.1060E+00
  60  -177.0000     -23.270 0.3661   0.1981E+02  0.3388E-03  0.2215E+00  0.0000E+00      -1   0.510E-02   20.00  0.8833E-03  0.1060E+00
  61  -180.0000     -20.238 0.3671   0.2129E+02  0.3161E-03  0.2201E+00  0.0000E+00      -1   0.506E-02   20.00  0.8833E-03  0.1060E+00
  62  -183.0000     -17.208 0.3680   0.2290E+02  0.2914E-03  0.2216E+00  0.0000E+00      -1   0.510E-02   20.00  0.8833E-03  0.1060E+00
  63  -186.0000     -14.180 0.3689   0.2471E+02  0.2637E-03  0.2227E+00  0.0000E+00      -1   0.512E-02   20.00  0.8833E-03  0.1060E+00
  64  -189.0000     -11.154 0.3696   0.2680E+02  0.2320E-03  0.2191E+00  0.0000E+00      -1   0.504E-02   20.00  0.8833E-03  0.1060E+00
  65  -192.0000      -8.131 0.3703   0.2927E+02  0.1950E-03  0.2204E+00  0.0000E+00      -1   0.507E-02   20.00  0.8833E-03  0.1060E+00
  66  -195.0000      -5.109 0.3708   0.3233E+02  0.1505E-03  0.2220E+00  0.0000E+00      -1   0.511E-02   20.00  0.8833E-03  0.1060E+00
  67  -198.0000      -2.090 0.3712   0.3658E+02  0.9070E-04  0.2158E+00  0.0000E+00      -1   0.497E-02   20.00  0.8833E-03  0.1060E+00
  68  -201.0000       0.926 0.3713   0.4346E+02  0.0000E+00  0.2154E+00  0.0000E+00      -1   0.496E-02   20.00  0.8833E-03  0.1060E+00
  69  -204.0000       3.941 0.3713   0.4346E+02  0.0000E+00  0.2173E+00  0.0000E+00      -1   0.500E-02   20.00  0.8833E-03  0.1060E+00
  70  -207.0000       6.956 0.3713   0.4346E+02  0.0000E+00  0.2173E+00  0.0000E+00      -1   0.500E-02   20.00  0.8833E-03  0.1060E+00
  71  -210.0000       9.971 0.3713   0.4346E+02  0.0000E+00  0.2246E+00  0.0000E+00      -1   0.517E-02   20.00  0.8833E-03  0.1060E+00
  72  -213.0000      12.987 0.3713   0.4346E+02  0.0000E+00  0.2246E+00  0.0000E+00      -1   0.517E-02   20.00  0.8833E-03  0.1060E+00
  73  -216.0000      16.002 0.3713   0.4346E+02  0.0000E+00  0.2173E+00  0.0000E+00      -1   0.500E-02   20.00  0.8833E-03  0.1060E+00
  74  -219.0000      19.017 0.3713   0.4346E+02  0.0000E+00  0.2173E+00  0.0000E+00      -1   0.500E-02   20.00  0.8833E-03  0.1060E+00
  75  -222.0000      22.032 0.3713   0.4346E+02  0.0000E+00  0.2173E+00  0.0000E+00      -1   0.500E-02   20.00  0.8833E-03  0.1060E+00
  76  -225.0000      25.047 0.3713   0.4346E+02  0.0000E+00  0.2173E+00  0.0000E+00      -1   0.500E-02   20.00  0.8833E-03  0.1060E+00
  77  -228.0000      28.062 0.3713   0.4346E+02  0.0000E+00  0.2173E+00  0.0000E+00      -1   0.500E-02   20.00  0.8833E-03  0.1060E+00
  78  -231.0000      31.077 0.3713   0.4346E+02  0.0000E+00  0.2245E+00  0.0000E+00      -1   0.517E-02   20.00  0.8833E-03  0.1060E+00
  79  -234.0000      34.093 0.3713   0.4346E+02  0.0000E+00  0.2246E+00  0.0000E+00      -1   0.517E-02   20.00  0.8833E-03  0.1060E+00
  80  -237.0000      37.108 0.3713   0.4346E+02  0.0000E+00  0.2173E+00  0.0000E+00      -1   0.500E-02   20.00  0.8833E-03  0.1060E+00
  81  -240.0000      40.123 0.3713   0.4346E+02  0.0000E+00  0.2173E+00  0.0000E+00      -1   0.500E-02   20.00  0.8833E-03  0.1060E+00
  82  -243.0000      43.138 0.3713   0.4346E+02  0.0000E+00  0.2173E+00  0.0000E+00      -1   0.500E-02   20.00  0.8833E-03  0.1060E+00
  83  -246.0000      46.153 0.3713   0.4346E+02  0.0000E+00  0.2173E+00  0.0000E+00      -1   0.500E-02   20.00  0.8833E-03  0.1060E+00
  84  -249.0000      49.168 0.3713   0.4346E+02  0.0000E+00  0.2173E+00  0.0000E+00      -1   0.500E-02   20.00  0.8833E-03  0.1060E+00
  85  -252.0000      52.183 0.3713   0.4346E+02  0.0000E+00  0.2173E+00  0.0000E+00      -1   0.500E-02   20.00  0.8833E-03  0.1060E+00
  86  -255.0000      55.198 0.3713   0.4346E+02  0.0000E+00  0.2246E+00  0.0000E+00      -1   0.517E-02   20.00  0.8833E-03  0.1060E+00
  87  -258.0000      58.214 0.3713   0.4346E+02  0.0000E+00  0.2245E+00  0.0000E+00      -1   0.517E-02   20.00  0.8833E-03  0.1060E+00
  88  -261.0000      61.229 0.3713   0.4346E+02  0.0000E+00  0.2173E+00  0.0000E+00      -1   0.500E-02   20.00  0.8833E-03  0.1060E+00
  89  -264.0000      64.244 0.3713   0.4346E+02  0.0000E+00  0.2173E+00  0.0000E+00      -1   0.500E-02   20.00  0.8833E-03  0.1060E+00
  90  -267.0000      67.259 0.3713   0.4346E+02  0.0000E+00  0.2173E+00  0.0000E+00      -1   0.500E-02   20.00  0.8833E-03  0.1060E+00
  91  -270.0000      70.274 0.3713   0.4346E+02  0.0000E+00  0.2173E+00  0.0000E+00      -1   0.500E-02   20.00  0.8833E-03  0.1060E+00
  92  -273.0000      73.289 0.3713   0.4346E+02  0.0000E+00  0.2173E+00  0.0000E+00      -1   0.500E-02   20.00  0.8833E-03  0.1060E+00
  93  -276.0000      76.304 0.3713   0.4346E+02  0.0000E+00  0.2245E+00  0.0000E+00      -1   0.517E-02   20.00  0.8833E-03  0.1060E+00
  94  -279.0000      79.320 0.3713   0.4346E+02  0.0000E+00  0.2245E+00  0.0000E+00      -1   0.517E-02   20.00  0.8833E-03  0.1060E+00
  95  -282.0000      82.335 0.3713   0.4346E+02  0.0000E+00  0.2173E+00  0.0000E+00      -1   0.500E-02   20.00  0.8833E-03  0.1060E+00
  96  -285.0000      85.350 0.3713   0.4346E+02  0.0000E+00  0.2173E+00  0.0000E+00      -1   0.500E-02   20.00  0.8833E-03  0.1060E+00
  97  -288.0000      88.365 0.3713   0.4346E+02  0.0000E+00  0.2173E+00  0.0000E+00      -1   0.500E-02   20.00  0.8833E-03  0.1060E+00
  98  -291.0000      91.380 0.3713   0.4346E+02  0.0000E+00  0.2173E+00  0.0000E+00      -1   0.500E-02   20.00  0.8833E-03  0.1060E+00
  99  -294.0000      94.395 0.3713   0.4346E+02  0.0000E+00  0.2174E+00  0.0000E+00      -1   0.500E-02   20.00  0.8824E-03  0.1059E+00
 100  -297.0000      97.410 0.3713   0.4346E+02  0.0000E+00  0.2174E+00  0.0000E+00      -1   0.500E-02   20.00  0.8812E-03  0.1057E+00
 101  -300.0000     100.425 0.3713   0.4346E+02  0.0000E+00  0.2173E+00  0.0000E+00      -1   0.500E-02   20.00  0.8763E-03  0.1053E+00
end


 Time:        1.0000


 Node      Depth      Head Moisture       K          C         Flux        Sink         Kappa   v/KsTop   Temp   Conc(1..NS) Sorb(1...NS)
           [L]        [L]    [-]        [L/T]      [1/L]      [L/T]        [1/T]         [-]      [-]      [C]      [M/L*3]

   1     0.0000    -214.100 0.2815   0.1085E+01  0.3645E-03  0.2057E-01  0.0000E+00      -1   0.473E-03   20.00  0.1024E-02  0.1228E+00
   2    -3.0000    -211.033 0.2826   0.1121E+01  0.3682E-03  0.2866E-01  0.0000E+00      -1   0.659E-03   20.00  0.1042E-02  0.1250E+00
   3    -6.0000    -207.947 0.2837   0.1156E+01  0.3719E-03  0.3699E-01  0.0000E+00      -1   0.851E-03   20.00  0.1052E-02  0.1262E+00
   4    -9.0000    -204.842 0.2848   0.1192E+01  0.3757E-03  0.4927E-01  0.2465E-02      -1   0.113E-02   20.00  0.1052E-02  0.1262E+00
   5   -12.0000    -201.700 0.2859   0.1228E+01  0.3795E-03  0.6548E-01  0.2467E-02      -1   0.151E-02   20.00  0.1043E-02  0.1252E+00
   6   -15.0000    -198.523 0.2871   0.1265E+01  0.3834E-03  0.8189E-01  0.2468E-02      -1   0.188E-02   20.00  0.1025E-02  0.1230E+00
   7   -18.0000    -195.312 0.2882   0.1302E+01  0.3873E-03  0.9847E-01  0.2470E-02      -1   0.227E-02   20.00  0.9965E-03  0.1196E+00
   8   -21.0000    -192.069 0.2894   0.1339E+01  0.3912E-03  0.1151E+00  0.2472E-02      -1   0.265E-02   20.00  0.9633E-03  0.1156E+00
   9   -24.0000    -188.800 0.2908   0.1409E+01  0.3954E-03  0.1325E+00  0.2448E-02      -1   0.305E-02   20.00  0.9335E-03  0.1120E+00
  10   -27.0000    -185.506 0.2921   0.1483E+01  0.3997E-03  0.1504E+00  0.2321E-02      -1   0.346E-02   20.00  0.9110E-03  0.1093E+00
  11   -30.0000    -182.192 0.2935   0.1556E+01  0.4040E-03  0.1677E+00  0.2193E-02      -1   0.386E-02   20.00  0.8961E-03  0.1075E+00
  12   -33.0000    -178.860 0.2949   0.1631E+01  0.4083E-03  0.1844E+00  0.2065E-02      -1   0.424E-02   20.00  0.8884E-03  0.1066E+00
  13   -36.0000    -175.514 0.2963   0.1705E+01  0.4127E-03  0.2004E+00  0.1937E-02      -1   0.461E-02   20.00  0.8843E-03  0.1061E+00
  14   -39.0000    -172.155 0.2977   0.1780E+01  0.4171E-03  0.2157E+00  0.1809E-02      -1   0.496E-02   20.00  0.8834E-03  0.1060E+00
  15   -42.0000    -168.787 0.2991   0.1855E+01  0.4215E-03  0.2301E+00  0.1681E-02      -1   0.530E-02   20.00  0.8834E-03  0.1060E+00
  16   -45.0000    -165.411 0.3005   0.1930E+01  0.4258E-03  0.2438E+00  0.1553E-02      -1   0.561E-02   20.00  0.8834E-03  0.1060E+00
  17   -48.0000    -162.029 0.3019   0.2006E+01  0.4302E-03  0.2566E+00  0.1424E-02      -1   0.590E-02   20.00  0.8834E-03  0.1060E+00
  18   -51.0000    -158.643 0.3034   0.2081E+01  0.4346E-03  0.2686E+00  0.1295E-02      -1   0.618E-02   20.00  0.8834E-03  0.1060E+00
  19   -54.0000    -155.255 0.3048   0.2157E+01  0.4391E-03  0.2796E+00  0.1166E-02      -1   0.643E-02   20.00  0.8834E-03  0.1060E+00
  20   -57.0000    -151.866 0.3062   0.2234E+01  0.4434E-03  0.2900E+00  0.1037E-02      -1   0.667E-02   20.00  0.8834E-03  0.1060E+00
  21   -60.0000    -148.481 0.3078   0.2369E+01  0.4474E-03  0.2998E+00  0.9079E-03      -1   0.690E-02   20.00  0.8834E-03  0.1060E+00
  22   -63.0000    -145.106 0.3093   0.2504E+01  0.4513E-03  0.3088E+00  0.7785E-03      -1   0.711E-02   20.00  0.8834E-03  0.1060E+00
  23   -66.0000    -141.741 0.3109   0.2638E+01  0.4552E-03  0.3169E+00  0.6490E-03      -1   0.729E-02   20.00  0.8834E-03  0.1060E+00
  24   -69.0000    -138.385 0.3124   0.2771E+01  0.4590E-03  0.3240E+00  0.5194E-03      -1   0.746E-02   20.00  0.8834E-03  0.1060E+00
  25   -72.0000    -135.039 0.3140   0.2905E+01  0.4629E-03  0.3303E+00  0.3897E-03      -1   0.760E-02   20.00  0.8833E-03  0.1060E+00
  26   -75.0000    -131.702 0.3155   0.3038E+01  0.4668E-03  0.3357E+00  0.2599E-03      -1   0.772E-02   20.00  0.8833E-03  0.1060E+00
  27   -78.0000    -128.375 0.3170   0.3170E+01  0.4706E-03  0.3403E+00  0.1300E-03      -1   0.783E-02   20.00  0.8833E-03  0.1060E+00
  28   -81.0000    -125.058 0.3186   0.3302E+01  0.4745E-03  0.3441E+00  0.0000E+00      -1   0.792E-02   20.00  0.8833E-03  0.1060E+00
  29   -84.0000    -121.750 0.3201   0.3434E+01  0.4783E-03  0.3473E+00  0.0000E+00      -1   0.799E-02   20.00  0.8833E-03  0.1060E+00
  30   -87.0000    -118.453 0.3217   0.3618E+01  0.4812E-03  0.3502E+00  0.0000E+00      -1   0.806E-02   20.00  0.8833E-03  0.1060E+00
  31   -90.0000    -115.170 0.3233   0.3834E+01  0.4835E-03  0.3529E+00  0.0000E+00      -1   0.812E-02   20.00  0.8833E-03  0.1060E+00
  32   -93.0000    -111.901 0.3249   0.4050E+01  0.4858E-03  0.3552E+00  0.0000E+00      -1   0.817E-02   20.00  0.8833E-03  0.1060E+00
  33   -96.0000    -108.644 0.3265   0.4265E+01  0.4882E-03  0.3572E+00  0.0000E+00      -1   0.822E-02   20.00  0.8833E-03  0.1060E+00
  34   -99.0000    -105.398 0.3281   0.4479E+01  0.4905E-03  0.3590E+00  0.0000E+00      -1   0.826E-02   20.00  0.8833E-03  0.1060E+00
  35  -102.0000    -102.162 0.3297   0.4693E+01  0.4928E-03  0.3605E+00  0.0000E+00      -1   0.829E-02   20.00  0.8833E-03  0.1060E+00
  36  -105.0000     -98.937 0.3313   0.4905E+01  0.4950E-03  0.3618E+00  0.0000E+00      -1   0.832E-02   20.00  0.8833E-03  0.1060E+00
  37  -108.0000     -95.720 0.3328   0.5118E+01  0.4973E-03  0.3629E+00  0.0000E+00      -1   0.835E-02   20.00  0.8833E-03  0.1060E+00
  38  -111.0000     -92.513 0.3344   0.5434E+01  0.4974E-03  0.3638E+00  0.0000E+00      -1   0.837E-02   20.00  0.8833E-03  0.1060E+00
  39  -114.0000     -89.318 0.3360   0.5759E+01  0.4972E-03  0.3646E+00  0.0000E+00      -1   0.839E-02   20.00  0.8833E-03  0.1060E+00
  40  -117.0000     -86.133 0.3376   0.6082E+01  0.4971E-03  0.3652E+00  0.0000E+00      -1   0.840E-02   20.00  0.8833E-03  0.1060E+00
  41  -120.0000     -82.957 0.3392   0.6405E+01  0.4970E-03  0.3657E+00  0.0000E+00      -1   0.841E-02   20.00  0.8833E-03  0.1060E+00
  42  -123.0000     -79.790 0.3408   0.6727E+01  0.4968E-03  0.3661E+00  0.0000E+00      -1   0.842E-02   20.00  0.8833E-03  0.1060E+00
  43  -126.0000     -76.630 0.3423   0.7048E+01  0.4967E-03  0.3664E+00  0.0000E+00      -1   0.843E-02   20.00  0.8833E-03  0.1060E+00
  44  -129.0000     -73.479 0.3439   0.7466E+01  0.4943E-03  0.3667E+00  0.0000E+00      -1   0.844E-02   20.00  0.8833E-03  0.1060E+00
  45  -132.0000     -70.336 0.3454   0.7927E+01  0.4910E-03  0.3668E+00  0.0000E+00      -1   0.844E-02   20.00  0.8833E-03  0.1060E+00
  46  -135.0000     -67.201 0.3470   0.8387E+01  0.4877E-03  0.3669E+00  0.0000E+00      -1   0.844E-02   20.00  0.8833E-03  0.1060E+00
  47  -138.0000     -64.073 0.3485   0.8846E+01  0.4844E-03  0.3670E+00  0.0000E+00      -1   0.844E-02   20.00  0.8833E-03  0.1060E+00
  48  -141.0000     -60.952 0.3500   0.9304E+01  0.4811E-03  0.3670E+00  0.0000E+00      -1   0.844E-02   20.00  0.8833E-03  0.1060E+00
  49  -144.0000     -57.837 0.3515   0.9875E+01  0.4753E-03  0.3669E+00  0.0000E+00      -1   0.844E-02   20.00  0.8833E-03  0.1060E+00
  50  -147.0000     -54.729 0.3530   0.1050E+02  0.4684E-03  0.3669E+00  0.0000E+00      -1   0.844E-02   20.00  0.8833E-03  0.1060E+00
  51  -150.0000     -51.627 0.3544   0.1112E+02  0.4614E-03  0.3668E+00  0.0000E+00      -1   0.844E-02   20.00  0.8833E-03  0.1060E+00
  52  -153.0000     -48.531 0.3559   0.1174E+02  0.4545E-03  0.3667E+00  0.0000E+00      -1   0.844E-02   20.00  0.8833E-03  0.1060E+00
  53  -156.0000     -45.440 0.3572   0.1249E+02  0.4449E-03  0.3666E+00  0.0000E+00      -1   0.844E-02   20.00  0.8833E-03  0.1060E+00
  54  -159.0000     -42.355 0.3586   0.1330E+02  0.4341E-03  0.3665E+00  0.0000E+00      -1   0.843E-02   20.00  0.8833E-03  0.1060E+00
  55  -162.0000     -39.275 0.3599   0.1411E+02  0.4233E-03  0.3664E+00  0.0000E+00      -1   0.843E-02   20.00  0.8833E-03  0.1060E+00
  56  -165.0000     -36.199 0.3612   0.1501E+02  0.4105E-03  0.3663E+00  0.0000E+00      -1   0.843E-02   20.00  0.8833E-03  0.1060E+00
  57  -168.0000     -33.128 0.3624   0.1603E+02  0.3957E-03  0.3662E+00  0.0000E+00      -1   0.843E-02   20.00  0.8833E-03  0.1060E+00
  58  -171.0000     -30.062 0.3637   0.1704E+02  0.3809E-03  0.3661E+00  0.0000E+00      -1   0.842E-02   20.00  0.8833E-03  0.1060E+00
  59  -174.0000     -27.000 0.3648   0.1827E+02  0.3623E-03  0.3660E+00  0.0000E+00      -1   0.842E-02   20.00  0.8833E-03  0.1060E+00
  60  -177.0000     -23.942 0.3659   0.1951E+02  0.3435E-03  0.3659E+00  0.0000E+00      -1   0.842E-02   20.00  0.8833E-03  0.1060E+00
  61  -180.0000     -20.887 0.3669   0.2098E+02  0.3210E-03  0.3658E+00  0.0000E+00      -1   0.842E-02   20.00  0.8833E-03  0.1060E+00
  62  -183.0000     -17.837 0.3678   0.2254E+02  0.2969E-03  0.3657E+00  0.0000E+00      -1   0.841E-02   20.00  0.8833E-03  0.1060E+00
  63  -186.0000     -14.790 0.3687   0.2430E+02  0.2699E-03  0.3656E+00  0.0000E+00      -1   0.841E-02   20.00  0.8833E-03  0.1060E+00
  64  -189.0000     -11.747 0.3695   0.2634E+02  0.2389E-03  0.3656E+00  0.0000E+00      -1   0.841E-02   20.00  0.8833E-03  0.1060E+00
  65  -192.0000      -8.707 0.3702   0.2876E+02  0.2026E-03  0.3655E+00  0.0000E+00      -1   0.841E-02   20.00  0.8833E-03  0.1060E+00
  66  -195.0000      -5.671 0.3707   0.3169E+02  0.1597E-03  0.3655E+00  0.0000E+00      -1   0.841E-02   20.00  0.8833E-03  0.1060E+00
  67  -198.0000      -2.638 0.3711   0.3565E+02  0.1036E-03  0.3654E+00  0.0000E+00      -1   0.841E-02   20.00  0.8833E-03  0.1060E+00
  68  -201.0000       0.389 0.3713   0.4346E+02  0.0000E+00  0.3654E+00  0.0000E+00      -1   0.841E-02   20.00  0.8833E-03  0.1060E+00
  69  -204.0000       3.415 0.3713   0.4346E+02  0.0000E+00  0.3654E+00  0.0000E+00      -1   0.841E-02   20.00  0.8833E-03  0.1060E+00
  70  -207.0000       6.440 0.3713   0.4346E+02  0.0000E+00  0.3654E+00  0.0000E+00      -1   0.841E-02   20.00  0.8833E-03  0.1060E+00
  71  -210.0000       9.465 0.3713   0.4346E+02  0.0000E+00  0.3654E+00  0.0000E+00      -1   0.841E-02   20.00  0.8833E-03  0.1060E+00
  72  -213.0000      12.490 0.3713   0.4346E+02  0.0000E+00  0.3654E+00  0.0000E+00      -1   0.841E-02   20.00  0.8833E-03  0.1060E+00
  73  -216.0000      15.516 0.3713   0.4346E+02  0.0000E+00  0.3654E+00  0.0000E+00      -1   0.841E-02   20.00  0.8833E-03  0.1060E+00
  74  -219.0000      18.541 0.3713   0.4346E+02  0.0000E+00  0.3654E+00  0.0000E+00      -1   0.841E-02   20.00  0.8833E-03  0.1060E+00
  75  -222.0000      21.566 0.3713   0.4346E+02  0.0000E+00  0.3654E+00  0.0000E+00      -1   0.841E-02   20.00  0.8833E-03  0.1060E+00
  76  -225.0000      24.591 0.3713   0.4346E+02  0.0000E+00  0.3654E+00  0.0000E+00      -1   0.841E-02   20.00  0.8833E-03  0.1060E+00
  77  -228.0000      27.617 0.3713   0.4346E+02  0.0000E+00  0.3654E+00  0.0000E+00      -1   0.841E-02   20.00  0.8833E-03  0.1060E+00
  78  -231.0000      30.642 0.3713   0.4346E+02  0.0000E+00  0.3654E+00  0.0000E+00      -1   0.841E-02   20.00  0.8833E-03  0.1060E+00
  79  -234.0000      33.667 0.3713   0.4346E+02  0.0000E+00  0.3654E+00  0.0000E+00      -1   0.841E-02   20.00  0.8833E-03  0.1060E+00
  80  -237.0000      36.692 0.3713   0.4346E+02  0.0000E+00  0.3654E+00  0.0000E+00      -1   0.841E-02   20.00  0.8833E-03  0.1060E+00
  81  -240.0000      39.717 0.3713   0.4346E+02  0.0000E+00  0.3654E+00  0.0000E+00      -1   0.841E-02   20.00  0.8833E-03  0.1060E+00
  82  -243.0000      42.743 0.3713   0.4346E+02  0.0000E+00  0.3654E+00  0.0000E+00      -1   0.841E-02   20.00  0.8833E-03  0.1060E+00
  83  -246.0000      45.768 0.3713   0.4346E+02  0.0000E+00  0.3654E+00  0.0000E+00      -1   0.841E-02   20.00  0.8833E-03  0.1060E+00
  84  -249.0000      48.793 0.3713   0.4346E+02  0.0000E+00  0.3654E+00  0.0000E+00      -1   0.841E-02   20.00  0.8833E-03  0.1060E+00
  85  -252.0000      51.818 0.3713   0.4346E+02  0.0000E+00  0.3654E+00  0.0000E+00      -1   0.841E-02   20.00  0.8833E-03  0.1060E+00
  86  -255.0000      54.844 0.3713   0.4346E+02  0.0000E+00  0.3654E+00  0.0000E+00      -1   0.841E-02   20.00  0.8833E-03  0.1060E+00
  87  -258.0000      57.869 0.3713   0.4346E+02  0.0000E+00  0.3654E+00  0.0000E+00      -1   0.841E-02   20.00  0.8833E-03  0.1060E+00
  88  -261.0000      60.894 0.3713   0.4346E+02  0.0000E+00  0.3654E+00  0.0000E+00      -1   0.841E-02   20.00  0.8833E-03  0.1060E+00
  89  -264.0000      63.919 0.3713   0.4346E+02  0.0000E+00  0.3654E+00  0.0000E+00      -1   0.841E-02   20.00  0.8833E-03  0.1060E+00
  90  -267.0000      66.944 0.3713   0.4346E+02  0.0000E+00  0.3654E+00  0.0000E+00      -1   0.841E-02   20.00  0.8833E-03  0.1060E+00
  91  -270.0000      69.970 0.3713   0.4346E+02  0.0000E+00  0.3654E+00  0.0000E+00      -1   0.841E-02   20.00  0.8833E-03  0.1060E+00
  92  -273.0000      72.995 0.3713   0.4346E+02  0.0000E+00  0.3654E+00  0.0000E+00      -1   0.841E-02   20.00  0.8833E-03  0.1060E+00
  93  -276.0000      76.020 0.3713   0.4346E+02  0.0000E+00  0.3654E+00  0.0000E+00      -1   0.841E-02   20.00  0.8833E-03  0.1060E+00
  94  -279.0000      79.045 0.3713   0.4346E+02  0.0000E+00  0.3654E+00  0.0000E+00      -1   0.841E-02   20.00  0.8833E-03  0.1060E+00
  95  -282.0000      82.071 0.3713   0.4346E+02  0.0000E+00  0.3654E+00  0.0000E+00      -1   0.841E-02   20.00  0.8833E-03  0.1060E+00
  96  -285.0000      85.096 0.3713   0.4346E+02  0.0000E+00  0.3655E+00  0.0000E+00      -1   0.841E-02   20.00  0.8833E-03  0.1060E+00
  97  -288.0000      88.121 0.3713   0.4346E+02  0.0000E+00  0.3655E+00  0.0000E+00      -1   0.841E-02   20.00  0.8834E-03  0.1060E+00
  98  -291.0000      91.146 0.3713   0.4346E+02  0.0000E+00  0.3655E+00  0.0000E+00      -1   0.841E-02   20.00  0.8833E-03  0.1060E+00
  99  -294.0000      94.171 0.3713   0.4346E+02  0.0000E+00  0.3654E+00  0.0000E+00      -1   0.841E-02   20.00  0.8824E-03  0.1059E+00
 100  -297.0000      97.197 0.3713   0.4346E+02  0.0000E+00  0.3655E+00  0.0000E+00      -1   0.841E-02   20.00  0.8812E-03  0.1057E+00
 101  -300.0000     100.222 0.3713   0.4346E+02  0.0000E+00  0.3655E+00  0.0000E+00      -1   0.841E-02   20.00  0.8742E-03  0.1052E+00
end
