 All solute fluxes and cumulative solute fluxes are positive into the region

       Time         cvTop        cvBot      Sum(cvTop)   Sum(cvBot)     cvCh0        cvCh1         cTop        cRoot         cBot        cvRoot    Sum(cvRoot)  Sum(cvNEql) TLevel      cGWL        cRunOff   Sum(cRunOff)    (cv(i),    Sum(cv(i)), i=1,NObs)
        [T]        [M/L2/T]     [M/L2/T]      [M/L2]       [M/L2]       [M/L2]      [M/L2]        [M/L3]      [M/L3]        [M/L3]      [M/L2/T]      [M/L2]       [M/L2]              [M/L3]        [M/L2]      [M/L3]      [M/L2/T]      [M/L2]
        0.0100  0.00000E+00 -0.63686E-04  0.00000E+00 -0.63686E-06  0.00000E+00  0.00000E+00  0.00000E+00  0.90424E-03  0.87406E-03  0.00000E+00  0.00000E+00  0.23417E-01       1  0.88287E-03  0.00000E+00  0.00000E+00  0.00000E+00  0.00000E+00  0.16257E-04  0.16257E-06  0.93238E-04  0.93238E-06
        0.0200  0.00000E+00  0.00000E+00  0.00000E+00 -0.63686E-06  0.00000E+00  0.00000E+00  0.13873E-02  0.91046E-03  0.87083E-03  0.00000E+00  0.00000E+00  0.20804E-01       2  0.88279E-03  0.00000E+00  0.00000E+00  0.59960E-04  0.59960E-06  0.17304E-04  0.33561E-06  0.91530E-04  0.18477E-05
        0.0330  0.00000E+00  0.00000E+00  0.00000E+00 -0.63686E-06  0.00000E+00  0.00000E+00  0.88120E-03  0.90691E-03  0.87251E-03  0.00000E+00  0.00000E+00  0.21733E-01       3  0.88285E-03  0.00000E+00  0.00000E+00  0.95120E-05  0.72326E-06  0.16312E-04  0.54766E-06  0.89030E-04  0.30051E-05
        0.0499  0.00000E+00  0.00000E+00  0.00000E+00 -0.63686E-06  0.00000E+00  0.00000E+00  0.11263E-02  0.90289E-03  0.87313E-03  0.00000E+00  0.00000E+00  0.21282E-01       4  0.88286E-03  0.00000E+00  0.00000E+00 -0.71377E-04 -0.48302E-06  0.12425E-04  0.75764E-06  0.85752E-04  0.44543E-05
        0.0719  0.00000E+00  0.00000E+00  0.00000E+00 -0.63686E-06  0.00000E+00  0.00000E+00  0.98817E-03  0.90522E-03  0.87375E-03  0.00000E+00  0.00000E+00  0.21526E-01       5  0.88288E-03  0.00000E+00  0.00000E+00 -0.10204E-03 -0.27248E-05  0.75231E-05  0.92292E-06  0.80216E-04  0.62166E-05
        0.1004  0.00000E+00  0.00000E+00  0.00000E+00 -0.63686E-06  0.00000E+00  0.00000E+00  0.10758E-02  0.90365E-03  0.87422E-03  0.00000E+00  0.00000E+00  0.21344E-01       6  0.88289E-03  0.00000E+00  0.00000E+00 -0.37358E-03 -0.13395E-04 -0.39958E-05  0.80879E-06  0.68816E-04  0.81821E-05
        0.1376  0.00000E+00  0.00000E+00  0.00000E+00 -0.63686E-06  0.00000E+00  0.00000E+00  0.10106E-02  0.90477E-03  0.87461E-03  0.00000E+00  0.00000E+00  0.21437E-01       7  0.88293E-03  0.00000E+00  0.00000E+00 -0.52622E-03 -0.32933E-04 -0.13409E-03 -0.41699E-05  0.42133E-04  0.97464E-05
        0.1858  0.00000E+00  0.00000E+00  0.00000E+00 -0.63686E-06  0.00000E+00  0.00000E+00  0.10562E-02  0.90386E-03  0.87492E-03  0.00000E+00  0.00000E+00  0.21283E-01       8  0.88293E-03  0.00000E+00  0.00000E+00 -0.11836E-02 -0.90062E-04 -0.43353E-03 -0.25096E-04 -0.22777E-04  0.86470E-05
        0.2358  0.00000E+00  0.00000E+00  0.00000E+00 -0.63686E-06  0.00000E+00  0.00000E+00  0.10137E-02  0.90458E-03  0.87512E-03  0.00000E+00  0.00000E+00  0.21274E-01       9  0.88294E-03  0.00000E+00  0.00000E+00 -0.14383E-02 -0.16198E-03 -0.87573E-03 -0.68882E-04 -0.13291E-03  0.20018E-05
        0.2858  0.00000E+00  0.00000E+00  0.00000E+00 -0.63686E-06  0.00000E+00  0.00000E+00  0.10416E-02  0.90395E-03  0.87526E-03  0.00000E+00  0.00000E+00  0.21097E-01      10  0.88294E-03  0.00000E+00  0.00000E+00 -0.21314E-02 -0.26855E-03 -0.14132E-02 -0.13954E-03 -0.28903E-03 -0.12450E-04
        0.3358  0.00000E+00  0.00000E+00  0.00000E+00 -0.63686E-06  0.00000E+00  0.00000E+00  0.10142E-02  0.90452E-03  0.87535E-03  0.00000E+00  0.00000E+00  0.21025E-01      11  0.88294E-03  0.00000E+00  0.00000E+00 -0.21589E-02 -0.37649E-03 -0.19850E-02 -0.23880E-03 -0.47758E-03 -0.36329E-04
        0.3858  0.00000E+00  0.00000E+00  0.00000E+00 -0.63686E-06  0.00000E+00  0.00000E+00  0.10321E-02  0.90413E-03  0.87542E-03  0.00000E+00  0.00000E+00  0.20855E-01      12  0.88294E-03  0.00000E+00  0.00000E+00 -0.26491E-02 -0.50895E-03 -0.25178E-02 -0.36468E-03 -0.67671E-03 -0.70164E-04
        0.4358  0.00000E+00  0.00000E+00  0.00000E+00 -0.63686E-06  0.00000E+00  0.00000E+00  0.10145E-02  0.90457E-03  0.87549E-03  0.00000E+00  0.00000E+00  0.20766E-01      13  0.88294E-03  0.00000E+00  0.00000E+00 -0.25718E-02 -0.63754E-03 -0.29987E-02 -0.51462E-03 -0.87642E-03 -0.11399E-03
        0.4858  0.00000E+00  0.00000E+00  0.00000E+00 -0.63686E-06  0.00000E+00  0.00000E+00  0.10264E-02  0.90432E-03  0.87555E-03  0.00000E+00  0.00000E+00  0.20618E-01      14  0.88294E-03  0.00000E+00  0.00000E+00 -0.28392E-02 -0.77949E-03 -0.34330E-02 -0.68627E-03 -0.10573E-02 -0.16685E-03
        0.5358  0.00000E+00  0.00000E+00  0.00000E+00 -0.63686E-06  0.00000E+00  0.00000E+00  0.10156E-02  0.90462E-03  0.87563E-03  0.00000E+00  0.00000E+00  0.20528E-01      15  0.88295E-03  0.00000E+00  0.00000E+00 -0.26410E-02 -0.91155E-03 -0.36962E-02 -0.87108E-03 -0.12252E-02 -0.22811E-03
        0.5858  0.00000E+00  0.00000E+00  0.00000E+00 -0.63686E-06  0.00000E+00  0.00000E+00  0.10242E-02  0.90445E-03  0.87573E-03  0.00000E+00  0.00000E+00  0.20406E-01      16  0.88295E-03  0.00000E+00  0.00000E+00 -0.26662E-02 -0.10449E-02 -0.37980E-02 -0.10610E-02 -0.13528E-02 -0.29575E-03
        0.6358  0.00000E+00  0.00000E+00  0.00000E+00 -0.63686E-06  0.00000E+00  0.00000E+00  0.10182E-02  0.90461E-03  0.87585E-03  0.00000E+00  0.00000E+00  0.20327E-01      17  0.88295E-03  0.00000E+00  0.00000E+00 -0.23606E-02 -0.11629E-02 -0.37407E-02 -0.12480E-02 -0.14366E-02 -0.36758E-03
        0.6858  0.00000E+00  0.00000E+00  0.00000E+00 -0.63686E-06  0.00000E+00  0.00000E+00  0.10252E-02  0.90448E-03  0.87600E-03  0.00000E+00  0.00000E+00  0.20230E-01      18  0.88295E-03  0.00000E+00  0.00000E+00 -0.21815E-02 -0.12720E-02 -0.35478E-02 -0.14254E-02 -0.14712E-02 -0.44114E-03
        0.7358  0.00000E+00 -0.26483E-05  0.00000E+00 -0.76928E-06  0.00000E+00  0.00000E+00  0.10224E-02  0.90454E-03  0.87940E-03  0.00000E+00  0.00000E+00  0.20173E-01      19  0.88301E-03  0.00000E+00  0.00000E+00 -0.18015E-02 -0.13620E-02 -0.32494E-02 -0.15879E-02 -0.14638E-02 -0.51433E-03
        0.7858  0.00000E+00 -0.19388E-04  0.00000E+00 -0.17387E-05  0.00000E+00  0.00000E+00  0.10291E-02  0.90443E-03  0.87921E-03  0.00000E+00  0.00000E+00  0.20120E-01      20  0.88300E-03  0.00000E+00  0.00000E+00 -0.13780E-02 -0.14309E-02 -0.28131E-02 -0.17285E-02 -0.14066E-02 -0.58466E-03
        0.8358  0.00000E+00 -0.49665E-04  0.00000E+00 -0.42219E-05  0.00000E+00  0.00000E+00  0.10292E-02  0.90443E-03  0.87937E-03  0.00000E+00  0.00000E+00  0.20106E-01      21  0.88301E-03  0.00000E+00  0.00000E+00 -0.87454E-03 -0.14747E-02 -0.23122E-02 -0.18441E-02 -0.12873E-02 -0.64902E-03
        0.8858  0.00000E+00 -0.83974E-04  0.00000E+00 -0.84206E-05  0.00000E+00  0.00000E+00  0.10346E-02  0.90439E-03  0.87929E-03  0.00000E+00  0.00000E+00  0.20104E-01      22  0.88300E-03  0.00000E+00  0.00000E+00 -0.44925E-03 -0.14971E-02 -0.18094E-02 -0.19346E-02 -0.11321E-02 -0.70563E-03
        0.9358  0.00000E+00 -0.12169E-03  0.00000E+00 -0.14505E-04  0.00000E+00  0.00000E+00  0.10347E-02  0.90438E-03  0.87939E-03  0.00000E+00  0.00000E+00  0.20126E-01      23  0.88301E-03  0.00000E+00  0.00000E+00 -0.11645E-03 -0.15029E-02 -0.13689E-02 -0.20031E-02 -0.96762E-03 -0.75401E-03
        0.9679  0.00000E+00 -0.15425E-03  0.00000E+00 -0.19454E-04  0.00000E+00  0.00000E+00  0.10370E-02  0.90436E-03  0.87936E-03  0.00000E+00  0.00000E+00  0.20138E-01      24  0.88300E-03  0.00000E+00  0.00000E+00  0.48197E-05 -0.15028E-02 -0.11274E-02 -0.20392E-02 -0.86484E-03 -0.78176E-03
        1.0000  0.00000E+00 -0.18055E-03  0.00000E+00 -0.25247E-04  0.00000E+00  0.00000E+00  0.10360E-02  0.90436E-03  0.87940E-03  0.00000E+00  0.00000E+00  0.20155E-01      25  0.88301E-03  0.00000E+00  0.00000E+00  0.48800E-04 -0.15012E-02 -0.93665E-03 -0.20693E-02 -0.77061E-03 -0.80649E-03
end
