 All solute fluxes and cumulative solute fluxes are positive into the region

       Time         cvTop        cvBot      Sum(cvTop)   Sum(cvBot)     cvCh0        cvCh1         cTop        cRoot         cBot        cvRoot    Sum(cvRoot)  Sum(cvNEql) TLevel      cGWL        cRunOff   Sum(cRunOff)    (cv(i),    Sum(cv(i)), i=1,NObs)
        [T]        [M/L2/T]     [M/L2/T]      [M/L2]       [M/L2]       [M/L2]      [M/L2]        [M/L3]      [M/L3]        [M/L3]      [M/L2/T]      [M/L2]       [M/L2]              [M/L3]        [M/L2]      [M/L3]      [M/L2/T]      [M/L2]
        0.0100  0.00000E+00  0.00000E+00  0.00000E+00  0.00000E+00  0.00000E+00  0.00000E+00  0.10423E-02  0.95539E-03  0.87507E-03  0.35078E-04  0.35078E-06 -0.10148E-04       1  0.88311E-03  0.00000E+00  0.00000E+00  0.36650E-04  0.36650E-06 -0.91994E-04 -0.91994E-06  0.22459E-03  0.22459E-05
        0.0200  0.00000E+00  0.00000E+00  0.00000E+00  0.00000E+00  0.00000E+00  0.00000E+00  0.10418E-02  0.95542E-03  0.87428E-03  0.35081E-04  0.70159E-06 -0.15469E-04       2  0.88309E-03  0.00000E+00  0.00000E+00  0.78858E-05  0.44535E-06 -0.89598E-04 -0.18159E-05  0.22148E-03  0.44607E-05
        0.0330  0.00000E+00  0.00000E+00  0.00000E+00  0.00000E+00  0.00000E+00  0.00000E+00  0.10414E-02  0.95541E-03  0.87467E-03  0.35080E-04  0.11576E-05 -0.23823E-04       3  0.88310E-03  0.00000E+00  0.00000E+00 -0.36917E-04 -0.34565E-07 -0.85832E-04 -0.29317E-05  0.21689E-03  0.72803E-05
        0.0499  0.00000E+00  0.00000E+00  0.00000E+00  0.00000E+00  0.00000E+00  0.00000E+00  0.10405E-02  0.95541E-03  0.87486E-03  0.35080E-04  0.17505E-05 -0.35170E-04       4  0.88310E-03  0.00000E+00  0.00000E+00 -0.11804E-03 -0.20295E-05 -0.78279E-04 -0.42547E-05  0.21001E-03  0.10829E-04
        0.0719  0.00000E+00  0.00000E+00  0.00000E+00  0.00000E+00  0.00000E+00  0.00000E+00  0.10390E-02  0.95540E-03  0.87502E-03  0.35080E-04  0.25212E-05 -0.53741E-04       5  0.88310E-03  0.00000E+00  0.00000E+00 -0.25322E-03 -0.75928E-05 -0.61473E-04 -0.56052E-05  0.19727E-03  0.15164E-04
        0.1004  0.00000E+00  0.00000E+00  0.00000E+00  0.00000E+00  0.00000E+00  0.00000E+00  0.10368E-02  0.95540E-03  0.87513E-03  0.35080E-04  0.35231E-05 -0.87022E-04       6  0.88310E-03  0.00000E+00  0.00000E+00 -0.45216E-03 -0.20507E-04 -0.23403E-04 -0.62736E-05  0.16913E-03  0.19994E-04
        0.1376  0.00000E+00  0.00000E+00  0.00000E+00  0.00000E+00  0.00000E+00  0.00000E+00  0.10339E-02  0.95539E-03  0.87522E-03  0.35080E-04  0.48256E-05 -0.15190E-03       7  0.88311E-03  0.00000E+00  0.00000E+00 -0.72291E-03 -0.47348E-04 -0.44254E-03 -0.22705E-04  0.10112E-03  0.23749E-04
        0.1858  0.00000E+00  0.00000E+00  0.00000E+00  0.00000E+00  0.00000E+00  0.00000E+00  0.10305E-02  0.95537E-03  0.87528E-03  0.35079E-04  0.65188E-05 -0.28197E-03       8  0.88311E-03  0.00000E+00  0.00000E+00 -0.10689E-02 -0.98943E-04 -0.14315E-02 -0.91801E-04 -0.63091E-04  0.20703E-04
        0.2358  0.00000E+00  0.00000E+00  0.00000E+00  0.00000E+00  0.00000E+00  0.00000E+00  0.10274E-02  0.95534E-03  0.87533E-03  0.35075E-04  0.82726E-05 -0.47302E-03       9  0.88311E-03  0.00000E+00  0.00000E+00 -0.14035E-02 -0.16912E-03 -0.28609E-02 -0.23485E-03 -0.33205E-03  0.41010E-05
        0.2858  0.00000E+00  0.00000E+00  0.00000E+00  0.00000E+00  0.00000E+00  0.00000E+00  0.10250E-02  0.95536E-03  0.87537E-03  0.35072E-04  0.10026E-04 -0.71747E-03      10  0.88311E-03  0.00000E+00  0.00000E+00 -0.17057E-02 -0.25440E-03 -0.46634E-02 -0.46801E-03 -0.71435E-03 -0.31616E-04
        0.3358  0.00000E+00  0.00000E+00  0.00000E+00  0.00000E+00  0.00000E+00  0.00000E+00  0.10228E-02  0.95538E-03  0.87543E-03  0.35066E-04  0.11779E-04 -0.10065E-02      11  0.88311E-03  0.00000E+00  0.00000E+00 -0.19299E-02 -0.35090E-03 -0.66329E-02 -0.79966E-03 -0.12360E-02 -0.93417E-04
        0.3858  0.00000E+00  0.00000E+00  0.00000E+00  0.00000E+00  0.00000E+00  0.00000E+00  0.10213E-02  0.95549E-03  0.87554E-03  0.35063E-04  0.13533E-04 -0.13294E-02      12  0.88311E-03  0.00000E+00  0.00000E+00 -0.21336E-02 -0.45758E-03 -0.84678E-02 -0.12231E-02 -0.18456E-02 -0.18570E-03
        0.4358  0.00000E+00  0.00000E+00  0.00000E+00  0.00000E+00  0.00000E+00  0.00000E+00  0.10200E-02  0.95553E-03  0.87573E-03  0.35058E-04  0.15286E-04 -0.16732E-02      13  0.88312E-03  0.00000E+00  0.00000E+00 -0.22386E-02 -0.56951E-03 -0.10237E-01 -0.17349E-02 -0.25128E-02 -0.31133E-03
        0.4858  0.00000E+00  0.00000E+00  0.00000E+00  0.00000E+00  0.00000E+00  0.00000E+00  0.10193E-02  0.95563E-03  0.87604E-03  0.35055E-04  0.17038E-04 -0.20224E-02      14  0.88312E-03  0.00000E+00  0.00000E+00 -0.23106E-02 -0.68504E-03 -0.11576E-01 -0.23137E-02 -0.32186E-02 -0.47226E-03
        0.5358  0.00000E+00  0.00000E+00  0.00000E+00  0.00000E+00  0.00000E+00  0.00000E+00  0.10191E-02  0.95572E-03  0.87654E-03  0.35051E-04  0.18791E-04 -0.23614E-02      15  0.88313E-03  0.00000E+00  0.00000E+00 -0.22727E-02 -0.79867E-03 -0.12277E-01 -0.29275E-02 -0.37466E-02 -0.65960E-03
        0.5858  0.00000E+00  0.00000E+00  0.00000E+00  0.00000E+00  0.00000E+00  0.00000E+00  0.10194E-02  0.95573E-03  0.87733E-03  0.35048E-04  0.20543E-04 -0.26738E-02      16  0.88315E-03  0.00000E+00  0.00000E+00 -0.21892E-02 -0.90813E-03 -0.12425E-01 -0.35488E-02 -0.40807E-02 -0.86363E-03
        0.6358  0.00000E+00 -0.68604E-04  0.00000E+00 -0.34302E-05  0.00000E+00  0.00000E+00  0.10203E-02  0.95579E-03  0.88102E-03  0.35048E-04  0.22296E-04 -0.29394E-02      17  0.88319E-03  0.00000E+00  0.00000E+00 -0.20100E-02 -0.10086E-02 -0.12009E-01 -0.41492E-02 -0.42243E-02 -0.10748E-02
        0.6858  0.00000E+00 -0.22833E-03  0.00000E+00 -0.14847E-04  0.00000E+00  0.00000E+00  0.10216E-02  0.95579E-03  0.88087E-03  0.35048E-04  0.24048E-04 -0.31532E-02      18  0.88318E-03  0.00000E+00  0.00000E+00 -0.17918E-02 -0.10982E-02 -0.11097E-01 -0.47041E-02 -0.41914E-02 -0.12844E-02
        0.7358  0.00000E+00 -0.42383E-03  0.00000E+00 -0.36038E-04  0.00000E+00  0.00000E+00  0.10233E-02  0.95579E-03  0.88106E-03  0.35049E-04  0.25800E-04 -0.33183E-02      19  0.88319E-03  0.00000E+00  0.00000E+00 -0.15095E-02 -0.11737E-02 -0.97997E-02 -0.51941E-02 -0.39283E-02 -0.14808E-02
        0.7858  0.00000E+00 -0.64315E-03  0.00000E+00 -0.68196E-04  0.00000E+00  0.00000E+00  0.10256E-02  0.95574E-03  0.88102E-03  0.35051E-04  0.27553E-04 -0.34278E-02      20  0.88319E-03  0.00000E+00  0.00000E+00 -0.11745E-02 -0.12324E-02 -0.81746E-02 -0.56028E-02 -0.35113E-02 -0.16564E-02
        0.8358  0.00000E+00 -0.87541E-03  0.00000E+00 -0.11197E-03  0.00000E+00  0.00000E+00  0.10281E-02  0.95573E-03  0.88114E-03  0.35054E-04  0.29306E-04 -0.34837E-02      21  0.88319E-03  0.00000E+00  0.00000E+00 -0.81073E-03 -0.12730E-02 -0.64606E-02 -0.59258E-02 -0.30031E-02 -0.18065E-02
        0.8858  0.00000E+00 -0.11044E-02  0.00000E+00 -0.16719E-03  0.00000E+00  0.00000E+00  0.10308E-02  0.95566E-03  0.88113E-03  0.35057E-04  0.31059E-04 -0.34963E-02      22  0.88320E-03  0.00000E+00  0.00000E+00 -0.46133E-03 -0.12960E-02 -0.48325E-02 -0.61675E-02 -0.24798E-02 -0.19305E-02
        0.9358  0.00000E+00 -0.13120E-02  0.00000E+00 -0.23279E-03  0.00000E+00  0.00000E+00  0.10333E-02  0.95563E-03  0.88121E-03  0.35061E-04  0.32812E-04 -0.34798E-02      23  0.88320E-03  0.00000E+00  0.00000E+00 -0.15506E-03 -0.13038E-02 -0.35014E-02 -0.63425E-02 -0.20027E-02 -0.20307E-02
        0.9679  0.00000E+00 -0.14622E-02  0.00000E+00 -0.27970E-03  0.00000E+00  0.00000E+00  0.10345E-02  0.95556E-03  0.88120E-03  0.35062E-04  0.33937E-04 -0.34634E-02      24  0.88320E-03  0.00000E+00  0.00000E+00 -0.21661E-04 -0.13045E-02 -0.28360E-02 -0.64335E-02 -0.17337E-02 -0.20863E-02
        1.0000  0.00000E+00 -0.15612E-02  0.00000E+00 -0.32979E-03  0.00000E+00  0.00000E+00  0.10352E-02  0.95555E-03  0.88124E-03  0.35064E-04  0.35062E-04 -0.34463E-02      25  0.88320E-03  0.00000E+00  0.00000E+00  0.55737E-04 -0.13027E-02 -0.23453E-02 -0.65088E-02 -0.15106E-02 -0.21348E-02
end
