 ******* Program HYDRUS
 ******* 
 Welcome to HYDRUS-1D                                                    
 Date:  29. 3.2022    Time:  17:26:33
 Units: L = cm   , T = days , M = mg   

----------------------------------------------------------
 Time       [T]        0.0000
----------------------------------------------------------
 Sub-region num.                     1
----------------------------------------------------------
 Length   [L]        0.30000E+03  0.30000E+03
 W-volume [L]        0.10207E+03  0.10207E+03
 In-flow  [L/T]      0.00000E+00  0.00000E+00
 h Mean   [L]       -0.61917E+02 -0.61917E+02
 ConcVol  [M/L2] 1   0.90105E-01  0.90105E-01
 cMean    [M/L3] 1   0.88269E-03  0.88269E-03
 SorbVolIm[M/L2] 1   0.46079E+02  0.46079E+02
 sMeanIm  [-]    1   0.10593E+00  0.10593E+00
 Top Flux [L/T]      0.24814E-01
 Bot Flux [L/T]      0.36221E+00
----------------------------------------------------------

----------------------------------------------------------
 Time       [T]        1.0000
----------------------------------------------------------
 Sub-region num.                     1
----------------------------------------------------------
 Length   [L]        0.30000E+03  0.30000E+03
 W-volume [L]        0.10276E+03  0.10276E+03
 In-flow  [L/T]     -0.15880E+00 -0.15880E+00
 h Mean   [L]       -0.57445E+02 -0.57445E+02
 ConcVol  [M/L2] 1   0.90718E-01  0.90718E-01
 cMean    [M/L3] 1   0.88275E-03  0.88275E-03
 SorbVolIm[M/L2] 1   0.46078E+02  0.46078E+02
 sMeanIm  [-]    1   0.10593E+00  0.10593E+00
 Top Flux [L/T]     -0.14429E-01
 Bot Flux [L/T]     -0.70629E-01
 WatBalT  [L]       -0.71526E-06
 WatBalR  [%]              0.000
 CncBalT  [M]    1   0.80109E-04
 CncBalR  [%]    1        11.378
----------------------------------------------------------
 
 Calculation time [sec]  0.000000000000000E+000
