 ******* Program HYDRUS
 ******* 
 Welcome to HYDRUS-1D                                                    
 Date:  28. 3.2022    Time:   9:26:30
 Units: L = cm   , T = days , M = mg   

----------------------------------------------------------
 Time       [T]        0.0000
----------------------------------------------------------
 Sub-region num.                     1
----------------------------------------------------------
 Length   [L]        0.30000E+03  0.30000E+03
 W-volume [L]        0.10129E+03  0.10129E+03
 In-flow  [L/T]      0.00000E+00  0.00000E+00
 h Mean   [L]       -0.77671E+02 -0.77671E+02
 ConcVol  [M/L2] 1   0.90530E-01  0.90530E-01
 cMean    [M/L3] 1   0.89506E-03  0.89506E-03
 SorbVolIm[M/L2] 1   0.46722E+02  0.46722E+02
 sMeanIm  [-]    1   0.10741E+00  0.10741E+00
 Top Flux [L/T]     -0.59839E-01
 Bot Flux [L/T]     -0.46356E+00
----------------------------------------------------------

----------------------------------------------------------
 Time       [T]        1.0000
----------------------------------------------------------
 Sub-region num.                     1
----------------------------------------------------------
 Length   [L]        0.30000E+03  0.30000E+03
 W-volume [L]        0.10242E+03  0.10242E+03
 In-flow  [L/T]     -0.18186E+01 -0.18186E+01
 h Mean   [L]       -0.69759E+02 -0.69759E+02
 ConcVol  [M/L2] 1   0.91543E-01  0.91543E-01
 cMean    [M/L3] 1   0.89503E-03  0.89503E-03
 SorbVolIm[M/L2] 1   0.46720E+02  0.46720E+02
 sMeanIm  [-]    1   0.10740E+00  0.10740E+00
 Top Flux [L/T]     -0.53198E-01
 Bot Flux [L/T]     -0.17648E+01
 WatBalT  [L]        0.31233E-04
 WatBalR  [%]              0.001
 CncBalT  [M]    1   0.49591E-04
 CncBalR  [%]    1         4.306
----------------------------------------------------------
 
 Calculation time [sec]  9.999997913837433E-003
