 All solute fluxes and cumulative solute fluxes are positive into the region

       Time         cvTop        cvBot      Sum(cvTop)   Sum(cvBot)     cvCh0        cvCh1         cTop        cRoot         cBot        cvRoot    Sum(cvRoot)  Sum(cvNEql) TLevel      cGWL        cRunOff   Sum(cRunOff)    (cv(i),    Sum(cv(i)), i=1,NObs)
        [T]        [M/L2/T]     [M/L2/T]      [M/L2]       [M/L2]       [M/L2]      [M/L2]        [M/L3]      [M/L3]        [M/L3]      [M/L2/T]      [M/L2]       [M/L2]              [M/L3]        [M/L2]      [M/L3]      [M/L2/T]      [M/L2]
        0.0100  0.00000E+00 -0.30278E-02  0.00000E+00 -0.30278E-04  0.00000E+00  0.00000E+00  0.10395E-01  0.99172E-02  0.87566E-02  0.20842E-02  0.20842E-04 -0.34671E-05       1  0.87460E-02  0.00000E+00  0.00000E+00  0.11642E-02  0.11642E-04  0.87395E-03  0.87395E-05  0.69149E-03  0.69149E-05
        0.0200  0.00000E+00 -0.58176E-03  0.00000E+00 -0.36095E-04  0.00000E+00  0.00000E+00  0.10399E-01  0.99149E-02  0.87070E-02  0.20841E-02  0.41683E-04 -0.88638E-05       2  0.87442E-02  0.00000E+00  0.00000E+00  0.10606E-02  0.22248E-04  0.84062E-03  0.17146E-04  0.66144E-03  0.13529E-04
        0.0330  0.00000E+00 -0.17633E-02  0.00000E+00 -0.59018E-04  0.00000E+00  0.00000E+00  0.10397E-01  0.99130E-02  0.87067E-02  0.20840E-02  0.68776E-04 -0.17622E-04       3  0.87441E-02  0.00000E+00  0.00000E+00  0.84666E-03  0.33255E-04  0.78964E-03  0.27411E-04  0.61844E-03  0.21569E-04
        0.0499  0.00000E+00 -0.26734E-02  0.00000E+00 -0.10420E-03  0.00000E+00  0.00000E+00  0.10382E-01  0.99110E-02  0.87065E-02  0.20840E-02  0.10399E-03 -0.30321E-04       4  0.87441E-02  0.00000E+00  0.00000E+00  0.42668E-03  0.40465E-04  0.71561E-03  0.39505E-04  0.56300E-03  0.31084E-04
        0.0719  0.00000E+00 -0.32163E-02  0.00000E+00 -0.17486E-03  0.00000E+00  0.00000E+00  0.10334E-01  0.99089E-02  0.87064E-02  0.20839E-02  0.14978E-03 -0.53950E-04       5  0.87441E-02  0.00000E+00  0.00000E+00 -0.58732E-03  0.27562E-04  0.58242E-03  0.52301E-04  0.47946E-03  0.41617E-04
        0.1004  0.00000E+00 -0.35967E-02  0.00000E+00 -0.27758E-03  0.00000E+00  0.00000E+00  0.10205E-01  0.99069E-02  0.87064E-02  0.20838E-02  0.20929E-03 -0.10762E-03       6  0.87440E-02  0.00000E+00  0.00000E+00 -0.22853E-02 -0.37707E-04  0.32341E-03  0.61538E-04  0.33301E-03  0.51128E-04
        0.1376  0.00000E+00 -0.38339E-02  0.00000E+00 -0.41993E-03  0.00000E+00  0.00000E+00  0.99699E-02  0.99056E-02  0.87064E-02  0.20838E-02  0.28666E-03 -0.24109E-03       7  0.87440E-02  0.00000E+00  0.00000E+00 -0.32959E-02 -0.16008E-03 -0.44936E-03  0.44853E-04  0.31299E-04  0.52291E-04
        0.1858  0.00000E+00 -0.39557E-02  0.00000E+00 -0.61087E-03  0.00000E+00  0.00000E+00  0.97076E-02  0.99055E-02  0.87065E-02  0.20838E-02  0.38725E-03 -0.57311E-03       8  0.87441E-02  0.00000E+00  0.00000E+00 -0.33583E-02 -0.32218E-03 -0.29530E-02 -0.97683E-04 -0.66547E-03  0.20170E-04
        0.2358  0.00000E+00 -0.39788E-02  0.00000E+00 -0.80981E-03  0.00000E+00  0.00000E+00  0.95111E-02  0.99002E-02  0.87066E-02  0.20835E-02  0.49142E-03 -0.11518E-02       9  0.87441E-02  0.00000E+00  0.00000E+00 -0.39968E-02 -0.52202E-03 -0.66764E-02 -0.43150E-03 -0.17850E-02 -0.69079E-04
        0.2858  0.00000E+00 -0.39350E-02  0.00000E+00 -0.10066E-02  0.00000E+00  0.00000E+00  0.93769E-02  0.98833E-02  0.87066E-02  0.20825E-02  0.59555E-03 -0.19602E-02      10  0.87441E-02  0.00000E+00  0.00000E+00 -0.44093E-02 -0.74249E-03 -0.10716E-01 -0.96729E-03 -0.32561E-02 -0.23188E-03
        0.3358  0.00000E+00 -0.38542E-02  0.00000E+00 -0.11993E-02  0.00000E+00  0.00000E+00  0.93122E-02  0.98597E-02  0.87066E-02  0.20813E-02  0.69961E-03 -0.29143E-02      11  0.87441E-02  0.00000E+00  0.00000E+00 -0.45381E-02 -0.96939E-03 -0.13837E-01 -0.16592E-02 -0.48500E-02 -0.47438E-03
        0.3858  0.00000E+00 -0.37580E-02  0.00000E+00 -0.13872E-02  0.00000E+00  0.00000E+00  0.92765E-02  0.98387E-02  0.87066E-02  0.20803E-02  0.80362E-03 -0.39306E-02      12  0.87441E-02  0.00000E+00  0.00000E+00 -0.46776E-02 -0.12033E-02 -0.16055E-01 -0.24619E-02 -0.64073E-02 -0.79475E-03
        0.4358  0.00000E+00 -0.36591E-02  0.00000E+00 -0.15701E-02  0.00000E+00  0.00000E+00  0.92497E-02  0.98220E-02  0.87066E-02  0.20795E-02  0.90760E-03 -0.49704E-02      13  0.87441E-02  0.00000E+00  0.00000E+00 -0.47133E-02 -0.14389E-02 -0.17582E-01 -0.33410E-02 -0.78459E-02 -0.11870E-02
        0.4858  0.00000E+00 -0.35676E-02  0.00000E+00 -0.17485E-02  0.00000E+00  0.00000E+00  0.92362E-02  0.98108E-02  0.87066E-02  0.20790E-02  0.10115E-02 -0.60163E-02      14  0.87441E-02  0.00000E+00  0.00000E+00 -0.47969E-02 -0.16788E-02 -0.18786E-01 -0.42803E-02 -0.89992E-02 -0.16370E-02
        0.5358  0.00000E+00 -0.34921E-02  0.00000E+00 -0.19231E-02  0.00000E+00  0.00000E+00  0.92263E-02  0.98018E-02  0.87066E-02  0.20786E-02  0.11155E-02 -0.70584E-02      15  0.87441E-02  0.00000E+00  0.00000E+00 -0.47848E-02 -0.19180E-02 -0.19820E-01 -0.52713E-02 -0.99899E-02 -0.21365E-02
        0.5858  0.00000E+00 -0.34382E-02  0.00000E+00 -0.20950E-02  0.00000E+00  0.00000E+00  0.92216E-02  0.97956E-02  0.87065E-02  0.20783E-02  0.12194E-02 -0.80905E-02      16  0.87441E-02  0.00000E+00  0.00000E+00 -0.47577E-02 -0.21559E-02 -0.20476E-01 -0.62951E-02 -0.10842E-01 -0.26786E-02
        0.6358  0.00000E+00 -0.34110E-02  0.00000E+00 -0.22656E-02  0.00000E+00  0.00000E+00  0.92214E-02  0.97899E-02  0.87065E-02  0.20781E-02  0.13233E-02 -0.91082E-02      17  0.87441E-02  0.00000E+00  0.00000E+00 -0.46888E-02 -0.23903E-02 -0.20875E-01 -0.73389E-02 -0.11539E-01 -0.32555E-02
        0.6858  0.00000E+00 -0.34144E-02  0.00000E+00 -0.24363E-02  0.00000E+00  0.00000E+00  0.92254E-02  0.97848E-02  0.87066E-02  0.20779E-02  0.14272E-02 -0.10109E-01      18  0.87441E-02  0.00000E+00  0.00000E+00 -0.46016E-02 -0.26204E-02 -0.21087E-01 -0.83932E-02 -0.12097E-01 -0.38604E-02
        0.7358  0.00000E+00 -0.34500E-02  0.00000E+00 -0.26088E-02  0.00000E+00  0.00000E+00  0.92323E-02  0.97802E-02  0.87066E-02  0.20777E-02  0.15311E-02 -0.11091E-01      19  0.87441E-02  0.00000E+00  0.00000E+00 -0.44974E-02 -0.28453E-02 -0.21169E-01 -0.94517E-02 -0.12532E-01 -0.44870E-02
        0.7858  0.00000E+00 -0.35193E-02  0.00000E+00 -0.27847E-02  0.00000E+00  0.00000E+00  0.93124E-02  0.97756E-02  0.87067E-02  0.20775E-02  0.16350E-02 -0.11984E-01      20  0.87441E-02  0.00000E+00  0.00000E+00 -0.35816E-02 -0.30244E-02 -0.19354E-01 -0.10419E-01 -0.12436E-01 -0.51088E-02
        0.8358  0.00000E+00 -0.36223E-02  0.00000E+00 -0.29659E-02  0.00000E+00  0.00000E+00  0.94481E-02  0.97857E-02  0.87067E-02  0.20780E-02  0.17389E-02 -0.12683E-01      21  0.87441E-02  0.00000E+00  0.00000E+00 -0.25878E-02 -0.31538E-02 -0.16371E-01 -0.11238E-01 -0.11736E-01 -0.56956E-02
        0.8858  0.00000E+00 -0.37561E-02  0.00000E+00 -0.31537E-02  0.00000E+00  0.00000E+00  0.96104E-02  0.98016E-02  0.87068E-02  0.20788E-02  0.18428E-02 -0.13159E-01      22  0.87441E-02  0.00000E+00  0.00000E+00 -0.13673E-02 -0.32221E-02 -0.12939E-01 -0.11885E-01 -0.10563E-01 -0.62237E-02
        0.9358  0.00000E+00 -0.39174E-02  0.00000E+00 -0.33495E-02  0.00000E+00  0.00000E+00  0.97892E-02  0.98194E-02  0.87070E-02  0.20797E-02  0.19468E-02 -0.13431E-01      23  0.87441E-02  0.00000E+00  0.00000E+00 -0.17400E-04 -0.32230E-02 -0.97181E-02 -0.12371E-01 -0.91754E-02 -0.66825E-02
        0.9679  0.00000E+00 -0.40642E-02  0.00000E+00 -0.34799E-02  0.00000E+00  0.00000E+00  0.99220E-02  0.98343E-02  0.87071E-02  0.20804E-02  0.20135E-02 -0.13523E-01      24  0.87441E-02  0.00000E+00  0.00000E+00  0.14331E-02 -0.31770E-02 -0.78486E-02 -0.12623E-01 -0.82656E-02 -0.69477E-02
        1.0000  0.00000E+00 -0.41879E-02  0.00000E+00 -0.36143E-02  0.00000E+00  0.00000E+00  0.10052E-01  0.98413E-02  0.87071E-02  0.20808E-02  0.20803E-02 -0.13573E-01      25  0.87441E-02  0.00000E+00  0.00000E+00  0.16729E-02 -0.31233E-02 -0.63431E-02 -0.12826E-01 -0.73967E-02 -0.71850E-02
end
