 All solute fluxes and cumulative solute fluxes are positive into the region

       Time         cvTop        cvBot      Sum(cvTop)   Sum(cvBot)     cvCh0        cvCh1         cTop        cRoot         cBot        cvRoot    Sum(cvRoot)  Sum(cvNEql) TLevel      cGWL        cRunOff   Sum(cRunOff)    (cv(i),    Sum(cv(i)), i=1,NObs)
        [T]        [M/L2/T]     [M/L2/T]      [M/L2]       [M/L2]       [M/L2]      [M/L2]        [M/L3]      [M/L3]        [M/L3]      [M/L2/T]      [M/L2]       [M/L2]              [M/L3]        [M/L2]      [M/L3]      [M/L2/T]      [M/L2]
        0.0100  0.00000E+00 -0.19407E-03  0.00000E+00 -0.19407E-05  0.00000E+00  0.00000E+00  0.10445E-02  0.91429E-03  0.87749E-03  0.17232E-04  0.17232E-06 -0.62946E-07       1  0.88321E-03  0.00000E+00  0.00000E+00  0.21953E-04  0.21953E-06 -0.10431E-04 -0.10431E-06  0.60799E-05  0.60799E-07
        0.0200  0.00000E+00 -0.36852E-03  0.00000E+00 -0.56260E-05  0.00000E+00  0.00000E+00  0.10444E-02  0.91431E-03  0.87731E-03  0.17231E-04  0.34463E-06  0.43510E-05       2  0.88320E-03  0.00000E+00  0.00000E+00  0.19953E-04  0.41906E-06 -0.14607E-04 -0.25038E-06 -0.42507E-04 -0.36427E-06
        0.0330  0.00000E+00 -0.32776E-03  0.00000E+00 -0.98868E-05  0.00000E+00  0.00000E+00  0.10444E-02  0.91427E-03  0.87730E-03  0.17231E-04  0.56863E-06  0.68072E-05       3  0.88320E-03  0.00000E+00  0.00000E+00  0.14990E-04  0.61393E-06 -0.49876E-04 -0.89877E-06 -0.92894E-04 -0.15719E-05
        0.0499  0.00000E+00 -0.29051E-03  0.00000E+00 -0.14796E-04  0.00000E+00  0.00000E+00  0.10443E-02  0.91428E-03  0.87727E-03  0.17231E-04  0.85984E-06  0.10555E-04       4  0.88320E-03  0.00000E+00  0.00000E+00  0.48971E-05  0.69669E-06 -0.10034E-03 -0.25944E-05 -0.12055E-03 -0.36093E-05
        0.0719  0.00000E+00 -0.25909E-03  0.00000E+00 -0.20489E-04  0.00000E+00  0.00000E+00  0.10441E-02  0.91428E-03  0.87725E-03  0.17231E-04  0.12384E-05  0.14764E-04       5  0.88320E-03  0.00000E+00  0.00000E+00 -0.13443E-04  0.40135E-06 -0.14135E-03 -0.57000E-05 -0.13507E-03 -0.65768E-05
        0.1004  0.00000E+00 -0.22999E-03  0.00000E+00 -0.27057E-04  0.00000E+00  0.00000E+00  0.10438E-02  0.91428E-03  0.87723E-03  0.17231E-04  0.17305E-05  0.19343E-04       6  0.88320E-03  0.00000E+00  0.00000E+00 -0.45303E-04 -0.89255E-06 -0.17774E-03 -0.10776E-04 -0.14061E-03 -0.10593E-04
        0.1376  0.00000E+00 -0.20439E-03  0.00000E+00 -0.34646E-04  0.00000E+00  0.00000E+00  0.10432E-02  0.91428E-03  0.87721E-03  0.17231E-04  0.23703E-05  0.23111E-04       7  0.88320E-03  0.00000E+00  0.00000E+00 -0.97892E-04 -0.45272E-05 -0.22873E-03 -0.19269E-04 -0.14914E-03 -0.16130E-04
        0.1858  0.00000E+00 -0.18577E-03  0.00000E+00 -0.43613E-04  0.00000E+00  0.00000E+00  0.10424E-02  0.91428E-03  0.87720E-03  0.17231E-04  0.32020E-05  0.23825E-04       8  0.88320E-03  0.00000E+00  0.00000E+00 -0.17832E-03 -0.13134E-04 -0.31829E-03 -0.34632E-04 -0.17294E-03 -0.24477E-04
        0.2358  0.00000E+00 -0.17995E-03  0.00000E+00 -0.52611E-04  0.00000E+00  0.00000E+00  0.10414E-02  0.91429E-03  0.87721E-03  0.17231E-04  0.40636E-05  0.19568E-04       9  0.88320E-03  0.00000E+00  0.00000E+00 -0.26649E-03 -0.26459E-04 -0.43658E-03 -0.56461E-04 -0.21265E-03 -0.35110E-04
        0.2858  0.00000E+00 -0.18810E-03  0.00000E+00 -0.62016E-04  0.00000E+00  0.00000E+00  0.10407E-02  0.91429E-03  0.87722E-03  0.17231E-04  0.49252E-05  0.11847E-04      10  0.88320E-03  0.00000E+00  0.00000E+00 -0.32481E-03 -0.42699E-04 -0.54297E-03 -0.83610E-04 -0.25546E-03 -0.47883E-04
        0.3358  0.00000E+00 -0.20517E-03  0.00000E+00 -0.72274E-04  0.00000E+00  0.00000E+00  0.10404E-02  0.91430E-03  0.87725E-03  0.17232E-04  0.57868E-05  0.28434E-05      11  0.88320E-03  0.00000E+00  0.00000E+00 -0.34680E-03 -0.60039E-04 -0.61187E-03 -0.11420E-03 -0.28947E-03 -0.62356E-04
        0.3858  0.00000E+00 -0.22573E-03  0.00000E+00 -0.83561E-04  0.00000E+00  0.00000E+00  0.10401E-02  0.91431E-03  0.87727E-03  0.17232E-04  0.66483E-05 -0.68787E-05      12  0.88320E-03  0.00000E+00  0.00000E+00 -0.36474E-03 -0.78276E-04 -0.66548E-03 -0.14748E-03 -0.31758E-03 -0.78235E-04
        0.4358  0.00000E+00 -0.24688E-03  0.00000E+00 -0.95905E-04  0.00000E+00  0.00000E+00  0.10399E-02  0.91431E-03  0.87730E-03  0.17232E-04  0.75099E-05 -0.17199E-04      13  0.88320E-03  0.00000E+00  0.00000E+00 -0.37606E-03 -0.97079E-04 -0.70540E-03 -0.18275E-03 -0.34041E-03 -0.95256E-04
        0.4858  0.00000E+00 -0.26705E-03  0.00000E+00 -0.10926E-03  0.00000E+00  0.00000E+00  0.10398E-02  0.91431E-03  0.87732E-03  0.17232E-04  0.83715E-05 -0.27678E-04      14  0.88320E-03  0.00000E+00  0.00000E+00 -0.38046E-03 -0.11610E-03 -0.73272E-03 -0.21938E-03 -0.35812E-03 -0.11316E-03
        0.5358  0.00000E+00 -0.28490E-03  0.00000E+00 -0.12350E-03  0.00000E+00  0.00000E+00  0.10397E-02  0.91432E-03  0.87734E-03  0.17232E-04  0.92331E-05 -0.38145E-04      15  0.88320E-03  0.00000E+00  0.00000E+00 -0.37705E-03 -0.13495E-03 -0.74628E-03 -0.25670E-03 -0.37035E-03 -0.13168E-03
        0.5858  0.00000E+00 -0.29945E-03  0.00000E+00 -0.13848E-03  0.00000E+00  0.00000E+00  0.10397E-02  0.91432E-03  0.87736E-03  0.17232E-04  0.10095E-04 -0.48165E-04      16  0.88320E-03  0.00000E+00  0.00000E+00 -0.36642E-03 -0.15328E-03 -0.74554E-03 -0.29397E-03 -0.37653E-03 -0.15051E-03
        0.6358  0.00000E+00 -0.31032E-03  0.00000E+00 -0.15399E-03  0.00000E+00  0.00000E+00  0.10397E-02  0.91432E-03  0.87737E-03  0.17232E-04  0.10956E-04 -0.57551E-04      17  0.88320E-03  0.00000E+00  0.00000E+00 -0.34923E-03 -0.17074E-03 -0.73112E-03 -0.33053E-03 -0.37661E-03 -0.16934E-03
        0.6858  0.00000E+00 -0.31731E-03  0.00000E+00 -0.16986E-03  0.00000E+00  0.00000E+00  0.10398E-02  0.91432E-03  0.87738E-03  0.17232E-04  0.11818E-04 -0.66076E-04      18  0.88320E-03  0.00000E+00  0.00000E+00 -0.32701E-03 -0.18709E-03 -0.70494E-03 -0.36578E-03 -0.37102E-03 -0.18789E-03
        0.7358  0.00000E+00 -0.32022E-03  0.00000E+00 -0.18587E-03  0.00000E+00  0.00000E+00  0.10400E-02  0.91432E-03  0.87739E-03  0.17232E-04  0.12680E-04 -0.73715E-04      19  0.88320E-03  0.00000E+00  0.00000E+00 -0.30162E-03 -0.20217E-03 -0.66992E-03 -0.39927E-03 -0.36070E-03 -0.20592E-03
        0.7858  0.00000E+00 -0.31596E-03  0.00000E+00 -0.20167E-03  0.00000E+00  0.00000E+00  0.10406E-02  0.91432E-03  0.87739E-03  0.17232E-04  0.13541E-04 -0.77440E-04      20  0.88320E-03  0.00000E+00  0.00000E+00 -0.21559E-03 -0.21295E-03 -0.56251E-03 -0.42740E-03 -0.32473E-03 -0.22216E-03
        0.8358  0.00000E+00 -0.30102E-03  0.00000E+00 -0.21672E-03  0.00000E+00  0.00000E+00  0.10414E-02  0.91432E-03  0.87739E-03  0.17232E-04  0.14403E-04 -0.76665E-04      21  0.88320E-03  0.00000E+00  0.00000E+00 -0.13220E-03 -0.21956E-03 -0.43929E-03 -0.44936E-03 -0.27623E-03 -0.23597E-03
        0.8858  0.00000E+00 -0.27580E-03  0.00000E+00 -0.23051E-03  0.00000E+00  0.00000E+00  0.10421E-02  0.91431E-03  0.87737E-03  0.17232E-04  0.15264E-04 -0.72793E-04      22  0.88320E-03  0.00000E+00  0.00000E+00 -0.58490E-04 -0.22248E-03 -0.31677E-03 -0.46520E-03 -0.22208E-03 -0.24707E-03
        0.9358  0.00000E+00 -0.24321E-03  0.00000E+00 -0.24267E-03  0.00000E+00  0.00000E+00  0.10427E-02  0.91430E-03  0.87735E-03  0.17232E-04  0.16126E-04 -0.66632E-04      23  0.88320E-03  0.00000E+00  0.00000E+00 -0.48816E-05 -0.22273E-03 -0.21478E-03 -0.47594E-03 -0.17113E-03 -0.25563E-03
        0.9679  0.00000E+00 -0.21412E-03  0.00000E+00 -0.24954E-03  0.00000E+00  0.00000E+00  0.10429E-02  0.91430E-03  0.87734E-03  0.17231E-04  0.16679E-04 -0.62202E-04      24  0.88320E-03  0.00000E+00  0.00000E+00  0.17301E-04 -0.22217E-03 -0.16300E-03 -0.48117E-03 -0.14185E-03 -0.26018E-03
        1.0000  0.00000E+00 -0.19103E-03  0.00000E+00 -0.25567E-03  0.00000E+00  0.00000E+00  0.10430E-02  0.91429E-03  0.87732E-03  0.17231E-04  0.17232E-04 -0.57688E-04      25  0.88320E-03  0.00000E+00  0.00000E+00  0.25018E-04 -0.22137E-03 -0.12819E-03 -0.48528E-03 -0.11853E-03 -0.26399E-03
end
