 ******* Program HYDRUS
 ******* 
 Welcome to HYDRUS-1D                                                    
 Date:  28. 3.2022    Time:   8:57: 4
 Units: L = cm   , T = days , M = mg   

----------------------------------------------------------
 Time       [T]        0.0000
----------------------------------------------------------
 Sub-region num.                     1
----------------------------------------------------------
 Length   [L]        0.30000E+03  0.30000E+03
 W-volume [L]        0.10138E+03  0.10138E+03
 In-flow  [L/T]      0.00000E+00  0.00000E+00
 h Mean   [L]       -0.72219E+02 -0.72219E+02
 ConcVol  [M/L2] 1   0.89477E-01  0.89477E-01
 cMean    [M/L3] 1   0.88248E-03  0.88248E-03
 SorbVolIm[M/L2] 1   0.46066E+02  0.46066E+02
 sMeanIm  [-]    1   0.10590E+00  0.10590E+00
 Top Flux [L/T]      0.41294E-01
 Bot Flux [L/T]     -0.24626E+00
----------------------------------------------------------

----------------------------------------------------------
 Time       [T]        1.0000
----------------------------------------------------------
 Sub-region num.                     1
----------------------------------------------------------
 Length   [L]        0.30000E+03  0.30000E+03
 W-volume [L]        0.10074E+03  0.10074E+03
 In-flow  [L/T]     -0.12705E+00 -0.12705E+00
 h Mean   [L]       -0.77989E+02 -0.77989E+02
 ConcVol  [M/L2] 1   0.88915E-01  0.88915E-01
 cMean    [M/L3] 1   0.88252E-03  0.88252E-03
 SorbVolIm[M/L2] 1   0.46067E+02  0.46067E+02
 sMeanIm  [-]    1   0.10590E+00  0.10590E+00
 Top Flux [L/T]      0.72130E-01
 Bot Flux [L/T]     -0.23763E-01
 WatBalT  [L]       -0.41427E-01
 WatBalR  [%]              6.448
 CncBalT  [M]    1   0.11444E-03
 CncBalR  [%]    1        20.281
----------------------------------------------------------
 
 Calculation time [sec]  9.999990463256836E-003
