 ******* Program HYDRUS
 ******* 
 Welcome to HYDRUS-1D                                                    
 Date:  29. 3.2022    Time:  17:26:54
 Units: L = cm   , T = days , M = mg   

----------------------------------------------------------
 Time       [T]        0.0000
----------------------------------------------------------
 Sub-region num.                     1
----------------------------------------------------------
 Length   [L]        0.30000E+03  0.30000E+03
 W-volume [L]        0.99040E+02  0.99040E+02
 In-flow  [L/T]      0.00000E+00  0.00000E+00
 h Mean   [L]       -0.95025E+02 -0.95025E+02
 ConcVol  [M/L2] 1   0.88113E-01  0.88113E-01
 cMean    [M/L3] 1   0.89115E-03  0.89115E-03
 SorbVolIm[M/L2] 1   0.46518E+02  0.46518E+02
 sMeanIm  [-]    1   0.10694E+00  0.10694E+00
 Top Flux [L/T]      0.83213E-01
 Bot Flux [L/T]      0.15939E+00
----------------------------------------------------------

----------------------------------------------------------
 Time       [T]        1.0000
----------------------------------------------------------
 Sub-region num.                     1
----------------------------------------------------------
 Length   [L]        0.30000E+03  0.30000E+03
 W-volume [L]        0.98665E+02  0.98665E+02
 In-flow  [L/T]      0.55446E-01  0.55446E-01
 h Mean   [L]       -0.98785E+02 -0.98785E+02
 ConcVol  [M/L2] 1   0.87782E-01  0.87782E-01
 cMean    [M/L3] 1   0.89118E-03  0.89118E-03
 SorbVolIm[M/L2] 1   0.46519E+02  0.46519E+02
 sMeanIm  [-]    1   0.10694E+00  0.10694E+00
 Top Flux [L/T]      0.87442E-01
 Bot Flux [L/T]      0.14922E+00
 WatBalT  [L]       -0.19333E-01
 WatBalR  [%]              3.944
 CncBalT  [M]    1   0.34332E-04
 CncBalR  [%]    1        10.316
----------------------------------------------------------
 
 Calculation time [sec]  1.000000536441803E-002
