 All solute fluxes and cumulative solute fluxes are positive into the region

       Time         cvTop        cvBot      Sum(cvTop)   Sum(cvBot)     cvCh0        cvCh1         cTop        cRoot         cBot        cvRoot    Sum(cvRoot)  Sum(cvNEql) TLevel      cGWL        cRunOff   Sum(cRunOff)    (cv(i),    Sum(cv(i)), i=1,NObs)
        [T]        [M/L2/T]     [M/L2/T]      [M/L2]       [M/L2]       [M/L2]      [M/L2]        [M/L3]      [M/L3]        [M/L3]      [M/L2/T]      [M/L2]       [M/L2]              [M/L3]        [M/L2]      [M/L3]      [M/L2/T]      [M/L2]
        0.0100  0.00000E+00 -0.89635E-04  0.00000E+00 -0.89635E-06  0.00000E+00  0.00000E+00  0.98449E-03  0.91973E-03  0.88146E-03  0.22190E-04  0.22190E-06 -0.23796E-05       1  0.88322E-03  0.00000E+00  0.00000E+00  0.33392E-04  0.33392E-06 -0.84356E-04 -0.84356E-06 -0.51273E-04 -0.51273E-06
        0.0200  0.00000E+00 -0.15908E-03  0.00000E+00 -0.24871E-05  0.00000E+00  0.00000E+00  0.98424E-03  0.91976E-03  0.88118E-03  0.22191E-04  0.44381E-06  0.16168E-05       2  0.88320E-03  0.00000E+00  0.00000E+00 -0.64369E-05  0.26955E-06 -0.78163E-04 -0.16252E-05 -0.47962E-04 -0.99234E-06
        0.0330  0.00000E+00 -0.11980E-03  0.00000E+00 -0.40445E-05  0.00000E+00  0.00000E+00  0.98354E-03  0.91975E-03  0.88119E-03  0.22190E-04  0.73228E-06  0.23585E-05       3  0.88320E-03  0.00000E+00  0.00000E+00 -0.77379E-04 -0.73637E-06 -0.80255E-04 -0.26685E-05 -0.43689E-04 -0.15603E-05
        0.0499  0.00000E+00 -0.88924E-04  0.00000E+00 -0.55473E-05  0.00000E+00  0.00000E+00  0.98218E-03  0.91975E-03  0.88117E-03  0.22190E-04  0.11073E-05  0.14805E-05       4  0.88320E-03  0.00000E+00  0.00000E+00 -0.20602E-03 -0.42182E-05 -0.11314E-03 -0.45807E-05 -0.41539E-04 -0.22623E-05
        0.0719  0.00000E+00 -0.67253E-04  0.00000E+00 -0.70249E-05  0.00000E+00  0.00000E+00  0.97998E-03  0.91974E-03  0.88117E-03  0.22190E-04  0.15948E-05 -0.66957E-05       5  0.88320E-03  0.00000E+00  0.00000E+00 -0.40652E-03 -0.13149E-04 -0.22376E-03 -0.94968E-05 -0.48203E-04 -0.33214E-05
        0.1004  0.00000E+00 -0.50110E-04  0.00000E+00 -0.84561E-05  0.00000E+00  0.00000E+00  0.97696E-03  0.91973E-03  0.88117E-03  0.22190E-04  0.22286E-05 -0.32997E-04       6  0.88320E-03  0.00000E+00  0.00000E+00 -0.68472E-03 -0.32706E-04 -0.51204E-03 -0.24121E-04 -0.83368E-04 -0.57024E-05
        0.1376  0.00000E+00 -0.37497E-04  0.00000E+00 -0.98483E-05  0.00000E+00  0.00000E+00  0.97326E-03  0.91970E-03  0.88117E-03  0.22189E-04  0.30524E-05 -0.10250E-03       7  0.88320E-03  0.00000E+00  0.00000E+00 -0.10447E-02 -0.71495E-04 -0.11720E-02 -0.67635E-04 -0.19373E-03 -0.12896E-04
        0.1858  0.00000E+00 -0.28926E-04  0.00000E+00 -0.11245E-04  0.00000E+00  0.00000E+00  0.96904E-03  0.91966E-03  0.88116E-03  0.22187E-04  0.41234E-05 -0.26681E-03       8  0.88320E-03  0.00000E+00  0.00000E+00 -0.15073E-02 -0.14425E-03 -0.24905E-02 -0.18785E-03 -0.48294E-03 -0.36206E-04
        0.2358  0.00000E+00 -0.25615E-04  0.00000E+00 -0.12525E-04  0.00000E+00  0.00000E+00  0.96518E-03  0.91960E-03  0.88117E-03  0.22184E-04  0.52326E-05 -0.52754E-03       9  0.88320E-03  0.00000E+00  0.00000E+00 -0.19416E-02 -0.24133E-03 -0.45321E-02 -0.41445E-03 -0.10081E-02 -0.86612E-04
        0.2858  0.00000E+00 -0.30583E-04  0.00000E+00 -0.14054E-04  0.00000E+00  0.00000E+00  0.96194E-03  0.91960E-03  0.88117E-03  0.22182E-04  0.63417E-05 -0.87599E-03      10  0.88320E-03  0.00000E+00  0.00000E+00 -0.23535E-02 -0.35900E-03 -0.69958E-02 -0.76424E-03 -0.18096E-02 -0.17709E-03
        0.3358  0.00000E+00 -0.47627E-04  0.00000E+00 -0.16436E-04  0.00000E+00  0.00000E+00  0.95927E-03  0.91961E-03  0.88117E-03  0.22179E-04  0.74506E-05 -0.13004E-02      11  0.88320E-03  0.00000E+00  0.00000E+00 -0.26575E-02 -0.49188E-03 -0.99165E-02 -0.12601E-02 -0.29455E-02 -0.32437E-03
        0.3858  0.00000E+00 -0.83859E-04  0.00000E+00 -0.20629E-04  0.00000E+00  0.00000E+00  0.95705E-03  0.91967E-03  0.88118E-03  0.22178E-04  0.85595E-05 -0.17837E-02      12  0.88320E-03  0.00000E+00  0.00000E+00 -0.29410E-02 -0.63892E-03 -0.12597E-01 -0.18899E-02 -0.42865E-02 -0.53869E-03
        0.4358  0.00000E+00 -0.15019E-03  0.00000E+00 -0.28138E-04  0.00000E+00  0.00000E+00  0.95544E-03  0.91973E-03  0.88120E-03  0.22175E-04  0.96683E-05 -0.23068E-02      13  0.88320E-03  0.00000E+00  0.00000E+00 -0.30924E-02 -0.79354E-03 -0.14962E-01 -0.26380E-02 -0.56970E-02 -0.82354E-03
        0.4858  0.00000E+00 -0.26454E-03  0.00000E+00 -0.41365E-04  0.00000E+00  0.00000E+00  0.95442E-03  0.91980E-03  0.88123E-03  0.22173E-04  0.10777E-04 -0.28451E-02      14  0.88320E-03  0.00000E+00  0.00000E+00 -0.31804E-02 -0.95256E-03 -0.16540E-01 -0.34650E-02 -0.70012E-02 -0.11736E-02
        0.5358  0.00000E+00 -0.45079E-03  0.00000E+00 -0.63905E-04  0.00000E+00  0.00000E+00  0.95417E-03  0.91987E-03  0.88128E-03  0.22171E-04  0.11885E-04 -0.33735E-02      15  0.88320E-03  0.00000E+00  0.00000E+00 -0.31367E-02 -0.11094E-02 -0.17315E-01 -0.43307E-02 -0.79157E-02 -0.15694E-02
        0.5858  0.00000E+00 -0.73337E-03  0.00000E+00 -0.10057E-03  0.00000E+00  0.00000E+00  0.95455E-03  0.91988E-03  0.88134E-03  0.22170E-04  0.12994E-04 -0.38666E-02      16  0.88320E-03  0.00000E+00  0.00000E+00 -0.30128E-02 -0.12600E-02 -0.17167E-01 -0.51890E-02 -0.83717E-02 -0.19880E-02
        0.6358  0.00000E+00 -0.11338E-02  0.00000E+00 -0.15726E-03  0.00000E+00  0.00000E+00  0.95566E-03  0.91994E-03  0.88141E-03  0.22170E-04  0.14103E-04 -0.43030E-02      17  0.88321E-03  0.00000E+00  0.00000E+00 -0.27729E-02 -0.13987E-02 -0.16234E-01 -0.60007E-02 -0.83046E-02 -0.24032E-02
        0.6858  0.00000E+00 -0.16499E-02  0.00000E+00 -0.23976E-03  0.00000E+00  0.00000E+00  0.95736E-03  0.91992E-03  0.88148E-03  0.22171E-04  0.15211E-04 -0.46664E-02      18  0.88321E-03  0.00000E+00  0.00000E+00 -0.24682E-02 -0.15221E-02 -0.14606E-01 -0.67311E-02 -0.78122E-02 -0.27938E-02
        0.7358  0.00000E+00 -0.22504E-02  0.00000E+00 -0.35228E-03  0.00000E+00  0.00000E+00  0.95959E-03  0.91995E-03  0.88155E-03  0.22173E-04  0.16320E-04 -0.49485E-02      19  0.88322E-03  0.00000E+00  0.00000E+00 -0.20820E-02 -0.16262E-02 -0.12543E-01 -0.73582E-02 -0.69913E-02 -0.31434E-02
        0.7858  0.00000E+00 -0.28740E-02  0.00000E+00 -0.49598E-03  0.00000E+00  0.00000E+00  0.96252E-03  0.91993E-03  0.88161E-03  0.22175E-04  0.17428E-04 -0.51425E-02      20  0.88322E-03  0.00000E+00  0.00000E+00 -0.16361E-02 -0.17080E-02 -0.10172E-01 -0.78668E-02 -0.59912E-02 -0.34429E-02
        0.8358  0.00000E+00 -0.34378E-02  0.00000E+00 -0.66786E-03  0.00000E+00  0.00000E+00  0.96574E-03  0.91994E-03  0.88166E-03  0.22177E-04  0.18537E-04 -0.52533E-02      21  0.88322E-03  0.00000E+00  0.00000E+00 -0.11527E-02 -0.17656E-02 -0.78347E-02 -0.82586E-02 -0.49305E-02 -0.36895E-02
        0.8858  0.00000E+00 -0.38690E-02  0.00000E+00 -0.86132E-03  0.00000E+00  0.00000E+00  0.96914E-03  0.91989E-03  0.88169E-03  0.22179E-04  0.19646E-04 -0.52976E-02      22  0.88322E-03  0.00000E+00  0.00000E+00 -0.67853E-03 -0.17996E-02 -0.56705E-02 -0.85421E-02 -0.39159E-02 -0.38853E-02
        0.9358  0.00000E+00 -0.41338E-02  0.00000E+00 -0.10680E-02  0.00000E+00  0.00000E+00  0.97252E-03  0.91987E-03  0.88171E-03  0.22180E-04  0.20755E-04 -0.52971E-02      23  0.88322E-03  0.00000E+00  0.00000E+00 -0.24782E-03 -0.18120E-02 -0.39470E-02 -0.87394E-02 -0.30493E-02 -0.40377E-02
        0.9679  0.00000E+00 -0.42500E-02  0.00000E+00 -0.12044E-02  0.00000E+00  0.00000E+00  0.97430E-03  0.91981E-03  0.88172E-03  0.22181E-04  0.21467E-04 -0.52870E-02      24  0.88322E-03  0.00000E+00  0.00000E+00 -0.47451E-04 -0.18135E-02 -0.31237E-02 -0.88397E-02 -0.25905E-02 -0.41208E-02
        1.0000  0.00000E+00 -0.42711E-02  0.00000E+00 -0.13414E-02  0.00000E+00  0.00000E+00  0.97523E-03  0.91980E-03  0.88173E-03  0.22181E-04  0.22179E-04 -0.52755E-02      25  0.88322E-03  0.00000E+00  0.00000E+00  0.59639E-04 -0.18116E-02 -0.25523E-02 -0.89215E-02 -0.22314E-02 -0.41924E-02
end
