 ******* Program HYDRUS
 ******* 
 Welcome to HYDRUS-1D                                                    
 Date:  28. 3.2022    Time:   8:56:56
 Units: L = cm   , T = days , M = mg   

----------------------------------------------------------
 Time       [T]        0.0000
----------------------------------------------------------
 Sub-region num.                     1
----------------------------------------------------------
 Length   [L]        0.30000E+03  0.30000E+03
 W-volume [L]        0.96196E+02  0.96196E+02
 In-flow  [L/T]      0.00000E+00  0.00000E+00
 h Mean   [L]       -0.12298E+03 -0.12298E+03
 ConcVol  [M/L2] 1   0.99559E-01  0.99559E-01
 cMean    [M/L3] 1   0.10785E-02  0.10785E-02
 SorbVolIm[M/L2] 1   0.46716E+02  0.46716E+02
 sMeanIm  [-]    1   0.10739E+00  0.10739E+00
 Top Flux [L/T]      0.27833E-01
 Bot Flux [L/T]      0.47810E+00
----------------------------------------------------------

----------------------------------------------------------
 Time       [T]        1.0000
----------------------------------------------------------
 Sub-region num.                     1
----------------------------------------------------------
 Length   [L]        0.30000E+03  0.30000E+03
 W-volume [L]        0.95969E+02  0.95969E+02
 In-flow  [L/T]      0.40486E+00  0.40486E+00
 h Mean   [L]       -0.12524E+03 -0.12524E+03
 ConcVol  [M/L2] 1   0.85577E-01  0.85577E-01
 cMean    [M/L3] 1   0.89411E-03  0.89411E-03
 SorbVolIm[M/L2] 1   0.46740E+02  0.46740E+02
 sMeanIm  [-]    1   0.10745E+00  0.10745E+00
 Top Flux [L/T]      0.29618E-01
 Bot Flux [L/T]      0.57349E+00
 WatBalT  [L]       -0.15418E+00
 WatBalR  [%]             13.010
 CncBalT  [M]    1   0.99983E-02
 CncBalR  [%]    1        71.445
----------------------------------------------------------
 
 Calculation time [sec]  1.000000536441803E-002
