 ******* Program HYDRUS
 ******* 
 Welcome to HYDRUS-1D                                                    
 Date:  28. 3.2022    Time:   8:57:39
 Units: L = cm   , T = days , M = mg   

----------------------------------------------------------
 Time       [T]        0.0000
----------------------------------------------------------
 Sub-region num.                     1
----------------------------------------------------------
 Length   [L]        0.30000E+03  0.30000E+03
 W-volume [L]        0.11004E+03  0.11004E+03
 In-flow  [L/T]      0.00000E+00  0.00000E+00
 h Mean   [L]        0.59423E+02  0.59423E+02
 ConcVol  [M/L2] 1   0.97096E-01  0.97096E-01
 cMean    [M/L3] 1   0.88232E-03  0.88232E-03
 SorbVolIm[M/L2] 1   0.46058E+02  0.46058E+02
 sMeanIm  [-]    1   0.10588E+00  0.10588E+00
 Top Flux [L/T]      0.13707E-01
 Bot Flux [L/T]     -0.20293E+00
----------------------------------------------------------

----------------------------------------------------------
 Time       [T]        1.0000
----------------------------------------------------------
 Sub-region num.                     1
----------------------------------------------------------
 Length   [L]        0.30000E+03  0.30000E+03
 W-volume [L]        0.10993E+03  0.10993E+03
 In-flow  [L/T]     -0.17718E+00 -0.17718E+00
 h Mean   [L]        0.56598E+02  0.56598E+02
 ConcVol  [M/L2] 1   0.97004E-01  0.97004E-01
 cMean    [M/L3] 1   0.88236E-03  0.88236E-03
 SorbVolIm[M/L2] 1   0.46058E+02  0.46058E+02
 sMeanIm  [-]    1   0.10588E+00  0.10588E+00
 Top Flux [L/T]      0.17042E-01
 Bot Flux [L/T]     -0.15297E+00
 WatBalT  [L]        0.49546E-04
 WatBalR  [%]              0.011
 CncBalT  [M]    1   0.13351E-03
 CncBalR  [%]    1        47.924
----------------------------------------------------------
 
 Calculation time [sec]  0.000000000000000E+000
