 All solute fluxes and cumulative solute fluxes are positive into the region

       Time         cvTop        cvBot      Sum(cvTop)   Sum(cvBot)     cvCh0        cvCh1         cTop        cRoot         cBot        cvRoot    Sum(cvRoot)  Sum(cvNEql) TLevel      cGWL        cRunOff   Sum(cRunOff)    (cv(i),    Sum(cv(i)), i=1,NObs)
        [T]        [M/L2/T]     [M/L2/T]      [M/L2]       [M/L2]       [M/L2]      [M/L2]        [M/L3]      [M/L3]        [M/L3]      [M/L2/T]      [M/L2]       [M/L2]              [M/L3]        [M/L2]      [M/L3]      [M/L2/T]      [M/L2]
        0.0100  0.00000E+00 -0.36117E-03  0.00000E+00 -0.36117E-05  0.00000E+00  0.00000E+00  0.84351E-03  0.88264E-03  0.87750E-03  0.30960E-04  0.30960E-06 -0.24647E-05       1  0.88321E-03  0.00000E+00  0.00000E+00  0.28062E-04  0.28062E-06 -0.62621E-04 -0.62621E-06 -0.14400E-03 -0.14400E-05
        0.0200  0.00000E+00 -0.52553E-03  0.00000E+00 -0.88670E-05  0.00000E+00  0.00000E+00  0.84360E-03  0.88271E-03  0.87761E-03  0.30962E-04  0.61923E-06  0.10674E-05       2  0.88320E-03  0.00000E+00  0.00000E+00  0.26213E-04  0.54275E-06 -0.73025E-04 -0.13565E-05 -0.16982E-03 -0.31382E-05
        0.0330  0.00000E+00 -0.48462E-03  0.00000E+00 -0.15167E-04  0.00000E+00  0.00000E+00  0.84357E-03  0.88267E-03  0.87757E-03  0.30962E-04  0.10217E-05  0.27275E-05       3  0.88320E-03  0.00000E+00  0.00000E+00  0.22278E-04  0.83236E-06 -0.87543E-04 -0.24945E-05 -0.19470E-03 -0.56693E-05
        0.0499  0.00000E+00 -0.44328E-03  0.00000E+00 -0.22658E-04  0.00000E+00  0.00000E+00  0.84351E-03  0.88268E-03  0.87755E-03  0.30962E-04  0.15450E-05  0.53333E-05       4  0.88320E-03  0.00000E+00  0.00000E+00  0.14352E-04  0.10749E-05 -0.99675E-04 -0.41790E-05 -0.20435E-03 -0.91228E-05
        0.0719  0.00000E+00 -0.40369E-03  0.00000E+00 -0.31527E-04  0.00000E+00  0.00000E+00  0.84339E-03  0.88267E-03  0.87752E-03  0.30962E-04  0.22252E-05  0.80946E-05       5  0.88320E-03  0.00000E+00  0.00000E+00  0.17854E-05  0.11141E-05 -0.10857E-03 -0.65642E-05 -0.20420E-03 -0.13609E-04
        0.1004  0.00000E+00 -0.36255E-03  0.00000E+00 -0.41882E-04  0.00000E+00  0.00000E+00  0.84323E-03  0.88267E-03  0.87749E-03  0.30961E-04  0.31095E-05  0.10959E-04       6  0.88320E-03  0.00000E+00  0.00000E+00 -0.12654E-04  0.75272E-06 -0.11593E-03 -0.98752E-05 -0.19698E-03 -0.19235E-04
        0.1376  0.00000E+00 -0.32123E-03  0.00000E+00 -0.53809E-04  0.00000E+00  0.00000E+00  0.84296E-03  0.88267E-03  0.87747E-03  0.30961E-04  0.42591E-05  0.12978E-04       7  0.88320E-03  0.00000E+00  0.00000E+00 -0.36646E-04 -0.60790E-06 -0.12825E-03 -0.14637E-04 -0.19006E-03 -0.26292E-04
        0.1858  0.00000E+00 -0.28301E-03  0.00000E+00 -0.67469E-04  0.00000E+00  0.00000E+00  0.84254E-03  0.88267E-03  0.87745E-03  0.30961E-04  0.57535E-05  0.12468E-04       8  0.88320E-03  0.00000E+00  0.00000E+00 -0.73465E-04 -0.41539E-05 -0.15457E-03 -0.22098E-04 -0.19231E-03 -0.35574E-04
        0.2358  0.00000E+00 -0.25487E-03  0.00000E+00 -0.80213E-04  0.00000E+00  0.00000E+00  0.84207E-03  0.88267E-03  0.87744E-03  0.30961E-04  0.73016E-05  0.82985E-05       9  0.88320E-03  0.00000E+00  0.00000E+00 -0.11399E-03 -0.98534E-05 -0.19284E-03 -0.31740E-04 -0.20735E-03 -0.45942E-04
        0.2858  0.00000E+00 -0.24013E-03  0.00000E+00 -0.92220E-04  0.00000E+00  0.00000E+00  0.84176E-03  0.88266E-03  0.87744E-03  0.30961E-04  0.88496E-05  0.18787E-05      10  0.88320E-03  0.00000E+00  0.00000E+00 -0.13661E-03 -0.16684E-04 -0.22383E-03 -0.42931E-04 -0.22422E-03 -0.57153E-04
        0.3358  0.00000E+00 -0.23451E-03  0.00000E+00 -0.10394E-03  0.00000E+00  0.00000E+00  0.84168E-03  0.88266E-03  0.87744E-03  0.30961E-04  0.10398E-04 -0.48345E-05      11  0.88320E-03  0.00000E+00  0.00000E+00 -0.13811E-03 -0.23589E-04 -0.23591E-03 -0.54727E-04 -0.23285E-03 -0.68795E-04
        0.3858  0.00000E+00 -0.23267E-03  0.00000E+00 -0.11558E-03  0.00000E+00  0.00000E+00  0.84163E-03  0.88266E-03  0.87745E-03  0.30961E-04  0.11946E-04 -0.11443E-04      12  0.88320E-03  0.00000E+00  0.00000E+00 -0.13956E-03 -0.30567E-04 -0.24216E-03 -0.66835E-04 -0.23728E-03 -0.80659E-04
        0.4358  0.00000E+00 -0.23208E-03  0.00000E+00 -0.12718E-03  0.00000E+00  0.00000E+00  0.84157E-03  0.88266E-03  0.87745E-03  0.30961E-04  0.13494E-04 -0.18127E-04      13  0.88320E-03  0.00000E+00  0.00000E+00 -0.14020E-03 -0.37577E-04 -0.24494E-03 -0.79082E-04 -0.23896E-03 -0.92607E-04
        0.4858  0.00000E+00 -0.23180E-03  0.00000E+00 -0.13877E-03  0.00000E+00  0.00000E+00  0.84152E-03  0.88266E-03  0.87746E-03  0.30961E-04  0.15042E-04 -0.24788E-04      14  0.88320E-03  0.00000E+00  0.00000E+00 -0.14029E-03 -0.44592E-04 -0.24631E-03 -0.91398E-04 -0.23960E-03 -0.10459E-03
        0.5358  0.00000E+00 -0.23141E-03  0.00000E+00 -0.15034E-03  0.00000E+00  0.00000E+00  0.84148E-03  0.88266E-03  0.87746E-03  0.30961E-04  0.16590E-04 -0.31527E-04      15  0.88320E-03  0.00000E+00  0.00000E+00 -0.13956E-03 -0.51570E-04 -0.24647E-03 -0.10372E-03 -0.23952E-03 -0.11656E-03
        0.5858  0.00000E+00 -0.23102E-03  0.00000E+00 -0.16189E-03  0.00000E+00  0.00000E+00  0.84145E-03  0.88266E-03  0.87747E-03  0.30961E-04  0.18138E-04 -0.38312E-04      16  0.88320E-03  0.00000E+00  0.00000E+00 -0.13816E-03 -0.58477E-04 -0.24562E-03 -0.11600E-03 -0.23900E-03 -0.12851E-03
        0.6358  0.00000E+00 -0.23073E-03  0.00000E+00 -0.17343E-03  0.00000E+00  0.00000E+00  0.84142E-03  0.88266E-03  0.87748E-03  0.30961E-04  0.19686E-04 -0.45253E-04      17  0.88320E-03  0.00000E+00  0.00000E+00 -0.13610E-03 -0.65282E-04 -0.24387E-03 -0.12820E-03 -0.23815E-03 -0.14042E-03
        0.6858  0.00000E+00 -0.23073E-03  0.00000E+00 -0.18497E-03  0.00000E+00  0.00000E+00  0.84141E-03  0.88266E-03  0.87748E-03  0.30961E-04  0.21234E-04 -0.52346E-04      18  0.88320E-03  0.00000E+00  0.00000E+00 -0.13360E-03 -0.71962E-04 -0.24142E-03 -0.14027E-03 -0.23710E-03 -0.15228E-03
        0.7358  0.00000E+00 -0.23083E-03  0.00000E+00 -0.19651E-03  0.00000E+00  0.00000E+00  0.84139E-03  0.88266E-03  0.87749E-03  0.30961E-04  0.22782E-04 -0.59613E-04      19  0.88320E-03  0.00000E+00  0.00000E+00 -0.13080E-03 -0.78502E-04 -0.23855E-03 -0.15219E-03 -0.23600E-03 -0.16408E-03
        0.7858  0.00000E+00 -0.22812E-03  0.00000E+00 -0.20791E-03  0.00000E+00  0.00000E+00  0.84173E-03  0.88266E-03  0.87749E-03  0.30961E-04  0.24330E-04 -0.64195E-04      20  0.88320E-03  0.00000E+00  0.00000E+00 -0.91109E-04 -0.83057E-04 -0.20113E-03 -0.16225E-03 -0.21457E-03 -0.17480E-03
        0.8358  0.00000E+00 -0.21881E-03  0.00000E+00 -0.21886E-03  0.00000E+00  0.00000E+00  0.84214E-03  0.88267E-03  0.87749E-03  0.30961E-04  0.25878E-04 -0.65441E-04      21  0.88320E-03  0.00000E+00  0.00000E+00 -0.52869E-04 -0.85701E-04 -0.15582E-03 -0.17004E-03 -0.18319E-03 -0.18396E-03
        0.8858  0.00000E+00 -0.20212E-03  0.00000E+00 -0.22896E-03  0.00000E+00  0.00000E+00  0.84248E-03  0.88267E-03  0.87748E-03  0.30961E-04  0.27426E-04 -0.64399E-04      22  0.88320E-03  0.00000E+00  0.00000E+00 -0.19040E-04 -0.86653E-04 -0.10937E-03 -0.17551E-03 -0.14661E-03 -0.19129E-03
        0.9358  0.00000E+00 -0.17981E-03  0.00000E+00 -0.23795E-03  0.00000E+00  0.00000E+00  0.84277E-03  0.88267E-03  0.87746E-03  0.30961E-04  0.28974E-04 -0.61528E-04      23  0.88320E-03  0.00000E+00  0.00000E+00  0.57198E-05 -0.86367E-04 -0.70528E-04 -0.17904E-03 -0.11190E-03 -0.19689E-03
        0.9679  0.00000E+00 -0.15925E-03  0.00000E+00 -0.24306E-03  0.00000E+00  0.00000E+00  0.84293E-03  0.88267E-03  0.87745E-03  0.30961E-04  0.29968E-04 -0.59293E-04      24  0.88320E-03  0.00000E+00  0.00000E+00  0.23568E-04 -0.85611E-04 -0.50751E-04 -0.18067E-03 -0.91958E-04 -0.19984E-03
        1.0000  0.00000E+00 -0.14257E-03  0.00000E+00 -0.24764E-03  0.00000E+00  0.00000E+00  0.84303E-03  0.88267E-03  0.87744E-03  0.30961E-04  0.30961E-04 -0.56925E-04      25  0.88320E-03  0.00000E+00  0.00000E+00  0.29455E-04 -0.84666E-04 -0.37455E-04 -0.18187E-03 -0.75992E-04 -0.20228E-03
end
