 All solute fluxes and cumulative solute fluxes are positive into the region

       Time         cvTop        cvBot      Sum(cvTop)   Sum(cvBot)     cvCh0        cvCh1         cTop        cRoot         cBot        cvRoot    Sum(cvRoot)  Sum(cvNEql) TLevel      cGWL        cRunOff   Sum(cRunOff)    (cv(i),    Sum(cv(i)), i=1,NObs)
        [T]        [M/L2/T]     [M/L2/T]      [M/L2]       [M/L2]       [M/L2]      [M/L2]        [M/L3]      [M/L3]        [M/L3]      [M/L2/T]      [M/L2]       [M/L2]              [M/L3]        [M/L2]      [M/L3]      [M/L2/T]      [M/L2]
        0.0100  0.00000E+00 -0.41550E-02  0.00000E+00 -0.41550E-04  0.00000E+00  0.00000E+00  0.89977E-03  0.89342E-03  0.88142E-03  0.10471E-03  0.10471E-05  0.37736E-05       1  0.88317E-03  0.00000E+00  0.00000E+00  0.30452E-04  0.30452E-06 -0.15129E-02 -0.15129E-04 -0.18312E-02 -0.18312E-04
        0.0200  0.00000E+00 -0.47064E-02  0.00000E+00 -0.88614E-04  0.00000E+00  0.00000E+00  0.89982E-03  0.89344E-03  0.88148E-03  0.10472E-03  0.20943E-05  0.79023E-05       2  0.88316E-03  0.00000E+00  0.00000E+00  0.27613E-04  0.58066E-06 -0.14382E-02 -0.29511E-04 -0.17622E-02 -0.35934E-04
        0.0330  0.00000E+00 -0.44542E-02  0.00000E+00 -0.14652E-03  0.00000E+00  0.00000E+00  0.89978E-03  0.89344E-03  0.88143E-03  0.10472E-03  0.34556E-05  0.70069E-05       3  0.88317E-03  0.00000E+00  0.00000E+00  0.21612E-04  0.86161E-06 -0.13551E-02 -0.47128E-04 -0.16761E-02 -0.57723E-04
        0.0499  0.00000E+00 -0.42495E-02  0.00000E+00 -0.21834E-03  0.00000E+00  0.00000E+00  0.89968E-03  0.89344E-03  0.88144E-03  0.10472E-03  0.52254E-05  0.75664E-05       4  0.88316E-03  0.00000E+00  0.00000E+00  0.95400E-05  0.10228E-05 -0.12702E-02 -0.68595E-04 -0.15803E-02 -0.84431E-04
        0.0719  0.00000E+00 -0.40879E-02  0.00000E+00 -0.30815E-03  0.00000E+00  0.00000E+00  0.89959E-03  0.89344E-03  0.88142E-03  0.10472E-03  0.75260E-05  0.77234E-05       5  0.88316E-03  0.00000E+00  0.00000E+00  0.51814E-05  0.11367E-05 -0.11856E-02 -0.94642E-04 -0.14740E-02 -0.11681E-03
        0.1004  0.00000E+00 -0.39336E-02  0.00000E+00 -0.42049E-03  0.00000E+00  0.00000E+00  0.89950E-03  0.89343E-03  0.88142E-03  0.10472E-03  0.10517E-04  0.73046E-05       6  0.88316E-03  0.00000E+00  0.00000E+00 -0.21245E-05  0.10760E-05 -0.11040E-02 -0.12617E-03 -0.13626E-02 -0.15573E-03
        0.1376  0.00000E+00 -0.37740E-02  0.00000E+00 -0.56062E-03  0.00000E+00  0.00000E+00  0.89936E-03  0.89343E-03  0.88141E-03  0.10472E-03  0.14405E-04  0.46676E-05       7  0.88316E-03  0.00000E+00  0.00000E+00 -0.14295E-04  0.54524E-06 -0.10330E-02 -0.16453E-03 -0.12513E-02 -0.20219E-03
        0.1858  0.00000E+00 -0.35918E-02  0.00000E+00 -0.73399E-03  0.00000E+00  0.00000E+00  0.89915E-03  0.89343E-03  0.88140E-03  0.10472E-03  0.19459E-04 -0.29923E-05       8  0.88316E-03  0.00000E+00  0.00000E+00 -0.33410E-04 -0.10674E-05 -0.98355E-03 -0.21200E-03 -0.11479E-02 -0.25760E-03
        0.2358  0.00000E+00 -0.34001E-02  0.00000E+00 -0.90399E-03  0.00000E+00  0.00000E+00  0.89891E-03  0.89342E-03  0.88139E-03  0.10472E-03  0.24695E-04 -0.15167E-04       9  0.88316E-03  0.00000E+00  0.00000E+00 -0.54802E-04 -0.38075E-05 -0.96394E-03 -0.26020E-03 -0.10769E-02 -0.31145E-03
        0.2858  0.00000E+00 -0.32187E-02  0.00000E+00 -0.10649E-02  0.00000E+00  0.00000E+00  0.89876E-03  0.89343E-03  0.88139E-03  0.10472E-03  0.29931E-04 -0.30417E-04      10  0.88316E-03  0.00000E+00  0.00000E+00 -0.71293E-04 -0.73721E-05 -0.95757E-03 -0.30808E-03 -0.10264E-02 -0.36277E-03
        0.3358  0.00000E+00 -0.30480E-02  0.00000E+00 -0.12173E-02  0.00000E+00  0.00000E+00  0.89869E-03  0.89343E-03  0.88138E-03  0.10472E-03  0.35167E-04 -0.43299E-04      11  0.88316E-03  0.00000E+00  0.00000E+00 -0.79953E-04 -0.11370E-04 -0.94758E-03 -0.35546E-03 -0.97699E-03 -0.41162E-03
        0.3858  0.00000E+00 -0.28869E-02  0.00000E+00 -0.13617E-02  0.00000E+00  0.00000E+00  0.89862E-03  0.89345E-03  0.88138E-03  0.10472E-03  0.40403E-04 -0.47668E-04      12  0.88316E-03  0.00000E+00  0.00000E+00 -0.86957E-04 -0.15718E-04 -0.93160E-03 -0.40204E-03 -0.91778E-03 -0.45751E-03
        0.4358  0.00000E+00 -0.27347E-02  0.00000E+00 -0.14984E-02  0.00000E+00  0.00000E+00  0.89858E-03  0.89347E-03  0.88137E-03  0.10472E-03  0.45639E-04 -0.44591E-04      13  0.88316E-03  0.00000E+00  0.00000E+00 -0.91976E-04 -0.20316E-04 -0.90696E-03 -0.44738E-03 -0.85582E-03 -0.50030E-03
        0.4858  0.00000E+00 -0.25906E-02  0.00000E+00 -0.16279E-02  0.00000E+00  0.00000E+00  0.89855E-03  0.89349E-03  0.88137E-03  0.10472E-03  0.50875E-04 -0.36243E-04      14  0.88316E-03  0.00000E+00  0.00000E+00 -0.94210E-04 -0.25027E-04 -0.87438E-03 -0.49110E-03 -0.79374E-03 -0.53998E-03
        0.5358  0.00000E+00 -0.24538E-02  0.00000E+00 -0.17506E-02  0.00000E+00  0.00000E+00  0.89853E-03  0.89351E-03  0.88136E-03  0.10472E-03  0.56111E-04 -0.25007E-04      15  0.88316E-03  0.00000E+00  0.00000E+00 -0.93619E-04 -0.29708E-04 -0.83472E-03 -0.53284E-03 -0.73592E-03 -0.57678E-03
        0.5858  0.00000E+00 -0.23238E-02  0.00000E+00 -0.18668E-02  0.00000E+00  0.00000E+00  0.89854E-03  0.89351E-03  0.88135E-03  0.10473E-03  0.61347E-04 -0.13778E-04      16  0.88316E-03  0.00000E+00  0.00000E+00 -0.90190E-04 -0.34217E-04 -0.79728E-03 -0.57270E-03 -0.68519E-03 -0.61104E-03
        0.6358  0.00000E+00 -0.21997E-02  0.00000E+00 -0.19768E-02  0.00000E+00  0.00000E+00  0.89856E-03  0.89351E-03  0.88135E-03  0.10473E-03  0.66584E-04 -0.52888E-05      17  0.88315E-03  0.00000E+00  0.00000E+00 -0.84241E-04 -0.38429E-04 -0.75874E-03 -0.61064E-03 -0.64418E-03 -0.64325E-03
        0.6858  0.00000E+00 -0.20820E-02  0.00000E+00 -0.20809E-02  0.00000E+00  0.00000E+00  0.89859E-03  0.89350E-03  0.88134E-03  0.10472E-03  0.71820E-04 -0.20725E-05      18  0.88315E-03  0.00000E+00  0.00000E+00 -0.76326E-04 -0.42246E-04 -0.71777E-03 -0.64653E-03 -0.61411E-03 -0.67395E-03
        0.7358  0.00000E+00 -0.19721E-02  0.00000E+00 -0.21795E-02  0.00000E+00  0.00000E+00  0.89863E-03  0.89348E-03  0.88134E-03  0.10472E-03  0.77056E-04 -0.60443E-05      19  0.88315E-03  0.00000E+00  0.00000E+00 -0.67187E-04 -0.45605E-04 -0.67627E-03 -0.68034E-03 -0.59559E-03 -0.70373E-03
        0.7858  0.00000E+00 -0.18694E-02  0.00000E+00 -0.22730E-02  0.00000E+00  0.00000E+00  0.89881E-03  0.89346E-03  0.88133E-03  0.10472E-03  0.82292E-04 -0.16491E-04      20  0.88315E-03  0.00000E+00  0.00000E+00 -0.45558E-04 -0.47883E-04 -0.61932E-03 -0.71131E-03 -0.58301E-03 -0.73288E-03
        0.8358  0.00000E+00 -0.17739E-02  0.00000E+00 -0.23617E-02  0.00000E+00  0.00000E+00  0.89899E-03  0.89344E-03  0.88133E-03  0.10472E-03  0.87528E-04 -0.23985E-04      21  0.88315E-03  0.00000E+00  0.00000E+00 -0.24876E-04 -0.49127E-04 -0.55627E-03 -0.73912E-03 -0.55668E-03 -0.76072E-03
        0.8858  0.00000E+00 -0.16857E-02  0.00000E+00 -0.24460E-02  0.00000E+00  0.00000E+00  0.89913E-03  0.89346E-03  0.88133E-03  0.10472E-03  0.92764E-04 -0.27568E-04      22  0.88315E-03  0.00000E+00  0.00000E+00 -0.72658E-05 -0.49490E-04 -0.49164E-03 -0.76370E-03 -0.52398E-03 -0.78692E-03
        0.9358  0.00000E+00 -0.16043E-02  0.00000E+00 -0.25262E-02  0.00000E+00  0.00000E+00  0.89924E-03  0.89344E-03  0.88132E-03  0.10472E-03  0.98000E-04 -0.29445E-04      23  0.88315E-03  0.00000E+00  0.00000E+00  0.52243E-05 -0.49229E-04 -0.43316E-03 -0.78536E-03 -0.48921E-03 -0.81138E-03
        0.9679  0.00000E+00 -0.15412E-02  0.00000E+00 -0.25756E-02  0.00000E+00  0.00000E+00  0.89933E-03  0.89345E-03  0.88132E-03  0.10472E-03  0.10136E-03 -0.29384E-04      24  0.88315E-03  0.00000E+00  0.00000E+00  0.20430E-04 -0.48573E-04 -0.39983E-03 -0.79819E-03 -0.46706E-03 -0.82636E-03
        1.0000  0.00000E+00 -0.14947E-02  0.00000E+00 -0.26236E-02  0.00000E+00  0.00000E+00  0.89940E-03  0.89344E-03  0.88132E-03  0.10472E-03  0.10472E-03 -0.29401E-04      25  0.88315E-03  0.00000E+00  0.00000E+00  0.29272E-04 -0.47634E-04 -0.37286E-03 -0.81015E-03 -0.44734E-03 -0.84072E-03
end
