 All solute fluxes and cumulative solute fluxes are positive into the region

       Time         cvTop        cvBot      Sum(cvTop)   Sum(cvBot)     cvCh0        cvCh1         cTop        cRoot         cBot        cvRoot    Sum(cvRoot)  Sum(cvNEql) TLevel      cGWL        cRunOff   Sum(cRunOff)    (cv(i),    Sum(cv(i)), i=1,NObs)
        [T]        [M/L2/T]     [M/L2/T]      [M/L2]       [M/L2]       [M/L2]      [M/L2]        [M/L3]      [M/L3]        [M/L3]      [M/L2/T]      [M/L2]       [M/L2]              [M/L3]        [M/L2]      [M/L3]      [M/L2/T]      [M/L2]
        0.0100  0.00000E+00 -0.30676E-03  0.00000E+00 -0.30676E-05  0.00000E+00  0.00000E+00  0.10775E-02  0.91406E-03  0.87964E-03  0.30594E-04  0.30594E-06  0.18200E-05       1  0.88309E-03  0.00000E+00  0.00000E+00  0.30197E-04  0.30197E-06 -0.73384E-03 -0.73384E-05 -0.55971E-03 -0.55970E-05
        0.0230  0.00000E+00 -0.46608E-03  0.00000E+00 -0.91266E-05  0.00000E+00  0.00000E+00  0.10774E-02  0.91400E-03  0.87973E-03  0.30593E-04  0.70365E-06  0.75606E-05       2  0.88309E-03  0.00000E+00  0.00000E+00  0.29920E-04  0.69092E-06 -0.68704E-03 -0.16270E-04 -0.53545E-03 -0.12558E-04
        0.0399  0.00000E+00 -0.40673E-03  0.00000E+00 -0.16000E-04  0.00000E+00  0.00000E+00  0.10774E-02  0.91402E-03  0.87968E-03  0.30593E-04  0.12207E-05  0.12123E-04       3  0.88309E-03  0.00000E+00  0.00000E+00  0.29314E-04  0.11863E-05 -0.62746E-03 -0.26874E-04 -0.50181E-03 -0.21038E-04
        0.0619  0.00000E+00 -0.36787E-03  0.00000E+00 -0.24083E-04  0.00000E+00  0.00000E+00  0.10773E-02  0.91401E-03  0.87968E-03  0.30593E-04  0.18928E-05  0.19096E-04       4  0.88309E-03  0.00000E+00  0.00000E+00  0.27888E-04  0.17990E-05 -0.56555E-03 -0.39299E-04 -0.46412E-03 -0.31235E-04
        0.0904  0.00000E+00 -0.34833E-03  0.00000E+00 -0.34031E-04  0.00000E+00  0.00000E+00  0.10773E-02  0.91401E-03  0.87967E-03  0.30593E-04  0.27666E-05  0.27511E-04       5  0.88309E-03  0.00000E+00  0.00000E+00  0.24974E-04  0.25123E-05 -0.50094E-03 -0.53606E-04 -0.42078E-03 -0.43253E-04
        0.1276  0.00000E+00 -0.33904E-03  0.00000E+00 -0.46620E-04  0.00000E+00  0.00000E+00  0.10772E-02  0.91401E-03  0.87967E-03  0.30593E-04  0.39025E-05  0.38345E-04       6  0.88309E-03  0.00000E+00  0.00000E+00  0.19631E-04  0.32412E-05 -0.43612E-03 -0.69799E-04 -0.37436E-03 -0.57153E-04
        0.1758  0.00000E+00 -0.33827E-03  0.00000E+00 -0.62947E-04  0.00000E+00  0.00000E+00  0.10771E-02  0.91401E-03  0.87968E-03  0.30593E-04  0.53791E-05  0.51583E-04       7  0.88309E-03  0.00000E+00  0.00000E+00  0.10587E-04  0.37522E-05 -0.37555E-03 -0.87926E-04 -0.32649E-03 -0.72912E-04
        0.2258  0.00000E+00 -0.34196E-03  0.00000E+00 -0.80045E-04  0.00000E+00  0.00000E+00  0.10770E-02  0.91401E-03  0.87969E-03  0.30593E-04  0.69088E-05  0.64533E-04       8  0.88309E-03  0.00000E+00  0.00000E+00  0.13954E-06  0.37592E-05 -0.32888E-03 -0.10437E-03 -0.28709E-03 -0.87267E-04
        0.2758  0.00000E+00 -0.34663E-03  0.00000E+00 -0.97377E-04  0.00000E+00  0.00000E+00  0.10771E-02  0.91401E-03  0.87969E-03  0.30593E-04  0.84385E-05  0.77419E-04       9  0.88309E-03  0.00000E+00  0.00000E+00  0.12862E-04  0.44023E-05 -0.28686E-03 -0.11871E-03 -0.25452E-03 -0.99992E-04
        0.3258  0.00000E+00 -0.35033E-03  0.00000E+00 -0.11489E-03  0.00000E+00  0.00000E+00  0.10779E-02  0.91401E-03  0.87970E-03  0.30593E-04  0.99681E-05  0.95768E-04      10  0.88309E-03  0.00000E+00  0.00000E+00  0.98814E-04  0.93430E-05 -0.22211E-03 -0.12982E-03 -0.21864E-03 -0.11092E-03
        0.3758  0.00000E+00 -0.35189E-03  0.00000E+00 -0.13249E-03  0.00000E+00  0.00000E+00  0.10789E-02  0.91402E-03  0.87970E-03  0.30594E-04  0.11498E-04  0.12707E-03      11  0.88309E-03  0.00000E+00  0.00000E+00  0.16460E-03  0.17573E-04 -0.14449E-03 -0.13704E-03 -0.16824E-03 -0.11934E-03
        0.4258  0.00000E+00 -0.35072E-03  0.00000E+00 -0.15002E-03  0.00000E+00  0.00000E+00  0.10796E-02  0.91405E-03  0.87971E-03  0.30595E-04  0.13028E-04  0.16970E-03      12  0.88309E-03  0.00000E+00  0.00000E+00  0.20792E-03  0.27969E-04 -0.59949E-04 -0.14004E-03 -0.11077E-03 -0.12488E-03
        0.4758  0.00000E+00 -0.34654E-03  0.00000E+00 -0.16735E-03  0.00000E+00  0.00000E+00  0.10800E-02  0.91407E-03  0.87971E-03  0.30595E-04  0.14557E-04  0.21940E-03      13  0.88309E-03  0.00000E+00  0.00000E+00  0.22870E-03  0.39404E-04 -0.78059E-05 -0.14043E-03 -0.51604E-04 -0.12746E-03
        0.5258  0.00000E+00 -0.33896E-03  0.00000E+00 -0.18430E-03  0.00000E+00  0.00000E+00  0.10801E-02  0.91408E-03  0.87971E-03  0.30596E-04  0.16087E-04  0.27239E-03      14  0.88309E-03  0.00000E+00  0.00000E+00  0.22669E-03  0.50739E-04 -0.33853E-05 -0.14060E-03  0.20379E-05 -0.12735E-03
        0.5758  0.00000E+00 -0.32792E-03  0.00000E+00 -0.20070E-03  0.00000E+00  0.00000E+00  0.10799E-02  0.91409E-03  0.87971E-03  0.30596E-04  0.17617E-04  0.32360E-03      15  0.88309E-03  0.00000E+00  0.00000E+00  0.20253E-03  0.60865E-04 -0.63512E-06 -0.14063E-03  0.39940E-04 -0.12536E-03
        0.6258  0.00000E+00 -0.31368E-03  0.00000E+00 -0.21638E-03  0.00000E+00  0.00000E+00  0.10794E-02  0.91409E-03  0.87971E-03  0.30596E-04  0.19147E-04  0.36886E-03      16  0.88309E-03  0.00000E+00  0.00000E+00  0.15710E-03  0.68720E-04  0.66902E-06 -0.14060E-03  0.66052E-04 -0.12205E-03
        0.6758  0.00000E+00 -0.29661E-03  0.00000E+00 -0.23121E-03  0.00000E+00  0.00000E+00  0.10786E-02  0.91408E-03  0.87970E-03  0.30596E-04  0.20676E-04  0.40393E-03      17  0.88309E-03  0.00000E+00  0.00000E+00  0.91834E-04  0.73312E-04  0.32759E-06 -0.14058E-03  0.77623E-04 -0.11817E-03
        0.7258  0.00000E+00 -0.27736E-03  0.00000E+00 -0.24508E-03  0.00000E+00  0.00000E+00  0.10776E-02  0.91406E-03  0.87970E-03  0.30595E-04  0.22206E-04  0.42606E-03      18  0.88309E-03  0.00000E+00  0.00000E+00  0.92853E-05  0.73776E-04 -0.15995E-05 -0.14066E-03  0.74260E-04 -0.11446E-03
        0.7758  0.00000E+00 -0.25694E-03  0.00000E+00 -0.25793E-03  0.00000E+00  0.00000E+00  0.10774E-02  0.91404E-03  0.87969E-03  0.30594E-04  0.23736E-04  0.43644E-03      19  0.88309E-03  0.00000E+00  0.00000E+00  0.18660E-06  0.73785E-04 -0.31663E-05 -0.14082E-03  0.59959E-04 -0.11146E-03
        0.8258  0.00000E+00 -0.23623E-03  0.00000E+00 -0.26974E-03  0.00000E+00  0.00000E+00  0.10776E-02  0.91402E-03  0.87969E-03  0.30594E-04  0.25266E-04  0.44416E-03      20  0.88309E-03  0.00000E+00  0.00000E+00  0.10483E-04  0.74309E-04 -0.42507E-05 -0.14103E-03  0.47521E-04 -0.10909E-03
        0.8758  0.00000E+00 -0.21590E-03  0.00000E+00 -0.28053E-03  0.00000E+00  0.00000E+00  0.10777E-02  0.91403E-03  0.87968E-03  0.30594E-04  0.26795E-04  0.45237E-03      21  0.88309E-03  0.00000E+00  0.00000E+00  0.19575E-04  0.75288E-04 -0.49105E-05 -0.14128E-03  0.38116E-04 -0.10718E-03
        0.9258  0.00000E+00 -0.19665E-03  0.00000E+00 -0.29036E-03  0.00000E+00  0.00000E+00  0.10778E-02  0.91402E-03  0.87968E-03  0.30594E-04  0.28325E-04  0.46048E-03      22  0.88309E-03  0.00000E+00  0.00000E+00  0.26009E-04  0.76589E-04 -0.53245E-05 -0.14154E-03  0.31563E-04 -0.10560E-03
        0.9629  0.00000E+00 -0.18080E-03  0.00000E+00 -0.29707E-03  0.00000E+00  0.00000E+00  0.10778E-02  0.91402E-03  0.87968E-03  0.30594E-04  0.29460E-04  0.46669E-03      23  0.88309E-03  0.00000E+00  0.00000E+00  0.28818E-04  0.77657E-04 -0.55598E-05 -0.14175E-03  0.27837E-04 -0.10457E-03
        1.0000  0.00000E+00 -0.16821E-03  0.00000E+00 -0.30331E-03  0.00000E+00  0.00000E+00  0.10779E-02  0.91402E-03  0.87967E-03  0.30594E-04  0.30594E-04  0.47272E-03      24  0.88309E-03  0.00000E+00  0.00000E+00  0.29731E-04  0.78760E-04 -0.57474E-05 -0.14196E-03  0.25136E-04 -0.10364E-03
end
