 All solute fluxes and cumulative solute fluxes are positive into the region

       Time         cvTop        cvBot      Sum(cvTop)   Sum(cvBot)     cvCh0        cvCh1         cTop        cRoot         cBot        cvRoot    Sum(cvRoot)  Sum(cvNEql) TLevel      cGWL        cRunOff   Sum(cRunOff)    (cv(i),    Sum(cv(i)), i=1,NObs)
        [T]        [M/L2/T]     [M/L2/T]      [M/L2]       [M/L2]       [M/L2]      [M/L2]        [M/L3]      [M/L3]        [M/L3]      [M/L2/T]      [M/L2]       [M/L2]              [M/L3]        [M/L2]      [M/L3]      [M/L2/T]      [M/L2]
        0.0100  0.00000E+00  0.00000E+00  0.00000E+00  0.00000E+00  0.00000E+00  0.00000E+00  0.88716E-03  0.88328E-03  0.86777E-03  0.25328E-04  0.25328E-06 -0.82605E-05       1  0.88316E-03  0.00000E+00  0.00000E+00  0.47268E-04  0.47268E-06  0.22002E-03  0.22002E-05  0.46442E-03  0.46442E-05
        0.0200  0.00000E+00  0.00000E+00  0.00000E+00  0.00000E+00  0.00000E+00  0.00000E+00  0.88723E-03  0.88319E-03  0.86636E-03  0.25325E-04  0.50652E-06 -0.16216E-04       2  0.88314E-03  0.00000E+00  0.00000E+00  0.45512E-04  0.92780E-06  0.27631E-03  0.49633E-05  0.52376E-03  0.98818E-05
        0.0330  0.00000E+00  0.00000E+00  0.00000E+00  0.00000E+00  0.00000E+00  0.00000E+00  0.88722E-03  0.88326E-03  0.86685E-03  0.25327E-04  0.83577E-06 -0.25544E-04       3  0.88315E-03  0.00000E+00  0.00000E+00  0.41790E-04  0.14711E-05  0.31076E-03  0.90032E-05  0.54001E-03  0.16902E-04
        0.0499  0.00000E+00  0.00000E+00  0.00000E+00  0.00000E+00  0.00000E+00  0.00000E+00  0.88718E-03  0.88324E-03  0.86707E-03  0.25326E-04  0.12638E-05 -0.36561E-04       4  0.88315E-03  0.00000E+00  0.00000E+00  0.34416E-04  0.20527E-05  0.30301E-03  0.14124E-04  0.50429E-03  0.25425E-04
        0.0719  0.00000E+00  0.00000E+00  0.00000E+00  0.00000E+00  0.00000E+00  0.00000E+00  0.88705E-03  0.88325E-03  0.86740E-03  0.25327E-04  0.18202E-05 -0.49369E-04       5  0.88315E-03  0.00000E+00  0.00000E+00  0.20478E-04  0.25026E-05  0.27433E-03  0.20151E-04  0.45047E-03  0.35321E-04
        0.1004  0.00000E+00  0.00000E+00  0.00000E+00  0.00000E+00  0.00000E+00  0.00000E+00  0.88680E-03  0.88325E-03  0.86776E-03  0.25327E-04  0.25436E-05 -0.64030E-04       6  0.88316E-03  0.00000E+00  0.00000E+00 -0.17751E-05  0.24519E-05  0.22688E-03  0.26631E-04  0.38215E-03  0.46236E-04
        0.1376  0.00000E+00  0.00000E+00  0.00000E+00  0.00000E+00  0.00000E+00  0.00000E+00  0.88644E-03  0.88325E-03  0.86820E-03  0.25327E-04  0.34839E-05 -0.80615E-04       7  0.88316E-03  0.00000E+00  0.00000E+00 -0.29456E-04  0.13582E-05  0.16426E-03  0.32730E-04  0.29903E-03  0.57339E-04
        0.1858  0.00000E+00  0.00000E+00  0.00000E+00  0.00000E+00  0.00000E+00  0.00000E+00  0.88601E-03  0.88324E-03  0.86875E-03  0.25326E-04  0.47064E-05 -0.99453E-04       8  0.88317E-03  0.00000E+00  0.00000E+00 -0.72965E-04 -0.21637E-05  0.80212E-04  0.36601E-04  0.19759E-03  0.66876E-04
        0.2358  0.00000E+00  0.00000E+00  0.00000E+00  0.00000E+00  0.00000E+00  0.00000E+00  0.88555E-03  0.88324E-03  0.86932E-03  0.25326E-04  0.59727E-05 -0.11699E-03       9  0.88317E-03  0.00000E+00  0.00000E+00 -0.12236E-03 -0.82817E-05 -0.55175E-05  0.36326E-04  0.99248E-04  0.71839E-04
        0.2858  0.00000E+00  0.00000E+00  0.00000E+00  0.00000E+00  0.00000E+00  0.00000E+00  0.88538E-03  0.88324E-03  0.86985E-03  0.25327E-04  0.72390E-05 -0.13116E-03      10  0.88317E-03  0.00000E+00  0.00000E+00 -0.13140E-03 -0.14852E-04 -0.57458E-04  0.33453E-04  0.27366E-04  0.73207E-04
        0.3358  0.00000E+00  0.00000E+00  0.00000E+00  0.00000E+00  0.00000E+00  0.00000E+00  0.88570E-03  0.88325E-03  0.87020E-03  0.25327E-04  0.85054E-05 -0.13925E-03      11  0.88318E-03  0.00000E+00  0.00000E+00 -0.92274E-04 -0.19465E-04 -0.60615E-04  0.30422E-04 -0.52074E-05  0.72947E-04
        0.3858  0.00000E+00  0.00000E+00  0.00000E+00  0.00000E+00  0.00000E+00  0.00000E+00  0.88601E-03  0.88325E-03  0.87031E-03  0.25327E-04  0.97717E-05 -0.14203E-03      12  0.88318E-03  0.00000E+00  0.00000E+00 -0.59164E-04 -0.22424E-04 -0.51129E-04  0.27866E-04 -0.13386E-04  0.72277E-04
        0.4358  0.00000E+00  0.00000E+00  0.00000E+00  0.00000E+00  0.00000E+00  0.00000E+00  0.88622E-03  0.88326E-03  0.87026E-03  0.25327E-04  0.11038E-04 -0.14179E-03      13  0.88318E-03  0.00000E+00  0.00000E+00 -0.35512E-04 -0.24199E-04 -0.36051E-04  0.26063E-04 -0.52778E-05  0.72014E-04
        0.4858  0.00000E+00  0.00000E+00  0.00000E+00  0.00000E+00  0.00000E+00  0.00000E+00  0.88633E-03  0.88326E-03  0.87013E-03  0.25327E-04  0.12304E-04 -0.14034E-03      14  0.88318E-03  0.00000E+00  0.00000E+00 -0.24544E-04 -0.25426E-04 -0.23452E-04  0.24890E-04  0.85198E-05  0.72440E-04
        0.5358  0.00000E+00  0.00000E+00  0.00000E+00  0.00000E+00  0.00000E+00  0.00000E+00  0.88630E-03  0.88326E-03  0.87001E-03  0.25327E-04  0.13571E-04 -0.13924E-03      15  0.88318E-03  0.00000E+00  0.00000E+00 -0.27656E-04 -0.26809E-04 -0.18474E-04  0.23967E-04  0.19568E-04  0.73418E-04
        0.5858  0.00000E+00  0.00000E+00  0.00000E+00  0.00000E+00  0.00000E+00  0.00000E+00  0.88615E-03  0.88326E-03  0.86995E-03  0.25327E-04  0.14837E-04 -0.13961E-03      16  0.88318E-03  0.00000E+00  0.00000E+00 -0.44473E-04 -0.29033E-04 -0.25347E-04  0.22699E-04  0.21087E-04  0.74472E-04
        0.6358  0.00000E+00  0.00000E+00  0.00000E+00  0.00000E+00  0.00000E+00  0.00000E+00  0.88587E-03  0.88326E-03  0.86999E-03  0.25327E-04  0.16103E-04 -0.14227E-03      17  0.88318E-03  0.00000E+00  0.00000E+00 -0.72696E-04 -0.32668E-04 -0.45612E-04  0.20419E-04  0.90334E-05  0.74924E-04
        0.6858  0.00000E+00  0.00000E+00  0.00000E+00  0.00000E+00  0.00000E+00  0.00000E+00  0.88551E-03  0.88326E-03  0.87016E-03  0.25327E-04  0.17370E-04 -0.14756E-03      18  0.88318E-03  0.00000E+00  0.00000E+00 -0.10876E-03 -0.38106E-04 -0.78880E-04  0.16475E-04 -0.18191E-04  0.74014E-04
        0.7358  0.00000E+00 -0.86209E-05  0.00000E+00 -0.43104E-06  0.00000E+00  0.00000E+00  0.88511E-03  0.88326E-03  0.87632E-03  0.25327E-04  0.18636E-04 -0.14013E-03      19  0.88320E-03  0.00000E+00  0.00000E+00 -0.14846E-03 -0.45529E-04 -0.12329E-03  0.10310E-04 -0.60489E-04  0.70990E-04
        0.7858  0.00000E+00 -0.32923E-04  0.00000E+00 -0.20772E-05  0.00000E+00  0.00000E+00  0.88543E-03  0.88325E-03  0.87597E-03  0.25327E-04  0.19902E-04 -0.11990E-03      20  0.88320E-03  0.00000E+00  0.00000E+00 -0.98689E-04 -0.50463E-04 -0.10281E-03  0.51697E-05 -0.70097E-04  0.67485E-04
        0.8358  0.00000E+00 -0.52099E-04  0.00000E+00 -0.46822E-05  0.00000E+00  0.00000E+00  0.88591E-03  0.88326E-03  0.87625E-03  0.25327E-04  0.21169E-04 -0.98287E-04      21  0.88320E-03  0.00000E+00  0.00000E+00 -0.51638E-04 -0.53045E-04 -0.74206E-04  0.14594E-05 -0.64556E-04  0.64257E-04
        0.8858  0.00000E+00 -0.50940E-04  0.00000E+00 -0.72292E-05  0.00000E+00  0.00000E+00  0.88625E-03  0.88325E-03  0.87606E-03  0.25327E-04  0.22435E-04 -0.74559E-04      22  0.88320E-03  0.00000E+00  0.00000E+00 -0.10566E-04 -0.53573E-04 -0.40276E-04 -0.55436E-06 -0.46127E-04  0.61951E-04
        0.9358  0.00000E+00 -0.37379E-04  0.00000E+00 -0.90981E-05  0.00000E+00  0.00000E+00  0.88664E-03  0.88325E-03  0.87617E-03  0.25327E-04  0.23702E-04 -0.50353E-04      23  0.88320E-03  0.00000E+00  0.00000E+00  0.26762E-04 -0.52235E-04 -0.10887E-04 -0.10987E-05 -0.23897E-04  0.60756E-04
        0.9679  0.00000E+00 -0.22273E-04  0.00000E+00 -0.98128E-05  0.00000E+00  0.00000E+00  0.88683E-03  0.88324E-03  0.87607E-03  0.25326E-04  0.24514E-04 -0.34536E-04      24  0.88320E-03  0.00000E+00  0.00000E+00  0.43053E-04 -0.50854E-04  0.36349E-05 -0.98209E-06 -0.10505E-04  0.60419E-04
        1.0000  0.00000E+00 -0.10071E-04  0.00000E+00 -0.10136E-04  0.00000E+00  0.00000E+00  0.88694E-03  0.88325E-03  0.87611E-03  0.25327E-04  0.25327E-04 -0.19099E-04      25  0.88320E-03  0.00000E+00  0.00000E+00  0.48386E-04 -0.49301E-04  0.13003E-04 -0.56487E-06  0.68331E-06  0.60441E-04
end
