 All solute fluxes and cumulative solute fluxes are positive into the region

       Time         cvTop        cvBot      Sum(cvTop)   Sum(cvBot)     cvCh0        cvCh1         cTop        cRoot         cBot        cvRoot    Sum(cvRoot)  Sum(cvNEql) TLevel      cGWL        cRunOff   Sum(cRunOff)    (cv(i),    Sum(cv(i)), i=1,NObs)
        [T]        [M/L2/T]     [M/L2/T]      [M/L2]       [M/L2]       [M/L2]      [M/L2]        [M/L3]      [M/L3]        [M/L3]      [M/L2/T]      [M/L2]       [M/L2]              [M/L3]        [M/L2]      [M/L3]      [M/L2/T]      [M/L2]
        0.0100  0.00000E+00 -0.16602E-03  0.00000E+00 -0.16602E-05  0.00000E+00  0.00000E+00  0.10335E-02  0.91953E-03  0.87883E-03  0.61184E-04  0.61184E-06 -0.22480E-05       1  0.88309E-03  0.00000E+00  0.00000E+00  0.25951E-04  0.25951E-06 -0.17354E-02 -0.17354E-04 -0.11662E-02 -0.11662E-04
        0.0200  0.00000E+00  0.00000E+00  0.00000E+00 -0.16602E-05  0.00000E+00  0.00000E+00  0.10337E-02  0.91945E-03  0.87556E-03  0.61180E-04  0.12236E-05 -0.75489E-05       2  0.88302E-03  0.00000E+00  0.00000E+00  0.66276E-05  0.32579E-06 -0.16579E-02 -0.33933E-04 -0.11274E-02 -0.22936E-04
        0.0330  0.00000E+00  0.00000E+00  0.00000E+00 -0.16602E-05  0.00000E+00  0.00000E+00  0.10334E-02  0.91947E-03  0.87743E-03  0.61181E-04  0.20190E-05 -0.10380E-04       3  0.88308E-03  0.00000E+00  0.00000E+00 -0.11742E-04  0.17315E-06 -0.15638E-02 -0.54263E-04 -0.10749E-02 -0.36909E-04
        0.0499  0.00000E+00  0.00000E+00  0.00000E+00 -0.16602E-05  0.00000E+00  0.00000E+00  0.10331E-02  0.91946E-03  0.87860E-03  0.61181E-04  0.30530E-05 -0.12661E-04       4  0.88310E-03  0.00000E+00  0.00000E+00 -0.46200E-04 -0.60764E-06 -0.14788E-02 -0.79254E-04 -0.10159E-02 -0.54078E-04
        0.0719  0.00000E+00 -0.11034E-04  0.00000E+00 -0.19027E-05  0.00000E+00  0.00000E+00  0.10324E-02  0.91946E-03  0.88150E-03  0.61181E-04  0.43971E-05 -0.12953E-04       5  0.88315E-03  0.00000E+00  0.00000E+00 -0.10727E-03 -0.29645E-05 -0.14164E-02 -0.11037E-03 -0.95217E-03 -0.74997E-04
        0.1004  0.00000E+00 -0.82847E-04  0.00000E+00 -0.42689E-05  0.00000E+00  0.00000E+00  0.10314E-02  0.91946E-03  0.88126E-03  0.61180E-04  0.61445E-05 -0.16128E-04       6  0.88314E-03  0.00000E+00  0.00000E+00 -0.20642E-03 -0.88600E-05 -0.14207E-02 -0.15095E-03 -0.89387E-03 -0.10053E-03
        0.1376  0.00000E+00 -0.20285E-03  0.00000E+00 -0.11800E-04  0.00000E+00  0.00000E+00  0.10299E-02  0.91945E-03  0.88143E-03  0.61180E-04  0.84160E-05 -0.33894E-04       7  0.88315E-03  0.00000E+00  0.00000E+00 -0.35414E-03 -0.22009E-04 -0.15622E-02 -0.20896E-03 -0.85908E-03 -0.13242E-03
        0.1858  0.00000E+00 -0.31956E-03  0.00000E+00 -0.27225E-04  0.00000E+00  0.00000E+00  0.10279E-02  0.91944E-03  0.88135E-03  0.61179E-04  0.11369E-04 -0.83383E-04       8  0.88314E-03  0.00000E+00  0.00000E+00 -0.55752E-03 -0.48919E-04 -0.19639E-02 -0.30375E-03 -0.88442E-03 -0.17511E-03
        0.2358  0.00000E+00 -0.42330E-03  0.00000E+00 -0.48390E-04  0.00000E+00  0.00000E+00  0.10260E-02  0.91944E-03  0.88144E-03  0.61179E-04  0.14428E-04 -0.16813E-03       9  0.88315E-03  0.00000E+00  0.00000E+00 -0.76462E-03 -0.87151E-04 -0.25890E-02 -0.43320E-03 -0.98469E-03 -0.22435E-03
        0.2858  0.00000E+00 -0.50578E-03  0.00000E+00 -0.73679E-04  0.00000E+00  0.00000E+00  0.10244E-02  0.91944E-03  0.88140E-03  0.61179E-04  0.17487E-04 -0.28471E-03      10  0.88314E-03  0.00000E+00  0.00000E+00 -0.94810E-03 -0.13456E-03 -0.33712E-02 -0.60176E-03 -0.11568E-02 -0.28219E-03
        0.3358  0.00000E+00 -0.57076E-03  0.00000E+00 -0.10222E-03  0.00000E+00  0.00000E+00  0.10231E-02  0.91945E-03  0.88145E-03  0.61180E-04  0.20546E-04 -0.42700E-03      11  0.88316E-03  0.00000E+00  0.00000E+00 -0.10981E-02 -0.18946E-03 -0.42205E-02 -0.81279E-03 -0.13831E-02 -0.35134E-03
        0.3858  0.00000E+00 -0.62324E-03  0.00000E+00 -0.13338E-03  0.00000E+00  0.00000E+00  0.10219E-02  0.91948E-03  0.88144E-03  0.61182E-04  0.23605E-04 -0.58643E-03      12  0.88316E-03  0.00000E+00  0.00000E+00 -0.12150E-02 -0.25021E-03 -0.50414E-02 -0.10649E-02 -0.16411E-02 -0.43340E-03
        0.4358  0.00000E+00 -0.66759E-03  0.00000E+00 -0.16676E-03  0.00000E+00  0.00000E+00  0.10213E-02  0.91951E-03  0.88146E-03  0.61183E-04  0.26664E-04 -0.75663E-03      13  0.88316E-03  0.00000E+00  0.00000E+00 -0.12976E-02 -0.31509E-03 -0.58147E-02 -0.13556E-02 -0.19172E-02 -0.52926E-03
        0.4858  0.00000E+00 -0.70755E-03  0.00000E+00 -0.20214E-03  0.00000E+00  0.00000E+00  0.10207E-02  0.91954E-03  0.88146E-03  0.61185E-04  0.29723E-04 -0.92991E-03      14  0.88316E-03  0.00000E+00  0.00000E+00 -0.13299E-02 -0.38159E-03 -0.64214E-02 -0.16767E-02 -0.21755E-02 -0.63803E-03
        0.5358  0.00000E+00 -0.74645E-03  0.00000E+00 -0.23946E-03  0.00000E+00  0.00000E+00  0.10207E-02  0.91958E-03  0.88148E-03  0.61187E-04  0.32783E-04 -0.10989E-02      15  0.88316E-03  0.00000E+00  0.00000E+00 -0.13187E-02 -0.44752E-03 -0.67470E-02 -0.20140E-02 -0.23845E-02 -0.75726E-03
        0.5858  0.00000E+00 -0.78714E-03  0.00000E+00 -0.27882E-03  0.00000E+00  0.00000E+00  0.10209E-02  0.91960E-03  0.88148E-03  0.61188E-04  0.35842E-04 -0.12562E-02      16  0.88316E-03  0.00000E+00  0.00000E+00 -0.12570E-02 -0.51037E-03 -0.67912E-02 -0.23536E-02 -0.25146E-02 -0.88299E-03
        0.6358  0.00000E+00 -0.83172E-03  0.00000E+00 -0.32040E-03  0.00000E+00  0.00000E+00  0.10215E-02  0.91961E-03  0.88149E-03  0.61189E-04  0.38902E-04 -0.13959E-02      17  0.88316E-03  0.00000E+00  0.00000E+00 -0.11546E-02 -0.56810E-03 -0.65587E-02 -0.26815E-02 -0.25565E-02 -0.10108E-02
        0.6858  0.00000E+00 -0.88152E-03  0.00000E+00 -0.36448E-03  0.00000E+00  0.00000E+00  0.10223E-02  0.91961E-03  0.88150E-03  0.61189E-04  0.41961E-04 -0.15135E-02      18  0.88316E-03  0.00000E+00  0.00000E+00 -0.10125E-02 -0.61872E-03 -0.60911E-02 -0.29861E-02 -0.25091E-02 -0.11363E-02
        0.7358  0.00000E+00 -0.93697E-03  0.00000E+00 -0.41133E-03  0.00000E+00  0.00000E+00  0.10234E-02  0.91961E-03  0.88152E-03  0.61188E-04  0.45020E-04 -0.16067E-02      19  0.88316E-03  0.00000E+00  0.00000E+00 -0.84377E-03 -0.66091E-03 -0.54435E-02 -0.32582E-02 -0.23860E-02 -0.12556E-02
        0.7858  0.00000E+00 -0.99737E-03  0.00000E+00 -0.46119E-03  0.00000E+00  0.00000E+00  0.10249E-02  0.91959E-03  0.88152E-03  0.61187E-04  0.48080E-04 -0.16727E-02      20  0.88316E-03  0.00000E+00  0.00000E+00 -0.63762E-03 -0.69279E-03 -0.46457E-02 -0.34905E-02 -0.21969E-02 -0.13654E-02
        0.8358  0.00000E+00 -0.10610E-02  0.00000E+00 -0.51424E-03  0.00000E+00  0.00000E+00  0.10264E-02  0.91957E-03  0.88154E-03  0.61186E-04  0.51139E-04 -0.17088E-02      21  0.88316E-03  0.00000E+00  0.00000E+00 -0.42670E-03 -0.71413E-03 -0.37957E-02 -0.36803E-02 -0.19549E-02 -0.14632E-02
        0.8858  0.00000E+00 -0.11252E-02  0.00000E+00 -0.57050E-03  0.00000E+00  0.00000E+00  0.10279E-02  0.91956E-03  0.88155E-03  0.61185E-04  0.54198E-04 -0.17198E-02      22  0.88316E-03  0.00000E+00  0.00000E+00 -0.22759E-03 -0.72551E-03 -0.29812E-02 -0.38294E-02 -0.16930E-02 -0.15478E-02
        0.9358  0.00000E+00 -0.11870E-02  0.00000E+00 -0.62985E-03  0.00000E+00  0.00000E+00  0.10292E-02  0.91954E-03  0.88156E-03  0.61184E-04  0.57258E-04 -0.17144E-02      23  0.88316E-03  0.00000E+00  0.00000E+00 -0.70340E-04 -0.72903E-03 -0.22656E-02 -0.39426E-02 -0.14380E-02 -0.16197E-02
        0.9679  0.00000E+00 -0.12349E-02  0.00000E+00 -0.66948E-03  0.00000E+00  0.00000E+00  0.10298E-02  0.91953E-03  0.88157E-03  0.61183E-04  0.59221E-04 -0.17073E-02      24  0.88316E-03  0.00000E+00  0.00000E+00 -0.64759E-05 -0.72923E-03 -0.18785E-02 -0.40029E-02 -0.12858E-02 -0.16610E-02
        1.0000  0.00000E+00 -0.12693E-02  0.00000E+00 -0.71020E-03  0.00000E+00  0.00000E+00  0.10301E-02  0.91951E-03  0.88157E-03  0.61182E-04  0.61184E-04 -0.16998E-02      25  0.88316E-03  0.00000E+00  0.00000E+00  0.34790E-04 -0.72812E-03 -0.15829E-02 -0.40537E-02 -0.11517E-02 -0.16979E-02
end
