 ******* Program HYDRUS
 ******* 
 Welcome to HYDRUS-1D                                                    
 Date:  29. 3.2022    Time:  17:26:13
 Units: L = cm   , T = days , M = mg   

----------------------------------------------------------
 Time       [T]        0.0000
----------------------------------------------------------
 Sub-region num.                     1
----------------------------------------------------------
 Length   [L]        0.30000E+03  0.30000E+03
 W-volume [L]        0.99411E+02  0.99411E+02
 In-flow  [L/T]      0.00000E+00  0.00000E+00
 h Mean   [L]       -0.91223E+02 -0.91223E+02
 ConcVol  [M/L2] 1   0.87779E-01  0.87779E-01
 cMean    [M/L3] 1   0.88293E-03  0.88293E-03
 SorbVolIm[M/L2] 1   0.46090E+02  0.46090E+02
 sMeanIm  [-]    1   0.10595E+00  0.10595E+00
 Top Flux [L/T]      0.95619E-01
 Bot Flux [L/T]      0.11589E+00
----------------------------------------------------------

----------------------------------------------------------
 Time       [T]        1.0000
----------------------------------------------------------
 Sub-region num.                     1
----------------------------------------------------------
 Length   [L]        0.30000E+03  0.30000E+03
 W-volume [L]        0.99046E+02  0.99046E+02
 In-flow  [L/T]      0.95234E-01  0.95234E-01
 h Mean   [L]       -0.94737E+02 -0.94737E+02
 ConcVol  [M/L2] 1   0.87459E-01  0.87459E-01
 cMean    [M/L3] 1   0.88296E-03  0.88296E-03
 SorbVolIm[M/L2] 1   0.46090E+02  0.46090E+02
 sMeanIm  [-]    1   0.10595E+00  0.10595E+00
 Top Flux [L/T]      0.65181E-01
 Bot Flux [L/T]      0.19188E+00
 WatBalT  [L]       -0.44340E-01
 WatBalR  [%]              8.681
 CncBalT  [M]    1   0.61035E-04
 CncBalR  [%]    1        18.982
----------------------------------------------------------
 
 Calculation time [sec]  1.000005006790161E-002
