 All solute fluxes and cumulative solute fluxes are positive into the region

       Time         cvTop        cvBot      Sum(cvTop)   Sum(cvBot)     cvCh0        cvCh1         cTop        cRoot         cBot        cvRoot    Sum(cvRoot)  Sum(cvNEql) TLevel      cGWL        cRunOff   Sum(cRunOff)    (cv(i),    Sum(cv(i)), i=1,NObs)
        [T]        [M/L2/T]     [M/L2/T]      [M/L2]       [M/L2]       [M/L2]      [M/L2]        [M/L3]      [M/L3]        [M/L3]      [M/L2/T]      [M/L2]       [M/L2]              [M/L3]        [M/L2]      [M/L3]      [M/L2/T]      [M/L2]
        0.0100  0.00000E+00 -0.30676E-03  0.00000E+00 -0.30676E-05  0.00000E+00  0.00000E+00  0.10256E-02  0.90336E-03  0.87964E-03  0.30930E-04  0.30930E-06  0.34091E-05       1  0.88309E-03  0.00000E+00  0.00000E+00  0.28092E-04  0.28092E-06 -0.61893E-03 -0.61893E-05 -0.53399E-03 -0.53399E-05
        0.0230  0.00000E+00 -0.46608E-03  0.00000E+00 -0.91266E-05  0.00000E+00  0.00000E+00  0.10258E-02  0.90326E-03  0.87973E-03  0.30927E-04  0.71135E-06  0.82534E-05       2  0.88309E-03  0.00000E+00  0.00000E+00  0.27758E-04  0.64178E-06 -0.57876E-03 -0.13713E-04 -0.51086E-03 -0.11981E-04
        0.0399  0.00000E+00 -0.40673E-03  0.00000E+00 -0.16000E-04  0.00000E+00  0.00000E+00  0.10257E-02  0.90329E-03  0.87968E-03  0.30928E-04  0.12340E-05  0.12726E-04       3  0.88309E-03  0.00000E+00  0.00000E+00  0.27230E-04  0.11020E-05 -0.52861E-03 -0.22647E-04 -0.47872E-03 -0.20072E-04
        0.0619  0.00000E+00 -0.36787E-03  0.00000E+00 -0.24083E-04  0.00000E+00  0.00000E+00  0.10257E-02  0.90327E-03  0.87968E-03  0.30927E-04  0.19135E-05  0.19127E-04       4  0.88309E-03  0.00000E+00  0.00000E+00  0.25893E-04  0.16708E-05 -0.47626E-03 -0.33110E-04 -0.44274E-03 -0.29798E-04
        0.0904  0.00000E+00 -0.34833E-03  0.00000E+00 -0.34031E-04  0.00000E+00  0.00000E+00  0.10256E-02  0.90328E-03  0.87967E-03  0.30928E-04  0.27968E-05  0.27139E-04       5  0.88309E-03  0.00000E+00  0.00000E+00  0.23181E-04  0.23329E-05 -0.42171E-03 -0.45155E-04 -0.40135E-03 -0.41261E-04
        0.1276  0.00000E+00 -0.33904E-03  0.00000E+00 -0.46620E-04  0.00000E+00  0.00000E+00  0.10255E-02  0.90328E-03  0.87967E-03  0.30927E-04  0.39451E-05  0.37349E-04       6  0.88309E-03  0.00000E+00  0.00000E+00  0.18181E-04  0.30079E-05 -0.36696E-03 -0.58779E-04 -0.35701E-03 -0.54517E-04
        0.1758  0.00000E+00 -0.33827E-03  0.00000E+00 -0.62947E-04  0.00000E+00  0.00000E+00  0.10254E-02  0.90328E-03  0.87968E-03  0.30928E-04  0.54380E-05  0.50015E-04       7  0.88309E-03  0.00000E+00  0.00000E+00  0.97191E-05  0.34771E-05 -0.31581E-03 -0.74023E-04 -0.31129E-03 -0.69542E-04
        0.2258  0.00000E+00 -0.34196E-03  0.00000E+00 -0.80045E-04  0.00000E+00  0.00000E+00  0.10254E-02  0.90328E-03  0.87969E-03  0.30927E-04  0.69843E-05  0.62366E-04       8  0.88309E-03  0.00000E+00  0.00000E+00 -0.12210E-06  0.34709E-05 -0.27639E-03 -0.87843E-04 -0.27367E-03 -0.83226E-04
        0.2758  0.00000E+00 -0.34663E-03  0.00000E+00 -0.97377E-04  0.00000E+00  0.00000E+00  0.10254E-02  0.90328E-03  0.87969E-03  0.30928E-04  0.85307E-05  0.74768E-04       9  0.88309E-03  0.00000E+00  0.00000E+00  0.11853E-04  0.40636E-05 -0.24090E-03 -0.99888E-04 -0.24255E-03 -0.95353E-04
        0.3258  0.00000E+00 -0.35033E-03  0.00000E+00 -0.11489E-03  0.00000E+00  0.00000E+00  0.10262E-02  0.90328E-03  0.87970E-03  0.30928E-04  0.10077E-04  0.92446E-04      10  0.88309E-03  0.00000E+00  0.00000E+00  0.92349E-04  0.86811E-05 -0.18621E-03 -0.10920E-03 -0.20830E-03 -0.10577E-03
        0.3758  0.00000E+00 -0.35189E-03  0.00000E+00 -0.13249E-03  0.00000E+00  0.00000E+00  0.10271E-02  0.90329E-03  0.87970E-03  0.30928E-04  0.11623E-04  0.12288E-03      11  0.88309E-03  0.00000E+00  0.00000E+00  0.15385E-03  0.16374E-04 -0.12065E-03 -0.11523E-03 -0.16017E-03 -0.11378E-03
        0.4258  0.00000E+00 -0.35072E-03  0.00000E+00 -0.15002E-03  0.00000E+00  0.00000E+00  0.10277E-02  0.90332E-03  0.87971E-03  0.30929E-04  0.13170E-04  0.16445E-03      12  0.88309E-03  0.00000E+00  0.00000E+00  0.19418E-03  0.26083E-04 -0.49233E-04 -0.11769E-03 -0.10528E-03 -0.11904E-03
        0.4758  0.00000E+00 -0.34654E-03  0.00000E+00 -0.16735E-03  0.00000E+00  0.00000E+00  0.10281E-02  0.90333E-03  0.87971E-03  0.30930E-04  0.14716E-04  0.21304E-03      13  0.88309E-03  0.00000E+00  0.00000E+00  0.21351E-03  0.36758E-04 -0.18008E-05 -0.11778E-03 -0.48791E-04 -0.12148E-03
        0.5258  0.00000E+00 -0.33896E-03  0.00000E+00 -0.18430E-03  0.00000E+00  0.00000E+00  0.10282E-02  0.90335E-03  0.87971E-03  0.30930E-04  0.16263E-04  0.26492E-03      14  0.88309E-03  0.00000E+00  0.00000E+00  0.21158E-03  0.47337E-04  0.98332E-05 -0.11729E-03  0.27008E-05 -0.12135E-03
        0.5758  0.00000E+00 -0.32792E-03  0.00000E+00 -0.20070E-03  0.00000E+00  0.00000E+00  0.10281E-02  0.90335E-03  0.87971E-03  0.30930E-04  0.17809E-04  0.31516E-03      15  0.88309E-03  0.00000E+00  0.00000E+00  0.18904E-03  0.56789E-04  0.17068E-04 -0.11644E-03  0.42460E-04 -0.11922E-03
        0.6258  0.00000E+00 -0.31368E-03  0.00000E+00 -0.21638E-03  0.00000E+00  0.00000E+00  0.10276E-02  0.90336E-03  0.87971E-03  0.30930E-04  0.19356E-04  0.35963E-03      16  0.88309E-03  0.00000E+00  0.00000E+00  0.14665E-03  0.64122E-04  0.20318E-04 -0.11542E-03  0.69846E-04 -0.11573E-03
        0.6758  0.00000E+00 -0.29661E-03  0.00000E+00 -0.23121E-03  0.00000E+00  0.00000E+00  0.10269E-02  0.90334E-03  0.87970E-03  0.30930E-04  0.20902E-04  0.39421E-03      17  0.88309E-03  0.00000E+00  0.00000E+00  0.85722E-04  0.68408E-04  0.19346E-04 -0.11445E-03  0.81981E-04 -0.11163E-03
        0.7258  0.00000E+00 -0.27736E-03  0.00000E+00 -0.24508E-03  0.00000E+00  0.00000E+00  0.10259E-02  0.90333E-03  0.87970E-03  0.30930E-04  0.22449E-04  0.41615E-03      18  0.88309E-03  0.00000E+00  0.00000E+00  0.85216E-05  0.68834E-04  0.14127E-04 -0.11375E-03  0.78449E-04 -0.10771E-03
        0.7758  0.00000E+00 -0.25694E-03  0.00000E+00 -0.25793E-03  0.00000E+00  0.00000E+00  0.10257E-02  0.90331E-03  0.87969E-03  0.30929E-04  0.23995E-04  0.42655E-03      19  0.88309E-03  0.00000E+00  0.00000E+00 -0.44587E-07  0.68832E-04  0.99644E-05 -0.11325E-03  0.63446E-04 -0.10454E-03
        0.8258  0.00000E+00 -0.23623E-03  0.00000E+00 -0.26974E-03  0.00000E+00  0.00000E+00  0.10259E-02  0.90329E-03  0.87969E-03  0.30928E-04  0.25542E-04  0.43427E-03      20  0.88309E-03  0.00000E+00  0.00000E+00  0.96431E-05  0.69314E-04  0.70579E-05 -0.11290E-03  0.50398E-04 -0.10202E-03
        0.8758  0.00000E+00 -0.21590E-03  0.00000E+00 -0.28053E-03  0.00000E+00  0.00000E+00  0.10260E-02  0.90330E-03  0.87968E-03  0.30928E-04  0.27088E-04  0.44246E-03      21  0.88309E-03  0.00000E+00  0.00000E+00  0.18153E-04  0.70222E-04  0.52988E-05 -0.11263E-03  0.40531E-04 -0.99990E-04
        0.9258  0.00000E+00 -0.19665E-03  0.00000E+00 -0.29036E-03  0.00000E+00  0.00000E+00  0.10261E-02  0.90329E-03  0.87968E-03  0.30928E-04  0.28635E-04  0.45052E-03      22  0.88309E-03  0.00000E+00  0.00000E+00  0.24172E-04  0.71430E-04  0.41793E-05 -0.11242E-03  0.33657E-04 -0.98307E-04
        0.9629  0.00000E+00 -0.18080E-03  0.00000E+00 -0.29707E-03  0.00000E+00  0.00000E+00  0.10261E-02  0.90329E-03  0.87968E-03  0.30928E-04  0.29782E-04  0.45669E-03      23  0.88309E-03  0.00000E+00  0.00000E+00  0.26800E-04  0.72424E-04  0.35461E-05 -0.11229E-03  0.29749E-04 -0.97204E-04
        1.0000  0.00000E+00 -0.16821E-03  0.00000E+00 -0.30331E-03  0.00000E+00  0.00000E+00  0.10261E-02  0.90329E-03  0.87967E-03  0.30928E-04  0.30929E-04  0.46266E-03      24  0.88309E-03  0.00000E+00  0.00000E+00  0.27653E-04  0.73450E-04  0.30343E-05 -0.11218E-03  0.26915E-04 -0.96205E-04
end
