 ******* Program HYDRUS
 ******* 
 Welcome to HYDRUS-1D                                                    
 Date:  28. 3.2022    Time:   9:26: 9
 Units: L = cm   , T = days , M = mg   

       Time          rTop        rRoot        vTop         vRoot        vBot       sum(rTop)   sum(rRoot)    sum(vTop)   sum(vRoot)    sum(vBot)      hTop         hRoot        hBot        RunOff    sum(RunOff)     Volume     sum(Infil)    sum(Evap) TLevel Cum(WTrans)  SnowLayer
        [T]         [L/T]        [L/T]        [L/T]        [L/T]        [L/T]         [L]          [L]          [L]         [L]           [L]         [L]           [L]         [L]          [L/T]         [L]          [L]          [L]          [L]

       0.0100  0.12676E+00  0.71649E-02  0.12676E+00  0.70012E-02 -0.20844E+01  0.12676E-02  0.71649E-04  0.12676E-02  0.70012E-04 -0.20844E-01 -0.24088E+03 -0.22834E+03  0.41829E+02  0.00000E+00  0.00000E+00  0.99272E+02  0.39465E-04  0.13070E-02      1  0.00000E+00      0.000
       0.0200  0.11493E+00  0.71649E-02  0.11494E+00  0.70013E-02 -0.18129E+01  0.24169E-02  0.14330E-03  0.24169E-02  0.14003E-03 -0.38973E-01 -0.24066E+03 -0.22828E+03  0.41829E+02  0.00000E+00  0.00000E+00  0.99253E+02  0.19717E-03  0.26141E-02      2  0.00000E+00      0.000
       0.0330  0.87866E-01  0.71649E-02  0.87866E-01  0.70016E-02 -0.15621E+01  0.35592E-02  0.23644E-03  0.35592E-02  0.23105E-03 -0.59280E-01 -0.24026E+03 -0.22818E+03  0.41829E+02  0.00000E+00  0.00000E+00  0.99231E+02  0.75407E-03  0.43132E-02      3  0.00000E+00      0.000
       0.0499  0.33205E-01  0.71649E-02  0.33205E-01  0.70020E-02 -0.14155E+01  0.41203E-02  0.35753E-03  0.41203E-02  0.34938E-03 -0.83201E-01 -0.23958E+03 -0.22798E+03  0.41829E+02  0.00000E+00  0.00000E+00  0.99207E+02  0.24018E-02  0.65221E-02      4  0.00000E+00      0.000
       0.0719 -0.69772E-01  0.71649E-02 -0.69773E-01  0.70030E-02 -0.12872E+01  0.25875E-02  0.51494E-03  0.25874E-02  0.50323E-03 -0.11148E+00 -0.23822E+03 -0.22754E+03  0.41829E+02  0.00000E+00  0.00000E+00  0.99180E+02  0.68063E-02  0.93937E-02      5  0.00000E+00      0.000
       0.1004 -0.25445E+00  0.71649E-02 -0.25445E+00  0.70052E-02 -0.11811E+01 -0.46799E-02  0.71958E-03 -0.46800E-02  0.70331E-03 -0.14521E+00 -0.23557E+03 -0.22649E+03  0.41829E+02  0.00000E+00  0.00000E+00  0.99153E+02  0.17807E-01  0.13127E-01      6  0.00000E+00      0.000
       0.1376 -0.57098E+00  0.71649E-02 -0.57097E+00  0.70102E-02 -0.10828E+01 -0.25880E-01  0.98561E-03 -0.25880E-01  0.96360E-03 -0.18542E+00 -0.23050E+03 -0.22411E+03  0.41829E+02  0.00000E+00  0.00000E+00  0.99134E+02  0.43860E-01  0.17980E-01      7  0.00000E+00      0.000
       0.1858 -0.10846E+01  0.71649E-02 -0.10846E+01  0.70205E-02 -0.99046E+00 -0.78230E-01  0.13314E-02 -0.78230E-01  0.13025E-02 -0.23322E+00 -0.22138E+03 -0.21902E+03  0.41829E+02  0.00000E+00  0.00000E+00  0.99138E+02  0.10252E+00  0.24289E-01      8  0.00000E+00      0.000
       0.2358 -0.16914E+01  0.71649E-02 -0.16914E+01  0.70345E-02 -0.91469E+00 -0.16280E+00  0.16897E-02 -0.16280E+00  0.16542E-02 -0.27896E+00 -0.20994E+03 -0.21169E+03  0.41829E+02  0.00000E+00  0.00000E+00  0.99177E+02  0.19363E+00  0.30824E-01      9  0.00000E+00      0.000
       0.2858 -0.21121E+01  0.18326E-01 -0.21121E+01  0.18029E-01 -0.85269E+00 -0.26841E+00  0.26060E-02 -0.26841E+00  0.25556E-02 -0.32159E+00 -0.19937E+03 -0.20363E+03  0.41829E+02  0.00000E+00  0.00000E+00  0.99239E+02  0.31595E+00  0.47539E-01     10  0.00000E+00      0.000
       0.3358 -0.22580E+01  0.42159E-01 -0.22580E+01  0.41545E-01 -0.80007E+00 -0.38131E+00  0.47139E-02 -0.38131E+00  0.46329E-02 -0.36160E+00 -0.19139E+03 -0.19637E+03  0.41829E+02  0.00000E+00  0.00000E+00  0.99311E+02  0.46730E+00  0.85992E-01     11  0.00000E+00      0.000
       0.3858 -0.23785E+01  0.61864E-01 -0.23785E+01  0.61046E-01 -0.75514E+00 -0.50023E+00  0.78071E-02 -0.50023E+00  0.76852E-02 -0.39935E+00 -0.18523E+03 -0.19017E+03  0.41829E+02  0.00000E+00  0.00000E+00  0.99390E+02  0.64265E+00  0.14242E+00     12  0.00000E+00      0.000
       0.4358 -0.24621E+01  0.75515E-01 -0.24621E+01  0.74590E-01 -0.71685E+00 -0.62334E+00  0.11583E-01 -0.62334E+00  0.11415E-01 -0.43520E+00 -0.18049E+03 -0.18528E+03  0.41829E+02  0.00000E+00  0.00000E+00  0.99474E+02  0.83463E+00  0.21130E+00     13  0.00000E+00      0.000
       0.4858 -0.25004E+01  0.81773E-01 -0.25004E+01  0.80838E-01 -0.68474E+00 -0.74835E+00  0.15672E-01 -0.74835E+00  0.15457E-01 -0.46943E+00 -0.17659E+03 -0.18100E+03  0.41829E+02  0.00000E+00  0.00000E+00  0.99561E+02  0.10342E+01  0.28588E+00     14  0.00000E+00      0.000
       0.5358 -0.24897E+01  0.80027E-01 -0.24897E+01  0.79164E-01 -0.65882E+00 -0.87284E+00  0.19673E-01 -0.87284E+00  0.19415E-01 -0.50237E+00 -0.17357E+03 -0.17749E+03  0.41829E+02  0.00000E+00  0.00000E+00  0.99649E+02  0.12317E+01  0.35888E+00     15  0.00000E+00      0.000
       0.5858 -0.24311E+01  0.70447E-01 -0.24311E+01  0.69723E-01 -0.63909E+00 -0.99439E+00  0.23195E-01 -0.99439E+00  0.22901E-01 -0.53433E+00 -0.17132E+03 -0.17461E+03  0.41829E+02  0.00000E+00  0.00000E+00  0.99735E+02  0.14175E+01  0.42313E+00     16  0.00000E+00      0.000
       0.6358 -0.23302E+01  0.53971E-01 -0.23302E+01  0.53437E-01 -0.62544E+00 -0.11109E+01  0.25894E-01 -0.11109E+01  0.25573E-01 -0.56560E+00 -0.16981E+03 -0.17239E+03  0.41829E+02  0.00000E+00  0.00000E+00  0.99816E+02  0.15833E+01  0.47236E+00     17  0.00000E+00      0.000
       0.6858 -0.21971E+01  0.32212E-01 -0.21971E+01  0.31902E-01 -0.61792E+00 -0.12208E+01  0.27504E-01 -0.12208E+01  0.27168E-01 -0.59650E+00 -0.16898E+03 -0.17078E+03  0.41829E+02  0.00000E+00  0.00000E+00  0.99893E+02  0.17225E+01  0.50174E+00     18  0.00000E+00      0.000
       0.7358 -0.20447E+01  0.73006E-02 -0.20447E+01  0.72316E-02 -0.61648E+00 -0.13230E+01  0.27869E-01 -0.13230E+01  0.27529E-01 -0.62732E+00 -0.16873E+03 -0.16971E+03  0.41829E+02  0.00000E+00  0.00000E+00  0.99962E+02  0.18314E+01  0.50840E+00     19  0.00000E+00      0.000
       0.7858 -0.14229E+01  0.71649E-02 -0.14229E+01  0.70955E-02 -0.62090E+00 -0.13941E+01  0.28228E-01 -0.13941E+01  0.27884E-01 -0.65837E+00 -0.17255E+03 -0.17105E+03  0.41829E+02  0.00000E+00  0.00000E+00  0.10000E+03  0.19091E+01  0.51494E+00     20  0.00000E+00      0.000
       0.8358 -0.84227E+00  0.71649E-02 -0.84227E+00  0.70919E-02 -0.63052E+00 -0.14362E+01  0.28586E-01 -0.14362E+01  0.28239E-01 -0.68989E+00 -0.17797E+03 -0.17395E+03  0.41829E+02  0.00000E+00  0.00000E+00  0.10001E+03  0.19577E+01  0.52147E+00     21  0.00000E+00      0.000
       0.8858 -0.36221E+00  0.71649E-02 -0.36221E+00  0.70866E-02 -0.64478E+00 -0.14544E+01  0.28944E-01 -0.14544E+01  0.28593E-01 -0.72213E+00 -0.18444E+03 -0.17800E+03  0.41829E+02  0.00000E+00  0.00000E+00  0.99998E+02  0.19824E+01  0.52801E+00     22  0.00000E+00      0.000
       0.9358 -0.29677E-01  0.71649E-02 -0.29674E-01  0.70806E-02 -0.66280E+00 -0.14558E+01  0.29302E-01 -0.14558E+01  0.28947E-01 -0.75527E+00 -0.19088E+03 -0.18243E+03  0.41829E+02  0.00000E+00  0.00000E+00  0.99966E+02  0.19904E+01  0.53454E+00     23  0.00000E+00      0.000
       0.9679  0.90199E-01  0.71649E-02  0.90198E-01  0.70767E-02 -0.67551E+00 -0.14529E+01  0.29532E-01 -0.14529E+01  0.29174E-01 -0.77694E+00 -0.19468E+03 -0.18524E+03  0.41829E+02  0.00000E+00  0.00000E+00  0.99941E+02  0.19917E+01  0.53873E+00     24  0.00000E+00      0.000
       1.0000  0.13070E+00  0.71649E-02  0.13070E+00  0.70729E-02 -0.68938E+00 -0.14488E+01  0.29762E-01 -0.14488E+01  0.29401E-01 -0.79906E+00 -0.19792E+03 -0.18788E+03  0.41829E+02  0.00000E+00  0.00000E+00  0.99915E+02  0.19917E+01  0.54293E+00     25  0.00000E+00      0.000
end
