 All solute fluxes and cumulative solute fluxes are positive into the region

       Time         cvTop        cvBot      Sum(cvTop)   Sum(cvBot)     cvCh0        cvCh1         cTop        cRoot         cBot        cvRoot    Sum(cvRoot)  Sum(cvNEql) TLevel      cGWL        cRunOff   Sum(cRunOff)    (cv(i),    Sum(cv(i)), i=1,NObs)
        [T]        [M/L2/T]     [M/L2/T]      [M/L2]       [M/L2]       [M/L2]      [M/L2]        [M/L3]      [M/L3]        [M/L3]      [M/L2/T]      [M/L2]       [M/L2]              [M/L3]        [M/L2]      [M/L3]      [M/L2/T]      [M/L2]
        0.0100  0.00000E+00  0.00000E+00  0.00000E+00  0.00000E+00  0.00000E+00  0.00000E+00  0.86706E-03  0.88322E-03  0.87877E-03  0.47735E-04  0.47735E-06 -0.49718E-05       1  0.88319E-03  0.00000E+00  0.00000E+00  0.35373E-04  0.35373E-06  0.15014E-03  0.15014E-05  0.20546E-03  0.20546E-05
        0.0200  0.00000E+00  0.00000E+00  0.00000E+00  0.00000E+00  0.00000E+00  0.00000E+00  0.86702E-03  0.88319E-03  0.87935E-03  0.47733E-04  0.95469E-06 -0.47149E-05       2  0.88319E-03  0.00000E+00  0.00000E+00  0.33054E-04  0.68426E-06  0.14668E-03  0.29682E-05  0.20218E-03  0.40764E-05
        0.0330  0.00000E+00  0.00000E+00  0.00000E+00  0.00000E+00  0.00000E+00  0.00000E+00  0.86696E-03  0.88320E-03  0.87915E-03  0.47734E-04  0.15752E-05 -0.62207E-05       3  0.88318E-03  0.00000E+00  0.00000E+00  0.27472E-04  0.10414E-05  0.14125E-03  0.48044E-05  0.19745E-03  0.66432E-05
        0.0499  0.00000E+00  0.00000E+00  0.00000E+00  0.00000E+00  0.00000E+00  0.00000E+00  0.86686E-03  0.88319E-03  0.87897E-03  0.47734E-04  0.23819E-05 -0.83436E-05       4  0.88318E-03  0.00000E+00  0.00000E+00  0.16136E-04  0.13141E-05  0.13455E-03  0.70783E-05  0.19172E-03  0.98833E-05
        0.0719  0.00000E+00  0.00000E+00  0.00000E+00  0.00000E+00  0.00000E+00  0.00000E+00  0.86667E-03  0.88319E-03  0.87881E-03  0.47734E-04  0.34306E-05 -0.11983E-04       5  0.88318E-03  0.00000E+00  0.00000E+00 -0.35469E-05  0.12362E-05  0.12482E-03  0.98207E-05  0.18421E-03  0.13930E-04
        0.1004  0.00000E+00  0.00000E+00  0.00000E+00  0.00000E+00  0.00000E+00  0.00000E+00  0.86636E-03  0.88319E-03  0.87868E-03  0.47734E-04  0.47940E-05 -0.17988E-04       6  0.88318E-03  0.00000E+00  0.00000E+00 -0.31046E-04  0.34947E-06  0.10981E-03  0.12957E-04  0.17394E-03  0.18898E-04
        0.1376  0.00000E+00  0.00000E+00  0.00000E+00  0.00000E+00  0.00000E+00  0.00000E+00  0.86587E-03  0.88319E-03  0.87855E-03  0.47734E-04  0.65663E-05 -0.28383E-04       7  0.88318E-03  0.00000E+00  0.00000E+00 -0.76013E-04 -0.24728E-05  0.84368E-04  0.16089E-04  0.15838E-03  0.24779E-04
        0.1858  0.00000E+00  0.00000E+00  0.00000E+00  0.00000E+00  0.00000E+00  0.00000E+00  0.86510E-03  0.88319E-03  0.87844E-03  0.47734E-04  0.88703E-05 -0.46875E-04       8  0.88317E-03  0.00000E+00  0.00000E+00 -0.14311E-03 -0.93806E-05  0.39674E-04  0.18004E-04  0.13289E-03  0.31194E-04
        0.2358  0.00000E+00  0.00000E+00  0.00000E+00  0.00000E+00  0.00000E+00  0.00000E+00  0.86428E-03  0.88319E-03  0.87834E-03  0.47734E-04  0.11257E-04 -0.72007E-04       9  0.88317E-03  0.00000E+00  0.00000E+00 -0.21486E-03 -0.20124E-04 -0.18584E-04  0.17075E-04  0.99158E-04  0.36151E-04
        0.2858  0.00000E+00  0.00000E+00  0.00000E+00  0.00000E+00  0.00000E+00  0.00000E+00  0.86380E-03  0.88319E-03  0.87827E-03  0.47733E-04  0.13644E-04 -0.10087E-03      10  0.88317E-03  0.00000E+00  0.00000E+00 -0.25332E-03 -0.32790E-04 -0.76525E-04  0.13249E-04  0.60529E-04  0.39178E-04
        0.3358  0.00000E+00  0.00000E+00  0.00000E+00  0.00000E+00  0.00000E+00  0.00000E+00  0.86371E-03  0.88319E-03  0.87821E-03  0.47734E-04  0.16030E-04 -0.12900E-03      11  0.88317E-03  0.00000E+00  0.00000E+00 -0.25417E-03 -0.45498E-04 -0.11903E-03  0.72973E-05  0.26799E-04  0.40518E-04
        0.3858  0.00000E+00  0.00000E+00  0.00000E+00  0.00000E+00  0.00000E+00  0.00000E+00  0.86362E-03  0.88320E-03  0.87817E-03  0.47734E-04  0.18417E-04 -0.15449E-03      12  0.88317E-03  0.00000E+00  0.00000E+00 -0.25503E-03 -0.58249E-04 -0.14766E-03 -0.85738E-07  0.36648E-05  0.40701E-04
        0.4358  0.00000E+00  0.00000E+00  0.00000E+00  0.00000E+00  0.00000E+00  0.00000E+00  0.86354E-03  0.88322E-03  0.87814E-03  0.47735E-04  0.20804E-04 -0.17773E-03      13  0.88317E-03  0.00000E+00  0.00000E+00 -0.25499E-03 -0.70999E-04 -0.16528E-03 -0.83498E-05 -0.12617E-04  0.40070E-04
        0.4858  0.00000E+00  0.00000E+00  0.00000E+00  0.00000E+00  0.00000E+00  0.00000E+00  0.86347E-03  0.88323E-03  0.87813E-03  0.47735E-04  0.23191E-04 -0.19921E-03      14  0.88317E-03  0.00000E+00  0.00000E+00 -0.25449E-03 -0.83723E-04 -0.17656E-03 -0.17178E-04 -0.23997E-04  0.38870E-04
        0.5358  0.00000E+00  0.00000E+00  0.00000E+00  0.00000E+00  0.00000E+00  0.00000E+00  0.86341E-03  0.88323E-03  0.87812E-03  0.47736E-04  0.25577E-04 -0.21970E-03      15  0.88317E-03  0.00000E+00  0.00000E+00 -0.25306E-03 -0.96376E-04 -0.18466E-03 -0.26411E-04 -0.33275E-04  0.37207E-04
        0.5858  0.00000E+00  0.00000E+00  0.00000E+00  0.00000E+00  0.00000E+00  0.00000E+00  0.86335E-03  0.88324E-03  0.87813E-03  0.47736E-04  0.27964E-04 -0.23994E-03      16  0.88317E-03  0.00000E+00  0.00000E+00 -0.25102E-03 -0.10893E-03 -0.19151E-03 -0.35987E-04 -0.43055E-04  0.35054E-04
        0.6358  0.00000E+00  0.00000E+00  0.00000E+00  0.00000E+00  0.00000E+00  0.00000E+00  0.86329E-03  0.88323E-03  0.87814E-03  0.47736E-04  0.30351E-04 -0.26078E-03      17  0.88317E-03  0.00000E+00  0.00000E+00 -0.24826E-03 -0.12134E-03 -0.19856E-03 -0.45914E-04 -0.55384E-04  0.32285E-04
        0.6858  0.00000E+00  0.00000E+00  0.00000E+00  0.00000E+00  0.00000E+00  0.00000E+00  0.86324E-03  0.88323E-03  0.87817E-03  0.47735E-04  0.32738E-04 -0.28291E-03      18  0.88317E-03  0.00000E+00  0.00000E+00 -0.24507E-03 -0.13359E-03 -0.20704E-03 -0.56266E-04 -0.71427E-04  0.28713E-04
        0.7358  0.00000E+00  0.00000E+00  0.00000E+00  0.00000E+00  0.00000E+00  0.00000E+00  0.86320E-03  0.88322E-03  0.87820E-03  0.47735E-04  0.35124E-04 -0.30693E-03      19  0.88317E-03  0.00000E+00  0.00000E+00 -0.24156E-03 -0.14567E-03 -0.21818E-03 -0.67176E-04 -0.91480E-04  0.24139E-04
        0.7858  0.00000E+00  0.00000E+00  0.00000E+00  0.00000E+00  0.00000E+00  0.00000E+00  0.86382E-03  0.88321E-03  0.87824E-03  0.47734E-04  0.37511E-04 -0.32817E-03      20  0.88317E-03  0.00000E+00  0.00000E+00 -0.17237E-03 -0.15429E-03 -0.20543E-03 -0.77447E-04 -0.10764E-03  0.18757E-04
        0.8358  0.00000E+00  0.00000E+00  0.00000E+00  0.00000E+00  0.00000E+00  0.00000E+00  0.86448E-03  0.88321E-03  0.87828E-03  0.47734E-04  0.39898E-04 -0.34344E-03      21  0.88317E-03  0.00000E+00  0.00000E+00 -0.10413E-03 -0.15950E-03 -0.17290E-03 -0.86092E-04 -0.10851E-03  0.13332E-04
        0.8858  0.00000E+00  0.00000E+00  0.00000E+00  0.00000E+00  0.00000E+00  0.00000E+00  0.86509E-03  0.88321E-03  0.87833E-03  0.47734E-04  0.42285E-04 -0.35382E-03      22  0.88317E-03  0.00000E+00  0.00000E+00 -0.42524E-04 -0.16162E-03 -0.13025E-03 -0.92604E-04 -0.98489E-04  0.84073E-05
        0.9358  0.00000E+00  0.00000E+00  0.00000E+00  0.00000E+00  0.00000E+00  0.00000E+00  0.86559E-03  0.88321E-03  0.87838E-03  0.47734E-04  0.44671E-04 -0.36045E-03      23  0.88317E-03  0.00000E+00  0.00000E+00  0.36729E-05 -0.16144E-03 -0.87879E-04 -0.96998E-04 -0.81180E-04  0.43483E-05
        0.9679  0.00000E+00  0.00000E+00  0.00000E+00  0.00000E+00  0.00000E+00  0.00000E+00  0.86584E-03  0.88320E-03  0.87842E-03  0.47734E-04  0.46203E-04 -0.36376E-03      24  0.88317E-03  0.00000E+00  0.00000E+00  0.29730E-04 -0.16049E-03 -0.63228E-04 -0.99027E-04 -0.68760E-04  0.21421E-05
        1.0000  0.00000E+00  0.00000E+00  0.00000E+00  0.00000E+00  0.00000E+00  0.00000E+00  0.86598E-03  0.88320E-03  0.87846E-03  0.47734E-04  0.47734E-04 -0.36661E-03      25  0.88317E-03  0.00000E+00  0.00000E+00  0.38261E-04 -0.15926E-03 -0.43465E-04 -0.10042E-03 -0.55829E-04  0.35080E-06
end
