 All solute fluxes and cumulative solute fluxes are positive into the region

       Time         cvTop        cvBot      Sum(cvTop)   Sum(cvBot)     cvCh0        cvCh1         cTop        cRoot         cBot        cvRoot    Sum(cvRoot)  Sum(cvNEql) TLevel      cGWL        cRunOff   Sum(cRunOff)    (cv(i),    Sum(cv(i)), i=1,NObs)
        [T]        [M/L2/T]     [M/L2/T]      [M/L2]       [M/L2]       [M/L2]      [M/L2]        [M/L3]      [M/L3]        [M/L3]      [M/L2/T]      [M/L2]       [M/L2]              [M/L3]        [M/L2]      [M/L3]      [M/L2/T]      [M/L2]
        0.0100  0.00000E+00 -0.39436E-03  0.00000E+00 -0.39436E-05  0.00000E+00  0.00000E+00  0.96715E-03  0.89315E-03  0.88021E-03  0.19246E-04  0.19246E-06 -0.14252E-05       1  0.88311E-03  0.00000E+00  0.00000E+00  0.29470E-04  0.29470E-06  0.70432E-04  0.70432E-06  0.18281E-03  0.18281E-05
        0.0230  0.00000E+00 -0.70122E-03  0.00000E+00 -0.13059E-04  0.00000E+00  0.00000E+00  0.96723E-03  0.89318E-03  0.88008E-03  0.19246E-04  0.44266E-06  0.41611E-05       2  0.88308E-03  0.00000E+00  0.00000E+00  0.28994E-04  0.67162E-06  0.69755E-04  0.16111E-05  0.17916E-03  0.41572E-05
        0.0399  0.00000E+00 -0.53676E-03  0.00000E+00 -0.22131E-04  0.00000E+00  0.00000E+00  0.96721E-03  0.89317E-03  0.88005E-03  0.19246E-04  0.76791E-06  0.45618E-05       3  0.88309E-03  0.00000E+00  0.00000E+00  0.28138E-04  0.11472E-05  0.68445E-04  0.27679E-05  0.17428E-03  0.71025E-05
        0.0619  0.00000E+00 -0.41184E-03  0.00000E+00 -0.31179E-04  0.00000E+00  0.00000E+00  0.96720E-03  0.89318E-03  0.88000E-03  0.19246E-04  0.11908E-05  0.80162E-05       4  0.88308E-03  0.00000E+00  0.00000E+00  0.26347E-04  0.17260E-05  0.66696E-04  0.42332E-05  0.16872E-03  0.10809E-04
        0.0904  0.00000E+00 -0.32171E-03  0.00000E+00 -0.40367E-04  0.00000E+00  0.00000E+00  0.96716E-03  0.89317E-03  0.87998E-03  0.19246E-04  0.17404E-05  0.11300E-04       5  0.88308E-03  0.00000E+00  0.00000E+00  0.22969E-04  0.23820E-05  0.64062E-04  0.60628E-05  0.16205E-03  0.15437E-04
        0.1276  0.00000E+00 -0.24501E-03  0.00000E+00 -0.49464E-04  0.00000E+00  0.00000E+00  0.96709E-03  0.89318E-03  0.87995E-03  0.19246E-04  0.24550E-05  0.16091E-04       6  0.88308E-03  0.00000E+00  0.00000E+00  0.16909E-04  0.30098E-05  0.60292E-04  0.83014E-05  0.15403E-03  0.21156E-04
        0.1758  0.00000E+00 -0.17988E-03  0.00000E+00 -0.58147E-04  0.00000E+00  0.00000E+00  0.96696E-03  0.89317E-03  0.87993E-03  0.19246E-04  0.33840E-05  0.21378E-04       7  0.88308E-03  0.00000E+00  0.00000E+00  0.66852E-05  0.33325E-05  0.54783E-04  0.10946E-04  0.14398E-03  0.28106E-04
        0.2258  0.00000E+00 -0.12644E-03  0.00000E+00 -0.64468E-04  0.00000E+00  0.00000E+00  0.96680E-03  0.89318E-03  0.87991E-03  0.19246E-04  0.43463E-05  0.26681E-04       8  0.88308E-03  0.00000E+00  0.00000E+00 -0.46122E-05  0.31019E-05  0.48540E-04  0.13373E-04  0.13368E-03  0.34790E-04
        0.2758  0.00000E+00 -0.86460E-04  0.00000E+00 -0.68791E-04  0.00000E+00  0.00000E+00  0.96689E-03  0.89318E-03  0.87990E-03  0.19246E-04  0.53086E-05  0.32301E-04       9  0.88308E-03  0.00000E+00  0.00000E+00  0.57209E-05  0.33880E-05  0.44461E-04  0.15596E-04  0.12447E-03  0.41013E-04
        0.3258  0.00000E+00 -0.55921E-04  0.00000E+00 -0.71587E-04  0.00000E+00  0.00000E+00  0.96788E-03  0.89318E-03  0.87989E-03  0.19246E-04  0.62709E-05  0.45116E-04      10  0.88308E-03  0.00000E+00  0.00000E+00  0.87924E-04  0.77842E-05  0.49473E-04  0.18069E-04  0.12431E-03  0.47229E-04
        0.3758  0.00000E+00 -0.31607E-04  0.00000E+00 -0.73168E-04  0.00000E+00  0.00000E+00  0.96881E-03  0.89319E-03  0.87988E-03  0.19247E-04  0.72333E-05  0.75642E-04      11  0.88308E-03  0.00000E+00  0.00000E+00  0.15012E-03  0.15290E-04  0.59252E-04  0.21032E-04  0.14507E-03  0.54483E-04
        0.4258  0.00000E+00 -0.11475E-04  0.00000E+00 -0.73742E-04  0.00000E+00  0.00000E+00  0.96938E-03  0.89324E-03  0.87987E-03  0.19248E-04  0.81956E-05  0.12212E-03      12  0.88308E-03  0.00000E+00  0.00000E+00  0.19252E-03  0.24916E-04  0.72446E-04  0.24654E-04  0.17730E-03  0.63348E-04
        0.4758  0.00000E+00 -0.11180E-05  0.00000E+00 -0.73797E-04  0.00000E+00  0.00000E+00  0.96972E-03  0.89326E-03  0.87896E-03  0.19248E-04  0.91580E-05  0.17637E-03      13  0.88307E-03  0.00000E+00  0.00000E+00  0.21243E-03  0.35538E-04  0.86402E-04  0.28974E-04  0.21446E-03  0.74070E-04
        0.5258  0.00000E+00  0.00000E+00  0.00000E+00 -0.73797E-04  0.00000E+00  0.00000E+00  0.96987E-03  0.89329E-03  0.87924E-03  0.19249E-04  0.10120E-04  0.23479E-03      14  0.88307E-03  0.00000E+00  0.00000E+00  0.20972E-03  0.46024E-04  0.99424E-04  0.33946E-04  0.25034E-03  0.86588E-04
        0.5758  0.00000E+00  0.00000E+00  0.00000E+00 -0.73797E-04  0.00000E+00  0.00000E+00  0.96965E-03  0.89329E-03  0.87880E-03  0.19249E-04  0.11083E-04  0.29137E-03      15  0.88306E-03  0.00000E+00  0.00000E+00  0.18738E-03  0.55393E-04  0.10917E-03  0.39404E-04  0.27968E-03  0.10057E-03
        0.6258  0.00000E+00  0.00000E+00  0.00000E+00 -0.73797E-04  0.00000E+00  0.00000E+00  0.96921E-03  0.89330E-03  0.87881E-03  0.19249E-04  0.12045E-04  0.33996E-03      16  0.88307E-03  0.00000E+00  0.00000E+00  0.14410E-03  0.62598E-04  0.11368E-03  0.45088E-04  0.29783E-03  0.11546E-03
        0.6758  0.00000E+00  0.00000E+00  0.00000E+00 -0.73797E-04  0.00000E+00  0.00000E+00  0.96847E-03  0.89328E-03  0.87852E-03  0.19249E-04  0.13008E-04  0.37523E-03      17  0.88306E-03  0.00000E+00  0.00000E+00  0.81855E-04  0.66691E-04  0.11221E-03  0.50699E-04  0.30284E-03  0.13061E-03
        0.7258  0.00000E+00  0.00000E+00  0.00000E+00 -0.73797E-04  0.00000E+00  0.00000E+00  0.96750E-03  0.89326E-03  0.87842E-03  0.19248E-04  0.13970E-04  0.39305E-03      18  0.88306E-03  0.00000E+00  0.00000E+00  0.22613E-05  0.66804E-04  0.10329E-03  0.55863E-04  0.29219E-03  0.14521E-03
        0.7758  0.00000E+00  0.00000E+00  0.00000E+00 -0.73797E-04  0.00000E+00  0.00000E+00  0.96730E-03  0.89322E-03  0.87818E-03  0.19247E-04  0.14933E-04  0.39427E-03      19  0.88306E-03  0.00000E+00  0.00000E+00 -0.47326E-05  0.66567E-04  0.95815E-04  0.60654E-04  0.26847E-03  0.15864E-03
        0.8258  0.00000E+00  0.00000E+00  0.00000E+00 -0.73797E-04  0.00000E+00  0.00000E+00  0.96752E-03  0.89319E-03  0.87805E-03  0.19247E-04  0.15895E-04  0.39104E-03      20  0.88306E-03  0.00000E+00  0.00000E+00  0.65645E-05  0.66895E-04  0.89903E-04  0.65149E-04  0.24715E-03  0.17100E-03
        0.8758  0.00000E+00  0.00000E+00  0.00000E+00 -0.73797E-04  0.00000E+00  0.00000E+00  0.96763E-03  0.89320E-03  0.87786E-03  0.19247E-04  0.16857E-04  0.38804E-03      21  0.88305E-03  0.00000E+00  0.00000E+00  0.16763E-04  0.67734E-04  0.85090E-04  0.69404E-04  0.22867E-03  0.18243E-03
        0.9258  0.00000E+00  0.00000E+00  0.00000E+00 -0.73797E-04  0.00000E+00  0.00000E+00  0.96776E-03  0.89320E-03  0.87772E-03  0.19247E-04  0.17820E-04  0.38435E-03      22  0.88305E-03  0.00000E+00  0.00000E+00  0.23959E-04  0.68932E-04  0.81084E-04  0.73458E-04  0.21374E-03  0.19312E-03
        0.9629  0.00000E+00  0.00000E+00  0.00000E+00 -0.73797E-04  0.00000E+00  0.00000E+00  0.96781E-03  0.89320E-03  0.87760E-03  0.19247E-04  0.18533E-04  0.38166E-03      23  0.88305E-03  0.00000E+00  0.00000E+00  0.27101E-04  0.69937E-04  0.78312E-04  0.76362E-04  0.20403E-03  0.20068E-03
        1.0000  0.00000E+00  0.00000E+00  0.00000E+00 -0.73797E-04  0.00000E+00  0.00000E+00  0.96784E-03  0.89320E-03  0.87751E-03  0.19247E-04  0.19247E-04  0.37850E-03      24  0.88305E-03  0.00000E+00  0.00000E+00  0.28121E-04  0.70980E-04  0.75792E-04  0.79173E-04  0.19581E-03  0.20794E-03
end
