 All solute fluxes and cumulative solute fluxes are positive into the region

       Time         cvTop        cvBot      Sum(cvTop)   Sum(cvBot)     cvCh0        cvCh1         cTop        cRoot         cBot        cvRoot    Sum(cvRoot)  Sum(cvNEql) TLevel      cGWL        cRunOff   Sum(cRunOff)    (cv(i),    Sum(cv(i)), i=1,NObs)
        [T]        [M/L2/T]     [M/L2/T]      [M/L2]       [M/L2]       [M/L2]      [M/L2]        [M/L3]      [M/L3]        [M/L3]      [M/L2/T]      [M/L2]       [M/L2]              [M/L3]        [M/L2]      [M/L3]      [M/L2/T]      [M/L2]
        0.0100  0.00000E+00 -0.25364E-03  0.00000E+00 -0.25364E-05  0.00000E+00  0.00000E+00  0.10421E-02  0.91430E-03  0.87755E-03  0.19401E-04  0.19401E-06  0.19089E-06       1  0.88322E-03  0.00000E+00  0.00000E+00  0.28999E-04  0.28999E-06 -0.16623E-04 -0.16623E-06 -0.95459E-04 -0.95459E-06
        0.0230  0.00000E+00 -0.47853E-03  0.00000E+00 -0.87574E-05  0.00000E+00  0.00000E+00  0.10420E-02  0.91432E-03  0.87738E-03  0.19401E-04  0.44622E-06  0.61848E-05       2  0.88320E-03  0.00000E+00  0.00000E+00  0.28855E-04  0.66511E-06 -0.10879E-03 -0.15804E-05 -0.18027E-03 -0.32981E-05
        0.0399  0.00000E+00 -0.42030E-03  0.00000E+00 -0.15860E-04  0.00000E+00  0.00000E+00  0.10420E-02  0.91426E-03  0.87738E-03  0.19400E-04  0.77408E-06  0.93961E-05       3  0.88321E-03  0.00000E+00  0.00000E+00  0.28153E-04  0.11409E-05 -0.19714E-03 -0.49120E-05 -0.23217E-03 -0.72217E-05
        0.0619  0.00000E+00 -0.36695E-03  0.00000E+00 -0.23922E-04  0.00000E+00  0.00000E+00  0.10420E-02  0.91428E-03  0.87732E-03  0.19400E-04  0.12003E-05  0.15137E-04       4  0.88320E-03  0.00000E+00  0.00000E+00  0.26694E-04  0.17274E-05 -0.22363E-03 -0.98253E-05 -0.22993E-03 -0.12273E-04
        0.0904  0.00000E+00 -0.31825E-03  0.00000E+00 -0.33012E-04  0.00000E+00  0.00000E+00  0.10419E-02  0.91428E-03  0.87730E-03  0.19400E-04  0.17544E-05  0.21472E-04       5  0.88321E-03  0.00000E+00  0.00000E+00  0.23914E-04  0.24104E-05 -0.21724E-03 -0.16030E-04 -0.20946E-03 -0.18256E-04
        0.1276  0.00000E+00 -0.26879E-03  0.00000E+00 -0.42992E-04  0.00000E+00  0.00000E+00  0.10419E-02  0.91428E-03  0.87726E-03  0.19400E-04  0.24747E-05  0.29475E-04       6  0.88321E-03  0.00000E+00  0.00000E+00  0.18936E-04  0.31134E-05 -0.19098E-03 -0.23121E-04 -0.17748E-03 -0.24846E-04
        0.1758  0.00000E+00 -0.21952E-03  0.00000E+00 -0.53588E-04  0.00000E+00  0.00000E+00  0.10418E-02  0.91428E-03  0.87723E-03  0.19400E-04  0.34111E-05  0.38494E-04       7  0.88320E-03  0.00000E+00  0.00000E+00  0.10561E-04  0.36232E-05 -0.16023E-03 -0.30855E-04 -0.14281E-03 -0.31739E-04
        0.2258  0.00000E+00 -0.17511E-03  0.00000E+00 -0.62343E-04  0.00000E+00  0.00000E+00  0.10417E-02  0.91428E-03  0.87719E-03  0.19400E-04  0.43811E-05  0.47078E-04       8  0.88320E-03  0.00000E+00  0.00000E+00  0.72813E-06  0.36596E-05 -0.13808E-03 -0.37759E-04 -0.11576E-03 -0.37526E-04
        0.2758  0.00000E+00 -0.13903E-03  0.00000E+00 -0.69295E-04  0.00000E+00  0.00000E+00  0.10418E-02  0.91428E-03  0.87717E-03  0.19400E-04  0.53511E-05  0.55500E-04       9  0.88320E-03  0.00000E+00  0.00000E+00  0.12875E-04  0.43034E-05 -0.10555E-03 -0.43036E-04 -0.89952E-04 -0.42024E-04
        0.3258  0.00000E+00 -0.10510E-03  0.00000E+00 -0.74550E-04  0.00000E+00  0.00000E+00  0.10426E-02  0.91428E-03  0.87714E-03  0.19400E-04  0.63211E-05  0.66739E-04      10  0.88320E-03  0.00000E+00  0.00000E+00  0.92814E-04  0.89441E-05 -0.17839E-04 -0.43928E-04 -0.47486E-04 -0.44398E-04
        0.3758  0.00000E+00 -0.67864E-04  0.00000E+00 -0.77943E-04  0.00000E+00  0.00000E+00  0.10433E-02  0.91429E-03  0.87711E-03  0.19400E-04  0.72911E-05  0.80890E-04      11  0.88320E-03  0.00000E+00  0.00000E+00  0.15617E-03  0.16752E-04 -0.94891E-05 -0.44402E-04 -0.38716E-06 -0.44418E-04
        0.4258  0.00000E+00 -0.27339E-04  0.00000E+00 -0.79310E-04  0.00000E+00  0.00000E+00  0.10438E-02  0.91429E-03  0.87707E-03  0.19400E-04  0.82611E-05  0.96830E-04      12  0.88320E-03  0.00000E+00  0.00000E+00  0.20051E-03  0.26778E-04 -0.17748E-05 -0.44491E-04  0.38369E-04 -0.42499E-04
        0.4758  0.00000E+00 -0.31991E-05  0.00000E+00 -0.79470E-04  0.00000E+00  0.00000E+00  0.10442E-02  0.91429E-03  0.87445E-03  0.19400E-04  0.92312E-05  0.10688E-03      13  0.88319E-03  0.00000E+00  0.00000E+00  0.22217E-03  0.37887E-04  0.39068E-05 -0.44296E-04  0.71372E-04 -0.38931E-04
        0.5258  0.00000E+00  0.00000E+00  0.00000E+00 -0.79470E-04  0.00000E+00  0.00000E+00  0.10442E-02  0.91429E-03  0.87543E-03  0.19400E-04  0.10201E-04  0.11373E-03      14  0.88320E-03  0.00000E+00  0.00000E+00  0.22116E-03  0.48944E-04  0.71663E-05 -0.43938E-04  0.95556E-04 -0.34153E-04
        0.5758  0.00000E+00  0.00000E+00  0.00000E+00 -0.79470E-04  0.00000E+00  0.00000E+00  0.10441E-02  0.91429E-03  0.87433E-03  0.19400E-04  0.11171E-04  0.11917E-03      15  0.88319E-03  0.00000E+00  0.00000E+00  0.19712E-03  0.58800E-04  0.74296E-05 -0.43566E-04  0.10794E-03 -0.28756E-04
        0.6258  0.00000E+00  0.00000E+00  0.00000E+00 -0.79470E-04  0.00000E+00  0.00000E+00  0.10437E-02  0.91429E-03  0.87470E-03  0.19400E-04  0.12141E-04  0.12063E-03      16  0.88319E-03  0.00000E+00  0.00000E+00  0.15190E-03  0.66395E-04  0.48037E-05 -0.43326E-04  0.10759E-03 -0.23377E-04
        0.6758  0.00000E+00  0.00000E+00  0.00000E+00 -0.79470E-04  0.00000E+00  0.00000E+00  0.10431E-02  0.91429E-03  0.87427E-03  0.19400E-04  0.13111E-04  0.11928E-03      17  0.88319E-03  0.00000E+00  0.00000E+00  0.87919E-04  0.70791E-04 -0.53353E-06 -0.43353E-04  0.94471E-04 -0.18653E-04
        0.7258  0.00000E+00  0.00000E+00  0.00000E+00 -0.79470E-04  0.00000E+00  0.00000E+00  0.10423E-02  0.91428E-03  0.87457E-03  0.19400E-04  0.14081E-04  0.11402E-03      18  0.88319E-03  0.00000E+00  0.00000E+00  0.93745E-05  0.71260E-04 -0.79862E-05 -0.43752E-04  0.69783E-04 -0.15164E-04
        0.7758  0.00000E+00  0.00000E+00  0.00000E+00 -0.79470E-04  0.00000E+00  0.00000E+00  0.10421E-02  0.91428E-03  0.87451E-03  0.19400E-04  0.15051E-04  0.10869E-03      19  0.88319E-03  0.00000E+00  0.00000E+00  0.65038E-06  0.71292E-04 -0.11143E-04 -0.44309E-04  0.53126E-04 -0.12508E-04
        0.8258  0.00000E+00  0.00000E+00  0.00000E+00 -0.79470E-04  0.00000E+00  0.00000E+00  0.10423E-02  0.91428E-03  0.87474E-03  0.19400E-04  0.16021E-04  0.10432E-03      20  0.88319E-03  0.00000E+00  0.00000E+00  0.10355E-04  0.71810E-04 -0.12174E-04 -0.44918E-04  0.43285E-04 -0.10343E-04
        0.8758  0.00000E+00  0.00000E+00  0.00000E+00 -0.79470E-04  0.00000E+00  0.00000E+00  0.10423E-02  0.91428E-03  0.87473E-03  0.19400E-04  0.16991E-04  0.10102E-03      21  0.88319E-03  0.00000E+00  0.00000E+00  0.18812E-04  0.72751E-04 -0.12353E-04 -0.45535E-04  0.37964E-04 -0.84453E-05
        0.9258  0.00000E+00  0.00000E+00  0.00000E+00 -0.79470E-04  0.00000E+00  0.00000E+00  0.10424E-02  0.91428E-03  0.87485E-03  0.19400E-04  0.17961E-04  0.98334E-04      22  0.88319E-03  0.00000E+00  0.00000E+00  0.24814E-04  0.73992E-04 -0.12344E-04 -0.46153E-04  0.34643E-04 -0.67131E-05
        0.9629  0.00000E+00  0.00000E+00  0.00000E+00 -0.79470E-04  0.00000E+00  0.00000E+00  0.10425E-02  0.91428E-03  0.87485E-03  0.19400E-04  0.18681E-04  0.96679E-04      23  0.88319E-03  0.00000E+00  0.00000E+00  0.27453E-04  0.75010E-04 -0.12375E-04 -0.46612E-04  0.32663E-04 -0.55018E-05
        1.0000  0.00000E+00  0.00000E+00  0.00000E+00 -0.79470E-04  0.00000E+00  0.00000E+00  0.10425E-02  0.91428E-03  0.87490E-03  0.19400E-04  0.19400E-04  0.95172E-04      24  0.88319E-03  0.00000E+00  0.00000E+00  0.28328E-04  0.76060E-04 -0.12480E-04 -0.47074E-04  0.30938E-04 -0.43544E-05
end
