 All solute fluxes and cumulative solute fluxes are positive into the region

       Time         cvTop        cvBot      Sum(cvTop)   Sum(cvBot)     cvCh0        cvCh1         cTop        cRoot         cBot        cvRoot    Sum(cvRoot)  Sum(cvNEql) TLevel      cGWL        cRunOff   Sum(cRunOff)    (cv(i),    Sum(cv(i)), i=1,NObs)
        [T]        [M/L2/T]     [M/L2/T]      [M/L2]       [M/L2]       [M/L2]      [M/L2]        [M/L3]      [M/L3]        [M/L3]      [M/L2/T]      [M/L2]       [M/L2]              [M/L3]        [M/L2]      [M/L3]      [M/L2/T]      [M/L2]
        0.0100  0.00000E+00 -0.22302E-02  0.00000E+00 -0.22302E-04  0.00000E+00  0.00000E+00  0.10572E-02  0.10615E-02  0.88176E-03  0.36309E-05  0.36309E-07  0.32722E-05       1  0.88315E-03  0.00000E+00  0.00000E+00  0.13686E-03  0.13686E-05 -0.44747E-03 -0.44747E-05 -0.27332E-03 -0.27332E-05
        0.0200  0.00000E+00 -0.29420E-02  0.00000E+00 -0.51721E-04  0.00000E+00  0.00000E+00  0.10572E-02  0.10611E-02  0.88182E-03  0.36298E-05  0.72607E-07  0.10000E-04       2  0.88314E-03  0.00000E+00  0.00000E+00  0.12270E-03  0.25956E-05 -0.43675E-03 -0.88422E-05 -0.27168E-03 -0.54500E-05
        0.0330  0.00000E+00 -0.25737E-02  0.00000E+00 -0.85179E-04  0.00000E+00  0.00000E+00  0.10570E-02  0.10612E-02  0.88177E-03  0.36301E-05  0.11980E-06  0.91600E-05       3  0.88314E-03  0.00000E+00  0.00000E+00  0.92049E-04  0.37922E-05 -0.42831E-03 -0.14410E-04 -0.26891E-03 -0.89458E-05
        0.0499  0.00000E+00 -0.22847E-02  0.00000E+00 -0.12379E-03  0.00000E+00  0.00000E+00  0.10564E-02  0.10612E-02  0.88176E-03  0.36300E-05  0.18115E-06  0.10178E-04       4  0.88314E-03  0.00000E+00  0.00000E+00  0.28670E-04  0.42767E-05 -0.43680E-03 -0.21792E-04 -0.26607E-03 -0.13442E-04
        0.0719  0.00000E+00 -0.20764E-02  0.00000E+00 -0.16941E-03  0.00000E+00  0.00000E+00  0.10554E-02  0.10612E-02  0.88174E-03  0.36300E-05  0.26090E-06  0.91352E-05       5  0.88314E-03  0.00000E+00  0.00000E+00 -0.68123E-04  0.27801E-05 -0.49005E-03 -0.32559E-04 -0.26512E-03 -0.19267E-04
        0.1004  0.00000E+00 -0.18974E-02  0.00000E+00 -0.22360E-03  0.00000E+00  0.00000E+00  0.10539E-02  0.10612E-02  0.88173E-03  0.36300E-05  0.36457E-06  0.31409E-05       6  0.88314E-03  0.00000E+00  0.00000E+00 -0.21348E-03 -0.33171E-05 -0.64238E-03 -0.50906E-04 -0.27212E-03 -0.27039E-04
        0.1376  0.00000E+00 -0.17417E-02  0.00000E+00 -0.28827E-03  0.00000E+00  0.00000E+00  0.10517E-02  0.10612E-02  0.88172E-03  0.36300E-05  0.49935E-06 -0.16015E-04       7  0.88314E-03  0.00000E+00  0.00000E+00 -0.42710E-03 -0.19175E-04 -0.99246E-03 -0.87755E-04 -0.30075E-03 -0.38206E-04
        0.1858  0.00000E+00 -0.15981E-02  0.00000E+00 -0.36541E-03  0.00000E+00  0.00000E+00  0.10489E-02  0.10611E-02  0.88171E-03  0.36299E-05  0.67456E-06 -0.64780E-04       8  0.88314E-03  0.00000E+00  0.00000E+00 -0.71370E-03 -0.53624E-04 -0.16940E-02 -0.16952E-03 -0.37923E-03 -0.56511E-04
        0.2358  0.00000E+00 -0.14729E-02  0.00000E+00 -0.43905E-03  0.00000E+00  0.00000E+00  0.10462E-02  0.10611E-02  0.88170E-03  0.36297E-05  0.85604E-06 -0.14436E-03       9  0.88314E-03  0.00000E+00  0.00000E+00 -0.99580E-03 -0.10341E-03 -0.26215E-02 -0.30060E-03 -0.50669E-03 -0.81845E-04
        0.2858  0.00000E+00 -0.13718E-02  0.00000E+00 -0.50764E-03  0.00000E+00  0.00000E+00  0.10446E-02  0.10611E-02  0.88170E-03  0.36296E-05  0.10375E-05 -0.24444E-03      10  0.88313E-03  0.00000E+00  0.00000E+00 -0.11728E-02 -0.16205E-03 -0.36046E-02 -0.48082E-03 -0.67293E-03 -0.11549E-03
        0.3358  0.00000E+00 -0.12895E-02  0.00000E+00 -0.57212E-03  0.00000E+00  0.00000E+00  0.10439E-02  0.10611E-02  0.88170E-03  0.36297E-05  0.12190E-05 -0.35168E-03      11  0.88313E-03  0.00000E+00  0.00000E+00 -0.12413E-02 -0.22412E-03 -0.44093E-02 -0.70129E-03 -0.85152E-03 -0.15807E-03
        0.3858  0.00000E+00 -0.12213E-02  0.00000E+00 -0.63318E-03  0.00000E+00  0.00000E+00  0.10432E-02  0.10611E-02  0.88170E-03  0.36296E-05  0.14005E-05 -0.46340E-03      12  0.88313E-03  0.00000E+00  0.00000E+00 -0.12913E-02 -0.28868E-03 -0.50570E-02 -0.95414E-03 -0.10268E-02 -0.20941E-03
        0.4358  0.00000E+00 -0.11645E-02  0.00000E+00 -0.69141E-03  0.00000E+00  0.00000E+00  0.10427E-02  0.10610E-02  0.88169E-03  0.36294E-05  0.15820E-05 -0.57871E-03      13  0.88313E-03  0.00000E+00  0.00000E+00 -0.13224E-02 -0.35480E-03 -0.55536E-02 -0.12318E-02 -0.11877E-02 -0.26879E-03
        0.4858  0.00000E+00 -0.11177E-02  0.00000E+00 -0.74729E-03  0.00000E+00  0.00000E+00  0.10423E-02  0.10609E-02  0.88169E-03  0.36293E-05  0.17634E-05 -0.69459E-03      14  0.88313E-03  0.00000E+00  0.00000E+00 -0.13310E-02 -0.42135E-03 -0.59205E-02 -0.15278E-02 -0.13283E-02 -0.33521E-03
        0.5358  0.00000E+00 -0.10800E-02  0.00000E+00 -0.80129E-03  0.00000E+00  0.00000E+00  0.10421E-02  0.10609E-02  0.88169E-03  0.36291E-05  0.19449E-05 -0.80905E-03      15  0.88313E-03  0.00000E+00  0.00000E+00 -0.13175E-02 -0.48723E-03 -0.61574E-02 -0.18357E-02 -0.14448E-02 -0.40745E-03
        0.5858  0.00000E+00 -0.10511E-02  0.00000E+00 -0.85385E-03  0.00000E+00  0.00000E+00  0.10421E-02  0.10608E-02  0.88169E-03  0.36291E-05  0.21263E-05 -0.91919E-03      16  0.88313E-03  0.00000E+00  0.00000E+00 -0.12817E-02 -0.55132E-03 -0.62698E-02 -0.21492E-02 -0.15347E-02 -0.48419E-03
        0.6358  0.00000E+00 -0.10308E-02  0.00000E+00 -0.90539E-03  0.00000E+00  0.00000E+00  0.10423E-02  0.10608E-02  0.88170E-03  0.36289E-05  0.23078E-05 -0.10232E-02      17  0.88313E-03  0.00000E+00  0.00000E+00 -0.12266E-02 -0.61265E-03 -0.62649E-02 -0.24624E-02 -0.15973E-02 -0.56405E-03
        0.6858  0.00000E+00 -0.10185E-02  0.00000E+00 -0.95632E-03  0.00000E+00  0.00000E+00  0.10426E-02  0.10608E-02  0.88170E-03  0.36289E-05  0.24892E-05 -0.11193E-02      18  0.88313E-03  0.00000E+00  0.00000E+00 -0.11556E-02 -0.67043E-03 -0.61589E-02 -0.27704E-02 -0.16330E-02 -0.64571E-03
        0.7358  0.00000E+00 -0.10136E-02  0.00000E+00 -0.10070E-02  0.00000E+00  0.00000E+00  0.10430E-02  0.10608E-02  0.88170E-03  0.36289E-05  0.26707E-05 -0.12068E-02      19  0.88313E-03  0.00000E+00  0.00000E+00 -0.10743E-02 -0.72414E-03 -0.59714E-02 -0.30690E-02 -0.16367E-02 -0.72754E-03
        0.7858  0.00000E+00 -0.10155E-02  0.00000E+00 -0.10578E-02  0.00000E+00  0.00000E+00  0.10450E-02  0.10608E-02  0.88171E-03  0.36288E-05  0.28521E-05 -0.12664E-02      20  0.88313E-03  0.00000E+00  0.00000E+00 -0.80898E-03 -0.76459E-03 -0.53442E-02 -0.33362E-02 -0.15720E-02 -0.80614E-03
        0.8358  0.00000E+00 -0.10232E-02  0.00000E+00 -0.11089E-02  0.00000E+00  0.00000E+00  0.10471E-02  0.10609E-02  0.88171E-03  0.36294E-05  0.30336E-05 -0.12960E-02      21  0.88313E-03  0.00000E+00  0.00000E+00 -0.52787E-03 -0.79098E-03 -0.44977E-02 -0.35610E-02 -0.14435E-02 -0.87832E-03
        0.8858  0.00000E+00 -0.10354E-02  0.00000E+00 -0.11607E-02  0.00000E+00  0.00000E+00  0.10493E-02  0.10609E-02  0.88171E-03  0.36293E-05  0.32150E-05 -0.13041E-02      22  0.88313E-03  0.00000E+00  0.00000E+00 -0.25269E-03 -0.80362E-03 -0.35819E-02 -0.37401E-02 -0.12754E-02 -0.94209E-03
        0.9358  0.00000E+00 -0.10505E-02  0.00000E+00 -0.12132E-02  0.00000E+00  0.00000E+00  0.10513E-02  0.10611E-02  0.88172E-03  0.36297E-05  0.33965E-05 -0.12956E-02      23  0.88313E-03  0.00000E+00  0.00000E+00 -0.26930E-04 -0.80497E-03 -0.27546E-02 -0.38779E-02 -0.10969E-02 -0.99693E-03
        0.9679  0.00000E+00 -0.10640E-02  0.00000E+00 -0.12474E-02  0.00000E+00  0.00000E+00  0.10524E-02  0.10610E-02  0.88172E-03  0.36295E-05  0.35130E-05 -0.12872E-02      24  0.88313E-03  0.00000E+00  0.00000E+00  0.10666E-03 -0.80154E-03 -0.22971E-02 -0.39516E-02 -0.98915E-03 -0.10287E-02
        1.0000  0.00000E+00 -0.10748E-02  0.00000E+00 -0.12819E-02  0.00000E+00  0.00000E+00  0.10530E-02  0.10611E-02  0.88172E-03  0.36296E-05  0.36294E-05 -0.12777E-02      25  0.88313E-03  0.00000E+00  0.00000E+00  0.15591E-03 -0.79654E-03 -0.19420E-02 -0.40139E-02 -0.89147E-03 -0.10573E-02
end
