 ******* Program HYDRUS
 ******* 
 Welcome to HYDRUS-1D                                                    
 Date:  29. 3.2022    Time:  17:26:55
 Units: L = cm   , T = days , M = mg   

       Time          rTop        rRoot        vTop         vRoot        vBot       sum(rTop)   sum(rRoot)    sum(vTop)   sum(vRoot)    sum(vBot)      hTop         hRoot        hBot        RunOff    sum(RunOff)     Volume     sum(Infil)    sum(Evap) TLevel Cum(WTrans)  SnowLayer
        [T]         [L/T]        [L/T]        [L/T]        [L/T]        [L/T]         [L]          [L]          [L]         [L]           [L]         [L]           [L]         [L]          [L/T]         [L]          [L]          [L]          [L]

       0.0100  0.74995E-01  0.19254E-01  0.74995E-01  0.18834E-01 -0.11237E+01  0.74995E-03  0.19254E-03  0.74995E-03  0.18834E-03 -0.11237E-01 -0.26305E+03 -0.21039E+03  0.56401E+02  0.00000E+00  0.00000E+00  0.99027E+02  0.00000E+00  0.74995E-03      1  0.00000E+00      0.000
       0.0230  0.74995E-01  0.19254E-01  0.74993E-01  0.18835E-01 -0.83506E+00  0.17249E-02  0.44284E-03  0.17249E-02  0.43320E-03 -0.22093E-01 -0.26281E+03 -0.21033E+03  0.56401E+02  0.00000E+00  0.00000E+00  0.99015E+02  0.00000E+00  0.17249E-02      2  0.00000E+00      0.000
       0.0399  0.74995E-01  0.19254E-01  0.74995E-01  0.18836E-01 -0.58448E+00  0.29923E-02  0.76822E-03  0.29923E-02  0.75152E-03 -0.31971E-01 -0.26248E+03 -0.21024E+03  0.56401E+02  0.00000E+00  0.00000E+00  0.99004E+02  0.00000E+00  0.29923E-02      3  0.00000E+00      0.000
       0.0619  0.74995E-01  0.19254E-01  0.74999E-01  0.18837E-01 -0.44245E+00  0.46400E-02  0.11912E-02  0.46400E-02  0.11654E-02 -0.41691E-01 -0.26210E+03 -0.21014E+03  0.56401E+02  0.00000E+00  0.00000E+00  0.98992E+02  0.00000E+00  0.46400E-02      4  0.00000E+00      0.000
       0.0904  0.74995E-01  0.19254E-01  0.74997E-01  0.18838E-01 -0.32363E+00  0.67819E-02  0.17411E-02  0.67820E-02  0.17034E-02 -0.50935E-01 -0.26165E+03 -0.21000E+03  0.56401E+02  0.00000E+00  0.00000E+00  0.98980E+02  0.00000E+00  0.67820E-02      5  0.00000E+00      0.000
       0.1276  0.74995E-01  0.19254E-01  0.74992E-01  0.18839E-01 -0.23134E+00  0.95664E-02  0.24560E-02  0.95664E-02  0.24029E-02 -0.59524E-01 -0.26113E+03 -0.20982E+03  0.56401E+02  0.00000E+00  0.00000E+00  0.98968E+02  0.00000E+00  0.95664E-02      6  0.00000E+00      0.000
       0.1758  0.74995E-01  0.19254E-01  0.74994E-01  0.18841E-01 -0.15275E+00  0.13186E-01  0.33853E-02  0.13186E-01  0.33123E-02 -0.66897E-01 -0.26053E+03 -0.20961E+03  0.56401E+02  0.00000E+00  0.00000E+00  0.98956E+02  0.00000E+00  0.13186E-01      7  0.00000E+00      0.000
       0.2386  0.74995E-01  0.19254E-01  0.74993E-01  0.18844E-01 -0.86657E-01  0.17892E-01  0.45935E-02  0.17892E-01  0.44947E-02 -0.72335E-01 -0.25985E+03 -0.20936E+03  0.56401E+02  0.00000E+00  0.00000E+00  0.98945E+02  0.00000E+00  0.17892E-01      8  0.00000E+00      0.000
       0.3232  0.38134E+00  0.97902E-01  0.38134E+00  0.95797E-01 -0.28848E-01  0.50155E-01  0.12876E-01  0.50155E-01  0.12599E-01 -0.74775E-01 -0.26548E+03 -0.20977E+03  0.56401E+02  0.00000E+00  0.00000E+00  0.98909E+02  0.00000E+00  0.50155E-01      9  0.00000E+00      0.000
       0.4360  0.79074E+00  0.20301E+00  0.79074E+00  0.19844E+00  0.21222E-01  0.13935E+00  0.35776E-01  0.13935E+00  0.34985E-01 -0.72381E-01 -0.27874E+03 -0.21200E+03  0.56401E+02  0.00000E+00  0.00000E+00  0.98811E+02  0.00000E+00  0.13935E+00     10  0.00000E+00      0.000
       0.5770  0.76073E+00  0.19530E+00  0.76073E+00  0.19066E+00  0.64992E-01  0.24662E+00  0.63315E-01  0.24662E+00  0.61869E-01 -0.63217E-01 -0.28712E+03 -0.21517E+03  0.56401E+02  0.00000E+00  0.00000E+00  0.98685E+02  0.00000E+00  0.24662E+00     11  0.00000E+00      0.000
       0.7885  0.74995E-01  0.19254E-01  0.74996E-01  0.18798E-01  0.11418E+00  0.26248E+00  0.67387E-01  0.26248E+00  0.65844E-01 -0.39068E-01 -0.27298E+03 -0.21577E+03  0.56401E+02  0.00000E+00  0.00000E+00  0.98653E+02  0.00000E+00  0.26248E+00     12  0.00000E+00      0.000
       1.0000  0.74995E-01  0.19254E-01  0.74997E-01  0.18809E-01  0.14922E+00  0.27834E+00  0.71460E-01  0.27834E+00  0.69823E-01 -0.75082E-02 -0.26816E+03 -0.21465E+03  0.56401E+02  0.00000E+00  0.00000E+00  0.98665E+02  0.00000E+00  0.27834E+00     13  0.00000E+00      0.000
end
