 ******* Program HYDRUS
 ******* 
 Welcome to HYDRUS-1D                                                    
 Date:   4. 3.2022    Time:  19:32: 6
 Units: L = cm   , T = days , M = mg   

----------------------------------------------------------
 Time       [T]        0.0000
----------------------------------------------------------
 Sub-region num.                     1
----------------------------------------------------------
 Length   [L]        0.30000E+03  0.30000E+03
 W-volume [L]        0.99212E+02  0.99212E+02
 In-flow  [L/T]      0.00000E+00  0.00000E+00
 h Mean   [L]       -0.94834E+02 -0.94834E+02
 ConcVol  [M/L2] 1   0.87385E+00  0.87385E+00
 cMean    [M/L3] 1   0.88145E-02  0.88145E-02
 SorbVolIm[M/L2] 1   0.43251E+02  0.43251E+02
 sMeanIm  [-]    1   0.99428E-01  0.99428E-01
 Top Flux [L/T]      0.19568E-01
 Bot Flux [L/T]     -0.28976E+00
----------------------------------------------------------

----------------------------------------------------------
 Time       [T]        1.0000
----------------------------------------------------------
 Sub-region num.                     1
----------------------------------------------------------
 Length   [L]        0.30000E+03  0.30000E+03
 W-volume [L]        0.98493E+02  0.98493E+02
 In-flow  [L/T]     -0.17976E+00 -0.17976E+00
 h Mean   [L]       -0.10098E+03 -0.10098E+03
 ConcVol  [M/L2] 1   0.86736E+00  0.86736E+00
 cMean    [M/L3] 1   0.88136E-02  0.88136E-02
 SorbVolIm[M/L2] 1   0.43255E+02  0.43255E+02
 sMeanIm  [-]    1   0.99436E-01  0.99436E-01
 Top Flux [L/T]      0.41391E-01
 Bot Flux [L/T]     -0.45317E-01
 WatBalT  [L]       -0.10120E+00
 WatBalR  [%]             13.854
 CncBalT  [M]    1   0.87738E-04
 CncBalR  [%]    1         1.328
----------------------------------------------------------
 
 Calculation time [sec]  0.000000000000000E+000
