 All solute fluxes and cumulative solute fluxes are positive into the region

       Time         cvTop        cvBot      Sum(cvTop)   Sum(cvBot)     cvCh0        cvCh1         cTop        cRoot         cBot        cvRoot    Sum(cvRoot)  Sum(cvNEql) TLevel      cGWL        cRunOff   Sum(cRunOff)    (cv(i),    Sum(cv(i)), i=1,NObs)
        [T]        [M/L2/T]     [M/L2/T]      [M/L2]       [M/L2]       [M/L2]      [M/L2]        [M/L3]      [M/L3]        [M/L3]      [M/L2/T]      [M/L2]       [M/L2]              [M/L3]        [M/L2]      [M/L3]      [M/L2/T]      [M/L2]
        0.0100  0.00000E+00  0.00000E+00  0.00000E+00  0.00000E+00  0.00000E+00  0.00000E+00  0.27620E-02  0.26062E-02  0.24855E-02  0.16909E-03  0.16909E-05  0.11333E-04       1  0.25254E-02  0.00000E+00  0.00000E+00  0.85517E-04  0.85517E-06 -0.41170E-03 -0.41170E-05 -0.33255E-03 -0.33255E-05
        0.0200  0.00000E+00  0.00000E+00  0.00000E+00  0.00000E+00  0.00000E+00  0.00000E+00  0.27623E-02  0.26060E-02  0.24603E-02  0.16908E-03  0.33818E-05 -0.30909E-05       2  0.25247E-02  0.00000E+00  0.00000E+00  0.45760E-04  0.13128E-05 -0.39115E-03 -0.80284E-05 -0.31945E-03 -0.65200E-05
        0.0330  0.00000E+00  0.00000E+00  0.00000E+00  0.00000E+00  0.00000E+00  0.00000E+00  0.27617E-02  0.26059E-02  0.24555E-02  0.16908E-03  0.55798E-05 -0.31708E-04       3  0.25246E-02  0.00000E+00  0.00000E+00  0.37813E-05  0.13619E-05 -0.36714E-03 -0.12801E-04 -0.30073E-03 -0.10430E-04
        0.0499  0.00000E+00  0.00000E+00  0.00000E+00  0.00000E+00  0.00000E+00  0.00000E+00  0.27598E-02  0.26059E-02  0.24593E-02  0.16908E-03  0.84373E-05 -0.70147E-04       4  0.25247E-02  0.00000E+00  0.00000E+00 -0.54938E-04  0.43347E-06 -0.35607E-03 -0.18819E-04 -0.28015E-03 -0.15164E-04
        0.0719  0.00000E+00  0.00000E+00  0.00000E+00  0.00000E+00  0.00000E+00  0.00000E+00  0.27563E-02  0.26059E-02  0.24648E-02  0.16908E-03  0.12152E-04 -0.11751E-03       5  0.25249E-02  0.00000E+00  0.00000E+00 -0.15800E-03 -0.30379E-05 -0.37833E-03 -0.27131E-04 -0.26110E-03 -0.20900E-04
        0.1004  0.00000E+00  0.00000E+00  0.00000E+00  0.00000E+00  0.00000E+00  0.00000E+00  0.27503E-02  0.26059E-02  0.24701E-02  0.16908E-03  0.16981E-04 -0.17949E-03       6  0.25250E-02  0.00000E+00  0.00000E+00 -0.32090E-03 -0.12203E-04 -0.48192E-03 -0.40895E-04 -0.25674E-03 -0.28233E-04
        0.1376  0.00000E+00  0.00000E+00  0.00000E+00  0.00000E+00  0.00000E+00  0.00000E+00  0.27412E-02  0.26058E-02  0.24746E-02  0.16908E-03  0.23259E-04 -0.27315E-03       7  0.25251E-02  0.00000E+00  0.00000E+00 -0.55290E-03 -0.32732E-04 -0.75596E-03 -0.68963E-04 -0.29554E-03 -0.39207E-04
        0.1858  0.00000E+00  0.00000E+00  0.00000E+00  0.00000E+00  0.00000E+00  0.00000E+00  0.27294E-02  0.26057E-02  0.24788E-02  0.16907E-03  0.31420E-04 -0.43500E-03       8  0.25253E-02  0.00000E+00  0.00000E+00 -0.85921E-03 -0.74204E-04 -0.13604E-02 -0.13463E-03 -0.43801E-03 -0.60348E-04
        0.2358  0.00000E+00  0.00000E+00  0.00000E+00  0.00000E+00  0.00000E+00  0.00000E+00  0.27182E-02  0.26056E-02  0.24819E-02  0.16907E-03  0.39873E-04 -0.65991E-03       9  0.25254E-02  0.00000E+00  0.00000E+00 -0.11675E-02 -0.13258E-03 -0.22440E-02 -0.24683E-03 -0.69821E-03 -0.95259E-04
        0.2858  0.00000E+00  0.00000E+00  0.00000E+00  0.00000E+00  0.00000E+00  0.00000E+00  0.27088E-02  0.26055E-02  0.24844E-02  0.16906E-03  0.48326E-04 -0.94258E-03      10  0.25255E-02  0.00000E+00  0.00000E+00 -0.14381E-02 -0.20449E-03 -0.33479E-02 -0.41422E-03 -0.10714E-02 -0.14883E-03
        0.3358  0.00000E+00  0.00000E+00  0.00000E+00  0.00000E+00  0.00000E+00  0.00000E+00  0.27014E-02  0.26055E-02  0.24864E-02  0.16906E-03  0.56779E-04 -0.12650E-02      11  0.25255E-02  0.00000E+00  0.00000E+00 -0.16568E-02 -0.28733E-03 -0.45113E-02 -0.63978E-03 -0.15033E-02 -0.22400E-03
        0.3858  0.00000E+00  0.00000E+00  0.00000E+00  0.00000E+00  0.00000E+00  0.00000E+00  0.26960E-02  0.26057E-02  0.24883E-02  0.16907E-03  0.65233E-04 -0.15985E-02      12  0.25255E-02  0.00000E+00  0.00000E+00 -0.18431E-02 -0.37948E-03 -0.56446E-02 -0.92201E-03 -0.19685E-02 -0.32242E-03
        0.4358  0.00000E+00  0.00000E+00  0.00000E+00  0.00000E+00  0.00000E+00  0.00000E+00  0.26915E-02  0.26061E-02  0.24900E-02  0.16909E-03  0.73687E-04 -0.19302E-02      13  0.25256E-02  0.00000E+00  0.00000E+00 -0.19583E-02 -0.47740E-03 -0.66752E-02 -0.12558E-02 -0.24420E-02 -0.44452E-03
        0.4858  0.00000E+00  0.00000E+00  0.00000E+00  0.00000E+00  0.00000E+00  0.00000E+00  0.26893E-02  0.26064E-02  0.24918E-02  0.16911E-03  0.82142E-04 -0.22535E-02      14  0.25256E-02  0.00000E+00  0.00000E+00 -0.20177E-02 -0.57828E-03 -0.74719E-02 -0.16294E-02 -0.28867E-02 -0.58886E-03
        0.5358  0.00000E+00  0.00000E+00  0.00000E+00  0.00000E+00  0.00000E+00  0.00000E+00  0.26889E-02  0.26067E-02  0.24937E-02  0.16912E-03  0.90598E-04 -0.25590E-02      15  0.25256E-02  0.00000E+00  0.00000E+00 -0.20025E-02 -0.67841E-03 -0.79658E-02 -0.20277E-02 -0.32640E-02 -0.75206E-03
        0.5858  0.00000E+00  0.00000E+00  0.00000E+00  0.00000E+00  0.00000E+00  0.00000E+00  0.26905E-02  0.26068E-02  0.24958E-02  0.16913E-03  0.99055E-04 -0.28399E-02      16  0.25257E-02  0.00000E+00  0.00000E+00 -0.19219E-02 -0.77451E-03 -0.81158E-02 -0.24334E-02 -0.35425E-02 -0.92919E-03
        0.6358  0.00000E+00  0.00000E+00  0.00000E+00  0.00000E+00  0.00000E+00  0.00000E+00  0.26938E-02  0.26069E-02  0.24983E-02  0.16913E-03  0.10751E-03 -0.30905E-02      17  0.25257E-02  0.00000E+00  0.00000E+00 -0.17735E-02 -0.86318E-03 -0.79273E-02 -0.28298E-02 -0.37046E-02 -0.11144E-02
        0.6858  0.00000E+00 -0.20699E-04  0.00000E+00 -0.10349E-05  0.00000E+00  0.00000E+00  0.26989E-02  0.26069E-02  0.25138E-02  0.16913E-03  0.11597E-03 -0.32975E-02      18  0.25259E-02  0.00000E+00  0.00000E+00 -0.15693E-02 -0.94165E-03 -0.74383E-02 -0.32017E-02 -0.37470E-02 -0.13018E-02
        0.7358  0.00000E+00 -0.97203E-04  0.00000E+00 -0.58951E-05  0.00000E+00  0.00000E+00  0.27053E-02  0.26068E-02  0.25124E-02  0.16912E-03  0.12442E-03 -0.34673E-02      19  0.25259E-02  0.00000E+00  0.00000E+00 -0.13181E-02 -0.10076E-02 -0.67166E-02 -0.35376E-02 -0.36811E-02 -0.14858E-02
        0.7858  0.00000E+00 -0.21371E-03  0.00000E+00 -0.16581E-04  0.00000E+00  0.00000E+00  0.27138E-02  0.26065E-02  0.25128E-02  0.16911E-03  0.13288E-03 -0.36083E-02      20  0.25259E-02  0.00000E+00  0.00000E+00 -0.99879E-03 -0.10575E-02 -0.57813E-02 -0.38266E-02 -0.35125E-02 -0.16614E-02
        0.8358  0.00000E+00 -0.33899E-03  0.00000E+00 -0.33530E-04  0.00000E+00  0.00000E+00  0.27233E-02  0.26063E-02  0.25128E-02  0.16910E-03  0.14133E-03 -0.36935E-02      21  0.25259E-02  0.00000E+00  0.00000E+00 -0.66661E-03 -0.10908E-02 -0.47476E-02 -0.40640E-02 -0.32006E-02 -0.18215E-02
        0.8858  0.00000E+00 -0.47079E-03  0.00000E+00 -0.57069E-04  0.00000E+00  0.00000E+00  0.27324E-02  0.26064E-02  0.25130E-02  0.16910E-03  0.14979E-03 -0.37213E-02      22  0.25259E-02  0.00000E+00  0.00000E+00 -0.34831E-03 -0.11082E-02 -0.37284E-02 -0.42504E-02 -0.28103E-02 -0.19620E-02
        0.9358  0.00000E+00 -0.60497E-03  0.00000E+00 -0.87318E-04  0.00000E+00  0.00000E+00  0.27404E-02  0.26063E-02  0.25131E-02  0.16910E-03  0.15824E-03 -0.37123E-02      23  0.25259E-02  0.00000E+00  0.00000E+00 -0.88506E-04 -0.11127E-02 -0.28360E-02 -0.43922E-02 -0.23979E-02 -0.20819E-02
        0.9679  0.00000E+00 -0.71471E-03  0.00000E+00 -0.11025E-03  0.00000E+00  0.00000E+00  0.27441E-02  0.26062E-02  0.25131E-02  0.16910E-03  0.16367E-03 -0.36959E-02      24  0.25259E-02  0.00000E+00  0.00000E+00  0.18366E-04 -0.11121E-02 -0.23485E-02 -0.44676E-02 -0.21416E-02 -0.21506E-02
        1.0000  0.00000E+00 -0.79862E-03  0.00000E+00 -0.13587E-03  0.00000E+00  0.00000E+00  0.27464E-02  0.26061E-02  0.25132E-02  0.16909E-03  0.16910E-03 -0.36781E-02      25  0.25259E-02  0.00000E+00  0.00000E+00  0.10825E-03 -0.11086E-02 -0.19708E-02 -0.45308E-02 -0.19082E-02 -0.22118E-02
end
