 ******* Program HYDRUS
 ******* 
 Welcome to HYDRUS-1D                                                    
 Date:  21. 2.2022    Time:  16:12:15
 Units: L = cm   , T = days , M = mmol 

       Time          rTop        rRoot        vTop         vRoot        vBot       sum(rTop)   sum(rRoot)    sum(vTop)   sum(vRoot)    sum(vBot)      hTop         hRoot        hBot        RunOff    sum(RunOff)     Volume     sum(Infil)    sum(Evap) TLevel Cum(WTrans)  SnowLayer
        [T]         [L/T]        [L/T]        [L/T]        [L/T]        [L/T]         [L]          [L]          [L]         [L]           [L]         [L]           [L]         [L]          [L/T]         [L]          [L]          [L]          [L]

       0.0010  0.16601E+00  0.82257E-02  0.16601E+00  0.79846E-02 -0.23210E+01  0.16601E-03  0.82257E-05  0.16601E-03  0.79846E-05 -0.23210E-02 -0.26164E+03 -0.24870E+03  0.41829E+02  0.00000E+00  0.00000E+00  0.98376E+02  0.00000E+00  0.16601E-03      1  0.00000E+00      0.000
       0.0023  0.16601E+00  0.82257E-02  0.16603E+00  0.79846E-02 -0.20664E+01  0.38183E-03  0.18919E-04  0.38185E-03  0.18365E-04 -0.50073E-02 -0.26168E+03 -0.24868E+03  0.41829E+02  0.00000E+00  0.00000E+00  0.98373E+02  0.00000E+00  0.38185E-03      2  0.00000E+00      0.000
       0.0040  0.16601E+00  0.82257E-02  0.16601E+00  0.79847E-02 -0.18251E+01  0.66240E-03  0.32821E-04  0.66239E-03  0.31859E-04 -0.80918E-02 -0.26170E+03 -0.24866E+03  0.41829E+02  0.00000E+00  0.00000E+00  0.98369E+02  0.00000E+00  0.66239E-03      3  0.00000E+00      0.000
       0.0062  0.16601E+00  0.82257E-02  0.16602E+00  0.79847E-02 -0.16532E+01  0.10271E-02  0.50893E-04  0.10271E-02  0.49401E-04 -0.11724E-01 -0.26172E+03 -0.24864E+03  0.41829E+02  0.00000E+00  0.00000E+00  0.98365E+02  0.00000E+00  0.10271E-02      4  0.00000E+00      0.000
       0.0090  0.16601E+00  0.82257E-02  0.16602E+00  0.79848E-02 -0.14988E+01  0.15013E-02  0.74386E-04  0.15013E-02  0.72207E-04 -0.16005E-01 -0.26172E+03 -0.24861E+03  0.41829E+02  0.00000E+00  0.00000E+00  0.98361E+02  0.00000E+00  0.15013E-02      5  0.00000E+00      0.000
       0.0128  0.16601E+00  0.82257E-02  0.16601E+00  0.79849E-02 -0.13673E+01  0.21177E-02  0.10493E-03  0.21177E-02  0.10185E-03 -0.21081E-01 -0.26171E+03 -0.24858E+03  0.41829E+02  0.00000E+00  0.00000E+00  0.98355E+02  0.00000E+00  0.21177E-02      6  0.00000E+00      0.000
       0.0176  0.16601E+00  0.82257E-02  0.16602E+00  0.79850E-02 -0.12469E+01  0.29190E-02  0.14463E-03  0.29190E-02  0.14040E-03 -0.27100E-01 -0.26169E+03 -0.24854E+03  0.41829E+02  0.00000E+00  0.00000E+00  0.98348E+02  0.00000E+00  0.29190E-02      7  0.00000E+00      0.000
       0.0239  0.16601E+00  0.82257E-02  0.16601E+00  0.79851E-02 -0.11365E+01  0.39607E-02  0.19625E-03  0.39608E-02  0.19050E-03 -0.34232E-01 -0.26166E+03 -0.24850E+03  0.41829E+02  0.00000E+00  0.00000E+00  0.98340E+02  0.00000E+00  0.39608E-02      8  0.00000E+00      0.000
       0.0320  0.16601E+00  0.82257E-02  0.16601E+00  0.79852E-02 -0.10343E+01  0.53149E-02  0.26335E-03  0.53150E-02  0.25564E-03 -0.42669E-01 -0.26162E+03 -0.24846E+03  0.41829E+02  0.00000E+00  0.00000E+00  0.98330E+02  0.00000E+00  0.53150E-02      9  0.00000E+00      0.000
       0.0426  0.16601E+00  0.82257E-02  0.16601E+00  0.79854E-02 -0.93989E+00  0.70754E-02  0.35058E-03  0.70754E-02  0.34032E-03 -0.52636E-01 -0.26156E+03 -0.24841E+03  0.41829E+02  0.00000E+00  0.00000E+00  0.98318E+02  0.00000E+00  0.70754E-02     10  0.00000E+00      0.000
       0.0564  0.16601E+00  0.82257E-02  0.16601E+00  0.79855E-02 -0.85257E+00  0.93641E-02  0.46398E-03  0.93641E-02  0.45041E-03 -0.64389E-01 -0.26150E+03 -0.24836E+03  0.41829E+02  0.00000E+00  0.00000E+00  0.98304E+02  0.00000E+00  0.93641E-02     11  0.00000E+00      0.000
       0.0743  0.16601E+00  0.82257E-02  0.16601E+00  0.79857E-02 -0.77145E+00  0.12339E-01  0.61139E-03  0.12339E-01  0.59352E-03 -0.78215E-01 -0.26143E+03 -0.24831E+03  0.41829E+02  0.00000E+00  0.00000E+00  0.98287E+02  0.00000E+00  0.12339E-01     12  0.00000E+00      0.000
       0.0976  0.16601E+00  0.82257E-02  0.16601E+00  0.79858E-02 -0.69584E+00  0.16207E-01  0.80304E-03  0.16207E-01  0.77958E-03 -0.94426E-01 -0.26136E+03 -0.24827E+03  0.41829E+02  0.00000E+00  0.00000E+00  0.98267E+02  0.00000E+00  0.16207E-01     13  0.00000E+00      0.000
       0.1279  0.16601E+00  0.82257E-02  0.16601E+00  0.79859E-02 -0.62477E+00  0.21235E-01  0.10522E-02  0.21235E-01  0.10214E-02 -0.11335E+00 -0.26131E+03 -0.24824E+03  0.41829E+02  0.00000E+00  0.00000E+00  0.98243E+02  0.00000E+00  0.21235E-01     14  0.00000E+00      0.000
       0.1673  0.16601E+00  0.82257E-02  0.16602E+00  0.79858E-02 -0.55729E+00  0.27772E-01  0.13761E-02  0.27772E-01  0.13359E-02 -0.13529E+00 -0.26128E+03 -0.24825E+03  0.41829E+02  0.00000E+00  0.00000E+00  0.98214E+02  0.00000E+00  0.27772E-01     15  0.00000E+00      0.000
       0.2185  0.16601E+00  0.82257E-02  0.16601E+00  0.79857E-02 -0.49258E+00  0.36269E-01  0.17971E-02  0.36269E-01  0.17446E-02 -0.16051E+00 -0.26132E+03 -0.24831E+03  0.41829E+02  0.00000E+00  0.00000E+00  0.98180E+02  0.00000E+00  0.36269E-01     16  0.00000E+00      0.000
       0.2850  0.41512E+00  0.20569E-01  0.41512E+00  0.19953E-01 -0.42952E+00  0.63892E-01  0.31658E-02  0.63892E-01  0.30723E-02 -0.18909E+00 -0.26612E+03 -0.25043E+03  0.41829E+02  0.00000E+00  0.00000E+00  0.98123E+02  0.00000E+00  0.63892E-01     17  0.00000E+00      0.000
       0.3744  0.13399E+01  0.66390E-01  0.13399E+01  0.64126E-01 -0.36480E+00  0.18364E+00  0.90993E-02  0.18364E+00  0.88035E-02 -0.22169E+00 -0.29050E+03 -0.26165E+03  0.41829E+02  0.00000E+00  0.00000E+00  0.97969E+02  0.00000E+00  0.18364E+00     18  0.00000E+00      0.000
       0.4787  0.18852E+01  0.93407E-01  0.18852E+01  0.89540E-01 -0.30678E+00  0.38021E+00  0.18839E-01  0.38021E+00  0.18140E-01 -0.25368E+00 -0.32529E+03 -0.27953E+03  0.41829E+02  0.00000E+00  0.00000E+00  0.97734E+02  0.00000E+00  0.38021E+00     19  0.00000E+00      0.000
       0.6090  0.14734E+01  0.73002E-01  0.14734E+01  0.69517E-01 -0.24621E+00  0.57224E+00  0.28354E-01  0.57224E+00  0.27200E-01 -0.28577E+00 -0.33968E+03 -0.29371E+03  0.41829E+02  0.00000E+00  0.00000E+00  0.97498E+02  0.00000E+00  0.57224E+00     20  0.00000E+00      0.000
       0.8045  0.16601E+00  0.82257E-02  0.16601E+00  0.78693E-02 -0.16602E+00  0.60470E+00  0.29962E-01  0.60469E+00  0.28739E-01 -0.31822E+00 -0.30268E+03 -0.28446E+03  0.41829E+02  0.00000E+00  0.00000E+00  0.97419E+02  0.00000E+00  0.60469E+00     21  0.00000E+00      0.000
       1.0000  0.16601E+00  0.82257E-02  0.16601E+00  0.78937E-02 -0.95387E-01  0.63715E+00  0.31570E-01  0.63715E+00  0.30282E-01 -0.33687E+00 -0.29310E+03 -0.27767E+03  0.41829E+02  0.00000E+00  0.00000E+00  0.97367E+02  0.00000E+00  0.63715E+00     22  0.00000E+00      0.000
end
